Timebounds: 
  Overall timebound: 2 [O(1)]
  1: first->end: 1 [O(1)]
  0: start->first: 1 [O(1)]

Costbounds:
  Overall costbound: 2 [O(1)]
  1: first->end: 1 [O(1)]
  0: start->first: 1 [O(1)]

Sizebounds:
`Lower:
  1: first->end, a: a [O(n)]
  1: first->end, b: b [O(n)]
  1: first->end, c: c [O(n)]
  1: first->end, d: d [O(n)]
  1: first->end, e: e [O(n)]
  1: first->end, f: f [O(n)]
  1: first->end, g: g [O(n)]
  1: first->end, h: h [O(n)]
  1: first->end, i: i [O(n)]
  1: first->end, j: j [O(n)]
  1: first->end, k: k [O(n)]
  1: first->end, l: l [O(n)]
  1: first->end, m: m [O(n)]
  1: first->end, n: n [O(n)]
  1: first->end, o: o [O(n)]
  1: first->end, p: p [O(n)]
  1: first->end, q: q [O(n)]
  1: first->end, r: r [O(n)]
  1: first->end, s: s [O(n)]
  1: first->end, t: t [O(n)]
  0: start->first, a: a [O(n)]
  0: start->first, b: b [O(n)]
  0: start->first, c: c [O(n)]
  0: start->first, d: d [O(n)]
  0: start->first, e: e [O(n)]
  0: start->first, f: f [O(n)]
  0: start->first, g: g [O(n)]
  0: start->first, h: h [O(n)]
  0: start->first, i: i [O(n)]
  0: start->first, j: j [O(n)]
  0: start->first, k: k [O(n)]
  0: start->first, l: l [O(n)]
  0: start->first, m: m [O(n)]
  0: start->first, n: n [O(n)]
  0: start->first, o: o [O(n)]
  0: start->first, p: p [O(n)]
  0: start->first, q: q [O(n)]
  0: start->first, r: r [O(n)]
  0: start->first, s: s [O(n)]
  0: start->first, t: t [O(n)]
`Upper:
  1: first->end, a: a [O(n)]
  1: first->end, b: b [O(n)]
  1: first->end, c: c [O(n)]
  1: first->end, d: d [O(n)]
  1: first->end, e: e [O(n)]
  1: first->end, f: f [O(n)]
  1: first->end, g: g [O(n)]
  1: first->end, h: h [O(n)]
  1: first->end, i: i [O(n)]
  1: first->end, j: j [O(n)]
  1: first->end, k: k [O(n)]
  1: first->end, l: l [O(n)]
  1: first->end, m: m [O(n)]
  1: first->end, n: n [O(n)]
  1: first->end, o: o [O(n)]
  1: first->end, p: p [O(n)]
  1: first->end, q: q [O(n)]
  1: first->end, r: r [O(n)]
  1: first->end, s: s [O(n)]
  1: first->end, t: t [O(n)]
  0: start->first, a: a [O(n)]
  0: start->first, b: b [O(n)]
  0: start->first, c: c [O(n)]
  0: start->first, d: d [O(n)]
  0: start->first, e: e [O(n)]
  0: start->first, f: f [O(n)]
  0: start->first, g: g [O(n)]
  0: start->first, h: h [O(n)]
  0: start->first, i: i [O(n)]
  0: start->first, j: j [O(n)]
  0: start->first, k: k [O(n)]
  0: start->first, l: l [O(n)]
  0: start->first, m: m [O(n)]
  0: start->first, n: n [O(n)]
  0: start->first, o: o [O(n)]
  0: start->first, p: p [O(n)]
  0: start->first, q: q [O(n)]
  0: start->first, r: r [O(n)]
  0: start->first, s: s [O(n)]
  0: start->first, t: t [O(n)]
