Timebounds: 
  Overall timebound: inf [Infinity]
  1: fac->fac: 1 [O(1)]
  2: fac->output: 1 [O(1)]
  0: start->fac: 1 [O(1)]

Costbounds:
  Overall costbound: inf [Infinity]
  1: fac->fac: 1 [O(1)]
  2: fac->output: 1 [O(1)]
  3: output->output: inf [Infinity]
  0: start->fac: 1 [O(1)]

Sizebounds:
`Lower:
  1: fac->fac, acc: 0 [O(1)]
  2: fac->output, z1: 1 [O(1)]
  3: output->output, z1: 1 [O(1)]
  0: start->fac, acc: 0 [O(1)]
  0: start->fac, z1: z1 [O(n)]
  0: start->fac, z2: z2 [O(n)]
`Upper:
  1: fac->fac, acc: 0 [O(1)]
  2: fac->output, z1: 1 [O(1)]
  3: output->output, z1: 1 [O(1)]
  0: start->fac, acc: 0 [O(1)]
  0: start->fac, z1: z1 [O(n)]
  0: start->fac, z2: z2 [O(n)]
