Timebounds: 
  Overall timebound: inf [Infinity]
  2: f2->f3: 1 [O(1)]
  0: start->f2: 1 [O(1)]

Costbounds:
  Overall costbound: inf [Infinity]
  1: f2->f2: inf [Infinity]
  2: f2->f3: 4 [O(1)]
  3: f3->f3: inf [Infinity]
  4: f3->f3: inf [Infinity]
  0: start->f2: 0 [O(1)]

Sizebounds:
`Lower:
  1: f2->f2, env: -max{0, -env} [O(n)]
  0: start->f2, env: env [O(n)]
  0: start->f2, o70': o70' [O(n)]
  0: start->f2, o71': o71' [O(n)]
`Upper:
  1: f2->f2, env: max{0, env} [O(n)]
  2: f2->f3, env: max{0, env} [O(n)]
  3: f3->f3, env: max{0, env} [O(n)]
  4: f3->f3, env: max{0, env} [O(n)]
  0: start->f2, env: env [O(n)]
  0: start->f2, o70': o70' [O(n)]
  0: start->f2, o71': o71' [O(n)]
