Timebounds: 
  Overall timebound: 4 [O(1)]
  1: one->two: 1 [O(1)]
  0: start->one: 1 [O(1)]
  3: three->four: 1 [O(1)]
  2: two->three: 1 [O(1)]

Costbounds:
  Overall costbound: 4 [O(1)]
  1: one->two: 1 [O(1)]
  0: start->one: 1 [O(1)]
  3: three->four: 1 [O(1)]
  2: two->three: 1 [O(1)]

Sizebounds:
`Lower:
  1: one->two, a: a [O(n)]
  0: start->one, a: a [O(n)]
  3: three->four, a: a [O(n)]
  2: two->three, a: a [O(n)]
`Upper:
  1: one->two, a: a [O(n)]
  0: start->one, a: a [O(n)]
  3: three->four, a: a [O(n)]
  2: two->three, a: a [O(n)]
