Timebounds: 
  Overall timebound: inf [Infinity]
  1: a->b: inf [Infinity]
  2: a->f: inf [Infinity]
  3: b->c: inf [Infinity]
  4: b->a: inf [Infinity]
  5: c->d: inf [Infinity]
  6: c->b: inf [Infinity]
  7: d->e: inf [Infinity]
  8: d->c: inf [Infinity]
  9: e->f: inf [Infinity]
  10: e->d: inf [Infinity]
  11: f->a: inf [Infinity]
  12: f->e: inf [Infinity]
  0: start->a: 1 [O(1)]

Costbounds:
  Overall costbound: inf [Infinity]
  1: a->b: inf [Infinity]
  2: a->f: inf [Infinity]
  3: b->c: inf [Infinity]
  4: b->a: inf [Infinity]
  5: c->d: inf [Infinity]
  6: c->b: inf [Infinity]
  7: d->e: inf [Infinity]
  8: d->c: inf [Infinity]
  9: e->f: inf [Infinity]
  10: e->d: inf [Infinity]
  11: f->a: inf [Infinity]
  12: f->e: inf [Infinity]
  0: start->a: 1 [O(1)]

Sizebounds:
`Lower:
  0: start->a, a: a [O(n)]
  0: start->a, b: b [O(n)]
`Upper:
  1: a->b, a: a [O(n)]
  1: a->b, b: b [O(n)]
  2: a->f, a: a [O(n)]
  2: a->f, b: b [O(n)]
  3: b->c, a: a [O(n)]
  3: b->c, b: b [O(n)]
  4: b->a, a: a [O(n)]
  4: b->a, b: b [O(n)]
  5: c->d, a: a [O(n)]
  5: c->d, b: b [O(n)]
  6: c->b, a: a [O(n)]
  6: c->b, b: b [O(n)]
  7: d->e, a: a [O(n)]
  7: d->e, b: b [O(n)]
  8: d->c, a: a [O(n)]
  8: d->c, b: b [O(n)]
  9: e->f, a: a [O(n)]
  9: e->f, b: b [O(n)]
  10: e->d, a: a [O(n)]
  10: e->d, b: b [O(n)]
  11: f->a, a: a [O(n)]
  11: f->a, b: b [O(n)]
  12: f->e, a: a [O(n)]
  12: f->e, b: b [O(n)]
  0: start->a, a: a [O(n)]
  0: start->a, b: b [O(n)]
