Timebounds: 
  Overall timebound: 1+max{0, n}+max{1, 1+n-x} [O(n)]
  1: f->f: max{0, n-x} [O(n)]
  2: f->g: 1 [O(1)]
  3: g->g: max{0, n} [O(n)]
  0: start->f: 1 [O(1)]

Costbounds:
  Overall costbound: 1+max{0, n}+max{1, 1+n-x} [O(n)]
  1: f->f: max{0, n-x} [O(n)]
  2: f->g: 1 [O(1)]
  3: g->g: max{0, n} [O(n)]
  0: start->f: 1 [O(1)]

Sizebounds:
`Lower:
  1: f->f, n: n [O(n)]
  1: f->f, x: x [O(n)]
  2: f->g, n: n [O(n)]
  2: f->g, x: x [O(n)]
  3: g->g, n: 0 [O(1)]
  3: g->g, x: 1 [O(1)]
  0: start->f, n: n [O(n)]
  0: start->f, x: x [O(n)]
`Upper:
  1: f->f, n: n [O(n)]
  1: f->f, x: x+max{0, n-x} [O(n)]
  2: f->g, n: n [O(n)]
  2: f->g, x: max{x, x+max{0, n-x}} [O(n)]
  3: g->g, n: n [O(n)]
  3: g->g, x: max{x, x+max{0, n-x}} [O(n)]
  0: start->f, n: n [O(n)]
  0: start->f, x: x [O(n)]
