Timebounds: 
  Overall timebound: 1+max{0, y}+max{1, 1+x} [O(n)]
  1: f->f: max{0, x} [O(n)]
  2: f->g: 1 [O(1)]
  3: g->g: max{0, y} [O(n)]
  0: start->f: 1 [O(1)]

Costbounds:
  Overall costbound: 1+max{0, y}+max{1, 1+x} [O(n)]
  1: f->f: max{0, x} [O(n)]
  2: f->g: 1 [O(1)]
  3: g->g: max{0, y} [O(n)]
  0: start->f: 1 [O(1)]

Sizebounds:
`Lower:
  1: f->f, x: -max{0, -x} [O(n)]
  1: f->f, y: -max{0, -y} [O(n)]
  2: f->g, x: -max{0, -x} [O(n)]
  2: f->g, y: -max{0, -y} [O(n)]
  3: g->g, y: -max{0, -y} [O(n)]
  0: start->f, x: x [O(n)]
  0: start->f, y: y [O(n)]
`Upper:
  1: f->f, x: max{0, x} [O(n)]
  1: f->f, y: max{0, y} [O(n)]
  2: f->g, x: 0 [O(1)]
  2: f->g, y: max{0, y} [O(n)]
  3: g->g, x: 0 [O(1)]
  3: g->g, y: max{0, y} [O(n)]
  0: start->f, x: x [O(n)]
  0: start->f, y: y [O(n)]
