Timebounds: 
  Overall timebound: 1+max{0, x, (max{0, y, max{y, x}}+max{0, y*y})*max{1, 2^(y)}}+max{1, 1+y} [O(2^n)]
  1: f->f: max{0, y} [O(n)]
  2: f->g: 1 [O(1)]
  3: g->g: max{0, x, (max{0, y, max{y, x}}+max{0, y*y})*max{1, 2^(y)}} [O(2^n)]
  0: start->f: 1 [O(1)]

Costbounds:
  Overall costbound: 1+max{0, x, (max{0, y, max{y, x}}+max{0, y*y})*max{1, 2^(y)}}+max{1, 1+y} [O(2^n)]
  1: f->f: max{0, y} [O(n)]
  2: f->g: 1 [O(1)]
  3: g->g: max{0, x, (max{0, y, max{y, x}}+max{0, y*y})*max{1, 2^(y)}} [O(2^n)]
  0: start->f: 1 [O(1)]

Sizebounds:
`Lower:
  1: f->f, x: -max{-y, -y, -x} [O(n)]
  1: f->f, y: y [O(n)]
  2: f->g, x: -max{-x, -y, max{-y, -x}} [O(n)]
  2: f->g, y: y [O(n)]
  3: g->g, x: -max{-x, -y, max{-y, -x}} [O(n)]
  3: g->g, y: -inf [Infinity]
  0: start->f, x: x [O(n)]
  0: start->f, y: y [O(n)]
`Upper:
  1: f->f, x: (max{0, y, max{y, x}}+max{0, y*y})*max{1, 2^(y)} [O(2^n)]
  1: f->f, y: y [O(n)]
  2: f->g, x: max{x, (max{0, y, max{y, x}}+max{0, y*y})*max{1, 2^(y)}} [O(2^n)]
  2: f->g, y: 0 [O(1)]
  3: g->g, x: max{x, (max{0, y, max{y, x}}+max{0, y*y})*max{1, 2^(y)}} [O(2^n)]
  3: g->g, y: 0 [O(1)]
  0: start->f, x: x [O(n)]
  0: start->f, y: y [O(n)]
