Timebounds: 
  Overall timebound: max{1, 1+n-j} [O(n)]
  1: bb2->bb2: max{0, n-j} [O(n)]
  0: start->bb2: 1 [O(1)]

Costbounds:
  Overall costbound: max{1, 1+n-j} [O(n)]
  1: bb2->bb2: max{0, n-j} [O(n)]
  0: start->bb2: 1 [O(1)]

Sizebounds:
`Lower:
  1: bb2->bb2, i: i [O(n)]
  1: bb2->bb2, j: j [O(n)]
  1: bb2->bb2, n: 0 [O(1)]
  0: start->bb2, i: i [O(n)]
  0: start->bb2, j: j [O(n)]
  0: start->bb2, n: n [O(n)]
`Upper:
  1: bb2->bb2, i: i [O(n)]
  1: bb2->bb2, j: j+max{0, n-j} [O(n)]
  1: bb2->bb2, n: n [O(n)]
  0: start->bb2, i: i [O(n)]
  0: start->bb2, j: j [O(n)]
  0: start->bb2, n: n [O(n)]
