Timebounds: 
  Overall timebound: 1+max{0, n-i}+max{0, n*(n-i)}+max{0, n-i} [O(n^2)]
  2: bb2->bb2: max{0, n*(n-i)} [O(n^2)]
  3: bb2->bb4: max{0, n-i} [O(n)]
  1: bb4->bb2: max{0, n-i} [O(n)]
  0: start->bb4: 1 [O(1)]

Costbounds:
  Overall costbound: 1+max{0, n-i}+max{0, n*(n-i)}+max{0, n-i} [O(n^2)]
  2: bb2->bb2: max{0, n*(n-i)} [O(n^2)]
  3: bb2->bb4: max{0, n-i} [O(n)]
  1: bb4->bb2: max{0, n-i} [O(n)]
  0: start->bb4: 1 [O(1)]

Sizebounds:
`Lower:
  2: bb2->bb2, i: i [O(n)]
  2: bb2->bb2, j: 1 [O(1)]
  2: bb2->bb2, n: 1 [O(1)]
  3: bb2->bb4, i: i [O(n)]
  3: bb2->bb4, j: 0 [O(1)]
  3: bb2->bb4, n: 0 [O(1)]
  1: bb4->bb2, i: i [O(n)]
  1: bb4->bb2, j: 0 [O(1)]
  1: bb4->bb2, n: 0 [O(1)]
  0: start->bb4, i: i [O(n)]
  0: start->bb4, j: j [O(n)]
  0: start->bb4, n: n [O(n)]
`Upper:
  2: bb2->bb2, i: i+max{0, n-i} [O(n)]
  2: bb2->bb2, j: max{0, n*(n-i)} [O(n^2)]
  2: bb2->bb2, n: n [O(n)]
  3: bb2->bb4, i: i+max{0, n-i} [O(n)]
  3: bb2->bb4, j: max{0, n*(n-i)} [O(n^2)]
  3: bb2->bb4, n: n [O(n)]
  1: bb4->bb2, i: i+max{0, n-i} [O(n)]
  1: bb4->bb2, j: 0 [O(1)]
  1: bb4->bb2, n: n [O(n)]
  0: start->bb4, i: i [O(n)]
  0: start->bb4, j: j [O(n)]
  0: start->bb4, n: n [O(n)]
