Timebounds: 
  Overall timebound: 1+2*max{0, i}+max{0, i*max{1, 1+n}}+max{0, 1+n} [O(n^2)]
  2: bb2->bb2: max{0, i*max{1, 1+n}}+max{0, 1+n} [O(n^2)]
  3: bb2->bb4: max{0, i} [O(n)]
  1: bb4->bb2: max{0, i} [O(n)]
  0: start->bb4: 1 [O(1)]

Costbounds:
  Overall costbound: 1+max{0, i}+max{0, 1+i}+max{0, i*max{1, 1+n}}+max{0, 1+n} [O(n^2)]
  2: bb2->bb2: max{0, i*max{1, 1+n}}+max{0, 1+n} [O(n^2)]
  3: bb2->bb4: max{0, 1+i} [O(n)]
  1: bb4->bb2: max{0, i} [O(n)]
  0: start->bb4: 1 [O(1)]

Sizebounds:
`Lower:
  2: bb2->bb2, i: -max{0, -i} [O(n)]
  2: bb2->bb2, j: 0 [O(1)]
  2: bb2->bb2, n: -max{0, -n} [O(n)]
  3: bb2->bb4, i: -max{0, -i} [O(n)]
  3: bb2->bb4, j: 0 [O(1)]
  3: bb2->bb4, n: -max{0, -n} [O(n)]
  1: bb4->bb2, i: -max{0, -i} [O(n)]
  1: bb4->bb2, j: 0 [O(1)]
  1: bb4->bb2, n: -max{0, -n} [O(n)]
  0: start->bb4, i: i [O(n)]
  0: start->bb4, j: j [O(n)]
  0: start->bb4, n: n [O(n)]
`Upper:
  2: bb2->bb2, i: max{0, i} [O(n)]
  2: bb2->bb2, j: max{0, n} [O(n)]
  2: bb2->bb2, n: max{0, n} [O(n)]
  3: bb2->bb4, i: max{0, i} [O(n)]
  3: bb2->bb4, j: 0 [O(1)]
  3: bb2->bb4, n: max{0, n} [O(n)]
  1: bb4->bb2, i: max{0, i} [O(n)]
  1: bb4->bb2, j: max{0, n} [O(n)]
  1: bb4->bb2, n: max{0, n} [O(n)]
  0: start->bb4, i: i [O(n)]
  0: start->bb4, j: j [O(n)]
  0: start->bb4, n: n [O(n)]
