Timebounds: 
  Overall timebound: 1+max{0, x}+max{0, 1+x}+max{0, x*max{2*-max{0, -x}, 2*max{0, x}}}+max{0, 2*x} [O(n^2)]
  1: f->g: max{0, 1+x} [O(n)]
  2: g->g: max{0, x*max{2*-max{0, -x}, 2*max{0, x}}}+max{0, 2*x} [O(n^2)]
  3: g->f: max{0, x} [O(n)]
  0: start->f: 1 [O(1)]

Costbounds:
  Overall costbound: 1+max{0, x}+max{0, 1+x}+max{0, x*max{2*-max{0, -x}, 2*max{0, x}}}+max{0, 2*x} [O(n^2)]
  1: f->g: max{0, 1+x} [O(n)]
  2: g->g: max{0, x*max{2*-max{0, -x}, 2*max{0, x}}}+max{0, 2*x} [O(n^2)]
  3: g->f: max{0, x} [O(n)]
  0: start->f: 1 [O(1)]

Sizebounds:
`Lower:
  1: f->g, x: -max{0, -x} [O(n)]
  1: f->g, y: 1 [O(1)]
  2: g->g, x: -max{0, -x} [O(n)]
  2: g->g, y: -1 [O(1)]
  3: g->f, x: -max{0, -x} [O(n)]
  3: g->f, y: -1 [O(1)]
  0: start->f, x: x [O(n)]
  0: start->f, y: y [O(n)]
`Upper:
  1: f->g, x: max{0, x} [O(n)]
  1: f->g, y: max{0, x} [O(n)]
  2: g->g, x: max{0, x} [O(n)]
  2: g->g, y: max{-1, -1+x} [O(n)]
  3: g->f, x: max{0, x} [O(n)]
  3: g->f, y: -1 [O(1)]
  0: start->f, x: x [O(n)]
  0: start->f, y: y [O(n)]
