Timebounds: 
  Overall timebound: max{1, 2^(x)}+max{2, 2+x} [O(2^n)]
  0: f->g: 1 [O(1)]
  1: g->g: max{0, x} [O(n)]
  2: g->h: 1 [O(1)]
  3: h->h: max{1, 2^(x)} [O(2^n)]

Costbounds:
  Overall costbound: max{1, 2^(x)}+max{2, 2+x} [O(2^n)]
  0: f->g: 1 [O(1)]
  1: g->g: max{0, x} [O(n)]
  2: g->h: 1 [O(1)]
  3: h->h: max{1, 2^(x)} [O(2^n)]

Sizebounds:
`Lower:
  0: f->g, x: x [O(n)]
  0: f->g, y: 1 [O(1)]
  1: g->g, x: 0 [O(1)]
  1: g->g, y: 2 [O(1)]
  2: g->h, x: -max{0, -x} [O(n)]
  2: g->h, y: 1 [O(1)]
  3: h->h, x: -max{0, -x} [O(n)]
  3: h->h, y: 0 [O(1)]
`Upper:
  0: f->g, x: x [O(n)]
  0: f->g, y: 1 [O(1)]
  1: g->g, x: x [O(n)]
  1: g->g, y: max{1, 2^(x)} [O(2^n)]
  2: g->h, x: 0 [O(1)]
  2: g->h, y: max{1, 2^(x)} [O(2^n)]
  3: h->h, x: 0 [O(1)]
  3: h->h, y: max{1, 2^(x)} [O(2^n)]
