Timebounds: 
  Overall timebound: 1+max{1, (max{1, x}+max{0, x*max{1, 1+x}})*max{1, 2^(x)}}+max{2, 2+x}+max{1, (max{1, (max{1, x}+max{0, x*max{1, 1+x}})*max{1, 2^(x)}}*max{1, (max{1, x}+max{0, x*max{1, 1+x}})*max{1, 2^(x)}}+max{1, (max{1, x}+max{0, x*max{1, 1+x}})*max{1, 2^(x)}})*max{2, 2^((max{1, x}+max{0, x*max{1, 1+x}})*max{1, 2^(x)})}} [O(2^O(2^n))]
  0: f->g: 1 [O(1)]
  1: g->g: max{0, x} [O(n)]
  2: g->h: 1 [O(1)]
  3: h->h: max{1, (max{1, x}+max{0, x*max{1, 1+x}})*max{1, 2^(x)}} [O(2^n)]
  4: h->i: 1 [O(1)]
  5: i->i: max{1, (max{1, (max{1, x}+max{0, x*max{1, 1+x}})*max{1, 2^(x)}}*max{1, (max{1, x}+max{0, x*max{1, 1+x}})*max{1, 2^(x)}}+max{1, (max{1, x}+max{0, x*max{1, 1+x}})*max{1, 2^(x)}})*max{2, 2^((max{1, x}+max{0, x*max{1, 1+x}})*max{1, 2^(x)})}} [O(2^O(2^n))]

Costbounds:
  Overall costbound: 1+max{1, (max{1, x}+max{0, x*max{1, 1+x}})*max{1, 2^(x)}}+max{2, 2+x}+max{1, (max{1, (max{1, x}+max{0, x*max{1, 1+x}})*max{1, 2^(x)}}*max{1, (max{1, x}+max{0, x*max{1, 1+x}})*max{1, 2^(x)}}+max{1, (max{1, x}+max{0, x*max{1, 1+x}})*max{1, 2^(x)}})*max{2, 2^((max{1, x}+max{0, x*max{1, 1+x}})*max{1, 2^(x)})}} [O(2^O(2^n))]
  0: f->g: 1 [O(1)]
  1: g->g: max{0, x} [O(n)]
  2: g->h: 1 [O(1)]
  3: h->h: max{1, (max{1, x}+max{0, x*max{1, 1+x}})*max{1, 2^(x)}} [O(2^n)]
  4: h->i: 1 [O(1)]
  5: i->i: max{1, (max{1, (max{1, x}+max{0, x*max{1, 1+x}})*max{1, 2^(x)}}*max{1, (max{1, x}+max{0, x*max{1, 1+x}})*max{1, 2^(x)}}+max{1, (max{1, x}+max{0, x*max{1, 1+x}})*max{1, 2^(x)}})*max{2, 2^((max{1, x}+max{0, x*max{1, 1+x}})*max{1, 2^(x)})}} [O(2^O(2^n))]

Sizebounds:
`Lower:
  0: f->g, x: x [O(n)]
  0: f->g, y: 1 [O(1)]
  0: f->g, z: 1 [O(1)]
  1: g->g, x: -max{0, -x} [O(n)]
  1: g->g, y: -max{0, -1, -x} [O(n)]
  1: g->g, z: 1 [O(1)]
  2: g->h, x: -max{0, -x} [O(n)]
  2: g->h, y: 1 [O(1)]
  2: g->h, z: 1 [O(1)]
  3: h->h, y: 0 [O(1)]
  3: h->h, z: 0 [O(1)]
  4: h->i, y: 0 [O(1)]
  4: h->i, z: 2 [O(1)]
  5: i->i, z: 0 [O(1)]
`Upper:
  0: f->g, x: x [O(n)]
  0: f->g, y: 1 [O(1)]
  0: f->g, z: 1 [O(1)]
  1: g->g, x: max{0, x} [O(n)]
  1: g->g, y: (max{1, x}+max{0, x*max{1, 1+x}})*max{1, 2^(x)} [O(2^n)]
  1: g->g, z: 1 [O(1)]
  2: g->h, x: 0 [O(1)]
  2: g->h, y: max{1, (max{1, x}+max{0, x*max{1, 1+x}})*max{1, 2^(x)}} [O(2^n)]
  2: g->h, z: 1 [O(1)]
  3: h->h, x: 0 [O(1)]
  3: h->h, y: max{1, (max{1, x}+max{0, x*max{1, 1+x}})*max{1, 2^(x)}} [O(2^n)]
  3: h->h, z: (max{1, (max{1, x}+max{0, x*max{1, 1+x}})*max{1, 2^(x)}}*max{1, (max{1, x}+max{0, x*max{1, 1+x}})*max{1, 2^(x)}}+max{1, (max{1, x}+max{0, x*max{1, 1+x}})*max{1, 2^(x)}})*max{2, 2^((max{1, x}+max{0, x*max{1, 1+x}})*max{1, 2^(x)})} [O(2^O(2^n))]
  4: h->i, x: 0 [O(1)]
  4: h->i, y: 0 [O(1)]
  4: h->i, z: max{1, (max{1, (max{1, x}+max{0, x*max{1, 1+x}})*max{1, 2^(x)}}*max{1, (max{1, x}+max{0, x*max{1, 1+x}})*max{1, 2^(x)}}+max{1, (max{1, x}+max{0, x*max{1, 1+x}})*max{1, 2^(x)}})*max{2, 2^((max{1, x}+max{0, x*max{1, 1+x}})*max{1, 2^(x)})}} [O(2^O(2^n))]
  5: i->i, x: 0 [O(1)]
  5: i->i, y: 0 [O(1)]
  5: i->i, z: max{1, (max{1, (max{1, x}+max{0, x*max{1, 1+x}})*max{1, 2^(x)}}*max{1, (max{1, x}+max{0, x*max{1, 1+x}})*max{1, 2^(x)}}+max{1, (max{1, x}+max{0, x*max{1, 1+x}})*max{1, 2^(x)}})*max{2, 2^((max{1, x}+max{0, x*max{1, 1+x}})*max{1, 2^(x)})}} [O(2^O(2^n))]
