Timebounds: 
  Overall timebound: max{0, x}+max{1, 2+x}+max{0, x}+max{0, x*x} [O(n^2)]
  0: l0->l1: 1 [O(1)]
  1: l1->l2: max{0, 1+x} [O(n)]
  2: l2->l2: max{0, x}+max{0, x*x} [O(n^2)]
  3: l2->l1: max{0, x} [O(n)]

Costbounds:
  Overall costbound: max{0, x}+max{1, 2+x}+max{0, x}+max{0, x*x} [O(n^2)]
  0: l0->l1: 1 [O(1)]
  1: l1->l2: max{0, 1+x} [O(n)]
  2: l2->l2: max{0, x}+max{0, x*x} [O(n^2)]
  3: l2->l1: max{0, x} [O(n)]

Sizebounds:
`Lower:
  0: l0->l1, i: i [O(n)]
  0: l0->l1, r: 0 [O(1)]
  0: l0->l1, s: s [O(n)]
  0: l0->l1, x: x [O(n)]
  1: l1->l2, i: 0 [O(1)]
  1: l1->l2, r: 0 [O(1)]
  1: l1->l2, s: 0 [O(1)]
  1: l1->l2, x: 1 [O(1)]
  2: l2->l2, i: 1 [O(1)]
  2: l2->l2, r: 0 [O(1)]
  2: l2->l2, s: 0 [O(1)]
  2: l2->l2, x: 1 [O(1)]
  3: l2->l1, i: 1 [O(1)]
  3: l2->l1, r: 0 [O(1)]
  3: l2->l1, s: 0 [O(1)]
  3: l2->l1, x: 0 [O(1)]
`Upper:
  0: l0->l1, i: i [O(n)]
  0: l0->l1, r: 0 [O(1)]
  0: l0->l1, s: s [O(n)]
  0: l0->l1, x: x [O(n)]
  1: l1->l2, i: 0 [O(1)]
  1: l1->l2, r: max{0, (max{0, x}+max{0, x*x})*max{0, max{0, x}+max{0, x*x}}+max{0, max{0, x}+max{0, x*x}}}+max{0, x*((max{0, x}+max{0, x*x})*max{0, max{0, x}+max{0, x*x}}+max{0, max{0, x}+max{0, x*x}})} [O(n^5)]
  1: l1->l2, s: 0 [O(1)]
  1: l1->l2, x: x [O(n)]
  2: l2->l2, i: max{0, x}+max{0, x*x} [O(n^2)]
  2: l2->l2, r: max{0, (max{0, x}+max{0, x*x})*max{0, max{0, x}+max{0, x*x}}+max{0, max{0, x}+max{0, x*x}}}+max{0, x*((max{0, x}+max{0, x*x})*max{0, max{0, x}+max{0, x*x}}+max{0, max{0, x}+max{0, x*x}})} [O(n^5)]
  2: l2->l2, s: (max{0, x}+max{0, x*x})*max{0, max{0, x}+max{0, x*x}}+max{0, max{0, x}+max{0, x*x}} [O(n^4)]
  2: l2->l2, x: x [O(n)]
  3: l2->l1, i: max{0, max{0, x}+max{0, x*x}} [O(n^2)]
  3: l2->l1, r: max{0, (max{0, x}+max{0, x*x})*max{0, max{0, x}+max{0, x*x}}+max{0, max{0, x}+max{0, x*x}}}+max{0, x*((max{0, x}+max{0, x*x})*max{0, max{0, x}+max{0, x*x}}+max{0, max{0, x}+max{0, x*x}})} [O(n^5)]
  3: l2->l1, s: max{0, (max{0, x}+max{0, x*x})*max{0, max{0, x}+max{0, x*x}}+max{0, max{0, x}+max{0, x*x}}} [O(n^4)]
  3: l2->l1, x: x [O(n)]
