Timebounds: 
  Overall timebound: inf [Infinity]
  0: l0->l1: 1 [O(1)]
  1: l1->l2: max{0, 1+x} [O(n)]
  4: l1->l3: 1 [O(1)]
  2: l2->l2: inf [Infinity]
  3: l2->l1: max{0, x} [O(n)]
  5: l3->l3: inf [Infinity]

Costbounds:
  Overall costbound: inf [Infinity]
  0: l0->l1: 1 [O(1)]
  1: l1->l2: max{0, 1+x} [O(n)]
  4: l1->l3: 1 [O(1)]
  2: l2->l2: inf [Infinity]
  3: l2->l1: max{0, x} [O(n)]
  5: l3->l3: inf [Infinity]

Sizebounds:
`Lower:
  0: l0->l1, i: i [O(n)]
  0: l0->l1, r: 0 [O(1)]
  0: l0->l1, s: s [O(n)]
  0: l0->l1, x: x [O(n)]
  1: l1->l2, i: 0 [O(1)]
  1: l1->l2, r: 0 [O(1)]
  1: l1->l2, s: 0 [O(1)]
  1: l1->l2, x: 1 [O(1)]
  4: l1->l3, i: -max{-1, -i} [O(n)]
  4: l1->l3, r: 0 [O(1)]
  4: l1->l3, s: -max{0, -s} [O(n)]
  4: l1->l3, x: -max{0, -x} [O(n)]
  2: l2->l2, i: 0 [O(1)]
  2: l2->l2, r: 0 [O(1)]
  2: l2->l2, s: 0 [O(1)]
  2: l2->l2, x: 1 [O(1)]
  3: l2->l1, i: 1 [O(1)]
  3: l2->l1, r: 0 [O(1)]
  3: l2->l1, s: 0 [O(1)]
  3: l2->l1, x: 0 [O(1)]
  5: l3->l3, i: -max{-1, -i} [O(n)]
  5: l3->l3, r: 0 [O(1)]
  5: l3->l3, s: -max{0, -s} [O(n)]
  5: l3->l3, x: -inf [Infinity]
`Upper:
  0: l0->l1, i: i [O(n)]
  0: l0->l1, r: 0 [O(1)]
  0: l0->l1, s: s [O(n)]
  0: l0->l1, x: x [O(n)]
  1: l1->l2, i: 0 [O(1)]
  1: l1->l2, r: inf [Infinity]
  1: l1->l2, s: 0 [O(1)]
  1: l1->l2, x: inf [Infinity]
  4: l1->l3, i: inf [Infinity]
  4: l1->l3, r: inf [Infinity]
  4: l1->l3, s: inf [Infinity]
  4: l1->l3, x: 0 [O(1)]
  2: l2->l2, i: inf [Infinity]
  2: l2->l2, r: inf [Infinity]
  2: l2->l2, s: inf [Infinity]
  2: l2->l2, x: inf [Infinity]
  3: l2->l1, i: inf [Infinity]
  3: l2->l1, r: inf [Infinity]
  3: l2->l1, s: inf [Infinity]
  3: l2->l1, x: inf [Infinity]
  5: l3->l3, i: inf [Infinity]
  5: l3->l3, r: inf [Infinity]
  5: l3->l3, s: inf [Infinity]
  5: l3->l3, x: 0 [O(1)]
