Timebounds: 
  Overall timebound: inf [Infinity]
  0: eval->eval: max{0, A} [O(n)]
  2: start->eval: 1 [O(1)]

Costbounds:
  Overall costbound: inf [Infinity]
  0: eval->eval: max{0, A} [O(n)]
  1: eval->eval: inf [Infinity]
  2: start->eval: 1 [O(1)]

Sizebounds:
`Lower:
  0: eval->eval, A: -max{0, -A} [O(n)]
  1: eval->eval, A: -max{0, -A} [O(n)]
  2: start->eval, A: A [O(n)]
  2: start->eval, B: B [O(n)]
`Upper:
  0: eval->eval, A: max{0, A} [O(n)]
  1: eval->eval, A: max{0, A} [O(n)]
  2: start->eval, A: A [O(n)]
  2: start->eval, B: B [O(n)]
