Timebounds: 
  Overall timebound: 5+2*2*max{0, 1+B-C}+max{0, 1+-3*C+3*B}+max{0, 1+B-C} [O(n)]
  6: evalaaron2bb3in->evalaaron2bb4in: max{0, 1+B-C} [O(n)]
  7: evalaaron2bb3in->evalaaron2bb4in: max{0, 1+B-C} [O(n)]
  8: evalaaron2bb3in->evalaaron2bb5in: max{0, 1+B-C} [O(n)]
  9: evalaaron2bb4in->evalaaron2bb6in: max{0, 1+B-C} [O(n)]
  10: evalaaron2bb5in->evalaaron2bb6in: max{0, 1+B-C} [O(n)]
  3: evalaaron2bb6in->evalaaron2returnin: 1 [O(1)]
  5: evalaaron2bb6in->evalaaron2bb3in: max{0, 1+-3*C+3*B} [O(n)]
  1: evalaaron2entryin->evalaaron2bb6in: 1 [O(1)]
  2: evalaaron2entryin->evalaaron2returnin: 1 [O(1)]
  11: evalaaron2returnin->evalaaron2stop: 1 [O(1)]
  0: evalaaron2start->evalaaron2entryin: 1 [O(1)]

Costbounds:
  Overall costbound: 5+2*2*max{0, 1+B-C}+max{0, 1+-3*C+3*B}+max{0, 1+B-C} [O(n)]
  6: evalaaron2bb3in->evalaaron2bb4in: max{0, 1+B-C} [O(n)]
  7: evalaaron2bb3in->evalaaron2bb4in: max{0, 1+B-C} [O(n)]
  8: evalaaron2bb3in->evalaaron2bb5in: max{0, 1+B-C} [O(n)]
  9: evalaaron2bb4in->evalaaron2bb6in: max{0, 1+B-C} [O(n)]
  10: evalaaron2bb5in->evalaaron2bb6in: max{0, 1+B-C} [O(n)]
  3: evalaaron2bb6in->evalaaron2returnin: 1 [O(1)]
  5: evalaaron2bb6in->evalaaron2bb3in: max{0, 1+-3*C+3*B} [O(n)]
  1: evalaaron2entryin->evalaaron2bb6in: 1 [O(1)]
  2: evalaaron2entryin->evalaaron2returnin: 1 [O(1)]
  11: evalaaron2returnin->evalaaron2stop: 1 [O(1)]
  0: evalaaron2start->evalaaron2entryin: 1 [O(1)]

Sizebounds:
`Lower:
  6: evalaaron2bb3in->evalaaron2bb4in, A: 0 [O(1)]
  6: evalaaron2bb3in->evalaaron2bb4in, B: -max{0, -C} [O(n)]
  6: evalaaron2bb3in->evalaaron2bb4in, C: B-max{0, 1+B-C} [O(n)]
  6: evalaaron2bb3in->evalaaron2bb4in, D: -inf [Infinity]
  7: evalaaron2bb3in->evalaaron2bb4in, A: 0 [O(1)]
  7: evalaaron2bb3in->evalaaron2bb4in, B: -max{0, -C} [O(n)]
  7: evalaaron2bb3in->evalaaron2bb4in, C: B-max{0, 1+B-C} [O(n)]
  7: evalaaron2bb3in->evalaaron2bb4in, D: -inf [Infinity]
  8: evalaaron2bb3in->evalaaron2bb5in, A: 0 [O(1)]
  8: evalaaron2bb3in->evalaaron2bb5in, B: -max{0, -C} [O(n)]
  8: evalaaron2bb3in->evalaaron2bb5in, C: B-max{0, 1+B-C} [O(n)]
  8: evalaaron2bb3in->evalaaron2bb5in, D: -inf [Infinity]
  9: evalaaron2bb4in->evalaaron2bb6in, A: 0 [O(1)]
  9: evalaaron2bb4in->evalaaron2bb6in, B: -max{0, -C} [O(n)]
  9: evalaaron2bb4in->evalaaron2bb6in, C: B-max{0, 1+B-C} [O(n)]
  9: evalaaron2bb4in->evalaaron2bb6in, D: -inf [Infinity]
  10: evalaaron2bb5in->evalaaron2bb6in, A: 0 [O(1)]
  10: evalaaron2bb5in->evalaaron2bb6in, B: -max{0, -C} [O(n)]
  10: evalaaron2bb5in->evalaaron2bb6in, C: B-max{0, 1+B-C} [O(n)]
  10: evalaaron2bb5in->evalaaron2bb6in, D: -inf [Infinity]
  3: evalaaron2bb6in->evalaaron2returnin, A: 0 [O(1)]
  3: evalaaron2bb6in->evalaaron2returnin, B: -max{0, -C} [O(n)]
  3: evalaaron2bb6in->evalaaron2returnin, C: -max{-B, -B+max{0, 1+B-C}} [O(n)]
  3: evalaaron2bb6in->evalaaron2returnin, D: -inf [Infinity]
  5: evalaaron2bb6in->evalaaron2bb3in, A: 0 [O(1)]
  5: evalaaron2bb6in->evalaaron2bb3in, B: -max{0, -C} [O(n)]
  5: evalaaron2bb6in->evalaaron2bb3in, C: B-max{0, 1+B-C} [O(n)]
  5: evalaaron2bb6in->evalaaron2bb3in, D: -inf [Infinity]
  1: evalaaron2entryin->evalaaron2bb6in, A: 0 [O(1)]
  1: evalaaron2entryin->evalaaron2bb6in, B: C [O(n)]
  1: evalaaron2entryin->evalaaron2bb6in, C: B [O(n)]
  1: evalaaron2entryin->evalaaron2bb6in, D: -inf [Infinity]
  2: evalaaron2entryin->evalaaron2returnin, A: A [O(n)]
  2: evalaaron2entryin->evalaaron2returnin, B: B [O(n)]
  2: evalaaron2entryin->evalaaron2returnin, C: C [O(n)]
  2: evalaaron2entryin->evalaaron2returnin, D: -inf [Infinity]
  11: evalaaron2returnin->evalaaron2stop, A: -max{0, -A} [O(n)]
  11: evalaaron2returnin->evalaaron2stop, B: -max{0, -B, -C} [O(n)]
  11: evalaaron2returnin->evalaaron2stop, C: -max{-C, -B, -B+max{0, 1+B-C}} [O(n)]
  11: evalaaron2returnin->evalaaron2stop, D: -inf [Infinity]
  0: evalaaron2start->evalaaron2entryin, A: A [O(n)]
  0: evalaaron2start->evalaaron2entryin, B: B [O(n)]
  0: evalaaron2start->evalaaron2entryin, C: C [O(n)]
  0: evalaaron2start->evalaaron2entryin, D: -inf [Infinity]
`Upper:
  6: evalaaron2bb3in->evalaaron2bb4in, A: A [O(n)]
  6: evalaaron2bb3in->evalaaron2bb4in, B: max{C, A}+max{0, (1+B-C)*max{1, 1+A}} [O(n^2)]
  6: evalaaron2bb3in->evalaaron2bb4in, C: B [O(n)]
  6: evalaaron2bb3in->evalaaron2bb4in, D: inf [Infinity]
  7: evalaaron2bb3in->evalaaron2bb4in, A: A [O(n)]
  7: evalaaron2bb3in->evalaaron2bb4in, B: max{C, A}+max{0, (1+B-C)*max{1, 1+A}} [O(n^2)]
  7: evalaaron2bb3in->evalaaron2bb4in, C: B [O(n)]
  7: evalaaron2bb3in->evalaaron2bb4in, D: inf [Infinity]
  8: evalaaron2bb3in->evalaaron2bb5in, A: A [O(n)]
  8: evalaaron2bb3in->evalaaron2bb5in, B: max{C, A}+max{0, (1+B-C)*max{1, 1+A}} [O(n^2)]
  8: evalaaron2bb3in->evalaaron2bb5in, C: B [O(n)]
  8: evalaaron2bb3in->evalaaron2bb5in, D: inf [Infinity]
  9: evalaaron2bb4in->evalaaron2bb6in, A: A [O(n)]
  9: evalaaron2bb4in->evalaaron2bb6in, B: max{C, A}+max{0, (1+B-C)*max{1, 1+A}} [O(n^2)]
  9: evalaaron2bb4in->evalaaron2bb6in, C: B [O(n)]
  9: evalaaron2bb4in->evalaaron2bb6in, D: inf [Infinity]
  10: evalaaron2bb5in->evalaaron2bb6in, A: A [O(n)]
  10: evalaaron2bb5in->evalaaron2bb6in, B: max{C, A}+max{0, (1+B-C)*max{1, 1+A}} [O(n^2)]
  10: evalaaron2bb5in->evalaaron2bb6in, C: B [O(n)]
  10: evalaaron2bb5in->evalaaron2bb6in, D: inf [Infinity]
  3: evalaaron2bb6in->evalaaron2returnin, A: A [O(n)]
  3: evalaaron2bb6in->evalaaron2returnin, B: max{C, max{C, A}+max{0, (1+B-C)*max{1, 1+A}}} [O(n^2)]
  3: evalaaron2bb6in->evalaaron2returnin, C: max{-1+max{C, A}+max{0, (1+B-C)*max{1, 1+A}}, -1+C, -1+max{C, A}+max{0, (1+B-C)*max{1, 1+A}}} [O(n^2)]
  3: evalaaron2bb6in->evalaaron2returnin, D: inf [Infinity]
  5: evalaaron2bb6in->evalaaron2bb3in, A: A [O(n)]
  5: evalaaron2bb6in->evalaaron2bb3in, B: max{C, A}+max{0, (1+B-C)*max{1, 1+A}} [O(n^2)]
  5: evalaaron2bb6in->evalaaron2bb3in, C: B [O(n)]
  5: evalaaron2bb6in->evalaaron2bb3in, D: inf [Infinity]
  1: evalaaron2entryin->evalaaron2bb6in, A: A [O(n)]
  1: evalaaron2entryin->evalaaron2bb6in, B: C [O(n)]
  1: evalaaron2entryin->evalaaron2bb6in, C: B [O(n)]
  1: evalaaron2entryin->evalaaron2bb6in, D: inf [Infinity]
  2: evalaaron2entryin->evalaaron2returnin, A: -1 [O(1)]
  2: evalaaron2entryin->evalaaron2returnin, B: B [O(n)]
  2: evalaaron2entryin->evalaaron2returnin, C: C [O(n)]
  2: evalaaron2entryin->evalaaron2returnin, D: inf [Infinity]
  11: evalaaron2returnin->evalaaron2stop, A: max{-1, A} [O(n)]
  11: evalaaron2returnin->evalaaron2stop, B: max{B, C, max{C, A}+max{0, (1+B-C)*max{1, 1+A}}} [O(n^2)]
  11: evalaaron2returnin->evalaaron2stop, C: max{C, -1+max{C, A}+max{0, (1+B-C)*max{1, 1+A}}, max{-1+C, -1+max{C, A}+max{0, (1+B-C)*max{1, 1+A}}}} [O(n^2)]
  11: evalaaron2returnin->evalaaron2stop, D: inf [Infinity]
  0: evalaaron2start->evalaaron2entryin, A: A [O(n)]
  0: evalaaron2start->evalaaron2entryin, B: B [O(n)]
  0: evalaaron2start->evalaaron2entryin, C: C [O(n)]
  0: evalaaron2start->evalaaron2entryin, D: inf [Infinity]
