Timebounds: 
  Overall timebound: 3+max{0, 31-A}+max{0, 245-B+-8*A}+max{0, 59-A}+max{0, 866+-5*B+-25*A}+max{0, 1039+-6*B+-30*A}+max{1, 31-A}+max{0, 324-B+-10*A} [O(n)]
  2: evalcomplexbb10in->evalcomplexbb8in: max{0, 30-A} [O(n)]
  3: evalcomplexbb10in->evalcomplexreturnin: 1 [O(1)]
  7: evalcomplexbb1in->evalcomplexbb7in: max{0, 866+-5*B+-25*A} [O(n)]
  9: evalcomplexbb1in->evalcomplexbb7in: max{0, 245-B+-8*A} [O(n)]
  12: evalcomplexbb7in->evalcomplexbb8in: max{0, 324-B+-10*A} [O(n)]
  4: evalcomplexbb8in->evalcomplexbb1in: max{0, 1039+-6*B+-30*A} [O(n)]
  5: evalcomplexbb8in->evalcomplexbb9in: max{0, 59-A} [O(n)]
  14: evalcomplexbb9in->evalcomplexbb10in: max{0, 31-A} [O(n)]
  1: evalcomplexentryin->evalcomplexbb10in: 1 [O(1)]
  15: evalcomplexreturnin->evalcomplexstop: 1 [O(1)]
  0: evalcomplexstart->evalcomplexentryin: 1 [O(1)]

Costbounds:
  Overall costbound: 3+max{0, 31-A}+max{0, 245-B+-8*A}+max{0, 59-A}+max{0, 866+-5*B+-25*A}+max{0, 1039+-6*B+-30*A}+max{1, 31-A}+max{0, 324-B+-10*A} [O(n)]
  2: evalcomplexbb10in->evalcomplexbb8in: max{0, 30-A} [O(n)]
  3: evalcomplexbb10in->evalcomplexreturnin: 1 [O(1)]
  7: evalcomplexbb1in->evalcomplexbb7in: max{0, 866+-5*B+-25*A} [O(n)]
  9: evalcomplexbb1in->evalcomplexbb7in: max{0, 245-B+-8*A} [O(n)]
  12: evalcomplexbb7in->evalcomplexbb8in: max{0, 324-B+-10*A} [O(n)]
  4: evalcomplexbb8in->evalcomplexbb1in: max{0, 1039+-6*B+-30*A} [O(n)]
  5: evalcomplexbb8in->evalcomplexbb9in: max{0, 59-A} [O(n)]
  14: evalcomplexbb9in->evalcomplexbb10in: max{0, 31-A} [O(n)]
  1: evalcomplexentryin->evalcomplexbb10in: 1 [O(1)]
  15: evalcomplexreturnin->evalcomplexstop: 1 [O(1)]
  0: evalcomplexstart->evalcomplexentryin: 1 [O(1)]

Sizebounds:
`Lower:
  2: evalcomplexbb10in->evalcomplexbb8in, A: -inf [Infinity]
  2: evalcomplexbb10in->evalcomplexbb8in, B: -inf [Infinity]
  2: evalcomplexbb10in->evalcomplexbb8in, C: -inf [Infinity]
  2: evalcomplexbb10in->evalcomplexbb8in, D: -inf [Infinity]
  2: evalcomplexbb10in->evalcomplexbb8in, E: -inf [Infinity]
  3: evalcomplexbb10in->evalcomplexreturnin, A: -inf [Infinity]
  3: evalcomplexbb10in->evalcomplexreturnin, B: 30 [O(1)]
  3: evalcomplexbb10in->evalcomplexreturnin, C: -inf [Infinity]
  3: evalcomplexbb10in->evalcomplexreturnin, D: -inf [Infinity]
  3: evalcomplexbb10in->evalcomplexreturnin, E: -inf [Infinity]
  7: evalcomplexbb1in->evalcomplexbb7in, A: -inf [Infinity]
  7: evalcomplexbb1in->evalcomplexbb7in, B: -inf [Infinity]
  7: evalcomplexbb1in->evalcomplexbb7in, C: -inf [Infinity]
  7: evalcomplexbb1in->evalcomplexbb7in, D: -inf [Infinity]
  7: evalcomplexbb1in->evalcomplexbb7in, E: 13 [O(1)]
  9: evalcomplexbb1in->evalcomplexbb7in, A: -inf [Infinity]
  9: evalcomplexbb1in->evalcomplexbb7in, B: -inf [Infinity]
  9: evalcomplexbb1in->evalcomplexbb7in, C: -inf [Infinity]
  9: evalcomplexbb1in->evalcomplexbb7in, D: -inf [Infinity]
  9: evalcomplexbb1in->evalcomplexbb7in, E: -inf [Infinity]
  12: evalcomplexbb7in->evalcomplexbb8in, A: -inf [Infinity]
  12: evalcomplexbb7in->evalcomplexbb8in, B: -inf [Infinity]
  12: evalcomplexbb7in->evalcomplexbb8in, C: -inf [Infinity]
  12: evalcomplexbb7in->evalcomplexbb8in, D: -inf [Infinity]
  12: evalcomplexbb7in->evalcomplexbb8in, E: -inf [Infinity]
  4: evalcomplexbb8in->evalcomplexbb1in, A: -inf [Infinity]
  4: evalcomplexbb8in->evalcomplexbb1in, B: -inf [Infinity]
  4: evalcomplexbb8in->evalcomplexbb1in, C: -inf [Infinity]
  4: evalcomplexbb8in->evalcomplexbb1in, D: -inf [Infinity]
  4: evalcomplexbb8in->evalcomplexbb1in, E: -inf [Infinity]
  5: evalcomplexbb8in->evalcomplexbb9in, A: -inf [Infinity]
  5: evalcomplexbb8in->evalcomplexbb9in, B: -inf [Infinity]
  5: evalcomplexbb8in->evalcomplexbb9in, C: -inf [Infinity]
  5: evalcomplexbb8in->evalcomplexbb9in, D: -inf [Infinity]
  5: evalcomplexbb8in->evalcomplexbb9in, E: -inf [Infinity]
  14: evalcomplexbb9in->evalcomplexbb10in, A: -inf [Infinity]
  14: evalcomplexbb9in->evalcomplexbb10in, B: -inf [Infinity]
  14: evalcomplexbb9in->evalcomplexbb10in, C: -inf [Infinity]
  14: evalcomplexbb9in->evalcomplexbb10in, D: -inf [Infinity]
  14: evalcomplexbb9in->evalcomplexbb10in, E: -inf [Infinity]
  1: evalcomplexentryin->evalcomplexbb10in, A: B [O(n)]
  1: evalcomplexentryin->evalcomplexbb10in, B: A [O(n)]
  1: evalcomplexentryin->evalcomplexbb10in, C: C [O(n)]
  1: evalcomplexentryin->evalcomplexbb10in, D: D [O(n)]
  1: evalcomplexentryin->evalcomplexbb10in, E: E [O(n)]
  15: evalcomplexreturnin->evalcomplexstop, A: -inf [Infinity]
  15: evalcomplexreturnin->evalcomplexstop, B: 30 [O(1)]
  15: evalcomplexreturnin->evalcomplexstop, C: -inf [Infinity]
  15: evalcomplexreturnin->evalcomplexstop, D: -inf [Infinity]
  15: evalcomplexreturnin->evalcomplexstop, E: -inf [Infinity]
  0: evalcomplexstart->evalcomplexentryin, A: A [O(n)]
  0: evalcomplexstart->evalcomplexentryin, B: B [O(n)]
  0: evalcomplexstart->evalcomplexentryin, C: C [O(n)]
  0: evalcomplexstart->evalcomplexentryin, D: D [O(n)]
  0: evalcomplexstart->evalcomplexentryin, E: E [O(n)]
`Upper:
  2: evalcomplexbb10in->evalcomplexbb8in, A: max{B, max{5, B}+max{0, 7*(324-B+-10*A)}} [O(n)]
  2: evalcomplexbb10in->evalcomplexbb8in, B: 29 [O(1)]
  2: evalcomplexbb10in->evalcomplexbb8in, C: max{5, B}+max{0, 7*(324-B+-10*A)} [O(n)]
  2: evalcomplexbb10in->evalcomplexbb8in, D: 29 [O(1)]
  2: evalcomplexbb10in->evalcomplexbb8in, E: max{12, E, 7+max{5, B}+max{0, 7*(324-B+-10*A)}} [O(n)]
  3: evalcomplexbb10in->evalcomplexreturnin, A: max{B, max{5, B}+max{0, 7*(324-B+-10*A)}} [O(n)]
  3: evalcomplexbb10in->evalcomplexreturnin, B: max{A, 2+max{5, B}+max{0, 7*(324-B+-10*A)}} [O(n)]
  3: evalcomplexbb10in->evalcomplexreturnin, C: max{C, max{5, B}+max{0, 7*(324-B+-10*A)}} [O(n)]
  3: evalcomplexbb10in->evalcomplexreturnin, D: max{D, max{5, B}+max{0, 7*(324-B+-10*A)}} [O(n)]
  3: evalcomplexbb10in->evalcomplexreturnin, E: max{12, E, max{E, 7+max{5, B}+max{0, 7*(324-B+-10*A)}}} [O(n)]
  7: evalcomplexbb1in->evalcomplexbb7in, A: max{B, max{5, B}+max{0, 7*(324-B+-10*A)}} [O(n)]
  7: evalcomplexbb1in->evalcomplexbb7in, B: 29 [O(1)]
  7: evalcomplexbb1in->evalcomplexbb7in, C: max{5, B}+max{0, 7*(324-B+-10*A)} [O(n)]
  7: evalcomplexbb1in->evalcomplexbb7in, D: max{29, 29+324-B+-10*A} [O(n)]
  7: evalcomplexbb1in->evalcomplexbb7in, E: 7+max{5, B}+max{0, 7*(324-B+-10*A)} [O(n)]
  9: evalcomplexbb1in->evalcomplexbb7in, A: max{B, max{5, B}+max{0, 7*(324-B+-10*A)}} [O(n)]
  9: evalcomplexbb1in->evalcomplexbb7in, B: 29 [O(1)]
  9: evalcomplexbb1in->evalcomplexbb7in, C: 5 [O(1)]
  9: evalcomplexbb1in->evalcomplexbb7in, D: max{29, 29+324-B+-10*A} [O(n)]
  9: evalcomplexbb1in->evalcomplexbb7in, E: 7 [O(1)]
  12: evalcomplexbb7in->evalcomplexbb8in, A: max{B, max{5, B}+max{0, 7*(324-B+-10*A)}} [O(n)]
  12: evalcomplexbb7in->evalcomplexbb8in, B: 29 [O(1)]
  12: evalcomplexbb7in->evalcomplexbb8in, C: max{5, B}+max{0, 7*(324-B+-10*A)} [O(n)]
  12: evalcomplexbb7in->evalcomplexbb8in, D: max{29, 29+324-B+-10*A} [O(n)]
  12: evalcomplexbb7in->evalcomplexbb8in, E: max{12, 7+max{5, B}+max{0, 7*(324-B+-10*A)}} [O(n)]
  4: evalcomplexbb8in->evalcomplexbb1in, A: max{B, max{5, B}+max{0, 7*(324-B+-10*A)}} [O(n)]
  4: evalcomplexbb8in->evalcomplexbb1in, B: 29 [O(1)]
  4: evalcomplexbb8in->evalcomplexbb1in, C: max{5, B}+max{0, 7*(324-B+-10*A)} [O(n)]
  4: evalcomplexbb8in->evalcomplexbb1in, D: max{29, 29+324-B+-10*A} [O(n)]
  4: evalcomplexbb8in->evalcomplexbb1in, E: max{12, 12, max{E, 7+max{5, B}+max{0, 7*(324-B+-10*A)}}} [O(n)]
  5: evalcomplexbb8in->evalcomplexbb9in, A: max{B, max{5, B}+max{0, 7*(324-B+-10*A)}} [O(n)]
  5: evalcomplexbb8in->evalcomplexbb9in, B: 29 [O(1)]
  5: evalcomplexbb8in->evalcomplexbb9in, C: max{5, B}+max{0, 7*(324-B+-10*A)} [O(n)]
  5: evalcomplexbb8in->evalcomplexbb9in, D: max{5, B}+max{0, 7*(324-B+-10*A)} [O(n)]
  5: evalcomplexbb8in->evalcomplexbb9in, E: max{12, E, 7+max{5, B}+max{0, 7*(324-B+-10*A)}} [O(n)]
  14: evalcomplexbb9in->evalcomplexbb10in, A: max{5, B}+max{0, 7*(324-B+-10*A)} [O(n)]
  14: evalcomplexbb9in->evalcomplexbb10in, B: 2+max{5, B}+max{0, 7*(324-B+-10*A)} [O(n)]
  14: evalcomplexbb9in->evalcomplexbb10in, C: max{5, B}+max{0, 7*(324-B+-10*A)} [O(n)]
  14: evalcomplexbb9in->evalcomplexbb10in, D: max{5, B}+max{0, 7*(324-B+-10*A)} [O(n)]
  14: evalcomplexbb9in->evalcomplexbb10in, E: max{12, E, 7+max{5, B}+max{0, 7*(324-B+-10*A)}} [O(n)]
  1: evalcomplexentryin->evalcomplexbb10in, A: B [O(n)]
  1: evalcomplexentryin->evalcomplexbb10in, B: A [O(n)]
  1: evalcomplexentryin->evalcomplexbb10in, C: C [O(n)]
  1: evalcomplexentryin->evalcomplexbb10in, D: D [O(n)]
  1: evalcomplexentryin->evalcomplexbb10in, E: E [O(n)]
  15: evalcomplexreturnin->evalcomplexstop, A: max{B, max{5, B}+max{0, 7*(324-B+-10*A)}} [O(n)]
  15: evalcomplexreturnin->evalcomplexstop, B: max{A, 2+max{5, B}+max{0, 7*(324-B+-10*A)}} [O(n)]
  15: evalcomplexreturnin->evalcomplexstop, C: max{C, max{5, B}+max{0, 7*(324-B+-10*A)}} [O(n)]
  15: evalcomplexreturnin->evalcomplexstop, D: max{D, max{5, B}+max{0, 7*(324-B+-10*A)}} [O(n)]
  15: evalcomplexreturnin->evalcomplexstop, E: max{12, E, max{E, 7+max{5, B}+max{0, 7*(324-B+-10*A)}}} [O(n)]
  0: evalcomplexstart->evalcomplexentryin, A: A [O(n)]
  0: evalcomplexstart->evalcomplexentryin, B: B [O(n)]
  0: evalcomplexstart->evalcomplexentryin, C: C [O(n)]
  0: evalcomplexstart->evalcomplexentryin, D: D [O(n)]
  0: evalcomplexstart->evalcomplexentryin, E: E [O(n)]
