Timebounds: 
  Overall timebound: inf [Infinity]
  9: evalfbb1in->evalfbb2in: inf [Infinity]
  4: evalfbb2in->evalfbb4in: max{0, 1+A} [O(n)]
  5: evalfbb2in->evalfbb3in: inf [Infinity]
  6: evalfbb3in->evalfbb1in: inf [Infinity]
  7: evalfbb3in->evalfbb1in: inf [Infinity]
  8: evalfbb3in->evalfbb4in: max{0, 1+A} [O(n)]
  10: evalfbb4in->evalfbb6in: max{0, 1+3*A} [O(n)]
  16: evalfbb5in->evalfbb6in: inf [Infinity]
  11: evalfbb6in->evalfbb8in: max{0, 3+3*A} [O(n)]
  12: evalfbb6in->evalfbb7in: inf [Infinity]
  13: evalfbb7in->evalfbb5in: inf [Infinity]
  14: evalfbb7in->evalfbb5in: inf [Infinity]
  15: evalfbb7in->evalfbb8in: max{0, 3+2*A} [O(n)]
  2: evalfbb8in->evalfbb2in: max{0, 1+A} [O(n)]
  3: evalfbb8in->evalfreturnin: 1 [O(1)]
  1: evalfentryin->evalfbb8in: 1 [O(1)]
  17: evalfreturnin->evalfstop: 1 [O(1)]
  0: evalfstart->evalfentryin: 1 [O(1)]

Costbounds:
  Overall costbound: inf [Infinity]
  9: evalfbb1in->evalfbb2in: inf [Infinity]
  4: evalfbb2in->evalfbb4in: max{0, 1+A} [O(n)]
  5: evalfbb2in->evalfbb3in: inf [Infinity]
  6: evalfbb3in->evalfbb1in: inf [Infinity]
  7: evalfbb3in->evalfbb1in: inf [Infinity]
  8: evalfbb3in->evalfbb4in: max{0, 1+A} [O(n)]
  10: evalfbb4in->evalfbb6in: max{0, 1+3*A} [O(n)]
  16: evalfbb5in->evalfbb6in: inf [Infinity]
  11: evalfbb6in->evalfbb8in: max{0, 3+3*A} [O(n)]
  12: evalfbb6in->evalfbb7in: inf [Infinity]
  13: evalfbb7in->evalfbb5in: inf [Infinity]
  14: evalfbb7in->evalfbb5in: inf [Infinity]
  15: evalfbb7in->evalfbb8in: max{0, 3+2*A} [O(n)]
  2: evalfbb8in->evalfbb2in: max{0, 1+A} [O(n)]
  3: evalfbb8in->evalfreturnin: 1 [O(1)]
  1: evalfentryin->evalfbb8in: 1 [O(1)]
  17: evalfreturnin->evalfstop: 1 [O(1)]
  0: evalfstart->evalfentryin: 1 [O(1)]

Sizebounds:
`Lower:
  9: evalfbb1in->evalfbb2in, A: B [O(n)]
  9: evalfbb1in->evalfbb2in, B: A+-max{0, 3+2*A}-max{0, 3+3*A} [O(n)]
  9: evalfbb1in->evalfbb2in, C: -1 [O(1)]
  9: evalfbb1in->evalfbb2in, D: -max{1, -D} [O(n)]
  9: evalfbb1in->evalfbb2in, E: -inf [Infinity]
  9: evalfbb1in->evalfbb2in, F: -inf [Infinity]
  9: evalfbb1in->evalfbb2in, G: -inf [Infinity]
  4: evalfbb2in->evalfbb4in, A: B [O(n)]
  4: evalfbb2in->evalfbb4in, B: A+-max{0, 3+2*A}-max{0, 3+3*A} [O(n)]
  4: evalfbb2in->evalfbb4in, C: -max{1, -B} [O(n)]
  4: evalfbb2in->evalfbb4in, D: -max{1, -D} [O(n)]
  4: evalfbb2in->evalfbb4in, E: -inf [Infinity]
  4: evalfbb2in->evalfbb4in, F: -inf [Infinity]
  4: evalfbb2in->evalfbb4in, G: -inf [Infinity]
  5: evalfbb2in->evalfbb3in, A: B [O(n)]
  5: evalfbb2in->evalfbb3in, B: A+-max{0, 3+2*A}-max{0, 3+3*A} [O(n)]
  5: evalfbb2in->evalfbb3in, C: 0 [O(1)]
  5: evalfbb2in->evalfbb3in, D: -max{1, -D} [O(n)]
  5: evalfbb2in->evalfbb3in, E: -inf [Infinity]
  5: evalfbb2in->evalfbb3in, F: -inf [Infinity]
  5: evalfbb2in->evalfbb3in, G: -inf [Infinity]
  6: evalfbb3in->evalfbb1in, A: B [O(n)]
  6: evalfbb3in->evalfbb1in, B: A+-max{0, 3+2*A}-max{0, 3+3*A} [O(n)]
  6: evalfbb3in->evalfbb1in, C: 0 [O(1)]
  6: evalfbb3in->evalfbb1in, D: -max{1, -D} [O(n)]
  6: evalfbb3in->evalfbb1in, E: -inf [Infinity]
  6: evalfbb3in->evalfbb1in, F: -inf [Infinity]
  6: evalfbb3in->evalfbb1in, G: -inf [Infinity]
  7: evalfbb3in->evalfbb1in, A: B [O(n)]
  7: evalfbb3in->evalfbb1in, B: A+-max{0, 3+2*A}-max{0, 3+3*A} [O(n)]
  7: evalfbb3in->evalfbb1in, C: 0 [O(1)]
  7: evalfbb3in->evalfbb1in, D: -max{1, -D} [O(n)]
  7: evalfbb3in->evalfbb1in, E: -inf [Infinity]
  7: evalfbb3in->evalfbb1in, F: -inf [Infinity]
  7: evalfbb3in->evalfbb1in, G: -inf [Infinity]
  8: evalfbb3in->evalfbb4in, A: B [O(n)]
  8: evalfbb3in->evalfbb4in, B: A+-max{0, 3+2*A}-max{0, 3+3*A} [O(n)]
  8: evalfbb3in->evalfbb4in, C: 0 [O(1)]
  8: evalfbb3in->evalfbb4in, D: -max{1, -D} [O(n)]
  8: evalfbb3in->evalfbb4in, E: -inf [Infinity]
  8: evalfbb3in->evalfbb4in, F: -inf [Infinity]
  8: evalfbb3in->evalfbb4in, G: -inf [Infinity]
  10: evalfbb4in->evalfbb6in, A: B [O(n)]
  10: evalfbb4in->evalfbb6in, B: A+-max{0, 3+2*A}-max{0, 3+3*A} [O(n)]
  10: evalfbb4in->evalfbb6in, C: -max{1, -B} [O(n)]
  10: evalfbb4in->evalfbb6in, D: -1 [O(1)]
  10: evalfbb4in->evalfbb6in, E: B [O(n)]
  10: evalfbb4in->evalfbb6in, F: -inf [Infinity]
  10: evalfbb4in->evalfbb6in, G: -inf [Infinity]
  16: evalfbb5in->evalfbb6in, A: B [O(n)]
  16: evalfbb5in->evalfbb6in, B: A+-max{0, 3+2*A}-max{0, 3+3*A} [O(n)]
  16: evalfbb5in->evalfbb6in, C: -inf [Infinity]
  16: evalfbb5in->evalfbb6in, D: -1 [O(1)]
  16: evalfbb5in->evalfbb6in, E: B [O(n)]
  16: evalfbb5in->evalfbb6in, F: -inf [Infinity]
  16: evalfbb5in->evalfbb6in, G: -inf [Infinity]
  11: evalfbb6in->evalfbb8in, A: B [O(n)]
  11: evalfbb6in->evalfbb8in, B: A+-max{0, 3+2*A}-max{0, 3+3*A} [O(n)]
  11: evalfbb6in->evalfbb8in, C: -inf [Infinity]
  11: evalfbb6in->evalfbb8in, D: -1 [O(1)]
  11: evalfbb6in->evalfbb8in, E: -inf [Infinity]
  11: evalfbb6in->evalfbb8in, F: -inf [Infinity]
  11: evalfbb6in->evalfbb8in, G: -inf [Infinity]
  12: evalfbb6in->evalfbb7in, A: B [O(n)]
  12: evalfbb6in->evalfbb7in, B: A+-max{0, 3+2*A}-max{0, 3+3*A} [O(n)]
  12: evalfbb6in->evalfbb7in, C: -inf [Infinity]
  12: evalfbb6in->evalfbb7in, D: -1 [O(1)]
  12: evalfbb6in->evalfbb7in, E: B [O(n)]
  12: evalfbb6in->evalfbb7in, F: -inf [Infinity]
  12: evalfbb6in->evalfbb7in, G: -inf [Infinity]
  13: evalfbb7in->evalfbb5in, A: B [O(n)]
  13: evalfbb7in->evalfbb5in, B: A+-max{0, 3+2*A}-max{0, 3+3*A} [O(n)]
  13: evalfbb7in->evalfbb5in, C: -inf [Infinity]
  13: evalfbb7in->evalfbb5in, D: -1 [O(1)]
  13: evalfbb7in->evalfbb5in, E: B [O(n)]
  13: evalfbb7in->evalfbb5in, F: -inf [Infinity]
  13: evalfbb7in->evalfbb5in, G: -inf [Infinity]
  14: evalfbb7in->evalfbb5in, A: B [O(n)]
  14: evalfbb7in->evalfbb5in, B: A+-max{0, 3+2*A}-max{0, 3+3*A} [O(n)]
  14: evalfbb7in->evalfbb5in, C: -inf [Infinity]
  14: evalfbb7in->evalfbb5in, D: -1 [O(1)]
  14: evalfbb7in->evalfbb5in, E: B [O(n)]
  14: evalfbb7in->evalfbb5in, F: -inf [Infinity]
  14: evalfbb7in->evalfbb5in, G: -inf [Infinity]
  15: evalfbb7in->evalfbb8in, A: B [O(n)]
  15: evalfbb7in->evalfbb8in, B: A+-max{0, 3+2*A}-max{0, 3+3*A} [O(n)]
  15: evalfbb7in->evalfbb8in, C: -inf [Infinity]
  15: evalfbb7in->evalfbb8in, D: -1 [O(1)]
  15: evalfbb7in->evalfbb8in, E: -inf [Infinity]
  15: evalfbb7in->evalfbb8in, F: -inf [Infinity]
  15: evalfbb7in->evalfbb8in, G: -inf [Infinity]
  2: evalfbb8in->evalfbb2in, A: B [O(n)]
  2: evalfbb8in->evalfbb2in, B: A+-max{0, 3+2*A}-max{0, 3+3*A} [O(n)]
  2: evalfbb8in->evalfbb2in, C: B [O(n)]
  2: evalfbb8in->evalfbb2in, D: -max{1, -D} [O(n)]
  2: evalfbb8in->evalfbb2in, E: -inf [Infinity]
  2: evalfbb8in->evalfbb2in, F: -inf [Infinity]
  2: evalfbb8in->evalfbb2in, G: -inf [Infinity]
  3: evalfbb8in->evalfreturnin, A: B [O(n)]
  3: evalfbb8in->evalfreturnin, B: -inf [Infinity]
  3: evalfbb8in->evalfreturnin, C: -inf [Infinity]
  3: evalfbb8in->evalfreturnin, D: -max{1, -D} [O(n)]
  3: evalfbb8in->evalfreturnin, E: -inf [Infinity]
  3: evalfbb8in->evalfreturnin, F: -inf [Infinity]
  3: evalfbb8in->evalfreturnin, G: -inf [Infinity]
  1: evalfentryin->evalfbb8in, A: B [O(n)]
  1: evalfentryin->evalfbb8in, B: A [O(n)]
  1: evalfentryin->evalfbb8in, C: C [O(n)]
  1: evalfentryin->evalfbb8in, D: D [O(n)]
  1: evalfentryin->evalfbb8in, E: E [O(n)]
  1: evalfentryin->evalfbb8in, F: F [O(n)]
  1: evalfentryin->evalfbb8in, G: -inf [Infinity]
  17: evalfreturnin->evalfstop, A: B [O(n)]
  17: evalfreturnin->evalfstop, B: -inf [Infinity]
  17: evalfreturnin->evalfstop, C: -inf [Infinity]
  17: evalfreturnin->evalfstop, D: -max{1, -D} [O(n)]
  17: evalfreturnin->evalfstop, E: -inf [Infinity]
  17: evalfreturnin->evalfstop, F: -inf [Infinity]
  17: evalfreturnin->evalfstop, G: -inf [Infinity]
  0: evalfstart->evalfentryin, A: A [O(n)]
  0: evalfstart->evalfentryin, B: B [O(n)]
  0: evalfstart->evalfentryin, C: C [O(n)]
  0: evalfstart->evalfentryin, D: D [O(n)]
  0: evalfstart->evalfentryin, E: E [O(n)]
  0: evalfstart->evalfentryin, F: F [O(n)]
  0: evalfstart->evalfentryin, G: -inf [Infinity]
`Upper:
  9: evalfbb1in->evalfbb2in, A: inf [Infinity]
  9: evalfbb1in->evalfbb2in, B: A [O(n)]
  9: evalfbb1in->evalfbb2in, C: inf [Infinity]
  9: evalfbb1in->evalfbb2in, D: max{D, -1+A} [O(n)]
  9: evalfbb1in->evalfbb2in, E: inf [Infinity]
  9: evalfbb1in->evalfbb2in, F: inf [Infinity]
  9: evalfbb1in->evalfbb2in, G: inf [Infinity]
  4: evalfbb2in->evalfbb4in, A: inf [Infinity]
  4: evalfbb2in->evalfbb4in, B: A [O(n)]
  4: evalfbb2in->evalfbb4in, C: -1 [O(1)]
  4: evalfbb2in->evalfbb4in, D: max{D, -1+A} [O(n)]
  4: evalfbb2in->evalfbb4in, E: inf [Infinity]
  4: evalfbb2in->evalfbb4in, F: inf [Infinity]
  4: evalfbb2in->evalfbb4in, G: inf [Infinity]
  5: evalfbb2in->evalfbb3in, A: inf [Infinity]
  5: evalfbb2in->evalfbb3in, B: A [O(n)]
  5: evalfbb2in->evalfbb3in, C: inf [Infinity]
  5: evalfbb2in->evalfbb3in, D: max{D, -1+A} [O(n)]
  5: evalfbb2in->evalfbb3in, E: inf [Infinity]
  5: evalfbb2in->evalfbb3in, F: inf [Infinity]
  5: evalfbb2in->evalfbb3in, G: inf [Infinity]
  6: evalfbb3in->evalfbb1in, A: inf [Infinity]
  6: evalfbb3in->evalfbb1in, B: A [O(n)]
  6: evalfbb3in->evalfbb1in, C: inf [Infinity]
  6: evalfbb3in->evalfbb1in, D: max{D, -1+A} [O(n)]
  6: evalfbb3in->evalfbb1in, E: inf [Infinity]
  6: evalfbb3in->evalfbb1in, F: inf [Infinity]
  6: evalfbb3in->evalfbb1in, G: inf [Infinity]
  7: evalfbb3in->evalfbb1in, A: inf [Infinity]
  7: evalfbb3in->evalfbb1in, B: A [O(n)]
  7: evalfbb3in->evalfbb1in, C: inf [Infinity]
  7: evalfbb3in->evalfbb1in, D: max{D, -1+A} [O(n)]
  7: evalfbb3in->evalfbb1in, E: inf [Infinity]
  7: evalfbb3in->evalfbb1in, F: inf [Infinity]
  7: evalfbb3in->evalfbb1in, G: inf [Infinity]
  8: evalfbb3in->evalfbb4in, A: inf [Infinity]
  8: evalfbb3in->evalfbb4in, B: A [O(n)]
  8: evalfbb3in->evalfbb4in, C: inf [Infinity]
  8: evalfbb3in->evalfbb4in, D: max{D, -1+A} [O(n)]
  8: evalfbb3in->evalfbb4in, E: inf [Infinity]
  8: evalfbb3in->evalfbb4in, F: inf [Infinity]
  8: evalfbb3in->evalfbb4in, G: inf [Infinity]
  10: evalfbb4in->evalfbb6in, A: inf [Infinity]
  10: evalfbb4in->evalfbb6in, B: A [O(n)]
  10: evalfbb4in->evalfbb6in, C: inf [Infinity]
  10: evalfbb4in->evalfbb6in, D: -1+A [O(n)]
  10: evalfbb4in->evalfbb6in, E: inf [Infinity]
  10: evalfbb4in->evalfbb6in, F: inf [Infinity]
  10: evalfbb4in->evalfbb6in, G: inf [Infinity]
  16: evalfbb5in->evalfbb6in, A: inf [Infinity]
  16: evalfbb5in->evalfbb6in, B: A [O(n)]
  16: evalfbb5in->evalfbb6in, C: inf [Infinity]
  16: evalfbb5in->evalfbb6in, D: -1+A [O(n)]
  16: evalfbb5in->evalfbb6in, E: inf [Infinity]
  16: evalfbb5in->evalfbb6in, F: inf [Infinity]
  16: evalfbb5in->evalfbb6in, G: inf [Infinity]
  11: evalfbb6in->evalfbb8in, A: inf [Infinity]
  11: evalfbb6in->evalfbb8in, B: A [O(n)]
  11: evalfbb6in->evalfbb8in, C: inf [Infinity]
  11: evalfbb6in->evalfbb8in, D: -1+A [O(n)]
  11: evalfbb6in->evalfbb8in, E: inf [Infinity]
  11: evalfbb6in->evalfbb8in, F: inf [Infinity]
  11: evalfbb6in->evalfbb8in, G: inf [Infinity]
  12: evalfbb6in->evalfbb7in, A: inf [Infinity]
  12: evalfbb6in->evalfbb7in, B: A [O(n)]
  12: evalfbb6in->evalfbb7in, C: inf [Infinity]
  12: evalfbb6in->evalfbb7in, D: -1+A [O(n)]
  12: evalfbb6in->evalfbb7in, E: inf [Infinity]
  12: evalfbb6in->evalfbb7in, F: inf [Infinity]
  12: evalfbb6in->evalfbb7in, G: inf [Infinity]
  13: evalfbb7in->evalfbb5in, A: inf [Infinity]
  13: evalfbb7in->evalfbb5in, B: A [O(n)]
  13: evalfbb7in->evalfbb5in, C: inf [Infinity]
  13: evalfbb7in->evalfbb5in, D: -1+A [O(n)]
  13: evalfbb7in->evalfbb5in, E: inf [Infinity]
  13: evalfbb7in->evalfbb5in, F: inf [Infinity]
  13: evalfbb7in->evalfbb5in, G: inf [Infinity]
  14: evalfbb7in->evalfbb5in, A: inf [Infinity]
  14: evalfbb7in->evalfbb5in, B: A [O(n)]
  14: evalfbb7in->evalfbb5in, C: inf [Infinity]
  14: evalfbb7in->evalfbb5in, D: -1+A [O(n)]
  14: evalfbb7in->evalfbb5in, E: inf [Infinity]
  14: evalfbb7in->evalfbb5in, F: inf [Infinity]
  14: evalfbb7in->evalfbb5in, G: inf [Infinity]
  15: evalfbb7in->evalfbb8in, A: inf [Infinity]
  15: evalfbb7in->evalfbb8in, B: A [O(n)]
  15: evalfbb7in->evalfbb8in, C: inf [Infinity]
  15: evalfbb7in->evalfbb8in, D: -1+A [O(n)]
  15: evalfbb7in->evalfbb8in, E: inf [Infinity]
  15: evalfbb7in->evalfbb8in, F: inf [Infinity]
  15: evalfbb7in->evalfbb8in, G: inf [Infinity]
  2: evalfbb8in->evalfbb2in, A: inf [Infinity]
  2: evalfbb8in->evalfbb2in, B: A [O(n)]
  2: evalfbb8in->evalfbb2in, C: inf [Infinity]
  2: evalfbb8in->evalfbb2in, D: max{D, -1+A} [O(n)]
  2: evalfbb8in->evalfbb2in, E: inf [Infinity]
  2: evalfbb8in->evalfbb2in, F: inf [Infinity]
  2: evalfbb8in->evalfbb2in, G: inf [Infinity]
  3: evalfbb8in->evalfreturnin, A: inf [Infinity]
  3: evalfbb8in->evalfreturnin, B: -1 [O(1)]
  3: evalfbb8in->evalfreturnin, C: inf [Infinity]
  3: evalfbb8in->evalfreturnin, D: max{D, -1+A} [O(n)]
  3: evalfbb8in->evalfreturnin, E: inf [Infinity]
  3: evalfbb8in->evalfreturnin, F: inf [Infinity]
  3: evalfbb8in->evalfreturnin, G: inf [Infinity]
  1: evalfentryin->evalfbb8in, A: B [O(n)]
  1: evalfentryin->evalfbb8in, B: A [O(n)]
  1: evalfentryin->evalfbb8in, C: C [O(n)]
  1: evalfentryin->evalfbb8in, D: D [O(n)]
  1: evalfentryin->evalfbb8in, E: E [O(n)]
  1: evalfentryin->evalfbb8in, F: F [O(n)]
  1: evalfentryin->evalfbb8in, G: inf [Infinity]
  17: evalfreturnin->evalfstop, A: inf [Infinity]
  17: evalfreturnin->evalfstop, B: -1 [O(1)]
  17: evalfreturnin->evalfstop, C: inf [Infinity]
  17: evalfreturnin->evalfstop, D: max{D, -1+A} [O(n)]
  17: evalfreturnin->evalfstop, E: inf [Infinity]
  17: evalfreturnin->evalfstop, F: inf [Infinity]
  17: evalfreturnin->evalfstop, G: inf [Infinity]
  0: evalfstart->evalfentryin, A: A [O(n)]
  0: evalfstart->evalfentryin, B: B [O(n)]
  0: evalfstart->evalfentryin, C: C [O(n)]
  0: evalfstart->evalfentryin, D: D [O(n)]
  0: evalfstart->evalfentryin, E: E [O(n)]
  0: evalfstart->evalfentryin, F: F [O(n)]
  0: evalfstart->evalfentryin, G: inf [Infinity]
