Timebounds: 
  Overall timebound: inf [Infinity]
  6: evalcousot9bb1in->evalcousot9bb3in: inf [Infinity]
  7: evalcousot9bb2in->evalcousot9bb3in: max{0, C} [O(n)]
  2: evalcousot9bb3in->evalcousot9bbin: inf [Infinity]
  3: evalcousot9bb3in->evalcousot9returnin: 1 [O(1)]
  4: evalcousot9bbin->evalcousot9bb1in: inf [Infinity]
  5: evalcousot9bbin->evalcousot9bb2in: max{0, C} [O(n)]
  1: evalcousot9entryin->evalcousot9bb3in: 1 [O(1)]
  8: evalcousot9returnin->evalcousot9stop: 1 [O(1)]
  0: evalcousot9start->evalcousot9entryin: 1 [O(1)]

Costbounds:
  Overall costbound: inf [Infinity]
  6: evalcousot9bb1in->evalcousot9bb3in: inf [Infinity]
  7: evalcousot9bb2in->evalcousot9bb3in: max{0, C} [O(n)]
  2: evalcousot9bb3in->evalcousot9bbin: inf [Infinity]
  3: evalcousot9bb3in->evalcousot9returnin: 1 [O(1)]
  4: evalcousot9bbin->evalcousot9bb1in: inf [Infinity]
  5: evalcousot9bbin->evalcousot9bb2in: max{0, C} [O(n)]
  1: evalcousot9entryin->evalcousot9bb3in: 1 [O(1)]
  8: evalcousot9returnin->evalcousot9stop: 1 [O(1)]
  0: evalcousot9start->evalcousot9entryin: 1 [O(1)]

Sizebounds:
`Lower:
  6: evalcousot9bb1in->evalcousot9bb3in, A: 0 [O(1)]
  6: evalcousot9bb1in->evalcousot9bb3in, B: 1 [O(1)]
  6: evalcousot9bb1in->evalcousot9bb3in, C: 1 [O(1)]
  7: evalcousot9bb2in->evalcousot9bb3in, A: 1 [O(1)]
  7: evalcousot9bb2in->evalcousot9bb3in, B: 0 [O(1)]
  7: evalcousot9bb2in->evalcousot9bb3in, C: 1 [O(1)]
  2: evalcousot9bb3in->evalcousot9bbin, B: 1 [O(1)]
  2: evalcousot9bb3in->evalcousot9bbin, C: 1 [O(1)]
  3: evalcousot9bb3in->evalcousot9returnin, B: -max{0, -C} [O(n)]
  3: evalcousot9bb3in->evalcousot9returnin, C: -max{-1, -C} [O(n)]
  4: evalcousot9bbin->evalcousot9bb1in, A: 1 [O(1)]
  4: evalcousot9bbin->evalcousot9bb1in, B: 1 [O(1)]
  4: evalcousot9bbin->evalcousot9bb1in, C: 1 [O(1)]
  5: evalcousot9bbin->evalcousot9bb2in, B: 1 [O(1)]
  5: evalcousot9bbin->evalcousot9bb2in, C: 1 [O(1)]
  1: evalcousot9entryin->evalcousot9bb3in, B: C [O(n)]
  1: evalcousot9entryin->evalcousot9bb3in, C: C [O(n)]
  8: evalcousot9returnin->evalcousot9stop, B: -max{0, -C} [O(n)]
  8: evalcousot9returnin->evalcousot9stop, C: -max{-1, -C} [O(n)]
  0: evalcousot9start->evalcousot9entryin, A: A [O(n)]
  0: evalcousot9start->evalcousot9entryin, B: B [O(n)]
  0: evalcousot9start->evalcousot9entryin, C: C [O(n)]
`Upper:
  6: evalcousot9bb1in->evalcousot9bb3in, B: C [O(n)]
  6: evalcousot9bb1in->evalcousot9bb3in, C: C [O(n)]
  7: evalcousot9bb2in->evalcousot9bb3in, A: C [O(n)]
  7: evalcousot9bb2in->evalcousot9bb3in, B: C [O(n)]
  7: evalcousot9bb2in->evalcousot9bb3in, C: C [O(n)]
  2: evalcousot9bb3in->evalcousot9bbin, B: C [O(n)]
  2: evalcousot9bb3in->evalcousot9bbin, C: C [O(n)]
  3: evalcousot9bb3in->evalcousot9returnin, B: 0 [O(1)]
  3: evalcousot9bb3in->evalcousot9returnin, C: C [O(n)]
  4: evalcousot9bbin->evalcousot9bb1in, B: C [O(n)]
  4: evalcousot9bbin->evalcousot9bb1in, C: C [O(n)]
  5: evalcousot9bbin->evalcousot9bb2in, A: 0 [O(1)]
  5: evalcousot9bbin->evalcousot9bb2in, B: C [O(n)]
  5: evalcousot9bbin->evalcousot9bb2in, C: C [O(n)]
  1: evalcousot9entryin->evalcousot9bb3in, B: C [O(n)]
  1: evalcousot9entryin->evalcousot9bb3in, C: C [O(n)]
  8: evalcousot9returnin->evalcousot9stop, B: 0 [O(1)]
  8: evalcousot9returnin->evalcousot9stop, C: C [O(n)]
  0: evalcousot9start->evalcousot9entryin, A: A [O(n)]
  0: evalcousot9start->evalcousot9entryin, B: B [O(n)]
  0: evalcousot9start->evalcousot9entryin, C: C [O(n)]
