Timebounds: 
  Overall timebound: 284 [O(1)]
  7: evaleasy1bb1in->evaleasy1bb3in: 40 [O(1)]
  8: evaleasy1bb2in->evaleasy1bb3in: 80 [O(1)]
  2: evaleasy1bb3in->evaleasy1bbin: 40 [O(1)]
  3: evaleasy1bb3in->evaleasy1returnin: 1 [O(1)]
  4: evaleasy1bbin->evaleasy1bb1in: 40 [O(1)]
  5: evaleasy1bbin->evaleasy1bb2in: 40 [O(1)]
  6: evaleasy1bbin->evaleasy1bb2in: 40 [O(1)]
  1: evaleasy1entryin->evaleasy1bb3in: 1 [O(1)]
  9: evaleasy1returnin->evaleasy1stop: 1 [O(1)]
  0: evaleasy1start->evaleasy1entryin: 1 [O(1)]

Costbounds:
  Overall costbound: 284 [O(1)]
  7: evaleasy1bb1in->evaleasy1bb3in: 40 [O(1)]
  8: evaleasy1bb2in->evaleasy1bb3in: 80 [O(1)]
  2: evaleasy1bb3in->evaleasy1bbin: 40 [O(1)]
  3: evaleasy1bb3in->evaleasy1returnin: 1 [O(1)]
  4: evaleasy1bbin->evaleasy1bb1in: 40 [O(1)]
  5: evaleasy1bbin->evaleasy1bb2in: 40 [O(1)]
  6: evaleasy1bbin->evaleasy1bb2in: 40 [O(1)]
  1: evaleasy1entryin->evaleasy1bb3in: 1 [O(1)]
  9: evaleasy1returnin->evaleasy1stop: 1 [O(1)]
  0: evaleasy1start->evaleasy1entryin: 1 [O(1)]

Sizebounds:
`Lower:
  7: evaleasy1bb1in->evaleasy1bb3in, A: 1 [O(1)]
  7: evaleasy1bb1in->evaleasy1bb3in, B: 0 [O(1)]
  8: evaleasy1bb2in->evaleasy1bb3in, A: 2 [O(1)]
  8: evaleasy1bb2in->evaleasy1bb3in, B: -inf [Infinity]
  2: evaleasy1bb3in->evaleasy1bbin, A: 0 [O(1)]
  2: evaleasy1bb3in->evaleasy1bbin, B: -inf [Infinity]
  3: evaleasy1bb3in->evaleasy1returnin, A: 40 [O(1)]
  3: evaleasy1bb3in->evaleasy1returnin, B: -inf [Infinity]
  4: evaleasy1bbin->evaleasy1bb1in, A: 0 [O(1)]
  4: evaleasy1bbin->evaleasy1bb1in, B: 0 [O(1)]
  5: evaleasy1bbin->evaleasy1bb2in, A: 0 [O(1)]
  5: evaleasy1bbin->evaleasy1bb2in, B: -inf [Infinity]
  6: evaleasy1bbin->evaleasy1bb2in, A: 0 [O(1)]
  6: evaleasy1bbin->evaleasy1bb2in, B: -inf [Infinity]
  1: evaleasy1entryin->evaleasy1bb3in, A: 0 [O(1)]
  1: evaleasy1entryin->evaleasy1bb3in, B: B [O(n)]
  9: evaleasy1returnin->evaleasy1stop, A: 40 [O(1)]
  9: evaleasy1returnin->evaleasy1stop, B: -inf [Infinity]
  0: evaleasy1start->evaleasy1entryin, A: A [O(n)]
  0: evaleasy1start->evaleasy1entryin, B: B [O(n)]
`Upper:
  7: evaleasy1bb1in->evaleasy1bb3in, A: 40 [O(1)]
  7: evaleasy1bb1in->evaleasy1bb3in, B: 0 [O(1)]
  8: evaleasy1bb2in->evaleasy1bb3in, A: 41 [O(1)]
  8: evaleasy1bb2in->evaleasy1bb3in, B: max{0, B} [O(n)]
  2: evaleasy1bb3in->evaleasy1bbin, A: 39 [O(1)]
  2: evaleasy1bb3in->evaleasy1bbin, B: max{0, B} [O(n)]
  3: evaleasy1bb3in->evaleasy1returnin, A: 41 [O(1)]
  3: evaleasy1bb3in->evaleasy1returnin, B: max{0, B} [O(n)]
  4: evaleasy1bbin->evaleasy1bb1in, A: 39 [O(1)]
  4: evaleasy1bbin->evaleasy1bb1in, B: 0 [O(1)]
  5: evaleasy1bbin->evaleasy1bb2in, A: 39 [O(1)]
  5: evaleasy1bbin->evaleasy1bb2in, B: -1 [O(1)]
  6: evaleasy1bbin->evaleasy1bb2in, A: 39 [O(1)]
  6: evaleasy1bbin->evaleasy1bb2in, B: max{0, B} [O(n)]
  1: evaleasy1entryin->evaleasy1bb3in, A: 0 [O(1)]
  1: evaleasy1entryin->evaleasy1bb3in, B: B [O(n)]
  9: evaleasy1returnin->evaleasy1stop, A: 41 [O(1)]
  9: evaleasy1returnin->evaleasy1stop, B: max{0, B} [O(n)]
  0: evaleasy1start->evaleasy1entryin, A: A [O(n)]
  0: evaleasy1start->evaleasy1entryin, B: B [O(n)]
