Timebounds: 
  Overall timebound: 3+max{0, A}+max{1, 2+A} [O(n)]
  2: evaleasy2bb1in->evaleasy2bbin: max{0, 1+A} [O(n)]
  3: evaleasy2bb1in->evaleasy2returnin: 1 [O(1)]
  4: evaleasy2bbin->evaleasy2bb1in: max{0, A} [O(n)]
  1: evaleasy2entryin->evaleasy2bb1in: 1 [O(1)]
  5: evaleasy2returnin->evaleasy2stop: 1 [O(1)]
  0: evaleasy2start->evaleasy2entryin: 1 [O(1)]

Costbounds:
  Overall costbound: 3+max{0, A}+max{1, 2+A} [O(n)]
  2: evaleasy2bb1in->evaleasy2bbin: max{0, 1+A} [O(n)]
  3: evaleasy2bb1in->evaleasy2returnin: 1 [O(1)]
  4: evaleasy2bbin->evaleasy2bb1in: max{0, A} [O(n)]
  1: evaleasy2entryin->evaleasy2bb1in: 1 [O(1)]
  5: evaleasy2returnin->evaleasy2stop: 1 [O(1)]
  0: evaleasy2start->evaleasy2entryin: 1 [O(1)]

Sizebounds:
`Lower:
  2: evaleasy2bb1in->evaleasy2bbin, A: A [O(n)]
  3: evaleasy2bb1in->evaleasy2returnin, A: A [O(n)]
  4: evaleasy2bbin->evaleasy2bb1in, A: A [O(n)]
  1: evaleasy2entryin->evaleasy2bb1in, A: A [O(n)]
  5: evaleasy2returnin->evaleasy2stop, A: -inf [Infinity]
  0: evaleasy2start->evaleasy2entryin, A: A [O(n)]
`Upper:
  2: evaleasy2bb1in->evaleasy2bbin, A: A [O(n)]
  3: evaleasy2bb1in->evaleasy2returnin, A: 0 [O(1)]
  4: evaleasy2bbin->evaleasy2bb1in, A: A [O(n)]
  1: evaleasy2entryin->evaleasy2bb1in, A: A [O(n)]
  5: evaleasy2returnin->evaleasy2stop, A: 0 [O(1)]
  0: evaleasy2start->evaleasy2entryin, A: A [O(n)]
