Timebounds: 
  Overall timebound: inf [Infinity]
  5: evalloopsbb1in->evalloopsbb4in: max{0, A} [O(n)]
  6: evalloopsbb1in->evalloopsbb5in: max{0, 1+A} [O(n)]
  8: evalloopsbb4in->evalloopsbb5in: max{0, -1+A} [O(n)]
  10: evalloopsbb5in->evalloopsbb6in: max{0, 1+A} [O(n)]
  3: evalloopsbb6in->evalloopsbb1in: max{0, 1+A} [O(n)]
  4: evalloopsbb6in->evalloopsreturnin: 1 [O(1)]
  1: evalloopsentryin->evalloopsbb6in: 1 [O(1)]
  2: evalloopsentryin->evalloopsreturnin: 1 [O(1)]
  11: evalloopsreturnin->evalloopsstop: 1 [O(1)]
  0: evalloopsstart->evalloopsentryin: 1 [O(1)]

Costbounds:
  Overall costbound: inf [Infinity]
  5: evalloopsbb1in->evalloopsbb4in: max{0, A} [O(n)]
  6: evalloopsbb1in->evalloopsbb5in: max{0, 1+A} [O(n)]
  9: evalloopsbb3in->evalloopsbb4in: inf [Infinity]
  7: evalloopsbb4in->evalloopsbb3in: inf [Infinity]
  8: evalloopsbb4in->evalloopsbb5in: max{0, -1+A} [O(n)]
  10: evalloopsbb5in->evalloopsbb6in: max{0, 1+A} [O(n)]
  3: evalloopsbb6in->evalloopsbb1in: max{0, 1+A} [O(n)]
  4: evalloopsbb6in->evalloopsreturnin: 1 [O(1)]
  1: evalloopsentryin->evalloopsbb6in: 1 [O(1)]
  2: evalloopsentryin->evalloopsreturnin: 1 [O(1)]
  11: evalloopsreturnin->evalloopsstop: 1 [O(1)]
  0: evalloopsstart->evalloopsentryin: 1 [O(1)]

Sizebounds:
`Lower:
  5: evalloopsbb1in->evalloopsbb4in, A: -max{0, 1+A} [O(n)]
  5: evalloopsbb1in->evalloopsbb4in, B: 1 [O(1)]
  6: evalloopsbb1in->evalloopsbb5in, A: 0 [O(1)]
  9: evalloopsbb3in->evalloopsbb4in, A: -max{0, 1+A} [O(n)]
  9: evalloopsbb3in->evalloopsbb4in, B: 2 [O(1)]
  7: evalloopsbb4in->evalloopsbb3in, A: -max{0, 1+A} [O(n)]
  7: evalloopsbb4in->evalloopsbb3in, B: 1 [O(1)]
  8: evalloopsbb4in->evalloopsbb5in, A: -max{0, 1+A} [O(n)]
  8: evalloopsbb4in->evalloopsbb5in, B: 2 [O(1)]
  10: evalloopsbb5in->evalloopsbb6in, A: -max{0, 1+A} [O(n)]
  3: evalloopsbb6in->evalloopsbb1in, A: -max{0, 1+A} [O(n)]
  4: evalloopsbb6in->evalloopsreturnin, A: -max{0, 1+A} [O(n)]
  1: evalloopsentryin->evalloopsbb6in, A: 0 [O(1)]
  1: evalloopsentryin->evalloopsbb6in, B: B [O(n)]
  2: evalloopsentryin->evalloopsreturnin, A: A [O(n)]
  2: evalloopsentryin->evalloopsreturnin, B: B [O(n)]
  0: evalloopsstart->evalloopsentryin, A: A [O(n)]
  0: evalloopsstart->evalloopsentryin, B: B [O(n)]
`Upper:
  5: evalloopsbb1in->evalloopsbb4in, A: max{1, A} [O(n)]
  5: evalloopsbb1in->evalloopsbb4in, B: 1 [O(1)]
  6: evalloopsbb1in->evalloopsbb5in, A: 1 [O(1)]
  9: evalloopsbb3in->evalloopsbb4in, A: max{1, A} [O(n)]
  9: evalloopsbb3in->evalloopsbb4in, B: -1+max{1, A}+max{0, -1+A} [O(n)]
  7: evalloopsbb4in->evalloopsbb3in, A: max{1, A} [O(n)]
  7: evalloopsbb4in->evalloopsbb3in, B: max{0, -1+A} [O(n)]
  8: evalloopsbb4in->evalloopsbb5in, A: max{1, A} [O(n)]
  8: evalloopsbb4in->evalloopsbb5in, B: max{1, -1+max{1, A}+max{0, -1+A}} [O(n)]
  10: evalloopsbb5in->evalloopsbb6in, A: max{1, A} [O(n)]
  3: evalloopsbb6in->evalloopsbb1in, A: max{1, A} [O(n)]
  4: evalloopsbb6in->evalloopsreturnin, A: -1 [O(1)]
  1: evalloopsentryin->evalloopsbb6in, A: A [O(n)]
  1: evalloopsentryin->evalloopsbb6in, B: B [O(n)]
  2: evalloopsentryin->evalloopsreturnin, A: -1 [O(1)]
  2: evalloopsentryin->evalloopsreturnin, B: B [O(n)]
  11: evalloopsreturnin->evalloopsstop, A: -1 [O(1)]
  0: evalloopsstart->evalloopsentryin, A: A [O(n)]
  0: evalloopsstart->evalloopsentryin, B: B [O(n)]
