Timebounds: 
  Overall timebound: inf [Infinity]
  2: evalndloopbbin->evalndloopbbin: inf [Infinity]
  3: evalndloopbbin->evalndloopreturnin: 1 [O(1)]
  4: evalndloopbbin->evalndloopreturnin: 1 [O(1)]
  5: evalndloopbbin->evalndloopreturnin: 1 [O(1)]
  1: evalndloopentryin->evalndloopbbin: 1 [O(1)]
  6: evalndloopreturnin->evalndloopstop: 1 [O(1)]
  0: evalndloopstart->evalndloopentryin: 1 [O(1)]

Costbounds:
  Overall costbound: inf [Infinity]
  2: evalndloopbbin->evalndloopbbin: inf [Infinity]
  3: evalndloopbbin->evalndloopreturnin: 1 [O(1)]
  4: evalndloopbbin->evalndloopreturnin: 1 [O(1)]
  5: evalndloopbbin->evalndloopreturnin: 1 [O(1)]
  1: evalndloopentryin->evalndloopbbin: 1 [O(1)]
  6: evalndloopreturnin->evalndloopstop: 1 [O(1)]
  0: evalndloopstart->evalndloopentryin: 1 [O(1)]

Sizebounds:
`Lower:
  2: evalndloopbbin->evalndloopbbin, A: 1 [O(1)]
  2: evalndloopbbin->evalndloopbbin, B: -inf [Infinity]
  3: evalndloopbbin->evalndloopreturnin, A: 0 [O(1)]
  3: evalndloopbbin->evalndloopreturnin, B: -inf [Infinity]
  4: evalndloopbbin->evalndloopreturnin, A: 0 [O(1)]
  4: evalndloopbbin->evalndloopreturnin, B: -inf [Infinity]
  5: evalndloopbbin->evalndloopreturnin, A: 0 [O(1)]
  5: evalndloopbbin->evalndloopreturnin, B: -inf [Infinity]
  1: evalndloopentryin->evalndloopbbin, A: 0 [O(1)]
  1: evalndloopentryin->evalndloopbbin, B: -inf [Infinity]
  6: evalndloopreturnin->evalndloopstop, A: 0 [O(1)]
  6: evalndloopreturnin->evalndloopstop, B: -inf [Infinity]
  0: evalndloopstart->evalndloopentryin, A: A [O(n)]
  0: evalndloopstart->evalndloopentryin, B: -inf [Infinity]
`Upper:
  2: evalndloopbbin->evalndloopbbin, A: 9 [O(1)]
  2: evalndloopbbin->evalndloopbbin, B: inf [Infinity]
  3: evalndloopbbin->evalndloopreturnin, A: 9 [O(1)]
  3: evalndloopbbin->evalndloopreturnin, B: inf [Infinity]
  4: evalndloopbbin->evalndloopreturnin, A: 9 [O(1)]
  4: evalndloopbbin->evalndloopreturnin, B: inf [Infinity]
  5: evalndloopbbin->evalndloopreturnin, A: 9 [O(1)]
  5: evalndloopbbin->evalndloopreturnin, B: inf [Infinity]
  1: evalndloopentryin->evalndloopbbin, A: 0 [O(1)]
  1: evalndloopentryin->evalndloopbbin, B: inf [Infinity]
  6: evalndloopreturnin->evalndloopstop, A: 9 [O(1)]
  6: evalndloopreturnin->evalndloopstop, B: inf [Infinity]
  0: evalndloopstart->evalndloopentryin, A: A [O(n)]
  0: evalndloopstart->evalndloopentryin, B: inf [Infinity]
