Timebounds: 
  Overall timebound: 7+max{1, 1+3*A}*max{0, B}+max{1, 1+3*A}*max{0, 3*B}+max{1, 1+3*A}*max{0, B}+max{1, 1+3*A}+max{0, C}+max{0, A}+max{0, 3*C}+max{0, A} [O(n^2)]
  9: evalnestedLoopbb4in->evalnestedLoopbb6in: max{1, 1+3*A}*max{0, B} [O(n^2)]
  12: evalnestedLoopbb5in->evalnestedLoopbb6in: max{0, C} [O(n)]
  10: evalnestedLoopbb6in->evalnestedLoopbb5in: max{0, 3*C} [O(n)]
  11: evalnestedLoopbb6in->evalnestedLoopbb7in: max{1, 1+3*A}*max{0, 3*B} [O(n^2)]
  7: evalnestedLoopbb7in->evalnestedLoopbb4in: max{1, 1+3*A}*max{0, B} [O(n^2)]
  8: evalnestedLoopbb7in->evalnestedLoopbb8in: max{0, A} [O(n)]
  13: evalnestedLoopbb8in->evalnestedLoopbb9in: max{0, A} [O(n)]
  5: evalnestedLoopbb9in->evalnestedLoopbb7in: max{1, 1+3*A} [O(n)]
  6: evalnestedLoopbb9in->evalnestedLoopreturnin: 1 [O(1)]
  1: evalnestedLoopentryin->evalnestedLoopbb9in: 1 [O(1)]
  2: evalnestedLoopentryin->evalnestedLoopreturnin: 1 [O(1)]
  3: evalnestedLoopentryin->evalnestedLoopreturnin: 1 [O(1)]
  4: evalnestedLoopentryin->evalnestedLoopreturnin: 1 [O(1)]
  14: evalnestedLoopreturnin->evalnestedLoopstop: 1 [O(1)]
  0: evalnestedLoopstart->evalnestedLoopentryin: 1 [O(1)]

Costbounds:
  Overall costbound: 7+max{1, 1+3*A}*max{0, B}+max{1, 1+3*A}*max{0, 3*B}+max{1, 1+3*A}*max{0, B}+max{1, 1+3*A}+max{0, C}+max{0, A}+max{0, 3*C}+max{0, A} [O(n^2)]
  9: evalnestedLoopbb4in->evalnestedLoopbb6in: max{1, 1+3*A}*max{0, B} [O(n^2)]
  12: evalnestedLoopbb5in->evalnestedLoopbb6in: max{0, C} [O(n)]
  10: evalnestedLoopbb6in->evalnestedLoopbb5in: max{0, 3*C} [O(n)]
  11: evalnestedLoopbb6in->evalnestedLoopbb7in: max{1, 1+3*A}*max{0, 3*B} [O(n^2)]
  7: evalnestedLoopbb7in->evalnestedLoopbb4in: max{1, 1+3*A}*max{0, B} [O(n^2)]
  8: evalnestedLoopbb7in->evalnestedLoopbb8in: max{0, A} [O(n)]
  13: evalnestedLoopbb8in->evalnestedLoopbb9in: max{0, A} [O(n)]
  5: evalnestedLoopbb9in->evalnestedLoopbb7in: max{1, 1+3*A} [O(n)]
  6: evalnestedLoopbb9in->evalnestedLoopreturnin: 1 [O(1)]
  1: evalnestedLoopentryin->evalnestedLoopbb9in: 1 [O(1)]
  2: evalnestedLoopentryin->evalnestedLoopreturnin: 1 [O(1)]
  3: evalnestedLoopentryin->evalnestedLoopreturnin: 1 [O(1)]
  4: evalnestedLoopentryin->evalnestedLoopreturnin: 1 [O(1)]
  14: evalnestedLoopreturnin->evalnestedLoopstop: 1 [O(1)]
  0: evalnestedLoopstart->evalnestedLoopentryin: 1 [O(1)]

Sizebounds:
`Lower:
  9: evalnestedLoopbb4in->evalnestedLoopbb6in, A: 1 [O(1)]
  9: evalnestedLoopbb4in->evalnestedLoopbb6in, B: 1 [O(1)]
  9: evalnestedLoopbb4in->evalnestedLoopbb6in, C: 0 [O(1)]
  9: evalnestedLoopbb4in->evalnestedLoopbb6in, D: 0 [O(1)]
  9: evalnestedLoopbb4in->evalnestedLoopbb6in, E: 0 [O(1)]
  9: evalnestedLoopbb4in->evalnestedLoopbb6in, F: 0 [O(1)]
  9: evalnestedLoopbb4in->evalnestedLoopbb6in, G: 1 [O(1)]
  9: evalnestedLoopbb4in->evalnestedLoopbb6in, H: 0 [O(1)]
  12: evalnestedLoopbb5in->evalnestedLoopbb6in, A: 1 [O(1)]
  12: evalnestedLoopbb5in->evalnestedLoopbb6in, B: 1 [O(1)]
  12: evalnestedLoopbb5in->evalnestedLoopbb6in, C: 1 [O(1)]
  12: evalnestedLoopbb5in->evalnestedLoopbb6in, D: 0 [O(1)]
  12: evalnestedLoopbb5in->evalnestedLoopbb6in, E: 0 [O(1)]
  12: evalnestedLoopbb5in->evalnestedLoopbb6in, F: 0 [O(1)]
  12: evalnestedLoopbb5in->evalnestedLoopbb6in, G: 1 [O(1)]
  12: evalnestedLoopbb5in->evalnestedLoopbb6in, H: 1 [O(1)]
  10: evalnestedLoopbb6in->evalnestedLoopbb5in, A: 1 [O(1)]
  10: evalnestedLoopbb6in->evalnestedLoopbb5in, B: 1 [O(1)]
  10: evalnestedLoopbb6in->evalnestedLoopbb5in, C: 1 [O(1)]
  10: evalnestedLoopbb6in->evalnestedLoopbb5in, D: 0 [O(1)]
  10: evalnestedLoopbb6in->evalnestedLoopbb5in, E: 0 [O(1)]
  10: evalnestedLoopbb6in->evalnestedLoopbb5in, F: 0 [O(1)]
  10: evalnestedLoopbb6in->evalnestedLoopbb5in, G: 1 [O(1)]
  10: evalnestedLoopbb6in->evalnestedLoopbb5in, H: 0 [O(1)]
  11: evalnestedLoopbb6in->evalnestedLoopbb7in, A: 1 [O(1)]
  11: evalnestedLoopbb6in->evalnestedLoopbb7in, B: 1 [O(1)]
  11: evalnestedLoopbb6in->evalnestedLoopbb7in, C: 0 [O(1)]
  11: evalnestedLoopbb6in->evalnestedLoopbb7in, D: 0 [O(1)]
  11: evalnestedLoopbb6in->evalnestedLoopbb7in, E: 1 [O(1)]
  11: evalnestedLoopbb6in->evalnestedLoopbb7in, F: 0 [O(1)]
  11: evalnestedLoopbb6in->evalnestedLoopbb7in, G: 1 [O(1)]
  11: evalnestedLoopbb6in->evalnestedLoopbb7in, H: 0 [O(1)]
  7: evalnestedLoopbb7in->evalnestedLoopbb4in, A: 1 [O(1)]
  7: evalnestedLoopbb7in->evalnestedLoopbb4in, B: 1 [O(1)]
  7: evalnestedLoopbb7in->evalnestedLoopbb4in, C: 0 [O(1)]
  7: evalnestedLoopbb7in->evalnestedLoopbb4in, D: 0 [O(1)]
  7: evalnestedLoopbb7in->evalnestedLoopbb4in, E: 0 [O(1)]
  7: evalnestedLoopbb7in->evalnestedLoopbb4in, F: 0 [O(1)]
  7: evalnestedLoopbb7in->evalnestedLoopbb4in, G: -max{-1, -G} [O(n)]
  7: evalnestedLoopbb7in->evalnestedLoopbb4in, H: -max{0, -H} [O(n)]
  8: evalnestedLoopbb7in->evalnestedLoopbb8in, A: 1 [O(1)]
  8: evalnestedLoopbb7in->evalnestedLoopbb8in, B: 0 [O(1)]
  8: evalnestedLoopbb7in->evalnestedLoopbb8in, C: 0 [O(1)]
  8: evalnestedLoopbb7in->evalnestedLoopbb8in, D: 0 [O(1)]
  8: evalnestedLoopbb7in->evalnestedLoopbb8in, E: 0 [O(1)]
  8: evalnestedLoopbb7in->evalnestedLoopbb8in, F: 0 [O(1)]
  8: evalnestedLoopbb7in->evalnestedLoopbb8in, G: -max{-1, -G} [O(n)]
  8: evalnestedLoopbb7in->evalnestedLoopbb8in, H: -max{0, -H} [O(n)]
  13: evalnestedLoopbb8in->evalnestedLoopbb9in, A: 1 [O(1)]
  13: evalnestedLoopbb8in->evalnestedLoopbb9in, B: 0 [O(1)]
  13: evalnestedLoopbb8in->evalnestedLoopbb9in, C: 0 [O(1)]
  13: evalnestedLoopbb8in->evalnestedLoopbb9in, D: 1 [O(1)]
  13: evalnestedLoopbb8in->evalnestedLoopbb9in, E: 0 [O(1)]
  13: evalnestedLoopbb8in->evalnestedLoopbb9in, F: 0 [O(1)]
  13: evalnestedLoopbb8in->evalnestedLoopbb9in, G: -max{-1, -G} [O(n)]
  13: evalnestedLoopbb8in->evalnestedLoopbb9in, H: -max{0, -H} [O(n)]
  5: evalnestedLoopbb9in->evalnestedLoopbb7in, A: 1 [O(1)]
  5: evalnestedLoopbb9in->evalnestedLoopbb7in, B: 0 [O(1)]
  5: evalnestedLoopbb9in->evalnestedLoopbb7in, C: 0 [O(1)]
  5: evalnestedLoopbb9in->evalnestedLoopbb7in, D: 0 [O(1)]
  5: evalnestedLoopbb9in->evalnestedLoopbb7in, E: 0 [O(1)]
  5: evalnestedLoopbb9in->evalnestedLoopbb7in, F: 0 [O(1)]
  5: evalnestedLoopbb9in->evalnestedLoopbb7in, G: -max{-1, -G} [O(n)]
  5: evalnestedLoopbb9in->evalnestedLoopbb7in, H: -max{0, -H} [O(n)]
  6: evalnestedLoopbb9in->evalnestedLoopreturnin, A: 0 [O(1)]
  6: evalnestedLoopbb9in->evalnestedLoopreturnin, B: 0 [O(1)]
  6: evalnestedLoopbb9in->evalnestedLoopreturnin, C: 0 [O(1)]
  6: evalnestedLoopbb9in->evalnestedLoopreturnin, D: 0 [O(1)]
  6: evalnestedLoopbb9in->evalnestedLoopreturnin, E: -max{0, -E} [O(n)]
  6: evalnestedLoopbb9in->evalnestedLoopreturnin, F: -max{0, -F} [O(n)]
  6: evalnestedLoopbb9in->evalnestedLoopreturnin, G: -max{-1, -G} [O(n)]
  6: evalnestedLoopbb9in->evalnestedLoopreturnin, H: -max{0, -H} [O(n)]
  1: evalnestedLoopentryin->evalnestedLoopbb9in, A: 0 [O(1)]
  1: evalnestedLoopentryin->evalnestedLoopbb9in, B: 0 [O(1)]
  1: evalnestedLoopentryin->evalnestedLoopbb9in, C: 0 [O(1)]
  1: evalnestedLoopentryin->evalnestedLoopbb9in, D: 0 [O(1)]
  1: evalnestedLoopentryin->evalnestedLoopbb9in, E: E [O(n)]
  1: evalnestedLoopentryin->evalnestedLoopbb9in, F: F [O(n)]
  1: evalnestedLoopentryin->evalnestedLoopbb9in, G: G [O(n)]
  1: evalnestedLoopentryin->evalnestedLoopbb9in, H: H [O(n)]
  2: evalnestedLoopentryin->evalnestedLoopreturnin, A: A [O(n)]
  2: evalnestedLoopentryin->evalnestedLoopreturnin, B: B [O(n)]
  2: evalnestedLoopentryin->evalnestedLoopreturnin, C: C [O(n)]
  2: evalnestedLoopentryin->evalnestedLoopreturnin, D: D [O(n)]
  2: evalnestedLoopentryin->evalnestedLoopreturnin, E: E [O(n)]
  2: evalnestedLoopentryin->evalnestedLoopreturnin, F: F [O(n)]
  2: evalnestedLoopentryin->evalnestedLoopreturnin, G: G [O(n)]
  2: evalnestedLoopentryin->evalnestedLoopreturnin, H: H [O(n)]
  3: evalnestedLoopentryin->evalnestedLoopreturnin, A: A [O(n)]
  3: evalnestedLoopentryin->evalnestedLoopreturnin, B: B [O(n)]
  3: evalnestedLoopentryin->evalnestedLoopreturnin, C: C [O(n)]
  3: evalnestedLoopentryin->evalnestedLoopreturnin, D: D [O(n)]
  3: evalnestedLoopentryin->evalnestedLoopreturnin, E: E [O(n)]
  3: evalnestedLoopentryin->evalnestedLoopreturnin, F: F [O(n)]
  3: evalnestedLoopentryin->evalnestedLoopreturnin, G: G [O(n)]
  3: evalnestedLoopentryin->evalnestedLoopreturnin, H: H [O(n)]
  4: evalnestedLoopentryin->evalnestedLoopreturnin, A: A [O(n)]
  4: evalnestedLoopentryin->evalnestedLoopreturnin, B: B [O(n)]
  4: evalnestedLoopentryin->evalnestedLoopreturnin, C: C [O(n)]
  4: evalnestedLoopentryin->evalnestedLoopreturnin, D: D [O(n)]
  4: evalnestedLoopentryin->evalnestedLoopreturnin, E: E [O(n)]
  4: evalnestedLoopentryin->evalnestedLoopreturnin, F: F [O(n)]
  4: evalnestedLoopentryin->evalnestedLoopreturnin, G: G [O(n)]
  4: evalnestedLoopentryin->evalnestedLoopreturnin, H: H [O(n)]
  14: evalnestedLoopreturnin->evalnestedLoopstop, A: -max{0, -A} [O(n)]
  14: evalnestedLoopreturnin->evalnestedLoopstop, B: -max{0, -B} [O(n)]
  14: evalnestedLoopreturnin->evalnestedLoopstop, C: -max{0, -C} [O(n)]
  14: evalnestedLoopreturnin->evalnestedLoopstop, D: -max{0, -D} [O(n)]
  14: evalnestedLoopreturnin->evalnestedLoopstop, E: -max{0, -E} [O(n)]
  14: evalnestedLoopreturnin->evalnestedLoopstop, F: -max{0, -F} [O(n)]
  14: evalnestedLoopreturnin->evalnestedLoopstop, G: -max{-1, -G} [O(n)]
  14: evalnestedLoopreturnin->evalnestedLoopstop, H: -max{0, -H} [O(n)]
  0: evalnestedLoopstart->evalnestedLoopentryin, A: A [O(n)]
  0: evalnestedLoopstart->evalnestedLoopentryin, B: B [O(n)]
  0: evalnestedLoopstart->evalnestedLoopentryin, C: C [O(n)]
  0: evalnestedLoopstart->evalnestedLoopentryin, D: D [O(n)]
  0: evalnestedLoopstart->evalnestedLoopentryin, E: E [O(n)]
  0: evalnestedLoopstart->evalnestedLoopentryin, F: F [O(n)]
  0: evalnestedLoopstart->evalnestedLoopentryin, G: G [O(n)]
  0: evalnestedLoopstart->evalnestedLoopentryin, H: H [O(n)]
`Upper:
  9: evalnestedLoopbb4in->evalnestedLoopbb6in, A: A [O(n)]
  9: evalnestedLoopbb4in->evalnestedLoopbb6in, B: B [O(n)]
  9: evalnestedLoopbb4in->evalnestedLoopbb6in, C: C [O(n)]
  9: evalnestedLoopbb4in->evalnestedLoopbb6in, D: max{0, max{0, A}+max{0, C}} [O(n)]
  9: evalnestedLoopbb4in->evalnestedLoopbb6in, E: max{1, 1+3*A}*max{0, B} [O(n^2)]
  9: evalnestedLoopbb4in->evalnestedLoopbb6in, F: max{0, A}+max{0, C} [O(n)]
  9: evalnestedLoopbb4in->evalnestedLoopbb6in, G: max{1, 1+3*A}*max{0, B} [O(n^2)]
  9: evalnestedLoopbb4in->evalnestedLoopbb6in, H: max{0, A}+max{0, C} [O(n)]
  12: evalnestedLoopbb5in->evalnestedLoopbb6in, A: A [O(n)]
  12: evalnestedLoopbb5in->evalnestedLoopbb6in, B: B [O(n)]
  12: evalnestedLoopbb5in->evalnestedLoopbb6in, C: C [O(n)]
  12: evalnestedLoopbb5in->evalnestedLoopbb6in, D: max{0, max{0, A}+max{0, C}} [O(n)]
  12: evalnestedLoopbb5in->evalnestedLoopbb6in, E: max{1, 1+3*A}*max{0, B} [O(n^2)]
  12: evalnestedLoopbb5in->evalnestedLoopbb6in, F: max{0, A}+max{0, C} [O(n)]
  12: evalnestedLoopbb5in->evalnestedLoopbb6in, G: max{1, 1+3*A}*max{0, B} [O(n^2)]
  12: evalnestedLoopbb5in->evalnestedLoopbb6in, H: max{0, A}+max{0, C} [O(n)]
  10: evalnestedLoopbb6in->evalnestedLoopbb5in, A: A [O(n)]
  10: evalnestedLoopbb6in->evalnestedLoopbb5in, B: B [O(n)]
  10: evalnestedLoopbb6in->evalnestedLoopbb5in, C: C [O(n)]
  10: evalnestedLoopbb6in->evalnestedLoopbb5in, D: max{0, max{0, A}+max{0, C}} [O(n)]
  10: evalnestedLoopbb6in->evalnestedLoopbb5in, E: max{1, 1+3*A}*max{0, B} [O(n^2)]
  10: evalnestedLoopbb6in->evalnestedLoopbb5in, F: max{0, A}+max{0, C} [O(n)]
  10: evalnestedLoopbb6in->evalnestedLoopbb5in, G: max{1, 1+3*A}*max{0, B} [O(n^2)]
  10: evalnestedLoopbb6in->evalnestedLoopbb5in, H: max{0, A}+max{0, C} [O(n)]
  11: evalnestedLoopbb6in->evalnestedLoopbb7in, A: A [O(n)]
  11: evalnestedLoopbb6in->evalnestedLoopbb7in, B: B [O(n)]
  11: evalnestedLoopbb6in->evalnestedLoopbb7in, C: C [O(n)]
  11: evalnestedLoopbb6in->evalnestedLoopbb7in, D: max{0, max{0, A}+max{0, C}} [O(n)]
  11: evalnestedLoopbb6in->evalnestedLoopbb7in, E: max{1, 1+3*A}*max{0, B} [O(n^2)]
  11: evalnestedLoopbb6in->evalnestedLoopbb7in, F: max{0, A}+max{0, C} [O(n)]
  11: evalnestedLoopbb6in->evalnestedLoopbb7in, G: max{1, 1+3*A}*max{0, B} [O(n^2)]
  11: evalnestedLoopbb6in->evalnestedLoopbb7in, H: max{0, A}+max{0, C} [O(n)]
  7: evalnestedLoopbb7in->evalnestedLoopbb4in, A: A [O(n)]
  7: evalnestedLoopbb7in->evalnestedLoopbb4in, B: B [O(n)]
  7: evalnestedLoopbb7in->evalnestedLoopbb4in, C: C [O(n)]
  7: evalnestedLoopbb7in->evalnestedLoopbb4in, D: max{0, max{0, A}+max{0, C}} [O(n)]
  7: evalnestedLoopbb7in->evalnestedLoopbb4in, E: max{1, 1+3*A}*max{0, B} [O(n^2)]
  7: evalnestedLoopbb7in->evalnestedLoopbb4in, F: max{0, A}+max{0, C} [O(n)]
  7: evalnestedLoopbb7in->evalnestedLoopbb4in, G: max{G, max{1, 1+3*A}*max{0, B}} [O(n^2)]
  7: evalnestedLoopbb7in->evalnestedLoopbb4in, H: max{H, max{0, A}+max{0, C}} [O(n)]
  8: evalnestedLoopbb7in->evalnestedLoopbb8in, A: A [O(n)]
  8: evalnestedLoopbb7in->evalnestedLoopbb8in, B: B [O(n)]
  8: evalnestedLoopbb7in->evalnestedLoopbb8in, C: C [O(n)]
  8: evalnestedLoopbb7in->evalnestedLoopbb8in, D: max{0, max{0, A}+max{0, C}} [O(n)]
  8: evalnestedLoopbb7in->evalnestedLoopbb8in, E: max{0, max{1, 1+3*A}*max{0, B}} [O(n^2)]
  8: evalnestedLoopbb7in->evalnestedLoopbb8in, F: max{0, A}+max{0, C} [O(n)]
  8: evalnestedLoopbb7in->evalnestedLoopbb8in, G: max{G, max{1, 1+3*A}*max{0, B}} [O(n^2)]
  8: evalnestedLoopbb7in->evalnestedLoopbb8in, H: max{H, max{0, A}+max{0, C}} [O(n)]
  13: evalnestedLoopbb8in->evalnestedLoopbb9in, A: A [O(n)]
  13: evalnestedLoopbb8in->evalnestedLoopbb9in, B: B [O(n)]
  13: evalnestedLoopbb8in->evalnestedLoopbb9in, C: C [O(n)]
  13: evalnestedLoopbb8in->evalnestedLoopbb9in, D: max{0, A}+max{0, C} [O(n)]
  13: evalnestedLoopbb8in->evalnestedLoopbb9in, E: max{0, max{1, 1+3*A}*max{0, B}} [O(n^2)]
  13: evalnestedLoopbb8in->evalnestedLoopbb9in, F: max{0, A}+max{0, C} [O(n)]
  13: evalnestedLoopbb8in->evalnestedLoopbb9in, G: max{G, max{1, 1+3*A}*max{0, B}} [O(n^2)]
  13: evalnestedLoopbb8in->evalnestedLoopbb9in, H: max{H, max{0, A}+max{0, C}} [O(n)]
  5: evalnestedLoopbb9in->evalnestedLoopbb7in, A: A [O(n)]
  5: evalnestedLoopbb9in->evalnestedLoopbb7in, B: B [O(n)]
  5: evalnestedLoopbb9in->evalnestedLoopbb7in, C: C [O(n)]
  5: evalnestedLoopbb9in->evalnestedLoopbb7in, D: max{0, max{0, A}+max{0, C}} [O(n)]
  5: evalnestedLoopbb9in->evalnestedLoopbb7in, E: 0 [O(1)]
  5: evalnestedLoopbb9in->evalnestedLoopbb7in, F: max{0, A}+max{0, C} [O(n)]
  5: evalnestedLoopbb9in->evalnestedLoopbb7in, G: max{G, max{1, 1+3*A}*max{0, B}} [O(n^2)]
  5: evalnestedLoopbb9in->evalnestedLoopbb7in, H: max{H, max{0, A}+max{0, C}} [O(n)]
  6: evalnestedLoopbb9in->evalnestedLoopreturnin, A: A [O(n)]
  6: evalnestedLoopbb9in->evalnestedLoopreturnin, B: B [O(n)]
  6: evalnestedLoopbb9in->evalnestedLoopreturnin, C: C [O(n)]
  6: evalnestedLoopbb9in->evalnestedLoopreturnin, D: max{0, max{0, A}+max{0, C}} [O(n)]
  6: evalnestedLoopbb9in->evalnestedLoopreturnin, E: max{0, E, max{1, 1+3*A}*max{0, B}} [O(n^2)]
  6: evalnestedLoopbb9in->evalnestedLoopreturnin, F: max{F, max{0, A}+max{0, C}} [O(n)]
  6: evalnestedLoopbb9in->evalnestedLoopreturnin, G: max{G, G, max{1, 1+3*A}*max{0, B}} [O(n^2)]
  6: evalnestedLoopbb9in->evalnestedLoopreturnin, H: max{H, H, max{0, A}+max{0, C}} [O(n)]
  1: evalnestedLoopentryin->evalnestedLoopbb9in, A: A [O(n)]
  1: evalnestedLoopentryin->evalnestedLoopbb9in, B: B [O(n)]
  1: evalnestedLoopentryin->evalnestedLoopbb9in, C: C [O(n)]
  1: evalnestedLoopentryin->evalnestedLoopbb9in, D: 0 [O(1)]
  1: evalnestedLoopentryin->evalnestedLoopbb9in, E: E [O(n)]
  1: evalnestedLoopentryin->evalnestedLoopbb9in, F: F [O(n)]
  1: evalnestedLoopentryin->evalnestedLoopbb9in, G: G [O(n)]
  1: evalnestedLoopentryin->evalnestedLoopbb9in, H: H [O(n)]
  2: evalnestedLoopentryin->evalnestedLoopreturnin, A: -1 [O(1)]
  2: evalnestedLoopentryin->evalnestedLoopreturnin, B: B [O(n)]
  2: evalnestedLoopentryin->evalnestedLoopreturnin, C: C [O(n)]
  2: evalnestedLoopentryin->evalnestedLoopreturnin, D: D [O(n)]
  2: evalnestedLoopentryin->evalnestedLoopreturnin, E: E [O(n)]
  2: evalnestedLoopentryin->evalnestedLoopreturnin, F: F [O(n)]
  2: evalnestedLoopentryin->evalnestedLoopreturnin, G: G [O(n)]
  2: evalnestedLoopentryin->evalnestedLoopreturnin, H: H [O(n)]
  3: evalnestedLoopentryin->evalnestedLoopreturnin, A: A [O(n)]
  3: evalnestedLoopentryin->evalnestedLoopreturnin, B: -1 [O(1)]
  3: evalnestedLoopentryin->evalnestedLoopreturnin, C: C [O(n)]
  3: evalnestedLoopentryin->evalnestedLoopreturnin, D: D [O(n)]
  3: evalnestedLoopentryin->evalnestedLoopreturnin, E: E [O(n)]
  3: evalnestedLoopentryin->evalnestedLoopreturnin, F: F [O(n)]
  3: evalnestedLoopentryin->evalnestedLoopreturnin, G: G [O(n)]
  3: evalnestedLoopentryin->evalnestedLoopreturnin, H: H [O(n)]
  4: evalnestedLoopentryin->evalnestedLoopreturnin, A: A [O(n)]
  4: evalnestedLoopentryin->evalnestedLoopreturnin, B: B [O(n)]
  4: evalnestedLoopentryin->evalnestedLoopreturnin, C: -1 [O(1)]
  4: evalnestedLoopentryin->evalnestedLoopreturnin, D: D [O(n)]
  4: evalnestedLoopentryin->evalnestedLoopreturnin, E: E [O(n)]
  4: evalnestedLoopentryin->evalnestedLoopreturnin, F: F [O(n)]
  4: evalnestedLoopentryin->evalnestedLoopreturnin, G: G [O(n)]
  4: evalnestedLoopentryin->evalnestedLoopreturnin, H: H [O(n)]
  14: evalnestedLoopreturnin->evalnestedLoopstop, A: max{-1, A} [O(n)]
  14: evalnestedLoopreturnin->evalnestedLoopstop, B: max{-1, B} [O(n)]
  14: evalnestedLoopreturnin->evalnestedLoopstop, C: max{-1, C} [O(n)]
  14: evalnestedLoopreturnin->evalnestedLoopstop, D: max{0, D, max{0, A}+max{0, C}} [O(n)]
  14: evalnestedLoopreturnin->evalnestedLoopstop, E: max{0, E, max{E, max{1, 1+3*A}*max{0, B}}} [O(n^2)]
  14: evalnestedLoopreturnin->evalnestedLoopstop, F: max{F, F, max{0, A}+max{0, C}} [O(n)]
  14: evalnestedLoopreturnin->evalnestedLoopstop, G: max{G, G, max{G, max{1, 1+3*A}*max{0, B}}} [O(n^2)]
  14: evalnestedLoopreturnin->evalnestedLoopstop, H: max{H, H, max{H, max{0, A}+max{0, C}}} [O(n)]
  0: evalnestedLoopstart->evalnestedLoopentryin, A: A [O(n)]
  0: evalnestedLoopstart->evalnestedLoopentryin, B: B [O(n)]
  0: evalnestedLoopstart->evalnestedLoopentryin, C: C [O(n)]
  0: evalnestedLoopstart->evalnestedLoopentryin, D: D [O(n)]
  0: evalnestedLoopstart->evalnestedLoopentryin, E: E [O(n)]
  0: evalnestedLoopstart->evalnestedLoopentryin, F: F [O(n)]
  0: evalnestedLoopstart->evalnestedLoopentryin, G: G [O(n)]
  0: evalnestedLoopstart->evalnestedLoopentryin, H: H [O(n)]
