Timebounds: 
  Overall timebound: 8+max{0, A}+max{2, 2*(-1+A)}+max{3, 3*(-1+A)}+max{0, A*A}+max{0, -1+A}+max{1, 1+A*A*A}+max{0, -1+A} [O(n^3)]
  3: evalperfectbb1in->evalperfectbb8in: 1 [O(1)]
  8: evalperfectbb3in->evalperfectbb4in: max{0, A*A*A} [O(n^3)]
  6: evalperfectbb4in->evalperfectbb3in: max{0, A*A} [O(n^2)]
  7: evalperfectbb4in->evalperfectbb5in: max{2, 2*(-1+A)} [O(n)]
  9: evalperfectbb5in->evalperfectbb8in: max{0, -1+A} [O(n)]
  10: evalperfectbb5in->evalperfectbb8in: max{0, -1+A} [O(n)]
  11: evalperfectbb5in->evalperfectbb8in: max{3, 3*(-1+A)} [O(n)]
  4: evalperfectbb8in->evalperfectbb4in: max{0, A} [O(n)]
  5: evalperfectbb8in->evalperfectbb9in: 1 [O(1)]
  12: evalperfectbb9in->evalperfectreturnin: 1 [O(1)]
  13: evalperfectbb9in->evalperfectreturnin: 1 [O(1)]
  14: evalperfectbb9in->evalperfectreturnin: 1 [O(1)]
  1: evalperfectentryin->evalperfectreturnin: 1 [O(1)]
  2: evalperfectentryin->evalperfectbb1in: 1 [O(1)]
  15: evalperfectreturnin->evalperfectstop: 1 [O(1)]
  0: evalperfectstart->evalperfectentryin: 1 [O(1)]

Costbounds:
  Overall costbound: 8+max{0, A}+max{2, 2*(-1+A)}+max{3, 3*(-1+A)}+max{0, A*A}+max{0, -1+A}+max{1, 1+A*A*A}+max{0, -1+A} [O(n^3)]
  3: evalperfectbb1in->evalperfectbb8in: 1 [O(1)]
  8: evalperfectbb3in->evalperfectbb4in: max{0, A*A*A} [O(n^3)]
  6: evalperfectbb4in->evalperfectbb3in: max{0, A*A} [O(n^2)]
  7: evalperfectbb4in->evalperfectbb5in: max{2, 2*(-1+A)} [O(n)]
  9: evalperfectbb5in->evalperfectbb8in: max{0, -1+A} [O(n)]
  10: evalperfectbb5in->evalperfectbb8in: max{0, -1+A} [O(n)]
  11: evalperfectbb5in->evalperfectbb8in: max{3, 3*(-1+A)} [O(n)]
  4: evalperfectbb8in->evalperfectbb4in: max{0, A} [O(n)]
  5: evalperfectbb8in->evalperfectbb9in: 1 [O(1)]
  12: evalperfectbb9in->evalperfectreturnin: 1 [O(1)]
  13: evalperfectbb9in->evalperfectreturnin: 1 [O(1)]
  14: evalperfectbb9in->evalperfectreturnin: 1 [O(1)]
  1: evalperfectentryin->evalperfectreturnin: 1 [O(1)]
  2: evalperfectentryin->evalperfectbb1in: 1 [O(1)]
  15: evalperfectreturnin->evalperfectstop: 1 [O(1)]
  0: evalperfectstart->evalperfectentryin: 1 [O(1)]

Sizebounds:
`Lower:
  3: evalperfectbb1in->evalperfectbb8in, A: 2 [O(1)]
  3: evalperfectbb1in->evalperfectbb8in, B: 2 [O(1)]
  3: evalperfectbb1in->evalperfectbb8in, C: 1 [O(1)]
  3: evalperfectbb1in->evalperfectbb8in, D: D [O(n)]
  8: evalperfectbb3in->evalperfectbb4in, A: 0 [O(1)]
  8: evalperfectbb3in->evalperfectbb4in, C: 1 [O(1)]
  8: evalperfectbb3in->evalperfectbb4in, D: 2-max{0, A} [O(n)]
  6: evalperfectbb4in->evalperfectbb3in, A: 0 [O(1)]
  6: evalperfectbb4in->evalperfectbb3in, C: 1 [O(1)]
  6: evalperfectbb4in->evalperfectbb3in, D: 1 [O(1)]
  7: evalperfectbb4in->evalperfectbb5in, A: 0 [O(1)]
  7: evalperfectbb4in->evalperfectbb5in, C: 1 [O(1)]
  7: evalperfectbb4in->evalperfectbb5in, D: -max{-2, -2, -2+A} [O(n)]
  9: evalperfectbb5in->evalperfectbb8in, A: 0 [O(1)]
  9: evalperfectbb5in->evalperfectbb8in, C: 0 [O(1)]
  9: evalperfectbb5in->evalperfectbb8in, D: 0 [O(1)]
  10: evalperfectbb5in->evalperfectbb8in, A: 0 [O(1)]
  10: evalperfectbb5in->evalperfectbb8in, C: 0 [O(1)]
  10: evalperfectbb5in->evalperfectbb8in, D: -max{-2, -2, -2+A} [O(n)]
  11: evalperfectbb5in->evalperfectbb8in, A: 0 [O(1)]
  11: evalperfectbb5in->evalperfectbb8in, C: 1 [O(1)]
  11: evalperfectbb5in->evalperfectbb8in, D: 1 [O(1)]
  4: evalperfectbb8in->evalperfectbb4in, A: 0 [O(1)]
  4: evalperfectbb8in->evalperfectbb4in, C: 1 [O(1)]
  4: evalperfectbb8in->evalperfectbb4in, D: 2 [O(1)]
  5: evalperfectbb8in->evalperfectbb9in, C: 0 [O(1)]
  5: evalperfectbb8in->evalperfectbb9in, D: -max{-2, -2, max{0, -D, -2+A}} [O(n)]
  12: evalperfectbb9in->evalperfectreturnin, C: 0 [O(1)]
  12: evalperfectbb9in->evalperfectreturnin, D: -max{-2, -2, max{0, -D, -2+A}} [O(n)]
  13: evalperfectbb9in->evalperfectreturnin, A: 1 [O(1)]
  13: evalperfectbb9in->evalperfectreturnin, B: 1 [O(1)]
  13: evalperfectbb9in->evalperfectreturnin, C: 0 [O(1)]
  13: evalperfectbb9in->evalperfectreturnin, D: -max{-2, -2, max{0, -D, -2+A}} [O(n)]
  14: evalperfectbb9in->evalperfectreturnin, A: 0 [O(1)]
  14: evalperfectbb9in->evalperfectreturnin, B: 0 [O(1)]
  14: evalperfectbb9in->evalperfectreturnin, C: 0 [O(1)]
  14: evalperfectbb9in->evalperfectreturnin, D: -max{-2, -2, max{0, -D, -2+A}} [O(n)]
  1: evalperfectentryin->evalperfectreturnin, A: A [O(n)]
  1: evalperfectentryin->evalperfectreturnin, B: B [O(n)]
  1: evalperfectentryin->evalperfectreturnin, C: C [O(n)]
  1: evalperfectentryin->evalperfectreturnin, D: D [O(n)]
  2: evalperfectentryin->evalperfectbb1in, A: 2 [O(1)]
  2: evalperfectentryin->evalperfectbb1in, B: B [O(n)]
  2: evalperfectentryin->evalperfectbb1in, C: C [O(n)]
  2: evalperfectentryin->evalperfectbb1in, D: D [O(n)]
  15: evalperfectreturnin->evalperfectstop, C: -max{0, -C} [O(n)]
  15: evalperfectreturnin->evalperfectstop, D: -max{-2, -2, max{-2, -2, max{0, -2, max{-2, -D, max{-D, -D, max{-D, -2+A}}}}}} [O(n)]
  0: evalperfectstart->evalperfectentryin, A: A [O(n)]
  0: evalperfectstart->evalperfectentryin, B: B [O(n)]
  0: evalperfectstart->evalperfectentryin, C: C [O(n)]
  0: evalperfectstart->evalperfectentryin, D: D [O(n)]
`Upper:
  3: evalperfectbb1in->evalperfectbb8in, A: A [O(n)]
  3: evalperfectbb1in->evalperfectbb8in, B: A [O(n)]
  3: evalperfectbb1in->evalperfectbb8in, C: -1+A [O(n)]
  3: evalperfectbb1in->evalperfectbb8in, D: D [O(n)]
  8: evalperfectbb3in->evalperfectbb4in, A: max{0, A} [O(n)]
  8: evalperfectbb3in->evalperfectbb4in, B: max{0, A} [O(n)]
  8: evalperfectbb3in->evalperfectbb4in, C: max{-1, -1+A} [O(n)]
  8: evalperfectbb3in->evalperfectbb4in, D: max{-1, -1+A} [O(n)]
  6: evalperfectbb4in->evalperfectbb3in, A: max{0, A} [O(n)]
  6: evalperfectbb4in->evalperfectbb3in, B: max{0, A} [O(n)]
  6: evalperfectbb4in->evalperfectbb3in, C: max{-1, -1+A} [O(n)]
  6: evalperfectbb4in->evalperfectbb3in, D: max{0, A} [O(n)]
  7: evalperfectbb4in->evalperfectbb5in, A: max{0, A} [O(n)]
  7: evalperfectbb4in->evalperfectbb5in, B: max{0, A} [O(n)]
  7: evalperfectbb4in->evalperfectbb5in, C: max{-1, -1+A} [O(n)]
  7: evalperfectbb4in->evalperfectbb5in, D: max{-2, -2+A} [O(n)]
  9: evalperfectbb5in->evalperfectbb8in, A: max{0, A} [O(n)]
  9: evalperfectbb5in->evalperfectbb8in, B: max{-1, -1+A} [O(n)]
  9: evalperfectbb5in->evalperfectbb8in, C: max{-2, -2+A} [O(n)]
  9: evalperfectbb5in->evalperfectbb8in, D: 0 [O(1)]
  10: evalperfectbb5in->evalperfectbb8in, A: max{0, A} [O(n)]
  10: evalperfectbb5in->evalperfectbb8in, B: max{0, A} [O(n)]
  10: evalperfectbb5in->evalperfectbb8in, C: max{-2, -2+A} [O(n)]
  10: evalperfectbb5in->evalperfectbb8in, D: -1 [O(1)]
  11: evalperfectbb5in->evalperfectbb8in, A: max{0, A} [O(n)]
  11: evalperfectbb5in->evalperfectbb8in, B: max{0, A} [O(n)]
  11: evalperfectbb5in->evalperfectbb8in, C: max{-2, -2+A} [O(n)]
  11: evalperfectbb5in->evalperfectbb8in, D: max{-2, -2+A} [O(n)]
  4: evalperfectbb8in->evalperfectbb4in, A: max{0, A} [O(n)]
  4: evalperfectbb8in->evalperfectbb4in, B: max{0, A} [O(n)]
  4: evalperfectbb8in->evalperfectbb4in, C: max{-1, -1+A} [O(n)]
  4: evalperfectbb8in->evalperfectbb4in, D: max{0, A} [O(n)]
  5: evalperfectbb8in->evalperfectbb9in, A: max{0, A} [O(n)]
  5: evalperfectbb8in->evalperfectbb9in, B: max{0, A} [O(n)]
  5: evalperfectbb8in->evalperfectbb9in, C: 0 [O(1)]
  5: evalperfectbb8in->evalperfectbb9in, D: max{0, D, -2+A} [O(n)]
  12: evalperfectbb9in->evalperfectreturnin, A: -1 [O(1)]
  12: evalperfectbb9in->evalperfectreturnin, B: -1 [O(1)]
  12: evalperfectbb9in->evalperfectreturnin, C: 0 [O(1)]
  12: evalperfectbb9in->evalperfectreturnin, D: max{0, D, -2+A} [O(n)]
  13: evalperfectbb9in->evalperfectreturnin, A: max{0, A} [O(n)]
  13: evalperfectbb9in->evalperfectreturnin, B: max{0, A} [O(n)]
  13: evalperfectbb9in->evalperfectreturnin, C: 0 [O(1)]
  13: evalperfectbb9in->evalperfectreturnin, D: max{0, D, -2+A} [O(n)]
  14: evalperfectbb9in->evalperfectreturnin, A: 0 [O(1)]
  14: evalperfectbb9in->evalperfectreturnin, B: 0 [O(1)]
  14: evalperfectbb9in->evalperfectreturnin, C: 0 [O(1)]
  14: evalperfectbb9in->evalperfectreturnin, D: max{0, D, -2+A} [O(n)]
  1: evalperfectentryin->evalperfectreturnin, A: 1 [O(1)]
  1: evalperfectentryin->evalperfectreturnin, B: B [O(n)]
  1: evalperfectentryin->evalperfectreturnin, C: C [O(n)]
  1: evalperfectentryin->evalperfectreturnin, D: D [O(n)]
  2: evalperfectentryin->evalperfectbb1in, A: A [O(n)]
  2: evalperfectentryin->evalperfectbb1in, B: B [O(n)]
  2: evalperfectentryin->evalperfectbb1in, C: C [O(n)]
  2: evalperfectentryin->evalperfectbb1in, D: D [O(n)]
  15: evalperfectreturnin->evalperfectstop, A: max{1, 0, A} [O(n)]
  15: evalperfectreturnin->evalperfectstop, B: max{0, A, B} [O(n)]
  15: evalperfectreturnin->evalperfectstop, C: max{0, C} [O(n)]
  15: evalperfectreturnin->evalperfectstop, D: max{0, D, max{D, D, max{D, -2+A}}} [O(n)]
  0: evalperfectstart->evalperfectentryin, A: A [O(n)]
  0: evalperfectstart->evalperfectentryin, B: B [O(n)]
  0: evalperfectstart->evalperfectentryin, C: C [O(n)]
  0: evalperfectstart->evalperfectentryin, D: D [O(n)]
