Timebounds: 
  Overall timebound: 5+2*2*max{1, -1+2*A} [O(n)]
  5: evalrandom1dbb1in->evalrandom1dbb5in: max{1, -1+2*A} [O(n)]
  6: evalrandom1dbb1in->evalrandom1dbb5in: max{1, -1+2*A} [O(n)]
  7: evalrandom1dbb1in->evalrandom1dbb5in: max{1, -1+2*A} [O(n)]
  3: evalrandom1dbb5in->evalrandom1dbb1in: max{1, -1+2*A} [O(n)]
  4: evalrandom1dbb5in->evalrandom1dreturnin: 1 [O(1)]
  1: evalrandom1dentryin->evalrandom1dbb5in: 1 [O(1)]
  2: evalrandom1dentryin->evalrandom1dreturnin: 1 [O(1)]
  8: evalrandom1dreturnin->evalrandom1dstop: 1 [O(1)]
  0: evalrandom1dstart->evalrandom1dentryin: 1 [O(1)]

Costbounds:
  Overall costbound: 5+2*2*max{1, -1+2*A} [O(n)]
  5: evalrandom1dbb1in->evalrandom1dbb5in: max{1, -1+2*A} [O(n)]
  6: evalrandom1dbb1in->evalrandom1dbb5in: max{1, -1+2*A} [O(n)]
  7: evalrandom1dbb1in->evalrandom1dbb5in: max{1, -1+2*A} [O(n)]
  3: evalrandom1dbb5in->evalrandom1dbb1in: max{1, -1+2*A} [O(n)]
  4: evalrandom1dbb5in->evalrandom1dreturnin: 1 [O(1)]
  1: evalrandom1dentryin->evalrandom1dbb5in: 1 [O(1)]
  2: evalrandom1dentryin->evalrandom1dreturnin: 1 [O(1)]
  8: evalrandom1dreturnin->evalrandom1dstop: 1 [O(1)]
  0: evalrandom1dstart->evalrandom1dentryin: 1 [O(1)]

Sizebounds:
`Lower:
  5: evalrandom1dbb1in->evalrandom1dbb5in, A: 0 [O(1)]
  5: evalrandom1dbb1in->evalrandom1dbb5in, B: 2 [O(1)]
  6: evalrandom1dbb1in->evalrandom1dbb5in, A: 0 [O(1)]
  6: evalrandom1dbb1in->evalrandom1dbb5in, B: 2 [O(1)]
  7: evalrandom1dbb1in->evalrandom1dbb5in, A: 0 [O(1)]
  7: evalrandom1dbb1in->evalrandom1dbb5in, B: 2 [O(1)]
  3: evalrandom1dbb5in->evalrandom1dbb1in, A: 0 [O(1)]
  3: evalrandom1dbb5in->evalrandom1dbb1in, B: 1 [O(1)]
  4: evalrandom1dbb5in->evalrandom1dreturnin, A: 1 [O(1)]
  4: evalrandom1dbb5in->evalrandom1dreturnin, B: 2 [O(1)]
  1: evalrandom1dentryin->evalrandom1dbb5in, A: 1 [O(1)]
  1: evalrandom1dentryin->evalrandom1dbb5in, B: 1 [O(1)]
  2: evalrandom1dentryin->evalrandom1dreturnin, A: A [O(n)]
  2: evalrandom1dentryin->evalrandom1dreturnin, B: B [O(n)]
  8: evalrandom1dreturnin->evalrandom1dstop, A: -max{-1, -A} [O(n)]
  8: evalrandom1dreturnin->evalrandom1dstop, B: -max{-2, -B} [O(n)]
  0: evalrandom1dstart->evalrandom1dentryin, A: A [O(n)]
  0: evalrandom1dstart->evalrandom1dentryin, B: B [O(n)]
`Upper:
  5: evalrandom1dbb1in->evalrandom1dbb5in, A: max{0, A} [O(n)]
  5: evalrandom1dbb1in->evalrandom1dbb5in, B: max{1, 1+A} [O(n)]
  6: evalrandom1dbb1in->evalrandom1dbb5in, A: max{0, A} [O(n)]
  6: evalrandom1dbb1in->evalrandom1dbb5in, B: max{1, 1+A} [O(n)]
  7: evalrandom1dbb1in->evalrandom1dbb5in, A: max{0, A} [O(n)]
  7: evalrandom1dbb1in->evalrandom1dbb5in, B: max{1, 1+A} [O(n)]
  3: evalrandom1dbb5in->evalrandom1dbb1in, A: max{0, A} [O(n)]
  3: evalrandom1dbb5in->evalrandom1dbb1in, B: max{0, A} [O(n)]
  4: evalrandom1dbb5in->evalrandom1dreturnin, A: max{0, A} [O(n)]
  4: evalrandom1dbb5in->evalrandom1dreturnin, B: max{1, 1, 1+A} [O(n)]
  1: evalrandom1dentryin->evalrandom1dbb5in, A: A [O(n)]
  1: evalrandom1dentryin->evalrandom1dbb5in, B: 1 [O(1)]
  2: evalrandom1dentryin->evalrandom1dreturnin, A: 0 [O(1)]
  2: evalrandom1dentryin->evalrandom1dreturnin, B: B [O(n)]
  8: evalrandom1dreturnin->evalrandom1dstop, A: max{0, A} [O(n)]
  8: evalrandom1dreturnin->evalrandom1dstop, B: max{1, 1, max{B, 1+A}} [O(n)]
  0: evalrandom1dstart->evalrandom1dentryin, A: A [O(n)]
  0: evalrandom1dstart->evalrandom1dentryin, B: B [O(n)]
