Timebounds: 
  Overall timebound: 4+2*2*max{0, B}+2*max{0, B}+2*max{0, B}+max{0, B}+max{0, 14*B}+max{0, B}+max{0, 1+B}+max{0, 4*B}+max{0, 6*B}+max{0, 10*B}+max{0, 18*B}+max{0, B}+max{0, 12*B}+max{0, 22*B} [O(n)]
  16: evalrandom2dLeafBlock1in->evalrandom2dbb5in: max{0, B} [O(n)]
  22: evalrandom2dLeafBlock3in->evalrandom2dbb7in: max{0, B} [O(n)]
  26: evalrandom2dLeafBlock5in->evalrandom2dbb9in: max{0, 6*B} [O(n)]
  12: evalrandom2dLeafBlockin->evalrandom2dbb3in: max{0, B} [O(n)]
  20: evalrandom2dNodeBlock7in->evalrandom2dLeafBlock3in: max{0, 14*B} [O(n)]
  21: evalrandom2dNodeBlock7in->evalrandom2dLeafBlock5in: max{0, 18*B} [O(n)]
  8: evalrandom2dNodeBlock9in->evalrandom2dNodeBlockin: max{0, 12*B} [O(n)]
  9: evalrandom2dNodeBlock9in->evalrandom2dNodeBlock7in: max{0, B} [O(n)]
  10: evalrandom2dNodeBlockin->evalrandom2dLeafBlockin: max{0, B} [O(n)]
  11: evalrandom2dNodeBlockin->evalrandom2dLeafBlock1in: max{0, B} [O(n)]
  2: evalrandom2dbb10in->evalrandom2dbbin: max{0, 1+B} [O(n)]
  3: evalrandom2dbb10in->evalrandom2dreturnin: 1 [O(1)]
  7: evalrandom2dbb2in->evalrandom2dNodeBlock9in: max{0, B} [O(n)]
  15: evalrandom2dbb3in->evalrandom2dbb10in: max{0, 22*B} [O(n)]
  19: evalrandom2dbb5in->evalrandom2dbb10in: max{0, B} [O(n)]
  25: evalrandom2dbb7in->evalrandom2dbb10in: max{0, 10*B} [O(n)]
  29: evalrandom2dbb9in->evalrandom2dbb10in: max{0, B} [O(n)]
  4: evalrandom2dbbin->evalrandom2dbb2in: max{0, B} [O(n)]
  5: evalrandom2dbbin->evalrandom2dbb10in: max{0, 4*B} [O(n)]
  6: evalrandom2dbbin->evalrandom2dbb10in: max{0, B} [O(n)]
  1: evalrandom2dentryin->evalrandom2dbb10in: 1 [O(1)]
  31: evalrandom2dreturnin->evalrandom2dstop: 1 [O(1)]
  0: evalrandom2dstart->evalrandom2dentryin: 1 [O(1)]

Costbounds:
  Overall costbound: 4+2*2*max{0, B}+2*max{0, B}+2*max{0, B}+max{0, B}+max{0, 14*B}+max{0, B}+max{0, 1+B}+max{0, 4*B}+max{0, 6*B}+max{0, 10*B}+max{0, 18*B}+max{0, B}+max{0, 12*B}+max{0, 22*B} [O(n)]
  16: evalrandom2dLeafBlock1in->evalrandom2dbb5in: max{0, B} [O(n)]
  22: evalrandom2dLeafBlock3in->evalrandom2dbb7in: max{0, B} [O(n)]
  26: evalrandom2dLeafBlock5in->evalrandom2dbb9in: max{0, 6*B} [O(n)]
  12: evalrandom2dLeafBlockin->evalrandom2dbb3in: max{0, B} [O(n)]
  20: evalrandom2dNodeBlock7in->evalrandom2dLeafBlock3in: max{0, 14*B} [O(n)]
  21: evalrandom2dNodeBlock7in->evalrandom2dLeafBlock5in: max{0, 18*B} [O(n)]
  8: evalrandom2dNodeBlock9in->evalrandom2dNodeBlockin: max{0, 12*B} [O(n)]
  9: evalrandom2dNodeBlock9in->evalrandom2dNodeBlock7in: max{0, B} [O(n)]
  10: evalrandom2dNodeBlockin->evalrandom2dLeafBlockin: max{0, B} [O(n)]
  11: evalrandom2dNodeBlockin->evalrandom2dLeafBlock1in: max{0, B} [O(n)]
  2: evalrandom2dbb10in->evalrandom2dbbin: max{0, 1+B} [O(n)]
  3: evalrandom2dbb10in->evalrandom2dreturnin: 1 [O(1)]
  7: evalrandom2dbb2in->evalrandom2dNodeBlock9in: max{0, B} [O(n)]
  15: evalrandom2dbb3in->evalrandom2dbb10in: max{0, 22*B} [O(n)]
  19: evalrandom2dbb5in->evalrandom2dbb10in: max{0, B} [O(n)]
  25: evalrandom2dbb7in->evalrandom2dbb10in: max{0, 10*B} [O(n)]
  29: evalrandom2dbb9in->evalrandom2dbb10in: max{0, B} [O(n)]
  4: evalrandom2dbbin->evalrandom2dbb2in: max{0, B} [O(n)]
  5: evalrandom2dbbin->evalrandom2dbb10in: max{0, 4*B} [O(n)]
  6: evalrandom2dbbin->evalrandom2dbb10in: max{0, B} [O(n)]
  1: evalrandom2dentryin->evalrandom2dbb10in: 1 [O(1)]
  31: evalrandom2dreturnin->evalrandom2dstop: 1 [O(1)]
  0: evalrandom2dstart->evalrandom2dentryin: 1 [O(1)]

Sizebounds:
`Lower:
  16: evalrandom2dLeafBlock1in->evalrandom2dbb5in, A: 0 [O(1)]
  16: evalrandom2dLeafBlock1in->evalrandom2dbb5in, B: 1 [O(1)]
  16: evalrandom2dLeafBlock1in->evalrandom2dbb5in, C: 1 [O(1)]
  16: evalrandom2dLeafBlock1in->evalrandom2dbb5in, D: 1 [O(1)]
  22: evalrandom2dLeafBlock3in->evalrandom2dbb7in, A: 0 [O(1)]
  22: evalrandom2dLeafBlock3in->evalrandom2dbb7in, B: 1 [O(1)]
  22: evalrandom2dLeafBlock3in->evalrandom2dbb7in, C: 1 [O(1)]
  22: evalrandom2dLeafBlock3in->evalrandom2dbb7in, D: 2 [O(1)]
  26: evalrandom2dLeafBlock5in->evalrandom2dbb9in, A: 0 [O(1)]
  26: evalrandom2dLeafBlock5in->evalrandom2dbb9in, B: 1 [O(1)]
  26: evalrandom2dLeafBlock5in->evalrandom2dbb9in, C: 1 [O(1)]
  26: evalrandom2dLeafBlock5in->evalrandom2dbb9in, D: 3 [O(1)]
  12: evalrandom2dLeafBlockin->evalrandom2dbb3in, A: 0 [O(1)]
  12: evalrandom2dLeafBlockin->evalrandom2dbb3in, B: 1 [O(1)]
  12: evalrandom2dLeafBlockin->evalrandom2dbb3in, C: 1 [O(1)]
  12: evalrandom2dLeafBlockin->evalrandom2dbb3in, D: 0 [O(1)]
  20: evalrandom2dNodeBlock7in->evalrandom2dLeafBlock3in, A: 0 [O(1)]
  20: evalrandom2dNodeBlock7in->evalrandom2dLeafBlock3in, B: 1 [O(1)]
  20: evalrandom2dNodeBlock7in->evalrandom2dLeafBlock3in, C: 1 [O(1)]
  20: evalrandom2dNodeBlock7in->evalrandom2dLeafBlock3in, D: 2 [O(1)]
  21: evalrandom2dNodeBlock7in->evalrandom2dLeafBlock5in, A: 0 [O(1)]
  21: evalrandom2dNodeBlock7in->evalrandom2dLeafBlock5in, B: 1 [O(1)]
  21: evalrandom2dNodeBlock7in->evalrandom2dLeafBlock5in, C: 1 [O(1)]
  21: evalrandom2dNodeBlock7in->evalrandom2dLeafBlock5in, D: 3 [O(1)]
  8: evalrandom2dNodeBlock9in->evalrandom2dNodeBlockin, A: 0 [O(1)]
  8: evalrandom2dNodeBlock9in->evalrandom2dNodeBlockin, B: 1 [O(1)]
  8: evalrandom2dNodeBlock9in->evalrandom2dNodeBlockin, C: 1 [O(1)]
  8: evalrandom2dNodeBlock9in->evalrandom2dNodeBlockin, D: 0 [O(1)]
  9: evalrandom2dNodeBlock9in->evalrandom2dNodeBlock7in, A: 0 [O(1)]
  9: evalrandom2dNodeBlock9in->evalrandom2dNodeBlock7in, B: 1 [O(1)]
  9: evalrandom2dNodeBlock9in->evalrandom2dNodeBlock7in, C: 1 [O(1)]
  9: evalrandom2dNodeBlock9in->evalrandom2dNodeBlock7in, D: 2 [O(1)]
  10: evalrandom2dNodeBlockin->evalrandom2dLeafBlockin, A: 0 [O(1)]
  10: evalrandom2dNodeBlockin->evalrandom2dLeafBlockin, B: 1 [O(1)]
  10: evalrandom2dNodeBlockin->evalrandom2dLeafBlockin, C: 1 [O(1)]
  10: evalrandom2dNodeBlockin->evalrandom2dLeafBlockin, D: 0 [O(1)]
  11: evalrandom2dNodeBlockin->evalrandom2dLeafBlock1in, A: 0 [O(1)]
  11: evalrandom2dNodeBlockin->evalrandom2dLeafBlock1in, B: 1 [O(1)]
  11: evalrandom2dNodeBlockin->evalrandom2dLeafBlock1in, C: 1 [O(1)]
  11: evalrandom2dNodeBlockin->evalrandom2dLeafBlock1in, D: 1 [O(1)]
  2: evalrandom2dbb10in->evalrandom2dbbin, A: 0 [O(1)]
  2: evalrandom2dbb10in->evalrandom2dbbin, B: 1 [O(1)]
  2: evalrandom2dbb10in->evalrandom2dbbin, C: -max{-1, -C} [O(n)]
  2: evalrandom2dbb10in->evalrandom2dbbin, D: -max{0, -D} [O(n)]
  3: evalrandom2dbb10in->evalrandom2dreturnin, A: 0 [O(1)]
  3: evalrandom2dbb10in->evalrandom2dreturnin, B: -max{-1, -B} [O(n)]
  3: evalrandom2dbb10in->evalrandom2dreturnin, C: -max{-1, -C} [O(n)]
  3: evalrandom2dbb10in->evalrandom2dreturnin, D: -max{0, -D} [O(n)]
  7: evalrandom2dbb2in->evalrandom2dNodeBlock9in, A: 0 [O(1)]
  7: evalrandom2dbb2in->evalrandom2dNodeBlock9in, B: 1 [O(1)]
  7: evalrandom2dbb2in->evalrandom2dNodeBlock9in, C: 1 [O(1)]
  7: evalrandom2dbb2in->evalrandom2dNodeBlock9in, D: 0 [O(1)]
  15: evalrandom2dbb3in->evalrandom2dbb10in, A: 1 [O(1)]
  15: evalrandom2dbb3in->evalrandom2dbb10in, B: 1 [O(1)]
  15: evalrandom2dbb3in->evalrandom2dbb10in, C: 1 [O(1)]
  15: evalrandom2dbb3in->evalrandom2dbb10in, D: 0 [O(1)]
  19: evalrandom2dbb5in->evalrandom2dbb10in, A: 1 [O(1)]
  19: evalrandom2dbb5in->evalrandom2dbb10in, B: 1 [O(1)]
  19: evalrandom2dbb5in->evalrandom2dbb10in, C: 1 [O(1)]
  19: evalrandom2dbb5in->evalrandom2dbb10in, D: 1 [O(1)]
  25: evalrandom2dbb7in->evalrandom2dbb10in, A: 1 [O(1)]
  25: evalrandom2dbb7in->evalrandom2dbb10in, B: 1 [O(1)]
  25: evalrandom2dbb7in->evalrandom2dbb10in, C: 1 [O(1)]
  25: evalrandom2dbb7in->evalrandom2dbb10in, D: 2 [O(1)]
  29: evalrandom2dbb9in->evalrandom2dbb10in, A: 1 [O(1)]
  29: evalrandom2dbb9in->evalrandom2dbb10in, B: 1 [O(1)]
  29: evalrandom2dbb9in->evalrandom2dbb10in, C: 1 [O(1)]
  29: evalrandom2dbb9in->evalrandom2dbb10in, D: 3 [O(1)]
  4: evalrandom2dbbin->evalrandom2dbb2in, A: 0 [O(1)]
  4: evalrandom2dbbin->evalrandom2dbb2in, B: 1 [O(1)]
  4: evalrandom2dbbin->evalrandom2dbb2in, C: 1 [O(1)]
  4: evalrandom2dbbin->evalrandom2dbb2in, D: 0 [O(1)]
  5: evalrandom2dbbin->evalrandom2dbb10in, A: 1 [O(1)]
  5: evalrandom2dbbin->evalrandom2dbb10in, B: 1 [O(1)]
  5: evalrandom2dbbin->evalrandom2dbb10in, C: -max{-1, -C} [O(n)]
  5: evalrandom2dbbin->evalrandom2dbb10in, D: -max{0, -D} [O(n)]
  6: evalrandom2dbbin->evalrandom2dbb10in, A: 1 [O(1)]
  6: evalrandom2dbbin->evalrandom2dbb10in, B: 1 [O(1)]
  6: evalrandom2dbbin->evalrandom2dbb10in, C: -max{-1, -C} [O(n)]
  6: evalrandom2dbbin->evalrandom2dbb10in, D: -max{0, -D} [O(n)]
  1: evalrandom2dentryin->evalrandom2dbb10in, A: 0 [O(1)]
  1: evalrandom2dentryin->evalrandom2dbb10in, B: B [O(n)]
  1: evalrandom2dentryin->evalrandom2dbb10in, C: C [O(n)]
  1: evalrandom2dentryin->evalrandom2dbb10in, D: D [O(n)]
  31: evalrandom2dreturnin->evalrandom2dstop, A: 0 [O(1)]
  31: evalrandom2dreturnin->evalrandom2dstop, B: -max{-1, -B} [O(n)]
  31: evalrandom2dreturnin->evalrandom2dstop, C: -max{-1, -C} [O(n)]
  31: evalrandom2dreturnin->evalrandom2dstop, D: -max{0, -D} [O(n)]
  0: evalrandom2dstart->evalrandom2dentryin, A: A [O(n)]
  0: evalrandom2dstart->evalrandom2dentryin, B: B [O(n)]
  0: evalrandom2dstart->evalrandom2dentryin, C: C [O(n)]
  0: evalrandom2dstart->evalrandom2dentryin, D: D [O(n)]
`Upper:
  16: evalrandom2dLeafBlock1in->evalrandom2dbb5in, A: max{0, B}+max{0, 4*B}+max{0, B} [O(n)]
  16: evalrandom2dLeafBlock1in->evalrandom2dbb5in, B: B [O(n)]
  16: evalrandom2dLeafBlock1in->evalrandom2dbb5in, C: max{0, B}+max{0, 4*B}+max{0, B} [O(n)]
  16: evalrandom2dLeafBlock1in->evalrandom2dbb5in, D: 1 [O(1)]
  22: evalrandom2dLeafBlock3in->evalrandom2dbb7in, A: max{0, B}+max{0, 4*B}+max{0, B} [O(n)]
  22: evalrandom2dLeafBlock3in->evalrandom2dbb7in, B: B [O(n)]
  22: evalrandom2dLeafBlock3in->evalrandom2dbb7in, C: max{0, B}+max{0, 4*B}+max{0, B} [O(n)]
  22: evalrandom2dLeafBlock3in->evalrandom2dbb7in, D: 2 [O(1)]
  26: evalrandom2dLeafBlock5in->evalrandom2dbb9in, A: max{0, B}+max{0, 4*B}+max{0, B} [O(n)]
  26: evalrandom2dLeafBlock5in->evalrandom2dbb9in, B: B [O(n)]
  26: evalrandom2dLeafBlock5in->evalrandom2dbb9in, C: max{0, B}+max{0, 4*B}+max{0, B} [O(n)]
  26: evalrandom2dLeafBlock5in->evalrandom2dbb9in, D: 3 [O(1)]
  12: evalrandom2dLeafBlockin->evalrandom2dbb3in, A: max{0, B}+max{0, 4*B}+max{0, B} [O(n)]
  12: evalrandom2dLeafBlockin->evalrandom2dbb3in, B: B [O(n)]
  12: evalrandom2dLeafBlockin->evalrandom2dbb3in, C: max{0, B}+max{0, 4*B}+max{0, B} [O(n)]
  12: evalrandom2dLeafBlockin->evalrandom2dbb3in, D: 0 [O(1)]
  20: evalrandom2dNodeBlock7in->evalrandom2dLeafBlock3in, A: max{0, B}+max{0, 4*B}+max{0, B} [O(n)]
  20: evalrandom2dNodeBlock7in->evalrandom2dLeafBlock3in, B: B [O(n)]
  20: evalrandom2dNodeBlock7in->evalrandom2dLeafBlock3in, C: max{0, B}+max{0, 4*B}+max{0, B} [O(n)]
  20: evalrandom2dNodeBlock7in->evalrandom2dLeafBlock3in, D: 2 [O(1)]
  21: evalrandom2dNodeBlock7in->evalrandom2dLeafBlock5in, A: max{0, B}+max{0, 4*B}+max{0, B} [O(n)]
  21: evalrandom2dNodeBlock7in->evalrandom2dLeafBlock5in, B: B [O(n)]
  21: evalrandom2dNodeBlock7in->evalrandom2dLeafBlock5in, C: max{0, B}+max{0, 4*B}+max{0, B} [O(n)]
  21: evalrandom2dNodeBlock7in->evalrandom2dLeafBlock5in, D: 3 [O(1)]
  8: evalrandom2dNodeBlock9in->evalrandom2dNodeBlockin, A: max{0, B}+max{0, 4*B}+max{0, B} [O(n)]
  8: evalrandom2dNodeBlock9in->evalrandom2dNodeBlockin, B: B [O(n)]
  8: evalrandom2dNodeBlock9in->evalrandom2dNodeBlockin, C: max{0, B}+max{0, 4*B}+max{0, B} [O(n)]
  8: evalrandom2dNodeBlock9in->evalrandom2dNodeBlockin, D: 1 [O(1)]
  9: evalrandom2dNodeBlock9in->evalrandom2dNodeBlock7in, A: max{0, B}+max{0, 4*B}+max{0, B} [O(n)]
  9: evalrandom2dNodeBlock9in->evalrandom2dNodeBlock7in, B: B [O(n)]
  9: evalrandom2dNodeBlock9in->evalrandom2dNodeBlock7in, C: max{0, B}+max{0, 4*B}+max{0, B} [O(n)]
  9: evalrandom2dNodeBlock9in->evalrandom2dNodeBlock7in, D: 3 [O(1)]
  10: evalrandom2dNodeBlockin->evalrandom2dLeafBlockin, A: max{0, B}+max{0, 4*B}+max{0, B} [O(n)]
  10: evalrandom2dNodeBlockin->evalrandom2dLeafBlockin, B: B [O(n)]
  10: evalrandom2dNodeBlockin->evalrandom2dLeafBlockin, C: max{0, B}+max{0, 4*B}+max{0, B} [O(n)]
  10: evalrandom2dNodeBlockin->evalrandom2dLeafBlockin, D: 0 [O(1)]
  11: evalrandom2dNodeBlockin->evalrandom2dLeafBlock1in, A: max{0, B}+max{0, 4*B}+max{0, B} [O(n)]
  11: evalrandom2dNodeBlockin->evalrandom2dLeafBlock1in, B: B [O(n)]
  11: evalrandom2dNodeBlockin->evalrandom2dLeafBlock1in, C: max{0, B}+max{0, 4*B}+max{0, B} [O(n)]
  11: evalrandom2dNodeBlockin->evalrandom2dLeafBlock1in, D: 1 [O(1)]
  2: evalrandom2dbb10in->evalrandom2dbbin, A: max{0, B}+max{0, 4*B}+max{0, B} [O(n)]
  2: evalrandom2dbb10in->evalrandom2dbbin, B: B [O(n)]
  2: evalrandom2dbb10in->evalrandom2dbbin, C: max{C, max{0, B}+max{0, 4*B}+max{0, B}} [O(n)]
  2: evalrandom2dbb10in->evalrandom2dbbin, D: max{3, D} [O(n)]
  3: evalrandom2dbb10in->evalrandom2dreturnin, A: max{0, max{0, B}+max{0, 4*B}+max{0, B}} [O(n)]
  3: evalrandom2dbb10in->evalrandom2dreturnin, B: B [O(n)]
  3: evalrandom2dbb10in->evalrandom2dreturnin, C: max{C, max{0, B}+max{0, 4*B}+max{0, B}} [O(n)]
  3: evalrandom2dbb10in->evalrandom2dreturnin, D: max{3, D} [O(n)]
  7: evalrandom2dbb2in->evalrandom2dNodeBlock9in, A: max{0, B}+max{0, 4*B}+max{0, B} [O(n)]
  7: evalrandom2dbb2in->evalrandom2dNodeBlock9in, B: B [O(n)]
  7: evalrandom2dbb2in->evalrandom2dNodeBlock9in, C: max{0, B}+max{0, 4*B}+max{0, B} [O(n)]
  7: evalrandom2dbb2in->evalrandom2dNodeBlock9in, D: 3 [O(1)]
  15: evalrandom2dbb3in->evalrandom2dbb10in, A: max{0, B}+max{0, 4*B}+max{0, B} [O(n)]
  15: evalrandom2dbb3in->evalrandom2dbb10in, B: B [O(n)]
  15: evalrandom2dbb3in->evalrandom2dbb10in, C: max{0, B}+max{0, 4*B}+max{0, B} [O(n)]
  15: evalrandom2dbb3in->evalrandom2dbb10in, D: 0 [O(1)]
  19: evalrandom2dbb5in->evalrandom2dbb10in, A: max{0, B}+max{0, 4*B}+max{0, B} [O(n)]
  19: evalrandom2dbb5in->evalrandom2dbb10in, B: B [O(n)]
  19: evalrandom2dbb5in->evalrandom2dbb10in, C: max{0, B}+max{0, 4*B}+max{0, B} [O(n)]
  19: evalrandom2dbb5in->evalrandom2dbb10in, D: 1 [O(1)]
  25: evalrandom2dbb7in->evalrandom2dbb10in, A: max{0, B}+max{0, 4*B}+max{0, B} [O(n)]
  25: evalrandom2dbb7in->evalrandom2dbb10in, B: B [O(n)]
  25: evalrandom2dbb7in->evalrandom2dbb10in, C: max{0, B}+max{0, 4*B}+max{0, B} [O(n)]
  25: evalrandom2dbb7in->evalrandom2dbb10in, D: 2 [O(1)]
  29: evalrandom2dbb9in->evalrandom2dbb10in, A: max{0, B}+max{0, 4*B}+max{0, B} [O(n)]
  29: evalrandom2dbb9in->evalrandom2dbb10in, B: B [O(n)]
  29: evalrandom2dbb9in->evalrandom2dbb10in, C: max{0, B}+max{0, 4*B}+max{0, B} [O(n)]
  29: evalrandom2dbb9in->evalrandom2dbb10in, D: 3 [O(1)]
  4: evalrandom2dbbin->evalrandom2dbb2in, A: max{0, B}+max{0, 4*B}+max{0, B} [O(n)]
  4: evalrandom2dbbin->evalrandom2dbb2in, B: B [O(n)]
  4: evalrandom2dbbin->evalrandom2dbb2in, C: max{0, B}+max{0, 4*B}+max{0, B} [O(n)]
  4: evalrandom2dbbin->evalrandom2dbb2in, D: 3 [O(1)]
  5: evalrandom2dbbin->evalrandom2dbb10in, A: max{0, B}+max{0, 4*B}+max{0, B} [O(n)]
  5: evalrandom2dbbin->evalrandom2dbb10in, B: B [O(n)]
  5: evalrandom2dbbin->evalrandom2dbb10in, C: max{C, max{0, B}+max{0, 4*B}+max{0, B}} [O(n)]
  5: evalrandom2dbbin->evalrandom2dbb10in, D: max{3, D} [O(n)]
  6: evalrandom2dbbin->evalrandom2dbb10in, A: max{0, B}+max{0, 4*B}+max{0, B} [O(n)]
  6: evalrandom2dbbin->evalrandom2dbb10in, B: B [O(n)]
  6: evalrandom2dbbin->evalrandom2dbb10in, C: max{C, max{0, B}+max{0, 4*B}+max{0, B}} [O(n)]
  6: evalrandom2dbbin->evalrandom2dbb10in, D: max{3, D} [O(n)]
  1: evalrandom2dentryin->evalrandom2dbb10in, A: 0 [O(1)]
  1: evalrandom2dentryin->evalrandom2dbb10in, B: B [O(n)]
  1: evalrandom2dentryin->evalrandom2dbb10in, C: C [O(n)]
  1: evalrandom2dentryin->evalrandom2dbb10in, D: D [O(n)]
  31: evalrandom2dreturnin->evalrandom2dstop, A: max{0, max{0, B}+max{0, 4*B}+max{0, B}} [O(n)]
  31: evalrandom2dreturnin->evalrandom2dstop, B: B [O(n)]
  31: evalrandom2dreturnin->evalrandom2dstop, C: max{C, max{0, B}+max{0, 4*B}+max{0, B}} [O(n)]
  31: evalrandom2dreturnin->evalrandom2dstop, D: max{3, D} [O(n)]
  0: evalrandom2dstart->evalrandom2dentryin, A: A [O(n)]
  0: evalrandom2dstart->evalrandom2dentryin, B: B [O(n)]
  0: evalrandom2dstart->evalrandom2dentryin, C: C [O(n)]
  0: evalrandom2dstart->evalrandom2dentryin, D: D [O(n)]
