Timebounds: 
  Overall timebound: inf [Infinity]
  4: evalrealheapsortstep2bb11in->evalrealheapsortstep2bb1in: max{0, 1+A} [O(n)]
  5: evalrealheapsortstep2bb11in->evalrealheapsortstep2returnin: 1 [O(1)]
  3: evalrealheapsortstep2bbin->evalrealheapsortstep2bb11in: 1 [O(1)]
  1: evalrealheapsortstep2entryin->evalrealheapsortstep2bbin: 1 [O(1)]
  2: evalrealheapsortstep2entryin->evalrealheapsortstep2returnin: 1 [O(1)]
  20: evalrealheapsortstep2returnin->evalrealheapsortstep2stop: 1 [O(1)]
  0: evalrealheapsortstep2start->evalrealheapsortstep2entryin: 1 [O(1)]

Costbounds:
  Overall costbound: inf [Infinity]
  19: evalrealheapsortstep2bb10in->evalrealheapsortstep2bb11in: inf [Infinity]
  4: evalrealheapsortstep2bb11in->evalrealheapsortstep2bb1in: max{0, 1+A} [O(n)]
  5: evalrealheapsortstep2bb11in->evalrealheapsortstep2returnin: 1 [O(1)]
  6: evalrealheapsortstep2bb1in->evalrealheapsortstep2bb9in: inf [Infinity]
  9: evalrealheapsortstep2bb2in->evalrealheapsortstep2bb4in: inf [Infinity]
  10: evalrealheapsortstep2bb2in->evalrealheapsortstep2bb3in: inf [Infinity]
  11: evalrealheapsortstep2bb2in->evalrealheapsortstep2bb3in: inf [Infinity]
  12: evalrealheapsortstep2bb3in->evalrealheapsortstep2bb4in: inf [Infinity]
  13: evalrealheapsortstep2bb3in->evalrealheapsortstep2bb5in: inf [Infinity]
  14: evalrealheapsortstep2bb4in->evalrealheapsortstep2bb6in: inf [Infinity]
  15: evalrealheapsortstep2bb5in->evalrealheapsortstep2bb6in: inf [Infinity]
  16: evalrealheapsortstep2bb6in->evalrealheapsortstep2bb7in: inf [Infinity]
  17: evalrealheapsortstep2bb6in->evalrealheapsortstep2bb9in: inf [Infinity]
  18: evalrealheapsortstep2bb7in->evalrealheapsortstep2bb9in: inf [Infinity]
  7: evalrealheapsortstep2bb9in->evalrealheapsortstep2bb2in: inf [Infinity]
  8: evalrealheapsortstep2bb9in->evalrealheapsortstep2bb10in: inf [Infinity]
  3: evalrealheapsortstep2bbin->evalrealheapsortstep2bb11in: 1 [O(1)]
  1: evalrealheapsortstep2entryin->evalrealheapsortstep2bbin: 1 [O(1)]
  2: evalrealheapsortstep2entryin->evalrealheapsortstep2returnin: 1 [O(1)]
  20: evalrealheapsortstep2returnin->evalrealheapsortstep2stop: 1 [O(1)]
  0: evalrealheapsortstep2start->evalrealheapsortstep2entryin: 1 [O(1)]

Sizebounds:
`Lower:
  19: evalrealheapsortstep2bb10in->evalrealheapsortstep2bb11in, A: 0 [O(1)]
  19: evalrealheapsortstep2bb10in->evalrealheapsortstep2bb11in, B: 1 [O(1)]
  19: evalrealheapsortstep2bb10in->evalrealheapsortstep2bb11in, C: -max{-1, -1, max{1, -1+A}} [O(n)]
  4: evalrealheapsortstep2bb11in->evalrealheapsortstep2bb1in, A: 0 [O(1)]
  4: evalrealheapsortstep2bb11in->evalrealheapsortstep2bb1in, B: 0 [O(1)]
  4: evalrealheapsortstep2bb11in->evalrealheapsortstep2bb1in, C: -max{-1, -1, max{1, -C, -1+A}} [O(n)]
  5: evalrealheapsortstep2bb11in->evalrealheapsortstep2returnin, A: 0 [O(1)]
  5: evalrealheapsortstep2bb11in->evalrealheapsortstep2returnin, B: 0 [O(1)]
  5: evalrealheapsortstep2bb11in->evalrealheapsortstep2returnin, C: -max{-1, -1, max{1, -C, -1+A}} [O(n)]
  6: evalrealheapsortstep2bb1in->evalrealheapsortstep2bb9in, A: 0 [O(1)]
  6: evalrealheapsortstep2bb1in->evalrealheapsortstep2bb9in, B: 0 [O(1)]
  6: evalrealheapsortstep2bb1in->evalrealheapsortstep2bb9in, C: 0 [O(1)]
  9: evalrealheapsortstep2bb2in->evalrealheapsortstep2bb4in, A: 0 [O(1)]
  9: evalrealheapsortstep2bb2in->evalrealheapsortstep2bb4in, B: 0 [O(1)]
  9: evalrealheapsortstep2bb2in->evalrealheapsortstep2bb4in, C: -1-max{0, -2, -2+A} [O(n)]
  10: evalrealheapsortstep2bb2in->evalrealheapsortstep2bb3in, A: 0 [O(1)]
  10: evalrealheapsortstep2bb2in->evalrealheapsortstep2bb3in, B: 0 [O(1)]
  11: evalrealheapsortstep2bb2in->evalrealheapsortstep2bb3in, A: 0 [O(1)]
  11: evalrealheapsortstep2bb2in->evalrealheapsortstep2bb3in, B: 0 [O(1)]
  11: evalrealheapsortstep2bb2in->evalrealheapsortstep2bb3in, C: -1-max{0, -2, -2+A} [O(n)]
  12: evalrealheapsortstep2bb3in->evalrealheapsortstep2bb4in, A: 0 [O(1)]
  12: evalrealheapsortstep2bb3in->evalrealheapsortstep2bb4in, B: 0 [O(1)]
  13: evalrealheapsortstep2bb3in->evalrealheapsortstep2bb5in, A: 0 [O(1)]
  13: evalrealheapsortstep2bb3in->evalrealheapsortstep2bb5in, B: 0 [O(1)]
  14: evalrealheapsortstep2bb4in->evalrealheapsortstep2bb6in, A: 0 [O(1)]
  14: evalrealheapsortstep2bb4in->evalrealheapsortstep2bb6in, B: 0 [O(1)]
  15: evalrealheapsortstep2bb5in->evalrealheapsortstep2bb6in, A: 0 [O(1)]
  15: evalrealheapsortstep2bb5in->evalrealheapsortstep2bb6in, B: 0 [O(1)]
  16: evalrealheapsortstep2bb6in->evalrealheapsortstep2bb7in, A: 0 [O(1)]
  16: evalrealheapsortstep2bb6in->evalrealheapsortstep2bb7in, B: 0 [O(1)]
  17: evalrealheapsortstep2bb6in->evalrealheapsortstep2bb9in, A: 0 [O(1)]
  17: evalrealheapsortstep2bb6in->evalrealheapsortstep2bb9in, B: 0 [O(1)]
  17: evalrealheapsortstep2bb6in->evalrealheapsortstep2bb9in, C: 0 [O(1)]
  18: evalrealheapsortstep2bb7in->evalrealheapsortstep2bb9in, A: 0 [O(1)]
  18: evalrealheapsortstep2bb7in->evalrealheapsortstep2bb9in, B: 0 [O(1)]
  7: evalrealheapsortstep2bb9in->evalrealheapsortstep2bb2in, A: 0 [O(1)]
  7: evalrealheapsortstep2bb9in->evalrealheapsortstep2bb2in, B: 0 [O(1)]
  8: evalrealheapsortstep2bb9in->evalrealheapsortstep2bb10in, A: 0 [O(1)]
  8: evalrealheapsortstep2bb9in->evalrealheapsortstep2bb10in, B: 0 [O(1)]
  8: evalrealheapsortstep2bb9in->evalrealheapsortstep2bb10in, C: -max{-1, -1, max{1, -1+A}} [O(n)]
  3: evalrealheapsortstep2bbin->evalrealheapsortstep2bb11in, A: 3 [O(1)]
  3: evalrealheapsortstep2bbin->evalrealheapsortstep2bb11in, B: 0 [O(1)]
  3: evalrealheapsortstep2bbin->evalrealheapsortstep2bb11in, C: C [O(n)]
  3: evalrealheapsortstep2bbin->evalrealheapsortstep2bb11in, D: D [O(n)]
  1: evalrealheapsortstep2entryin->evalrealheapsortstep2bbin, A: 3 [O(1)]
  1: evalrealheapsortstep2entryin->evalrealheapsortstep2bbin, B: B [O(n)]
  1: evalrealheapsortstep2entryin->evalrealheapsortstep2bbin, C: C [O(n)]
  1: evalrealheapsortstep2entryin->evalrealheapsortstep2bbin, D: D [O(n)]
  2: evalrealheapsortstep2entryin->evalrealheapsortstep2returnin, A: A [O(n)]
  2: evalrealheapsortstep2entryin->evalrealheapsortstep2returnin, B: B [O(n)]
  2: evalrealheapsortstep2entryin->evalrealheapsortstep2returnin, C: C [O(n)]
  2: evalrealheapsortstep2entryin->evalrealheapsortstep2returnin, D: D [O(n)]
  20: evalrealheapsortstep2returnin->evalrealheapsortstep2stop, A: -max{0, -A} [O(n)]
  20: evalrealheapsortstep2returnin->evalrealheapsortstep2stop, B: -max{0, -B} [O(n)]
  20: evalrealheapsortstep2returnin->evalrealheapsortstep2stop, C: -max{-1, -1, max{1, -C, max{-C, -1+A}}} [O(n)]
  0: evalrealheapsortstep2start->evalrealheapsortstep2entryin, A: A [O(n)]
  0: evalrealheapsortstep2start->evalrealheapsortstep2entryin, B: B [O(n)]
  0: evalrealheapsortstep2start->evalrealheapsortstep2entryin, C: C [O(n)]
  0: evalrealheapsortstep2start->evalrealheapsortstep2entryin, D: D [O(n)]
`Upper:
  19: evalrealheapsortstep2bb10in->evalrealheapsortstep2bb11in, A: max{0, A} [O(n)]
  19: evalrealheapsortstep2bb10in->evalrealheapsortstep2bb11in, B: max{-1, -1, max{1, -1+A}} [O(n)]
  19: evalrealheapsortstep2bb10in->evalrealheapsortstep2bb11in, C: max{0, A, 2*max{-1, -1+A}} [O(n)]
  19: evalrealheapsortstep2bb10in->evalrealheapsortstep2bb11in, D: max{0, D, 2*max{-1, -1+A}} [O(n)]
  4: evalrealheapsortstep2bb11in->evalrealheapsortstep2bb1in, A: max{0, A} [O(n)]
  4: evalrealheapsortstep2bb11in->evalrealheapsortstep2bb1in, B: max{-2, -2+A} [O(n)]
  4: evalrealheapsortstep2bb11in->evalrealheapsortstep2bb1in, C: max{0, C, max{A, 2*max{-1, -1+A}}} [O(n)]
  4: evalrealheapsortstep2bb11in->evalrealheapsortstep2bb1in, D: max{0, D, 2*max{-1, -1+A}} [O(n)]
  5: evalrealheapsortstep2bb11in->evalrealheapsortstep2returnin, A: max{0, A} [O(n)]
  5: evalrealheapsortstep2bb11in->evalrealheapsortstep2returnin, B: max{-1, -1, max{1, -1+A}} [O(n)]
  5: evalrealheapsortstep2bb11in->evalrealheapsortstep2returnin, C: max{0, C, max{A, 2*max{-1, -1+A}}} [O(n)]
  5: evalrealheapsortstep2bb11in->evalrealheapsortstep2returnin, D: max{0, D, max{D, 2*max{-1, -1+A}}} [O(n)]
  6: evalrealheapsortstep2bb1in->evalrealheapsortstep2bb9in, A: max{0, A} [O(n)]
  6: evalrealheapsortstep2bb1in->evalrealheapsortstep2bb9in, B: max{-2, -2+A} [O(n)]
  6: evalrealheapsortstep2bb1in->evalrealheapsortstep2bb9in, C: 0 [O(1)]
  6: evalrealheapsortstep2bb1in->evalrealheapsortstep2bb9in, D: max{0, D, 2*max{-1, -1+A}} [O(n)]
  9: evalrealheapsortstep2bb2in->evalrealheapsortstep2bb4in, A: max{0, A} [O(n)]
  9: evalrealheapsortstep2bb2in->evalrealheapsortstep2bb4in, B: max{0, -2, -2+A} [O(n)]
  9: evalrealheapsortstep2bb2in->evalrealheapsortstep2bb4in, C: max{-2, -2+A} [O(n)]
  9: evalrealheapsortstep2bb2in->evalrealheapsortstep2bb4in, D: max{0, D, 2*max{-1, -1+A}} [O(n)]
  10: evalrealheapsortstep2bb2in->evalrealheapsortstep2bb3in, A: max{0, A} [O(n)]
  10: evalrealheapsortstep2bb2in->evalrealheapsortstep2bb3in, B: max{0, -2, -2+A} [O(n)]
  10: evalrealheapsortstep2bb2in->evalrealheapsortstep2bb3in, C: max{-2, -2+A} [O(n)]
  10: evalrealheapsortstep2bb2in->evalrealheapsortstep2bb3in, D: max{0, D, 2*max{-1, -1+A}} [O(n)]
  11: evalrealheapsortstep2bb2in->evalrealheapsortstep2bb3in, A: max{0, A} [O(n)]
  11: evalrealheapsortstep2bb2in->evalrealheapsortstep2bb3in, B: max{0, -2, -2+A} [O(n)]
  11: evalrealheapsortstep2bb2in->evalrealheapsortstep2bb3in, C: max{-2, -2+A} [O(n)]
  11: evalrealheapsortstep2bb2in->evalrealheapsortstep2bb3in, D: max{0, D, 2*max{-1, -1+A}} [O(n)]
  12: evalrealheapsortstep2bb3in->evalrealheapsortstep2bb4in, A: max{0, A} [O(n)]
  12: evalrealheapsortstep2bb3in->evalrealheapsortstep2bb4in, B: max{0, -2, -2+A} [O(n)]
  12: evalrealheapsortstep2bb3in->evalrealheapsortstep2bb4in, C: max{-2, -2+A} [O(n)]
  12: evalrealheapsortstep2bb3in->evalrealheapsortstep2bb4in, D: max{0, D, 2*max{-1, -1+A}} [O(n)]
  13: evalrealheapsortstep2bb3in->evalrealheapsortstep2bb5in, A: max{0, A} [O(n)]
  13: evalrealheapsortstep2bb3in->evalrealheapsortstep2bb5in, B: max{0, -2, -2+A} [O(n)]
  13: evalrealheapsortstep2bb3in->evalrealheapsortstep2bb5in, C: max{-2, -2+A} [O(n)]
  13: evalrealheapsortstep2bb3in->evalrealheapsortstep2bb5in, D: max{0, D, 2*max{-1, -1+A}} [O(n)]
  14: evalrealheapsortstep2bb4in->evalrealheapsortstep2bb6in, A: max{0, A} [O(n)]
  14: evalrealheapsortstep2bb4in->evalrealheapsortstep2bb6in, B: max{0, -2, -2+A} [O(n)]
  14: evalrealheapsortstep2bb4in->evalrealheapsortstep2bb6in, C: max{-2, -2+A} [O(n)]
  14: evalrealheapsortstep2bb4in->evalrealheapsortstep2bb6in, D: 2*max{-1, -1+A} [O(n)]
  15: evalrealheapsortstep2bb5in->evalrealheapsortstep2bb6in, A: max{0, A} [O(n)]
  15: evalrealheapsortstep2bb5in->evalrealheapsortstep2bb6in, B: max{0, -2, -2+A} [O(n)]
  15: evalrealheapsortstep2bb5in->evalrealheapsortstep2bb6in, C: max{-2, -2+A} [O(n)]
  15: evalrealheapsortstep2bb5in->evalrealheapsortstep2bb6in, D: 2*max{-1, -1+A} [O(n)]
  16: evalrealheapsortstep2bb6in->evalrealheapsortstep2bb7in, A: max{0, A} [O(n)]
  16: evalrealheapsortstep2bb6in->evalrealheapsortstep2bb7in, B: max{0, -2, -2+A} [O(n)]
  16: evalrealheapsortstep2bb6in->evalrealheapsortstep2bb7in, C: max{-2, -2+A} [O(n)]
  16: evalrealheapsortstep2bb6in->evalrealheapsortstep2bb7in, D: 2*max{-1, -1+A} [O(n)]
  17: evalrealheapsortstep2bb6in->evalrealheapsortstep2bb9in, A: max{0, A} [O(n)]
  17: evalrealheapsortstep2bb6in->evalrealheapsortstep2bb9in, B: max{0, -2, -2+A} [O(n)]
  17: evalrealheapsortstep2bb6in->evalrealheapsortstep2bb9in, C: max{0, A} [O(n)]
  17: evalrealheapsortstep2bb6in->evalrealheapsortstep2bb9in, D: 2*max{-1, -1+A} [O(n)]
  18: evalrealheapsortstep2bb7in->evalrealheapsortstep2bb9in, A: max{0, A} [O(n)]
  18: evalrealheapsortstep2bb7in->evalrealheapsortstep2bb9in, B: max{0, -2, -2+A} [O(n)]
  18: evalrealheapsortstep2bb7in->evalrealheapsortstep2bb9in, C: 2*max{-1, -1+A} [O(n)]
  18: evalrealheapsortstep2bb7in->evalrealheapsortstep2bb9in, D: 2*max{-1, -1+A} [O(n)]
  7: evalrealheapsortstep2bb9in->evalrealheapsortstep2bb2in, A: max{0, A} [O(n)]
  7: evalrealheapsortstep2bb9in->evalrealheapsortstep2bb2in, B: max{0, -2, -2+A} [O(n)]
  7: evalrealheapsortstep2bb9in->evalrealheapsortstep2bb2in, C: max{-2, -2+A} [O(n)]
  7: evalrealheapsortstep2bb9in->evalrealheapsortstep2bb2in, D: max{0, D, 2*max{-1, -1+A}} [O(n)]
  8: evalrealheapsortstep2bb9in->evalrealheapsortstep2bb10in, A: max{0, A} [O(n)]
  8: evalrealheapsortstep2bb9in->evalrealheapsortstep2bb10in, B: max{-2, -2, max{0, -2+A}} [O(n)]
  8: evalrealheapsortstep2bb9in->evalrealheapsortstep2bb10in, C: max{0, A, 2*max{-1, -1+A}} [O(n)]
  8: evalrealheapsortstep2bb9in->evalrealheapsortstep2bb10in, D: max{0, D, 2*max{-1, -1+A}} [O(n)]
  3: evalrealheapsortstep2bbin->evalrealheapsortstep2bb11in, A: A [O(n)]
  3: evalrealheapsortstep2bbin->evalrealheapsortstep2bb11in, B: 0 [O(1)]
  3: evalrealheapsortstep2bbin->evalrealheapsortstep2bb11in, C: C [O(n)]
  3: evalrealheapsortstep2bbin->evalrealheapsortstep2bb11in, D: D [O(n)]
  1: evalrealheapsortstep2entryin->evalrealheapsortstep2bbin, A: A [O(n)]
  1: evalrealheapsortstep2entryin->evalrealheapsortstep2bbin, B: B [O(n)]
  1: evalrealheapsortstep2entryin->evalrealheapsortstep2bbin, C: C [O(n)]
  1: evalrealheapsortstep2entryin->evalrealheapsortstep2bbin, D: D [O(n)]
  2: evalrealheapsortstep2entryin->evalrealheapsortstep2returnin, A: 2 [O(1)]
  2: evalrealheapsortstep2entryin->evalrealheapsortstep2returnin, B: B [O(n)]
  2: evalrealheapsortstep2entryin->evalrealheapsortstep2returnin, C: C [O(n)]
  2: evalrealheapsortstep2entryin->evalrealheapsortstep2returnin, D: D [O(n)]
  20: evalrealheapsortstep2returnin->evalrealheapsortstep2stop, A: max{2, 0, A} [O(n)]
  20: evalrealheapsortstep2returnin->evalrealheapsortstep2stop, B: max{-1, -1, max{1, B, -1+A}} [O(n)]
  20: evalrealheapsortstep2returnin->evalrealheapsortstep2stop, C: max{0, C, max{C, A, 2*max{-1, -1+A}}} [O(n)]
  20: evalrealheapsortstep2returnin->evalrealheapsortstep2stop, D: max{0, D, max{D, D, 2*max{-1, -1+A}}} [O(n)]
  0: evalrealheapsortstep2start->evalrealheapsortstep2entryin, A: A [O(n)]
  0: evalrealheapsortstep2start->evalrealheapsortstep2entryin, B: B [O(n)]
  0: evalrealheapsortstep2start->evalrealheapsortstep2entryin, C: C [O(n)]
  0: evalrealheapsortstep2start->evalrealheapsortstep2entryin, D: D [O(n)]
