Timebounds: 
  Overall timebound: 5+2*max{0, A*(-1+A)}+2*max{0, A*max{3, 3*(-1+A)}}+max{0, A}+max{0, A*max{3, 1+2*(-1+A)}}+max{0, -1+A}+max{0, 2*(-1+A)}+max{0, 2*(-1+A)} [O(n^2)]
  6: evalrealbubblebb1in->evalrealbubblebb2in: max{0, A*max{3, 3*(-1+A)}} [O(n^2)]
  7: evalrealbubblebb1in->evalrealbubblebb3in: max{0, A*max{3, 3*(-1+A)}} [O(n^2)]
  8: evalrealbubblebb2in->evalrealbubblebb3in: max{0, A*(-1+A)} [O(n^2)]
  9: evalrealbubblebb3in->evalrealbubblebb4in: max{0, A*(-1+A)} [O(n^2)]
  4: evalrealbubblebb4in->evalrealbubblebb1in: max{0, A*max{3, 1+2*(-1+A)}} [O(n^2)]
  5: evalrealbubblebb4in->evalrealbubblebb5in: max{0, 2*(-1+A)} [O(n)]
  10: evalrealbubblebb5in->evalrealbubblereturnin: 1 [O(1)]
  12: evalrealbubblebb5in->evalrealbubblebb6in: max{0, 2*(-1+A)} [O(n)]
  13: evalrealbubblebb6in->evalrealbubblebb7in: max{0, -1+A} [O(n)]
  2: evalrealbubblebb7in->evalrealbubblebb4in: max{0, A} [O(n)]
  3: evalrealbubblebb7in->evalrealbubblereturnin: 1 [O(1)]
  1: evalrealbubbleentryin->evalrealbubblebb7in: 1 [O(1)]
  14: evalrealbubblereturnin->evalrealbubblestop: 1 [O(1)]
  0: evalrealbubblestart->evalrealbubbleentryin: 1 [O(1)]

Costbounds:
  Overall costbound: 5+2*max{0, A*(-1+A)}+2*max{0, A*max{3, 3*(-1+A)}}+max{0, A}+max{0, A*max{3, 1+2*(-1+A)}}+max{0, -1+A}+max{0, 2*(-1+A)}+max{0, 2*(-1+A)} [O(n^2)]
  6: evalrealbubblebb1in->evalrealbubblebb2in: max{0, A*max{3, 3*(-1+A)}} [O(n^2)]
  7: evalrealbubblebb1in->evalrealbubblebb3in: max{0, A*max{3, 3*(-1+A)}} [O(n^2)]
  8: evalrealbubblebb2in->evalrealbubblebb3in: max{0, A*(-1+A)} [O(n^2)]
  9: evalrealbubblebb3in->evalrealbubblebb4in: max{0, A*(-1+A)} [O(n^2)]
  4: evalrealbubblebb4in->evalrealbubblebb1in: max{0, A*max{3, 1+2*(-1+A)}} [O(n^2)]
  5: evalrealbubblebb4in->evalrealbubblebb5in: max{0, 2*(-1+A)} [O(n)]
  10: evalrealbubblebb5in->evalrealbubblereturnin: 1 [O(1)]
  12: evalrealbubblebb5in->evalrealbubblebb6in: max{0, 2*(-1+A)} [O(n)]
  13: evalrealbubblebb6in->evalrealbubblebb7in: max{0, -1+A} [O(n)]
  2: evalrealbubblebb7in->evalrealbubblebb4in: max{0, A} [O(n)]
  3: evalrealbubblebb7in->evalrealbubblereturnin: 1 [O(1)]
  1: evalrealbubbleentryin->evalrealbubblebb7in: 1 [O(1)]
  14: evalrealbubblereturnin->evalrealbubblestop: 1 [O(1)]
  0: evalrealbubblestart->evalrealbubbleentryin: 1 [O(1)]

Sizebounds:
`Lower:
  6: evalrealbubblebb1in->evalrealbubblebb2in, A: 1 [O(1)]
  6: evalrealbubblebb1in->evalrealbubblebb2in, B: 0 [O(1)]
  6: evalrealbubblebb1in->evalrealbubblebb2in, C: 0 [O(1)]
  6: evalrealbubblebb1in->evalrealbubblebb2in, D: -max{0, -D} [O(n)]
  7: evalrealbubblebb1in->evalrealbubblebb3in, A: 1 [O(1)]
  7: evalrealbubblebb1in->evalrealbubblebb3in, B: 0 [O(1)]
  7: evalrealbubblebb1in->evalrealbubblebb3in, C: 0 [O(1)]
  7: evalrealbubblebb1in->evalrealbubblebb3in, D: 0 [O(1)]
  8: evalrealbubblebb2in->evalrealbubblebb3in, A: 1 [O(1)]
  8: evalrealbubblebb2in->evalrealbubblebb3in, B: 0 [O(1)]
  8: evalrealbubblebb2in->evalrealbubblebb3in, C: 0 [O(1)]
  8: evalrealbubblebb2in->evalrealbubblebb3in, D: 1 [O(1)]
  9: evalrealbubblebb3in->evalrealbubblebb4in, A: 1 [O(1)]
  9: evalrealbubblebb3in->evalrealbubblebb4in, B: 1 [O(1)]
  9: evalrealbubblebb3in->evalrealbubblebb4in, C: 0 [O(1)]
  9: evalrealbubblebb3in->evalrealbubblebb4in, D: 0 [O(1)]
  4: evalrealbubblebb4in->evalrealbubblebb1in, A: 1 [O(1)]
  4: evalrealbubblebb4in->evalrealbubblebb1in, B: 0 [O(1)]
  4: evalrealbubblebb4in->evalrealbubblebb1in, C: 0 [O(1)]
  4: evalrealbubblebb4in->evalrealbubblebb1in, D: -max{0, -D} [O(n)]
  5: evalrealbubblebb4in->evalrealbubblebb5in, A: 1 [O(1)]
  5: evalrealbubblebb4in->evalrealbubblebb5in, B: 1 [O(1)]
  5: evalrealbubblebb4in->evalrealbubblebb5in, C: 0 [O(1)]
  5: evalrealbubblebb4in->evalrealbubblebb5in, D: 0 [O(1)]
  10: evalrealbubblebb5in->evalrealbubblereturnin, A: 1 [O(1)]
  10: evalrealbubblebb5in->evalrealbubblereturnin, B: 1 [O(1)]
  10: evalrealbubblebb5in->evalrealbubblereturnin, C: 0 [O(1)]
  10: evalrealbubblebb5in->evalrealbubblereturnin, D: 0 [O(1)]
  12: evalrealbubblebb5in->evalrealbubblebb6in, A: 1 [O(1)]
  12: evalrealbubblebb5in->evalrealbubblebb6in, B: 1 [O(1)]
  12: evalrealbubblebb5in->evalrealbubblebb6in, C: 1 [O(1)]
  12: evalrealbubblebb5in->evalrealbubblebb6in, D: 0 [O(1)]
  13: evalrealbubblebb6in->evalrealbubblebb7in, A: 0 [O(1)]
  13: evalrealbubblebb6in->evalrealbubblebb7in, B: 1 [O(1)]
  13: evalrealbubblebb6in->evalrealbubblebb7in, C: 1 [O(1)]
  13: evalrealbubblebb6in->evalrealbubblebb7in, D: 0 [O(1)]
  2: evalrealbubblebb7in->evalrealbubblebb4in, A: 1 [O(1)]
  2: evalrealbubblebb7in->evalrealbubblebb4in, B: 0 [O(1)]
  2: evalrealbubblebb7in->evalrealbubblebb4in, C: 0 [O(1)]
  2: evalrealbubblebb7in->evalrealbubblebb4in, D: -max{0, -D} [O(n)]
  3: evalrealbubblebb7in->evalrealbubblereturnin, A: -max{0, 1-A} [O(n)]
  3: evalrealbubblebb7in->evalrealbubblereturnin, B: -max{-1, -B} [O(n)]
  3: evalrealbubblebb7in->evalrealbubblereturnin, C: -max{-1, -C} [O(n)]
  3: evalrealbubblebb7in->evalrealbubblereturnin, D: -max{0, -D} [O(n)]
  1: evalrealbubbleentryin->evalrealbubblebb7in, A: -1+A [O(n)]
  1: evalrealbubbleentryin->evalrealbubblebb7in, B: B [O(n)]
  1: evalrealbubbleentryin->evalrealbubblebb7in, C: C [O(n)]
  1: evalrealbubbleentryin->evalrealbubblebb7in, D: D [O(n)]
  14: evalrealbubblereturnin->evalrealbubblestop, A: -max{0, 1-A} [O(n)]
  14: evalrealbubblereturnin->evalrealbubblestop, B: -max{-1, -B} [O(n)]
  14: evalrealbubblereturnin->evalrealbubblestop, C: -max{0, -C} [O(n)]
  14: evalrealbubblereturnin->evalrealbubblestop, D: -max{0, -D} [O(n)]
  0: evalrealbubblestart->evalrealbubbleentryin, A: A [O(n)]
  0: evalrealbubblestart->evalrealbubbleentryin, B: B [O(n)]
  0: evalrealbubblestart->evalrealbubbleentryin, C: C [O(n)]
  0: evalrealbubblestart->evalrealbubbleentryin, D: D [O(n)]
`Upper:
  6: evalrealbubblebb1in->evalrealbubblebb2in, A: -1+A [O(n)]
  6: evalrealbubblebb1in->evalrealbubblebb2in, B: max{0, A*(-1+A)} [O(n^2)]
  6: evalrealbubblebb1in->evalrealbubblebb2in, C: 1 [O(1)]
  6: evalrealbubblebb1in->evalrealbubblebb2in, D: max{1, D} [O(n)]
  7: evalrealbubblebb1in->evalrealbubblebb3in, A: -1+A [O(n)]
  7: evalrealbubblebb1in->evalrealbubblebb3in, B: max{0, A*(-1+A)} [O(n^2)]
  7: evalrealbubblebb1in->evalrealbubblebb3in, C: 1 [O(1)]
  7: evalrealbubblebb1in->evalrealbubblebb3in, D: 1 [O(1)]
  8: evalrealbubblebb2in->evalrealbubblebb3in, A: -1+A [O(n)]
  8: evalrealbubblebb2in->evalrealbubblebb3in, B: max{0, A*(-1+A)} [O(n^2)]
  8: evalrealbubblebb2in->evalrealbubblebb3in, C: 1 [O(1)]
  8: evalrealbubblebb2in->evalrealbubblebb3in, D: 1 [O(1)]
  9: evalrealbubblebb3in->evalrealbubblebb4in, A: -1+A [O(n)]
  9: evalrealbubblebb3in->evalrealbubblebb4in, B: max{0, A*(-1+A)} [O(n^2)]
  9: evalrealbubblebb3in->evalrealbubblebb4in, C: 1 [O(1)]
  9: evalrealbubblebb3in->evalrealbubblebb4in, D: 1 [O(1)]
  4: evalrealbubblebb4in->evalrealbubblebb1in, A: -1+A [O(n)]
  4: evalrealbubblebb4in->evalrealbubblebb1in, B: max{0, A*(-1+A)} [O(n^2)]
  4: evalrealbubblebb4in->evalrealbubblebb1in, C: 1 [O(1)]
  4: evalrealbubblebb4in->evalrealbubblebb1in, D: max{1, D} [O(n)]
  5: evalrealbubblebb4in->evalrealbubblebb5in, A: -1+A [O(n)]
  5: evalrealbubblebb4in->evalrealbubblebb5in, B: max{0, A*(-1+A)} [O(n^2)]
  5: evalrealbubblebb4in->evalrealbubblebb5in, C: 1 [O(1)]
  5: evalrealbubblebb4in->evalrealbubblebb5in, D: 1 [O(1)]
  10: evalrealbubblebb5in->evalrealbubblereturnin, A: -1+A [O(n)]
  10: evalrealbubblebb5in->evalrealbubblereturnin, B: max{0, A*(-1+A)} [O(n^2)]
  10: evalrealbubblebb5in->evalrealbubblereturnin, C: 0 [O(1)]
  10: evalrealbubblebb5in->evalrealbubblereturnin, D: 1 [O(1)]
  12: evalrealbubblebb5in->evalrealbubblebb6in, A: -1+A [O(n)]
  12: evalrealbubblebb5in->evalrealbubblebb6in, B: max{0, A*(-1+A)} [O(n^2)]
  12: evalrealbubblebb5in->evalrealbubblebb6in, C: 1 [O(1)]
  12: evalrealbubblebb5in->evalrealbubblebb6in, D: 1 [O(1)]
  13: evalrealbubblebb6in->evalrealbubblebb7in, A: -1+A [O(n)]
  13: evalrealbubblebb6in->evalrealbubblebb7in, B: max{0, A*(-1+A)} [O(n^2)]
  13: evalrealbubblebb6in->evalrealbubblebb7in, C: 1 [O(1)]
  13: evalrealbubblebb6in->evalrealbubblebb7in, D: 1 [O(1)]
  2: evalrealbubblebb7in->evalrealbubblebb4in, A: -1+A [O(n)]
  2: evalrealbubblebb7in->evalrealbubblebb4in, B: 0 [O(1)]
  2: evalrealbubblebb7in->evalrealbubblebb4in, C: 0 [O(1)]
  2: evalrealbubblebb7in->evalrealbubblebb4in, D: max{1, D} [O(n)]
  3: evalrealbubblebb7in->evalrealbubblereturnin, A: 0 [O(1)]
  3: evalrealbubblebb7in->evalrealbubblereturnin, B: max{0, B, A*(-1+A)} [O(n^2)]
  3: evalrealbubblebb7in->evalrealbubblereturnin, C: max{1, C} [O(n)]
  3: evalrealbubblebb7in->evalrealbubblereturnin, D: max{1, D} [O(n)]
  1: evalrealbubbleentryin->evalrealbubblebb7in, A: -1+A [O(n)]
  1: evalrealbubbleentryin->evalrealbubblebb7in, B: B [O(n)]
  1: evalrealbubbleentryin->evalrealbubblebb7in, C: C [O(n)]
  1: evalrealbubbleentryin->evalrealbubblebb7in, D: D [O(n)]
  14: evalrealbubblereturnin->evalrealbubblestop, A: max{0, -1+A} [O(n)]
  14: evalrealbubblereturnin->evalrealbubblestop, B: max{0, B, A*(-1+A)} [O(n^2)]
  14: evalrealbubblereturnin->evalrealbubblestop, C: max{1, C} [O(n)]
  14: evalrealbubblereturnin->evalrealbubblestop, D: max{1, D} [O(n)]
  0: evalrealbubblestart->evalrealbubbleentryin, A: A [O(n)]
  0: evalrealbubblestart->evalrealbubbleentryin, B: B [O(n)]
  0: evalrealbubblestart->evalrealbubbleentryin, C: C [O(n)]
  0: evalrealbubblestart->evalrealbubbleentryin, D: D [O(n)]
