Timebounds: 
  Overall timebound: 6+(max{0, 2*(-1+A)}+max{0, 2*(1+A)})*max{0, 2+max{3*-max{0, -A}, 3*max{0, A}}}+(max{0, 2*(-1+A)}+max{0, 2*(1+A)})*max{0, 2+max{2*-max{0, -A}, 2*max{0, A}}}+(max{0, 2*(-1+A)}+max{0, 2*(1+A)})*max{0, 2*-max{0, -A}, 2*max{0, A}}+(max{0, 2*(-1+A)}+max{0, 2*(1+A)})*max{0, A}+(max{0, 2*(-1+A)}+max{0, 2*(1+A)})*max{0, 2+max{2*-max{0, -A}, 2*max{0, A}}}*max{0, max{0, A}+max{-1, 0, max{-1, -1+A}}}+(max{0, 2*(-1+A)}+max{0, 2*(1+A)})*max{0, 3*-max{0, -A}, 3*max{0, A}}+(max{0, 2*(-1+A)}+max{0, 2*(1+A)})*max{0, 2+max{2*-max{0, -A}, 2*max{0, A}}}*max{0, max{0, A}+max{-1, 0, max{-1, -1+A}}}+(max{0, 2*(-1+A)}+max{0, 2*(1+A)})*max{0, 2+max{2*-max{0, -A}, 2*max{0, A}}}*max{0, max{0, A}+max{-1, 0, max{-1, -1+A}}}+max{0, 2*(-1+A)}+max{0, 2*(1+A)}+max{0, 2*(-1+A)}+max{0, 2*(1+A)}+max{0, 2*(-1+A)}+max{0, 2*(1+A)} [O(n^3)]
  8: evalrealshellsortbb1in->evalrealshellsortbb3in: (max{0, 2*(-1+A)}+max{0, 2*(1+A)})*max{0, 2+max{3*-max{0, -A}, 3*max{0, A}}} [O(n^2)]
  13: evalrealshellsortbb2in->evalrealshellsortbb3in: (max{0, 2*(-1+A)}+max{0, 2*(1+A)})*max{0, 2+max{2*-max{0, -A}, 2*max{0, A}}}*max{0, max{0, A}+max{-1, 0, max{-1, -1+A}}} [O(n^3)]
  9: evalrealshellsortbb3in->evalrealshellsortbb5in: (max{0, 2*(-1+A)}+max{0, 2*(1+A)})*max{0, 2*-max{0, -A}, 2*max{0, A}} [O(n^2)]
  10: evalrealshellsortbb3in->evalrealshellsortbb4in: (max{0, 2*(-1+A)}+max{0, 2*(1+A)})*max{0, 2+max{2*-max{0, -A}, 2*max{0, A}}}*max{0, max{0, A}+max{-1, 0, max{-1, -1+A}}} [O(n^3)]
  11: evalrealshellsortbb4in->evalrealshellsortbb2in: (max{0, 2*(-1+A)}+max{0, 2*(1+A)})*max{0, 2+max{2*-max{0, -A}, 2*max{0, A}}}*max{0, max{0, A}+max{-1, 0, max{-1, -1+A}}} [O(n^3)]
  12: evalrealshellsortbb4in->evalrealshellsortbb5in: (max{0, 2*(-1+A)}+max{0, 2*(1+A)})*max{0, 3*-max{0, -A}, 3*max{0, A}} [O(n^2)]
  14: evalrealshellsortbb5in->evalrealshellsortbb6in: (max{0, 2*(-1+A)}+max{0, 2*(1+A)})*max{0, A} [O(n^2)]
  6: evalrealshellsortbb6in->evalrealshellsortbb1in: (max{0, 2*(-1+A)}+max{0, 2*(1+A)})*max{0, 2+max{2*-max{0, -A}, 2*max{0, A}}} [O(n^2)]
  7: evalrealshellsortbb6in->evalrealshellsortbb7in: max{0, 2*(-1+A)}+max{0, 2*(1+A)} [O(n)]
  16: evalrealshellsortbb7in->evalrealshellsortbb8in: max{0, 2*(-1+A)}+max{0, 2*(1+A)} [O(n)]
  4: evalrealshellsortbb8in->evalrealshellsortbb6in: max{0, 2*(-1+A)}+max{0, 2*(1+A)} [O(n)]
  5: evalrealshellsortbb8in->evalrealshellsortreturnin: 1 [O(1)]
  1: evalrealshellsortentryin->evalrealshellsortbb8in: 1 [O(1)]
  2: evalrealshellsortentryin->evalrealshellsortbb8in: 1 [O(1)]
  3: evalrealshellsortentryin->evalrealshellsortbb8in: 1 [O(1)]
  18: evalrealshellsortreturnin->evalrealshellsortstop: 1 [O(1)]
  0: evalrealshellsortstart->evalrealshellsortentryin: 1 [O(1)]

Costbounds:
  Overall costbound: 6+(max{0, 2*(-1+A)}+max{0, 2*(1+A)})*max{0, 2+max{3*-max{0, -A}, 3*max{0, A}}}+(max{0, 2*(-1+A)}+max{0, 2*(1+A)})*max{0, 2+max{2*-max{0, -A}, 2*max{0, A}}}+(max{0, 2*(-1+A)}+max{0, 2*(1+A)})*max{0, 2*-max{0, -A}, 2*max{0, A}}+(max{0, 2*(-1+A)}+max{0, 2*(1+A)})*max{0, A}+(max{0, 2*(-1+A)}+max{0, 2*(1+A)})*max{0, 2+max{2*-max{0, -A}, 2*max{0, A}}}*max{0, max{0, A}+max{-1, 0, max{-1, -1+A}}}+(max{0, 2*(-1+A)}+max{0, 2*(1+A)})*max{0, 3*-max{0, -A}, 3*max{0, A}}+(max{0, 2*(-1+A)}+max{0, 2*(1+A)})*max{0, 2+max{2*-max{0, -A}, 2*max{0, A}}}*max{0, max{0, A}+max{-1, 0, max{-1, -1+A}}}+(max{0, 2*(-1+A)}+max{0, 2*(1+A)})*max{0, 2+max{2*-max{0, -A}, 2*max{0, A}}}*max{0, max{0, A}+max{-1, 0, max{-1, -1+A}}}+max{0, 2*(-1+A)}+max{0, 2*(1+A)}+max{0, 2*(-1+A)}+max{0, 2*(1+A)}+max{0, 2*(-1+A)}+max{0, 2*(1+A)} [O(n^3)]
  8: evalrealshellsortbb1in->evalrealshellsortbb3in: (max{0, 2*(-1+A)}+max{0, 2*(1+A)})*max{0, 2+max{3*-max{0, -A}, 3*max{0, A}}} [O(n^2)]
  13: evalrealshellsortbb2in->evalrealshellsortbb3in: (max{0, 2*(-1+A)}+max{0, 2*(1+A)})*max{0, 2+max{2*-max{0, -A}, 2*max{0, A}}}*max{0, max{0, A}+max{-1, 0, max{-1, -1+A}}} [O(n^3)]
  9: evalrealshellsortbb3in->evalrealshellsortbb5in: (max{0, 2*(-1+A)}+max{0, 2*(1+A)})*max{0, 2*-max{0, -A}, 2*max{0, A}} [O(n^2)]
  10: evalrealshellsortbb3in->evalrealshellsortbb4in: (max{0, 2*(-1+A)}+max{0, 2*(1+A)})*max{0, 2+max{2*-max{0, -A}, 2*max{0, A}}}*max{0, max{0, A}+max{-1, 0, max{-1, -1+A}}} [O(n^3)]
  11: evalrealshellsortbb4in->evalrealshellsortbb2in: (max{0, 2*(-1+A)}+max{0, 2*(1+A)})*max{0, 2+max{2*-max{0, -A}, 2*max{0, A}}}*max{0, max{0, A}+max{-1, 0, max{-1, -1+A}}} [O(n^3)]
  12: evalrealshellsortbb4in->evalrealshellsortbb5in: (max{0, 2*(-1+A)}+max{0, 2*(1+A)})*max{0, 3*-max{0, -A}, 3*max{0, A}} [O(n^2)]
  14: evalrealshellsortbb5in->evalrealshellsortbb6in: (max{0, 2*(-1+A)}+max{0, 2*(1+A)})*max{0, A} [O(n^2)]
  6: evalrealshellsortbb6in->evalrealshellsortbb1in: (max{0, 2*(-1+A)}+max{0, 2*(1+A)})*max{0, 2+max{2*-max{0, -A}, 2*max{0, A}}} [O(n^2)]
  7: evalrealshellsortbb6in->evalrealshellsortbb7in: max{0, 2*(-1+A)}+max{0, 2*(1+A)} [O(n)]
  16: evalrealshellsortbb7in->evalrealshellsortbb8in: max{0, 2*(-1+A)}+max{0, 2*(1+A)} [O(n)]
  4: evalrealshellsortbb8in->evalrealshellsortbb6in: max{0, 2*(-1+A)}+max{0, 2*(1+A)} [O(n)]
  5: evalrealshellsortbb8in->evalrealshellsortreturnin: 1 [O(1)]
  1: evalrealshellsortentryin->evalrealshellsortbb8in: 1 [O(1)]
  2: evalrealshellsortentryin->evalrealshellsortbb8in: 1 [O(1)]
  3: evalrealshellsortentryin->evalrealshellsortbb8in: 1 [O(1)]
  18: evalrealshellsortreturnin->evalrealshellsortstop: 1 [O(1)]
  0: evalrealshellsortstart->evalrealshellsortentryin: 1 [O(1)]

Sizebounds:
`Lower:
  8: evalrealshellsortbb1in->evalrealshellsortbb3in, A: -max{0, -A} [O(n)]
  8: evalrealshellsortbb1in->evalrealshellsortbb3in, B: -max{0, -1-A} [O(n)]
  8: evalrealshellsortbb1in->evalrealshellsortbb3in, C: 0 [O(1)]
  8: evalrealshellsortbb1in->evalrealshellsortbb3in, D: -inf [Infinity]
  8: evalrealshellsortbb1in->evalrealshellsortbb3in, E: 0 [O(1)]
  8: evalrealshellsortbb1in->evalrealshellsortbb3in, F: -inf [Infinity]
  13: evalrealshellsortbb2in->evalrealshellsortbb3in, A: -max{0, -A} [O(n)]
  13: evalrealshellsortbb2in->evalrealshellsortbb3in, B: 1 [O(1)]
  13: evalrealshellsortbb2in->evalrealshellsortbb3in, C: 1 [O(1)]
  13: evalrealshellsortbb2in->evalrealshellsortbb3in, D: -inf [Infinity]
  13: evalrealshellsortbb2in->evalrealshellsortbb3in, E: 0 [O(1)]
  13: evalrealshellsortbb2in->evalrealshellsortbb3in, F: -inf [Infinity]
  9: evalrealshellsortbb3in->evalrealshellsortbb5in, A: -max{0, -A} [O(n)]
  9: evalrealshellsortbb3in->evalrealshellsortbb5in, B: -max{0, -1-A} [O(n)]
  9: evalrealshellsortbb3in->evalrealshellsortbb5in, C: 0 [O(1)]
  9: evalrealshellsortbb3in->evalrealshellsortbb5in, D: -inf [Infinity]
  9: evalrealshellsortbb3in->evalrealshellsortbb5in, E: -max{-1, -1+A} [O(n)]
  9: evalrealshellsortbb3in->evalrealshellsortbb5in, F: -inf [Infinity]
  10: evalrealshellsortbb3in->evalrealshellsortbb4in, A: -max{0, -A} [O(n)]
  10: evalrealshellsortbb3in->evalrealshellsortbb4in, B: 1 [O(1)]
  10: evalrealshellsortbb3in->evalrealshellsortbb4in, C: 1 [O(1)]
  10: evalrealshellsortbb3in->evalrealshellsortbb4in, D: -inf [Infinity]
  10: evalrealshellsortbb3in->evalrealshellsortbb4in, E: 1 [O(1)]
  10: evalrealshellsortbb3in->evalrealshellsortbb4in, F: -inf [Infinity]
  11: evalrealshellsortbb4in->evalrealshellsortbb2in, A: -max{0, -A} [O(n)]
  11: evalrealshellsortbb4in->evalrealshellsortbb2in, B: 1 [O(1)]
  11: evalrealshellsortbb4in->evalrealshellsortbb2in, C: 1 [O(1)]
  11: evalrealshellsortbb4in->evalrealshellsortbb2in, D: -inf [Infinity]
  11: evalrealshellsortbb4in->evalrealshellsortbb2in, E: 1 [O(1)]
  11: evalrealshellsortbb4in->evalrealshellsortbb2in, F: -inf [Infinity]
  12: evalrealshellsortbb4in->evalrealshellsortbb5in, A: -max{0, -A} [O(n)]
  12: evalrealshellsortbb4in->evalrealshellsortbb5in, B: 1 [O(1)]
  12: evalrealshellsortbb4in->evalrealshellsortbb5in, C: 1 [O(1)]
  12: evalrealshellsortbb4in->evalrealshellsortbb5in, D: -inf [Infinity]
  12: evalrealshellsortbb4in->evalrealshellsortbb5in, E: 1 [O(1)]
  12: evalrealshellsortbb4in->evalrealshellsortbb5in, F: -inf [Infinity]
  14: evalrealshellsortbb5in->evalrealshellsortbb6in, A: -max{0, -A} [O(n)]
  14: evalrealshellsortbb5in->evalrealshellsortbb6in, B: -max{0, -1-A} [O(n)]
  14: evalrealshellsortbb5in->evalrealshellsortbb6in, C: 1 [O(1)]
  14: evalrealshellsortbb5in->evalrealshellsortbb6in, D: -inf [Infinity]
  14: evalrealshellsortbb5in->evalrealshellsortbb6in, E: -max{-1, -1+A} [O(n)]
  14: evalrealshellsortbb5in->evalrealshellsortbb6in, F: -inf [Infinity]
  6: evalrealshellsortbb6in->evalrealshellsortbb1in, A: -max{0, -A} [O(n)]
  6: evalrealshellsortbb6in->evalrealshellsortbb1in, B: -max{0, -1-A} [O(n)]
  6: evalrealshellsortbb6in->evalrealshellsortbb1in, C: 0 [O(1)]
  6: evalrealshellsortbb6in->evalrealshellsortbb1in, D: -inf [Infinity]
  6: evalrealshellsortbb6in->evalrealshellsortbb1in, E: -max{-1, -1, max{-E, -1+A}} [O(n)]
  6: evalrealshellsortbb6in->evalrealshellsortbb1in, F: -inf [Infinity]
  7: evalrealshellsortbb6in->evalrealshellsortbb7in, A: -max{0, -A} [O(n)]
  7: evalrealshellsortbb6in->evalrealshellsortbb7in, B: -max{0, -1-A} [O(n)]
  7: evalrealshellsortbb6in->evalrealshellsortbb7in, C: 0 [O(1)]
  7: evalrealshellsortbb6in->evalrealshellsortbb7in, D: -inf [Infinity]
  7: evalrealshellsortbb6in->evalrealshellsortbb7in, E: -max{-1, -E, -1+A} [O(n)]
  7: evalrealshellsortbb6in->evalrealshellsortbb7in, F: -inf [Infinity]
  16: evalrealshellsortbb7in->evalrealshellsortbb8in, A: -max{0, -A} [O(n)]
  16: evalrealshellsortbb7in->evalrealshellsortbb8in, B: -max{0, -1-A} [O(n)]
  16: evalrealshellsortbb7in->evalrealshellsortbb8in, C: 0 [O(1)]
  16: evalrealshellsortbb7in->evalrealshellsortbb8in, D: -inf [Infinity]
  16: evalrealshellsortbb7in->evalrealshellsortbb8in, E: -max{-1, -E, -1+A} [O(n)]
  16: evalrealshellsortbb7in->evalrealshellsortbb8in, F: -inf [Infinity]
  4: evalrealshellsortbb8in->evalrealshellsortbb6in, A: -max{0, -A} [O(n)]
  4: evalrealshellsortbb8in->evalrealshellsortbb6in, B: -max{0, -1-A} [O(n)]
  4: evalrealshellsortbb8in->evalrealshellsortbb6in, C: 0 [O(1)]
  4: evalrealshellsortbb8in->evalrealshellsortbb6in, D: -inf [Infinity]
  4: evalrealshellsortbb8in->evalrealshellsortbb6in, E: -max{-1, -E, -1+A} [O(n)]
  4: evalrealshellsortbb8in->evalrealshellsortbb6in, F: -inf [Infinity]
  5: evalrealshellsortbb8in->evalrealshellsortreturnin, A: -max{0, -A} [O(n)]
  5: evalrealshellsortbb8in->evalrealshellsortreturnin, B: -max{0, -1-A} [O(n)]
  5: evalrealshellsortbb8in->evalrealshellsortreturnin, C: -max{0, -C} [O(n)]
  5: evalrealshellsortbb8in->evalrealshellsortreturnin, D: -inf [Infinity]
  5: evalrealshellsortbb8in->evalrealshellsortreturnin, E: -max{-1, -E, max{-E, -1+A}} [O(n)]
  5: evalrealshellsortbb8in->evalrealshellsortreturnin, F: -inf [Infinity]
  1: evalrealshellsortentryin->evalrealshellsortbb8in, A: 0 [O(1)]
  1: evalrealshellsortentryin->evalrealshellsortbb8in, B: 0 [O(1)]
  1: evalrealshellsortentryin->evalrealshellsortbb8in, C: C [O(n)]
  1: evalrealshellsortentryin->evalrealshellsortbb8in, D: D [O(n)]
  1: evalrealshellsortentryin->evalrealshellsortbb8in, E: E [O(n)]
  1: evalrealshellsortentryin->evalrealshellsortbb8in, F: -inf [Infinity]
  2: evalrealshellsortentryin->evalrealshellsortbb8in, A: 1 [O(1)]
  2: evalrealshellsortentryin->evalrealshellsortbb8in, B: 0 [O(1)]
  2: evalrealshellsortentryin->evalrealshellsortbb8in, C: C [O(n)]
  2: evalrealshellsortentryin->evalrealshellsortbb8in, D: D [O(n)]
  2: evalrealshellsortentryin->evalrealshellsortbb8in, E: E [O(n)]
  2: evalrealshellsortentryin->evalrealshellsortbb8in, F: -inf [Infinity]
  3: evalrealshellsortentryin->evalrealshellsortbb8in, A: A [O(n)]
  3: evalrealshellsortentryin->evalrealshellsortbb8in, B: 1+A [O(n)]
  3: evalrealshellsortentryin->evalrealshellsortbb8in, C: C [O(n)]
  3: evalrealshellsortentryin->evalrealshellsortbb8in, D: D [O(n)]
  3: evalrealshellsortentryin->evalrealshellsortbb8in, E: E [O(n)]
  3: evalrealshellsortentryin->evalrealshellsortbb8in, F: -inf [Infinity]
  18: evalrealshellsortreturnin->evalrealshellsortstop, A: -max{0, -A} [O(n)]
  18: evalrealshellsortreturnin->evalrealshellsortstop, B: -max{0, -1-A} [O(n)]
  18: evalrealshellsortreturnin->evalrealshellsortstop, C: -max{0, -C} [O(n)]
  18: evalrealshellsortreturnin->evalrealshellsortstop, D: -inf [Infinity]
  18: evalrealshellsortreturnin->evalrealshellsortstop, E: -max{-1, -E, max{-E, -1+A}} [O(n)]
  18: evalrealshellsortreturnin->evalrealshellsortstop, F: -inf [Infinity]
  0: evalrealshellsortstart->evalrealshellsortentryin, A: A [O(n)]
  0: evalrealshellsortstart->evalrealshellsortentryin, B: B [O(n)]
  0: evalrealshellsortstart->evalrealshellsortentryin, C: C [O(n)]
  0: evalrealshellsortstart->evalrealshellsortentryin, D: D [O(n)]
  0: evalrealshellsortstart->evalrealshellsortentryin, E: E [O(n)]
  0: evalrealshellsortstart->evalrealshellsortentryin, F: -inf [Infinity]
`Upper:
  8: evalrealshellsortbb1in->evalrealshellsortbb3in, A: max{0, A} [O(n)]
  8: evalrealshellsortbb1in->evalrealshellsortbb3in, B: max{-1, 0, max{-1, -1+A}} [O(n)]
  8: evalrealshellsortbb1in->evalrealshellsortbb3in, C: max{-1, -1+A} [O(n)]
  8: evalrealshellsortbb1in->evalrealshellsortbb3in, D: inf [Infinity]
  8: evalrealshellsortbb1in->evalrealshellsortbb3in, E: max{-1, -1+A} [O(n)]
  8: evalrealshellsortbb1in->evalrealshellsortbb3in, F: inf [Infinity]
  13: evalrealshellsortbb2in->evalrealshellsortbb3in, A: max{0, A} [O(n)]
  13: evalrealshellsortbb2in->evalrealshellsortbb3in, B: max{-1, -1+A} [O(n)]
  13: evalrealshellsortbb2in->evalrealshellsortbb3in, C: max{-1, -1+A} [O(n)]
  13: evalrealshellsortbb2in->evalrealshellsortbb3in, D: inf [Infinity]
  13: evalrealshellsortbb2in->evalrealshellsortbb3in, E: max{-2, -2+A} [O(n)]
  13: evalrealshellsortbb2in->evalrealshellsortbb3in, F: inf [Infinity]
  9: evalrealshellsortbb3in->evalrealshellsortbb5in, A: max{0, A} [O(n)]
  9: evalrealshellsortbb3in->evalrealshellsortbb5in, B: max{-1, 0, max{-1, -1+A}} [O(n)]
  9: evalrealshellsortbb3in->evalrealshellsortbb5in, C: max{-1, -1+A} [O(n)]
  9: evalrealshellsortbb3in->evalrealshellsortbb5in, D: inf [Infinity]
  9: evalrealshellsortbb3in->evalrealshellsortbb5in, E: max{-1, -1+A} [O(n)]
  9: evalrealshellsortbb3in->evalrealshellsortbb5in, F: inf [Infinity]
  10: evalrealshellsortbb3in->evalrealshellsortbb4in, A: max{0, A} [O(n)]
  10: evalrealshellsortbb3in->evalrealshellsortbb4in, B: max{-1, -1+A} [O(n)]
  10: evalrealshellsortbb3in->evalrealshellsortbb4in, C: max{-1, -1+A} [O(n)]
  10: evalrealshellsortbb3in->evalrealshellsortbb4in, D: inf [Infinity]
  10: evalrealshellsortbb3in->evalrealshellsortbb4in, E: max{-1, -1+A} [O(n)]
  10: evalrealshellsortbb3in->evalrealshellsortbb4in, F: inf [Infinity]
  11: evalrealshellsortbb4in->evalrealshellsortbb2in, A: max{0, A} [O(n)]
  11: evalrealshellsortbb4in->evalrealshellsortbb2in, B: max{-1, -1+A} [O(n)]
  11: evalrealshellsortbb4in->evalrealshellsortbb2in, C: max{-1, -1+A} [O(n)]
  11: evalrealshellsortbb4in->evalrealshellsortbb2in, D: inf [Infinity]
  11: evalrealshellsortbb4in->evalrealshellsortbb2in, E: max{-1, -1+A} [O(n)]
  11: evalrealshellsortbb4in->evalrealshellsortbb2in, F: inf [Infinity]
  12: evalrealshellsortbb4in->evalrealshellsortbb5in, A: max{0, A} [O(n)]
  12: evalrealshellsortbb4in->evalrealshellsortbb5in, B: max{-1, -1+A} [O(n)]
  12: evalrealshellsortbb4in->evalrealshellsortbb5in, C: max{-1, -1+A} [O(n)]
  12: evalrealshellsortbb4in->evalrealshellsortbb5in, D: inf [Infinity]
  12: evalrealshellsortbb4in->evalrealshellsortbb5in, E: max{-1, -1+A} [O(n)]
  12: evalrealshellsortbb4in->evalrealshellsortbb5in, F: inf [Infinity]
  14: evalrealshellsortbb5in->evalrealshellsortbb6in, A: max{0, A} [O(n)]
  14: evalrealshellsortbb5in->evalrealshellsortbb6in, B: max{-1, 0, max{-1, -1+A}} [O(n)]
  14: evalrealshellsortbb5in->evalrealshellsortbb6in, C: max{0, A} [O(n)]
  14: evalrealshellsortbb5in->evalrealshellsortbb6in, D: inf [Infinity]
  14: evalrealshellsortbb5in->evalrealshellsortbb6in, E: max{-1, -1+A} [O(n)]
  14: evalrealshellsortbb5in->evalrealshellsortbb6in, F: inf [Infinity]
  6: evalrealshellsortbb6in->evalrealshellsortbb1in, A: max{0, A} [O(n)]
  6: evalrealshellsortbb6in->evalrealshellsortbb1in, B: max{-1, 0, max{-1, -1+A}} [O(n)]
  6: evalrealshellsortbb6in->evalrealshellsortbb1in, C: max{-1, -1+A} [O(n)]
  6: evalrealshellsortbb6in->evalrealshellsortbb1in, D: inf [Infinity]
  6: evalrealshellsortbb6in->evalrealshellsortbb1in, E: max{-1, -1, max{E, -1+A}} [O(n)]
  6: evalrealshellsortbb6in->evalrealshellsortbb1in, F: inf [Infinity]
  7: evalrealshellsortbb6in->evalrealshellsortbb7in, A: max{0, A} [O(n)]
  7: evalrealshellsortbb6in->evalrealshellsortbb7in, B: max{-1, 0, max{-1, -1+A}} [O(n)]
  7: evalrealshellsortbb6in->evalrealshellsortbb7in, C: max{0, A} [O(n)]
  7: evalrealshellsortbb6in->evalrealshellsortbb7in, D: inf [Infinity]
  7: evalrealshellsortbb6in->evalrealshellsortbb7in, E: max{-1, E, -1+A} [O(n)]
  7: evalrealshellsortbb6in->evalrealshellsortbb7in, F: inf [Infinity]
  16: evalrealshellsortbb7in->evalrealshellsortbb8in, A: max{0, A} [O(n)]
  16: evalrealshellsortbb7in->evalrealshellsortbb8in, B: max{-1, 0, max{-1, -1+A}} [O(n)]
  16: evalrealshellsortbb7in->evalrealshellsortbb8in, C: max{0, A} [O(n)]
  16: evalrealshellsortbb7in->evalrealshellsortbb8in, D: inf [Infinity]
  16: evalrealshellsortbb7in->evalrealshellsortbb8in, E: max{-1, E, -1+A} [O(n)]
  16: evalrealshellsortbb7in->evalrealshellsortbb8in, F: inf [Infinity]
  4: evalrealshellsortbb8in->evalrealshellsortbb6in, A: max{0, A} [O(n)]
  4: evalrealshellsortbb8in->evalrealshellsortbb6in, B: max{-1, 0, max{-1, -1+A}} [O(n)]
  4: evalrealshellsortbb8in->evalrealshellsortbb6in, C: 0 [O(1)]
  4: evalrealshellsortbb8in->evalrealshellsortbb6in, D: inf [Infinity]
  4: evalrealshellsortbb8in->evalrealshellsortbb6in, E: max{-1, E, -1+A} [O(n)]
  4: evalrealshellsortbb8in->evalrealshellsortbb6in, F: inf [Infinity]
  5: evalrealshellsortbb8in->evalrealshellsortreturnin, A: max{0, A} [O(n)]
  5: evalrealshellsortbb8in->evalrealshellsortreturnin, B: 0 [O(1)]
  5: evalrealshellsortbb8in->evalrealshellsortreturnin, C: max{0, C, A} [O(n)]
  5: evalrealshellsortbb8in->evalrealshellsortreturnin, D: inf [Infinity]
  5: evalrealshellsortbb8in->evalrealshellsortreturnin, E: max{-1, E, max{E, -1+A}} [O(n)]
  5: evalrealshellsortbb8in->evalrealshellsortreturnin, F: inf [Infinity]
  1: evalrealshellsortentryin->evalrealshellsortbb8in, A: 0 [O(1)]
  1: evalrealshellsortentryin->evalrealshellsortbb8in, B: 0 [O(1)]
  1: evalrealshellsortentryin->evalrealshellsortbb8in, C: C [O(n)]
  1: evalrealshellsortentryin->evalrealshellsortbb8in, D: D [O(n)]
  1: evalrealshellsortentryin->evalrealshellsortbb8in, E: E [O(n)]
  1: evalrealshellsortentryin->evalrealshellsortbb8in, F: inf [Infinity]
  2: evalrealshellsortentryin->evalrealshellsortbb8in, A: A [O(n)]
  2: evalrealshellsortentryin->evalrealshellsortbb8in, B: -1+A [O(n)]
  2: evalrealshellsortentryin->evalrealshellsortbb8in, C: C [O(n)]
  2: evalrealshellsortentryin->evalrealshellsortbb8in, D: D [O(n)]
  2: evalrealshellsortentryin->evalrealshellsortbb8in, E: E [O(n)]
  2: evalrealshellsortentryin->evalrealshellsortbb8in, F: inf [Infinity]
  3: evalrealshellsortentryin->evalrealshellsortbb8in, A: -1 [O(1)]
  3: evalrealshellsortentryin->evalrealshellsortbb8in, B: 0 [O(1)]
  3: evalrealshellsortentryin->evalrealshellsortbb8in, C: C [O(n)]
  3: evalrealshellsortentryin->evalrealshellsortbb8in, D: D [O(n)]
  3: evalrealshellsortentryin->evalrealshellsortbb8in, E: E [O(n)]
  3: evalrealshellsortentryin->evalrealshellsortbb8in, F: inf [Infinity]
  18: evalrealshellsortreturnin->evalrealshellsortstop, A: max{0, A} [O(n)]
  18: evalrealshellsortreturnin->evalrealshellsortstop, B: 0 [O(1)]
  18: evalrealshellsortreturnin->evalrealshellsortstop, C: max{0, C, A} [O(n)]
  18: evalrealshellsortreturnin->evalrealshellsortstop, D: inf [Infinity]
  18: evalrealshellsortreturnin->evalrealshellsortstop, E: max{-1, E, max{E, -1+A}} [O(n)]
  18: evalrealshellsortreturnin->evalrealshellsortstop, F: inf [Infinity]
  0: evalrealshellsortstart->evalrealshellsortentryin, A: A [O(n)]
  0: evalrealshellsortstart->evalrealshellsortentryin, B: B [O(n)]
  0: evalrealshellsortstart->evalrealshellsortentryin, C: C [O(n)]
  0: evalrealshellsortstart->evalrealshellsortentryin, D: D [O(n)]
  0: evalrealshellsortstart->evalrealshellsortentryin, E: E [O(n)]
  0: evalrealshellsortstart->evalrealshellsortentryin, F: inf [Infinity]
