Timebounds: 
  Overall timebound: 4+max{0, 1+B}+max{0, (1+B)*(-1+3*B)}+max{0, 1+3*B}+max{0, -C}+max{0, 2*B}+max{0, (1+B)*(-1+B)}+max{0, 3*B}+max{0, -C}+max{0, (1+B)*(-1+B)}+max{0, -C} [O(n^2)]
  7: evalrealselectbb1in->evalrealselectbb4in: max{0, (1+B)*(-1+3*B)}+max{0, -C} [O(n^2)]
  8: evalrealselectbb1in->evalrealselectbb4in: max{0, (1+B)*(-1+B)}+max{0, -C} [O(n^2)]
  5: evalrealselectbb4in->evalrealselectbb1in: max{0, (1+B)*(-1+B)}+max{0, -C} [O(n^2)]
  6: evalrealselectbb4in->evalrealselectbb5in: max{0, 3*B} [O(n)]
  9: evalrealselectbb5in->evalrealselectbb6in: max{0, 2*B} [O(n)]
  2: evalrealselectbb6in->evalrealselectbbin: max{0, 1+3*B} [O(n)]
  3: evalrealselectbb6in->evalrealselectreturnin: 1 [O(1)]
  4: evalrealselectbbin->evalrealselectbb4in: max{0, 1+B} [O(n)]
  1: evalrealselectentryin->evalrealselectbb6in: 1 [O(1)]
  10: evalrealselectreturnin->evalrealselectstop: 1 [O(1)]
  0: evalrealselectstart->evalrealselectentryin: 1 [O(1)]

Costbounds:
  Overall costbound: 4+max{0, 1+B}+max{0, (1+B)*(-1+3*B)}+max{0, 1+3*B}+max{0, -C}+max{0, 2*B}+max{0, (1+B)*(-1+B)}+max{0, 3*B}+max{0, -C}+max{0, (1+B)*(-1+B)}+max{0, -C} [O(n^2)]
  7: evalrealselectbb1in->evalrealselectbb4in: max{0, (1+B)*(-1+3*B)}+max{0, -C} [O(n^2)]
  8: evalrealselectbb1in->evalrealselectbb4in: max{0, (1+B)*(-1+B)}+max{0, -C} [O(n^2)]
  5: evalrealselectbb4in->evalrealselectbb1in: max{0, (1+B)*(-1+B)}+max{0, -C} [O(n^2)]
  6: evalrealselectbb4in->evalrealselectbb5in: max{0, 3*B} [O(n)]
  9: evalrealselectbb5in->evalrealselectbb6in: max{0, 2*B} [O(n)]
  2: evalrealselectbb6in->evalrealselectbbin: max{0, 1+3*B} [O(n)]
  3: evalrealselectbb6in->evalrealselectreturnin: 1 [O(1)]
  4: evalrealselectbbin->evalrealselectbb4in: max{0, 1+B} [O(n)]
  1: evalrealselectentryin->evalrealselectbb6in: 1 [O(1)]
  10: evalrealselectreturnin->evalrealselectstop: 1 [O(1)]
  0: evalrealselectstart->evalrealselectentryin: 1 [O(1)]

Sizebounds:
`Lower:
  7: evalrealselectbb1in->evalrealselectbb4in, A: 0 [O(1)]
  7: evalrealselectbb1in->evalrealselectbb4in, B: B [O(n)]
  7: evalrealselectbb1in->evalrealselectbb4in, C: 2 [O(1)]
  7: evalrealselectbb1in->evalrealselectbb4in, D: -inf [Infinity]
  7: evalrealselectbb1in->evalrealselectbb4in, E: -inf [Infinity]
  8: evalrealselectbb1in->evalrealselectbb4in, A: 0 [O(1)]
  8: evalrealselectbb1in->evalrealselectbb4in, B: B [O(n)]
  8: evalrealselectbb1in->evalrealselectbb4in, C: 2 [O(1)]
  8: evalrealselectbb1in->evalrealselectbb4in, D: -inf [Infinity]
  8: evalrealselectbb1in->evalrealselectbb4in, E: -inf [Infinity]
  5: evalrealselectbb4in->evalrealselectbb1in, A: 0 [O(1)]
  5: evalrealselectbb4in->evalrealselectbb1in, B: B [O(n)]
  5: evalrealselectbb4in->evalrealselectbb1in, C: 1 [O(1)]
  5: evalrealselectbb4in->evalrealselectbb1in, D: -inf [Infinity]
  5: evalrealselectbb4in->evalrealselectbb1in, E: -inf [Infinity]
  6: evalrealselectbb4in->evalrealselectbb5in, A: 0 [O(1)]
  6: evalrealselectbb4in->evalrealselectbb5in, B: B [O(n)]
  6: evalrealselectbb4in->evalrealselectbb5in, C: 2 [O(1)]
  6: evalrealselectbb4in->evalrealselectbb5in, D: -inf [Infinity]
  6: evalrealselectbb4in->evalrealselectbb5in, E: -inf [Infinity]
  9: evalrealselectbb5in->evalrealselectbb6in, A: 0 [O(1)]
  9: evalrealselectbb5in->evalrealselectbb6in, B: B [O(n)]
  9: evalrealselectbb5in->evalrealselectbb6in, C: 2 [O(1)]
  9: evalrealselectbb5in->evalrealselectbb6in, D: -inf [Infinity]
  9: evalrealselectbb5in->evalrealselectbb6in, E: -inf [Infinity]
  2: evalrealselectbb6in->evalrealselectbbin, A: 0 [O(1)]
  2: evalrealselectbb6in->evalrealselectbbin, B: B [O(n)]
  2: evalrealselectbb6in->evalrealselectbbin, C: -max{-2, -C} [O(n)]
  2: evalrealselectbb6in->evalrealselectbbin, D: -inf [Infinity]
  2: evalrealselectbb6in->evalrealselectbbin, E: -inf [Infinity]
  3: evalrealselectbb6in->evalrealselectreturnin, A: 0 [O(1)]
  3: evalrealselectbb6in->evalrealselectreturnin, B: B [O(n)]
  3: evalrealselectbb6in->evalrealselectreturnin, C: -max{-2, -C} [O(n)]
  3: evalrealselectbb6in->evalrealselectreturnin, D: -inf [Infinity]
  3: evalrealselectbb6in->evalrealselectreturnin, E: -inf [Infinity]
  4: evalrealselectbbin->evalrealselectbb4in, A: 0 [O(1)]
  4: evalrealselectbbin->evalrealselectbb4in, B: B [O(n)]
  4: evalrealselectbbin->evalrealselectbb4in, C: 1 [O(1)]
  4: evalrealselectbbin->evalrealselectbb4in, D: -inf [Infinity]
  4: evalrealselectbbin->evalrealselectbb4in, E: -inf [Infinity]
  1: evalrealselectentryin->evalrealselectbb6in, A: 0 [O(1)]
  1: evalrealselectentryin->evalrealselectbb6in, B: B [O(n)]
  1: evalrealselectentryin->evalrealselectbb6in, C: C [O(n)]
  1: evalrealselectentryin->evalrealselectbb6in, D: -inf [Infinity]
  1: evalrealselectentryin->evalrealselectbb6in, E: -inf [Infinity]
  10: evalrealselectreturnin->evalrealselectstop, A: 0 [O(1)]
  10: evalrealselectreturnin->evalrealselectstop, B: B [O(n)]
  10: evalrealselectreturnin->evalrealselectstop, C: -max{-2, -C} [O(n)]
  10: evalrealselectreturnin->evalrealselectstop, D: -inf [Infinity]
  10: evalrealselectreturnin->evalrealselectstop, E: -inf [Infinity]
  0: evalrealselectstart->evalrealselectentryin, A: A [O(n)]
  0: evalrealselectstart->evalrealselectentryin, B: B [O(n)]
  0: evalrealselectstart->evalrealselectentryin, C: C [O(n)]
  0: evalrealselectstart->evalrealselectentryin, D: -inf [Infinity]
  0: evalrealselectstart->evalrealselectentryin, E: -inf [Infinity]
`Upper:
  7: evalrealselectbb1in->evalrealselectbb4in, A: max{0, 2*B} [O(n)]
  7: evalrealselectbb1in->evalrealselectbb4in, B: B [O(n)]
  7: evalrealselectbb1in->evalrealselectbb4in, C: B [O(n)]
  7: evalrealselectbb1in->evalrealselectbb4in, D: inf [Infinity]
  7: evalrealselectbb1in->evalrealselectbb4in, E: inf [Infinity]
  8: evalrealselectbb1in->evalrealselectbb4in, A: max{0, 2*B} [O(n)]
  8: evalrealselectbb1in->evalrealselectbb4in, B: B [O(n)]
  8: evalrealselectbb1in->evalrealselectbb4in, C: B [O(n)]
  8: evalrealselectbb1in->evalrealselectbb4in, D: inf [Infinity]
  8: evalrealselectbb1in->evalrealselectbb4in, E: inf [Infinity]
  5: evalrealselectbb4in->evalrealselectbb1in, A: max{0, 2*B} [O(n)]
  5: evalrealselectbb4in->evalrealselectbb1in, B: B [O(n)]
  5: evalrealselectbb4in->evalrealselectbb1in, C: -1+B [O(n)]
  5: evalrealselectbb4in->evalrealselectbb1in, D: inf [Infinity]
  5: evalrealselectbb4in->evalrealselectbb1in, E: inf [Infinity]
  6: evalrealselectbb4in->evalrealselectbb5in, A: max{0, 2*B} [O(n)]
  6: evalrealselectbb4in->evalrealselectbb5in, B: B [O(n)]
  6: evalrealselectbb4in->evalrealselectbb5in, C: max{1, B, max{B, 1+2*B}} [O(n)]
  6: evalrealselectbb4in->evalrealselectbb5in, D: inf [Infinity]
  6: evalrealselectbb4in->evalrealselectbb5in, E: inf [Infinity]
  9: evalrealselectbb5in->evalrealselectbb6in, A: max{0, 2*B} [O(n)]
  9: evalrealselectbb5in->evalrealselectbb6in, B: B [O(n)]
  9: evalrealselectbb5in->evalrealselectbb6in, C: max{1, B, max{B, 1+2*B}} [O(n)]
  9: evalrealselectbb5in->evalrealselectbb6in, D: inf [Infinity]
  9: evalrealselectbb5in->evalrealselectbb6in, E: inf [Infinity]
  2: evalrealselectbb6in->evalrealselectbbin, A: max{0, 2*B} [O(n)]
  2: evalrealselectbb6in->evalrealselectbbin, B: B [O(n)]
  2: evalrealselectbb6in->evalrealselectbbin, C: max{1, C, max{B, B, 1+2*B}} [O(n)]
  2: evalrealselectbb6in->evalrealselectbbin, D: inf [Infinity]
  2: evalrealselectbb6in->evalrealselectbbin, E: inf [Infinity]
  3: evalrealselectbb6in->evalrealselectreturnin, A: max{0, 2*B} [O(n)]
  3: evalrealselectbb6in->evalrealselectreturnin, B: max{1, 1, 1+2*B} [O(n)]
  3: evalrealselectbb6in->evalrealselectreturnin, C: max{1, C, max{B, B, 1+2*B}} [O(n)]
  3: evalrealselectbb6in->evalrealselectreturnin, D: inf [Infinity]
  3: evalrealselectbb6in->evalrealselectreturnin, E: inf [Infinity]
  4: evalrealselectbbin->evalrealselectbb4in, A: max{0, 2*B} [O(n)]
  4: evalrealselectbbin->evalrealselectbb4in, B: B [O(n)]
  4: evalrealselectbbin->evalrealselectbb4in, C: max{1, 1+2*B} [O(n)]
  4: evalrealselectbbin->evalrealselectbb4in, D: inf [Infinity]
  4: evalrealselectbbin->evalrealselectbb4in, E: inf [Infinity]
  1: evalrealselectentryin->evalrealselectbb6in, A: 0 [O(1)]
  1: evalrealselectentryin->evalrealselectbb6in, B: B [O(n)]
  1: evalrealselectentryin->evalrealselectbb6in, C: C [O(n)]
  1: evalrealselectentryin->evalrealselectbb6in, D: inf [Infinity]
  1: evalrealselectentryin->evalrealselectbb6in, E: inf [Infinity]
  10: evalrealselectreturnin->evalrealselectstop, A: max{0, 2*B} [O(n)]
  10: evalrealselectreturnin->evalrealselectstop, B: max{1, 1+2*B} [O(n)]
  10: evalrealselectreturnin->evalrealselectstop, C: max{1, C, max{B, B, 1+2*B}} [O(n)]
  10: evalrealselectreturnin->evalrealselectstop, D: inf [Infinity]
  10: evalrealselectreturnin->evalrealselectstop, E: inf [Infinity]
  0: evalrealselectstart->evalrealselectentryin, A: A [O(n)]
  0: evalrealselectstart->evalrealselectentryin, B: B [O(n)]
  0: evalrealselectstart->evalrealselectentryin, C: C [O(n)]
  0: evalrealselectstart->evalrealselectentryin, D: inf [Infinity]
  0: evalrealselectstart->evalrealselectentryin, E: inf [Infinity]
