Timebounds: 
  Overall timebound: 5+2*max{7, -2+3*A}*max{0, A}+max{7, -2+3*A}*max{0, A}+max{7, -2+3*A}*max{2, 2*max{-1, -1+A}}+max{7, -2+3*A}*max{2, 2*max{-1, -1+A}}+max{7, -2+3*A}*max{0, A}+max{7, -2+3*A} [O(n^2)]
  26: evalrealheapsortstep1bb2in->evalrealheapsortstep1bb3in: max{7, -2+3*A}*max{2, 2*max{-1, -1+A}} [O(n^2)]
  5: evalrealheapsortstep1bb3in->evalrealheapsortstep1bb5in: max{7, -2+3*A}*max{0, A} [O(n^2)]
  6: evalrealheapsortstep1bb3in->evalrealheapsortstep1bb4in: max{7, -2+3*A}*max{0, A} [O(n^2)]
  8: evalrealheapsortstep1bb4in->evalrealheapsortstep1bb2in: max{7, -2+3*A}*max{2, 2*max{-1, -1+A}} [O(n^2)]
  11: evalrealheapsortstep1bb4in->evalrealheapsortstep1bb5in: max{7, -2+3*A}*max{0, A} [O(n^2)]
  40: evalrealheapsortstep1bb5in->evalrealheapsortstep1bb6in: max{7, -2+3*A}*max{0, A} [O(n^2)]
  3: evalrealheapsortstep1bb6in->evalrealheapsortstep1bb3in: max{7, -2+3*A} [O(n)]
  4: evalrealheapsortstep1bb6in->evalrealheapsortstep1returnin: 1 [O(1)]
  1: evalrealheapsortstep1entryin->evalrealheapsortstep1bb6in: 1 [O(1)]
  2: evalrealheapsortstep1entryin->evalrealheapsortstep1returnin: 1 [O(1)]
  41: evalrealheapsortstep1returnin->evalrealheapsortstep1stop: 1 [O(1)]
  0: evalrealheapsortstep1start->evalrealheapsortstep1entryin: 1 [O(1)]

Costbounds:
  Overall costbound: 5+2*max{7, -2+3*A}*max{0, A}+max{7, -2+3*A}*max{0, A}+max{7, -2+3*A}*max{2, 2*max{-1, -1+A}}+max{7, -2+3*A}*max{2, 2*max{-1, -1+A}}+max{7, -2+3*A}*max{0, A}+max{7, -2+3*A} [O(n^2)]
  26: evalrealheapsortstep1bb2in->evalrealheapsortstep1bb3in: max{7, -2+3*A}*max{2, 2*max{-1, -1+A}} [O(n^2)]
  5: evalrealheapsortstep1bb3in->evalrealheapsortstep1bb5in: max{7, -2+3*A}*max{0, A} [O(n^2)]
  6: evalrealheapsortstep1bb3in->evalrealheapsortstep1bb4in: max{7, -2+3*A}*max{0, A} [O(n^2)]
  8: evalrealheapsortstep1bb4in->evalrealheapsortstep1bb2in: max{7, -2+3*A}*max{2, 2*max{-1, -1+A}} [O(n^2)]
  11: evalrealheapsortstep1bb4in->evalrealheapsortstep1bb5in: max{7, -2+3*A}*max{0, A} [O(n^2)]
  40: evalrealheapsortstep1bb5in->evalrealheapsortstep1bb6in: max{7, -2+3*A}*max{0, A} [O(n^2)]
  3: evalrealheapsortstep1bb6in->evalrealheapsortstep1bb3in: max{7, -2+3*A} [O(n)]
  4: evalrealheapsortstep1bb6in->evalrealheapsortstep1returnin: 1 [O(1)]
  1: evalrealheapsortstep1entryin->evalrealheapsortstep1bb6in: 1 [O(1)]
  2: evalrealheapsortstep1entryin->evalrealheapsortstep1returnin: 1 [O(1)]
  41: evalrealheapsortstep1returnin->evalrealheapsortstep1stop: 1 [O(1)]
  0: evalrealheapsortstep1start->evalrealheapsortstep1entryin: 1 [O(1)]

Sizebounds:
`Lower:
  26: evalrealheapsortstep1bb2in->evalrealheapsortstep1bb3in, A: 0 [O(1)]
  26: evalrealheapsortstep1bb2in->evalrealheapsortstep1bb3in, B: 0 [O(1)]
  26: evalrealheapsortstep1bb2in->evalrealheapsortstep1bb3in, C: 0 [O(1)]
  5: evalrealheapsortstep1bb3in->evalrealheapsortstep1bb5in, A: 0 [O(1)]
  5: evalrealheapsortstep1bb3in->evalrealheapsortstep1bb5in, B: 1 [O(1)]
  5: evalrealheapsortstep1bb3in->evalrealheapsortstep1bb5in, C: 0 [O(1)]
  6: evalrealheapsortstep1bb3in->evalrealheapsortstep1bb4in, A: 0 [O(1)]
  6: evalrealheapsortstep1bb3in->evalrealheapsortstep1bb4in, B: 0 [O(1)]
  6: evalrealheapsortstep1bb3in->evalrealheapsortstep1bb4in, C: 1 [O(1)]
  8: evalrealheapsortstep1bb4in->evalrealheapsortstep1bb2in, A: 0 [O(1)]
  8: evalrealheapsortstep1bb4in->evalrealheapsortstep1bb2in, B: 0 [O(1)]
  8: evalrealheapsortstep1bb4in->evalrealheapsortstep1bb2in, C: 1 [O(1)]
  11: evalrealheapsortstep1bb4in->evalrealheapsortstep1bb5in, A: 0 [O(1)]
  11: evalrealheapsortstep1bb4in->evalrealheapsortstep1bb5in, B: 1 [O(1)]
  11: evalrealheapsortstep1bb4in->evalrealheapsortstep1bb5in, C: 1 [O(1)]
  40: evalrealheapsortstep1bb5in->evalrealheapsortstep1bb6in, A: 0 [O(1)]
  40: evalrealheapsortstep1bb5in->evalrealheapsortstep1bb6in, B: 2 [O(1)]
  40: evalrealheapsortstep1bb5in->evalrealheapsortstep1bb6in, C: 0 [O(1)]
  3: evalrealheapsortstep1bb6in->evalrealheapsortstep1bb3in, A: 0 [O(1)]
  3: evalrealheapsortstep1bb6in->evalrealheapsortstep1bb3in, B: 1 [O(1)]
  3: evalrealheapsortstep1bb6in->evalrealheapsortstep1bb3in, C: 1 [O(1)]
  4: evalrealheapsortstep1bb6in->evalrealheapsortstep1returnin, A: 3 [O(1)]
  4: evalrealheapsortstep1bb6in->evalrealheapsortstep1returnin, B: 3 [O(1)]
  4: evalrealheapsortstep1bb6in->evalrealheapsortstep1returnin, C: -max{0, -C} [O(n)]
  1: evalrealheapsortstep1entryin->evalrealheapsortstep1bb6in, A: 3 [O(1)]
  1: evalrealheapsortstep1entryin->evalrealheapsortstep1bb6in, B: 1 [O(1)]
  1: evalrealheapsortstep1entryin->evalrealheapsortstep1bb6in, C: C [O(n)]
  2: evalrealheapsortstep1entryin->evalrealheapsortstep1returnin, A: A [O(n)]
  2: evalrealheapsortstep1entryin->evalrealheapsortstep1returnin, B: B [O(n)]
  2: evalrealheapsortstep1entryin->evalrealheapsortstep1returnin, C: C [O(n)]
  41: evalrealheapsortstep1returnin->evalrealheapsortstep1stop, A: -max{-3, -A} [O(n)]
  41: evalrealheapsortstep1returnin->evalrealheapsortstep1stop, B: -max{-3, -B} [O(n)]
  41: evalrealheapsortstep1returnin->evalrealheapsortstep1stop, C: -max{0, -C} [O(n)]
  0: evalrealheapsortstep1start->evalrealheapsortstep1entryin, A: A [O(n)]
  0: evalrealheapsortstep1start->evalrealheapsortstep1entryin, B: B [O(n)]
  0: evalrealheapsortstep1start->evalrealheapsortstep1entryin, C: C [O(n)]
`Upper:
  26: evalrealheapsortstep1bb2in->evalrealheapsortstep1bb3in, A: max{0, A} [O(n)]
  26: evalrealheapsortstep1bb2in->evalrealheapsortstep1bb3in, B: max{0, -1, -1+A} [O(n)]
  26: evalrealheapsortstep1bb2in->evalrealheapsortstep1bb3in, C: max{-1, -2, -2+A} [O(n)]
  5: evalrealheapsortstep1bb3in->evalrealheapsortstep1bb5in, A: max{0, A} [O(n)]
  5: evalrealheapsortstep1bb3in->evalrealheapsortstep1bb5in, B: max{0, -1, -1+A} [O(n)]
  5: evalrealheapsortstep1bb3in->evalrealheapsortstep1bb5in, C: 0 [O(1)]
  6: evalrealheapsortstep1bb3in->evalrealheapsortstep1bb4in, A: max{0, A} [O(n)]
  6: evalrealheapsortstep1bb3in->evalrealheapsortstep1bb4in, B: max{0, -1, -1+A} [O(n)]
  6: evalrealheapsortstep1bb3in->evalrealheapsortstep1bb4in, C: max{0, -1, -1+A} [O(n)]
  8: evalrealheapsortstep1bb4in->evalrealheapsortstep1bb2in, A: max{0, A} [O(n)]
  8: evalrealheapsortstep1bb4in->evalrealheapsortstep1bb2in, B: max{0, -1, -1+A} [O(n)]
  8: evalrealheapsortstep1bb4in->evalrealheapsortstep1bb2in, C: max{0, -1, -1+A} [O(n)]
  11: evalrealheapsortstep1bb4in->evalrealheapsortstep1bb5in, A: max{0, A} [O(n)]
  11: evalrealheapsortstep1bb4in->evalrealheapsortstep1bb5in, B: max{0, -1, -1+A} [O(n)]
  11: evalrealheapsortstep1bb4in->evalrealheapsortstep1bb5in, C: max{0, -1, -1+A} [O(n)]
  40: evalrealheapsortstep1bb5in->evalrealheapsortstep1bb6in, A: max{0, A} [O(n)]
  40: evalrealheapsortstep1bb5in->evalrealheapsortstep1bb6in, B: max{1, 0, A} [O(n)]
  40: evalrealheapsortstep1bb5in->evalrealheapsortstep1bb6in, C: max{0, -1, -1+A} [O(n)]
  3: evalrealheapsortstep1bb6in->evalrealheapsortstep1bb3in, A: max{0, A} [O(n)]
  3: evalrealheapsortstep1bb6in->evalrealheapsortstep1bb3in, B: max{-1, -1+A} [O(n)]
  3: evalrealheapsortstep1bb6in->evalrealheapsortstep1bb3in, C: max{-1, -1+A} [O(n)]
  4: evalrealheapsortstep1bb6in->evalrealheapsortstep1returnin, A: max{0, A} [O(n)]
  4: evalrealheapsortstep1bb6in->evalrealheapsortstep1returnin, B: max{1, 1, max{0, A}} [O(n)]
  4: evalrealheapsortstep1bb6in->evalrealheapsortstep1returnin, C: max{0, -1, max{C, -1+A}} [O(n)]
  1: evalrealheapsortstep1entryin->evalrealheapsortstep1bb6in, A: A [O(n)]
  1: evalrealheapsortstep1entryin->evalrealheapsortstep1bb6in, B: 1 [O(1)]
  1: evalrealheapsortstep1entryin->evalrealheapsortstep1bb6in, C: C [O(n)]
  2: evalrealheapsortstep1entryin->evalrealheapsortstep1returnin, A: 2 [O(1)]
  2: evalrealheapsortstep1entryin->evalrealheapsortstep1returnin, B: B [O(n)]
  2: evalrealheapsortstep1entryin->evalrealheapsortstep1returnin, C: C [O(n)]
  41: evalrealheapsortstep1returnin->evalrealheapsortstep1stop, A: max{2, 0, A} [O(n)]
  41: evalrealheapsortstep1returnin->evalrealheapsortstep1stop, B: max{1, 1, max{0, B, A}} [O(n)]
  41: evalrealheapsortstep1returnin->evalrealheapsortstep1stop, C: max{0, -1, max{C, C, -1+A}} [O(n)]
  0: evalrealheapsortstep1start->evalrealheapsortstep1entryin, A: A [O(n)]
  0: evalrealheapsortstep1start->evalrealheapsortstep1entryin, B: B [O(n)]
  0: evalrealheapsortstep1start->evalrealheapsortstep1entryin, C: C [O(n)]
