Timebounds: 
  Overall timebound: inf [Infinity]
  50: evalrealheapsortbb10in->evalrealheapsortbb11in: inf [Infinity]
  51: evalrealheapsortbb10in->evalrealheapsortbb12in: inf [Infinity]
  52: evalrealheapsortbb11in->evalrealheapsortbb13in: inf [Infinity]
  53: evalrealheapsortbb12in->evalrealheapsortbb13in: inf [Infinity]
  54: evalrealheapsortbb13in->evalrealheapsortbb14in: inf [Infinity]
  55: evalrealheapsortbb13in->evalrealheapsortbb16in: inf [Infinity]
  56: evalrealheapsortbb14in->evalrealheapsortbb16in: inf [Infinity]
  45: evalrealheapsortbb16in->evalrealheapsortbb9in: inf [Infinity]
  46: evalrealheapsortbb16in->evalrealheapsortbb17in: max{8, 2+2*A} [O(n)]
  57: evalrealheapsortbb17in->evalrealheapsortbb18in: max{8, 2+2*A} [O(n)]
  42: evalrealheapsortbb18in->evalrealheapsortbb8in: max{8, 2+2*A} [O(n)]
  43: evalrealheapsortbb18in->evalrealheapsortreturnin: 1 [O(1)]
  26: evalrealheapsortbb2in->evalrealheapsortbb3in: max{0, A*max{1, 1, 1+A*A}} [O(n^3)]
  5: evalrealheapsortbb3in->evalrealheapsortbb5in: max{0, A*A} [O(n^2)]
  6: evalrealheapsortbb3in->evalrealheapsortbb4in: max{0, A*max{5, 1+4*max{1, 1, 1+A*A}}} [O(n^3)]
  8: evalrealheapsortbb4in->evalrealheapsortbb2in: max{0, A*max{2, 2*max{1, 1, 1+A*A}}} [O(n^3)]
  11: evalrealheapsortbb4in->evalrealheapsortbb5in: max{0, A*A} [O(n^2)]
  40: evalrealheapsortbb5in->evalrealheapsortbb6in: max{0, A*A} [O(n^2)]
  3: evalrealheapsortbb6in->evalrealheapsortbb3in: max{0, A} [O(n)]
  4: evalrealheapsortbb6in->evalrealheapsortbb7in: 1 [O(1)]
  41: evalrealheapsortbb7in->evalrealheapsortbb18in: 1 [O(1)]
  44: evalrealheapsortbb8in->evalrealheapsortbb16in: max{8, 2+2*A} [O(n)]
  47: evalrealheapsortbb9in->evalrealheapsortbb11in: inf [Infinity]
  48: evalrealheapsortbb9in->evalrealheapsortbb10in: inf [Infinity]
  49: evalrealheapsortbb9in->evalrealheapsortbb10in: 0 [O(1)]
  1: evalrealheapsortentryin->evalrealheapsortbb6in: 1 [O(1)]
  2: evalrealheapsortentryin->evalrealheapsortreturnin: 1 [O(1)]
  58: evalrealheapsortreturnin->evalrealheapsortstop: 1 [O(1)]
  0: evalrealheapsortstart->evalrealheapsortentryin: 1 [O(1)]

Costbounds:
  Overall costbound: inf [Infinity]
  50: evalrealheapsortbb10in->evalrealheapsortbb11in: inf [Infinity]
  51: evalrealheapsortbb10in->evalrealheapsortbb12in: inf [Infinity]
  52: evalrealheapsortbb11in->evalrealheapsortbb13in: inf [Infinity]
  53: evalrealheapsortbb12in->evalrealheapsortbb13in: inf [Infinity]
  54: evalrealheapsortbb13in->evalrealheapsortbb14in: inf [Infinity]
  55: evalrealheapsortbb13in->evalrealheapsortbb16in: inf [Infinity]
  56: evalrealheapsortbb14in->evalrealheapsortbb16in: inf [Infinity]
  45: evalrealheapsortbb16in->evalrealheapsortbb9in: inf [Infinity]
  46: evalrealheapsortbb16in->evalrealheapsortbb17in: max{8, 2+2*A} [O(n)]
  57: evalrealheapsortbb17in->evalrealheapsortbb18in: max{8, 2+2*A} [O(n)]
  42: evalrealheapsortbb18in->evalrealheapsortbb8in: max{8, 2+2*A} [O(n)]
  43: evalrealheapsortbb18in->evalrealheapsortreturnin: 1 [O(1)]
  26: evalrealheapsortbb2in->evalrealheapsortbb3in: max{0, A*max{1, 1, 1+A*A}} [O(n^3)]
  5: evalrealheapsortbb3in->evalrealheapsortbb5in: max{0, A*A} [O(n^2)]
  6: evalrealheapsortbb3in->evalrealheapsortbb4in: max{0, A*max{5, 1+4*max{1, 1, 1+A*A}}} [O(n^3)]
  8: evalrealheapsortbb4in->evalrealheapsortbb2in: max{0, A*max{2, 2*max{1, 1, 1+A*A}}} [O(n^3)]
  11: evalrealheapsortbb4in->evalrealheapsortbb5in: max{0, A*A} [O(n^2)]
  40: evalrealheapsortbb5in->evalrealheapsortbb6in: max{0, A*A} [O(n^2)]
  3: evalrealheapsortbb6in->evalrealheapsortbb3in: max{0, A} [O(n)]
  4: evalrealheapsortbb6in->evalrealheapsortbb7in: 1 [O(1)]
  41: evalrealheapsortbb7in->evalrealheapsortbb18in: 1 [O(1)]
  44: evalrealheapsortbb8in->evalrealheapsortbb16in: max{8, 2+2*A} [O(n)]
  47: evalrealheapsortbb9in->evalrealheapsortbb11in: inf [Infinity]
  48: evalrealheapsortbb9in->evalrealheapsortbb10in: inf [Infinity]
  49: evalrealheapsortbb9in->evalrealheapsortbb10in: 0 [O(1)]
  1: evalrealheapsortentryin->evalrealheapsortbb6in: 1 [O(1)]
  2: evalrealheapsortentryin->evalrealheapsortreturnin: 1 [O(1)]
  58: evalrealheapsortreturnin->evalrealheapsortstop: 1 [O(1)]
  0: evalrealheapsortstart->evalrealheapsortentryin: 1 [O(1)]

Sizebounds:
`Lower:
  50: evalrealheapsortbb10in->evalrealheapsortbb11in, A: 2 [O(1)]
  50: evalrealheapsortbb10in->evalrealheapsortbb11in, B: 0 [O(1)]
  50: evalrealheapsortbb10in->evalrealheapsortbb11in, C: 0 [O(1)]
  50: evalrealheapsortbb10in->evalrealheapsortbb11in, D: -max{0, -D} [O(n)]
  51: evalrealheapsortbb10in->evalrealheapsortbb12in, A: 2 [O(1)]
  51: evalrealheapsortbb10in->evalrealheapsortbb12in, B: 0 [O(1)]
  51: evalrealheapsortbb10in->evalrealheapsortbb12in, C: 0 [O(1)]
  51: evalrealheapsortbb10in->evalrealheapsortbb12in, D: -max{0, -D} [O(n)]
  52: evalrealheapsortbb11in->evalrealheapsortbb13in, A: 2 [O(1)]
  52: evalrealheapsortbb11in->evalrealheapsortbb13in, B: 0 [O(1)]
  52: evalrealheapsortbb11in->evalrealheapsortbb13in, C: 0 [O(1)]
  52: evalrealheapsortbb11in->evalrealheapsortbb13in, D: 0 [O(1)]
  53: evalrealheapsortbb12in->evalrealheapsortbb13in, A: 2 [O(1)]
  53: evalrealheapsortbb12in->evalrealheapsortbb13in, B: 0 [O(1)]
  53: evalrealheapsortbb12in->evalrealheapsortbb13in, C: 0 [O(1)]
  53: evalrealheapsortbb12in->evalrealheapsortbb13in, D: 0 [O(1)]
  54: evalrealheapsortbb13in->evalrealheapsortbb14in, A: 2 [O(1)]
  54: evalrealheapsortbb13in->evalrealheapsortbb14in, B: 0 [O(1)]
  54: evalrealheapsortbb13in->evalrealheapsortbb14in, C: 0 [O(1)]
  54: evalrealheapsortbb13in->evalrealheapsortbb14in, D: 0 [O(1)]
  55: evalrealheapsortbb13in->evalrealheapsortbb16in, A: 2 [O(1)]
  55: evalrealheapsortbb13in->evalrealheapsortbb16in, B: 0 [O(1)]
  55: evalrealheapsortbb13in->evalrealheapsortbb16in, C: 2 [O(1)]
  55: evalrealheapsortbb13in->evalrealheapsortbb16in, D: 0 [O(1)]
  56: evalrealheapsortbb14in->evalrealheapsortbb16in, A: 2 [O(1)]
  56: evalrealheapsortbb14in->evalrealheapsortbb16in, B: 0 [O(1)]
  56: evalrealheapsortbb14in->evalrealheapsortbb16in, C: 0 [O(1)]
  56: evalrealheapsortbb14in->evalrealheapsortbb16in, D: 0 [O(1)]
  45: evalrealheapsortbb16in->evalrealheapsortbb9in, A: 2 [O(1)]
  45: evalrealheapsortbb16in->evalrealheapsortbb9in, B: 0 [O(1)]
  45: evalrealheapsortbb16in->evalrealheapsortbb9in, C: 0 [O(1)]
  45: evalrealheapsortbb16in->evalrealheapsortbb9in, D: -max{0, -D} [O(n)]
  46: evalrealheapsortbb16in->evalrealheapsortbb17in, A: 2 [O(1)]
  46: evalrealheapsortbb16in->evalrealheapsortbb17in, B: 0 [O(1)]
  46: evalrealheapsortbb16in->evalrealheapsortbb17in, C: 0 [O(1)]
  46: evalrealheapsortbb16in->evalrealheapsortbb17in, D: -max{0, -D} [O(n)]
  57: evalrealheapsortbb17in->evalrealheapsortbb18in, A: 2 [O(1)]
  57: evalrealheapsortbb17in->evalrealheapsortbb18in, B: 1 [O(1)]
  57: evalrealheapsortbb17in->evalrealheapsortbb18in, C: 0 [O(1)]
  57: evalrealheapsortbb17in->evalrealheapsortbb18in, D: -max{0, -D} [O(n)]
  42: evalrealheapsortbb18in->evalrealheapsortbb8in, A: 2 [O(1)]
  42: evalrealheapsortbb18in->evalrealheapsortbb8in, B: 0 [O(1)]
  42: evalrealheapsortbb18in->evalrealheapsortbb8in, C: 0 [O(1)]
  42: evalrealheapsortbb18in->evalrealheapsortbb8in, D: -max{0, -D} [O(n)]
  43: evalrealheapsortbb18in->evalrealheapsortreturnin, A: 2 [O(1)]
  43: evalrealheapsortbb18in->evalrealheapsortreturnin, B: 0 [O(1)]
  43: evalrealheapsortbb18in->evalrealheapsortreturnin, C: 0 [O(1)]
  43: evalrealheapsortbb18in->evalrealheapsortreturnin, D: -max{0, -D} [O(n)]
  26: evalrealheapsortbb2in->evalrealheapsortbb3in, A: 3 [O(1)]
  26: evalrealheapsortbb2in->evalrealheapsortbb3in, B: 1 [O(1)]
  26: evalrealheapsortbb2in->evalrealheapsortbb3in, C: 0 [O(1)]
  26: evalrealheapsortbb2in->evalrealheapsortbb3in, D: D [O(n)]
  5: evalrealheapsortbb3in->evalrealheapsortbb5in, A: 3 [O(1)]
  5: evalrealheapsortbb3in->evalrealheapsortbb5in, B: 1 [O(1)]
  5: evalrealheapsortbb3in->evalrealheapsortbb5in, C: 0 [O(1)]
  5: evalrealheapsortbb3in->evalrealheapsortbb5in, D: D [O(n)]
  6: evalrealheapsortbb3in->evalrealheapsortbb4in, A: 3 [O(1)]
  6: evalrealheapsortbb3in->evalrealheapsortbb4in, B: 1 [O(1)]
  6: evalrealheapsortbb3in->evalrealheapsortbb4in, C: 1 [O(1)]
  6: evalrealheapsortbb3in->evalrealheapsortbb4in, D: D [O(n)]
  8: evalrealheapsortbb4in->evalrealheapsortbb2in, A: 3 [O(1)]
  8: evalrealheapsortbb4in->evalrealheapsortbb2in, B: 1 [O(1)]
  8: evalrealheapsortbb4in->evalrealheapsortbb2in, C: 1 [O(1)]
  8: evalrealheapsortbb4in->evalrealheapsortbb2in, D: D [O(n)]
  11: evalrealheapsortbb4in->evalrealheapsortbb5in, A: 3 [O(1)]
  11: evalrealheapsortbb4in->evalrealheapsortbb5in, B: 1 [O(1)]
  11: evalrealheapsortbb4in->evalrealheapsortbb5in, C: 1 [O(1)]
  11: evalrealheapsortbb4in->evalrealheapsortbb5in, D: D [O(n)]
  40: evalrealheapsortbb5in->evalrealheapsortbb6in, A: 3 [O(1)]
  40: evalrealheapsortbb5in->evalrealheapsortbb6in, B: 2 [O(1)]
  40: evalrealheapsortbb5in->evalrealheapsortbb6in, C: 0 [O(1)]
  40: evalrealheapsortbb5in->evalrealheapsortbb6in, D: D [O(n)]
  3: evalrealheapsortbb6in->evalrealheapsortbb3in, A: 3 [O(1)]
  3: evalrealheapsortbb6in->evalrealheapsortbb3in, B: 1 [O(1)]
  3: evalrealheapsortbb6in->evalrealheapsortbb3in, C: 1 [O(1)]
  3: evalrealheapsortbb6in->evalrealheapsortbb3in, D: D [O(n)]
  4: evalrealheapsortbb6in->evalrealheapsortbb7in, A: 3 [O(1)]
  4: evalrealheapsortbb6in->evalrealheapsortbb7in, B: 3 [O(1)]
  4: evalrealheapsortbb6in->evalrealheapsortbb7in, C: 0 [O(1)]
  4: evalrealheapsortbb6in->evalrealheapsortbb7in, D: D [O(n)]
  41: evalrealheapsortbb7in->evalrealheapsortbb18in, A: 3 [O(1)]
  41: evalrealheapsortbb7in->evalrealheapsortbb18in, B: 0 [O(1)]
  41: evalrealheapsortbb7in->evalrealheapsortbb18in, C: 0 [O(1)]
  41: evalrealheapsortbb7in->evalrealheapsortbb18in, D: D [O(n)]
  44: evalrealheapsortbb8in->evalrealheapsortbb16in, A: 2 [O(1)]
  44: evalrealheapsortbb8in->evalrealheapsortbb16in, B: 0 [O(1)]
  44: evalrealheapsortbb8in->evalrealheapsortbb16in, C: 0 [O(1)]
  44: evalrealheapsortbb8in->evalrealheapsortbb16in, D: -max{0, -D} [O(n)]
  47: evalrealheapsortbb9in->evalrealheapsortbb11in, A: 2 [O(1)]
  47: evalrealheapsortbb9in->evalrealheapsortbb11in, B: 0 [O(1)]
  47: evalrealheapsortbb9in->evalrealheapsortbb11in, C: 0 [O(1)]
  47: evalrealheapsortbb9in->evalrealheapsortbb11in, D: -max{0, -D} [O(n)]
  48: evalrealheapsortbb9in->evalrealheapsortbb10in, A: 2 [O(1)]
  48: evalrealheapsortbb9in->evalrealheapsortbb10in, B: 0 [O(1)]
  48: evalrealheapsortbb9in->evalrealheapsortbb10in, C: 0 [O(1)]
  48: evalrealheapsortbb9in->evalrealheapsortbb10in, D: -max{0, -D} [O(n)]
  49: evalrealheapsortbb9in->evalrealheapsortbb10in, A: inf [Infinity]
  49: evalrealheapsortbb9in->evalrealheapsortbb10in, B: inf [Infinity]
  49: evalrealheapsortbb9in->evalrealheapsortbb10in, C: inf [Infinity]
  49: evalrealheapsortbb9in->evalrealheapsortbb10in, D: inf [Infinity]
  1: evalrealheapsortentryin->evalrealheapsortbb6in, A: 3 [O(1)]
  1: evalrealheapsortentryin->evalrealheapsortbb6in, B: 1 [O(1)]
  1: evalrealheapsortentryin->evalrealheapsortbb6in, C: C [O(n)]
  1: evalrealheapsortentryin->evalrealheapsortbb6in, D: D [O(n)]
  2: evalrealheapsortentryin->evalrealheapsortreturnin, A: A [O(n)]
  2: evalrealheapsortentryin->evalrealheapsortreturnin, B: B [O(n)]
  2: evalrealheapsortentryin->evalrealheapsortreturnin, C: C [O(n)]
  2: evalrealheapsortentryin->evalrealheapsortreturnin, D: D [O(n)]
  58: evalrealheapsortreturnin->evalrealheapsortstop, A: -max{-2, -A} [O(n)]
  58: evalrealheapsortreturnin->evalrealheapsortstop, B: -max{0, -B} [O(n)]
  58: evalrealheapsortreturnin->evalrealheapsortstop, C: -max{0, -C} [O(n)]
  58: evalrealheapsortreturnin->evalrealheapsortstop, D: -max{0, -D} [O(n)]
  0: evalrealheapsortstart->evalrealheapsortentryin, A: A [O(n)]
  0: evalrealheapsortstart->evalrealheapsortentryin, B: B [O(n)]
  0: evalrealheapsortstart->evalrealheapsortentryin, C: C [O(n)]
  0: evalrealheapsortstart->evalrealheapsortentryin, D: D [O(n)]
`Upper:
  50: evalrealheapsortbb10in->evalrealheapsortbb11in, A: A [O(n)]
  50: evalrealheapsortbb10in->evalrealheapsortbb11in, B: max{8, 2+2*A} [O(n)]
  51: evalrealheapsortbb10in->evalrealheapsortbb12in, A: A [O(n)]
  51: evalrealheapsortbb10in->evalrealheapsortbb12in, B: max{8, 2+2*A} [O(n)]
  52: evalrealheapsortbb11in->evalrealheapsortbb13in, A: A [O(n)]
  52: evalrealheapsortbb11in->evalrealheapsortbb13in, B: max{8, 2+2*A} [O(n)]
  53: evalrealheapsortbb12in->evalrealheapsortbb13in, A: A [O(n)]
  53: evalrealheapsortbb12in->evalrealheapsortbb13in, B: max{8, 2+2*A} [O(n)]
  54: evalrealheapsortbb13in->evalrealheapsortbb14in, A: A [O(n)]
  54: evalrealheapsortbb13in->evalrealheapsortbb14in, B: max{8, 2+2*A} [O(n)]
  55: evalrealheapsortbb13in->evalrealheapsortbb16in, A: A [O(n)]
  55: evalrealheapsortbb13in->evalrealheapsortbb16in, B: max{8, 2+2*A} [O(n)]
  55: evalrealheapsortbb13in->evalrealheapsortbb16in, C: A [O(n)]
  56: evalrealheapsortbb14in->evalrealheapsortbb16in, A: A [O(n)]
  56: evalrealheapsortbb14in->evalrealheapsortbb16in, B: max{8, 2+2*A} [O(n)]
  45: evalrealheapsortbb16in->evalrealheapsortbb9in, A: A [O(n)]
  45: evalrealheapsortbb16in->evalrealheapsortbb9in, B: max{8, 2+2*A} [O(n)]
  46: evalrealheapsortbb16in->evalrealheapsortbb17in, A: A [O(n)]
  46: evalrealheapsortbb16in->evalrealheapsortbb17in, B: max{8, 2+2*A} [O(n)]
  57: evalrealheapsortbb17in->evalrealheapsortbb18in, A: A [O(n)]
  57: evalrealheapsortbb17in->evalrealheapsortbb18in, B: max{8, 2+2*A} [O(n)]
  42: evalrealheapsortbb18in->evalrealheapsortbb8in, A: A [O(n)]
  42: evalrealheapsortbb18in->evalrealheapsortbb8in, B: max{8, 2+2*A} [O(n)]
  43: evalrealheapsortbb18in->evalrealheapsortreturnin, A: A [O(n)]
  43: evalrealheapsortbb18in->evalrealheapsortreturnin, B: max{8, 2+2*A} [O(n)]
  26: evalrealheapsortbb2in->evalrealheapsortbb3in, A: A [O(n)]
  26: evalrealheapsortbb2in->evalrealheapsortbb3in, B: max{1, 1+A*A} [O(n^2)]
  26: evalrealheapsortbb2in->evalrealheapsortbb3in, D: D [O(n)]
  5: evalrealheapsortbb3in->evalrealheapsortbb5in, A: A [O(n)]
  5: evalrealheapsortbb3in->evalrealheapsortbb5in, B: max{1, 1+A*A} [O(n^2)]
  5: evalrealheapsortbb3in->evalrealheapsortbb5in, C: 0 [O(1)]
  5: evalrealheapsortbb3in->evalrealheapsortbb5in, D: D [O(n)]
  6: evalrealheapsortbb3in->evalrealheapsortbb4in, A: A [O(n)]
  6: evalrealheapsortbb3in->evalrealheapsortbb4in, B: max{1, 1+A*A} [O(n^2)]
  6: evalrealheapsortbb3in->evalrealheapsortbb4in, D: D [O(n)]
  8: evalrealheapsortbb4in->evalrealheapsortbb2in, A: A [O(n)]
  8: evalrealheapsortbb4in->evalrealheapsortbb2in, B: max{1, 1+A*A} [O(n^2)]
  8: evalrealheapsortbb4in->evalrealheapsortbb2in, D: D [O(n)]
  11: evalrealheapsortbb4in->evalrealheapsortbb5in, A: A [O(n)]
  11: evalrealheapsortbb4in->evalrealheapsortbb5in, B: max{1, 1+A*A} [O(n^2)]
  11: evalrealheapsortbb4in->evalrealheapsortbb5in, D: D [O(n)]
  40: evalrealheapsortbb5in->evalrealheapsortbb6in, A: A [O(n)]
  40: evalrealheapsortbb5in->evalrealheapsortbb6in, B: max{1, 1+A*A} [O(n^2)]
  40: evalrealheapsortbb5in->evalrealheapsortbb6in, D: D [O(n)]
  3: evalrealheapsortbb6in->evalrealheapsortbb3in, A: A [O(n)]
  3: evalrealheapsortbb6in->evalrealheapsortbb3in, B: max{1, 1+A*A} [O(n^2)]
  3: evalrealheapsortbb6in->evalrealheapsortbb3in, C: max{1, 1, 1+A*A} [O(n^2)]
  3: evalrealheapsortbb6in->evalrealheapsortbb3in, D: D [O(n)]
  4: evalrealheapsortbb6in->evalrealheapsortbb7in, A: A [O(n)]
  4: evalrealheapsortbb6in->evalrealheapsortbb7in, B: max{1, 1+A*A} [O(n^2)]
  4: evalrealheapsortbb6in->evalrealheapsortbb7in, D: D [O(n)]
  41: evalrealheapsortbb7in->evalrealheapsortbb18in, A: A [O(n)]
  41: evalrealheapsortbb7in->evalrealheapsortbb18in, B: 0 [O(1)]
  41: evalrealheapsortbb7in->evalrealheapsortbb18in, D: D [O(n)]
  44: evalrealheapsortbb8in->evalrealheapsortbb16in, A: A [O(n)]
  44: evalrealheapsortbb8in->evalrealheapsortbb16in, B: max{8, 2+2*A} [O(n)]
  44: evalrealheapsortbb8in->evalrealheapsortbb16in, C: 0 [O(1)]
  47: evalrealheapsortbb9in->evalrealheapsortbb11in, A: A [O(n)]
  47: evalrealheapsortbb9in->evalrealheapsortbb11in, B: max{8, 2+2*A} [O(n)]
  48: evalrealheapsortbb9in->evalrealheapsortbb10in, A: A [O(n)]
  48: evalrealheapsortbb9in->evalrealheapsortbb10in, B: max{8, 2+2*A} [O(n)]
  49: evalrealheapsortbb9in->evalrealheapsortbb10in, A: -inf [Infinity]
  49: evalrealheapsortbb9in->evalrealheapsortbb10in, B: -inf [Infinity]
  49: evalrealheapsortbb9in->evalrealheapsortbb10in, C: -inf [Infinity]
  49: evalrealheapsortbb9in->evalrealheapsortbb10in, D: -inf [Infinity]
  1: evalrealheapsortentryin->evalrealheapsortbb6in, A: A [O(n)]
  1: evalrealheapsortentryin->evalrealheapsortbb6in, B: 1 [O(1)]
  1: evalrealheapsortentryin->evalrealheapsortbb6in, C: C [O(n)]
  1: evalrealheapsortentryin->evalrealheapsortbb6in, D: D [O(n)]
  2: evalrealheapsortentryin->evalrealheapsortreturnin, A: 2 [O(1)]
  2: evalrealheapsortentryin->evalrealheapsortreturnin, B: B [O(n)]
  2: evalrealheapsortentryin->evalrealheapsortreturnin, C: C [O(n)]
  2: evalrealheapsortentryin->evalrealheapsortreturnin, D: D [O(n)]
  58: evalrealheapsortreturnin->evalrealheapsortstop, A: max{2, A} [O(n)]
  58: evalrealheapsortreturnin->evalrealheapsortstop, B: max{8, B, 2+2*A} [O(n)]
  0: evalrealheapsortstart->evalrealheapsortentryin, A: A [O(n)]
  0: evalrealheapsortstart->evalrealheapsortentryin, B: B [O(n)]
  0: evalrealheapsortstart->evalrealheapsortentryin, C: C [O(n)]
  0: evalrealheapsortstart->evalrealheapsortentryin, D: D [O(n)]
