Timebounds: 
  Overall timebound: 6+max{0, -911, -2121+1210*max{1, 1, 112-A}}+max{0, 101-A}+max{11, 11*max{1, 1, 112-A}}+max{0, max{-911, -2121+1210*max{1, 1, 112-A}}*max{2, 2*max{1, 1, 112-A}}}+max{2, 2*max{1, 1, 112-A}}+max{0, 111-A}+max{0, -459, -1010+551*max{1, 1, 112-A}}+max{2, 2, 113-A}+max{1, 1, 112-A}+max{0, max{-911, -2121+1210*max{1, 1, 112-A}}*max{2, 2, 113-A}} [O(n^2)]
  6: evalsipma91bb11in->evalsipma91bb5in: max{2, 2, 113-A}+max{0, max{-911, -2121+1210*max{1, 1, 112-A}}*max{2, 2, 113-A}} [O(n^2)]
  7: evalsipma91bb11in->evalsipma91returnin: 1 [O(1)]
  5: evalsipma91bb2in->evalsipma91bb3in: max{0, 111-A} [O(n)]
  3: evalsipma91bb3in->evalsipma91bb2in: max{0, 101-A} [O(n)]
  4: evalsipma91bb3in->evalsipma91bb11in: 1 [O(1)]
  8: evalsipma91bb5in->evalsipma91bb8in: max{0, -459, -1010+551*max{1, 1, 112-A}} [O(n)]
  10: evalsipma91bb5in->evalsipma91bb8in: max{2, 2*max{1, 1, 112-A}}+max{0, max{-911, -2121+1210*max{1, 1, 112-A}}*max{2, 2*max{1, 1, 112-A}}} [O(n^2)]
  11: evalsipma91bb5in->evalsipma91bb11in: max{1, 1, 112-A} [O(n)]
  12: evalsipma91bb8in->evalsipma91bb11in: max{11, 11*max{1, 1, 112-A}} [O(n)]
  15: evalsipma91bb8in->evalsipma91bb11in: max{0, -911, -2121+1210*max{1, 1, 112-A}} [O(n)]
  1: evalsipma91entryin->evalsipma91returnin: 1 [O(1)]
  2: evalsipma91entryin->evalsipma91bb3in: 1 [O(1)]
  16: evalsipma91returnin->evalsipma91stop: 1 [O(1)]
  0: evalsipma91start->evalsipma91entryin: 1 [O(1)]

Costbounds:
  Overall costbound: 6+max{0, -911, -2121+1210*max{1, 1, 112-A}}+max{0, 101-A}+max{11, 11*max{1, 1, 112-A}}+max{0, max{-911, -2121+1210*max{1, 1, 112-A}}*max{2, 2*max{1, 1, 112-A}}}+max{2, 2*max{1, 1, 112-A}}+max{0, 111-A}+max{0, -459, -1010+551*max{1, 1, 112-A}}+max{2, 2, 113-A}+max{1, 1, 112-A}+max{0, max{-911, -2121+1210*max{1, 1, 112-A}}*max{2, 2, 113-A}} [O(n^2)]
  6: evalsipma91bb11in->evalsipma91bb5in: max{2, 2, 113-A}+max{0, max{-911, -2121+1210*max{1, 1, 112-A}}*max{2, 2, 113-A}} [O(n^2)]
  7: evalsipma91bb11in->evalsipma91returnin: 1 [O(1)]
  5: evalsipma91bb2in->evalsipma91bb3in: max{0, 111-A} [O(n)]
  3: evalsipma91bb3in->evalsipma91bb2in: max{0, 101-A} [O(n)]
  4: evalsipma91bb3in->evalsipma91bb11in: 1 [O(1)]
  8: evalsipma91bb5in->evalsipma91bb8in: max{0, -459, -1010+551*max{1, 1, 112-A}} [O(n)]
  10: evalsipma91bb5in->evalsipma91bb8in: max{2, 2*max{1, 1, 112-A}}+max{0, max{-911, -2121+1210*max{1, 1, 112-A}}*max{2, 2*max{1, 1, 112-A}}} [O(n^2)]
  11: evalsipma91bb5in->evalsipma91bb11in: max{1, 1, 112-A} [O(n)]
  12: evalsipma91bb8in->evalsipma91bb11in: max{11, 11*max{1, 1, 112-A}} [O(n)]
  15: evalsipma91bb8in->evalsipma91bb11in: max{0, -911, -2121+1210*max{1, 1, 112-A}} [O(n)]
  1: evalsipma91entryin->evalsipma91returnin: 1 [O(1)]
  2: evalsipma91entryin->evalsipma91bb3in: 1 [O(1)]
  16: evalsipma91returnin->evalsipma91stop: 1 [O(1)]
  0: evalsipma91start->evalsipma91entryin: 1 [O(1)]

Sizebounds:
`Lower:
  6: evalsipma91bb11in->evalsipma91bb5in, A: 1 [O(1)]
  6: evalsipma91bb11in->evalsipma91bb5in, B: 101 [O(1)]
  6: evalsipma91bb11in->evalsipma91bb5in, C: -max{-91, -C} [O(n)]
  6: evalsipma91bb11in->evalsipma91bb5in, D: -max{-1, -D} [O(n)]
  7: evalsipma91bb11in->evalsipma91returnin, A: 1 [O(1)]
  7: evalsipma91bb11in->evalsipma91returnin, B: 101 [O(1)]
  7: evalsipma91bb11in->evalsipma91returnin, C: -max{-91, -C} [O(n)]
  7: evalsipma91bb11in->evalsipma91returnin, D: -max{-1, -D} [O(n)]
  5: evalsipma91bb2in->evalsipma91bb3in, A: 1 [O(1)]
  5: evalsipma91bb2in->evalsipma91bb3in, B: -inf [Infinity]
  5: evalsipma91bb2in->evalsipma91bb3in, C: C [O(n)]
  5: evalsipma91bb2in->evalsipma91bb3in, D: D [O(n)]
  3: evalsipma91bb3in->evalsipma91bb2in, A: 1 [O(1)]
  3: evalsipma91bb3in->evalsipma91bb2in, B: -inf [Infinity]
  3: evalsipma91bb3in->evalsipma91bb2in, C: C [O(n)]
  3: evalsipma91bb3in->evalsipma91bb2in, D: D [O(n)]
  4: evalsipma91bb3in->evalsipma91bb11in, A: 1 [O(1)]
  4: evalsipma91bb3in->evalsipma91bb11in, B: 101 [O(1)]
  4: evalsipma91bb3in->evalsipma91bb11in, C: C [O(n)]
  4: evalsipma91bb3in->evalsipma91bb11in, D: D [O(n)]
  8: evalsipma91bb5in->evalsipma91bb8in, A: 1 [O(1)]
  8: evalsipma91bb5in->evalsipma91bb8in, B: 101 [O(1)]
  8: evalsipma91bb5in->evalsipma91bb8in, C: 91 [O(1)]
  8: evalsipma91bb5in->evalsipma91bb8in, D: 1 [O(1)]
  10: evalsipma91bb5in->evalsipma91bb8in, A: 1 [O(1)]
  10: evalsipma91bb5in->evalsipma91bb8in, B: 101 [O(1)]
  10: evalsipma91bb5in->evalsipma91bb8in, C: 91 [O(1)]
  10: evalsipma91bb5in->evalsipma91bb8in, D: 2 [O(1)]
  11: evalsipma91bb5in->evalsipma91bb11in, A: 1 [O(1)]
  11: evalsipma91bb5in->evalsipma91bb11in, B: 101 [O(1)]
  11: evalsipma91bb5in->evalsipma91bb11in, C: -max{-91, -C} [O(n)]
  11: evalsipma91bb5in->evalsipma91bb11in, D: -max{-1, -D} [O(n)]
  12: evalsipma91bb8in->evalsipma91bb11in, A: 1 [O(1)]
  12: evalsipma91bb8in->evalsipma91bb11in, B: 101 [O(1)]
  12: evalsipma91bb8in->evalsipma91bb11in, C: 101 [O(1)]
  12: evalsipma91bb8in->evalsipma91bb11in, D: 1 [O(1)]
  15: evalsipma91bb8in->evalsipma91bb11in, A: 1 [O(1)]
  15: evalsipma91bb8in->evalsipma91bb11in, B: 102 [O(1)]
  15: evalsipma91bb8in->evalsipma91bb11in, C: 91 [O(1)]
  15: evalsipma91bb8in->evalsipma91bb11in, D: 1 [O(1)]
  1: evalsipma91entryin->evalsipma91returnin, A: 101 [O(1)]
  1: evalsipma91entryin->evalsipma91returnin, B: B [O(n)]
  1: evalsipma91entryin->evalsipma91returnin, C: C [O(n)]
  1: evalsipma91entryin->evalsipma91returnin, D: D [O(n)]
  2: evalsipma91entryin->evalsipma91bb3in, A: 1 [O(1)]
  2: evalsipma91entryin->evalsipma91bb3in, B: A [O(n)]
  2: evalsipma91entryin->evalsipma91bb3in, C: C [O(n)]
  2: evalsipma91entryin->evalsipma91bb3in, D: D [O(n)]
  16: evalsipma91returnin->evalsipma91stop, A: 1 [O(1)]
  16: evalsipma91returnin->evalsipma91stop, B: -max{-101, -B} [O(n)]
  16: evalsipma91returnin->evalsipma91stop, C: -max{-91, -C} [O(n)]
  16: evalsipma91returnin->evalsipma91stop, D: -max{-1, -D} [O(n)]
  0: evalsipma91start->evalsipma91entryin, A: A [O(n)]
  0: evalsipma91start->evalsipma91entryin, B: B [O(n)]
  0: evalsipma91start->evalsipma91entryin, C: C [O(n)]
  0: evalsipma91start->evalsipma91entryin, D: D [O(n)]
`Upper:
  6: evalsipma91bb11in->evalsipma91bb5in, A: max{1, 1, 112-A} [O(n)]
  6: evalsipma91bb11in->evalsipma91bb5in, B: 111 [O(1)]
  6: evalsipma91bb11in->evalsipma91bb5in, C: max{101, C} [O(n)]
  6: evalsipma91bb11in->evalsipma91bb5in, D: max{0, D, 111-A} [O(n)]
  7: evalsipma91bb11in->evalsipma91returnin, A: 1 [O(1)]
  7: evalsipma91bb11in->evalsipma91returnin, B: 111 [O(1)]
  7: evalsipma91bb11in->evalsipma91returnin, C: max{101, C} [O(n)]
  7: evalsipma91bb11in->evalsipma91returnin, D: max{0, D, max{D, 111-A}} [O(n)]
  5: evalsipma91bb2in->evalsipma91bb3in, A: max{1, 112-A} [O(n)]
  5: evalsipma91bb2in->evalsipma91bb3in, B: 111 [O(1)]
  5: evalsipma91bb2in->evalsipma91bb3in, C: C [O(n)]
  5: evalsipma91bb2in->evalsipma91bb3in, D: D [O(n)]
  3: evalsipma91bb3in->evalsipma91bb2in, A: max{1, 112-A} [O(n)]
  3: evalsipma91bb3in->evalsipma91bb2in, B: 100 [O(1)]
  3: evalsipma91bb3in->evalsipma91bb2in, C: C [O(n)]
  3: evalsipma91bb3in->evalsipma91bb2in, D: D [O(n)]
  4: evalsipma91bb3in->evalsipma91bb11in, A: max{1, 1, 112-A} [O(n)]
  4: evalsipma91bb3in->evalsipma91bb11in, B: 111 [O(1)]
  4: evalsipma91bb3in->evalsipma91bb11in, C: C [O(n)]
  4: evalsipma91bb3in->evalsipma91bb11in, D: D [O(n)]
  8: evalsipma91bb5in->evalsipma91bb8in, A: max{1, 1, 112-A} [O(n)]
  8: evalsipma91bb5in->evalsipma91bb8in, B: 110 [O(1)]
  8: evalsipma91bb5in->evalsipma91bb8in, C: 100 [O(1)]
  8: evalsipma91bb5in->evalsipma91bb8in, D: max{0, 111-A} [O(n)]
  10: evalsipma91bb5in->evalsipma91bb8in, A: max{1, 1, 112-A} [O(n)]
  10: evalsipma91bb5in->evalsipma91bb8in, B: 111 [O(1)]
  10: evalsipma91bb5in->evalsipma91bb8in, C: 101 [O(1)]
  10: evalsipma91bb5in->evalsipma91bb8in, D: max{0, 111-A} [O(n)]
  11: evalsipma91bb5in->evalsipma91bb11in, A: 1 [O(1)]
  11: evalsipma91bb5in->evalsipma91bb11in, B: 111 [O(1)]
  11: evalsipma91bb5in->evalsipma91bb11in, C: max{101, C} [O(n)]
  11: evalsipma91bb5in->evalsipma91bb11in, D: max{0, D, 111-A} [O(n)]
  12: evalsipma91bb8in->evalsipma91bb11in, A: max{1, 1, 112-A} [O(n)]
  12: evalsipma91bb8in->evalsipma91bb11in, B: 111 [O(1)]
  12: evalsipma91bb8in->evalsipma91bb11in, C: 101 [O(1)]
  12: evalsipma91bb8in->evalsipma91bb11in, D: max{0, 111-A} [O(n)]
  15: evalsipma91bb8in->evalsipma91bb11in, A: max{1, 1, 112-A} [O(n)]
  15: evalsipma91bb8in->evalsipma91bb11in, B: 111 [O(1)]
  15: evalsipma91bb8in->evalsipma91bb11in, C: 100 [O(1)]
  15: evalsipma91bb8in->evalsipma91bb11in, D: max{0, 111-A} [O(n)]
  1: evalsipma91entryin->evalsipma91returnin, A: A [O(n)]
  1: evalsipma91entryin->evalsipma91returnin, B: B [O(n)]
  1: evalsipma91entryin->evalsipma91returnin, C: C [O(n)]
  1: evalsipma91entryin->evalsipma91returnin, D: D [O(n)]
  2: evalsipma91entryin->evalsipma91bb3in, A: 1 [O(1)]
  2: evalsipma91entryin->evalsipma91bb3in, B: 100 [O(1)]
  2: evalsipma91entryin->evalsipma91bb3in, C: C [O(n)]
  2: evalsipma91entryin->evalsipma91bb3in, D: D [O(n)]
  16: evalsipma91returnin->evalsipma91stop, A: max{1, A} [O(n)]
  16: evalsipma91returnin->evalsipma91stop, B: max{111, B} [O(n)]
  16: evalsipma91returnin->evalsipma91stop, C: max{101, C} [O(n)]
  16: evalsipma91returnin->evalsipma91stop, D: max{0, D, max{D, D, 111-A}} [O(n)]
  0: evalsipma91start->evalsipma91entryin, A: A [O(n)]
  0: evalsipma91start->evalsipma91entryin, B: B [O(n)]
  0: evalsipma91start->evalsipma91entryin, C: C [O(n)]
  0: evalsipma91start->evalsipma91entryin, D: D [O(n)]
