Timebounds: 
  Overall timebound: 4+2*max{0, A*(1+A)}+max{0, 1+A}+max{0, (1+A)*(1+A)}+max{0, 1+A}+max{0, (1+A)*(1+max{2*(A-max{0, 1+A}), 2*A})}+max{0, 1+A}+max{0, (1+A)*max{4*(A-max{0, 1+A}), 4*A}} [O(n^2)]
  6: evalsipmabubblebb1in->evalsipmabubblebb2in: max{0, (1+A)*(1+max{2*(A-max{0, 1+A}), 2*A})} [O(n^2)]
  7: evalsipmabubblebb1in->evalsipmabubblebb3in: max{0, (1+A)*max{4*(A-max{0, 1+A}), 4*A}} [O(n^2)]
  8: evalsipmabubblebb2in->evalsipmabubblebb3in: max{0, A*(1+A)} [O(n^2)]
  9: evalsipmabubblebb3in->evalsipmabubblebb4in: max{0, A*(1+A)} [O(n^2)]
  4: evalsipmabubblebb4in->evalsipmabubblebb1in: max{0, (1+A)*(1+A)} [O(n^2)]
  5: evalsipmabubblebb4in->evalsipmabubblebb5in: max{0, 1+A} [O(n)]
  10: evalsipmabubblebb5in->evalsipmabubblebb6in: max{0, 1+A} [O(n)]
  2: evalsipmabubblebb6in->evalsipmabubblebb4in: max{0, 1+A} [O(n)]
  3: evalsipmabubblebb6in->evalsipmabubblereturnin: 1 [O(1)]
  1: evalsipmabubbleentryin->evalsipmabubblebb6in: 1 [O(1)]
  11: evalsipmabubblereturnin->evalsipmabubblestop: 1 [O(1)]
  0: evalsipmabubblestart->evalsipmabubbleentryin: 1 [O(1)]

Costbounds:
  Overall costbound: 4+2*max{0, A*(1+A)}+max{0, 1+A}+max{0, (1+A)*(1+A)}+max{0, 1+A}+max{0, (1+A)*(1+max{2*(A-max{0, 1+A}), 2*A})}+max{0, 1+A}+max{0, (1+A)*max{4*(A-max{0, 1+A}), 4*A}} [O(n^2)]
  6: evalsipmabubblebb1in->evalsipmabubblebb2in: max{0, (1+A)*(1+max{2*(A-max{0, 1+A}), 2*A})} [O(n^2)]
  7: evalsipmabubblebb1in->evalsipmabubblebb3in: max{0, (1+A)*max{4*(A-max{0, 1+A}), 4*A}} [O(n^2)]
  8: evalsipmabubblebb2in->evalsipmabubblebb3in: max{0, A*(1+A)} [O(n^2)]
  9: evalsipmabubblebb3in->evalsipmabubblebb4in: max{0, A*(1+A)} [O(n^2)]
  4: evalsipmabubblebb4in->evalsipmabubblebb1in: max{0, (1+A)*(1+A)} [O(n^2)]
  5: evalsipmabubblebb4in->evalsipmabubblebb5in: max{0, 1+A} [O(n)]
  10: evalsipmabubblebb5in->evalsipmabubblebb6in: max{0, 1+A} [O(n)]
  2: evalsipmabubblebb6in->evalsipmabubblebb4in: max{0, 1+A} [O(n)]
  3: evalsipmabubblebb6in->evalsipmabubblereturnin: 1 [O(1)]
  1: evalsipmabubbleentryin->evalsipmabubblebb6in: 1 [O(1)]
  11: evalsipmabubblereturnin->evalsipmabubblestop: 1 [O(1)]
  0: evalsipmabubblestart->evalsipmabubbleentryin: 1 [O(1)]

Sizebounds:
`Lower:
  6: evalsipmabubblebb1in->evalsipmabubblebb2in, A: A-max{0, 1+A} [O(n)]
  6: evalsipmabubblebb1in->evalsipmabubblebb2in, B: 0 [O(1)]
  6: evalsipmabubblebb1in->evalsipmabubblebb2in, C: -inf [Infinity]
  6: evalsipmabubblebb1in->evalsipmabubblebb2in, D: -inf [Infinity]
  7: evalsipmabubblebb1in->evalsipmabubblebb3in, A: A-max{0, 1+A} [O(n)]
  7: evalsipmabubblebb1in->evalsipmabubblebb3in, B: 0 [O(1)]
  7: evalsipmabubblebb1in->evalsipmabubblebb3in, C: -inf [Infinity]
  7: evalsipmabubblebb1in->evalsipmabubblebb3in, D: -inf [Infinity]
  8: evalsipmabubblebb2in->evalsipmabubblebb3in, A: A-max{0, 1+A} [O(n)]
  8: evalsipmabubblebb2in->evalsipmabubblebb3in, B: 0 [O(1)]
  8: evalsipmabubblebb2in->evalsipmabubblebb3in, C: -inf [Infinity]
  8: evalsipmabubblebb2in->evalsipmabubblebb3in, D: -inf [Infinity]
  9: evalsipmabubblebb3in->evalsipmabubblebb4in, A: A-max{0, 1+A} [O(n)]
  9: evalsipmabubblebb3in->evalsipmabubblebb4in, B: 1 [O(1)]
  9: evalsipmabubblebb3in->evalsipmabubblebb4in, C: -inf [Infinity]
  9: evalsipmabubblebb3in->evalsipmabubblebb4in, D: -inf [Infinity]
  4: evalsipmabubblebb4in->evalsipmabubblebb1in, A: A-max{0, 1+A} [O(n)]
  4: evalsipmabubblebb4in->evalsipmabubblebb1in, B: 0 [O(1)]
  4: evalsipmabubblebb4in->evalsipmabubblebb1in, C: -inf [Infinity]
  4: evalsipmabubblebb4in->evalsipmabubblebb1in, D: -inf [Infinity]
  5: evalsipmabubblebb4in->evalsipmabubblebb5in, A: A-max{0, 1+A} [O(n)]
  5: evalsipmabubblebb4in->evalsipmabubblebb5in, B: 0 [O(1)]
  5: evalsipmabubblebb4in->evalsipmabubblebb5in, C: -inf [Infinity]
  5: evalsipmabubblebb4in->evalsipmabubblebb5in, D: -inf [Infinity]
  10: evalsipmabubblebb5in->evalsipmabubblebb6in, A: A-max{0, 1+A} [O(n)]
  10: evalsipmabubblebb5in->evalsipmabubblebb6in, B: 0 [O(1)]
  10: evalsipmabubblebb5in->evalsipmabubblebb6in, C: -inf [Infinity]
  10: evalsipmabubblebb5in->evalsipmabubblebb6in, D: -inf [Infinity]
  2: evalsipmabubblebb6in->evalsipmabubblebb4in, A: A-max{0, 1+A} [O(n)]
  2: evalsipmabubblebb6in->evalsipmabubblebb4in, B: 0 [O(1)]
  2: evalsipmabubblebb6in->evalsipmabubblebb4in, C: -inf [Infinity]
  2: evalsipmabubblebb6in->evalsipmabubblebb4in, D: -inf [Infinity]
  3: evalsipmabubblebb6in->evalsipmabubblereturnin, A: -max{-A, -A+max{0, 1+A}} [O(n)]
  3: evalsipmabubblebb6in->evalsipmabubblereturnin, B: -max{0, -B} [O(n)]
  3: evalsipmabubblebb6in->evalsipmabubblereturnin, C: -inf [Infinity]
  3: evalsipmabubblebb6in->evalsipmabubblereturnin, D: -inf [Infinity]
  1: evalsipmabubbleentryin->evalsipmabubblebb6in, A: A [O(n)]
  1: evalsipmabubbleentryin->evalsipmabubblebb6in, B: B [O(n)]
  1: evalsipmabubbleentryin->evalsipmabubblebb6in, C: -inf [Infinity]
  1: evalsipmabubbleentryin->evalsipmabubblebb6in, D: -inf [Infinity]
  11: evalsipmabubblereturnin->evalsipmabubblestop, A: -inf [Infinity]
  11: evalsipmabubblereturnin->evalsipmabubblestop, B: -max{0, -B} [O(n)]
  11: evalsipmabubblereturnin->evalsipmabubblestop, C: -inf [Infinity]
  11: evalsipmabubblereturnin->evalsipmabubblestop, D: -inf [Infinity]
  0: evalsipmabubblestart->evalsipmabubbleentryin, A: A [O(n)]
  0: evalsipmabubblestart->evalsipmabubbleentryin, B: B [O(n)]
  0: evalsipmabubblestart->evalsipmabubbleentryin, C: -inf [Infinity]
  0: evalsipmabubblestart->evalsipmabubbleentryin, D: -inf [Infinity]
`Upper:
  6: evalsipmabubblebb1in->evalsipmabubblebb2in, A: A [O(n)]
  6: evalsipmabubblebb1in->evalsipmabubblebb2in, B: -1+A [O(n)]
  6: evalsipmabubblebb1in->evalsipmabubblebb2in, C: inf [Infinity]
  6: evalsipmabubblebb1in->evalsipmabubblebb2in, D: inf [Infinity]
  7: evalsipmabubblebb1in->evalsipmabubblebb3in, A: A [O(n)]
  7: evalsipmabubblebb1in->evalsipmabubblebb3in, B: -1+A [O(n)]
  7: evalsipmabubblebb1in->evalsipmabubblebb3in, C: inf [Infinity]
  7: evalsipmabubblebb1in->evalsipmabubblebb3in, D: inf [Infinity]
  8: evalsipmabubblebb2in->evalsipmabubblebb3in, A: A [O(n)]
  8: evalsipmabubblebb2in->evalsipmabubblebb3in, B: -1+A [O(n)]
  8: evalsipmabubblebb2in->evalsipmabubblebb3in, C: inf [Infinity]
  8: evalsipmabubblebb2in->evalsipmabubblebb3in, D: inf [Infinity]
  9: evalsipmabubblebb3in->evalsipmabubblebb4in, A: A [O(n)]
  9: evalsipmabubblebb3in->evalsipmabubblebb4in, B: A [O(n)]
  9: evalsipmabubblebb3in->evalsipmabubblebb4in, C: inf [Infinity]
  9: evalsipmabubblebb3in->evalsipmabubblebb4in, D: inf [Infinity]
  4: evalsipmabubblebb4in->evalsipmabubblebb1in, A: A [O(n)]
  4: evalsipmabubblebb4in->evalsipmabubblebb1in, B: -1+A [O(n)]
  4: evalsipmabubblebb4in->evalsipmabubblebb1in, C: inf [Infinity]
  4: evalsipmabubblebb4in->evalsipmabubblebb1in, D: inf [Infinity]
  5: evalsipmabubblebb4in->evalsipmabubblebb5in, A: A [O(n)]
  5: evalsipmabubblebb4in->evalsipmabubblebb5in, B: A [O(n)]
  5: evalsipmabubblebb4in->evalsipmabubblebb5in, C: inf [Infinity]
  5: evalsipmabubblebb4in->evalsipmabubblebb5in, D: inf [Infinity]
  10: evalsipmabubblebb5in->evalsipmabubblebb6in, A: A [O(n)]
  10: evalsipmabubblebb5in->evalsipmabubblebb6in, B: A [O(n)]
  10: evalsipmabubblebb5in->evalsipmabubblebb6in, C: inf [Infinity]
  10: evalsipmabubblebb5in->evalsipmabubblebb6in, D: inf [Infinity]
  2: evalsipmabubblebb6in->evalsipmabubblebb4in, A: A [O(n)]
  2: evalsipmabubblebb6in->evalsipmabubblebb4in, B: 0 [O(1)]
  2: evalsipmabubblebb6in->evalsipmabubblebb4in, C: inf [Infinity]
  2: evalsipmabubblebb6in->evalsipmabubblebb4in, D: inf [Infinity]
  3: evalsipmabubblebb6in->evalsipmabubblereturnin, A: -1 [O(1)]
  3: evalsipmabubblebb6in->evalsipmabubblereturnin, B: max{B, A} [O(n)]
  3: evalsipmabubblebb6in->evalsipmabubblereturnin, C: inf [Infinity]
  3: evalsipmabubblebb6in->evalsipmabubblereturnin, D: inf [Infinity]
  1: evalsipmabubbleentryin->evalsipmabubblebb6in, A: A [O(n)]
  1: evalsipmabubbleentryin->evalsipmabubblebb6in, B: B [O(n)]
  1: evalsipmabubbleentryin->evalsipmabubblebb6in, C: inf [Infinity]
  1: evalsipmabubbleentryin->evalsipmabubblebb6in, D: inf [Infinity]
  11: evalsipmabubblereturnin->evalsipmabubblestop, A: -1 [O(1)]
  11: evalsipmabubblereturnin->evalsipmabubblestop, B: max{B, A} [O(n)]
  11: evalsipmabubblereturnin->evalsipmabubblestop, C: inf [Infinity]
  11: evalsipmabubblereturnin->evalsipmabubblestop, D: inf [Infinity]
  0: evalsipmabubblestart->evalsipmabubbleentryin, A: A [O(n)]
  0: evalsipmabubblestart->evalsipmabubbleentryin, B: B [O(n)]
  0: evalsipmabubblestart->evalsipmabubbleentryin, C: inf [Infinity]
  0: evalsipmabubblestart->evalsipmabubbleentryin, D: inf [Infinity]
