Timebounds: 
  Overall timebound: 6+max{0, -1, -1+2*A}+max{0, A}+max{0, -2+B+A}+max{0, A} [O(n)]
  6: evalspeedpldi2bb2in->evalspeedpldi2bb3in: max{0, A} [O(n)]
  7: evalspeedpldi2bb2in->evalspeedpldi2bb5in: max{0, -2+B+A} [O(n)]
  8: evalspeedpldi2bb3in->evalspeedpldi2bb5in: max{0, A} [O(n)]
  4: evalspeedpldi2bb5in->evalspeedpldi2bb2in: max{0, -1, -1+2*A} [O(n)]
  5: evalspeedpldi2bb5in->evalspeedpldi2returnin: 1 [O(1)]
  1: evalspeedpldi2entryin->evalspeedpldi2bb5in: 1 [O(1)]
  2: evalspeedpldi2entryin->evalspeedpldi2returnin: 1 [O(1)]
  3: evalspeedpldi2entryin->evalspeedpldi2returnin: 1 [O(1)]
  9: evalspeedpldi2returnin->evalspeedpldi2stop: 1 [O(1)]
  0: evalspeedpldi2start->evalspeedpldi2entryin: 1 [O(1)]

Costbounds:
  Overall costbound: 6+max{0, -1, -1+2*A}+max{0, A}+max{0, -2+B+A}+max{0, A} [O(n)]
  6: evalspeedpldi2bb2in->evalspeedpldi2bb3in: max{0, A} [O(n)]
  7: evalspeedpldi2bb2in->evalspeedpldi2bb5in: max{0, -2+B+A} [O(n)]
  8: evalspeedpldi2bb3in->evalspeedpldi2bb5in: max{0, A} [O(n)]
  4: evalspeedpldi2bb5in->evalspeedpldi2bb2in: max{0, -1, -1+2*A} [O(n)]
  5: evalspeedpldi2bb5in->evalspeedpldi2returnin: 1 [O(1)]
  1: evalspeedpldi2entryin->evalspeedpldi2bb5in: 1 [O(1)]
  2: evalspeedpldi2entryin->evalspeedpldi2returnin: 1 [O(1)]
  3: evalspeedpldi2entryin->evalspeedpldi2returnin: 1 [O(1)]
  9: evalspeedpldi2returnin->evalspeedpldi2stop: 1 [O(1)]
  0: evalspeedpldi2start->evalspeedpldi2entryin: 1 [O(1)]

Sizebounds:
`Lower:
  6: evalspeedpldi2bb2in->evalspeedpldi2bb3in, A: 0 [O(1)]
  6: evalspeedpldi2bb2in->evalspeedpldi2bb3in, B: 0 [O(1)]
  6: evalspeedpldi2bb2in->evalspeedpldi2bb3in, C: 0 [O(1)]
  7: evalspeedpldi2bb2in->evalspeedpldi2bb5in, A: 0 [O(1)]
  7: evalspeedpldi2bb2in->evalspeedpldi2bb5in, B: 0 [O(1)]
  7: evalspeedpldi2bb2in->evalspeedpldi2bb5in, C: 0 [O(1)]
  8: evalspeedpldi2bb3in->evalspeedpldi2bb5in, A: 0 [O(1)]
  8: evalspeedpldi2bb3in->evalspeedpldi2bb5in, B: 1 [O(1)]
  8: evalspeedpldi2bb3in->evalspeedpldi2bb5in, C: 0 [O(1)]
  4: evalspeedpldi2bb5in->evalspeedpldi2bb2in, A: 0 [O(1)]
  4: evalspeedpldi2bb5in->evalspeedpldi2bb2in, B: 0 [O(1)]
  4: evalspeedpldi2bb5in->evalspeedpldi2bb2in, C: 0 [O(1)]
  5: evalspeedpldi2bb5in->evalspeedpldi2returnin, A: 1 [O(1)]
  5: evalspeedpldi2bb5in->evalspeedpldi2returnin, B: 0 [O(1)]
  5: evalspeedpldi2bb5in->evalspeedpldi2returnin, C: 0 [O(1)]
  1: evalspeedpldi2entryin->evalspeedpldi2bb5in, A: 1 [O(1)]
  1: evalspeedpldi2entryin->evalspeedpldi2bb5in, B: 0 [O(1)]
  1: evalspeedpldi2entryin->evalspeedpldi2bb5in, C: 0 [O(1)]
  2: evalspeedpldi2entryin->evalspeedpldi2returnin, A: A [O(n)]
  2: evalspeedpldi2entryin->evalspeedpldi2returnin, B: B [O(n)]
  2: evalspeedpldi2entryin->evalspeedpldi2returnin, C: C [O(n)]
  3: evalspeedpldi2entryin->evalspeedpldi2returnin, A: A [O(n)]
  3: evalspeedpldi2entryin->evalspeedpldi2returnin, B: B [O(n)]
  3: evalspeedpldi2entryin->evalspeedpldi2returnin, C: C [O(n)]
  9: evalspeedpldi2returnin->evalspeedpldi2stop, A: -max{-1, -A} [O(n)]
  9: evalspeedpldi2returnin->evalspeedpldi2stop, B: -max{0, -B} [O(n)]
  9: evalspeedpldi2returnin->evalspeedpldi2stop, C: -max{0, -C} [O(n)]
  0: evalspeedpldi2start->evalspeedpldi2entryin, A: A [O(n)]
  0: evalspeedpldi2start->evalspeedpldi2entryin, B: B [O(n)]
  0: evalspeedpldi2start->evalspeedpldi2entryin, C: C [O(n)]
`Upper:
  6: evalspeedpldi2bb2in->evalspeedpldi2bb3in, A: max{0, B} [O(n)]
  6: evalspeedpldi2bb2in->evalspeedpldi2bb3in, B: max{-1, -1+B} [O(n)]
  6: evalspeedpldi2bb2in->evalspeedpldi2bb3in, C: max{0, A} [O(n)]
  7: evalspeedpldi2bb2in->evalspeedpldi2bb5in, A: max{0, B} [O(n)]
  7: evalspeedpldi2bb2in->evalspeedpldi2bb5in, B: 0 [O(1)]
  7: evalspeedpldi2bb2in->evalspeedpldi2bb5in, C: max{0, A} [O(n)]
  8: evalspeedpldi2bb3in->evalspeedpldi2bb5in, A: max{0, B} [O(n)]
  8: evalspeedpldi2bb3in->evalspeedpldi2bb5in, B: max{0, B} [O(n)]
  8: evalspeedpldi2bb3in->evalspeedpldi2bb5in, C: max{0, A} [O(n)]
  4: evalspeedpldi2bb5in->evalspeedpldi2bb2in, A: max{0, B} [O(n)]
  4: evalspeedpldi2bb5in->evalspeedpldi2bb2in, B: max{0, B} [O(n)]
  4: evalspeedpldi2bb5in->evalspeedpldi2bb2in, C: max{0, A} [O(n)]
  5: evalspeedpldi2bb5in->evalspeedpldi2returnin, A: max{0, B} [O(n)]
  5: evalspeedpldi2bb5in->evalspeedpldi2returnin, B: max{0, B} [O(n)]
  5: evalspeedpldi2bb5in->evalspeedpldi2returnin, C: 0 [O(1)]
  1: evalspeedpldi2entryin->evalspeedpldi2bb5in, A: B [O(n)]
  1: evalspeedpldi2entryin->evalspeedpldi2bb5in, B: 0 [O(1)]
  1: evalspeedpldi2entryin->evalspeedpldi2bb5in, C: A [O(n)]
  2: evalspeedpldi2entryin->evalspeedpldi2returnin, A: -1 [O(1)]
  2: evalspeedpldi2entryin->evalspeedpldi2returnin, B: B [O(n)]
  2: evalspeedpldi2entryin->evalspeedpldi2returnin, C: C [O(n)]
  3: evalspeedpldi2entryin->evalspeedpldi2returnin, A: A [O(n)]
  3: evalspeedpldi2entryin->evalspeedpldi2returnin, B: 0 [O(1)]
  3: evalspeedpldi2entryin->evalspeedpldi2returnin, C: C [O(n)]
  9: evalspeedpldi2returnin->evalspeedpldi2stop, A: max{0, -1, max{B, A}} [O(n)]
  9: evalspeedpldi2returnin->evalspeedpldi2stop, B: max{0, B} [O(n)]
  9: evalspeedpldi2returnin->evalspeedpldi2stop, C: max{0, C} [O(n)]
  0: evalspeedpldi2start->evalspeedpldi2entryin, A: A [O(n)]
  0: evalspeedpldi2start->evalspeedpldi2entryin, B: B [O(n)]
  0: evalspeedpldi2start->evalspeedpldi2entryin, C: C [O(n)]
