Timebounds: 
  Overall timebound: inf [Infinity]
  5: evalspeedFails4bb3in->evalspeedFails4bb4in: inf [Infinity]
  6: evalspeedFails4bb3in->evalspeedFails4bb5in: inf [Infinity]
  7: evalspeedFails4bb4in->evalspeedFails4bb6in: inf [Infinity]
  8: evalspeedFails4bb5in->evalspeedFails4bb6in: inf [Infinity]
  3: evalspeedFails4bb6in->evalspeedFails4bb3in: inf [Infinity]
  4: evalspeedFails4bb6in->evalspeedFails4returnin: 1 [O(1)]
  1: evalspeedFails4entryin->evalspeedFails4bb6in: 1 [O(1)]
  2: evalspeedFails4entryin->evalspeedFails4bb6in: 1 [O(1)]
  9: evalspeedFails4returnin->evalspeedFails4stop: 1 [O(1)]
  0: evalspeedFails4start->evalspeedFails4entryin: 1 [O(1)]

Costbounds:
  Overall costbound: inf [Infinity]
  5: evalspeedFails4bb3in->evalspeedFails4bb4in: inf [Infinity]
  6: evalspeedFails4bb3in->evalspeedFails4bb5in: inf [Infinity]
  7: evalspeedFails4bb4in->evalspeedFails4bb6in: inf [Infinity]
  8: evalspeedFails4bb5in->evalspeedFails4bb6in: inf [Infinity]
  3: evalspeedFails4bb6in->evalspeedFails4bb3in: inf [Infinity]
  4: evalspeedFails4bb6in->evalspeedFails4returnin: 1 [O(1)]
  1: evalspeedFails4entryin->evalspeedFails4bb6in: 1 [O(1)]
  2: evalspeedFails4entryin->evalspeedFails4bb6in: 1 [O(1)]
  9: evalspeedFails4returnin->evalspeedFails4stop: 1 [O(1)]
  0: evalspeedFails4start->evalspeedFails4entryin: 1 [O(1)]

Sizebounds:
`Lower:
  5: evalspeedFails4bb3in->evalspeedFails4bb4in, A: -inf [Infinity]
  5: evalspeedFails4bb3in->evalspeedFails4bb4in, B: C [O(n)]
  5: evalspeedFails4bb3in->evalspeedFails4bb4in, C: -inf [Infinity]
  5: evalspeedFails4bb3in->evalspeedFails4bb4in, D: -inf [Infinity]
  6: evalspeedFails4bb3in->evalspeedFails4bb5in, A: -inf [Infinity]
  6: evalspeedFails4bb3in->evalspeedFails4bb5in, B: C [O(n)]
  6: evalspeedFails4bb3in->evalspeedFails4bb5in, C: -inf [Infinity]
  6: evalspeedFails4bb3in->evalspeedFails4bb5in, D: -inf [Infinity]
  7: evalspeedFails4bb4in->evalspeedFails4bb6in, A: -inf [Infinity]
  7: evalspeedFails4bb4in->evalspeedFails4bb6in, B: C [O(n)]
  7: evalspeedFails4bb4in->evalspeedFails4bb6in, C: -inf [Infinity]
  7: evalspeedFails4bb4in->evalspeedFails4bb6in, D: -inf [Infinity]
  8: evalspeedFails4bb5in->evalspeedFails4bb6in, A: -inf [Infinity]
  8: evalspeedFails4bb5in->evalspeedFails4bb6in, B: C [O(n)]
  8: evalspeedFails4bb5in->evalspeedFails4bb6in, C: -inf [Infinity]
  8: evalspeedFails4bb5in->evalspeedFails4bb6in, D: -inf [Infinity]
  3: evalspeedFails4bb6in->evalspeedFails4bb3in, A: -inf [Infinity]
  3: evalspeedFails4bb6in->evalspeedFails4bb3in, B: C [O(n)]
  3: evalspeedFails4bb6in->evalspeedFails4bb3in, C: -inf [Infinity]
  3: evalspeedFails4bb6in->evalspeedFails4bb3in, D: -inf [Infinity]
  4: evalspeedFails4bb6in->evalspeedFails4returnin, A: -1 [O(1)]
  4: evalspeedFails4bb6in->evalspeedFails4returnin, B: C [O(n)]
  4: evalspeedFails4bb6in->evalspeedFails4returnin, C: -inf [Infinity]
  4: evalspeedFails4bb6in->evalspeedFails4returnin, D: 1+C [O(n)]
  1: evalspeedFails4entryin->evalspeedFails4bb6in, A: 1 [O(1)]
  1: evalspeedFails4entryin->evalspeedFails4bb6in, B: C [O(n)]
  1: evalspeedFails4entryin->evalspeedFails4bb6in, C: 1 [O(1)]
  1: evalspeedFails4entryin->evalspeedFails4bb6in, D: B [O(n)]
  2: evalspeedFails4entryin->evalspeedFails4bb6in, A: -1 [O(1)]
  2: evalspeedFails4entryin->evalspeedFails4bb6in, B: C [O(n)]
  2: evalspeedFails4entryin->evalspeedFails4bb6in, C: A [O(n)]
  2: evalspeedFails4entryin->evalspeedFails4bb6in, D: B [O(n)]
  9: evalspeedFails4returnin->evalspeedFails4stop, A: -1 [O(1)]
  9: evalspeedFails4returnin->evalspeedFails4stop, B: C [O(n)]
  9: evalspeedFails4returnin->evalspeedFails4stop, C: -inf [Infinity]
  9: evalspeedFails4returnin->evalspeedFails4stop, D: 1+C [O(n)]
  0: evalspeedFails4start->evalspeedFails4entryin, A: A [O(n)]
  0: evalspeedFails4start->evalspeedFails4entryin, B: B [O(n)]
  0: evalspeedFails4start->evalspeedFails4entryin, C: C [O(n)]
  0: evalspeedFails4start->evalspeedFails4entryin, D: D [O(n)]
`Upper:
  5: evalspeedFails4bb3in->evalspeedFails4bb4in, A: 1 [O(1)]
  5: evalspeedFails4bb3in->evalspeedFails4bb4in, B: C [O(n)]
  5: evalspeedFails4bb3in->evalspeedFails4bb4in, C: max{0, A} [O(n)]
  5: evalspeedFails4bb3in->evalspeedFails4bb4in, D: C [O(n)]
  6: evalspeedFails4bb3in->evalspeedFails4bb5in, A: 1 [O(1)]
  6: evalspeedFails4bb3in->evalspeedFails4bb5in, B: C [O(n)]
  6: evalspeedFails4bb3in->evalspeedFails4bb5in, C: 0 [O(1)]
  6: evalspeedFails4bb3in->evalspeedFails4bb5in, D: C [O(n)]
  7: evalspeedFails4bb4in->evalspeedFails4bb6in, A: 1 [O(1)]
  7: evalspeedFails4bb4in->evalspeedFails4bb6in, B: C [O(n)]
  7: evalspeedFails4bb4in->evalspeedFails4bb6in, C: max{0, A} [O(n)]
  7: evalspeedFails4bb4in->evalspeedFails4bb6in, D: 1+C [O(n)]
  8: evalspeedFails4bb5in->evalspeedFails4bb6in, A: 1 [O(1)]
  8: evalspeedFails4bb5in->evalspeedFails4bb6in, B: C [O(n)]
  8: evalspeedFails4bb5in->evalspeedFails4bb6in, C: 0 [O(1)]
  8: evalspeedFails4bb5in->evalspeedFails4bb6in, D: 1+C [O(n)]
  3: evalspeedFails4bb6in->evalspeedFails4bb3in, A: 1 [O(1)]
  3: evalspeedFails4bb6in->evalspeedFails4bb3in, B: C [O(n)]
  3: evalspeedFails4bb6in->evalspeedFails4bb3in, C: max{0, A} [O(n)]
  3: evalspeedFails4bb6in->evalspeedFails4bb3in, D: C [O(n)]
  4: evalspeedFails4bb6in->evalspeedFails4returnin, A: 1 [O(1)]
  4: evalspeedFails4bb6in->evalspeedFails4returnin, B: C [O(n)]
  4: evalspeedFails4bb6in->evalspeedFails4returnin, C: max{0, A} [O(n)]
  4: evalspeedFails4bb6in->evalspeedFails4returnin, D: max{B, 1+C} [O(n)]
  1: evalspeedFails4entryin->evalspeedFails4bb6in, A: 1 [O(1)]
  1: evalspeedFails4entryin->evalspeedFails4bb6in, B: C [O(n)]
  1: evalspeedFails4entryin->evalspeedFails4bb6in, C: A [O(n)]
  1: evalspeedFails4entryin->evalspeedFails4bb6in, D: B [O(n)]
  2: evalspeedFails4entryin->evalspeedFails4bb6in, A: -1 [O(1)]
  2: evalspeedFails4entryin->evalspeedFails4bb6in, B: C [O(n)]
  2: evalspeedFails4entryin->evalspeedFails4bb6in, C: 0 [O(1)]
  2: evalspeedFails4entryin->evalspeedFails4bb6in, D: B [O(n)]
  9: evalspeedFails4returnin->evalspeedFails4stop, A: 1 [O(1)]
  9: evalspeedFails4returnin->evalspeedFails4stop, B: C [O(n)]
  9: evalspeedFails4returnin->evalspeedFails4stop, C: max{0, A} [O(n)]
  9: evalspeedFails4returnin->evalspeedFails4stop, D: max{B, 1+C} [O(n)]
  0: evalspeedFails4start->evalspeedFails4entryin, A: A [O(n)]
  0: evalspeedFails4start->evalspeedFails4entryin, B: B [O(n)]
  0: evalspeedFails4start->evalspeedFails4entryin, C: C [O(n)]
  0: evalspeedFails4start->evalspeedFails4entryin, D: D [O(n)]
