Timebounds: 
  Overall timebound: inf [Infinity]
  5: evalspeedpldi3bb5in->evalspeedpldi3returnin: 1 [O(1)]
  1: evalspeedpldi3entryin->evalspeedpldi3returnin: 1 [O(1)]
  2: evalspeedpldi3entryin->evalspeedpldi3returnin: 1 [O(1)]
  3: evalspeedpldi3entryin->evalspeedpldi3bb5in: 1 [O(1)]
  10: evalspeedpldi3returnin->evalspeedpldi3stop: 1 [O(1)]
  0: evalspeedpldi3start->evalspeedpldi3entryin: 1 [O(1)]

Costbounds:
  Overall costbound: inf [Infinity]
  6: evalspeedpldi3bb2in->evalspeedpldi3bb3in: inf [Infinity]
  7: evalspeedpldi3bb2in->evalspeedpldi3bb4in: inf [Infinity]
  8: evalspeedpldi3bb3in->evalspeedpldi3bb5in: inf [Infinity]
  9: evalspeedpldi3bb4in->evalspeedpldi3bb5in: inf [Infinity]
  4: evalspeedpldi3bb5in->evalspeedpldi3bb2in: inf [Infinity]
  5: evalspeedpldi3bb5in->evalspeedpldi3returnin: 1 [O(1)]
  1: evalspeedpldi3entryin->evalspeedpldi3returnin: 1 [O(1)]
  2: evalspeedpldi3entryin->evalspeedpldi3returnin: 1 [O(1)]
  3: evalspeedpldi3entryin->evalspeedpldi3bb5in: 1 [O(1)]
  10: evalspeedpldi3returnin->evalspeedpldi3stop: 1 [O(1)]
  0: evalspeedpldi3start->evalspeedpldi3entryin: 1 [O(1)]

Sizebounds:
`Lower:
  6: evalspeedpldi3bb2in->evalspeedpldi3bb3in, A: 0 [O(1)]
  6: evalspeedpldi3bb2in->evalspeedpldi3bb3in, B: 0 [O(1)]
  6: evalspeedpldi3bb2in->evalspeedpldi3bb3in, C: 0 [O(1)]
  6: evalspeedpldi3bb2in->evalspeedpldi3bb3in, D: 0 [O(1)]
  7: evalspeedpldi3bb2in->evalspeedpldi3bb4in, A: 0 [O(1)]
  7: evalspeedpldi3bb2in->evalspeedpldi3bb4in, B: 0 [O(1)]
  7: evalspeedpldi3bb2in->evalspeedpldi3bb4in, C: 1 [O(1)]
  7: evalspeedpldi3bb2in->evalspeedpldi3bb4in, D: 0 [O(1)]
  8: evalspeedpldi3bb3in->evalspeedpldi3bb5in, A: 0 [O(1)]
  8: evalspeedpldi3bb3in->evalspeedpldi3bb5in, B: 0 [O(1)]
  8: evalspeedpldi3bb3in->evalspeedpldi3bb5in, C: 1 [O(1)]
  8: evalspeedpldi3bb3in->evalspeedpldi3bb5in, D: 0 [O(1)]
  9: evalspeedpldi3bb4in->evalspeedpldi3bb5in, A: 0 [O(1)]
  9: evalspeedpldi3bb4in->evalspeedpldi3bb5in, B: 0 [O(1)]
  9: evalspeedpldi3bb4in->evalspeedpldi3bb5in, C: 0 [O(1)]
  9: evalspeedpldi3bb4in->evalspeedpldi3bb5in, D: 1 [O(1)]
  4: evalspeedpldi3bb5in->evalspeedpldi3bb2in, A: 0 [O(1)]
  4: evalspeedpldi3bb5in->evalspeedpldi3bb2in, B: 0 [O(1)]
  4: evalspeedpldi3bb5in->evalspeedpldi3bb2in, C: 0 [O(1)]
  4: evalspeedpldi3bb5in->evalspeedpldi3bb2in, D: 0 [O(1)]
  5: evalspeedpldi3bb5in->evalspeedpldi3returnin, A: 1 [O(1)]
  5: evalspeedpldi3bb5in->evalspeedpldi3returnin, B: 2 [O(1)]
  5: evalspeedpldi3bb5in->evalspeedpldi3returnin, C: 0 [O(1)]
  5: evalspeedpldi3bb5in->evalspeedpldi3returnin, D: 2 [O(1)]
  1: evalspeedpldi3entryin->evalspeedpldi3returnin, A: A [O(n)]
  1: evalspeedpldi3entryin->evalspeedpldi3returnin, B: B [O(n)]
  1: evalspeedpldi3entryin->evalspeedpldi3returnin, C: C [O(n)]
  1: evalspeedpldi3entryin->evalspeedpldi3returnin, D: D [O(n)]
  2: evalspeedpldi3entryin->evalspeedpldi3returnin, A: A [O(n)]
  2: evalspeedpldi3entryin->evalspeedpldi3returnin, B: B [O(n)]
  2: evalspeedpldi3entryin->evalspeedpldi3returnin, C: C [O(n)]
  2: evalspeedpldi3entryin->evalspeedpldi3returnin, D: D [O(n)]
  3: evalspeedpldi3entryin->evalspeedpldi3bb5in, A: 1 [O(1)]
  3: evalspeedpldi3entryin->evalspeedpldi3bb5in, B: 2 [O(1)]
  3: evalspeedpldi3entryin->evalspeedpldi3bb5in, C: 0 [O(1)]
  3: evalspeedpldi3entryin->evalspeedpldi3bb5in, D: 0 [O(1)]
  10: evalspeedpldi3returnin->evalspeedpldi3stop, A: -max{-1, -A} [O(n)]
  10: evalspeedpldi3returnin->evalspeedpldi3stop, B: -max{-2, -B} [O(n)]
  10: evalspeedpldi3returnin->evalspeedpldi3stop, C: -max{0, -C} [O(n)]
  10: evalspeedpldi3returnin->evalspeedpldi3stop, D: -max{-2, -D} [O(n)]
  0: evalspeedpldi3start->evalspeedpldi3entryin, A: A [O(n)]
  0: evalspeedpldi3start->evalspeedpldi3entryin, B: B [O(n)]
  0: evalspeedpldi3start->evalspeedpldi3entryin, C: C [O(n)]
  0: evalspeedpldi3start->evalspeedpldi3entryin, D: D [O(n)]
`Upper:
  6: evalspeedpldi3bb2in->evalspeedpldi3bb3in, A: max{0, A} [O(n)]
  6: evalspeedpldi3bb2in->evalspeedpldi3bb3in, B: max{0, B} [O(n)]
  6: evalspeedpldi3bb2in->evalspeedpldi3bb3in, C: max{-1, -1+A} [O(n)]
  6: evalspeedpldi3bb2in->evalspeedpldi3bb3in, D: max{-1, -1+B} [O(n)]
  7: evalspeedpldi3bb2in->evalspeedpldi3bb4in, A: max{0, A} [O(n)]
  7: evalspeedpldi3bb2in->evalspeedpldi3bb4in, B: max{0, B} [O(n)]
  7: evalspeedpldi3bb2in->evalspeedpldi3bb4in, C: max{0, A} [O(n)]
  7: evalspeedpldi3bb2in->evalspeedpldi3bb4in, D: max{-1, -1+B} [O(n)]
  8: evalspeedpldi3bb3in->evalspeedpldi3bb5in, A: max{0, A} [O(n)]
  8: evalspeedpldi3bb3in->evalspeedpldi3bb5in, B: max{0, B} [O(n)]
  8: evalspeedpldi3bb3in->evalspeedpldi3bb5in, C: max{0, A} [O(n)]
  8: evalspeedpldi3bb3in->evalspeedpldi3bb5in, D: max{-1, -1+B} [O(n)]
  9: evalspeedpldi3bb4in->evalspeedpldi3bb5in, A: max{0, A} [O(n)]
  9: evalspeedpldi3bb4in->evalspeedpldi3bb5in, B: max{0, B} [O(n)]
  9: evalspeedpldi3bb4in->evalspeedpldi3bb5in, C: 0 [O(1)]
  9: evalspeedpldi3bb4in->evalspeedpldi3bb5in, D: max{0, B} [O(n)]
  4: evalspeedpldi3bb5in->evalspeedpldi3bb2in, A: max{0, A} [O(n)]
  4: evalspeedpldi3bb5in->evalspeedpldi3bb2in, B: max{0, B} [O(n)]
  4: evalspeedpldi3bb5in->evalspeedpldi3bb2in, C: max{0, A} [O(n)]
  4: evalspeedpldi3bb5in->evalspeedpldi3bb2in, D: max{-1, -1+B} [O(n)]
  5: evalspeedpldi3bb5in->evalspeedpldi3returnin, A: max{0, A} [O(n)]
  5: evalspeedpldi3bb5in->evalspeedpldi3returnin, B: max{0, B} [O(n)]
  5: evalspeedpldi3bb5in->evalspeedpldi3returnin, C: max{0, A} [O(n)]
  5: evalspeedpldi3bb5in->evalspeedpldi3returnin, D: max{-1, 0, max{B, -1+B}} [O(n)]
  1: evalspeedpldi3entryin->evalspeedpldi3returnin, A: 0 [O(1)]
  1: evalspeedpldi3entryin->evalspeedpldi3returnin, B: B [O(n)]
  1: evalspeedpldi3entryin->evalspeedpldi3returnin, C: C [O(n)]
  1: evalspeedpldi3entryin->evalspeedpldi3returnin, D: D [O(n)]
  2: evalspeedpldi3entryin->evalspeedpldi3returnin, A: A [O(n)]
  2: evalspeedpldi3entryin->evalspeedpldi3returnin, B: A [O(n)]
  2: evalspeedpldi3entryin->evalspeedpldi3returnin, C: C [O(n)]
  2: evalspeedpldi3entryin->evalspeedpldi3returnin, D: D [O(n)]
  3: evalspeedpldi3entryin->evalspeedpldi3bb5in, A: A [O(n)]
  3: evalspeedpldi3entryin->evalspeedpldi3bb5in, B: B [O(n)]
  3: evalspeedpldi3entryin->evalspeedpldi3bb5in, C: 0 [O(1)]
  3: evalspeedpldi3entryin->evalspeedpldi3bb5in, D: 0 [O(1)]
  10: evalspeedpldi3returnin->evalspeedpldi3stop, A: max{0, A} [O(n)]
  10: evalspeedpldi3returnin->evalspeedpldi3stop, B: max{0, B, max{A, B}} [O(n)]
  10: evalspeedpldi3returnin->evalspeedpldi3stop, C: max{0, C, A} [O(n)]
  10: evalspeedpldi3returnin->evalspeedpldi3stop, D: max{-1, 0, max{D, B, -1+B}} [O(n)]
  0: evalspeedpldi3start->evalspeedpldi3entryin, A: A [O(n)]
  0: evalspeedpldi3start->evalspeedpldi3entryin, B: B [O(n)]
  0: evalspeedpldi3start->evalspeedpldi3entryin, C: C [O(n)]
  0: evalspeedpldi3start->evalspeedpldi3entryin, D: D [O(n)]
