Timebounds: 
  Overall timebound: 3+max{0, 102+B+-C-A}+max{2, 103+B+-C-A} [O(n)]
  2: evalterminatebb1in->evalterminatebbin: max{0, 101+B+-C-A} [O(n)]
  3: evalterminatebb1in->evalterminatereturnin: 1 [O(1)]
  4: evalterminatebb1in->evalterminatereturnin: 1 [O(1)]
  5: evalterminatebbin->evalterminatebb1in: max{0, 102+B+-C-A} [O(n)]
  1: evalterminateentryin->evalterminatebb1in: 1 [O(1)]
  6: evalterminatereturnin->evalterminatestop: 1 [O(1)]
  0: evalterminatestart->evalterminateentryin: 1 [O(1)]

Costbounds:
  Overall costbound: 3+max{0, 102+B+-C-A}+max{2, 103+B+-C-A} [O(n)]
  2: evalterminatebb1in->evalterminatebbin: max{0, 101+B+-C-A} [O(n)]
  3: evalterminatebb1in->evalterminatereturnin: 1 [O(1)]
  4: evalterminatebb1in->evalterminatereturnin: 1 [O(1)]
  5: evalterminatebbin->evalterminatebb1in: max{0, 102+B+-C-A} [O(n)]
  1: evalterminateentryin->evalterminatebb1in: 1 [O(1)]
  6: evalterminatereturnin->evalterminatestop: 1 [O(1)]
  0: evalterminatestart->evalterminateentryin: 1 [O(1)]

Sizebounds:
`Lower:
  2: evalterminatebb1in->evalterminatebbin, A: B-max{0, 102+B+-C-A} [O(n)]
  2: evalterminatebb1in->evalterminatebbin, B: -max{-C, -A} [O(n)]
  2: evalterminatebb1in->evalterminatebbin, C: -max{-C, -A} [O(n)]
  3: evalterminatebb1in->evalterminatereturnin, A: -max{-B, -B+max{0, 102+B+-C-A}} [O(n)]
  3: evalterminatebb1in->evalterminatereturnin, B: 101 [O(1)]
  3: evalterminatebb1in->evalterminatereturnin, C: -max{-C, -C, -A} [O(n)]
  4: evalterminatebb1in->evalterminatereturnin, A: -max{-B, -B+max{0, 102+B+-C-A}} [O(n)]
  4: evalterminatebb1in->evalterminatereturnin, B: -max{-A, -C, -A} [O(n)]
  4: evalterminatebb1in->evalterminatereturnin, C: -max{-C, -C, -A} [O(n)]
  5: evalterminatebbin->evalterminatebb1in, A: B-max{0, 102+B+-C-A} [O(n)]
  5: evalterminatebbin->evalterminatebb1in, B: -max{-C, -A} [O(n)]
  5: evalterminatebbin->evalterminatebb1in, C: -max{-C, -A} [O(n)]
  1: evalterminateentryin->evalterminatebb1in, A: B [O(n)]
  1: evalterminateentryin->evalterminatebb1in, B: A [O(n)]
  1: evalterminateentryin->evalterminatebb1in, C: C [O(n)]
  6: evalterminatereturnin->evalterminatestop, A: -max{-B, -B+max{0, 102+B+-C-A}} [O(n)]
  6: evalterminatereturnin->evalterminatestop, B: -max{-101, -C, -A} [O(n)]
  6: evalterminatereturnin->evalterminatestop, C: -max{-C, -C, -A} [O(n)]
  0: evalterminatestart->evalterminateentryin, A: A [O(n)]
  0: evalterminatestart->evalterminateentryin, B: B [O(n)]
  0: evalterminatestart->evalterminateentryin, C: C [O(n)]
`Upper:
  2: evalterminatebb1in->evalterminatebbin, A: B [O(n)]
  2: evalterminatebb1in->evalterminatebbin, B: 100 [O(1)]
  2: evalterminatebb1in->evalterminatebbin, C: max{101, C} [O(n)]
  3: evalterminatebb1in->evalterminatereturnin, A: B [O(n)]
  3: evalterminatebb1in->evalterminatereturnin, B: max{101, A, C} [O(n)]
  3: evalterminatebb1in->evalterminatereturnin, C: max{101, C} [O(n)]
  4: evalterminatebb1in->evalterminatereturnin, A: B [O(n)]
  4: evalterminatebb1in->evalterminatereturnin, B: max{101, A, C} [O(n)]
  4: evalterminatebb1in->evalterminatereturnin, C: max{101, C} [O(n)]
  5: evalterminatebbin->evalterminatebb1in, A: B [O(n)]
  5: evalterminatebbin->evalterminatebb1in, B: max{101, C} [O(n)]
  5: evalterminatebbin->evalterminatebb1in, C: 101 [O(1)]
  1: evalterminateentryin->evalterminatebb1in, A: B [O(n)]
  1: evalterminateentryin->evalterminatebb1in, B: A [O(n)]
  1: evalterminateentryin->evalterminatebb1in, C: C [O(n)]
  6: evalterminatereturnin->evalterminatestop, A: B [O(n)]
  6: evalterminatereturnin->evalterminatestop, B: max{101, A, C} [O(n)]
  6: evalterminatereturnin->evalterminatestop, C: max{101, C} [O(n)]
  0: evalterminatestart->evalterminateentryin, A: A [O(n)]
  0: evalterminatestart->evalterminateentryin, B: B [O(n)]
  0: evalterminatestart->evalterminateentryin, C: C [O(n)]
