Timebounds: 
  Overall timebound: 4+2*max{0, 5-A}+max{0, 5-A}+max{0, 32*(5-A)}+max{0, 5-A}+max{0, 128*(5-A)} [O(n)]
  7: evalwcet2bb1in->evalwcet2bb2in: max{0, 128*(5-A)} [O(n)]
  4: evalwcet2bb2in->evalwcet2bb1in: max{0, 32*(5-A)} [O(n)]
  5: evalwcet2bb2in->evalwcet2bb4in: max{0, 5-A} [O(n)]
  6: evalwcet2bb2in->evalwcet2bb4in: max{0, 5-A} [O(n)]
  8: evalwcet2bb4in->evalwcet2bb5in: max{0, 5-A} [O(n)]
  2: evalwcet2bb5in->evalwcet2bb2in: max{0, 5-A} [O(n)]
  3: evalwcet2bb5in->evalwcet2returnin: 1 [O(1)]
  1: evalwcet2entryin->evalwcet2bb5in: 1 [O(1)]
  9: evalwcet2returnin->evalwcet2stop: 1 [O(1)]
  0: evalwcet2start->evalwcet2entryin: 1 [O(1)]

Costbounds:
  Overall costbound: 4+2*max{0, 5-A}+max{0, 5-A}+max{0, 32*(5-A)}+max{0, 5-A}+max{0, 128*(5-A)} [O(n)]
  7: evalwcet2bb1in->evalwcet2bb2in: max{0, 128*(5-A)} [O(n)]
  4: evalwcet2bb2in->evalwcet2bb1in: max{0, 32*(5-A)} [O(n)]
  5: evalwcet2bb2in->evalwcet2bb4in: max{0, 5-A} [O(n)]
  6: evalwcet2bb2in->evalwcet2bb4in: max{0, 5-A} [O(n)]
  8: evalwcet2bb4in->evalwcet2bb5in: max{0, 5-A} [O(n)]
  2: evalwcet2bb5in->evalwcet2bb2in: max{0, 5-A} [O(n)]
  3: evalwcet2bb5in->evalwcet2returnin: 1 [O(1)]
  1: evalwcet2entryin->evalwcet2bb5in: 1 [O(1)]
  9: evalwcet2returnin->evalwcet2stop: 1 [O(1)]
  0: evalwcet2start->evalwcet2entryin: 1 [O(1)]

Sizebounds:
`Lower:
  7: evalwcet2bb1in->evalwcet2bb2in, A: 3 [O(1)]
  7: evalwcet2bb1in->evalwcet2bb2in, B: 1 [O(1)]
  4: evalwcet2bb2in->evalwcet2bb1in, A: 3 [O(1)]
  4: evalwcet2bb2in->evalwcet2bb1in, B: 0 [O(1)]
  5: evalwcet2bb2in->evalwcet2bb4in, A: -max{-3, -A} [O(n)]
  5: evalwcet2bb2in->evalwcet2bb4in, B: 0 [O(1)]
  6: evalwcet2bb2in->evalwcet2bb4in, A: -max{-3, -A} [O(n)]
  6: evalwcet2bb2in->evalwcet2bb4in, B: 10 [O(1)]
  8: evalwcet2bb4in->evalwcet2bb5in, A: -max{-3, -A} [O(n)]
  8: evalwcet2bb4in->evalwcet2bb5in, B: 0 [O(1)]
  2: evalwcet2bb5in->evalwcet2bb2in, A: -max{-3, -A} [O(n)]
  2: evalwcet2bb5in->evalwcet2bb2in, B: 0 [O(1)]
  3: evalwcet2bb5in->evalwcet2returnin, A: 5 [O(1)]
  3: evalwcet2bb5in->evalwcet2returnin, B: -max{0, -B} [O(n)]
  1: evalwcet2entryin->evalwcet2bb5in, A: A [O(n)]
  1: evalwcet2entryin->evalwcet2bb5in, B: B [O(n)]
  9: evalwcet2returnin->evalwcet2stop, A: 5 [O(1)]
  9: evalwcet2returnin->evalwcet2stop, B: -max{0, -B} [O(n)]
  0: evalwcet2start->evalwcet2entryin, A: A [O(n)]
  0: evalwcet2start->evalwcet2entryin, B: B [O(n)]
`Upper:
  7: evalwcet2bb1in->evalwcet2bb2in, A: 4 [O(1)]
  7: evalwcet2bb1in->evalwcet2bb2in, B: 10 [O(1)]
  4: evalwcet2bb2in->evalwcet2bb1in, A: 4 [O(1)]
  4: evalwcet2bb2in->evalwcet2bb1in, B: 9 [O(1)]
  5: evalwcet2bb2in->evalwcet2bb4in, A: 2 [O(1)]
  5: evalwcet2bb2in->evalwcet2bb4in, B: 10 [O(1)]
  6: evalwcet2bb2in->evalwcet2bb4in, A: 4 [O(1)]
  6: evalwcet2bb2in->evalwcet2bb4in, B: 10 [O(1)]
  8: evalwcet2bb4in->evalwcet2bb5in, A: 5 [O(1)]
  8: evalwcet2bb4in->evalwcet2bb5in, B: 10 [O(1)]
  2: evalwcet2bb5in->evalwcet2bb2in, A: 4 [O(1)]
  2: evalwcet2bb5in->evalwcet2bb2in, B: 0 [O(1)]
  3: evalwcet2bb5in->evalwcet2returnin, A: max{5, A} [O(n)]
  3: evalwcet2bb5in->evalwcet2returnin, B: max{10, B} [O(n)]
  1: evalwcet2entryin->evalwcet2bb5in, A: A [O(n)]
  1: evalwcet2entryin->evalwcet2bb5in, B: B [O(n)]
  9: evalwcet2returnin->evalwcet2stop, A: max{5, A} [O(n)]
  9: evalwcet2returnin->evalwcet2stop, B: max{10, B} [O(n)]
  0: evalwcet2start->evalwcet2entryin, A: A [O(n)]
  0: evalwcet2start->evalwcet2entryin, B: B [O(n)]
