Timebounds: 
  Overall timebound: 5+2*2*max{0, A}+2*max{3, 3*A}+max{0, 1+A}+max{4, 1+3*A}+max{3, 1+2*A} [O(n)]
  6: evalwcet1bb1in->evalwcet1bb6in: max{3, 3*A} [O(n)]
  7: evalwcet1bb1in->evalwcet1bb6in: max{0, A} [O(n)]
  8: evalwcet1bb4in->evalwcet1bb5in: max{0, A} [O(n)]
  9: evalwcet1bb4in->evalwcet1bb6in: max{0, A} [O(n)]
  10: evalwcet1bb5in->evalwcet1bb6in: max{3, 3*A} [O(n)]
  11: evalwcet1bb6in->evalwcet1bbin: max{0, A} [O(n)]
  12: evalwcet1bb6in->evalwcet1returnin: 1 [O(1)]
  3: evalwcet1bbin->evalwcet1bb1in: max{4, 1+3*A} [O(n)]
  4: evalwcet1bbin->evalwcet1bb1in: max{3, 1+2*A} [O(n)]
  5: evalwcet1bbin->evalwcet1bb4in: max{0, 1+A} [O(n)]
  1: evalwcet1entryin->evalwcet1bbin: 1 [O(1)]
  2: evalwcet1entryin->evalwcet1returnin: 1 [O(1)]
  13: evalwcet1returnin->evalwcet1stop: 1 [O(1)]
  0: evalwcet1start->evalwcet1entryin: 1 [O(1)]

Costbounds:
  Overall costbound: 5+2*2*max{0, A}+2*max{3, 3*A}+max{0, 1+A}+max{4, 1+3*A}+max{3, 1+2*A} [O(n)]
  6: evalwcet1bb1in->evalwcet1bb6in: max{3, 3*A} [O(n)]
  7: evalwcet1bb1in->evalwcet1bb6in: max{0, A} [O(n)]
  8: evalwcet1bb4in->evalwcet1bb5in: max{0, A} [O(n)]
  9: evalwcet1bb4in->evalwcet1bb6in: max{0, A} [O(n)]
  10: evalwcet1bb5in->evalwcet1bb6in: max{3, 3*A} [O(n)]
  11: evalwcet1bb6in->evalwcet1bbin: max{0, A} [O(n)]
  12: evalwcet1bb6in->evalwcet1returnin: 1 [O(1)]
  3: evalwcet1bbin->evalwcet1bb1in: max{4, 1+3*A} [O(n)]
  4: evalwcet1bbin->evalwcet1bb1in: max{3, 1+2*A} [O(n)]
  5: evalwcet1bbin->evalwcet1bb4in: max{0, 1+A} [O(n)]
  1: evalwcet1entryin->evalwcet1bbin: 1 [O(1)]
  2: evalwcet1entryin->evalwcet1returnin: 1 [O(1)]
  13: evalwcet1returnin->evalwcet1stop: 1 [O(1)]
  0: evalwcet1start->evalwcet1entryin: 1 [O(1)]

Sizebounds:
`Lower:
  6: evalwcet1bb1in->evalwcet1bb6in, A: 1 [O(1)]
  6: evalwcet1bb1in->evalwcet1bb6in, B: 0 [O(1)]
  6: evalwcet1bb1in->evalwcet1bb6in, C: 1 [O(1)]
  6: evalwcet1bb1in->evalwcet1bb6in, D: 0 [O(1)]
  6: evalwcet1bb1in->evalwcet1bb6in, E: -inf [Infinity]
  7: evalwcet1bb1in->evalwcet1bb6in, A: 1 [O(1)]
  7: evalwcet1bb1in->evalwcet1bb6in, B: 0 [O(1)]
  7: evalwcet1bb1in->evalwcet1bb6in, C: 1 [O(1)]
  7: evalwcet1bb1in->evalwcet1bb6in, D: 1 [O(1)]
  7: evalwcet1bb1in->evalwcet1bb6in, E: -inf [Infinity]
  8: evalwcet1bb4in->evalwcet1bb5in, A: 1 [O(1)]
  8: evalwcet1bb4in->evalwcet1bb5in, B: 0 [O(1)]
  8: evalwcet1bb4in->evalwcet1bb5in, C: 1 [O(1)]
  8: evalwcet1bb4in->evalwcet1bb5in, D: -max{0, -D} [O(n)]
  8: evalwcet1bb4in->evalwcet1bb5in, E: -inf [Infinity]
  9: evalwcet1bb4in->evalwcet1bb6in, A: 1 [O(1)]
  9: evalwcet1bb4in->evalwcet1bb6in, B: 2 [O(1)]
  9: evalwcet1bb4in->evalwcet1bb6in, C: 1 [O(1)]
  9: evalwcet1bb4in->evalwcet1bb6in, D: 1 [O(1)]
  9: evalwcet1bb4in->evalwcet1bb6in, E: -inf [Infinity]
  10: evalwcet1bb5in->evalwcet1bb6in, A: 1 [O(1)]
  10: evalwcet1bb5in->evalwcet1bb6in, B: 0 [O(1)]
  10: evalwcet1bb5in->evalwcet1bb6in, C: 1 [O(1)]
  10: evalwcet1bb5in->evalwcet1bb6in, D: 0 [O(1)]
  10: evalwcet1bb5in->evalwcet1bb6in, E: -inf [Infinity]
  11: evalwcet1bb6in->evalwcet1bbin, A: 1 [O(1)]
  11: evalwcet1bb6in->evalwcet1bbin, B: 0 [O(1)]
  11: evalwcet1bb6in->evalwcet1bbin, C: 1 [O(1)]
  11: evalwcet1bb6in->evalwcet1bbin, D: 0 [O(1)]
  11: evalwcet1bb6in->evalwcet1bbin, E: -inf [Infinity]
  12: evalwcet1bb6in->evalwcet1returnin, A: 1 [O(1)]
  12: evalwcet1bb6in->evalwcet1returnin, B: 0 [O(1)]
  12: evalwcet1bb6in->evalwcet1returnin, C: 1 [O(1)]
  12: evalwcet1bb6in->evalwcet1returnin, D: 0 [O(1)]
  12: evalwcet1bb6in->evalwcet1returnin, E: -inf [Infinity]
  3: evalwcet1bbin->evalwcet1bb1in, A: 1 [O(1)]
  3: evalwcet1bbin->evalwcet1bb1in, B: 0 [O(1)]
  3: evalwcet1bbin->evalwcet1bb1in, C: 1 [O(1)]
  3: evalwcet1bbin->evalwcet1bb1in, D: -max{0, -D} [O(n)]
  3: evalwcet1bbin->evalwcet1bb1in, E: -inf [Infinity]
  4: evalwcet1bbin->evalwcet1bb1in, A: 1 [O(1)]
  4: evalwcet1bbin->evalwcet1bb1in, B: 0 [O(1)]
  4: evalwcet1bbin->evalwcet1bb1in, C: 1 [O(1)]
  4: evalwcet1bbin->evalwcet1bb1in, D: -max{0, -D} [O(n)]
  4: evalwcet1bbin->evalwcet1bb1in, E: -inf [Infinity]
  5: evalwcet1bbin->evalwcet1bb4in, A: 1 [O(1)]
  5: evalwcet1bbin->evalwcet1bb4in, B: 0 [O(1)]
  5: evalwcet1bbin->evalwcet1bb4in, C: 1 [O(1)]
  5: evalwcet1bbin->evalwcet1bb4in, D: -max{0, -D} [O(n)]
  5: evalwcet1bbin->evalwcet1bb4in, E: -inf [Infinity]
  1: evalwcet1entryin->evalwcet1bbin, A: 1 [O(1)]
  1: evalwcet1entryin->evalwcet1bbin, B: 0 [O(1)]
  1: evalwcet1entryin->evalwcet1bbin, C: 1 [O(1)]
  1: evalwcet1entryin->evalwcet1bbin, D: D [O(n)]
  1: evalwcet1entryin->evalwcet1bbin, E: -inf [Infinity]
  2: evalwcet1entryin->evalwcet1returnin, A: A [O(n)]
  2: evalwcet1entryin->evalwcet1returnin, B: B [O(n)]
  2: evalwcet1entryin->evalwcet1returnin, C: C [O(n)]
  2: evalwcet1entryin->evalwcet1returnin, D: D [O(n)]
  2: evalwcet1entryin->evalwcet1returnin, E: -inf [Infinity]
  13: evalwcet1returnin->evalwcet1stop, A: -max{-1, -A} [O(n)]
  13: evalwcet1returnin->evalwcet1stop, B: -max{0, -B} [O(n)]
  13: evalwcet1returnin->evalwcet1stop, C: -max{-1, -C} [O(n)]
  13: evalwcet1returnin->evalwcet1stop, D: -max{0, -D} [O(n)]
  13: evalwcet1returnin->evalwcet1stop, E: -inf [Infinity]
  0: evalwcet1start->evalwcet1entryin, A: A [O(n)]
  0: evalwcet1start->evalwcet1entryin, B: B [O(n)]
  0: evalwcet1start->evalwcet1entryin, C: C [O(n)]
  0: evalwcet1start->evalwcet1entryin, D: D [O(n)]
  0: evalwcet1start->evalwcet1entryin, E: -inf [Infinity]
`Upper:
  6: evalwcet1bb1in->evalwcet1bb6in, A: A [O(n)]
  6: evalwcet1bb1in->evalwcet1bb6in, B: -1+A [O(n)]
  6: evalwcet1bb1in->evalwcet1bb6in, C: A [O(n)]
  6: evalwcet1bb1in->evalwcet1bb6in, D: 0 [O(1)]
  6: evalwcet1bb1in->evalwcet1bb6in, E: inf [Infinity]
  7: evalwcet1bb1in->evalwcet1bb6in, A: A [O(n)]
  7: evalwcet1bb1in->evalwcet1bb6in, B: -2+A [O(n)]
  7: evalwcet1bb1in->evalwcet1bb6in, C: A [O(n)]
  7: evalwcet1bb1in->evalwcet1bb6in, D: -1+A [O(n)]
  7: evalwcet1bb1in->evalwcet1bb6in, E: inf [Infinity]
  8: evalwcet1bb4in->evalwcet1bb5in, A: A [O(n)]
  8: evalwcet1bb4in->evalwcet1bb5in, B: 1 [O(1)]
  8: evalwcet1bb4in->evalwcet1bb5in, C: A [O(n)]
  8: evalwcet1bb4in->evalwcet1bb5in, D: max{D, -1+A} [O(n)]
  8: evalwcet1bb4in->evalwcet1bb5in, E: inf [Infinity]
  9: evalwcet1bb4in->evalwcet1bb6in, A: A [O(n)]
  9: evalwcet1bb4in->evalwcet1bb6in, B: -1+A [O(n)]
  9: evalwcet1bb4in->evalwcet1bb6in, C: A [O(n)]
  9: evalwcet1bb4in->evalwcet1bb6in, D: -2+A [O(n)]
  9: evalwcet1bb4in->evalwcet1bb6in, E: inf [Infinity]
  10: evalwcet1bb5in->evalwcet1bb6in, A: A [O(n)]
  10: evalwcet1bb5in->evalwcet1bb6in, B: -1+A [O(n)]
  10: evalwcet1bb5in->evalwcet1bb6in, C: A [O(n)]
  10: evalwcet1bb5in->evalwcet1bb6in, D: 0 [O(1)]
  10: evalwcet1bb5in->evalwcet1bb6in, E: inf [Infinity]
  11: evalwcet1bb6in->evalwcet1bbin, A: A [O(n)]
  11: evalwcet1bb6in->evalwcet1bbin, B: -1+A [O(n)]
  11: evalwcet1bb6in->evalwcet1bbin, C: -1+A [O(n)]
  11: evalwcet1bb6in->evalwcet1bbin, D: -1+A [O(n)]
  11: evalwcet1bb6in->evalwcet1bbin, E: inf [Infinity]
  12: evalwcet1bb6in->evalwcet1returnin, A: A [O(n)]
  12: evalwcet1bb6in->evalwcet1returnin, B: -1+A [O(n)]
  12: evalwcet1bb6in->evalwcet1returnin, C: 1 [O(1)]
  12: evalwcet1bb6in->evalwcet1returnin, D: -1+A [O(n)]
  12: evalwcet1bb6in->evalwcet1returnin, E: inf [Infinity]
  3: evalwcet1bbin->evalwcet1bb1in, A: A [O(n)]
  3: evalwcet1bbin->evalwcet1bb1in, B: -1+A [O(n)]
  3: evalwcet1bbin->evalwcet1bb1in, C: A [O(n)]
  3: evalwcet1bbin->evalwcet1bb1in, D: max{D, -1+A} [O(n)]
  3: evalwcet1bbin->evalwcet1bb1in, E: inf [Infinity]
  4: evalwcet1bbin->evalwcet1bb1in, A: A [O(n)]
  4: evalwcet1bbin->evalwcet1bb1in, B: -1+A [O(n)]
  4: evalwcet1bbin->evalwcet1bb1in, C: A [O(n)]
  4: evalwcet1bbin->evalwcet1bb1in, D: max{D, -1+A} [O(n)]
  4: evalwcet1bbin->evalwcet1bb1in, E: inf [Infinity]
  5: evalwcet1bbin->evalwcet1bb4in, A: A [O(n)]
  5: evalwcet1bbin->evalwcet1bb4in, B: -1+A [O(n)]
  5: evalwcet1bbin->evalwcet1bb4in, C: A [O(n)]
  5: evalwcet1bbin->evalwcet1bb4in, D: max{D, -1+A} [O(n)]
  5: evalwcet1bbin->evalwcet1bb4in, E: inf [Infinity]
  1: evalwcet1entryin->evalwcet1bbin, A: A [O(n)]
  1: evalwcet1entryin->evalwcet1bbin, B: 0 [O(1)]
  1: evalwcet1entryin->evalwcet1bbin, C: A [O(n)]
  1: evalwcet1entryin->evalwcet1bbin, D: D [O(n)]
  1: evalwcet1entryin->evalwcet1bbin, E: inf [Infinity]
  2: evalwcet1entryin->evalwcet1returnin, A: 0 [O(1)]
  2: evalwcet1entryin->evalwcet1returnin, B: B [O(n)]
  2: evalwcet1entryin->evalwcet1returnin, C: C [O(n)]
  2: evalwcet1entryin->evalwcet1returnin, D: D [O(n)]
  2: evalwcet1entryin->evalwcet1returnin, E: inf [Infinity]
  13: evalwcet1returnin->evalwcet1stop, A: max{0, A} [O(n)]
  13: evalwcet1returnin->evalwcet1stop, B: max{B, -1+A} [O(n)]
  13: evalwcet1returnin->evalwcet1stop, C: max{1, C} [O(n)]
  13: evalwcet1returnin->evalwcet1stop, D: max{D, -1+A} [O(n)]
  13: evalwcet1returnin->evalwcet1stop, E: inf [Infinity]
  0: evalwcet1start->evalwcet1entryin, A: A [O(n)]
  0: evalwcet1start->evalwcet1entryin, B: B [O(n)]
  0: evalwcet1start->evalwcet1entryin, C: C [O(n)]
  0: evalwcet1start->evalwcet1entryin, D: D [O(n)]
  0: evalwcet1start->evalwcet1entryin, E: inf [Infinity]
