Timebounds: 
  Overall timebound: inf [Infinity]
  5: evalwhile2bb2in->evalwhile2bb3in: max{0, B} [O(n)]
  7: evalwhile2bb3in->evalwhile2bb4in: max{0, B} [O(n)]
  2: evalwhile2bb4in->evalwhile2bb2in: max{0, B} [O(n)]
  3: evalwhile2bb4in->evalwhile2returnin: 1 [O(1)]
  1: evalwhile2entryin->evalwhile2bb4in: 1 [O(1)]
  8: evalwhile2returnin->evalwhile2stop: 1 [O(1)]
  0: evalwhile2start->evalwhile2entryin: 1 [O(1)]

Costbounds:
  Overall costbound: inf [Infinity]
  6: evalwhile2bb1in->evalwhile2bb2in: inf [Infinity]
  4: evalwhile2bb2in->evalwhile2bb1in: inf [Infinity]
  5: evalwhile2bb2in->evalwhile2bb3in: max{0, B} [O(n)]
  7: evalwhile2bb3in->evalwhile2bb4in: max{0, B} [O(n)]
  2: evalwhile2bb4in->evalwhile2bb2in: max{0, B} [O(n)]
  3: evalwhile2bb4in->evalwhile2returnin: 1 [O(1)]
  1: evalwhile2entryin->evalwhile2bb4in: 1 [O(1)]
  8: evalwhile2returnin->evalwhile2stop: 1 [O(1)]
  0: evalwhile2start->evalwhile2entryin: 1 [O(1)]

Sizebounds:
`Lower:
  6: evalwhile2bb1in->evalwhile2bb2in, A: -max{0, -B} [O(n)]
  6: evalwhile2bb1in->evalwhile2bb2in, B: -max{0, -B} [O(n)]
  6: evalwhile2bb1in->evalwhile2bb2in, C: 0 [O(1)]
  4: evalwhile2bb2in->evalwhile2bb1in, A: -max{0, -B} [O(n)]
  4: evalwhile2bb2in->evalwhile2bb1in, B: -max{0, -B} [O(n)]
  4: evalwhile2bb2in->evalwhile2bb1in, C: 1 [O(1)]
  5: evalwhile2bb2in->evalwhile2bb3in, A: -max{0, -B} [O(n)]
  5: evalwhile2bb2in->evalwhile2bb3in, B: -max{0, -B} [O(n)]
  5: evalwhile2bb2in->evalwhile2bb3in, C: 0 [O(1)]
  7: evalwhile2bb3in->evalwhile2bb4in, A: -max{0, -B} [O(n)]
  7: evalwhile2bb3in->evalwhile2bb4in, B: -max{0, -B} [O(n)]
  7: evalwhile2bb3in->evalwhile2bb4in, C: 0 [O(1)]
  2: evalwhile2bb4in->evalwhile2bb2in, A: -max{0, -B} [O(n)]
  2: evalwhile2bb4in->evalwhile2bb2in, B: -max{0, -B} [O(n)]
  2: evalwhile2bb4in->evalwhile2bb2in, C: 1 [O(1)]
  3: evalwhile2bb4in->evalwhile2returnin, A: -max{0, -B} [O(n)]
  3: evalwhile2bb4in->evalwhile2returnin, B: -max{0, -B} [O(n)]
  3: evalwhile2bb4in->evalwhile2returnin, C: -max{0, -C} [O(n)]
  1: evalwhile2entryin->evalwhile2bb4in, A: B [O(n)]
  1: evalwhile2entryin->evalwhile2bb4in, B: B [O(n)]
  1: evalwhile2entryin->evalwhile2bb4in, C: C [O(n)]
  8: evalwhile2returnin->evalwhile2stop, A: -max{0, -B} [O(n)]
  8: evalwhile2returnin->evalwhile2stop, B: -max{0, -B} [O(n)]
  8: evalwhile2returnin->evalwhile2stop, C: -max{0, -C} [O(n)]
  0: evalwhile2start->evalwhile2entryin, A: A [O(n)]
  0: evalwhile2start->evalwhile2entryin, B: B [O(n)]
  0: evalwhile2start->evalwhile2entryin, C: C [O(n)]
`Upper:
  6: evalwhile2bb1in->evalwhile2bb2in, A: max{0, B} [O(n)]
  6: evalwhile2bb1in->evalwhile2bb2in, B: max{0, B} [O(n)]
  6: evalwhile2bb1in->evalwhile2bb2in, C: max{-1, -1+B} [O(n)]
  4: evalwhile2bb2in->evalwhile2bb1in, A: max{0, B} [O(n)]
  4: evalwhile2bb2in->evalwhile2bb1in, B: max{0, B} [O(n)]
  4: evalwhile2bb2in->evalwhile2bb1in, C: max{0, B} [O(n)]
  5: evalwhile2bb2in->evalwhile2bb3in, A: max{0, B} [O(n)]
  5: evalwhile2bb2in->evalwhile2bb3in, B: max{0, B} [O(n)]
  5: evalwhile2bb2in->evalwhile2bb3in, C: 0 [O(1)]
  7: evalwhile2bb3in->evalwhile2bb4in, A: max{0, B} [O(n)]
  7: evalwhile2bb3in->evalwhile2bb4in, B: max{0, B} [O(n)]
  7: evalwhile2bb3in->evalwhile2bb4in, C: 0 [O(1)]
  2: evalwhile2bb4in->evalwhile2bb2in, A: max{0, B} [O(n)]
  2: evalwhile2bb4in->evalwhile2bb2in, B: max{0, B} [O(n)]
  2: evalwhile2bb4in->evalwhile2bb2in, C: max{0, B} [O(n)]
  3: evalwhile2bb4in->evalwhile2returnin, A: 0 [O(1)]
  3: evalwhile2bb4in->evalwhile2returnin, B: max{0, B} [O(n)]
  3: evalwhile2bb4in->evalwhile2returnin, C: max{0, C} [O(n)]
  1: evalwhile2entryin->evalwhile2bb4in, A: B [O(n)]
  1: evalwhile2entryin->evalwhile2bb4in, B: B [O(n)]
  1: evalwhile2entryin->evalwhile2bb4in, C: C [O(n)]
  8: evalwhile2returnin->evalwhile2stop, A: 0 [O(1)]
  8: evalwhile2returnin->evalwhile2stop, B: max{0, B} [O(n)]
  8: evalwhile2returnin->evalwhile2stop, C: max{0, C} [O(n)]
  0: evalwhile2start->evalwhile2entryin, A: A [O(n)]
  0: evalwhile2start->evalwhile2entryin, B: B [O(n)]
  0: evalwhile2start->evalwhile2entryin, C: C [O(n)]
