Timebounds: 
  Overall timebound: inf [Infinity]
  6: evalwisebb6in->evalwisereturnin: 1 [O(1)]
  1: evalwiseentryin->evalwisereturnin: 1 [O(1)]
  2: evalwiseentryin->evalwisereturnin: 1 [O(1)]
  3: evalwiseentryin->evalwisebb6in: 1 [O(1)]
  11: evalwisereturnin->evalwisestop: 1 [O(1)]
  0: evalwisestart->evalwiseentryin: 1 [O(1)]

Costbounds:
  Overall costbound: inf [Infinity]
  7: evalwisebb3in->evalwisebb4in: inf [Infinity]
  8: evalwisebb3in->evalwisebb5in: inf [Infinity]
  9: evalwisebb4in->evalwisebb6in: inf [Infinity]
  10: evalwisebb5in->evalwisebb6in: inf [Infinity]
  4: evalwisebb6in->evalwisebb3in: inf [Infinity]
  5: evalwisebb6in->evalwisebb3in: inf [Infinity]
  6: evalwisebb6in->evalwisereturnin: 1 [O(1)]
  1: evalwiseentryin->evalwisereturnin: 1 [O(1)]
  2: evalwiseentryin->evalwisereturnin: 1 [O(1)]
  3: evalwiseentryin->evalwisebb6in: 1 [O(1)]
  11: evalwisereturnin->evalwisestop: 1 [O(1)]
  0: evalwisestart->evalwiseentryin: 1 [O(1)]

Sizebounds:
`Lower:
  7: evalwisebb3in->evalwisebb4in, A: 0 [O(1)]
  8: evalwisebb3in->evalwisebb5in, A: 0 [O(1)]
  9: evalwisebb4in->evalwisebb6in, A: 0 [O(1)]
  10: evalwisebb5in->evalwisebb6in, A: 0 [O(1)]
  4: evalwisebb6in->evalwisebb3in, A: 0 [O(1)]
  5: evalwisebb6in->evalwisebb3in, A: 0 [O(1)]
  6: evalwisebb6in->evalwisereturnin, A: 0 [O(1)]
  6: evalwisebb6in->evalwisereturnin, B: -2 [O(1)]
  1: evalwiseentryin->evalwisereturnin, A: A [O(n)]
  1: evalwiseentryin->evalwisereturnin, B: B [O(n)]
  2: evalwiseentryin->evalwisereturnin, A: A [O(n)]
  2: evalwiseentryin->evalwisereturnin, B: B [O(n)]
  3: evalwiseentryin->evalwisebb6in, A: 0 [O(1)]
  3: evalwiseentryin->evalwisebb6in, B: 0 [O(1)]
  11: evalwisereturnin->evalwisestop, A: -max{0, -A} [O(n)]
  11: evalwisereturnin->evalwisestop, B: -max{2, -B} [O(n)]
  0: evalwisestart->evalwiseentryin, A: A [O(n)]
  0: evalwisestart->evalwiseentryin, B: B [O(n)]
`Upper:
  1: evalwiseentryin->evalwisereturnin, A: -1 [O(1)]
  1: evalwiseentryin->evalwisereturnin, B: B [O(n)]
  2: evalwiseentryin->evalwisereturnin, A: A [O(n)]
  2: evalwiseentryin->evalwisereturnin, B: -1 [O(1)]
  3: evalwiseentryin->evalwisebb6in, A: B [O(n)]
  3: evalwiseentryin->evalwisebb6in, B: A [O(n)]
  0: evalwisestart->evalwiseentryin, A: A [O(n)]
  0: evalwisestart->evalwiseentryin, B: B [O(n)]
