Timebounds: 
  Overall timebound: max{3, 1+-3+x} [O(n)]
  1: g->g: max{0, -5+x} [O(n)]
  2: g->h: 1 [O(1)]
  3: g->h: 1 [O(1)]
  0: start->g: 1 [O(1)]

Costbounds:
  Overall costbound: max{3, 1+-3+x} [O(n)]
  1: g->g: max{0, -5+x} [O(n)]
  2: g->h: 1 [O(1)]
  3: g->h: 1 [O(1)]
  0: start->g: 1 [O(1)]

Sizebounds:
`Lower:
  1: g->g, x: 5 [O(1)]
  1: g->g, y: -max{0, -y} [O(n)]
  2: g->h, x: -max{-5, -x} [O(n)]
  2: g->h, y: -max{0, -y} [O(n)]
  3: g->h, x: 7 [O(1)]
  3: g->h, y: -max{0, -y} [O(n)]
  0: start->g, x: x [O(n)]
  0: start->g, y: y [O(n)]
`Upper:
  1: g->g, x: 5 [O(1)]
  1: g->g, y: max{0, y} [O(n)]
  2: g->h, x: 4 [O(1)]
  2: g->h, y: max{0, y} [O(n)]
  3: g->h, x: max{5, x} [O(n)]
  3: g->h, y: max{0, y} [O(n)]
  0: start->g, x: x [O(n)]
  0: start->g, y: y [O(n)]
