Timebounds: 
  Overall timebound: max{1, 1+A} [O(n)]
  0: eval->eval: max{0, A} [O(n)]
  1: start->eval: 1 [O(1)]

Costbounds:
  Overall costbound: max{1, 1+A} [O(n)]
  0: eval->eval: max{0, A} [O(n)]
  1: start->eval: 1 [O(1)]

Sizebounds:
`Lower:
  0: eval->eval, A: A [O(n)]
  0: eval->eval, B: -inf [Infinity]
  0: eval->eval, C: -inf [Infinity]
  1: start->eval, A: A [O(n)]
  1: start->eval, B: -inf [Infinity]
  1: start->eval, C: -inf [Infinity]
`Upper:
  0: eval->eval, A: A [O(n)]
  0: eval->eval, B: inf [Infinity]
  0: eval->eval, C: inf [Infinity]
  1: start->eval, A: A [O(n)]
  1: start->eval, B: inf [Infinity]
  1: start->eval, C: inf [Infinity]
