Timebounds: 
  Overall timebound: 1+2*(max{0, 2+B}+max{0, B}) [O(n)]
  0: eval->eval: max{0, B} [O(n)]
  1: eval->eval: max{0, 2+B} [O(n)]
  2: eval->eval: max{0, B} [O(n)]
  3: eval->eval: max{0, 2+B} [O(n)]
  4: start->eval: 1 [O(1)]

Costbounds:
  Overall costbound: 1+2*(max{0, 2+B}+max{0, B}) [O(n)]
  0: eval->eval: max{0, B} [O(n)]
  1: eval->eval: max{0, 2+B} [O(n)]
  2: eval->eval: max{0, B} [O(n)]
  3: eval->eval: max{0, 2+B} [O(n)]
  4: start->eval: 1 [O(1)]

Sizebounds:
`Lower:
  2: eval->eval, B: 0 [O(1)]
  3: eval->eval, B: 0 [O(1)]
  4: start->eval, A: A [O(n)]
  4: start->eval, B: B [O(n)]
`Upper:
  0: eval->eval, A: 0 [O(1)]
  0: eval->eval, B: 0 [O(1)]
  1: eval->eval, A: max{0, A} [O(n)]
  1: eval->eval, B: max{0, A} [O(n)]
  2: eval->eval, A: max{0, A} [O(n)]
  2: eval->eval, B: 0 [O(1)]
  3: eval->eval, A: max{0, A} [O(n)]
  3: eval->eval, B: max{-1, -1+A} [O(n)]
  4: start->eval, A: A [O(n)]
  4: start->eval, B: B [O(n)]
