Timebounds: 
  Overall timebound: 1+max{0, B}+max{0, A} [O(n)]
  0: eval->eval: max{0, A} [O(n)]
  1: eval->eval: max{0, B} [O(n)]
  3: start->eval: 1 [O(1)]

Costbounds:
  Overall costbound: 1+max{0, B}+max{0, A} [O(n)]
  0: eval->eval: max{0, A} [O(n)]
  1: eval->eval: max{0, B} [O(n)]
  3: start->eval: 1 [O(1)]

Sizebounds:
`Lower:
  0: eval->eval, A: -inf [Infinity]
  0: eval->eval, B: B [O(n)]
  0: eval->eval, C: -max{0, -C} [O(n)]
  1: eval->eval, A: -inf [Infinity]
  1: eval->eval, B: B [O(n)]
  1: eval->eval, C: 0 [O(1)]
  3: start->eval, A: A [O(n)]
  3: start->eval, B: B [O(n)]
  3: start->eval, C: C [O(n)]
`Upper:
  0: eval->eval, A: max{0, A} [O(n)]
  0: eval->eval, B: B [O(n)]
  0: eval->eval, C: max{C, -1+B} [O(n)]
  1: eval->eval, A: 0 [O(1)]
  1: eval->eval, B: B [O(n)]
  1: eval->eval, C: -1+B [O(n)]
  3: start->eval, A: A [O(n)]
  3: start->eval, B: B [O(n)]
  3: start->eval, C: C [O(n)]
