Timebounds: 
  Overall timebound: 1+max{0, 1+A}+max{0, A}+max{0, B} [O(n)]
  0: eval->eval: max{0, A} [O(n)]
  1: eval->eval: max{0, 1+A} [O(n)]
  2: eval->eval: max{0, B} [O(n)]
  4: start->eval: 1 [O(1)]

Costbounds:
  Overall costbound: 1+max{0, 1+A}+max{0, A}+max{0, B} [O(n)]
  0: eval->eval: max{0, A} [O(n)]
  1: eval->eval: max{0, 1+A} [O(n)]
  2: eval->eval: max{0, B} [O(n)]
  4: start->eval: 1 [O(1)]

Sizebounds:
`Lower:
  0: eval->eval, A: -max{0, -A} [O(n)]
  0: eval->eval, B: -max{-1, -1+A} [O(n)]
  1: eval->eval, A: -max{0, -A} [O(n)]
  1: eval->eval, B: 1 [O(1)]
  2: eval->eval, A: -max{0, -A} [O(n)]
  2: eval->eval, B: -max{0, -1, max{-B, -1+A}} [O(n)]
  4: start->eval, A: A [O(n)]
  4: start->eval, B: B [O(n)]
`Upper:
  0: eval->eval, A: max{0, A} [O(n)]
  0: eval->eval, B: max{-1, -1+A} [O(n)]
  1: eval->eval, A: max{0, A} [O(n)]
  1: eval->eval, B: max{0, A} [O(n)]
  2: eval->eval, A: max{0, A} [O(n)]
  2: eval->eval, B: max{-1, 0, max{A, B, -1+A}} [O(n)]
  4: start->eval, A: A [O(n)]
  4: start->eval, B: B [O(n)]
