Timebounds: 
  Overall timebound: 1+2*max{0, A}+2*max{0, B}+max{0, 2*B}+max{0, 2*A} [O(n)]
  0: eval1->eval2: max{0, 2*A} [O(n)]
  1: eval1->eval3: max{0, B} [O(n)]
  2: eval2->eval2: max{0, A} [O(n)]
  3: eval2->eval1: max{0, A} [O(n)]
  4: eval3->eval3: max{0, B} [O(n)]
  5: eval3->eval1: max{0, 2*B} [O(n)]
  6: start->eval1: 1 [O(1)]

Costbounds:
  Overall costbound: 1+2*max{0, A}+2*max{0, B}+max{0, 2*B}+max{0, 2*A} [O(n)]
  0: eval1->eval2: max{0, 2*A} [O(n)]
  1: eval1->eval3: max{0, B} [O(n)]
  2: eval2->eval2: max{0, A} [O(n)]
  3: eval2->eval1: max{0, A} [O(n)]
  4: eval3->eval3: max{0, B} [O(n)]
  5: eval3->eval1: max{0, 2*B} [O(n)]
  6: start->eval1: 1 [O(1)]

Sizebounds:
`Lower:
  0: eval1->eval2, A: 2 [O(1)]
  0: eval1->eval2, B: 1 [O(1)]
  1: eval1->eval3, A: 1 [O(1)]
  1: eval1->eval3, B: 1 [O(1)]
  2: eval2->eval2, A: 0 [O(1)]
  2: eval2->eval2, B: 1 [O(1)]
  3: eval2->eval1, A: 0 [O(1)]
  3: eval2->eval1, B: 1 [O(1)]
  4: eval3->eval3, A: 1 [O(1)]
  4: eval3->eval3, B: 0 [O(1)]
  5: eval3->eval1, A: 1 [O(1)]
  5: eval3->eval1, B: 0 [O(1)]
  6: start->eval1, A: A [O(n)]
  6: start->eval1, B: B [O(n)]
`Upper:
  0: eval1->eval2, A: max{0, A} [O(n)]
  0: eval1->eval2, B: max{0, B} [O(n)]
  1: eval1->eval3, A: max{0, A} [O(n)]
  1: eval1->eval3, B: max{0, B} [O(n)]
  2: eval2->eval2, A: max{0, A} [O(n)]
  2: eval2->eval2, B: max{0, B} [O(n)]
  3: eval2->eval1, A: 0 [O(1)]
  3: eval2->eval1, B: max{0, B} [O(n)]
  4: eval3->eval3, A: max{0, A} [O(n)]
  4: eval3->eval3, B: max{0, B} [O(n)]
  5: eval3->eval1, A: max{0, A} [O(n)]
  5: eval3->eval1, B: 0 [O(1)]
  6: start->eval1, A: A [O(n)]
  6: start->eval1, B: B [O(n)]
