Timebounds: 
  Overall timebound: inf [Infinity]
  3: evalfbb3in->evalfreturnin: 1 [O(1)]
  4: evalfbb3in->evalfreturnin: 1 [O(1)]
  1: evalfentryin->evalfbb3in: 1 [O(1)]
  10: evalfreturnin->evalfstop: 1 [O(1)]
  0: evalfstart->evalfentryin: 1 [O(1)]

Costbounds:
  Overall costbound: inf [Infinity]
  8: evalfbb1in->evalfbb3in: inf [Infinity]
  9: evalfbb2in->evalfbb3in: inf [Infinity]
  2: evalfbb3in->evalfbbin: inf [Infinity]
  3: evalfbb3in->evalfreturnin: 1 [O(1)]
  4: evalfbb3in->evalfreturnin: 1 [O(1)]
  5: evalfbbin->evalfbb1in: inf [Infinity]
  6: evalfbbin->evalfbb1in: inf [Infinity]
  7: evalfbbin->evalfbb2in: inf [Infinity]
  1: evalfentryin->evalfbb3in: 1 [O(1)]
  10: evalfreturnin->evalfstop: 1 [O(1)]
  0: evalfstart->evalfentryin: 1 [O(1)]

Sizebounds:
`Lower:
  8: evalfbb1in->evalfbb3in, B: 2 [O(1)]
  9: evalfbb2in->evalfbb3in, A: 0 [O(1)]
  9: evalfbb2in->evalfbb3in, B: 0 [O(1)]
  2: evalfbb3in->evalfbbin, B: 1 [O(1)]
  4: evalfbb3in->evalfreturnin, B: 255 [O(1)]
  5: evalfbbin->evalfbb1in, B: 1 [O(1)]
  6: evalfbbin->evalfbb1in, B: 1 [O(1)]
  7: evalfbbin->evalfbb2in, A: 0 [O(1)]
  7: evalfbbin->evalfbb2in, B: 1 [O(1)]
  1: evalfentryin->evalfbb3in, A: B [O(n)]
  1: evalfentryin->evalfbb3in, B: A [O(n)]
  0: evalfstart->evalfentryin, A: A [O(n)]
  0: evalfstart->evalfentryin, B: B [O(n)]
`Upper:
  8: evalfbb1in->evalfbb3in, A: max{0, B} [O(n)]
  8: evalfbb1in->evalfbb3in, B: 255 [O(1)]
  9: evalfbb2in->evalfbb3in, A: 0 [O(1)]
  9: evalfbb2in->evalfbb3in, B: 253 [O(1)]
  2: evalfbb3in->evalfbbin, A: max{0, B} [O(n)]
  2: evalfbb3in->evalfbbin, B: 254 [O(1)]
  3: evalfbb3in->evalfreturnin, A: max{0, B} [O(n)]
  3: evalfbb3in->evalfreturnin, B: 0 [O(1)]
  4: evalfbb3in->evalfreturnin, A: max{0, B} [O(n)]
  4: evalfbb3in->evalfreturnin, B: max{255, A} [O(n)]
  5: evalfbbin->evalfbb1in, A: -1 [O(1)]
  5: evalfbbin->evalfbb1in, B: 254 [O(1)]
  6: evalfbbin->evalfbb1in, A: max{0, B} [O(n)]
  6: evalfbbin->evalfbb1in, B: 254 [O(1)]
  7: evalfbbin->evalfbb2in, A: 0 [O(1)]
  7: evalfbbin->evalfbb2in, B: 254 [O(1)]
  1: evalfentryin->evalfbb3in, A: B [O(n)]
  1: evalfentryin->evalfbb3in, B: A [O(n)]
  10: evalfreturnin->evalfstop, A: max{0, B} [O(n)]
  10: evalfreturnin->evalfstop, B: max{255, A} [O(n)]
  0: evalfstart->evalfentryin, A: A [O(n)]
  0: evalfstart->evalfentryin, B: B [O(n)]
