Timebounds: 
  Overall timebound: 4+max{0, B}+max{0, 5*B}+max{0, B}+max{0, -2+2*B}+max{0, 2*B*B}+max{0, B}+max{0, 2*B*B}+max{0, 2*B}+max{0, B}+max{0, -2+5*B} [O(n^2)]
  10: evalfbb1in->evalfbb2in: max{0, -2+2*B} [O(n)]
  5: evalfbb2in->evalfbb4in: max{0, 2*B} [O(n)]
  6: evalfbb2in->evalfbb3in: max{0, -2+5*B} [O(n)]
  7: evalfbb3in->evalfbb1in: max{0, B} [O(n)]
  8: evalfbb3in->evalfbb1in: max{0, 5*B} [O(n)]
  9: evalfbb3in->evalfbb4in: max{0, B} [O(n)]
  11: evalfbb4in->evalfbb6in: max{0, 2*B*B} [O(n^2)]
  12: evalfbb4in->evalfbb6in: max{0, 2*B*B} [O(n^2)]
  2: evalfbb6in->evalfbbin: max{0, B} [O(n)]
  3: evalfbb6in->evalfreturnin: 1 [O(1)]
  4: evalfbbin->evalfbb2in: max{0, B} [O(n)]
  1: evalfentryin->evalfbb6in: 1 [O(1)]
  13: evalfreturnin->evalfstop: 1 [O(1)]
  0: evalfstart->evalfentryin: 1 [O(1)]

Costbounds:
  Overall costbound: 4+max{0, B}+max{0, 5*B}+max{0, B}+max{0, -2+2*B}+max{0, 2*B*B}+max{0, B}+max{0, 2*B*B}+max{0, 2*B}+max{0, B}+max{0, -2+5*B} [O(n^2)]
  10: evalfbb1in->evalfbb2in: max{0, -2+2*B} [O(n)]
  5: evalfbb2in->evalfbb4in: max{0, 2*B} [O(n)]
  6: evalfbb2in->evalfbb3in: max{0, -2+5*B} [O(n)]
  7: evalfbb3in->evalfbb1in: max{0, B} [O(n)]
  8: evalfbb3in->evalfbb1in: max{0, 5*B} [O(n)]
  9: evalfbb3in->evalfbb4in: max{0, B} [O(n)]
  11: evalfbb4in->evalfbb6in: max{0, 2*B*B} [O(n^2)]
  12: evalfbb4in->evalfbb6in: max{0, 2*B*B} [O(n^2)]
  2: evalfbb6in->evalfbbin: max{0, B} [O(n)]
  3: evalfbb6in->evalfreturnin: 1 [O(1)]
  4: evalfbbin->evalfbb2in: max{0, B} [O(n)]
  1: evalfentryin->evalfbb6in: 1 [O(1)]
  13: evalfreturnin->evalfstop: 1 [O(1)]
  0: evalfstart->evalfentryin: 1 [O(1)]

Sizebounds:
`Lower:
  10: evalfbb1in->evalfbb2in, A: 0 [O(1)]
  10: evalfbb1in->evalfbb2in, B: B [O(n)]
  10: evalfbb1in->evalfbb2in, C: 1 [O(1)]
  10: evalfbb1in->evalfbb2in, D: 2 [O(1)]
  10: evalfbb1in->evalfbb2in, E: -inf [Infinity]
  5: evalfbb2in->evalfbb4in, A: 0 [O(1)]
  5: evalfbb2in->evalfbb4in, B: B [O(n)]
  5: evalfbb2in->evalfbb4in, C: 0 [O(1)]
  5: evalfbb2in->evalfbb4in, D: 1 [O(1)]
  5: evalfbb2in->evalfbb4in, E: -inf [Infinity]
  6: evalfbb2in->evalfbb3in, A: 0 [O(1)]
  6: evalfbb2in->evalfbb3in, B: B [O(n)]
  6: evalfbb2in->evalfbb3in, C: 0 [O(1)]
  6: evalfbb2in->evalfbb3in, D: 1 [O(1)]
  6: evalfbb2in->evalfbb3in, E: -inf [Infinity]
  7: evalfbb3in->evalfbb1in, A: 0 [O(1)]
  7: evalfbb3in->evalfbb1in, B: B [O(n)]
  7: evalfbb3in->evalfbb1in, C: 0 [O(1)]
  7: evalfbb3in->evalfbb1in, D: 1 [O(1)]
  7: evalfbb3in->evalfbb1in, E: -inf [Infinity]
  8: evalfbb3in->evalfbb1in, A: 0 [O(1)]
  8: evalfbb3in->evalfbb1in, B: B [O(n)]
  8: evalfbb3in->evalfbb1in, C: 0 [O(1)]
  8: evalfbb3in->evalfbb1in, D: 1 [O(1)]
  8: evalfbb3in->evalfbb1in, E: -inf [Infinity]
  9: evalfbb3in->evalfbb4in, A: 0 [O(1)]
  9: evalfbb3in->evalfbb4in, B: B [O(n)]
  9: evalfbb3in->evalfbb4in, C: 0 [O(1)]
  9: evalfbb3in->evalfbb4in, D: 1 [O(1)]
  9: evalfbb3in->evalfbb4in, E: -inf [Infinity]
  11: evalfbb4in->evalfbb6in, A: 1 [O(1)]
  11: evalfbb4in->evalfbb6in, B: B [O(n)]
  11: evalfbb4in->evalfbb6in, C: 1 [O(1)]
  11: evalfbb4in->evalfbb6in, D: 2 [O(1)]
  11: evalfbb4in->evalfbb6in, E: -inf [Infinity]
  12: evalfbb4in->evalfbb6in, A: 1 [O(1)]
  12: evalfbb4in->evalfbb6in, B: B [O(n)]
  12: evalfbb4in->evalfbb6in, C: 0 [O(1)]
  12: evalfbb4in->evalfbb6in, D: 1 [O(1)]
  12: evalfbb4in->evalfbb6in, E: -inf [Infinity]
  2: evalfbb6in->evalfbbin, A: 0 [O(1)]
  2: evalfbb6in->evalfbbin, B: B [O(n)]
  2: evalfbb6in->evalfbbin, C: -max{0, -C} [O(n)]
  2: evalfbb6in->evalfbbin, D: -max{-1, -D} [O(n)]
  2: evalfbb6in->evalfbbin, E: -inf [Infinity]
  3: evalfbb6in->evalfreturnin, A: 0 [O(1)]
  3: evalfbb6in->evalfreturnin, B: B [O(n)]
  3: evalfbb6in->evalfreturnin, C: -max{0, -C} [O(n)]
  3: evalfbb6in->evalfreturnin, D: -max{-1, -D} [O(n)]
  3: evalfbb6in->evalfreturnin, E: -inf [Infinity]
  4: evalfbbin->evalfbb2in, A: 0 [O(1)]
  4: evalfbbin->evalfbb2in, B: B [O(n)]
  4: evalfbbin->evalfbb2in, C: 0 [O(1)]
  4: evalfbbin->evalfbb2in, D: 1 [O(1)]
  4: evalfbbin->evalfbb2in, E: -inf [Infinity]
  1: evalfentryin->evalfbb6in, A: 0 [O(1)]
  1: evalfentryin->evalfbb6in, B: B [O(n)]
  1: evalfentryin->evalfbb6in, C: C [O(n)]
  1: evalfentryin->evalfbb6in, D: D [O(n)]
  1: evalfentryin->evalfbb6in, E: -inf [Infinity]
  13: evalfreturnin->evalfstop, A: 0 [O(1)]
  13: evalfreturnin->evalfstop, B: B [O(n)]
  13: evalfreturnin->evalfstop, C: -max{0, -C} [O(n)]
  13: evalfreturnin->evalfstop, D: -max{-1, -D} [O(n)]
  13: evalfreturnin->evalfstop, E: -inf [Infinity]
  0: evalfstart->evalfentryin, A: A [O(n)]
  0: evalfstart->evalfentryin, B: B [O(n)]
  0: evalfstart->evalfentryin, C: C [O(n)]
  0: evalfstart->evalfentryin, D: D [O(n)]
  0: evalfstart->evalfentryin, E: -inf [Infinity]
`Upper:
  10: evalfbb1in->evalfbb2in, A: max{0, B, max{-2+B, -1+B}} [O(n)]
  10: evalfbb1in->evalfbb2in, B: B [O(n)]
  10: evalfbb1in->evalfbb2in, C: -1+B [O(n)]
  10: evalfbb1in->evalfbb2in, D: B [O(n)]
  10: evalfbb1in->evalfbb2in, E: inf [Infinity]
  5: evalfbb2in->evalfbb4in, A: max{0, B, max{-2+B, -1+B}} [O(n)]
  5: evalfbb2in->evalfbb4in, B: B [O(n)]
  5: evalfbb2in->evalfbb4in, C: -1+B [O(n)]
  5: evalfbb2in->evalfbb4in, D: B [O(n)]
  5: evalfbb2in->evalfbb4in, E: inf [Infinity]
  6: evalfbb2in->evalfbb3in, A: max{0, B, max{-2+B, -1+B}} [O(n)]
  6: evalfbb2in->evalfbb3in, B: B [O(n)]
  6: evalfbb2in->evalfbb3in, C: -2+B [O(n)]
  6: evalfbb2in->evalfbb3in, D: -1+B [O(n)]
  6: evalfbb2in->evalfbb3in, E: inf [Infinity]
  7: evalfbb3in->evalfbb1in, A: max{0, B, max{-2+B, -1+B}} [O(n)]
  7: evalfbb3in->evalfbb1in, B: B [O(n)]
  7: evalfbb3in->evalfbb1in, C: -2+B [O(n)]
  7: evalfbb3in->evalfbb1in, D: -1+B [O(n)]
  7: evalfbb3in->evalfbb1in, E: inf [Infinity]
  8: evalfbb3in->evalfbb1in, A: max{0, B, max{-2+B, -1+B}} [O(n)]
  8: evalfbb3in->evalfbb1in, B: B [O(n)]
  8: evalfbb3in->evalfbb1in, C: -2+B [O(n)]
  8: evalfbb3in->evalfbb1in, D: -1+B [O(n)]
  8: evalfbb3in->evalfbb1in, E: inf [Infinity]
  9: evalfbb3in->evalfbb4in, A: max{0, B, max{-2+B, -1+B}} [O(n)]
  9: evalfbb3in->evalfbb4in, B: B [O(n)]
  9: evalfbb3in->evalfbb4in, C: -2+B [O(n)]
  9: evalfbb3in->evalfbb4in, D: -1+B [O(n)]
  9: evalfbb3in->evalfbb4in, E: inf [Infinity]
  11: evalfbb4in->evalfbb6in, A: max{-2+B, -1+B} [O(n)]
  11: evalfbb4in->evalfbb6in, B: B [O(n)]
  11: evalfbb4in->evalfbb6in, C: max{-2+B, -1+B} [O(n)]
  11: evalfbb4in->evalfbb6in, D: max{B, -1+B} [O(n)]
  11: evalfbb4in->evalfbb6in, E: inf [Infinity]
  12: evalfbb4in->evalfbb6in, A: max{B, -1+B} [O(n)]
  12: evalfbb4in->evalfbb6in, B: B [O(n)]
  12: evalfbb4in->evalfbb6in, C: 0 [O(1)]
  12: evalfbb4in->evalfbb6in, D: max{B, -1+B} [O(n)]
  12: evalfbb4in->evalfbb6in, E: inf [Infinity]
  2: evalfbb6in->evalfbbin, A: max{0, B, max{-2+B, -1+B}} [O(n)]
  2: evalfbb6in->evalfbbin, B: B [O(n)]
  2: evalfbb6in->evalfbbin, C: max{0, C, max{-2+B, -1+B}} [O(n)]
  2: evalfbb6in->evalfbbin, D: max{B, B, max{D, -1+B}} [O(n)]
  2: evalfbb6in->evalfbbin, E: inf [Infinity]
  3: evalfbb6in->evalfreturnin, A: max{0, B, max{-2+B, -1+B}} [O(n)]
  3: evalfbb6in->evalfreturnin, B: max{0, B, max{-2+B, -1+B}} [O(n)]
  3: evalfbb6in->evalfreturnin, C: max{0, C, max{-2+B, -1+B}} [O(n)]
  3: evalfbb6in->evalfreturnin, D: max{B, B, max{D, -1+B}} [O(n)]
  3: evalfbb6in->evalfreturnin, E: inf [Infinity]
  4: evalfbbin->evalfbb2in, A: max{0, B, max{-2+B, -1+B}} [O(n)]
  4: evalfbbin->evalfbb2in, B: B [O(n)]
  4: evalfbbin->evalfbb2in, C: 0 [O(1)]
  4: evalfbbin->evalfbb2in, D: max{1, 1+max{B, -2+B, -1+B}} [O(n)]
  4: evalfbbin->evalfbb2in, E: inf [Infinity]
  1: evalfentryin->evalfbb6in, A: 0 [O(1)]
  1: evalfentryin->evalfbb6in, B: B [O(n)]
  1: evalfentryin->evalfbb6in, C: C [O(n)]
  1: evalfentryin->evalfbb6in, D: D [O(n)]
  1: evalfentryin->evalfbb6in, E: inf [Infinity]
  13: evalfreturnin->evalfstop, A: max{0, B, max{-2+B, -1+B}} [O(n)]
  13: evalfreturnin->evalfstop, B: max{0, B, max{-2+B, -1+B}} [O(n)]
  13: evalfreturnin->evalfstop, C: max{0, C, max{-2+B, -1+B}} [O(n)]
  13: evalfreturnin->evalfstop, D: max{B, B, max{D, -1+B}} [O(n)]
  13: evalfreturnin->evalfstop, E: inf [Infinity]
  0: evalfstart->evalfentryin, A: A [O(n)]
  0: evalfstart->evalfentryin, B: B [O(n)]
  0: evalfstart->evalfentryin, C: C [O(n)]
  0: evalfstart->evalfentryin, D: D [O(n)]
  0: evalfstart->evalfentryin, E: inf [Infinity]
