Timebounds: 
  Overall timebound: inf [Infinity]
  25: evalbinsearchStepSize2bb10in->evalbinsearchStepSize2bb12in: 1 [O(1)]
  26: evalbinsearchStepSize2bb10in->evalbinsearchStepSize2bb13in: inf [Infinity]
  27: evalbinsearchStepSize2bb10in->evalbinsearchStepSize2bb13in: inf [Infinity]
  28: evalbinsearchStepSize2bb10in->evalbinsearchStepSize2bb13in: inf [Infinity]
  29: evalbinsearchStepSize2bb10in->evalbinsearchStepSize2bb13in: inf [Infinity]
  30: evalbinsearchStepSize2bb12in->evalbinsearchStepSize2bb13in: 4 [O(1)]
  31: evalbinsearchStepSize2bb12in->evalbinsearchStepSize2bb13in: 3 [O(1)]
  32: evalbinsearchStepSize2bb12in->evalbinsearchStepSize2bb13in: 2 [O(1)]
  33: evalbinsearchStepSize2bb13in->evalbinsearchStepSize2returnin: 1 [O(1)]
  34: evalbinsearchStepSize2bb13in->evalbinsearchStepSize2bbin: inf [Infinity]
  5: evalbinsearchStepSize2bb1in->evalbinsearchStepSize2bb2in: inf [Infinity]
  6: evalbinsearchStepSize2bb1in->evalbinsearchStepSize2bb2in: inf [Infinity]
  7: evalbinsearchStepSize2bb1in->evalbinsearchStepSize2bb3in: inf [Infinity]
  8: evalbinsearchStepSize2bb2in->evalbinsearchStepSize2bb3in: inf [Infinity]
  9: evalbinsearchStepSize2bb2in->evalbinsearchStepSize2bb3in: inf [Infinity]
  10: evalbinsearchStepSize2bb2in->evalbinsearchStepSize2bb3in: inf [Infinity]
  11: evalbinsearchStepSize2bb3in->evalbinsearchStepSize2bb4in: inf [Infinity]
  12: evalbinsearchStepSize2bb3in->evalbinsearchStepSize2bb9in: inf [Infinity]
  13: evalbinsearchStepSize2bb4in->evalbinsearchStepSize2bb6in: 1 [O(1)]
  14: evalbinsearchStepSize2bb4in->evalbinsearchStepSize2bb7in: inf [Infinity]
  15: evalbinsearchStepSize2bb4in->evalbinsearchStepSize2bb7in: inf [Infinity]
  16: evalbinsearchStepSize2bb4in->evalbinsearchStepSize2bb7in: inf [Infinity]
  17: evalbinsearchStepSize2bb4in->evalbinsearchStepSize2bb7in: inf [Infinity]
  18: evalbinsearchStepSize2bb6in->evalbinsearchStepSize2bb7in: 1 [O(1)]
  19: evalbinsearchStepSize2bb6in->evalbinsearchStepSize2bb7in: 1 [O(1)]
  20: evalbinsearchStepSize2bb6in->evalbinsearchStepSize2bb7in: 1 [O(1)]
  21: evalbinsearchStepSize2bb7in->evalbinsearchStepSize2returnin: 1 [O(1)]
  22: evalbinsearchStepSize2bb7in->evalbinsearchStepSize2bbin: inf [Infinity]
  23: evalbinsearchStepSize2bb9in->evalbinsearchStepSize2bb10in: inf [Infinity]
  24: evalbinsearchStepSize2bb9in->evalbinsearchStepSize2returnin: 1 [O(1)]
  2: evalbinsearchStepSize2bbin->evalbinsearchStepSize2returnin: 1 [O(1)]
  3: evalbinsearchStepSize2bbin->evalbinsearchStepSize2bb1in: inf [Infinity]
  4: evalbinsearchStepSize2bbin->evalbinsearchStepSize2bb1in: inf [Infinity]
  1: evalbinsearchStepSize2entryin->evalbinsearchStepSize2bbin: 1 [O(1)]
  35: evalbinsearchStepSize2returnin->evalbinsearchStepSize2stop: 1 [O(1)]
  0: evalbinsearchStepSize2start->evalbinsearchStepSize2entryin: 1 [O(1)]

Costbounds:
  Overall costbound: inf [Infinity]
  25: evalbinsearchStepSize2bb10in->evalbinsearchStepSize2bb12in: 1 [O(1)]
  26: evalbinsearchStepSize2bb10in->evalbinsearchStepSize2bb13in: inf [Infinity]
  27: evalbinsearchStepSize2bb10in->evalbinsearchStepSize2bb13in: inf [Infinity]
  28: evalbinsearchStepSize2bb10in->evalbinsearchStepSize2bb13in: inf [Infinity]
  29: evalbinsearchStepSize2bb10in->evalbinsearchStepSize2bb13in: inf [Infinity]
  30: evalbinsearchStepSize2bb12in->evalbinsearchStepSize2bb13in: 4 [O(1)]
  31: evalbinsearchStepSize2bb12in->evalbinsearchStepSize2bb13in: 3 [O(1)]
  32: evalbinsearchStepSize2bb12in->evalbinsearchStepSize2bb13in: 2 [O(1)]
  33: evalbinsearchStepSize2bb13in->evalbinsearchStepSize2returnin: 1 [O(1)]
  34: evalbinsearchStepSize2bb13in->evalbinsearchStepSize2bbin: inf [Infinity]
  5: evalbinsearchStepSize2bb1in->evalbinsearchStepSize2bb2in: inf [Infinity]
  6: evalbinsearchStepSize2bb1in->evalbinsearchStepSize2bb2in: inf [Infinity]
  7: evalbinsearchStepSize2bb1in->evalbinsearchStepSize2bb3in: inf [Infinity]
  8: evalbinsearchStepSize2bb2in->evalbinsearchStepSize2bb3in: inf [Infinity]
  9: evalbinsearchStepSize2bb2in->evalbinsearchStepSize2bb3in: inf [Infinity]
  10: evalbinsearchStepSize2bb2in->evalbinsearchStepSize2bb3in: inf [Infinity]
  11: evalbinsearchStepSize2bb3in->evalbinsearchStepSize2bb4in: inf [Infinity]
  12: evalbinsearchStepSize2bb3in->evalbinsearchStepSize2bb9in: inf [Infinity]
  13: evalbinsearchStepSize2bb4in->evalbinsearchStepSize2bb6in: 1 [O(1)]
  14: evalbinsearchStepSize2bb4in->evalbinsearchStepSize2bb7in: inf [Infinity]
  15: evalbinsearchStepSize2bb4in->evalbinsearchStepSize2bb7in: inf [Infinity]
  16: evalbinsearchStepSize2bb4in->evalbinsearchStepSize2bb7in: inf [Infinity]
  17: evalbinsearchStepSize2bb4in->evalbinsearchStepSize2bb7in: inf [Infinity]
  18: evalbinsearchStepSize2bb6in->evalbinsearchStepSize2bb7in: 1 [O(1)]
  19: evalbinsearchStepSize2bb6in->evalbinsearchStepSize2bb7in: 1 [O(1)]
  20: evalbinsearchStepSize2bb6in->evalbinsearchStepSize2bb7in: 1 [O(1)]
  21: evalbinsearchStepSize2bb7in->evalbinsearchStepSize2returnin: 1 [O(1)]
  22: evalbinsearchStepSize2bb7in->evalbinsearchStepSize2bbin: inf [Infinity]
  23: evalbinsearchStepSize2bb9in->evalbinsearchStepSize2bb10in: inf [Infinity]
  24: evalbinsearchStepSize2bb9in->evalbinsearchStepSize2returnin: 1 [O(1)]
  2: evalbinsearchStepSize2bbin->evalbinsearchStepSize2returnin: 1 [O(1)]
  3: evalbinsearchStepSize2bbin->evalbinsearchStepSize2bb1in: inf [Infinity]
  4: evalbinsearchStepSize2bbin->evalbinsearchStepSize2bb1in: inf [Infinity]
  1: evalbinsearchStepSize2entryin->evalbinsearchStepSize2bbin: 1 [O(1)]
  35: evalbinsearchStepSize2returnin->evalbinsearchStepSize2stop: 1 [O(1)]
  0: evalbinsearchStepSize2start->evalbinsearchStepSize2entryin: 1 [O(1)]

Sizebounds:
`Lower:
  25: evalbinsearchStepSize2bb10in->evalbinsearchStepSize2bb12in, A: 2 [O(1)]
  25: evalbinsearchStepSize2bb10in->evalbinsearchStepSize2bb12in, B: 0 [O(1)]
  25: evalbinsearchStepSize2bb10in->evalbinsearchStepSize2bb12in, G: G [O(n)]
  25: evalbinsearchStepSize2bb10in->evalbinsearchStepSize2bb12in, H: -max{0, -H} [O(n)]
  26: evalbinsearchStepSize2bb10in->evalbinsearchStepSize2bb13in, A: 0 [O(1)]
  26: evalbinsearchStepSize2bb10in->evalbinsearchStepSize2bb13in, B: 0 [O(1)]
  26: evalbinsearchStepSize2bb10in->evalbinsearchStepSize2bb13in, G: G [O(n)]
  26: evalbinsearchStepSize2bb10in->evalbinsearchStepSize2bb13in, H: 0 [O(1)]
  27: evalbinsearchStepSize2bb10in->evalbinsearchStepSize2bb13in, A: 3 [O(1)]
  27: evalbinsearchStepSize2bb10in->evalbinsearchStepSize2bb13in, B: 0 [O(1)]
  27: evalbinsearchStepSize2bb10in->evalbinsearchStepSize2bb13in, G: G [O(n)]
  27: evalbinsearchStepSize2bb10in->evalbinsearchStepSize2bb13in, H: 0 [O(1)]
  28: evalbinsearchStepSize2bb10in->evalbinsearchStepSize2bb13in, A: 0 [O(1)]
  28: evalbinsearchStepSize2bb10in->evalbinsearchStepSize2bb13in, B: 0 [O(1)]
  28: evalbinsearchStepSize2bb10in->evalbinsearchStepSize2bb13in, G: G [O(n)]
  28: evalbinsearchStepSize2bb10in->evalbinsearchStepSize2bb13in, H: 0 [O(1)]
  29: evalbinsearchStepSize2bb10in->evalbinsearchStepSize2bb13in, A: 0 [O(1)]
  29: evalbinsearchStepSize2bb10in->evalbinsearchStepSize2bb13in, B: 1 [O(1)]
  29: evalbinsearchStepSize2bb10in->evalbinsearchStepSize2bb13in, G: G [O(n)]
  29: evalbinsearchStepSize2bb10in->evalbinsearchStepSize2bb13in, H: 1 [O(1)]
  30: evalbinsearchStepSize2bb12in->evalbinsearchStepSize2bb13in, A: 2 [O(1)]
  30: evalbinsearchStepSize2bb12in->evalbinsearchStepSize2bb13in, B: 0 [O(1)]
  30: evalbinsearchStepSize2bb12in->evalbinsearchStepSize2bb13in, F: 0 [O(1)]
  30: evalbinsearchStepSize2bb12in->evalbinsearchStepSize2bb13in, G: G [O(n)]
  30: evalbinsearchStepSize2bb12in->evalbinsearchStepSize2bb13in, H: 1 [O(1)]
  30: evalbinsearchStepSize2bb12in->evalbinsearchStepSize2bb13in, I: 0 [O(1)]
  31: evalbinsearchStepSize2bb12in->evalbinsearchStepSize2bb13in, A: 2 [O(1)]
  31: evalbinsearchStepSize2bb12in->evalbinsearchStepSize2bb13in, B: 0 [O(1)]
  31: evalbinsearchStepSize2bb12in->evalbinsearchStepSize2bb13in, F: 1 [O(1)]
  31: evalbinsearchStepSize2bb12in->evalbinsearchStepSize2bb13in, G: G [O(n)]
  31: evalbinsearchStepSize2bb12in->evalbinsearchStepSize2bb13in, H: 1 [O(1)]
  31: evalbinsearchStepSize2bb12in->evalbinsearchStepSize2bb13in, I: 0 [O(1)]
  32: evalbinsearchStepSize2bb12in->evalbinsearchStepSize2bb13in, A: 2 [O(1)]
  32: evalbinsearchStepSize2bb12in->evalbinsearchStepSize2bb13in, B: 0 [O(1)]
  32: evalbinsearchStepSize2bb12in->evalbinsearchStepSize2bb13in, G: G [O(n)]
  32: evalbinsearchStepSize2bb12in->evalbinsearchStepSize2bb13in, H: 1 [O(1)]
  33: evalbinsearchStepSize2bb13in->evalbinsearchStepSize2returnin, A: 0 [O(1)]
  33: evalbinsearchStepSize2bb13in->evalbinsearchStepSize2returnin, B: 0 [O(1)]
  33: evalbinsearchStepSize2bb13in->evalbinsearchStepSize2returnin, G: G [O(n)]
  33: evalbinsearchStepSize2bb13in->evalbinsearchStepSize2returnin, H: 0 [O(1)]
  34: evalbinsearchStepSize2bb13in->evalbinsearchStepSize2bbin, A: 1 [O(1)]
  34: evalbinsearchStepSize2bb13in->evalbinsearchStepSize2bbin, B: 0 [O(1)]
  34: evalbinsearchStepSize2bb13in->evalbinsearchStepSize2bbin, D: 0 [O(1)]
  34: evalbinsearchStepSize2bb13in->evalbinsearchStepSize2bbin, G: G [O(n)]
  34: evalbinsearchStepSize2bb13in->evalbinsearchStepSize2bbin, H: 0 [O(1)]
  5: evalbinsearchStepSize2bb1in->evalbinsearchStepSize2bb2in, A: 0 [O(1)]
  5: evalbinsearchStepSize2bb1in->evalbinsearchStepSize2bb2in, B: 0 [O(1)]
  5: evalbinsearchStepSize2bb1in->evalbinsearchStepSize2bb2in, G: G [O(n)]
  5: evalbinsearchStepSize2bb1in->evalbinsearchStepSize2bb2in, H: -max{0, -H} [O(n)]
  6: evalbinsearchStepSize2bb1in->evalbinsearchStepSize2bb2in, A: 0 [O(1)]
  6: evalbinsearchStepSize2bb1in->evalbinsearchStepSize2bb2in, B: 1 [O(1)]
  6: evalbinsearchStepSize2bb1in->evalbinsearchStepSize2bb2in, G: G [O(n)]
  6: evalbinsearchStepSize2bb1in->evalbinsearchStepSize2bb2in, H: -max{0, -H} [O(n)]
  7: evalbinsearchStepSize2bb1in->evalbinsearchStepSize2bb3in, A: 0 [O(1)]
  7: evalbinsearchStepSize2bb1in->evalbinsearchStepSize2bb3in, B: 0 [O(1)]
  7: evalbinsearchStepSize2bb1in->evalbinsearchStepSize2bb3in, G: G [O(n)]
  7: evalbinsearchStepSize2bb1in->evalbinsearchStepSize2bb3in, H: -max{0, -H} [O(n)]
  8: evalbinsearchStepSize2bb2in->evalbinsearchStepSize2bb3in, A: 0 [O(1)]
  8: evalbinsearchStepSize2bb2in->evalbinsearchStepSize2bb3in, B: 0 [O(1)]
  8: evalbinsearchStepSize2bb2in->evalbinsearchStepSize2bb3in, C: 0 [O(1)]
  8: evalbinsearchStepSize2bb2in->evalbinsearchStepSize2bb3in, F: 0 [O(1)]
  8: evalbinsearchStepSize2bb2in->evalbinsearchStepSize2bb3in, G: G [O(n)]
  8: evalbinsearchStepSize2bb2in->evalbinsearchStepSize2bb3in, H: -max{0, -H} [O(n)]
  9: evalbinsearchStepSize2bb2in->evalbinsearchStepSize2bb3in, A: 0 [O(1)]
  9: evalbinsearchStepSize2bb2in->evalbinsearchStepSize2bb3in, B: 0 [O(1)]
  9: evalbinsearchStepSize2bb2in->evalbinsearchStepSize2bb3in, C: 1 [O(1)]
  9: evalbinsearchStepSize2bb2in->evalbinsearchStepSize2bb3in, F: 0 [O(1)]
  9: evalbinsearchStepSize2bb2in->evalbinsearchStepSize2bb3in, G: G [O(n)]
  9: evalbinsearchStepSize2bb2in->evalbinsearchStepSize2bb3in, H: -max{0, -H} [O(n)]
  10: evalbinsearchStepSize2bb2in->evalbinsearchStepSize2bb3in, A: 0 [O(1)]
  10: evalbinsearchStepSize2bb2in->evalbinsearchStepSize2bb3in, B: 0 [O(1)]
  10: evalbinsearchStepSize2bb2in->evalbinsearchStepSize2bb3in, G: G [O(n)]
  10: evalbinsearchStepSize2bb2in->evalbinsearchStepSize2bb3in, H: -max{0, -H} [O(n)]
  11: evalbinsearchStepSize2bb3in->evalbinsearchStepSize2bb4in, A: 0 [O(1)]
  11: evalbinsearchStepSize2bb3in->evalbinsearchStepSize2bb4in, B: 0 [O(1)]
  11: evalbinsearchStepSize2bb3in->evalbinsearchStepSize2bb4in, G: G [O(n)]
  11: evalbinsearchStepSize2bb3in->evalbinsearchStepSize2bb4in, H: -max{0, -H} [O(n)]
  12: evalbinsearchStepSize2bb3in->evalbinsearchStepSize2bb9in, A: 0 [O(1)]
  12: evalbinsearchStepSize2bb3in->evalbinsearchStepSize2bb9in, B: 0 [O(1)]
  12: evalbinsearchStepSize2bb3in->evalbinsearchStepSize2bb9in, G: G [O(n)]
  12: evalbinsearchStepSize2bb3in->evalbinsearchStepSize2bb9in, H: -max{0, -H} [O(n)]
  13: evalbinsearchStepSize2bb4in->evalbinsearchStepSize2bb6in, A: 1 [O(1)]
  13: evalbinsearchStepSize2bb4in->evalbinsearchStepSize2bb6in, B: 0 [O(1)]
  13: evalbinsearchStepSize2bb4in->evalbinsearchStepSize2bb6in, G: G [O(n)]
  13: evalbinsearchStepSize2bb4in->evalbinsearchStepSize2bb6in, H: -max{0, -H} [O(n)]
  14: evalbinsearchStepSize2bb4in->evalbinsearchStepSize2bb7in, A: 0 [O(1)]
  14: evalbinsearchStepSize2bb4in->evalbinsearchStepSize2bb7in, B: 0 [O(1)]
  14: evalbinsearchStepSize2bb4in->evalbinsearchStepSize2bb7in, G: G [O(n)]
  14: evalbinsearchStepSize2bb4in->evalbinsearchStepSize2bb7in, H: 0 [O(1)]
  15: evalbinsearchStepSize2bb4in->evalbinsearchStepSize2bb7in, A: 2 [O(1)]
  15: evalbinsearchStepSize2bb4in->evalbinsearchStepSize2bb7in, B: 0 [O(1)]
  15: evalbinsearchStepSize2bb4in->evalbinsearchStepSize2bb7in, G: G [O(n)]
  15: evalbinsearchStepSize2bb4in->evalbinsearchStepSize2bb7in, H: 0 [O(1)]
  16: evalbinsearchStepSize2bb4in->evalbinsearchStepSize2bb7in, A: 0 [O(1)]
  16: evalbinsearchStepSize2bb4in->evalbinsearchStepSize2bb7in, B: 0 [O(1)]
  16: evalbinsearchStepSize2bb4in->evalbinsearchStepSize2bb7in, G: G [O(n)]
  16: evalbinsearchStepSize2bb4in->evalbinsearchStepSize2bb7in, H: 0 [O(1)]
  17: evalbinsearchStepSize2bb4in->evalbinsearchStepSize2bb7in, A: 0 [O(1)]
  17: evalbinsearchStepSize2bb4in->evalbinsearchStepSize2bb7in, B: 1 [O(1)]
  17: evalbinsearchStepSize2bb4in->evalbinsearchStepSize2bb7in, G: G [O(n)]
  17: evalbinsearchStepSize2bb4in->evalbinsearchStepSize2bb7in, H: 1 [O(1)]
  18: evalbinsearchStepSize2bb6in->evalbinsearchStepSize2bb7in, A: 1 [O(1)]
  18: evalbinsearchStepSize2bb6in->evalbinsearchStepSize2bb7in, B: 0 [O(1)]
  18: evalbinsearchStepSize2bb6in->evalbinsearchStepSize2bb7in, F: 0 [O(1)]
  18: evalbinsearchStepSize2bb6in->evalbinsearchStepSize2bb7in, G: G [O(n)]
  18: evalbinsearchStepSize2bb6in->evalbinsearchStepSize2bb7in, H: 1 [O(1)]
  18: evalbinsearchStepSize2bb6in->evalbinsearchStepSize2bb7in, I: 0 [O(1)]
  19: evalbinsearchStepSize2bb6in->evalbinsearchStepSize2bb7in, A: 1 [O(1)]
  19: evalbinsearchStepSize2bb6in->evalbinsearchStepSize2bb7in, B: 0 [O(1)]
  19: evalbinsearchStepSize2bb6in->evalbinsearchStepSize2bb7in, F: 1 [O(1)]
  19: evalbinsearchStepSize2bb6in->evalbinsearchStepSize2bb7in, G: G [O(n)]
  19: evalbinsearchStepSize2bb6in->evalbinsearchStepSize2bb7in, H: 1 [O(1)]
  19: evalbinsearchStepSize2bb6in->evalbinsearchStepSize2bb7in, I: 0 [O(1)]
  20: evalbinsearchStepSize2bb6in->evalbinsearchStepSize2bb7in, A: 1 [O(1)]
  20: evalbinsearchStepSize2bb6in->evalbinsearchStepSize2bb7in, B: 0 [O(1)]
  20: evalbinsearchStepSize2bb6in->evalbinsearchStepSize2bb7in, G: G [O(n)]
  20: evalbinsearchStepSize2bb6in->evalbinsearchStepSize2bb7in, H: 1 [O(1)]
  21: evalbinsearchStepSize2bb7in->evalbinsearchStepSize2returnin, A: 0 [O(1)]
  21: evalbinsearchStepSize2bb7in->evalbinsearchStepSize2returnin, B: 0 [O(1)]
  21: evalbinsearchStepSize2bb7in->evalbinsearchStepSize2returnin, G: G [O(n)]
  21: evalbinsearchStepSize2bb7in->evalbinsearchStepSize2returnin, H: 0 [O(1)]
  22: evalbinsearchStepSize2bb7in->evalbinsearchStepSize2bbin, A: 2 [O(1)]
  22: evalbinsearchStepSize2bb7in->evalbinsearchStepSize2bbin, B: 0 [O(1)]
  22: evalbinsearchStepSize2bb7in->evalbinsearchStepSize2bbin, G: G [O(n)]
  22: evalbinsearchStepSize2bb7in->evalbinsearchStepSize2bbin, H: 0 [O(1)]
  23: evalbinsearchStepSize2bb9in->evalbinsearchStepSize2bb10in, A: 0 [O(1)]
  23: evalbinsearchStepSize2bb9in->evalbinsearchStepSize2bb10in, B: 0 [O(1)]
  23: evalbinsearchStepSize2bb9in->evalbinsearchStepSize2bb10in, G: G [O(n)]
  23: evalbinsearchStepSize2bb9in->evalbinsearchStepSize2bb10in, H: -max{0, -H} [O(n)]
  24: evalbinsearchStepSize2bb9in->evalbinsearchStepSize2returnin, A: 0 [O(1)]
  24: evalbinsearchStepSize2bb9in->evalbinsearchStepSize2returnin, B: 0 [O(1)]
  24: evalbinsearchStepSize2bb9in->evalbinsearchStepSize2returnin, G: G [O(n)]
  24: evalbinsearchStepSize2bb9in->evalbinsearchStepSize2returnin, H: -max{0, -H} [O(n)]
  2: evalbinsearchStepSize2bbin->evalbinsearchStepSize2returnin, A: 0 [O(1)]
  2: evalbinsearchStepSize2bbin->evalbinsearchStepSize2returnin, B: 0 [O(1)]
  2: evalbinsearchStepSize2bbin->evalbinsearchStepSize2returnin, C: 1 [O(1)]
  2: evalbinsearchStepSize2bbin->evalbinsearchStepSize2returnin, G: G [O(n)]
  2: evalbinsearchStepSize2bbin->evalbinsearchStepSize2returnin, H: 0 [O(1)]
  3: evalbinsearchStepSize2bbin->evalbinsearchStepSize2bb1in, A: 0 [O(1)]
  3: evalbinsearchStepSize2bbin->evalbinsearchStepSize2bb1in, B: 0 [O(1)]
  3: evalbinsearchStepSize2bbin->evalbinsearchStepSize2bb1in, G: G [O(n)]
  3: evalbinsearchStepSize2bbin->evalbinsearchStepSize2bb1in, H: 0 [O(1)]
  4: evalbinsearchStepSize2bbin->evalbinsearchStepSize2bb1in, A: 0 [O(1)]
  4: evalbinsearchStepSize2bbin->evalbinsearchStepSize2bb1in, B: 0 [O(1)]
  4: evalbinsearchStepSize2bbin->evalbinsearchStepSize2bb1in, C: 2 [O(1)]
  4: evalbinsearchStepSize2bbin->evalbinsearchStepSize2bb1in, G: G [O(n)]
  4: evalbinsearchStepSize2bbin->evalbinsearchStepSize2bb1in, H: -max{0, -H} [O(n)]
  1: evalbinsearchStepSize2entryin->evalbinsearchStepSize2bbin, A: 0 [O(1)]
  1: evalbinsearchStepSize2entryin->evalbinsearchStepSize2bbin, B: 0 [O(1)]
  1: evalbinsearchStepSize2entryin->evalbinsearchStepSize2bbin, C: 4 [O(1)]
  1: evalbinsearchStepSize2entryin->evalbinsearchStepSize2bbin, D: A [O(n)]
  1: evalbinsearchStepSize2entryin->evalbinsearchStepSize2bbin, E: E [O(n)]
  1: evalbinsearchStepSize2entryin->evalbinsearchStepSize2bbin, F: F [O(n)]
  1: evalbinsearchStepSize2entryin->evalbinsearchStepSize2bbin, G: G [O(n)]
  1: evalbinsearchStepSize2entryin->evalbinsearchStepSize2bbin, H: H [O(n)]
  1: evalbinsearchStepSize2entryin->evalbinsearchStepSize2bbin, I: I [O(n)]
  35: evalbinsearchStepSize2returnin->evalbinsearchStepSize2stop, A: 0 [O(1)]
  35: evalbinsearchStepSize2returnin->evalbinsearchStepSize2stop, B: 0 [O(1)]
  35: evalbinsearchStepSize2returnin->evalbinsearchStepSize2stop, G: G [O(n)]
  35: evalbinsearchStepSize2returnin->evalbinsearchStepSize2stop, H: -max{0, -H} [O(n)]
  0: evalbinsearchStepSize2start->evalbinsearchStepSize2entryin, A: A [O(n)]
  0: evalbinsearchStepSize2start->evalbinsearchStepSize2entryin, B: B [O(n)]
  0: evalbinsearchStepSize2start->evalbinsearchStepSize2entryin, C: C [O(n)]
  0: evalbinsearchStepSize2start->evalbinsearchStepSize2entryin, D: D [O(n)]
  0: evalbinsearchStepSize2start->evalbinsearchStepSize2entryin, E: E [O(n)]
  0: evalbinsearchStepSize2start->evalbinsearchStepSize2entryin, F: F [O(n)]
  0: evalbinsearchStepSize2start->evalbinsearchStepSize2entryin, G: G [O(n)]
  0: evalbinsearchStepSize2start->evalbinsearchStepSize2entryin, H: H [O(n)]
  0: evalbinsearchStepSize2start->evalbinsearchStepSize2entryin, I: I [O(n)]
`Upper:
  25: evalbinsearchStepSize2bb10in->evalbinsearchStepSize2bb12in, A: 2 [O(1)]
  25: evalbinsearchStepSize2bb10in->evalbinsearchStepSize2bb12in, B: 0 [O(1)]
  25: evalbinsearchStepSize2bb10in->evalbinsearchStepSize2bb12in, G: G [O(n)]
  25: evalbinsearchStepSize2bb10in->evalbinsearchStepSize2bb12in, H: max{1, H} [O(n)]
  26: evalbinsearchStepSize2bb10in->evalbinsearchStepSize2bb13in, A: 1 [O(1)]
  26: evalbinsearchStepSize2bb10in->evalbinsearchStepSize2bb13in, B: 1 [O(1)]
  26: evalbinsearchStepSize2bb10in->evalbinsearchStepSize2bb13in, G: G [O(n)]
  26: evalbinsearchStepSize2bb10in->evalbinsearchStepSize2bb13in, H: 1 [O(1)]
  27: evalbinsearchStepSize2bb10in->evalbinsearchStepSize2bb13in, A: 2 [O(1)]
  27: evalbinsearchStepSize2bb10in->evalbinsearchStepSize2bb13in, B: 1 [O(1)]
  27: evalbinsearchStepSize2bb10in->evalbinsearchStepSize2bb13in, G: G [O(n)]
  27: evalbinsearchStepSize2bb10in->evalbinsearchStepSize2bb13in, H: 1 [O(1)]
  28: evalbinsearchStepSize2bb10in->evalbinsearchStepSize2bb13in, A: 2 [O(1)]
  28: evalbinsearchStepSize2bb10in->evalbinsearchStepSize2bb13in, B: -1 [O(1)]
  28: evalbinsearchStepSize2bb10in->evalbinsearchStepSize2bb13in, G: G [O(n)]
  28: evalbinsearchStepSize2bb10in->evalbinsearchStepSize2bb13in, H: -1 [O(1)]
  29: evalbinsearchStepSize2bb10in->evalbinsearchStepSize2bb13in, A: 2 [O(1)]
  29: evalbinsearchStepSize2bb10in->evalbinsearchStepSize2bb13in, B: 1 [O(1)]
  29: evalbinsearchStepSize2bb10in->evalbinsearchStepSize2bb13in, G: G [O(n)]
  29: evalbinsearchStepSize2bb10in->evalbinsearchStepSize2bb13in, H: 1 [O(1)]
  30: evalbinsearchStepSize2bb12in->evalbinsearchStepSize2bb13in, A: 2 [O(1)]
  30: evalbinsearchStepSize2bb12in->evalbinsearchStepSize2bb13in, B: 0 [O(1)]
  30: evalbinsearchStepSize2bb12in->evalbinsearchStepSize2bb13in, F: 0 [O(1)]
  30: evalbinsearchStepSize2bb12in->evalbinsearchStepSize2bb13in, G: G [O(n)]
  30: evalbinsearchStepSize2bb12in->evalbinsearchStepSize2bb13in, H: 1 [O(1)]
  30: evalbinsearchStepSize2bb12in->evalbinsearchStepSize2bb13in, I: 0 [O(1)]
  31: evalbinsearchStepSize2bb12in->evalbinsearchStepSize2bb13in, A: 2 [O(1)]
  31: evalbinsearchStepSize2bb12in->evalbinsearchStepSize2bb13in, B: 0 [O(1)]
  31: evalbinsearchStepSize2bb12in->evalbinsearchStepSize2bb13in, G: G [O(n)]
  31: evalbinsearchStepSize2bb12in->evalbinsearchStepSize2bb13in, H: 1 [O(1)]
  32: evalbinsearchStepSize2bb12in->evalbinsearchStepSize2bb13in, A: 2 [O(1)]
  32: evalbinsearchStepSize2bb12in->evalbinsearchStepSize2bb13in, B: 0 [O(1)]
  32: evalbinsearchStepSize2bb12in->evalbinsearchStepSize2bb13in, F: -1 [O(1)]
  32: evalbinsearchStepSize2bb12in->evalbinsearchStepSize2bb13in, G: G [O(n)]
  32: evalbinsearchStepSize2bb12in->evalbinsearchStepSize2bb13in, H: 1 [O(1)]
  32: evalbinsearchStepSize2bb12in->evalbinsearchStepSize2bb13in, I: 0 [O(1)]
  33: evalbinsearchStepSize2bb13in->evalbinsearchStepSize2returnin, A: 2 [O(1)]
  33: evalbinsearchStepSize2bb13in->evalbinsearchStepSize2returnin, B: 1 [O(1)]
  33: evalbinsearchStepSize2bb13in->evalbinsearchStepSize2returnin, G: G [O(n)]
  33: evalbinsearchStepSize2bb13in->evalbinsearchStepSize2returnin, H: 1 [O(1)]
  34: evalbinsearchStepSize2bb13in->evalbinsearchStepSize2bbin, A: 1 [O(1)]
  34: evalbinsearchStepSize2bb13in->evalbinsearchStepSize2bbin, B: 1 [O(1)]
  34: evalbinsearchStepSize2bb13in->evalbinsearchStepSize2bbin, G: G [O(n)]
  34: evalbinsearchStepSize2bb13in->evalbinsearchStepSize2bbin, H: 1 [O(1)]
  5: evalbinsearchStepSize2bb1in->evalbinsearchStepSize2bb2in, A: 2 [O(1)]
  5: evalbinsearchStepSize2bb1in->evalbinsearchStepSize2bb2in, B: -1 [O(1)]
  5: evalbinsearchStepSize2bb1in->evalbinsearchStepSize2bb2in, G: G [O(n)]
  5: evalbinsearchStepSize2bb1in->evalbinsearchStepSize2bb2in, H: max{1, H} [O(n)]
  6: evalbinsearchStepSize2bb1in->evalbinsearchStepSize2bb2in, A: 2 [O(1)]
  6: evalbinsearchStepSize2bb1in->evalbinsearchStepSize2bb2in, B: 1 [O(1)]
  6: evalbinsearchStepSize2bb1in->evalbinsearchStepSize2bb2in, G: G [O(n)]
  6: evalbinsearchStepSize2bb1in->evalbinsearchStepSize2bb2in, H: max{1, H} [O(n)]
  7: evalbinsearchStepSize2bb1in->evalbinsearchStepSize2bb3in, A: 2 [O(1)]
  7: evalbinsearchStepSize2bb1in->evalbinsearchStepSize2bb3in, B: 0 [O(1)]
  7: evalbinsearchStepSize2bb1in->evalbinsearchStepSize2bb3in, G: G [O(n)]
  7: evalbinsearchStepSize2bb1in->evalbinsearchStepSize2bb3in, H: max{1, H} [O(n)]
  8: evalbinsearchStepSize2bb2in->evalbinsearchStepSize2bb3in, A: 2 [O(1)]
  8: evalbinsearchStepSize2bb2in->evalbinsearchStepSize2bb3in, B: 1 [O(1)]
  8: evalbinsearchStepSize2bb2in->evalbinsearchStepSize2bb3in, C: 0 [O(1)]
  8: evalbinsearchStepSize2bb2in->evalbinsearchStepSize2bb3in, F: 0 [O(1)]
  8: evalbinsearchStepSize2bb2in->evalbinsearchStepSize2bb3in, G: G [O(n)]
  8: evalbinsearchStepSize2bb2in->evalbinsearchStepSize2bb3in, H: max{1, H} [O(n)]
  9: evalbinsearchStepSize2bb2in->evalbinsearchStepSize2bb3in, A: 2 [O(1)]
  9: evalbinsearchStepSize2bb2in->evalbinsearchStepSize2bb3in, B: 1 [O(1)]
  9: evalbinsearchStepSize2bb2in->evalbinsearchStepSize2bb3in, G: G [O(n)]
  9: evalbinsearchStepSize2bb2in->evalbinsearchStepSize2bb3in, H: max{1, H} [O(n)]
  10: evalbinsearchStepSize2bb2in->evalbinsearchStepSize2bb3in, A: 2 [O(1)]
  10: evalbinsearchStepSize2bb2in->evalbinsearchStepSize2bb3in, B: 1 [O(1)]
  10: evalbinsearchStepSize2bb2in->evalbinsearchStepSize2bb3in, C: -1 [O(1)]
  10: evalbinsearchStepSize2bb2in->evalbinsearchStepSize2bb3in, F: 0 [O(1)]
  10: evalbinsearchStepSize2bb2in->evalbinsearchStepSize2bb3in, G: G [O(n)]
  10: evalbinsearchStepSize2bb2in->evalbinsearchStepSize2bb3in, H: max{1, H} [O(n)]
  11: evalbinsearchStepSize2bb3in->evalbinsearchStepSize2bb4in, A: 2 [O(1)]
  11: evalbinsearchStepSize2bb3in->evalbinsearchStepSize2bb4in, B: 1 [O(1)]
  11: evalbinsearchStepSize2bb3in->evalbinsearchStepSize2bb4in, G: G [O(n)]
  11: evalbinsearchStepSize2bb3in->evalbinsearchStepSize2bb4in, H: max{1, H} [O(n)]
  12: evalbinsearchStepSize2bb3in->evalbinsearchStepSize2bb9in, A: 2 [O(1)]
  12: evalbinsearchStepSize2bb3in->evalbinsearchStepSize2bb9in, B: 1 [O(1)]
  12: evalbinsearchStepSize2bb3in->evalbinsearchStepSize2bb9in, G: G [O(n)]
  12: evalbinsearchStepSize2bb3in->evalbinsearchStepSize2bb9in, H: max{1, H} [O(n)]
  13: evalbinsearchStepSize2bb4in->evalbinsearchStepSize2bb6in, A: 1 [O(1)]
  13: evalbinsearchStepSize2bb4in->evalbinsearchStepSize2bb6in, B: 0 [O(1)]
  13: evalbinsearchStepSize2bb4in->evalbinsearchStepSize2bb6in, G: G [O(n)]
  13: evalbinsearchStepSize2bb4in->evalbinsearchStepSize2bb6in, H: max{1, H} [O(n)]
  14: evalbinsearchStepSize2bb4in->evalbinsearchStepSize2bb7in, A: 0 [O(1)]
  14: evalbinsearchStepSize2bb4in->evalbinsearchStepSize2bb7in, B: 1 [O(1)]
  14: evalbinsearchStepSize2bb4in->evalbinsearchStepSize2bb7in, G: G [O(n)]
  14: evalbinsearchStepSize2bb4in->evalbinsearchStepSize2bb7in, H: 1 [O(1)]
  15: evalbinsearchStepSize2bb4in->evalbinsearchStepSize2bb7in, A: 2 [O(1)]
  15: evalbinsearchStepSize2bb4in->evalbinsearchStepSize2bb7in, B: 1 [O(1)]
  15: evalbinsearchStepSize2bb4in->evalbinsearchStepSize2bb7in, G: G [O(n)]
  15: evalbinsearchStepSize2bb4in->evalbinsearchStepSize2bb7in, H: 1 [O(1)]
  16: evalbinsearchStepSize2bb4in->evalbinsearchStepSize2bb7in, A: 2 [O(1)]
  16: evalbinsearchStepSize2bb4in->evalbinsearchStepSize2bb7in, B: -1 [O(1)]
  16: evalbinsearchStepSize2bb4in->evalbinsearchStepSize2bb7in, G: G [O(n)]
  16: evalbinsearchStepSize2bb4in->evalbinsearchStepSize2bb7in, H: -1 [O(1)]
  17: evalbinsearchStepSize2bb4in->evalbinsearchStepSize2bb7in, A: 2 [O(1)]
  17: evalbinsearchStepSize2bb4in->evalbinsearchStepSize2bb7in, B: 1 [O(1)]
  17: evalbinsearchStepSize2bb4in->evalbinsearchStepSize2bb7in, G: G [O(n)]
  17: evalbinsearchStepSize2bb4in->evalbinsearchStepSize2bb7in, H: 1 [O(1)]
  18: evalbinsearchStepSize2bb6in->evalbinsearchStepSize2bb7in, A: 1 [O(1)]
  18: evalbinsearchStepSize2bb6in->evalbinsearchStepSize2bb7in, B: 0 [O(1)]
  18: evalbinsearchStepSize2bb6in->evalbinsearchStepSize2bb7in, F: 0 [O(1)]
  18: evalbinsearchStepSize2bb6in->evalbinsearchStepSize2bb7in, G: G [O(n)]
  18: evalbinsearchStepSize2bb6in->evalbinsearchStepSize2bb7in, H: 1 [O(1)]
  18: evalbinsearchStepSize2bb6in->evalbinsearchStepSize2bb7in, I: 0 [O(1)]
  19: evalbinsearchStepSize2bb6in->evalbinsearchStepSize2bb7in, A: 1 [O(1)]
  19: evalbinsearchStepSize2bb6in->evalbinsearchStepSize2bb7in, B: 0 [O(1)]
  19: evalbinsearchStepSize2bb6in->evalbinsearchStepSize2bb7in, G: G [O(n)]
  19: evalbinsearchStepSize2bb6in->evalbinsearchStepSize2bb7in, H: 1 [O(1)]
  20: evalbinsearchStepSize2bb6in->evalbinsearchStepSize2bb7in, A: 1 [O(1)]
  20: evalbinsearchStepSize2bb6in->evalbinsearchStepSize2bb7in, B: 0 [O(1)]
  20: evalbinsearchStepSize2bb6in->evalbinsearchStepSize2bb7in, F: -1 [O(1)]
  20: evalbinsearchStepSize2bb6in->evalbinsearchStepSize2bb7in, G: G [O(n)]
  20: evalbinsearchStepSize2bb6in->evalbinsearchStepSize2bb7in, H: 1 [O(1)]
  20: evalbinsearchStepSize2bb6in->evalbinsearchStepSize2bb7in, I: 0 [O(1)]
  21: evalbinsearchStepSize2bb7in->evalbinsearchStepSize2returnin, A: 2 [O(1)]
  21: evalbinsearchStepSize2bb7in->evalbinsearchStepSize2returnin, B: 1 [O(1)]
  21: evalbinsearchStepSize2bb7in->evalbinsearchStepSize2returnin, G: G [O(n)]
  21: evalbinsearchStepSize2bb7in->evalbinsearchStepSize2returnin, H: 1 [O(1)]
  22: evalbinsearchStepSize2bb7in->evalbinsearchStepSize2bbin, A: 2 [O(1)]
  22: evalbinsearchStepSize2bb7in->evalbinsearchStepSize2bbin, B: 1 [O(1)]
  22: evalbinsearchStepSize2bb7in->evalbinsearchStepSize2bbin, D: 255 [O(1)]
  22: evalbinsearchStepSize2bb7in->evalbinsearchStepSize2bbin, G: G [O(n)]
  22: evalbinsearchStepSize2bb7in->evalbinsearchStepSize2bbin, H: 1 [O(1)]
  23: evalbinsearchStepSize2bb9in->evalbinsearchStepSize2bb10in, A: 2 [O(1)]
  23: evalbinsearchStepSize2bb9in->evalbinsearchStepSize2bb10in, B: 1 [O(1)]
  23: evalbinsearchStepSize2bb9in->evalbinsearchStepSize2bb10in, G: G [O(n)]
  23: evalbinsearchStepSize2bb9in->evalbinsearchStepSize2bb10in, H: max{1, H} [O(n)]
  24: evalbinsearchStepSize2bb9in->evalbinsearchStepSize2returnin, A: 2 [O(1)]
  24: evalbinsearchStepSize2bb9in->evalbinsearchStepSize2returnin, B: 1 [O(1)]
  24: evalbinsearchStepSize2bb9in->evalbinsearchStepSize2returnin, G: G [O(n)]
  24: evalbinsearchStepSize2bb9in->evalbinsearchStepSize2returnin, H: max{1, H} [O(n)]
  2: evalbinsearchStepSize2bbin->evalbinsearchStepSize2returnin, A: 2 [O(1)]
  2: evalbinsearchStepSize2bbin->evalbinsearchStepSize2returnin, B: 1 [O(1)]
  2: evalbinsearchStepSize2bbin->evalbinsearchStepSize2returnin, C: 1 [O(1)]
  2: evalbinsearchStepSize2bbin->evalbinsearchStepSize2returnin, G: G [O(n)]
  2: evalbinsearchStepSize2bbin->evalbinsearchStepSize2returnin, H: 1 [O(1)]
  3: evalbinsearchStepSize2bbin->evalbinsearchStepSize2bb1in, A: 2 [O(1)]
  3: evalbinsearchStepSize2bbin->evalbinsearchStepSize2bb1in, B: 1 [O(1)]
  3: evalbinsearchStepSize2bbin->evalbinsearchStepSize2bb1in, C: 0 [O(1)]
  3: evalbinsearchStepSize2bbin->evalbinsearchStepSize2bb1in, G: G [O(n)]
  3: evalbinsearchStepSize2bbin->evalbinsearchStepSize2bb1in, H: 1 [O(1)]
  4: evalbinsearchStepSize2bbin->evalbinsearchStepSize2bb1in, A: 2 [O(1)]
  4: evalbinsearchStepSize2bbin->evalbinsearchStepSize2bb1in, B: 1 [O(1)]
  4: evalbinsearchStepSize2bbin->evalbinsearchStepSize2bb1in, G: G [O(n)]
  4: evalbinsearchStepSize2bbin->evalbinsearchStepSize2bb1in, H: max{1, H} [O(n)]
  1: evalbinsearchStepSize2entryin->evalbinsearchStepSize2bbin, A: 0 [O(1)]
  1: evalbinsearchStepSize2entryin->evalbinsearchStepSize2bbin, B: 0 [O(1)]
  1: evalbinsearchStepSize2entryin->evalbinsearchStepSize2bbin, C: 4 [O(1)]
  1: evalbinsearchStepSize2entryin->evalbinsearchStepSize2bbin, D: A [O(n)]
  1: evalbinsearchStepSize2entryin->evalbinsearchStepSize2bbin, E: E [O(n)]
  1: evalbinsearchStepSize2entryin->evalbinsearchStepSize2bbin, F: F [O(n)]
  1: evalbinsearchStepSize2entryin->evalbinsearchStepSize2bbin, G: G [O(n)]
  1: evalbinsearchStepSize2entryin->evalbinsearchStepSize2bbin, H: H [O(n)]
  1: evalbinsearchStepSize2entryin->evalbinsearchStepSize2bbin, I: I [O(n)]
  35: evalbinsearchStepSize2returnin->evalbinsearchStepSize2stop, A: 2 [O(1)]
  35: evalbinsearchStepSize2returnin->evalbinsearchStepSize2stop, B: 1 [O(1)]
  35: evalbinsearchStepSize2returnin->evalbinsearchStepSize2stop, G: G [O(n)]
  35: evalbinsearchStepSize2returnin->evalbinsearchStepSize2stop, H: max{1, 1, H} [O(n)]
  0: evalbinsearchStepSize2start->evalbinsearchStepSize2entryin, A: A [O(n)]
  0: evalbinsearchStepSize2start->evalbinsearchStepSize2entryin, B: B [O(n)]
  0: evalbinsearchStepSize2start->evalbinsearchStepSize2entryin, C: C [O(n)]
  0: evalbinsearchStepSize2start->evalbinsearchStepSize2entryin, D: D [O(n)]
  0: evalbinsearchStepSize2start->evalbinsearchStepSize2entryin, E: E [O(n)]
  0: evalbinsearchStepSize2start->evalbinsearchStepSize2entryin, F: F [O(n)]
  0: evalbinsearchStepSize2start->evalbinsearchStepSize2entryin, G: G [O(n)]
  0: evalbinsearchStepSize2start->evalbinsearchStepSize2entryin, H: H [O(n)]
  0: evalbinsearchStepSize2start->evalbinsearchStepSize2entryin, I: I [O(n)]
