Timebounds: 
  Overall timebound: inf [Infinity]
  13: evalfbb2in->evalfbb3in: inf [Infinity]
  8: evalfbb3in->evalfbb5in: max{0, 1+B} [O(n)]
  9: evalfbb3in->evalfbb4in: inf [Infinity]
  10: evalfbb4in->evalfbb2in: inf [Infinity]
  11: evalfbb4in->evalfbb2in: inf [Infinity]
  12: evalfbb4in->evalfbb5in: max{0, 1+3*B} [O(n)]
  14: evalfbb5in->evalfbb6in: max{0, 1+B} [O(n)]
  15: evalfbb6in->evalfbb7in: inf [Infinity]
  2: evalfbb7in->evalfbbin: inf [Infinity]
  3: evalfbb7in->evalfreturnin: 1 [O(1)]
  4: evalfbb7in->evalfreturnin: 1 [O(1)]
  5: evalfbbin->evalfbb3in: max{0, 1+B} [O(n)]
  6: evalfbbin->evalfbb3in: max{0, 1+B} [O(n)]
  7: evalfbbin->evalfbb6in: inf [Infinity]
  1: evalfentryin->evalfbb7in: 1 [O(1)]
  16: evalfreturnin->evalfstop: 1 [O(1)]
  0: evalfstart->evalfentryin: 1 [O(1)]

Costbounds:
  Overall costbound: inf [Infinity]
  13: evalfbb2in->evalfbb3in: inf [Infinity]
  8: evalfbb3in->evalfbb5in: max{0, 1+B} [O(n)]
  9: evalfbb3in->evalfbb4in: inf [Infinity]
  10: evalfbb4in->evalfbb2in: inf [Infinity]
  11: evalfbb4in->evalfbb2in: inf [Infinity]
  12: evalfbb4in->evalfbb5in: max{0, 1+3*B} [O(n)]
  14: evalfbb5in->evalfbb6in: max{0, 1+B} [O(n)]
  15: evalfbb6in->evalfbb7in: inf [Infinity]
  2: evalfbb7in->evalfbbin: inf [Infinity]
  3: evalfbb7in->evalfreturnin: 1 [O(1)]
  4: evalfbb7in->evalfreturnin: 1 [O(1)]
  5: evalfbbin->evalfbb3in: max{0, 1+B} [O(n)]
  6: evalfbbin->evalfbb3in: max{0, 1+B} [O(n)]
  7: evalfbbin->evalfbb6in: inf [Infinity]
  1: evalfentryin->evalfbb7in: 1 [O(1)]
  16: evalfreturnin->evalfstop: 1 [O(1)]
  0: evalfstart->evalfentryin: 1 [O(1)]

Sizebounds:
`Lower:
  13: evalfbb2in->evalfbb3in, A: B [O(n)]
  13: evalfbb2in->evalfbb3in, B: B [O(n)]
  13: evalfbb2in->evalfbb3in, C: 0 [O(1)]
  13: evalfbb2in->evalfbb3in, D: 1 [O(1)]
  13: evalfbb2in->evalfbb3in, E: -max{0, -E} [O(n)]
  13: evalfbb2in->evalfbb3in, F: -inf [Infinity]
  8: evalfbb3in->evalfbb5in, A: B [O(n)]
  8: evalfbb3in->evalfbb5in, B: B [O(n)]
  8: evalfbb3in->evalfbb5in, C: 0 [O(1)]
  8: evalfbb3in->evalfbb5in, D: -inf [Infinity]
  8: evalfbb3in->evalfbb5in, E: -max{0, -E} [O(n)]
  8: evalfbb3in->evalfbb5in, F: -inf [Infinity]
  9: evalfbb3in->evalfbb4in, A: B [O(n)]
  9: evalfbb3in->evalfbb4in, B: B [O(n)]
  9: evalfbb3in->evalfbb4in, C: 0 [O(1)]
  9: evalfbb3in->evalfbb4in, D: 0 [O(1)]
  9: evalfbb3in->evalfbb4in, E: -max{0, -E} [O(n)]
  9: evalfbb3in->evalfbb4in, F: -inf [Infinity]
  10: evalfbb4in->evalfbb2in, A: B [O(n)]
  10: evalfbb4in->evalfbb2in, B: B [O(n)]
  10: evalfbb4in->evalfbb2in, C: 0 [O(1)]
  10: evalfbb4in->evalfbb2in, D: 0 [O(1)]
  10: evalfbb4in->evalfbb2in, E: -max{0, -E} [O(n)]
  10: evalfbb4in->evalfbb2in, F: -inf [Infinity]
  11: evalfbb4in->evalfbb2in, A: B [O(n)]
  11: evalfbb4in->evalfbb2in, B: B [O(n)]
  11: evalfbb4in->evalfbb2in, C: 0 [O(1)]
  11: evalfbb4in->evalfbb2in, D: 0 [O(1)]
  11: evalfbb4in->evalfbb2in, E: -max{0, -E} [O(n)]
  11: evalfbb4in->evalfbb2in, F: -inf [Infinity]
  12: evalfbb4in->evalfbb5in, A: B [O(n)]
  12: evalfbb4in->evalfbb5in, B: B [O(n)]
  12: evalfbb4in->evalfbb5in, C: 0 [O(1)]
  12: evalfbb4in->evalfbb5in, D: 0 [O(1)]
  12: evalfbb4in->evalfbb5in, E: -max{0, -E} [O(n)]
  12: evalfbb4in->evalfbb5in, F: -inf [Infinity]
  14: evalfbb5in->evalfbb6in, A: B [O(n)]
  14: evalfbb5in->evalfbb6in, B: B [O(n)]
  14: evalfbb5in->evalfbb6in, C: 0 [O(1)]
  14: evalfbb5in->evalfbb6in, D: -1 [O(1)]
  14: evalfbb5in->evalfbb6in, E: -inf [Infinity]
  14: evalfbb5in->evalfbb6in, F: -inf [Infinity]
  15: evalfbb6in->evalfbb7in, A: B [O(n)]
  15: evalfbb6in->evalfbb7in, B: B [O(n)]
  15: evalfbb6in->evalfbb7in, C: -inf [Infinity]
  15: evalfbb6in->evalfbb7in, D: -1 [O(1)]
  15: evalfbb6in->evalfbb7in, E: 0 [O(1)]
  15: evalfbb6in->evalfbb7in, F: -inf [Infinity]
  2: evalfbb7in->evalfbbin, A: B [O(n)]
  2: evalfbb7in->evalfbbin, B: B [O(n)]
  2: evalfbb7in->evalfbbin, C: -inf [Infinity]
  2: evalfbb7in->evalfbbin, D: -max{1, -D} [O(n)]
  2: evalfbb7in->evalfbbin, E: -max{0, -E} [O(n)]
  2: evalfbb7in->evalfbbin, F: -inf [Infinity]
  3: evalfbb7in->evalfreturnin, A: B [O(n)]
  3: evalfbb7in->evalfreturnin, B: B [O(n)]
  3: evalfbb7in->evalfreturnin, C: -inf [Infinity]
  3: evalfbb7in->evalfreturnin, D: -max{1, -D} [O(n)]
  3: evalfbb7in->evalfreturnin, E: -max{0, -E} [O(n)]
  3: evalfbb7in->evalfreturnin, F: -inf [Infinity]
  4: evalfbb7in->evalfreturnin, A: B [O(n)]
  4: evalfbb7in->evalfreturnin, B: B [O(n)]
  4: evalfbb7in->evalfreturnin, C: -inf [Infinity]
  4: evalfbb7in->evalfreturnin, D: -max{1, -D} [O(n)]
  4: evalfbb7in->evalfreturnin, E: -max{0, -E} [O(n)]
  4: evalfbb7in->evalfreturnin, F: -inf [Infinity]
  5: evalfbbin->evalfbb3in, A: B [O(n)]
  5: evalfbbin->evalfbb3in, B: B [O(n)]
  5: evalfbbin->evalfbb3in, C: 0 [O(1)]
  5: evalfbbin->evalfbb3in, D: -inf [Infinity]
  5: evalfbbin->evalfbb3in, E: -max{0, -E} [O(n)]
  5: evalfbbin->evalfbb3in, F: -inf [Infinity]
  6: evalfbbin->evalfbb3in, A: B [O(n)]
  6: evalfbbin->evalfbb3in, B: B [O(n)]
  6: evalfbbin->evalfbb3in, C: 0 [O(1)]
  6: evalfbbin->evalfbb3in, D: -inf [Infinity]
  6: evalfbbin->evalfbb3in, E: -max{0, -E} [O(n)]
  6: evalfbbin->evalfbb3in, F: -inf [Infinity]
  7: evalfbbin->evalfbb6in, A: B [O(n)]
  7: evalfbbin->evalfbb6in, B: B [O(n)]
  7: evalfbbin->evalfbb6in, C: 0 [O(1)]
  7: evalfbbin->evalfbb6in, D: 0 [O(1)]
  7: evalfbbin->evalfbb6in, E: -inf [Infinity]
  7: evalfbbin->evalfbb6in, F: -inf [Infinity]
  1: evalfentryin->evalfbb7in, A: B [O(n)]
  1: evalfentryin->evalfbb7in, B: B [O(n)]
  1: evalfentryin->evalfbb7in, C: 0 [O(1)]
  1: evalfentryin->evalfbb7in, D: D [O(n)]
  1: evalfentryin->evalfbb7in, E: E [O(n)]
  1: evalfentryin->evalfbb7in, F: -inf [Infinity]
  16: evalfreturnin->evalfstop, A: B [O(n)]
  16: evalfreturnin->evalfstop, B: B [O(n)]
  16: evalfreturnin->evalfstop, C: -inf [Infinity]
  16: evalfreturnin->evalfstop, D: -max{1, -D} [O(n)]
  16: evalfreturnin->evalfstop, E: -max{0, -E} [O(n)]
  16: evalfreturnin->evalfstop, F: -inf [Infinity]
  0: evalfstart->evalfentryin, A: A [O(n)]
  0: evalfstart->evalfentryin, B: B [O(n)]
  0: evalfstart->evalfentryin, C: C [O(n)]
  0: evalfstart->evalfentryin, D: D [O(n)]
  0: evalfstart->evalfentryin, E: E [O(n)]
  0: evalfstart->evalfentryin, F: -inf [Infinity]
`Upper:
  13: evalfbb2in->evalfbb3in, A: B [O(n)]
  13: evalfbb2in->evalfbb3in, B: B [O(n)]
  13: evalfbb2in->evalfbb3in, C: B [O(n)]
  13: evalfbb2in->evalfbb3in, D: 1+B [O(n)]
  13: evalfbb2in->evalfbb3in, E: max{0, E, max{B, 1+B}} [O(n)]
  13: evalfbb2in->evalfbb3in, F: inf [Infinity]
  8: evalfbb3in->evalfbb5in, A: B [O(n)]
  8: evalfbb3in->evalfbb5in, B: B [O(n)]
  8: evalfbb3in->evalfbb5in, C: max{0, B, max{B, 1+B}} [O(n)]
  8: evalfbb3in->evalfbb5in, D: max{0, B, 1+B} [O(n)]
  8: evalfbb3in->evalfbb5in, E: max{0, E, max{B, 1+B}} [O(n)]
  8: evalfbb3in->evalfbb5in, F: inf [Infinity]
  9: evalfbb3in->evalfbb4in, A: B [O(n)]
  9: evalfbb3in->evalfbb4in, B: B [O(n)]
  9: evalfbb3in->evalfbb4in, C: B [O(n)]
  9: evalfbb3in->evalfbb4in, D: B [O(n)]
  9: evalfbb3in->evalfbb4in, E: max{0, E, max{B, 1+B}} [O(n)]
  9: evalfbb3in->evalfbb4in, F: inf [Infinity]
  10: evalfbb4in->evalfbb2in, A: B [O(n)]
  10: evalfbb4in->evalfbb2in, B: B [O(n)]
  10: evalfbb4in->evalfbb2in, C: B [O(n)]
  10: evalfbb4in->evalfbb2in, D: B [O(n)]
  10: evalfbb4in->evalfbb2in, E: max{0, E, max{B, 1+B}} [O(n)]
  10: evalfbb4in->evalfbb2in, F: inf [Infinity]
  11: evalfbb4in->evalfbb2in, A: B [O(n)]
  11: evalfbb4in->evalfbb2in, B: B [O(n)]
  11: evalfbb4in->evalfbb2in, C: B [O(n)]
  11: evalfbb4in->evalfbb2in, D: B [O(n)]
  11: evalfbb4in->evalfbb2in, E: max{0, E, max{B, 1+B}} [O(n)]
  11: evalfbb4in->evalfbb2in, F: inf [Infinity]
  12: evalfbb4in->evalfbb5in, A: B [O(n)]
  12: evalfbb4in->evalfbb5in, B: B [O(n)]
  12: evalfbb4in->evalfbb5in, C: B [O(n)]
  12: evalfbb4in->evalfbb5in, D: B [O(n)]
  12: evalfbb4in->evalfbb5in, E: max{0, E, max{B, 1+B}} [O(n)]
  12: evalfbb4in->evalfbb5in, F: inf [Infinity]
  14: evalfbb5in->evalfbb6in, A: B [O(n)]
  14: evalfbb5in->evalfbb6in, B: B [O(n)]
  14: evalfbb5in->evalfbb6in, C: max{0, B, max{B, B, 1+B}} [O(n)]
  14: evalfbb5in->evalfbb6in, D: -1+B [O(n)]
  14: evalfbb5in->evalfbb6in, E: max{0, B, 1+B} [O(n)]
  14: evalfbb5in->evalfbb6in, F: inf [Infinity]
  15: evalfbb6in->evalfbb7in, A: B [O(n)]
  15: evalfbb6in->evalfbb7in, B: B [O(n)]
  15: evalfbb6in->evalfbb7in, C: max{0, B, 1+B} [O(n)]
  15: evalfbb6in->evalfbb7in, D: B [O(n)]
  15: evalfbb6in->evalfbb7in, E: max{0, B, 1+B} [O(n)]
  15: evalfbb6in->evalfbb7in, F: inf [Infinity]
  2: evalfbb7in->evalfbbin, A: B [O(n)]
  2: evalfbb7in->evalfbbin, B: B [O(n)]
  2: evalfbb7in->evalfbbin, C: max{0, B, 1+B} [O(n)]
  2: evalfbb7in->evalfbbin, D: max{D, B} [O(n)]
  2: evalfbb7in->evalfbbin, E: max{0, E, max{B, 1+B}} [O(n)]
  2: evalfbb7in->evalfbbin, F: inf [Infinity]
  3: evalfbb7in->evalfreturnin, A: -1 [O(1)]
  3: evalfbb7in->evalfreturnin, B: B [O(n)]
  3: evalfbb7in->evalfreturnin, C: max{0, B, 1+B} [O(n)]
  3: evalfbb7in->evalfreturnin, D: max{D, B} [O(n)]
  3: evalfbb7in->evalfreturnin, E: max{0, E, max{B, 1+B}} [O(n)]
  3: evalfbb7in->evalfreturnin, F: inf [Infinity]
  4: evalfbb7in->evalfreturnin, A: B [O(n)]
  4: evalfbb7in->evalfreturnin, B: B [O(n)]
  4: evalfbb7in->evalfreturnin, C: -1 [O(1)]
  4: evalfbb7in->evalfreturnin, D: max{D, B} [O(n)]
  4: evalfbb7in->evalfreturnin, E: max{0, E, max{B, 1+B}} [O(n)]
  4: evalfbb7in->evalfreturnin, F: inf [Infinity]
  5: evalfbbin->evalfbb3in, A: B [O(n)]
  5: evalfbbin->evalfbb3in, B: B [O(n)]
  5: evalfbbin->evalfbb3in, C: max{0, B, 1+B} [O(n)]
  5: evalfbbin->evalfbb3in, D: max{0, B, 1+B} [O(n)]
  5: evalfbbin->evalfbb3in, E: max{0, E, max{B, 1+B}} [O(n)]
  5: evalfbbin->evalfbb3in, F: inf [Infinity]
  6: evalfbbin->evalfbb3in, A: B [O(n)]
  6: evalfbbin->evalfbb3in, B: B [O(n)]
  6: evalfbbin->evalfbb3in, C: max{0, B, 1+B} [O(n)]
  6: evalfbbin->evalfbb3in, D: max{0, B, 1+B} [O(n)]
  6: evalfbbin->evalfbb3in, E: max{0, E, max{B, 1+B}} [O(n)]
  6: evalfbbin->evalfbb3in, F: inf [Infinity]
  7: evalfbbin->evalfbb6in, A: B [O(n)]
  7: evalfbbin->evalfbb6in, B: B [O(n)]
  7: evalfbbin->evalfbb6in, C: max{0, B, 1+B} [O(n)]
  7: evalfbbin->evalfbb6in, D: B [O(n)]
  7: evalfbbin->evalfbb6in, E: max{0, B, 1+B} [O(n)]
  7: evalfbbin->evalfbb6in, F: inf [Infinity]
  1: evalfentryin->evalfbb7in, A: B [O(n)]
  1: evalfentryin->evalfbb7in, B: B [O(n)]
  1: evalfentryin->evalfbb7in, C: 0 [O(1)]
  1: evalfentryin->evalfbb7in, D: D [O(n)]
  1: evalfentryin->evalfbb7in, E: E [O(n)]
  1: evalfentryin->evalfbb7in, F: inf [Infinity]
  16: evalfreturnin->evalfstop, A: max{-1, B} [O(n)]
  16: evalfreturnin->evalfstop, B: B [O(n)]
  16: evalfreturnin->evalfstop, C: max{-1, 0, max{B, 1+B}} [O(n)]
  16: evalfreturnin->evalfstop, D: max{D, B} [O(n)]
  16: evalfreturnin->evalfstop, E: max{0, E, max{B, 1+B}} [O(n)]
  16: evalfreturnin->evalfstop, F: inf [Infinity]
  0: evalfstart->evalfentryin, A: A [O(n)]
  0: evalfstart->evalfentryin, B: B [O(n)]
  0: evalfstart->evalfentryin, C: C [O(n)]
  0: evalfstart->evalfentryin, D: D [O(n)]
  0: evalfstart->evalfentryin, E: E [O(n)]
  0: evalfstart->evalfentryin, F: inf [Infinity]
