Timebounds: 
  Overall timebound: 4+2*max{0, 2*6*B*B*B}+max{0, 6*B}+max{0, 6*2*B*B}+max{0, 1+B}+max{0, 4*B}+max{0, B}+max{0, 6*2*B*B}+max{0, B}+max{0, 2*6*B} [O(n^3)]
  10: evalfbb1in->evalfbb2in: 2*max{0, 2*6*B*B*B} [O(n^3)]
  5: evalfbb2in->evalfbb4in: max{0, 4*B} [O(n)]
  6: evalfbb2in->evalfbb3in: max{0, 2*6*B} [O(n)]
  7: evalfbb3in->evalfbb1in: max{0, 6*2*B*B} [O(n^2)]
  8: evalfbb3in->evalfbb1in: max{0, 6*2*B*B} [O(n^2)]
  9: evalfbb3in->evalfbb4in: max{0, B} [O(n)]
  11: evalfbb4in->evalfbb5in: max{0, B} [O(n)]
  2: evalfbb5in->evalfbbin: max{0, 1+B} [O(n)]
  3: evalfbb5in->evalfreturnin: 1 [O(1)]
  4: evalfbbin->evalfbb2in: max{0, 6*B} [O(n)]
  1: evalfentryin->evalfbb5in: 1 [O(1)]
  12: evalfreturnin->evalfstop: 1 [O(1)]
  0: evalfstart->evalfentryin: 1 [O(1)]

Costbounds:
  Overall costbound: 4+2*max{0, 2*6*B*B*B}+max{0, 6*B}+max{0, 6*2*B*B}+max{0, 1+B}+max{0, 4*B}+max{0, B}+max{0, 6*2*B*B}+max{0, B}+max{0, 2*6*B} [O(n^3)]
  10: evalfbb1in->evalfbb2in: 2*max{0, 2*6*B*B*B} [O(n^3)]
  5: evalfbb2in->evalfbb4in: max{0, 4*B} [O(n)]
  6: evalfbb2in->evalfbb3in: max{0, 2*6*B} [O(n)]
  7: evalfbb3in->evalfbb1in: max{0, 6*2*B*B} [O(n^2)]
  8: evalfbb3in->evalfbb1in: max{0, 6*2*B*B} [O(n^2)]
  9: evalfbb3in->evalfbb4in: max{0, B} [O(n)]
  11: evalfbb4in->evalfbb5in: max{0, B} [O(n)]
  2: evalfbb5in->evalfbbin: max{0, 1+B} [O(n)]
  3: evalfbb5in->evalfreturnin: 1 [O(1)]
  4: evalfbbin->evalfbb2in: max{0, 6*B} [O(n)]
  1: evalfentryin->evalfbb5in: 1 [O(1)]
  12: evalfreturnin->evalfstop: 1 [O(1)]
  0: evalfstart->evalfentryin: 1 [O(1)]

Sizebounds:
`Lower:
  10: evalfbb1in->evalfbb2in, A: -inf [Infinity]
  10: evalfbb1in->evalfbb2in, B: B [O(n)]
  10: evalfbb1in->evalfbb2in, C: 1 [O(1)]
  10: evalfbb1in->evalfbb2in, D: -inf [Infinity]
  10: evalfbb1in->evalfbb2in, E: -inf [Infinity]
  5: evalfbb2in->evalfbb4in, A: -inf [Infinity]
  5: evalfbb2in->evalfbb4in, B: B [O(n)]
  5: evalfbb2in->evalfbb4in, C: 1 [O(1)]
  5: evalfbb2in->evalfbb4in, D: -inf [Infinity]
  5: evalfbb2in->evalfbb4in, E: -inf [Infinity]
  6: evalfbb2in->evalfbb3in, A: -inf [Infinity]
  6: evalfbb2in->evalfbb3in, B: B [O(n)]
  6: evalfbb2in->evalfbb3in, C: 1 [O(1)]
  6: evalfbb2in->evalfbb3in, D: -inf [Infinity]
  6: evalfbb2in->evalfbb3in, E: -inf [Infinity]
  7: evalfbb3in->evalfbb1in, A: -inf [Infinity]
  7: evalfbb3in->evalfbb1in, B: B [O(n)]
  7: evalfbb3in->evalfbb1in, C: 1 [O(1)]
  7: evalfbb3in->evalfbb1in, D: -inf [Infinity]
  7: evalfbb3in->evalfbb1in, E: -inf [Infinity]
  8: evalfbb3in->evalfbb1in, A: -inf [Infinity]
  8: evalfbb3in->evalfbb1in, B: B [O(n)]
  8: evalfbb3in->evalfbb1in, C: 1 [O(1)]
  8: evalfbb3in->evalfbb1in, D: -inf [Infinity]
  8: evalfbb3in->evalfbb1in, E: -inf [Infinity]
  9: evalfbb3in->evalfbb4in, A: -inf [Infinity]
  9: evalfbb3in->evalfbb4in, B: B [O(n)]
  9: evalfbb3in->evalfbb4in, C: 1 [O(1)]
  9: evalfbb3in->evalfbb4in, D: -inf [Infinity]
  9: evalfbb3in->evalfbb4in, E: -inf [Infinity]
  11: evalfbb4in->evalfbb5in, A: -inf [Infinity]
  11: evalfbb4in->evalfbb5in, B: B [O(n)]
  11: evalfbb4in->evalfbb5in, C: 1 [O(1)]
  11: evalfbb4in->evalfbb5in, D: -inf [Infinity]
  11: evalfbb4in->evalfbb5in, E: -inf [Infinity]
  2: evalfbb5in->evalfbbin, A: -inf [Infinity]
  2: evalfbb5in->evalfbbin, B: B [O(n)]
  2: evalfbb5in->evalfbbin, C: -max{-1, -C} [O(n)]
  2: evalfbb5in->evalfbbin, D: -inf [Infinity]
  2: evalfbb5in->evalfbbin, E: -inf [Infinity]
  3: evalfbb5in->evalfreturnin, A: -inf [Infinity]
  3: evalfbb5in->evalfreturnin, B: B [O(n)]
  3: evalfbb5in->evalfreturnin, C: -max{-1, -C} [O(n)]
  3: evalfbb5in->evalfreturnin, D: -inf [Infinity]
  3: evalfbb5in->evalfreturnin, E: -inf [Infinity]
  4: evalfbbin->evalfbb2in, A: -inf [Infinity]
  4: evalfbbin->evalfbb2in, B: B [O(n)]
  4: evalfbbin->evalfbb2in, C: 1 [O(1)]
  4: evalfbbin->evalfbb2in, D: -inf [Infinity]
  4: evalfbbin->evalfbb2in, E: -inf [Infinity]
  1: evalfentryin->evalfbb5in, A: B [O(n)]
  1: evalfentryin->evalfbb5in, B: B [O(n)]
  1: evalfentryin->evalfbb5in, C: C [O(n)]
  1: evalfentryin->evalfbb5in, D: D [O(n)]
  1: evalfentryin->evalfbb5in, E: -inf [Infinity]
  12: evalfreturnin->evalfstop, A: -inf [Infinity]
  12: evalfreturnin->evalfstop, B: B [O(n)]
  12: evalfreturnin->evalfstop, C: -max{-1, -C} [O(n)]
  12: evalfreturnin->evalfstop, D: -inf [Infinity]
  12: evalfreturnin->evalfstop, E: -inf [Infinity]
  0: evalfstart->evalfentryin, A: A [O(n)]
  0: evalfstart->evalfentryin, B: B [O(n)]
  0: evalfstart->evalfentryin, C: C [O(n)]
  0: evalfstart->evalfentryin, D: D [O(n)]
  0: evalfstart->evalfentryin, E: -inf [Infinity]
`Upper:
  10: evalfbb1in->evalfbb2in, A: max{B, -2+B}+max{0, 6*B*B} [O(n^2)]
  10: evalfbb1in->evalfbb2in, B: B [O(n)]
  10: evalfbb1in->evalfbb2in, C: -1+B [O(n)]
  10: evalfbb1in->evalfbb2in, D: max{B, -2+B}+max{0, 6*B*B} [O(n^2)]
  10: evalfbb1in->evalfbb2in, E: inf [Infinity]
  5: evalfbb2in->evalfbb4in, A: max{B, -2+B}+max{0, 6*B*B} [O(n^2)]
  5: evalfbb2in->evalfbb4in, B: B [O(n)]
  5: evalfbb2in->evalfbb4in, C: -1+B [O(n)]
  5: evalfbb2in->evalfbb4in, D: -2+B [O(n)]
  5: evalfbb2in->evalfbb4in, E: inf [Infinity]
  6: evalfbb2in->evalfbb3in, A: max{B, -2+B}+max{0, 6*B*B} [O(n^2)]
  6: evalfbb2in->evalfbb3in, B: B [O(n)]
  6: evalfbb2in->evalfbb3in, C: -1+B [O(n)]
  6: evalfbb2in->evalfbb3in, D: max{B, -2+B}+max{0, 6*B*B} [O(n^2)]
  6: evalfbb2in->evalfbb3in, E: inf [Infinity]
  7: evalfbb3in->evalfbb1in, A: max{B, -2+B}+max{0, 6*B*B} [O(n^2)]
  7: evalfbb3in->evalfbb1in, B: B [O(n)]
  7: evalfbb3in->evalfbb1in, C: -1+B [O(n)]
  7: evalfbb3in->evalfbb1in, D: max{B, -2+B}+max{0, 6*B*B} [O(n^2)]
  7: evalfbb3in->evalfbb1in, E: inf [Infinity]
  8: evalfbb3in->evalfbb1in, A: max{B, -2+B}+max{0, 6*B*B} [O(n^2)]
  8: evalfbb3in->evalfbb1in, B: B [O(n)]
  8: evalfbb3in->evalfbb1in, C: -1+B [O(n)]
  8: evalfbb3in->evalfbb1in, D: max{B, -2+B}+max{0, 6*B*B} [O(n^2)]
  8: evalfbb3in->evalfbb1in, E: inf [Infinity]
  9: evalfbb3in->evalfbb4in, A: max{B, -2+B}+max{0, 6*B*B} [O(n^2)]
  9: evalfbb3in->evalfbb4in, B: B [O(n)]
  9: evalfbb3in->evalfbb4in, C: -1+B [O(n)]
  9: evalfbb3in->evalfbb4in, D: max{B, -2+B}+max{0, 6*B*B} [O(n^2)]
  9: evalfbb3in->evalfbb4in, E: inf [Infinity]
  11: evalfbb4in->evalfbb5in, A: max{B, -2+B}+max{0, 6*B*B} [O(n^2)]
  11: evalfbb4in->evalfbb5in, B: B [O(n)]
  11: evalfbb4in->evalfbb5in, C: -1+B [O(n)]
  11: evalfbb4in->evalfbb5in, D: max{max{B, -2+B}+max{0, 6*B*B}, -2+B} [O(n^2)]
  11: evalfbb4in->evalfbb5in, E: inf [Infinity]
  2: evalfbb5in->evalfbbin, A: max{B, -2+B}+max{0, 6*B*B} [O(n^2)]
  2: evalfbb5in->evalfbbin, B: B [O(n)]
  2: evalfbb5in->evalfbbin, C: max{C, -1+B} [O(n)]
  2: evalfbb5in->evalfbbin, D: max{D, max{B, -2+B}+max{0, 6*B*B}, -2+B} [O(n^2)]
  2: evalfbb5in->evalfbbin, E: inf [Infinity]
  3: evalfbb5in->evalfreturnin, A: max{B, max{B, -2+B}+max{0, 6*B*B}} [O(n^2)]
  3: evalfbb5in->evalfreturnin, B: 1 [O(1)]
  3: evalfbb5in->evalfreturnin, C: max{C, -1+B} [O(n)]
  3: evalfbb5in->evalfreturnin, D: max{D, max{B, -2+B}+max{0, 6*B*B}, -2+B} [O(n^2)]
  3: evalfbb5in->evalfreturnin, E: inf [Infinity]
  4: evalfbbin->evalfbb2in, A: max{B, -2+B}+max{0, 6*B*B} [O(n^2)]
  4: evalfbbin->evalfbb2in, B: B [O(n)]
  4: evalfbbin->evalfbb2in, C: -1+B [O(n)]
  4: evalfbbin->evalfbb2in, D: max{B, -2+B}+max{0, 6*B*B} [O(n^2)]
  4: evalfbbin->evalfbb2in, E: inf [Infinity]
  1: evalfentryin->evalfbb5in, A: B [O(n)]
  1: evalfentryin->evalfbb5in, B: B [O(n)]
  1: evalfentryin->evalfbb5in, C: C [O(n)]
  1: evalfentryin->evalfbb5in, D: D [O(n)]
  1: evalfentryin->evalfbb5in, E: inf [Infinity]
  12: evalfreturnin->evalfstop, A: max{B, max{B, -2+B}+max{0, 6*B*B}} [O(n^2)]
  12: evalfreturnin->evalfstop, B: 1 [O(1)]
  12: evalfreturnin->evalfstop, C: max{C, -1+B} [O(n)]
  12: evalfreturnin->evalfstop, D: max{D, max{B, -2+B}+max{0, 6*B*B}, -2+B} [O(n^2)]
  12: evalfreturnin->evalfstop, E: inf [Infinity]
  0: evalfstart->evalfentryin, A: A [O(n)]
  0: evalfstart->evalfentryin, B: B [O(n)]
  0: evalfstart->evalfentryin, C: C [O(n)]
  0: evalfstart->evalfentryin, D: D [O(n)]
  0: evalfstart->evalfentryin, E: inf [Infinity]
