Timebounds: 
  Overall timebound: 4+2*max{0, 2*7*B*B*B}+2*max{0, 3*2*7*B*B*B}+2*max{0, 2*7*B*B*B}+max{0, B}+max{0, 7*2*B*B}+max{0, 1+B}+max{0, B}+max{0, B}+max{0, 7*2*B*B}+max{0, B}+max{0, 2*7*B} [O(n^3)]
  10: evalfbb1in->evalfbb3in: 2*max{0, 2*7*B*B*B} [O(n^3)]
  11: evalfbb3in->evalfbb5in: 2*max{0, 3*2*7*B*B*B} [O(n^3)]
  17: evalfbb5in->evalfbb6in: 2*max{0, 2*7*B*B*B} [O(n^3)]
  5: evalfbb6in->evalfbb8in: max{0, B} [O(n)]
  6: evalfbb6in->evalfbb7in: max{0, 2*7*B} [O(n)]
  7: evalfbb7in->evalfbb1in: max{0, 7*2*B*B} [O(n^2)]
  8: evalfbb7in->evalfbb1in: max{0, 7*2*B*B} [O(n^2)]
  9: evalfbb7in->evalfbb8in: max{0, B} [O(n)]
  18: evalfbb8in->evalfbb9in: max{0, B} [O(n)]
  2: evalfbb9in->evalfbbin: max{0, 1+B} [O(n)]
  3: evalfbb9in->evalfreturnin: 1 [O(1)]
  4: evalfbbin->evalfbb6in: max{0, B} [O(n)]
  1: evalfentryin->evalfbb9in: 1 [O(1)]
  19: evalfreturnin->evalfstop: 1 [O(1)]
  0: evalfstart->evalfentryin: 1 [O(1)]

Costbounds:
  Overall costbound: 4+2*max{0, 2*7*B*B*B}+2*max{0, 3*2*7*B*B*B}+2*max{0, 2*7*B*B*B}+max{0, B}+max{0, 7*2*B*B}+max{0, 1+B}+max{0, B}+max{0, B}+max{0, 7*2*B*B}+max{0, B}+max{0, 2*7*B} [O(n^3)]
  10: evalfbb1in->evalfbb3in: 2*max{0, 2*7*B*B*B} [O(n^3)]
  11: evalfbb3in->evalfbb5in: 2*max{0, 3*2*7*B*B*B} [O(n^3)]
  17: evalfbb5in->evalfbb6in: 2*max{0, 2*7*B*B*B} [O(n^3)]
  5: evalfbb6in->evalfbb8in: max{0, B} [O(n)]
  6: evalfbb6in->evalfbb7in: max{0, 2*7*B} [O(n)]
  7: evalfbb7in->evalfbb1in: max{0, 7*2*B*B} [O(n^2)]
  8: evalfbb7in->evalfbb1in: max{0, 7*2*B*B} [O(n^2)]
  9: evalfbb7in->evalfbb8in: max{0, B} [O(n)]
  18: evalfbb8in->evalfbb9in: max{0, B} [O(n)]
  2: evalfbb9in->evalfbbin: max{0, 1+B} [O(n)]
  3: evalfbb9in->evalfreturnin: 1 [O(1)]
  4: evalfbbin->evalfbb6in: max{0, B} [O(n)]
  1: evalfentryin->evalfbb9in: 1 [O(1)]
  19: evalfreturnin->evalfstop: 1 [O(1)]
  0: evalfstart->evalfentryin: 1 [O(1)]

Sizebounds:
`Lower:
  10: evalfbb1in->evalfbb3in, A: -inf [Infinity]
  10: evalfbb1in->evalfbb3in, B: B [O(n)]
  10: evalfbb1in->evalfbb3in, C: 1 [O(1)]
  10: evalfbb1in->evalfbb3in, D: -inf [Infinity]
  10: evalfbb1in->evalfbb3in, E: 1 [O(1)]
  10: evalfbb1in->evalfbb3in, F: -inf [Infinity]
  10: evalfbb1in->evalfbb3in, G: -inf [Infinity]
  11: evalfbb3in->evalfbb5in, A: -inf [Infinity]
  11: evalfbb3in->evalfbb5in, B: B [O(n)]
  11: evalfbb3in->evalfbb5in, C: 1 [O(1)]
  11: evalfbb3in->evalfbb5in, D: -inf [Infinity]
  11: evalfbb3in->evalfbb5in, E: 1 [O(1)]
  11: evalfbb3in->evalfbb5in, F: -inf [Infinity]
  11: evalfbb3in->evalfbb5in, G: -inf [Infinity]
  17: evalfbb5in->evalfbb6in, A: -inf [Infinity]
  17: evalfbb5in->evalfbb6in, B: B [O(n)]
  17: evalfbb5in->evalfbb6in, C: 1 [O(1)]
  17: evalfbb5in->evalfbb6in, D: -inf [Infinity]
  17: evalfbb5in->evalfbb6in, E: 1 [O(1)]
  17: evalfbb5in->evalfbb6in, F: -inf [Infinity]
  17: evalfbb5in->evalfbb6in, G: -inf [Infinity]
  5: evalfbb6in->evalfbb8in, A: -inf [Infinity]
  5: evalfbb6in->evalfbb8in, B: B [O(n)]
  5: evalfbb6in->evalfbb8in, C: 1 [O(1)]
  5: evalfbb6in->evalfbb8in, D: -inf [Infinity]
  5: evalfbb6in->evalfbb8in, E: -max{-1, -E} [O(n)]
  5: evalfbb6in->evalfbb8in, F: -inf [Infinity]
  5: evalfbb6in->evalfbb8in, G: -inf [Infinity]
  6: evalfbb6in->evalfbb7in, A: -inf [Infinity]
  6: evalfbb6in->evalfbb7in, B: B [O(n)]
  6: evalfbb6in->evalfbb7in, C: 1 [O(1)]
  6: evalfbb6in->evalfbb7in, D: -inf [Infinity]
  6: evalfbb6in->evalfbb7in, E: -max{-1, -E} [O(n)]
  6: evalfbb6in->evalfbb7in, F: -inf [Infinity]
  6: evalfbb6in->evalfbb7in, G: -inf [Infinity]
  7: evalfbb7in->evalfbb1in, A: -inf [Infinity]
  7: evalfbb7in->evalfbb1in, B: B [O(n)]
  7: evalfbb7in->evalfbb1in, C: 1 [O(1)]
  7: evalfbb7in->evalfbb1in, D: -inf [Infinity]
  7: evalfbb7in->evalfbb1in, E: -max{-1, -E} [O(n)]
  7: evalfbb7in->evalfbb1in, F: -inf [Infinity]
  7: evalfbb7in->evalfbb1in, G: -inf [Infinity]
  8: evalfbb7in->evalfbb1in, A: -inf [Infinity]
  8: evalfbb7in->evalfbb1in, B: B [O(n)]
  8: evalfbb7in->evalfbb1in, C: 1 [O(1)]
  8: evalfbb7in->evalfbb1in, D: -inf [Infinity]
  8: evalfbb7in->evalfbb1in, E: -max{-1, -E} [O(n)]
  8: evalfbb7in->evalfbb1in, F: -inf [Infinity]
  8: evalfbb7in->evalfbb1in, G: -inf [Infinity]
  9: evalfbb7in->evalfbb8in, A: -inf [Infinity]
  9: evalfbb7in->evalfbb8in, B: B [O(n)]
  9: evalfbb7in->evalfbb8in, C: 1 [O(1)]
  9: evalfbb7in->evalfbb8in, D: -inf [Infinity]
  9: evalfbb7in->evalfbb8in, E: -max{-1, -E} [O(n)]
  9: evalfbb7in->evalfbb8in, F: -inf [Infinity]
  9: evalfbb7in->evalfbb8in, G: -inf [Infinity]
  18: evalfbb8in->evalfbb9in, A: -inf [Infinity]
  18: evalfbb8in->evalfbb9in, B: B [O(n)]
  18: evalfbb8in->evalfbb9in, C: 1 [O(1)]
  18: evalfbb8in->evalfbb9in, D: -inf [Infinity]
  18: evalfbb8in->evalfbb9in, E: -max{-1, -E} [O(n)]
  18: evalfbb8in->evalfbb9in, F: -inf [Infinity]
  18: evalfbb8in->evalfbb9in, G: -inf [Infinity]
  2: evalfbb9in->evalfbbin, A: -inf [Infinity]
  2: evalfbb9in->evalfbbin, B: B [O(n)]
  2: evalfbb9in->evalfbbin, C: -max{-1, -C} [O(n)]
  2: evalfbb9in->evalfbbin, D: -inf [Infinity]
  2: evalfbb9in->evalfbbin, E: -max{-1, -E} [O(n)]
  2: evalfbb9in->evalfbbin, F: -inf [Infinity]
  2: evalfbb9in->evalfbbin, G: -inf [Infinity]
  3: evalfbb9in->evalfreturnin, A: -inf [Infinity]
  3: evalfbb9in->evalfreturnin, B: B [O(n)]
  3: evalfbb9in->evalfreturnin, C: -max{-1, -C} [O(n)]
  3: evalfbb9in->evalfreturnin, D: -inf [Infinity]
  3: evalfbb9in->evalfreturnin, E: -max{-1, -E} [O(n)]
  3: evalfbb9in->evalfreturnin, F: -inf [Infinity]
  3: evalfbb9in->evalfreturnin, G: -inf [Infinity]
  4: evalfbbin->evalfbb6in, A: -inf [Infinity]
  4: evalfbbin->evalfbb6in, B: B [O(n)]
  4: evalfbbin->evalfbb6in, C: 1 [O(1)]
  4: evalfbbin->evalfbb6in, D: -inf [Infinity]
  4: evalfbbin->evalfbb6in, E: -max{-1, -E} [O(n)]
  4: evalfbbin->evalfbb6in, F: -inf [Infinity]
  4: evalfbbin->evalfbb6in, G: -inf [Infinity]
  1: evalfentryin->evalfbb9in, A: B [O(n)]
  1: evalfentryin->evalfbb9in, B: B [O(n)]
  1: evalfentryin->evalfbb9in, C: C [O(n)]
  1: evalfentryin->evalfbb9in, D: D [O(n)]
  1: evalfentryin->evalfbb9in, E: E [O(n)]
  1: evalfentryin->evalfbb9in, F: F [O(n)]
  1: evalfentryin->evalfbb9in, G: -inf [Infinity]
  19: evalfreturnin->evalfstop, A: -inf [Infinity]
  19: evalfreturnin->evalfstop, B: B [O(n)]
  19: evalfreturnin->evalfstop, C: -max{-1, -C} [O(n)]
  19: evalfreturnin->evalfstop, D: -inf [Infinity]
  19: evalfreturnin->evalfstop, E: -max{-1, -E} [O(n)]
  19: evalfreturnin->evalfstop, F: -inf [Infinity]
  19: evalfreturnin->evalfstop, G: -inf [Infinity]
  0: evalfstart->evalfentryin, A: A [O(n)]
  0: evalfstart->evalfentryin, B: B [O(n)]
  0: evalfstart->evalfentryin, C: C [O(n)]
  0: evalfstart->evalfentryin, D: D [O(n)]
  0: evalfstart->evalfentryin, E: E [O(n)]
  0: evalfstart->evalfentryin, F: F [O(n)]
  0: evalfstart->evalfentryin, G: -inf [Infinity]
`Upper:
  10: evalfbb1in->evalfbb3in, A: max{B, -1+B}+max{0, B*B} [O(n^2)]
  10: evalfbb1in->evalfbb3in, B: B [O(n)]
  10: evalfbb1in->evalfbb3in, C: -1+B [O(n)]
  10: evalfbb1in->evalfbb3in, D: max{B, -1+B}+max{0, B*B} [O(n^2)]
  10: evalfbb1in->evalfbb3in, E: -1+B [O(n)]
  10: evalfbb1in->evalfbb3in, F: -1+max{B, -1+B}+max{0, B*B} [O(n^2)]
  10: evalfbb1in->evalfbb3in, G: inf [Infinity]
  11: evalfbb3in->evalfbb5in, A: max{B, -1+B}+max{0, B*B} [O(n^2)]
  11: evalfbb3in->evalfbb5in, B: B [O(n)]
  11: evalfbb3in->evalfbb5in, C: -1+B [O(n)]
  11: evalfbb3in->evalfbb5in, D: max{B, -1+B}+max{0, B*B} [O(n^2)]
  11: evalfbb3in->evalfbb5in, E: -1+B [O(n)]
  11: evalfbb3in->evalfbb5in, F: -1+max{B, -1+B}+max{0, B*B} [O(n^2)]
  11: evalfbb3in->evalfbb5in, G: inf [Infinity]
  17: evalfbb5in->evalfbb6in, A: max{B, -1+B}+max{0, B*B} [O(n^2)]
  17: evalfbb5in->evalfbb6in, B: B [O(n)]
  17: evalfbb5in->evalfbb6in, C: -1+B [O(n)]
  17: evalfbb5in->evalfbb6in, D: max{B, -1+B}+max{0, B*B} [O(n^2)]
  17: evalfbb5in->evalfbb6in, E: -1+B [O(n)]
  17: evalfbb5in->evalfbb6in, F: -1+max{B, -1+B}+max{0, B*B} [O(n^2)]
  17: evalfbb5in->evalfbb6in, G: inf [Infinity]
  5: evalfbb6in->evalfbb8in, A: max{B, -1+B}+max{0, B*B} [O(n^2)]
  5: evalfbb6in->evalfbb8in, B: B [O(n)]
  5: evalfbb6in->evalfbb8in, C: -1+B [O(n)]
  5: evalfbb6in->evalfbb8in, D: -1+B [O(n)]
  5: evalfbb6in->evalfbb8in, E: max{E, -1+B} [O(n)]
  5: evalfbb6in->evalfbb8in, F: max{F, -1+max{B, -1+B}+max{0, B*B}} [O(n^2)]
  5: evalfbb6in->evalfbb8in, G: inf [Infinity]
  6: evalfbb6in->evalfbb7in, A: max{B, -1+B}+max{0, B*B} [O(n^2)]
  6: evalfbb6in->evalfbb7in, B: B [O(n)]
  6: evalfbb6in->evalfbb7in, C: -1+B [O(n)]
  6: evalfbb6in->evalfbb7in, D: max{B, -1+B}+max{0, B*B} [O(n^2)]
  6: evalfbb6in->evalfbb7in, E: max{E, -1+B} [O(n)]
  6: evalfbb6in->evalfbb7in, F: max{F, -1+max{B, -1+B}+max{0, B*B}} [O(n^2)]
  6: evalfbb6in->evalfbb7in, G: inf [Infinity]
  7: evalfbb7in->evalfbb1in, A: max{B, -1+B}+max{0, B*B} [O(n^2)]
  7: evalfbb7in->evalfbb1in, B: B [O(n)]
  7: evalfbb7in->evalfbb1in, C: -1+B [O(n)]
  7: evalfbb7in->evalfbb1in, D: max{B, -1+B}+max{0, B*B} [O(n^2)]
  7: evalfbb7in->evalfbb1in, E: max{E, -1+B} [O(n)]
  7: evalfbb7in->evalfbb1in, F: max{F, -1+max{B, -1+B}+max{0, B*B}} [O(n^2)]
  7: evalfbb7in->evalfbb1in, G: inf [Infinity]
  8: evalfbb7in->evalfbb1in, A: max{B, -1+B}+max{0, B*B} [O(n^2)]
  8: evalfbb7in->evalfbb1in, B: B [O(n)]
  8: evalfbb7in->evalfbb1in, C: -1+B [O(n)]
  8: evalfbb7in->evalfbb1in, D: max{B, -1+B}+max{0, B*B} [O(n^2)]
  8: evalfbb7in->evalfbb1in, E: max{E, -1+B} [O(n)]
  8: evalfbb7in->evalfbb1in, F: max{F, -1+max{B, -1+B}+max{0, B*B}} [O(n^2)]
  8: evalfbb7in->evalfbb1in, G: inf [Infinity]
  9: evalfbb7in->evalfbb8in, A: max{B, -1+B}+max{0, B*B} [O(n^2)]
  9: evalfbb7in->evalfbb8in, B: B [O(n)]
  9: evalfbb7in->evalfbb8in, C: -1+B [O(n)]
  9: evalfbb7in->evalfbb8in, D: max{B, -1+B}+max{0, B*B} [O(n^2)]
  9: evalfbb7in->evalfbb8in, E: max{E, -1+B} [O(n)]
  9: evalfbb7in->evalfbb8in, F: max{F, -1+max{B, -1+B}+max{0, B*B}} [O(n^2)]
  9: evalfbb7in->evalfbb8in, G: inf [Infinity]
  18: evalfbb8in->evalfbb9in, A: max{B, -1+B}+max{0, B*B} [O(n^2)]
  18: evalfbb8in->evalfbb9in, B: B [O(n)]
  18: evalfbb8in->evalfbb9in, C: -1+B [O(n)]
  18: evalfbb8in->evalfbb9in, D: max{max{B, -1+B}+max{0, B*B}, -1+B} [O(n^2)]
  18: evalfbb8in->evalfbb9in, E: max{E, -1+B} [O(n)]
  18: evalfbb8in->evalfbb9in, F: max{F, -1+max{B, -1+B}+max{0, B*B}} [O(n^2)]
  18: evalfbb8in->evalfbb9in, G: inf [Infinity]
  2: evalfbb9in->evalfbbin, A: max{B, -1+B}+max{0, B*B} [O(n^2)]
  2: evalfbb9in->evalfbbin, B: B [O(n)]
  2: evalfbb9in->evalfbbin, C: max{C, -1+B} [O(n)]
  2: evalfbb9in->evalfbbin, D: max{D, max{B, -1+B}+max{0, B*B}, -1+B} [O(n^2)]
  2: evalfbb9in->evalfbbin, E: max{E, -1+B} [O(n)]
  2: evalfbb9in->evalfbbin, F: max{F, -1+max{B, -1+B}+max{0, B*B}} [O(n^2)]
  2: evalfbb9in->evalfbbin, G: inf [Infinity]
  3: evalfbb9in->evalfreturnin, A: max{B, max{B, -1+B}+max{0, B*B}} [O(n^2)]
  3: evalfbb9in->evalfreturnin, B: 1 [O(1)]
  3: evalfbb9in->evalfreturnin, C: max{C, -1+B} [O(n)]
  3: evalfbb9in->evalfreturnin, D: max{D, max{B, -1+B}+max{0, B*B}, -1+B} [O(n^2)]
  3: evalfbb9in->evalfreturnin, E: max{E, E, -1+B} [O(n)]
  3: evalfbb9in->evalfreturnin, F: max{F, F, -1+max{B, -1+B}+max{0, B*B}} [O(n^2)]
  3: evalfbb9in->evalfreturnin, G: inf [Infinity]
  4: evalfbbin->evalfbb6in, A: max{B, -1+B}+max{0, B*B} [O(n^2)]
  4: evalfbbin->evalfbb6in, B: B [O(n)]
  4: evalfbbin->evalfbb6in, C: -1+B [O(n)]
  4: evalfbbin->evalfbb6in, D: max{B, -1+B}+max{0, B*B} [O(n^2)]
  4: evalfbbin->evalfbb6in, E: max{E, -1+B} [O(n)]
  4: evalfbbin->evalfbb6in, F: max{F, -1+max{B, -1+B}+max{0, B*B}} [O(n^2)]
  4: evalfbbin->evalfbb6in, G: inf [Infinity]
  1: evalfentryin->evalfbb9in, A: B [O(n)]
  1: evalfentryin->evalfbb9in, B: B [O(n)]
  1: evalfentryin->evalfbb9in, C: C [O(n)]
  1: evalfentryin->evalfbb9in, D: D [O(n)]
  1: evalfentryin->evalfbb9in, E: E [O(n)]
  1: evalfentryin->evalfbb9in, F: F [O(n)]
  1: evalfentryin->evalfbb9in, G: inf [Infinity]
  19: evalfreturnin->evalfstop, A: max{B, max{B, -1+B}+max{0, B*B}} [O(n^2)]
  19: evalfreturnin->evalfstop, B: 1 [O(1)]
  19: evalfreturnin->evalfstop, C: max{C, -1+B} [O(n)]
  19: evalfreturnin->evalfstop, D: max{D, max{B, -1+B}+max{0, B*B}, -1+B} [O(n^2)]
  19: evalfreturnin->evalfstop, E: max{E, E, -1+B} [O(n)]
  19: evalfreturnin->evalfstop, F: max{F, F, -1+max{B, -1+B}+max{0, B*B}} [O(n^2)]
  19: evalfreturnin->evalfstop, G: inf [Infinity]
  0: evalfstart->evalfentryin, A: A [O(n)]
  0: evalfstart->evalfentryin, B: B [O(n)]
  0: evalfstart->evalfentryin, C: C [O(n)]
  0: evalfstart->evalfentryin, D: D [O(n)]
  0: evalfstart->evalfentryin, E: E [O(n)]
  0: evalfstart->evalfentryin, F: F [O(n)]
  0: evalfstart->evalfentryin, G: inf [Infinity]
