Timebounds: 
  Overall timebound: max{0, A}+max{2, 2+A}+max{1, 2^(A)} [O(2^n)]
  0: f->g: 1 [O(1)]
  1: g->g1: max{0, A} [O(n)]
  3: g->h: 1 [O(1)]
  2: g1->g: max{0, A} [O(n)]
  4: h->h: max{1, 2^(A)} [O(2^n)]

Costbounds:
  Overall costbound: max{0, A}+max{2, 2+A}+max{1, 2^(A)} [O(2^n)]
  0: f->g: 1 [O(1)]
  1: g->g1: max{0, A} [O(n)]
  3: g->h: 1 [O(1)]
  2: g1->g: max{0, A} [O(n)]
  4: h->h: max{1, 2^(A)} [O(2^n)]

Sizebounds:
`Lower:
  0: f->g, A: A [O(n)]
  0: f->g, B: 1 [O(1)]
  0: f->g, C: 0 [O(1)]
  1: g->g1, A: -max{0, -A} [O(n)]
  1: g->g1, B: 0 [O(1)]
  1: g->g1, C: 1 [O(1)]
  3: g->h, A: -max{0, -A} [O(n)]
  3: g->h, B: 1 [O(1)]
  3: g->h, C: 0 [O(1)]
  2: g1->g, A: -max{0, -A} [O(n)]
  2: g1->g, B: 0 [O(1)]
  2: g1->g, C: 1 [O(1)]
  4: h->h, B: 0 [O(1)]
  4: h->h, C: 0 [O(1)]
`Upper:
  0: f->g, A: A [O(n)]
  0: f->g, B: 1 [O(1)]
  0: f->g, C: 0 [O(1)]
  1: g->g1, A: max{0, A} [O(n)]
  1: g->g1, B: max{1, 2^(A)} [O(2^n)]
  1: g->g1, C: max{1, 2^(A)} [O(2^n)]
  3: g->h, A: 0 [O(1)]
  3: g->h, B: max{1, 2^(A)} [O(2^n)]
  3: g->h, C: max{0, -1+2^(A)} [O(2^n)]
  2: g1->g, A: max{0, A} [O(n)]
  2: g1->g, B: max{1, 2^(A)} [O(2^n)]
  2: g1->g, C: max{1, 2^(A)} [O(2^n)]
  4: h->h, A: 0 [O(1)]
  4: h->h, B: max{1, 2^(A)} [O(2^n)]
  4: h->h, C: max{0, -1+2^(A)} [O(2^n)]
