Timebounds: 
  Overall timebound: max{1, 2^(A)}+max{2, 2+A} [O(2^n)]
  0: f->g: 1 [O(1)]
  1: g->g: max{0, A} [O(n)]
  2: g->h: 1 [O(1)]
  3: h->h: max{1, 2^(A)} [O(2^n)]

Costbounds:
  Overall costbound: max{1, 2^(A)}+max{2, 2+A} [O(2^n)]
  0: f->g: 1 [O(1)]
  1: g->g: max{0, A} [O(n)]
  2: g->h: 1 [O(1)]
  3: h->h: max{1, 2^(A)} [O(2^n)]

Sizebounds:
`Lower:
  0: f->g, A: A [O(n)]
  0: f->g, B: 1 [O(1)]
  1: g->g, A: -max{0, -A} [O(n)]
  1: g->g, B: 0 [O(1)]
  2: g->h, A: -max{0, -A} [O(n)]
  2: g->h, B: 1 [O(1)]
  3: h->h, B: 0 [O(1)]
`Upper:
  0: f->g, A: A [O(n)]
  0: f->g, B: 1 [O(1)]
  1: g->g, A: max{0, A} [O(n)]
  1: g->g, B: max{1, 2^(A)} [O(2^n)]
  2: g->h, A: 0 [O(1)]
  2: g->h, B: max{1, 2^(A)} [O(2^n)]
  3: h->h, A: 0 [O(1)]
  3: h->h, B: max{1, 2^(A)} [O(2^n)]
