Timebounds: 
  Overall timebound: max{1, 2^(C)}+max{2, 2+C} [O(2^n)]
  0: f->g: 1 [O(1)]
  1: g->g: max{0, C} [O(n)]
  2: g->h: 1 [O(1)]
  3: h->h: max{1, 2^(C)} [O(2^n)]

Costbounds:
  Overall costbound: max{1, 2^(C)}+max{2, 2+C} [O(2^n)]
  0: f->g: 1 [O(1)]
  1: g->g: max{0, C} [O(n)]
  2: g->h: 1 [O(1)]
  3: h->h: max{1, 2^(C)} [O(2^n)]

Sizebounds:
`Lower:
  0: f->g, A: 1 [O(1)]
  0: f->g, B: 1 [O(1)]
  0: f->g, C: C [O(n)]
  1: g->g, A: 0 [O(1)]
  1: g->g, B: 0 [O(1)]
  1: g->g, C: C [O(n)]
  2: g->h, A: 1 [O(1)]
  2: g->h, B: 1 [O(1)]
  2: g->h, C: C [O(n)]
  3: h->h, A: 1 [O(1)]
  3: h->h, B: 1 [O(1)]
  3: h->h, C: -inf [Infinity]
`Upper:
  0: f->g, A: 1 [O(1)]
  0: f->g, B: 1 [O(1)]
  0: f->g, C: C [O(n)]
  1: g->g, A: max{1, 2^(C)} [O(2^n)]
  1: g->g, B: max{1, 2^(C)} [O(2^n)]
  1: g->g, C: C [O(n)]
  2: g->h, A: max{1, 2^(C)} [O(2^n)]
  2: g->h, B: max{1, 2^(C)} [O(2^n)]
  2: g->h, C: 0 [O(1)]
  3: h->h, A: max{1, 2^(C)} [O(2^n)]
  3: h->h, B: max{1, 2^(C)} [O(2^n)]
  3: h->h, C: 0 [O(1)]
