Timebounds: 
  Overall timebound: max{0, max{0, (max{0, B*B}+max{0, B})*max{0, max{0, B*B}+max{0, B}}+max{0, max{0, B*B}+max{0, B}}}+max{0, B*((max{0, B*B}+max{0, B})*max{0, max{0, B*B}+max{0, B}}+max{0, max{0, B*B}+max{0, B}})}}+max{0, B}+max{0, B}+max{2, 3+B}+max{0, B*B} [O(n^5)]
  0: l0->l1: 1 [O(1)]
  1: l1->l2: max{0, 1+B} [O(n)]
  4: l1->l3: 1 [O(1)]
  2: l2->l2: max{0, B*B}+max{0, B} [O(n^2)]
  3: l2->l1: max{0, B} [O(n)]
  5: l3->l3: max{0, max{0, (max{0, B*B}+max{0, B})*max{0, max{0, B*B}+max{0, B}}+max{0, max{0, B*B}+max{0, B}}}+max{0, B*((max{0, B*B}+max{0, B})*max{0, max{0, B*B}+max{0, B}}+max{0, max{0, B*B}+max{0, B}})}} [O(n^5)]

Costbounds:
  Overall costbound: max{0, max{0, (max{0, B*B}+max{0, B})*max{0, max{0, B*B}+max{0, B}}+max{0, max{0, B*B}+max{0, B}}}+max{0, B*((max{0, B*B}+max{0, B})*max{0, max{0, B*B}+max{0, B}}+max{0, max{0, B*B}+max{0, B}})}}+max{0, B}+max{0, B}+max{2, 3+B}+max{0, B*B} [O(n^5)]
  0: l0->l1: 1 [O(1)]
  1: l1->l2: max{0, 1+B} [O(n)]
  4: l1->l3: 1 [O(1)]
  2: l2->l2: max{0, B*B}+max{0, B} [O(n^2)]
  3: l2->l1: max{0, B} [O(n)]
  5: l3->l3: max{0, max{0, (max{0, B*B}+max{0, B})*max{0, max{0, B*B}+max{0, B}}+max{0, max{0, B*B}+max{0, B}}}+max{0, B*((max{0, B*B}+max{0, B})*max{0, max{0, B*B}+max{0, B}}+max{0, max{0, B*B}+max{0, B}})}} [O(n^5)]

Sizebounds:
`Lower:
  0: l0->l1, A: 0 [O(1)]
  0: l0->l1, B: B [O(n)]
  0: l0->l1, C: C [O(n)]
  0: l0->l1, D: D [O(n)]
  1: l1->l2, A: 0 [O(1)]
  1: l1->l2, B: 1 [O(1)]
  1: l1->l2, C: 0 [O(1)]
  1: l1->l2, D: 0 [O(1)]
  4: l1->l3, A: 0 [O(1)]
  4: l1->l3, B: -max{0, -B} [O(n)]
  4: l1->l3, C: -max{-1, -C} [O(n)]
  4: l1->l3, D: -max{0, -D} [O(n)]
  2: l2->l2, A: 0 [O(1)]
  2: l2->l2, B: 1 [O(1)]
  2: l2->l2, C: 1 [O(1)]
  2: l2->l2, D: 0 [O(1)]
  3: l2->l1, A: 0 [O(1)]
  3: l2->l1, B: 0 [O(1)]
  3: l2->l1, C: 1 [O(1)]
  3: l2->l1, D: 0 [O(1)]
  5: l3->l3, A: 0 [O(1)]
  5: l3->l3, B: -max{0, -B} [O(n)]
  5: l3->l3, C: -max{-1, -C} [O(n)]
  5: l3->l3, D: -max{0, -D} [O(n)]
`Upper:
  0: l0->l1, A: 0 [O(1)]
  0: l0->l1, B: B [O(n)]
  0: l0->l1, C: C [O(n)]
  0: l0->l1, D: D [O(n)]
  1: l1->l2, A: max{0, (max{0, B*B}+max{0, B})*max{0, max{0, B*B}+max{0, B}}+max{0, max{0, B*B}+max{0, B}}}+max{0, B*((max{0, B*B}+max{0, B})*max{0, max{0, B*B}+max{0, B}}+max{0, max{0, B*B}+max{0, B}})} [O(n^5)]
  1: l1->l2, B: B [O(n)]
  1: l1->l2, C: 0 [O(1)]
  1: l1->l2, D: 0 [O(1)]
  4: l1->l3, A: max{0, max{0, (max{0, B*B}+max{0, B})*max{0, max{0, B*B}+max{0, B}}+max{0, max{0, B*B}+max{0, B}}}+max{0, B*((max{0, B*B}+max{0, B})*max{0, max{0, B*B}+max{0, B}}+max{0, max{0, B*B}+max{0, B}})}} [O(n^5)]
  4: l1->l3, B: 0 [O(1)]
  4: l1->l3, C: max{C, max{0, B*B}+max{0, B}} [O(n^2)]
  4: l1->l3, D: max{D, (max{0, B*B}+max{0, B})*max{0, max{0, B*B}+max{0, B}}+max{0, max{0, B*B}+max{0, B}}} [O(n^4)]
  2: l2->l2, A: max{0, (max{0, B*B}+max{0, B})*max{0, max{0, B*B}+max{0, B}}+max{0, max{0, B*B}+max{0, B}}}+max{0, B*((max{0, B*B}+max{0, B})*max{0, max{0, B*B}+max{0, B}}+max{0, max{0, B*B}+max{0, B}})} [O(n^5)]
  2: l2->l2, B: B [O(n)]
  2: l2->l2, C: max{0, B*B}+max{0, B} [O(n^2)]
  2: l2->l2, D: (max{0, B*B}+max{0, B})*max{0, max{0, B*B}+max{0, B}}+max{0, max{0, B*B}+max{0, B}} [O(n^4)]
  3: l2->l1, A: max{0, (max{0, B*B}+max{0, B})*max{0, max{0, B*B}+max{0, B}}+max{0, max{0, B*B}+max{0, B}}}+max{0, B*((max{0, B*B}+max{0, B})*max{0, max{0, B*B}+max{0, B}}+max{0, max{0, B*B}+max{0, B}})} [O(n^5)]
  3: l2->l1, B: B [O(n)]
  3: l2->l1, C: max{0, B*B}+max{0, B} [O(n^2)]
  3: l2->l1, D: (max{0, B*B}+max{0, B})*max{0, max{0, B*B}+max{0, B}}+max{0, max{0, B*B}+max{0, B}} [O(n^4)]
  5: l3->l3, A: max{0, max{0, (max{0, B*B}+max{0, B})*max{0, max{0, B*B}+max{0, B}}+max{0, max{0, B*B}+max{0, B}}}+max{0, B*((max{0, B*B}+max{0, B})*max{0, max{0, B*B}+max{0, B}}+max{0, max{0, B*B}+max{0, B}})}} [O(n^5)]
  5: l3->l3, B: 0 [O(1)]
  5: l3->l3, C: max{C, max{0, B*B}+max{0, B}} [O(n^2)]
  5: l3->l3, D: max{D, (max{0, B*B}+max{0, B})*max{0, max{0, B*B}+max{0, B}}+max{0, max{0, B*B}+max{0, B}}} [O(n^4)]
