Timebounds: 
  Overall timebound: max{0, A, max{1, 2^(B)}*max{0, A}}+max{2, 2+B} [O(2^n)]
  0: f->g: 1 [O(1)]
  1: g->g: max{0, B} [O(n)]
  2: g->h: 1 [O(1)]
  3: h->h: max{0, A, max{1, 2^(B)}*max{0, A}} [O(2^n)]

Costbounds:
  Overall costbound: max{0, A, max{1, 2^(B)}*max{0, A}}+max{2, 2+B} [O(2^n)]
  0: f->g: 1 [O(1)]
  1: g->g: max{0, B} [O(n)]
  2: g->h: 1 [O(1)]
  3: h->h: max{0, A, max{1, 2^(B)}*max{0, A}} [O(2^n)]

Sizebounds:
`Lower:
  0: f->g, A: A [O(n)]
  0: f->g, B: B [O(n)]
  1: g->g, A: -max{1, 2^(B)}*max{0, -A} [O(2^n)]
  1: g->g, B: -max{0, -B} [O(n)]
  2: g->h, A: -max{-A, max{1, 2^(B)}*max{0, -A}} [O(2^n)]
  2: g->h, B: -max{0, -B} [O(n)]
  3: h->h, A: -max{0, -A, max{1, 2^(B)}*max{0, -A}} [O(2^n)]
`Upper:
  0: f->g, A: A [O(n)]
  0: f->g, B: B [O(n)]
  1: g->g, A: max{1, 2^(B)}*max{0, A} [O(2^n)]
  1: g->g, B: max{0, B} [O(n)]
  2: g->h, A: max{A, max{1, 2^(B)}*max{0, A}} [O(2^n)]
  2: g->h, B: 0 [O(1)]
  3: h->h, A: max{0, A, max{1, 2^(B)}*max{0, A}} [O(2^n)]
  3: h->h, B: 0 [O(1)]
