Timebounds: 
  Overall timebound: 7+2*(max{0, E-C}+max{0, -1+E-C})+max{0, -1+E-C}+max{0, E-C}+max{0, -1+E-C}+max{0, E-C} [O(n)]
  8: lbl101->stop: 1 [O(1)]
  10: lbl101->lbl91: max{0, E-C}+max{0, -1+E-C} [O(n)]
  11: lbl101->lbl101: max{0, E-C}+max{0, -1+E-C} [O(n)]
  4: lbl91->stop: 1 [O(1)]
  6: lbl91->lbl91: max{0, -1+E-C}+max{0, E-C} [O(n)]
  7: lbl91->lbl101: max{0, -1+E-C}+max{0, E-C} [O(n)]
  0: start->stop: 1 [O(1)]
  1: start->stop: 1 [O(1)]
  2: start->lbl91: 1 [O(1)]
  3: start->lbl101: 1 [O(1)]
  12: start0->start: 1 [O(1)]

Costbounds:
  Overall costbound: 7+2*(max{0, E-C}+max{0, -1+E-C})+max{0, -1+E-C}+max{0, E-C}+max{0, -1+E-C}+max{0, E-C} [O(n)]
  8: lbl101->stop: 1 [O(1)]
  10: lbl101->lbl91: max{0, E-C}+max{0, -1+E-C} [O(n)]
  11: lbl101->lbl101: max{0, E-C}+max{0, -1+E-C} [O(n)]
  4: lbl91->stop: 1 [O(1)]
  6: lbl91->lbl91: max{0, -1+E-C}+max{0, E-C} [O(n)]
  7: lbl91->lbl101: max{0, -1+E-C}+max{0, E-C} [O(n)]
  0: start->stop: 1 [O(1)]
  1: start->stop: 1 [O(1)]
  2: start->lbl91: 1 [O(1)]
  3: start->lbl101: 1 [O(1)]
  12: start0->start: 1 [O(1)]

Sizebounds:
`Lower:
  8: lbl101->stop, A: 0 [O(1)]
  8: lbl101->stop, B: -inf [Infinity]
  8: lbl101->stop, C: -inf [Infinity]
  8: lbl101->stop, D: -inf [Infinity]
  8: lbl101->stop, E: -inf [Infinity]
  8: lbl101->stop, F: 0 [O(1)]
  10: lbl101->lbl91, A: 0 [O(1)]
  10: lbl101->lbl91, B: -inf [Infinity]
  10: lbl101->lbl91, C: -inf [Infinity]
  10: lbl101->lbl91, D: -max{-C, 1+A-C}+-max{0, -1+E-C}-max{0, E-C} [O(n)]
  10: lbl101->lbl91, E: C [O(n)]
  10: lbl101->lbl91, F: 0 [O(1)]
  11: lbl101->lbl101, A: 0 [O(1)]
  11: lbl101->lbl101, B: -inf [Infinity]
  11: lbl101->lbl101, C: -inf [Infinity]
  11: lbl101->lbl101, D: -max{-C, 1+A-C}+-max{0, -1+E-C}-max{0, E-C} [O(n)]
  11: lbl101->lbl101, E: C [O(n)]
  11: lbl101->lbl101, F: 0 [O(1)]
  4: lbl91->stop, A: 0 [O(1)]
  4: lbl91->stop, B: -inf [Infinity]
  4: lbl91->stop, C: -inf [Infinity]
  4: lbl91->stop, D: -max{max{0, -1+E-C}+max{0, E-C}+max{-C, 1+A-C}, 1+A-C, max{0, -1+E-C}+max{0, E-C}+max{-C, 1+A-C}} [O(n)]
  4: lbl91->stop, E: -inf [Infinity]
  4: lbl91->stop, F: 0 [O(1)]
  6: lbl91->lbl91, A: 0 [O(1)]
  6: lbl91->lbl91, B: -inf [Infinity]
  6: lbl91->lbl91, C: -inf [Infinity]
  6: lbl91->lbl91, D: -max{-C, 1+A-C}+-max{0, -1+E-C}-max{0, E-C} [O(n)]
  6: lbl91->lbl91, E: C [O(n)]
  6: lbl91->lbl91, F: 0 [O(1)]
  7: lbl91->lbl101, A: 0 [O(1)]
  7: lbl91->lbl101, B: -inf [Infinity]
  7: lbl91->lbl101, C: -inf [Infinity]
  7: lbl91->lbl101, D: -max{-C, 1+A-C}+-max{0, -1+E-C}-max{0, E-C} [O(n)]
  7: lbl91->lbl101, E: C [O(n)]
  7: lbl91->lbl101, F: 0 [O(1)]
  0: start->stop, A: A [O(n)]
  0: start->stop, B: C [O(n)]
  0: start->stop, C: C [O(n)]
  0: start->stop, D: E [O(n)]
  0: start->stop, E: E [O(n)]
  0: start->stop, F: A [O(n)]
  1: start->stop, A: 0 [O(1)]
  1: start->stop, B: C [O(n)]
  1: start->stop, C: C [O(n)]
  1: start->stop, D: E [O(n)]
  1: start->stop, E: E [O(n)]
  1: start->stop, F: 0 [O(1)]
  2: start->lbl91, A: 0 [O(1)]
  2: start->lbl91, B: C [O(n)]
  2: start->lbl91, C: C [O(n)]
  2: start->lbl91, D: -1+C-A [O(n)]
  2: start->lbl91, E: C [O(n)]
  2: start->lbl91, F: 0 [O(1)]
  3: start->lbl101, A: 0 [O(1)]
  3: start->lbl101, B: 1+C [O(n)]
  3: start->lbl101, C: C [O(n)]
  3: start->lbl101, D: C [O(n)]
  3: start->lbl101, E: C [O(n)]
  3: start->lbl101, F: 0 [O(1)]
  12: start0->start, A: A [O(n)]
  12: start0->start, B: C [O(n)]
  12: start0->start, C: C [O(n)]
  12: start0->start, D: E [O(n)]
  12: start0->start, E: E [O(n)]
  12: start0->start, F: A [O(n)]
`Upper:
  8: lbl101->stop, A: A [O(n)]
  8: lbl101->stop, B: max{E, (max{0, E-C}+max{0, -1+E-C})*max{1, 1+A}+max{A, A, max{E, 1+A+C}}, 1+A+C} [O(n^2)]
  8: lbl101->stop, C: max{-1+(max{0, E-C}+max{0, -1+E-C})*max{1, 1+A}+max{A, A, max{E, 1+A+C}}, A+C, -1+E} [O(n^2)]
  8: lbl101->stop, D: max{-1+(max{0, E-C}+max{0, -1+E-C})*max{1, 1+A}+max{A, A, max{E, 1+A+C}}, A+C, -1+E} [O(n^2)]
  8: lbl101->stop, E: E [O(n)]
  8: lbl101->stop, F: A [O(n)]
  10: lbl101->lbl91, A: A [O(n)]
  10: lbl101->lbl91, B: max{E, (max{0, E-C}+max{0, -1+E-C})*max{1, 1+A}+max{A, A, max{E, 1+A+C}}, 1+A+C} [O(n^2)]
  10: lbl101->lbl91, C: max{-1+(max{0, E-C}+max{0, -1+E-C})*max{1, 1+A}+max{A, A, max{E, 1+A+C}}, A+C, -1+E} [O(n^2)]
  10: lbl101->lbl91, D: max{E, -1+E} [O(n)]
  10: lbl101->lbl91, E: E [O(n)]
  10: lbl101->lbl91, F: A [O(n)]
  11: lbl101->lbl101, A: A [O(n)]
  11: lbl101->lbl101, B: (max{0, E-C}+max{0, -1+E-C})*max{1, 1+A}+max{A, A, max{E, 1+A+C}} [O(n^2)]
  11: lbl101->lbl101, C: max{-1+(max{0, E-C}+max{0, -1+E-C})*max{1, 1+A}+max{A, A, max{E, 1+A+C}}, A+C, -1+E} [O(n^2)]
  11: lbl101->lbl101, D: max{E, -1+E} [O(n)]
  11: lbl101->lbl101, E: E [O(n)]
  11: lbl101->lbl101, F: A [O(n)]
  4: lbl91->stop, A: A [O(n)]
  4: lbl91->stop, B: max{E, E, max{C, C, max{(max{0, E-C}+max{0, -1+E-C})*max{1, 1+A}+max{A, A, max{E, 1+A+C}}, (max{0, E-C}+max{0, -1+E-C})*max{1, 1+A}+max{A, A, max{E, 1+A+C}}, 1+A+C}}} [O(n^2)]
  4: lbl91->stop, C: max{E, E, max{C, C, max{(max{0, E-C}+max{0, -1+E-C})*max{1, 1+A}+max{A, A, max{E, 1+A+C}}, (max{0, E-C}+max{0, -1+E-C})*max{1, 1+A}+max{A, A, max{E, 1+A+C}}, 1+A+C}}} [O(n^2)]
  4: lbl91->stop, D: max{-1+max{E, (max{0, E-C}+max{0, -1+E-C})*max{1, 1+A}+max{A, A, max{E, 1+A+C}}, 1+A+C}, -1+C, -1+max{E, C, max{(max{0, E-C}+max{0, -1+E-C})*max{1, 1+A}+max{A, A, max{E, 1+A+C}}, 1+A+C}}} [O(n^2)]
  4: lbl91->stop, E: E [O(n)]
  4: lbl91->stop, F: A [O(n)]
  6: lbl91->lbl91, A: A [O(n)]
  6: lbl91->lbl91, B: max{E, C, max{(max{0, E-C}+max{0, -1+E-C})*max{1, 1+A}+max{A, A, max{E, 1+A+C}}, 1+A+C}} [O(n^2)]
  6: lbl91->lbl91, C: max{E, E, max{C, C, max{(max{0, E-C}+max{0, -1+E-C})*max{1, 1+A}+max{A, A, max{E, 1+A+C}}, (max{0, E-C}+max{0, -1+E-C})*max{1, 1+A}+max{A, A, max{E, 1+A+C}}, 1+A+C}}} [O(n^2)]
  6: lbl91->lbl91, D: max{E, -1+E} [O(n)]
  6: lbl91->lbl91, E: E [O(n)]
  6: lbl91->lbl91, F: A [O(n)]
  7: lbl91->lbl101, A: A [O(n)]
  7: lbl91->lbl101, B: E [O(n)]
  7: lbl91->lbl101, C: max{E, E, max{C, C, max{(max{0, E-C}+max{0, -1+E-C})*max{1, 1+A}+max{A, A, max{E, 1+A+C}}, (max{0, E-C}+max{0, -1+E-C})*max{1, 1+A}+max{A, A, max{E, 1+A+C}}, 1+A+C}}} [O(n^2)]
  7: lbl91->lbl101, D: max{E, -1+E} [O(n)]
  7: lbl91->lbl101, E: E [O(n)]
  7: lbl91->lbl101, F: A [O(n)]
  0: start->stop, A: -1 [O(1)]
  0: start->stop, B: C [O(n)]
  0: start->stop, C: C [O(n)]
  0: start->stop, D: E [O(n)]
  0: start->stop, E: E [O(n)]
  0: start->stop, F: -1 [O(1)]
  1: start->stop, A: A [O(n)]
  1: start->stop, B: C [O(n)]
  1: start->stop, C: C [O(n)]
  1: start->stop, D: -1+C [O(n)]
  1: start->stop, E: -1+C [O(n)]
  1: start->stop, F: A [O(n)]
  2: start->lbl91, A: A [O(n)]
  2: start->lbl91, B: C [O(n)]
  2: start->lbl91, C: C [O(n)]
  2: start->lbl91, D: -1+E [O(n)]
  2: start->lbl91, E: E [O(n)]
  2: start->lbl91, F: A [O(n)]
  3: start->lbl101, A: A [O(n)]
  3: start->lbl101, B: 1+A+C [O(n)]
  3: start->lbl101, C: C [O(n)]
  3: start->lbl101, D: E [O(n)]
  3: start->lbl101, E: E [O(n)]
  3: start->lbl101, F: A [O(n)]
  12: start0->start, A: A [O(n)]
  12: start0->start, B: C [O(n)]
  12: start0->start, C: C [O(n)]
  12: start0->start, D: E [O(n)]
  12: start0->start, E: E [O(n)]
  12: start0->start, F: A [O(n)]
