Timebounds: 
  Overall timebound: 4+2*2*max{0, A} [O(n)]
  4: a->b: max{0, A} [O(n)]
  5: b->start: max{0, A} [O(n)]
  6: b->stop3: 1 [O(1)]
  2: cont1->stop2: 1 [O(1)]
  3: cont1->a: max{0, A} [O(n)]
  0: start->stop1: 1 [O(1)]
  1: start->cont1: max{0, A} [O(n)]
  7: start0->start: 1 [O(1)]

Costbounds:
  Overall costbound: 4+2*2*max{0, A} [O(n)]
  4: a->b: max{0, A} [O(n)]
  5: b->start: max{0, A} [O(n)]
  6: b->stop3: 1 [O(1)]
  2: cont1->stop2: 1 [O(1)]
  3: cont1->a: max{0, A} [O(n)]
  0: start->stop1: 1 [O(1)]
  1: start->cont1: max{0, A} [O(n)]
  7: start0->start: 1 [O(1)]

Sizebounds:
`Lower:
  4: a->b, A: 0 [O(1)]
  4: a->b, B: 0 [O(1)]
  4: a->b, D: 0 [O(1)]
  5: b->start, A: 0 [O(1)]
  5: b->start, B: 0 [O(1)]
  5: b->start, D: 0 [O(1)]
  6: b->stop3, A: 1 [O(1)]
  6: b->stop3, B: 0 [O(1)]
  6: b->stop3, D: 0 [O(1)]
  2: cont1->stop2, A: 1 [O(1)]
  2: cont1->stop2, B: 0 [O(1)]
  2: cont1->stop2, C: 1 [O(1)]
  2: cont1->stop2, D: 0 [O(1)]
  3: cont1->a, A: 0 [O(1)]
  3: cont1->a, B: 0 [O(1)]
  3: cont1->a, D: 1 [O(1)]
  0: start->stop1, A: 0 [O(1)]
  0: start->stop1, B: 0 [O(1)]
  0: start->stop1, C: 0 [O(1)]
  0: start->stop1, D: 0 [O(1)]
  1: start->cont1, A: 0 [O(1)]
  1: start->cont1, B: 0 [O(1)]
  1: start->cont1, D: 1 [O(1)]
  7: start0->start, A: 0 [O(1)]
  7: start0->start, B: 0 [O(1)]
  7: start0->start, C: 0 [O(1)]
  7: start0->start, D: 0 [O(1)]
`Upper:
  4: a->b, A: max{0, A} [O(n)]
  4: a->b, B: max{0, B} [O(n)]
  4: a->b, D: max{-1, -1+A} [O(n)]
  5: b->start, A: max{0, A} [O(n)]
  5: b->start, B: max{0, B} [O(n)]
  5: b->start, D: max{-1, -1+A} [O(n)]
  6: b->stop3, A: max{0, A} [O(n)]
  6: b->stop3, B: max{0, B} [O(n)]
  6: b->stop3, C: -1 [O(1)]
  6: b->stop3, D: max{-1, -1+A} [O(n)]
  2: cont1->stop2, A: max{0, A} [O(n)]
  2: cont1->stop2, B: max{0, B} [O(n)]
  2: cont1->stop2, C: 1 [O(1)]
  2: cont1->stop2, D: max{-1, -1+A} [O(n)]
  3: cont1->a, A: max{0, A} [O(n)]
  3: cont1->a, B: max{0, B} [O(n)]
  3: cont1->a, D: max{0, A} [O(n)]
  0: start->stop1, A: max{0, A} [O(n)]
  0: start->stop1, B: max{0, B} [O(n)]
  0: start->stop1, D: 0 [O(1)]
  1: start->cont1, A: max{0, A} [O(n)]
  1: start->cont1, B: max{0, B} [O(n)]
  1: start->cont1, D: max{0, A} [O(n)]
  7: start0->start, A: A [O(n)]
  7: start0->start, B: B [O(n)]
  7: start0->start, C: B [O(n)]
  7: start0->start, D: A [O(n)]
