Timebounds: 
  Overall timebound: 4+2*max{0, A}+max{0, A*A}+max{0, -1+A} [O(n^2)]
  5: cut->lbl71: max{0, A} [O(n)]
  2: lbl71->lbl71: max{0, A*A}+max{0, -1+A} [O(n^2)]
  3: lbl71->cut: max{0, A} [O(n)]
  4: lbl71->stop: 1 [O(1)]
  0: start->lbl71: 1 [O(1)]
  1: start->stop: 1 [O(1)]
  8: start0->start: 1 [O(1)]

Costbounds:
  Overall costbound: 4+2*max{0, A}+max{0, A*A}+max{0, -1+A} [O(n^2)]
  5: cut->lbl71: max{0, A} [O(n)]
  2: lbl71->lbl71: max{0, A*A}+max{0, -1+A} [O(n^2)]
  3: lbl71->cut: max{0, A} [O(n)]
  4: lbl71->stop: 1 [O(1)]
  0: start->lbl71: 1 [O(1)]
  1: start->stop: 1 [O(1)]
  8: start0->start: 1 [O(1)]

Sizebounds:
`Lower:
  5: cut->lbl71, A: 0 [O(1)]
  5: cut->lbl71, B: 3 [O(1)]
  5: cut->lbl71, C: 1 [O(1)]
  5: cut->lbl71, D: -max{0, -D} [O(n)]
  5: cut->lbl71, E: 1 [O(1)]
  5: cut->lbl71, F: -max{0, -F} [O(n)]
  2: lbl71->lbl71, A: 0 [O(1)]
  2: lbl71->lbl71, B: 3 [O(1)]
  2: lbl71->lbl71, C: 2 [O(1)]
  2: lbl71->lbl71, D: -max{0, -D} [O(n)]
  2: lbl71->lbl71, E: 0 [O(1)]
  2: lbl71->lbl71, F: -max{0, -F} [O(n)]
  3: lbl71->cut, A: 0 [O(1)]
  3: lbl71->cut, B: 3 [O(1)]
  3: lbl71->cut, C: 2 [O(1)]
  3: lbl71->cut, D: -max{0, -D} [O(n)]
  3: lbl71->cut, E: 1 [O(1)]
  3: lbl71->cut, F: -max{0, -F} [O(n)]
  4: lbl71->stop, A: 2 [O(1)]
  4: lbl71->stop, B: 2 [O(1)]
  4: lbl71->stop, C: 1 [O(1)]
  4: lbl71->stop, D: -max{0, -D} [O(n)]
  4: lbl71->stop, E: 1 [O(1)]
  4: lbl71->stop, F: -max{0, -F} [O(n)]
  0: start->lbl71, A: 2 [O(1)]
  0: start->lbl71, B: 2 [O(1)]
  0: start->lbl71, C: 1 [O(1)]
  0: start->lbl71, D: D [O(n)]
  0: start->lbl71, E: 0 [O(1)]
  0: start->lbl71, F: F [O(n)]
  1: start->stop, A: A [O(n)]
  1: start->stop, B: A [O(n)]
  1: start->stop, C: 0 [O(1)]
  1: start->stop, D: D [O(n)]
  1: start->stop, E: 1 [O(1)]
  1: start->stop, F: F [O(n)]
  8: start0->start, A: A [O(n)]
  8: start0->start, B: A [O(n)]
  8: start0->start, C: D [O(n)]
  8: start0->start, D: D [O(n)]
  8: start0->start, E: F [O(n)]
  8: start0->start, F: F [O(n)]
`Upper:
  5: cut->lbl71, A: max{0, A} [O(n)]
  5: cut->lbl71, B: max{0, A} [O(n)]
  5: cut->lbl71, C: 1 [O(1)]
  5: cut->lbl71, D: max{0, D} [O(n)]
  5: cut->lbl71, E: max{-2, -2+A} [O(n)]
  5: cut->lbl71, F: max{0, F} [O(n)]
  2: lbl71->lbl71, A: max{0, A} [O(n)]
  2: lbl71->lbl71, B: max{0, A} [O(n)]
  2: lbl71->lbl71, C: max{-1, -1+A} [O(n)]
  2: lbl71->lbl71, D: max{0, D} [O(n)]
  2: lbl71->lbl71, E: max{-2, -2+A} [O(n)]
  2: lbl71->lbl71, F: max{0, F} [O(n)]
  3: lbl71->cut, A: max{0, A} [O(n)]
  3: lbl71->cut, B: max{0, A} [O(n)]
  3: lbl71->cut, C: max{-1, -1+A} [O(n)]
  3: lbl71->cut, D: max{0, D} [O(n)]
  3: lbl71->cut, E: max{-2, -2+A} [O(n)]
  3: lbl71->cut, F: max{0, F} [O(n)]
  4: lbl71->stop, A: max{0, A} [O(n)]
  4: lbl71->stop, B: max{0, A} [O(n)]
  4: lbl71->stop, C: max{-1, -1+A} [O(n)]
  4: lbl71->stop, D: max{0, D} [O(n)]
  4: lbl71->stop, E: max{-1, -1+A} [O(n)]
  4: lbl71->stop, F: max{0, F} [O(n)]
  0: start->lbl71, A: A [O(n)]
  0: start->lbl71, B: A [O(n)]
  0: start->lbl71, C: 1 [O(1)]
  0: start->lbl71, D: D [O(n)]
  0: start->lbl71, E: 0 [O(1)]
  0: start->lbl71, F: F [O(n)]
  1: start->stop, A: 1 [O(1)]
  1: start->stop, B: 1 [O(1)]
  1: start->stop, C: 0 [O(1)]
  1: start->stop, D: D [O(n)]
  1: start->stop, E: 1 [O(1)]
  1: start->stop, F: F [O(n)]
  8: start0->start, A: A [O(n)]
  8: start0->start, B: A [O(n)]
  8: start0->start, C: D [O(n)]
  8: start0->start, D: D [O(n)]
  8: start0->start, E: F [O(n)]
  8: start0->start, F: F [O(n)]
