Timebounds: 
  Overall timebound: 6+max{20, 47-A}+max{0, 16-A}+max{8, 23-A}+max{0, 28-A}+max{20, 47-A}+max{0, 201+2*-A+max{-5*A, -5*29}}+max{0, 190+max{-5*7, -5*29}}+max{0, 176+2*-A+max{-5*A, -5*29}}+max{0, 165+max{-5*7, -5*29}}+max{0, 196+2*-A+max{-5*A, -5*29}}+max{0, 185+max{-5*7, -5*29}}+max{0, 198+-C-A+max{-5*A, -5*29}}+max{0, 178+-C-A+max{-5*A, -5*29}}+max{0, 203+-C-A+max{-5*A, -5*29}}+max{0, 28-A} [O(n)]
  8: lbl151->lbl171: max{0, 190+max{-5*7, -5*29}}+max{0, 203+-C-A+max{-5*A, -5*29}}+max{0, 201+2*-A+max{-5*A, -5*29}} [O(n)]
  9: lbl151->lbl151: max{0, 185+max{-5*7, -5*29}}+max{0, 198+-C-A+max{-5*A, -5*29}}+max{0, 196+2*-A+max{-5*A, -5*29}} [O(n)]
  10: lbl151->lbl151: max{0, 165+max{-5*7, -5*29}}+max{0, 178+-C-A+max{-5*A, -5*29}}+max{0, 176+2*-A+max{-5*A, -5*29}} [O(n)]
  4: lbl171->stop: 1 [O(1)]
  5: lbl171->lbl171: max{20, 47-A}+max{0, 28-A} [O(n)]
  6: lbl171->lbl151: max{20, 47-A}+max{0, 28-A} [O(n)]
  7: lbl171->lbl151: max{8, 23-A}+max{0, 16-A} [O(n)]
  0: start->stop: 1 [O(1)]
  1: start->lbl171: 1 [O(1)]
  2: start->lbl151: 1 [O(1)]
  3: start->lbl151: 1 [O(1)]
  11: start0->start: 1 [O(1)]

Costbounds:
  Overall costbound: 6+max{20, 47-A}+max{0, 16-A}+max{8, 23-A}+max{0, 28-A}+max{20, 47-A}+max{0, 201+2*-A+max{-5*A, -5*29}}+max{0, 190+max{-5*7, -5*29}}+max{0, 176+2*-A+max{-5*A, -5*29}}+max{0, 165+max{-5*7, -5*29}}+max{0, 196+2*-A+max{-5*A, -5*29}}+max{0, 185+max{-5*7, -5*29}}+max{0, 198+-C-A+max{-5*A, -5*29}}+max{0, 178+-C-A+max{-5*A, -5*29}}+max{0, 203+-C-A+max{-5*A, -5*29}}+max{0, 28-A} [O(n)]
  8: lbl151->lbl171: max{0, 190+max{-5*7, -5*29}}+max{0, 203+-C-A+max{-5*A, -5*29}}+max{0, 201+2*-A+max{-5*A, -5*29}} [O(n)]
  9: lbl151->lbl151: max{0, 185+max{-5*7, -5*29}}+max{0, 198+-C-A+max{-5*A, -5*29}}+max{0, 196+2*-A+max{-5*A, -5*29}} [O(n)]
  10: lbl151->lbl151: max{0, 165+max{-5*7, -5*29}}+max{0, 178+-C-A+max{-5*A, -5*29}}+max{0, 176+2*-A+max{-5*A, -5*29}} [O(n)]
  4: lbl171->stop: 1 [O(1)]
  5: lbl171->lbl171: max{20, 47-A}+max{0, 28-A} [O(n)]
  6: lbl171->lbl151: max{20, 47-A}+max{0, 28-A} [O(n)]
  7: lbl171->lbl151: max{8, 23-A}+max{0, 16-A} [O(n)]
  0: start->stop: 1 [O(1)]
  1: start->lbl171: 1 [O(1)]
  2: start->lbl151: 1 [O(1)]
  3: start->lbl151: 1 [O(1)]
  11: start0->start: 1 [O(1)]

Sizebounds:
`Lower:
  8: lbl151->lbl171, C: -max{0, -6, max{-C, -A, -C}} [O(n)]
  9: lbl151->lbl151, C: -max{0, -6, max{-C, -A, -C}} [O(n)]
  10: lbl151->lbl151, C: -max{0, -6, max{-C, -A, -C}} [O(n)]
  4: lbl171->stop, B: 18 [O(1)]
  4: lbl171->stop, C: -max{-6, -6, max{0, -C, max{-A, -A, max{-C, -A, -C}}}} [O(n)]
  4: lbl171->stop, D: 30 [O(1)]
  5: lbl171->lbl171, C: -max{0, -6, max{-C, -A, -C}} [O(n)]
  6: lbl171->lbl151, B: 13 [O(1)]
  6: lbl171->lbl151, C: -max{0, -6, max{-C, -A, -C}} [O(n)]
  6: lbl171->lbl151, D: 8 [O(1)]
  7: lbl171->lbl151, C: -max{0, -6, max{-C, -A, -C}} [O(n)]
  0: start->stop, A: 30 [O(1)]
  0: start->stop, B: C [O(n)]
  0: start->stop, C: C [O(n)]
  0: start->stop, D: 30 [O(1)]
  1: start->lbl171, A: A [O(n)]
  1: start->lbl171, B: -10+A [O(n)]
  1: start->lbl171, C: A [O(n)]
  1: start->lbl171, D: 2+A [O(n)]
  2: start->lbl151, A: 7 [O(1)]
  2: start->lbl151, B: 13 [O(1)]
  2: start->lbl151, C: 6 [O(1)]
  2: start->lbl151, D: 8 [O(1)]
  3: start->lbl151, A: A [O(n)]
  3: start->lbl151, B: 2+C [O(n)]
  3: start->lbl151, C: C [O(n)]
  3: start->lbl151, D: 1+A [O(n)]
  11: start0->start, A: A [O(n)]
  11: start0->start, B: C [O(n)]
  11: start0->start, C: C [O(n)]
  11: start0->start, D: A [O(n)]
`Upper:
  8: lbl151->lbl171, A: 29 [O(1)]
  8: lbl151->lbl171, B: max{25, 25+7*(max{0, 185+max{-5*7, -5*29}}+max{0, 198+-C-A+max{-5*A, -5*29}}+max{0, 196+2*-A+max{-5*A, -5*29}})} [O(n)]
  8: lbl151->lbl171, C: max{28, C} [O(n)]
  8: lbl151->lbl171, D: max{37, 37+7*(max{0, 185+max{-5*7, -5*29}}+max{0, 198+-C-A+max{-5*A, -5*29}}+max{0, 196+2*-A+max{-5*A, -5*29}})} [O(n)]
  9: lbl151->lbl151, A: 29 [O(1)]
  9: lbl151->lbl151, B: 35+7*(max{0, 185+max{-5*7, -5*29}}+max{0, 198+-C-A+max{-5*A, -5*29}}+max{0, 196+2*-A+max{-5*A, -5*29}}) [O(n)]
  9: lbl151->lbl151, C: max{28, C} [O(n)]
  9: lbl151->lbl151, D: -max{-30+-max{0, 185+max{-5*7, -5*29}}+-max{0, 198+-C-A+max{-5*A, -5*29}}+-max{0, 165+max{-5*7, -5*29}}+-max{0, 178+-C-A+max{-5*A, -5*29}}+-max{0, 196+2*-A+max{-5*A, -5*29}}-max{0, 176+2*-A+max{-5*A, -5*29}}, -30+-max{0, 185+max{-5*7, -5*29}}+-max{0, 198+-C-A+max{-5*A, -5*29}}+-max{0, 165+max{-5*7, -5*29}}+-max{0, 178+-C-A+max{-5*A, -5*29}}+-max{0, 196+2*-A+max{-5*A, -5*29}}-max{0, 176+2*-A+max{-5*A, -5*29}}, max{-30+-max{0, 185+max{-5*7, -5*29}}+-max{0, 198+-C-A+max{-5*A, -5*29}}+-max{0, 165+max{-5*7, -5*29}}+-max{0, 178+-C-A+max{-5*A, -5*29}}+-max{0, 196+2*-A+max{-5*A, -5*29}}-max{0, 176+2*-A+max{-5*A, -5*29}}, -30+-max{0, 198+-C-A+max{-5*A, -5*29}}+-max{0, 176+2*-A+max{-5*A, -5*29}}+-max{0, 185+max{-5*7, -5*29}}+-max{0, 165+max{-5*7, -5*29}}+-max{0, 196+2*-A+max{-5*A, -5*29}}-max{0, 178+-C-A+max{-5*A, -5*29}}}} [O(n)]
  10: lbl151->lbl151, A: 29 [O(1)]
  10: lbl151->lbl151, B: 7 [O(1)]
  10: lbl151->lbl151, C: max{28, C} [O(n)]
  10: lbl151->lbl151, D: -max{-30+-max{0, 185+max{-5*7, -5*29}}+-max{0, 198+-C-A+max{-5*A, -5*29}}+-max{0, 165+max{-5*7, -5*29}}+-max{0, 178+-C-A+max{-5*A, -5*29}}+-max{0, 196+2*-A+max{-5*A, -5*29}}-max{0, 176+2*-A+max{-5*A, -5*29}}, -30+-max{0, 185+max{-5*7, -5*29}}+-max{0, 198+-C-A+max{-5*A, -5*29}}+-max{0, 165+max{-5*7, -5*29}}+-max{0, 178+-C-A+max{-5*A, -5*29}}+-max{0, 196+2*-A+max{-5*A, -5*29}}-max{0, 176+2*-A+max{-5*A, -5*29}}, max{-30+-max{0, 185+max{-5*7, -5*29}}+-max{0, 198+-C-A+max{-5*A, -5*29}}+-max{0, 165+max{-5*7, -5*29}}+-max{0, 178+-C-A+max{-5*A, -5*29}}+-max{0, 196+2*-A+max{-5*A, -5*29}}-max{0, 176+2*-A+max{-5*A, -5*29}}, -30+-max{0, 198+-C-A+max{-5*A, -5*29}}+-max{0, 176+2*-A+max{-5*A, -5*29}}+-max{0, 185+max{-5*7, -5*29}}+-max{0, 165+max{-5*7, -5*29}}+-max{0, 196+2*-A+max{-5*A, -5*29}}-max{0, 178+-C-A+max{-5*A, -5*29}}}} [O(n)]
  4: lbl171->stop, A: 29 [O(1)]
  4: lbl171->stop, B: max{25, 25, max{-10+C, -10+C, 25+7*(max{0, 185+max{-5*7, -5*29}}+max{0, 198+-C-A+max{-5*A, -5*29}}+max{0, 196+2*-A+max{-5*A, -5*29}})}} [O(n)]
  4: lbl171->stop, C: max{28, C} [O(n)]
  4: lbl171->stop, D: max{37, 37, max{2+C, 12+max{-10+C, 25+7*(max{0, 185+max{-5*7, -5*29}}+max{0, 198+-C-A+max{-5*A, -5*29}}+max{0, 196+2*-A+max{-5*A, -5*29}})}, 37+7*(max{0, 185+max{-5*7, -5*29}}+max{0, 198+-C-A+max{-5*A, -5*29}}+max{0, 196+2*-A+max{-5*A, -5*29}})}} [O(n)]
  5: lbl171->lbl171, A: 27 [O(1)]
  5: lbl171->lbl171, B: max{25, -10+C, 25+7*(max{0, 185+max{-5*7, -5*29}}+max{0, 198+-C-A+max{-5*A, -5*29}}+max{0, 196+2*-A+max{-5*A, -5*29}})} [O(n)]
  5: lbl171->lbl171, C: max{28, C} [O(n)]
  5: lbl171->lbl171, D: 31 [O(1)]
  6: lbl171->lbl151, A: 27 [O(1)]
  6: lbl171->lbl151, B: 35 [O(1)]
  6: lbl171->lbl151, C: max{28, C} [O(n)]
  6: lbl171->lbl151, D: 30 [O(1)]
  7: lbl171->lbl151, A: 15 [O(1)]
  7: lbl171->lbl151, B: 7 [O(1)]
  7: lbl171->lbl151, C: max{28, C} [O(n)]
  7: lbl171->lbl151, D: 18 [O(1)]
  0: start->stop, A: A [O(n)]
  0: start->stop, B: C [O(n)]
  0: start->stop, C: C [O(n)]
  0: start->stop, D: A [O(n)]
  1: start->lbl171, A: 29 [O(1)]
  1: start->lbl171, B: -10+C [O(n)]
  1: start->lbl171, C: C [O(n)]
  1: start->lbl171, D: 31 [O(1)]
  2: start->lbl151, A: 29 [O(1)]
  2: start->lbl151, B: 35 [O(1)]
  2: start->lbl151, C: 28 [O(1)]
  2: start->lbl151, D: 30 [O(1)]
  3: start->lbl151, A: 29 [O(1)]
  3: start->lbl151, B: 7 [O(1)]
  3: start->lbl151, C: 5 [O(1)]
  3: start->lbl151, D: 30 [O(1)]
  11: start0->start, A: A [O(n)]
  11: start0->start, B: C [O(n)]
  11: start0->start, C: C [O(n)]
  11: start0->start, D: A [O(n)]
