Timebounds: 
  Overall timebound: 3+(max{3, 3*A}+max{0, (-1+A)*max{3*2, 3*max{0, A}}})*max{0, A}+max{1, -1+2*A}+max{0, (-1+A)*max{3*2, 3*max{0, A}}}+max{2, -3+5*A}+max{0, (-1+A)*(max{-2, -2+5*max{0, A}}+max{-2*2, -2*max{0, A}})}+max{0, -1+A}+max{4, 1+3*A} [O(n^3)]
  1: a->d: 1 [O(1)]
  4: b->d: max{0, -1+A} [O(n)]
  5: b->c: max{3, 3*A}+max{0, (-1+A)*max{3*2, 3*max{0, A}}} [O(n^2)]
  6: c->c: (max{3, 3*A}+max{0, (-1+A)*max{3*2, 3*max{0, A}}})*max{0, A} [O(n^3)]
  7: c->b: max{2, -3+5*A}+max{0, (-1+A)*(max{-2, -2+5*max{0, A}}+max{-2*2, -2*max{0, A}})} [O(n^2)]
  2: d->b: max{1, -1+2*A} [O(n)]
  3: d->halt: 1 [O(1)]
  0: start->a: 1 [O(1)]
  8: start0->start: 1 [O(1)]

Costbounds:
  Overall costbound: 3+(max{3, 3*A}+max{0, (-1+A)*max{3*2, 3*max{0, A}}})*max{0, A}+max{1, -1+2*A}+max{0, (-1+A)*max{3*2, 3*max{0, A}}}+max{2, -3+5*A}+max{0, (-1+A)*(max{-2, -2+5*max{0, A}}+max{-2*2, -2*max{0, A}})}+max{0, -1, -3+2*A}+max{4, 1+3*A} [O(n^3)]
  1: a->d: 1 [O(1)]
  4: b->d: max{0, -1, -3+2*A} [O(n)]
  5: b->c: max{3, 3*A}+max{0, (-1+A)*max{3*2, 3*max{0, A}}} [O(n^2)]
  6: c->c: (max{3, 3*A}+max{0, (-1+A)*max{3*2, 3*max{0, A}}})*max{0, A} [O(n^3)]
  7: c->b: max{2, -3+5*A}+max{0, (-1+A)*(max{-2, -2+5*max{0, A}}+max{-2*2, -2*max{0, A}})} [O(n^2)]
  2: d->b: max{1, -1+2*A} [O(n)]
  3: d->halt: 1 [O(1)]
  0: start->a: 1 [O(1)]
  8: start0->start: 1 [O(1)]

Sizebounds:
`Lower:
  1: a->d, A: 1 [O(1)]
  1: a->d, B: 1 [O(1)]
  1: a->d, C: 1 [O(1)]
  1: a->d, D: D [O(n)]
  1: a->d, E: F [O(n)]
  1: a->d, F: F [O(n)]
  1: a->d, G: H [O(n)]
  1: a->d, H: H [O(n)]
  4: b->d, A: 0 [O(1)]
  4: b->d, B: 2 [O(1)]
  4: b->d, C: 2 [O(1)]
  4: b->d, D: -max{0, -D} [O(n)]
  4: b->d, E: -max{0, -1, -F} [O(n)]
  4: b->d, F: -max{0, -F} [O(n)]
  4: b->d, G: 3 [O(1)]
  4: b->d, H: -max{0, -H} [O(n)]
  5: b->c, A: 0 [O(1)]
  5: b->c, B: 2 [O(1)]
  5: b->c, C: 1 [O(1)]
  5: b->c, D: -max{0, -D} [O(n)]
  5: b->c, E: 2 [O(1)]
  5: b->c, F: -max{0, -F} [O(n)]
  5: b->c, G: 2 [O(1)]
  5: b->c, H: -max{0, -H} [O(n)]
  6: c->c, A: 0 [O(1)]
  6: c->c, B: 2 [O(1)]
  6: c->c, C: 1 [O(1)]
  6: c->c, D: -max{0, -D} [O(n)]
  6: c->c, E: 1 [O(1)]
  6: c->c, F: -max{0, -F} [O(n)]
  6: c->c, G: 2 [O(1)]
  6: c->c, H: -max{0, -H} [O(n)]
  7: c->b, A: 0 [O(1)]
  7: c->b, B: 2 [O(1)]
  7: c->b, C: 1 [O(1)]
  7: c->b, D: -max{0, -D} [O(n)]
  7: c->b, E: 1 [O(1)]
  7: c->b, F: -max{0, -F} [O(n)]
  7: c->b, G: 3 [O(1)]
  7: c->b, H: -max{0, -H} [O(n)]
  2: d->b, A: 0 [O(1)]
  2: d->b, B: 2 [O(1)]
  2: d->b, C: 1 [O(1)]
  2: d->b, D: -max{0, -D} [O(n)]
  2: d->b, E: -max{0, -1, -F} [O(n)]
  2: d->b, F: -max{0, -F} [O(n)]
  2: d->b, G: 2 [O(1)]
  2: d->b, H: -max{0, -H} [O(n)]
  3: d->halt, A: 1 [O(1)]
  3: d->halt, B: 1 [O(1)]
  3: d->halt, C: 1 [O(1)]
  3: d->halt, D: -max{0, -D} [O(n)]
  3: d->halt, E: -max{-1, 0, -F} [O(n)]
  3: d->halt, F: -max{0, -F} [O(n)]
  3: d->halt, G: -max{-3, -H} [O(n)]
  3: d->halt, H: -max{0, -H} [O(n)]
  0: start->a, A: 1 [O(1)]
  0: start->a, B: 1 [O(1)]
  0: start->a, C: D [O(n)]
  0: start->a, D: D [O(n)]
  0: start->a, E: F [O(n)]
  0: start->a, F: F [O(n)]
  0: start->a, G: H [O(n)]
  0: start->a, H: H [O(n)]
  8: start0->start, A: A [O(n)]
  8: start0->start, B: A [O(n)]
  8: start0->start, C: D [O(n)]
  8: start0->start, D: D [O(n)]
  8: start0->start, E: F [O(n)]
  8: start0->start, F: F [O(n)]
  8: start0->start, G: H [O(n)]
  8: start0->start, H: H [O(n)]
`Upper:
  1: a->d, A: A [O(n)]
  1: a->d, B: A [O(n)]
  1: a->d, C: 1 [O(1)]
  1: a->d, D: D [O(n)]
  1: a->d, E: F [O(n)]
  1: a->d, F: F [O(n)]
  1: a->d, G: H [O(n)]
  1: a->d, H: H [O(n)]
  4: b->d, A: max{0, A} [O(n)]
  4: b->d, B: max{0, A} [O(n)]
  4: b->d, C: max{0, A} [O(n)]
  4: b->d, D: max{0, D} [O(n)]
  4: b->d, E: max{0, -1, max{F, -1+A}} [O(n)]
  4: b->d, F: max{0, F} [O(n)]
  4: b->d, G: max{1, 1+A} [O(n)]
  4: b->d, H: max{0, H} [O(n)]
  5: b->c, A: max{0, A} [O(n)]
  5: b->c, B: max{0, A} [O(n)]
  5: b->c, C: max{-1, -1+A} [O(n)]
  5: b->c, D: max{0, D} [O(n)]
  5: b->c, E: max{0, A} [O(n)]
  5: b->c, F: max{0, F} [O(n)]
  5: b->c, G: max{0, A} [O(n)]
  5: b->c, H: max{0, H} [O(n)]
  6: c->c, A: max{0, A} [O(n)]
  6: c->c, B: max{0, A} [O(n)]
  6: c->c, C: max{-1, -1+A} [O(n)]
  6: c->c, D: max{0, D} [O(n)]
  6: c->c, E: max{-1, -1+A} [O(n)]
  6: c->c, F: max{0, F} [O(n)]
  6: c->c, G: max{0, A} [O(n)]
  6: c->c, H: max{0, H} [O(n)]
  7: c->b, A: max{0, A} [O(n)]
  7: c->b, B: max{0, A} [O(n)]
  7: c->b, C: max{-1, -1+A} [O(n)]
  7: c->b, D: max{0, D} [O(n)]
  7: c->b, E: max{-1, -1+A} [O(n)]
  7: c->b, F: max{0, F} [O(n)]
  7: c->b, G: max{1, 1+A} [O(n)]
  7: c->b, H: max{0, H} [O(n)]
  2: d->b, A: max{0, A} [O(n)]
  2: d->b, B: max{0, A} [O(n)]
  2: d->b, C: max{-1, -1+A} [O(n)]
  2: d->b, D: max{0, D} [O(n)]
  2: d->b, E: max{0, -1, max{F, -1+A}} [O(n)]
  2: d->b, F: max{0, F} [O(n)]
  2: d->b, G: max{0, A} [O(n)]
  2: d->b, H: max{0, H} [O(n)]
  3: d->halt, A: max{0, A} [O(n)]
  3: d->halt, B: max{0, A} [O(n)]
  3: d->halt, C: max{0, A} [O(n)]
  3: d->halt, D: max{0, D} [O(n)]
  3: d->halt, E: max{-1, 0, max{F, F, -1+A}} [O(n)]
  3: d->halt, F: max{0, F} [O(n)]
  3: d->halt, G: max{1, H, 1+A} [O(n)]
  3: d->halt, H: max{0, H} [O(n)]
  0: start->a, A: A [O(n)]
  0: start->a, B: A [O(n)]
  0: start->a, C: D [O(n)]
  0: start->a, D: D [O(n)]
  0: start->a, E: F [O(n)]
  0: start->a, F: F [O(n)]
  0: start->a, G: H [O(n)]
  0: start->a, H: H [O(n)]
  8: start0->start, A: A [O(n)]
  8: start0->start, B: A [O(n)]
  8: start0->start, C: D [O(n)]
  8: start0->start, D: D [O(n)]
  8: start0->start, E: F [O(n)]
  8: start0->start, F: F [O(n)]
  8: start0->start, G: H [O(n)]
  8: start0->start, H: H [O(n)]
