Timebounds: 
  Overall timebound: max{4, 1+2+A} [O(n)]
  2: lbl71->stop: 1 [O(1)]
  3: lbl71->lbl71: max{0, -1+A} [O(n)]
  0: start->stop: 1 [O(1)]
  1: start->lbl71: 1 [O(1)]
  4: start0->start: 1 [O(1)]

Costbounds:
  Overall costbound: max{4, 1+2+A} [O(n)]
  2: lbl71->stop: 1 [O(1)]
  3: lbl71->lbl71: max{0, -1+A} [O(n)]
  0: start->stop: 1 [O(1)]
  1: start->lbl71: 1 [O(1)]
  4: start0->start: 1 [O(1)]

Sizebounds:
`Lower:
  2: lbl71->stop, A: 1 [O(1)]
  2: lbl71->stop, B: 0 [O(1)]
  2: lbl71->stop, C: -max{1-D, 1+-D+max{0, -1+A}} [O(n)]
  2: lbl71->stop, D: D [O(n)]
  2: lbl71->stop, E: 1+F [O(n)]
  2: lbl71->stop, F: F [O(n)]
  3: lbl71->lbl71, A: 2 [O(1)]
  3: lbl71->lbl71, B: 0 [O(1)]
  3: lbl71->lbl71, C: -1+D-max{0, -1+A} [O(n)]
  3: lbl71->lbl71, D: D [O(n)]
  3: lbl71->lbl71, E: 1+F [O(n)]
  3: lbl71->lbl71, F: F [O(n)]
  0: start->stop, A: A [O(n)]
  0: start->stop, B: A [O(n)]
  0: start->stop, C: D [O(n)]
  0: start->stop, D: D [O(n)]
  0: start->stop, E: F [O(n)]
  0: start->stop, F: F [O(n)]
  1: start->lbl71, A: 1 [O(1)]
  1: start->lbl71, B: 0 [O(1)]
  1: start->lbl71, C: -1+D [O(n)]
  1: start->lbl71, D: D [O(n)]
  1: start->lbl71, E: 1+F [O(n)]
  1: start->lbl71, F: F [O(n)]
  4: start0->start, A: A [O(n)]
  4: start0->start, B: A [O(n)]
  4: start0->start, C: D [O(n)]
  4: start0->start, D: D [O(n)]
  4: start0->start, E: F [O(n)]
  4: start0->start, F: F [O(n)]
`Upper:
  2: lbl71->stop, A: A [O(n)]
  2: lbl71->stop, B: 0 [O(1)]
  2: lbl71->stop, C: -1+D [O(n)]
  2: lbl71->stop, D: D [O(n)]
  2: lbl71->stop, E: max{1+F, 1+F+max{0, -1+A}} [O(n)]
  2: lbl71->stop, F: F [O(n)]
  3: lbl71->lbl71, A: A [O(n)]
  3: lbl71->lbl71, B: -1+A [O(n)]
  3: lbl71->lbl71, C: -1+D [O(n)]
  3: lbl71->lbl71, D: D [O(n)]
  3: lbl71->lbl71, E: 1+F+max{0, -1+A} [O(n)]
  3: lbl71->lbl71, F: F [O(n)]
  0: start->stop, A: 0 [O(1)]
  0: start->stop, B: 0 [O(1)]
  0: start->stop, C: D [O(n)]
  0: start->stop, D: D [O(n)]
  0: start->stop, E: F [O(n)]
  0: start->stop, F: F [O(n)]
  1: start->lbl71, A: A [O(n)]
  1: start->lbl71, B: -1+A [O(n)]
  1: start->lbl71, C: -1+D [O(n)]
  1: start->lbl71, D: D [O(n)]
  1: start->lbl71, E: 1+F [O(n)]
  1: start->lbl71, F: F [O(n)]
  4: start0->start, A: A [O(n)]
  4: start0->start, B: A [O(n)]
  4: start0->start, C: D [O(n)]
  4: start0->start, D: D [O(n)]
  4: start0->start, E: F [O(n)]
  4: start0->start, F: F [O(n)]
