Timebounds: 
  Overall timebound: 83+max{76, 74, 95+21*B}+max{40, 19+21*B} [O(n)]
  7: lbl111->stop: 1 [O(1)]
  8: lbl111->lbl91: 1 [O(1)]
  9: lbl111->lbl111: 76 [O(1)]
  10: lbl111->lbl111: max{0, -2, 19+21*B}+max{40, 19+21*B} [O(n)]
  3: lbl91->stop: 1 [O(1)]
  4: lbl91->lbl91: 76 [O(1)]
  0: start->lbl91: 1 [O(1)]
  1: start->lbl111: 1 [O(1)]
  2: start->lbl111: 1 [O(1)]
  11: start0->start: 1 [O(1)]

Costbounds:
  Overall costbound: 85+max{80, 78, 99+21*B}+max{40, 19+21*B} [O(n)]
  7: lbl111->stop: 1 [O(1)]
  8: lbl111->lbl91: 1 [O(1)]
  9: lbl111->lbl111: 80 [O(1)]
  10: lbl111->lbl111: max{0, -2, 19+21*B}+max{40, 19+21*B} [O(n)]
  3: lbl91->stop: 1 [O(1)]
  4: lbl91->lbl91: 78 [O(1)]
  0: start->lbl91: 1 [O(1)]
  1: start->lbl111: 1 [O(1)]
  2: start->lbl111: 1 [O(1)]
  11: start0->start: 1 [O(1)]

Sizebounds:
`Lower:
  7: lbl111->stop, C: 100 [O(1)]
  7: lbl111->stop, D: -max{0, -D} [O(n)]
  7: lbl111->stop, E: 40 [O(1)]
  7: lbl111->stop, F: -max{0, -F} [O(n)]
  8: lbl111->lbl91, A: 0 [O(1)]
  8: lbl111->lbl91, B: 0 [O(1)]
  8: lbl111->lbl91, C: 100 [O(1)]
  8: lbl111->lbl91, D: -max{0, -D} [O(n)]
  8: lbl111->lbl91, E: 3 [O(1)]
  8: lbl111->lbl91, F: -max{0, -F} [O(n)]
  9: lbl111->lbl111, C: 100 [O(1)]
  9: lbl111->lbl111, D: -max{0, -D} [O(n)]
  9: lbl111->lbl111, E: 4 [O(1)]
  9: lbl111->lbl111, F: -max{0, -F} [O(n)]
  10: lbl111->lbl111, B: 1 [O(1)]
  10: lbl111->lbl111, C: 100 [O(1)]
  10: lbl111->lbl111, D: -max{0, -D} [O(n)]
  10: lbl111->lbl111, E: 4 [O(1)]
  10: lbl111->lbl111, F: -max{0, -F} [O(n)]
  3: lbl91->stop, A: 0 [O(1)]
  3: lbl91->stop, B: 0 [O(1)]
  3: lbl91->stop, C: 100 [O(1)]
  3: lbl91->stop, D: -max{0, -D} [O(n)]
  3: lbl91->stop, E: 40 [O(1)]
  3: lbl91->stop, F: -max{0, -F} [O(n)]
  4: lbl91->lbl91, A: 0 [O(1)]
  4: lbl91->lbl91, B: 0 [O(1)]
  4: lbl91->lbl91, C: 100 [O(1)]
  4: lbl91->lbl91, D: -max{0, -D} [O(n)]
  4: lbl91->lbl91, E: 2 [O(1)]
  4: lbl91->lbl91, F: -max{0, -F} [O(n)]
  0: start->lbl91, A: 0 [O(1)]
  0: start->lbl91, B: 0 [O(1)]
  0: start->lbl91, C: 100 [O(1)]
  0: start->lbl91, D: D [O(n)]
  0: start->lbl91, E: 1 [O(1)]
  0: start->lbl91, F: F [O(n)]
  1: start->lbl111, A: B [O(n)]
  1: start->lbl111, B: B [O(n)]
  1: start->lbl111, C: 100 [O(1)]
  1: start->lbl111, D: D [O(n)]
  1: start->lbl111, E: 2 [O(1)]
  1: start->lbl111, F: F [O(n)]
  2: start->lbl111, A: 1 [O(1)]
  2: start->lbl111, B: 1 [O(1)]
  2: start->lbl111, C: 100 [O(1)]
  2: start->lbl111, D: D [O(n)]
  2: start->lbl111, E: 2 [O(1)]
  2: start->lbl111, F: F [O(n)]
  11: start0->start, A: B [O(n)]
  11: start0->start, B: B [O(n)]
  11: start0->start, C: D [O(n)]
  11: start0->start, D: D [O(n)]
  11: start0->start, E: F [O(n)]
  11: start0->start, F: F [O(n)]
`Upper:
  7: lbl111->stop, A: max{0, -1, B} [O(n)]
  7: lbl111->stop, B: max{0, -1, B} [O(n)]
  7: lbl111->stop, C: 100 [O(1)]
  7: lbl111->stop, D: max{0, D} [O(n)]
  7: lbl111->stop, E: 41 [O(1)]
  7: lbl111->stop, F: max{0, F} [O(n)]
  8: lbl111->lbl91, A: 0 [O(1)]
  8: lbl111->lbl91, B: 0 [O(1)]
  8: lbl111->lbl91, C: 100 [O(1)]
  8: lbl111->lbl91, D: max{0, D} [O(n)]
  8: lbl111->lbl91, E: 40 [O(1)]
  8: lbl111->lbl91, F: max{0, F} [O(n)]
  9: lbl111->lbl111, A: -1 [O(1)]
  9: lbl111->lbl111, B: -1 [O(1)]
  9: lbl111->lbl111, C: 100 [O(1)]
  9: lbl111->lbl111, D: max{0, D} [O(n)]
  9: lbl111->lbl111, E: 41 [O(1)]
  9: lbl111->lbl111, F: max{0, F} [O(n)]
  10: lbl111->lbl111, A: max{0, -1, B} [O(n)]
  10: lbl111->lbl111, B: max{0, -1, B} [O(n)]
  10: lbl111->lbl111, C: 100 [O(1)]
  10: lbl111->lbl111, D: max{0, D} [O(n)]
  10: lbl111->lbl111, E: 41 [O(1)]
  10: lbl111->lbl111, F: max{0, F} [O(n)]
  3: lbl91->stop, A: 0 [O(1)]
  3: lbl91->stop, B: 0 [O(1)]
  3: lbl91->stop, C: 100 [O(1)]
  3: lbl91->stop, D: max{0, D} [O(n)]
  3: lbl91->stop, E: 40 [O(1)]
  3: lbl91->stop, F: max{0, F} [O(n)]
  4: lbl91->lbl91, A: 0 [O(1)]
  4: lbl91->lbl91, B: 0 [O(1)]
  4: lbl91->lbl91, C: 100 [O(1)]
  4: lbl91->lbl91, D: max{0, D} [O(n)]
  4: lbl91->lbl91, E: 40 [O(1)]
  4: lbl91->lbl91, F: max{0, F} [O(n)]
  0: start->lbl91, A: 0 [O(1)]
  0: start->lbl91, B: 0 [O(1)]
  0: start->lbl91, C: 100 [O(1)]
  0: start->lbl91, D: D [O(n)]
  0: start->lbl91, E: 1 [O(1)]
  0: start->lbl91, F: F [O(n)]
  1: start->lbl111, A: -1 [O(1)]
  1: start->lbl111, B: -1 [O(1)]
  1: start->lbl111, C: 100 [O(1)]
  1: start->lbl111, D: D [O(n)]
  1: start->lbl111, E: 2 [O(1)]
  1: start->lbl111, F: F [O(n)]
  2: start->lbl111, A: B [O(n)]
  2: start->lbl111, B: B [O(n)]
  2: start->lbl111, C: 100 [O(1)]
  2: start->lbl111, D: D [O(n)]
  2: start->lbl111, E: 2 [O(1)]
  2: start->lbl111, F: F [O(n)]
  11: start0->start, A: B [O(n)]
  11: start0->start, B: B [O(n)]
  11: start0->start, C: D [O(n)]
  11: start0->start, D: D [O(n)]
  11: start0->start, E: F [O(n)]
  11: start0->start, F: F [O(n)]
