Timebounds: 
  Overall timebound: max{6, 1+5+-A-G+2*E} [O(n)]
  3: lbl71->stop: 1 [O(1)]
  4: lbl71->stop: 1 [O(1)]
  5: lbl71->lbl71: max{0, -A-G+2*E} [O(n)]
  0: start->stop: 1 [O(1)]
  1: start->stop: 1 [O(1)]
  2: start->lbl71: 1 [O(1)]
  6: start0->start: 1 [O(1)]

Costbounds:
  Overall costbound: max{6, 1+5+-A-G+2*E} [O(n)]
  3: lbl71->stop: 1 [O(1)]
  4: lbl71->stop: 1 [O(1)]
  5: lbl71->lbl71: max{0, -A-G+2*E} [O(n)]
  0: start->stop: 1 [O(1)]
  1: start->stop: 1 [O(1)]
  2: start->lbl71: 1 [O(1)]
  6: start0->start: 1 [O(1)]

Sizebounds:
`Lower:
  3: lbl71->stop, A: -inf [Infinity]
  3: lbl71->stop, B: -inf [Infinity]
  3: lbl71->stop, C: C [O(n)]
  3: lbl71->stop, D: 100 [O(1)]
  3: lbl71->stop, E: 101 [O(1)]
  3: lbl71->stop, F: -inf [Infinity]
  3: lbl71->stop, G: -inf [Infinity]
  3: lbl71->stop, H: 101 [O(1)]
  4: lbl71->stop, A: -inf [Infinity]
  4: lbl71->stop, B: -inf [Infinity]
  4: lbl71->stop, C: C [O(n)]
  4: lbl71->stop, D: -1+E [O(n)]
  4: lbl71->stop, E: E [O(n)]
  4: lbl71->stop, F: -inf [Infinity]
  4: lbl71->stop, G: -inf [Infinity]
  4: lbl71->stop, H: -inf [Infinity]
  5: lbl71->lbl71, A: -inf [Infinity]
  5: lbl71->lbl71, B: -inf [Infinity]
  5: lbl71->lbl71, C: C [O(n)]
  5: lbl71->lbl71, D: -1+E [O(n)]
  5: lbl71->lbl71, E: E [O(n)]
  5: lbl71->lbl71, F: -inf [Infinity]
  5: lbl71->lbl71, G: -inf [Infinity]
  5: lbl71->lbl71, H: -inf [Infinity]
  0: start->stop, A: 101 [O(1)]
  0: start->stop, B: C [O(n)]
  0: start->stop, C: C [O(n)]
  0: start->stop, D: E [O(n)]
  0: start->stop, E: E [O(n)]
  0: start->stop, F: G [O(n)]
  0: start->stop, G: G [O(n)]
  0: start->stop, H: 101 [O(1)]
  1: start->stop, A: A [O(n)]
  1: start->stop, B: C [O(n)]
  1: start->stop, C: C [O(n)]
  1: start->stop, D: E [O(n)]
  1: start->stop, E: E [O(n)]
  1: start->stop, F: 1+E [O(n)]
  1: start->stop, G: 1+E [O(n)]
  1: start->stop, H: A [O(n)]
  2: start->lbl71, A: A [O(n)]
  2: start->lbl71, B: A [O(n)]
  2: start->lbl71, C: C [O(n)]
  2: start->lbl71, D: -1+E [O(n)]
  2: start->lbl71, E: E [O(n)]
  2: start->lbl71, F: 1+A [O(n)]
  2: start->lbl71, G: G [O(n)]
  2: start->lbl71, H: G [O(n)]
  6: start0->start, A: A [O(n)]
  6: start0->start, B: C [O(n)]
  6: start0->start, C: C [O(n)]
  6: start0->start, D: E [O(n)]
  6: start0->start, E: E [O(n)]
  6: start0->start, F: G [O(n)]
  6: start0->start, G: G [O(n)]
  6: start0->start, H: A [O(n)]
`Upper:
  3: lbl71->stop, A: 100 [O(1)]
  3: lbl71->stop, B: 100 [O(1)]
  3: lbl71->stop, C: C [O(n)]
  3: lbl71->stop, D: -1+E [O(n)]
  3: lbl71->stop, E: E [O(n)]
  3: lbl71->stop, F: 101 [O(1)]
  3: lbl71->stop, G: E [O(n)]
  3: lbl71->stop, H: E [O(n)]
  4: lbl71->stop, A: 100 [O(1)]
  4: lbl71->stop, B: 100 [O(1)]
  4: lbl71->stop, C: C [O(n)]
  4: lbl71->stop, D: 100 [O(1)]
  4: lbl71->stop, E: E [O(n)]
  4: lbl71->stop, F: 101 [O(1)]
  4: lbl71->stop, G: inf [Infinity]
  4: lbl71->stop, H: 101 [O(1)]
  5: lbl71->lbl71, A: 100 [O(1)]
  5: lbl71->lbl71, B: 100 [O(1)]
  5: lbl71->lbl71, C: C [O(n)]
  5: lbl71->lbl71, D: -1+E [O(n)]
  5: lbl71->lbl71, E: E [O(n)]
  5: lbl71->lbl71, F: 101 [O(1)]
  5: lbl71->lbl71, G: inf [Infinity]
  5: lbl71->lbl71, H: 101 [O(1)]
  0: start->stop, A: A [O(n)]
  0: start->stop, B: C [O(n)]
  0: start->stop, C: C [O(n)]
  0: start->stop, D: E [O(n)]
  0: start->stop, E: E [O(n)]
  0: start->stop, F: G [O(n)]
  0: start->stop, G: G [O(n)]
  0: start->stop, H: A [O(n)]
  1: start->stop, A: A [O(n)]
  1: start->stop, B: C [O(n)]
  1: start->stop, C: C [O(n)]
  1: start->stop, D: E [O(n)]
  1: start->stop, E: E [O(n)]
  1: start->stop, F: G [O(n)]
  1: start->stop, G: G [O(n)]
  1: start->stop, H: A [O(n)]
  2: start->lbl71, A: 100 [O(1)]
  2: start->lbl71, B: 100 [O(1)]
  2: start->lbl71, C: C [O(n)]
  2: start->lbl71, D: -1+E [O(n)]
  2: start->lbl71, E: E [O(n)]
  2: start->lbl71, F: 101 [O(1)]
  2: start->lbl71, G: E [O(n)]
  2: start->lbl71, H: E [O(n)]
  6: start0->start, A: A [O(n)]
  6: start0->start, B: C [O(n)]
  6: start0->start, C: C [O(n)]
  6: start0->start, D: E [O(n)]
  6: start0->start, E: E [O(n)]
  6: start0->start, F: G [O(n)]
  6: start0->start, G: G [O(n)]
  6: start0->start, H: A [O(n)]
