Timebounds: 
  Overall timebound: 3+max{6, -4+5*A}*max{0, 3*max{0, A}}+max{6, -4+5*A}+max{8, 4*A}+max{8, 4*A}+max{0, -1+A}+max{6, 3*A} [O(n^2)]
  6: lbl13->stop: 1 [O(1)]
  7: lbl13->lbl31: max{7, -1+4*A} [O(n)]
  4: lbl31->lbl43: max{8, 4*A} [O(n)]
  5: lbl31->lbl13: max{0, -1+A} [O(n)]
  2: lbl43->lbl43: max{6, -4+5*A}*max{0, 3*max{0, A}}+max{6, 3*A} [O(n^2)]
  3: lbl43->lbl13: max{6, -4+5*A} [O(n)]
  0: start->stop: 1 [O(1)]
  1: start->lbl31: 1 [O(1)]
  8: start0->start: 1 [O(1)]

Costbounds:
  Overall costbound: 3+max{6, -4+5*A}*max{0, 3*max{0, A}}+max{6, -4+5*A}+max{8, 4*A}+max{8, 4*A}+max{0, -1+A}+max{6, 3*A} [O(n^2)]
  6: lbl13->stop: 1 [O(1)]
  7: lbl13->lbl31: max{7, -1+4*A} [O(n)]
  4: lbl31->lbl43: max{8, 4*A} [O(n)]
  5: lbl31->lbl13: max{0, -1+A} [O(n)]
  2: lbl43->lbl43: max{6, -4+5*A}*max{0, 3*max{0, A}}+max{6, 3*A} [O(n^2)]
  3: lbl43->lbl13: max{6, -4+5*A} [O(n)]
  0: start->stop: 1 [O(1)]
  1: start->lbl31: 1 [O(1)]
  8: start0->start: 1 [O(1)]

Sizebounds:
`Lower:
  6: lbl13->stop, A: 2 [O(1)]
  6: lbl13->stop, C: -max{0, -C} [O(n)]
  6: lbl13->stop, D: 1 [O(1)]
  6: lbl13->stop, E: -max{0, -E} [O(n)]
  6: lbl13->stop, F: 2 [O(1)]
  6: lbl13->stop, G: -1 [O(1)]
  6: lbl13->stop, H: -max{0, -H} [O(n)]
  6: lbl13->stop, I: 2 [O(1)]
  6: lbl13->stop, J: -max{0, -J} [O(n)]
  7: lbl13->lbl31, A: 0 [O(1)]
  7: lbl13->lbl31, C: -max{0, -C} [O(n)]
  7: lbl13->lbl31, D: 1 [O(1)]
  7: lbl13->lbl31, E: -max{0, -E} [O(n)]
  7: lbl13->lbl31, F: 3 [O(1)]
  7: lbl13->lbl31, G: -1 [O(1)]
  7: lbl13->lbl31, H: -max{0, -H} [O(n)]
  7: lbl13->lbl31, I: 2 [O(1)]
  7: lbl13->lbl31, J: -max{0, -J} [O(n)]
  4: lbl31->lbl43, A: 0 [O(1)]
  4: lbl31->lbl43, C: -max{0, -C} [O(n)]
  4: lbl31->lbl43, D: -max{-1, -E} [O(n)]
  4: lbl31->lbl43, E: -max{0, -E} [O(n)]
  4: lbl31->lbl43, F: 2 [O(1)]
  4: lbl31->lbl43, G: -1 [O(1)]
  4: lbl31->lbl43, H: -max{0, -H} [O(n)]
  4: lbl31->lbl43, I: 1 [O(1)]
  4: lbl31->lbl43, J: -max{0, -J} [O(n)]
  5: lbl31->lbl13, A: 0 [O(1)]
  5: lbl31->lbl13, C: -max{0, -C} [O(n)]
  5: lbl31->lbl13, D: 1 [O(1)]
  5: lbl31->lbl13, E: -max{0, -E} [O(n)]
  5: lbl31->lbl13, F: 2 [O(1)]
  5: lbl31->lbl13, G: 0 [O(1)]
  5: lbl31->lbl13, H: -max{0, -H} [O(n)]
  5: lbl31->lbl13, I: 2 [O(1)]
  5: lbl31->lbl13, J: -max{0, -J} [O(n)]
  2: lbl43->lbl43, A: 0 [O(1)]
  2: lbl43->lbl43, C: -max{0, -C} [O(n)]
  2: lbl43->lbl43, D: -max{0, -1, -E} [O(n)]
  2: lbl43->lbl43, E: -max{0, -E} [O(n)]
  2: lbl43->lbl43, F: 3 [O(1)]
  2: lbl43->lbl43, G: -1 [O(1)]
  2: lbl43->lbl43, H: -max{0, -H} [O(n)]
  2: lbl43->lbl43, I: 2 [O(1)]
  2: lbl43->lbl43, J: -max{0, -J} [O(n)]
  3: lbl43->lbl13, A: 0 [O(1)]
  3: lbl43->lbl13, C: -max{0, -C} [O(n)]
  3: lbl43->lbl13, D: 1 [O(1)]
  3: lbl43->lbl13, E: -max{0, -E} [O(n)]
  3: lbl43->lbl13, F: 2 [O(1)]
  3: lbl43->lbl13, G: -1 [O(1)]
  3: lbl43->lbl13, H: -max{0, -H} [O(n)]
  3: lbl43->lbl13, I: 2 [O(1)]
  3: lbl43->lbl13, J: -max{0, -J} [O(n)]
  0: start->stop, A: A [O(n)]
  0: start->stop, B: C [O(n)]
  0: start->stop, C: C [O(n)]
  0: start->stop, D: E [O(n)]
  0: start->stop, E: E [O(n)]
  0: start->stop, F: A [O(n)]
  0: start->stop, G: H [O(n)]
  0: start->stop, H: H [O(n)]
  0: start->stop, I: 1 [O(1)]
  0: start->stop, J: J [O(n)]
  1: start->lbl31, A: 2 [O(1)]
  1: start->lbl31, C: C [O(n)]
  1: start->lbl31, D: E [O(n)]
  1: start->lbl31, E: E [O(n)]
  1: start->lbl31, F: 2 [O(1)]
  1: start->lbl31, G: H [O(n)]
  1: start->lbl31, H: H [O(n)]
  1: start->lbl31, I: 1 [O(1)]
  1: start->lbl31, J: J [O(n)]
  8: start0->start, A: A [O(n)]
  8: start0->start, B: C [O(n)]
  8: start0->start, C: C [O(n)]
  8: start0->start, D: E [O(n)]
  8: start0->start, E: E [O(n)]
  8: start0->start, F: A [O(n)]
  8: start0->start, G: H [O(n)]
  8: start0->start, H: H [O(n)]
  8: start0->start, I: J [O(n)]
  8: start0->start, J: J [O(n)]
`Upper:
  6: lbl13->stop, A: max{0, A} [O(n)]
  6: lbl13->stop, C: max{0, C} [O(n)]
  6: lbl13->stop, D: max{-1, -1+A} [O(n)]
  6: lbl13->stop, E: max{0, E} [O(n)]
  6: lbl13->stop, F: max{0, A} [O(n)]
  6: lbl13->stop, G: max{-2, -2+A} [O(n)]
  6: lbl13->stop, H: max{0, H} [O(n)]
  6: lbl13->stop, I: max{0, A} [O(n)]
  6: lbl13->stop, J: max{0, J} [O(n)]
  7: lbl13->lbl31, A: max{0, A} [O(n)]
  7: lbl13->lbl31, C: max{0, C} [O(n)]
  7: lbl13->lbl31, D: max{-2, -2+A} [O(n)]
  7: lbl13->lbl31, E: max{0, E} [O(n)]
  7: lbl13->lbl31, F: max{0, A} [O(n)]
  7: lbl13->lbl31, G: max{-3, -3+A} [O(n)]
  7: lbl13->lbl31, H: max{0, H} [O(n)]
  7: lbl13->lbl31, I: max{-1, -1+A} [O(n)]
  7: lbl13->lbl31, J: max{0, J} [O(n)]
  4: lbl31->lbl43, A: max{0, A} [O(n)]
  4: lbl31->lbl43, C: max{0, C} [O(n)]
  4: lbl31->lbl43, D: max{-2, E, -2+A} [O(n)]
  4: lbl31->lbl43, E: max{0, E} [O(n)]
  4: lbl31->lbl43, F: max{0, A} [O(n)]
  4: lbl31->lbl43, G: max{-3, -3+A} [O(n)]
  4: lbl31->lbl43, H: max{0, H} [O(n)]
  4: lbl31->lbl43, I: max{-1, -1+A} [O(n)]
  4: lbl31->lbl43, J: max{0, J} [O(n)]
  5: lbl31->lbl13, A: max{0, A} [O(n)]
  5: lbl31->lbl13, C: max{0, C} [O(n)]
  5: lbl31->lbl13, D: max{-1, -1+A} [O(n)]
  5: lbl31->lbl13, E: max{0, E} [O(n)]
  5: lbl31->lbl13, F: max{0, A} [O(n)]
  5: lbl31->lbl13, G: max{-2, -2+A} [O(n)]
  5: lbl31->lbl13, H: max{0, H} [O(n)]
  5: lbl31->lbl13, I: max{0, A} [O(n)]
  5: lbl31->lbl13, J: max{0, J} [O(n)]
  2: lbl43->lbl43, A: max{0, A} [O(n)]
  2: lbl43->lbl43, C: max{0, C} [O(n)]
  2: lbl43->lbl43, D: max{0, -2, max{E, -2+A}} [O(n)]
  2: lbl43->lbl43, E: max{0, E} [O(n)]
  2: lbl43->lbl43, F: max{0, A} [O(n)]
  2: lbl43->lbl43, G: max{-4, -4+A} [O(n)]
  2: lbl43->lbl43, H: max{0, H} [O(n)]
  2: lbl43->lbl43, I: max{-1, -1+A} [O(n)]
  2: lbl43->lbl43, J: max{0, J} [O(n)]
  3: lbl43->lbl13, A: max{0, A} [O(n)]
  3: lbl43->lbl13, C: max{0, C} [O(n)]
  3: lbl43->lbl13, D: max{-1, -1+A} [O(n)]
  3: lbl43->lbl13, E: max{0, E} [O(n)]
  3: lbl43->lbl13, F: max{0, A} [O(n)]
  3: lbl43->lbl13, G: max{-3, -3+A} [O(n)]
  3: lbl43->lbl13, H: max{0, H} [O(n)]
  3: lbl43->lbl13, I: max{0, A} [O(n)]
  3: lbl43->lbl13, J: max{0, J} [O(n)]
  0: start->stop, A: 1 [O(1)]
  0: start->stop, B: C [O(n)]
  0: start->stop, C: C [O(n)]
  0: start->stop, D: E [O(n)]
  0: start->stop, E: E [O(n)]
  0: start->stop, F: 1 [O(1)]
  0: start->stop, G: H [O(n)]
  0: start->stop, H: H [O(n)]
  0: start->stop, I: 1 [O(1)]
  0: start->stop, J: J [O(n)]
  1: start->lbl31, A: A [O(n)]
  1: start->lbl31, C: C [O(n)]
  1: start->lbl31, D: E [O(n)]
  1: start->lbl31, E: E [O(n)]
  1: start->lbl31, F: A [O(n)]
  1: start->lbl31, G: H [O(n)]
  1: start->lbl31, H: H [O(n)]
  1: start->lbl31, I: 1 [O(1)]
  1: start->lbl31, J: J [O(n)]
  8: start0->start, A: A [O(n)]
  8: start0->start, B: C [O(n)]
  8: start0->start, C: C [O(n)]
  8: start0->start, D: E [O(n)]
  8: start0->start, E: E [O(n)]
  8: start0->start, F: A [O(n)]
  8: start0->start, G: H [O(n)]
  8: start0->start, H: H [O(n)]
  8: start0->start, I: J [O(n)]
  8: start0->start, J: J [O(n)]
