Timebounds: 
  Overall timebound: 5+max{1, 1+A}+max{0, (-1+A)*(-2+max{2*2, 2*max{1, A}})}+max{3, 4+2*A}+max{0, -1+A}+max{0, -4+max{2*2, 2*A}} [O(n^2)]
  6: lbl101->lbl101: max{0, -4+max{2*2, 2*A}}+max{0, (-1+A)*(-2+max{2*2, 2*max{1, A}})} [O(n^2)]
  7: lbl101->lbl121: max{0, -1+A} [O(n)]
  3: lbl121->stop: 1 [O(1)]
  4: lbl121->lbl121: max{1, 1+A} [O(n)]
  5: lbl121->lbl101: max{3, 4+2*A} [O(n)]
  0: start->stop: 1 [O(1)]
  1: start->lbl121: 1 [O(1)]
  2: start->lbl101: 1 [O(1)]
  8: start0->start: 1 [O(1)]

Costbounds:
  Overall costbound: 5+max{1, 1+A}+max{0, (-1+A)*(-2+max{2*2, 2*max{1, A}})}+max{3, 4+2*A}+max{0, -1+A}+max{0, -4+max{2*2, 2*A}} [O(n^2)]
  6: lbl101->lbl101: max{0, -4+max{2*2, 2*A}}+max{0, (-1+A)*(-2+max{2*2, 2*max{1, A}})} [O(n^2)]
  7: lbl101->lbl121: max{0, -1+A} [O(n)]
  3: lbl121->stop: 1 [O(1)]
  4: lbl121->lbl121: max{1, 1+A} [O(n)]
  5: lbl121->lbl101: max{3, 4+2*A} [O(n)]
  0: start->stop: 1 [O(1)]
  1: start->lbl121: 1 [O(1)]
  2: start->lbl101: 1 [O(1)]
  8: start0->start: 1 [O(1)]

Sizebounds:
`Lower:
  6: lbl101->lbl101, A: 0 [O(1)]
  6: lbl101->lbl101, B: 0 [O(1)]
  6: lbl101->lbl101, C: -max{0, -C} [O(n)]
  6: lbl101->lbl101, D: 3 [O(1)]
  6: lbl101->lbl101, E: -max{0, -E} [O(n)]
  6: lbl101->lbl101, F: 3 [O(1)]
  7: lbl101->lbl121, A: 0 [O(1)]
  7: lbl101->lbl121, B: 2 [O(1)]
  7: lbl101->lbl121, C: -max{0, -C} [O(n)]
  7: lbl101->lbl121, D: 1 [O(1)]
  7: lbl101->lbl121, E: -max{0, -E} [O(n)]
  7: lbl101->lbl121, F: 2 [O(1)]
  3: lbl121->stop, A: 0 [O(1)]
  3: lbl121->stop, B: 1 [O(1)]
  3: lbl121->stop, C: -max{0, -C} [O(n)]
  3: lbl121->stop, D: -1 [O(1)]
  3: lbl121->stop, E: -max{0, -E} [O(n)]
  3: lbl121->stop, F: 0 [O(1)]
  4: lbl121->lbl121, A: 0 [O(1)]
  4: lbl121->lbl121, B: 1 [O(1)]
  4: lbl121->lbl121, C: -max{0, -C} [O(n)]
  4: lbl121->lbl121, D: -1 [O(1)]
  4: lbl121->lbl121, E: -max{0, -E} [O(n)]
  4: lbl121->lbl121, F: 1 [O(1)]
  5: lbl121->lbl101, A: 0 [O(1)]
  5: lbl121->lbl101, B: 2 [O(1)]
  5: lbl121->lbl101, C: -max{0, -C} [O(n)]
  5: lbl121->lbl101, D: 2 [O(1)]
  5: lbl121->lbl101, E: -max{0, -E} [O(n)]
  5: lbl121->lbl101, F: 3 [O(1)]
  0: start->stop, A: A [O(n)]
  0: start->stop, B: C [O(n)]
  0: start->stop, C: C [O(n)]
  0: start->stop, D: A [O(n)]
  0: start->stop, E: E [O(n)]
  0: start->stop, F: A [O(n)]
  1: start->lbl121, A: 0 [O(1)]
  1: start->lbl121, B: 1 [O(1)]
  1: start->lbl121, C: C [O(n)]
  1: start->lbl121, D: -1 [O(1)]
  1: start->lbl121, E: E [O(n)]
  1: start->lbl121, F: 0 [O(1)]
  2: start->lbl101, A: 2 [O(1)]
  2: start->lbl101, B: 2 [O(1)]
  2: start->lbl101, C: C [O(n)]
  2: start->lbl101, D: 2 [O(1)]
  2: start->lbl101, E: E [O(n)]
  2: start->lbl101, F: 2 [O(1)]
  8: start0->start, A: A [O(n)]
  8: start0->start, B: C [O(n)]
  8: start0->start, C: C [O(n)]
  8: start0->start, D: E [O(n)]
  8: start0->start, E: E [O(n)]
  8: start0->start, F: A [O(n)]
`Upper:
  6: lbl101->lbl101, A: max{1, A} [O(n)]
  6: lbl101->lbl101, B: (max{0, -4+max{2*2, 2*A}}+max{0, (-1+A)*(-2+max{2*2, 2*max{1, A}})})*max{1, A}+max{2, A} [O(n^3)]
  6: lbl101->lbl101, C: max{0, C} [O(n)]
  6: lbl101->lbl101, D: max{1, A} [O(n)]
  6: lbl101->lbl101, E: max{0, E} [O(n)]
  6: lbl101->lbl101, F: max{1, A} [O(n)]
  7: lbl101->lbl121, A: max{1, A} [O(n)]
  7: lbl101->lbl121, B: max{2, (max{0, -4+max{2*2, 2*A}}+max{0, (-1+A)*(-2+max{2*2, 2*max{1, A}})})*max{1, A}+max{2, A}} [O(n^3)]
  7: lbl101->lbl121, C: max{0, C} [O(n)]
  7: lbl101->lbl121, D: max{0, -1+A} [O(n)]
  7: lbl101->lbl121, E: max{0, E} [O(n)]
  7: lbl101->lbl121, F: max{1, A} [O(n)]
  3: lbl121->stop, A: max{1, 1, A} [O(n)]
  3: lbl121->stop, B: max{1, 2, (max{0, -4+max{2*2, 2*A}}+max{0, (-1+A)*(-2+max{2*2, 2*max{1, A}})})*max{1, A}+max{2, A}} [O(n^3)]
  3: lbl121->stop, C: max{0, C} [O(n)]
  3: lbl121->stop, D: -1 [O(1)]
  3: lbl121->stop, E: max{0, E} [O(n)]
  3: lbl121->stop, F: max{1, 1, A} [O(n)]
  4: lbl121->lbl121, A: max{1, A} [O(n)]
  4: lbl121->lbl121, B: 1 [O(1)]
  4: lbl121->lbl121, C: max{0, C} [O(n)]
  4: lbl121->lbl121, D: 0 [O(1)]
  4: lbl121->lbl121, E: max{0, E} [O(n)]
  4: lbl121->lbl121, F: max{1, 1, A} [O(n)]
  5: lbl121->lbl101, A: max{1, A} [O(n)]
  5: lbl121->lbl101, B: 2 [O(1)]
  5: lbl121->lbl101, C: max{0, C} [O(n)]
  5: lbl121->lbl101, D: max{0, -1+A} [O(n)]
  5: lbl121->lbl101, E: max{0, E} [O(n)]
  5: lbl121->lbl101, F: max{1, 1, A} [O(n)]
  0: start->stop, A: -1 [O(1)]
  0: start->stop, B: C [O(n)]
  0: start->stop, C: C [O(n)]
  0: start->stop, D: -1 [O(1)]
  0: start->stop, E: E [O(n)]
  0: start->stop, F: -1 [O(1)]
  1: start->lbl121, A: 1 [O(1)]
  1: start->lbl121, B: 1 [O(1)]
  1: start->lbl121, C: C [O(n)]
  1: start->lbl121, D: 0 [O(1)]
  1: start->lbl121, E: E [O(n)]
  1: start->lbl121, F: 1 [O(1)]
  2: start->lbl101, A: A [O(n)]
  2: start->lbl101, B: 2 [O(1)]
  2: start->lbl101, C: C [O(n)]
  2: start->lbl101, D: A [O(n)]
  2: start->lbl101, E: E [O(n)]
  2: start->lbl101, F: A [O(n)]
  8: start0->start, A: A [O(n)]
  8: start0->start, B: C [O(n)]
  8: start0->start, C: C [O(n)]
  8: start0->start, D: E [O(n)]
  8: start0->start, E: E [O(n)]
  8: start0->start, F: A [O(n)]
