Timebounds: 
  Overall timebound: inf [Infinity]
  12: lbl111->lbl111: max{0, 90-A} [O(n)]
  14: lbl111->lbl161: 1 [O(1)]
  15: lbl111->lbl221: 1 [O(1)]
  16: lbl111->lbl221: 1 [O(1)]
  17: lbl111->lbl221: 1 [O(1)]
  2: lbl161->stop: 1 [O(1)]
  8: lbl221->lbl161: 1 [O(1)]
  9: lbl221->lbl221: inf [Infinity]
  10: lbl221->lbl221: inf [Infinity]
  11: lbl221->lbl221: inf [Infinity]
  0: start->stop: 1 [O(1)]
  1: start->lbl111: 1 [O(1)]
  18: start0->start: 1 [O(1)]

Costbounds:
  Overall costbound: inf [Infinity]
  12: lbl111->lbl111: max{0, 90-A} [O(n)]
  14: lbl111->lbl161: 1 [O(1)]
  15: lbl111->lbl221: 1 [O(1)]
  16: lbl111->lbl221: 1 [O(1)]
  17: lbl111->lbl221: 1 [O(1)]
  2: lbl161->stop: 1 [O(1)]
  8: lbl221->lbl161: 1 [O(1)]
  9: lbl221->lbl221: inf [Infinity]
  10: lbl221->lbl221: inf [Infinity]
  11: lbl221->lbl221: inf [Infinity]
  0: start->stop: 1 [O(1)]
  1: start->lbl111: 1 [O(1)]
  18: start0->start: 1 [O(1)]

Sizebounds:
`Lower:
  12: lbl111->lbl111, A: -inf [Infinity]
  12: lbl111->lbl111, B: C [O(n)]
  12: lbl111->lbl111, C: C [O(n)]
  12: lbl111->lbl111, D: 3 [O(1)]
  12: lbl111->lbl111, E: E [O(n)]
  12: lbl111->lbl111, F: -inf [Infinity]
  12: lbl111->lbl111, G: G [O(n)]
  12: lbl111->lbl111, H: -inf [Infinity]
  14: lbl111->lbl161, A: 100 [O(1)]
  14: lbl111->lbl161, B: 91 [O(1)]
  14: lbl111->lbl161, C: C [O(n)]
  14: lbl111->lbl161, D: 1 [O(1)]
  14: lbl111->lbl161, E: E [O(n)]
  14: lbl111->lbl161, F: 101 [O(1)]
  14: lbl111->lbl161, G: G [O(n)]
  14: lbl111->lbl161, H: 100 [O(1)]
  15: lbl111->lbl221, A: -inf [Infinity]
  15: lbl111->lbl221, B: C [O(n)]
  15: lbl111->lbl221, C: C [O(n)]
  15: lbl111->lbl221, D: 3 [O(1)]
  15: lbl111->lbl221, E: E [O(n)]
  15: lbl111->lbl221, F: 102 [O(1)]
  15: lbl111->lbl221, G: G [O(n)]
  15: lbl111->lbl221, H: -inf [Infinity]
  16: lbl111->lbl221, A: -inf [Infinity]
  16: lbl111->lbl221, B: C [O(n)]
  16: lbl111->lbl221, C: C [O(n)]
  16: lbl111->lbl221, D: 2 [O(1)]
  16: lbl111->lbl221, E: E [O(n)]
  16: lbl111->lbl221, F: 102 [O(1)]
  16: lbl111->lbl221, G: G [O(n)]
  16: lbl111->lbl221, H: -inf [Infinity]
  17: lbl111->lbl221, A: -inf [Infinity]
  17: lbl111->lbl221, B: C [O(n)]
  17: lbl111->lbl221, C: C [O(n)]
  17: lbl111->lbl221, D: 2 [O(1)]
  17: lbl111->lbl221, E: E [O(n)]
  17: lbl111->lbl221, F: 102 [O(1)]
  17: lbl111->lbl221, G: G [O(n)]
  17: lbl111->lbl221, H: -inf [Infinity]
  2: lbl161->stop, A: -inf [Infinity]
  2: lbl161->stop, B: 91 [O(1)]
  2: lbl161->stop, C: C [O(n)]
  2: lbl161->stop, D: 1 [O(1)]
  2: lbl161->stop, E: E [O(n)]
  2: lbl161->stop, F: 101 [O(1)]
  2: lbl161->stop, G: G [O(n)]
  2: lbl161->stop, H: -inf [Infinity]
  8: lbl221->lbl161, A: -inf [Infinity]
  8: lbl221->lbl161, B: 91 [O(1)]
  8: lbl221->lbl161, C: C [O(n)]
  8: lbl221->lbl161, D: 1 [O(1)]
  8: lbl221->lbl161, E: E [O(n)]
  8: lbl221->lbl161, F: 101 [O(1)]
  8: lbl221->lbl161, G: G [O(n)]
  8: lbl221->lbl161, H: -inf [Infinity]
  9: lbl221->lbl221, A: -inf [Infinity]
  9: lbl221->lbl221, B: C [O(n)]
  9: lbl221->lbl221, C: C [O(n)]
  9: lbl221->lbl221, D: 3 [O(1)]
  9: lbl221->lbl221, E: E [O(n)]
  9: lbl221->lbl221, F: 103 [O(1)]
  9: lbl221->lbl221, G: G [O(n)]
  9: lbl221->lbl221, H: -inf [Infinity]
  10: lbl221->lbl221, A: -inf [Infinity]
  10: lbl221->lbl221, B: C [O(n)]
  10: lbl221->lbl221, C: C [O(n)]
  10: lbl221->lbl221, D: 2 [O(1)]
  10: lbl221->lbl221, E: E [O(n)]
  10: lbl221->lbl221, F: 103 [O(1)]
  10: lbl221->lbl221, G: G [O(n)]
  10: lbl221->lbl221, H: -inf [Infinity]
  11: lbl221->lbl221, A: -inf [Infinity]
  11: lbl221->lbl221, B: C [O(n)]
  11: lbl221->lbl221, C: C [O(n)]
  11: lbl221->lbl221, D: 2 [O(1)]
  11: lbl221->lbl221, E: E [O(n)]
  11: lbl221->lbl221, F: 102 [O(1)]
  11: lbl221->lbl221, G: G [O(n)]
  11: lbl221->lbl221, H: -inf [Infinity]
  0: start->stop, A: 101 [O(1)]
  0: start->stop, B: 91 [O(1)]
  0: start->stop, C: C [O(n)]
  0: start->stop, D: 1 [O(1)]
  0: start->stop, E: E [O(n)]
  0: start->stop, F: 101 [O(1)]
  0: start->stop, G: G [O(n)]
  0: start->stop, H: 101 [O(1)]
  1: start->lbl111, A: A [O(n)]
  1: start->lbl111, B: C [O(n)]
  1: start->lbl111, C: C [O(n)]
  1: start->lbl111, D: 2 [O(1)]
  1: start->lbl111, E: E [O(n)]
  1: start->lbl111, F: 11+A [O(n)]
  1: start->lbl111, G: G [O(n)]
  1: start->lbl111, H: A [O(n)]
  18: start0->start, A: A [O(n)]
  18: start0->start, B: C [O(n)]
  18: start0->start, C: C [O(n)]
  18: start0->start, D: E [O(n)]
  18: start0->start, E: E [O(n)]
  18: start0->start, F: G [O(n)]
  18: start0->start, G: G [O(n)]
  18: start0->start, H: A [O(n)]
`Upper:
  12: lbl111->lbl111, A: 89 [O(1)]
  12: lbl111->lbl111, B: C [O(n)]
  12: lbl111->lbl111, C: C [O(n)]
  12: lbl111->lbl111, D: inf [Infinity]
  12: lbl111->lbl111, E: E [O(n)]
  12: lbl111->lbl111, F: 111 [O(1)]
  12: lbl111->lbl111, G: G [O(n)]
  12: lbl111->lbl111, H: 89 [O(1)]
  14: lbl111->lbl161, A: 100 [O(1)]
  14: lbl111->lbl161, B: 91 [O(1)]
  14: lbl111->lbl161, C: C [O(n)]
  14: lbl111->lbl161, D: 1 [O(1)]
  14: lbl111->lbl161, E: E [O(n)]
  14: lbl111->lbl161, F: 101 [O(1)]
  14: lbl111->lbl161, G: G [O(n)]
  14: lbl111->lbl161, H: 100 [O(1)]
  15: lbl111->lbl221, A: 88 [O(1)]
  15: lbl111->lbl221, B: C [O(n)]
  15: lbl111->lbl221, C: C [O(n)]
  15: lbl111->lbl221, D: inf [Infinity]
  15: lbl111->lbl221, E: E [O(n)]
  15: lbl111->lbl221, F: 111 [O(1)]
  15: lbl111->lbl221, G: G [O(n)]
  15: lbl111->lbl221, H: 88 [O(1)]
  16: lbl111->lbl221, A: 99 [O(1)]
  16: lbl111->lbl221, B: C [O(n)]
  16: lbl111->lbl221, C: C [O(n)]
  16: lbl111->lbl221, D: inf [Infinity]
  16: lbl111->lbl221, E: E [O(n)]
  16: lbl111->lbl221, F: 111 [O(1)]
  16: lbl111->lbl221, G: G [O(n)]
  16: lbl111->lbl221, H: 99 [O(1)]
  17: lbl111->lbl221, A: 89 [O(1)]
  17: lbl111->lbl221, B: C [O(n)]
  17: lbl111->lbl221, C: C [O(n)]
  17: lbl111->lbl221, D: inf [Infinity]
  17: lbl111->lbl221, E: E [O(n)]
  17: lbl111->lbl221, F: 102 [O(1)]
  17: lbl111->lbl221, G: G [O(n)]
  17: lbl111->lbl221, H: 89 [O(1)]
  2: lbl161->stop, A: 89 [O(1)]
  2: lbl161->stop, B: 91 [O(1)]
  2: lbl161->stop, C: C [O(n)]
  2: lbl161->stop, D: 1 [O(1)]
  2: lbl161->stop, E: E [O(n)]
  2: lbl161->stop, F: 101 [O(1)]
  2: lbl161->stop, G: G [O(n)]
  2: lbl161->stop, H: 89 [O(1)]
  8: lbl221->lbl161, A: 89 [O(1)]
  8: lbl221->lbl161, B: 91 [O(1)]
  8: lbl221->lbl161, C: C [O(n)]
  8: lbl221->lbl161, D: 1 [O(1)]
  8: lbl221->lbl161, E: E [O(n)]
  8: lbl221->lbl161, F: 101 [O(1)]
  8: lbl221->lbl161, G: G [O(n)]
  8: lbl221->lbl161, H: 89 [O(1)]
  9: lbl221->lbl221, A: 87 [O(1)]
  9: lbl221->lbl221, B: C [O(n)]
  9: lbl221->lbl221, C: C [O(n)]
  9: lbl221->lbl221, D: inf [Infinity]
  9: lbl221->lbl221, E: E [O(n)]
  9: lbl221->lbl221, F: 111 [O(1)]
  9: lbl221->lbl221, G: G [O(n)]
  9: lbl221->lbl221, H: 87 [O(1)]
  10: lbl221->lbl221, A: 89 [O(1)]
  10: lbl221->lbl221, B: C [O(n)]
  10: lbl221->lbl221, C: C [O(n)]
  10: lbl221->lbl221, D: inf [Infinity]
  10: lbl221->lbl221, E: E [O(n)]
  10: lbl221->lbl221, F: 111 [O(1)]
  10: lbl221->lbl221, G: G [O(n)]
  10: lbl221->lbl221, H: 89 [O(1)]
  11: lbl221->lbl221, A: 88 [O(1)]
  11: lbl221->lbl221, B: C [O(n)]
  11: lbl221->lbl221, C: C [O(n)]
  11: lbl221->lbl221, D: inf [Infinity]
  11: lbl221->lbl221, E: E [O(n)]
  11: lbl221->lbl221, F: 102 [O(1)]
  11: lbl221->lbl221, G: G [O(n)]
  11: lbl221->lbl221, H: 88 [O(1)]
  0: start->stop, A: A [O(n)]
  0: start->stop, B: -10+A [O(n)]
  0: start->stop, C: C [O(n)]
  0: start->stop, D: 1 [O(1)]
  0: start->stop, E: E [O(n)]
  0: start->stop, F: A [O(n)]
  0: start->stop, G: G [O(n)]
  0: start->stop, H: A [O(n)]
  1: start->lbl111, A: 100 [O(1)]
  1: start->lbl111, B: C [O(n)]
  1: start->lbl111, C: C [O(n)]
  1: start->lbl111, D: 2 [O(1)]
  1: start->lbl111, E: E [O(n)]
  1: start->lbl111, F: 111 [O(1)]
  1: start->lbl111, G: G [O(n)]
  1: start->lbl111, H: 100 [O(1)]
  18: start0->start, A: A [O(n)]
  18: start0->start, B: C [O(n)]
  18: start0->start, C: C [O(n)]
  18: start0->start, D: E [O(n)]
  18: start0->start, E: E [O(n)]
  18: start0->start, F: G [O(n)]
  18: start0->start, G: G [O(n)]
  18: start0->start, H: A [O(n)]
