Timebounds: 
  Overall timebound: 144 [O(1)]
  5: cut->lbl51: 9 [O(1)]
  1: lbl51->stop: 1 [O(1)]
  2: lbl51->stop: 1 [O(1)]
  3: lbl51->cut: 130 [O(1)]
  4: lbl51->stop: 1 [O(1)]
  0: start->lbl51: 1 [O(1)]
  6: start0->start: 1 [O(1)]

Costbounds:
  Overall costbound: 144 [O(1)]
  5: cut->lbl51: 9 [O(1)]
  1: lbl51->stop: 1 [O(1)]
  2: lbl51->stop: 1 [O(1)]
  3: lbl51->cut: 130 [O(1)]
  4: lbl51->stop: 1 [O(1)]
  0: start->lbl51: 1 [O(1)]
  6: start0->start: 1 [O(1)]

Sizebounds:
`Lower:
  5: cut->lbl51, B: -max{0, -B} [O(n)]
  5: cut->lbl51, C: 1 [O(1)]
  5: cut->lbl51, D: -max{0, -D} [O(n)]
  1: lbl51->stop, B: -max{0, -B} [O(n)]
  1: lbl51->stop, C: 0 [O(1)]
  1: lbl51->stop, D: -max{0, -D} [O(n)]
  2: lbl51->stop, A: 3 [O(1)]
  2: lbl51->stop, B: -max{0, -B} [O(n)]
  2: lbl51->stop, C: 0 [O(1)]
  2: lbl51->stop, D: -max{0, -D} [O(n)]
  3: lbl51->cut, A: 1 [O(1)]
  3: lbl51->cut, B: -max{0, -B} [O(n)]
  3: lbl51->cut, C: 0 [O(1)]
  3: lbl51->cut, D: -max{0, -D} [O(n)]
  4: lbl51->stop, A: 10 [O(1)]
  4: lbl51->stop, B: -max{0, -B} [O(n)]
  4: lbl51->stop, C: 8 [O(1)]
  4: lbl51->stop, D: -max{0, -D} [O(n)]
  0: start->lbl51, B: B [O(n)]
  0: start->lbl51, C: 0 [O(1)]
  0: start->lbl51, D: D [O(n)]
  6: start0->start, A: B [O(n)]
  6: start0->start, B: B [O(n)]
  6: start0->start, C: D [O(n)]
  6: start0->start, D: D [O(n)]
`Upper:
  5: cut->lbl51, B: max{0, B} [O(n)]
  5: cut->lbl51, C: 9 [O(1)]
  5: cut->lbl51, D: max{0, D} [O(n)]
  1: lbl51->stop, A: 9 [O(1)]
  1: lbl51->stop, B: max{0, B} [O(n)]
  1: lbl51->stop, C: 9 [O(1)]
  1: lbl51->stop, D: max{0, D} [O(n)]
  2: lbl51->stop, B: max{0, B} [O(n)]
  2: lbl51->stop, C: 9 [O(1)]
  2: lbl51->stop, D: max{0, D} [O(n)]
  3: lbl51->cut, A: 9 [O(1)]
  3: lbl51->cut, B: max{0, B} [O(n)]
  3: lbl51->cut, C: 8 [O(1)]
  3: lbl51->cut, D: max{0, D} [O(n)]
  4: lbl51->stop, A: 11 [O(1)]
  4: lbl51->stop, B: max{0, B} [O(n)]
  4: lbl51->stop, C: 9 [O(1)]
  4: lbl51->stop, D: max{0, D} [O(n)]
  0: start->lbl51, B: B [O(n)]
  0: start->lbl51, C: 0 [O(1)]
  0: start->lbl51, D: D [O(n)]
  6: start0->start, A: B [O(n)]
  6: start0->start, B: B [O(n)]
  6: start0->start, C: D [O(n)]
  6: start0->start, D: D [O(n)]
