Timebounds: 
  Overall timebound: max{4, 1+2+A} [O(n)]
  2: lbl32->stop: 1 [O(1)]
  3: lbl32->lbl32: max{0, -1+A} [O(n)]
  0: start->stop: 1 [O(1)]
  1: start->lbl32: 1 [O(1)]
  4: start0->start: 1 [O(1)]

Costbounds:
  Overall costbound: max{4, 1+2+A} [O(n)]
  2: lbl32->stop: 1 [O(1)]
  3: lbl32->lbl32: max{0, -1+A} [O(n)]
  0: start->stop: 1 [O(1)]
  1: start->lbl32: 1 [O(1)]
  4: start0->start: 1 [O(1)]

Sizebounds:
`Lower:
  2: lbl32->stop, A: 2 [O(1)]
  2: lbl32->stop, B: C [O(n)]
  2: lbl32->stop, C: C [O(n)]
  2: lbl32->stop, D: 1 [O(1)]
  3: lbl32->lbl32, A: 3 [O(1)]
  3: lbl32->lbl32, B: C [O(n)]
  3: lbl32->lbl32, C: C [O(n)]
  3: lbl32->lbl32, D: 1 [O(1)]
  0: start->stop, A: A [O(n)]
  0: start->stop, B: C [O(n)]
  0: start->stop, C: C [O(n)]
  0: start->stop, D: A [O(n)]
  1: start->lbl32, A: 2 [O(1)]
  1: start->lbl32, B: C [O(n)]
  1: start->lbl32, C: C [O(n)]
  1: start->lbl32, D: 1 [O(1)]
  4: start0->start, A: A [O(n)]
  4: start0->start, B: C [O(n)]
  4: start0->start, C: C [O(n)]
  4: start0->start, D: A [O(n)]
`Upper:
  2: lbl32->stop, A: A [O(n)]
  2: lbl32->stop, B: C [O(n)]
  2: lbl32->stop, C: C [O(n)]
  2: lbl32->stop, D: 1 [O(1)]
  3: lbl32->lbl32, A: A [O(n)]
  3: lbl32->lbl32, B: C [O(n)]
  3: lbl32->lbl32, C: C [O(n)]
  3: lbl32->lbl32, D: -1+A [O(n)]
  0: start->stop, A: 1 [O(1)]
  0: start->stop, B: C [O(n)]
  0: start->stop, C: C [O(n)]
  0: start->stop, D: 1 [O(1)]
  1: start->lbl32, A: A [O(n)]
  1: start->lbl32, B: C [O(n)]
  1: start->lbl32, C: C [O(n)]
  1: start->lbl32, D: -1+A [O(n)]
  4: start0->start, A: A [O(n)]
  4: start0->start, B: C [O(n)]
  4: start0->start, C: C [O(n)]
  4: start0->start, D: A [O(n)]
