Timebounds: 
  Overall timebound: inf [Infinity]
  14: lbl111->lbl121: max{1, -2, 1+-3+3*A} [O(n)]
  15: lbl111->lbl111: max{0, -1+A}+max{0, -3, -3+3*A} [O(n)]
  11: lbl121->lbl131: 2*max{5, 5*C}+max{0, max{-4, -4+4*A}+max{5, 5*C}} [O(n)]
  12: lbl121->lbl121: inf [Infinity]
  7: lbl131->stop: 1 [O(1)]
  8: lbl131->lbl131: max{0, -1+C}+max{0, C}+max{0, -1+C} [O(n)]
  9: lbl131->lbl121: 2*max{0, -1+C}+max{0, -1+C} [O(n)]
  10: lbl131->lbl111: max{0, -1+A} [O(n)]
  0: start->stop: 1 [O(1)]
  1: start->stop: 1 [O(1)]
  2: start->stop: 1 [O(1)]
  3: start->stop: 1 [O(1)]
  4: start->lbl131: 1 [O(1)]
  5: start->lbl121: 1 [O(1)]
  6: start->lbl111: 1 [O(1)]
  16: start0->start: 1 [O(1)]

Costbounds:
  Overall costbound: inf [Infinity]
  14: lbl111->lbl121: max{1, -2, -2+3*A} [O(n)]
  15: lbl111->lbl111: max{0, -1+A}+max{0, -3, -3+3*A} [O(n)]
  11: lbl121->lbl131: 2*max{5, 5*C}+max{0, max{-4, -4+4*A}+max{5, 5*C}} [O(n)]
  12: lbl121->lbl121: inf [Infinity]
  7: lbl131->stop: 1 [O(1)]
  8: lbl131->lbl131: max{0, -1+C}+max{0, C}+max{0, -1+C} [O(n)]
  9: lbl131->lbl121: 2*max{0, -1+C}+max{0, -1+C} [O(n)]
  10: lbl131->lbl111: max{0, -1+A} [O(n)]
  0: start->stop: 1 [O(1)]
  1: start->stop: 1 [O(1)]
  2: start->stop: 1 [O(1)]
  3: start->stop: 1 [O(1)]
  4: start->lbl131: 1 [O(1)]
  5: start->lbl121: 1 [O(1)]
  6: start->lbl111: 1 [O(1)]
  16: start0->start: 1 [O(1)]

Sizebounds:
`Lower:
  14: lbl111->lbl121, A: 1 [O(1)]
  14: lbl111->lbl121, B: 1 [O(1)]
  14: lbl111->lbl121, C: 1 [O(1)]
  14: lbl111->lbl121, D: 1 [O(1)]
  14: lbl111->lbl121, E: 1 [O(1)]
  14: lbl111->lbl121, F: 1 [O(1)]
  14: lbl111->lbl121, G: G [O(n)]
  14: lbl111->lbl121, H: 1 [O(1)]
  14: lbl111->lbl121, I: I [O(n)]
  14: lbl111->lbl121, J: 1 [O(1)]
  14: lbl111->lbl121, K: K [O(n)]
  14: lbl111->lbl121, L: 1 [O(1)]
  15: lbl111->lbl111, A: 2 [O(1)]
  15: lbl111->lbl111, B: 1 [O(1)]
  15: lbl111->lbl111, C: 1 [O(1)]
  15: lbl111->lbl111, D: 1 [O(1)]
  15: lbl111->lbl111, E: 1 [O(1)]
  15: lbl111->lbl111, F: 2 [O(1)]
  15: lbl111->lbl111, G: G [O(n)]
  15: lbl111->lbl111, H: 1 [O(1)]
  15: lbl111->lbl111, I: I [O(n)]
  15: lbl111->lbl111, J: 0 [O(1)]
  15: lbl111->lbl111, K: K [O(n)]
  15: lbl111->lbl111, L: 2 [O(1)]
  11: lbl121->lbl131, A: 0 [O(1)]
  11: lbl121->lbl131, B: 1 [O(1)]
  11: lbl121->lbl131, C: 1 [O(1)]
  11: lbl121->lbl131, D: 1 [O(1)]
  11: lbl121->lbl131, E: 1 [O(1)]
  11: lbl121->lbl131, F: 0 [O(1)]
  11: lbl121->lbl131, G: G [O(n)]
  11: lbl121->lbl131, H: 1 [O(1)]
  11: lbl121->lbl131, I: I [O(n)]
  11: lbl121->lbl131, J: 1 [O(1)]
  11: lbl121->lbl131, K: K [O(n)]
  11: lbl121->lbl131, L: 0 [O(1)]
  12: lbl121->lbl121, A: 0 [O(1)]
  12: lbl121->lbl121, B: 1 [O(1)]
  12: lbl121->lbl121, C: 1 [O(1)]
  12: lbl121->lbl121, D: 2 [O(1)]
  12: lbl121->lbl121, E: 2 [O(1)]
  12: lbl121->lbl121, F: 0 [O(1)]
  12: lbl121->lbl121, G: G [O(n)]
  12: lbl121->lbl121, H: 2 [O(1)]
  12: lbl121->lbl121, I: I [O(n)]
  12: lbl121->lbl121, J: 0 [O(1)]
  12: lbl121->lbl121, K: K [O(n)]
  12: lbl121->lbl121, L: 0 [O(1)]
  7: lbl131->stop, A: 0 [O(1)]
  7: lbl131->stop, B: 1 [O(1)]
  7: lbl131->stop, C: 1 [O(1)]
  7: lbl131->stop, D: 0 [O(1)]
  7: lbl131->stop, E: 0 [O(1)]
  7: lbl131->stop, F: -max{0, -G} [O(n)]
  7: lbl131->stop, G: G [O(n)]
  7: lbl131->stop, H: 0 [O(1)]
  7: lbl131->stop, I: I [O(n)]
  7: lbl131->stop, J: 1 [O(1)]
  7: lbl131->stop, K: K [O(n)]
  7: lbl131->stop, L: 0 [O(1)]
  8: lbl131->lbl131, A: 0 [O(1)]
  8: lbl131->lbl131, B: 2 [O(1)]
  8: lbl131->lbl131, C: 2 [O(1)]
  8: lbl131->lbl131, D: 0 [O(1)]
  8: lbl131->lbl131, E: 0 [O(1)]
  8: lbl131->lbl131, F: G [O(n)]
  8: lbl131->lbl131, G: G [O(n)]
  8: lbl131->lbl131, H: 0 [O(1)]
  8: lbl131->lbl131, I: I [O(n)]
  8: lbl131->lbl131, J: 2 [O(1)]
  8: lbl131->lbl131, K: K [O(n)]
  8: lbl131->lbl131, L: 0 [O(1)]
  9: lbl131->lbl121, A: 0 [O(1)]
  9: lbl131->lbl121, B: 2 [O(1)]
  9: lbl131->lbl121, C: 2 [O(1)]
  9: lbl131->lbl121, D: 1 [O(1)]
  9: lbl131->lbl121, E: 1 [O(1)]
  9: lbl131->lbl121, F: 1 [O(1)]
  9: lbl131->lbl121, G: G [O(n)]
  9: lbl131->lbl121, H: 1 [O(1)]
  9: lbl131->lbl121, I: I [O(n)]
  9: lbl131->lbl121, J: 1 [O(1)]
  9: lbl131->lbl121, K: K [O(n)]
  9: lbl131->lbl121, L: 0 [O(1)]
  10: lbl131->lbl111, A: inf [Infinity]
  10: lbl131->lbl111, B: inf [Infinity]
  10: lbl131->lbl111, C: inf [Infinity]
  10: lbl131->lbl111, D: inf [Infinity]
  10: lbl131->lbl111, E: inf [Infinity]
  10: lbl131->lbl111, F: inf [Infinity]
  10: lbl131->lbl111, G: inf [Infinity]
  10: lbl131->lbl111, H: inf [Infinity]
  10: lbl131->lbl111, I: inf [Infinity]
  10: lbl131->lbl111, J: inf [Infinity]
  10: lbl131->lbl111, K: inf [Infinity]
  10: lbl131->lbl111, L: inf [Infinity]
  0: start->stop, A: A [O(n)]
  0: start->stop, B: C [O(n)]
  0: start->stop, C: C [O(n)]
  0: start->stop, D: E [O(n)]
  0: start->stop, E: E [O(n)]
  0: start->stop, F: G [O(n)]
  0: start->stop, G: G [O(n)]
  0: start->stop, H: I [O(n)]
  0: start->stop, I: I [O(n)]
  0: start->stop, J: K [O(n)]
  0: start->stop, K: K [O(n)]
  0: start->stop, L: A [O(n)]
  1: start->stop, A: A [O(n)]
  1: start->stop, B: C [O(n)]
  1: start->stop, C: C [O(n)]
  1: start->stop, D: E [O(n)]
  1: start->stop, E: E [O(n)]
  1: start->stop, F: G [O(n)]
  1: start->stop, G: G [O(n)]
  1: start->stop, H: I [O(n)]
  1: start->stop, I: I [O(n)]
  1: start->stop, J: K [O(n)]
  1: start->stop, K: K [O(n)]
  1: start->stop, L: A [O(n)]
  2: start->stop, A: A [O(n)]
  2: start->stop, B: C [O(n)]
  2: start->stop, C: C [O(n)]
  2: start->stop, D: E [O(n)]
  2: start->stop, E: E [O(n)]
  2: start->stop, F: G [O(n)]
  2: start->stop, G: G [O(n)]
  2: start->stop, H: I [O(n)]
  2: start->stop, I: I [O(n)]
  2: start->stop, J: K [O(n)]
  2: start->stop, K: K [O(n)]
  2: start->stop, L: A [O(n)]
  3: start->stop, A: 0 [O(1)]
  3: start->stop, B: 0 [O(1)]
  3: start->stop, C: 0 [O(1)]
  3: start->stop, D: 0 [O(1)]
  3: start->stop, E: 0 [O(1)]
  3: start->stop, F: G [O(n)]
  3: start->stop, G: G [O(n)]
  3: start->stop, H: I [O(n)]
  3: start->stop, I: I [O(n)]
  3: start->stop, J: 0 [O(1)]
  3: start->stop, K: K [O(n)]
  3: start->stop, L: 0 [O(1)]
  4: start->lbl131, A: 0 [O(1)]
  4: start->lbl131, B: 1 [O(1)]
  4: start->lbl131, C: 1 [O(1)]
  4: start->lbl131, D: 0 [O(1)]
  4: start->lbl131, E: 0 [O(1)]
  4: start->lbl131, F: G [O(n)]
  4: start->lbl131, G: G [O(n)]
  4: start->lbl131, H: 0 [O(1)]
  4: start->lbl131, I: I [O(n)]
  4: start->lbl131, J: 1 [O(1)]
  4: start->lbl131, K: K [O(n)]
  4: start->lbl131, L: 0 [O(1)]
  5: start->lbl121, A: 0 [O(1)]
  5: start->lbl121, B: 1 [O(1)]
  5: start->lbl121, C: 1 [O(1)]
  5: start->lbl121, D: 1 [O(1)]
  5: start->lbl121, E: 1 [O(1)]
  5: start->lbl121, F: 0 [O(1)]
  5: start->lbl121, G: G [O(n)]
  5: start->lbl121, H: 1 [O(1)]
  5: start->lbl121, I: I [O(n)]
  5: start->lbl121, J: 0 [O(1)]
  5: start->lbl121, K: K [O(n)]
  5: start->lbl121, L: 0 [O(1)]
  6: start->lbl111, A: 1 [O(1)]
  6: start->lbl111, B: 1 [O(1)]
  6: start->lbl111, C: 1 [O(1)]
  6: start->lbl111, D: 1 [O(1)]
  6: start->lbl111, E: 1 [O(1)]
  6: start->lbl111, F: 1 [O(1)]
  6: start->lbl111, G: G [O(n)]
  6: start->lbl111, H: 1 [O(1)]
  6: start->lbl111, I: I [O(n)]
  6: start->lbl111, J: 0 [O(1)]
  6: start->lbl111, K: K [O(n)]
  6: start->lbl111, L: 1 [O(1)]
  16: start0->start, A: A [O(n)]
  16: start0->start, B: C [O(n)]
  16: start0->start, C: C [O(n)]
  16: start0->start, D: E [O(n)]
  16: start0->start, E: E [O(n)]
  16: start0->start, F: G [O(n)]
  16: start0->start, G: G [O(n)]
  16: start0->start, H: I [O(n)]
  16: start0->start, I: I [O(n)]
  16: start0->start, J: K [O(n)]
  16: start0->start, K: K [O(n)]
  16: start0->start, L: A [O(n)]
`Upper:
  14: lbl111->lbl121, A: A [O(n)]
  14: lbl111->lbl121, B: C [O(n)]
  14: lbl111->lbl121, C: C [O(n)]
  14: lbl111->lbl121, D: E [O(n)]
  14: lbl111->lbl121, E: E [O(n)]
  14: lbl111->lbl121, F: max{1, 1+max{0, -1+A}+max{0, -3, -3+3*A}} [O(n)]
  14: lbl111->lbl121, G: G [O(n)]
  14: lbl111->lbl121, H: 1 [O(1)]
  14: lbl111->lbl121, I: I [O(n)]
  14: lbl111->lbl121, J: max{1, 1+max{0, -1+A}+max{0, -3, -3+3*A}} [O(n)]
  14: lbl111->lbl121, K: K [O(n)]
  14: lbl111->lbl121, L: A [O(n)]
  15: lbl111->lbl111, A: A [O(n)]
  15: lbl111->lbl111, B: C [O(n)]
  15: lbl111->lbl111, C: C [O(n)]
  15: lbl111->lbl111, D: E [O(n)]
  15: lbl111->lbl111, E: E [O(n)]
  15: lbl111->lbl111, F: 1+max{0, -1+A}+max{0, -3, -3+3*A} [O(n)]
  15: lbl111->lbl111, G: G [O(n)]
  15: lbl111->lbl111, H: 1 [O(1)]
  15: lbl111->lbl111, I: I [O(n)]
  15: lbl111->lbl111, J: 0 [O(1)]
  15: lbl111->lbl111, K: K [O(n)]
  15: lbl111->lbl111, L: A [O(n)]
  11: lbl121->lbl131, A: max{0, A} [O(n)]
  11: lbl121->lbl131, B: C [O(n)]
  11: lbl121->lbl131, C: C [O(n)]
  11: lbl121->lbl131, D: E [O(n)]
  11: lbl121->lbl131, E: E [O(n)]
  11: lbl121->lbl131, F: max{1, 1, max{1+max{0, -1+A}+max{0, -3, -3+3*A}, 2*max{5, 5*C}+max{1, 1+max{0, -1+A}+max{0, -3, -3+3*A}}+max{0, max{-4, -4+4*A}+max{5, 5*C}}, 1+max{0, -1+A}+max{0, -3, -3+3*A}}} [O(n)]
  11: lbl121->lbl131, G: G [O(n)]
  11: lbl121->lbl131, I: I [O(n)]
  11: lbl121->lbl131, J: 2*max{5, 5*C}+max{1, 1+max{0, -1+A}+max{0, -3, -3+3*A}}+max{0, max{-4, -4+4*A}+max{5, 5*C}} [O(n)]
  11: lbl121->lbl131, K: K [O(n)]
  11: lbl121->lbl131, L: max{0, A} [O(n)]
  12: lbl121->lbl121, A: max{0, A} [O(n)]
  12: lbl121->lbl121, B: C [O(n)]
  12: lbl121->lbl121, C: C [O(n)]
  12: lbl121->lbl121, D: E [O(n)]
  12: lbl121->lbl121, E: E [O(n)]
  12: lbl121->lbl121, F: max{1, 0, max{1+max{0, -1+A}+max{0, -3, -3+3*A}, 2*max{5, 5*C}+max{1, 1+max{0, -1+A}+max{0, -3, -3+3*A}}+max{0, max{-4, -4+4*A}+max{5, 5*C}}}} [O(n)]
  12: lbl121->lbl121, G: G [O(n)]
  12: lbl121->lbl121, I: I [O(n)]
  12: lbl121->lbl121, J: 2*max{5, 5*C}+max{1, 1+max{0, -1+A}+max{0, -3, -3+3*A}}+max{0, max{-4, -4+4*A}+max{5, 5*C}} [O(n)]
  12: lbl121->lbl121, K: K [O(n)]
  12: lbl121->lbl121, L: max{0, A} [O(n)]
  7: lbl131->stop, A: max{0, A} [O(n)]
  7: lbl131->stop, B: C [O(n)]
  7: lbl131->stop, C: C [O(n)]
  7: lbl131->stop, D: max{0, E} [O(n)]
  7: lbl131->stop, E: max{0, E} [O(n)]
  7: lbl131->stop, F: max{1, 1, max{G, 1+max{0, -1+A}+max{0, -3, -3+3*A}, max{2*max{5, 5*C}+max{1, 1+max{0, -1+A}+max{0, -3, -3+3*A}}+max{0, max{-4, -4+4*A}+max{5, 5*C}}, 1+max{0, -1+A}+max{0, -3, -3+3*A}}}} [O(n)]
  7: lbl131->stop, G: G [O(n)]
  7: lbl131->stop, I: I [O(n)]
  7: lbl131->stop, J: max{1, 2*max{5, 5*C}+max{1, 1+max{0, -1+A}+max{0, -3, -3+3*A}}+max{0, max{-4, -4+4*A}+max{5, 5*C}}, 1+max{0, -1+C}+max{0, C}+max{0, -1+C}} [O(n)]
  7: lbl131->stop, K: K [O(n)]
  7: lbl131->stop, L: max{0, A} [O(n)]
  8: lbl131->lbl131, A: A [O(n)]
  8: lbl131->lbl131, B: C [O(n)]
  8: lbl131->lbl131, C: C [O(n)]
  8: lbl131->lbl131, D: 0 [O(1)]
  8: lbl131->lbl131, E: 0 [O(1)]
  8: lbl131->lbl131, F: G [O(n)]
  8: lbl131->lbl131, G: G [O(n)]
  8: lbl131->lbl131, H: 0 [O(1)]
  8: lbl131->lbl131, I: I [O(n)]
  8: lbl131->lbl131, J: 1+max{0, -1+C}+max{0, C}+max{0, -1+C} [O(n)]
  8: lbl131->lbl131, K: K [O(n)]
  8: lbl131->lbl131, L: A [O(n)]
  9: lbl131->lbl121, A: max{0, A} [O(n)]
  9: lbl131->lbl121, B: C [O(n)]
  9: lbl131->lbl121, C: C [O(n)]
  9: lbl131->lbl121, D: E [O(n)]
  9: lbl131->lbl121, E: E [O(n)]
  9: lbl131->lbl121, F: 2*max{5, 5*C}+max{1, 1+max{0, -1+A}+max{0, -3, -3+3*A}}+max{0, max{-4, -4+4*A}+max{5, 5*C}} [O(n)]
  9: lbl131->lbl121, G: G [O(n)]
  9: lbl131->lbl121, H: 1 [O(1)]
  9: lbl131->lbl121, I: I [O(n)]
  9: lbl131->lbl121, J: 2*max{5, 5*C}+max{1, 1+max{0, -1+A}+max{0, -3, -3+3*A}}+max{0, max{-4, -4+4*A}+max{5, 5*C}} [O(n)]
  9: lbl131->lbl121, K: K [O(n)]
  9: lbl131->lbl121, L: max{0, A} [O(n)]
  10: lbl131->lbl111, A: -inf [Infinity]
  10: lbl131->lbl111, B: -inf [Infinity]
  10: lbl131->lbl111, C: -inf [Infinity]
  10: lbl131->lbl111, D: -inf [Infinity]
  10: lbl131->lbl111, E: -inf [Infinity]
  10: lbl131->lbl111, F: -inf [Infinity]
  10: lbl131->lbl111, G: -inf [Infinity]
  10: lbl131->lbl111, H: -inf [Infinity]
  10: lbl131->lbl111, I: -inf [Infinity]
  10: lbl131->lbl111, J: -inf [Infinity]
  10: lbl131->lbl111, K: -inf [Infinity]
  10: lbl131->lbl111, L: -inf [Infinity]
  0: start->stop, A: -1 [O(1)]
  0: start->stop, B: C [O(n)]
  0: start->stop, C: C [O(n)]
  0: start->stop, D: E [O(n)]
  0: start->stop, E: E [O(n)]
  0: start->stop, F: G [O(n)]
  0: start->stop, G: G [O(n)]
  0: start->stop, H: I [O(n)]
  0: start->stop, I: I [O(n)]
  0: start->stop, J: K [O(n)]
  0: start->stop, K: K [O(n)]
  0: start->stop, L: -1 [O(1)]
  1: start->stop, A: A [O(n)]
  1: start->stop, B: C [O(n)]
  1: start->stop, C: C [O(n)]
  1: start->stop, D: -1 [O(1)]
  1: start->stop, E: -1 [O(1)]
  1: start->stop, F: G [O(n)]
  1: start->stop, G: G [O(n)]
  1: start->stop, H: I [O(n)]
  1: start->stop, I: I [O(n)]
  1: start->stop, J: K [O(n)]
  1: start->stop, K: K [O(n)]
  1: start->stop, L: A [O(n)]
  2: start->stop, A: A [O(n)]
  2: start->stop, B: -1 [O(1)]
  2: start->stop, C: -1 [O(1)]
  2: start->stop, D: E [O(n)]
  2: start->stop, E: E [O(n)]
  2: start->stop, F: G [O(n)]
  2: start->stop, G: G [O(n)]
  2: start->stop, H: I [O(n)]
  2: start->stop, I: I [O(n)]
  2: start->stop, J: K [O(n)]
  2: start->stop, K: K [O(n)]
  2: start->stop, L: A [O(n)]
  3: start->stop, A: A [O(n)]
  3: start->stop, B: 0 [O(1)]
  3: start->stop, C: 0 [O(1)]
  3: start->stop, D: E [O(n)]
  3: start->stop, E: E [O(n)]
  3: start->stop, F: G [O(n)]
  3: start->stop, G: G [O(n)]
  3: start->stop, H: I [O(n)]
  3: start->stop, I: I [O(n)]
  3: start->stop, J: 0 [O(1)]
  3: start->stop, K: K [O(n)]
  3: start->stop, L: A [O(n)]
  4: start->lbl131, A: A [O(n)]
  4: start->lbl131, B: C [O(n)]
  4: start->lbl131, C: C [O(n)]
  4: start->lbl131, D: 0 [O(1)]
  4: start->lbl131, E: 0 [O(1)]
  4: start->lbl131, F: G [O(n)]
  4: start->lbl131, G: G [O(n)]
  4: start->lbl131, H: 0 [O(1)]
  4: start->lbl131, I: I [O(n)]
  4: start->lbl131, J: 1 [O(1)]
  4: start->lbl131, K: K [O(n)]
  4: start->lbl131, L: A [O(n)]
  5: start->lbl121, A: 0 [O(1)]
  5: start->lbl121, B: C [O(n)]
  5: start->lbl121, C: C [O(n)]
  5: start->lbl121, D: E [O(n)]
  5: start->lbl121, E: E [O(n)]
  5: start->lbl121, F: 0 [O(1)]
  5: start->lbl121, G: G [O(n)]
  5: start->lbl121, H: 1 [O(1)]
  5: start->lbl121, I: I [O(n)]
  5: start->lbl121, J: 0 [O(1)]
  5: start->lbl121, K: K [O(n)]
  5: start->lbl121, L: 0 [O(1)]
  6: start->lbl111, A: A [O(n)]
  6: start->lbl111, B: C [O(n)]
  6: start->lbl111, C: C [O(n)]
  6: start->lbl111, D: E [O(n)]
  6: start->lbl111, E: E [O(n)]
  6: start->lbl111, F: 1 [O(1)]
  6: start->lbl111, G: G [O(n)]
  6: start->lbl111, H: 1 [O(1)]
  6: start->lbl111, I: I [O(n)]
  6: start->lbl111, J: 0 [O(1)]
  6: start->lbl111, K: K [O(n)]
  6: start->lbl111, L: A [O(n)]
  16: start0->start, A: A [O(n)]
  16: start0->start, B: C [O(n)]
  16: start0->start, C: C [O(n)]
  16: start0->start, D: E [O(n)]
  16: start0->start, E: E [O(n)]
  16: start0->start, F: G [O(n)]
  16: start0->start, G: G [O(n)]
  16: start0->start, H: I [O(n)]
  16: start0->start, I: I [O(n)]
  16: start0->start, J: K [O(n)]
  16: start0->start, K: K [O(n)]
  16: start0->start, L: A [O(n)]
