Timebounds: 
  Overall timebound: 5+max{0, -2+A}+max{0, -1+A}+max{0, -1+A}+max{1, 1+(-2+A)*(-1+A)} [O(n^2)]
  3: lbl111->lbl111: max{1, 1+(-2+A)*(-1+A)} [O(n^2)]
  5: lbl111->lbl82: max{0, -1+A} [O(n)]
  6: lbl111->lbl82: max{0, -1+A} [O(n)]
  2: lbl16->stop: 1 [O(1)]
  7: lbl82->lbl16: 1 [O(1)]
  8: lbl82->lbl111: max{0, -2+A} [O(n)]
  0: start->stop: 1 [O(1)]
  1: start->lbl111: 1 [O(1)]
  12: start0->start: 1 [O(1)]

Costbounds:
  Overall costbound: 5+max{0, -2+A}+max{0, -1+A}+max{0, -1+A}+max{1, 1+(-2+A)*(-1+A)} [O(n^2)]
  3: lbl111->lbl111: max{1, 1+(-2+A)*(-1+A)} [O(n^2)]
  5: lbl111->lbl82: max{0, -1+A} [O(n)]
  6: lbl111->lbl82: max{0, -1+A} [O(n)]
  2: lbl16->stop: 1 [O(1)]
  7: lbl82->lbl16: 1 [O(1)]
  8: lbl82->lbl111: max{0, -2+A} [O(n)]
  0: start->stop: 1 [O(1)]
  1: start->lbl111: 1 [O(1)]
  12: start0->start: 1 [O(1)]

Sizebounds:
`Lower:
  3: lbl111->lbl111, A: 2 [O(1)]
  3: lbl111->lbl111, B: -max{-1, -1+(-1+A)*(-1+A)} [O(n^2)]
  3: lbl111->lbl111, C: C [O(n)]
  3: lbl111->lbl111, D: 0 [O(1)]
  3: lbl111->lbl111, E: E [O(n)]
  3: lbl111->lbl111, F: 1 [O(1)]
  3: lbl111->lbl111, G: G [O(n)]
  3: lbl111->lbl111, H: 2 [O(1)]
  5: lbl111->lbl82, A: 3 [O(1)]
  5: lbl111->lbl82, B: -max{-1, -1+(-1+A)*(-1+A)} [O(n^2)]
  5: lbl111->lbl82, C: C [O(n)]
  5: lbl111->lbl82, D: 3 [O(1)]
  5: lbl111->lbl82, E: E [O(n)]
  5: lbl111->lbl82, F: 1 [O(1)]
  5: lbl111->lbl82, G: G [O(n)]
  5: lbl111->lbl82, H: 3 [O(1)]
  6: lbl111->lbl82, A: 2 [O(1)]
  6: lbl111->lbl82, B: -max{-1, -1+(-1+A)*(-1+A)} [O(n^2)]
  6: lbl111->lbl82, C: C [O(n)]
  6: lbl111->lbl82, D: 2 [O(1)]
  6: lbl111->lbl82, E: E [O(n)]
  6: lbl111->lbl82, F: 0 [O(1)]
  6: lbl111->lbl82, G: G [O(n)]
  6: lbl111->lbl82, H: 2 [O(1)]
  2: lbl16->stop, A: 2 [O(1)]
  2: lbl16->stop, B: -max{-1, -1+(-1+A)*(-1+A)} [O(n^2)]
  2: lbl16->stop, C: C [O(n)]
  2: lbl16->stop, D: 2 [O(1)]
  2: lbl16->stop, E: E [O(n)]
  2: lbl16->stop, F: 0 [O(1)]
  2: lbl16->stop, G: G [O(n)]
  2: lbl16->stop, H: 2 [O(1)]
  7: lbl82->lbl16, A: 2 [O(1)]
  7: lbl82->lbl16, B: -max{-1, -1+(-1+A)*(-1+A)} [O(n^2)]
  7: lbl82->lbl16, C: C [O(n)]
  7: lbl82->lbl16, D: 2 [O(1)]
  7: lbl82->lbl16, E: E [O(n)]
  7: lbl82->lbl16, F: 0 [O(1)]
  7: lbl82->lbl16, G: G [O(n)]
  7: lbl82->lbl16, H: 2 [O(1)]
  8: lbl82->lbl111, A: 3 [O(1)]
  8: lbl82->lbl111, B: -max{-1, -1+(-1+A)*(-1+A)} [O(n^2)]
  8: lbl82->lbl111, C: C [O(n)]
  8: lbl82->lbl111, D: 2 [O(1)]
  8: lbl82->lbl111, E: E [O(n)]
  8: lbl82->lbl111, F: 1 [O(1)]
  8: lbl82->lbl111, G: G [O(n)]
  8: lbl82->lbl111, H: 3 [O(1)]
  0: start->stop, A: A [O(n)]
  0: start->stop, B: C [O(n)]
  0: start->stop, C: C [O(n)]
  0: start->stop, D: E [O(n)]
  0: start->stop, E: E [O(n)]
  0: start->stop, F: G [O(n)]
  0: start->stop, G: G [O(n)]
  0: start->stop, H: A [O(n)]
  1: start->lbl111, A: 2 [O(1)]
  1: start->lbl111, B: 2 [O(1)]
  1: start->lbl111, C: C [O(n)]
  1: start->lbl111, D: 1 [O(1)]
  1: start->lbl111, E: E [O(n)]
  1: start->lbl111, F: 1 [O(1)]
  1: start->lbl111, G: G [O(n)]
  1: start->lbl111, H: 2 [O(1)]
  12: start0->start, A: A [O(n)]
  12: start0->start, B: C [O(n)]
  12: start0->start, C: C [O(n)]
  12: start0->start, D: E [O(n)]
  12: start0->start, E: E [O(n)]
  12: start0->start, F: G [O(n)]
  12: start0->start, G: G [O(n)]
  12: start0->start, H: A [O(n)]
`Upper:
  3: lbl111->lbl111, A: A [O(n)]
  3: lbl111->lbl111, B: A [O(n)]
  3: lbl111->lbl111, C: C [O(n)]
  3: lbl111->lbl111, D: max{1, -1+A} [O(n)]
  3: lbl111->lbl111, E: E [O(n)]
  3: lbl111->lbl111, F: -1+A [O(n)]
  3: lbl111->lbl111, G: G [O(n)]
  3: lbl111->lbl111, H: A [O(n)]
  5: lbl111->lbl82, A: A [O(n)]
  5: lbl111->lbl82, B: A [O(n)]
  5: lbl111->lbl82, C: C [O(n)]
  5: lbl111->lbl82, D: A [O(n)]
  5: lbl111->lbl82, E: E [O(n)]
  5: lbl111->lbl82, F: -1+A [O(n)]
  5: lbl111->lbl82, G: G [O(n)]
  5: lbl111->lbl82, H: A [O(n)]
  6: lbl111->lbl82, A: A [O(n)]
  6: lbl111->lbl82, B: A [O(n)]
  6: lbl111->lbl82, C: C [O(n)]
  6: lbl111->lbl82, D: A [O(n)]
  6: lbl111->lbl82, E: E [O(n)]
  6: lbl111->lbl82, F: -1+A [O(n)]
  6: lbl111->lbl82, G: G [O(n)]
  6: lbl111->lbl82, H: A [O(n)]
  2: lbl16->stop, A: A [O(n)]
  2: lbl16->stop, B: A [O(n)]
  2: lbl16->stop, C: C [O(n)]
  2: lbl16->stop, D: A [O(n)]
  2: lbl16->stop, E: E [O(n)]
  2: lbl16->stop, F: 0 [O(1)]
  2: lbl16->stop, G: G [O(n)]
  2: lbl16->stop, H: A [O(n)]
  7: lbl82->lbl16, A: A [O(n)]
  7: lbl82->lbl16, B: A [O(n)]
  7: lbl82->lbl16, C: C [O(n)]
  7: lbl82->lbl16, D: A [O(n)]
  7: lbl82->lbl16, E: E [O(n)]
  7: lbl82->lbl16, F: 0 [O(1)]
  7: lbl82->lbl16, G: G [O(n)]
  7: lbl82->lbl16, H: A [O(n)]
  8: lbl82->lbl111, A: A [O(n)]
  8: lbl82->lbl111, B: A [O(n)]
  8: lbl82->lbl111, C: C [O(n)]
  8: lbl82->lbl111, D: -1+A [O(n)]
  8: lbl82->lbl111, E: E [O(n)]
  8: lbl82->lbl111, F: -1+A [O(n)]
  8: lbl82->lbl111, G: G [O(n)]
  8: lbl82->lbl111, H: A [O(n)]
  0: start->stop, A: 1 [O(1)]
  0: start->stop, B: C [O(n)]
  0: start->stop, C: C [O(n)]
  0: start->stop, D: E [O(n)]
  0: start->stop, E: E [O(n)]
  0: start->stop, F: G [O(n)]
  0: start->stop, G: G [O(n)]
  0: start->stop, H: 1 [O(1)]
  1: start->lbl111, A: A [O(n)]
  1: start->lbl111, B: A [O(n)]
  1: start->lbl111, C: C [O(n)]
  1: start->lbl111, D: 1 [O(1)]
  1: start->lbl111, E: E [O(n)]
  1: start->lbl111, F: -1+A [O(n)]
  1: start->lbl111, G: G [O(n)]
  1: start->lbl111, H: A [O(n)]
  12: start0->start, A: A [O(n)]
  12: start0->start, B: C [O(n)]
  12: start0->start, C: C [O(n)]
  12: start0->start, D: E [O(n)]
  12: start0->start, E: E [O(n)]
  12: start0->start, F: G [O(n)]
  12: start0->start, G: G [O(n)]
  12: start0->start, H: A [O(n)]
