Timebounds: 
  Overall timebound: 5+2*max{3, -2+5*A}+2*max{2, -2+4*A} [O(n)]
  3: lbl101->stop: 1 [O(1)]
  4: lbl101->lbl101: 2*max{2, -2+4*A} [O(n)]
  5: lbl101->lbl101: 2*max{3, -2+5*A} [O(n)]
  0: start->stop: 1 [O(1)]
  1: start->lbl101: 1 [O(1)]
  2: start->lbl101: 1 [O(1)]
  6: start0->start: 1 [O(1)]

Costbounds:
  Overall costbound: 5+2*max{3, -2+5*A}+2*max{2, -2+4*A} [O(n)]
  3: lbl101->stop: 1 [O(1)]
  4: lbl101->lbl101: 2*max{2, -2+4*A} [O(n)]
  5: lbl101->lbl101: 2*max{3, -2+5*A} [O(n)]
  0: start->stop: 1 [O(1)]
  1: start->lbl101: 1 [O(1)]
  2: start->lbl101: 1 [O(1)]
  6: start0->start: 1 [O(1)]

Sizebounds:
`Lower:
  3: lbl101->stop, A: 1 [O(1)]
  3: lbl101->stop, B: 2 [O(1)]
  3: lbl101->stop, C: -max{0, -C} [O(n)]
  3: lbl101->stop, D: 1 [O(1)]
  3: lbl101->stop, E: -max{0, A} [O(n)]
  3: lbl101->stop, F: -max{0, -F} [O(n)]
  4: lbl101->lbl101, A: 0 [O(1)]
  4: lbl101->lbl101, B: 3 [O(1)]
  4: lbl101->lbl101, C: -max{0, -C} [O(n)]
  4: lbl101->lbl101, D: 2 [O(1)]
  4: lbl101->lbl101, E: -max{-2, -2+A} [O(n)]
  4: lbl101->lbl101, F: -max{0, -F} [O(n)]
  5: lbl101->lbl101, A: 0 [O(1)]
  5: lbl101->lbl101, B: 3 [O(1)]
  5: lbl101->lbl101, C: -max{0, -C} [O(n)]
  5: lbl101->lbl101, D: 2 [O(1)]
  5: lbl101->lbl101, E: -max{0, A} [O(n)]
  5: lbl101->lbl101, F: -max{0, -F} [O(n)]
  0: start->stop, A: A [O(n)]
  0: start->stop, B: C [O(n)]
  0: start->stop, C: C [O(n)]
  0: start->stop, D: A [O(n)]
  0: start->stop, E: F [O(n)]
  0: start->stop, F: F [O(n)]
  1: start->lbl101, A: 1 [O(1)]
  1: start->lbl101, B: 2 [O(1)]
  1: start->lbl101, C: C [O(n)]
  1: start->lbl101, D: 1 [O(1)]
  1: start->lbl101, E: 1 [O(1)]
  1: start->lbl101, F: F [O(n)]
  2: start->lbl101, A: 1 [O(1)]
  2: start->lbl101, B: 2 [O(1)]
  2: start->lbl101, C: C [O(n)]
  2: start->lbl101, D: 1 [O(1)]
  2: start->lbl101, E: -1 [O(1)]
  2: start->lbl101, F: F [O(n)]
  6: start0->start, A: A [O(n)]
  6: start0->start, B: C [O(n)]
  6: start0->start, C: C [O(n)]
  6: start0->start, D: A [O(n)]
  6: start0->start, E: F [O(n)]
  6: start0->start, F: F [O(n)]
`Upper:
  3: lbl101->stop, A: max{0, A} [O(n)]
  3: lbl101->stop, B: max{1, 1+A} [O(n)]
  3: lbl101->stop, C: max{0, C} [O(n)]
  3: lbl101->stop, D: max{0, A} [O(n)]
  3: lbl101->stop, E: max{0, A} [O(n)]
  3: lbl101->stop, F: max{0, F} [O(n)]
  4: lbl101->lbl101, A: max{0, A} [O(n)]
  4: lbl101->lbl101, B: max{1, 1+A} [O(n)]
  4: lbl101->lbl101, C: max{0, C} [O(n)]
  4: lbl101->lbl101, D: max{0, A} [O(n)]
  4: lbl101->lbl101, E: max{0, A} [O(n)]
  4: lbl101->lbl101, F: max{0, F} [O(n)]
  5: lbl101->lbl101, A: max{0, A} [O(n)]
  5: lbl101->lbl101, B: max{1, 1+A} [O(n)]
  5: lbl101->lbl101, C: max{0, C} [O(n)]
  5: lbl101->lbl101, D: max{0, A} [O(n)]
  5: lbl101->lbl101, E: max{-2, -2+A} [O(n)]
  5: lbl101->lbl101, F: max{0, F} [O(n)]
  0: start->stop, A: 0 [O(1)]
  0: start->stop, B: C [O(n)]
  0: start->stop, C: C [O(n)]
  0: start->stop, D: 0 [O(1)]
  0: start->stop, E: F [O(n)]
  0: start->stop, F: F [O(n)]
  1: start->lbl101, A: A [O(n)]
  1: start->lbl101, B: 2 [O(1)]
  1: start->lbl101, C: C [O(n)]
  1: start->lbl101, D: A [O(n)]
  1: start->lbl101, E: 1 [O(1)]
  1: start->lbl101, F: F [O(n)]
  2: start->lbl101, A: A [O(n)]
  2: start->lbl101, B: 2 [O(1)]
  2: start->lbl101, C: C [O(n)]
  2: start->lbl101, D: A [O(n)]
  2: start->lbl101, E: -1 [O(1)]
  2: start->lbl101, F: F [O(n)]
  6: start0->start, A: A [O(n)]
  6: start0->start, B: C [O(n)]
  6: start0->start, C: C [O(n)]
  6: start0->start, D: A [O(n)]
  6: start0->start, E: F [O(n)]
  6: start0->start, F: F [O(n)]
