Timebounds: 
  Overall timebound: 7+max{1, -1+2*A}+max{0, -5+5*A}+max{7, -1+8*A}+max{0, -7+7*A}+max{1, -3+4*A}+max{1, -2+3*A}+max{1, -2+3*A}+max{0, -8+8*A}+max{1, -4+5*A}+max{0, -1+A}+max{1, -1+2*A} [O(n)]
  4: lbl121->stop: 1 [O(1)]
  5: lbl121->lbl81: max{0, -3+3*A} [O(n)]
  6: lbl141->stop: 1 [O(1)]
  7: lbl141->lbl81: max{0, -5+5*A} [O(n)]
  8: lbl171->stop: 1 [O(1)]
  9: lbl171->lbl81: max{0, -1+A} [O(n)]
  10: lbl191->stop: 1 [O(1)]
  11: lbl191->lbl81: max{0, -8+8*A} [O(n)]
  2: lbl21->stop: 1 [O(1)]
  3: lbl21->lbl81: max{0, -7+7*A} [O(n)]
  12: lbl81->lbl21: max{7, -1+8*A} [O(n)]
  13: lbl81->lbl21: max{1, -1+2*A} [O(n)]
  14: lbl81->lbl121: max{1, -1+2*A} [O(n)]
  15: lbl81->lbl141: max{1, -4+5*A} [O(n)]
  16: lbl81->lbl171: max{1, -2+3*A} [O(n)]
  17: lbl81->lbl191: max{1, -3+4*A} [O(n)]
  0: start->stop: 1 [O(1)]
  1: start->lbl81: 1 [O(1)]
  18: start0->start: 1 [O(1)]

Costbounds:
  Overall costbound: 7+max{1, -1+2*A}+max{0, -5+5*A}+max{7, -1+8*A}+max{0, -7+7*A}+max{1, -3+4*A}+max{1, -2+3*A}+max{1, -2+3*A}+max{0, -8+8*A}+max{1, -4+5*A}+max{0, -1+A}+max{1, -1+2*A} [O(n)]
  4: lbl121->stop: 1 [O(1)]
  5: lbl121->lbl81: max{0, -3+3*A} [O(n)]
  6: lbl141->stop: 1 [O(1)]
  7: lbl141->lbl81: max{0, -5+5*A} [O(n)]
  8: lbl171->stop: 1 [O(1)]
  9: lbl171->lbl81: max{0, -1+A} [O(n)]
  10: lbl191->stop: 1 [O(1)]
  11: lbl191->lbl81: max{0, -8+8*A} [O(n)]
  2: lbl21->stop: 1 [O(1)]
  3: lbl21->lbl81: max{0, -7+7*A} [O(n)]
  12: lbl81->lbl21: max{7, -1+8*A} [O(n)]
  13: lbl81->lbl21: max{1, -1+2*A} [O(n)]
  14: lbl81->lbl121: max{1, -1+2*A} [O(n)]
  15: lbl81->lbl141: max{1, -4+5*A} [O(n)]
  16: lbl81->lbl171: max{1, -2+3*A} [O(n)]
  17: lbl81->lbl191: max{1, -3+4*A} [O(n)]
  0: start->stop: 1 [O(1)]
  1: start->lbl81: 1 [O(1)]
  18: start0->start: 1 [O(1)]

Sizebounds:
`Lower:
  4: lbl121->stop, A: 1 [O(1)]
  4: lbl121->stop, B: -max{1, -3+4*A} [O(n)]
  4: lbl121->stop, C: C [O(n)]
  4: lbl121->stop, D: -max{1, -4+5*A} [O(n)]
  4: lbl121->stop, E: E [O(n)]
  4: lbl121->stop, F: 0 [O(1)]
  4: lbl121->stop, G: G [O(n)]
  4: lbl121->stop, H: 1 [O(1)]
  4: lbl121->stop, I: I [O(n)]
  4: lbl121->stop, J: 1 [O(1)]
  5: lbl121->lbl81, A: 2 [O(1)]
  5: lbl121->lbl81, B: -max{1, -3+4*A} [O(n)]
  5: lbl121->lbl81, C: C [O(n)]
  5: lbl121->lbl81, D: -max{1, -4+5*A} [O(n)]
  5: lbl121->lbl81, E: E [O(n)]
  5: lbl121->lbl81, G: G [O(n)]
  5: lbl121->lbl81, H: 2 [O(1)]
  5: lbl121->lbl81, I: I [O(n)]
  5: lbl121->lbl81, J: 2 [O(1)]
  6: lbl141->stop, A: 1 [O(1)]
  6: lbl141->stop, B: -max{1, -3+4*A} [O(n)]
  6: lbl141->stop, C: C [O(n)]
  6: lbl141->stop, D: -max{1, -4+5*A} [O(n)]
  6: lbl141->stop, E: E [O(n)]
  6: lbl141->stop, F: 1 [O(1)]
  6: lbl141->stop, G: G [O(n)]
  6: lbl141->stop, H: 1 [O(1)]
  6: lbl141->stop, I: I [O(n)]
  6: lbl141->stop, J: 1 [O(1)]
  7: lbl141->lbl81, A: 2 [O(1)]
  7: lbl141->lbl81, B: -max{1, -3+4*A} [O(n)]
  7: lbl141->lbl81, C: C [O(n)]
  7: lbl141->lbl81, D: -max{1, -4+5*A} [O(n)]
  7: lbl141->lbl81, E: E [O(n)]
  7: lbl141->lbl81, G: G [O(n)]
  7: lbl141->lbl81, H: 2 [O(1)]
  7: lbl141->lbl81, I: I [O(n)]
  7: lbl141->lbl81, J: 2 [O(1)]
  8: lbl171->stop, A: 1 [O(1)]
  8: lbl171->stop, B: -max{1, -3+4*A} [O(n)]
  8: lbl171->stop, C: C [O(n)]
  8: lbl171->stop, D: -max{1, -4+5*A} [O(n)]
  8: lbl171->stop, E: E [O(n)]
  8: lbl171->stop, F: 2 [O(1)]
  8: lbl171->stop, G: G [O(n)]
  8: lbl171->stop, H: 1 [O(1)]
  8: lbl171->stop, I: I [O(n)]
  8: lbl171->stop, J: 1 [O(1)]
  9: lbl171->lbl81, A: 2 [O(1)]
  9: lbl171->lbl81, B: -max{1, -3+4*A} [O(n)]
  9: lbl171->lbl81, C: C [O(n)]
  9: lbl171->lbl81, D: -max{1, -4+5*A} [O(n)]
  9: lbl171->lbl81, E: E [O(n)]
  9: lbl171->lbl81, G: G [O(n)]
  9: lbl171->lbl81, H: 2 [O(1)]
  9: lbl171->lbl81, I: I [O(n)]
  9: lbl171->lbl81, J: 2 [O(1)]
  10: lbl191->stop, A: 1 [O(1)]
  10: lbl191->stop, B: -max{1, -3+4*A} [O(n)]
  10: lbl191->stop, C: C [O(n)]
  10: lbl191->stop, D: -max{1, -4+5*A} [O(n)]
  10: lbl191->stop, E: E [O(n)]
  10: lbl191->stop, F: 3 [O(1)]
  10: lbl191->stop, G: G [O(n)]
  10: lbl191->stop, H: 1 [O(1)]
  10: lbl191->stop, I: I [O(n)]
  10: lbl191->stop, J: 1 [O(1)]
  11: lbl191->lbl81, A: 2 [O(1)]
  11: lbl191->lbl81, B: -max{1, -3+4*A} [O(n)]
  11: lbl191->lbl81, C: C [O(n)]
  11: lbl191->lbl81, D: -max{1, -4+5*A} [O(n)]
  11: lbl191->lbl81, E: E [O(n)]
  11: lbl191->lbl81, G: G [O(n)]
  11: lbl191->lbl81, H: 2 [O(1)]
  11: lbl191->lbl81, I: I [O(n)]
  11: lbl191->lbl81, J: 2 [O(1)]
  2: lbl21->stop, A: 1 [O(1)]
  2: lbl21->stop, B: -max{1, -3+4*A} [O(n)]
  2: lbl21->stop, C: C [O(n)]
  2: lbl21->stop, D: -max{1, -4+5*A} [O(n)]
  2: lbl21->stop, E: E [O(n)]
  2: lbl21->stop, G: G [O(n)]
  2: lbl21->stop, H: 1 [O(1)]
  2: lbl21->stop, I: I [O(n)]
  2: lbl21->stop, J: 1 [O(1)]
  3: lbl21->lbl81, A: 2 [O(1)]
  3: lbl21->lbl81, B: -max{1, -3+4*A} [O(n)]
  3: lbl21->lbl81, C: C [O(n)]
  3: lbl21->lbl81, D: -max{1, -4+5*A} [O(n)]
  3: lbl21->lbl81, E: E [O(n)]
  3: lbl21->lbl81, G: G [O(n)]
  3: lbl21->lbl81, H: 2 [O(1)]
  3: lbl21->lbl81, I: I [O(n)]
  3: lbl21->lbl81, J: 2 [O(1)]
  12: lbl81->lbl21, A: 1 [O(1)]
  12: lbl81->lbl21, B: -max{1, -3+4*A} [O(n)]
  12: lbl81->lbl21, C: C [O(n)]
  12: lbl81->lbl21, D: -max{1, -4+5*A} [O(n)]
  12: lbl81->lbl21, E: E [O(n)]
  12: lbl81->lbl21, G: G [O(n)]
  12: lbl81->lbl21, H: 1 [O(1)]
  12: lbl81->lbl21, I: I [O(n)]
  12: lbl81->lbl21, J: 1 [O(1)]
  13: lbl81->lbl21, A: 1 [O(1)]
  13: lbl81->lbl21, B: -max{1, -3+4*A} [O(n)]
  13: lbl81->lbl21, C: C [O(n)]
  13: lbl81->lbl21, D: -max{1, -4+5*A} [O(n)]
  13: lbl81->lbl21, E: E [O(n)]
  13: lbl81->lbl21, F: 4 [O(1)]
  13: lbl81->lbl21, G: G [O(n)]
  13: lbl81->lbl21, H: 1 [O(1)]
  13: lbl81->lbl21, I: I [O(n)]
  13: lbl81->lbl21, J: 1 [O(1)]
  14: lbl81->lbl121, A: 1 [O(1)]
  14: lbl81->lbl121, B: -max{1, -3+4*A} [O(n)]
  14: lbl81->lbl121, C: C [O(n)]
  14: lbl81->lbl121, D: -max{1, -4+5*A} [O(n)]
  14: lbl81->lbl121, E: E [O(n)]
  14: lbl81->lbl121, F: 0 [O(1)]
  14: lbl81->lbl121, G: G [O(n)]
  14: lbl81->lbl121, H: 1 [O(1)]
  14: lbl81->lbl121, I: I [O(n)]
  14: lbl81->lbl121, J: 1 [O(1)]
  15: lbl81->lbl141, A: 1 [O(1)]
  15: lbl81->lbl141, B: -max{1, -3+4*A} [O(n)]
  15: lbl81->lbl141, C: C [O(n)]
  15: lbl81->lbl141, D: -max{1, -4+5*A} [O(n)]
  15: lbl81->lbl141, E: E [O(n)]
  15: lbl81->lbl141, F: 1 [O(1)]
  15: lbl81->lbl141, G: G [O(n)]
  15: lbl81->lbl141, H: 1 [O(1)]
  15: lbl81->lbl141, I: I [O(n)]
  15: lbl81->lbl141, J: 1 [O(1)]
  16: lbl81->lbl171, A: 1 [O(1)]
  16: lbl81->lbl171, B: -max{1, -3+4*A} [O(n)]
  16: lbl81->lbl171, C: C [O(n)]
  16: lbl81->lbl171, D: -max{1, -4+5*A} [O(n)]
  16: lbl81->lbl171, E: E [O(n)]
  16: lbl81->lbl171, F: 2 [O(1)]
  16: lbl81->lbl171, G: G [O(n)]
  16: lbl81->lbl171, H: 1 [O(1)]
  16: lbl81->lbl171, I: I [O(n)]
  16: lbl81->lbl171, J: 1 [O(1)]
  17: lbl81->lbl191, A: 1 [O(1)]
  17: lbl81->lbl191, B: -max{1, -3+4*A} [O(n)]
  17: lbl81->lbl191, C: C [O(n)]
  17: lbl81->lbl191, D: -max{1, -4+5*A} [O(n)]
  17: lbl81->lbl191, E: E [O(n)]
  17: lbl81->lbl191, F: 3 [O(1)]
  17: lbl81->lbl191, G: G [O(n)]
  17: lbl81->lbl191, H: 1 [O(1)]
  17: lbl81->lbl191, I: I [O(n)]
  17: lbl81->lbl191, J: 1 [O(1)]
  0: start->stop, A: A [O(n)]
  0: start->stop, B: 0 [O(1)]
  0: start->stop, C: C [O(n)]
  0: start->stop, D: 0 [O(1)]
  0: start->stop, E: E [O(n)]
  0: start->stop, F: G [O(n)]
  0: start->stop, G: G [O(n)]
  0: start->stop, H: 0 [O(1)]
  0: start->stop, I: I [O(n)]
  0: start->stop, J: A [O(n)]
  1: start->lbl81, A: 1 [O(1)]
  1: start->lbl81, B: 0 [O(1)]
  1: start->lbl81, C: C [O(n)]
  1: start->lbl81, D: 0 [O(1)]
  1: start->lbl81, E: E [O(n)]
  1: start->lbl81, G: G [O(n)]
  1: start->lbl81, H: 1 [O(1)]
  1: start->lbl81, I: I [O(n)]
  1: start->lbl81, J: 1 [O(1)]
  18: start0->start, A: A [O(n)]
  18: start0->start, B: C [O(n)]
  18: start0->start, C: C [O(n)]
  18: start0->start, D: E [O(n)]
  18: start0->start, E: E [O(n)]
  18: start0->start, F: G [O(n)]
  18: start0->start, G: G [O(n)]
  18: start0->start, H: I [O(n)]
  18: start0->start, I: I [O(n)]
  18: start0->start, J: A [O(n)]
`Upper:
  4: lbl121->stop, A: A [O(n)]
  4: lbl121->stop, B: max{1, -2+3*A} [O(n)]
  4: lbl121->stop, C: C [O(n)]
  4: lbl121->stop, D: max{1, -1+2*A} [O(n)]
  4: lbl121->stop, E: E [O(n)]
  4: lbl121->stop, F: 0 [O(1)]
  4: lbl121->stop, G: G [O(n)]
  4: lbl121->stop, H: 1+max{0, -7+7*A}+max{0, -8+8*A}+max{0, -1+A}+max{0, -5+5*A}+max{0, -3+3*A} [O(n)]
  4: lbl121->stop, I: I [O(n)]
  4: lbl121->stop, J: A [O(n)]
  5: lbl121->lbl81, A: A [O(n)]
  5: lbl121->lbl81, B: max{1, -2+3*A} [O(n)]
  5: lbl121->lbl81, C: C [O(n)]
  5: lbl121->lbl81, D: max{1, -1+2*A} [O(n)]
  5: lbl121->lbl81, E: E [O(n)]
  5: lbl121->lbl81, G: G [O(n)]
  5: lbl121->lbl81, H: 1+max{0, -7+7*A}+max{0, -8+8*A}+max{0, -1+A}+max{0, -5+5*A}+max{0, -3+3*A} [O(n)]
  5: lbl121->lbl81, I: I [O(n)]
  5: lbl121->lbl81, J: A [O(n)]
  6: lbl141->stop, A: A [O(n)]
  6: lbl141->stop, B: max{1, -2+3*A} [O(n)]
  6: lbl141->stop, C: C [O(n)]
  6: lbl141->stop, D: max{1, -1+2*A} [O(n)]
  6: lbl141->stop, E: E [O(n)]
  6: lbl141->stop, F: 1 [O(1)]
  6: lbl141->stop, G: G [O(n)]
  6: lbl141->stop, H: 1+max{0, -7+7*A}+max{0, -8+8*A}+max{0, -1+A}+max{0, -5+5*A}+max{0, -3+3*A} [O(n)]
  6: lbl141->stop, I: I [O(n)]
  6: lbl141->stop, J: A [O(n)]
  7: lbl141->lbl81, A: A [O(n)]
  7: lbl141->lbl81, B: max{1, -2+3*A} [O(n)]
  7: lbl141->lbl81, C: C [O(n)]
  7: lbl141->lbl81, D: max{1, -1+2*A} [O(n)]
  7: lbl141->lbl81, E: E [O(n)]
  7: lbl141->lbl81, G: G [O(n)]
  7: lbl141->lbl81, H: 1+max{0, -7+7*A}+max{0, -8+8*A}+max{0, -1+A}+max{0, -5+5*A}+max{0, -3+3*A} [O(n)]
  7: lbl141->lbl81, I: I [O(n)]
  7: lbl141->lbl81, J: A [O(n)]
  8: lbl171->stop, A: A [O(n)]
  8: lbl171->stop, B: max{1, -2+3*A} [O(n)]
  8: lbl171->stop, C: C [O(n)]
  8: lbl171->stop, D: max{1, -1+2*A} [O(n)]
  8: lbl171->stop, E: E [O(n)]
  8: lbl171->stop, F: 2 [O(1)]
  8: lbl171->stop, G: G [O(n)]
  8: lbl171->stop, H: 1+max{0, -7+7*A}+max{0, -8+8*A}+max{0, -1+A}+max{0, -5+5*A}+max{0, -3+3*A} [O(n)]
  8: lbl171->stop, I: I [O(n)]
  8: lbl171->stop, J: A [O(n)]
  9: lbl171->lbl81, A: A [O(n)]
  9: lbl171->lbl81, B: max{1, -2+3*A} [O(n)]
  9: lbl171->lbl81, C: C [O(n)]
  9: lbl171->lbl81, D: max{1, -1+2*A} [O(n)]
  9: lbl171->lbl81, E: E [O(n)]
  9: lbl171->lbl81, G: G [O(n)]
  9: lbl171->lbl81, H: 1+max{0, -7+7*A}+max{0, -8+8*A}+max{0, -1+A}+max{0, -5+5*A}+max{0, -3+3*A} [O(n)]
  9: lbl171->lbl81, I: I [O(n)]
  9: lbl171->lbl81, J: A [O(n)]
  10: lbl191->stop, A: A [O(n)]
  10: lbl191->stop, B: max{1, -2+3*A} [O(n)]
  10: lbl191->stop, C: C [O(n)]
  10: lbl191->stop, D: max{1, -1+2*A} [O(n)]
  10: lbl191->stop, E: E [O(n)]
  10: lbl191->stop, F: 3 [O(1)]
  10: lbl191->stop, G: G [O(n)]
  10: lbl191->stop, H: 1+max{0, -7+7*A}+max{0, -8+8*A}+max{0, -1+A}+max{0, -5+5*A}+max{0, -3+3*A} [O(n)]
  10: lbl191->stop, I: I [O(n)]
  10: lbl191->stop, J: A [O(n)]
  11: lbl191->lbl81, A: A [O(n)]
  11: lbl191->lbl81, B: max{1, -2+3*A} [O(n)]
  11: lbl191->lbl81, C: C [O(n)]
  11: lbl191->lbl81, D: max{1, -1+2*A} [O(n)]
  11: lbl191->lbl81, E: E [O(n)]
  11: lbl191->lbl81, G: G [O(n)]
  11: lbl191->lbl81, H: 1+max{0, -7+7*A}+max{0, -8+8*A}+max{0, -1+A}+max{0, -5+5*A}+max{0, -3+3*A} [O(n)]
  11: lbl191->lbl81, I: I [O(n)]
  11: lbl191->lbl81, J: A [O(n)]
  2: lbl21->stop, A: A [O(n)]
  2: lbl21->stop, B: max{1, -2+3*A} [O(n)]
  2: lbl21->stop, C: C [O(n)]
  2: lbl21->stop, D: max{1, -1+2*A} [O(n)]
  2: lbl21->stop, E: E [O(n)]
  2: lbl21->stop, G: G [O(n)]
  2: lbl21->stop, H: 1+max{0, -7+7*A}+max{0, -8+8*A}+max{0, -1+A}+max{0, -5+5*A}+max{0, -3+3*A} [O(n)]
  2: lbl21->stop, I: I [O(n)]
  2: lbl21->stop, J: A [O(n)]
  3: lbl21->lbl81, A: A [O(n)]
  3: lbl21->lbl81, B: max{1, -2+3*A} [O(n)]
  3: lbl21->lbl81, C: C [O(n)]
  3: lbl21->lbl81, D: max{1, -1+2*A} [O(n)]
  3: lbl21->lbl81, E: E [O(n)]
  3: lbl21->lbl81, G: G [O(n)]
  3: lbl21->lbl81, H: 1+max{0, -7+7*A}+max{0, -8+8*A}+max{0, -1+A}+max{0, -5+5*A}+max{0, -3+3*A} [O(n)]
  3: lbl21->lbl81, I: I [O(n)]
  3: lbl21->lbl81, J: A [O(n)]
  12: lbl81->lbl21, A: A [O(n)]
  12: lbl81->lbl21, B: max{1, -2+3*A} [O(n)]
  12: lbl81->lbl21, C: C [O(n)]
  12: lbl81->lbl21, D: max{1, -1+2*A} [O(n)]
  12: lbl81->lbl21, E: E [O(n)]
  12: lbl81->lbl21, F: -1 [O(1)]
  12: lbl81->lbl21, G: G [O(n)]
  12: lbl81->lbl21, H: 1+max{0, -7+7*A}+max{0, -8+8*A}+max{0, -1+A}+max{0, -5+5*A}+max{0, -3+3*A} [O(n)]
  12: lbl81->lbl21, I: I [O(n)]
  12: lbl81->lbl21, J: A [O(n)]
  13: lbl81->lbl21, A: A [O(n)]
  13: lbl81->lbl21, B: max{1, -2+3*A} [O(n)]
  13: lbl81->lbl21, C: C [O(n)]
  13: lbl81->lbl21, D: max{1, -1+2*A} [O(n)]
  13: lbl81->lbl21, E: E [O(n)]
  13: lbl81->lbl21, G: G [O(n)]
  13: lbl81->lbl21, H: 1+max{0, -7+7*A}+max{0, -8+8*A}+max{0, -1+A}+max{0, -5+5*A}+max{0, -3+3*A} [O(n)]
  13: lbl81->lbl21, I: I [O(n)]
  13: lbl81->lbl21, J: A [O(n)]
  14: lbl81->lbl121, A: A [O(n)]
  14: lbl81->lbl121, B: max{1, -2+3*A} [O(n)]
  14: lbl81->lbl121, C: C [O(n)]
  14: lbl81->lbl121, D: max{1, -1+2*A} [O(n)]
  14: lbl81->lbl121, E: E [O(n)]
  14: lbl81->lbl121, F: 0 [O(1)]
  14: lbl81->lbl121, G: G [O(n)]
  14: lbl81->lbl121, H: 1+max{0, -7+7*A}+max{0, -8+8*A}+max{0, -1+A}+max{0, -5+5*A}+max{0, -3+3*A} [O(n)]
  14: lbl81->lbl121, I: I [O(n)]
  14: lbl81->lbl121, J: A [O(n)]
  15: lbl81->lbl141, A: A [O(n)]
  15: lbl81->lbl141, B: max{1, -2+3*A} [O(n)]
  15: lbl81->lbl141, C: C [O(n)]
  15: lbl81->lbl141, D: max{1, -1+2*A} [O(n)]
  15: lbl81->lbl141, E: E [O(n)]
  15: lbl81->lbl141, F: 1 [O(1)]
  15: lbl81->lbl141, G: G [O(n)]
  15: lbl81->lbl141, H: 1+max{0, -7+7*A}+max{0, -8+8*A}+max{0, -1+A}+max{0, -5+5*A}+max{0, -3+3*A} [O(n)]
  15: lbl81->lbl141, I: I [O(n)]
  15: lbl81->lbl141, J: A [O(n)]
  16: lbl81->lbl171, A: A [O(n)]
  16: lbl81->lbl171, B: max{1, -2+3*A} [O(n)]
  16: lbl81->lbl171, C: C [O(n)]
  16: lbl81->lbl171, D: max{1, -1+2*A} [O(n)]
  16: lbl81->lbl171, E: E [O(n)]
  16: lbl81->lbl171, F: 2 [O(1)]
  16: lbl81->lbl171, G: G [O(n)]
  16: lbl81->lbl171, H: 1+max{0, -7+7*A}+max{0, -8+8*A}+max{0, -1+A}+max{0, -5+5*A}+max{0, -3+3*A} [O(n)]
  16: lbl81->lbl171, I: I [O(n)]
  16: lbl81->lbl171, J: A [O(n)]
  17: lbl81->lbl191, A: A [O(n)]
  17: lbl81->lbl191, B: max{1, -2+3*A} [O(n)]
  17: lbl81->lbl191, C: C [O(n)]
  17: lbl81->lbl191, D: max{1, -1+2*A} [O(n)]
  17: lbl81->lbl191, E: E [O(n)]
  17: lbl81->lbl191, F: 3 [O(1)]
  17: lbl81->lbl191, G: G [O(n)]
  17: lbl81->lbl191, H: 1+max{0, -7+7*A}+max{0, -8+8*A}+max{0, -1+A}+max{0, -5+5*A}+max{0, -3+3*A} [O(n)]
  17: lbl81->lbl191, I: I [O(n)]
  17: lbl81->lbl191, J: A [O(n)]
  0: start->stop, A: 0 [O(1)]
  0: start->stop, B: 0 [O(1)]
  0: start->stop, C: C [O(n)]
  0: start->stop, D: 0 [O(1)]
  0: start->stop, E: E [O(n)]
  0: start->stop, F: G [O(n)]
  0: start->stop, G: G [O(n)]
  0: start->stop, H: 0 [O(1)]
  0: start->stop, I: I [O(n)]
  0: start->stop, J: 0 [O(1)]
  1: start->lbl81, A: A [O(n)]
  1: start->lbl81, B: 0 [O(1)]
  1: start->lbl81, C: C [O(n)]
  1: start->lbl81, D: 0 [O(1)]
  1: start->lbl81, E: E [O(n)]
  1: start->lbl81, G: G [O(n)]
  1: start->lbl81, H: 1 [O(1)]
  1: start->lbl81, I: I [O(n)]
  1: start->lbl81, J: A [O(n)]
  18: start0->start, A: A [O(n)]
  18: start0->start, B: C [O(n)]
  18: start0->start, C: C [O(n)]
  18: start0->start, D: E [O(n)]
  18: start0->start, E: E [O(n)]
  18: start0->start, F: G [O(n)]
  18: start0->start, G: G [O(n)]
  18: start0->start, H: I [O(n)]
  18: start0->start, I: I [O(n)]
  18: start0->start, J: A [O(n)]
