Timebounds: 
  Overall timebound: 7+2*2*max{0, -1+A} [O(n)]
  7: lbl13->stop: 1 [O(1)]
  4: lbl53->lbl91: 1 [O(1)]
  5: lbl53->lbl53: 2*max{0, -1+A} [O(n)]
  6: lbl53->lbl53: 2*max{0, -1+A} [O(n)]
  3: lbl91->lbl13: 1 [O(1)]
  0: start->stop: 1 [O(1)]
  1: start->lbl53: 1 [O(1)]
  2: start->lbl53: 1 [O(1)]
  10: start0->start: 1 [O(1)]

Costbounds:
  Overall costbound: 7+2*2*max{0, -1+A} [O(n)]
  7: lbl13->stop: 1 [O(1)]
  4: lbl53->lbl91: 1 [O(1)]
  5: lbl53->lbl53: 2*max{0, -1+A} [O(n)]
  6: lbl53->lbl53: 2*max{0, -1+A} [O(n)]
  3: lbl91->lbl13: 1 [O(1)]
  0: start->stop: 1 [O(1)]
  1: start->lbl53: 1 [O(1)]
  2: start->lbl53: 1 [O(1)]
  10: start0->start: 1 [O(1)]

Sizebounds:
`Lower:
  7: lbl13->stop, A: 2 [O(1)]
  7: lbl13->stop, B: 0 [O(1)]
  7: lbl13->stop, C: -max{0, -C} [O(n)]
  7: lbl13->stop, D: 1 [O(1)]
  7: lbl13->stop, E: -max{0, -E} [O(n)]
  7: lbl13->stop, G: -max{0, -G} [O(n)]
  7: lbl13->stop, H: 0 [O(1)]
  7: lbl13->stop, I: -max{0, -I} [O(n)]
  7: lbl13->stop, J: 2 [O(1)]
  7: lbl13->stop, K: -max{0, -K} [O(n)]
  7: lbl13->stop, L: 1 [O(1)]
  7: lbl13->stop, M: -max{0, -M} [O(n)]
  7: lbl13->stop, N: 2 [O(1)]
  4: lbl53->lbl91, A: 2 [O(1)]
  4: lbl53->lbl91, B: -max{0, -C} [O(n)]
  4: lbl53->lbl91, C: -max{0, -C} [O(n)]
  4: lbl53->lbl91, D: 1 [O(1)]
  4: lbl53->lbl91, E: -max{0, -E} [O(n)]
  4: lbl53->lbl91, G: -max{0, -G} [O(n)]
  4: lbl53->lbl91, H: 0 [O(1)]
  4: lbl53->lbl91, I: -max{0, -I} [O(n)]
  4: lbl53->lbl91, J: 2 [O(1)]
  4: lbl53->lbl91, K: -max{0, -K} [O(n)]
  4: lbl53->lbl91, L: 0 [O(1)]
  4: lbl53->lbl91, M: -max{0, -M} [O(n)]
  4: lbl53->lbl91, N: 2 [O(1)]
  5: lbl53->lbl53, A: 0 [O(1)]
  5: lbl53->lbl53, B: -max{0, -C} [O(n)]
  5: lbl53->lbl53, C: -max{0, -C} [O(n)]
  5: lbl53->lbl53, D: 2 [O(1)]
  5: lbl53->lbl53, E: -max{0, -E} [O(n)]
  5: lbl53->lbl53, F: -max{0, -G} [O(n)]
  5: lbl53->lbl53, G: -max{0, -G} [O(n)]
  5: lbl53->lbl53, H: 0 [O(1)]
  5: lbl53->lbl53, I: -max{0, -I} [O(n)]
  5: lbl53->lbl53, J: 3 [O(1)]
  5: lbl53->lbl53, K: -max{0, -K} [O(n)]
  5: lbl53->lbl53, L: 0 [O(1)]
  5: lbl53->lbl53, M: -max{0, -M} [O(n)]
  5: lbl53->lbl53, N: 3 [O(1)]
  6: lbl53->lbl53, A: 0 [O(1)]
  6: lbl53->lbl53, B: -max{0, -C} [O(n)]
  6: lbl53->lbl53, C: -max{0, -C} [O(n)]
  6: lbl53->lbl53, D: 2 [O(1)]
  6: lbl53->lbl53, E: -max{0, -E} [O(n)]
  6: lbl53->lbl53, F: -max{0, -G} [O(n)]
  6: lbl53->lbl53, G: -max{0, -G} [O(n)]
  6: lbl53->lbl53, H: 2 [O(1)]
  6: lbl53->lbl53, I: -max{0, -I} [O(n)]
  6: lbl53->lbl53, J: 3 [O(1)]
  6: lbl53->lbl53, K: -max{0, -K} [O(n)]
  6: lbl53->lbl53, L: 0 [O(1)]
  6: lbl53->lbl53, M: -max{0, -M} [O(n)]
  6: lbl53->lbl53, N: 3 [O(1)]
  3: lbl91->lbl13, A: 2 [O(1)]
  3: lbl91->lbl13, B: 0 [O(1)]
  3: lbl91->lbl13, C: -max{0, -C} [O(n)]
  3: lbl91->lbl13, D: 1 [O(1)]
  3: lbl91->lbl13, E: -max{0, -E} [O(n)]
  3: lbl91->lbl13, G: -max{0, -G} [O(n)]
  3: lbl91->lbl13, H: 0 [O(1)]
  3: lbl91->lbl13, I: -max{0, -I} [O(n)]
  3: lbl91->lbl13, J: 2 [O(1)]
  3: lbl91->lbl13, K: -max{0, -K} [O(n)]
  3: lbl91->lbl13, L: 1 [O(1)]
  3: lbl91->lbl13, M: -max{0, -M} [O(n)]
  3: lbl91->lbl13, N: 2 [O(1)]
  0: start->stop, A: A [O(n)]
  0: start->stop, B: C [O(n)]
  0: start->stop, C: C [O(n)]
  0: start->stop, D: E [O(n)]
  0: start->stop, E: E [O(n)]
  0: start->stop, F: G [O(n)]
  0: start->stop, G: G [O(n)]
  0: start->stop, H: I [O(n)]
  0: start->stop, I: I [O(n)]
  0: start->stop, J: K [O(n)]
  0: start->stop, K: K [O(n)]
  0: start->stop, L: 0 [O(1)]
  0: start->stop, M: M [O(n)]
  0: start->stop, N: A [O(n)]
  1: start->lbl53, A: 2 [O(1)]
  1: start->lbl53, B: C [O(n)]
  1: start->lbl53, C: C [O(n)]
  1: start->lbl53, D: 1 [O(1)]
  1: start->lbl53, E: E [O(n)]
  1: start->lbl53, F: G [O(n)]
  1: start->lbl53, G: G [O(n)]
  1: start->lbl53, H: 0 [O(1)]
  1: start->lbl53, I: I [O(n)]
  1: start->lbl53, J: 2 [O(1)]
  1: start->lbl53, K: K [O(n)]
  1: start->lbl53, L: 0 [O(1)]
  1: start->lbl53, M: M [O(n)]
  1: start->lbl53, N: 2 [O(1)]
  2: start->lbl53, A: 2 [O(1)]
  2: start->lbl53, B: C [O(n)]
  2: start->lbl53, C: C [O(n)]
  2: start->lbl53, D: 1 [O(1)]
  2: start->lbl53, E: E [O(n)]
  2: start->lbl53, F: G [O(n)]
  2: start->lbl53, G: G [O(n)]
  2: start->lbl53, H: 1 [O(1)]
  2: start->lbl53, I: I [O(n)]
  2: start->lbl53, J: 2 [O(1)]
  2: start->lbl53, K: K [O(n)]
  2: start->lbl53, L: 0 [O(1)]
  2: start->lbl53, M: M [O(n)]
  2: start->lbl53, N: 2 [O(1)]
  10: start0->start, A: A [O(n)]
  10: start0->start, B: C [O(n)]
  10: start0->start, C: C [O(n)]
  10: start0->start, D: E [O(n)]
  10: start0->start, E: E [O(n)]
  10: start0->start, F: G [O(n)]
  10: start0->start, G: G [O(n)]
  10: start0->start, H: I [O(n)]
  10: start0->start, I: I [O(n)]
  10: start0->start, J: K [O(n)]
  10: start0->start, K: K [O(n)]
  10: start0->start, L: M [O(n)]
  10: start0->start, M: M [O(n)]
  10: start0->start, N: A [O(n)]
`Upper:
  7: lbl13->stop, A: 2 [O(1)]
  7: lbl13->stop, B: 0 [O(1)]
  7: lbl13->stop, C: max{0, C} [O(n)]
  7: lbl13->stop, D: 1 [O(1)]
  7: lbl13->stop, E: max{0, E} [O(n)]
  7: lbl13->stop, G: max{0, G} [O(n)]
  7: lbl13->stop, H: 1 [O(1)]
  7: lbl13->stop, I: max{0, I} [O(n)]
  7: lbl13->stop, J: 2 [O(1)]
  7: lbl13->stop, K: max{0, K} [O(n)]
  7: lbl13->stop, L: 1 [O(1)]
  7: lbl13->stop, M: max{0, M} [O(n)]
  7: lbl13->stop, N: 2 [O(1)]
  4: lbl53->lbl91, A: 2 [O(1)]
  4: lbl53->lbl91, B: max{0, C} [O(n)]
  4: lbl53->lbl91, C: max{0, C} [O(n)]
  4: lbl53->lbl91, D: 1 [O(1)]
  4: lbl53->lbl91, E: max{0, E} [O(n)]
  4: lbl53->lbl91, G: max{0, G} [O(n)]
  4: lbl53->lbl91, H: 1 [O(1)]
  4: lbl53->lbl91, I: max{0, I} [O(n)]
  4: lbl53->lbl91, J: 2 [O(1)]
  4: lbl53->lbl91, K: max{0, K} [O(n)]
  4: lbl53->lbl91, L: 0 [O(1)]
  4: lbl53->lbl91, M: max{0, M} [O(n)]
  4: lbl53->lbl91, N: 2 [O(1)]
  5: lbl53->lbl53, A: max{0, A} [O(n)]
  5: lbl53->lbl53, B: max{0, C} [O(n)]
  5: lbl53->lbl53, C: max{0, C} [O(n)]
  5: lbl53->lbl53, D: 2 [O(1)]
  5: lbl53->lbl53, E: max{0, E} [O(n)]
  5: lbl53->lbl53, F: max{0, G} [O(n)]
  5: lbl53->lbl53, G: max{0, G} [O(n)]
  5: lbl53->lbl53, H: 1 [O(1)]
  5: lbl53->lbl53, I: max{0, I} [O(n)]
  5: lbl53->lbl53, J: 3 [O(1)]
  5: lbl53->lbl53, K: max{0, K} [O(n)]
  5: lbl53->lbl53, L: 0 [O(1)]
  5: lbl53->lbl53, M: max{0, M} [O(n)]
  5: lbl53->lbl53, N: max{0, A} [O(n)]
  6: lbl53->lbl53, A: max{0, A} [O(n)]
  6: lbl53->lbl53, B: max{0, C} [O(n)]
  6: lbl53->lbl53, C: max{0, C} [O(n)]
  6: lbl53->lbl53, D: 2 [O(1)]
  6: lbl53->lbl53, E: max{0, E} [O(n)]
  6: lbl53->lbl53, F: max{0, G} [O(n)]
  6: lbl53->lbl53, G: max{0, G} [O(n)]
  6: lbl53->lbl53, H: 2 [O(1)]
  6: lbl53->lbl53, I: max{0, I} [O(n)]
  6: lbl53->lbl53, J: 3 [O(1)]
  6: lbl53->lbl53, K: max{0, K} [O(n)]
  6: lbl53->lbl53, L: 0 [O(1)]
  6: lbl53->lbl53, M: max{0, M} [O(n)]
  6: lbl53->lbl53, N: max{0, A} [O(n)]
  3: lbl91->lbl13, A: 2 [O(1)]
  3: lbl91->lbl13, B: 0 [O(1)]
  3: lbl91->lbl13, C: max{0, C} [O(n)]
  3: lbl91->lbl13, D: 1 [O(1)]
  3: lbl91->lbl13, E: max{0, E} [O(n)]
  3: lbl91->lbl13, G: max{0, G} [O(n)]
  3: lbl91->lbl13, H: 1 [O(1)]
  3: lbl91->lbl13, I: max{0, I} [O(n)]
  3: lbl91->lbl13, J: 2 [O(1)]
  3: lbl91->lbl13, K: max{0, K} [O(n)]
  3: lbl91->lbl13, L: 1 [O(1)]
  3: lbl91->lbl13, M: max{0, M} [O(n)]
  3: lbl91->lbl13, N: 2 [O(1)]
  0: start->stop, A: 1 [O(1)]
  0: start->stop, B: C [O(n)]
  0: start->stop, C: C [O(n)]
  0: start->stop, D: E [O(n)]
  0: start->stop, E: E [O(n)]
  0: start->stop, F: G [O(n)]
  0: start->stop, G: G [O(n)]
  0: start->stop, H: I [O(n)]
  0: start->stop, I: I [O(n)]
  0: start->stop, J: K [O(n)]
  0: start->stop, K: K [O(n)]
  0: start->stop, L: 0 [O(1)]
  0: start->stop, M: M [O(n)]
  0: start->stop, N: 1 [O(1)]
  1: start->lbl53, A: A [O(n)]
  1: start->lbl53, B: C [O(n)]
  1: start->lbl53, C: C [O(n)]
  1: start->lbl53, D: 1 [O(1)]
  1: start->lbl53, E: E [O(n)]
  1: start->lbl53, F: G [O(n)]
  1: start->lbl53, G: G [O(n)]
  1: start->lbl53, H: 0 [O(1)]
  1: start->lbl53, I: I [O(n)]
  1: start->lbl53, J: 2 [O(1)]
  1: start->lbl53, K: K [O(n)]
  1: start->lbl53, L: 0 [O(1)]
  1: start->lbl53, M: M [O(n)]
  1: start->lbl53, N: A [O(n)]
  2: start->lbl53, A: A [O(n)]
  2: start->lbl53, B: C [O(n)]
  2: start->lbl53, C: C [O(n)]
  2: start->lbl53, D: 1 [O(1)]
  2: start->lbl53, E: E [O(n)]
  2: start->lbl53, F: G [O(n)]
  2: start->lbl53, G: G [O(n)]
  2: start->lbl53, H: 1 [O(1)]
  2: start->lbl53, I: I [O(n)]
  2: start->lbl53, J: 2 [O(1)]
  2: start->lbl53, K: K [O(n)]
  2: start->lbl53, L: 0 [O(1)]
  2: start->lbl53, M: M [O(n)]
  2: start->lbl53, N: A [O(n)]
  10: start0->start, A: A [O(n)]
  10: start0->start, B: C [O(n)]
  10: start0->start, C: C [O(n)]
  10: start0->start, D: E [O(n)]
  10: start0->start, E: E [O(n)]
  10: start0->start, F: G [O(n)]
  10: start0->start, G: G [O(n)]
  10: start0->start, H: I [O(n)]
  10: start0->start, I: I [O(n)]
  10: start0->start, J: K [O(n)]
  10: start0->start, K: K [O(n)]
  10: start0->start, L: M [O(n)]
  10: start0->start, M: M [O(n)]
  10: start0->start, N: A [O(n)]
