Timebounds: 
  Overall timebound: 10+3+18+1+6+(max{0, A*(-1+A)}+max{0, A})*max{18, 6*A}+(max{0, A*(-1+A)}+max{0, A})*max{6, 2*A}+(max{0, A*(-1+A)}+max{0, A})*max{0, A}+2*max{0, A}+(max{0, A*(-1+A)}+max{0, A})*max{54, 18*A}+2*max{0, A}+max{0, A}+max{6, 2*A}+max{0, A}+2*max{0, A}+max{8, 2*A}+max{9, 3*A}+max{0, A}+max{15, 5*A}+max{12, 3*A}+(max{15, 5*A}+max{20, 5*A}+max{15, 5*A}+max{20, 5*A})*max{0, A}+max{20, 5*A}+(max{15, 5*A}+max{20, 5*A}+max{15, 5*A}+max{20, 5*A})*max{0, A}+max{0, -2+A}+2*max{0, 1+A}+max{0, -2+A}+2*max{0, 1+A}+max{0, A}+2*max{0, A}+max{0, A}+max{0, -1+A}+max{0, A}+(2*max{0, A}+max{0, A}+max{0, A})*max{0, A}+(2*max{0, A}+max{0, A}+max{0, A})*max{0, A}+max{0, A}+max{0, A}+max{8, 2*A}+max{6, 2*A}+max{0, A}+max{12, 3*A}+max{9, 3*A}+max{20, 5*A}+max{15, 5*A}+max{0, -1+A}+max{0, -1+A}+max{0, A}+max{0, A}+max{0, A}+(max{0, A*(-1+A)}+max{0, A})*max{9, 3*A}+max{0, A*(-1+A)}+max{0, A} [O(n^3)]
  23: lbl101->lbl111: 2+(max{0, A*(-1+A)}+max{0, A})*max{6, 2*A} [O(n^3)]
  22: lbl111->lbl121: 6+(max{0, A*(-1+A)}+max{0, A})*max{18, 6*A} [O(n^3)]
  20: lbl121->lbl123: 1+(max{0, A*(-1+A)}+max{0, A})*max{0, A} [O(n^3)]
  21: lbl123->lbl71: 18+(max{0, A*(-1+A)}+max{0, A})*max{54, 18*A} [O(n^3)]
  12: lbl133->stop: 1 [O(1)]
  13: lbl133->lbl133: 2*max{0, A}+max{0, A}+max{0, A} [O(n)]
  14: lbl133->lbl281: 2*max{0, A}+max{0, A}+max{0, A} [O(n)]
  15: lbl133->lbl271: 2*max{0, A}+max{0, A}+max{0, A} [O(n)]
  16: lbl133->lbl281: max{9, 3*A}+max{12, 3*A}+max{9, 3*A}+max{12, 3*A} [O(n)]
  17: lbl133->lbl271: max{6, 2*A}+max{8, 2*A}+max{6, 2*A}+max{8, 2*A} [O(n)]
  2: lbl271->lbl133: max{15, 5*A}+max{20, 5*A}+max{15, 5*A}+max{20, 5*A} [O(n)]
  3: lbl271->lbl281: 2*max{0, 1+A}+max{0, A}+max{0, A} [O(n)]
  4: lbl271->lbl271: (max{15, 5*A}+max{20, 5*A}+max{15, 5*A}+max{20, 5*A})*max{0, A}+(2*max{0, A}+max{0, A}+max{0, A})*max{0, A}+max{0, -1+A}+max{0, -2+A} [O(n^2)]
  5: lbl271->lbl281: 2*max{0, 1+A}+max{0, A}+max{0, A} [O(n)]
  6: lbl271->lbl271: (max{15, 5*A}+max{20, 5*A}+max{15, 5*A}+max{20, 5*A})*max{0, A}+(2*max{0, A}+max{0, A}+max{0, A})*max{0, A}+max{0, -1+A}+max{0, -2+A} [O(n^2)]
  7: lbl281->lbl133: 2*max{0, A}+max{0, A}+max{0, A} [O(n)]
  24: lbl43->lbl71: max{0, -1+A} [O(n)]
  27: lbl43->lbl281: 1 [O(1)]
  28: lbl43->lbl271: 1 [O(1)]
  29: lbl43->lbl281: 1 [O(1)]
  30: lbl43->lbl271: 1 [O(1)]
  18: lbl71->lbl101: 3+(max{0, A*(-1+A)}+max{0, A})*max{9, 3*A} [O(n^3)]
  19: lbl71->lbl43: max{0, A*(-1+A)}+max{0, A} [O(n^2)]
  0: start->stop: 1 [O(1)]
  1: start->lbl71: 1 [O(1)]
  31: start0->start: 1 [O(1)]

Costbounds:
  Overall costbound: 10+3+18+1+6+(max{0, A*(-1+A)}+max{0, A})*max{18, 6*A}+(max{0, A*(-1+A)}+max{0, A})*max{6, 2*A}+(max{0, A*(-1+A)}+max{0, A})*max{0, A}+2*max{0, A}+(max{0, A*(-1+A)}+max{0, A})*max{54, 18*A}+2*max{0, A}+max{0, A}+max{6, 2*A}+max{0, A}+2*max{0, A}+max{8, 2*A}+max{9, 3*A}+max{0, A}+max{15, 5*A}+max{12, 3*A}+(max{15, 5*A}+max{20, 5*A}+max{15, 5*A}+max{20, 5*A})*max{0, A}+max{20, 5*A}+(max{15, 5*A}+max{20, 5*A}+max{15, 5*A}+max{20, 5*A})*max{0, A}+max{0, -2+A}+2*max{0, 1+A}+max{0, -2+A}+2*max{0, 1+A}+max{0, A}+2*max{0, A}+max{0, A}+max{0, -1+A}+max{0, A}+(2*max{0, A}+max{0, A}+max{0, A})*max{0, A}+(2*max{0, A}+max{0, A}+max{0, A})*max{0, A}+max{0, A}+max{0, A}+max{8, 2*A}+max{6, 2*A}+max{0, A}+max{12, 3*A}+max{9, 3*A}+max{20, 5*A}+max{15, 5*A}+max{0, -1+A}+max{0, -1+A}+max{0, A}+max{0, A}+max{0, A}+(max{0, A*(-1+A)}+max{0, A})*max{9, 3*A}+max{0, A*(-1+A)}+max{0, A} [O(n^3)]
  23: lbl101->lbl111: 2+(max{0, A*(-1+A)}+max{0, A})*max{6, 2*A} [O(n^3)]
  22: lbl111->lbl121: 6+(max{0, A*(-1+A)}+max{0, A})*max{18, 6*A} [O(n^3)]
  20: lbl121->lbl123: 1+(max{0, A*(-1+A)}+max{0, A})*max{0, A} [O(n^3)]
  21: lbl123->lbl71: 18+(max{0, A*(-1+A)}+max{0, A})*max{54, 18*A} [O(n^3)]
  12: lbl133->stop: 1 [O(1)]
  13: lbl133->lbl133: 2*max{0, A}+max{0, A}+max{0, A} [O(n)]
  14: lbl133->lbl281: 2*max{0, A}+max{0, A}+max{0, A} [O(n)]
  15: lbl133->lbl271: 2*max{0, A}+max{0, A}+max{0, A} [O(n)]
  16: lbl133->lbl281: max{9, 3*A}+max{12, 3*A}+max{9, 3*A}+max{12, 3*A} [O(n)]
  17: lbl133->lbl271: max{6, 2*A}+max{8, 2*A}+max{6, 2*A}+max{8, 2*A} [O(n)]
  2: lbl271->lbl133: max{15, 5*A}+max{20, 5*A}+max{15, 5*A}+max{20, 5*A} [O(n)]
  3: lbl271->lbl281: 2*max{0, 1+A}+max{0, A}+max{0, A} [O(n)]
  4: lbl271->lbl271: (max{15, 5*A}+max{20, 5*A}+max{15, 5*A}+max{20, 5*A})*max{0, A}+(2*max{0, A}+max{0, A}+max{0, A})*max{0, A}+max{0, -1+A}+max{0, -2+A} [O(n^2)]
  5: lbl271->lbl281: 2*max{0, 1+A}+max{0, A}+max{0, A} [O(n)]
  6: lbl271->lbl271: (max{15, 5*A}+max{20, 5*A}+max{15, 5*A}+max{20, 5*A})*max{0, A}+(2*max{0, A}+max{0, A}+max{0, A})*max{0, A}+max{0, -1+A}+max{0, -2+A} [O(n^2)]
  7: lbl281->lbl133: 2*max{0, A}+max{0, A}+max{0, A} [O(n)]
  24: lbl43->lbl71: max{0, -1+A} [O(n)]
  27: lbl43->lbl281: 1 [O(1)]
  28: lbl43->lbl271: 1 [O(1)]
  29: lbl43->lbl281: 1 [O(1)]
  30: lbl43->lbl271: 1 [O(1)]
  18: lbl71->lbl101: 3+(max{0, A*(-1+A)}+max{0, A})*max{9, 3*A} [O(n^3)]
  19: lbl71->lbl43: max{0, A*(-1+A)}+max{0, A} [O(n^2)]
  0: start->stop: 1 [O(1)]
  1: start->lbl71: 1 [O(1)]
  31: start0->start: 1 [O(1)]

Sizebounds:
`Lower:
  23: lbl101->lbl111, A: 3 [O(1)]
  23: lbl101->lbl111, B: -max{-1, -C} [O(n)]
  23: lbl101->lbl111, C: C [O(n)]
  23: lbl101->lbl111, D: 0 [O(1)]
  23: lbl101->lbl111, E: E [O(n)]
  23: lbl101->lbl111, G: G [O(n)]
  23: lbl101->lbl111, H: -max{0, -I} [O(n)]
  23: lbl101->lbl111, I: I [O(n)]
  23: lbl101->lbl111, J: 0 [O(1)]
  23: lbl101->lbl111, K: K [O(n)]
  23: lbl101->lbl111, L: M [O(n)]
  23: lbl101->lbl111, M: M [O(n)]
  23: lbl101->lbl111, N: O [O(n)]
  23: lbl101->lbl111, O: O [O(n)]
  23: lbl101->lbl111, P: 1 [O(1)]
  23: lbl101->lbl111, Q: Q [O(n)]
  23: lbl101->lbl111, R: 1 [O(1)]
  23: lbl101->lbl111, S: S [O(n)]
  23: lbl101->lbl111, T: 3 [O(1)]
  22: lbl111->lbl121, A: 3 [O(1)]
  22: lbl111->lbl121, B: -max{-1, -C} [O(n)]
  22: lbl111->lbl121, C: C [O(n)]
  22: lbl111->lbl121, D: 0 [O(1)]
  22: lbl111->lbl121, E: E [O(n)]
  22: lbl111->lbl121, F: 0 [O(1)]
  22: lbl111->lbl121, G: G [O(n)]
  22: lbl111->lbl121, I: I [O(n)]
  22: lbl111->lbl121, J: 0 [O(1)]
  22: lbl111->lbl121, K: K [O(n)]
  22: lbl111->lbl121, L: M [O(n)]
  22: lbl111->lbl121, M: M [O(n)]
  22: lbl111->lbl121, N: O [O(n)]
  22: lbl111->lbl121, O: O [O(n)]
  22: lbl111->lbl121, P: 1 [O(1)]
  22: lbl111->lbl121, Q: Q [O(n)]
  22: lbl111->lbl121, R: 1 [O(1)]
  22: lbl111->lbl121, S: S [O(n)]
  22: lbl111->lbl121, T: 3 [O(1)]
  20: lbl121->lbl123, A: 3 [O(1)]
  20: lbl121->lbl123, B: -max{-1, -C} [O(n)]
  20: lbl121->lbl123, C: C [O(n)]
  20: lbl121->lbl123, D: 0 [O(1)]
  20: lbl121->lbl123, E: E [O(n)]
  20: lbl121->lbl123, F: 0 [O(1)]
  20: lbl121->lbl123, G: G [O(n)]
  20: lbl121->lbl123, H: 0 [O(1)]
  20: lbl121->lbl123, I: I [O(n)]
  20: lbl121->lbl123, J: 0 [O(1)]
  20: lbl121->lbl123, K: K [O(n)]
  20: lbl121->lbl123, L: M [O(n)]
  20: lbl121->lbl123, M: M [O(n)]
  20: lbl121->lbl123, N: O [O(n)]
  20: lbl121->lbl123, O: O [O(n)]
  20: lbl121->lbl123, P: 1 [O(1)]
  20: lbl121->lbl123, Q: Q [O(n)]
  20: lbl121->lbl123, R: 0 [O(1)]
  20: lbl121->lbl123, S: S [O(n)]
  20: lbl121->lbl123, T: 3 [O(1)]
  21: lbl123->lbl71, A: 3 [O(1)]
  21: lbl123->lbl71, B: -max{-1, -C} [O(n)]
  21: lbl123->lbl71, C: C [O(n)]
  21: lbl123->lbl71, D: 0 [O(1)]
  21: lbl123->lbl71, E: E [O(n)]
  21: lbl123->lbl71, F: 0 [O(1)]
  21: lbl123->lbl71, G: G [O(n)]
  21: lbl123->lbl71, H: 0 [O(1)]
  21: lbl123->lbl71, I: I [O(n)]
  21: lbl123->lbl71, K: K [O(n)]
  21: lbl123->lbl71, L: M [O(n)]
  21: lbl123->lbl71, M: M [O(n)]
  21: lbl123->lbl71, N: O [O(n)]
  21: lbl123->lbl71, O: O [O(n)]
  21: lbl123->lbl71, P: 1 [O(1)]
  21: lbl123->lbl71, Q: Q [O(n)]
  21: lbl123->lbl71, R: 0 [O(1)]
  21: lbl123->lbl71, S: S [O(n)]
  21: lbl123->lbl71, T: 3 [O(1)]
  12: lbl133->stop, A: 3 [O(1)]
  12: lbl133->stop, B: 2 [O(1)]
  12: lbl133->stop, C: C [O(n)]
  12: lbl133->stop, D: -max{0, -E} [O(n)]
  12: lbl133->stop, E: E [O(n)]
  12: lbl133->stop, F: -max{0, -G} [O(n)]
  12: lbl133->stop, G: G [O(n)]
  12: lbl133->stop, H: -max{0, -I} [O(n)]
  12: lbl133->stop, I: I [O(n)]
  12: lbl133->stop, K: K [O(n)]
  12: lbl133->stop, L: 1 [O(1)]
  12: lbl133->stop, M: M [O(n)]
  12: lbl133->stop, N: 0 [O(1)]
  12: lbl133->stop, O: O [O(n)]
  12: lbl133->stop, P: 2 [O(1)]
  12: lbl133->stop, Q: Q [O(n)]
  12: lbl133->stop, R: 0 [O(1)]
  12: lbl133->stop, S: S [O(n)]
  12: lbl133->stop, T: 3 [O(1)]
  13: lbl133->lbl133, A: 3 [O(1)]
  13: lbl133->lbl133, B: 2 [O(1)]
  13: lbl133->lbl133, C: C [O(n)]
  13: lbl133->lbl133, D: -max{0, -E} [O(n)]
  13: lbl133->lbl133, E: E [O(n)]
  13: lbl133->lbl133, F: -max{0, -G} [O(n)]
  13: lbl133->lbl133, G: G [O(n)]
  13: lbl133->lbl133, H: -max{0, -I} [O(n)]
  13: lbl133->lbl133, I: I [O(n)]
  13: lbl133->lbl133, K: K [O(n)]
  13: lbl133->lbl133, L: 1 [O(1)]
  13: lbl133->lbl133, M: M [O(n)]
  13: lbl133->lbl133, N: 0 [O(1)]
  13: lbl133->lbl133, O: O [O(n)]
  13: lbl133->lbl133, P: 2 [O(1)]
  13: lbl133->lbl133, Q: Q [O(n)]
  13: lbl133->lbl133, R: 0 [O(1)]
  13: lbl133->lbl133, S: S [O(n)]
  13: lbl133->lbl133, T: 3 [O(1)]
  14: lbl133->lbl281, A: 4 [O(1)]
  14: lbl133->lbl281, B: 3 [O(1)]
  14: lbl133->lbl281, C: C [O(n)]
  14: lbl133->lbl281, D: -max{0, -E} [O(n)]
  14: lbl133->lbl281, E: E [O(n)]
  14: lbl133->lbl281, F: -max{0, -G} [O(n)]
  14: lbl133->lbl281, G: G [O(n)]
  14: lbl133->lbl281, H: -max{0, -I} [O(n)]
  14: lbl133->lbl281, I: I [O(n)]
  14: lbl133->lbl281, K: K [O(n)]
  14: lbl133->lbl281, L: 0 [O(1)]
  14: lbl133->lbl281, M: M [O(n)]
  14: lbl133->lbl281, N: 1 [O(1)]
  14: lbl133->lbl281, O: O [O(n)]
  14: lbl133->lbl281, P: 1 [O(1)]
  14: lbl133->lbl281, Q: Q [O(n)]
  14: lbl133->lbl281, R: 4 [O(1)]
  14: lbl133->lbl281, S: S [O(n)]
  14: lbl133->lbl281, T: 4 [O(1)]
  15: lbl133->lbl271, A: 4 [O(1)]
  15: lbl133->lbl271, B: 3 [O(1)]
  15: lbl133->lbl271, C: C [O(n)]
  15: lbl133->lbl271, D: -max{0, -E} [O(n)]
  15: lbl133->lbl271, E: E [O(n)]
  15: lbl133->lbl271, F: -max{0, -G} [O(n)]
  15: lbl133->lbl271, G: G [O(n)]
  15: lbl133->lbl271, H: -max{0, -I} [O(n)]
  15: lbl133->lbl271, I: I [O(n)]
  15: lbl133->lbl271, K: K [O(n)]
  15: lbl133->lbl271, L: 0 [O(1)]
  15: lbl133->lbl271, M: M [O(n)]
  15: lbl133->lbl271, N: 1 [O(1)]
  15: lbl133->lbl271, O: O [O(n)]
  15: lbl133->lbl271, P: 1 [O(1)]
  15: lbl133->lbl271, Q: Q [O(n)]
  15: lbl133->lbl271, R: 1 [O(1)]
  15: lbl133->lbl271, S: S [O(n)]
  15: lbl133->lbl271, T: 4 [O(1)]
  16: lbl133->lbl281, A: 5 [O(1)]
  16: lbl133->lbl281, B: 4 [O(1)]
  16: lbl133->lbl281, C: C [O(n)]
  16: lbl133->lbl281, D: -max{0, -E} [O(n)]
  16: lbl133->lbl281, E: E [O(n)]
  16: lbl133->lbl281, F: -max{0, -G} [O(n)]
  16: lbl133->lbl281, G: G [O(n)]
  16: lbl133->lbl281, H: -max{0, -I} [O(n)]
  16: lbl133->lbl281, I: I [O(n)]
  16: lbl133->lbl281, K: K [O(n)]
  16: lbl133->lbl281, L: 0 [O(1)]
  16: lbl133->lbl281, M: M [O(n)]
  16: lbl133->lbl281, N: 2 [O(1)]
  16: lbl133->lbl281, O: O [O(n)]
  16: lbl133->lbl281, P: 1 [O(1)]
  16: lbl133->lbl281, Q: Q [O(n)]
  16: lbl133->lbl281, R: 5 [O(1)]
  16: lbl133->lbl281, S: S [O(n)]
  16: lbl133->lbl281, T: 5 [O(1)]
  17: lbl133->lbl271, A: 5 [O(1)]
  17: lbl133->lbl271, B: 4 [O(1)]
  17: lbl133->lbl271, C: C [O(n)]
  17: lbl133->lbl271, D: -max{0, -E} [O(n)]
  17: lbl133->lbl271, E: E [O(n)]
  17: lbl133->lbl271, F: -max{0, -G} [O(n)]
  17: lbl133->lbl271, G: G [O(n)]
  17: lbl133->lbl271, H: -max{0, -I} [O(n)]
  17: lbl133->lbl271, I: I [O(n)]
  17: lbl133->lbl271, K: K [O(n)]
  17: lbl133->lbl271, L: 0 [O(1)]
  17: lbl133->lbl271, M: M [O(n)]
  17: lbl133->lbl271, N: 2 [O(1)]
  17: lbl133->lbl271, O: O [O(n)]
  17: lbl133->lbl271, P: 1 [O(1)]
  17: lbl133->lbl271, Q: Q [O(n)]
  17: lbl133->lbl271, R: 2 [O(1)]
  17: lbl133->lbl271, S: S [O(n)]
  17: lbl133->lbl271, T: 5 [O(1)]
  2: lbl271->lbl133, A: 3 [O(1)]
  2: lbl271->lbl133, B: 2 [O(1)]
  2: lbl271->lbl133, C: C [O(n)]
  2: lbl271->lbl133, D: -max{0, -E} [O(n)]
  2: lbl271->lbl133, E: E [O(n)]
  2: lbl271->lbl133, F: -max{0, -G} [O(n)]
  2: lbl271->lbl133, G: G [O(n)]
  2: lbl271->lbl133, H: -max{0, -I} [O(n)]
  2: lbl271->lbl133, I: I [O(n)]
  2: lbl271->lbl133, K: K [O(n)]
  2: lbl271->lbl133, L: 0 [O(1)]
  2: lbl271->lbl133, M: M [O(n)]
  2: lbl271->lbl133, N: 1 [O(1)]
  2: lbl271->lbl133, O: O [O(n)]
  2: lbl271->lbl133, P: 1 [O(1)]
  2: lbl271->lbl133, Q: Q [O(n)]
  2: lbl271->lbl133, R: 1 [O(1)]
  2: lbl271->lbl133, S: S [O(n)]
  2: lbl271->lbl133, T: 3 [O(1)]
  3: lbl271->lbl281, A: 5 [O(1)]
  3: lbl271->lbl281, B: 4 [O(1)]
  3: lbl271->lbl281, C: C [O(n)]
  3: lbl271->lbl281, D: -max{0, -E} [O(n)]
  3: lbl271->lbl281, E: E [O(n)]
  3: lbl271->lbl281, F: -max{0, -G} [O(n)]
  3: lbl271->lbl281, G: G [O(n)]
  3: lbl271->lbl281, H: -max{0, -I} [O(n)]
  3: lbl271->lbl281, I: I [O(n)]
  3: lbl271->lbl281, K: K [O(n)]
  3: lbl271->lbl281, L: -max{0, -M} [O(n)]
  3: lbl271->lbl281, M: M [O(n)]
  3: lbl271->lbl281, N: 3 [O(1)]
  3: lbl271->lbl281, O: O [O(n)]
  3: lbl271->lbl281, P: 0 [O(1)]
  3: lbl271->lbl281, Q: Q [O(n)]
  3: lbl271->lbl281, R: 5 [O(1)]
  3: lbl271->lbl281, S: S [O(n)]
  3: lbl271->lbl281, T: 5 [O(1)]
  4: lbl271->lbl271, A: 5 [O(1)]
  4: lbl271->lbl271, B: 4 [O(1)]
  4: lbl271->lbl271, C: C [O(n)]
  4: lbl271->lbl271, D: -max{0, -E} [O(n)]
  4: lbl271->lbl271, E: E [O(n)]
  4: lbl271->lbl271, F: -max{0, -G} [O(n)]
  4: lbl271->lbl271, G: G [O(n)]
  4: lbl271->lbl271, H: -max{0, -I} [O(n)]
  4: lbl271->lbl271, I: I [O(n)]
  4: lbl271->lbl271, K: K [O(n)]
  4: lbl271->lbl271, L: -max{0, -M} [O(n)]
  4: lbl271->lbl271, M: M [O(n)]
  4: lbl271->lbl271, N: 3 [O(1)]
  4: lbl271->lbl271, O: O [O(n)]
  4: lbl271->lbl271, P: 0 [O(1)]
  4: lbl271->lbl271, Q: Q [O(n)]
  4: lbl271->lbl271, R: 3 [O(1)]
  4: lbl271->lbl271, S: S [O(n)]
  4: lbl271->lbl271, T: 5 [O(1)]
  5: lbl271->lbl281, A: 6 [O(1)]
  5: lbl271->lbl281, B: 5 [O(1)]
  5: lbl271->lbl281, C: C [O(n)]
  5: lbl271->lbl281, D: -max{0, -E} [O(n)]
  5: lbl271->lbl281, E: E [O(n)]
  5: lbl271->lbl281, F: -max{0, -G} [O(n)]
  5: lbl271->lbl281, G: G [O(n)]
  5: lbl271->lbl281, H: -max{0, -I} [O(n)]
  5: lbl271->lbl281, I: I [O(n)]
  5: lbl271->lbl281, K: K [O(n)]
  5: lbl271->lbl281, L: -max{0, -M} [O(n)]
  5: lbl271->lbl281, M: M [O(n)]
  5: lbl271->lbl281, N: 4 [O(1)]
  5: lbl271->lbl281, O: O [O(n)]
  5: lbl271->lbl281, P: 0 [O(1)]
  5: lbl271->lbl281, Q: Q [O(n)]
  5: lbl271->lbl281, R: 6 [O(1)]
  5: lbl271->lbl281, S: S [O(n)]
  5: lbl271->lbl281, T: 6 [O(1)]
  6: lbl271->lbl271, A: 6 [O(1)]
  6: lbl271->lbl271, B: 5 [O(1)]
  6: lbl271->lbl271, C: C [O(n)]
  6: lbl271->lbl271, D: -max{0, -E} [O(n)]
  6: lbl271->lbl271, E: E [O(n)]
  6: lbl271->lbl271, F: -max{0, -G} [O(n)]
  6: lbl271->lbl271, G: G [O(n)]
  6: lbl271->lbl271, H: -max{0, -I} [O(n)]
  6: lbl271->lbl271, I: I [O(n)]
  6: lbl271->lbl271, K: K [O(n)]
  6: lbl271->lbl271, L: -max{0, -M} [O(n)]
  6: lbl271->lbl271, M: M [O(n)]
  6: lbl271->lbl271, N: 4 [O(1)]
  6: lbl271->lbl271, O: O [O(n)]
  6: lbl271->lbl271, P: 0 [O(1)]
  6: lbl271->lbl271, Q: Q [O(n)]
  6: lbl271->lbl271, R: 4 [O(1)]
  6: lbl271->lbl271, S: S [O(n)]
  6: lbl271->lbl271, T: 6 [O(1)]
  7: lbl281->lbl133, A: 3 [O(1)]
  7: lbl281->lbl133, B: 2 [O(1)]
  7: lbl281->lbl133, C: C [O(n)]
  7: lbl281->lbl133, D: -max{0, -E} [O(n)]
  7: lbl281->lbl133, E: E [O(n)]
  7: lbl281->lbl133, F: -max{0, -G} [O(n)]
  7: lbl281->lbl133, G: G [O(n)]
  7: lbl281->lbl133, H: -max{0, -I} [O(n)]
  7: lbl281->lbl133, I: I [O(n)]
  7: lbl281->lbl133, K: K [O(n)]
  7: lbl281->lbl133, L: 0 [O(1)]
  7: lbl281->lbl133, M: M [O(n)]
  7: lbl281->lbl133, N: 1 [O(1)]
  7: lbl281->lbl133, O: O [O(n)]
  7: lbl281->lbl133, P: 1 [O(1)]
  7: lbl281->lbl133, Q: Q [O(n)]
  7: lbl281->lbl133, R: 3 [O(1)]
  7: lbl281->lbl133, S: S [O(n)]
  7: lbl281->lbl133, T: 3 [O(1)]
  24: lbl43->lbl71, A: 3 [O(1)]
  24: lbl43->lbl71, B: 1 [O(1)]
  24: lbl43->lbl71, C: C [O(n)]
  24: lbl43->lbl71, D: -max{0, -E} [O(n)]
  24: lbl43->lbl71, E: E [O(n)]
  24: lbl43->lbl71, F: -max{0, -G} [O(n)]
  24: lbl43->lbl71, G: G [O(n)]
  24: lbl43->lbl71, H: -max{0, -I} [O(n)]
  24: lbl43->lbl71, I: I [O(n)]
  24: lbl43->lbl71, K: K [O(n)]
  24: lbl43->lbl71, L: M [O(n)]
  24: lbl43->lbl71, M: M [O(n)]
  24: lbl43->lbl71, N: O [O(n)]
  24: lbl43->lbl71, O: O [O(n)]
  24: lbl43->lbl71, P: 2 [O(1)]
  24: lbl43->lbl71, Q: Q [O(n)]
  24: lbl43->lbl71, R: 2 [O(1)]
  24: lbl43->lbl71, S: S [O(n)]
  24: lbl43->lbl71, T: 3 [O(1)]
  27: lbl43->lbl281, A: 3 [O(1)]
  27: lbl43->lbl281, B: 2 [O(1)]
  27: lbl43->lbl281, C: C [O(n)]
  27: lbl43->lbl281, D: -max{0, -E} [O(n)]
  27: lbl43->lbl281, E: E [O(n)]
  27: lbl43->lbl281, F: -max{0, -G} [O(n)]
  27: lbl43->lbl281, G: G [O(n)]
  27: lbl43->lbl281, H: -max{0, -I} [O(n)]
  27: lbl43->lbl281, I: I [O(n)]
  27: lbl43->lbl281, K: K [O(n)]
  27: lbl43->lbl281, L: M [O(n)]
  27: lbl43->lbl281, M: M [O(n)]
  27: lbl43->lbl281, N: 1 [O(1)]
  27: lbl43->lbl281, O: O [O(n)]
  27: lbl43->lbl281, P: 0 [O(1)]
  27: lbl43->lbl281, Q: Q [O(n)]
  27: lbl43->lbl281, R: 3 [O(1)]
  27: lbl43->lbl281, S: S [O(n)]
  27: lbl43->lbl281, T: 3 [O(1)]
  28: lbl43->lbl271, A: 3 [O(1)]
  28: lbl43->lbl271, B: 2 [O(1)]
  28: lbl43->lbl271, C: C [O(n)]
  28: lbl43->lbl271, D: -max{0, -E} [O(n)]
  28: lbl43->lbl271, E: E [O(n)]
  28: lbl43->lbl271, F: -max{0, -G} [O(n)]
  28: lbl43->lbl271, G: G [O(n)]
  28: lbl43->lbl271, H: -max{0, -I} [O(n)]
  28: lbl43->lbl271, I: I [O(n)]
  28: lbl43->lbl271, K: K [O(n)]
  28: lbl43->lbl271, L: M [O(n)]
  28: lbl43->lbl271, M: M [O(n)]
  28: lbl43->lbl271, N: 1 [O(1)]
  28: lbl43->lbl271, O: O [O(n)]
  28: lbl43->lbl271, P: 0 [O(1)]
  28: lbl43->lbl271, Q: Q [O(n)]
  28: lbl43->lbl271, R: 1 [O(1)]
  28: lbl43->lbl271, S: S [O(n)]
  28: lbl43->lbl271, T: 3 [O(1)]
  29: lbl43->lbl281, A: 4 [O(1)]
  29: lbl43->lbl281, B: 3 [O(1)]
  29: lbl43->lbl281, C: C [O(n)]
  29: lbl43->lbl281, D: -max{0, -E} [O(n)]
  29: lbl43->lbl281, E: E [O(n)]
  29: lbl43->lbl281, F: -max{0, -G} [O(n)]
  29: lbl43->lbl281, G: G [O(n)]
  29: lbl43->lbl281, H: -max{0, -I} [O(n)]
  29: lbl43->lbl281, I: I [O(n)]
  29: lbl43->lbl281, K: K [O(n)]
  29: lbl43->lbl281, L: M [O(n)]
  29: lbl43->lbl281, M: M [O(n)]
  29: lbl43->lbl281, N: 2 [O(1)]
  29: lbl43->lbl281, O: O [O(n)]
  29: lbl43->lbl281, P: 0 [O(1)]
  29: lbl43->lbl281, Q: Q [O(n)]
  29: lbl43->lbl281, R: 4 [O(1)]
  29: lbl43->lbl281, S: S [O(n)]
  29: lbl43->lbl281, T: 4 [O(1)]
  30: lbl43->lbl271, A: 4 [O(1)]
  30: lbl43->lbl271, B: 3 [O(1)]
  30: lbl43->lbl271, C: C [O(n)]
  30: lbl43->lbl271, D: -max{0, -E} [O(n)]
  30: lbl43->lbl271, E: E [O(n)]
  30: lbl43->lbl271, F: -max{0, -G} [O(n)]
  30: lbl43->lbl271, G: G [O(n)]
  30: lbl43->lbl271, H: -max{0, -I} [O(n)]
  30: lbl43->lbl271, I: I [O(n)]
  30: lbl43->lbl271, K: K [O(n)]
  30: lbl43->lbl271, L: M [O(n)]
  30: lbl43->lbl271, M: M [O(n)]
  30: lbl43->lbl271, N: 2 [O(1)]
  30: lbl43->lbl271, O: O [O(n)]
  30: lbl43->lbl271, P: 0 [O(1)]
  30: lbl43->lbl271, Q: Q [O(n)]
  30: lbl43->lbl271, R: 2 [O(1)]
  30: lbl43->lbl271, S: S [O(n)]
  30: lbl43->lbl271, T: 4 [O(1)]
  18: lbl71->lbl101, A: 3 [O(1)]
  18: lbl71->lbl101, B: -max{-1, -C} [O(n)]
  18: lbl71->lbl101, C: C [O(n)]
  18: lbl71->lbl101, E: E [O(n)]
  18: lbl71->lbl101, F: -max{0, -G} [O(n)]
  18: lbl71->lbl101, G: G [O(n)]
  18: lbl71->lbl101, H: -max{0, -I} [O(n)]
  18: lbl71->lbl101, I: I [O(n)]
  18: lbl71->lbl101, J: 0 [O(1)]
  18: lbl71->lbl101, K: K [O(n)]
  18: lbl71->lbl101, L: M [O(n)]
  18: lbl71->lbl101, M: M [O(n)]
  18: lbl71->lbl101, N: O [O(n)]
  18: lbl71->lbl101, O: O [O(n)]
  18: lbl71->lbl101, P: 1 [O(1)]
  18: lbl71->lbl101, Q: Q [O(n)]
  18: lbl71->lbl101, R: 1 [O(1)]
  18: lbl71->lbl101, S: S [O(n)]
  18: lbl71->lbl101, T: 3 [O(1)]
  19: lbl71->lbl43, A: 3 [O(1)]
  19: lbl71->lbl43, B: 1 [O(1)]
  19: lbl71->lbl43, C: C [O(n)]
  19: lbl71->lbl43, D: -max{0, -E} [O(n)]
  19: lbl71->lbl43, E: E [O(n)]
  19: lbl71->lbl43, F: -max{0, -G} [O(n)]
  19: lbl71->lbl43, G: G [O(n)]
  19: lbl71->lbl43, H: -max{0, -I} [O(n)]
  19: lbl71->lbl43, I: I [O(n)]
  19: lbl71->lbl43, K: K [O(n)]
  19: lbl71->lbl43, L: M [O(n)]
  19: lbl71->lbl43, M: M [O(n)]
  19: lbl71->lbl43, N: O [O(n)]
  19: lbl71->lbl43, O: O [O(n)]
  19: lbl71->lbl43, P: 2 [O(1)]
  19: lbl71->lbl43, Q: Q [O(n)]
  19: lbl71->lbl43, R: 0 [O(1)]
  19: lbl71->lbl43, S: S [O(n)]
  19: lbl71->lbl43, T: 3 [O(1)]
  0: start->stop, A: A [O(n)]
  0: start->stop, B: C [O(n)]
  0: start->stop, C: C [O(n)]
  0: start->stop, D: E [O(n)]
  0: start->stop, E: E [O(n)]
  0: start->stop, F: G [O(n)]
  0: start->stop, G: G [O(n)]
  0: start->stop, H: I [O(n)]
  0: start->stop, I: I [O(n)]
  0: start->stop, J: K [O(n)]
  0: start->stop, K: K [O(n)]
  0: start->stop, L: M [O(n)]
  0: start->stop, M: M [O(n)]
  0: start->stop, N: O [O(n)]
  0: start->stop, O: O [O(n)]
  0: start->stop, P: Q [O(n)]
  0: start->stop, Q: Q [O(n)]
  0: start->stop, R: S [O(n)]
  0: start->stop, S: S [O(n)]
  0: start->stop, T: A [O(n)]
  1: start->lbl71, A: 3 [O(1)]
  1: start->lbl71, B: C [O(n)]
  1: start->lbl71, C: C [O(n)]
  1: start->lbl71, D: E [O(n)]
  1: start->lbl71, E: E [O(n)]
  1: start->lbl71, F: G [O(n)]
  1: start->lbl71, G: G [O(n)]
  1: start->lbl71, H: I [O(n)]
  1: start->lbl71, I: I [O(n)]
  1: start->lbl71, K: K [O(n)]
  1: start->lbl71, L: M [O(n)]
  1: start->lbl71, M: M [O(n)]
  1: start->lbl71, N: O [O(n)]
  1: start->lbl71, O: O [O(n)]
  1: start->lbl71, P: 1 [O(1)]
  1: start->lbl71, Q: Q [O(n)]
  1: start->lbl71, R: 1 [O(1)]
  1: start->lbl71, S: S [O(n)]
  1: start->lbl71, T: 3 [O(1)]
  31: start0->start, A: A [O(n)]
  31: start0->start, B: C [O(n)]
  31: start0->start, C: C [O(n)]
  31: start0->start, D: E [O(n)]
  31: start0->start, E: E [O(n)]
  31: start0->start, F: G [O(n)]
  31: start0->start, G: G [O(n)]
  31: start0->start, H: I [O(n)]
  31: start0->start, I: I [O(n)]
  31: start0->start, J: K [O(n)]
  31: start0->start, K: K [O(n)]
  31: start0->start, L: M [O(n)]
  31: start0->start, M: M [O(n)]
  31: start0->start, N: O [O(n)]
  31: start0->start, O: O [O(n)]
  31: start0->start, P: Q [O(n)]
  31: start0->start, Q: Q [O(n)]
  31: start0->start, R: S [O(n)]
  31: start0->start, S: S [O(n)]
  31: start0->start, T: A [O(n)]
`Upper:
  23: lbl101->lbl111, A: A [O(n)]
  23: lbl101->lbl111, B: max{1, C, 1+max{0, A*(-1+A)}+max{0, A}} [O(n^2)]
  23: lbl101->lbl111, C: C [O(n)]
  23: lbl101->lbl111, E: E [O(n)]
  23: lbl101->lbl111, G: G [O(n)]
  23: lbl101->lbl111, I: I [O(n)]
  23: lbl101->lbl111, K: K [O(n)]
  23: lbl101->lbl111, L: M [O(n)]
  23: lbl101->lbl111, M: M [O(n)]
  23: lbl101->lbl111, N: O [O(n)]
  23: lbl101->lbl111, O: O [O(n)]
  23: lbl101->lbl111, P: 1+max{0, A*(-1+A)}+max{0, A} [O(n^2)]
  23: lbl101->lbl111, Q: Q [O(n)]
  23: lbl101->lbl111, S: S [O(n)]
  23: lbl101->lbl111, T: A [O(n)]
  22: lbl111->lbl121, A: A [O(n)]
  22: lbl111->lbl121, B: max{1, C, 1+max{0, A*(-1+A)}+max{0, A}} [O(n^2)]
  22: lbl111->lbl121, C: C [O(n)]
  22: lbl111->lbl121, E: E [O(n)]
  22: lbl111->lbl121, G: G [O(n)]
  22: lbl111->lbl121, I: I [O(n)]
  22: lbl111->lbl121, K: K [O(n)]
  22: lbl111->lbl121, L: M [O(n)]
  22: lbl111->lbl121, M: M [O(n)]
  22: lbl111->lbl121, N: O [O(n)]
  22: lbl111->lbl121, O: O [O(n)]
  22: lbl111->lbl121, P: 1+max{0, A*(-1+A)}+max{0, A} [O(n^2)]
  22: lbl111->lbl121, Q: Q [O(n)]
  22: lbl111->lbl121, S: S [O(n)]
  22: lbl111->lbl121, T: A [O(n)]
  20: lbl121->lbl123, A: A [O(n)]
  20: lbl121->lbl123, B: max{1, C, 1+max{0, A*(-1+A)}+max{0, A}} [O(n^2)]
  20: lbl121->lbl123, C: C [O(n)]
  20: lbl121->lbl123, E: E [O(n)]
  20: lbl121->lbl123, G: G [O(n)]
  20: lbl121->lbl123, I: I [O(n)]
  20: lbl121->lbl123, K: K [O(n)]
  20: lbl121->lbl123, L: M [O(n)]
  20: lbl121->lbl123, M: M [O(n)]
  20: lbl121->lbl123, N: O [O(n)]
  20: lbl121->lbl123, O: O [O(n)]
  20: lbl121->lbl123, P: 1+max{0, A*(-1+A)}+max{0, A} [O(n^2)]
  20: lbl121->lbl123, Q: Q [O(n)]
  20: lbl121->lbl123, S: S [O(n)]
  20: lbl121->lbl123, T: A [O(n)]
  21: lbl123->lbl71, A: A [O(n)]
  21: lbl123->lbl71, B: max{1, C, 1+max{0, A*(-1+A)}+max{0, A}} [O(n^2)]
  21: lbl123->lbl71, C: C [O(n)]
  21: lbl123->lbl71, E: E [O(n)]
  21: lbl123->lbl71, G: G [O(n)]
  21: lbl123->lbl71, I: I [O(n)]
  21: lbl123->lbl71, K: K [O(n)]
  21: lbl123->lbl71, L: M [O(n)]
  21: lbl123->lbl71, M: M [O(n)]
  21: lbl123->lbl71, N: O [O(n)]
  21: lbl123->lbl71, O: O [O(n)]
  21: lbl123->lbl71, P: 1+max{0, A*(-1+A)}+max{0, A} [O(n^2)]
  21: lbl123->lbl71, Q: Q [O(n)]
  21: lbl123->lbl71, S: S [O(n)]
  21: lbl123->lbl71, T: A [O(n)]
  12: lbl133->stop, A: A [O(n)]
  12: lbl133->stop, B: max{1, 1+max{0, A*(-1+A)}+max{0, A}} [O(n^2)]
  12: lbl133->stop, C: C [O(n)]
  12: lbl133->stop, E: E [O(n)]
  12: lbl133->stop, G: G [O(n)]
  12: lbl133->stop, I: I [O(n)]
  12: lbl133->stop, K: K [O(n)]
  12: lbl133->stop, L: -max{-max{-max{-max{0, 2*(max{15, 5*A}+max{0, A})+2*max{20, 5*A}+2*(2*max{0, A}+max{0, A})}, -max{0, 2*(2*max{0, A}+max{0, A})+max{15, 5*A}+max{20, 5*A}+max{20, 5*A}+max{15, 5*A}+max{0, A}+max{0, A}}}, -max{-2*(max{15, 5*A}+max{0, A})+-2*max{20, 5*A}+-2*(2*max{0, A}+max{0, A}), -max{20, 5*A}+-max{15, 5*A}+-max{15, 5*A}+-max{0, A}+-max{20, 5*A}-max{0, A}+-2*(2*max{0, A}+max{0, A})}}, -max{0, 2*(2*max{0, A}+max{0, A})+max{15, 5*A}+max{20, 5*A}+max{20, 5*A}+max{15, 5*A}+max{0, A}+max{0, A}}} [O(n)]
  12: lbl133->stop, M: M [O(n)]
  12: lbl133->stop, N: 0 [O(1)]
  12: lbl133->stop, O: O [O(n)]
  12: lbl133->stop, P: -max{-2*(max{15, 5*A}+max{0, A})+-2*max{20, 5*A}+-2*(2*max{0, A}+max{0, A}), -max{20, 5*A}+-max{15, 5*A}+-max{15, 5*A}+-max{0, A}+-max{20, 5*A}-max{0, A}+-2*(2*max{0, A}+max{0, A})} [O(n)]
  12: lbl133->stop, Q: Q [O(n)]
  12: lbl133->stop, R: max{2, A, 2^((max{15, 5*A}+max{20, 5*A}+max{15, 5*A}+max{20, 5*A})*max{0, A}+(2*max{0, A}+max{0, A}+max{0, A})*max{0, A}+max{0, -1+A}+max{0, -2+A})*2^((max{15, 5*A}+max{20, 5*A}+max{15, 5*A}+max{20, 5*A})*max{0, A}+(2*max{0, A}+max{0, A}+max{0, A})*max{0, A}+max{0, -1+A}+max{0, -2+A})*(2+2*((max{15, 5*A}+max{20, 5*A}+max{15, 5*A}+max{20, 5*A})*max{0, A}+(2*max{0, A}+max{0, A}+max{0, A})*max{0, A}+max{0, -1+A}+max{0, -2+A}))} [O(2^n)]
  12: lbl133->stop, S: S [O(n)]
  12: lbl133->stop, T: A [O(n)]
  13: lbl133->lbl133, A: A [O(n)]
  13: lbl133->lbl133, B: max{1, 1+max{0, A*(-1+A)}+max{0, A}} [O(n^2)]
  13: lbl133->lbl133, C: C [O(n)]
  13: lbl133->lbl133, E: E [O(n)]
  13: lbl133->lbl133, G: G [O(n)]
  13: lbl133->lbl133, I: I [O(n)]
  13: lbl133->lbl133, K: K [O(n)]
  13: lbl133->lbl133, L: -max{-2*(max{15, 5*A}+max{0, A})+-2*max{20, 5*A}+-2*(2*max{0, A}+max{0, A}), -max{20, 5*A}+-max{15, 5*A}+-max{15, 5*A}+-max{0, A}+-max{20, 5*A}-max{0, A}+-2*(2*max{0, A}+max{0, A})} [O(n)]
  13: lbl133->lbl133, M: M [O(n)]
  13: lbl133->lbl133, N: 0 [O(1)]
  13: lbl133->lbl133, O: O [O(n)]
  13: lbl133->lbl133, P: 2*(max{15, 5*A}+max{0, A})+2*max{20, 5*A}+2*(2*max{0, A}+max{0, A}) [O(n)]
  13: lbl133->lbl133, Q: Q [O(n)]
  13: lbl133->lbl133, R: 0 [O(1)]
  13: lbl133->lbl133, S: S [O(n)]
  13: lbl133->lbl133, T: A [O(n)]
  14: lbl133->lbl281, A: A [O(n)]
  14: lbl133->lbl281, B: max{1, 1+max{0, A*(-1+A)}+max{0, A}} [O(n^2)]
  14: lbl133->lbl281, C: C [O(n)]
  14: lbl133->lbl281, E: E [O(n)]
  14: lbl133->lbl281, G: G [O(n)]
  14: lbl133->lbl281, I: I [O(n)]
  14: lbl133->lbl281, K: K [O(n)]
  14: lbl133->lbl281, L: -max{-max{-max{-max{0, 2*(max{15, 5*A}+max{0, A})+2*max{20, 5*A}+2*(2*max{0, A}+max{0, A})}, -max{0, 2*(2*max{0, A}+max{0, A})+max{15, 5*A}+max{20, 5*A}+max{20, 5*A}+max{15, 5*A}+max{0, A}+max{0, A}}}, -max{-2*(max{15, 5*A}+max{0, A})+-2*max{20, 5*A}+-2*(2*max{0, A}+max{0, A}), -max{20, 5*A}+-max{15, 5*A}+-max{15, 5*A}+-max{0, A}+-max{20, 5*A}-max{0, A}+-2*(2*max{0, A}+max{0, A})}}, -max{0, 2*(2*max{0, A}+max{0, A})+max{15, 5*A}+max{20, 5*A}+max{20, 5*A}+max{15, 5*A}+max{0, A}+max{0, A}}} [O(n)]
  14: lbl133->lbl281, M: M [O(n)]
  14: lbl133->lbl281, N: 1 [O(1)]
  14: lbl133->lbl281, O: O [O(n)]
  14: lbl133->lbl281, P: 2*(max{15, 5*A}+max{0, A})+2*max{20, 5*A}+2*(2*max{0, A}+max{0, A}) [O(n)]
  14: lbl133->lbl281, Q: Q [O(n)]
  14: lbl133->lbl281, R: A [O(n)]
  14: lbl133->lbl281, S: S [O(n)]
  14: lbl133->lbl281, T: A [O(n)]
  15: lbl133->lbl271, A: A [O(n)]
  15: lbl133->lbl271, B: max{1, 1+max{0, A*(-1+A)}+max{0, A}} [O(n^2)]
  15: lbl133->lbl271, C: C [O(n)]
  15: lbl133->lbl271, E: E [O(n)]
  15: lbl133->lbl271, G: G [O(n)]
  15: lbl133->lbl271, I: I [O(n)]
  15: lbl133->lbl271, K: K [O(n)]
  15: lbl133->lbl271, L: -max{-max{-max{-max{0, 2*(max{15, 5*A}+max{0, A})+2*max{20, 5*A}+2*(2*max{0, A}+max{0, A})}, -max{0, 2*(2*max{0, A}+max{0, A})+max{15, 5*A}+max{20, 5*A}+max{20, 5*A}+max{15, 5*A}+max{0, A}+max{0, A}}}, -max{-2*(max{15, 5*A}+max{0, A})+-2*max{20, 5*A}+-2*(2*max{0, A}+max{0, A}), -max{20, 5*A}+-max{15, 5*A}+-max{15, 5*A}+-max{0, A}+-max{20, 5*A}-max{0, A}+-2*(2*max{0, A}+max{0, A})}}, -max{0, 2*(2*max{0, A}+max{0, A})+max{15, 5*A}+max{20, 5*A}+max{20, 5*A}+max{15, 5*A}+max{0, A}+max{0, A}}} [O(n)]
  15: lbl133->lbl271, M: M [O(n)]
  15: lbl133->lbl271, N: 1 [O(1)]
  15: lbl133->lbl271, O: O [O(n)]
  15: lbl133->lbl271, P: 2*(max{15, 5*A}+max{0, A})+2*max{20, 5*A}+2*(2*max{0, A}+max{0, A}) [O(n)]
  15: lbl133->lbl271, Q: Q [O(n)]
  15: lbl133->lbl271, R: 1 [O(1)]
  15: lbl133->lbl271, S: S [O(n)]
  15: lbl133->lbl271, T: A [O(n)]
  16: lbl133->lbl281, A: A [O(n)]
  16: lbl133->lbl281, B: max{1, 1+max{0, A*(-1+A)}+max{0, A}} [O(n^2)]
  16: lbl133->lbl281, C: C [O(n)]
  16: lbl133->lbl281, E: E [O(n)]
  16: lbl133->lbl281, G: G [O(n)]
  16: lbl133->lbl281, I: I [O(n)]
  16: lbl133->lbl281, K: K [O(n)]
  16: lbl133->lbl281, L: -max{-max{-max{-max{0, 2*(max{15, 5*A}+max{0, A})+2*max{20, 5*A}+2*(2*max{0, A}+max{0, A})}, -max{0, 2*(2*max{0, A}+max{0, A})+max{15, 5*A}+max{20, 5*A}+max{20, 5*A}+max{15, 5*A}+max{0, A}+max{0, A}}}, -max{-2*(max{15, 5*A}+max{0, A})+-2*max{20, 5*A}+-2*(2*max{0, A}+max{0, A}), -max{20, 5*A}+-max{15, 5*A}+-max{15, 5*A}+-max{0, A}+-max{20, 5*A}-max{0, A}+-2*(2*max{0, A}+max{0, A})}}, -max{0, 2*(2*max{0, A}+max{0, A})+max{15, 5*A}+max{20, 5*A}+max{20, 5*A}+max{15, 5*A}+max{0, A}+max{0, A}}} [O(n)]
  16: lbl133->lbl281, M: M [O(n)]
  16: lbl133->lbl281, N: 2 [O(1)]
  16: lbl133->lbl281, O: O [O(n)]
  16: lbl133->lbl281, P: 2*(max{15, 5*A}+max{0, A})+2*max{20, 5*A}+2*(2*max{0, A}+max{0, A}) [O(n)]
  16: lbl133->lbl281, Q: Q [O(n)]
  16: lbl133->lbl281, R: A [O(n)]
  16: lbl133->lbl281, S: S [O(n)]
  16: lbl133->lbl281, T: A [O(n)]
  17: lbl133->lbl271, A: A [O(n)]
  17: lbl133->lbl271, B: max{1, 1+max{0, A*(-1+A)}+max{0, A}} [O(n^2)]
  17: lbl133->lbl271, C: C [O(n)]
  17: lbl133->lbl271, E: E [O(n)]
  17: lbl133->lbl271, G: G [O(n)]
  17: lbl133->lbl271, I: I [O(n)]
  17: lbl133->lbl271, K: K [O(n)]
  17: lbl133->lbl271, L: -max{-max{-max{-max{0, 2*(max{15, 5*A}+max{0, A})+2*max{20, 5*A}+2*(2*max{0, A}+max{0, A})}, -max{0, 2*(2*max{0, A}+max{0, A})+max{15, 5*A}+max{20, 5*A}+max{20, 5*A}+max{15, 5*A}+max{0, A}+max{0, A}}}, -max{-2*(max{15, 5*A}+max{0, A})+-2*max{20, 5*A}+-2*(2*max{0, A}+max{0, A}), -max{20, 5*A}+-max{15, 5*A}+-max{15, 5*A}+-max{0, A}+-max{20, 5*A}-max{0, A}+-2*(2*max{0, A}+max{0, A})}}, -max{0, 2*(2*max{0, A}+max{0, A})+max{15, 5*A}+max{20, 5*A}+max{20, 5*A}+max{15, 5*A}+max{0, A}+max{0, A}}} [O(n)]
  17: lbl133->lbl271, M: M [O(n)]
  17: lbl133->lbl271, N: 2 [O(1)]
  17: lbl133->lbl271, O: O [O(n)]
  17: lbl133->lbl271, P: 2*(max{15, 5*A}+max{0, A})+2*max{20, 5*A}+2*(2*max{0, A}+max{0, A}) [O(n)]
  17: lbl133->lbl271, Q: Q [O(n)]
  17: lbl133->lbl271, R: 2 [O(1)]
  17: lbl133->lbl271, S: S [O(n)]
  17: lbl133->lbl271, T: A [O(n)]
  2: lbl271->lbl133, A: A [O(n)]
  2: lbl271->lbl133, B: max{1, 1+max{0, A*(-1+A)}+max{0, A}} [O(n^2)]
  2: lbl271->lbl133, C: C [O(n)]
  2: lbl271->lbl133, E: E [O(n)]
  2: lbl271->lbl133, G: G [O(n)]
  2: lbl271->lbl133, I: I [O(n)]
  2: lbl271->lbl133, K: K [O(n)]
  2: lbl271->lbl133, L: -max{-max{0, 2*(max{15, 5*A}+max{0, A})+2*max{20, 5*A}+2*(2*max{0, A}+max{0, A})}, -max{0, 2*(2*max{0, A}+max{0, A})+max{15, 5*A}+max{20, 5*A}+max{20, 5*A}+max{15, 5*A}+max{0, A}+max{0, A}}} [O(n)]
  2: lbl271->lbl133, M: M [O(n)]
  2: lbl271->lbl133, N: max{6, 6, max{2, 2*(1+2^((max{15, 5*A}+max{20, 5*A}+max{15, 5*A}+max{20, 5*A})*max{0, A}+(2*max{0, A}+max{0, A}+max{0, A})*max{0, A}+max{0, -1+A}+max{0, -2+A})*2^((max{15, 5*A}+max{20, 5*A}+max{15, 5*A}+max{20, 5*A})*max{0, A}+(2*max{0, A}+max{0, A}+max{0, A})*max{0, A}+max{0, -1+A}+max{0, -2+A})*(2+2*((max{15, 5*A}+max{20, 5*A}+max{15, 5*A}+max{20, 5*A})*max{0, A}+(2*max{0, A}+max{0, A}+max{0, A})*max{0, A}+max{0, -1+A}+max{0, -2+A})))}} [O(2^n)]
  2: lbl271->lbl133, O: O [O(n)]
  2: lbl271->lbl133, P: 2*(max{15, 5*A}+max{0, A})+2*max{20, 5*A}+2*(2*max{0, A}+max{0, A}) [O(n)]
  2: lbl271->lbl133, Q: Q [O(n)]
  2: lbl271->lbl133, R: max{2, 2^((max{15, 5*A}+max{20, 5*A}+max{15, 5*A}+max{20, 5*A})*max{0, A}+(2*max{0, A}+max{0, A}+max{0, A})*max{0, A}+max{0, -1+A}+max{0, -2+A})*2^((max{15, 5*A}+max{20, 5*A}+max{15, 5*A}+max{20, 5*A})*max{0, A}+(2*max{0, A}+max{0, A}+max{0, A})*max{0, A}+max{0, -1+A}+max{0, -2+A})*(2+2*((max{15, 5*A}+max{20, 5*A}+max{15, 5*A}+max{20, 5*A})*max{0, A}+(2*max{0, A}+max{0, A}+max{0, A})*max{0, A}+max{0, -1+A}+max{0, -2+A}))} [O(2^n)]
  2: lbl271->lbl133, S: S [O(n)]
  2: lbl271->lbl133, T: A [O(n)]
  3: lbl271->lbl281, A: A [O(n)]
  3: lbl271->lbl281, B: max{1, 1+max{0, A*(-1+A)}+max{0, A}} [O(n^2)]
  3: lbl271->lbl281, C: C [O(n)]
  3: lbl271->lbl281, E: E [O(n)]
  3: lbl271->lbl281, G: G [O(n)]
  3: lbl271->lbl281, I: I [O(n)]
  3: lbl271->lbl281, K: K [O(n)]
  3: lbl271->lbl281, L: -max{-max{M, -max{-max{-max{-max{0, 2*(max{15, 5*A}+max{0, A})+2*max{20, 5*A}+2*(2*max{0, A}+max{0, A})}, -max{0, 2*(2*max{0, A}+max{0, A})+max{15, 5*A}+max{20, 5*A}+max{20, 5*A}+max{15, 5*A}+max{0, A}+max{0, A}}}, -max{-2*(max{15, 5*A}+max{0, A})+-2*max{20, 5*A}+-2*(2*max{0, A}+max{0, A}), -max{20, 5*A}+-max{15, 5*A}+-max{15, 5*A}+-max{0, A}+-max{20, 5*A}-max{0, A}+-2*(2*max{0, A}+max{0, A})}}, -max{0, 2*(2*max{0, A}+max{0, A})+max{15, 5*A}+max{20, 5*A}+max{20, 5*A}+max{15, 5*A}+max{0, A}+max{0, A}}}, max{-max{-max{M, -max{-max{-max{-max{0, 2*(max{15, 5*A}+max{0, A})+2*max{20, 5*A}+2*(2*max{0, A}+max{0, A})}, -max{0, 2*(2*max{0, A}+max{0, A})+max{15, 5*A}+max{20, 5*A}+max{20, 5*A}+max{15, 5*A}+max{0, A}+max{0, A}}}, -max{-2*(max{15, 5*A}+max{0, A})+-2*max{20, 5*A}+-2*(2*max{0, A}+max{0, A}), -max{20, 5*A}+-max{15, 5*A}+-max{15, 5*A}+-max{0, A}+-max{20, 5*A}-max{0, A}+-2*(2*max{0, A}+max{0, A})}}, -max{0, 2*(2*max{0, A}+max{0, A})+max{15, 5*A}+max{20, 5*A}+max{20, 5*A}+max{15, 5*A}+max{0, A}+max{0, A}}}}, -max{0, M, max{M, M, max{M, 2*(2*max{0, A}+max{0, A})+max{15, 5*A}+max{20, 5*A}+max{20, 5*A}+max{15, 5*A}+max{0, A}+max{0, A}}}}}, -max{-max{-max{-max{0, 2*(max{15, 5*A}+max{0, A})+2*max{20, 5*A}+2*(2*max{0, A}+max{0, A})}, -max{0, 2*(2*max{0, A}+max{0, A})+max{15, 5*A}+max{20, 5*A}+max{20, 5*A}+max{15, 5*A}+max{0, A}+max{0, A}}}, -max{-2*(max{15, 5*A}+max{0, A})+-2*max{20, 5*A}+-2*(2*max{0, A}+max{0, A}), -max{20, 5*A}+-max{15, 5*A}+-max{15, 5*A}+-max{0, A}+-max{20, 5*A}-max{0, A}+-2*(2*max{0, A}+max{0, A})}}, -max{0, 2*(2*max{0, A}+max{0, A})+max{15, 5*A}+max{20, 5*A}+max{20, 5*A}+max{15, 5*A}+max{0, A}+max{0, A}}}}}, -max{0, M, max{M, M, max{M, M, max{M, M, max{M, M, 2*(2*max{0, A}+max{0, A})+max{15, 5*A}+max{20, 5*A}+max{20, 5*A}+max{15, 5*A}+max{0, A}+max{0, A}}}}}}} [O(n)]
  3: lbl271->lbl281, M: M [O(n)]
  3: lbl271->lbl281, N: max{6, 2*(1+2^((max{15, 5*A}+max{20, 5*A}+max{15, 5*A}+max{20, 5*A})*max{0, A}+(2*max{0, A}+max{0, A}+max{0, A})*max{0, A}+max{0, -1+A}+max{0, -2+A})*2^((max{15, 5*A}+max{20, 5*A}+max{15, 5*A}+max{20, 5*A})*max{0, A}+(2*max{0, A}+max{0, A}+max{0, A})*max{0, A}+max{0, -1+A}+max{0, -2+A})*(2+2*((max{15, 5*A}+max{20, 5*A}+max{15, 5*A}+max{20, 5*A})*max{0, A}+(2*max{0, A}+max{0, A}+max{0, A})*max{0, A}+max{0, -1+A}+max{0, -2+A})))} [O(2^n)]
  3: lbl271->lbl281, O: O [O(n)]
  3: lbl271->lbl281, P: 2*(max{15, 5*A}+max{0, A})+2*max{20, 5*A}+2*(2*max{0, A}+max{0, A}) [O(n)]
  3: lbl271->lbl281, Q: Q [O(n)]
  3: lbl271->lbl281, R: A [O(n)]
  3: lbl271->lbl281, S: S [O(n)]
  3: lbl271->lbl281, T: A [O(n)]
  4: lbl271->lbl271, A: A [O(n)]
  4: lbl271->lbl271, B: max{1, 1+max{0, A*(-1+A)}+max{0, A}} [O(n^2)]
  4: lbl271->lbl271, C: C [O(n)]
  4: lbl271->lbl271, E: E [O(n)]
  4: lbl271->lbl271, G: G [O(n)]
  4: lbl271->lbl271, I: I [O(n)]
  4: lbl271->lbl271, K: K [O(n)]
  4: lbl271->lbl271, L: -max{-max{M, -max{-max{-max{-max{0, 2*(max{15, 5*A}+max{0, A})+2*max{20, 5*A}+2*(2*max{0, A}+max{0, A})}, -max{0, 2*(2*max{0, A}+max{0, A})+max{15, 5*A}+max{20, 5*A}+max{20, 5*A}+max{15, 5*A}+max{0, A}+max{0, A}}}, -max{-2*(max{15, 5*A}+max{0, A})+-2*max{20, 5*A}+-2*(2*max{0, A}+max{0, A}), -max{20, 5*A}+-max{15, 5*A}+-max{15, 5*A}+-max{0, A}+-max{20, 5*A}-max{0, A}+-2*(2*max{0, A}+max{0, A})}}, -max{0, 2*(2*max{0, A}+max{0, A})+max{15, 5*A}+max{20, 5*A}+max{20, 5*A}+max{15, 5*A}+max{0, A}+max{0, A}}}}, -max{0, M, max{M, M, max{M, 2*(2*max{0, A}+max{0, A})+max{15, 5*A}+max{20, 5*A}+max{20, 5*A}+max{15, 5*A}+max{0, A}+max{0, A}}}}} [O(n)]
  4: lbl271->lbl271, M: M [O(n)]
  4: lbl271->lbl271, N: max{6, 2*(1+2^((max{15, 5*A}+max{20, 5*A}+max{15, 5*A}+max{20, 5*A})*max{0, A}+(2*max{0, A}+max{0, A}+max{0, A})*max{0, A}+max{0, -1+A}+max{0, -2+A})*2^((max{15, 5*A}+max{20, 5*A}+max{15, 5*A}+max{20, 5*A})*max{0, A}+(2*max{0, A}+max{0, A}+max{0, A})*max{0, A}+max{0, -1+A}+max{0, -2+A})*(2+2*((max{15, 5*A}+max{20, 5*A}+max{15, 5*A}+max{20, 5*A})*max{0, A}+(2*max{0, A}+max{0, A}+max{0, A})*max{0, A}+max{0, -1+A}+max{0, -2+A})))} [O(2^n)]
  4: lbl271->lbl271, O: O [O(n)]
  4: lbl271->lbl271, P: 2*(max{15, 5*A}+max{0, A})+2*max{20, 5*A}+2*(2*max{0, A}+max{0, A}) [O(n)]
  4: lbl271->lbl271, Q: Q [O(n)]
  4: lbl271->lbl271, R: 2^((max{15, 5*A}+max{20, 5*A}+max{15, 5*A}+max{20, 5*A})*max{0, A}+(2*max{0, A}+max{0, A}+max{0, A})*max{0, A}+max{0, -1+A}+max{0, -2+A})*2^((max{15, 5*A}+max{20, 5*A}+max{15, 5*A}+max{20, 5*A})*max{0, A}+(2*max{0, A}+max{0, A}+max{0, A})*max{0, A}+max{0, -1+A}+max{0, -2+A})*(2+2*((max{15, 5*A}+max{20, 5*A}+max{15, 5*A}+max{20, 5*A})*max{0, A}+(2*max{0, A}+max{0, A}+max{0, A})*max{0, A}+max{0, -1+A}+max{0, -2+A})) [O(2^n)]
  4: lbl271->lbl271, S: S [O(n)]
  4: lbl271->lbl271, T: A [O(n)]
  5: lbl271->lbl281, A: A [O(n)]
  5: lbl271->lbl281, B: max{1, 1+max{0, A*(-1+A)}+max{0, A}} [O(n^2)]
  5: lbl271->lbl281, C: C [O(n)]
  5: lbl271->lbl281, E: E [O(n)]
  5: lbl271->lbl281, G: G [O(n)]
  5: lbl271->lbl281, I: I [O(n)]
  5: lbl271->lbl281, K: K [O(n)]
  5: lbl271->lbl281, L: -max{-max{M, -max{-max{-max{-max{0, 2*(max{15, 5*A}+max{0, A})+2*max{20, 5*A}+2*(2*max{0, A}+max{0, A})}, -max{0, 2*(2*max{0, A}+max{0, A})+max{15, 5*A}+max{20, 5*A}+max{20, 5*A}+max{15, 5*A}+max{0, A}+max{0, A}}}, -max{-2*(max{15, 5*A}+max{0, A})+-2*max{20, 5*A}+-2*(2*max{0, A}+max{0, A}), -max{20, 5*A}+-max{15, 5*A}+-max{15, 5*A}+-max{0, A}+-max{20, 5*A}-max{0, A}+-2*(2*max{0, A}+max{0, A})}}, -max{0, 2*(2*max{0, A}+max{0, A})+max{15, 5*A}+max{20, 5*A}+max{20, 5*A}+max{15, 5*A}+max{0, A}+max{0, A}}}, max{-max{-max{M, -max{-max{-max{-max{0, 2*(max{15, 5*A}+max{0, A})+2*max{20, 5*A}+2*(2*max{0, A}+max{0, A})}, -max{0, 2*(2*max{0, A}+max{0, A})+max{15, 5*A}+max{20, 5*A}+max{20, 5*A}+max{15, 5*A}+max{0, A}+max{0, A}}}, -max{-2*(max{15, 5*A}+max{0, A})+-2*max{20, 5*A}+-2*(2*max{0, A}+max{0, A}), -max{20, 5*A}+-max{15, 5*A}+-max{15, 5*A}+-max{0, A}+-max{20, 5*A}-max{0, A}+-2*(2*max{0, A}+max{0, A})}}, -max{0, 2*(2*max{0, A}+max{0, A})+max{15, 5*A}+max{20, 5*A}+max{20, 5*A}+max{15, 5*A}+max{0, A}+max{0, A}}}}, -max{0, M, max{M, M, max{M, 2*(2*max{0, A}+max{0, A})+max{15, 5*A}+max{20, 5*A}+max{20, 5*A}+max{15, 5*A}+max{0, A}+max{0, A}}}}}, -max{-max{-max{-max{0, 2*(max{15, 5*A}+max{0, A})+2*max{20, 5*A}+2*(2*max{0, A}+max{0, A})}, -max{0, 2*(2*max{0, A}+max{0, A})+max{15, 5*A}+max{20, 5*A}+max{20, 5*A}+max{15, 5*A}+max{0, A}+max{0, A}}}, -max{-2*(max{15, 5*A}+max{0, A})+-2*max{20, 5*A}+-2*(2*max{0, A}+max{0, A}), -max{20, 5*A}+-max{15, 5*A}+-max{15, 5*A}+-max{0, A}+-max{20, 5*A}-max{0, A}+-2*(2*max{0, A}+max{0, A})}}, -max{0, 2*(2*max{0, A}+max{0, A})+max{15, 5*A}+max{20, 5*A}+max{20, 5*A}+max{15, 5*A}+max{0, A}+max{0, A}}}}}, -max{0, M, max{M, M, max{M, M, max{M, M, max{M, M, 2*(2*max{0, A}+max{0, A})+max{15, 5*A}+max{20, 5*A}+max{20, 5*A}+max{15, 5*A}+max{0, A}+max{0, A}}}}}}} [O(n)]
  5: lbl271->lbl281, M: M [O(n)]
  5: lbl271->lbl281, N: max{6, 2*(1+2^((max{15, 5*A}+max{20, 5*A}+max{15, 5*A}+max{20, 5*A})*max{0, A}+(2*max{0, A}+max{0, A}+max{0, A})*max{0, A}+max{0, -1+A}+max{0, -2+A})*2^((max{15, 5*A}+max{20, 5*A}+max{15, 5*A}+max{20, 5*A})*max{0, A}+(2*max{0, A}+max{0, A}+max{0, A})*max{0, A}+max{0, -1+A}+max{0, -2+A})*(2+2*((max{15, 5*A}+max{20, 5*A}+max{15, 5*A}+max{20, 5*A})*max{0, A}+(2*max{0, A}+max{0, A}+max{0, A})*max{0, A}+max{0, -1+A}+max{0, -2+A})))} [O(2^n)]
  5: lbl271->lbl281, O: O [O(n)]
  5: lbl271->lbl281, P: 2*(max{15, 5*A}+max{0, A})+2*max{20, 5*A}+2*(2*max{0, A}+max{0, A}) [O(n)]
  5: lbl271->lbl281, Q: Q [O(n)]
  5: lbl271->lbl281, R: A [O(n)]
  5: lbl271->lbl281, S: S [O(n)]
  5: lbl271->lbl281, T: A [O(n)]
  6: lbl271->lbl271, A: A [O(n)]
  6: lbl271->lbl271, B: max{1, 1+max{0, A*(-1+A)}+max{0, A}} [O(n^2)]
  6: lbl271->lbl271, C: C [O(n)]
  6: lbl271->lbl271, E: E [O(n)]
  6: lbl271->lbl271, G: G [O(n)]
  6: lbl271->lbl271, I: I [O(n)]
  6: lbl271->lbl271, K: K [O(n)]
  6: lbl271->lbl271, L: -max{-max{M, -max{-max{-max{-max{0, 2*(max{15, 5*A}+max{0, A})+2*max{20, 5*A}+2*(2*max{0, A}+max{0, A})}, -max{0, 2*(2*max{0, A}+max{0, A})+max{15, 5*A}+max{20, 5*A}+max{20, 5*A}+max{15, 5*A}+max{0, A}+max{0, A}}}, -max{-2*(max{15, 5*A}+max{0, A})+-2*max{20, 5*A}+-2*(2*max{0, A}+max{0, A}), -max{20, 5*A}+-max{15, 5*A}+-max{15, 5*A}+-max{0, A}+-max{20, 5*A}-max{0, A}+-2*(2*max{0, A}+max{0, A})}}, -max{0, 2*(2*max{0, A}+max{0, A})+max{15, 5*A}+max{20, 5*A}+max{20, 5*A}+max{15, 5*A}+max{0, A}+max{0, A}}}}, -max{0, M, max{M, M, max{M, 2*(2*max{0, A}+max{0, A})+max{15, 5*A}+max{20, 5*A}+max{20, 5*A}+max{15, 5*A}+max{0, A}+max{0, A}}}}} [O(n)]
  6: lbl271->lbl271, M: M [O(n)]
  6: lbl271->lbl271, N: max{6, 2*(1+2^((max{15, 5*A}+max{20, 5*A}+max{15, 5*A}+max{20, 5*A})*max{0, A}+(2*max{0, A}+max{0, A}+max{0, A})*max{0, A}+max{0, -1+A}+max{0, -2+A})*2^((max{15, 5*A}+max{20, 5*A}+max{15, 5*A}+max{20, 5*A})*max{0, A}+(2*max{0, A}+max{0, A}+max{0, A})*max{0, A}+max{0, -1+A}+max{0, -2+A})*(2+2*((max{15, 5*A}+max{20, 5*A}+max{15, 5*A}+max{20, 5*A})*max{0, A}+(2*max{0, A}+max{0, A}+max{0, A})*max{0, A}+max{0, -1+A}+max{0, -2+A})))} [O(2^n)]
  6: lbl271->lbl271, O: O [O(n)]
  6: lbl271->lbl271, P: 2*(max{15, 5*A}+max{0, A})+2*max{20, 5*A}+2*(2*max{0, A}+max{0, A}) [O(n)]
  6: lbl271->lbl271, Q: Q [O(n)]
  6: lbl271->lbl271, R: 2^((max{15, 5*A}+max{20, 5*A}+max{15, 5*A}+max{20, 5*A})*max{0, A}+(2*max{0, A}+max{0, A}+max{0, A})*max{0, A}+max{0, -1+A}+max{0, -2+A})*2^((max{15, 5*A}+max{20, 5*A}+max{15, 5*A}+max{20, 5*A})*max{0, A}+(2*max{0, A}+max{0, A}+max{0, A})*max{0, A}+max{0, -1+A}+max{0, -2+A})*(2+2*((max{15, 5*A}+max{20, 5*A}+max{15, 5*A}+max{20, 5*A})*max{0, A}+(2*max{0, A}+max{0, A}+max{0, A})*max{0, A}+max{0, -1+A}+max{0, -2+A})) [O(2^n)]
  6: lbl271->lbl271, S: S [O(n)]
  6: lbl271->lbl271, T: A [O(n)]
  7: lbl281->lbl133, A: A [O(n)]
  7: lbl281->lbl133, B: max{1, 1+max{0, A*(-1+A)}+max{0, A}} [O(n^2)]
  7: lbl281->lbl133, C: C [O(n)]
  7: lbl281->lbl133, E: E [O(n)]
  7: lbl281->lbl133, G: G [O(n)]
  7: lbl281->lbl133, I: I [O(n)]
  7: lbl281->lbl133, K: K [O(n)]
  7: lbl281->lbl133, L: -max{-max{0, 2*(max{15, 5*A}+max{0, A})+2*max{20, 5*A}+2*(2*max{0, A}+max{0, A})}, -max{0, 2*(2*max{0, A}+max{0, A})+max{15, 5*A}+max{20, 5*A}+max{20, 5*A}+max{15, 5*A}+max{0, A}+max{0, A}}} [O(n)]
  7: lbl281->lbl133, M: M [O(n)]
  7: lbl281->lbl133, N: max{6, 6, max{2, 2*(1+2^((max{15, 5*A}+max{20, 5*A}+max{15, 5*A}+max{20, 5*A})*max{0, A}+(2*max{0, A}+max{0, A}+max{0, A})*max{0, A}+max{0, -1+A}+max{0, -2+A})*2^((max{15, 5*A}+max{20, 5*A}+max{15, 5*A}+max{20, 5*A})*max{0, A}+(2*max{0, A}+max{0, A}+max{0, A})*max{0, A}+max{0, -1+A}+max{0, -2+A})*(2+2*((max{15, 5*A}+max{20, 5*A}+max{15, 5*A}+max{20, 5*A})*max{0, A}+(2*max{0, A}+max{0, A}+max{0, A})*max{0, A}+max{0, -1+A}+max{0, -2+A})))}} [O(2^n)]
  7: lbl281->lbl133, O: O [O(n)]
  7: lbl281->lbl133, P: 2*(max{15, 5*A}+max{0, A})+2*max{20, 5*A}+2*(2*max{0, A}+max{0, A}) [O(n)]
  7: lbl281->lbl133, Q: Q [O(n)]
  7: lbl281->lbl133, R: A [O(n)]
  7: lbl281->lbl133, S: S [O(n)]
  7: lbl281->lbl133, T: A [O(n)]
  24: lbl43->lbl71, A: A [O(n)]
  24: lbl43->lbl71, B: max{1, 1+max{0, A*(-1+A)}+max{0, A}} [O(n^2)]
  24: lbl43->lbl71, C: C [O(n)]
  24: lbl43->lbl71, E: E [O(n)]
  24: lbl43->lbl71, G: G [O(n)]
  24: lbl43->lbl71, I: I [O(n)]
  24: lbl43->lbl71, K: K [O(n)]
  24: lbl43->lbl71, L: M [O(n)]
  24: lbl43->lbl71, M: M [O(n)]
  24: lbl43->lbl71, N: O [O(n)]
  24: lbl43->lbl71, O: O [O(n)]
  24: lbl43->lbl71, P: 1+max{0, A*(-1+A)}+max{0, A} [O(n^2)]
  24: lbl43->lbl71, Q: Q [O(n)]
  24: lbl43->lbl71, R: 1+max{0, A*(-1+A)}+max{0, A} [O(n^2)]
  24: lbl43->lbl71, S: S [O(n)]
  24: lbl43->lbl71, T: A [O(n)]
  27: lbl43->lbl281, A: A [O(n)]
  27: lbl43->lbl281, B: max{1, 1+max{0, A*(-1+A)}+max{0, A}} [O(n^2)]
  27: lbl43->lbl281, C: C [O(n)]
  27: lbl43->lbl281, E: E [O(n)]
  27: lbl43->lbl281, G: G [O(n)]
  27: lbl43->lbl281, I: I [O(n)]
  27: lbl43->lbl281, K: K [O(n)]
  27: lbl43->lbl281, L: M [O(n)]
  27: lbl43->lbl281, M: M [O(n)]
  27: lbl43->lbl281, N: 1 [O(1)]
  27: lbl43->lbl281, O: O [O(n)]
  27: lbl43->lbl281, P: 0 [O(1)]
  27: lbl43->lbl281, Q: Q [O(n)]
  27: lbl43->lbl281, R: A [O(n)]
  27: lbl43->lbl281, S: S [O(n)]
  27: lbl43->lbl281, T: A [O(n)]
  28: lbl43->lbl271, A: A [O(n)]
  28: lbl43->lbl271, B: max{1, 1+max{0, A*(-1+A)}+max{0, A}} [O(n^2)]
  28: lbl43->lbl271, C: C [O(n)]
  28: lbl43->lbl271, E: E [O(n)]
  28: lbl43->lbl271, G: G [O(n)]
  28: lbl43->lbl271, I: I [O(n)]
  28: lbl43->lbl271, K: K [O(n)]
  28: lbl43->lbl271, L: M [O(n)]
  28: lbl43->lbl271, M: M [O(n)]
  28: lbl43->lbl271, N: 1 [O(1)]
  28: lbl43->lbl271, O: O [O(n)]
  28: lbl43->lbl271, P: 0 [O(1)]
  28: lbl43->lbl271, Q: Q [O(n)]
  28: lbl43->lbl271, R: 1 [O(1)]
  28: lbl43->lbl271, S: S [O(n)]
  28: lbl43->lbl271, T: A [O(n)]
  29: lbl43->lbl281, A: A [O(n)]
  29: lbl43->lbl281, B: max{1, 1+max{0, A*(-1+A)}+max{0, A}} [O(n^2)]
  29: lbl43->lbl281, C: C [O(n)]
  29: lbl43->lbl281, E: E [O(n)]
  29: lbl43->lbl281, G: G [O(n)]
  29: lbl43->lbl281, I: I [O(n)]
  29: lbl43->lbl281, K: K [O(n)]
  29: lbl43->lbl281, L: M [O(n)]
  29: lbl43->lbl281, M: M [O(n)]
  29: lbl43->lbl281, N: 2 [O(1)]
  29: lbl43->lbl281, O: O [O(n)]
  29: lbl43->lbl281, P: 0 [O(1)]
  29: lbl43->lbl281, Q: Q [O(n)]
  29: lbl43->lbl281, R: A [O(n)]
  29: lbl43->lbl281, S: S [O(n)]
  29: lbl43->lbl281, T: A [O(n)]
  30: lbl43->lbl271, A: A [O(n)]
  30: lbl43->lbl271, B: max{1, 1+max{0, A*(-1+A)}+max{0, A}} [O(n^2)]
  30: lbl43->lbl271, C: C [O(n)]
  30: lbl43->lbl271, E: E [O(n)]
  30: lbl43->lbl271, G: G [O(n)]
  30: lbl43->lbl271, I: I [O(n)]
  30: lbl43->lbl271, K: K [O(n)]
  30: lbl43->lbl271, L: M [O(n)]
  30: lbl43->lbl271, M: M [O(n)]
  30: lbl43->lbl271, N: 2 [O(1)]
  30: lbl43->lbl271, O: O [O(n)]
  30: lbl43->lbl271, P: 0 [O(1)]
  30: lbl43->lbl271, Q: Q [O(n)]
  30: lbl43->lbl271, R: 2 [O(1)]
  30: lbl43->lbl271, S: S [O(n)]
  30: lbl43->lbl271, T: A [O(n)]
  18: lbl71->lbl101, A: A [O(n)]
  18: lbl71->lbl101, B: max{1, C, 1+max{0, A*(-1+A)}+max{0, A}} [O(n^2)]
  18: lbl71->lbl101, C: C [O(n)]
  18: lbl71->lbl101, E: E [O(n)]
  18: lbl71->lbl101, G: G [O(n)]
  18: lbl71->lbl101, I: I [O(n)]
  18: lbl71->lbl101, K: K [O(n)]
  18: lbl71->lbl101, L: M [O(n)]
  18: lbl71->lbl101, M: M [O(n)]
  18: lbl71->lbl101, N: O [O(n)]
  18: lbl71->lbl101, O: O [O(n)]
  18: lbl71->lbl101, P: 1+max{0, A*(-1+A)}+max{0, A} [O(n^2)]
  18: lbl71->lbl101, Q: Q [O(n)]
  18: lbl71->lbl101, S: S [O(n)]
  18: lbl71->lbl101, T: A [O(n)]
  19: lbl71->lbl43, A: A [O(n)]
  19: lbl71->lbl43, B: max{1, 1+max{0, A*(-1+A)}+max{0, A}} [O(n^2)]
  19: lbl71->lbl43, C: C [O(n)]
  19: lbl71->lbl43, E: E [O(n)]
  19: lbl71->lbl43, G: G [O(n)]
  19: lbl71->lbl43, I: I [O(n)]
  19: lbl71->lbl43, K: K [O(n)]
  19: lbl71->lbl43, L: M [O(n)]
  19: lbl71->lbl43, M: M [O(n)]
  19: lbl71->lbl43, N: O [O(n)]
  19: lbl71->lbl43, O: O [O(n)]
  19: lbl71->lbl43, P: 1+max{0, A*(-1+A)}+max{0, A} [O(n^2)]
  19: lbl71->lbl43, Q: Q [O(n)]
  19: lbl71->lbl43, S: S [O(n)]
  19: lbl71->lbl43, T: A [O(n)]
  0: start->stop, A: 2 [O(1)]
  0: start->stop, B: C [O(n)]
  0: start->stop, C: C [O(n)]
  0: start->stop, D: E [O(n)]
  0: start->stop, E: E [O(n)]
  0: start->stop, F: G [O(n)]
  0: start->stop, G: G [O(n)]
  0: start->stop, H: I [O(n)]
  0: start->stop, I: I [O(n)]
  0: start->stop, J: K [O(n)]
  0: start->stop, K: K [O(n)]
  0: start->stop, L: M [O(n)]
  0: start->stop, M: M [O(n)]
  0: start->stop, N: O [O(n)]
  0: start->stop, O: O [O(n)]
  0: start->stop, P: Q [O(n)]
  0: start->stop, Q: Q [O(n)]
  0: start->stop, R: S [O(n)]
  0: start->stop, S: S [O(n)]
  0: start->stop, T: 2 [O(1)]
  1: start->lbl71, A: A [O(n)]
  1: start->lbl71, B: C [O(n)]
  1: start->lbl71, C: C [O(n)]
  1: start->lbl71, D: E [O(n)]
  1: start->lbl71, E: E [O(n)]
  1: start->lbl71, F: G [O(n)]
  1: start->lbl71, G: G [O(n)]
  1: start->lbl71, H: I [O(n)]
  1: start->lbl71, I: I [O(n)]
  1: start->lbl71, K: K [O(n)]
  1: start->lbl71, L: M [O(n)]
  1: start->lbl71, M: M [O(n)]
  1: start->lbl71, N: O [O(n)]
  1: start->lbl71, O: O [O(n)]
  1: start->lbl71, P: 1 [O(1)]
  1: start->lbl71, Q: Q [O(n)]
  1: start->lbl71, R: 1 [O(1)]
  1: start->lbl71, S: S [O(n)]
  1: start->lbl71, T: A [O(n)]
  31: start0->start, A: A [O(n)]
  31: start0->start, B: C [O(n)]
  31: start0->start, C: C [O(n)]
  31: start0->start, D: E [O(n)]
  31: start0->start, E: E [O(n)]
  31: start0->start, F: G [O(n)]
  31: start0->start, G: G [O(n)]
  31: start0->start, H: I [O(n)]
  31: start0->start, I: I [O(n)]
  31: start0->start, J: K [O(n)]
  31: start0->start, K: K [O(n)]
  31: start0->start, L: M [O(n)]
  31: start0->start, M: M [O(n)]
  31: start0->start, N: O [O(n)]
  31: start0->start, O: O [O(n)]
  31: start0->start, P: Q [O(n)]
  31: start0->start, Q: Q [O(n)]
  31: start0->start, R: S [O(n)]
  31: start0->start, S: S [O(n)]
  31: start0->start, T: A [O(n)]
