Timebounds: 
  Overall timebound: inf [Infinity]
  9: lbl13->stop: 1 [O(1)]
  10: lbl13->lbl71: 2*max{0, -1+A} [O(n)]
  11: lbl13->lbl53: 2*max{0, -1+A} [O(n)]
  4: lbl53->stop: 1 [O(1)]
  6: lbl53->lbl13: 2*max{0, -1+A} [O(n)]
  7: lbl53->lbl71: inf [Infinity]
  8: lbl53->lbl53: 2*max{0, -1+A}*max{0, A}+max{0, A}+max{0, A} [O(n^2)]
  3: lbl71->lbl53: inf [Infinity]
  0: start->stop: 1 [O(1)]
  1: start->lbl71: 1 [O(1)]
  2: start->lbl53: 1 [O(1)]
  12: start0->start: 1 [O(1)]

Costbounds:
  Overall costbound: inf [Infinity]
  9: lbl13->stop: 1 [O(1)]
  10: lbl13->lbl71: 2*max{0, -1+A} [O(n)]
  11: lbl13->lbl53: 2*max{0, -1+A} [O(n)]
  4: lbl53->stop: 1 [O(1)]
  6: lbl53->lbl13: 2*max{0, -1+A} [O(n)]
  7: lbl53->lbl71: inf [Infinity]
  8: lbl53->lbl53: 2*max{0, -1+A}*max{0, A}+max{0, A}+max{0, A} [O(n^2)]
  3: lbl71->lbl53: inf [Infinity]
  0: start->stop: 1 [O(1)]
  1: start->lbl71: 1 [O(1)]
  2: start->lbl53: 1 [O(1)]
  12: start0->start: 1 [O(1)]

Sizebounds:
`Lower:
  9: lbl13->stop, A: 2 [O(1)]
  9: lbl13->stop, B: 0 [O(1)]
  9: lbl13->stop, C: C [O(n)]
  9: lbl13->stop, D: 1 [O(1)]
  9: lbl13->stop, E: E [O(n)]
  9: lbl13->stop, G: G [O(n)]
  9: lbl13->stop, H: 2 [O(1)]
  9: lbl13->stop, I: 1 [O(1)]
  9: lbl13->stop, J: J [O(n)]
  9: lbl13->stop, K: 0 [O(1)]
  9: lbl13->stop, L: L [O(n)]
  10: lbl13->lbl71, A: 3 [O(1)]
  10: lbl13->lbl71, B: 1 [O(1)]
  10: lbl13->lbl71, C: C [O(n)]
  10: lbl13->lbl71, D: 0 [O(1)]
  10: lbl13->lbl71, E: E [O(n)]
  10: lbl13->lbl71, G: G [O(n)]
  10: lbl13->lbl71, H: 3 [O(1)]
  10: lbl13->lbl71, I: 0 [O(1)]
  10: lbl13->lbl71, J: J [O(n)]
  10: lbl13->lbl71, K: 1 [O(1)]
  10: lbl13->lbl71, L: L [O(n)]
  11: lbl13->lbl53, A: 3 [O(1)]
  11: lbl13->lbl53, B: 0 [O(1)]
  11: lbl13->lbl53, C: C [O(n)]
  11: lbl13->lbl53, D: 0 [O(1)]
  11: lbl13->lbl53, E: E [O(n)]
  11: lbl13->lbl53, G: G [O(n)]
  11: lbl13->lbl53, H: 3 [O(1)]
  11: lbl13->lbl53, I: 1 [O(1)]
  11: lbl13->lbl53, J: J [O(n)]
  11: lbl13->lbl53, K: 1 [O(1)]
  11: lbl13->lbl53, L: L [O(n)]
  4: lbl53->stop, A: 2 [O(1)]
  4: lbl53->stop, B: 0 [O(1)]
  4: lbl53->stop, C: C [O(n)]
  4: lbl53->stop, D: 0 [O(1)]
  4: lbl53->stop, E: E [O(n)]
  4: lbl53->stop, G: G [O(n)]
  4: lbl53->stop, H: 2 [O(1)]
  4: lbl53->stop, I: 1 [O(1)]
  4: lbl53->stop, J: J [O(n)]
  4: lbl53->stop, K: 1 [O(1)]
  4: lbl53->stop, L: L [O(n)]
  6: lbl53->lbl13, A: 2 [O(1)]
  6: lbl53->lbl13, B: 0 [O(1)]
  6: lbl53->lbl13, C: C [O(n)]
  6: lbl53->lbl13, D: 1 [O(1)]
  6: lbl53->lbl13, E: E [O(n)]
  6: lbl53->lbl13, G: G [O(n)]
  6: lbl53->lbl13, H: 2 [O(1)]
  6: lbl53->lbl13, I: 1 [O(1)]
  6: lbl53->lbl13, J: J [O(n)]
  6: lbl53->lbl13, K: 0 [O(1)]
  6: lbl53->lbl13, L: L [O(n)]
  7: lbl53->lbl71, A: 3 [O(1)]
  7: lbl53->lbl71, B: 0 [O(1)]
  7: lbl53->lbl71, C: C [O(n)]
  7: lbl53->lbl71, D: 0 [O(1)]
  7: lbl53->lbl71, E: E [O(n)]
  7: lbl53->lbl71, G: G [O(n)]
  7: lbl53->lbl71, H: 3 [O(1)]
  7: lbl53->lbl71, I: 1 [O(1)]
  7: lbl53->lbl71, J: J [O(n)]
  7: lbl53->lbl71, K: 2 [O(1)]
  7: lbl53->lbl71, L: L [O(n)]
  8: lbl53->lbl53, A: 3 [O(1)]
  8: lbl53->lbl53, B: 1 [O(1)]
  8: lbl53->lbl53, C: C [O(n)]
  8: lbl53->lbl53, D: 0 [O(1)]
  8: lbl53->lbl53, E: E [O(n)]
  8: lbl53->lbl53, G: G [O(n)]
  8: lbl53->lbl53, H: 3 [O(1)]
  8: lbl53->lbl53, I: 2 [O(1)]
  8: lbl53->lbl53, J: J [O(n)]
  8: lbl53->lbl53, K: 2 [O(1)]
  8: lbl53->lbl53, L: L [O(n)]
  3: lbl71->lbl53, A: 2 [O(1)]
  3: lbl71->lbl53, B: 0 [O(1)]
  3: lbl71->lbl53, C: C [O(n)]
  3: lbl71->lbl53, D: 1 [O(1)]
  3: lbl71->lbl53, E: E [O(n)]
  3: lbl71->lbl53, G: G [O(n)]
  3: lbl71->lbl53, H: 2 [O(1)]
  3: lbl71->lbl53, I: 1 [O(1)]
  3: lbl71->lbl53, J: J [O(n)]
  3: lbl71->lbl53, K: 1 [O(1)]
  3: lbl71->lbl53, L: L [O(n)]
  0: start->stop, A: A [O(n)]
  0: start->stop, B: C [O(n)]
  0: start->stop, C: C [O(n)]
  0: start->stop, D: E [O(n)]
  0: start->stop, E: E [O(n)]
  0: start->stop, F: G [O(n)]
  0: start->stop, G: G [O(n)]
  0: start->stop, H: A [O(n)]
  0: start->stop, I: J [O(n)]
  0: start->stop, J: J [O(n)]
  0: start->stop, K: -1+A [O(n)]
  0: start->stop, L: L [O(n)]
  1: start->lbl71, A: 2 [O(1)]
  1: start->lbl71, B: C [O(n)]
  1: start->lbl71, C: C [O(n)]
  1: start->lbl71, D: 0 [O(1)]
  1: start->lbl71, E: E [O(n)]
  1: start->lbl71, G: G [O(n)]
  1: start->lbl71, H: 2 [O(1)]
  1: start->lbl71, I: 0 [O(1)]
  1: start->lbl71, J: J [O(n)]
  1: start->lbl71, K: 1 [O(1)]
  1: start->lbl71, L: L [O(n)]
  2: start->lbl53, A: 2 [O(1)]
  2: start->lbl53, B: 0 [O(1)]
  2: start->lbl53, C: C [O(n)]
  2: start->lbl53, D: 0 [O(1)]
  2: start->lbl53, E: E [O(n)]
  2: start->lbl53, F: G [O(n)]
  2: start->lbl53, G: G [O(n)]
  2: start->lbl53, H: 2 [O(1)]
  2: start->lbl53, I: 1 [O(1)]
  2: start->lbl53, J: J [O(n)]
  2: start->lbl53, K: 1 [O(1)]
  2: start->lbl53, L: L [O(n)]
  12: start0->start, A: A [O(n)]
  12: start0->start, B: C [O(n)]
  12: start0->start, C: C [O(n)]
  12: start0->start, D: E [O(n)]
  12: start0->start, E: E [O(n)]
  12: start0->start, F: G [O(n)]
  12: start0->start, G: G [O(n)]
  12: start0->start, H: A [O(n)]
  12: start0->start, I: J [O(n)]
  12: start0->start, J: J [O(n)]
  12: start0->start, K: L [O(n)]
  12: start0->start, L: L [O(n)]
`Upper:
  9: lbl13->stop, A: A [O(n)]
  9: lbl13->stop, B: 0 [O(1)]
  9: lbl13->stop, C: C [O(n)]
  9: lbl13->stop, D: 1 [O(1)]
  9: lbl13->stop, E: E [O(n)]
  9: lbl13->stop, G: G [O(n)]
  9: lbl13->stop, H: A [O(n)]
  9: lbl13->stop, I: 1 [O(1)]
  9: lbl13->stop, J: J [O(n)]
  9: lbl13->stop, K: 0 [O(1)]
  9: lbl13->stop, L: L [O(n)]
  10: lbl13->lbl71, A: A [O(n)]
  10: lbl13->lbl71, C: C [O(n)]
  10: lbl13->lbl71, D: 0 [O(1)]
  10: lbl13->lbl71, E: E [O(n)]
  10: lbl13->lbl71, G: G [O(n)]
  10: lbl13->lbl71, H: A [O(n)]
  10: lbl13->lbl71, I: 0 [O(1)]
  10: lbl13->lbl71, J: J [O(n)]
  10: lbl13->lbl71, K: -1+A [O(n)]
  10: lbl13->lbl71, L: L [O(n)]
  11: lbl13->lbl53, A: A [O(n)]
  11: lbl13->lbl53, B: 0 [O(1)]
  11: lbl13->lbl53, C: C [O(n)]
  11: lbl13->lbl53, D: 0 [O(1)]
  11: lbl13->lbl53, E: E [O(n)]
  11: lbl13->lbl53, G: G [O(n)]
  11: lbl13->lbl53, H: A [O(n)]
  11: lbl13->lbl53, I: 1 [O(1)]
  11: lbl13->lbl53, J: J [O(n)]
  11: lbl13->lbl53, K: -1+A [O(n)]
  11: lbl13->lbl53, L: L [O(n)]
  4: lbl53->stop, A: A [O(n)]
  4: lbl53->stop, C: C [O(n)]
  4: lbl53->stop, D: 0 [O(1)]
  4: lbl53->stop, E: E [O(n)]
  4: lbl53->stop, G: G [O(n)]
  4: lbl53->stop, H: A [O(n)]
  4: lbl53->stop, J: J [O(n)]
  4: lbl53->stop, K: -1+A [O(n)]
  4: lbl53->stop, L: L [O(n)]
  6: lbl53->lbl13, A: A [O(n)]
  6: lbl53->lbl13, C: C [O(n)]
  6: lbl53->lbl13, D: 1 [O(1)]
  6: lbl53->lbl13, E: E [O(n)]
  6: lbl53->lbl13, G: G [O(n)]
  6: lbl53->lbl13, H: A [O(n)]
  6: lbl53->lbl13, J: J [O(n)]
  6: lbl53->lbl13, K: -1+A [O(n)]
  6: lbl53->lbl13, L: L [O(n)]
  7: lbl53->lbl71, A: A [O(n)]
  7: lbl53->lbl71, C: C [O(n)]
  7: lbl53->lbl71, D: 1 [O(1)]
  7: lbl53->lbl71, E: E [O(n)]
  7: lbl53->lbl71, G: G [O(n)]
  7: lbl53->lbl71, H: A [O(n)]
  7: lbl53->lbl71, J: J [O(n)]
  7: lbl53->lbl71, K: -1+A [O(n)]
  7: lbl53->lbl71, L: L [O(n)]
  8: lbl53->lbl53, A: A [O(n)]
  8: lbl53->lbl53, C: C [O(n)]
  8: lbl53->lbl53, D: 1 [O(1)]
  8: lbl53->lbl53, E: E [O(n)]
  8: lbl53->lbl53, G: G [O(n)]
  8: lbl53->lbl53, H: A [O(n)]
  8: lbl53->lbl53, J: J [O(n)]
  8: lbl53->lbl53, K: -1+A [O(n)]
  8: lbl53->lbl53, L: L [O(n)]
  3: lbl71->lbl53, A: A [O(n)]
  3: lbl71->lbl53, C: C [O(n)]
  3: lbl71->lbl53, D: 1 [O(1)]
  3: lbl71->lbl53, E: E [O(n)]
  3: lbl71->lbl53, G: G [O(n)]
  3: lbl71->lbl53, H: A [O(n)]
  3: lbl71->lbl53, J: J [O(n)]
  3: lbl71->lbl53, K: -1+A [O(n)]
  3: lbl71->lbl53, L: L [O(n)]
  0: start->stop, A: 1 [O(1)]
  0: start->stop, B: C [O(n)]
  0: start->stop, C: C [O(n)]
  0: start->stop, D: E [O(n)]
  0: start->stop, E: E [O(n)]
  0: start->stop, F: G [O(n)]
  0: start->stop, G: G [O(n)]
  0: start->stop, H: 1 [O(1)]
  0: start->stop, I: J [O(n)]
  0: start->stop, J: J [O(n)]
  0: start->stop, K: 0 [O(1)]
  0: start->stop, L: L [O(n)]
  1: start->lbl71, A: A [O(n)]
  1: start->lbl71, B: C [O(n)]
  1: start->lbl71, C: C [O(n)]
  1: start->lbl71, D: 0 [O(1)]
  1: start->lbl71, E: E [O(n)]
  1: start->lbl71, G: G [O(n)]
  1: start->lbl71, H: A [O(n)]
  1: start->lbl71, I: 0 [O(1)]
  1: start->lbl71, J: J [O(n)]
  1: start->lbl71, K: -1+A [O(n)]
  1: start->lbl71, L: L [O(n)]
  2: start->lbl53, A: A [O(n)]
  2: start->lbl53, B: 0 [O(1)]
  2: start->lbl53, C: C [O(n)]
  2: start->lbl53, D: 0 [O(1)]
  2: start->lbl53, E: E [O(n)]
  2: start->lbl53, F: G [O(n)]
  2: start->lbl53, G: G [O(n)]
  2: start->lbl53, H: A [O(n)]
  2: start->lbl53, I: 1 [O(1)]
  2: start->lbl53, J: J [O(n)]
  2: start->lbl53, K: -1+A [O(n)]
  2: start->lbl53, L: L [O(n)]
  12: start0->start, A: A [O(n)]
  12: start0->start, B: C [O(n)]
  12: start0->start, C: C [O(n)]
  12: start0->start, D: E [O(n)]
  12: start0->start, E: E [O(n)]
  12: start0->start, F: G [O(n)]
  12: start0->start, G: G [O(n)]
  12: start0->start, H: A [O(n)]
  12: start0->start, I: J [O(n)]
  12: start0->start, J: J [O(n)]
  12: start0->start, K: L [O(n)]
  12: start0->start, L: L [O(n)]
