Timebounds: 
  Overall timebound: inf [Infinity]
  1: lbl121->lbl123: max{2, 2*(-1+L)} [O(n)]
  2: lbl123->stop: 1 [O(1)]
  4: lbl123->lbl71: max{6, 6*(-1+L)} [O(n)]
  11: lbl21->stop: 1 [O(1)]
  12: lbl21->lbl71: 1 [O(1)]
  9: lbl53->lbl121: max{6, 6*(-1+L)} [O(n)]
  0: start->lbl21: 1 [O(1)]
  13: start0->start: 1 [O(1)]

Costbounds:
  Overall costbound: inf [Infinity]
  5: lbl101->lbl101: inf [Infinity]
  6: lbl101->lbl53: inf [Infinity]
  1: lbl121->lbl123: max{2, 2*(-1+L)} [O(n)]
  2: lbl123->stop: 1 [O(1)]
  4: lbl123->lbl71: max{6, 6*(-1+L)} [O(n)]
  11: lbl21->stop: 1 [O(1)]
  12: lbl21->lbl71: 1 [O(1)]
  9: lbl53->lbl121: max{6, 6*(-1+L)} [O(n)]
  10: lbl53->lbl71: inf [Infinity]
  7: lbl71->lbl101: inf [Infinity]
  8: lbl71->lbl53: inf [Infinity]
  0: start->lbl21: 1 [O(1)]
  13: start0->start: 1 [O(1)]

Sizebounds:
`Lower:
  5: lbl101->lbl101, B: -max{0, -B} [O(n)]
  5: lbl101->lbl101, D: -max{0, -D} [O(n)]
  5: lbl101->lbl101, E: 0 [O(1)]
  5: lbl101->lbl101, F: -max{0, -F} [O(n)]
  5: lbl101->lbl101, G: 1 [O(1)]
  5: lbl101->lbl101, H: -max{0, -H} [O(n)]
  5: lbl101->lbl101, I: 0 [O(1)]
  5: lbl101->lbl101, J: -max{0, -J} [O(n)]
  5: lbl101->lbl101, K: 0 [O(1)]
  5: lbl101->lbl101, L: 3 [O(1)]
  5: lbl101->lbl101, M: -max{0, -N} [O(n)]
  5: lbl101->lbl101, N: -max{0, -N} [O(n)]
  5: lbl101->lbl101, O: 0 [O(1)]
  5: lbl101->lbl101, P: -max{0, -P} [O(n)]
  6: lbl101->lbl53, B: -max{0, -B} [O(n)]
  6: lbl101->lbl53, D: -max{0, -D} [O(n)]
  6: lbl101->lbl53, E: 0 [O(1)]
  6: lbl101->lbl53, F: -max{0, -F} [O(n)]
  6: lbl101->lbl53, G: 1 [O(1)]
  6: lbl101->lbl53, H: -max{0, -H} [O(n)]
  6: lbl101->lbl53, I: 0 [O(1)]
  6: lbl101->lbl53, J: -max{0, -J} [O(n)]
  6: lbl101->lbl53, K: 0 [O(1)]
  6: lbl101->lbl53, L: 2 [O(1)]
  6: lbl101->lbl53, M: 1 [O(1)]
  6: lbl101->lbl53, N: -max{0, -N} [O(n)]
  6: lbl101->lbl53, O: 0 [O(1)]
  6: lbl101->lbl53, P: -max{0, -P} [O(n)]
  1: lbl121->lbl123, B: -max{0, -B} [O(n)]
  1: lbl121->lbl123, D: -max{0, -D} [O(n)]
  1: lbl121->lbl123, E: 0 [O(1)]
  1: lbl121->lbl123, F: -max{0, -F} [O(n)]
  1: lbl121->lbl123, H: -max{0, -H} [O(n)]
  1: lbl121->lbl123, I: 2 [O(1)]
  1: lbl121->lbl123, J: -max{0, -J} [O(n)]
  1: lbl121->lbl123, K: 2 [O(1)]
  1: lbl121->lbl123, L: 2 [O(1)]
  1: lbl121->lbl123, M: 1 [O(1)]
  1: lbl121->lbl123, N: -max{0, -N} [O(n)]
  1: lbl121->lbl123, O: 0 [O(1)]
  1: lbl121->lbl123, P: -max{0, -P} [O(n)]
  2: lbl123->stop, A: 0 [O(1)]
  2: lbl123->stop, B: -max{0, -B} [O(n)]
  2: lbl123->stop, D: -max{0, -D} [O(n)]
  2: lbl123->stop, E: 0 [O(1)]
  2: lbl123->stop, F: -max{0, -F} [O(n)]
  2: lbl123->stop, G: 0 [O(1)]
  2: lbl123->stop, H: -max{0, -H} [O(n)]
  2: lbl123->stop, I: 2 [O(1)]
  2: lbl123->stop, J: -max{0, -J} [O(n)]
  2: lbl123->stop, K: 2 [O(1)]
  2: lbl123->stop, L: 2 [O(1)]
  2: lbl123->stop, M: 1 [O(1)]
  2: lbl123->stop, N: -max{0, -N} [O(n)]
  2: lbl123->stop, O: 1 [O(1)]
  2: lbl123->stop, P: -max{0, -P} [O(n)]
  4: lbl123->lbl71, B: -max{0, -B} [O(n)]
  4: lbl123->lbl71, D: -max{0, -D} [O(n)]
  4: lbl123->lbl71, E: 0 [O(1)]
  4: lbl123->lbl71, F: -max{0, -F} [O(n)]
  4: lbl123->lbl71, H: -max{0, -H} [O(n)]
  4: lbl123->lbl71, I: 0 [O(1)]
  4: lbl123->lbl71, J: -max{0, -J} [O(n)]
  4: lbl123->lbl71, K: 2 [O(1)]
  4: lbl123->lbl71, L: 2 [O(1)]
  4: lbl123->lbl71, M: 1 [O(1)]
  4: lbl123->lbl71, N: -max{0, -N} [O(n)]
  4: lbl123->lbl71, O: 0 [O(1)]
  4: lbl123->lbl71, P: -max{0, -P} [O(n)]
  11: lbl21->stop, A: B [O(n)]
  11: lbl21->stop, B: B [O(n)]
  11: lbl21->stop, C: D [O(n)]
  11: lbl21->stop, D: D [O(n)]
  11: lbl21->stop, E: F [O(n)]
  11: lbl21->stop, F: F [O(n)]
  11: lbl21->stop, G: -max{0, -L} [O(n)]
  11: lbl21->stop, H: H [O(n)]
  11: lbl21->stop, I: J [O(n)]
  11: lbl21->stop, J: J [O(n)]
  11: lbl21->stop, K: L [O(n)]
  11: lbl21->stop, L: L [O(n)]
  11: lbl21->stop, M: N [O(n)]
  11: lbl21->stop, N: N [O(n)]
  11: lbl21->stop, O: -max{0, -L} [O(n)]
  11: lbl21->stop, P: P [O(n)]
  12: lbl21->lbl71, A: B [O(n)]
  12: lbl21->lbl71, B: B [O(n)]
  12: lbl21->lbl71, D: D [O(n)]
  12: lbl21->lbl71, E: 0 [O(1)]
  12: lbl21->lbl71, F: F [O(n)]
  12: lbl21->lbl71, G: 1 [O(1)]
  12: lbl21->lbl71, H: H [O(n)]
  12: lbl21->lbl71, I: 0 [O(1)]
  12: lbl21->lbl71, J: J [O(n)]
  12: lbl21->lbl71, K: 2 [O(1)]
  12: lbl21->lbl71, L: 2 [O(1)]
  12: lbl21->lbl71, M: N [O(n)]
  12: lbl21->lbl71, N: N [O(n)]
  12: lbl21->lbl71, O: 1 [O(1)]
  12: lbl21->lbl71, P: P [O(n)]
  9: lbl53->lbl121, B: -max{0, -B} [O(n)]
  9: lbl53->lbl121, D: -max{0, -D} [O(n)]
  9: lbl53->lbl121, E: 0 [O(1)]
  9: lbl53->lbl121, F: -max{0, -F} [O(n)]
  9: lbl53->lbl121, H: -max{0, -H} [O(n)]
  9: lbl53->lbl121, I: 2 [O(1)]
  9: lbl53->lbl121, J: -max{0, -J} [O(n)]
  9: lbl53->lbl121, K: 2 [O(1)]
  9: lbl53->lbl121, L: 2 [O(1)]
  9: lbl53->lbl121, M: 1 [O(1)]
  9: lbl53->lbl121, N: -max{0, -N} [O(n)]
  9: lbl53->lbl121, O: 0 [O(1)]
  9: lbl53->lbl121, P: -max{0, -P} [O(n)]
  10: lbl53->lbl71, B: -max{0, -B} [O(n)]
  10: lbl53->lbl71, D: -max{0, -D} [O(n)]
  10: lbl53->lbl71, E: 0 [O(1)]
  10: lbl53->lbl71, F: -max{0, -F} [O(n)]
  10: lbl53->lbl71, H: -max{0, -H} [O(n)]
  10: lbl53->lbl71, I: 1 [O(1)]
  10: lbl53->lbl71, J: -max{0, -J} [O(n)]
  10: lbl53->lbl71, K: 0 [O(1)]
  10: lbl53->lbl71, L: 2 [O(1)]
  10: lbl53->lbl71, M: 0 [O(1)]
  10: lbl53->lbl71, N: -max{0, -N} [O(n)]
  10: lbl53->lbl71, O: 0 [O(1)]
  10: lbl53->lbl71, P: -max{0, -P} [O(n)]
  7: lbl71->lbl101, B: -max{0, -B} [O(n)]
  7: lbl71->lbl101, D: -max{0, -D} [O(n)]
  7: lbl71->lbl101, E: 0 [O(1)]
  7: lbl71->lbl101, F: -max{0, -F} [O(n)]
  7: lbl71->lbl101, G: 1 [O(1)]
  7: lbl71->lbl101, H: -max{0, -H} [O(n)]
  7: lbl71->lbl101, I: 0 [O(1)]
  7: lbl71->lbl101, J: -max{0, -J} [O(n)]
  7: lbl71->lbl101, K: 0 [O(1)]
  7: lbl71->lbl101, L: 2 [O(1)]
  7: lbl71->lbl101, M: -max{0, -N} [O(n)]
  7: lbl71->lbl101, N: -max{0, -N} [O(n)]
  7: lbl71->lbl101, O: 0 [O(1)]
  7: lbl71->lbl101, P: -max{0, -P} [O(n)]
  8: lbl71->lbl53, B: -max{0, -B} [O(n)]
  8: lbl71->lbl53, D: -max{0, -D} [O(n)]
  8: lbl71->lbl53, E: 0 [O(1)]
  8: lbl71->lbl53, F: -max{0, -F} [O(n)]
  8: lbl71->lbl53, H: -max{0, -H} [O(n)]
  8: lbl71->lbl53, I: 0 [O(1)]
  8: lbl71->lbl53, J: -max{0, -J} [O(n)]
  8: lbl71->lbl53, K: 0 [O(1)]
  8: lbl71->lbl53, L: 2 [O(1)]
  8: lbl71->lbl53, M: 0 [O(1)]
  8: lbl71->lbl53, N: -max{0, -N} [O(n)]
  8: lbl71->lbl53, O: 0 [O(1)]
  8: lbl71->lbl53, P: -max{0, -P} [O(n)]
  0: start->lbl21, A: B [O(n)]
  0: start->lbl21, B: B [O(n)]
  0: start->lbl21, C: D [O(n)]
  0: start->lbl21, D: D [O(n)]
  0: start->lbl21, E: F [O(n)]
  0: start->lbl21, F: F [O(n)]
  0: start->lbl21, G: H [O(n)]
  0: start->lbl21, H: H [O(n)]
  0: start->lbl21, I: J [O(n)]
  0: start->lbl21, J: J [O(n)]
  0: start->lbl21, K: L [O(n)]
  0: start->lbl21, L: L [O(n)]
  0: start->lbl21, M: N [O(n)]
  0: start->lbl21, N: N [O(n)]
  0: start->lbl21, P: P [O(n)]
  13: start0->start, A: B [O(n)]
  13: start0->start, B: B [O(n)]
  13: start0->start, C: D [O(n)]
  13: start0->start, D: D [O(n)]
  13: start0->start, E: F [O(n)]
  13: start0->start, F: F [O(n)]
  13: start0->start, G: H [O(n)]
  13: start0->start, H: H [O(n)]
  13: start0->start, I: J [O(n)]
  13: start0->start, J: J [O(n)]
  13: start0->start, K: L [O(n)]
  13: start0->start, L: L [O(n)]
  13: start0->start, M: N [O(n)]
  13: start0->start, N: N [O(n)]
  13: start0->start, O: P [O(n)]
  13: start0->start, P: P [O(n)]
`Upper:
  5: lbl101->lbl101, B: max{0, B} [O(n)]
  5: lbl101->lbl101, D: max{0, D} [O(n)]
  5: lbl101->lbl101, F: max{0, F} [O(n)]
  5: lbl101->lbl101, H: max{0, H} [O(n)]
  5: lbl101->lbl101, J: max{0, J} [O(n)]
  5: lbl101->lbl101, N: max{0, N} [O(n)]
  5: lbl101->lbl101, O: max{0, -1+L} [O(n)]
  5: lbl101->lbl101, P: max{0, P} [O(n)]
  6: lbl101->lbl53, B: max{0, B} [O(n)]
  6: lbl101->lbl53, D: max{0, D} [O(n)]
  6: lbl101->lbl53, F: max{0, F} [O(n)]
  6: lbl101->lbl53, H: max{0, H} [O(n)]
  6: lbl101->lbl53, J: max{0, J} [O(n)]
  6: lbl101->lbl53, N: max{0, N} [O(n)]
  6: lbl101->lbl53, O: max{0, -1+L} [O(n)]
  6: lbl101->lbl53, P: max{0, P} [O(n)]
  1: lbl121->lbl123, B: max{0, B} [O(n)]
  1: lbl121->lbl123, D: max{0, D} [O(n)]
  1: lbl121->lbl123, F: max{0, F} [O(n)]
  1: lbl121->lbl123, H: max{0, H} [O(n)]
  1: lbl121->lbl123, J: max{0, J} [O(n)]
  1: lbl121->lbl123, N: max{0, N} [O(n)]
  1: lbl121->lbl123, O: max{0, -1+L} [O(n)]
  1: lbl121->lbl123, P: max{0, P} [O(n)]
  2: lbl123->stop, A: 0 [O(1)]
  2: lbl123->stop, B: max{0, B} [O(n)]
  2: lbl123->stop, D: max{0, D} [O(n)]
  2: lbl123->stop, F: max{0, F} [O(n)]
  2: lbl123->stop, G: 0 [O(1)]
  2: lbl123->stop, H: max{0, H} [O(n)]
  2: lbl123->stop, J: max{0, J} [O(n)]
  2: lbl123->stop, N: max{0, N} [O(n)]
  2: lbl123->stop, O: max{0, -1+L} [O(n)]
  2: lbl123->stop, P: max{0, P} [O(n)]
  4: lbl123->lbl71, B: max{0, B} [O(n)]
  4: lbl123->lbl71, D: max{0, D} [O(n)]
  4: lbl123->lbl71, E: 0 [O(1)]
  4: lbl123->lbl71, F: max{0, F} [O(n)]
  4: lbl123->lbl71, H: max{0, H} [O(n)]
  4: lbl123->lbl71, I: 0 [O(1)]
  4: lbl123->lbl71, J: max{0, J} [O(n)]
  4: lbl123->lbl71, N: max{0, N} [O(n)]
  4: lbl123->lbl71, O: max{0, -1+L} [O(n)]
  4: lbl123->lbl71, P: max{0, P} [O(n)]
  11: lbl21->stop, A: B [O(n)]
  11: lbl21->stop, B: B [O(n)]
  11: lbl21->stop, C: D [O(n)]
  11: lbl21->stop, D: D [O(n)]
  11: lbl21->stop, E: F [O(n)]
  11: lbl21->stop, F: F [O(n)]
  11: lbl21->stop, G: 0 [O(1)]
  11: lbl21->stop, H: H [O(n)]
  11: lbl21->stop, I: J [O(n)]
  11: lbl21->stop, J: J [O(n)]
  11: lbl21->stop, K: 1 [O(1)]
  11: lbl21->stop, L: 1 [O(1)]
  11: lbl21->stop, M: N [O(n)]
  11: lbl21->stop, N: N [O(n)]
  11: lbl21->stop, O: 0 [O(1)]
  11: lbl21->stop, P: P [O(n)]
  12: lbl21->lbl71, A: B [O(n)]
  12: lbl21->lbl71, B: B [O(n)]
  12: lbl21->lbl71, D: D [O(n)]
  12: lbl21->lbl71, E: 0 [O(1)]
  12: lbl21->lbl71, F: F [O(n)]
  12: lbl21->lbl71, G: -1+L [O(n)]
  12: lbl21->lbl71, H: H [O(n)]
  12: lbl21->lbl71, I: 0 [O(1)]
  12: lbl21->lbl71, J: J [O(n)]
  12: lbl21->lbl71, K: L [O(n)]
  12: lbl21->lbl71, L: L [O(n)]
  12: lbl21->lbl71, M: N [O(n)]
  12: lbl21->lbl71, N: N [O(n)]
  12: lbl21->lbl71, O: -1+L [O(n)]
  12: lbl21->lbl71, P: P [O(n)]
  9: lbl53->lbl121, B: max{0, B} [O(n)]
  9: lbl53->lbl121, D: max{0, D} [O(n)]
  9: lbl53->lbl121, F: max{0, F} [O(n)]
  9: lbl53->lbl121, H: max{0, H} [O(n)]
  9: lbl53->lbl121, J: max{0, J} [O(n)]
  9: lbl53->lbl121, N: max{0, N} [O(n)]
  9: lbl53->lbl121, O: max{0, -1+L} [O(n)]
  9: lbl53->lbl121, P: max{0, P} [O(n)]
  10: lbl53->lbl71, B: max{0, B} [O(n)]
  10: lbl53->lbl71, D: max{0, D} [O(n)]
  10: lbl53->lbl71, F: max{0, F} [O(n)]
  10: lbl53->lbl71, H: max{0, H} [O(n)]
  10: lbl53->lbl71, J: max{0, J} [O(n)]
  10: lbl53->lbl71, N: max{0, N} [O(n)]
  10: lbl53->lbl71, O: max{0, -1+L} [O(n)]
  10: lbl53->lbl71, P: max{0, P} [O(n)]
  7: lbl71->lbl101, B: max{0, B} [O(n)]
  7: lbl71->lbl101, D: max{0, D} [O(n)]
  7: lbl71->lbl101, F: max{0, F} [O(n)]
  7: lbl71->lbl101, H: max{0, H} [O(n)]
  7: lbl71->lbl101, J: max{0, J} [O(n)]
  7: lbl71->lbl101, N: max{0, N} [O(n)]
  7: lbl71->lbl101, O: max{0, -1+L} [O(n)]
  7: lbl71->lbl101, P: max{0, P} [O(n)]
  8: lbl71->lbl53, B: max{0, B} [O(n)]
  8: lbl71->lbl53, D: max{0, D} [O(n)]
  8: lbl71->lbl53, F: max{0, F} [O(n)]
  8: lbl71->lbl53, H: max{0, H} [O(n)]
  8: lbl71->lbl53, J: max{0, J} [O(n)]
  8: lbl71->lbl53, N: max{0, N} [O(n)]
  8: lbl71->lbl53, O: max{0, -1+L} [O(n)]
  8: lbl71->lbl53, P: max{0, P} [O(n)]
  0: start->lbl21, A: B [O(n)]
  0: start->lbl21, B: B [O(n)]
  0: start->lbl21, C: D [O(n)]
  0: start->lbl21, D: D [O(n)]
  0: start->lbl21, E: F [O(n)]
  0: start->lbl21, F: F [O(n)]
  0: start->lbl21, G: H [O(n)]
  0: start->lbl21, H: H [O(n)]
  0: start->lbl21, I: J [O(n)]
  0: start->lbl21, J: J [O(n)]
  0: start->lbl21, K: L [O(n)]
  0: start->lbl21, L: L [O(n)]
  0: start->lbl21, M: N [O(n)]
  0: start->lbl21, N: N [O(n)]
  0: start->lbl21, P: P [O(n)]
  13: start0->start, A: B [O(n)]
  13: start0->start, B: B [O(n)]
  13: start0->start, C: D [O(n)]
  13: start0->start, D: D [O(n)]
  13: start0->start, E: F [O(n)]
  13: start0->start, F: F [O(n)]
  13: start0->start, G: H [O(n)]
  13: start0->start, H: H [O(n)]
  13: start0->start, I: J [O(n)]
  13: start0->start, J: J [O(n)]
  13: start0->start, K: L [O(n)]
  13: start0->start, L: L [O(n)]
  13: start0->start, M: N [O(n)]
  13: start0->start, N: N [O(n)]
  13: start0->start, O: P [O(n)]
  13: start0->start, P: P [O(n)]
