Timebounds: 
  Overall timebound: 3 [O(1)]
  1: lbl41->stop: 1 [O(1)]
  0: start->lbl41: 1 [O(1)]
  2: start0->start: 1 [O(1)]

Costbounds:
  Overall costbound: 3 [O(1)]
  1: lbl41->stop: 1 [O(1)]
  0: start->lbl41: 1 [O(1)]
  2: start0->start: 1 [O(1)]

Sizebounds:
`Lower:
  1: lbl41->stop, A: -inf [Infinity]
  1: lbl41->stop, B: B [O(n)]
  1: lbl41->stop, C: -inf [Infinity]
  1: lbl41->stop, D: D [O(n)]
  1: lbl41->stop, E: -inf [Infinity]
  0: start->lbl41, A: -inf [Infinity]
  0: start->lbl41, B: B [O(n)]
  0: start->lbl41, C: D [O(n)]
  0: start->lbl41, D: D [O(n)]
  0: start->lbl41, E: -inf [Infinity]
  2: start0->start, A: B [O(n)]
  2: start0->start, B: B [O(n)]
  2: start0->start, C: D [O(n)]
  2: start0->start, D: D [O(n)]
  2: start0->start, E: -inf [Infinity]
`Upper:
  1: lbl41->stop, A: inf [Infinity]
  1: lbl41->stop, B: B [O(n)]
  1: lbl41->stop, C: inf [Infinity]
  1: lbl41->stop, D: D [O(n)]
  1: lbl41->stop, E: inf [Infinity]
  0: start->lbl41, A: inf [Infinity]
  0: start->lbl41, B: B [O(n)]
  0: start->lbl41, C: D [O(n)]
  0: start->lbl41, D: D [O(n)]
  0: start->lbl41, E: inf [Infinity]
  2: start0->start, A: B [O(n)]
  2: start0->start, B: B [O(n)]
  2: start0->start, C: D [O(n)]
  2: start0->start, D: D [O(n)]
  2: start0->start, E: inf [Infinity]
