Timebounds: 
  Overall timebound: 6+(max{0, -2, 2*2*A}+max{0, 2*2*A})*max{3, 3*A}+2*max{0, 2*A}+max{0, 2*2*A}+max{0, -2, 2*2*A}+max{0, 2*A}+max{0, 1+2*A}+max{0, 3*A}+max{0, 2*A} [O(n^2)]
  6: lbl121->stop: 1 [O(1)]
  7: lbl121->lbl82: max{0, 1+2*A}+max{0, 2*A} [O(n)]
  8: lbl121->lbl121: 2*max{0, 2*A} [O(n)]
  3: lbl82->stop: 1 [O(1)]
  4: lbl82->lbl82: (max{0, -2, 2*2*A}+max{0, 2*2*A})*max{3, 3*A}+max{0, 3*A}+max{0, 2*A} [O(n^2)]
  5: lbl82->lbl121: max{0, -2, 2*2*A}+max{0, 2*2*A} [O(n)]
  0: start->stop: 1 [O(1)]
  1: start->lbl82: 1 [O(1)]
  2: start->lbl121: 1 [O(1)]
  9: start0->start: 1 [O(1)]

Costbounds:
  Overall costbound: 6+(max{0, -2, 2*2*A}+max{0, 2*2*A})*max{3, 3*A}+2*max{0, 2*A}+max{0, 2*2*A}+max{0, -2, 2*2*A}+max{0, 2*A}+max{0, 1+2*A}+max{0, 3*A}+max{0, 2*A} [O(n^2)]
  6: lbl121->stop: 1 [O(1)]
  7: lbl121->lbl82: max{0, 1+2*A}+max{0, 2*A} [O(n)]
  8: lbl121->lbl121: 2*max{0, 2*A} [O(n)]
  3: lbl82->stop: 1 [O(1)]
  4: lbl82->lbl82: (max{0, -2, 2*2*A}+max{0, 2*2*A})*max{3, 3*A}+max{0, 3*A}+max{0, 2*A} [O(n^2)]
  5: lbl82->lbl121: max{0, -2, 2*2*A}+max{0, 2*2*A} [O(n)]
  0: start->stop: 1 [O(1)]
  1: start->lbl82: 1 [O(1)]
  2: start->lbl121: 1 [O(1)]
  9: start0->start: 1 [O(1)]

Sizebounds:
`Lower:
  6: lbl121->stop, A: 0 [O(1)]
  6: lbl121->stop, B: 0 [O(1)]
  6: lbl121->stop, C: C [O(n)]
  6: lbl121->stop, D: 0 [O(1)]
  6: lbl121->stop, E: -1 [O(1)]
  6: lbl121->stop, F: F [O(n)]
  6: lbl121->stop, G: -1 [O(1)]
  6: lbl121->stop, H: H [O(n)]
  7: lbl121->lbl82, A: 1 [O(1)]
  7: lbl121->lbl82, B: 1 [O(1)]
  7: lbl121->lbl82, C: C [O(n)]
  7: lbl121->lbl82, D: 1 [O(1)]
  7: lbl121->lbl82, E: 1 [O(1)]
  7: lbl121->lbl82, F: F [O(n)]
  7: lbl121->lbl82, G: 0 [O(1)]
  7: lbl121->lbl82, H: H [O(n)]
  8: lbl121->lbl121, A: 1 [O(1)]
  8: lbl121->lbl121, B: 1 [O(1)]
  8: lbl121->lbl121, C: C [O(n)]
  8: lbl121->lbl121, D: 1 [O(1)]
  8: lbl121->lbl121, E: 0 [O(1)]
  8: lbl121->lbl121, F: F [O(n)]
  8: lbl121->lbl121, G: 0 [O(1)]
  8: lbl121->lbl121, H: H [O(n)]
  3: lbl82->stop, A: 0 [O(1)]
  3: lbl82->stop, B: -max{-1, -C} [O(n)]
  3: lbl82->stop, C: C [O(n)]
  3: lbl82->stop, D: 0 [O(1)]
  3: lbl82->stop, E: 0 [O(1)]
  3: lbl82->stop, F: F [O(n)]
  3: lbl82->stop, G: -1 [O(1)]
  3: lbl82->stop, H: H [O(n)]
  4: lbl82->lbl82, A: 1 [O(1)]
  4: lbl82->lbl82, B: -max{-1, -C} [O(n)]
  4: lbl82->lbl82, C: C [O(n)]
  4: lbl82->lbl82, D: 1 [O(1)]
  4: lbl82->lbl82, E: 2 [O(1)]
  4: lbl82->lbl82, F: F [O(n)]
  4: lbl82->lbl82, G: 0 [O(1)]
  4: lbl82->lbl82, H: H [O(n)]
  5: lbl82->lbl121, A: 1 [O(1)]
  5: lbl82->lbl121, B: 1 [O(1)]
  5: lbl82->lbl121, C: C [O(n)]
  5: lbl82->lbl121, D: 1 [O(1)]
  5: lbl82->lbl121, E: 1 [O(1)]
  5: lbl82->lbl121, F: F [O(n)]
  5: lbl82->lbl121, G: 1 [O(1)]
  5: lbl82->lbl121, H: H [O(n)]
  0: start->stop, A: A [O(n)]
  0: start->stop, B: C [O(n)]
  0: start->stop, C: C [O(n)]
  0: start->stop, D: A [O(n)]
  0: start->stop, E: F [O(n)]
  0: start->stop, F: F [O(n)]
  0: start->stop, G: H [O(n)]
  0: start->stop, H: H [O(n)]
  1: start->lbl82, A: 0 [O(1)]
  1: start->lbl82, B: C [O(n)]
  1: start->lbl82, C: C [O(n)]
  1: start->lbl82, D: 0 [O(1)]
  1: start->lbl82, E: 0 [O(1)]
  1: start->lbl82, F: F [O(n)]
  1: start->lbl82, G: -1 [O(1)]
  1: start->lbl82, H: H [O(n)]
  2: start->lbl121, A: 0 [O(1)]
  2: start->lbl121, B: 0 [O(1)]
  2: start->lbl121, C: C [O(n)]
  2: start->lbl121, D: 0 [O(1)]
  2: start->lbl121, E: -1 [O(1)]
  2: start->lbl121, F: F [O(n)]
  2: start->lbl121, G: -1 [O(1)]
  2: start->lbl121, H: H [O(n)]
  9: start0->start, A: A [O(n)]
  9: start0->start, B: C [O(n)]
  9: start0->start, C: C [O(n)]
  9: start0->start, D: A [O(n)]
  9: start0->start, E: F [O(n)]
  9: start0->start, F: F [O(n)]
  9: start0->start, G: H [O(n)]
  9: start0->start, H: H [O(n)]
`Upper:
  6: lbl121->stop, A: A [O(n)]
  6: lbl121->stop, B: max{-1+2*A, -1+2*A, max{-2+2*A, -1+2*A, max{-2+2*A, 2*A}}} [O(n)]
  6: lbl121->stop, C: C [O(n)]
  6: lbl121->stop, D: A [O(n)]
  6: lbl121->stop, E: 2*A [O(n)]
  6: lbl121->stop, F: F [O(n)]
  6: lbl121->stop, G: max{-1+2*A, 2*A} [O(n)]
  6: lbl121->stop, H: H [O(n)]
  7: lbl121->lbl82, A: A [O(n)]
  7: lbl121->lbl82, B: max{-1+2*A, -1+2*A, max{-2+2*A, -1+2*A, max{-2+2*A, 2*A}}} [O(n)]
  7: lbl121->lbl82, C: C [O(n)]
  7: lbl121->lbl82, D: A [O(n)]
  7: lbl121->lbl82, E: 2*A [O(n)]
  7: lbl121->lbl82, F: F [O(n)]
  7: lbl121->lbl82, G: max{-2+2*A, -1+2*A, -2+2*A} [O(n)]
  7: lbl121->lbl82, H: H [O(n)]
  8: lbl121->lbl121, A: A [O(n)]
  8: lbl121->lbl121, B: max{-1+2*A, 2*A} [O(n)]
  8: lbl121->lbl121, C: C [O(n)]
  8: lbl121->lbl121, D: A [O(n)]
  8: lbl121->lbl121, E: 2*A [O(n)]
  8: lbl121->lbl121, F: F [O(n)]
  8: lbl121->lbl121, G: -1+2*A [O(n)]
  8: lbl121->lbl121, H: H [O(n)]
  3: lbl82->stop, A: A [O(n)]
  3: lbl82->stop, B: max{C, C, max{-1+2*A, -1+2*A, max{-2+2*A, -1+2*A, max{-2+2*A, -1+2*A, max{-2+2*A, -1+2*A, max{-2+2*A, -1+2*A, 2*A}}}}}} [O(n)]
  3: lbl82->stop, C: C [O(n)]
  3: lbl82->stop, D: A [O(n)]
  3: lbl82->stop, E: 2*A [O(n)]
  3: lbl82->stop, F: F [O(n)]
  3: lbl82->stop, G: max{-2+2*A, -1+2*A, max{-2+2*A, -1+2*A, max{-2+2*A, 2*A}}} [O(n)]
  3: lbl82->stop, H: H [O(n)]
  4: lbl82->lbl82, A: A [O(n)]
  4: lbl82->lbl82, B: max{C, -1+2*A, max{-2+2*A, -1+2*A, max{-2+2*A, -1+2*A, 2*A}}} [O(n)]
  4: lbl82->lbl82, C: C [O(n)]
  4: lbl82->lbl82, D: A [O(n)]
  4: lbl82->lbl82, E: 2*A [O(n)]
  4: lbl82->lbl82, F: F [O(n)]
  4: lbl82->lbl82, G: max{-1+2*A, -2+2*A, 2*A} [O(n)]
  4: lbl82->lbl82, H: H [O(n)]
  5: lbl82->lbl121, A: A [O(n)]
  5: lbl82->lbl121, B: max{-2+2*A, -1+2*A, max{-2+2*A, -1+2*A, max{-2+2*A, 2*A}}} [O(n)]
  5: lbl82->lbl121, C: C [O(n)]
  5: lbl82->lbl121, D: A [O(n)]
  5: lbl82->lbl121, E: 2*A [O(n)]
  5: lbl82->lbl121, F: F [O(n)]
  5: lbl82->lbl121, G: -1+2*A [O(n)]
  5: lbl82->lbl121, H: H [O(n)]
  0: start->stop, A: -1 [O(1)]
  0: start->stop, B: C [O(n)]
  0: start->stop, C: C [O(n)]
  0: start->stop, D: -1 [O(1)]
  0: start->stop, E: F [O(n)]
  0: start->stop, F: F [O(n)]
  0: start->stop, G: H [O(n)]
  0: start->stop, H: H [O(n)]
  1: start->lbl82, A: A [O(n)]
  1: start->lbl82, B: C [O(n)]
  1: start->lbl82, C: C [O(n)]
  1: start->lbl82, D: A [O(n)]
  1: start->lbl82, E: 2*A [O(n)]
  1: start->lbl82, F: F [O(n)]
  1: start->lbl82, G: 2*A [O(n)]
  1: start->lbl82, H: H [O(n)]
  2: start->lbl121, A: A [O(n)]
  2: start->lbl121, B: 2*A [O(n)]
  2: start->lbl121, C: C [O(n)]
  2: start->lbl121, D: A [O(n)]
  2: start->lbl121, E: 2*A [O(n)]
  2: start->lbl121, F: F [O(n)]
  2: start->lbl121, G: 2*A [O(n)]
  2: start->lbl121, H: H [O(n)]
  9: start0->start, A: A [O(n)]
  9: start0->start, B: C [O(n)]
  9: start0->start, C: C [O(n)]
  9: start0->start, D: A [O(n)]
  9: start0->start, E: F [O(n)]
  9: start0->start, F: F [O(n)]
  9: start0->start, G: H [O(n)]
  9: start0->start, H: H [O(n)]
