Timebounds: 
  Overall timebound: 6+2*2*max{0, A}*max{0, -1+A}+2*max{0, A}+2*2*max{0, A}+2*(2*2*max{0, A}*max{0, -1+A}+2*max{0, A}*max{0, -1+A}+2*max{0, A}*max{0, A}+max{0, -1+A}+max{0, -1+A}+max{0, -1+A}+max{0, A})*max{0, A}+2*max{2, 2*A}+(2*2*max{0, A}*max{0, -1+A}+2*max{0, A}*max{0, -1+A}+2*max{0, A}*max{0, A}+max{0, -1+A}+max{0, -1+A}+max{0, -1+A}+max{0, A})*max{0, -1+A}+2*max{0, A}*max{0, -1+A}+(2*2*max{0, A}*max{0, -1+A}+2*max{0, A}*max{0, -1+A}+2*max{0, A}*max{0, A}+max{0, -1+A}+max{0, -1+A}+max{0, -1+A}+max{0, A})*max{0, -1+A}+2*max{0, A}*max{0, -1+A}+(2*2*max{0, A}*max{0, -1+A}+2*max{0, A}*max{0, -1+A}+2*max{0, A}*max{0, A}+max{0, -1+A}+max{0, -1+A}+max{0, -1+A}+max{0, A})*max{0, -1+A}+2*max{0, A}*max{0, -1+A}+(2*2*max{0, A}*max{0, -1+A}+2*max{0, A}*max{0, -1+A}+2*max{0, A}*max{0, A}+max{0, -1+A}+max{0, -1+A}+max{0, -1+A}+max{0, A})*max{0, A}+2*max{0, A}*max{0, -1+A}+2*max{0, A}*max{0, A}+max{0, -1+A}+max{0, A}+max{0, A}+max{0, A}+max{0, -1+A}+max{0, -1+A}+max{0, -1+A}+max{0, -1+A}+max{0, -1+A}+max{0, A} [O(n^3)]
  8: lbl131->lbl142: 2*max{2, 2*A} [O(n)]
  9: lbl131->lbl91: 2*(2*2*max{0, A}*max{0, -1+A}+2*max{0, A}*max{0, -1+A}+2*max{0, A}*max{0, A}+max{0, -1+A}+max{0, -1+A}+max{0, -1+A}+max{0, A})*max{0, A}+(2*2*max{0, A}*max{0, -1+A}+2*max{0, A}*max{0, -1+A}+2*max{0, A}*max{0, A}+max{0, -1+A}+max{0, -1+A}+max{0, -1+A}+max{0, A})*max{0, A}+max{0, A}+max{0, A}+max{0, A} [O(n^3)]
  10: lbl131->lbl131: (2*2*max{0, A}*max{0, -1+A}+2*max{0, A}*max{0, -1+A}+2*max{0, A}*max{0, A}+max{0, -1+A}+max{0, -1+A}+max{0, -1+A}+max{0, A})*max{0, -1+A}+2*max{0, A}*max{0, -1+A}+(2*2*max{0, A}*max{0, -1+A}+2*max{0, A}*max{0, -1+A}+2*max{0, A}*max{0, A}+max{0, -1+A}+max{0, -1+A}+max{0, -1+A}+max{0, A})*max{0, -1+A}+2*max{0, A}*max{0, -1+A}+(2*2*max{0, A}*max{0, -1+A}+2*max{0, A}*max{0, -1+A}+2*max{0, A}*max{0, A}+max{0, -1+A}+max{0, -1+A}+max{0, -1+A}+max{0, A})*max{0, -1+A}+2*max{0, A}*max{0, -1+A}+max{0, -1+A}+max{0, -1+A}+max{0, -1+A} [O(n^3)]
  4: lbl142->stop: 1 [O(1)]
  5: lbl142->lbl142: 2*max{0, A} [O(n)]
  6: lbl142->lbl91: 2*max{0, A} [O(n)]
  7: lbl142->lbl131: 2*max{0, A} [O(n)]
  11: lbl91->lbl131: 2*2*max{0, A}*max{0, -1+A}+2*max{0, A}*max{0, -1+A}+2*max{0, A}*max{0, A}+max{0, -1+A}+max{0, -1+A}+max{0, -1+A}+max{0, A} [O(n^2)]
  0: start->stop: 1 [O(1)]
  1: start->lbl142: 1 [O(1)]
  2: start->lbl91: 1 [O(1)]
  3: start->lbl131: 1 [O(1)]
  12: start0->start: 1 [O(1)]

Costbounds:
  Overall costbound: 6+2*2*max{0, A}*max{0, -1+A}+2*max{0, A}+2*2*max{0, A}+2*(2*2*max{0, A}*max{0, -1+A}+2*max{0, A}*max{0, -1+A}+2*max{0, A}*max{0, A}+max{0, -1+A}+max{0, -1+A}+max{0, -1+A}+max{0, A})*max{0, A}+2*max{2, 2*A}+(2*2*max{0, A}*max{0, -1+A}+2*max{0, A}*max{0, -1+A}+2*max{0, A}*max{0, A}+max{0, -1+A}+max{0, -1+A}+max{0, -1+A}+max{0, A})*max{0, -1+A}+2*max{0, A}*max{0, -1+A}+(2*2*max{0, A}*max{0, -1+A}+2*max{0, A}*max{0, -1+A}+2*max{0, A}*max{0, A}+max{0, -1+A}+max{0, -1+A}+max{0, -1+A}+max{0, A})*max{0, -1+A}+2*max{0, A}*max{0, -1+A}+(2*2*max{0, A}*max{0, -1+A}+2*max{0, A}*max{0, -1+A}+2*max{0, A}*max{0, A}+max{0, -1+A}+max{0, -1+A}+max{0, -1+A}+max{0, A})*max{0, -1+A}+2*max{0, A}*max{0, -1+A}+(2*2*max{0, A}*max{0, -1+A}+2*max{0, A}*max{0, -1+A}+2*max{0, A}*max{0, A}+max{0, -1+A}+max{0, -1+A}+max{0, -1+A}+max{0, A})*max{0, A}+2*max{0, A}*max{0, -1+A}+2*max{0, A}*max{0, A}+max{0, -1+A}+max{0, A}+max{0, A}+max{0, A}+max{0, -1+A}+max{0, -1+A}+max{0, -1+A}+max{0, -1+A}+max{0, -1+A}+max{0, A} [O(n^3)]
  8: lbl131->lbl142: 2*max{2, 2*A} [O(n)]
  9: lbl131->lbl91: 2*(2*2*max{0, A}*max{0, -1+A}+2*max{0, A}*max{0, -1+A}+2*max{0, A}*max{0, A}+max{0, -1+A}+max{0, -1+A}+max{0, -1+A}+max{0, A})*max{0, A}+(2*2*max{0, A}*max{0, -1+A}+2*max{0, A}*max{0, -1+A}+2*max{0, A}*max{0, A}+max{0, -1+A}+max{0, -1+A}+max{0, -1+A}+max{0, A})*max{0, A}+max{0, A}+max{0, A}+max{0, A} [O(n^3)]
  10: lbl131->lbl131: (2*2*max{0, A}*max{0, -1+A}+2*max{0, A}*max{0, -1+A}+2*max{0, A}*max{0, A}+max{0, -1+A}+max{0, -1+A}+max{0, -1+A}+max{0, A})*max{0, -1+A}+2*max{0, A}*max{0, -1+A}+(2*2*max{0, A}*max{0, -1+A}+2*max{0, A}*max{0, -1+A}+2*max{0, A}*max{0, A}+max{0, -1+A}+max{0, -1+A}+max{0, -1+A}+max{0, A})*max{0, -1+A}+2*max{0, A}*max{0, -1+A}+(2*2*max{0, A}*max{0, -1+A}+2*max{0, A}*max{0, -1+A}+2*max{0, A}*max{0, A}+max{0, -1+A}+max{0, -1+A}+max{0, -1+A}+max{0, A})*max{0, -1+A}+2*max{0, A}*max{0, -1+A}+max{0, -1+A}+max{0, -1+A}+max{0, -1+A} [O(n^3)]
  4: lbl142->stop: 1 [O(1)]
  5: lbl142->lbl142: 2*max{0, A} [O(n)]
  6: lbl142->lbl91: 2*max{0, A} [O(n)]
  7: lbl142->lbl131: 2*max{0, A} [O(n)]
  11: lbl91->lbl131: 2*2*max{0, A}*max{0, -1+A}+2*max{0, A}*max{0, -1+A}+2*max{0, A}*max{0, A}+max{0, -1+A}+max{0, -1+A}+max{0, -1+A}+max{0, A} [O(n^2)]
  0: start->stop: 1 [O(1)]
  1: start->lbl142: 1 [O(1)]
  2: start->lbl91: 1 [O(1)]
  3: start->lbl131: 1 [O(1)]
  12: start0->start: 1 [O(1)]

Sizebounds:
`Lower:
  8: lbl131->lbl142, A: 1 [O(1)]
  8: lbl131->lbl142, C: C [O(n)]
  8: lbl131->lbl142, D: 1 [O(1)]
  8: lbl131->lbl142, E: 1 [O(1)]
  8: lbl131->lbl142, F: F [O(n)]
  8: lbl131->lbl142, G: 0 [O(1)]
  8: lbl131->lbl142, H: H [O(n)]
  9: lbl131->lbl91, A: 2 [O(1)]
  9: lbl131->lbl91, C: C [O(n)]
  9: lbl131->lbl91, D: 2 [O(1)]
  9: lbl131->lbl91, E: 1 [O(1)]
  9: lbl131->lbl91, F: F [O(n)]
  9: lbl131->lbl91, G: 2 [O(1)]
  9: lbl131->lbl91, H: H [O(n)]
  10: lbl131->lbl131, A: 2 [O(1)]
  10: lbl131->lbl131, C: C [O(n)]
  10: lbl131->lbl131, D: 2 [O(1)]
  10: lbl131->lbl131, E: 2 [O(1)]
  10: lbl131->lbl131, F: F [O(n)]
  10: lbl131->lbl131, G: 2 [O(1)]
  10: lbl131->lbl131, H: H [O(n)]
  4: lbl142->stop, A: 0 [O(1)]
  4: lbl142->stop, C: C [O(n)]
  4: lbl142->stop, D: 0 [O(1)]
  4: lbl142->stop, E: 0 [O(1)]
  4: lbl142->stop, F: F [O(n)]
  4: lbl142->stop, G: -1 [O(1)]
  4: lbl142->stop, H: H [O(n)]
  5: lbl142->lbl142, A: 1 [O(1)]
  5: lbl142->lbl142, C: C [O(n)]
  5: lbl142->lbl142, D: 1 [O(1)]
  5: lbl142->lbl142, E: 0 [O(1)]
  5: lbl142->lbl142, F: F [O(n)]
  5: lbl142->lbl142, G: -1 [O(1)]
  5: lbl142->lbl142, H: H [O(n)]
  6: lbl142->lbl91, A: 2 [O(1)]
  6: lbl142->lbl91, C: C [O(n)]
  6: lbl142->lbl91, D: 2 [O(1)]
  6: lbl142->lbl91, E: 0 [O(1)]
  6: lbl142->lbl91, F: F [O(n)]
  6: lbl142->lbl91, G: 1 [O(1)]
  6: lbl142->lbl91, H: H [O(n)]
  7: lbl142->lbl131, A: 2 [O(1)]
  7: lbl142->lbl131, C: C [O(n)]
  7: lbl142->lbl131, D: 2 [O(1)]
  7: lbl142->lbl131, E: 1 [O(1)]
  7: lbl142->lbl131, F: F [O(n)]
  7: lbl142->lbl131, G: 1 [O(1)]
  7: lbl142->lbl131, H: H [O(n)]
  11: lbl91->lbl131, A: 1 [O(1)]
  11: lbl91->lbl131, C: C [O(n)]
  11: lbl91->lbl131, D: 1 [O(1)]
  11: lbl91->lbl131, E: 1 [O(1)]
  11: lbl91->lbl131, F: F [O(n)]
  11: lbl91->lbl131, G: 1 [O(1)]
  11: lbl91->lbl131, H: H [O(n)]
  0: start->stop, A: A [O(n)]
  0: start->stop, B: C [O(n)]
  0: start->stop, C: C [O(n)]
  0: start->stop, D: A [O(n)]
  0: start->stop, E: F [O(n)]
  0: start->stop, F: F [O(n)]
  0: start->stop, G: A [O(n)]
  0: start->stop, H: H [O(n)]
  1: start->lbl142, A: 0 [O(1)]
  1: start->lbl142, B: C [O(n)]
  1: start->lbl142, C: C [O(n)]
  1: start->lbl142, D: 0 [O(1)]
  1: start->lbl142, E: 0 [O(1)]
  1: start->lbl142, F: F [O(n)]
  1: start->lbl142, G: -1 [O(1)]
  1: start->lbl142, H: H [O(n)]
  2: start->lbl91, A: 1 [O(1)]
  2: start->lbl91, C: C [O(n)]
  2: start->lbl91, D: 1 [O(1)]
  2: start->lbl91, E: 0 [O(1)]
  2: start->lbl91, F: F [O(n)]
  2: start->lbl91, G: 1 [O(1)]
  2: start->lbl91, H: H [O(n)]
  3: start->lbl131, A: 1 [O(1)]
  3: start->lbl131, B: C [O(n)]
  3: start->lbl131, C: C [O(n)]
  3: start->lbl131, D: 1 [O(1)]
  3: start->lbl131, E: 1 [O(1)]
  3: start->lbl131, F: F [O(n)]
  3: start->lbl131, G: 1 [O(1)]
  3: start->lbl131, H: H [O(n)]
  12: start0->start, A: A [O(n)]
  12: start0->start, B: C [O(n)]
  12: start0->start, C: C [O(n)]
  12: start0->start, D: A [O(n)]
  12: start0->start, E: F [O(n)]
  12: start0->start, F: F [O(n)]
  12: start0->start, G: H [O(n)]
  12: start0->start, H: H [O(n)]
`Upper:
  8: lbl131->lbl142, A: A [O(n)]
  8: lbl131->lbl142, C: C [O(n)]
  8: lbl131->lbl142, D: A [O(n)]
  8: lbl131->lbl142, E: max{1, 1+2*2*max{0, A}*max{0, -1+A}+(2*2*max{0, A}*max{0, -1+A}+2*max{0, A}*max{0, -1+A}+2*max{0, A}*max{0, A}+max{0, -1+A}+max{0, -1+A}+max{0, -1+A}+max{0, A})*max{0, -1+A}+2*max{0, A}*max{0, -1+A}+(2*2*max{0, A}*max{0, -1+A}+2*max{0, A}*max{0, -1+A}+2*max{0, A}*max{0, A}+max{0, -1+A}+max{0, -1+A}+max{0, -1+A}+max{0, A})*max{0, -1+A}+2*max{0, A}*max{0, -1+A}+(2*2*max{0, A}*max{0, -1+A}+2*max{0, A}*max{0, -1+A}+2*max{0, A}*max{0, A}+max{0, -1+A}+max{0, -1+A}+max{0, -1+A}+max{0, A})*max{0, -1+A}+2*max{0, A}*max{0, -1+A}+2*max{0, A}*max{0, -1+A}+2*max{0, A}*max{0, A}+max{0, -1+A}+max{0, -1+A}+max{0, -1+A}+max{0, -1+A}+max{0, -1+A}+max{0, -1+A}+max{0, A}} [O(n^3)]
  8: lbl131->lbl142, F: F [O(n)]
  8: lbl131->lbl142, G: A [O(n)]
  8: lbl131->lbl142, H: H [O(n)]
  9: lbl131->lbl91, A: A [O(n)]
  9: lbl131->lbl91, C: C [O(n)]
  9: lbl131->lbl91, D: A [O(n)]
  9: lbl131->lbl91, E: 1+2*2*max{0, A}*max{0, -1+A}+(2*2*max{0, A}*max{0, -1+A}+2*max{0, A}*max{0, -1+A}+2*max{0, A}*max{0, A}+max{0, -1+A}+max{0, -1+A}+max{0, -1+A}+max{0, A})*max{0, -1+A}+2*max{0, A}*max{0, -1+A}+(2*2*max{0, A}*max{0, -1+A}+2*max{0, A}*max{0, -1+A}+2*max{0, A}*max{0, A}+max{0, -1+A}+max{0, -1+A}+max{0, -1+A}+max{0, A})*max{0, -1+A}+2*max{0, A}*max{0, -1+A}+(2*2*max{0, A}*max{0, -1+A}+2*max{0, A}*max{0, -1+A}+2*max{0, A}*max{0, A}+max{0, -1+A}+max{0, -1+A}+max{0, -1+A}+max{0, A})*max{0, -1+A}+2*max{0, A}*max{0, -1+A}+2*max{0, A}*max{0, -1+A}+2*max{0, A}*max{0, A}+max{0, -1+A}+max{0, -1+A}+max{0, -1+A}+max{0, -1+A}+max{0, -1+A}+max{0, -1+A}+max{0, A} [O(n^3)]
  9: lbl131->lbl91, F: F [O(n)]
  9: lbl131->lbl91, G: A [O(n)]
  9: lbl131->lbl91, H: H [O(n)]
  10: lbl131->lbl131, A: A [O(n)]
  10: lbl131->lbl131, C: C [O(n)]
  10: lbl131->lbl131, D: A [O(n)]
  10: lbl131->lbl131, E: 1+2*2*max{0, A}*max{0, -1+A}+(2*2*max{0, A}*max{0, -1+A}+2*max{0, A}*max{0, -1+A}+2*max{0, A}*max{0, A}+max{0, -1+A}+max{0, -1+A}+max{0, -1+A}+max{0, A})*max{0, -1+A}+2*max{0, A}*max{0, -1+A}+(2*2*max{0, A}*max{0, -1+A}+2*max{0, A}*max{0, -1+A}+2*max{0, A}*max{0, A}+max{0, -1+A}+max{0, -1+A}+max{0, -1+A}+max{0, A})*max{0, -1+A}+2*max{0, A}*max{0, -1+A}+(2*2*max{0, A}*max{0, -1+A}+2*max{0, A}*max{0, -1+A}+2*max{0, A}*max{0, A}+max{0, -1+A}+max{0, -1+A}+max{0, -1+A}+max{0, A})*max{0, -1+A}+2*max{0, A}*max{0, -1+A}+2*max{0, A}*max{0, -1+A}+2*max{0, A}*max{0, A}+max{0, -1+A}+max{0, -1+A}+max{0, -1+A}+max{0, -1+A}+max{0, -1+A}+max{0, -1+A}+max{0, A} [O(n^3)]
  10: lbl131->lbl131, F: F [O(n)]
  10: lbl131->lbl131, G: A [O(n)]
  10: lbl131->lbl131, H: H [O(n)]
  4: lbl142->stop, A: max{0, A} [O(n)]
  4: lbl142->stop, C: C [O(n)]
  4: lbl142->stop, D: max{0, A} [O(n)]
  4: lbl142->stop, E: 0 [O(1)]
  4: lbl142->stop, F: F [O(n)]
  4: lbl142->stop, G: -1 [O(1)]
  4: lbl142->stop, H: H [O(n)]
  5: lbl142->lbl142, A: A [O(n)]
  5: lbl142->lbl142, C: C [O(n)]
  5: lbl142->lbl142, D: A [O(n)]
  5: lbl142->lbl142, E: 0 [O(1)]
  5: lbl142->lbl142, F: F [O(n)]
  5: lbl142->lbl142, G: -1 [O(1)]
  5: lbl142->lbl142, H: H [O(n)]
  6: lbl142->lbl91, A: A [O(n)]
  6: lbl142->lbl91, C: C [O(n)]
  6: lbl142->lbl91, D: A [O(n)]
  6: lbl142->lbl91, E: 0 [O(1)]
  6: lbl142->lbl91, F: F [O(n)]
  6: lbl142->lbl91, G: A [O(n)]
  6: lbl142->lbl91, H: H [O(n)]
  7: lbl142->lbl131, A: A [O(n)]
  7: lbl142->lbl131, C: C [O(n)]
  7: lbl142->lbl131, D: A [O(n)]
  7: lbl142->lbl131, E: 1 [O(1)]
  7: lbl142->lbl131, F: F [O(n)]
  7: lbl142->lbl131, G: A [O(n)]
  7: lbl142->lbl131, H: H [O(n)]
  11: lbl91->lbl131, A: A [O(n)]
  11: lbl91->lbl131, C: C [O(n)]
  11: lbl91->lbl131, D: A [O(n)]
  11: lbl91->lbl131, E: 1+2*2*max{0, A}*max{0, -1+A}+(2*2*max{0, A}*max{0, -1+A}+2*max{0, A}*max{0, -1+A}+2*max{0, A}*max{0, A}+max{0, -1+A}+max{0, -1+A}+max{0, -1+A}+max{0, A})*max{0, -1+A}+2*max{0, A}*max{0, -1+A}+(2*2*max{0, A}*max{0, -1+A}+2*max{0, A}*max{0, -1+A}+2*max{0, A}*max{0, A}+max{0, -1+A}+max{0, -1+A}+max{0, -1+A}+max{0, A})*max{0, -1+A}+2*max{0, A}*max{0, -1+A}+(2*2*max{0, A}*max{0, -1+A}+2*max{0, A}*max{0, -1+A}+2*max{0, A}*max{0, A}+max{0, -1+A}+max{0, -1+A}+max{0, -1+A}+max{0, A})*max{0, -1+A}+2*max{0, A}*max{0, -1+A}+2*max{0, A}*max{0, -1+A}+2*max{0, A}*max{0, A}+max{0, -1+A}+max{0, -1+A}+max{0, -1+A}+max{0, -1+A}+max{0, -1+A}+max{0, -1+A}+max{0, A} [O(n^3)]
  11: lbl91->lbl131, F: F [O(n)]
  11: lbl91->lbl131, G: A [O(n)]
  11: lbl91->lbl131, H: H [O(n)]
  0: start->stop, A: -1 [O(1)]
  0: start->stop, B: C [O(n)]
  0: start->stop, C: C [O(n)]
  0: start->stop, D: -1 [O(1)]
  0: start->stop, E: F [O(n)]
  0: start->stop, F: F [O(n)]
  0: start->stop, G: -1 [O(1)]
  0: start->stop, H: H [O(n)]
  1: start->lbl142, A: 0 [O(1)]
  1: start->lbl142, B: C [O(n)]
  1: start->lbl142, C: C [O(n)]
  1: start->lbl142, D: 0 [O(1)]
  1: start->lbl142, E: 0 [O(1)]
  1: start->lbl142, F: F [O(n)]
  1: start->lbl142, G: -1 [O(1)]
  1: start->lbl142, H: H [O(n)]
  2: start->lbl91, A: A [O(n)]
  2: start->lbl91, C: C [O(n)]
  2: start->lbl91, D: A [O(n)]
  2: start->lbl91, E: 0 [O(1)]
  2: start->lbl91, F: F [O(n)]
  2: start->lbl91, G: A [O(n)]
  2: start->lbl91, H: H [O(n)]
  3: start->lbl131, A: A [O(n)]
  3: start->lbl131, B: C [O(n)]
  3: start->lbl131, C: C [O(n)]
  3: start->lbl131, D: A [O(n)]
  3: start->lbl131, E: 1 [O(1)]
  3: start->lbl131, F: F [O(n)]
  3: start->lbl131, G: A [O(n)]
  3: start->lbl131, H: H [O(n)]
  12: start0->start, A: A [O(n)]
  12: start0->start, B: C [O(n)]
  12: start0->start, C: C [O(n)]
  12: start0->start, D: A [O(n)]
  12: start0->start, E: F [O(n)]
  12: start0->start, F: F [O(n)]
  12: start0->start, G: H [O(n)]
  12: start0->start, H: H [O(n)]
