Timebounds: 
  Overall timebound: 6+1+max{4, 2*C}+max{0, -1+A}+max{5, -5+5*C}*max{0, -1+A}+max{5, -5+5*C} [O(n^2)]
  10: cut->stop: 1 [O(1)]
  5: lbl121->lbl121: max{5, -5+5*C}*max{0, -1+A}+max{0, -1+A} [O(n^2)]
  6: lbl121->lbl141: max{4, 2*C} [O(n)]
  7: lbl141->cut: 1 [O(1)]
  8: lbl141->lbl121: max{5, -5+5*C} [O(n)]
  3: lbl6->stop: 1 [O(1)]
  0: start->stop: 1 [O(1)]
  1: start->lbl6: 1 [O(1)]
  2: start->lbl121: 1 [O(1)]
  11: start0->start: 1 [O(1)]

Costbounds:
  Overall costbound: 6+1+max{4, 2*C}+max{0, -1+A}+max{5, -5+5*C}*max{0, -1+A}+max{5, -5+5*C} [O(n^2)]
  10: cut->stop: 1 [O(1)]
  5: lbl121->lbl121: max{5, -5+5*C}*max{0, -1+A}+max{0, -1+A} [O(n^2)]
  6: lbl121->lbl141: max{4, 2*C} [O(n)]
  7: lbl141->cut: 1 [O(1)]
  8: lbl141->lbl121: max{5, -5+5*C} [O(n)]
  3: lbl6->stop: 1 [O(1)]
  0: start->stop: 1 [O(1)]
  1: start->lbl6: 1 [O(1)]
  2: start->lbl121: 1 [O(1)]
  11: start0->start: 1 [O(1)]

Sizebounds:
`Lower:
  10: cut->stop, A: 2 [O(1)]
  10: cut->stop, B: 3 [O(1)]
  10: cut->stop, C: 3 [O(1)]
  10: cut->stop, D: 2 [O(1)]
  10: cut->stop, E: 0 [O(1)]
  10: cut->stop, F: F [O(n)]
  10: cut->stop, G: 3 [O(1)]
  10: cut->stop, H: H [O(n)]
  5: lbl121->lbl121, A: 1 [O(1)]
  5: lbl121->lbl121, B: 2 [O(1)]
  5: lbl121->lbl121, C: 3 [O(1)]
  5: lbl121->lbl121, D: 2 [O(1)]
  5: lbl121->lbl121, E: 2 [O(1)]
  5: lbl121->lbl121, F: F [O(n)]
  5: lbl121->lbl121, G: 0 [O(1)]
  5: lbl121->lbl121, H: H [O(n)]
  6: lbl121->lbl141, A: 1 [O(1)]
  6: lbl121->lbl141, B: 2 [O(1)]
  6: lbl121->lbl141, C: 2 [O(1)]
  6: lbl121->lbl141, D: 1 [O(1)]
  6: lbl121->lbl141, E: 0 [O(1)]
  6: lbl121->lbl141, F: F [O(n)]
  6: lbl121->lbl141, G: 1 [O(1)]
  6: lbl121->lbl141, H: H [O(n)]
  7: lbl141->cut, A: 2 [O(1)]
  7: lbl141->cut, B: 3 [O(1)]
  7: lbl141->cut, C: 3 [O(1)]
  7: lbl141->cut, D: 2 [O(1)]
  7: lbl141->cut, E: 0 [O(1)]
  7: lbl141->cut, F: F [O(n)]
  7: lbl141->cut, G: 3 [O(1)]
  7: lbl141->cut, H: H [O(n)]
  8: lbl141->lbl121, A: 1 [O(1)]
  8: lbl141->lbl121, B: 2 [O(1)]
  8: lbl141->lbl121, C: 3 [O(1)]
  8: lbl141->lbl121, D: 2 [O(1)]
  8: lbl141->lbl121, E: 1 [O(1)]
  8: lbl141->lbl121, F: F [O(n)]
  8: lbl141->lbl121, G: 1 [O(1)]
  8: lbl141->lbl121, H: H [O(n)]
  3: lbl6->stop, A: 1 [O(1)]
  3: lbl6->stop, B: C [O(n)]
  3: lbl6->stop, C: C [O(n)]
  3: lbl6->stop, D: 1 [O(1)]
  3: lbl6->stop, E: F [O(n)]
  3: lbl6->stop, F: F [O(n)]
  3: lbl6->stop, G: H [O(n)]
  3: lbl6->stop, H: H [O(n)]
  0: start->stop, A: A [O(n)]
  0: start->stop, B: C [O(n)]
  0: start->stop, C: C [O(n)]
  0: start->stop, D: A [O(n)]
  0: start->stop, E: F [O(n)]
  0: start->stop, F: F [O(n)]
  0: start->stop, G: H [O(n)]
  0: start->stop, H: H [O(n)]
  1: start->lbl6, A: 1 [O(1)]
  1: start->lbl6, B: C [O(n)]
  1: start->lbl6, C: C [O(n)]
  1: start->lbl6, D: 1 [O(1)]
  1: start->lbl6, E: F [O(n)]
  1: start->lbl6, F: F [O(n)]
  1: start->lbl6, G: H [O(n)]
  1: start->lbl6, H: H [O(n)]
  2: start->lbl121, A: 1 [O(1)]
  2: start->lbl121, B: 2 [O(1)]
  2: start->lbl121, C: 2 [O(1)]
  2: start->lbl121, D: 1 [O(1)]
  2: start->lbl121, E: 1 [O(1)]
  2: start->lbl121, F: F [O(n)]
  2: start->lbl121, G: 0 [O(1)]
  2: start->lbl121, H: H [O(n)]
  11: start0->start, A: A [O(n)]
  11: start0->start, B: C [O(n)]
  11: start0->start, C: C [O(n)]
  11: start0->start, D: A [O(n)]
  11: start0->start, E: F [O(n)]
  11: start0->start, F: F [O(n)]
  11: start0->start, G: H [O(n)]
  11: start0->start, H: H [O(n)]
`Upper:
  10: cut->stop, A: A [O(n)]
  10: cut->stop, B: C [O(n)]
  10: cut->stop, C: C [O(n)]
  10: cut->stop, D: A [O(n)]
  10: cut->stop, E: 0 [O(1)]
  10: cut->stop, F: F [O(n)]
  10: cut->stop, G: C [O(n)]
  10: cut->stop, H: H [O(n)]
  5: lbl121->lbl121, A: A [O(n)]
  5: lbl121->lbl121, B: C [O(n)]
  5: lbl121->lbl121, C: C [O(n)]
  5: lbl121->lbl121, D: A [O(n)]
  5: lbl121->lbl121, E: A [O(n)]
  5: lbl121->lbl121, F: F [O(n)]
  5: lbl121->lbl121, G: -1+C [O(n)]
  5: lbl121->lbl121, H: H [O(n)]
  6: lbl121->lbl141, A: A [O(n)]
  6: lbl121->lbl141, B: C [O(n)]
  6: lbl121->lbl141, C: C [O(n)]
  6: lbl121->lbl141, D: A [O(n)]
  6: lbl121->lbl141, E: 0 [O(1)]
  6: lbl121->lbl141, F: F [O(n)]
  6: lbl121->lbl141, G: C [O(n)]
  6: lbl121->lbl141, H: H [O(n)]
  7: lbl141->cut, A: A [O(n)]
  7: lbl141->cut, B: C [O(n)]
  7: lbl141->cut, C: C [O(n)]
  7: lbl141->cut, D: A [O(n)]
  7: lbl141->cut, E: 0 [O(1)]
  7: lbl141->cut, F: F [O(n)]
  7: lbl141->cut, G: C [O(n)]
  7: lbl141->cut, H: H [O(n)]
  8: lbl141->lbl121, A: A [O(n)]
  8: lbl141->lbl121, B: C [O(n)]
  8: lbl141->lbl121, C: C [O(n)]
  8: lbl141->lbl121, D: A [O(n)]
  8: lbl141->lbl121, E: 1 [O(1)]
  8: lbl141->lbl121, F: F [O(n)]
  8: lbl141->lbl121, G: -1+C [O(n)]
  8: lbl141->lbl121, H: H [O(n)]
  3: lbl6->stop, A: A [O(n)]
  3: lbl6->stop, B: A [O(n)]
  3: lbl6->stop, C: A [O(n)]
  3: lbl6->stop, D: A [O(n)]
  3: lbl6->stop, E: F [O(n)]
  3: lbl6->stop, F: F [O(n)]
  3: lbl6->stop, G: H [O(n)]
  3: lbl6->stop, H: H [O(n)]
  0: start->stop, A: 0 [O(1)]
  0: start->stop, B: C [O(n)]
  0: start->stop, C: C [O(n)]
  0: start->stop, D: 0 [O(1)]
  0: start->stop, E: F [O(n)]
  0: start->stop, F: F [O(n)]
  0: start->stop, G: H [O(n)]
  0: start->stop, H: H [O(n)]
  1: start->lbl6, A: A [O(n)]
  1: start->lbl6, B: A [O(n)]
  1: start->lbl6, C: A [O(n)]
  1: start->lbl6, D: A [O(n)]
  1: start->lbl6, E: F [O(n)]
  1: start->lbl6, F: F [O(n)]
  1: start->lbl6, G: H [O(n)]
  1: start->lbl6, H: H [O(n)]
  2: start->lbl121, A: A [O(n)]
  2: start->lbl121, B: C [O(n)]
  2: start->lbl121, C: C [O(n)]
  2: start->lbl121, D: A [O(n)]
  2: start->lbl121, E: 1 [O(1)]
  2: start->lbl121, F: F [O(n)]
  2: start->lbl121, G: 0 [O(1)]
  2: start->lbl121, H: H [O(n)]
  11: start0->start, A: A [O(n)]
  11: start0->start, B: C [O(n)]
  11: start0->start, C: C [O(n)]
  11: start0->start, D: A [O(n)]
  11: start0->start, E: F [O(n)]
  11: start0->start, F: F [O(n)]
  11: start0->start, G: H [O(n)]
  11: start0->start, H: H [O(n)]
