Timebounds: 
  Overall timebound: 6+max{0, -3+G+A+G}+max{0, -1+A+G}+max{0, -2+A+G} [O(n)]
  4: lM1->stop: 1 [O(1)]
  5: lM1->lZZ1: max{0, -3+G+A+G} [O(n)]
  6: lM1->lM1: max{0, -1+A+G} [O(n)]
  9: lZZ1->lM1: max{0, -2+A+G} [O(n)]
  0: start->stop: 1 [O(1)]
  1: start->stop: 1 [O(1)]
  2: start->stop: 1 [O(1)]
  3: start->lM1: 1 [O(1)]
  10: start0->start: 1 [O(1)]

Costbounds:
  Overall costbound: 6+max{0, -1+2*G}+max{0, -1+A+G}+max{0, -2+A+G} [O(n)]
  4: lM1->stop: 1 [O(1)]
  5: lM1->lZZ1: max{0, -1+2*G} [O(n)]
  6: lM1->lM1: max{0, -1+A+G} [O(n)]
  9: lZZ1->lM1: max{0, -2+A+G} [O(n)]
  0: start->stop: 1 [O(1)]
  1: start->stop: 1 [O(1)]
  2: start->stop: 1 [O(1)]
  3: start->lM1: 1 [O(1)]
  10: start0->start: 1 [O(1)]

Sizebounds:
`Lower:
  4: lM1->stop, A: 1 [O(1)]
  4: lM1->stop, B: 1 [O(1)]
  4: lM1->stop, C: -max{0, -C} [O(n)]
  4: lM1->stop, D: 0 [O(1)]
  4: lM1->stop, E: -max{0, -E} [O(n)]
  4: lM1->stop, F: 1 [O(1)]
  4: lM1->stop, G: 1 [O(1)]
  4: lM1->stop, H: 1 [O(1)]
  5: lM1->lZZ1, A: 0 [O(1)]
  5: lM1->lZZ1, B: 0 [O(1)]
  5: lM1->lZZ1, C: -max{0, -C} [O(n)]
  5: lM1->lZZ1, D: 0 [O(1)]
  5: lM1->lZZ1, E: -max{0, -E} [O(n)]
  5: lM1->lZZ1, F: 0 [O(1)]
  5: lM1->lZZ1, G: 2 [O(1)]
  5: lM1->lZZ1, H: 1 [O(1)]
  6: lM1->lM1, A: 0 [O(1)]
  6: lM1->lM1, B: 2 [O(1)]
  6: lM1->lM1, C: -max{0, -C} [O(n)]
  6: lM1->lM1, D: 0 [O(1)]
  6: lM1->lM1, E: -max{0, -E} [O(n)]
  6: lM1->lM1, F: 0 [O(1)]
  6: lM1->lM1, G: 2 [O(1)]
  6: lM1->lM1, H: 2 [O(1)]
  9: lZZ1->lM1, A: 0 [O(1)]
  9: lZZ1->lM1, B: 1 [O(1)]
  9: lZZ1->lM1, C: -max{0, -C} [O(n)]
  9: lZZ1->lM1, D: 0 [O(1)]
  9: lZZ1->lM1, E: -max{0, -E} [O(n)]
  9: lZZ1->lM1, F: 0 [O(1)]
  9: lZZ1->lM1, G: 3 [O(1)]
  9: lZZ1->lM1, H: 2 [O(1)]
  0: start->stop, A: A [O(n)]
  0: start->stop, B: C [O(n)]
  0: start->stop, C: C [O(n)]
  0: start->stop, D: E [O(n)]
  0: start->stop, E: E [O(n)]
  0: start->stop, F: G [O(n)]
  0: start->stop, G: G [O(n)]
  0: start->stop, H: A [O(n)]
  1: start->stop, A: A [O(n)]
  1: start->stop, B: C [O(n)]
  1: start->stop, C: C [O(n)]
  1: start->stop, D: E [O(n)]
  1: start->stop, E: E [O(n)]
  1: start->stop, F: G [O(n)]
  1: start->stop, G: G [O(n)]
  1: start->stop, H: A [O(n)]
  2: start->stop, A: 1 [O(1)]
  2: start->stop, B: 0 [O(1)]
  2: start->stop, C: C [O(n)]
  2: start->stop, D: 0 [O(1)]
  2: start->stop, E: E [O(n)]
  2: start->stop, F: 0 [O(1)]
  2: start->stop, G: 0 [O(1)]
  2: start->stop, H: 1 [O(1)]
  3: start->lM1, A: 1 [O(1)]
  3: start->lM1, B: 1 [O(1)]
  3: start->lM1, C: C [O(n)]
  3: start->lM1, D: 0 [O(1)]
  3: start->lM1, E: E [O(n)]
  3: start->lM1, F: 1 [O(1)]
  3: start->lM1, G: 1 [O(1)]
  3: start->lM1, H: 1 [O(1)]
  10: start0->start, A: A [O(n)]
  10: start0->start, B: C [O(n)]
  10: start0->start, C: C [O(n)]
  10: start0->start, D: E [O(n)]
  10: start0->start, E: E [O(n)]
  10: start0->start, F: G [O(n)]
  10: start0->start, G: G [O(n)]
  10: start0->start, H: A [O(n)]
`Upper:
  4: lM1->stop, A: max{0, A} [O(n)]
  4: lM1->stop, B: max{0, A} [O(n)]
  4: lM1->stop, C: max{0, C} [O(n)]
  4: lM1->stop, D: 0 [O(1)]
  4: lM1->stop, E: max{0, E} [O(n)]
  4: lM1->stop, F: max{0, G} [O(n)]
  4: lM1->stop, G: max{0, G} [O(n)]
  4: lM1->stop, H: max{0, A} [O(n)]
  5: lM1->lZZ1, A: max{0, A} [O(n)]
  5: lM1->lZZ1, B: 0 [O(1)]
  5: lM1->lZZ1, C: max{0, C} [O(n)]
  5: lM1->lZZ1, D: max{0, -1+G} [O(n)]
  5: lM1->lZZ1, E: max{0, E} [O(n)]
  5: lM1->lZZ1, F: max{0, G} [O(n)]
  5: lM1->lZZ1, G: max{0, G} [O(n)]
  5: lM1->lZZ1, H: max{0, A} [O(n)]
  6: lM1->lM1, A: max{0, A} [O(n)]
  6: lM1->lM1, B: max{0, A} [O(n)]
  6: lM1->lM1, C: max{0, C} [O(n)]
  6: lM1->lM1, D: max{0, -1+G} [O(n)]
  6: lM1->lM1, E: max{0, E} [O(n)]
  6: lM1->lM1, F: max{0, G} [O(n)]
  6: lM1->lM1, G: max{0, G} [O(n)]
  6: lM1->lM1, H: max{0, A} [O(n)]
  9: lZZ1->lM1, A: max{0, A} [O(n)]
  9: lZZ1->lM1, B: 1 [O(1)]
  9: lZZ1->lM1, C: max{0, C} [O(n)]
  9: lZZ1->lM1, D: max{0, -1+G} [O(n)]
  9: lZZ1->lM1, E: max{0, E} [O(n)]
  9: lZZ1->lM1, F: max{0, G} [O(n)]
  9: lZZ1->lM1, G: max{0, G} [O(n)]
  9: lZZ1->lM1, H: max{0, A} [O(n)]
  0: start->stop, A: 0 [O(1)]
  0: start->stop, B: C [O(n)]
  0: start->stop, C: C [O(n)]
  0: start->stop, D: E [O(n)]
  0: start->stop, E: E [O(n)]
  0: start->stop, F: G [O(n)]
  0: start->stop, G: G [O(n)]
  0: start->stop, H: 0 [O(1)]
  1: start->stop, A: A [O(n)]
  1: start->stop, B: C [O(n)]
  1: start->stop, C: C [O(n)]
  1: start->stop, D: E [O(n)]
  1: start->stop, E: E [O(n)]
  1: start->stop, F: -1 [O(1)]
  1: start->stop, G: -1 [O(1)]
  1: start->stop, H: A [O(n)]
  2: start->stop, A: A [O(n)]
  2: start->stop, B: 0 [O(1)]
  2: start->stop, C: C [O(n)]
  2: start->stop, D: 0 [O(1)]
  2: start->stop, E: E [O(n)]
  2: start->stop, F: 0 [O(1)]
  2: start->stop, G: 0 [O(1)]
  2: start->stop, H: A [O(n)]
  3: start->lM1, A: A [O(n)]
  3: start->lM1, B: 1 [O(1)]
  3: start->lM1, C: C [O(n)]
  3: start->lM1, D: -1+G [O(n)]
  3: start->lM1, E: E [O(n)]
  3: start->lM1, F: G [O(n)]
  3: start->lM1, G: G [O(n)]
  3: start->lM1, H: A [O(n)]
  10: start0->start, A: A [O(n)]
  10: start0->start, B: C [O(n)]
  10: start0->start, C: C [O(n)]
  10: start0->start, D: E [O(n)]
  10: start0->start, E: E [O(n)]
  10: start0->start, F: G [O(n)]
  10: start0->start, G: G [O(n)]
  10: start0->start, H: A [O(n)]
