Timebounds: 
  Overall timebound: 6+max{0, -1+2*-B+2*C}+max{1, A+C-B} [O(n)]
  4: lbl71->stop: 1 [O(1)]
  5: lbl71->lbl71: max{0, -1+A+C-B} [O(n)]
  7: lbl81->stop: 1 [O(1)]
  9: lbl81->lbl81: max{0, -1+2*-B+2*C} [O(n)]
  0: start->stop: 1 [O(1)]
  1: start->lbl71: 1 [O(1)]
  2: start->stop: 1 [O(1)]
  3: start->lbl81: 1 [O(1)]
  10: start0->start: 1 [O(1)]

Costbounds:
  Overall costbound: 6+max{0, -1+2*-B+2*C}+max{1, A+C-B} [O(n)]
  4: lbl71->stop: 1 [O(1)]
  5: lbl71->lbl71: max{0, -1+A+C-B} [O(n)]
  7: lbl81->stop: 1 [O(1)]
  9: lbl81->lbl81: max{0, -1+2*-B+2*C} [O(n)]
  0: start->stop: 1 [O(1)]
  1: start->lbl71: 1 [O(1)]
  2: start->stop: 1 [O(1)]
  3: start->lbl81: 1 [O(1)]
  10: start0->start: 1 [O(1)]

Sizebounds:
`Lower:
  4: lbl71->stop, A: 1 [O(1)]
  4: lbl71->stop, B: B [O(n)]
  4: lbl71->stop, C: C [O(n)]
  4: lbl71->stop, D: 1+B [O(n)]
  4: lbl71->stop, E: 1 [O(1)]
  4: lbl71->stop, F: F [O(n)]
  4: lbl71->stop, G: C [O(n)]
  4: lbl71->stop, H: I [O(n)]
  4: lbl71->stop, I: I [O(n)]
  4: lbl71->stop, J: 1 [O(1)]
  5: lbl71->lbl71, A: 1 [O(1)]
  5: lbl71->lbl71, B: B [O(n)]
  5: lbl71->lbl71, C: C [O(n)]
  5: lbl71->lbl71, D: 1+B [O(n)]
  5: lbl71->lbl71, E: 1 [O(1)]
  5: lbl71->lbl71, F: F [O(n)]
  5: lbl71->lbl71, G: C [O(n)]
  5: lbl71->lbl71, H: I [O(n)]
  5: lbl71->lbl71, I: I [O(n)]
  5: lbl71->lbl71, J: 1 [O(1)]
  7: lbl81->stop, A: A [O(n)]
  7: lbl81->stop, B: B [O(n)]
  7: lbl81->stop, C: C [O(n)]
  7: lbl81->stop, D: 1+B [O(n)]
  7: lbl81->stop, E: -1 [O(1)]
  7: lbl81->stop, F: F [O(n)]
  7: lbl81->stop, G: C [O(n)]
  7: lbl81->stop, H: I [O(n)]
  7: lbl81->stop, I: I [O(n)]
  7: lbl81->stop, J: A [O(n)]
  9: lbl81->lbl81, A: A [O(n)]
  9: lbl81->lbl81, B: B [O(n)]
  9: lbl81->lbl81, C: C [O(n)]
  9: lbl81->lbl81, D: 1+B [O(n)]
  9: lbl81->lbl81, E: -1 [O(1)]
  9: lbl81->lbl81, F: F [O(n)]
  9: lbl81->lbl81, G: C [O(n)]
  9: lbl81->lbl81, H: I [O(n)]
  9: lbl81->lbl81, I: I [O(n)]
  9: lbl81->lbl81, J: A [O(n)]
  0: start->stop, A: 1 [O(1)]
  0: start->stop, B: B [O(n)]
  0: start->stop, C: C [O(n)]
  0: start->stop, D: B [O(n)]
  0: start->stop, E: 1 [O(1)]
  0: start->stop, F: F [O(n)]
  0: start->stop, G: C [O(n)]
  0: start->stop, H: I [O(n)]
  0: start->stop, I: I [O(n)]
  0: start->stop, J: 1 [O(1)]
  1: start->lbl71, A: 1 [O(1)]
  1: start->lbl71, B: B [O(n)]
  1: start->lbl71, C: C [O(n)]
  1: start->lbl71, D: 1+B [O(n)]
  1: start->lbl71, E: 1 [O(1)]
  1: start->lbl71, F: F [O(n)]
  1: start->lbl71, G: C [O(n)]
  1: start->lbl71, H: I [O(n)]
  1: start->lbl71, I: I [O(n)]
  1: start->lbl71, J: 1 [O(1)]
  2: start->stop, A: A [O(n)]
  2: start->stop, B: B [O(n)]
  2: start->stop, C: C [O(n)]
  2: start->stop, D: B [O(n)]
  2: start->stop, E: -1 [O(1)]
  2: start->stop, F: F [O(n)]
  2: start->stop, G: C [O(n)]
  2: start->stop, H: I [O(n)]
  2: start->stop, I: I [O(n)]
  2: start->stop, J: A [O(n)]
  3: start->lbl81, A: A [O(n)]
  3: start->lbl81, B: B [O(n)]
  3: start->lbl81, C: C [O(n)]
  3: start->lbl81, D: 1+B [O(n)]
  3: start->lbl81, E: -1 [O(1)]
  3: start->lbl81, F: F [O(n)]
  3: start->lbl81, G: C [O(n)]
  3: start->lbl81, H: I [O(n)]
  3: start->lbl81, I: I [O(n)]
  3: start->lbl81, J: A [O(n)]
  10: start0->start, A: A [O(n)]
  10: start0->start, B: B [O(n)]
  10: start0->start, C: C [O(n)]
  10: start0->start, D: B [O(n)]
  10: start0->start, E: F [O(n)]
  10: start0->start, F: F [O(n)]
  10: start0->start, G: C [O(n)]
  10: start0->start, H: I [O(n)]
  10: start0->start, I: I [O(n)]
  10: start0->start, J: A [O(n)]
`Upper:
  4: lbl71->stop, A: A [O(n)]
  4: lbl71->stop, B: B [O(n)]
  4: lbl71->stop, C: C [O(n)]
  4: lbl71->stop, D: max{1+B, 1+B+max{0, -1+A+C-B}} [O(n)]
  4: lbl71->stop, E: 1 [O(1)]
  4: lbl71->stop, F: F [O(n)]
  4: lbl71->stop, G: C [O(n)]
  4: lbl71->stop, H: I [O(n)]
  4: lbl71->stop, I: I [O(n)]
  4: lbl71->stop, J: A [O(n)]
  5: lbl71->lbl71, A: A [O(n)]
  5: lbl71->lbl71, B: B [O(n)]
  5: lbl71->lbl71, C: C [O(n)]
  5: lbl71->lbl71, D: 1+B+max{0, -1+A+C-B} [O(n)]
  5: lbl71->lbl71, E: 1 [O(1)]
  5: lbl71->lbl71, F: F [O(n)]
  5: lbl71->lbl71, G: C [O(n)]
  5: lbl71->lbl71, H: I [O(n)]
  5: lbl71->lbl71, I: I [O(n)]
  5: lbl71->lbl71, J: A [O(n)]
  7: lbl81->stop, A: 0 [O(1)]
  7: lbl81->stop, B: B [O(n)]
  7: lbl81->stop, C: C [O(n)]
  7: lbl81->stop, D: max{1+B, 1+B+max{0, -1+2*-B+2*C}} [O(n)]
  7: lbl81->stop, E: -1 [O(1)]
  7: lbl81->stop, F: F [O(n)]
  7: lbl81->stop, G: C [O(n)]
  7: lbl81->stop, H: I [O(n)]
  7: lbl81->stop, I: I [O(n)]
  7: lbl81->stop, J: 0 [O(1)]
  9: lbl81->lbl81, A: 0 [O(1)]
  9: lbl81->lbl81, B: B [O(n)]
  9: lbl81->lbl81, C: C [O(n)]
  9: lbl81->lbl81, D: 1+B+max{0, -1+2*-B+2*C} [O(n)]
  9: lbl81->lbl81, E: -1 [O(1)]
  9: lbl81->lbl81, F: F [O(n)]
  9: lbl81->lbl81, G: C [O(n)]
  9: lbl81->lbl81, H: I [O(n)]
  9: lbl81->lbl81, I: I [O(n)]
  9: lbl81->lbl81, J: 0 [O(1)]
  0: start->stop, A: A [O(n)]
  0: start->stop, B: B [O(n)]
  0: start->stop, C: C [O(n)]
  0: start->stop, D: B [O(n)]
  0: start->stop, E: 1 [O(1)]
  0: start->stop, F: F [O(n)]
  0: start->stop, G: C [O(n)]
  0: start->stop, H: I [O(n)]
  0: start->stop, I: I [O(n)]
  0: start->stop, J: A [O(n)]
  1: start->lbl71, A: A [O(n)]
  1: start->lbl71, B: B [O(n)]
  1: start->lbl71, C: C [O(n)]
  1: start->lbl71, D: 1+B [O(n)]
  1: start->lbl71, E: 1 [O(1)]
  1: start->lbl71, F: F [O(n)]
  1: start->lbl71, G: C [O(n)]
  1: start->lbl71, H: I [O(n)]
  1: start->lbl71, I: I [O(n)]
  1: start->lbl71, J: A [O(n)]
  2: start->stop, A: 0 [O(1)]
  2: start->stop, B: B [O(n)]
  2: start->stop, C: C [O(n)]
  2: start->stop, D: B [O(n)]
  2: start->stop, E: -1 [O(1)]
  2: start->stop, F: F [O(n)]
  2: start->stop, G: C [O(n)]
  2: start->stop, H: I [O(n)]
  2: start->stop, I: I [O(n)]
  2: start->stop, J: 0 [O(1)]
  3: start->lbl81, A: 0 [O(1)]
  3: start->lbl81, B: B [O(n)]
  3: start->lbl81, C: C [O(n)]
  3: start->lbl81, D: 1+B [O(n)]
  3: start->lbl81, E: -1 [O(1)]
  3: start->lbl81, F: F [O(n)]
  3: start->lbl81, G: C [O(n)]
  3: start->lbl81, H: I [O(n)]
  3: start->lbl81, I: I [O(n)]
  3: start->lbl81, J: 0 [O(1)]
  10: start0->start, A: A [O(n)]
  10: start0->start, B: B [O(n)]
  10: start0->start, C: C [O(n)]
  10: start0->start, D: B [O(n)]
  10: start0->start, E: F [O(n)]
  10: start0->start, F: F [O(n)]
  10: start0->start, G: C [O(n)]
  10: start0->start, H: I [O(n)]
  10: start0->start, I: I [O(n)]
  10: start0->start, J: A [O(n)]
