Timebounds: 
  Overall timebound: 5+max{0, -1+C}+max{4, 2+C} [O(n)]
  10: cut->stop: 1 [O(1)]
  4: lbl111->cut: 1 [O(1)]
  5: lbl111->lbl111: max{0, -2+C} [O(n)]
  7: lbl121->cut: 1 [O(1)]
  8: lbl121->lbl111: 1 [O(1)]
  9: lbl121->lbl121: max{0, -1+C} [O(n)]
  3: lbl6->stop: 1 [O(1)]
  0: start->stop: 1 [O(1)]
  1: start->lbl6: 1 [O(1)]
  2: start->lbl121: 1 [O(1)]
  11: start0->start: 1 [O(1)]

Costbounds:
  Overall costbound: 5+max{0, -1+C}+max{4, 2+C} [O(n)]
  10: cut->stop: 1 [O(1)]
  4: lbl111->cut: 1 [O(1)]
  5: lbl111->lbl111: max{0, -2+C} [O(n)]
  7: lbl121->cut: 1 [O(1)]
  8: lbl121->lbl111: 1 [O(1)]
  9: lbl121->lbl121: max{0, -1+C} [O(n)]
  3: lbl6->stop: 1 [O(1)]
  0: start->stop: 1 [O(1)]
  1: start->lbl6: 1 [O(1)]
  2: start->lbl121: 1 [O(1)]
  11: start0->start: 1 [O(1)]

Sizebounds:
`Lower:
  10: cut->stop, A: 1 [O(1)]
  10: cut->stop, B: 2 [O(1)]
  10: cut->stop, C: 2 [O(1)]
  10: cut->stop, D: 1 [O(1)]
  10: cut->stop, E: 0 [O(1)]
  10: cut->stop, F: F [O(n)]
  4: lbl111->cut, A: 2 [O(1)]
  4: lbl111->cut, B: 3 [O(1)]
  4: lbl111->cut, C: 3 [O(1)]
  4: lbl111->cut, D: 2 [O(1)]
  4: lbl111->cut, E: 0 [O(1)]
  4: lbl111->cut, F: F [O(n)]
  5: lbl111->lbl111, A: 3 [O(1)]
  5: lbl111->lbl111, B: 5 [O(1)]
  5: lbl111->lbl111, C: 5 [O(1)]
  5: lbl111->lbl111, D: 3 [O(1)]
  5: lbl111->lbl111, E: 0 [O(1)]
  5: lbl111->lbl111, F: F [O(n)]
  7: lbl121->cut, A: 1 [O(1)]
  7: lbl121->cut, B: 2 [O(1)]
  7: lbl121->cut, C: 2 [O(1)]
  7: lbl121->cut, D: 1 [O(1)]
  7: lbl121->cut, E: 0 [O(1)]
  7: lbl121->cut, F: F [O(n)]
  8: lbl121->lbl111, A: 2 [O(1)]
  8: lbl121->lbl111, B: 3 [O(1)]
  8: lbl121->lbl111, C: 3 [O(1)]
  8: lbl121->lbl111, D: 2 [O(1)]
  8: lbl121->lbl111, E: 0 [O(1)]
  8: lbl121->lbl111, F: F [O(n)]
  9: lbl121->lbl121, A: 1 [O(1)]
  9: lbl121->lbl121, B: 2 [O(1)]
  9: lbl121->lbl121, C: 2 [O(1)]
  9: lbl121->lbl121, D: 1 [O(1)]
  9: lbl121->lbl121, E: 0 [O(1)]
  9: lbl121->lbl121, F: F [O(n)]
  3: lbl6->stop, A: 1 [O(1)]
  3: lbl6->stop, B: C [O(n)]
  3: lbl6->stop, C: C [O(n)]
  3: lbl6->stop, D: 1 [O(1)]
  3: lbl6->stop, E: F [O(n)]
  3: lbl6->stop, F: F [O(n)]
  0: start->stop, A: A [O(n)]
  0: start->stop, B: C [O(n)]
  0: start->stop, C: C [O(n)]
  0: start->stop, D: A [O(n)]
  0: start->stop, E: F [O(n)]
  0: start->stop, F: F [O(n)]
  1: start->lbl6, A: 1 [O(1)]
  1: start->lbl6, B: C [O(n)]
  1: start->lbl6, C: C [O(n)]
  1: start->lbl6, D: 1 [O(1)]
  1: start->lbl6, E: F [O(n)]
  1: start->lbl6, F: F [O(n)]
  2: start->lbl121, A: 1 [O(1)]
  2: start->lbl121, B: 2 [O(1)]
  2: start->lbl121, C: 2 [O(1)]
  2: start->lbl121, D: 1 [O(1)]
  2: start->lbl121, E: 1 [O(1)]
  2: start->lbl121, F: F [O(n)]
  11: start0->start, A: A [O(n)]
  11: start0->start, B: C [O(n)]
  11: start0->start, C: C [O(n)]
  11: start0->start, D: A [O(n)]
  11: start0->start, E: F [O(n)]
  11: start0->start, F: F [O(n)]
`Upper:
  10: cut->stop, A: A [O(n)]
  10: cut->stop, B: C [O(n)]
  10: cut->stop, C: C [O(n)]
  10: cut->stop, D: A [O(n)]
  10: cut->stop, E: 0 [O(1)]
  10: cut->stop, F: F [O(n)]
  4: lbl111->cut, A: A [O(n)]
  4: lbl111->cut, B: C [O(n)]
  4: lbl111->cut, C: C [O(n)]
  4: lbl111->cut, D: A [O(n)]
  4: lbl111->cut, E: 0 [O(1)]
  4: lbl111->cut, F: F [O(n)]
  5: lbl111->lbl111, A: A [O(n)]
  5: lbl111->lbl111, B: C [O(n)]
  5: lbl111->lbl111, C: C [O(n)]
  5: lbl111->lbl111, D: A [O(n)]
  5: lbl111->lbl111, E: -2+C [O(n)]
  5: lbl111->lbl111, F: F [O(n)]
  7: lbl121->cut, A: A [O(n)]
  7: lbl121->cut, B: C [O(n)]
  7: lbl121->cut, C: C [O(n)]
  7: lbl121->cut, D: A [O(n)]
  7: lbl121->cut, E: 0 [O(1)]
  7: lbl121->cut, F: F [O(n)]
  8: lbl121->lbl111, A: A [O(n)]
  8: lbl121->lbl111, B: C [O(n)]
  8: lbl121->lbl111, C: C [O(n)]
  8: lbl121->lbl111, D: A [O(n)]
  8: lbl121->lbl111, E: -2+C [O(n)]
  8: lbl121->lbl111, F: F [O(n)]
  9: lbl121->lbl121, A: A [O(n)]
  9: lbl121->lbl121, B: C [O(n)]
  9: lbl121->lbl121, C: C [O(n)]
  9: lbl121->lbl121, D: A [O(n)]
  9: lbl121->lbl121, E: -1+C [O(n)]
  9: lbl121->lbl121, F: F [O(n)]
  3: lbl6->stop, A: A [O(n)]
  3: lbl6->stop, B: C [O(n)]
  3: lbl6->stop, C: C [O(n)]
  3: lbl6->stop, D: A [O(n)]
  3: lbl6->stop, E: F [O(n)]
  3: lbl6->stop, F: F [O(n)]
  0: start->stop, A: 0 [O(1)]
  0: start->stop, B: C [O(n)]
  0: start->stop, C: C [O(n)]
  0: start->stop, D: 0 [O(1)]
  0: start->stop, E: F [O(n)]
  0: start->stop, F: F [O(n)]
  1: start->lbl6, A: A [O(n)]
  1: start->lbl6, B: C [O(n)]
  1: start->lbl6, C: C [O(n)]
  1: start->lbl6, D: A [O(n)]
  1: start->lbl6, E: F [O(n)]
  1: start->lbl6, F: F [O(n)]
  2: start->lbl121, A: A [O(n)]
  2: start->lbl121, B: C [O(n)]
  2: start->lbl121, C: C [O(n)]
  2: start->lbl121, D: A [O(n)]
  2: start->lbl121, E: -1+C [O(n)]
  2: start->lbl121, F: F [O(n)]
  11: start0->start, A: A [O(n)]
  11: start0->start, B: C [O(n)]
  11: start0->start, C: C [O(n)]
  11: start0->start, D: A [O(n)]
  11: start0->start, E: F [O(n)]
  11: start0->start, F: F [O(n)]
