Timebounds: 
  Overall timebound: max{6, 1+5+198*C+max{-9999, -99*(1+A)}+max{-99*E, -99*C}} [O(n)]
  3: lbl72->stop: 1 [O(1)]
  4: lbl72->stop: 1 [O(1)]
  5: lbl72->lbl72: max{0, 198*C+max{-9999, -99*(1+A)}+max{-99*E, -99*C}} [O(n)]
  0: start->stop: 1 [O(1)]
  1: start->stop: 1 [O(1)]
  2: start->lbl72: 1 [O(1)]
  6: start0->start: 1 [O(1)]

Costbounds:
  Overall costbound: max{6, 1+5+198*C+max{-9999, -99*(1+A)}+max{-99*E, -99*C}} [O(n)]
  3: lbl72->stop: 1 [O(1)]
  4: lbl72->stop: 1 [O(1)]
  5: lbl72->lbl72: max{0, 198*C+max{-9999, -99*(1+A)}+max{-99*E, -99*C}} [O(n)]
  0: start->stop: 1 [O(1)]
  1: start->stop: 1 [O(1)]
  2: start->lbl72: 1 [O(1)]
  6: start0->start: 1 [O(1)]

Sizebounds:
`Lower:
  3: lbl72->stop, A: -inf [Infinity]
  3: lbl72->stop, B: 100 [O(1)]
  3: lbl72->stop, C: 101 [O(1)]
  3: lbl72->stop, D: -inf [Infinity]
  3: lbl72->stop, E: -inf [Infinity]
  3: lbl72->stop, F: 101 [O(1)]
  3: lbl72->stop, G: -inf [Infinity]
  3: lbl72->stop, H: H [O(n)]
  4: lbl72->stop, A: -inf [Infinity]
  4: lbl72->stop, B: -max{1-C, 1+-C+max{0, 198*C+max{-9999, -99*(1+A)}+max{-99*E, -99*C}}} [O(n)]
  4: lbl72->stop, C: -max{-C, -C+max{0, 198*C+max{-9999, -99*(1+A)}+max{-99*E, -99*C}}} [O(n)]
  4: lbl72->stop, D: -max{-C, -C+max{0, 198*C+max{-9999, -99*(1+A)}+max{-99*E, -99*C}}} [O(n)]
  4: lbl72->stop, E: -inf [Infinity]
  4: lbl72->stop, F: -inf [Infinity]
  4: lbl72->stop, G: -max{1-C, 1+-C+max{0, 198*C+max{-9999, -99*(1+A)}+max{-99*E, -99*C}}} [O(n)]
  4: lbl72->stop, H: H [O(n)]
  5: lbl72->lbl72, A: -inf [Infinity]
  5: lbl72->lbl72, B: -1+C-max{0, 198*C+max{-9999, -99*(1+A)}+max{-99*E, -99*C}} [O(n)]
  5: lbl72->lbl72, C: C [O(n)]
  5: lbl72->lbl72, D: -inf [Infinity]
  5: lbl72->lbl72, E: -inf [Infinity]
  5: lbl72->lbl72, F: -inf [Infinity]
  5: lbl72->lbl72, G: -inf [Infinity]
  5: lbl72->lbl72, H: H [O(n)]
  0: start->stop, A: 101 [O(1)]
  0: start->stop, B: C [O(n)]
  0: start->stop, C: C [O(n)]
  0: start->stop, D: E [O(n)]
  0: start->stop, E: E [O(n)]
  0: start->stop, F: 101 [O(1)]
  0: start->stop, G: H [O(n)]
  0: start->stop, H: H [O(n)]
  1: start->stop, A: A [O(n)]
  1: start->stop, B: C [O(n)]
  1: start->stop, C: C [O(n)]
  1: start->stop, D: 1+C [O(n)]
  1: start->stop, E: 1+C [O(n)]
  1: start->stop, F: A [O(n)]
  1: start->stop, G: H [O(n)]
  1: start->stop, H: H [O(n)]
  2: start->lbl72, A: A [O(n)]
  2: start->lbl72, B: -1+C [O(n)]
  2: start->lbl72, C: C [O(n)]
  2: start->lbl72, D: 1+A [O(n)]
  2: start->lbl72, E: E [O(n)]
  2: start->lbl72, F: E [O(n)]
  2: start->lbl72, G: A [O(n)]
  2: start->lbl72, H: H [O(n)]
  6: start0->start, A: A [O(n)]
  6: start0->start, B: C [O(n)]
  6: start0->start, C: C [O(n)]
  6: start0->start, D: E [O(n)]
  6: start0->start, E: E [O(n)]
  6: start0->start, F: A [O(n)]
  6: start0->start, G: H [O(n)]
  6: start0->start, H: H [O(n)]
`Upper:
  3: lbl72->stop, A: 100 [O(1)]
  3: lbl72->stop, B: -1+C [O(n)]
  3: lbl72->stop, C: C [O(n)]
  3: lbl72->stop, D: 101 [O(1)]
  3: lbl72->stop, E: C [O(n)]
  3: lbl72->stop, F: C [O(n)]
  3: lbl72->stop, G: 100 [O(1)]
  3: lbl72->stop, H: H [O(n)]
  4: lbl72->stop, A: 100 [O(1)]
  4: lbl72->stop, B: 100 [O(1)]
  4: lbl72->stop, C: C [O(n)]
  4: lbl72->stop, D: 101 [O(1)]
  4: lbl72->stop, E: inf [Infinity]
  4: lbl72->stop, F: 101 [O(1)]
  4: lbl72->stop, G: 100 [O(1)]
  4: lbl72->stop, H: H [O(n)]
  5: lbl72->lbl72, A: 100 [O(1)]
  5: lbl72->lbl72, B: -1+C [O(n)]
  5: lbl72->lbl72, C: C [O(n)]
  5: lbl72->lbl72, D: 101 [O(1)]
  5: lbl72->lbl72, E: inf [Infinity]
  5: lbl72->lbl72, F: 101 [O(1)]
  5: lbl72->lbl72, G: 100 [O(1)]
  5: lbl72->lbl72, H: H [O(n)]
  0: start->stop, A: A [O(n)]
  0: start->stop, B: C [O(n)]
  0: start->stop, C: C [O(n)]
  0: start->stop, D: E [O(n)]
  0: start->stop, E: E [O(n)]
  0: start->stop, F: A [O(n)]
  0: start->stop, G: H [O(n)]
  0: start->stop, H: H [O(n)]
  1: start->stop, A: A [O(n)]
  1: start->stop, B: C [O(n)]
  1: start->stop, C: C [O(n)]
  1: start->stop, D: E [O(n)]
  1: start->stop, E: E [O(n)]
  1: start->stop, F: A [O(n)]
  1: start->stop, G: H [O(n)]
  1: start->stop, H: H [O(n)]
  2: start->lbl72, A: 100 [O(1)]
  2: start->lbl72, B: -1+C [O(n)]
  2: start->lbl72, C: C [O(n)]
  2: start->lbl72, D: 101 [O(1)]
  2: start->lbl72, E: C [O(n)]
  2: start->lbl72, F: C [O(n)]
  2: start->lbl72, G: 100 [O(1)]
  2: start->lbl72, H: H [O(n)]
  6: start0->start, A: A [O(n)]
  6: start0->start, B: C [O(n)]
  6: start0->start, C: C [O(n)]
  6: start0->start, D: E [O(n)]
  6: start0->start, E: E [O(n)]
  6: start0->start, F: A [O(n)]
  6: start0->start, G: H [O(n)]
  6: start0->start, H: H [O(n)]
