Timebounds: 
  Overall timebound: 5+max{0, max{-8, -4*A}+max{9, 3*(1+A)}}+max{21, 21+max{-158, -79*A}+max{180, 60*(1+A)}}+max{2, 2+max{-10, -5*A}+max{12, 4*(1+A)}}+max{18, 18+max{-90, -45*A}+max{108, 36*(1+A)}} [O(n)]
  7: lbl82->lbl92: max{2, 2+max{-10, -5*A}+max{12, 4*(1+A)}} [O(n)]
  8: lbl82->lbl82: max{18, 18+max{-90, -45*A}+max{108, 36*(1+A)}} [O(n)]
  3: lbl92->stop: 1 [O(1)]
  4: lbl92->lbl92: max{0, max{-8, -4*A}+max{9, 3*(1+A)}} [O(n)]
  5: lbl92->lbl82: max{21, 21+max{-158, -79*A}+max{180, 60*(1+A)}} [O(n)]
  0: start->stop: 1 [O(1)]
  1: start->lbl92: 1 [O(1)]
  2: start->lbl82: 1 [O(1)]
  9: start0->start: 1 [O(1)]

Costbounds:
  Overall costbound: 5+max{0, max{-8, -4*A}+max{9, 3*(1+A)}}+max{21, 21+max{-158, -79*A}+max{180, 60*(1+A)}}+max{2, 2+max{-10, -5*A}+max{12, 4*(1+A)}}+max{18, 18+max{-90, -45*A}+max{108, 36*(1+A)}} [O(n)]
  7: lbl82->lbl92: max{2, 2+max{-10, -5*A}+max{12, 4*(1+A)}} [O(n)]
  8: lbl82->lbl82: max{18, 18+max{-90, -45*A}+max{108, 36*(1+A)}} [O(n)]
  3: lbl92->stop: 1 [O(1)]
  4: lbl92->lbl92: max{0, max{-8, -4*A}+max{9, 3*(1+A)}} [O(n)]
  5: lbl92->lbl82: max{21, 21+max{-158, -79*A}+max{180, 60*(1+A)}} [O(n)]
  0: start->stop: 1 [O(1)]
  1: start->lbl92: 1 [O(1)]
  2: start->lbl82: 1 [O(1)]
  9: start0->start: 1 [O(1)]

Sizebounds:
`Lower:
  7: lbl82->lbl92, A: -max{-3, -A} [O(n)]
  7: lbl82->lbl92, B: 9 [O(1)]
  7: lbl82->lbl92, C: C [O(n)]
  7: lbl82->lbl92, D: 3 [O(1)]
  7: lbl82->lbl92, E: E [O(n)]
  7: lbl82->lbl92, F: 10 [O(1)]
  7: lbl82->lbl92, G: G [O(n)]
  7: lbl82->lbl92, H: 4 [O(1)]
  8: lbl82->lbl82, A: -max{-3, -A} [O(n)]
  8: lbl82->lbl82, B: 1 [O(1)]
  8: lbl82->lbl82, C: C [O(n)]
  8: lbl82->lbl82, D: -max{-2, -E} [O(n)]
  8: lbl82->lbl82, E: E [O(n)]
  8: lbl82->lbl82, F: 2 [O(1)]
  8: lbl82->lbl82, G: G [O(n)]
  8: lbl82->lbl82, H: 3 [O(1)]
  3: lbl92->stop, A: -max{-3, -A} [O(n)]
  3: lbl92->stop, B: -max{-9, -C} [O(n)]
  3: lbl92->stop, C: C [O(n)]
  3: lbl92->stop, D: 4 [O(1)]
  3: lbl92->stop, E: E [O(n)]
  3: lbl92->stop, F: 10 [O(1)]
  3: lbl92->stop, G: G [O(n)]
  3: lbl92->stop, H: 5 [O(1)]
  4: lbl92->lbl92, A: -max{-3, -A} [O(n)]
  4: lbl92->lbl92, B: -max{-9, -C} [O(n)]
  4: lbl92->lbl92, C: C [O(n)]
  4: lbl92->lbl92, D: -max{-4, -1-A} [O(n)]
  4: lbl92->lbl92, E: E [O(n)]
  4: lbl92->lbl92, F: 0 [O(1)]
  4: lbl92->lbl92, G: G [O(n)]
  4: lbl92->lbl92, H: -max{-4, -1-A} [O(n)]
  5: lbl92->lbl82, A: -max{-3, -A} [O(n)]
  5: lbl92->lbl82, B: 0 [O(1)]
  5: lbl92->lbl82, C: C [O(n)]
  5: lbl92->lbl82, D: 2 [O(1)]
  5: lbl92->lbl82, E: E [O(n)]
  5: lbl92->lbl82, F: 1 [O(1)]
  5: lbl92->lbl82, G: G [O(n)]
  5: lbl92->lbl82, H: 3 [O(1)]
  0: start->stop, A: 5 [O(1)]
  0: start->stop, B: C [O(n)]
  0: start->stop, C: C [O(n)]
  0: start->stop, D: E [O(n)]
  0: start->stop, E: E [O(n)]
  0: start->stop, F: G [O(n)]
  0: start->stop, G: G [O(n)]
  0: start->stop, H: 5 [O(1)]
  1: start->lbl92, A: A [O(n)]
  1: start->lbl92, B: C [O(n)]
  1: start->lbl92, C: C [O(n)]
  1: start->lbl92, D: A [O(n)]
  1: start->lbl92, E: E [O(n)]
  1: start->lbl92, F: 0 [O(1)]
  1: start->lbl92, G: G [O(n)]
  1: start->lbl92, H: 1+A [O(n)]
  2: start->lbl82, A: 3 [O(1)]
  2: start->lbl82, B: 0 [O(1)]
  2: start->lbl82, C: C [O(n)]
  2: start->lbl82, D: E [O(n)]
  2: start->lbl82, E: E [O(n)]
  2: start->lbl82, F: 1 [O(1)]
  2: start->lbl82, G: G [O(n)]
  2: start->lbl82, H: 3 [O(1)]
  9: start0->start, A: A [O(n)]
  9: start0->start, B: C [O(n)]
  9: start0->start, C: C [O(n)]
  9: start0->start, D: E [O(n)]
  9: start0->start, E: E [O(n)]
  9: start0->start, F: G [O(n)]
  9: start0->start, G: G [O(n)]
  9: start0->start, H: A [O(n)]
`Upper:
  7: lbl82->lbl92, A: 4 [O(1)]
  7: lbl82->lbl92, B: 9 [O(1)]
  7: lbl82->lbl92, C: C [O(n)]
  7: lbl82->lbl92, D: 4 [O(1)]
  7: lbl82->lbl92, E: E [O(n)]
  7: lbl82->lbl92, F: 10 [O(1)]
  7: lbl82->lbl92, G: G [O(n)]
  7: lbl82->lbl92, H: 5 [O(1)]
  8: lbl82->lbl82, A: 4 [O(1)]
  8: lbl82->lbl82, B: 9 [O(1)]
  8: lbl82->lbl82, C: C [O(n)]
  8: lbl82->lbl82, D: max{3, E} [O(n)]
  8: lbl82->lbl82, E: E [O(n)]
  8: lbl82->lbl82, F: 10 [O(1)]
  8: lbl82->lbl82, G: G [O(n)]
  8: lbl82->lbl82, H: 4 [O(1)]
  3: lbl92->stop, A: 4 [O(1)]
  3: lbl92->stop, B: max{9, C} [O(n)]
  3: lbl92->stop, C: C [O(n)]
  3: lbl92->stop, D: 4 [O(1)]
  3: lbl92->stop, E: E [O(n)]
  3: lbl92->stop, F: 10 [O(1)]
  3: lbl92->stop, G: G [O(n)]
  3: lbl92->stop, H: 5 [O(1)]
  4: lbl92->lbl92, A: 1 [O(1)]
  4: lbl92->lbl92, B: max{9, C} [O(n)]
  4: lbl92->lbl92, C: C [O(n)]
  4: lbl92->lbl92, D: 2 [O(1)]
  4: lbl92->lbl92, E: E [O(n)]
  4: lbl92->lbl92, F: 0 [O(1)]
  4: lbl92->lbl92, G: G [O(n)]
  4: lbl92->lbl92, H: 3 [O(1)]
  5: lbl92->lbl82, A: 3 [O(1)]
  5: lbl92->lbl82, B: 0 [O(1)]
  5: lbl92->lbl82, C: C [O(n)]
  5: lbl92->lbl82, D: 3 [O(1)]
  5: lbl92->lbl82, E: E [O(n)]
  5: lbl92->lbl82, F: 1 [O(1)]
  5: lbl92->lbl82, G: G [O(n)]
  5: lbl92->lbl82, H: 4 [O(1)]
  0: start->stop, A: A [O(n)]
  0: start->stop, B: C [O(n)]
  0: start->stop, C: C [O(n)]
  0: start->stop, D: E [O(n)]
  0: start->stop, E: E [O(n)]
  0: start->stop, F: G [O(n)]
  0: start->stop, G: G [O(n)]
  0: start->stop, H: A [O(n)]
  1: start->lbl92, A: 2 [O(1)]
  1: start->lbl92, B: C [O(n)]
  1: start->lbl92, C: C [O(n)]
  1: start->lbl92, D: 2 [O(1)]
  1: start->lbl92, E: E [O(n)]
  1: start->lbl92, F: 0 [O(1)]
  1: start->lbl92, G: G [O(n)]
  1: start->lbl92, H: 3 [O(1)]
  2: start->lbl82, A: 4 [O(1)]
  2: start->lbl82, B: 0 [O(1)]
  2: start->lbl82, C: C [O(n)]
  2: start->lbl82, D: E [O(n)]
  2: start->lbl82, E: E [O(n)]
  2: start->lbl82, F: 1 [O(1)]
  2: start->lbl82, G: G [O(n)]
  2: start->lbl82, H: 4 [O(1)]
  9: start0->start, A: A [O(n)]
  9: start0->start, B: C [O(n)]
  9: start0->start, C: C [O(n)]
  9: start0->start, D: E [O(n)]
  9: start0->start, E: E [O(n)]
  9: start0->start, F: G [O(n)]
  9: start0->start, G: G [O(n)]
  9: start0->start, H: A [O(n)]
