Timebounds: 
  Overall timebound: 4+max{0, -1+A}+max{0, A}+max{0, (-1+A)*(-1+A)}+max{0, -1+A} [O(n^2)]
  5: lbl62->lbl72: max{0, A} [O(n)]
  6: lbl62->lbl62: max{0, (-1+A)*(-1+A)}+max{0, -1+A} [O(n^2)]
  2: lbl72->stop: 1 [O(1)]
  4: lbl72->lbl62: max{0, -1+A} [O(n)]
  0: start->stop: 1 [O(1)]
  1: start->lbl62: 1 [O(1)]
  7: start0->start: 1 [O(1)]

Costbounds:
  Overall costbound: 4+max{0, -1+A}+max{0, A}+max{0, (-1+A)*(-1+A)}+max{0, -1+A} [O(n^2)]
  5: lbl62->lbl72: max{0, A} [O(n)]
  6: lbl62->lbl62: max{0, (-1+A)*(-1+A)}+max{0, -1+A} [O(n^2)]
  2: lbl72->stop: 1 [O(1)]
  4: lbl72->lbl62: max{0, -1+A} [O(n)]
  0: start->stop: 1 [O(1)]
  1: start->lbl62: 1 [O(1)]
  7: start0->start: 1 [O(1)]

Sizebounds:
`Lower:
  5: lbl62->lbl72, A: 1 [O(1)]
  5: lbl62->lbl72, B: 0 [O(1)]
  5: lbl62->lbl72, C: C [O(n)]
  5: lbl62->lbl72, D: 0 [O(1)]
  5: lbl62->lbl72, E: E [O(n)]
  5: lbl62->lbl72, F: 1 [O(1)]
  6: lbl62->lbl62, A: 1 [O(1)]
  6: lbl62->lbl62, B: 0 [O(1)]
  6: lbl62->lbl62, C: C [O(n)]
  6: lbl62->lbl62, D: 1 [O(1)]
  6: lbl62->lbl62, E: E [O(n)]
  6: lbl62->lbl62, F: 2 [O(1)]
  2: lbl72->stop, A: 1 [O(1)]
  2: lbl72->stop, B: 0 [O(1)]
  2: lbl72->stop, C: C [O(n)]
  2: lbl72->stop, D: 0 [O(1)]
  2: lbl72->stop, E: E [O(n)]
  2: lbl72->stop, F: 1 [O(1)]
  4: lbl72->lbl62, A: 1 [O(1)]
  4: lbl72->lbl62, B: 1 [O(1)]
  4: lbl72->lbl62, C: C [O(n)]
  4: lbl72->lbl62, D: 1 [O(1)]
  4: lbl72->lbl62, E: E [O(n)]
  4: lbl72->lbl62, F: 2 [O(1)]
  0: start->stop, A: A [O(n)]
  0: start->stop, B: C [O(n)]
  0: start->stop, C: C [O(n)]
  0: start->stop, D: A [O(n)]
  0: start->stop, E: E [O(n)]
  0: start->stop, F: A [O(n)]
  1: start->lbl62, A: 1 [O(1)]
  1: start->lbl62, B: 0 [O(1)]
  1: start->lbl62, C: C [O(n)]
  1: start->lbl62, D: 1 [O(1)]
  1: start->lbl62, E: E [O(n)]
  1: start->lbl62, F: 1 [O(1)]
  7: start0->start, A: A [O(n)]
  7: start0->start, B: C [O(n)]
  7: start0->start, C: C [O(n)]
  7: start0->start, D: E [O(n)]
  7: start0->start, E: E [O(n)]
  7: start0->start, F: A [O(n)]
`Upper:
  5: lbl62->lbl72, A: A [O(n)]
  5: lbl62->lbl72, B: 0 [O(1)]
  5: lbl62->lbl72, C: C [O(n)]
  5: lbl62->lbl72, D: -1+A [O(n)]
  5: lbl62->lbl72, E: E [O(n)]
  5: lbl62->lbl72, F: A [O(n)]
  6: lbl62->lbl62, A: A [O(n)]
  6: lbl62->lbl62, B: -2+A [O(n)]
  6: lbl62->lbl62, C: C [O(n)]
  6: lbl62->lbl62, D: A [O(n)]
  6: lbl62->lbl62, E: E [O(n)]
  6: lbl62->lbl62, F: A [O(n)]
  2: lbl72->stop, A: A [O(n)]
  2: lbl72->stop, B: 0 [O(1)]
  2: lbl72->stop, C: C [O(n)]
  2: lbl72->stop, D: 0 [O(1)]
  2: lbl72->stop, E: E [O(n)]
  2: lbl72->stop, F: A [O(n)]
  4: lbl72->lbl62, A: A [O(n)]
  4: lbl72->lbl62, B: -1+A [O(n)]
  4: lbl72->lbl62, C: C [O(n)]
  4: lbl72->lbl62, D: -1+A [O(n)]
  4: lbl72->lbl62, E: E [O(n)]
  4: lbl72->lbl62, F: A [O(n)]
  0: start->stop, A: 0 [O(1)]
  0: start->stop, B: C [O(n)]
  0: start->stop, C: C [O(n)]
  0: start->stop, D: 0 [O(1)]
  0: start->stop, E: E [O(n)]
  0: start->stop, F: 0 [O(1)]
  1: start->lbl62, A: A [O(n)]
  1: start->lbl62, B: -1+A [O(n)]
  1: start->lbl62, C: C [O(n)]
  1: start->lbl62, D: A [O(n)]
  1: start->lbl62, E: E [O(n)]
  1: start->lbl62, F: A [O(n)]
  7: start0->start, A: A [O(n)]
  7: start0->start, B: C [O(n)]
  7: start0->start, C: C [O(n)]
  7: start0->start, D: E [O(n)]
  7: start0->start, E: E [O(n)]
  7: start0->start, F: A [O(n)]
