Timebounds: 
  Overall timebound: 7+max{0, -1+A}+max{9, 3*C} [O(n)]
  5: lbl81->stop: 1 [O(1)]
  6: lbl81->lbl81: max{8, -1+3*C} [O(n)]
  8: lbl91->stop: 1 [O(1)]
  10: lbl91->lbl91: max{0, -1+A} [O(n)]
  0: start->stop: 1 [O(1)]
  1: start->stop: 1 [O(1)]
  2: start->stop: 1 [O(1)]
  3: start->lbl81: 1 [O(1)]
  4: start->lbl91: 1 [O(1)]
  11: start0->start: 1 [O(1)]

Costbounds:
  Overall costbound: 7+max{0, -1+A}+max{9, 3*C} [O(n)]
  5: lbl81->stop: 1 [O(1)]
  6: lbl81->lbl81: max{8, -1+3*C} [O(n)]
  8: lbl91->stop: 1 [O(1)]
  10: lbl91->lbl91: max{0, -1+A} [O(n)]
  0: start->stop: 1 [O(1)]
  1: start->stop: 1 [O(1)]
  2: start->stop: 1 [O(1)]
  3: start->lbl81: 1 [O(1)]
  4: start->lbl91: 1 [O(1)]
  11: start0->start: 1 [O(1)]

Sizebounds:
`Lower:
  5: lbl81->stop, A: 0 [O(1)]
  5: lbl81->stop, B: 3 [O(1)]
  5: lbl81->stop, C: 3 [O(1)]
  5: lbl81->stop, D: 1 [O(1)]
  6: lbl81->lbl81, A: 0 [O(1)]
  6: lbl81->lbl81, B: 3 [O(1)]
  6: lbl81->lbl81, C: 4 [O(1)]
  6: lbl81->lbl81, D: 2 [O(1)]
  8: lbl91->stop, A: 3 [O(1)]
  8: lbl91->stop, B: 1 [O(1)]
  8: lbl91->stop, C: 0 [O(1)]
  8: lbl91->stop, D: 3 [O(1)]
  10: lbl91->lbl91, A: 3 [O(1)]
  10: lbl91->lbl91, B: 2 [O(1)]
  10: lbl91->lbl91, C: 0 [O(1)]
  10: lbl91->lbl91, D: 4 [O(1)]
  0: start->stop, A: A [O(n)]
  0: start->stop, B: C [O(n)]
  0: start->stop, C: C [O(n)]
  0: start->stop, D: A [O(n)]
  1: start->stop, A: A [O(n)]
  1: start->stop, B: C [O(n)]
  1: start->stop, C: C [O(n)]
  1: start->stop, D: A [O(n)]
  2: start->stop, A: 0 [O(1)]
  2: start->stop, B: 0 [O(1)]
  2: start->stop, C: 0 [O(1)]
  2: start->stop, D: 0 [O(1)]
  3: start->lbl81, A: 0 [O(1)]
  3: start->lbl81, B: 3 [O(1)]
  3: start->lbl81, C: 3 [O(1)]
  3: start->lbl81, D: 1 [O(1)]
  4: start->lbl91, A: 3 [O(1)]
  4: start->lbl91, B: 1 [O(1)]
  4: start->lbl91, C: 0 [O(1)]
  4: start->lbl91, D: 3 [O(1)]
  11: start0->start, A: A [O(n)]
  11: start0->start, B: C [O(n)]
  11: start0->start, C: C [O(n)]
  11: start0->start, D: A [O(n)]
`Upper:
  5: lbl81->stop, A: A [O(n)]
  5: lbl81->stop, B: C [O(n)]
  5: lbl81->stop, C: C [O(n)]
  5: lbl81->stop, D: -2+C [O(n)]
  6: lbl81->lbl81, A: A [O(n)]
  6: lbl81->lbl81, B: C [O(n)]
  6: lbl81->lbl81, C: C [O(n)]
  6: lbl81->lbl81, D: -2+C [O(n)]
  8: lbl91->stop, A: A [O(n)]
  8: lbl91->stop, B: -2+A [O(n)]
  8: lbl91->stop, C: -3+A [O(n)]
  8: lbl91->stop, D: A [O(n)]
  10: lbl91->lbl91, A: A [O(n)]
  10: lbl91->lbl91, B: -2+A [O(n)]
  10: lbl91->lbl91, C: -4+A [O(n)]
  10: lbl91->lbl91, D: A [O(n)]
  0: start->stop, A: -1 [O(1)]
  0: start->stop, B: C [O(n)]
  0: start->stop, C: C [O(n)]
  0: start->stop, D: -1 [O(1)]
  1: start->stop, A: A [O(n)]
  1: start->stop, B: -1 [O(1)]
  1: start->stop, C: -1 [O(1)]
  1: start->stop, D: A [O(n)]
  2: start->stop, A: A [O(n)]
  2: start->stop, B: 2+A [O(n)]
  2: start->stop, C: 2+A [O(n)]
  2: start->stop, D: A [O(n)]
  3: start->lbl81, A: A [O(n)]
  3: start->lbl81, B: C [O(n)]
  3: start->lbl81, C: C [O(n)]
  3: start->lbl81, D: 1+A [O(n)]
  4: start->lbl91, A: A [O(n)]
  4: start->lbl91, B: -2+A [O(n)]
  4: start->lbl91, C: -3+A [O(n)]
  4: start->lbl91, D: A [O(n)]
  11: start0->start, A: A [O(n)]
  11: start0->start, B: C [O(n)]
  11: start0->start, C: C [O(n)]
  11: start0->start, D: A [O(n)]
