Timebounds: 
  Overall timebound: 3+max{0, 1+B-A}+max{1, 2+B-A} [O(n)]
  2: evalfbb1in->evalfbbin: max{0, 1+B-A} [O(n)]
  3: evalfbb1in->evalfreturnin: 1 [O(1)]
  4: evalfbbin->evalfbb1in: max{0, 1+B-A} [O(n)]
  1: evalfentryin->evalfbb1in: 1 [O(1)]
  5: evalfreturnin->evalfstop: 1 [O(1)]
  0: evalfstart->evalfentryin: 1 [O(1)]

Costbounds:
  Overall costbound: 3+max{0, 1+B-A}+max{1, 2+B-A} [O(n)]
  2: evalfbb1in->evalfbbin: max{0, 1+B-A} [O(n)]
  3: evalfbb1in->evalfreturnin: 1 [O(1)]
  4: evalfbbin->evalfbb1in: max{0, 1+B-A} [O(n)]
  1: evalfentryin->evalfbb1in: 1 [O(1)]
  5: evalfreturnin->evalfstop: 1 [O(1)]
  0: evalfstart->evalfentryin: 1 [O(1)]

Sizebounds:
`Lower:
  2: evalfbb1in->evalfbbin, A: B [O(n)]
  2: evalfbb1in->evalfbbin, B: A [O(n)]
  3: evalfbb1in->evalfreturnin, A: B [O(n)]
  3: evalfbb1in->evalfreturnin, B: A [O(n)]
  4: evalfbbin->evalfbb1in, A: B [O(n)]
  4: evalfbbin->evalfbb1in, B: A [O(n)]
  1: evalfentryin->evalfbb1in, A: B [O(n)]
  1: evalfentryin->evalfbb1in, B: A [O(n)]
  5: evalfreturnin->evalfstop, A: B [O(n)]
  5: evalfreturnin->evalfstop, B: A [O(n)]
  0: evalfstart->evalfentryin, A: A [O(n)]
  0: evalfstart->evalfentryin, B: B [O(n)]
`Upper:
  2: evalfbb1in->evalfbbin, A: B [O(n)]
  2: evalfbb1in->evalfbbin, B: A+max{0, 1+B-A} [O(n)]
  3: evalfbb1in->evalfreturnin, A: B [O(n)]
  3: evalfbb1in->evalfreturnin, B: max{A, A+max{0, 1+B-A}} [O(n)]
  4: evalfbbin->evalfbb1in, A: B [O(n)]
  4: evalfbbin->evalfbb1in, B: A+max{0, 1+B-A} [O(n)]
  1: evalfentryin->evalfbb1in, A: B [O(n)]
  1: evalfentryin->evalfbb1in, B: A [O(n)]
  5: evalfreturnin->evalfstop, A: B [O(n)]
  5: evalfreturnin->evalfstop, B: max{A, A+max{0, 1+B-A}} [O(n)]
  0: evalfstart->evalfentryin, A: A [O(n)]
  0: evalfstart->evalfentryin, B: B [O(n)]
