Timebounds: 
  Overall timebound: 3+max{1, 1+(-1+4*B)*max{1, 4*B}}*max{0, 1+max{3*-max{0, -B}, 3*max{0, B}}+max{-4, -2*max{2, 1+4*B}}}+max{1, 1+(-1+4*B)*max{1, 4*B}}*max{0, -2+max{2*-max{0, -B}, 2*max{0, B}}}+max{1, 1+(-1+4*B)*max{1, 4*B}}*max{0, -2+max{5*-max{0, -B}, 5*max{0, B}}}+(max{1, 1+(-1+4*B)*max{1, 4*B}}*max{0, 1+max{3*-max{0, -B}, 3*max{0, B}}+max{-4, -2*max{2, 1+4*B}}}*max{0, -2+max{3*-max{0, -B}, 3*max{0, B}}}+max{0, -2*E})*max{1, 4*B}+max{1, 1+(-1+4*B)*max{1, 4*B}}*max{0, 1+max{3*-max{0, -B}, 3*max{0, B}}+max{-4, -2*max{2, 1+4*B}}}*max{0, -2+max{3*-max{0, -B}, 3*max{0, B}}}+max{1, 1+(-1+4*B)*max{1, 4*B}}+max{3, 3+3*(-1+4*B)*max{1, 4*B}}+max{0, -1+4*B}+max{1, 1+3*B}+max{4, 4+4*(-1+4*B)*max{1, 4*B}}+max{0, -2*E} [O(n^5)]
  2: evalfbb10in->evalfbb8in: max{0, 3*B} [O(n)]
  3: evalfbb10in->evalfreturnin: 1 [O(1)]
  10: evalfbb3in->evalfbb4in: (max{1, 1+(-1+4*B)*max{1, 4*B}}*max{0, 1+max{3*-max{0, -B}, 3*max{0, B}}+max{-4, -2*max{2, 1+4*B}}}*max{0, -2+max{3*-max{0, -B}, 3*max{0, B}}}+max{0, -2*E})*max{1, 4*B} [O(n^5)]
  8: evalfbb4in->evalfbb3in: max{1, 1+(-1+4*B)*max{1, 4*B}}*max{0, 1+max{3*-max{0, -B}, 3*max{0, B}}+max{-4, -2*max{2, 1+4*B}}}*max{0, -2+max{3*-max{0, -B}, 3*max{0, B}}}+max{0, -2*E} [O(n^4)]
  9: evalfbb4in->evalfbb5in: max{1, 1+(-1+4*B)*max{1, 4*B}}*max{0, -2+max{5*-max{0, -B}, 5*max{0, B}}} [O(n^3)]
  11: evalfbb5in->evalfbb6in: max{1, 1+(-1+4*B)*max{1, 4*B}}*max{0, -2+max{2*-max{0, -B}, 2*max{0, B}}} [O(n^3)]
  6: evalfbb6in->evalfbb4in: max{1, 1+(-1+4*B)*max{1, 4*B}}*max{0, 1+max{3*-max{0, -B}, 3*max{0, B}}+max{-4, -2*max{2, 1+4*B}}} [O(n^3)]
  7: evalfbb6in->evalfbb7in: max{3, 3+3*(-1+4*B)*max{1, 4*B}} [O(n^2)]
  12: evalfbb7in->evalfbb8in: max{4, 4+4*(-1+4*B)*max{1, 4*B}} [O(n^2)]
  4: evalfbb8in->evalfbb6in: max{1, 1+(-1+4*B)*max{1, 4*B}} [O(n^2)]
  5: evalfbb8in->evalfbb10in: max{0, -1+4*B} [O(n)]
  1: evalfentryin->evalfbb10in: 1 [O(1)]
  13: evalfreturnin->evalfstop: 1 [O(1)]
  0: evalfstart->evalfentryin: 1 [O(1)]

Costbounds:
  Overall costbound: 3+max{1, 1+(-1+4*B)*max{1, 4*B}}*max{0, 1+max{3*-max{0, -B}, 3*max{0, B}}+max{-4, -2*max{2, 1+4*B}}}+max{1, 1+(-1+4*B)*max{1, 4*B}}*max{0, -2+max{2*-max{0, -B}, 2*max{0, B}}}+max{1, 1+(-1+4*B)*max{1, 4*B}}*max{0, -2+max{5*-max{0, -B}, 5*max{0, B}}}+(max{1, 1+(-1+4*B)*max{1, 4*B}}*max{0, 1+max{3*-max{0, -B}, 3*max{0, B}}+max{-4, -2*max{2, 1+4*B}}}*max{0, -2+max{3*-max{0, -B}, 3*max{0, B}}}+max{0, -2*E})*max{1, 4*B}+max{1, 1+(-1+4*B)*max{1, 4*B}}*max{0, 1+max{3*-max{0, -B}, 3*max{0, B}}+max{-4, -2*max{2, 1+4*B}}}*max{0, -2+max{3*-max{0, -B}, 3*max{0, B}}}+max{1, 1+(-1+4*B)*max{1, 4*B}}+max{3, 3+3*(-1+4*B)*max{1, 4*B}}+max{0, -1+4*B}+max{1, 1+3*B}+max{4, 4+4*(-1+4*B)*max{1, 4*B}}+max{0, -2*E} [O(n^5)]
  2: evalfbb10in->evalfbb8in: max{0, 3*B} [O(n)]
  3: evalfbb10in->evalfreturnin: 1 [O(1)]
  10: evalfbb3in->evalfbb4in: (max{1, 1+(-1+4*B)*max{1, 4*B}}*max{0, 1+max{3*-max{0, -B}, 3*max{0, B}}+max{-4, -2*max{2, 1+4*B}}}*max{0, -2+max{3*-max{0, -B}, 3*max{0, B}}}+max{0, -2*E})*max{1, 4*B} [O(n^5)]
  8: evalfbb4in->evalfbb3in: max{1, 1+(-1+4*B)*max{1, 4*B}}*max{0, 1+max{3*-max{0, -B}, 3*max{0, B}}+max{-4, -2*max{2, 1+4*B}}}*max{0, -2+max{3*-max{0, -B}, 3*max{0, B}}}+max{0, -2*E} [O(n^4)]
  9: evalfbb4in->evalfbb5in: max{1, 1+(-1+4*B)*max{1, 4*B}}*max{0, -2+max{5*-max{0, -B}, 5*max{0, B}}} [O(n^3)]
  11: evalfbb5in->evalfbb6in: max{1, 1+(-1+4*B)*max{1, 4*B}}*max{0, -2+max{2*-max{0, -B}, 2*max{0, B}}} [O(n^3)]
  6: evalfbb6in->evalfbb4in: max{1, 1+(-1+4*B)*max{1, 4*B}}*max{0, 1+max{3*-max{0, -B}, 3*max{0, B}}+max{-4, -2*max{2, 1+4*B}}} [O(n^3)]
  7: evalfbb6in->evalfbb7in: max{3, 3+3*(-1+4*B)*max{1, 4*B}} [O(n^2)]
  12: evalfbb7in->evalfbb8in: max{4, 4+4*(-1+4*B)*max{1, 4*B}} [O(n^2)]
  4: evalfbb8in->evalfbb6in: max{1, 1+(-1+4*B)*max{1, 4*B}} [O(n^2)]
  5: evalfbb8in->evalfbb10in: max{0, -1+4*B} [O(n)]
  1: evalfentryin->evalfbb10in: 1 [O(1)]
  13: evalfreturnin->evalfstop: 1 [O(1)]
  0: evalfstart->evalfentryin: 1 [O(1)]

Sizebounds:
`Lower:
  2: evalfbb10in->evalfbb8in, A: 0 [O(1)]
  2: evalfbb10in->evalfbb8in, B: -max{0, -B} [O(n)]
  2: evalfbb10in->evalfbb8in, C: 1 [O(1)]
  2: evalfbb10in->evalfbb8in, D: -max{0, -2, -D} [O(n)]
  2: evalfbb10in->evalfbb8in, E: -max{0, -3, -E} [O(n)]
  3: evalfbb10in->evalfreturnin, A: 1 [O(1)]
  3: evalfbb10in->evalfreturnin, B: -max{0, -B} [O(n)]
  3: evalfbb10in->evalfreturnin, C: -max{-2, -C} [O(n)]
  3: evalfbb10in->evalfreturnin, D: -max{0, -2, -D} [O(n)]
  3: evalfbb10in->evalfreturnin, E: -max{0, -3, -E} [O(n)]
  10: evalfbb3in->evalfbb4in, A: 0 [O(1)]
  10: evalfbb3in->evalfbb4in, B: -max{0, -B} [O(n)]
  10: evalfbb3in->evalfbb4in, C: 1 [O(1)]
  10: evalfbb3in->evalfbb4in, D: 2 [O(1)]
  10: evalfbb3in->evalfbb4in, E: 2 [O(1)]
  8: evalfbb4in->evalfbb3in, A: 0 [O(1)]
  8: evalfbb4in->evalfbb3in, B: -max{0, -B} [O(n)]
  8: evalfbb4in->evalfbb3in, C: 1 [O(1)]
  8: evalfbb4in->evalfbb3in, D: 2 [O(1)]
  8: evalfbb4in->evalfbb3in, E: 1 [O(1)]
  9: evalfbb4in->evalfbb5in, A: 0 [O(1)]
  9: evalfbb4in->evalfbb5in, B: -max{0, -B} [O(n)]
  9: evalfbb4in->evalfbb5in, C: 1 [O(1)]
  9: evalfbb4in->evalfbb5in, D: 2 [O(1)]
  9: evalfbb4in->evalfbb5in, E: 3 [O(1)]
  11: evalfbb5in->evalfbb6in, A: 0 [O(1)]
  11: evalfbb5in->evalfbb6in, B: -max{0, -B} [O(n)]
  11: evalfbb5in->evalfbb6in, C: 1 [O(1)]
  11: evalfbb5in->evalfbb6in, D: 3 [O(1)]
  11: evalfbb5in->evalfbb6in, E: 3 [O(1)]
  6: evalfbb6in->evalfbb4in, A: 0 [O(1)]
  6: evalfbb6in->evalfbb4in, B: -max{0, -B} [O(n)]
  6: evalfbb6in->evalfbb4in, C: 1 [O(1)]
  6: evalfbb6in->evalfbb4in, D: 2 [O(1)]
  6: evalfbb6in->evalfbb4in, E: 1 [O(1)]
  7: evalfbb6in->evalfbb7in, A: 0 [O(1)]
  7: evalfbb6in->evalfbb7in, B: -max{0, -B} [O(n)]
  7: evalfbb6in->evalfbb7in, C: 1 [O(1)]
  7: evalfbb6in->evalfbb7in, D: 2 [O(1)]
  7: evalfbb6in->evalfbb7in, E: -max{0, -3, -E} [O(n)]
  12: evalfbb7in->evalfbb8in, A: 0 [O(1)]
  12: evalfbb7in->evalfbb8in, B: -max{0, -B} [O(n)]
  12: evalfbb7in->evalfbb8in, C: 2 [O(1)]
  12: evalfbb7in->evalfbb8in, D: 2 [O(1)]
  12: evalfbb7in->evalfbb8in, E: -max{0, -3, -E} [O(n)]
  4: evalfbb8in->evalfbb6in, A: 0 [O(1)]
  4: evalfbb8in->evalfbb6in, B: -max{0, -B} [O(n)]
  4: evalfbb8in->evalfbb6in, C: 1 [O(1)]
  4: evalfbb8in->evalfbb6in, D: 2 [O(1)]
  4: evalfbb8in->evalfbb6in, E: -max{0, -3, -E} [O(n)]
  5: evalfbb8in->evalfbb10in, A: 0 [O(1)]
  5: evalfbb8in->evalfbb10in, B: -max{0, -B} [O(n)]
  5: evalfbb8in->evalfbb10in, C: 2 [O(1)]
  5: evalfbb8in->evalfbb10in, D: -max{0, -2, -D} [O(n)]
  5: evalfbb8in->evalfbb10in, E: -max{0, -3, -E} [O(n)]
  1: evalfentryin->evalfbb10in, A: 1 [O(1)]
  1: evalfentryin->evalfbb10in, B: B [O(n)]
  1: evalfentryin->evalfbb10in, C: C [O(n)]
  1: evalfentryin->evalfbb10in, D: D [O(n)]
  1: evalfentryin->evalfbb10in, E: E [O(n)]
  13: evalfreturnin->evalfstop, A: 1 [O(1)]
  13: evalfreturnin->evalfstop, B: -max{0, -B} [O(n)]
  13: evalfreturnin->evalfstop, C: -max{-2, -C} [O(n)]
  13: evalfreturnin->evalfstop, D: -max{0, -2, -D} [O(n)]
  13: evalfreturnin->evalfstop, E: -max{0, -3, -E} [O(n)]
  0: evalfstart->evalfentryin, A: A [O(n)]
  0: evalfstart->evalfentryin, B: B [O(n)]
  0: evalfstart->evalfentryin, C: C [O(n)]
  0: evalfstart->evalfentryin, D: D [O(n)]
  0: evalfstart->evalfentryin, E: E [O(n)]
`Upper:
  2: evalfbb10in->evalfbb8in, A: max{1, 4*B} [O(n)]
  2: evalfbb10in->evalfbb8in, B: max{0, B} [O(n)]
  2: evalfbb10in->evalfbb8in, C: 1 [O(1)]
  2: evalfbb10in->evalfbb8in, D: max{1, D, 1+B} [O(n)]
  2: evalfbb10in->evalfbb8in, E: max{1, 1, max{E, 1+B}} [O(n)]
  3: evalfbb10in->evalfreturnin, A: max{1, 1, 4*B} [O(n)]
  3: evalfbb10in->evalfreturnin, B: max{0, -1+4*B} [O(n)]
  3: evalfbb10in->evalfreturnin, C: max{2, C, 1+4*B} [O(n)]
  3: evalfbb10in->evalfreturnin, D: max{1, D, max{D, 1+B}} [O(n)]
  3: evalfbb10in->evalfreturnin, E: max{1, 1, max{E, E, 1+B}} [O(n)]
  10: evalfbb3in->evalfbb4in, A: max{1, 4*B} [O(n)]
  10: evalfbb3in->evalfbb4in, B: max{0, B} [O(n)]
  10: evalfbb3in->evalfbb4in, C: max{1, 4*B} [O(n)]
  10: evalfbb3in->evalfbb4in, D: max{0, B} [O(n)]
  10: evalfbb3in->evalfbb4in, E: max{1, 1+B} [O(n)]
  8: evalfbb4in->evalfbb3in, A: max{1, 4*B} [O(n)]
  8: evalfbb4in->evalfbb3in, B: max{0, B} [O(n)]
  8: evalfbb4in->evalfbb3in, C: max{1, 4*B} [O(n)]
  8: evalfbb4in->evalfbb3in, D: max{0, B} [O(n)]
  8: evalfbb4in->evalfbb3in, E: max{0, B} [O(n)]
  9: evalfbb4in->evalfbb5in, A: max{1, 4*B} [O(n)]
  9: evalfbb4in->evalfbb5in, B: max{0, B} [O(n)]
  9: evalfbb4in->evalfbb5in, C: max{1, 4*B} [O(n)]
  9: evalfbb4in->evalfbb5in, D: max{0, B} [O(n)]
  9: evalfbb4in->evalfbb5in, E: max{1, 1, 1+B} [O(n)]
  11: evalfbb5in->evalfbb6in, A: max{1, 4*B} [O(n)]
  11: evalfbb5in->evalfbb6in, B: max{0, B} [O(n)]
  11: evalfbb5in->evalfbb6in, C: max{1, 4*B} [O(n)]
  11: evalfbb5in->evalfbb6in, D: max{1, 1+B} [O(n)]
  11: evalfbb5in->evalfbb6in, E: max{1, 1, 1+B} [O(n)]
  6: evalfbb6in->evalfbb4in, A: max{1, 4*B} [O(n)]
  6: evalfbb6in->evalfbb4in, B: max{0, B} [O(n)]
  6: evalfbb6in->evalfbb4in, C: max{1, 4*B} [O(n)]
  6: evalfbb6in->evalfbb4in, D: max{0, B} [O(n)]
  6: evalfbb6in->evalfbb4in, E: 1 [O(1)]
  7: evalfbb6in->evalfbb7in, A: max{1, 4*B} [O(n)]
  7: evalfbb6in->evalfbb7in, B: max{0, B} [O(n)]
  7: evalfbb6in->evalfbb7in, C: max{1, 4*B} [O(n)]
  7: evalfbb6in->evalfbb7in, D: max{1, 1+B} [O(n)]
  7: evalfbb6in->evalfbb7in, E: max{1, 1, max{E, 1+B}} [O(n)]
  12: evalfbb7in->evalfbb8in, A: max{1, 4*B} [O(n)]
  12: evalfbb7in->evalfbb8in, B: max{0, B} [O(n)]
  12: evalfbb7in->evalfbb8in, C: max{2, 1+4*B} [O(n)]
  12: evalfbb7in->evalfbb8in, D: max{1, 1+B} [O(n)]
  12: evalfbb7in->evalfbb8in, E: max{1, 1, max{E, 1+B}} [O(n)]
  4: evalfbb8in->evalfbb6in, A: max{1, 4*B} [O(n)]
  4: evalfbb8in->evalfbb6in, B: max{0, B} [O(n)]
  4: evalfbb8in->evalfbb6in, C: max{1, 4*B} [O(n)]
  4: evalfbb8in->evalfbb6in, D: max{2, 1+4*B} [O(n)]
  4: evalfbb8in->evalfbb6in, E: max{1, 1, max{E, 1+B}} [O(n)]
  5: evalfbb8in->evalfbb10in, A: max{1, 4*B} [O(n)]
  5: evalfbb8in->evalfbb10in, B: max{0, B} [O(n)]
  5: evalfbb8in->evalfbb10in, C: max{2, 1+4*B} [O(n)]
  5: evalfbb8in->evalfbb10in, D: max{1, D, 1+B} [O(n)]
  5: evalfbb8in->evalfbb10in, E: max{1, 1, max{E, 1+B}} [O(n)]
  1: evalfentryin->evalfbb10in, A: 1 [O(1)]
  1: evalfentryin->evalfbb10in, B: B [O(n)]
  1: evalfentryin->evalfbb10in, C: C [O(n)]
  1: evalfentryin->evalfbb10in, D: D [O(n)]
  1: evalfentryin->evalfbb10in, E: E [O(n)]
  13: evalfreturnin->evalfstop, A: max{1, 1, 4*B} [O(n)]
  13: evalfreturnin->evalfstop, B: max{0, -1+4*B} [O(n)]
  13: evalfreturnin->evalfstop, C: max{2, C, 1+4*B} [O(n)]
  13: evalfreturnin->evalfstop, D: max{1, D, max{D, 1+B}} [O(n)]
  13: evalfreturnin->evalfstop, E: max{1, 1, max{E, E, 1+B}} [O(n)]
  0: evalfstart->evalfentryin, A: A [O(n)]
  0: evalfstart->evalfentryin, B: B [O(n)]
  0: evalfstart->evalfentryin, C: C [O(n)]
  0: evalfstart->evalfentryin, D: D [O(n)]
  0: evalfstart->evalfentryin, E: E [O(n)]
