Timebounds: 
  Overall timebound: 4+2*max{0, -2+3*B}+max{0, -1+2*B}+max{0, (-1+2*B)*(-1+max{3*-max{-1, -D}, 3*D})}+max{0, (-1+2*B)*(-1+max{2*-max{-1, -D}, 2*D})} [O(n^2)]
  6: evalfbb1in->evalfbb2in: max{0, (-1+2*B)*(-1+max{3*-max{-1, -D}, 3*D})} [O(n^2)]
  4: evalfbb2in->evalfbb1in: max{0, (-1+2*B)*(-1+max{2*-max{-1, -D}, 2*D})} [O(n^2)]
  5: evalfbb2in->evalfbb3in: max{0, -2+3*B} [O(n)]
  7: evalfbb3in->evalfbb4in: max{0, -2+3*B} [O(n)]
  2: evalfbb4in->evalfbb2in: max{0, -1+2*B} [O(n)]
  3: evalfbb4in->evalfreturnin: 1 [O(1)]
  1: evalfentryin->evalfbb4in: 1 [O(1)]
  8: evalfreturnin->evalfstop: 1 [O(1)]
  0: evalfstart->evalfentryin: 1 [O(1)]

Costbounds:
  Overall costbound: 4+2*max{0, -2+3*B}+max{0, -1+2*B}+max{0, (-1+2*B)*(-1+max{3*-max{-1, -D}, 3*D})}+max{0, (-1+2*B)*(-1+max{2*-max{-1, -D}, 2*D})} [O(n^2)]
  6: evalfbb1in->evalfbb2in: max{0, (-1+2*B)*(-1+max{3*-max{-1, -D}, 3*D})} [O(n^2)]
  4: evalfbb2in->evalfbb1in: max{0, (-1+2*B)*(-1+max{2*-max{-1, -D}, 2*D})} [O(n^2)]
  5: evalfbb2in->evalfbb3in: max{0, -2+3*B} [O(n)]
  7: evalfbb3in->evalfbb4in: max{0, -2+3*B} [O(n)]
  2: evalfbb4in->evalfbb2in: max{0, -1+2*B} [O(n)]
  3: evalfbb4in->evalfreturnin: 1 [O(1)]
  1: evalfentryin->evalfbb4in: 1 [O(1)]
  8: evalfreturnin->evalfstop: 1 [O(1)]
  0: evalfstart->evalfentryin: 1 [O(1)]

Sizebounds:
`Lower:
  6: evalfbb1in->evalfbb2in, A: 1 [O(1)]
  6: evalfbb1in->evalfbb2in, B: 1 [O(1)]
  6: evalfbb1in->evalfbb2in, C: 2 [O(1)]
  6: evalfbb1in->evalfbb2in, D: 1 [O(1)]
  4: evalfbb2in->evalfbb1in, A: 1 [O(1)]
  4: evalfbb2in->evalfbb1in, B: 1 [O(1)]
  4: evalfbb2in->evalfbb1in, C: 1 [O(1)]
  4: evalfbb2in->evalfbb1in, D: 1 [O(1)]
  5: evalfbb2in->evalfbb3in, A: 1 [O(1)]
  5: evalfbb2in->evalfbb3in, B: 1 [O(1)]
  5: evalfbb2in->evalfbb3in, C: 1 [O(1)]
  5: evalfbb2in->evalfbb3in, D: -max{-1, -D} [O(n)]
  7: evalfbb3in->evalfbb4in, A: 2 [O(1)]
  7: evalfbb3in->evalfbb4in, B: 1 [O(1)]
  7: evalfbb3in->evalfbb4in, C: 1 [O(1)]
  7: evalfbb3in->evalfbb4in, D: -max{-1, -D} [O(n)]
  2: evalfbb4in->evalfbb2in, A: 1 [O(1)]
  2: evalfbb4in->evalfbb2in, B: 1 [O(1)]
  2: evalfbb4in->evalfbb2in, C: 1 [O(1)]
  2: evalfbb4in->evalfbb2in, D: -max{-1, -D} [O(n)]
  3: evalfbb4in->evalfreturnin, A: 1 [O(1)]
  3: evalfbb4in->evalfreturnin, B: -max{-1, -B} [O(n)]
  3: evalfbb4in->evalfreturnin, C: -max{-1, -C} [O(n)]
  3: evalfbb4in->evalfreturnin, D: -max{-1, -D} [O(n)]
  1: evalfentryin->evalfbb4in, A: 1 [O(1)]
  1: evalfentryin->evalfbb4in, B: B [O(n)]
  1: evalfentryin->evalfbb4in, C: C [O(n)]
  1: evalfentryin->evalfbb4in, D: D [O(n)]
  8: evalfreturnin->evalfstop, A: 1 [O(1)]
  8: evalfreturnin->evalfstop, B: -max{-1, -B} [O(n)]
  8: evalfreturnin->evalfstop, C: -max{-1, -C} [O(n)]
  8: evalfreturnin->evalfstop, D: -max{-1, -D} [O(n)]
  0: evalfstart->evalfentryin, A: A [O(n)]
  0: evalfstart->evalfentryin, B: B [O(n)]
  0: evalfstart->evalfentryin, C: C [O(n)]
  0: evalfstart->evalfentryin, D: D [O(n)]
`Upper:
  6: evalfbb1in->evalfbb2in, A: max{1, -1+3*B} [O(n)]
  6: evalfbb1in->evalfbb2in, B: B [O(n)]
  6: evalfbb1in->evalfbb2in, C: max{1, 1+(-1+2*B)*(-1+max{3*-max{-1, -D}, 3*D})} [O(n^2)]
  6: evalfbb1in->evalfbb2in, D: D [O(n)]
  4: evalfbb2in->evalfbb1in, A: max{1, -1+3*B} [O(n)]
  4: evalfbb2in->evalfbb1in, B: B [O(n)]
  4: evalfbb2in->evalfbb1in, C: max{1, 1+(-1+2*B)*(-1+max{3*-max{-1, -D}, 3*D})} [O(n^2)]
  4: evalfbb2in->evalfbb1in, D: D [O(n)]
  5: evalfbb2in->evalfbb3in, A: max{1, -1+3*B} [O(n)]
  5: evalfbb2in->evalfbb3in, B: B [O(n)]
  5: evalfbb2in->evalfbb3in, C: max{1, 1, 1+(-1+2*B)*(-1+max{3*-max{-1, -D}, 3*D})} [O(n^2)]
  5: evalfbb2in->evalfbb3in, D: D [O(n)]
  7: evalfbb3in->evalfbb4in, A: max{1, -1+3*B} [O(n)]
  7: evalfbb3in->evalfbb4in, B: B [O(n)]
  7: evalfbb3in->evalfbb4in, C: max{1, 1, 1+(-1+2*B)*(-1+max{3*-max{-1, -D}, 3*D})} [O(n^2)]
  7: evalfbb3in->evalfbb4in, D: D [O(n)]
  2: evalfbb4in->evalfbb2in, A: max{1, -1+3*B} [O(n)]
  2: evalfbb4in->evalfbb2in, B: B [O(n)]
  2: evalfbb4in->evalfbb2in, C: 1 [O(1)]
  2: evalfbb4in->evalfbb2in, D: D [O(n)]
  3: evalfbb4in->evalfreturnin, A: max{1, 1, -1+3*B} [O(n)]
  3: evalfbb4in->evalfreturnin, B: B [O(n)]
  3: evalfbb4in->evalfreturnin, C: max{1, 1, max{C, 1+(-1+2*B)*(-1+max{3*-max{-1, -D}, 3*D})}} [O(n^2)]
  3: evalfbb4in->evalfreturnin, D: D [O(n)]
  1: evalfentryin->evalfbb4in, A: 1 [O(1)]
  1: evalfentryin->evalfbb4in, B: B [O(n)]
  1: evalfentryin->evalfbb4in, C: C [O(n)]
  1: evalfentryin->evalfbb4in, D: D [O(n)]
  8: evalfreturnin->evalfstop, A: max{1, 1, -1+3*B} [O(n)]
  8: evalfreturnin->evalfstop, B: B [O(n)]
  8: evalfreturnin->evalfstop, C: max{1, 1, max{C, 1+(-1+2*B)*(-1+max{3*-max{-1, -D}, 3*D})}} [O(n^2)]
  8: evalfreturnin->evalfstop, D: D [O(n)]
  0: evalfstart->evalfentryin, A: A [O(n)]
  0: evalfstart->evalfentryin, B: B [O(n)]
  0: evalfstart->evalfentryin, C: C [O(n)]
  0: evalfstart->evalfentryin, D: D [O(n)]
