Timebounds: 
  Overall timebound: 4+2*max{0, (1+2*A)*(-1+max{2*-max{-1, -B}, 2*B})}+max{0, 1+2*A}+max{0, 2*A}+max{0, A} [O(n^2)]
  6: evalfbb1in->evalfbb2in: max{0, (1+2*A)*(-1+max{2*-max{-1, -B}, 2*B})} [O(n^2)]
  4: evalfbb2in->evalfbb1in: max{0, (1+2*A)*(-1+max{2*-max{-1, -B}, 2*B})} [O(n^2)]
  5: evalfbb2in->evalfbb3in: max{0, 2*A} [O(n)]
  7: evalfbb3in->evalfbb4in: max{0, A} [O(n)]
  2: evalfbb4in->evalfbb2in: max{0, 1+2*A} [O(n)]
  3: evalfbb4in->evalfreturnin: 1 [O(1)]
  1: evalfentryin->evalfbb4in: 1 [O(1)]
  8: evalfreturnin->evalfstop: 1 [O(1)]
  0: evalfstart->evalfentryin: 1 [O(1)]

Costbounds:
  Overall costbound: 4+2*max{0, (1+2*A)*(-1+max{2*-max{-1, -B}, 2*B})}+max{0, 1+2*A}+max{0, 2*A}+max{0, A} [O(n^2)]
  6: evalfbb1in->evalfbb2in: max{0, (1+2*A)*(-1+max{2*-max{-1, -B}, 2*B})} [O(n^2)]
  4: evalfbb2in->evalfbb1in: max{0, (1+2*A)*(-1+max{2*-max{-1, -B}, 2*B})} [O(n^2)]
  5: evalfbb2in->evalfbb3in: max{0, 2*A} [O(n)]
  7: evalfbb3in->evalfbb4in: max{0, A} [O(n)]
  2: evalfbb4in->evalfbb2in: max{0, 1+2*A} [O(n)]
  3: evalfbb4in->evalfreturnin: 1 [O(1)]
  1: evalfentryin->evalfbb4in: 1 [O(1)]
  8: evalfreturnin->evalfstop: 1 [O(1)]
  0: evalfstart->evalfentryin: 1 [O(1)]

Sizebounds:
`Lower:
  6: evalfbb1in->evalfbb2in, A: 1 [O(1)]
  6: evalfbb1in->evalfbb2in, B: 1 [O(1)]
  6: evalfbb1in->evalfbb2in, C: 2 [O(1)]
  4: evalfbb2in->evalfbb1in, A: 1 [O(1)]
  4: evalfbb2in->evalfbb1in, B: 1 [O(1)]
  4: evalfbb2in->evalfbb1in, C: 1 [O(1)]
  5: evalfbb2in->evalfbb3in, A: -max{-1, -B} [O(n)]
  5: evalfbb2in->evalfbb3in, B: 1 [O(1)]
  5: evalfbb2in->evalfbb3in, C: 1 [O(1)]
  7: evalfbb3in->evalfbb4in, A: -max{-1, -B} [O(n)]
  7: evalfbb3in->evalfbb4in, B: 0 [O(1)]
  7: evalfbb3in->evalfbb4in, C: 1 [O(1)]
  2: evalfbb4in->evalfbb2in, A: -max{-1, -B} [O(n)]
  2: evalfbb4in->evalfbb2in, B: 1 [O(1)]
  2: evalfbb4in->evalfbb2in, C: 1 [O(1)]
  3: evalfbb4in->evalfreturnin, A: -max{-1, -B} [O(n)]
  3: evalfbb4in->evalfreturnin, B: -max{0, -A} [O(n)]
  3: evalfbb4in->evalfreturnin, C: -max{-1, -C} [O(n)]
  1: evalfentryin->evalfbb4in, A: B [O(n)]
  1: evalfentryin->evalfbb4in, B: A [O(n)]
  1: evalfentryin->evalfbb4in, C: C [O(n)]
  8: evalfreturnin->evalfstop, A: -max{-1, -B} [O(n)]
  8: evalfreturnin->evalfstop, B: -max{0, -A} [O(n)]
  8: evalfreturnin->evalfstop, C: -max{-1, -C} [O(n)]
  0: evalfstart->evalfentryin, A: A [O(n)]
  0: evalfstart->evalfentryin, B: B [O(n)]
  0: evalfstart->evalfentryin, C: C [O(n)]
`Upper:
  6: evalfbb1in->evalfbb2in, A: B [O(n)]
  6: evalfbb1in->evalfbb2in, B: A [O(n)]
  6: evalfbb1in->evalfbb2in, C: max{1, 1+(1+2*A)*(-1+max{2*-max{-1, -B}, 2*B})} [O(n^2)]
  4: evalfbb2in->evalfbb1in, A: B [O(n)]
  4: evalfbb2in->evalfbb1in, B: A [O(n)]
  4: evalfbb2in->evalfbb1in, C: max{1, 1+(1+2*A)*(-1+max{2*-max{-1, -B}, 2*B})} [O(n^2)]
  5: evalfbb2in->evalfbb3in, A: B [O(n)]
  5: evalfbb2in->evalfbb3in, B: A [O(n)]
  5: evalfbb2in->evalfbb3in, C: max{1, 1, 1+(1+2*A)*(-1+max{2*-max{-1, -B}, 2*B})} [O(n^2)]
  7: evalfbb3in->evalfbb4in, A: B [O(n)]
  7: evalfbb3in->evalfbb4in, B: A [O(n)]
  7: evalfbb3in->evalfbb4in, C: max{1, 1, 1+(1+2*A)*(-1+max{2*-max{-1, -B}, 2*B})} [O(n^2)]
  2: evalfbb4in->evalfbb2in, A: B [O(n)]
  2: evalfbb4in->evalfbb2in, B: A [O(n)]
  2: evalfbb4in->evalfbb2in, C: 1 [O(1)]
  3: evalfbb4in->evalfreturnin, A: B [O(n)]
  3: evalfbb4in->evalfreturnin, B: 0 [O(1)]
  3: evalfbb4in->evalfreturnin, C: max{1, 1, max{C, 1+(1+2*A)*(-1+max{2*-max{-1, -B}, 2*B})}} [O(n^2)]
  1: evalfentryin->evalfbb4in, A: B [O(n)]
  1: evalfentryin->evalfbb4in, B: A [O(n)]
  1: evalfentryin->evalfbb4in, C: C [O(n)]
  8: evalfreturnin->evalfstop, A: B [O(n)]
  8: evalfreturnin->evalfstop, B: 0 [O(1)]
  8: evalfreturnin->evalfstop, C: max{1, 1, max{C, 1+(1+2*A)*(-1+max{2*-max{-1, -B}, 2*B})}} [O(n^2)]
  0: evalfstart->evalfentryin, A: A [O(n)]
  0: evalfstart->evalfentryin, B: B [O(n)]
  0: evalfstart->evalfentryin, C: C [O(n)]
