Timebounds: 
  Overall timebound: 4+2*max{0, A}+2*max{0, B*(1+2*A)}+max{0, 1+2*A} [O(n^2)]
  6: evalfbb1in->evalfbb2in: max{0, B*(1+2*A)} [O(n^2)]
  4: evalfbb2in->evalfbb1in: max{0, B*(1+2*A)} [O(n^2)]
  5: evalfbb2in->evalfbb3in: max{0, A} [O(n)]
  7: evalfbb3in->evalfbb4in: max{0, A} [O(n)]
  2: evalfbb4in->evalfbb2in: max{0, 1+2*A} [O(n)]
  3: evalfbb4in->evalfreturnin: 1 [O(1)]
  1: evalfentryin->evalfbb4in: 1 [O(1)]
  8: evalfreturnin->evalfstop: 1 [O(1)]
  0: evalfstart->evalfentryin: 1 [O(1)]

Costbounds:
  Overall costbound: 4+2*max{0, A}+2*max{0, B*(1+2*A)}+max{0, 1+2*A} [O(n^2)]
  6: evalfbb1in->evalfbb2in: max{0, B*(1+2*A)} [O(n^2)]
  4: evalfbb2in->evalfbb1in: max{0, B*(1+2*A)} [O(n^2)]
  5: evalfbb2in->evalfbb3in: max{0, A} [O(n)]
  7: evalfbb3in->evalfbb4in: max{0, A} [O(n)]
  2: evalfbb4in->evalfbb2in: max{0, 1+2*A} [O(n)]
  3: evalfbb4in->evalfreturnin: 1 [O(1)]
  1: evalfentryin->evalfbb4in: 1 [O(1)]
  8: evalfreturnin->evalfstop: 1 [O(1)]
  0: evalfstart->evalfentryin: 1 [O(1)]

Sizebounds:
`Lower:
  6: evalfbb1in->evalfbb2in, A: -max{0, -B} [O(n)]
  6: evalfbb1in->evalfbb2in, B: -max{0, -A} [O(n)]
  6: evalfbb1in->evalfbb2in, C: 0 [O(1)]
  4: evalfbb2in->evalfbb1in, A: -max{0, -B} [O(n)]
  4: evalfbb2in->evalfbb1in, B: -max{0, -A} [O(n)]
  4: evalfbb2in->evalfbb1in, C: 1 [O(1)]
  5: evalfbb2in->evalfbb3in, A: -max{0, -B} [O(n)]
  5: evalfbb2in->evalfbb3in, B: -max{0, -A} [O(n)]
  5: evalfbb2in->evalfbb3in, C: -max{0, -B} [O(n)]
  7: evalfbb3in->evalfbb4in, A: -max{0, -B} [O(n)]
  7: evalfbb3in->evalfbb4in, B: -max{0, -A} [O(n)]
  7: evalfbb3in->evalfbb4in, C: -max{0, -B} [O(n)]
  2: evalfbb4in->evalfbb2in, A: -max{0, -B} [O(n)]
  2: evalfbb4in->evalfbb2in, B: -max{0, -A} [O(n)]
  2: evalfbb4in->evalfbb2in, C: -max{0, -B} [O(n)]
  3: evalfbb4in->evalfreturnin, A: -max{0, -B} [O(n)]
  3: evalfbb4in->evalfreturnin, B: -max{0, -A} [O(n)]
  3: evalfbb4in->evalfreturnin, C: -max{0, -C, -B} [O(n)]
  1: evalfentryin->evalfbb4in, A: B [O(n)]
  1: evalfentryin->evalfbb4in, B: A [O(n)]
  1: evalfentryin->evalfbb4in, C: C [O(n)]
  8: evalfreturnin->evalfstop, A: -max{0, -B} [O(n)]
  8: evalfreturnin->evalfstop, B: -max{0, -A} [O(n)]
  8: evalfreturnin->evalfstop, C: -max{0, -C, -B} [O(n)]
  0: evalfstart->evalfentryin, A: A [O(n)]
  0: evalfstart->evalfentryin, B: B [O(n)]
  0: evalfstart->evalfentryin, C: C [O(n)]
`Upper:
  6: evalfbb1in->evalfbb2in, A: max{0, B} [O(n)]
  6: evalfbb1in->evalfbb2in, B: max{0, A} [O(n)]
  6: evalfbb1in->evalfbb2in, C: max{-1, -1+B} [O(n)]
  4: evalfbb2in->evalfbb1in, A: max{0, B} [O(n)]
  4: evalfbb2in->evalfbb1in, B: max{0, A} [O(n)]
  4: evalfbb2in->evalfbb1in, C: max{0, B} [O(n)]
  5: evalfbb2in->evalfbb3in, A: max{0, B} [O(n)]
  5: evalfbb2in->evalfbb3in, B: max{0, A} [O(n)]
  5: evalfbb2in->evalfbb3in, C: 0 [O(1)]
  7: evalfbb3in->evalfbb4in, A: max{0, B} [O(n)]
  7: evalfbb3in->evalfbb4in, B: max{0, A} [O(n)]
  7: evalfbb3in->evalfbb4in, C: 0 [O(1)]
  2: evalfbb4in->evalfbb2in, A: max{0, B} [O(n)]
  2: evalfbb4in->evalfbb2in, B: max{0, A} [O(n)]
  2: evalfbb4in->evalfbb2in, C: max{0, B} [O(n)]
  3: evalfbb4in->evalfreturnin, A: max{0, B} [O(n)]
  3: evalfbb4in->evalfreturnin, B: 0 [O(1)]
  3: evalfbb4in->evalfreturnin, C: max{0, C} [O(n)]
  1: evalfentryin->evalfbb4in, A: B [O(n)]
  1: evalfentryin->evalfbb4in, B: A [O(n)]
  1: evalfentryin->evalfbb4in, C: C [O(n)]
  8: evalfreturnin->evalfstop, A: max{0, B} [O(n)]
  8: evalfreturnin->evalfstop, B: 0 [O(1)]
  8: evalfreturnin->evalfstop, C: max{0, C} [O(n)]
  0: evalfstart->evalfentryin, A: A [O(n)]
  0: evalfstart->evalfentryin, B: B [O(n)]
  0: evalfstart->evalfentryin, C: C [O(n)]
