Timebounds: 
  Overall timebound: inf [Infinity]
  6: evalfbb1in->evalfbb3in: max{0, (1+B-A)*(1+2*D+-2*C)} [O(n^2)]
  9: evalfbb2in->evalfbb3in: inf [Infinity]
  7: evalfbb3in->evalfbb2in: inf [Infinity]
  8: evalfbb3in->evalfbb4in: max{0, (1+B-A)*(1+D-C)} [O(n^2)]
  10: evalfbb4in->evalfbb5in: max{0, (1+B-A)*(1+D-C)} [O(n^2)]
  4: evalfbb5in->evalfbb1in: max{0, (1+B-A)*(1+2*D+-2*C)} [O(n^2)]
  5: evalfbb5in->evalfbb6in: max{0, 1+2*B+-2*A} [O(n)]
  11: evalfbb6in->evalfbb7in: max{0, 1+B-A} [O(n)]
  2: evalfbb7in->evalfbb5in: max{0, 1+B-A} [O(n)]
  3: evalfbb7in->evalfreturnin: 1 [O(1)]
  1: evalfentryin->evalfbb7in: 1 [O(1)]
  12: evalfreturnin->evalfstop: 1 [O(1)]
  0: evalfstart->evalfentryin: 1 [O(1)]

Costbounds:
  Overall costbound: inf [Infinity]
  6: evalfbb1in->evalfbb3in: max{0, (1+B-A)*(1+2*D+-2*C)} [O(n^2)]
  9: evalfbb2in->evalfbb3in: inf [Infinity]
  7: evalfbb3in->evalfbb2in: inf [Infinity]
  8: evalfbb3in->evalfbb4in: max{0, (1+B-A)*(1+D-C)} [O(n^2)]
  10: evalfbb4in->evalfbb5in: max{0, (1+B-A)*(1+D-C)} [O(n^2)]
  4: evalfbb5in->evalfbb1in: max{0, (1+B-A)*(1+2*D+-2*C)} [O(n^2)]
  5: evalfbb5in->evalfbb6in: max{0, 1+2*B+-2*A} [O(n)]
  11: evalfbb6in->evalfbb7in: max{0, 1+B-A} [O(n)]
  2: evalfbb7in->evalfbb5in: max{0, 1+B-A} [O(n)]
  3: evalfbb7in->evalfreturnin: 1 [O(1)]
  1: evalfentryin->evalfbb7in: 1 [O(1)]
  12: evalfreturnin->evalfstop: 1 [O(1)]
  0: evalfstart->evalfentryin: 1 [O(1)]

Sizebounds:
`Lower:
  6: evalfbb1in->evalfbb3in, A: B [O(n)]
  6: evalfbb1in->evalfbb3in, B: C [O(n)]
  6: evalfbb1in->evalfbb3in, C: D [O(n)]
  6: evalfbb1in->evalfbb3in, D: -inf [Infinity]
  6: evalfbb1in->evalfbb3in, E: C [O(n)]
  6: evalfbb1in->evalfbb3in, F: -inf [Infinity]
  9: evalfbb2in->evalfbb3in, A: B [O(n)]
  9: evalfbb2in->evalfbb3in, B: C [O(n)]
  9: evalfbb2in->evalfbb3in, C: D [O(n)]
  9: evalfbb2in->evalfbb3in, D: -inf [Infinity]
  9: evalfbb2in->evalfbb3in, E: C [O(n)]
  9: evalfbb2in->evalfbb3in, F: -inf [Infinity]
  7: evalfbb3in->evalfbb2in, A: B [O(n)]
  7: evalfbb3in->evalfbb2in, B: C [O(n)]
  7: evalfbb3in->evalfbb2in, C: D [O(n)]
  7: evalfbb3in->evalfbb2in, D: -inf [Infinity]
  7: evalfbb3in->evalfbb2in, E: C [O(n)]
  7: evalfbb3in->evalfbb2in, F: -inf [Infinity]
  8: evalfbb3in->evalfbb4in, A: B [O(n)]
  8: evalfbb3in->evalfbb4in, B: C [O(n)]
  8: evalfbb3in->evalfbb4in, C: D [O(n)]
  8: evalfbb3in->evalfbb4in, D: -inf [Infinity]
  8: evalfbb3in->evalfbb4in, E: C [O(n)]
  8: evalfbb3in->evalfbb4in, F: -inf [Infinity]
  10: evalfbb4in->evalfbb5in, A: B [O(n)]
  10: evalfbb4in->evalfbb5in, B: C [O(n)]
  10: evalfbb4in->evalfbb5in, C: D [O(n)]
  10: evalfbb4in->evalfbb5in, D: -inf [Infinity]
  10: evalfbb4in->evalfbb5in, E: 1+C [O(n)]
  10: evalfbb4in->evalfbb5in, F: -inf [Infinity]
  4: evalfbb5in->evalfbb1in, A: B [O(n)]
  4: evalfbb5in->evalfbb1in, B: C [O(n)]
  4: evalfbb5in->evalfbb1in, C: D [O(n)]
  4: evalfbb5in->evalfbb1in, D: -inf [Infinity]
  4: evalfbb5in->evalfbb1in, E: C [O(n)]
  4: evalfbb5in->evalfbb1in, F: -inf [Infinity]
  5: evalfbb5in->evalfbb6in, A: B [O(n)]
  5: evalfbb5in->evalfbb6in, B: C [O(n)]
  5: evalfbb5in->evalfbb6in, C: D [O(n)]
  5: evalfbb5in->evalfbb6in, D: -inf [Infinity]
  5: evalfbb5in->evalfbb6in, E: C [O(n)]
  5: evalfbb5in->evalfbb6in, F: -inf [Infinity]
  11: evalfbb6in->evalfbb7in, A: B [O(n)]
  11: evalfbb6in->evalfbb7in, B: C [O(n)]
  11: evalfbb6in->evalfbb7in, C: D [O(n)]
  11: evalfbb6in->evalfbb7in, D: -inf [Infinity]
  11: evalfbb6in->evalfbb7in, E: C [O(n)]
  11: evalfbb6in->evalfbb7in, F: -inf [Infinity]
  2: evalfbb7in->evalfbb5in, A: B [O(n)]
  2: evalfbb7in->evalfbb5in, B: C [O(n)]
  2: evalfbb7in->evalfbb5in, C: D [O(n)]
  2: evalfbb7in->evalfbb5in, D: -inf [Infinity]
  2: evalfbb7in->evalfbb5in, E: C [O(n)]
  2: evalfbb7in->evalfbb5in, F: -inf [Infinity]
  3: evalfbb7in->evalfreturnin, A: B [O(n)]
  3: evalfbb7in->evalfreturnin, B: C [O(n)]
  3: evalfbb7in->evalfreturnin, C: D [O(n)]
  3: evalfbb7in->evalfreturnin, D: 1+B [O(n)]
  3: evalfbb7in->evalfreturnin, E: -max{-E, -C} [O(n)]
  3: evalfbb7in->evalfreturnin, F: -inf [Infinity]
  1: evalfentryin->evalfbb7in, A: B [O(n)]
  1: evalfentryin->evalfbb7in, B: C [O(n)]
  1: evalfentryin->evalfbb7in, C: D [O(n)]
  1: evalfentryin->evalfbb7in, D: A [O(n)]
  1: evalfentryin->evalfbb7in, E: E [O(n)]
  1: evalfentryin->evalfbb7in, F: F [O(n)]
  12: evalfreturnin->evalfstop, A: B [O(n)]
  12: evalfreturnin->evalfstop, B: C [O(n)]
  12: evalfreturnin->evalfstop, C: D [O(n)]
  12: evalfreturnin->evalfstop, D: 1+B [O(n)]
  12: evalfreturnin->evalfstop, E: -max{-E, -C} [O(n)]
  12: evalfreturnin->evalfstop, F: -inf [Infinity]
  0: evalfstart->evalfentryin, A: A [O(n)]
  0: evalfstart->evalfentryin, B: B [O(n)]
  0: evalfstart->evalfentryin, C: C [O(n)]
  0: evalfstart->evalfentryin, D: D [O(n)]
  0: evalfstart->evalfentryin, E: E [O(n)]
  0: evalfstart->evalfentryin, F: F [O(n)]
`Upper:
  6: evalfbb1in->evalfbb3in, A: B [O(n)]
  6: evalfbb1in->evalfbb3in, B: C [O(n)]
  6: evalfbb1in->evalfbb3in, C: D [O(n)]
  6: evalfbb1in->evalfbb3in, D: B [O(n)]
  6: evalfbb1in->evalfbb3in, E: D [O(n)]
  6: evalfbb1in->evalfbb3in, F: B-C [O(n)]
  9: evalfbb2in->evalfbb3in, A: B [O(n)]
  9: evalfbb2in->evalfbb3in, B: C [O(n)]
  9: evalfbb2in->evalfbb3in, C: D [O(n)]
  9: evalfbb2in->evalfbb3in, D: B [O(n)]
  9: evalfbb2in->evalfbb3in, E: D [O(n)]
  9: evalfbb2in->evalfbb3in, F: inf [Infinity]
  7: evalfbb3in->evalfbb2in, A: B [O(n)]
  7: evalfbb3in->evalfbb2in, B: C [O(n)]
  7: evalfbb3in->evalfbb2in, C: D [O(n)]
  7: evalfbb3in->evalfbb2in, D: B [O(n)]
  7: evalfbb3in->evalfbb2in, E: D [O(n)]
  7: evalfbb3in->evalfbb2in, F: inf [Infinity]
  8: evalfbb3in->evalfbb4in, A: B [O(n)]
  8: evalfbb3in->evalfbb4in, B: C [O(n)]
  8: evalfbb3in->evalfbb4in, C: D [O(n)]
  8: evalfbb3in->evalfbb4in, D: B [O(n)]
  8: evalfbb3in->evalfbb4in, E: D [O(n)]
  8: evalfbb3in->evalfbb4in, F: inf [Infinity]
  10: evalfbb4in->evalfbb5in, A: B [O(n)]
  10: evalfbb4in->evalfbb5in, B: C [O(n)]
  10: evalfbb4in->evalfbb5in, C: D [O(n)]
  10: evalfbb4in->evalfbb5in, D: B [O(n)]
  10: evalfbb4in->evalfbb5in, E: 1+D [O(n)]
  10: evalfbb4in->evalfbb5in, F: inf [Infinity]
  4: evalfbb5in->evalfbb1in, A: B [O(n)]
  4: evalfbb5in->evalfbb1in, B: C [O(n)]
  4: evalfbb5in->evalfbb1in, C: D [O(n)]
  4: evalfbb5in->evalfbb1in, D: B [O(n)]
  4: evalfbb5in->evalfbb1in, E: D [O(n)]
  4: evalfbb5in->evalfbb1in, F: inf [Infinity]
  5: evalfbb5in->evalfbb6in, A: B [O(n)]
  5: evalfbb5in->evalfbb6in, B: C [O(n)]
  5: evalfbb5in->evalfbb6in, C: D [O(n)]
  5: evalfbb5in->evalfbb6in, D: B [O(n)]
  5: evalfbb5in->evalfbb6in, E: max{C, 1+D} [O(n)]
  5: evalfbb5in->evalfbb6in, F: inf [Infinity]
  11: evalfbb6in->evalfbb7in, A: B [O(n)]
  11: evalfbb6in->evalfbb7in, B: C [O(n)]
  11: evalfbb6in->evalfbb7in, C: D [O(n)]
  11: evalfbb6in->evalfbb7in, D: 1+B [O(n)]
  11: evalfbb6in->evalfbb7in, E: max{C, 1+D} [O(n)]
  11: evalfbb6in->evalfbb7in, F: inf [Infinity]
  2: evalfbb7in->evalfbb5in, A: B [O(n)]
  2: evalfbb7in->evalfbb5in, B: C [O(n)]
  2: evalfbb7in->evalfbb5in, C: D [O(n)]
  2: evalfbb7in->evalfbb5in, D: B [O(n)]
  2: evalfbb7in->evalfbb5in, E: C [O(n)]
  2: evalfbb7in->evalfbb5in, F: inf [Infinity]
  3: evalfbb7in->evalfreturnin, A: B [O(n)]
  3: evalfbb7in->evalfreturnin, B: C [O(n)]
  3: evalfbb7in->evalfreturnin, C: D [O(n)]
  3: evalfbb7in->evalfreturnin, D: max{A, 1+B} [O(n)]
  3: evalfbb7in->evalfreturnin, E: max{E, C, 1+D} [O(n)]
  3: evalfbb7in->evalfreturnin, F: inf [Infinity]
  1: evalfentryin->evalfbb7in, A: B [O(n)]
  1: evalfentryin->evalfbb7in, B: C [O(n)]
  1: evalfentryin->evalfbb7in, C: D [O(n)]
  1: evalfentryin->evalfbb7in, D: A [O(n)]
  1: evalfentryin->evalfbb7in, E: E [O(n)]
  1: evalfentryin->evalfbb7in, F: F [O(n)]
  12: evalfreturnin->evalfstop, A: B [O(n)]
  12: evalfreturnin->evalfstop, B: C [O(n)]
  12: evalfreturnin->evalfstop, C: D [O(n)]
  12: evalfreturnin->evalfstop, D: max{A, 1+B} [O(n)]
  12: evalfreturnin->evalfstop, E: max{E, C, 1+D} [O(n)]
  12: evalfreturnin->evalfstop, F: inf [Infinity]
  0: evalfstart->evalfentryin, A: A [O(n)]
  0: evalfstart->evalfentryin, B: B [O(n)]
  0: evalfstart->evalfentryin, C: C [O(n)]
  0: evalfstart->evalfentryin, D: D [O(n)]
  0: evalfstart->evalfentryin, E: E [O(n)]
  0: evalfstart->evalfentryin, F: F [O(n)]
