Timebounds: 
  Overall timebound: inf [Infinity]
  0: a->b: 1 [O(1)]
  1: b->c: max{0, 1+C+B-D} [O(n)]

Costbounds:
  Overall costbound: inf [Infinity]
  0: a->b: 1 [O(1)]
  1: b->c: max{0, 1+C+B-D} [O(n)]
  2: c->d: inf [Infinity]
  4: c->e: inf [Infinity]
  3: d->c: inf [Infinity]
  5: e->b: inf [Infinity]

Sizebounds:
`Lower:
  0: a->b, A: A [O(n)]
  0: a->b, B: B [O(n)]
  0: a->b, C: C [O(n)]
  0: a->b, D: D [O(n)]
  0: a->b, E: E [O(n)]
  1: b->c, A: -max{0, -A} [O(n)]
  1: b->c, B: -max{0, -B} [O(n)]
  1: b->c, C: -max{0, -C} [O(n)]
  1: b->c, D: -max{0, -D} [O(n)]
  1: b->c, E: 1 [O(1)]
  2: c->d, A: -max{0, -A} [O(n)]
  2: c->d, B: -max{0, -B} [O(n)]
  2: c->d, C: -max{0, -C} [O(n)]
  2: c->d, D: -max{0, -D} [O(n)]
  2: c->d, E: 1 [O(1)]
  4: c->e, A: -max{0, -A} [O(n)]
  4: c->e, B: -max{0, -B} [O(n)]
  4: c->e, C: -max{0, -C} [O(n)]
  4: c->e, D: -max{0, -D} [O(n)]
  4: c->e, E: 1 [O(1)]
  3: d->c, A: -max{0, -A} [O(n)]
  3: d->c, B: -max{0, -B} [O(n)]
  3: d->c, C: -max{0, -C} [O(n)]
  3: d->c, D: -max{0, -D} [O(n)]
  3: d->c, E: 2 [O(1)]
  5: e->b, A: -max{0, -A} [O(n)]
  5: e->b, B: -max{0, -B} [O(n)]
  5: e->b, C: -max{0, -C} [O(n)]
  5: e->b, D: -max{0, -D} [O(n)]
  5: e->b, E: 1 [O(1)]
`Upper:
  0: a->b, A: A [O(n)]
  0: a->b, B: B [O(n)]
  0: a->b, C: C [O(n)]
  0: a->b, D: D [O(n)]
  0: a->b, E: E [O(n)]
  1: b->c, A: max{0, A} [O(n)]
  1: b->c, B: max{0, B} [O(n)]
  1: b->c, C: max{0, C} [O(n)]
  1: b->c, E: 1 [O(1)]
  2: c->d, A: max{0, A} [O(n)]
  2: c->d, B: max{0, B} [O(n)]
  2: c->d, C: max{0, C} [O(n)]
  4: c->e, A: max{0, A} [O(n)]
  4: c->e, B: max{0, B} [O(n)]
  4: c->e, C: max{0, C} [O(n)]
  3: d->c, A: max{0, A} [O(n)]
  3: d->c, B: max{0, B} [O(n)]
  3: d->c, C: max{0, C} [O(n)]
  5: e->b, A: max{0, A} [O(n)]
  5: e->b, B: max{0, B} [O(n)]
  5: e->b, C: max{0, C} [O(n)]
