Timebounds: 
  Overall timebound: 3+(max{0, 3*A*max{3*-max{0, -B}, 3*max{0, B}}}+max{0, 3*B})*max{0, 2+max{2*-max{0, -B}, 2*max{0, B}}+max{2*-max{0, -A}, 2*max{0, A}}+max{-2, -2*max{0, A}}}+2*((max{0, 3*A*max{3*-max{0, -B}, 3*max{0, B}}}+max{0, 3*B})*max{0, 2+max{2*-max{0, -B}, 2*max{0, B}}+max{2*-max{0, -A}, 2*max{0, A}}+max{-2, -2*max{0, A}}}+max{0, -2*D})*max{0, B}+inf*2*((max{0, 3*A*max{3*-max{0, -B}, 3*max{0, B}}}+max{0, 3*B})*max{0, 2+max{2*-max{0, -B}, 2*max{0, B}}+max{2*-max{0, -A}, 2*max{0, A}}+max{-2, -2*max{0, A}}}+max{0, -2*D})+max{0, 3*A}+max{0, -2*E}+max{0, 2*A}+max{0, 3*B}+max{0, 3*A*max{3*-max{0, -B}, 3*max{0, B}}}+max{0, 2*B}+max{0, 3*A*max{2*-max{0, -B}, 2*max{0, B}}}+max{0, 3*B}+max{0, 3*A*max{3*-max{0, -B}, 3*max{0, B}}}+max{0, -2*D}+max{1, 2+A}+max{0, -E} [Infinity]
  2: evalfbb10in->evalfbb8in: max{0, 1+A} [O(n)]
  3: evalfbb10in->evalfreturnin: 1 [O(1)]
  10: evalfbb3in->evalfbb4in: inf*((max{0, 3*A*max{3*-max{0, -B}, 3*max{0, B}}}+max{0, 3*B})*max{0, 2+max{2*-max{0, -B}, 2*max{0, B}}+max{2*-max{0, -A}, 2*max{0, A}}+max{-2, -2*max{0, A}}}+max{0, -2*D})+max{0, -E} [Infinity]
  8: evalfbb4in->evalfbb3in: inf*((max{0, 3*A*max{3*-max{0, -B}, 3*max{0, B}}}+max{0, 3*B})*max{0, 2+max{2*-max{0, -B}, 2*max{0, B}}+max{2*-max{0, -A}, 2*max{0, A}}+max{-2, -2*max{0, A}}}+max{0, -2*D})+max{0, -2*E} [Infinity]
  9: evalfbb4in->evalfbb5in: ((max{0, 3*A*max{3*-max{0, -B}, 3*max{0, B}}}+max{0, 3*B})*max{0, 2+max{2*-max{0, -B}, 2*max{0, B}}+max{2*-max{0, -A}, 2*max{0, A}}+max{-2, -2*max{0, A}}}+max{0, -2*D})*max{0, B} [O(n^4)]
  11: evalfbb5in->evalfbb6in: ((max{0, 3*A*max{3*-max{0, -B}, 3*max{0, B}}}+max{0, 3*B})*max{0, 2+max{2*-max{0, -B}, 2*max{0, B}}+max{2*-max{0, -A}, 2*max{0, A}}+max{-2, -2*max{0, A}}}+max{0, -2*D})*max{0, B} [O(n^4)]
  6: evalfbb6in->evalfbb4in: (max{0, 3*A*max{3*-max{0, -B}, 3*max{0, B}}}+max{0, 3*B})*max{0, 2+max{2*-max{0, -B}, 2*max{0, B}}+max{2*-max{0, -A}, 2*max{0, A}}+max{-2, -2*max{0, A}}}+max{0, -2*D} [O(n^3)]
  7: evalfbb6in->evalfbb7in: max{0, 3*A*max{3*-max{0, -B}, 3*max{0, B}}}+max{0, 3*B} [O(n^2)]
  12: evalfbb7in->evalfbb8in: max{0, 3*A*max{2*-max{0, -B}, 2*max{0, B}}}+max{0, 2*B} [O(n^2)]
  4: evalfbb8in->evalfbb6in: max{0, 3*A*max{3*-max{0, -B}, 3*max{0, B}}}+max{0, 3*B} [O(n^2)]
  5: evalfbb8in->evalfbb9in: max{0, 2*A} [O(n)]
  13: evalfbb9in->evalfbb10in: max{0, 3*A} [O(n)]
  1: evalfentryin->evalfbb10in: 1 [O(1)]
  14: evalfreturnin->evalfstop: 1 [O(1)]
  0: evalfstart->evalfentryin: 1 [O(1)]

Costbounds:
  Overall costbound: 3+(max{0, 3*A*max{3*-max{0, -B}, 3*max{0, B}}}+max{0, 3*B})*max{0, 2+max{2*-max{0, -B}, 2*max{0, B}}+max{2*-max{0, -A}, 2*max{0, A}}+max{-2, -2*max{0, A}}}+2*((max{0, 3*A*max{3*-max{0, -B}, 3*max{0, B}}}+max{0, 3*B})*max{0, 2+max{2*-max{0, -B}, 2*max{0, B}}+max{2*-max{0, -A}, 2*max{0, A}}+max{-2, -2*max{0, A}}}+max{0, -2*D})*max{0, B}+inf*2*((max{0, 3*A*max{3*-max{0, -B}, 3*max{0, B}}}+max{0, 3*B})*max{0, 2+max{2*-max{0, -B}, 2*max{0, B}}+max{2*-max{0, -A}, 2*max{0, A}}+max{-2, -2*max{0, A}}}+max{0, -2*D})+max{0, 3*A}+max{0, -2*E}+max{0, 2*A}+max{0, 3*B}+max{0, 3*A*max{3*-max{0, -B}, 3*max{0, B}}}+max{0, 2*B}+max{0, 3*A*max{2*-max{0, -B}, 2*max{0, B}}}+max{0, 3*B}+max{0, 3*A*max{3*-max{0, -B}, 3*max{0, B}}}+max{0, -2*D}+max{1, 2+A}+max{0, -E} [Infinity]
  2: evalfbb10in->evalfbb8in: max{0, 1+A} [O(n)]
  3: evalfbb10in->evalfreturnin: 1 [O(1)]
  10: evalfbb3in->evalfbb4in: inf*((max{0, 3*A*max{3*-max{0, -B}, 3*max{0, B}}}+max{0, 3*B})*max{0, 2+max{2*-max{0, -B}, 2*max{0, B}}+max{2*-max{0, -A}, 2*max{0, A}}+max{-2, -2*max{0, A}}}+max{0, -2*D})+max{0, -E} [Infinity]
  8: evalfbb4in->evalfbb3in: inf*((max{0, 3*A*max{3*-max{0, -B}, 3*max{0, B}}}+max{0, 3*B})*max{0, 2+max{2*-max{0, -B}, 2*max{0, B}}+max{2*-max{0, -A}, 2*max{0, A}}+max{-2, -2*max{0, A}}}+max{0, -2*D})+max{0, -2*E} [Infinity]
  9: evalfbb4in->evalfbb5in: ((max{0, 3*A*max{3*-max{0, -B}, 3*max{0, B}}}+max{0, 3*B})*max{0, 2+max{2*-max{0, -B}, 2*max{0, B}}+max{2*-max{0, -A}, 2*max{0, A}}+max{-2, -2*max{0, A}}}+max{0, -2*D})*max{0, B} [O(n^4)]
  11: evalfbb5in->evalfbb6in: ((max{0, 3*A*max{3*-max{0, -B}, 3*max{0, B}}}+max{0, 3*B})*max{0, 2+max{2*-max{0, -B}, 2*max{0, B}}+max{2*-max{0, -A}, 2*max{0, A}}+max{-2, -2*max{0, A}}}+max{0, -2*D})*max{0, B} [O(n^4)]
  6: evalfbb6in->evalfbb4in: (max{0, 3*A*max{3*-max{0, -B}, 3*max{0, B}}}+max{0, 3*B})*max{0, 2+max{2*-max{0, -B}, 2*max{0, B}}+max{2*-max{0, -A}, 2*max{0, A}}+max{-2, -2*max{0, A}}}+max{0, -2*D} [O(n^3)]
  7: evalfbb6in->evalfbb7in: max{0, 3*A*max{3*-max{0, -B}, 3*max{0, B}}}+max{0, 3*B} [O(n^2)]
  12: evalfbb7in->evalfbb8in: max{0, 3*A*max{2*-max{0, -B}, 2*max{0, B}}}+max{0, 2*B} [O(n^2)]
  4: evalfbb8in->evalfbb6in: max{0, 3*A*max{3*-max{0, -B}, 3*max{0, B}}}+max{0, 3*B} [O(n^2)]
  5: evalfbb8in->evalfbb9in: max{0, 2*A} [O(n)]
  13: evalfbb9in->evalfbb10in: max{0, 3*A} [O(n)]
  1: evalfentryin->evalfbb10in: 1 [O(1)]
  14: evalfreturnin->evalfstop: 1 [O(1)]
  0: evalfstart->evalfentryin: 1 [O(1)]

Sizebounds:
`Lower:
  2: evalfbb10in->evalfbb8in, A: -max{0, -B} [O(n)]
  2: evalfbb10in->evalfbb8in, B: -max{0, -A} [O(n)]
  2: evalfbb10in->evalfbb8in, C: 1 [O(1)]
  2: evalfbb10in->evalfbb8in, D: -max{0, -3, -D} [O(n)]
  2: evalfbb10in->evalfbb8in, E: -max{0, -2, -E} [O(n)]
  3: evalfbb10in->evalfreturnin, A: -max{0, -B} [O(n)]
  3: evalfbb10in->evalfreturnin, B: -max{0, -A} [O(n)]
  3: evalfbb10in->evalfreturnin, C: -max{-1, -C} [O(n)]
  3: evalfbb10in->evalfreturnin, D: -max{0, -3, -D} [O(n)]
  3: evalfbb10in->evalfreturnin, E: -max{0, -2, -E} [O(n)]
  10: evalfbb3in->evalfbb4in, A: -max{0, -B} [O(n)]
  10: evalfbb3in->evalfbb4in, B: -max{0, -A} [O(n)]
  10: evalfbb3in->evalfbb4in, C: 1 [O(1)]
  10: evalfbb3in->evalfbb4in, D: 0 [O(1)]
  10: evalfbb3in->evalfbb4in, E: 2 [O(1)]
  8: evalfbb4in->evalfbb3in, A: -max{0, -B} [O(n)]
  8: evalfbb4in->evalfbb3in, B: -max{0, -A} [O(n)]
  8: evalfbb4in->evalfbb3in, C: 1 [O(1)]
  8: evalfbb4in->evalfbb3in, D: 0 [O(1)]
  8: evalfbb4in->evalfbb3in, E: 1 [O(1)]
  9: evalfbb4in->evalfbb5in, A: -max{0, -B} [O(n)]
  9: evalfbb4in->evalfbb5in, B: -max{0, -A} [O(n)]
  9: evalfbb4in->evalfbb5in, C: 1 [O(1)]
  9: evalfbb4in->evalfbb5in, D: 0 [O(1)]
  9: evalfbb4in->evalfbb5in, E: 2 [O(1)]
  11: evalfbb5in->evalfbb6in, A: -max{0, -B} [O(n)]
  11: evalfbb5in->evalfbb6in, B: -max{0, -A} [O(n)]
  11: evalfbb5in->evalfbb6in, C: 1 [O(1)]
  11: evalfbb5in->evalfbb6in, D: 0 [O(1)]
  11: evalfbb5in->evalfbb6in, E: 2 [O(1)]
  6: evalfbb6in->evalfbb4in, A: -max{0, -B} [O(n)]
  6: evalfbb6in->evalfbb4in, B: -max{0, -A} [O(n)]
  6: evalfbb6in->evalfbb4in, C: 1 [O(1)]
  6: evalfbb6in->evalfbb4in, D: 0 [O(1)]
  6: evalfbb6in->evalfbb4in, E: 1 [O(1)]
  7: evalfbb6in->evalfbb7in, A: -max{0, -B} [O(n)]
  7: evalfbb6in->evalfbb7in, B: -max{0, -A} [O(n)]
  7: evalfbb6in->evalfbb7in, C: 1 [O(1)]
  7: evalfbb6in->evalfbb7in, D: 3 [O(1)]
  7: evalfbb6in->evalfbb7in, E: -max{0, -2, -E} [O(n)]
  12: evalfbb7in->evalfbb8in, A: -max{0, -B} [O(n)]
  12: evalfbb7in->evalfbb8in, B: -max{0, -A} [O(n)]
  12: evalfbb7in->evalfbb8in, C: 2 [O(1)]
  12: evalfbb7in->evalfbb8in, D: 3 [O(1)]
  12: evalfbb7in->evalfbb8in, E: -max{0, -2, -E} [O(n)]
  4: evalfbb8in->evalfbb6in, A: -max{0, -B} [O(n)]
  4: evalfbb8in->evalfbb6in, B: -max{0, -A} [O(n)]
  4: evalfbb8in->evalfbb6in, C: 1 [O(1)]
  4: evalfbb8in->evalfbb6in, D: 1 [O(1)]
  4: evalfbb8in->evalfbb6in, E: -max{0, -2, -E} [O(n)]
  5: evalfbb8in->evalfbb9in, A: -max{0, -B} [O(n)]
  5: evalfbb8in->evalfbb9in, B: -max{0, -A} [O(n)]
  5: evalfbb8in->evalfbb9in, C: 1 [O(1)]
  5: evalfbb8in->evalfbb9in, D: -max{0, -3, -D} [O(n)]
  5: evalfbb8in->evalfbb9in, E: -max{0, -2, -E} [O(n)]
  13: evalfbb9in->evalfbb10in, A: -max{0, -B} [O(n)]
  13: evalfbb9in->evalfbb10in, B: -max{0, -A} [O(n)]
  13: evalfbb9in->evalfbb10in, C: 1 [O(1)]
  13: evalfbb9in->evalfbb10in, D: -max{0, -3, -D} [O(n)]
  13: evalfbb9in->evalfbb10in, E: -max{0, -2, -E} [O(n)]
  1: evalfentryin->evalfbb10in, A: B [O(n)]
  1: evalfentryin->evalfbb10in, B: A [O(n)]
  1: evalfentryin->evalfbb10in, C: C [O(n)]
  1: evalfentryin->evalfbb10in, D: D [O(n)]
  1: evalfentryin->evalfbb10in, E: E [O(n)]
  14: evalfreturnin->evalfstop, A: -max{0, -B} [O(n)]
  14: evalfreturnin->evalfstop, B: -max{0, -A} [O(n)]
  14: evalfreturnin->evalfstop, C: -max{-1, -C} [O(n)]
  14: evalfreturnin->evalfstop, D: -max{0, -3, -D} [O(n)]
  14: evalfreturnin->evalfstop, E: -max{0, -2, -E} [O(n)]
  0: evalfstart->evalfentryin, A: A [O(n)]
  0: evalfstart->evalfentryin, B: B [O(n)]
  0: evalfstart->evalfentryin, C: C [O(n)]
  0: evalfstart->evalfentryin, D: D [O(n)]
  0: evalfstart->evalfentryin, E: E [O(n)]
`Upper:
  2: evalfbb10in->evalfbb8in, A: max{0, B} [O(n)]
  2: evalfbb10in->evalfbb8in, B: max{0, A} [O(n)]
  2: evalfbb10in->evalfbb8in, C: 1 [O(1)]
  2: evalfbb10in->evalfbb8in, D: max{0, A, max{D, ((max{0, 3*A*max{3*-max{0, -B}, 3*max{0, B}}}+max{0, 3*B})*max{0, 2+max{2*-max{0, -B}, 2*max{0, B}}+max{2*-max{0, -A}, 2*max{0, A}}+max{-2, -2*max{0, A}}}+max{0, -2*D})*max{0, B}+max{0, A}}} [O(n^4)]
  2: evalfbb10in->evalfbb8in, E: max{1, E, 1+((max{0, 3*A*max{3*-max{0, -B}, 3*max{0, B}}}+max{0, 3*B})*max{0, 2+max{2*-max{0, -B}, 2*max{0, B}}+max{2*-max{0, -A}, 2*max{0, A}}+max{-2, -2*max{0, A}}}+max{0, -2*D})*max{0, B}+max{0, A}} [O(n^4)]
  3: evalfbb10in->evalfreturnin, A: max{0, B} [O(n)]
  3: evalfbb10in->evalfreturnin, B: 0 [O(1)]
  3: evalfbb10in->evalfreturnin, C: max{1, C, 1+B} [O(n)]
  3: evalfbb10in->evalfreturnin, D: max{0, D, max{A, D, ((max{0, 3*A*max{3*-max{0, -B}, 3*max{0, B}}}+max{0, 3*B})*max{0, 2+max{2*-max{0, -B}, 2*max{0, B}}+max{2*-max{0, -A}, 2*max{0, A}}+max{-2, -2*max{0, A}}}+max{0, -2*D})*max{0, B}+max{0, A}}} [O(n^4)]
  3: evalfbb10in->evalfreturnin, E: max{1, E, max{E, 1+((max{0, 3*A*max{3*-max{0, -B}, 3*max{0, B}}}+max{0, 3*B})*max{0, 2+max{2*-max{0, -B}, 2*max{0, B}}+max{2*-max{0, -A}, 2*max{0, A}}+max{-2, -2*max{0, A}}}+max{0, -2*D})*max{0, B}+max{0, A}}} [O(n^4)]
  10: evalfbb3in->evalfbb4in, A: max{0, B} [O(n)]
  10: evalfbb3in->evalfbb4in, B: max{0, A} [O(n)]
  10: evalfbb3in->evalfbb4in, C: max{0, B} [O(n)]
  10: evalfbb3in->evalfbb4in, D: ((max{0, 3*A*max{3*-max{0, -B}, 3*max{0, B}}}+max{0, 3*B})*max{0, 2+max{2*-max{0, -B}, 2*max{0, B}}+max{2*-max{0, -A}, 2*max{0, A}}+max{-2, -2*max{0, A}}}+max{0, -2*D})*max{0, B}+max{0, A} [O(n^4)]
  10: evalfbb3in->evalfbb4in, E: 1+((max{0, 3*A*max{3*-max{0, -B}, 3*max{0, B}}}+max{0, 3*B})*max{0, 2+max{2*-max{0, -B}, 2*max{0, B}}+max{2*-max{0, -A}, 2*max{0, A}}+max{-2, -2*max{0, A}}}+max{0, -2*D})*max{0, B}+max{0, A} [O(n^4)]
  8: evalfbb4in->evalfbb3in, A: max{0, B} [O(n)]
  8: evalfbb4in->evalfbb3in, B: max{0, A} [O(n)]
  8: evalfbb4in->evalfbb3in, C: max{0, B} [O(n)]
  8: evalfbb4in->evalfbb3in, D: ((max{0, 3*A*max{3*-max{0, -B}, 3*max{0, B}}}+max{0, 3*B})*max{0, 2+max{2*-max{0, -B}, 2*max{0, B}}+max{2*-max{0, -A}, 2*max{0, A}}+max{-2, -2*max{0, A}}}+max{0, -2*D})*max{0, B}+max{0, A} [O(n^4)]
  8: evalfbb4in->evalfbb3in, E: ((max{0, 3*A*max{3*-max{0, -B}, 3*max{0, B}}}+max{0, 3*B})*max{0, 2+max{2*-max{0, -B}, 2*max{0, B}}+max{2*-max{0, -A}, 2*max{0, A}}+max{-2, -2*max{0, A}}}+max{0, -2*D})*max{0, B}+max{0, A} [O(n^4)]
  9: evalfbb4in->evalfbb5in, A: max{0, B} [O(n)]
  9: evalfbb4in->evalfbb5in, B: max{0, A} [O(n)]
  9: evalfbb4in->evalfbb5in, C: max{0, B} [O(n)]
  9: evalfbb4in->evalfbb5in, D: ((max{0, 3*A*max{3*-max{0, -B}, 3*max{0, B}}}+max{0, 3*B})*max{0, 2+max{2*-max{0, -B}, 2*max{0, B}}+max{2*-max{0, -A}, 2*max{0, A}}+max{-2, -2*max{0, A}}}+max{0, -2*D})*max{0, B}+max{0, A} [O(n^4)]
  9: evalfbb4in->evalfbb5in, E: max{1, 1+((max{0, 3*A*max{3*-max{0, -B}, 3*max{0, B}}}+max{0, 3*B})*max{0, 2+max{2*-max{0, -B}, 2*max{0, B}}+max{2*-max{0, -A}, 2*max{0, A}}+max{-2, -2*max{0, A}}}+max{0, -2*D})*max{0, B}+max{0, A}} [O(n^4)]
  11: evalfbb5in->evalfbb6in, A: max{0, B} [O(n)]
  11: evalfbb5in->evalfbb6in, B: max{0, A} [O(n)]
  11: evalfbb5in->evalfbb6in, C: max{0, B} [O(n)]
  11: evalfbb5in->evalfbb6in, D: ((max{0, 3*A*max{3*-max{0, -B}, 3*max{0, B}}}+max{0, 3*B})*max{0, 2+max{2*-max{0, -B}, 2*max{0, B}}+max{2*-max{0, -A}, 2*max{0, A}}+max{-2, -2*max{0, A}}}+max{0, -2*D})*max{0, B}+max{0, A} [O(n^4)]
  11: evalfbb5in->evalfbb6in, E: max{1, 1+((max{0, 3*A*max{3*-max{0, -B}, 3*max{0, B}}}+max{0, 3*B})*max{0, 2+max{2*-max{0, -B}, 2*max{0, B}}+max{2*-max{0, -A}, 2*max{0, A}}+max{-2, -2*max{0, A}}}+max{0, -2*D})*max{0, B}+max{0, A}} [O(n^4)]
  6: evalfbb6in->evalfbb4in, A: max{0, B} [O(n)]
  6: evalfbb6in->evalfbb4in, B: max{0, A} [O(n)]
  6: evalfbb6in->evalfbb4in, C: max{0, B} [O(n)]
  6: evalfbb6in->evalfbb4in, D: ((max{0, 3*A*max{3*-max{0, -B}, 3*max{0, B}}}+max{0, 3*B})*max{0, 2+max{2*-max{0, -B}, 2*max{0, B}}+max{2*-max{0, -A}, 2*max{0, A}}+max{-2, -2*max{0, A}}}+max{0, -2*D})*max{0, B}+max{0, A} [O(n^4)]
  6: evalfbb6in->evalfbb4in, E: 1 [O(1)]
  7: evalfbb6in->evalfbb7in, A: max{0, B} [O(n)]
  7: evalfbb6in->evalfbb7in, B: max{0, A} [O(n)]
  7: evalfbb6in->evalfbb7in, C: max{0, B} [O(n)]
  7: evalfbb6in->evalfbb7in, D: max{0, A, ((max{0, 3*A*max{3*-max{0, -B}, 3*max{0, B}}}+max{0, 3*B})*max{0, 2+max{2*-max{0, -B}, 2*max{0, B}}+max{2*-max{0, -A}, 2*max{0, A}}+max{-2, -2*max{0, A}}}+max{0, -2*D})*max{0, B}+max{0, A}} [O(n^4)]
  7: evalfbb6in->evalfbb7in, E: max{1, E, 1+((max{0, 3*A*max{3*-max{0, -B}, 3*max{0, B}}}+max{0, 3*B})*max{0, 2+max{2*-max{0, -B}, 2*max{0, B}}+max{2*-max{0, -A}, 2*max{0, A}}+max{-2, -2*max{0, A}}}+max{0, -2*D})*max{0, B}+max{0, A}} [O(n^4)]
  12: evalfbb7in->evalfbb8in, A: max{0, B} [O(n)]
  12: evalfbb7in->evalfbb8in, B: max{0, A} [O(n)]
  12: evalfbb7in->evalfbb8in, C: max{1, 1+B} [O(n)]
  12: evalfbb7in->evalfbb8in, D: max{0, A, ((max{0, 3*A*max{3*-max{0, -B}, 3*max{0, B}}}+max{0, 3*B})*max{0, 2+max{2*-max{0, -B}, 2*max{0, B}}+max{2*-max{0, -A}, 2*max{0, A}}+max{-2, -2*max{0, A}}}+max{0, -2*D})*max{0, B}+max{0, A}} [O(n^4)]
  12: evalfbb7in->evalfbb8in, E: max{1, E, 1+((max{0, 3*A*max{3*-max{0, -B}, 3*max{0, B}}}+max{0, 3*B})*max{0, 2+max{2*-max{0, -B}, 2*max{0, B}}+max{2*-max{0, -A}, 2*max{0, A}}+max{-2, -2*max{0, A}}}+max{0, -2*D})*max{0, B}+max{0, A}} [O(n^4)]
  4: evalfbb8in->evalfbb6in, A: max{0, B} [O(n)]
  4: evalfbb8in->evalfbb6in, B: max{0, A} [O(n)]
  4: evalfbb8in->evalfbb6in, C: max{0, B} [O(n)]
  4: evalfbb8in->evalfbb6in, D: max{0, A} [O(n)]
  4: evalfbb8in->evalfbb6in, E: max{1, E, 1+((max{0, 3*A*max{3*-max{0, -B}, 3*max{0, B}}}+max{0, 3*B})*max{0, 2+max{2*-max{0, -B}, 2*max{0, B}}+max{2*-max{0, -A}, 2*max{0, A}}+max{-2, -2*max{0, A}}}+max{0, -2*D})*max{0, B}+max{0, A}} [O(n^4)]
  5: evalfbb8in->evalfbb9in, A: max{0, B} [O(n)]
  5: evalfbb8in->evalfbb9in, B: max{0, A} [O(n)]
  5: evalfbb8in->evalfbb9in, C: max{1, 1+B} [O(n)]
  5: evalfbb8in->evalfbb9in, D: max{0, A, max{D, ((max{0, 3*A*max{3*-max{0, -B}, 3*max{0, B}}}+max{0, 3*B})*max{0, 2+max{2*-max{0, -B}, 2*max{0, B}}+max{2*-max{0, -A}, 2*max{0, A}}+max{-2, -2*max{0, A}}}+max{0, -2*D})*max{0, B}+max{0, A}}} [O(n^4)]
  5: evalfbb8in->evalfbb9in, E: max{1, E, 1+((max{0, 3*A*max{3*-max{0, -B}, 3*max{0, B}}}+max{0, 3*B})*max{0, 2+max{2*-max{0, -B}, 2*max{0, B}}+max{2*-max{0, -A}, 2*max{0, A}}+max{-2, -2*max{0, A}}}+max{0, -2*D})*max{0, B}+max{0, A}} [O(n^4)]
  13: evalfbb9in->evalfbb10in, A: max{0, B} [O(n)]
  13: evalfbb9in->evalfbb10in, B: max{0, A} [O(n)]
  13: evalfbb9in->evalfbb10in, C: max{1, 1+B} [O(n)]
  13: evalfbb9in->evalfbb10in, D: max{0, A, max{D, ((max{0, 3*A*max{3*-max{0, -B}, 3*max{0, B}}}+max{0, 3*B})*max{0, 2+max{2*-max{0, -B}, 2*max{0, B}}+max{2*-max{0, -A}, 2*max{0, A}}+max{-2, -2*max{0, A}}}+max{0, -2*D})*max{0, B}+max{0, A}}} [O(n^4)]
  13: evalfbb9in->evalfbb10in, E: max{1, E, 1+((max{0, 3*A*max{3*-max{0, -B}, 3*max{0, B}}}+max{0, 3*B})*max{0, 2+max{2*-max{0, -B}, 2*max{0, B}}+max{2*-max{0, -A}, 2*max{0, A}}+max{-2, -2*max{0, A}}}+max{0, -2*D})*max{0, B}+max{0, A}} [O(n^4)]
  1: evalfentryin->evalfbb10in, A: B [O(n)]
  1: evalfentryin->evalfbb10in, B: A [O(n)]
  1: evalfentryin->evalfbb10in, C: C [O(n)]
  1: evalfentryin->evalfbb10in, D: D [O(n)]
  1: evalfentryin->evalfbb10in, E: E [O(n)]
  14: evalfreturnin->evalfstop, A: max{0, B} [O(n)]
  14: evalfreturnin->evalfstop, B: 0 [O(1)]
  14: evalfreturnin->evalfstop, C: max{1, C, 1+B} [O(n)]
  14: evalfreturnin->evalfstop, D: max{0, D, max{A, D, ((max{0, 3*A*max{3*-max{0, -B}, 3*max{0, B}}}+max{0, 3*B})*max{0, 2+max{2*-max{0, -B}, 2*max{0, B}}+max{2*-max{0, -A}, 2*max{0, A}}+max{-2, -2*max{0, A}}}+max{0, -2*D})*max{0, B}+max{0, A}}} [O(n^4)]
  14: evalfreturnin->evalfstop, E: max{1, E, max{E, 1+((max{0, 3*A*max{3*-max{0, -B}, 3*max{0, B}}}+max{0, 3*B})*max{0, 2+max{2*-max{0, -B}, 2*max{0, B}}+max{2*-max{0, -A}, 2*max{0, A}}+max{-2, -2*max{0, A}}}+max{0, -2*D})*max{0, B}+max{0, A}}} [O(n^4)]
  0: evalfstart->evalfentryin, A: A [O(n)]
  0: evalfstart->evalfentryin, B: B [O(n)]
  0: evalfstart->evalfentryin, C: C [O(n)]
  0: evalfstart->evalfentryin, D: D [O(n)]
  0: evalfstart->evalfentryin, E: E [O(n)]
