Timebounds: 
  Overall timebound: inf [Infinity]
  2: evalfbb10in->evalfbb8in: max{0, 1+A} [O(n)]
  3: evalfbb10in->evalfreturnin: 1 [O(1)]
  10: evalfbb3in->evalfbb4in: inf [Infinity]
  8: evalfbb4in->evalfbb3in: inf [Infinity]
  9: evalfbb4in->evalfbb5in: (max{0, 2*3*B*A}+max{0, 2*B})*max{0, -1+2*C}+max{0, -F+2*C} [O(n^3)]
  11: evalfbb5in->evalfbb6in: (max{0, 2*3*B*A}+max{0, 2*B})*max{0, 5*C+max{-4, -4*max{C, A}}}+max{0, 5*C+-4*F} [O(n^3)]
  6: evalfbb6in->evalfbb4in: (max{0, 2*3*B*A}+max{0, 2*B})*max{0, C}+max{0, C-F} [O(n^3)]
  7: evalfbb6in->evalfbb7in: max{0, 2*3*B*A}+max{0, 2*B} [O(n^2)]
  12: evalfbb7in->evalfbb8in: max{0, 2*3*B*A}+max{0, 2*B} [O(n^2)]
  4: evalfbb8in->evalfbb6in: max{0, 2*3*B*A}+max{0, 2*B} [O(n^2)]
  5: evalfbb8in->evalfbb9in: max{0, 2*A} [O(n)]
  13: evalfbb9in->evalfbb10in: max{0, 3*A} [O(n)]
  1: evalfentryin->evalfbb10in: 1 [O(1)]
  14: evalfreturnin->evalfstop: 1 [O(1)]
  0: evalfstart->evalfentryin: 1 [O(1)]

Costbounds:
  Overall costbound: inf [Infinity]
  2: evalfbb10in->evalfbb8in: max{0, 1+A} [O(n)]
  3: evalfbb10in->evalfreturnin: 1 [O(1)]
  10: evalfbb3in->evalfbb4in: inf [Infinity]
  8: evalfbb4in->evalfbb3in: inf [Infinity]
  9: evalfbb4in->evalfbb5in: (max{0, 2*3*B*A}+max{0, 2*B})*max{0, -1+2*C}+max{0, -F+2*C} [O(n^3)]
  11: evalfbb5in->evalfbb6in: (max{0, 2*3*B*A}+max{0, 2*B})*max{0, 5*C+max{-4, -4*max{C, A}}}+max{0, 5*C+-4*F} [O(n^3)]
  6: evalfbb6in->evalfbb4in: (max{0, 2*3*B*A}+max{0, 2*B})*max{0, C}+max{0, C-F} [O(n^3)]
  7: evalfbb6in->evalfbb7in: max{0, 2*3*B*A}+max{0, 2*B} [O(n^2)]
  12: evalfbb7in->evalfbb8in: max{0, 2*3*B*A}+max{0, 2*B} [O(n^2)]
  4: evalfbb8in->evalfbb6in: max{0, 2*3*B*A}+max{0, 2*B} [O(n^2)]
  5: evalfbb8in->evalfbb9in: max{0, 2*A} [O(n)]
  13: evalfbb9in->evalfbb10in: max{0, 3*A} [O(n)]
  1: evalfentryin->evalfbb10in: 1 [O(1)]
  14: evalfreturnin->evalfstop: 1 [O(1)]
  0: evalfstart->evalfentryin: 1 [O(1)]

Sizebounds:
`Lower:
  2: evalfbb10in->evalfbb8in, A: B [O(n)]
  2: evalfbb10in->evalfbb8in, B: C [O(n)]
  2: evalfbb10in->evalfbb8in, C: D [O(n)]
  2: evalfbb10in->evalfbb8in, D: -max{-1, -A} [O(n)]
  2: evalfbb10in->evalfbb8in, E: 1 [O(1)]
  2: evalfbb10in->evalfbb8in, F: -max{-1, -F} [O(n)]
  2: evalfbb10in->evalfbb8in, G: -max{-2, -G} [O(n)]
  3: evalfbb10in->evalfreturnin, A: B [O(n)]
  3: evalfbb10in->evalfreturnin, B: C [O(n)]
  3: evalfbb10in->evalfreturnin, C: D [O(n)]
  3: evalfbb10in->evalfreturnin, D: -max{-1, -A} [O(n)]
  3: evalfbb10in->evalfreturnin, E: -max{-1, -E} [O(n)]
  3: evalfbb10in->evalfreturnin, F: -max{-1, -F} [O(n)]
  3: evalfbb10in->evalfreturnin, G: -max{-2, -G} [O(n)]
  10: evalfbb3in->evalfbb4in, A: B [O(n)]
  10: evalfbb3in->evalfbb4in, B: C [O(n)]
  10: evalfbb3in->evalfbb4in, C: D [O(n)]
  10: evalfbb3in->evalfbb4in, D: 1 [O(1)]
  10: evalfbb3in->evalfbb4in, E: 1 [O(1)]
  10: evalfbb3in->evalfbb4in, F: 1 [O(1)]
  10: evalfbb3in->evalfbb4in, G: -inf [Infinity]
  8: evalfbb4in->evalfbb3in, A: B [O(n)]
  8: evalfbb4in->evalfbb3in, B: C [O(n)]
  8: evalfbb4in->evalfbb3in, C: D [O(n)]
  8: evalfbb4in->evalfbb3in, D: 1 [O(1)]
  8: evalfbb4in->evalfbb3in, E: 1 [O(1)]
  8: evalfbb4in->evalfbb3in, F: 1 [O(1)]
  8: evalfbb4in->evalfbb3in, G: -inf [Infinity]
  9: evalfbb4in->evalfbb5in, A: B [O(n)]
  9: evalfbb4in->evalfbb5in, B: C [O(n)]
  9: evalfbb4in->evalfbb5in, C: D [O(n)]
  9: evalfbb4in->evalfbb5in, D: 1 [O(1)]
  9: evalfbb4in->evalfbb5in, E: 1 [O(1)]
  9: evalfbb4in->evalfbb5in, F: 1 [O(1)]
  9: evalfbb4in->evalfbb5in, G: 2 [O(1)]
  11: evalfbb5in->evalfbb6in, A: B [O(n)]
  11: evalfbb5in->evalfbb6in, B: C [O(n)]
  11: evalfbb5in->evalfbb6in, C: D [O(n)]
  11: evalfbb5in->evalfbb6in, D: 1 [O(1)]
  11: evalfbb5in->evalfbb6in, E: 1 [O(1)]
  11: evalfbb5in->evalfbb6in, F: 2 [O(1)]
  11: evalfbb5in->evalfbb6in, G: 2 [O(1)]
  6: evalfbb6in->evalfbb4in, A: B [O(n)]
  6: evalfbb6in->evalfbb4in, B: C [O(n)]
  6: evalfbb6in->evalfbb4in, C: D [O(n)]
  6: evalfbb6in->evalfbb4in, D: 1 [O(1)]
  6: evalfbb6in->evalfbb4in, E: 1 [O(1)]
  6: evalfbb6in->evalfbb4in, F: 1 [O(1)]
  6: evalfbb6in->evalfbb4in, G: D [O(n)]
  7: evalfbb6in->evalfbb7in, A: B [O(n)]
  7: evalfbb6in->evalfbb7in, B: C [O(n)]
  7: evalfbb6in->evalfbb7in, C: D [O(n)]
  7: evalfbb6in->evalfbb7in, D: -max{-1, -A} [O(n)]
  7: evalfbb6in->evalfbb7in, E: 1 [O(1)]
  7: evalfbb6in->evalfbb7in, F: 1 [O(1)]
  7: evalfbb6in->evalfbb7in, G: -max{-2, -G} [O(n)]
  12: evalfbb7in->evalfbb8in, A: B [O(n)]
  12: evalfbb7in->evalfbb8in, B: C [O(n)]
  12: evalfbb7in->evalfbb8in, C: D [O(n)]
  12: evalfbb7in->evalfbb8in, D: -max{-1, -A} [O(n)]
  12: evalfbb7in->evalfbb8in, E: 2 [O(1)]
  12: evalfbb7in->evalfbb8in, F: 1 [O(1)]
  12: evalfbb7in->evalfbb8in, G: -max{-2, -G} [O(n)]
  4: evalfbb8in->evalfbb6in, A: B [O(n)]
  4: evalfbb8in->evalfbb6in, B: C [O(n)]
  4: evalfbb8in->evalfbb6in, C: D [O(n)]
  4: evalfbb8in->evalfbb6in, D: -max{-1, -A} [O(n)]
  4: evalfbb8in->evalfbb6in, E: 1 [O(1)]
  4: evalfbb8in->evalfbb6in, F: 1 [O(1)]
  4: evalfbb8in->evalfbb6in, G: -max{-2, -G} [O(n)]
  5: evalfbb8in->evalfbb9in, A: B [O(n)]
  5: evalfbb8in->evalfbb9in, B: C [O(n)]
  5: evalfbb8in->evalfbb9in, C: D [O(n)]
  5: evalfbb8in->evalfbb9in, D: -max{-1, -A} [O(n)]
  5: evalfbb8in->evalfbb9in, E: 1 [O(1)]
  5: evalfbb8in->evalfbb9in, F: -max{-1, -F} [O(n)]
  5: evalfbb8in->evalfbb9in, G: -max{-2, -G} [O(n)]
  13: evalfbb9in->evalfbb10in, A: B [O(n)]
  13: evalfbb9in->evalfbb10in, B: C [O(n)]
  13: evalfbb9in->evalfbb10in, C: D [O(n)]
  13: evalfbb9in->evalfbb10in, D: -max{-1, -A} [O(n)]
  13: evalfbb9in->evalfbb10in, E: 1 [O(1)]
  13: evalfbb9in->evalfbb10in, F: -max{-1, -F} [O(n)]
  13: evalfbb9in->evalfbb10in, G: -max{-2, -G} [O(n)]
  1: evalfentryin->evalfbb10in, A: B [O(n)]
  1: evalfentryin->evalfbb10in, B: C [O(n)]
  1: evalfentryin->evalfbb10in, C: D [O(n)]
  1: evalfentryin->evalfbb10in, D: A [O(n)]
  1: evalfentryin->evalfbb10in, E: E [O(n)]
  1: evalfentryin->evalfbb10in, F: F [O(n)]
  1: evalfentryin->evalfbb10in, G: G [O(n)]
  14: evalfreturnin->evalfstop, A: B [O(n)]
  14: evalfreturnin->evalfstop, B: C [O(n)]
  14: evalfreturnin->evalfstop, C: D [O(n)]
  14: evalfreturnin->evalfstop, D: -max{-1, -A} [O(n)]
  14: evalfreturnin->evalfstop, E: -max{-1, -E} [O(n)]
  14: evalfreturnin->evalfstop, F: -max{-1, -F} [O(n)]
  14: evalfreturnin->evalfstop, G: -max{-2, -G} [O(n)]
  0: evalfstart->evalfentryin, A: A [O(n)]
  0: evalfstart->evalfentryin, B: B [O(n)]
  0: evalfstart->evalfentryin, C: C [O(n)]
  0: evalfstart->evalfentryin, D: D [O(n)]
  0: evalfstart->evalfentryin, E: E [O(n)]
  0: evalfstart->evalfentryin, F: F [O(n)]
  0: evalfstart->evalfentryin, G: G [O(n)]
`Upper:
  2: evalfbb10in->evalfbb8in, A: B [O(n)]
  2: evalfbb10in->evalfbb8in, B: C [O(n)]
  2: evalfbb10in->evalfbb8in, C: D [O(n)]
  2: evalfbb10in->evalfbb8in, D: max{C, A} [O(n)]
  2: evalfbb10in->evalfbb8in, E: 1 [O(1)]
  2: evalfbb10in->evalfbb8in, F: max{A, C, max{F, 1+C}} [O(n)]
  2: evalfbb10in->evalfbb8in, G: max{D, G} [O(n)]
  3: evalfbb10in->evalfreturnin, A: B [O(n)]
  3: evalfbb10in->evalfreturnin, B: C [O(n)]
  3: evalfbb10in->evalfreturnin, C: D [O(n)]
  3: evalfbb10in->evalfreturnin, D: 0 [O(1)]
  3: evalfbb10in->evalfreturnin, E: max{1, E, 1+B} [O(n)]
  3: evalfbb10in->evalfreturnin, F: max{F, A, max{C, F, 1+C}} [O(n)]
  3: evalfbb10in->evalfreturnin, G: max{G, D, G} [O(n)]
  10: evalfbb3in->evalfbb4in, A: B [O(n)]
  10: evalfbb3in->evalfbb4in, B: C [O(n)]
  10: evalfbb3in->evalfbb4in, C: D [O(n)]
  10: evalfbb3in->evalfbb4in, D: C [O(n)]
  10: evalfbb3in->evalfbb4in, E: B [O(n)]
  10: evalfbb3in->evalfbb4in, F: C [O(n)]
  10: evalfbb3in->evalfbb4in, G: -1+B [O(n)]
  8: evalfbb4in->evalfbb3in, A: B [O(n)]
  8: evalfbb4in->evalfbb3in, B: C [O(n)]
  8: evalfbb4in->evalfbb3in, C: D [O(n)]
  8: evalfbb4in->evalfbb3in, D: C [O(n)]
  8: evalfbb4in->evalfbb3in, E: B [O(n)]
  8: evalfbb4in->evalfbb3in, F: C [O(n)]
  8: evalfbb4in->evalfbb3in, G: B [O(n)]
  9: evalfbb4in->evalfbb5in, A: B [O(n)]
  9: evalfbb4in->evalfbb5in, B: C [O(n)]
  9: evalfbb4in->evalfbb5in, C: D [O(n)]
  9: evalfbb4in->evalfbb5in, D: C [O(n)]
  9: evalfbb4in->evalfbb5in, E: B [O(n)]
  9: evalfbb4in->evalfbb5in, F: C [O(n)]
  9: evalfbb4in->evalfbb5in, G: D [O(n)]
  11: evalfbb5in->evalfbb6in, A: B [O(n)]
  11: evalfbb5in->evalfbb6in, B: C [O(n)]
  11: evalfbb5in->evalfbb6in, C: D [O(n)]
  11: evalfbb5in->evalfbb6in, D: C [O(n)]
  11: evalfbb5in->evalfbb6in, E: B [O(n)]
  11: evalfbb5in->evalfbb6in, F: 1+C [O(n)]
  11: evalfbb5in->evalfbb6in, G: D [O(n)]
  6: evalfbb6in->evalfbb4in, A: B [O(n)]
  6: evalfbb6in->evalfbb4in, B: C [O(n)]
  6: evalfbb6in->evalfbb4in, C: D [O(n)]
  6: evalfbb6in->evalfbb4in, D: C [O(n)]
  6: evalfbb6in->evalfbb4in, E: B [O(n)]
  6: evalfbb6in->evalfbb4in, F: C [O(n)]
  6: evalfbb6in->evalfbb4in, G: D [O(n)]
  7: evalfbb6in->evalfbb7in, A: B [O(n)]
  7: evalfbb6in->evalfbb7in, B: C [O(n)]
  7: evalfbb6in->evalfbb7in, C: D [O(n)]
  7: evalfbb6in->evalfbb7in, D: max{C, A} [O(n)]
  7: evalfbb6in->evalfbb7in, E: B [O(n)]
  7: evalfbb6in->evalfbb7in, F: max{C, A, 1+C} [O(n)]
  7: evalfbb6in->evalfbb7in, G: max{D, G} [O(n)]
  12: evalfbb7in->evalfbb8in, A: B [O(n)]
  12: evalfbb7in->evalfbb8in, B: C [O(n)]
  12: evalfbb7in->evalfbb8in, C: D [O(n)]
  12: evalfbb7in->evalfbb8in, D: max{C, A} [O(n)]
  12: evalfbb7in->evalfbb8in, E: 1+B [O(n)]
  12: evalfbb7in->evalfbb8in, F: max{C, A, 1+C} [O(n)]
  12: evalfbb7in->evalfbb8in, G: max{D, G} [O(n)]
  4: evalfbb8in->evalfbb6in, A: B [O(n)]
  4: evalfbb8in->evalfbb6in, B: C [O(n)]
  4: evalfbb8in->evalfbb6in, C: D [O(n)]
  4: evalfbb8in->evalfbb6in, D: max{C, A} [O(n)]
  4: evalfbb8in->evalfbb6in, E: B [O(n)]
  4: evalfbb8in->evalfbb6in, F: max{C, A} [O(n)]
  4: evalfbb8in->evalfbb6in, G: max{D, G} [O(n)]
  5: evalfbb8in->evalfbb9in, A: B [O(n)]
  5: evalfbb8in->evalfbb9in, B: C [O(n)]
  5: evalfbb8in->evalfbb9in, C: D [O(n)]
  5: evalfbb8in->evalfbb9in, D: max{C, A} [O(n)]
  5: evalfbb8in->evalfbb9in, E: max{1, 1+B} [O(n)]
  5: evalfbb8in->evalfbb9in, F: max{A, C, max{F, 1+C}} [O(n)]
  5: evalfbb8in->evalfbb9in, G: max{D, G} [O(n)]
  13: evalfbb9in->evalfbb10in, A: B [O(n)]
  13: evalfbb9in->evalfbb10in, B: C [O(n)]
  13: evalfbb9in->evalfbb10in, C: D [O(n)]
  13: evalfbb9in->evalfbb10in, D: max{C, A} [O(n)]
  13: evalfbb9in->evalfbb10in, E: max{1, 1+B} [O(n)]
  13: evalfbb9in->evalfbb10in, F: max{A, C, max{F, 1+C}} [O(n)]
  13: evalfbb9in->evalfbb10in, G: max{D, G} [O(n)]
  1: evalfentryin->evalfbb10in, A: B [O(n)]
  1: evalfentryin->evalfbb10in, B: C [O(n)]
  1: evalfentryin->evalfbb10in, C: D [O(n)]
  1: evalfentryin->evalfbb10in, D: A [O(n)]
  1: evalfentryin->evalfbb10in, E: E [O(n)]
  1: evalfentryin->evalfbb10in, F: F [O(n)]
  1: evalfentryin->evalfbb10in, G: G [O(n)]
  14: evalfreturnin->evalfstop, A: B [O(n)]
  14: evalfreturnin->evalfstop, B: C [O(n)]
  14: evalfreturnin->evalfstop, C: D [O(n)]
  14: evalfreturnin->evalfstop, D: 0 [O(1)]
  14: evalfreturnin->evalfstop, E: max{1, E, 1+B} [O(n)]
  14: evalfreturnin->evalfstop, F: max{F, A, max{C, F, 1+C}} [O(n)]
  14: evalfreturnin->evalfstop, G: max{G, D, G} [O(n)]
  0: evalfstart->evalfentryin, A: A [O(n)]
  0: evalfstart->evalfentryin, B: B [O(n)]
  0: evalfstart->evalfentryin, C: C [O(n)]
  0: evalfstart->evalfentryin, D: D [O(n)]
  0: evalfstart->evalfentryin, E: E [O(n)]
  0: evalfstart->evalfentryin, F: F [O(n)]
  0: evalfstart->evalfentryin, G: G [O(n)]
