Timebounds: 
  Overall timebound: max{1, 102+B+-C-A} [O(n)]
  0: eval->eval: max{0, 101+B+-C-A} [O(n)]
  1: start->eval: 1 [O(1)]

Costbounds:
  Overall costbound: max{1, 102+B+-C-A} [O(n)]
  0: eval->eval: max{0, 101+B+-C-A} [O(n)]
  1: start->eval: 1 [O(1)]

Sizebounds:
`Lower:
  0: eval->eval, A: -max{-A, -C} [O(n)]
  0: eval->eval, B: B-max{0, 101+B+-C-A} [O(n)]
  0: eval->eval, C: -max{-A, -C} [O(n)]
  1: start->eval, A: A [O(n)]
  1: start->eval, B: B [O(n)]
  1: start->eval, C: C [O(n)]
`Upper:
  0: eval->eval, A: max{101, C} [O(n)]
  0: eval->eval, B: B [O(n)]
  0: eval->eval, C: 101 [O(1)]
  1: start->eval, A: A [O(n)]
  1: start->eval, B: B [O(n)]
  1: start->eval, C: C [O(n)]
