Timebounds: 
  Overall timebound: inf [Infinity]
  0: eval->eval: inf [Infinity]
  1: eval->eval: inf [Infinity]
  2: start->eval: 1 [O(1)]

Costbounds:
  Overall costbound: inf [Infinity]
  0: eval->eval: inf [Infinity]
  1: eval->eval: inf [Infinity]
  2: start->eval: 1 [O(1)]

Sizebounds:
`Lower:
  0: eval->eval, A: 0 [O(1)]
  0: eval->eval, B: 1 [O(1)]
  1: eval->eval, A: -1 [O(1)]
  1: eval->eval, B: 2 [O(1)]
  2: start->eval, A: A [O(n)]
  2: start->eval, B: B [O(n)]
`Upper:
  2: start->eval, A: A [O(n)]
  2: start->eval, B: B [O(n)]
