Timebounds: 
  Overall timebound: inf [Infinity]
  6: evalfbb1in->evalfbb3in: max{0, C} [O(n)]
  2: evalfbb3in->evalfbbin: max{100, 100+100*C} [O(n)]
  3: evalfbb3in->evalfreturnin: 1 [O(1)]
  4: evalfbbin->evalfbb1in: max{0, C} [O(n)]
  1: evalfentryin->evalfbb3in: 1 [O(1)]
  8: evalfreturnin->evalfstop: 1 [O(1)]
  0: evalfstart->evalfentryin: 1 [O(1)]

Costbounds:
  Overall costbound: inf [Infinity]
  6: evalfbb1in->evalfbb3in: max{0, C} [O(n)]
  7: evalfbb2in->evalfbb3in: inf [Infinity]
  2: evalfbb3in->evalfbbin: max{100, 100+100*C} [O(n)]
  3: evalfbb3in->evalfreturnin: 1 [O(1)]
  4: evalfbbin->evalfbb1in: max{0, C} [O(n)]
  5: evalfbbin->evalfbb2in: inf [Infinity]
  1: evalfentryin->evalfbb3in: 1 [O(1)]
  8: evalfreturnin->evalfstop: 1 [O(1)]
  0: evalfstart->evalfentryin: 1 [O(1)]

Sizebounds:
`Lower:
  6: evalfbb1in->evalfbb3in, A: 0 [O(1)]
  6: evalfbb1in->evalfbb3in, B: 0 [O(1)]
  7: evalfbb2in->evalfbb3in, A: 0 [O(1)]
  7: evalfbb2in->evalfbb3in, B: 1 [O(1)]
  2: evalfbb3in->evalfbbin, A: 0 [O(1)]
  2: evalfbb3in->evalfbbin, B: 0 [O(1)]
  3: evalfbb3in->evalfreturnin, A: 0 [O(1)]
  3: evalfbb3in->evalfreturnin, B: 100 [O(1)]
  4: evalfbbin->evalfbb1in, A: 0 [O(1)]
  4: evalfbbin->evalfbb1in, B: 0 [O(1)]
  5: evalfbbin->evalfbb2in, A: 0 [O(1)]
  5: evalfbbin->evalfbb2in, B: 0 [O(1)]
  1: evalfentryin->evalfbb3in, A: 0 [O(1)]
  1: evalfentryin->evalfbb3in, B: 0 [O(1)]
  1: evalfentryin->evalfbb3in, C: C [O(n)]
  8: evalfreturnin->evalfstop, A: 0 [O(1)]
  8: evalfreturnin->evalfstop, B: 100 [O(1)]
  0: evalfstart->evalfentryin, A: A [O(n)]
  0: evalfstart->evalfentryin, B: B [O(n)]
  0: evalfstart->evalfentryin, C: C [O(n)]
`Upper:
  6: evalfbb1in->evalfbb3in, A: max{0, C} [O(n)]
  6: evalfbb1in->evalfbb3in, B: 99 [O(1)]
  6: evalfbb1in->evalfbb3in, C: max{0, C} [O(n)]
  7: evalfbb2in->evalfbb3in, A: max{0, C} [O(n)]
  7: evalfbb2in->evalfbb3in, B: 100 [O(1)]
  7: evalfbb2in->evalfbb3in, C: max{0, C} [O(n)]
  2: evalfbb3in->evalfbbin, A: max{0, C} [O(n)]
  2: evalfbb3in->evalfbbin, B: 99 [O(1)]
  2: evalfbb3in->evalfbbin, C: max{0, C} [O(n)]
  3: evalfbb3in->evalfreturnin, A: max{0, C} [O(n)]
  3: evalfbb3in->evalfreturnin, B: 100 [O(1)]
  3: evalfbb3in->evalfreturnin, C: max{0, C} [O(n)]
  4: evalfbbin->evalfbb1in, A: max{0, C} [O(n)]
  4: evalfbbin->evalfbb1in, B: 99 [O(1)]
  4: evalfbbin->evalfbb1in, C: max{0, C} [O(n)]
  5: evalfbbin->evalfbb2in, A: max{0, C} [O(n)]
  5: evalfbbin->evalfbb2in, B: 99 [O(1)]
  5: evalfbbin->evalfbb2in, C: max{0, C} [O(n)]
  1: evalfentryin->evalfbb3in, A: 0 [O(1)]
  1: evalfentryin->evalfbb3in, B: 0 [O(1)]
  1: evalfentryin->evalfbb3in, C: C [O(n)]
  8: evalfreturnin->evalfstop, A: max{0, C} [O(n)]
  8: evalfreturnin->evalfstop, B: 100 [O(1)]
  8: evalfreturnin->evalfstop, C: max{0, C} [O(n)]
  0: evalfstart->evalfentryin, A: A [O(n)]
  0: evalfstart->evalfentryin, B: B [O(n)]
  0: evalfstart->evalfentryin, C: C [O(n)]
