Timebounds: 
  Overall timebound: inf [Infinity]
  6: evalfbb1in->evalfbb3in: inf [Infinity]
  7: evalfbb2in->evalfbb3in: max{0, C} [O(n)]
  2: evalfbb3in->evalfbbin: inf [Infinity]
  3: evalfbb3in->evalfreturnin: 1 [O(1)]
  4: evalfbbin->evalfbb1in: inf [Infinity]
  5: evalfbbin->evalfbb2in: max{0, C} [O(n)]
  1: evalfentryin->evalfbb3in: 1 [O(1)]
  8: evalfreturnin->evalfstop: 1 [O(1)]
  0: evalfstart->evalfentryin: 1 [O(1)]

Costbounds:
  Overall costbound: inf [Infinity]
  6: evalfbb1in->evalfbb3in: inf [Infinity]
  7: evalfbb2in->evalfbb3in: max{0, C} [O(n)]
  2: evalfbb3in->evalfbbin: inf [Infinity]
  3: evalfbb3in->evalfreturnin: 1 [O(1)]
  4: evalfbbin->evalfbb1in: inf [Infinity]
  5: evalfbbin->evalfbb2in: max{0, C} [O(n)]
  1: evalfentryin->evalfbb3in: 1 [O(1)]
  8: evalfreturnin->evalfstop: 1 [O(1)]
  0: evalfstart->evalfentryin: 1 [O(1)]

Sizebounds:
`Lower:
  6: evalfbb1in->evalfbb3in, A: 0 [O(1)]
  6: evalfbb1in->evalfbb3in, B: 0 [O(1)]
  6: evalfbb1in->evalfbb3in, C: C [O(n)]
  6: evalfbb1in->evalfbb3in, D: -inf [Infinity]
  7: evalfbb2in->evalfbb3in, A: 0 [O(1)]
  7: evalfbb2in->evalfbb3in, B: 0 [O(1)]
  7: evalfbb2in->evalfbb3in, C: C [O(n)]
  7: evalfbb2in->evalfbb3in, D: -inf [Infinity]
  2: evalfbb3in->evalfbbin, A: 0 [O(1)]
  2: evalfbb3in->evalfbbin, B: 0 [O(1)]
  2: evalfbb3in->evalfbbin, C: C [O(n)]
  2: evalfbb3in->evalfbbin, D: -inf [Infinity]
  3: evalfbb3in->evalfreturnin, A: 0 [O(1)]
  3: evalfbb3in->evalfreturnin, B: 0 [O(1)]
  3: evalfbb3in->evalfreturnin, C: C [O(n)]
  3: evalfbb3in->evalfreturnin, D: -inf [Infinity]
  4: evalfbbin->evalfbb1in, A: 0 [O(1)]
  4: evalfbbin->evalfbb1in, B: 0 [O(1)]
  4: evalfbbin->evalfbb1in, C: C [O(n)]
  4: evalfbbin->evalfbb1in, D: -inf [Infinity]
  5: evalfbbin->evalfbb2in, A: 0 [O(1)]
  5: evalfbbin->evalfbb2in, B: 0 [O(1)]
  5: evalfbbin->evalfbb2in, C: C [O(n)]
  5: evalfbbin->evalfbb2in, D: -inf [Infinity]
  1: evalfentryin->evalfbb3in, A: 0 [O(1)]
  1: evalfentryin->evalfbb3in, B: 0 [O(1)]
  1: evalfentryin->evalfbb3in, C: C [O(n)]
  1: evalfentryin->evalfbb3in, D: D [O(n)]
  8: evalfreturnin->evalfstop, A: 0 [O(1)]
  8: evalfreturnin->evalfstop, B: 0 [O(1)]
  8: evalfreturnin->evalfstop, C: C [O(n)]
  8: evalfreturnin->evalfstop, D: -inf [Infinity]
  0: evalfstart->evalfentryin, A: A [O(n)]
  0: evalfstart->evalfentryin, B: B [O(n)]
  0: evalfstart->evalfentryin, C: C [O(n)]
  0: evalfstart->evalfentryin, D: D [O(n)]
`Upper:
  6: evalfbb1in->evalfbb3in, A: inf [Infinity]
  6: evalfbb1in->evalfbb3in, B: max{0, C} [O(n)]
  6: evalfbb1in->evalfbb3in, C: C [O(n)]
  6: evalfbb1in->evalfbb3in, D: inf [Infinity]
  7: evalfbb2in->evalfbb3in, A: 0 [O(1)]
  7: evalfbb2in->evalfbb3in, B: max{0, C} [O(n)]
  7: evalfbb2in->evalfbb3in, C: C [O(n)]
  7: evalfbb2in->evalfbb3in, D: inf [Infinity]
  2: evalfbb3in->evalfbbin, A: inf [Infinity]
  2: evalfbb3in->evalfbbin, B: max{0, C} [O(n)]
  2: evalfbb3in->evalfbbin, C: C [O(n)]
  2: evalfbb3in->evalfbbin, D: inf [Infinity]
  3: evalfbb3in->evalfreturnin, A: inf [Infinity]
  3: evalfbb3in->evalfreturnin, B: max{0, C} [O(n)]
  3: evalfbb3in->evalfreturnin, C: max{0, C} [O(n)]
  3: evalfbb3in->evalfreturnin, D: inf [Infinity]
  4: evalfbbin->evalfbb1in, A: inf [Infinity]
  4: evalfbbin->evalfbb1in, B: max{0, C} [O(n)]
  4: evalfbbin->evalfbb1in, C: C [O(n)]
  4: evalfbbin->evalfbb1in, D: inf [Infinity]
  5: evalfbbin->evalfbb2in, A: inf [Infinity]
  5: evalfbbin->evalfbb2in, B: max{0, C} [O(n)]
  5: evalfbbin->evalfbb2in, C: C [O(n)]
  5: evalfbbin->evalfbb2in, D: inf [Infinity]
  1: evalfentryin->evalfbb3in, A: 0 [O(1)]
  1: evalfentryin->evalfbb3in, B: 0 [O(1)]
  1: evalfentryin->evalfbb3in, C: C [O(n)]
  1: evalfentryin->evalfbb3in, D: D [O(n)]
  8: evalfreturnin->evalfstop, A: inf [Infinity]
  8: evalfreturnin->evalfstop, B: max{0, C} [O(n)]
  8: evalfreturnin->evalfstop, C: max{0, C} [O(n)]
  8: evalfreturnin->evalfstop, D: inf [Infinity]
  0: evalfstart->evalfentryin, A: A [O(n)]
  0: evalfstart->evalfentryin, B: B [O(n)]
  0: evalfstart->evalfentryin, C: C [O(n)]
  0: evalfstart->evalfentryin, D: D [O(n)]
