Timebounds: 
  Overall timebound: 5+2*2*2*max{0, B}+2*max{0, 1+B} [O(n)]
  12: evalfbb1in->evalfbb2in: max{0, B} [O(n)]
  7: evalfbb2in->evalfbb4in: max{0, B} [O(n)]
  8: evalfbb2in->evalfbb3in: max{0, B} [O(n)]
  9: evalfbb3in->evalfbb1in: max{0, B} [O(n)]
  10: evalfbb3in->evalfbb1in: max{0, B} [O(n)]
  11: evalfbb3in->evalfbb4in: max{0, B} [O(n)]
  13: evalfbb4in->evalfbb5in: max{0, B} [O(n)]
  2: evalfbb5in->evalfreturnin: 1 [O(1)]
  3: evalfbb5in->evalfbb6in: max{0, B} [O(n)]
  4: evalfbb6in->evalfbb2in: max{0, 1+B} [O(n)]
  5: evalfbb6in->evalfbb2in: max{0, 1+B} [O(n)]
  6: evalfbb6in->evalfreturnin: 1 [O(1)]
  1: evalfentryin->evalfbb5in: 1 [O(1)]
  14: evalfreturnin->evalfstop: 1 [O(1)]
  0: evalfstart->evalfentryin: 1 [O(1)]

Costbounds:
  Overall costbound: 5+2*2*2*max{0, B}+2*max{0, 1+B} [O(n)]
  12: evalfbb1in->evalfbb2in: max{0, B} [O(n)]
  7: evalfbb2in->evalfbb4in: max{0, B} [O(n)]
  8: evalfbb2in->evalfbb3in: max{0, B} [O(n)]
  9: evalfbb3in->evalfbb1in: max{0, B} [O(n)]
  10: evalfbb3in->evalfbb1in: max{0, B} [O(n)]
  11: evalfbb3in->evalfbb4in: max{0, B} [O(n)]
  13: evalfbb4in->evalfbb5in: max{0, B} [O(n)]
  2: evalfbb5in->evalfreturnin: 1 [O(1)]
  3: evalfbb5in->evalfbb6in: max{0, B} [O(n)]
  4: evalfbb6in->evalfbb2in: max{0, 1+B} [O(n)]
  5: evalfbb6in->evalfbb2in: max{0, 1+B} [O(n)]
  6: evalfbb6in->evalfreturnin: 1 [O(1)]
  1: evalfentryin->evalfbb5in: 1 [O(1)]
  14: evalfreturnin->evalfstop: 1 [O(1)]
  0: evalfstart->evalfentryin: 1 [O(1)]

Sizebounds:
`Lower:
  12: evalfbb1in->evalfbb2in, A: 0 [O(1)]
  12: evalfbb1in->evalfbb2in, B: -max{0, -B} [O(n)]
  12: evalfbb1in->evalfbb2in, C: 1 [O(1)]
  7: evalfbb2in->evalfbb4in, A: 0 [O(1)]
  7: evalfbb2in->evalfbb4in, B: -max{0, -B} [O(n)]
  7: evalfbb2in->evalfbb4in, C: 0 [O(1)]
  8: evalfbb2in->evalfbb3in, A: 0 [O(1)]
  8: evalfbb2in->evalfbb3in, B: -max{0, -B} [O(n)]
  8: evalfbb2in->evalfbb3in, C: 0 [O(1)]
  9: evalfbb3in->evalfbb1in, A: 0 [O(1)]
  9: evalfbb3in->evalfbb1in, B: -max{0, -B} [O(n)]
  9: evalfbb3in->evalfbb1in, C: 0 [O(1)]
  10: evalfbb3in->evalfbb1in, A: 0 [O(1)]
  10: evalfbb3in->evalfbb1in, B: -max{0, -B} [O(n)]
  10: evalfbb3in->evalfbb1in, C: 0 [O(1)]
  11: evalfbb3in->evalfbb4in, A: 0 [O(1)]
  11: evalfbb3in->evalfbb4in, B: -max{0, -B} [O(n)]
  11: evalfbb3in->evalfbb4in, C: 0 [O(1)]
  13: evalfbb4in->evalfbb5in, A: 0 [O(1)]
  13: evalfbb4in->evalfbb5in, B: -max{0, -B} [O(n)]
  13: evalfbb4in->evalfbb5in, C: 0 [O(1)]
  2: evalfbb5in->evalfreturnin, A: 0 [O(1)]
  2: evalfbb5in->evalfreturnin, B: -max{0, -B} [O(n)]
  2: evalfbb5in->evalfreturnin, C: -max{0, -C} [O(n)]
  3: evalfbb5in->evalfbb6in, A: 0 [O(1)]
  3: evalfbb5in->evalfbb6in, B: -max{0, -B} [O(n)]
  3: evalfbb5in->evalfbb6in, C: -max{0, -C} [O(n)]
  4: evalfbb6in->evalfbb2in, A: 0 [O(1)]
  4: evalfbb6in->evalfbb2in, B: -max{0, -B} [O(n)]
  4: evalfbb6in->evalfbb2in, C: 0 [O(1)]
  5: evalfbb6in->evalfbb2in, A: 0 [O(1)]
  5: evalfbb6in->evalfbb2in, B: -max{0, -B} [O(n)]
  5: evalfbb6in->evalfbb2in, C: 0 [O(1)]
  6: evalfbb6in->evalfreturnin, A: 0 [O(1)]
  6: evalfbb6in->evalfreturnin, B: 1 [O(1)]
  6: evalfbb6in->evalfreturnin, C: -max{0, -C} [O(n)]
  1: evalfentryin->evalfbb5in, A: 0 [O(1)]
  1: evalfentryin->evalfbb5in, B: B [O(n)]
  1: evalfentryin->evalfbb5in, C: C [O(n)]
  14: evalfreturnin->evalfstop, A: 0 [O(1)]
  14: evalfreturnin->evalfstop, B: -max{-1, 0, -B} [O(n)]
  14: evalfreturnin->evalfstop, C: -max{0, -C} [O(n)]
  0: evalfstart->evalfentryin, A: A [O(n)]
  0: evalfstart->evalfentryin, B: B [O(n)]
  0: evalfstart->evalfentryin, C: C [O(n)]
`Upper:
  12: evalfbb1in->evalfbb2in, A: max{0, max{-1, 0, max{B, -1+B}}+max{0, B}} [O(n)]
  12: evalfbb1in->evalfbb2in, B: max{0, B} [O(n)]
  12: evalfbb1in->evalfbb2in, C: max{0, B} [O(n)]
  7: evalfbb2in->evalfbb4in, A: max{0, max{-1, 0, max{B, -1+B}}+max{0, B}} [O(n)]
  7: evalfbb2in->evalfbb4in, B: max{0, B} [O(n)]
  7: evalfbb2in->evalfbb4in, C: max{-1, 0, max{B, -1+B}}+max{0, B} [O(n)]
  8: evalfbb2in->evalfbb3in, A: max{0, max{-1, 0, max{B, -1+B}}+max{0, B}} [O(n)]
  8: evalfbb2in->evalfbb3in, B: max{0, B} [O(n)]
  8: evalfbb2in->evalfbb3in, C: max{-1, -1+B} [O(n)]
  9: evalfbb3in->evalfbb1in, A: max{0, max{-1, 0, max{B, -1+B}}+max{0, B}} [O(n)]
  9: evalfbb3in->evalfbb1in, B: max{0, B} [O(n)]
  9: evalfbb3in->evalfbb1in, C: max{-1, -1+B} [O(n)]
  10: evalfbb3in->evalfbb1in, A: max{0, max{-1, 0, max{B, -1+B}}+max{0, B}} [O(n)]
  10: evalfbb3in->evalfbb1in, B: max{0, B} [O(n)]
  10: evalfbb3in->evalfbb1in, C: max{-1, -1+B} [O(n)]
  11: evalfbb3in->evalfbb4in, A: max{0, max{-1, 0, max{B, -1+B}}+max{0, B}} [O(n)]
  11: evalfbb3in->evalfbb4in, B: max{0, B} [O(n)]
  11: evalfbb3in->evalfbb4in, C: max{-1, -1+B} [O(n)]
  13: evalfbb4in->evalfbb5in, A: max{-1, 0, max{B, -1+B}}+max{0, B} [O(n)]
  13: evalfbb4in->evalfbb5in, B: max{0, B} [O(n)]
  13: evalfbb4in->evalfbb5in, C: max{-1, max{-1, 0, max{B, -1+B}}+max{0, B}, -1+B} [O(n)]
  2: evalfbb5in->evalfreturnin, A: max{0, max{-1, 0, max{B, -1+B}}+max{0, B}} [O(n)]
  2: evalfbb5in->evalfreturnin, B: max{0, max{-1, 0, max{B, -1+B}}+max{0, B}} [O(n)]
  2: evalfbb5in->evalfreturnin, C: max{-1, C, max{max{-1, 0, max{B, -1+B}}+max{0, B}, -1+B}} [O(n)]
  3: evalfbb5in->evalfbb6in, A: max{-1, 0, max{B, -1+B}}+max{0, B} [O(n)]
  3: evalfbb5in->evalfbb6in, B: max{0, B} [O(n)]
  3: evalfbb5in->evalfbb6in, C: max{-1, C, max{max{-1, 0, max{B, -1+B}}+max{0, B}, -1+B}} [O(n)]
  4: evalfbb6in->evalfbb2in, A: max{-1, 0, max{B, -1+B}}+max{0, B} [O(n)]
  4: evalfbb6in->evalfbb2in, B: max{0, B} [O(n)]
  4: evalfbb6in->evalfbb2in, C: max{-1, 0, max{B, -1+B}}+max{0, B} [O(n)]
  5: evalfbb6in->evalfbb2in, A: max{-1, 0, max{B, -1+B}}+max{0, B} [O(n)]
  5: evalfbb6in->evalfbb2in, B: max{0, B} [O(n)]
  5: evalfbb6in->evalfbb2in, C: max{-1, 0, max{B, -1+B}}+max{0, B} [O(n)]
  6: evalfbb6in->evalfreturnin, A: max{-1, 0, max{B, -1+B}}+max{0, B} [O(n)]
  6: evalfbb6in->evalfreturnin, B: max{0, B} [O(n)]
  6: evalfbb6in->evalfreturnin, C: max{-1, C, max{max{-1, 0, max{B, -1+B}}+max{0, B}, -1+B}} [O(n)]
  1: evalfentryin->evalfbb5in, A: 0 [O(1)]
  1: evalfentryin->evalfbb5in, B: B [O(n)]
  1: evalfentryin->evalfbb5in, C: C [O(n)]
  14: evalfreturnin->evalfstop, A: max{0, max{-1, 0, max{B, -1+B}}+max{0, B}} [O(n)]
  14: evalfreturnin->evalfstop, B: max{0, B, max{-1, 0, max{B, -1+B}}+max{0, B}} [O(n)]
  14: evalfreturnin->evalfstop, C: max{-1, C, max{max{-1, 0, max{B, -1+B}}+max{0, B}, -1+B}} [O(n)]
  0: evalfstart->evalfentryin, A: A [O(n)]
  0: evalfstart->evalfentryin, B: B [O(n)]
  0: evalfstart->evalfentryin, C: C [O(n)]
