Timebounds: 
  Overall timebound: inf [Infinity]
  28: f0->f31: 1 [O(1)]
  29: f0->f31: 1 [O(1)]
  17: f104->f144: 1 [O(1)]
  18: f104->f104: inf [Infinity]
  10: f144->f211: 1 [O(1)]
  13: f144->f144: inf [Infinity]
  14: f144->f144: inf [Infinity]
  15: f144->f172: inf [Infinity]
  16: f144->f172: inf [Infinity]
  12: f172->f144: inf [Infinity]
  8: f211->f211: inf [Infinity]
  9: f211->f235: 1 [O(1)]
  6: f235->f235: inf [Infinity]
  1: f31->f31: max{0, M2}+max{0, O2} [O(n)]
  2: f31->f42: max{0, M2}+max{0, O2} [O(n)]
  26: f31->f42: max{0, M2}+max{0, O2} [O(n)]
  27: f31->f67: 1 [O(1)]
  24: f42->f31: max{0, M2}+max{0, O2} [O(n)]
  25: f42->f31: max{0, M2}+max{0, O2} [O(n)]
  4: f67->f77: inf [Infinity]
  22: f67->f77: inf [Infinity]
  23: f67->f104: 1 [O(1)]
  5: f77->f81: inf [Infinity]
  21: f77->f81: inf [Infinity]
  0: f81->f83: inf [Infinity]
  20: f81->f83: inf [Infinity]
  3: f83->f67: inf [Infinity]
  19: f83->f67: inf [Infinity]

Costbounds:
  Overall costbound: inf [Infinity]
  28: f0->f31: 1 [O(1)]
  29: f0->f31: 1 [O(1)]
  17: f104->f144: 1 [O(1)]
  18: f104->f104: inf [Infinity]
  10: f144->f211: 1 [O(1)]
  13: f144->f144: inf [Infinity]
  14: f144->f144: inf [Infinity]
  15: f144->f172: inf [Infinity]
  16: f144->f172: inf [Infinity]
  12: f172->f144: inf [Infinity]
  8: f211->f211: inf [Infinity]
  9: f211->f235: 1 [O(1)]
  6: f235->f235: inf [Infinity]
  1: f31->f31: max{0, M2}+max{0, O2} [O(n)]
  2: f31->f42: max{0, M2}+max{0, O2} [O(n)]
  26: f31->f42: max{0, M2}+max{0, O2} [O(n)]
  27: f31->f67: 1 [O(1)]
  24: f42->f31: max{0, M2}+max{0, O2} [O(n)]
  25: f42->f31: max{0, M2}+max{0, O2} [O(n)]
  4: f67->f77: inf [Infinity]
  22: f67->f77: inf [Infinity]
  23: f67->f104: 1 [O(1)]
  5: f77->f81: inf [Infinity]
  21: f77->f81: inf [Infinity]
  0: f81->f83: inf [Infinity]
  20: f81->f83: inf [Infinity]
  3: f83->f67: inf [Infinity]
  19: f83->f67: inf [Infinity]

Sizebounds:
`Lower:
  28: f0->f31, A: A [O(n)]
  28: f0->f31, A1: A1 [O(n)]
  28: f0->f31, A2: A2 [O(n)]
  28: f0->f31, B: M2 [O(n)]
  28: f0->f31, B1: B1 [O(n)]
  28: f0->f31, B2: B2 [O(n)]
  28: f0->f31, C: C [O(n)]
  28: f0->f31, C1: C1 [O(n)]
  28: f0->f31, C2: C2 [O(n)]
  28: f0->f31, D: D [O(n)]
  28: f0->f31, D1: D1 [O(n)]
  28: f0->f31, D2: D2 [O(n)]
  28: f0->f31, E: E [O(n)]
  28: f0->f31, E1: E1 [O(n)]
  28: f0->f31, E2: E2 [O(n)]
  28: f0->f31, F: F [O(n)]
  28: f0->f31, F1: F1 [O(n)]
  28: f0->f31, F2: L2 [O(n)]
  28: f0->f31, G: G [O(n)]
  28: f0->f31, G1: G1 [O(n)]
  28: f0->f31, G2: 0 [O(1)]
  28: f0->f31, H: H [O(n)]
  28: f0->f31, H1: H1 [O(n)]
  28: f0->f31, H2: M2 [O(n)]
  28: f0->f31, I: I [O(n)]
  28: f0->f31, I1: I1 [O(n)]
  28: f0->f31, I2: I2 [O(n)]
  28: f0->f31, J: J [O(n)]
  28: f0->f31, J1: J1 [O(n)]
  28: f0->f31, J2: J2 [O(n)]
  28: f0->f31, K: K [O(n)]
  28: f0->f31, K1: K1 [O(n)]
  28: f0->f31, K2: K2 [O(n)]
  28: f0->f31, L: L [O(n)]
  28: f0->f31, L1: L1 [O(n)]
  28: f0->f31, M: M [O(n)]
  28: f0->f31, M1: M1 [O(n)]
  28: f0->f31, N: N [O(n)]
  28: f0->f31, N1: N1 [O(n)]
  28: f0->f31, O: O [O(n)]
  28: f0->f31, O1: O1 [O(n)]
  28: f0->f31, P: P [O(n)]
  28: f0->f31, P1: P1 [O(n)]
  28: f0->f31, Q: Q [O(n)]
  28: f0->f31, Q1: Q1 [O(n)]
  28: f0->f31, R: 0 [O(1)]
  28: f0->f31, R1: R1 [O(n)]
  28: f0->f31, S: S [O(n)]
  28: f0->f31, S1: S1 [O(n)]
  28: f0->f31, T: T [O(n)]
  28: f0->f31, T1: T1 [O(n)]
  28: f0->f31, U: 0 [O(1)]
  28: f0->f31, U1: U1 [O(n)]
  28: f0->f31, V: V [O(n)]
  28: f0->f31, V1: V1 [O(n)]
  28: f0->f31, W: W [O(n)]
  28: f0->f31, W1: W1 [O(n)]
  28: f0->f31, X: X [O(n)]
  28: f0->f31, X1: X1 [O(n)]
  28: f0->f31, Y: 0 [O(1)]
  28: f0->f31, Y1: Y1 [O(n)]
  28: f0->f31, Z: Z [O(n)]
  28: f0->f31, Z1: Z1 [O(n)]
  29: f0->f31, A: A [O(n)]
  29: f0->f31, A1: A1 [O(n)]
  29: f0->f31, A2: A2 [O(n)]
  29: f0->f31, B: O2 [O(n)]
  29: f0->f31, B1: B1 [O(n)]
  29: f0->f31, B2: B2 [O(n)]
  29: f0->f31, C: C [O(n)]
  29: f0->f31, C1: C1 [O(n)]
  29: f0->f31, C2: C2 [O(n)]
  29: f0->f31, D: D [O(n)]
  29: f0->f31, D1: D1 [O(n)]
  29: f0->f31, D2: D2 [O(n)]
  29: f0->f31, E: E [O(n)]
  29: f0->f31, E1: E1 [O(n)]
  29: f0->f31, E2: E2 [O(n)]
  29: f0->f31, F: F [O(n)]
  29: f0->f31, F1: F1 [O(n)]
  29: f0->f31, F2: 1 [O(1)]
  29: f0->f31, G: G [O(n)]
  29: f0->f31, G1: G1 [O(n)]
  29: f0->f31, G2: 0 [O(1)]
  29: f0->f31, H: H [O(n)]
  29: f0->f31, H1: H1 [O(n)]
  29: f0->f31, H2: O2 [O(n)]
  29: f0->f31, I: I [O(n)]
  29: f0->f31, I1: I1 [O(n)]
  29: f0->f31, I2: M2 [O(n)]
  29: f0->f31, J: J [O(n)]
  29: f0->f31, J1: J1 [O(n)]
  29: f0->f31, J2: N2 [O(n)]
  29: f0->f31, K: K [O(n)]
  29: f0->f31, K1: K1 [O(n)]
  29: f0->f31, K2: 0 [O(1)]
  29: f0->f31, L: L [O(n)]
  29: f0->f31, L1: L1 [O(n)]
  29: f0->f31, M: M [O(n)]
  29: f0->f31, M1: M1 [O(n)]
  29: f0->f31, N: N [O(n)]
  29: f0->f31, N1: N1 [O(n)]
  29: f0->f31, O: O [O(n)]
  29: f0->f31, O1: O1 [O(n)]
  29: f0->f31, P: P [O(n)]
  29: f0->f31, P1: P1 [O(n)]
  29: f0->f31, Q: Q [O(n)]
  29: f0->f31, Q1: Q1 [O(n)]
  29: f0->f31, R: 0 [O(1)]
  29: f0->f31, R1: R1 [O(n)]
  29: f0->f31, S: S [O(n)]
  29: f0->f31, S1: S1 [O(n)]
  29: f0->f31, T: T [O(n)]
  29: f0->f31, T1: T1 [O(n)]
  29: f0->f31, U: 0 [O(1)]
  29: f0->f31, U1: U1 [O(n)]
  29: f0->f31, V: V [O(n)]
  29: f0->f31, V1: V1 [O(n)]
  29: f0->f31, W: W [O(n)]
  29: f0->f31, W1: W1 [O(n)]
  29: f0->f31, X: X [O(n)]
  29: f0->f31, X1: X1 [O(n)]
  29: f0->f31, Y: 0 [O(1)]
  29: f0->f31, Y1: Y1 [O(n)]
  29: f0->f31, Z: Z [O(n)]
  29: f0->f31, Z1: Z1 [O(n)]
  17: f104->f144, A1: A1 [O(n)]
  17: f104->f144, B: -max{0, -M2, -O2} [O(n)]
  17: f104->f144, B1: B1 [O(n)]
  17: f104->f144, C1: C1 [O(n)]
  17: f104->f144, C2: -max{-1, -C2} [O(n)]
  17: f104->f144, D1: D1 [O(n)]
  17: f104->f144, E1: E1 [O(n)]
  17: f104->f144, F1: F1 [O(n)]
  17: f104->f144, F2: -max{-1, -L2} [O(n)]
  17: f104->f144, G1: G1 [O(n)]
  17: f104->f144, G2: 0 [O(1)]
  17: f104->f144, H1: H1 [O(n)]
  17: f104->f144, H2: -max{-1, -M2, -O2} [O(n)]
  17: f104->f144, I1: I1 [O(n)]
  17: f104->f144, I2: -max{-I2, -M2, max{-M2, -I2}} [O(n)]
  17: f104->f144, J1: J1 [O(n)]
  17: f104->f144, J2: -max{-J2, -N2, max{-N2, -J2}} [O(n)]
  17: f104->f144, K: K [O(n)]
  17: f104->f144, K1: K1 [O(n)]
  17: f104->f144, K2: -max{0, -K2} [O(n)]
  17: f104->f144, L: L [O(n)]
  17: f104->f144, L1: L1 [O(n)]
  17: f104->f144, M: M [O(n)]
  17: f104->f144, M1: M1 [O(n)]
  17: f104->f144, N: N [O(n)]
  17: f104->f144, N1: N1 [O(n)]
  17: f104->f144, O: O [O(n)]
  17: f104->f144, O1: O1 [O(n)]
  17: f104->f144, P: P [O(n)]
  17: f104->f144, P1: P1 [O(n)]
  17: f104->f144, Q: Q [O(n)]
  17: f104->f144, Q1: Q1 [O(n)]
  17: f104->f144, R: 0 [O(1)]
  17: f104->f144, R1: R1 [O(n)]
  17: f104->f144, S: S [O(n)]
  17: f104->f144, S1: S1 [O(n)]
  17: f104->f144, U: 0 [O(1)]
  17: f104->f144, V: V [O(n)]
  17: f104->f144, W: W [O(n)]
  17: f104->f144, X: X [O(n)]
  17: f104->f144, Y: 0 [O(1)]
  17: f104->f144, Z: Z [O(n)]
  18: f104->f104, A1: A1 [O(n)]
  18: f104->f104, B: -max{0, -M2, -O2} [O(n)]
  18: f104->f104, B1: B1 [O(n)]
  18: f104->f104, C1: C1 [O(n)]
  18: f104->f104, C2: -max{-1, -C2} [O(n)]
  18: f104->f104, D1: D1 [O(n)]
  18: f104->f104, E1: E1 [O(n)]
  18: f104->f104, F1: F1 [O(n)]
  18: f104->f104, F2: -max{-1, -L2} [O(n)]
  18: f104->f104, G1: G1 [O(n)]
  18: f104->f104, G2: 0 [O(1)]
  18: f104->f104, H1: H1 [O(n)]
  18: f104->f104, H2: -max{-1, -M2, -O2} [O(n)]
  18: f104->f104, I1: I1 [O(n)]
  18: f104->f104, I2: -max{-I2, -M2, max{-M2, -I2}} [O(n)]
  18: f104->f104, J1: J1 [O(n)]
  18: f104->f104, J2: -max{-J2, -N2, max{-N2, -J2}} [O(n)]
  18: f104->f104, K: K [O(n)]
  18: f104->f104, K1: K1 [O(n)]
  18: f104->f104, K2: -max{0, -K2} [O(n)]
  18: f104->f104, L: L [O(n)]
  18: f104->f104, L1: L1 [O(n)]
  18: f104->f104, M: M [O(n)]
  18: f104->f104, M1: M1 [O(n)]
  18: f104->f104, N: N [O(n)]
  18: f104->f104, N1: N1 [O(n)]
  18: f104->f104, O: O [O(n)]
  18: f104->f104, O1: O1 [O(n)]
  18: f104->f104, P: P [O(n)]
  18: f104->f104, P1: P1 [O(n)]
  18: f104->f104, Q: Q [O(n)]
  18: f104->f104, Q1: Q1 [O(n)]
  18: f104->f104, R: 0 [O(1)]
  18: f104->f104, R1: R1 [O(n)]
  18: f104->f104, S: S [O(n)]
  18: f104->f104, S1: S1 [O(n)]
  18: f104->f104, T: T [O(n)]
  18: f104->f104, T1: 1 [O(1)]
  18: f104->f104, U: 0 [O(1)]
  18: f104->f104, U1: 0 [O(1)]
  18: f104->f104, V: V [O(n)]
  18: f104->f104, V1: V1 [O(n)]
  18: f104->f104, W: W [O(n)]
  18: f104->f104, W1: W1 [O(n)]
  18: f104->f104, X: X [O(n)]
  18: f104->f104, Y: 0 [O(1)]
  18: f104->f104, Z: Z [O(n)]
  10: f144->f211, A1: A1 [O(n)]
  10: f144->f211, B: -max{0, -M2, -O2} [O(n)]
  10: f144->f211, B1: B1 [O(n)]
  10: f144->f211, C1: C1 [O(n)]
  10: f144->f211, C2: -max{-1, -C2} [O(n)]
  10: f144->f211, E1: E1 [O(n)]
  10: f144->f211, F1: F1 [O(n)]
  10: f144->f211, F2: -max{-1, -L2} [O(n)]
  10: f144->f211, G1: G1 [O(n)]
  10: f144->f211, G2: 0 [O(1)]
  10: f144->f211, H1: H1 [O(n)]
  10: f144->f211, H2: -max{-1, -M2, -O2} [O(n)]
  10: f144->f211, I2: -max{-I2, -M2, max{-M2, -I2}} [O(n)]
  10: f144->f211, J2: -max{-J2, -N2, max{-N2, -J2}} [O(n)]
  10: f144->f211, K2: -max{0, -K2} [O(n)]
  10: f144->f211, L: L [O(n)]
  10: f144->f211, M: M [O(n)]
  10: f144->f211, N: N [O(n)]
  10: f144->f211, O: O [O(n)]
  10: f144->f211, O1: -max{0, -O1} [O(n)]
  10: f144->f211, P: P [O(n)]
  10: f144->f211, Q: Q [O(n)]
  10: f144->f211, R: 0 [O(1)]
  10: f144->f211, R1: -max{-1, -R1} [O(n)]
  10: f144->f211, S: S [O(n)]
  10: f144->f211, S1: -max{0, -S1} [O(n)]
  10: f144->f211, U: 0 [O(1)]
  10: f144->f211, X: -max{0, -X} [O(n)]
  10: f144->f211, Y: 0 [O(1)]
  13: f144->f144, A1: A1 [O(n)]
  13: f144->f144, B: -max{0, -M2, -O2} [O(n)]
  13: f144->f144, B1: B1 [O(n)]
  13: f144->f144, C1: C1 [O(n)]
  13: f144->f144, C2: -max{-1, -C2} [O(n)]
  13: f144->f144, E1: E1 [O(n)]
  13: f144->f144, F1: F1 [O(n)]
  13: f144->f144, F2: -max{-1, -L2} [O(n)]
  13: f144->f144, G1: G1 [O(n)]
  13: f144->f144, G2: 0 [O(1)]
  13: f144->f144, H1: H1 [O(n)]
  13: f144->f144, H2: -max{-1, -M2, -O2} [O(n)]
  13: f144->f144, I2: -max{-I2, -M2, max{-M2, -I2}} [O(n)]
  13: f144->f144, J2: -max{-J2, -N2, max{-N2, -J2}} [O(n)]
  13: f144->f144, K: K [O(n)]
  13: f144->f144, K2: -max{0, -K2} [O(n)]
  13: f144->f144, L: L [O(n)]
  13: f144->f144, M: M [O(n)]
  13: f144->f144, N: N [O(n)]
  13: f144->f144, O: O [O(n)]
  13: f144->f144, O1: -max{0, -O1} [O(n)]
  13: f144->f144, P: P [O(n)]
  13: f144->f144, Q: Q [O(n)]
  13: f144->f144, R: 0 [O(1)]
  13: f144->f144, R1: -max{-1, -R1} [O(n)]
  13: f144->f144, S: S [O(n)]
  13: f144->f144, S1: -max{0, -S1} [O(n)]
  13: f144->f144, T: 0 [O(1)]
  13: f144->f144, U: 0 [O(1)]
  13: f144->f144, V: V [O(n)]
  13: f144->f144, W: W [O(n)]
  13: f144->f144, W1: 1 [O(1)]
  13: f144->f144, X: -max{0, -X} [O(n)]
  13: f144->f144, Y: 0 [O(1)]
  14: f144->f144, A1: A1 [O(n)]
  14: f144->f144, B: -max{0, -M2, -O2} [O(n)]
  14: f144->f144, B1: B1 [O(n)]
  14: f144->f144, C1: C1 [O(n)]
  14: f144->f144, C2: -max{-1, -C2} [O(n)]
  14: f144->f144, D1: 0 [O(1)]
  14: f144->f144, E1: E1 [O(n)]
  14: f144->f144, F1: F1 [O(n)]
  14: f144->f144, F2: -max{-1, -L2} [O(n)]
  14: f144->f144, G1: G1 [O(n)]
  14: f144->f144, G2: 0 [O(1)]
  14: f144->f144, H1: H1 [O(n)]
  14: f144->f144, H2: -max{-1, -M2, -O2} [O(n)]
  14: f144->f144, I2: -max{-I2, -M2, max{-M2, -I2}} [O(n)]
  14: f144->f144, J1: 1 [O(1)]
  14: f144->f144, J2: -max{-J2, -N2, max{-N2, -J2}} [O(n)]
  14: f144->f144, K: K [O(n)]
  14: f144->f144, K1: 1 [O(1)]
  14: f144->f144, K2: -max{0, -K2} [O(n)]
  14: f144->f144, L: L [O(n)]
  14: f144->f144, M: M [O(n)]
  14: f144->f144, N: N [O(n)]
  14: f144->f144, O: O [O(n)]
  14: f144->f144, O1: 0 [O(1)]
  14: f144->f144, P: P [O(n)]
  14: f144->f144, P1: 0 [O(1)]
  14: f144->f144, Q: Q [O(n)]
  14: f144->f144, Q1: 0 [O(1)]
  14: f144->f144, R: 0 [O(1)]
  14: f144->f144, R1: -max{-1, -R1} [O(n)]
  14: f144->f144, S: S [O(n)]
  14: f144->f144, S1: -max{0, -S1} [O(n)]
  14: f144->f144, T: 0 [O(1)]
  14: f144->f144, U: 0 [O(1)]
  14: f144->f144, V: V [O(n)]
  14: f144->f144, W: W [O(n)]
  14: f144->f144, W1: 1 [O(1)]
  14: f144->f144, X: -max{0, -X} [O(n)]
  14: f144->f144, Y: 0 [O(1)]
  15: f144->f172, A1: A1 [O(n)]
  15: f144->f172, B: -max{0, -M2, -O2} [O(n)]
  15: f144->f172, B1: B1 [O(n)]
  15: f144->f172, C1: C1 [O(n)]
  15: f144->f172, C2: -max{-1, -C2} [O(n)]
  15: f144->f172, E1: E1 [O(n)]
  15: f144->f172, F1: F1 [O(n)]
  15: f144->f172, F2: -max{-1, -L2} [O(n)]
  15: f144->f172, G1: G1 [O(n)]
  15: f144->f172, G2: 0 [O(1)]
  15: f144->f172, H1: H1 [O(n)]
  15: f144->f172, H2: -max{-1, -M2, -O2} [O(n)]
  15: f144->f172, I2: -max{-I2, -M2, max{-M2, -I2}} [O(n)]
  15: f144->f172, J1: 1 [O(1)]
  15: f144->f172, J2: -max{-J2, -N2, max{-N2, -J2}} [O(n)]
  15: f144->f172, K: K [O(n)]
  15: f144->f172, K1: 1 [O(1)]
  15: f144->f172, K2: -max{0, -K2} [O(n)]
  15: f144->f172, L: L [O(n)]
  15: f144->f172, M: M [O(n)]
  15: f144->f172, N: N [O(n)]
  15: f144->f172, O: O [O(n)]
  15: f144->f172, O1: 0 [O(1)]
  15: f144->f172, P: P [O(n)]
  15: f144->f172, Q: Q [O(n)]
  15: f144->f172, R: 0 [O(1)]
  15: f144->f172, R1: 1 [O(1)]
  15: f144->f172, S: S [O(n)]
  15: f144->f172, S1: 0 [O(1)]
  15: f144->f172, T: 0 [O(1)]
  15: f144->f172, U: 0 [O(1)]
  15: f144->f172, V: V [O(n)]
  15: f144->f172, W: W [O(n)]
  15: f144->f172, W1: 1 [O(1)]
  15: f144->f172, X: 0 [O(1)]
  15: f144->f172, Y: 0 [O(1)]
  16: f144->f172, A1: A1 [O(n)]
  16: f144->f172, B: -max{0, -M2, -O2} [O(n)]
  16: f144->f172, B1: B1 [O(n)]
  16: f144->f172, C1: C1 [O(n)]
  16: f144->f172, C2: -max{-1, -C2} [O(n)]
  16: f144->f172, D1: 1 [O(1)]
  16: f144->f172, E1: E1 [O(n)]
  16: f144->f172, F1: F1 [O(n)]
  16: f144->f172, F2: -max{-1, -L2} [O(n)]
  16: f144->f172, G1: G1 [O(n)]
  16: f144->f172, G2: 0 [O(1)]
  16: f144->f172, H1: H1 [O(n)]
  16: f144->f172, H2: -max{-1, -M2, -O2} [O(n)]
  16: f144->f172, I2: -max{-I2, -M2, max{-M2, -I2}} [O(n)]
  16: f144->f172, J1: 1 [O(1)]
  16: f144->f172, J2: -max{-J2, -N2, max{-N2, -J2}} [O(n)]
  16: f144->f172, K: K [O(n)]
  16: f144->f172, K1: 1 [O(1)]
  16: f144->f172, K2: -max{0, -K2} [O(n)]
  16: f144->f172, L: L [O(n)]
  16: f144->f172, M: M [O(n)]
  16: f144->f172, N: N [O(n)]
  16: f144->f172, O: O [O(n)]
  16: f144->f172, O1: 0 [O(1)]
  16: f144->f172, P: P [O(n)]
  16: f144->f172, P1: 1 [O(1)]
  16: f144->f172, Q: Q [O(n)]
  16: f144->f172, Q1: 1 [O(1)]
  16: f144->f172, R: 0 [O(1)]
  16: f144->f172, R1: 1 [O(1)]
  16: f144->f172, S: S [O(n)]
  16: f144->f172, S1: 0 [O(1)]
  16: f144->f172, T: 0 [O(1)]
  16: f144->f172, U: 0 [O(1)]
  16: f144->f172, V: V [O(n)]
  16: f144->f172, W: W [O(n)]
  16: f144->f172, W1: 1 [O(1)]
  16: f144->f172, X: 0 [O(1)]
  16: f144->f172, Y: 0 [O(1)]
  12: f172->f144, A1: A1 [O(n)]
  12: f172->f144, B: -max{0, -M2, -O2} [O(n)]
  12: f172->f144, B1: B1 [O(n)]
  12: f172->f144, C1: C1 [O(n)]
  12: f172->f144, C2: -max{-1, -C2} [O(n)]
  12: f172->f144, E1: E1 [O(n)]
  12: f172->f144, F1: F1 [O(n)]
  12: f172->f144, F2: -max{-1, -L2} [O(n)]
  12: f172->f144, G1: G1 [O(n)]
  12: f172->f144, G2: 0 [O(1)]
  12: f172->f144, H1: H1 [O(n)]
  12: f172->f144, H2: -max{-1, -M2, -O2} [O(n)]
  12: f172->f144, I2: -max{-I2, -M2, max{-M2, -I2}} [O(n)]
  12: f172->f144, J1: 1 [O(1)]
  12: f172->f144, J2: -max{-J2, -N2, max{-N2, -J2}} [O(n)]
  12: f172->f144, K: K [O(n)]
  12: f172->f144, K1: 1 [O(1)]
  12: f172->f144, K2: -max{0, -K2} [O(n)]
  12: f172->f144, L: L [O(n)]
  12: f172->f144, M: M [O(n)]
  12: f172->f144, N: N [O(n)]
  12: f172->f144, O: O [O(n)]
  12: f172->f144, O1: 0 [O(1)]
  12: f172->f144, P: P [O(n)]
  12: f172->f144, Q: Q [O(n)]
  12: f172->f144, R: 0 [O(1)]
  12: f172->f144, R1: 1 [O(1)]
  12: f172->f144, S: S [O(n)]
  12: f172->f144, S1: 0 [O(1)]
  12: f172->f144, T: 0 [O(1)]
  12: f172->f144, U: 0 [O(1)]
  12: f172->f144, V: V [O(n)]
  12: f172->f144, W: W [O(n)]
  12: f172->f144, W1: 1 [O(1)]
  12: f172->f144, X: 0 [O(1)]
  12: f172->f144, Y: 0 [O(1)]
  12: f172->f144, Z: 0 [O(1)]
  8: f211->f211, A1: A1 [O(n)]
  8: f211->f211, B: -max{0, -M2, -O2} [O(n)]
  8: f211->f211, B1: B1 [O(n)]
  8: f211->f211, C1: C1 [O(n)]
  8: f211->f211, C2: -max{-1, -C2} [O(n)]
  8: f211->f211, E1: E1 [O(n)]
  8: f211->f211, F1: F1 [O(n)]
  8: f211->f211, F2: -max{-1, -L2} [O(n)]
  8: f211->f211, G1: G1 [O(n)]
  8: f211->f211, G2: 0 [O(1)]
  8: f211->f211, H1: H1 [O(n)]
  8: f211->f211, H2: -max{-1, -M2, -O2} [O(n)]
  8: f211->f211, I2: -max{-I2, -M2, max{-M2, -I2}} [O(n)]
  8: f211->f211, J2: -max{-J2, -N2, max{-N2, -J2}} [O(n)]
  8: f211->f211, K: 0 [O(1)]
  8: f211->f211, K2: -max{0, -K2} [O(n)]
  8: f211->f211, L: 0 [O(1)]
  8: f211->f211, N: 0 [O(1)]
  8: f211->f211, O: 0 [O(1)]
  8: f211->f211, O1: -max{0, -O1} [O(n)]
  8: f211->f211, P: 2 [O(1)]
  8: f211->f211, R: 0 [O(1)]
  8: f211->f211, R1: -max{-1, -R1} [O(n)]
  8: f211->f211, S: S [O(n)]
  8: f211->f211, S1: -max{0, -S1} [O(n)]
  8: f211->f211, U: 0 [O(1)]
  8: f211->f211, W: 1 [O(1)]
  8: f211->f211, X: -max{0, -X} [O(n)]
  8: f211->f211, Y: 0 [O(1)]
  9: f211->f235, A1: A1 [O(n)]
  9: f211->f235, B: -max{0, -M2, -O2} [O(n)]
  9: f211->f235, B1: B1 [O(n)]
  9: f211->f235, C1: C1 [O(n)]
  9: f211->f235, C2: -max{-1, -C2} [O(n)]
  9: f211->f235, E1: E1 [O(n)]
  9: f211->f235, F1: F1 [O(n)]
  9: f211->f235, F2: -max{-1, -L2} [O(n)]
  9: f211->f235, G1: G1 [O(n)]
  9: f211->f235, G2: 0 [O(1)]
  9: f211->f235, H1: H1 [O(n)]
  9: f211->f235, H2: -max{-1, -M2, -O2} [O(n)]
  9: f211->f235, I2: -max{-I2, -M2, max{-M2, -I2}} [O(n)]
  9: f211->f235, J2: -max{-J2, -N2, max{-N2, -J2}} [O(n)]
  9: f211->f235, K2: -max{0, -K2} [O(n)]
  9: f211->f235, L: -max{0, -L} [O(n)]
  9: f211->f235, N: -max{0, -N} [O(n)]
  9: f211->f235, O: -max{0, -O} [O(n)]
  9: f211->f235, O1: -max{0, -O1} [O(n)]
  9: f211->f235, P: -max{-2, -P} [O(n)]
  9: f211->f235, R: 0 [O(1)]
  9: f211->f235, R1: -max{-1, -R1} [O(n)]
  9: f211->f235, S1: -max{0, -S1} [O(n)]
  9: f211->f235, U: 0 [O(1)]
  9: f211->f235, X: -max{0, -X} [O(n)]
  9: f211->f235, Y: 0 [O(1)]
  6: f235->f235, A1: A1 [O(n)]
  6: f235->f235, B: -max{0, -M2, -O2} [O(n)]
  6: f235->f235, B1: B1 [O(n)]
  6: f235->f235, C1: C1 [O(n)]
  6: f235->f235, C2: -max{-1, -C2} [O(n)]
  6: f235->f235, E1: E1 [O(n)]
  6: f235->f235, F1: F1 [O(n)]
  6: f235->f235, F2: -max{-1, -L2} [O(n)]
  6: f235->f235, G1: G1 [O(n)]
  6: f235->f235, G2: 0 [O(1)]
  6: f235->f235, H1: H1 [O(n)]
  6: f235->f235, H2: -max{-1, -M2, -O2} [O(n)]
  6: f235->f235, I2: -max{-I2, -M2, max{-M2, -I2}} [O(n)]
  6: f235->f235, J2: -max{-J2, -N2, max{-N2, -J2}} [O(n)]
  6: f235->f235, K2: -max{0, -K2} [O(n)]
  6: f235->f235, L: -max{0, -L} [O(n)]
  6: f235->f235, N: -max{0, -N} [O(n)]
  6: f235->f235, O: -max{0, -O} [O(n)]
  6: f235->f235, O1: -max{0, -O1} [O(n)]
  6: f235->f235, P: -max{-2, -P} [O(n)]
  6: f235->f235, R: 0 [O(1)]
  6: f235->f235, R1: -max{-1, -R1} [O(n)]
  6: f235->f235, S1: -max{0, -S1} [O(n)]
  6: f235->f235, U: 0 [O(1)]
  6: f235->f235, X: -max{0, -X} [O(n)]
  6: f235->f235, Y: 0 [O(1)]
  1: f31->f31, A: A [O(n)]
  1: f31->f31, A1: A1 [O(n)]
  1: f31->f31, A2: A2 [O(n)]
  1: f31->f31, B: 0 [O(1)]
  1: f31->f31, B1: B1 [O(n)]
  1: f31->f31, B2: B2 [O(n)]
  1: f31->f31, C1: C1 [O(n)]
  1: f31->f31, C2: -max{-1, -C2} [O(n)]
  1: f31->f31, D1: D1 [O(n)]
  1: f31->f31, D2: D2 [O(n)]
  1: f31->f31, E1: E1 [O(n)]
  1: f31->f31, E2: E2 [O(n)]
  1: f31->f31, F1: F1 [O(n)]
  1: f31->f31, F2: -max{-1, -L2} [O(n)]
  1: f31->f31, G: G [O(n)]
  1: f31->f31, G1: G1 [O(n)]
  1: f31->f31, G2: 0 [O(1)]
  1: f31->f31, H: H [O(n)]
  1: f31->f31, H1: H1 [O(n)]
  1: f31->f31, H2: 1 [O(1)]
  1: f31->f31, I: I [O(n)]
  1: f31->f31, I1: I1 [O(n)]
  1: f31->f31, I2: -max{-I2, -M2} [O(n)]
  1: f31->f31, J: J [O(n)]
  1: f31->f31, J1: J1 [O(n)]
  1: f31->f31, J2: -max{-J2, -N2} [O(n)]
  1: f31->f31, K: K [O(n)]
  1: f31->f31, K1: K1 [O(n)]
  1: f31->f31, K2: -max{0, -K2} [O(n)]
  1: f31->f31, L: L [O(n)]
  1: f31->f31, L1: L1 [O(n)]
  1: f31->f31, M: M [O(n)]
  1: f31->f31, M1: M1 [O(n)]
  1: f31->f31, N: N [O(n)]
  1: f31->f31, N1: N1 [O(n)]
  1: f31->f31, O: O [O(n)]
  1: f31->f31, O1: O1 [O(n)]
  1: f31->f31, P: P [O(n)]
  1: f31->f31, P1: P1 [O(n)]
  1: f31->f31, Q: Q [O(n)]
  1: f31->f31, Q1: Q1 [O(n)]
  1: f31->f31, R: 0 [O(1)]
  1: f31->f31, R1: R1 [O(n)]
  1: f31->f31, S: S [O(n)]
  1: f31->f31, S1: S1 [O(n)]
  1: f31->f31, T: T [O(n)]
  1: f31->f31, T1: T1 [O(n)]
  1: f31->f31, U: 0 [O(1)]
  1: f31->f31, U1: U1 [O(n)]
  1: f31->f31, V: V [O(n)]
  1: f31->f31, V1: V1 [O(n)]
  1: f31->f31, W: W [O(n)]
  1: f31->f31, W1: W1 [O(n)]
  1: f31->f31, X: X [O(n)]
  1: f31->f31, X1: X1 [O(n)]
  1: f31->f31, Y: 0 [O(1)]
  1: f31->f31, Y1: Y1 [O(n)]
  1: f31->f31, Z: Z [O(n)]
  1: f31->f31, Z1: Z1 [O(n)]
  2: f31->f42, A: A [O(n)]
  2: f31->f42, A1: A1 [O(n)]
  2: f31->f42, A2: A2 [O(n)]
  2: f31->f42, B: 0 [O(1)]
  2: f31->f42, B1: B1 [O(n)]
  2: f31->f42, B2: B2 [O(n)]
  2: f31->f42, C: 1 [O(1)]
  2: f31->f42, C1: C1 [O(n)]
  2: f31->f42, C2: -max{-1, -C2} [O(n)]
  2: f31->f42, D: 1 [O(1)]
  2: f31->f42, D1: D1 [O(n)]
  2: f31->f42, D2: D2 [O(n)]
  2: f31->f42, E1: E1 [O(n)]
  2: f31->f42, E2: E2 [O(n)]
  2: f31->f42, F1: F1 [O(n)]
  2: f31->f42, F2: -max{-1, -L2} [O(n)]
  2: f31->f42, G: G [O(n)]
  2: f31->f42, G1: G1 [O(n)]
  2: f31->f42, G2: 0 [O(1)]
  2: f31->f42, H: H [O(n)]
  2: f31->f42, H1: H1 [O(n)]
  2: f31->f42, H2: 1 [O(1)]
  2: f31->f42, I: I [O(n)]
  2: f31->f42, I1: I1 [O(n)]
  2: f31->f42, I2: -max{-I2, -M2} [O(n)]
  2: f31->f42, J: J [O(n)]
  2: f31->f42, J1: J1 [O(n)]
  2: f31->f42, J2: -max{-J2, -N2} [O(n)]
  2: f31->f42, K: K [O(n)]
  2: f31->f42, K1: K1 [O(n)]
  2: f31->f42, K2: -max{0, -K2} [O(n)]
  2: f31->f42, L: L [O(n)]
  2: f31->f42, L1: L1 [O(n)]
  2: f31->f42, M: M [O(n)]
  2: f31->f42, M1: M1 [O(n)]
  2: f31->f42, N: N [O(n)]
  2: f31->f42, N1: N1 [O(n)]
  2: f31->f42, O: O [O(n)]
  2: f31->f42, O1: O1 [O(n)]
  2: f31->f42, P: P [O(n)]
  2: f31->f42, P1: P1 [O(n)]
  2: f31->f42, Q: Q [O(n)]
  2: f31->f42, Q1: Q1 [O(n)]
  2: f31->f42, R: 0 [O(1)]
  2: f31->f42, R1: R1 [O(n)]
  2: f31->f42, S: S [O(n)]
  2: f31->f42, S1: S1 [O(n)]
  2: f31->f42, T: T [O(n)]
  2: f31->f42, T1: T1 [O(n)]
  2: f31->f42, U: 0 [O(1)]
  2: f31->f42, U1: U1 [O(n)]
  2: f31->f42, V: V [O(n)]
  2: f31->f42, V1: V1 [O(n)]
  2: f31->f42, W: W [O(n)]
  2: f31->f42, W1: W1 [O(n)]
  2: f31->f42, X: X [O(n)]
  2: f31->f42, X1: X1 [O(n)]
  2: f31->f42, Y: 0 [O(1)]
  2: f31->f42, Y1: Y1 [O(n)]
  2: f31->f42, Z: Z [O(n)]
  2: f31->f42, Z1: Z1 [O(n)]
  26: f31->f42, A: A [O(n)]
  26: f31->f42, A1: A1 [O(n)]
  26: f31->f42, A2: A2 [O(n)]
  26: f31->f42, B: 0 [O(1)]
  26: f31->f42, B1: B1 [O(n)]
  26: f31->f42, B2: B2 [O(n)]
  26: f31->f42, C: 1 [O(1)]
  26: f31->f42, C1: C1 [O(n)]
  26: f31->f42, C2: -max{-1, -C2} [O(n)]
  26: f31->f42, D: 1 [O(1)]
  26: f31->f42, D1: D1 [O(n)]
  26: f31->f42, D2: D2 [O(n)]
  26: f31->f42, E: 1 [O(1)]
  26: f31->f42, E1: E1 [O(n)]
  26: f31->f42, E2: E2 [O(n)]
  26: f31->f42, F1: F1 [O(n)]
  26: f31->f42, F2: -max{-1, -L2} [O(n)]
  26: f31->f42, G: G [O(n)]
  26: f31->f42, G1: G1 [O(n)]
  26: f31->f42, G2: 0 [O(1)]
  26: f31->f42, H: H [O(n)]
  26: f31->f42, H1: H1 [O(n)]
  26: f31->f42, H2: 1 [O(1)]
  26: f31->f42, I: I [O(n)]
  26: f31->f42, I1: I1 [O(n)]
  26: f31->f42, I2: -max{-I2, -M2} [O(n)]
  26: f31->f42, J: J [O(n)]
  26: f31->f42, J1: J1 [O(n)]
  26: f31->f42, J2: -max{-J2, -N2} [O(n)]
  26: f31->f42, K: K [O(n)]
  26: f31->f42, K1: K1 [O(n)]
  26: f31->f42, K2: -max{0, -K2} [O(n)]
  26: f31->f42, L: L [O(n)]
  26: f31->f42, L1: L1 [O(n)]
  26: f31->f42, M: M [O(n)]
  26: f31->f42, M1: M1 [O(n)]
  26: f31->f42, N: N [O(n)]
  26: f31->f42, N1: N1 [O(n)]
  26: f31->f42, O: O [O(n)]
  26: f31->f42, O1: O1 [O(n)]
  26: f31->f42, P: P [O(n)]
  26: f31->f42, P1: P1 [O(n)]
  26: f31->f42, Q: Q [O(n)]
  26: f31->f42, Q1: Q1 [O(n)]
  26: f31->f42, R: 0 [O(1)]
  26: f31->f42, R1: R1 [O(n)]
  26: f31->f42, S: S [O(n)]
  26: f31->f42, S1: S1 [O(n)]
  26: f31->f42, T: T [O(n)]
  26: f31->f42, T1: T1 [O(n)]
  26: f31->f42, U: 0 [O(1)]
  26: f31->f42, U1: U1 [O(n)]
  26: f31->f42, V: V [O(n)]
  26: f31->f42, V1: V1 [O(n)]
  26: f31->f42, W: W [O(n)]
  26: f31->f42, W1: W1 [O(n)]
  26: f31->f42, X: X [O(n)]
  26: f31->f42, X1: X1 [O(n)]
  26: f31->f42, Y: 0 [O(1)]
  26: f31->f42, Y1: Y1 [O(n)]
  26: f31->f42, Z: Z [O(n)]
  26: f31->f42, Z1: Z1 [O(n)]
  27: f31->f67, A: A [O(n)]
  27: f31->f67, A1: A1 [O(n)]
  27: f31->f67, A2: A2 [O(n)]
  27: f31->f67, B: -max{0, -M2, -O2} [O(n)]
  27: f31->f67, B1: B1 [O(n)]
  27: f31->f67, B2: B2 [O(n)]
  27: f31->f67, C1: C1 [O(n)]
  27: f31->f67, C2: -max{-1, -C2} [O(n)]
  27: f31->f67, D1: D1 [O(n)]
  27: f31->f67, E1: E1 [O(n)]
  27: f31->f67, F1: F1 [O(n)]
  27: f31->f67, F2: -max{-1, -L2} [O(n)]
  27: f31->f67, G: G [O(n)]
  27: f31->f67, G1: G1 [O(n)]
  27: f31->f67, G2: 0 [O(1)]
  27: f31->f67, H1: H1 [O(n)]
  27: f31->f67, H2: -max{-1, -M2, -O2} [O(n)]
  27: f31->f67, I: I [O(n)]
  27: f31->f67, I1: I1 [O(n)]
  27: f31->f67, I2: -max{-I2, -M2, max{-M2, -I2}} [O(n)]
  27: f31->f67, J: J [O(n)]
  27: f31->f67, J1: J1 [O(n)]
  27: f31->f67, J2: -max{-J2, -N2, max{-N2, -J2}} [O(n)]
  27: f31->f67, K: K [O(n)]
  27: f31->f67, K1: K1 [O(n)]
  27: f31->f67, K2: -max{0, -K2} [O(n)]
  27: f31->f67, L: L [O(n)]
  27: f31->f67, L1: L1 [O(n)]
  27: f31->f67, M: M [O(n)]
  27: f31->f67, M1: M1 [O(n)]
  27: f31->f67, N: N [O(n)]
  27: f31->f67, N1: N1 [O(n)]
  27: f31->f67, O: O [O(n)]
  27: f31->f67, O1: O1 [O(n)]
  27: f31->f67, P: P [O(n)]
  27: f31->f67, P1: P1 [O(n)]
  27: f31->f67, Q: Q [O(n)]
  27: f31->f67, Q1: Q1 [O(n)]
  27: f31->f67, R: 0 [O(1)]
  27: f31->f67, R1: R1 [O(n)]
  27: f31->f67, S: S [O(n)]
  27: f31->f67, S1: S1 [O(n)]
  27: f31->f67, T: T [O(n)]
  27: f31->f67, T1: T1 [O(n)]
  27: f31->f67, U: 0 [O(1)]
  27: f31->f67, U1: U1 [O(n)]
  27: f31->f67, V: V [O(n)]
  27: f31->f67, V1: V1 [O(n)]
  27: f31->f67, W: W [O(n)]
  27: f31->f67, W1: W1 [O(n)]
  27: f31->f67, X: X [O(n)]
  27: f31->f67, X1: X1 [O(n)]
  27: f31->f67, Y: 0 [O(1)]
  27: f31->f67, Y1: Y1 [O(n)]
  27: f31->f67, Z: Z [O(n)]
  27: f31->f67, Z1: Z1 [O(n)]
  24: f42->f31, A: A [O(n)]
  24: f42->f31, A1: A1 [O(n)]
  24: f42->f31, A2: A2 [O(n)]
  24: f42->f31, B: 0 [O(1)]
  24: f42->f31, B1: B1 [O(n)]
  24: f42->f31, B2: B2 [O(n)]
  24: f42->f31, C: 1 [O(1)]
  24: f42->f31, C1: C1 [O(n)]
  24: f42->f31, C2: 1 [O(1)]
  24: f42->f31, D: 1 [O(1)]
  24: f42->f31, D1: D1 [O(n)]
  24: f42->f31, D2: D2 [O(n)]
  24: f42->f31, E1: E1 [O(n)]
  24: f42->f31, E2: E2 [O(n)]
  24: f42->f31, F1: F1 [O(n)]
  24: f42->f31, F2: -max{-1, -L2} [O(n)]
  24: f42->f31, G: G [O(n)]
  24: f42->f31, G1: G1 [O(n)]
  24: f42->f31, G2: 0 [O(1)]
  24: f42->f31, H: H [O(n)]
  24: f42->f31, H1: H1 [O(n)]
  24: f42->f31, H2: 1 [O(1)]
  24: f42->f31, I: I [O(n)]
  24: f42->f31, I1: I1 [O(n)]
  24: f42->f31, I2: -max{-I2, -M2} [O(n)]
  24: f42->f31, J: J [O(n)]
  24: f42->f31, J1: J1 [O(n)]
  24: f42->f31, J2: -max{-J2, -N2} [O(n)]
  24: f42->f31, K: K [O(n)]
  24: f42->f31, K1: K1 [O(n)]
  24: f42->f31, K2: -max{0, -K2} [O(n)]
  24: f42->f31, L: L [O(n)]
  24: f42->f31, L1: L1 [O(n)]
  24: f42->f31, M: M [O(n)]
  24: f42->f31, M1: M1 [O(n)]
  24: f42->f31, N: N [O(n)]
  24: f42->f31, N1: N1 [O(n)]
  24: f42->f31, O: O [O(n)]
  24: f42->f31, O1: O1 [O(n)]
  24: f42->f31, P: P [O(n)]
  24: f42->f31, P1: P1 [O(n)]
  24: f42->f31, Q: Q [O(n)]
  24: f42->f31, Q1: Q1 [O(n)]
  24: f42->f31, R: 0 [O(1)]
  24: f42->f31, R1: R1 [O(n)]
  24: f42->f31, S: S [O(n)]
  24: f42->f31, S1: S1 [O(n)]
  24: f42->f31, T: T [O(n)]
  24: f42->f31, T1: T1 [O(n)]
  24: f42->f31, U: 0 [O(1)]
  24: f42->f31, U1: U1 [O(n)]
  24: f42->f31, V: V [O(n)]
  24: f42->f31, V1: V1 [O(n)]
  24: f42->f31, W: W [O(n)]
  24: f42->f31, W1: W1 [O(n)]
  24: f42->f31, X: X [O(n)]
  24: f42->f31, X1: X1 [O(n)]
  24: f42->f31, Y: 0 [O(1)]
  24: f42->f31, Y1: Y1 [O(n)]
  24: f42->f31, Z: Z [O(n)]
  24: f42->f31, Z1: Z1 [O(n)]
  25: f42->f31, A: A [O(n)]
  25: f42->f31, A1: A1 [O(n)]
  25: f42->f31, A2: A2 [O(n)]
  25: f42->f31, B: 0 [O(1)]
  25: f42->f31, B1: B1 [O(n)]
  25: f42->f31, B2: B2 [O(n)]
  25: f42->f31, C: 1 [O(1)]
  25: f42->f31, C1: C1 [O(n)]
  25: f42->f31, C2: 1 [O(1)]
  25: f42->f31, D: 1 [O(1)]
  25: f42->f31, D1: D1 [O(n)]
  25: f42->f31, D2: D2 [O(n)]
  25: f42->f31, E1: E1 [O(n)]
  25: f42->f31, E2: E2 [O(n)]
  25: f42->f31, F: 1 [O(1)]
  25: f42->f31, F1: F1 [O(n)]
  25: f42->f31, F2: -max{-1, -L2} [O(n)]
  25: f42->f31, G: G [O(n)]
  25: f42->f31, G1: G1 [O(n)]
  25: f42->f31, G2: 0 [O(1)]
  25: f42->f31, H: H [O(n)]
  25: f42->f31, H1: H1 [O(n)]
  25: f42->f31, H2: 1 [O(1)]
  25: f42->f31, I: I [O(n)]
  25: f42->f31, I1: I1 [O(n)]
  25: f42->f31, I2: -max{-I2, -M2} [O(n)]
  25: f42->f31, J: J [O(n)]
  25: f42->f31, J1: J1 [O(n)]
  25: f42->f31, J2: -max{-J2, -N2} [O(n)]
  25: f42->f31, K: K [O(n)]
  25: f42->f31, K1: K1 [O(n)]
  25: f42->f31, K2: -max{0, -K2} [O(n)]
  25: f42->f31, L: L [O(n)]
  25: f42->f31, L1: L1 [O(n)]
  25: f42->f31, M: M [O(n)]
  25: f42->f31, M1: M1 [O(n)]
  25: f42->f31, N: N [O(n)]
  25: f42->f31, N1: N1 [O(n)]
  25: f42->f31, O: O [O(n)]
  25: f42->f31, O1: O1 [O(n)]
  25: f42->f31, P: P [O(n)]
  25: f42->f31, P1: P1 [O(n)]
  25: f42->f31, Q: Q [O(n)]
  25: f42->f31, Q1: Q1 [O(n)]
  25: f42->f31, R: 0 [O(1)]
  25: f42->f31, R1: R1 [O(n)]
  25: f42->f31, S: S [O(n)]
  25: f42->f31, S1: S1 [O(n)]
  25: f42->f31, T: T [O(n)]
  25: f42->f31, T1: T1 [O(n)]
  25: f42->f31, U: 0 [O(1)]
  25: f42->f31, U1: U1 [O(n)]
  25: f42->f31, V: V [O(n)]
  25: f42->f31, V1: V1 [O(n)]
  25: f42->f31, W: W [O(n)]
  25: f42->f31, W1: W1 [O(n)]
  25: f42->f31, X: X [O(n)]
  25: f42->f31, X1: X1 [O(n)]
  25: f42->f31, Y: 0 [O(1)]
  25: f42->f31, Y1: Y1 [O(n)]
  25: f42->f31, Z: Z [O(n)]
  25: f42->f31, Z1: Z1 [O(n)]
  4: f67->f77, A1: A1 [O(n)]
  4: f67->f77, A2: A2 [O(n)]
  4: f67->f77, B: -max{0, -M2, -O2} [O(n)]
  4: f67->f77, B1: B1 [O(n)]
  4: f67->f77, B2: B2 [O(n)]
  4: f67->f77, C1: C1 [O(n)]
  4: f67->f77, C2: -max{-1, -C2} [O(n)]
  4: f67->f77, D1: D1 [O(n)]
  4: f67->f77, E1: E1 [O(n)]
  4: f67->f77, E2: 1 [O(1)]
  4: f67->f77, F1: F1 [O(n)]
  4: f67->f77, F2: -max{-1, -L2} [O(n)]
  4: f67->f77, G1: G1 [O(n)]
  4: f67->f77, G2: 0 [O(1)]
  4: f67->f77, H: 0 [O(1)]
  4: f67->f77, H1: H1 [O(n)]
  4: f67->f77, H2: -max{-1, -M2, -O2} [O(n)]
  4: f67->f77, I1: I1 [O(n)]
  4: f67->f77, I2: -max{-I2, -M2, max{-M2, -I2}} [O(n)]
  4: f67->f77, J1: J1 [O(n)]
  4: f67->f77, J2: -max{-J2, -N2, max{-N2, -J2}} [O(n)]
  4: f67->f77, K: K [O(n)]
  4: f67->f77, K1: K1 [O(n)]
  4: f67->f77, K2: -max{0, -K2} [O(n)]
  4: f67->f77, L: L [O(n)]
  4: f67->f77, L1: L1 [O(n)]
  4: f67->f77, M: M [O(n)]
  4: f67->f77, M1: M1 [O(n)]
  4: f67->f77, N: N [O(n)]
  4: f67->f77, N1: N1 [O(n)]
  4: f67->f77, O: O [O(n)]
  4: f67->f77, O1: O1 [O(n)]
  4: f67->f77, P: P [O(n)]
  4: f67->f77, P1: P1 [O(n)]
  4: f67->f77, Q: Q [O(n)]
  4: f67->f77, Q1: Q1 [O(n)]
  4: f67->f77, R: 0 [O(1)]
  4: f67->f77, R1: R1 [O(n)]
  4: f67->f77, S: S [O(n)]
  4: f67->f77, S1: S1 [O(n)]
  4: f67->f77, T: T [O(n)]
  4: f67->f77, T1: T1 [O(n)]
  4: f67->f77, U: 0 [O(1)]
  4: f67->f77, U1: U1 [O(n)]
  4: f67->f77, V: V [O(n)]
  4: f67->f77, V1: V1 [O(n)]
  4: f67->f77, W: W [O(n)]
  4: f67->f77, W1: W1 [O(n)]
  4: f67->f77, X: X [O(n)]
  4: f67->f77, X1: X1 [O(n)]
  4: f67->f77, Y: 0 [O(1)]
  4: f67->f77, Y1: Y1 [O(n)]
  4: f67->f77, Z: Z [O(n)]
  4: f67->f77, Z1: Z1 [O(n)]
  22: f67->f77, A1: A1 [O(n)]
  22: f67->f77, A2: A2 [O(n)]
  22: f67->f77, B: -max{0, -M2, -O2} [O(n)]
  22: f67->f77, B1: B1 [O(n)]
  22: f67->f77, B2: B2 [O(n)]
  22: f67->f77, C1: C1 [O(n)]
  22: f67->f77, C2: -max{-1, -C2} [O(n)]
  22: f67->f77, D1: D1 [O(n)]
  22: f67->f77, E1: E1 [O(n)]
  22: f67->f77, E2: 1 [O(1)]
  22: f67->f77, F1: F1 [O(n)]
  22: f67->f77, F2: -max{-1, -L2} [O(n)]
  22: f67->f77, G1: G1 [O(n)]
  22: f67->f77, G2: 0 [O(1)]
  22: f67->f77, H: 0 [O(1)]
  22: f67->f77, H1: H1 [O(n)]
  22: f67->f77, H2: -max{-1, -M2, -O2} [O(n)]
  22: f67->f77, I: 1 [O(1)]
  22: f67->f77, I1: I1 [O(n)]
  22: f67->f77, I2: -max{-I2, -M2, max{-M2, -I2}} [O(n)]
  22: f67->f77, J1: J1 [O(n)]
  22: f67->f77, J2: -max{-J2, -N2, max{-N2, -J2}} [O(n)]
  22: f67->f77, K: K [O(n)]
  22: f67->f77, K1: K1 [O(n)]
  22: f67->f77, K2: -max{0, -K2} [O(n)]
  22: f67->f77, L: L [O(n)]
  22: f67->f77, L1: L1 [O(n)]
  22: f67->f77, M: M [O(n)]
  22: f67->f77, M1: M1 [O(n)]
  22: f67->f77, N: N [O(n)]
  22: f67->f77, N1: N1 [O(n)]
  22: f67->f77, O: O [O(n)]
  22: f67->f77, O1: O1 [O(n)]
  22: f67->f77, P: P [O(n)]
  22: f67->f77, P1: P1 [O(n)]
  22: f67->f77, Q: Q [O(n)]
  22: f67->f77, Q1: Q1 [O(n)]
  22: f67->f77, R: 0 [O(1)]
  22: f67->f77, R1: R1 [O(n)]
  22: f67->f77, S: S [O(n)]
  22: f67->f77, S1: S1 [O(n)]
  22: f67->f77, T: T [O(n)]
  22: f67->f77, T1: T1 [O(n)]
  22: f67->f77, U: 0 [O(1)]
  22: f67->f77, U1: U1 [O(n)]
  22: f67->f77, V: V [O(n)]
  22: f67->f77, V1: V1 [O(n)]
  22: f67->f77, W: W [O(n)]
  22: f67->f77, W1: W1 [O(n)]
  22: f67->f77, X: X [O(n)]
  22: f67->f77, X1: X1 [O(n)]
  22: f67->f77, Y: 0 [O(1)]
  22: f67->f77, Y1: Y1 [O(n)]
  22: f67->f77, Z: Z [O(n)]
  22: f67->f77, Z1: Z1 [O(n)]
  23: f67->f104, A1: A1 [O(n)]
  23: f67->f104, A2: A2 [O(n)]
  23: f67->f104, B: -max{0, -M2, -O2} [O(n)]
  23: f67->f104, B1: B1 [O(n)]
  23: f67->f104, C1: C1 [O(n)]
  23: f67->f104, C2: -max{-1, -C2} [O(n)]
  23: f67->f104, D1: D1 [O(n)]
  23: f67->f104, E1: E1 [O(n)]
  23: f67->f104, F1: F1 [O(n)]
  23: f67->f104, F2: -max{-1, -L2} [O(n)]
  23: f67->f104, G1: G1 [O(n)]
  23: f67->f104, G2: 0 [O(1)]
  23: f67->f104, H1: H1 [O(n)]
  23: f67->f104, H2: -max{-1, -M2, -O2} [O(n)]
  23: f67->f104, I1: I1 [O(n)]
  23: f67->f104, I2: -max{-I2, -M2, max{-M2, -I2}} [O(n)]
  23: f67->f104, J1: J1 [O(n)]
  23: f67->f104, J2: -max{-J2, -N2, max{-N2, -J2}} [O(n)]
  23: f67->f104, K: K [O(n)]
  23: f67->f104, K1: K1 [O(n)]
  23: f67->f104, K2: -max{0, -K2} [O(n)]
  23: f67->f104, L: L [O(n)]
  23: f67->f104, L1: L1 [O(n)]
  23: f67->f104, M: M [O(n)]
  23: f67->f104, M1: M1 [O(n)]
  23: f67->f104, N: N [O(n)]
  23: f67->f104, N1: N1 [O(n)]
  23: f67->f104, O: O [O(n)]
  23: f67->f104, O1: O1 [O(n)]
  23: f67->f104, P: P [O(n)]
  23: f67->f104, P1: P1 [O(n)]
  23: f67->f104, Q: Q [O(n)]
  23: f67->f104, Q1: Q1 [O(n)]
  23: f67->f104, R: 0 [O(1)]
  23: f67->f104, R1: R1 [O(n)]
  23: f67->f104, S: S [O(n)]
  23: f67->f104, S1: S1 [O(n)]
  23: f67->f104, T: T [O(n)]
  23: f67->f104, T1: T1 [O(n)]
  23: f67->f104, U: 0 [O(1)]
  23: f67->f104, U1: U1 [O(n)]
  23: f67->f104, V: V [O(n)]
  23: f67->f104, V1: V1 [O(n)]
  23: f67->f104, W: W [O(n)]
  23: f67->f104, W1: W1 [O(n)]
  23: f67->f104, X: X [O(n)]
  23: f67->f104, X1: X1 [O(n)]
  23: f67->f104, Y: 0 [O(1)]
  23: f67->f104, Y1: Y1 [O(n)]
  23: f67->f104, Z: Z [O(n)]
  23: f67->f104, Z1: Z1 [O(n)]
  5: f77->f81, A1: A1 [O(n)]
  5: f77->f81, A2: A2 [O(n)]
  5: f77->f81, B: -max{0, -M2, -O2} [O(n)]
  5: f77->f81, B1: B1 [O(n)]
  5: f77->f81, B2: B2 [O(n)]
  5: f77->f81, C1: C1 [O(n)]
  5: f77->f81, C2: -max{-1, -C2} [O(n)]
  5: f77->f81, D1: D1 [O(n)]
  5: f77->f81, E1: E1 [O(n)]
  5: f77->f81, E2: 1 [O(1)]
  5: f77->f81, F1: F1 [O(n)]
  5: f77->f81, F2: -max{-1, -L2} [O(n)]
  5: f77->f81, G1: G1 [O(n)]
  5: f77->f81, G2: 0 [O(1)]
  5: f77->f81, H: 0 [O(1)]
  5: f77->f81, H1: H1 [O(n)]
  5: f77->f81, H2: -max{-1, -M2, -O2} [O(n)]
  5: f77->f81, I1: I1 [O(n)]
  5: f77->f81, I2: -max{-I2, -M2, max{-M2, -I2}} [O(n)]
  5: f77->f81, J1: J1 [O(n)]
  5: f77->f81, J2: -max{-J2, -N2, max{-N2, -J2}} [O(n)]
  5: f77->f81, K: K [O(n)]
  5: f77->f81, K1: K1 [O(n)]
  5: f77->f81, K2: -max{0, -K2} [O(n)]
  5: f77->f81, L: L [O(n)]
  5: f77->f81, L1: L1 [O(n)]
  5: f77->f81, M: M [O(n)]
  5: f77->f81, M1: M1 [O(n)]
  5: f77->f81, N: N [O(n)]
  5: f77->f81, N1: N1 [O(n)]
  5: f77->f81, O: O [O(n)]
  5: f77->f81, O1: O1 [O(n)]
  5: f77->f81, P: P [O(n)]
  5: f77->f81, P1: P1 [O(n)]
  5: f77->f81, Q: Q [O(n)]
  5: f77->f81, Q1: Q1 [O(n)]
  5: f77->f81, R: 0 [O(1)]
  5: f77->f81, R1: R1 [O(n)]
  5: f77->f81, S: S [O(n)]
  5: f77->f81, S1: S1 [O(n)]
  5: f77->f81, T: T [O(n)]
  5: f77->f81, T1: T1 [O(n)]
  5: f77->f81, U: 0 [O(1)]
  5: f77->f81, U1: U1 [O(n)]
  5: f77->f81, V: V [O(n)]
  5: f77->f81, V1: V1 [O(n)]
  5: f77->f81, W: W [O(n)]
  5: f77->f81, W1: W1 [O(n)]
  5: f77->f81, X: X [O(n)]
  5: f77->f81, X1: X1 [O(n)]
  5: f77->f81, Y: 0 [O(1)]
  5: f77->f81, Y1: Y1 [O(n)]
  5: f77->f81, Z: Z [O(n)]
  5: f77->f81, Z1: Z1 [O(n)]
  21: f77->f81, A1: A1 [O(n)]
  21: f77->f81, A2: A2 [O(n)]
  21: f77->f81, B: -max{0, -M2, -O2} [O(n)]
  21: f77->f81, B1: B1 [O(n)]
  21: f77->f81, B2: B2 [O(n)]
  21: f77->f81, C1: C1 [O(n)]
  21: f77->f81, C2: -max{-1, -C2} [O(n)]
  21: f77->f81, D1: D1 [O(n)]
  21: f77->f81, E1: E1 [O(n)]
  21: f77->f81, E2: 1 [O(1)]
  21: f77->f81, F1: F1 [O(n)]
  21: f77->f81, F2: -max{-1, -L2} [O(n)]
  21: f77->f81, G1: G1 [O(n)]
  21: f77->f81, G2: 0 [O(1)]
  21: f77->f81, H: 0 [O(1)]
  21: f77->f81, H1: H1 [O(n)]
  21: f77->f81, H2: -max{-1, -M2, -O2} [O(n)]
  21: f77->f81, I1: I1 [O(n)]
  21: f77->f81, I2: -max{-I2, -M2, max{-M2, -I2}} [O(n)]
  21: f77->f81, J: 1 [O(1)]
  21: f77->f81, J1: J1 [O(n)]
  21: f77->f81, J2: -max{-J2, -N2, max{-N2, -J2}} [O(n)]
  21: f77->f81, K: K [O(n)]
  21: f77->f81, K1: K1 [O(n)]
  21: f77->f81, K2: -max{0, -K2} [O(n)]
  21: f77->f81, L: L [O(n)]
  21: f77->f81, L1: L1 [O(n)]
  21: f77->f81, M: M [O(n)]
  21: f77->f81, M1: M1 [O(n)]
  21: f77->f81, N: N [O(n)]
  21: f77->f81, N1: N1 [O(n)]
  21: f77->f81, O: O [O(n)]
  21: f77->f81, O1: O1 [O(n)]
  21: f77->f81, P: P [O(n)]
  21: f77->f81, P1: P1 [O(n)]
  21: f77->f81, Q: Q [O(n)]
  21: f77->f81, Q1: Q1 [O(n)]
  21: f77->f81, R: 0 [O(1)]
  21: f77->f81, R1: R1 [O(n)]
  21: f77->f81, S: S [O(n)]
  21: f77->f81, S1: S1 [O(n)]
  21: f77->f81, T: T [O(n)]
  21: f77->f81, T1: T1 [O(n)]
  21: f77->f81, U: 0 [O(1)]
  21: f77->f81, U1: U1 [O(n)]
  21: f77->f81, V: V [O(n)]
  21: f77->f81, V1: V1 [O(n)]
  21: f77->f81, W: W [O(n)]
  21: f77->f81, W1: W1 [O(n)]
  21: f77->f81, X: X [O(n)]
  21: f77->f81, X1: X1 [O(n)]
  21: f77->f81, Y: 0 [O(1)]
  21: f77->f81, Y1: Y1 [O(n)]
  21: f77->f81, Z: Z [O(n)]
  21: f77->f81, Z1: Z1 [O(n)]
  0: f81->f83, A1: A1 [O(n)]
  0: f81->f83, A2: A2 [O(n)]
  0: f81->f83, B: -max{0, -M2, -O2} [O(n)]
  0: f81->f83, B1: B1 [O(n)]
  0: f81->f83, B2: B2 [O(n)]
  0: f81->f83, C1: C1 [O(n)]
  0: f81->f83, C2: -max{-1, -C2} [O(n)]
  0: f81->f83, D1: D1 [O(n)]
  0: f81->f83, E1: E1 [O(n)]
  0: f81->f83, E2: 1 [O(1)]
  0: f81->f83, F1: F1 [O(n)]
  0: f81->f83, F2: -max{-1, -L2} [O(n)]
  0: f81->f83, G1: G1 [O(n)]
  0: f81->f83, G2: 0 [O(1)]
  0: f81->f83, H: 0 [O(1)]
  0: f81->f83, H1: H1 [O(n)]
  0: f81->f83, H2: -max{-1, -M2, -O2} [O(n)]
  0: f81->f83, I1: I1 [O(n)]
  0: f81->f83, I2: -max{-I2, -M2, max{-M2, -I2}} [O(n)]
  0: f81->f83, J1: J1 [O(n)]
  0: f81->f83, J2: -max{-J2, -N2, max{-N2, -J2}} [O(n)]
  0: f81->f83, K: K [O(n)]
  0: f81->f83, K1: K1 [O(n)]
  0: f81->f83, K2: -max{0, -K2} [O(n)]
  0: f81->f83, L: L [O(n)]
  0: f81->f83, L1: L1 [O(n)]
  0: f81->f83, M: M [O(n)]
  0: f81->f83, M1: M1 [O(n)]
  0: f81->f83, N: N [O(n)]
  0: f81->f83, N1: N1 [O(n)]
  0: f81->f83, O: O [O(n)]
  0: f81->f83, O1: O1 [O(n)]
  0: f81->f83, P: P [O(n)]
  0: f81->f83, P1: P1 [O(n)]
  0: f81->f83, Q: Q [O(n)]
  0: f81->f83, Q1: Q1 [O(n)]
  0: f81->f83, R: 0 [O(1)]
  0: f81->f83, R1: R1 [O(n)]
  0: f81->f83, S: S [O(n)]
  0: f81->f83, S1: S1 [O(n)]
  0: f81->f83, T: T [O(n)]
  0: f81->f83, T1: T1 [O(n)]
  0: f81->f83, U: 0 [O(1)]
  0: f81->f83, U1: U1 [O(n)]
  0: f81->f83, V: V [O(n)]
  0: f81->f83, V1: V1 [O(n)]
  0: f81->f83, W: W [O(n)]
  0: f81->f83, W1: W1 [O(n)]
  0: f81->f83, X: X [O(n)]
  0: f81->f83, X1: X1 [O(n)]
  0: f81->f83, Y: 0 [O(1)]
  0: f81->f83, Y1: Y1 [O(n)]
  0: f81->f83, Z: Z [O(n)]
  0: f81->f83, Z1: Z1 [O(n)]
  20: f81->f83, A: 1 [O(1)]
  20: f81->f83, A1: A1 [O(n)]
  20: f81->f83, A2: A2 [O(n)]
  20: f81->f83, B: -max{0, -M2, -O2} [O(n)]
  20: f81->f83, B1: B1 [O(n)]
  20: f81->f83, B2: B2 [O(n)]
  20: f81->f83, C1: C1 [O(n)]
  20: f81->f83, C2: -max{-1, -C2} [O(n)]
  20: f81->f83, D1: D1 [O(n)]
  20: f81->f83, E1: E1 [O(n)]
  20: f81->f83, E2: 1 [O(1)]
  20: f81->f83, F1: F1 [O(n)]
  20: f81->f83, F2: -max{-1, -L2} [O(n)]
  20: f81->f83, G1: G1 [O(n)]
  20: f81->f83, G2: 0 [O(1)]
  20: f81->f83, H: 0 [O(1)]
  20: f81->f83, H1: H1 [O(n)]
  20: f81->f83, H2: -max{-1, -M2, -O2} [O(n)]
  20: f81->f83, I1: I1 [O(n)]
  20: f81->f83, I2: -max{-I2, -M2, max{-M2, -I2}} [O(n)]
  20: f81->f83, J1: J1 [O(n)]
  20: f81->f83, J2: -max{-J2, -N2, max{-N2, -J2}} [O(n)]
  20: f81->f83, K: K [O(n)]
  20: f81->f83, K1: K1 [O(n)]
  20: f81->f83, K2: -max{0, -K2} [O(n)]
  20: f81->f83, L: L [O(n)]
  20: f81->f83, L1: L1 [O(n)]
  20: f81->f83, M: M [O(n)]
  20: f81->f83, M1: M1 [O(n)]
  20: f81->f83, N: N [O(n)]
  20: f81->f83, N1: N1 [O(n)]
  20: f81->f83, O: O [O(n)]
  20: f81->f83, O1: O1 [O(n)]
  20: f81->f83, P: P [O(n)]
  20: f81->f83, P1: P1 [O(n)]
  20: f81->f83, Q: Q [O(n)]
  20: f81->f83, Q1: Q1 [O(n)]
  20: f81->f83, R: 0 [O(1)]
  20: f81->f83, R1: R1 [O(n)]
  20: f81->f83, S: S [O(n)]
  20: f81->f83, S1: S1 [O(n)]
  20: f81->f83, T: T [O(n)]
  20: f81->f83, T1: T1 [O(n)]
  20: f81->f83, U: 0 [O(1)]
  20: f81->f83, U1: U1 [O(n)]
  20: f81->f83, V: V [O(n)]
  20: f81->f83, V1: V1 [O(n)]
  20: f81->f83, W: W [O(n)]
  20: f81->f83, W1: W1 [O(n)]
  20: f81->f83, X: X [O(n)]
  20: f81->f83, X1: X1 [O(n)]
  20: f81->f83, Y: 0 [O(1)]
  20: f81->f83, Y1: Y1 [O(n)]
  20: f81->f83, Z: Z [O(n)]
  20: f81->f83, Z1: Z1 [O(n)]
  3: f83->f67, A1: A1 [O(n)]
  3: f83->f67, A2: A2 [O(n)]
  3: f83->f67, B: -max{0, -M2, -O2} [O(n)]
  3: f83->f67, B1: B1 [O(n)]
  3: f83->f67, B2: B2 [O(n)]
  3: f83->f67, C1: C1 [O(n)]
  3: f83->f67, C2: -max{-1, -C2} [O(n)]
  3: f83->f67, D1: D1 [O(n)]
  3: f83->f67, E1: E1 [O(n)]
  3: f83->f67, E2: 1 [O(1)]
  3: f83->f67, F1: F1 [O(n)]
  3: f83->f67, F2: -max{-1, -L2} [O(n)]
  3: f83->f67, G1: G1 [O(n)]
  3: f83->f67, G2: 0 [O(1)]
  3: f83->f67, H: 0 [O(1)]
  3: f83->f67, H1: H1 [O(n)]
  3: f83->f67, H2: -max{-1, -M2, -O2} [O(n)]
  3: f83->f67, I1: I1 [O(n)]
  3: f83->f67, I2: -max{-I2, -M2, max{-M2, -I2}} [O(n)]
  3: f83->f67, J1: J1 [O(n)]
  3: f83->f67, J2: -max{-J2, -N2, max{-N2, -J2}} [O(n)]
  3: f83->f67, K: K [O(n)]
  3: f83->f67, K1: K1 [O(n)]
  3: f83->f67, K2: -max{0, -K2} [O(n)]
  3: f83->f67, L: L [O(n)]
  3: f83->f67, L1: L1 [O(n)]
  3: f83->f67, M: M [O(n)]
  3: f83->f67, M1: M1 [O(n)]
  3: f83->f67, N: N [O(n)]
  3: f83->f67, N1: N1 [O(n)]
  3: f83->f67, O: O [O(n)]
  3: f83->f67, O1: O1 [O(n)]
  3: f83->f67, P: P [O(n)]
  3: f83->f67, P1: P1 [O(n)]
  3: f83->f67, Q: Q [O(n)]
  3: f83->f67, Q1: Q1 [O(n)]
  3: f83->f67, R: 0 [O(1)]
  3: f83->f67, R1: R1 [O(n)]
  3: f83->f67, S: S [O(n)]
  3: f83->f67, S1: S1 [O(n)]
  3: f83->f67, T: T [O(n)]
  3: f83->f67, T1: T1 [O(n)]
  3: f83->f67, U: 0 [O(1)]
  3: f83->f67, U1: U1 [O(n)]
  3: f83->f67, V: V [O(n)]
  3: f83->f67, V1: V1 [O(n)]
  3: f83->f67, W: W [O(n)]
  3: f83->f67, W1: W1 [O(n)]
  3: f83->f67, X: X [O(n)]
  3: f83->f67, X1: X1 [O(n)]
  3: f83->f67, Y: 0 [O(1)]
  3: f83->f67, Y1: Y1 [O(n)]
  3: f83->f67, Z: Z [O(n)]
  3: f83->f67, Z1: Z1 [O(n)]
  19: f83->f67, A1: A1 [O(n)]
  19: f83->f67, A2: A2 [O(n)]
  19: f83->f67, B: -max{0, -M2, -O2} [O(n)]
  19: f83->f67, B1: B1 [O(n)]
  19: f83->f67, B2: B2 [O(n)]
  19: f83->f67, C1: C1 [O(n)]
  19: f83->f67, C2: -max{-1, -C2} [O(n)]
  19: f83->f67, D1: D1 [O(n)]
  19: f83->f67, E1: E1 [O(n)]
  19: f83->f67, E2: 1 [O(1)]
  19: f83->f67, F1: F1 [O(n)]
  19: f83->f67, F2: -max{-1, -L2} [O(n)]
  19: f83->f67, G: 1 [O(1)]
  19: f83->f67, G1: G1 [O(n)]
  19: f83->f67, G2: 0 [O(1)]
  19: f83->f67, H: 0 [O(1)]
  19: f83->f67, H1: H1 [O(n)]
  19: f83->f67, H2: -max{-1, -M2, -O2} [O(n)]
  19: f83->f67, I1: I1 [O(n)]
  19: f83->f67, I2: -max{-I2, -M2, max{-M2, -I2}} [O(n)]
  19: f83->f67, J1: J1 [O(n)]
  19: f83->f67, J2: -max{-J2, -N2, max{-N2, -J2}} [O(n)]
  19: f83->f67, K: K [O(n)]
  19: f83->f67, K1: K1 [O(n)]
  19: f83->f67, K2: -max{0, -K2} [O(n)]
  19: f83->f67, L: L [O(n)]
  19: f83->f67, L1: L1 [O(n)]
  19: f83->f67, M: M [O(n)]
  19: f83->f67, M1: M1 [O(n)]
  19: f83->f67, N: N [O(n)]
  19: f83->f67, N1: N1 [O(n)]
  19: f83->f67, O: O [O(n)]
  19: f83->f67, O1: O1 [O(n)]
  19: f83->f67, P: P [O(n)]
  19: f83->f67, P1: P1 [O(n)]
  19: f83->f67, Q: Q [O(n)]
  19: f83->f67, Q1: Q1 [O(n)]
  19: f83->f67, R: 0 [O(1)]
  19: f83->f67, R1: R1 [O(n)]
  19: f83->f67, S: S [O(n)]
  19: f83->f67, S1: S1 [O(n)]
  19: f83->f67, T: T [O(n)]
  19: f83->f67, T1: T1 [O(n)]
  19: f83->f67, U: 0 [O(1)]
  19: f83->f67, U1: U1 [O(n)]
  19: f83->f67, V: V [O(n)]
  19: f83->f67, V1: V1 [O(n)]
  19: f83->f67, W: W [O(n)]
  19: f83->f67, W1: W1 [O(n)]
  19: f83->f67, X: X [O(n)]
  19: f83->f67, X1: X1 [O(n)]
  19: f83->f67, Y: 0 [O(1)]
  19: f83->f67, Y1: Y1 [O(n)]
  19: f83->f67, Z: Z [O(n)]
  19: f83->f67, Z1: Z1 [O(n)]
`Upper:
  28: f0->f31, A: A [O(n)]
  28: f0->f31, A1: A1 [O(n)]
  28: f0->f31, A2: A2 [O(n)]
  28: f0->f31, B: M2 [O(n)]
  28: f0->f31, B1: B1 [O(n)]
  28: f0->f31, B2: B2 [O(n)]
  28: f0->f31, C: C [O(n)]
  28: f0->f31, C1: C1 [O(n)]
  28: f0->f31, C2: C2 [O(n)]
  28: f0->f31, D: D [O(n)]
  28: f0->f31, D1: D1 [O(n)]
  28: f0->f31, D2: D2 [O(n)]
  28: f0->f31, E: E [O(n)]
  28: f0->f31, E1: E1 [O(n)]
  28: f0->f31, E2: E2 [O(n)]
  28: f0->f31, F: F [O(n)]
  28: f0->f31, F1: F1 [O(n)]
  28: f0->f31, F2: 0 [O(1)]
  28: f0->f31, G: G [O(n)]
  28: f0->f31, G1: G1 [O(n)]
  28: f0->f31, G2: 0 [O(1)]
  28: f0->f31, H: H [O(n)]
  28: f0->f31, H1: H1 [O(n)]
  28: f0->f31, H2: M2 [O(n)]
  28: f0->f31, I: I [O(n)]
  28: f0->f31, I1: I1 [O(n)]
  28: f0->f31, I2: I2 [O(n)]
  28: f0->f31, J: J [O(n)]
  28: f0->f31, J1: J1 [O(n)]
  28: f0->f31, J2: J2 [O(n)]
  28: f0->f31, K: K [O(n)]
  28: f0->f31, K1: K1 [O(n)]
  28: f0->f31, K2: K2 [O(n)]
  28: f0->f31, L: L [O(n)]
  28: f0->f31, L1: L1 [O(n)]
  28: f0->f31, M: M [O(n)]
  28: f0->f31, M1: M1 [O(n)]
  28: f0->f31, N: N [O(n)]
  28: f0->f31, N1: N1 [O(n)]
  28: f0->f31, O: O [O(n)]
  28: f0->f31, O1: O1 [O(n)]
  28: f0->f31, P: P [O(n)]
  28: f0->f31, P1: P1 [O(n)]
  28: f0->f31, Q: Q [O(n)]
  28: f0->f31, Q1: Q1 [O(n)]
  28: f0->f31, R: 0 [O(1)]
  28: f0->f31, R1: R1 [O(n)]
  28: f0->f31, S: S [O(n)]
  28: f0->f31, S1: S1 [O(n)]
  28: f0->f31, T: T [O(n)]
  28: f0->f31, T1: T1 [O(n)]
  28: f0->f31, U: 0 [O(1)]
  28: f0->f31, U1: U1 [O(n)]
  28: f0->f31, V: V [O(n)]
  28: f0->f31, V1: V1 [O(n)]
  28: f0->f31, W: W [O(n)]
  28: f0->f31, W1: W1 [O(n)]
  28: f0->f31, X: X [O(n)]
  28: f0->f31, X1: X1 [O(n)]
  28: f0->f31, Y: 0 [O(1)]
  28: f0->f31, Y1: Y1 [O(n)]
  28: f0->f31, Z: Z [O(n)]
  28: f0->f31, Z1: Z1 [O(n)]
  29: f0->f31, A: A [O(n)]
  29: f0->f31, A1: A1 [O(n)]
  29: f0->f31, A2: A2 [O(n)]
  29: f0->f31, B: O2 [O(n)]
  29: f0->f31, B1: B1 [O(n)]
  29: f0->f31, B2: B2 [O(n)]
  29: f0->f31, C: C [O(n)]
  29: f0->f31, C1: C1 [O(n)]
  29: f0->f31, C2: C2 [O(n)]
  29: f0->f31, D: D [O(n)]
  29: f0->f31, D1: D1 [O(n)]
  29: f0->f31, D2: D2 [O(n)]
  29: f0->f31, E: E [O(n)]
  29: f0->f31, E1: E1 [O(n)]
  29: f0->f31, E2: E2 [O(n)]
  29: f0->f31, F: F [O(n)]
  29: f0->f31, F1: F1 [O(n)]
  29: f0->f31, F2: L2 [O(n)]
  29: f0->f31, G: G [O(n)]
  29: f0->f31, G1: G1 [O(n)]
  29: f0->f31, G2: 0 [O(1)]
  29: f0->f31, H: H [O(n)]
  29: f0->f31, H1: H1 [O(n)]
  29: f0->f31, H2: O2 [O(n)]
  29: f0->f31, I: I [O(n)]
  29: f0->f31, I1: I1 [O(n)]
  29: f0->f31, I2: M2 [O(n)]
  29: f0->f31, J: J [O(n)]
  29: f0->f31, J1: J1 [O(n)]
  29: f0->f31, J2: N2 [O(n)]
  29: f0->f31, K: K [O(n)]
  29: f0->f31, K1: K1 [O(n)]
  29: f0->f31, K2: 0 [O(1)]
  29: f0->f31, L: L [O(n)]
  29: f0->f31, L1: L1 [O(n)]
  29: f0->f31, M: M [O(n)]
  29: f0->f31, M1: M1 [O(n)]
  29: f0->f31, N: N [O(n)]
  29: f0->f31, N1: N1 [O(n)]
  29: f0->f31, O: O [O(n)]
  29: f0->f31, O1: O1 [O(n)]
  29: f0->f31, P: P [O(n)]
  29: f0->f31, P1: P1 [O(n)]
  29: f0->f31, Q: Q [O(n)]
  29: f0->f31, Q1: Q1 [O(n)]
  29: f0->f31, R: 0 [O(1)]
  29: f0->f31, R1: R1 [O(n)]
  29: f0->f31, S: S [O(n)]
  29: f0->f31, S1: S1 [O(n)]
  29: f0->f31, T: T [O(n)]
  29: f0->f31, T1: T1 [O(n)]
  29: f0->f31, U: 0 [O(1)]
  29: f0->f31, U1: U1 [O(n)]
  29: f0->f31, V: V [O(n)]
  29: f0->f31, V1: V1 [O(n)]
  29: f0->f31, W: W [O(n)]
  29: f0->f31, W1: W1 [O(n)]
  29: f0->f31, X: X [O(n)]
  29: f0->f31, X1: X1 [O(n)]
  29: f0->f31, Y: 0 [O(1)]
  29: f0->f31, Y1: Y1 [O(n)]
  29: f0->f31, Z: Z [O(n)]
  29: f0->f31, Z1: Z1 [O(n)]
  17: f104->f144, A1: A1 [O(n)]
  17: f104->f144, B: 0 [O(1)]
  17: f104->f144, B1: B1 [O(n)]
  17: f104->f144, C1: C1 [O(n)]
  17: f104->f144, D1: D1 [O(n)]
  17: f104->f144, E1: E1 [O(n)]
  17: f104->f144, F1: F1 [O(n)]
  17: f104->f144, F2: max{0, L2} [O(n)]
  17: f104->f144, G1: G1 [O(n)]
  17: f104->f144, G2: 0 [O(1)]
  17: f104->f144, H: 0 [O(1)]
  17: f104->f144, H1: H1 [O(n)]
  17: f104->f144, H2: max{M2, O2, max{O2, M2}} [O(n)]
  17: f104->f144, I1: I1 [O(n)]
  17: f104->f144, I2: max{I2, M2, max{M2, I2}} [O(n)]
  17: f104->f144, J1: J1 [O(n)]
  17: f104->f144, J2: max{J2, N2, max{N2, J2}} [O(n)]
  17: f104->f144, K: K [O(n)]
  17: f104->f144, K1: K1 [O(n)]
  17: f104->f144, K2: max{0, K2} [O(n)]
  17: f104->f144, L: L [O(n)]
  17: f104->f144, L1: L1 [O(n)]
  17: f104->f144, M: M [O(n)]
  17: f104->f144, M1: M1 [O(n)]
  17: f104->f144, N: N [O(n)]
  17: f104->f144, N1: N1 [O(n)]
  17: f104->f144, O: O [O(n)]
  17: f104->f144, O1: O1 [O(n)]
  17: f104->f144, P: P [O(n)]
  17: f104->f144, P1: P1 [O(n)]
  17: f104->f144, Q: Q [O(n)]
  17: f104->f144, Q1: Q1 [O(n)]
  17: f104->f144, R: 0 [O(1)]
  17: f104->f144, R1: R1 [O(n)]
  17: f104->f144, S: S [O(n)]
  17: f104->f144, S1: S1 [O(n)]
  17: f104->f144, T1: 0 [O(1)]
  17: f104->f144, U: 0 [O(1)]
  17: f104->f144, U1: 0 [O(1)]
  17: f104->f144, V: V [O(n)]
  17: f104->f144, W: W [O(n)]
  17: f104->f144, X: X [O(n)]
  17: f104->f144, Y: 0 [O(1)]
  17: f104->f144, Z: Z [O(n)]
  18: f104->f104, A1: A1 [O(n)]
  18: f104->f104, B: 0 [O(1)]
  18: f104->f104, B1: B1 [O(n)]
  18: f104->f104, C1: C1 [O(n)]
  18: f104->f104, D1: D1 [O(n)]
  18: f104->f104, E1: E1 [O(n)]
  18: f104->f104, F1: F1 [O(n)]
  18: f104->f104, F2: max{0, L2} [O(n)]
  18: f104->f104, G1: G1 [O(n)]
  18: f104->f104, G2: 0 [O(1)]
  18: f104->f104, H: 0 [O(1)]
  18: f104->f104, H1: H1 [O(n)]
  18: f104->f104, H2: max{M2, O2, max{O2, M2}} [O(n)]
  18: f104->f104, I1: I1 [O(n)]
  18: f104->f104, I2: max{I2, M2, max{M2, I2}} [O(n)]
  18: f104->f104, J1: J1 [O(n)]
  18: f104->f104, J2: max{J2, N2, max{N2, J2}} [O(n)]
  18: f104->f104, K: K [O(n)]
  18: f104->f104, K1: K1 [O(n)]
  18: f104->f104, K2: max{0, K2} [O(n)]
  18: f104->f104, L: L [O(n)]
  18: f104->f104, L1: L1 [O(n)]
  18: f104->f104, M: M [O(n)]
  18: f104->f104, M1: M1 [O(n)]
  18: f104->f104, N: N [O(n)]
  18: f104->f104, N1: N1 [O(n)]
  18: f104->f104, O: O [O(n)]
  18: f104->f104, O1: O1 [O(n)]
  18: f104->f104, P: P [O(n)]
  18: f104->f104, P1: P1 [O(n)]
  18: f104->f104, Q: Q [O(n)]
  18: f104->f104, Q1: Q1 [O(n)]
  18: f104->f104, R: 0 [O(1)]
  18: f104->f104, R1: R1 [O(n)]
  18: f104->f104, S: S [O(n)]
  18: f104->f104, S1: S1 [O(n)]
  18: f104->f104, T: T [O(n)]
  18: f104->f104, U: 0 [O(1)]
  18: f104->f104, V: V [O(n)]
  18: f104->f104, V1: V1 [O(n)]
  18: f104->f104, W: W [O(n)]
  18: f104->f104, W1: W1 [O(n)]
  18: f104->f104, X: X [O(n)]
  18: f104->f104, Y: 0 [O(1)]
  18: f104->f104, Z: Z [O(n)]
  10: f144->f211, A1: A1 [O(n)]
  10: f144->f211, B: 0 [O(1)]
  10: f144->f211, B1: B1 [O(n)]
  10: f144->f211, C1: C1 [O(n)]
  10: f144->f211, E1: E1 [O(n)]
  10: f144->f211, F1: F1 [O(n)]
  10: f144->f211, F2: max{0, L2} [O(n)]
  10: f144->f211, G1: G1 [O(n)]
  10: f144->f211, G2: 0 [O(1)]
  10: f144->f211, H: 0 [O(1)]
  10: f144->f211, H1: H1 [O(n)]
  10: f144->f211, H2: max{M2, O2, max{O2, M2}} [O(n)]
  10: f144->f211, I2: max{I2, M2, max{M2, I2}} [O(n)]
  10: f144->f211, J2: max{J2, N2, max{N2, J2}} [O(n)]
  10: f144->f211, K2: max{0, K2} [O(n)]
  10: f144->f211, L: L [O(n)]
  10: f144->f211, M: M [O(n)]
  10: f144->f211, N: N [O(n)]
  10: f144->f211, O: O [O(n)]
  10: f144->f211, O1: max{0, O1} [O(n)]
  10: f144->f211, P: P [O(n)]
  10: f144->f211, Q: Q [O(n)]
  10: f144->f211, R: 0 [O(1)]
  10: f144->f211, R1: max{1, R1} [O(n)]
  10: f144->f211, S: S [O(n)]
  10: f144->f211, S1: max{0, S1} [O(n)]
  10: f144->f211, T: 0 [O(1)]
  10: f144->f211, T1: 0 [O(1)]
  10: f144->f211, U: 0 [O(1)]
  10: f144->f211, U1: 0 [O(1)]
  10: f144->f211, X: max{0, X} [O(n)]
  10: f144->f211, Y: 0 [O(1)]
  13: f144->f144, A1: A1 [O(n)]
  13: f144->f144, B: 0 [O(1)]
  13: f144->f144, B1: B1 [O(n)]
  13: f144->f144, C1: C1 [O(n)]
  13: f144->f144, E1: E1 [O(n)]
  13: f144->f144, F1: F1 [O(n)]
  13: f144->f144, F2: max{0, L2} [O(n)]
  13: f144->f144, G1: G1 [O(n)]
  13: f144->f144, G2: 0 [O(1)]
  13: f144->f144, H: 0 [O(1)]
  13: f144->f144, H1: H1 [O(n)]
  13: f144->f144, H2: max{M2, O2, max{O2, M2}} [O(n)]
  13: f144->f144, I2: max{I2, M2, max{M2, I2}} [O(n)]
  13: f144->f144, J1: 0 [O(1)]
  13: f144->f144, J2: max{J2, N2, max{N2, J2}} [O(n)]
  13: f144->f144, K: K [O(n)]
  13: f144->f144, K1: 0 [O(1)]
  13: f144->f144, K2: max{0, K2} [O(n)]
  13: f144->f144, L: L [O(n)]
  13: f144->f144, M: M [O(n)]
  13: f144->f144, N: N [O(n)]
  13: f144->f144, O: O [O(n)]
  13: f144->f144, O1: max{0, O1} [O(n)]
  13: f144->f144, P: P [O(n)]
  13: f144->f144, Q: Q [O(n)]
  13: f144->f144, R: 0 [O(1)]
  13: f144->f144, R1: max{1, R1} [O(n)]
  13: f144->f144, S: S [O(n)]
  13: f144->f144, S1: max{0, S1} [O(n)]
  13: f144->f144, T1: 0 [O(1)]
  13: f144->f144, U: 0 [O(1)]
  13: f144->f144, U1: 0 [O(1)]
  13: f144->f144, V: V [O(n)]
  13: f144->f144, W: W [O(n)]
  13: f144->f144, X: max{0, X} [O(n)]
  13: f144->f144, Y: 0 [O(1)]
  14: f144->f144, A1: A1 [O(n)]
  14: f144->f144, B: 0 [O(1)]
  14: f144->f144, B1: B1 [O(n)]
  14: f144->f144, C1: C1 [O(n)]
  14: f144->f144, D1: 0 [O(1)]
  14: f144->f144, E1: E1 [O(n)]
  14: f144->f144, F1: F1 [O(n)]
  14: f144->f144, F2: max{0, L2} [O(n)]
  14: f144->f144, G1: G1 [O(n)]
  14: f144->f144, G2: 0 [O(1)]
  14: f144->f144, H: 0 [O(1)]
  14: f144->f144, H1: H1 [O(n)]
  14: f144->f144, H2: max{M2, O2, max{O2, M2}} [O(n)]
  14: f144->f144, I2: max{I2, M2, max{M2, I2}} [O(n)]
  14: f144->f144, J2: max{J2, N2, max{N2, J2}} [O(n)]
  14: f144->f144, K: K [O(n)]
  14: f144->f144, K2: max{0, K2} [O(n)]
  14: f144->f144, L: L [O(n)]
  14: f144->f144, M: M [O(n)]
  14: f144->f144, N: N [O(n)]
  14: f144->f144, O: O [O(n)]
  14: f144->f144, O1: 0 [O(1)]
  14: f144->f144, P: P [O(n)]
  14: f144->f144, P1: 0 [O(1)]
  14: f144->f144, Q: Q [O(n)]
  14: f144->f144, Q1: 0 [O(1)]
  14: f144->f144, R: 0 [O(1)]
  14: f144->f144, R1: max{1, R1} [O(n)]
  14: f144->f144, S: S [O(n)]
  14: f144->f144, S1: max{0, S1} [O(n)]
  14: f144->f144, T1: 0 [O(1)]
  14: f144->f144, U: 0 [O(1)]
  14: f144->f144, U1: 0 [O(1)]
  14: f144->f144, V: V [O(n)]
  14: f144->f144, W: W [O(n)]
  14: f144->f144, X: max{0, X} [O(n)]
  14: f144->f144, Y: 0 [O(1)]
  15: f144->f172, A1: A1 [O(n)]
  15: f144->f172, B: 0 [O(1)]
  15: f144->f172, B1: B1 [O(n)]
  15: f144->f172, C1: C1 [O(n)]
  15: f144->f172, D1: -1 [O(1)]
  15: f144->f172, E1: E1 [O(n)]
  15: f144->f172, F1: F1 [O(n)]
  15: f144->f172, F2: max{0, L2} [O(n)]
  15: f144->f172, G1: G1 [O(n)]
  15: f144->f172, G2: 0 [O(1)]
  15: f144->f172, H: 0 [O(1)]
  15: f144->f172, H1: H1 [O(n)]
  15: f144->f172, H2: max{M2, O2, max{O2, M2}} [O(n)]
  15: f144->f172, I2: max{I2, M2, max{M2, I2}} [O(n)]
  15: f144->f172, J2: max{J2, N2, max{N2, J2}} [O(n)]
  15: f144->f172, K: K [O(n)]
  15: f144->f172, K2: max{0, K2} [O(n)]
  15: f144->f172, L: L [O(n)]
  15: f144->f172, M: M [O(n)]
  15: f144->f172, N: N [O(n)]
  15: f144->f172, O: O [O(n)]
  15: f144->f172, O1: 0 [O(1)]
  15: f144->f172, P: P [O(n)]
  15: f144->f172, P1: -1 [O(1)]
  15: f144->f172, Q: Q [O(n)]
  15: f144->f172, Q1: -1 [O(1)]
  15: f144->f172, R: 0 [O(1)]
  15: f144->f172, R1: 1 [O(1)]
  15: f144->f172, S: S [O(n)]
  15: f144->f172, S1: 0 [O(1)]
  15: f144->f172, T1: 0 [O(1)]
  15: f144->f172, U: 0 [O(1)]
  15: f144->f172, U1: 0 [O(1)]
  15: f144->f172, V: V [O(n)]
  15: f144->f172, W: W [O(n)]
  15: f144->f172, X: 0 [O(1)]
  15: f144->f172, Y: 0 [O(1)]
  16: f144->f172, A1: A1 [O(n)]
  16: f144->f172, B: 0 [O(1)]
  16: f144->f172, B1: B1 [O(n)]
  16: f144->f172, C1: C1 [O(n)]
  16: f144->f172, E1: E1 [O(n)]
  16: f144->f172, F1: F1 [O(n)]
  16: f144->f172, F2: max{0, L2} [O(n)]
  16: f144->f172, G1: G1 [O(n)]
  16: f144->f172, G2: 0 [O(1)]
  16: f144->f172, H: 0 [O(1)]
  16: f144->f172, H1: H1 [O(n)]
  16: f144->f172, H2: max{M2, O2, max{O2, M2}} [O(n)]
  16: f144->f172, I2: max{I2, M2, max{M2, I2}} [O(n)]
  16: f144->f172, J2: max{J2, N2, max{N2, J2}} [O(n)]
  16: f144->f172, K: K [O(n)]
  16: f144->f172, K2: max{0, K2} [O(n)]
  16: f144->f172, L: L [O(n)]
  16: f144->f172, M: M [O(n)]
  16: f144->f172, N: N [O(n)]
  16: f144->f172, O: O [O(n)]
  16: f144->f172, O1: 0 [O(1)]
  16: f144->f172, P: P [O(n)]
  16: f144->f172, Q: Q [O(n)]
  16: f144->f172, R: 0 [O(1)]
  16: f144->f172, R1: 1 [O(1)]
  16: f144->f172, S: S [O(n)]
  16: f144->f172, S1: 0 [O(1)]
  16: f144->f172, T1: 0 [O(1)]
  16: f144->f172, U: 0 [O(1)]
  16: f144->f172, U1: 0 [O(1)]
  16: f144->f172, V: V [O(n)]
  16: f144->f172, W: W [O(n)]
  16: f144->f172, X: 0 [O(1)]
  16: f144->f172, Y: 0 [O(1)]
  12: f172->f144, A1: A1 [O(n)]
  12: f172->f144, B: 0 [O(1)]
  12: f172->f144, B1: B1 [O(n)]
  12: f172->f144, C1: C1 [O(n)]
  12: f172->f144, E1: E1 [O(n)]
  12: f172->f144, F1: F1 [O(n)]
  12: f172->f144, F2: max{0, L2} [O(n)]
  12: f172->f144, G1: G1 [O(n)]
  12: f172->f144, G2: 0 [O(1)]
  12: f172->f144, H: 0 [O(1)]
  12: f172->f144, H1: H1 [O(n)]
  12: f172->f144, H2: max{M2, O2, max{O2, M2}} [O(n)]
  12: f172->f144, I2: max{I2, M2, max{M2, I2}} [O(n)]
  12: f172->f144, J2: max{J2, N2, max{N2, J2}} [O(n)]
  12: f172->f144, K: K [O(n)]
  12: f172->f144, K2: max{0, K2} [O(n)]
  12: f172->f144, L: L [O(n)]
  12: f172->f144, M: M [O(n)]
  12: f172->f144, N: N [O(n)]
  12: f172->f144, O: O [O(n)]
  12: f172->f144, O1: 0 [O(1)]
  12: f172->f144, P: P [O(n)]
  12: f172->f144, Q: Q [O(n)]
  12: f172->f144, R: 0 [O(1)]
  12: f172->f144, R1: 1 [O(1)]
  12: f172->f144, S: S [O(n)]
  12: f172->f144, S1: 0 [O(1)]
  12: f172->f144, T1: 0 [O(1)]
  12: f172->f144, U: 0 [O(1)]
  12: f172->f144, U1: 0 [O(1)]
  12: f172->f144, V: V [O(n)]
  12: f172->f144, W: W [O(n)]
  12: f172->f144, X: 0 [O(1)]
  12: f172->f144, Y: 0 [O(1)]
  12: f172->f144, Z: 0 [O(1)]
  8: f211->f211, A1: A1 [O(n)]
  8: f211->f211, B: 0 [O(1)]
  8: f211->f211, B1: B1 [O(n)]
  8: f211->f211, C1: C1 [O(n)]
  8: f211->f211, E1: E1 [O(n)]
  8: f211->f211, F1: F1 [O(n)]
  8: f211->f211, F2: max{0, L2} [O(n)]
  8: f211->f211, G1: G1 [O(n)]
  8: f211->f211, G2: 0 [O(1)]
  8: f211->f211, H: 0 [O(1)]
  8: f211->f211, H1: H1 [O(n)]
  8: f211->f211, H2: max{M2, O2, max{O2, M2}} [O(n)]
  8: f211->f211, I2: max{I2, M2, max{M2, I2}} [O(n)]
  8: f211->f211, J2: max{J2, N2, max{N2, J2}} [O(n)]
  8: f211->f211, K2: max{0, K2} [O(n)]
  8: f211->f211, L: 0 [O(1)]
  8: f211->f211, N: 0 [O(1)]
  8: f211->f211, O: 0 [O(1)]
  8: f211->f211, O1: max{0, O1} [O(n)]
  8: f211->f211, P: 2 [O(1)]
  8: f211->f211, R: 0 [O(1)]
  8: f211->f211, R1: max{1, R1} [O(n)]
  8: f211->f211, S: S [O(n)]
  8: f211->f211, S1: max{0, S1} [O(n)]
  8: f211->f211, T: 0 [O(1)]
  8: f211->f211, T1: 0 [O(1)]
  8: f211->f211, U: 0 [O(1)]
  8: f211->f211, U1: 0 [O(1)]
  8: f211->f211, X: max{0, X} [O(n)]
  8: f211->f211, Y: 0 [O(1)]
  9: f211->f235, A1: A1 [O(n)]
  9: f211->f235, B: 0 [O(1)]
  9: f211->f235, B1: B1 [O(n)]
  9: f211->f235, C1: C1 [O(n)]
  9: f211->f235, E1: E1 [O(n)]
  9: f211->f235, F1: F1 [O(n)]
  9: f211->f235, F2: max{0, L2} [O(n)]
  9: f211->f235, G1: G1 [O(n)]
  9: f211->f235, G2: 0 [O(1)]
  9: f211->f235, H: 0 [O(1)]
  9: f211->f235, H1: H1 [O(n)]
  9: f211->f235, H2: max{M2, O2, max{O2, M2}} [O(n)]
  9: f211->f235, I2: max{I2, M2, max{M2, I2}} [O(n)]
  9: f211->f235, J2: max{J2, N2, max{N2, J2}} [O(n)]
  9: f211->f235, K: 0 [O(1)]
  9: f211->f235, K2: max{0, K2} [O(n)]
  9: f211->f235, L: max{0, L} [O(n)]
  9: f211->f235, N: max{0, N} [O(n)]
  9: f211->f235, O: max{0, O} [O(n)]
  9: f211->f235, O1: max{0, O1} [O(n)]
  9: f211->f235, P: max{2, P} [O(n)]
  9: f211->f235, R: 0 [O(1)]
  9: f211->f235, R1: max{1, R1} [O(n)]
  9: f211->f235, S1: max{0, S1} [O(n)]
  9: f211->f235, T: 0 [O(1)]
  9: f211->f235, T1: 0 [O(1)]
  9: f211->f235, U: 0 [O(1)]
  9: f211->f235, U1: 0 [O(1)]
  9: f211->f235, X: max{0, X} [O(n)]
  9: f211->f235, Y: 0 [O(1)]
  6: f235->f235, A1: A1 [O(n)]
  6: f235->f235, B: 0 [O(1)]
  6: f235->f235, B1: B1 [O(n)]
  6: f235->f235, C1: C1 [O(n)]
  6: f235->f235, E1: E1 [O(n)]
  6: f235->f235, F1: F1 [O(n)]
  6: f235->f235, F2: max{0, L2} [O(n)]
  6: f235->f235, G1: G1 [O(n)]
  6: f235->f235, G2: 0 [O(1)]
  6: f235->f235, H: 0 [O(1)]
  6: f235->f235, H1: H1 [O(n)]
  6: f235->f235, H2: max{M2, O2, max{O2, M2}} [O(n)]
  6: f235->f235, I2: max{I2, M2, max{M2, I2}} [O(n)]
  6: f235->f235, J2: max{J2, N2, max{N2, J2}} [O(n)]
  6: f235->f235, K: 0 [O(1)]
  6: f235->f235, K2: max{0, K2} [O(n)]
  6: f235->f235, L: max{0, L} [O(n)]
  6: f235->f235, N: max{0, N} [O(n)]
  6: f235->f235, O: max{0, O} [O(n)]
  6: f235->f235, O1: max{0, O1} [O(n)]
  6: f235->f235, P: max{2, P} [O(n)]
  6: f235->f235, R: 0 [O(1)]
  6: f235->f235, R1: max{1, R1} [O(n)]
  6: f235->f235, S1: max{0, S1} [O(n)]
  6: f235->f235, T: 0 [O(1)]
  6: f235->f235, T1: 0 [O(1)]
  6: f235->f235, U: 0 [O(1)]
  6: f235->f235, U1: 0 [O(1)]
  6: f235->f235, X: max{0, X} [O(n)]
  6: f235->f235, Y: 0 [O(1)]
  1: f31->f31, A: A [O(n)]
  1: f31->f31, A1: A1 [O(n)]
  1: f31->f31, A2: A2 [O(n)]
  1: f31->f31, B: max{M2, O2} [O(n)]
  1: f31->f31, B1: B1 [O(n)]
  1: f31->f31, B2: B2 [O(n)]
  1: f31->f31, C: 0 [O(1)]
  1: f31->f31, C1: C1 [O(n)]
  1: f31->f31, D: 0 [O(1)]
  1: f31->f31, D1: D1 [O(n)]
  1: f31->f31, D2: D2 [O(n)]
  1: f31->f31, E1: E1 [O(n)]
  1: f31->f31, E2: E2 [O(n)]
  1: f31->f31, F1: F1 [O(n)]
  1: f31->f31, F2: max{0, L2} [O(n)]
  1: f31->f31, G: G [O(n)]
  1: f31->f31, G1: G1 [O(n)]
  1: f31->f31, G2: 0 [O(1)]
  1: f31->f31, H: H [O(n)]
  1: f31->f31, H1: H1 [O(n)]
  1: f31->f31, H2: max{M2, O2} [O(n)]
  1: f31->f31, I: I [O(n)]
  1: f31->f31, I1: I1 [O(n)]
  1: f31->f31, I2: max{I2, M2} [O(n)]
  1: f31->f31, J: J [O(n)]
  1: f31->f31, J1: J1 [O(n)]
  1: f31->f31, J2: max{J2, N2} [O(n)]
  1: f31->f31, K: K [O(n)]
  1: f31->f31, K1: K1 [O(n)]
  1: f31->f31, K2: max{0, K2} [O(n)]
  1: f31->f31, L: L [O(n)]
  1: f31->f31, L1: L1 [O(n)]
  1: f31->f31, M: M [O(n)]
  1: f31->f31, M1: M1 [O(n)]
  1: f31->f31, N: N [O(n)]
  1: f31->f31, N1: N1 [O(n)]
  1: f31->f31, O: O [O(n)]
  1: f31->f31, O1: O1 [O(n)]
  1: f31->f31, P: P [O(n)]
  1: f31->f31, P1: P1 [O(n)]
  1: f31->f31, Q: Q [O(n)]
  1: f31->f31, Q1: Q1 [O(n)]
  1: f31->f31, R: 0 [O(1)]
  1: f31->f31, R1: R1 [O(n)]
  1: f31->f31, S: S [O(n)]
  1: f31->f31, S1: S1 [O(n)]
  1: f31->f31, T: T [O(n)]
  1: f31->f31, T1: T1 [O(n)]
  1: f31->f31, U: 0 [O(1)]
  1: f31->f31, U1: U1 [O(n)]
  1: f31->f31, V: V [O(n)]
  1: f31->f31, V1: V1 [O(n)]
  1: f31->f31, W: W [O(n)]
  1: f31->f31, W1: W1 [O(n)]
  1: f31->f31, X: X [O(n)]
  1: f31->f31, X1: X1 [O(n)]
  1: f31->f31, Y: 0 [O(1)]
  1: f31->f31, Y1: Y1 [O(n)]
  1: f31->f31, Z: Z [O(n)]
  1: f31->f31, Z1: Z1 [O(n)]
  2: f31->f42, A: A [O(n)]
  2: f31->f42, A1: A1 [O(n)]
  2: f31->f42, A2: A2 [O(n)]
  2: f31->f42, B: max{M2, O2} [O(n)]
  2: f31->f42, B1: B1 [O(n)]
  2: f31->f42, B2: B2 [O(n)]
  2: f31->f42, C1: C1 [O(n)]
  2: f31->f42, D1: D1 [O(n)]
  2: f31->f42, D2: D2 [O(n)]
  2: f31->f42, E: 0 [O(1)]
  2: f31->f42, E1: E1 [O(n)]
  2: f31->f42, E2: E2 [O(n)]
  2: f31->f42, F1: F1 [O(n)]
  2: f31->f42, F2: max{0, L2} [O(n)]
  2: f31->f42, G: G [O(n)]
  2: f31->f42, G1: G1 [O(n)]
  2: f31->f42, G2: 0 [O(1)]
  2: f31->f42, H: H [O(n)]
  2: f31->f42, H1: H1 [O(n)]
  2: f31->f42, H2: max{M2, O2} [O(n)]
  2: f31->f42, I: I [O(n)]
  2: f31->f42, I1: I1 [O(n)]
  2: f31->f42, I2: max{I2, M2} [O(n)]
  2: f31->f42, J: J [O(n)]
  2: f31->f42, J1: J1 [O(n)]
  2: f31->f42, J2: max{J2, N2} [O(n)]
  2: f31->f42, K: K [O(n)]
  2: f31->f42, K1: K1 [O(n)]
  2: f31->f42, K2: max{0, K2} [O(n)]
  2: f31->f42, L: L [O(n)]
  2: f31->f42, L1: L1 [O(n)]
  2: f31->f42, M: M [O(n)]
  2: f31->f42, M1: M1 [O(n)]
  2: f31->f42, N: N [O(n)]
  2: f31->f42, N1: N1 [O(n)]
  2: f31->f42, O: O [O(n)]
  2: f31->f42, O1: O1 [O(n)]
  2: f31->f42, P: P [O(n)]
  2: f31->f42, P1: P1 [O(n)]
  2: f31->f42, Q: Q [O(n)]
  2: f31->f42, Q1: Q1 [O(n)]
  2: f31->f42, R: 0 [O(1)]
  2: f31->f42, R1: R1 [O(n)]
  2: f31->f42, S: S [O(n)]
  2: f31->f42, S1: S1 [O(n)]
  2: f31->f42, T: T [O(n)]
  2: f31->f42, T1: T1 [O(n)]
  2: f31->f42, U: 0 [O(1)]
  2: f31->f42, U1: U1 [O(n)]
  2: f31->f42, V: V [O(n)]
  2: f31->f42, V1: V1 [O(n)]
  2: f31->f42, W: W [O(n)]
  2: f31->f42, W1: W1 [O(n)]
  2: f31->f42, X: X [O(n)]
  2: f31->f42, X1: X1 [O(n)]
  2: f31->f42, Y: 0 [O(1)]
  2: f31->f42, Y1: Y1 [O(n)]
  2: f31->f42, Z: Z [O(n)]
  2: f31->f42, Z1: Z1 [O(n)]
  26: f31->f42, A: A [O(n)]
  26: f31->f42, A1: A1 [O(n)]
  26: f31->f42, A2: A2 [O(n)]
  26: f31->f42, B: max{M2, O2} [O(n)]
  26: f31->f42, B1: B1 [O(n)]
  26: f31->f42, B2: B2 [O(n)]
  26: f31->f42, C1: C1 [O(n)]
  26: f31->f42, D1: D1 [O(n)]
  26: f31->f42, D2: D2 [O(n)]
  26: f31->f42, E1: E1 [O(n)]
  26: f31->f42, E2: E2 [O(n)]
  26: f31->f42, F1: F1 [O(n)]
  26: f31->f42, F2: max{0, L2} [O(n)]
  26: f31->f42, G: G [O(n)]
  26: f31->f42, G1: G1 [O(n)]
  26: f31->f42, G2: 0 [O(1)]
  26: f31->f42, H: H [O(n)]
  26: f31->f42, H1: H1 [O(n)]
  26: f31->f42, H2: max{M2, O2} [O(n)]
  26: f31->f42, I: I [O(n)]
  26: f31->f42, I1: I1 [O(n)]
  26: f31->f42, I2: max{I2, M2} [O(n)]
  26: f31->f42, J: J [O(n)]
  26: f31->f42, J1: J1 [O(n)]
  26: f31->f42, J2: max{J2, N2} [O(n)]
  26: f31->f42, K: K [O(n)]
  26: f31->f42, K1: K1 [O(n)]
  26: f31->f42, K2: max{0, K2} [O(n)]
  26: f31->f42, L: L [O(n)]
  26: f31->f42, L1: L1 [O(n)]
  26: f31->f42, M: M [O(n)]
  26: f31->f42, M1: M1 [O(n)]
  26: f31->f42, N: N [O(n)]
  26: f31->f42, N1: N1 [O(n)]
  26: f31->f42, O: O [O(n)]
  26: f31->f42, O1: O1 [O(n)]
  26: f31->f42, P: P [O(n)]
  26: f31->f42, P1: P1 [O(n)]
  26: f31->f42, Q: Q [O(n)]
  26: f31->f42, Q1: Q1 [O(n)]
  26: f31->f42, R: 0 [O(1)]
  26: f31->f42, R1: R1 [O(n)]
  26: f31->f42, S: S [O(n)]
  26: f31->f42, S1: S1 [O(n)]
  26: f31->f42, T: T [O(n)]
  26: f31->f42, T1: T1 [O(n)]
  26: f31->f42, U: 0 [O(1)]
  26: f31->f42, U1: U1 [O(n)]
  26: f31->f42, V: V [O(n)]
  26: f31->f42, V1: V1 [O(n)]
  26: f31->f42, W: W [O(n)]
  26: f31->f42, W1: W1 [O(n)]
  26: f31->f42, X: X [O(n)]
  26: f31->f42, X1: X1 [O(n)]
  26: f31->f42, Y: 0 [O(1)]
  26: f31->f42, Y1: Y1 [O(n)]
  26: f31->f42, Z: Z [O(n)]
  26: f31->f42, Z1: Z1 [O(n)]
  27: f31->f67, A: A [O(n)]
  27: f31->f67, A1: A1 [O(n)]
  27: f31->f67, A2: A2 [O(n)]
  27: f31->f67, B: 0 [O(1)]
  27: f31->f67, B1: B1 [O(n)]
  27: f31->f67, B2: B2 [O(n)]
  27: f31->f67, C1: C1 [O(n)]
  27: f31->f67, D1: D1 [O(n)]
  27: f31->f67, E1: E1 [O(n)]
  27: f31->f67, F1: F1 [O(n)]
  27: f31->f67, F2: max{0, L2} [O(n)]
  27: f31->f67, G: G [O(n)]
  27: f31->f67, G1: G1 [O(n)]
  27: f31->f67, G2: 0 [O(1)]
  27: f31->f67, H1: H1 [O(n)]
  27: f31->f67, H2: max{M2, O2, max{O2, M2}} [O(n)]
  27: f31->f67, I: I [O(n)]
  27: f31->f67, I1: I1 [O(n)]
  27: f31->f67, I2: max{I2, M2, max{M2, I2}} [O(n)]
  27: f31->f67, J: J [O(n)]
  27: f31->f67, J1: J1 [O(n)]
  27: f31->f67, J2: max{J2, N2, max{N2, J2}} [O(n)]
  27: f31->f67, K: K [O(n)]
  27: f31->f67, K1: K1 [O(n)]
  27: f31->f67, K2: max{0, K2} [O(n)]
  27: f31->f67, L: L [O(n)]
  27: f31->f67, L1: L1 [O(n)]
  27: f31->f67, M: M [O(n)]
  27: f31->f67, M1: M1 [O(n)]
  27: f31->f67, N: N [O(n)]
  27: f31->f67, N1: N1 [O(n)]
  27: f31->f67, O: O [O(n)]
  27: f31->f67, O1: O1 [O(n)]
  27: f31->f67, P: P [O(n)]
  27: f31->f67, P1: P1 [O(n)]
  27: f31->f67, Q: Q [O(n)]
  27: f31->f67, Q1: Q1 [O(n)]
  27: f31->f67, R: 0 [O(1)]
  27: f31->f67, R1: R1 [O(n)]
  27: f31->f67, S: S [O(n)]
  27: f31->f67, S1: S1 [O(n)]
  27: f31->f67, T: T [O(n)]
  27: f31->f67, T1: T1 [O(n)]
  27: f31->f67, U: 0 [O(1)]
  27: f31->f67, U1: U1 [O(n)]
  27: f31->f67, V: V [O(n)]
  27: f31->f67, V1: V1 [O(n)]
  27: f31->f67, W: W [O(n)]
  27: f31->f67, W1: W1 [O(n)]
  27: f31->f67, X: X [O(n)]
  27: f31->f67, X1: X1 [O(n)]
  27: f31->f67, Y: 0 [O(1)]
  27: f31->f67, Y1: Y1 [O(n)]
  27: f31->f67, Z: Z [O(n)]
  27: f31->f67, Z1: Z1 [O(n)]
  24: f42->f31, A: A [O(n)]
  24: f42->f31, A1: A1 [O(n)]
  24: f42->f31, A2: A2 [O(n)]
  24: f42->f31, B: max{M2, O2} [O(n)]
  24: f42->f31, B1: B1 [O(n)]
  24: f42->f31, B2: B2 [O(n)]
  24: f42->f31, C1: C1 [O(n)]
  24: f42->f31, D1: D1 [O(n)]
  24: f42->f31, D2: D2 [O(n)]
  24: f42->f31, E1: E1 [O(n)]
  24: f42->f31, E2: E2 [O(n)]
  24: f42->f31, F: 0 [O(1)]
  24: f42->f31, F1: F1 [O(n)]
  24: f42->f31, F2: max{0, L2} [O(n)]
  24: f42->f31, G: G [O(n)]
  24: f42->f31, G1: G1 [O(n)]
  24: f42->f31, G2: 0 [O(1)]
  24: f42->f31, H: H [O(n)]
  24: f42->f31, H1: H1 [O(n)]
  24: f42->f31, H2: max{M2, O2} [O(n)]
  24: f42->f31, I: I [O(n)]
  24: f42->f31, I1: I1 [O(n)]
  24: f42->f31, I2: max{I2, M2} [O(n)]
  24: f42->f31, J: J [O(n)]
  24: f42->f31, J1: J1 [O(n)]
  24: f42->f31, J2: max{J2, N2} [O(n)]
  24: f42->f31, K: K [O(n)]
  24: f42->f31, K1: K1 [O(n)]
  24: f42->f31, K2: max{0, K2} [O(n)]
  24: f42->f31, L: L [O(n)]
  24: f42->f31, L1: L1 [O(n)]
  24: f42->f31, M: M [O(n)]
  24: f42->f31, M1: M1 [O(n)]
  24: f42->f31, N: N [O(n)]
  24: f42->f31, N1: N1 [O(n)]
  24: f42->f31, O: O [O(n)]
  24: f42->f31, O1: O1 [O(n)]
  24: f42->f31, P: P [O(n)]
  24: f42->f31, P1: P1 [O(n)]
  24: f42->f31, Q: Q [O(n)]
  24: f42->f31, Q1: Q1 [O(n)]
  24: f42->f31, R: 0 [O(1)]
  24: f42->f31, R1: R1 [O(n)]
  24: f42->f31, S: S [O(n)]
  24: f42->f31, S1: S1 [O(n)]
  24: f42->f31, T: T [O(n)]
  24: f42->f31, T1: T1 [O(n)]
  24: f42->f31, U: 0 [O(1)]
  24: f42->f31, U1: U1 [O(n)]
  24: f42->f31, V: V [O(n)]
  24: f42->f31, V1: V1 [O(n)]
  24: f42->f31, W: W [O(n)]
  24: f42->f31, W1: W1 [O(n)]
  24: f42->f31, X: X [O(n)]
  24: f42->f31, X1: X1 [O(n)]
  24: f42->f31, Y: 0 [O(1)]
  24: f42->f31, Y1: Y1 [O(n)]
  24: f42->f31, Z: Z [O(n)]
  24: f42->f31, Z1: Z1 [O(n)]
  25: f42->f31, A: A [O(n)]
  25: f42->f31, A1: A1 [O(n)]
  25: f42->f31, A2: A2 [O(n)]
  25: f42->f31, B: max{M2, O2} [O(n)]
  25: f42->f31, B1: B1 [O(n)]
  25: f42->f31, B2: B2 [O(n)]
  25: f42->f31, C1: C1 [O(n)]
  25: f42->f31, D1: D1 [O(n)]
  25: f42->f31, D2: D2 [O(n)]
  25: f42->f31, E1: E1 [O(n)]
  25: f42->f31, E2: E2 [O(n)]
  25: f42->f31, F1: F1 [O(n)]
  25: f42->f31, F2: max{0, L2} [O(n)]
  25: f42->f31, G: G [O(n)]
  25: f42->f31, G1: G1 [O(n)]
  25: f42->f31, G2: 0 [O(1)]
  25: f42->f31, H: H [O(n)]
  25: f42->f31, H1: H1 [O(n)]
  25: f42->f31, H2: max{M2, O2} [O(n)]
  25: f42->f31, I: I [O(n)]
  25: f42->f31, I1: I1 [O(n)]
  25: f42->f31, I2: max{I2, M2} [O(n)]
  25: f42->f31, J: J [O(n)]
  25: f42->f31, J1: J1 [O(n)]
  25: f42->f31, J2: max{J2, N2} [O(n)]
  25: f42->f31, K: K [O(n)]
  25: f42->f31, K1: K1 [O(n)]
  25: f42->f31, K2: max{0, K2} [O(n)]
  25: f42->f31, L: L [O(n)]
  25: f42->f31, L1: L1 [O(n)]
  25: f42->f31, M: M [O(n)]
  25: f42->f31, M1: M1 [O(n)]
  25: f42->f31, N: N [O(n)]
  25: f42->f31, N1: N1 [O(n)]
  25: f42->f31, O: O [O(n)]
  25: f42->f31, O1: O1 [O(n)]
  25: f42->f31, P: P [O(n)]
  25: f42->f31, P1: P1 [O(n)]
  25: f42->f31, Q: Q [O(n)]
  25: f42->f31, Q1: Q1 [O(n)]
  25: f42->f31, R: 0 [O(1)]
  25: f42->f31, R1: R1 [O(n)]
  25: f42->f31, S: S [O(n)]
  25: f42->f31, S1: S1 [O(n)]
  25: f42->f31, T: T [O(n)]
  25: f42->f31, T1: T1 [O(n)]
  25: f42->f31, U: 0 [O(1)]
  25: f42->f31, U1: U1 [O(n)]
  25: f42->f31, V: V [O(n)]
  25: f42->f31, V1: V1 [O(n)]
  25: f42->f31, W: W [O(n)]
  25: f42->f31, W1: W1 [O(n)]
  25: f42->f31, X: X [O(n)]
  25: f42->f31, X1: X1 [O(n)]
  25: f42->f31, Y: 0 [O(1)]
  25: f42->f31, Y1: Y1 [O(n)]
  25: f42->f31, Z: Z [O(n)]
  25: f42->f31, Z1: Z1 [O(n)]
  4: f67->f77, A1: A1 [O(n)]
  4: f67->f77, A2: A2 [O(n)]
  4: f67->f77, B: 0 [O(1)]
  4: f67->f77, B1: B1 [O(n)]
  4: f67->f77, B2: B2 [O(n)]
  4: f67->f77, C1: C1 [O(n)]
  4: f67->f77, D1: D1 [O(n)]
  4: f67->f77, E1: E1 [O(n)]
  4: f67->f77, F1: F1 [O(n)]
  4: f67->f77, F2: max{0, L2} [O(n)]
  4: f67->f77, G1: G1 [O(n)]
  4: f67->f77, G2: 0 [O(1)]
  4: f67->f77, H1: H1 [O(n)]
  4: f67->f77, H2: max{M2, O2, max{O2, M2}} [O(n)]
  4: f67->f77, I: 0 [O(1)]
  4: f67->f77, I1: I1 [O(n)]
  4: f67->f77, I2: max{I2, M2, max{M2, I2}} [O(n)]
  4: f67->f77, J1: J1 [O(n)]
  4: f67->f77, J2: max{J2, N2, max{N2, J2}} [O(n)]
  4: f67->f77, K: K [O(n)]
  4: f67->f77, K1: K1 [O(n)]
  4: f67->f77, K2: max{0, K2} [O(n)]
  4: f67->f77, L: L [O(n)]
  4: f67->f77, L1: L1 [O(n)]
  4: f67->f77, M: M [O(n)]
  4: f67->f77, M1: M1 [O(n)]
  4: f67->f77, N: N [O(n)]
  4: f67->f77, N1: N1 [O(n)]
  4: f67->f77, O: O [O(n)]
  4: f67->f77, O1: O1 [O(n)]
  4: f67->f77, P: P [O(n)]
  4: f67->f77, P1: P1 [O(n)]
  4: f67->f77, Q: Q [O(n)]
  4: f67->f77, Q1: Q1 [O(n)]
  4: f67->f77, R: 0 [O(1)]
  4: f67->f77, R1: R1 [O(n)]
  4: f67->f77, S: S [O(n)]
  4: f67->f77, S1: S1 [O(n)]
  4: f67->f77, T: T [O(n)]
  4: f67->f77, T1: T1 [O(n)]
  4: f67->f77, U: 0 [O(1)]
  4: f67->f77, U1: U1 [O(n)]
  4: f67->f77, V: V [O(n)]
  4: f67->f77, V1: V1 [O(n)]
  4: f67->f77, W: W [O(n)]
  4: f67->f77, W1: W1 [O(n)]
  4: f67->f77, X: X [O(n)]
  4: f67->f77, X1: X1 [O(n)]
  4: f67->f77, Y: 0 [O(1)]
  4: f67->f77, Y1: Y1 [O(n)]
  4: f67->f77, Z: Z [O(n)]
  4: f67->f77, Z1: Z1 [O(n)]
  22: f67->f77, A1: A1 [O(n)]
  22: f67->f77, A2: A2 [O(n)]
  22: f67->f77, B: 0 [O(1)]
  22: f67->f77, B1: B1 [O(n)]
  22: f67->f77, B2: B2 [O(n)]
  22: f67->f77, C1: C1 [O(n)]
  22: f67->f77, D1: D1 [O(n)]
  22: f67->f77, E1: E1 [O(n)]
  22: f67->f77, F1: F1 [O(n)]
  22: f67->f77, F2: max{0, L2} [O(n)]
  22: f67->f77, G1: G1 [O(n)]
  22: f67->f77, G2: 0 [O(1)]
  22: f67->f77, H1: H1 [O(n)]
  22: f67->f77, H2: max{M2, O2, max{O2, M2}} [O(n)]
  22: f67->f77, I1: I1 [O(n)]
  22: f67->f77, I2: max{I2, M2, max{M2, I2}} [O(n)]
  22: f67->f77, J1: J1 [O(n)]
  22: f67->f77, J2: max{J2, N2, max{N2, J2}} [O(n)]
  22: f67->f77, K: K [O(n)]
  22: f67->f77, K1: K1 [O(n)]
  22: f67->f77, K2: max{0, K2} [O(n)]
  22: f67->f77, L: L [O(n)]
  22: f67->f77, L1: L1 [O(n)]
  22: f67->f77, M: M [O(n)]
  22: f67->f77, M1: M1 [O(n)]
  22: f67->f77, N: N [O(n)]
  22: f67->f77, N1: N1 [O(n)]
  22: f67->f77, O: O [O(n)]
  22: f67->f77, O1: O1 [O(n)]
  22: f67->f77, P: P [O(n)]
  22: f67->f77, P1: P1 [O(n)]
  22: f67->f77, Q: Q [O(n)]
  22: f67->f77, Q1: Q1 [O(n)]
  22: f67->f77, R: 0 [O(1)]
  22: f67->f77, R1: R1 [O(n)]
  22: f67->f77, S: S [O(n)]
  22: f67->f77, S1: S1 [O(n)]
  22: f67->f77, T: T [O(n)]
  22: f67->f77, T1: T1 [O(n)]
  22: f67->f77, U: 0 [O(1)]
  22: f67->f77, U1: U1 [O(n)]
  22: f67->f77, V: V [O(n)]
  22: f67->f77, V1: V1 [O(n)]
  22: f67->f77, W: W [O(n)]
  22: f67->f77, W1: W1 [O(n)]
  22: f67->f77, X: X [O(n)]
  22: f67->f77, X1: X1 [O(n)]
  22: f67->f77, Y: 0 [O(1)]
  22: f67->f77, Y1: Y1 [O(n)]
  22: f67->f77, Z: Z [O(n)]
  22: f67->f77, Z1: Z1 [O(n)]
  23: f67->f104, A1: A1 [O(n)]
  23: f67->f104, A2: A2 [O(n)]
  23: f67->f104, B: 0 [O(1)]
  23: f67->f104, B1: B1 [O(n)]
  23: f67->f104, C1: C1 [O(n)]
  23: f67->f104, D1: D1 [O(n)]
  23: f67->f104, E1: E1 [O(n)]
  23: f67->f104, F1: F1 [O(n)]
  23: f67->f104, F2: max{0, L2} [O(n)]
  23: f67->f104, G1: G1 [O(n)]
  23: f67->f104, G2: 0 [O(1)]
  23: f67->f104, H: 0 [O(1)]
  23: f67->f104, H1: H1 [O(n)]
  23: f67->f104, H2: max{M2, O2, max{O2, M2}} [O(n)]
  23: f67->f104, I1: I1 [O(n)]
  23: f67->f104, I2: max{I2, M2, max{M2, I2}} [O(n)]
  23: f67->f104, J1: J1 [O(n)]
  23: f67->f104, J2: max{J2, N2, max{N2, J2}} [O(n)]
  23: f67->f104, K: K [O(n)]
  23: f67->f104, K1: K1 [O(n)]
  23: f67->f104, K2: max{0, K2} [O(n)]
  23: f67->f104, L: L [O(n)]
  23: f67->f104, L1: L1 [O(n)]
  23: f67->f104, M: M [O(n)]
  23: f67->f104, M1: M1 [O(n)]
  23: f67->f104, N: N [O(n)]
  23: f67->f104, N1: N1 [O(n)]
  23: f67->f104, O: O [O(n)]
  23: f67->f104, O1: O1 [O(n)]
  23: f67->f104, P: P [O(n)]
  23: f67->f104, P1: P1 [O(n)]
  23: f67->f104, Q: Q [O(n)]
  23: f67->f104, Q1: Q1 [O(n)]
  23: f67->f104, R: 0 [O(1)]
  23: f67->f104, R1: R1 [O(n)]
  23: f67->f104, S: S [O(n)]
  23: f67->f104, S1: S1 [O(n)]
  23: f67->f104, T: T [O(n)]
  23: f67->f104, T1: T1 [O(n)]
  23: f67->f104, U: 0 [O(1)]
  23: f67->f104, U1: U1 [O(n)]
  23: f67->f104, V: V [O(n)]
  23: f67->f104, V1: V1 [O(n)]
  23: f67->f104, W: W [O(n)]
  23: f67->f104, W1: W1 [O(n)]
  23: f67->f104, X: X [O(n)]
  23: f67->f104, X1: X1 [O(n)]
  23: f67->f104, Y: 0 [O(1)]
  23: f67->f104, Y1: Y1 [O(n)]
  23: f67->f104, Z: Z [O(n)]
  23: f67->f104, Z1: Z1 [O(n)]
  5: f77->f81, A1: A1 [O(n)]
  5: f77->f81, A2: A2 [O(n)]
  5: f77->f81, B: 0 [O(1)]
  5: f77->f81, B1: B1 [O(n)]
  5: f77->f81, B2: B2 [O(n)]
  5: f77->f81, C1: C1 [O(n)]
  5: f77->f81, D1: D1 [O(n)]
  5: f77->f81, E1: E1 [O(n)]
  5: f77->f81, F1: F1 [O(n)]
  5: f77->f81, F2: max{0, L2} [O(n)]
  5: f77->f81, G1: G1 [O(n)]
  5: f77->f81, G2: 0 [O(1)]
  5: f77->f81, H1: H1 [O(n)]
  5: f77->f81, H2: max{M2, O2, max{O2, M2}} [O(n)]
  5: f77->f81, I1: I1 [O(n)]
  5: f77->f81, I2: max{I2, M2, max{M2, I2}} [O(n)]
  5: f77->f81, J: 0 [O(1)]
  5: f77->f81, J1: J1 [O(n)]
  5: f77->f81, J2: max{J2, N2, max{N2, J2}} [O(n)]
  5: f77->f81, K: K [O(n)]
  5: f77->f81, K1: K1 [O(n)]
  5: f77->f81, K2: max{0, K2} [O(n)]
  5: f77->f81, L: L [O(n)]
  5: f77->f81, L1: L1 [O(n)]
  5: f77->f81, M: M [O(n)]
  5: f77->f81, M1: M1 [O(n)]
  5: f77->f81, N: N [O(n)]
  5: f77->f81, N1: N1 [O(n)]
  5: f77->f81, O: O [O(n)]
  5: f77->f81, O1: O1 [O(n)]
  5: f77->f81, P: P [O(n)]
  5: f77->f81, P1: P1 [O(n)]
  5: f77->f81, Q: Q [O(n)]
  5: f77->f81, Q1: Q1 [O(n)]
  5: f77->f81, R: 0 [O(1)]
  5: f77->f81, R1: R1 [O(n)]
  5: f77->f81, S: S [O(n)]
  5: f77->f81, S1: S1 [O(n)]
  5: f77->f81, T: T [O(n)]
  5: f77->f81, T1: T1 [O(n)]
  5: f77->f81, U: 0 [O(1)]
  5: f77->f81, U1: U1 [O(n)]
  5: f77->f81, V: V [O(n)]
  5: f77->f81, V1: V1 [O(n)]
  5: f77->f81, W: W [O(n)]
  5: f77->f81, W1: W1 [O(n)]
  5: f77->f81, X: X [O(n)]
  5: f77->f81, X1: X1 [O(n)]
  5: f77->f81, Y: 0 [O(1)]
  5: f77->f81, Y1: Y1 [O(n)]
  5: f77->f81, Z: Z [O(n)]
  5: f77->f81, Z1: Z1 [O(n)]
  21: f77->f81, A1: A1 [O(n)]
  21: f77->f81, A2: A2 [O(n)]
  21: f77->f81, B: 0 [O(1)]
  21: f77->f81, B1: B1 [O(n)]
  21: f77->f81, B2: B2 [O(n)]
  21: f77->f81, C1: C1 [O(n)]
  21: f77->f81, D1: D1 [O(n)]
  21: f77->f81, E1: E1 [O(n)]
  21: f77->f81, F1: F1 [O(n)]
  21: f77->f81, F2: max{0, L2} [O(n)]
  21: f77->f81, G1: G1 [O(n)]
  21: f77->f81, G2: 0 [O(1)]
  21: f77->f81, H1: H1 [O(n)]
  21: f77->f81, H2: max{M2, O2, max{O2, M2}} [O(n)]
  21: f77->f81, I1: I1 [O(n)]
  21: f77->f81, I2: max{I2, M2, max{M2, I2}} [O(n)]
  21: f77->f81, J1: J1 [O(n)]
  21: f77->f81, J2: max{J2, N2, max{N2, J2}} [O(n)]
  21: f77->f81, K: K [O(n)]
  21: f77->f81, K1: K1 [O(n)]
  21: f77->f81, K2: max{0, K2} [O(n)]
  21: f77->f81, L: L [O(n)]
  21: f77->f81, L1: L1 [O(n)]
  21: f77->f81, M: M [O(n)]
  21: f77->f81, M1: M1 [O(n)]
  21: f77->f81, N: N [O(n)]
  21: f77->f81, N1: N1 [O(n)]
  21: f77->f81, O: O [O(n)]
  21: f77->f81, O1: O1 [O(n)]
  21: f77->f81, P: P [O(n)]
  21: f77->f81, P1: P1 [O(n)]
  21: f77->f81, Q: Q [O(n)]
  21: f77->f81, Q1: Q1 [O(n)]
  21: f77->f81, R: 0 [O(1)]
  21: f77->f81, R1: R1 [O(n)]
  21: f77->f81, S: S [O(n)]
  21: f77->f81, S1: S1 [O(n)]
  21: f77->f81, T: T [O(n)]
  21: f77->f81, T1: T1 [O(n)]
  21: f77->f81, U: 0 [O(1)]
  21: f77->f81, U1: U1 [O(n)]
  21: f77->f81, V: V [O(n)]
  21: f77->f81, V1: V1 [O(n)]
  21: f77->f81, W: W [O(n)]
  21: f77->f81, W1: W1 [O(n)]
  21: f77->f81, X: X [O(n)]
  21: f77->f81, X1: X1 [O(n)]
  21: f77->f81, Y: 0 [O(1)]
  21: f77->f81, Y1: Y1 [O(n)]
  21: f77->f81, Z: Z [O(n)]
  21: f77->f81, Z1: Z1 [O(n)]
  0: f81->f83, A: 0 [O(1)]
  0: f81->f83, A1: A1 [O(n)]
  0: f81->f83, A2: A2 [O(n)]
  0: f81->f83, B: 0 [O(1)]
  0: f81->f83, B1: B1 [O(n)]
  0: f81->f83, B2: B2 [O(n)]
  0: f81->f83, C1: C1 [O(n)]
  0: f81->f83, D1: D1 [O(n)]
  0: f81->f83, E1: E1 [O(n)]
  0: f81->f83, F1: F1 [O(n)]
  0: f81->f83, F2: max{0, L2} [O(n)]
  0: f81->f83, G1: G1 [O(n)]
  0: f81->f83, G2: 0 [O(1)]
  0: f81->f83, H1: H1 [O(n)]
  0: f81->f83, H2: max{M2, O2, max{O2, M2}} [O(n)]
  0: f81->f83, I1: I1 [O(n)]
  0: f81->f83, I2: max{I2, M2, max{M2, I2}} [O(n)]
  0: f81->f83, J1: J1 [O(n)]
  0: f81->f83, J2: max{J2, N2, max{N2, J2}} [O(n)]
  0: f81->f83, K: K [O(n)]
  0: f81->f83, K1: K1 [O(n)]
  0: f81->f83, K2: max{0, K2} [O(n)]
  0: f81->f83, L: L [O(n)]
  0: f81->f83, L1: L1 [O(n)]
  0: f81->f83, M: M [O(n)]
  0: f81->f83, M1: M1 [O(n)]
  0: f81->f83, N: N [O(n)]
  0: f81->f83, N1: N1 [O(n)]
  0: f81->f83, O: O [O(n)]
  0: f81->f83, O1: O1 [O(n)]
  0: f81->f83, P: P [O(n)]
  0: f81->f83, P1: P1 [O(n)]
  0: f81->f83, Q: Q [O(n)]
  0: f81->f83, Q1: Q1 [O(n)]
  0: f81->f83, R: 0 [O(1)]
  0: f81->f83, R1: R1 [O(n)]
  0: f81->f83, S: S [O(n)]
  0: f81->f83, S1: S1 [O(n)]
  0: f81->f83, T: T [O(n)]
  0: f81->f83, T1: T1 [O(n)]
  0: f81->f83, U: 0 [O(1)]
  0: f81->f83, U1: U1 [O(n)]
  0: f81->f83, V: V [O(n)]
  0: f81->f83, V1: V1 [O(n)]
  0: f81->f83, W: W [O(n)]
  0: f81->f83, W1: W1 [O(n)]
  0: f81->f83, X: X [O(n)]
  0: f81->f83, X1: X1 [O(n)]
  0: f81->f83, Y: 0 [O(1)]
  0: f81->f83, Y1: Y1 [O(n)]
  0: f81->f83, Z: Z [O(n)]
  0: f81->f83, Z1: Z1 [O(n)]
  20: f81->f83, A1: A1 [O(n)]
  20: f81->f83, A2: A2 [O(n)]
  20: f81->f83, B: 0 [O(1)]
  20: f81->f83, B1: B1 [O(n)]
  20: f81->f83, B2: B2 [O(n)]
  20: f81->f83, C1: C1 [O(n)]
  20: f81->f83, D1: D1 [O(n)]
  20: f81->f83, E1: E1 [O(n)]
  20: f81->f83, F1: F1 [O(n)]
  20: f81->f83, F2: max{0, L2} [O(n)]
  20: f81->f83, G1: G1 [O(n)]
  20: f81->f83, G2: 0 [O(1)]
  20: f81->f83, H1: H1 [O(n)]
  20: f81->f83, H2: max{M2, O2, max{O2, M2}} [O(n)]
  20: f81->f83, I1: I1 [O(n)]
  20: f81->f83, I2: max{I2, M2, max{M2, I2}} [O(n)]
  20: f81->f83, J1: J1 [O(n)]
  20: f81->f83, J2: max{J2, N2, max{N2, J2}} [O(n)]
  20: f81->f83, K: K [O(n)]
  20: f81->f83, K1: K1 [O(n)]
  20: f81->f83, K2: max{0, K2} [O(n)]
  20: f81->f83, L: L [O(n)]
  20: f81->f83, L1: L1 [O(n)]
  20: f81->f83, M: M [O(n)]
  20: f81->f83, M1: M1 [O(n)]
  20: f81->f83, N: N [O(n)]
  20: f81->f83, N1: N1 [O(n)]
  20: f81->f83, O: O [O(n)]
  20: f81->f83, O1: O1 [O(n)]
  20: f81->f83, P: P [O(n)]
  20: f81->f83, P1: P1 [O(n)]
  20: f81->f83, Q: Q [O(n)]
  20: f81->f83, Q1: Q1 [O(n)]
  20: f81->f83, R: 0 [O(1)]
  20: f81->f83, R1: R1 [O(n)]
  20: f81->f83, S: S [O(n)]
  20: f81->f83, S1: S1 [O(n)]
  20: f81->f83, T: T [O(n)]
  20: f81->f83, T1: T1 [O(n)]
  20: f81->f83, U: 0 [O(1)]
  20: f81->f83, U1: U1 [O(n)]
  20: f81->f83, V: V [O(n)]
  20: f81->f83, V1: V1 [O(n)]
  20: f81->f83, W: W [O(n)]
  20: f81->f83, W1: W1 [O(n)]
  20: f81->f83, X: X [O(n)]
  20: f81->f83, X1: X1 [O(n)]
  20: f81->f83, Y: 0 [O(1)]
  20: f81->f83, Y1: Y1 [O(n)]
  20: f81->f83, Z: Z [O(n)]
  20: f81->f83, Z1: Z1 [O(n)]
  3: f83->f67, A1: A1 [O(n)]
  3: f83->f67, A2: A2 [O(n)]
  3: f83->f67, B: 0 [O(1)]
  3: f83->f67, B1: B1 [O(n)]
  3: f83->f67, B2: B2 [O(n)]
  3: f83->f67, C1: C1 [O(n)]
  3: f83->f67, D1: D1 [O(n)]
  3: f83->f67, E1: E1 [O(n)]
  3: f83->f67, F1: F1 [O(n)]
  3: f83->f67, F2: max{0, L2} [O(n)]
  3: f83->f67, G: 0 [O(1)]
  3: f83->f67, G1: G1 [O(n)]
  3: f83->f67, G2: 0 [O(1)]
  3: f83->f67, H1: H1 [O(n)]
  3: f83->f67, H2: max{M2, O2, max{O2, M2}} [O(n)]
  3: f83->f67, I1: I1 [O(n)]
  3: f83->f67, I2: max{I2, M2, max{M2, I2}} [O(n)]
  3: f83->f67, J1: J1 [O(n)]
  3: f83->f67, J2: max{J2, N2, max{N2, J2}} [O(n)]
  3: f83->f67, K: K [O(n)]
  3: f83->f67, K1: K1 [O(n)]
  3: f83->f67, K2: max{0, K2} [O(n)]
  3: f83->f67, L: L [O(n)]
  3: f83->f67, L1: L1 [O(n)]
  3: f83->f67, M: M [O(n)]
  3: f83->f67, M1: M1 [O(n)]
  3: f83->f67, N: N [O(n)]
  3: f83->f67, N1: N1 [O(n)]
  3: f83->f67, O: O [O(n)]
  3: f83->f67, O1: O1 [O(n)]
  3: f83->f67, P: P [O(n)]
  3: f83->f67, P1: P1 [O(n)]
  3: f83->f67, Q: Q [O(n)]
  3: f83->f67, Q1: Q1 [O(n)]
  3: f83->f67, R: 0 [O(1)]
  3: f83->f67, R1: R1 [O(n)]
  3: f83->f67, S: S [O(n)]
  3: f83->f67, S1: S1 [O(n)]
  3: f83->f67, T: T [O(n)]
  3: f83->f67, T1: T1 [O(n)]
  3: f83->f67, U: 0 [O(1)]
  3: f83->f67, U1: U1 [O(n)]
  3: f83->f67, V: V [O(n)]
  3: f83->f67, V1: V1 [O(n)]
  3: f83->f67, W: W [O(n)]
  3: f83->f67, W1: W1 [O(n)]
  3: f83->f67, X: X [O(n)]
  3: f83->f67, X1: X1 [O(n)]
  3: f83->f67, Y: 0 [O(1)]
  3: f83->f67, Y1: Y1 [O(n)]
  3: f83->f67, Z: Z [O(n)]
  3: f83->f67, Z1: Z1 [O(n)]
  19: f83->f67, A1: A1 [O(n)]
  19: f83->f67, A2: A2 [O(n)]
  19: f83->f67, B: 0 [O(1)]
  19: f83->f67, B1: B1 [O(n)]
  19: f83->f67, B2: B2 [O(n)]
  19: f83->f67, C1: C1 [O(n)]
  19: f83->f67, D1: D1 [O(n)]
  19: f83->f67, E1: E1 [O(n)]
  19: f83->f67, F1: F1 [O(n)]
  19: f83->f67, F2: max{0, L2} [O(n)]
  19: f83->f67, G1: G1 [O(n)]
  19: f83->f67, G2: 0 [O(1)]
  19: f83->f67, H1: H1 [O(n)]
  19: f83->f67, H2: max{M2, O2, max{O2, M2}} [O(n)]
  19: f83->f67, I1: I1 [O(n)]
  19: f83->f67, I2: max{I2, M2, max{M2, I2}} [O(n)]
  19: f83->f67, J1: J1 [O(n)]
  19: f83->f67, J2: max{J2, N2, max{N2, J2}} [O(n)]
  19: f83->f67, K: K [O(n)]
  19: f83->f67, K1: K1 [O(n)]
  19: f83->f67, K2: max{0, K2} [O(n)]
  19: f83->f67, L: L [O(n)]
  19: f83->f67, L1: L1 [O(n)]
  19: f83->f67, M: M [O(n)]
  19: f83->f67, M1: M1 [O(n)]
  19: f83->f67, N: N [O(n)]
  19: f83->f67, N1: N1 [O(n)]
  19: f83->f67, O: O [O(n)]
  19: f83->f67, O1: O1 [O(n)]
  19: f83->f67, P: P [O(n)]
  19: f83->f67, P1: P1 [O(n)]
  19: f83->f67, Q: Q [O(n)]
  19: f83->f67, Q1: Q1 [O(n)]
  19: f83->f67, R: 0 [O(1)]
  19: f83->f67, R1: R1 [O(n)]
  19: f83->f67, S: S [O(n)]
  19: f83->f67, S1: S1 [O(n)]
  19: f83->f67, T: T [O(n)]
  19: f83->f67, T1: T1 [O(n)]
  19: f83->f67, U: 0 [O(1)]
  19: f83->f67, U1: U1 [O(n)]
  19: f83->f67, V: V [O(n)]
  19: f83->f67, V1: V1 [O(n)]
  19: f83->f67, W: W [O(n)]
  19: f83->f67, W1: W1 [O(n)]
  19: f83->f67, X: X [O(n)]
  19: f83->f67, X1: X1 [O(n)]
  19: f83->f67, Y: 0 [O(1)]
  19: f83->f67, Y1: Y1 [O(n)]
  19: f83->f67, Z: Z [O(n)]
  19: f83->f67, Z1: Z1 [O(n)]
