Timebounds: 
  Overall timebound: inf [Infinity]
  29: f0->f31: 1 [O(1)]
  30: f0->f31: 1 [O(1)]
  18: f104->f144: 1 [O(1)]
  19: f104->f104: inf [Infinity]
  11: f144->f211: 1 [O(1)]
  14: f144->f144: inf [Infinity]
  15: f144->f144: inf [Infinity]
  16: f144->f172: inf [Infinity]
  17: f144->f172: inf [Infinity]
  13: f172->f144: inf [Infinity]
  8: f211->f211: inf [Infinity]
  9: f211->f211: inf [Infinity]
  10: f211->f237: 1 [O(1)]
  6: f237->f237: inf [Infinity]
  1: f31->f31: max{0, N2}+max{0, P2} [O(n)]
  2: f31->f42: max{0, N2}+max{0, P2} [O(n)]
  27: f31->f42: max{0, N2}+max{0, P2} [O(n)]
  28: f31->f67: 1 [O(1)]
  25: f42->f31: max{0, N2}+max{0, P2} [O(n)]
  26: f42->f31: max{0, N2}+max{0, P2} [O(n)]
  4: f67->f77: inf [Infinity]
  23: f67->f77: inf [Infinity]
  24: f67->f104: 1 [O(1)]
  5: f77->f81: inf [Infinity]
  22: f77->f81: inf [Infinity]
  0: f81->f83: inf [Infinity]
  21: f81->f83: inf [Infinity]
  3: f83->f67: inf [Infinity]
  20: f83->f67: inf [Infinity]

Costbounds:
  Overall costbound: inf [Infinity]
  29: f0->f31: 1 [O(1)]
  30: f0->f31: 1 [O(1)]
  18: f104->f144: 1 [O(1)]
  19: f104->f104: inf [Infinity]
  11: f144->f211: 1 [O(1)]
  14: f144->f144: inf [Infinity]
  15: f144->f144: inf [Infinity]
  16: f144->f172: inf [Infinity]
  17: f144->f172: inf [Infinity]
  13: f172->f144: inf [Infinity]
  8: f211->f211: inf [Infinity]
  9: f211->f211: inf [Infinity]
  10: f211->f237: 1 [O(1)]
  6: f237->f237: inf [Infinity]
  1: f31->f31: max{0, N2}+max{0, P2} [O(n)]
  2: f31->f42: max{0, N2}+max{0, P2} [O(n)]
  27: f31->f42: max{0, N2}+max{0, P2} [O(n)]
  28: f31->f67: 1 [O(1)]
  25: f42->f31: max{0, N2}+max{0, P2} [O(n)]
  26: f42->f31: max{0, N2}+max{0, P2} [O(n)]
  4: f67->f77: inf [Infinity]
  23: f67->f77: inf [Infinity]
  24: f67->f104: 1 [O(1)]
  5: f77->f81: inf [Infinity]
  22: f77->f81: inf [Infinity]
  0: f81->f83: inf [Infinity]
  21: f81->f83: inf [Infinity]
  3: f83->f67: inf [Infinity]
  20: f83->f67: inf [Infinity]

Sizebounds:
`Lower:
  29: f0->f31, A: A [O(n)]
  29: f0->f31, A1: A1 [O(n)]
  29: f0->f31, A2: A2 [O(n)]
  29: f0->f31, B: N2 [O(n)]
  29: f0->f31, B1: B1 [O(n)]
  29: f0->f31, B2: B2 [O(n)]
  29: f0->f31, C: C [O(n)]
  29: f0->f31, C1: C1 [O(n)]
  29: f0->f31, C2: C2 [O(n)]
  29: f0->f31, D: D [O(n)]
  29: f0->f31, D1: D1 [O(n)]
  29: f0->f31, D2: D2 [O(n)]
  29: f0->f31, E: E [O(n)]
  29: f0->f31, E1: E1 [O(n)]
  29: f0->f31, E2: E2 [O(n)]
  29: f0->f31, F: F [O(n)]
  29: f0->f31, F1: F1 [O(n)]
  29: f0->f31, F2: F2 [O(n)]
  29: f0->f31, G: G [O(n)]
  29: f0->f31, G1: G1 [O(n)]
  29: f0->f31, G2: M2 [O(n)]
  29: f0->f31, H: H [O(n)]
  29: f0->f31, H1: H1 [O(n)]
  29: f0->f31, H2: 0 [O(1)]
  29: f0->f31, I: I [O(n)]
  29: f0->f31, I1: I1 [O(n)]
  29: f0->f31, I2: N2 [O(n)]
  29: f0->f31, J: J [O(n)]
  29: f0->f31, J1: J1 [O(n)]
  29: f0->f31, J2: J2 [O(n)]
  29: f0->f31, K: K [O(n)]
  29: f0->f31, K1: K1 [O(n)]
  29: f0->f31, K2: K2 [O(n)]
  29: f0->f31, L: L [O(n)]
  29: f0->f31, L1: L1 [O(n)]
  29: f0->f31, L2: L2 [O(n)]
  29: f0->f31, M: M [O(n)]
  29: f0->f31, M1: M1 [O(n)]
  29: f0->f31, N: N [O(n)]
  29: f0->f31, N1: N1 [O(n)]
  29: f0->f31, O: O [O(n)]
  29: f0->f31, O1: O1 [O(n)]
  29: f0->f31, P: P [O(n)]
  29: f0->f31, P1: P1 [O(n)]
  29: f0->f31, Q: Q [O(n)]
  29: f0->f31, Q1: Q1 [O(n)]
  29: f0->f31, R: R [O(n)]
  29: f0->f31, R1: R1 [O(n)]
  29: f0->f31, S: 0 [O(1)]
  29: f0->f31, S1: S1 [O(n)]
  29: f0->f31, T: T [O(n)]
  29: f0->f31, T1: T1 [O(n)]
  29: f0->f31, U: U [O(n)]
  29: f0->f31, U1: U1 [O(n)]
  29: f0->f31, V: 0 [O(1)]
  29: f0->f31, V1: V1 [O(n)]
  29: f0->f31, W: W [O(n)]
  29: f0->f31, W1: W1 [O(n)]
  29: f0->f31, X: X [O(n)]
  29: f0->f31, X1: X1 [O(n)]
  29: f0->f31, Y: Y [O(n)]
  29: f0->f31, Y1: Y1 [O(n)]
  29: f0->f31, Z: 0 [O(1)]
  29: f0->f31, Z1: Z1 [O(n)]
  30: f0->f31, A: A [O(n)]
  30: f0->f31, A1: A1 [O(n)]
  30: f0->f31, A2: A2 [O(n)]
  30: f0->f31, B: P2 [O(n)]
  30: f0->f31, B1: B1 [O(n)]
  30: f0->f31, B2: B2 [O(n)]
  30: f0->f31, C: C [O(n)]
  30: f0->f31, C1: C1 [O(n)]
  30: f0->f31, C2: C2 [O(n)]
  30: f0->f31, D: D [O(n)]
  30: f0->f31, D1: D1 [O(n)]
  30: f0->f31, D2: D2 [O(n)]
  30: f0->f31, E: E [O(n)]
  30: f0->f31, E1: E1 [O(n)]
  30: f0->f31, E2: E2 [O(n)]
  30: f0->f31, F: F [O(n)]
  30: f0->f31, F1: F1 [O(n)]
  30: f0->f31, F2: F2 [O(n)]
  30: f0->f31, G: G [O(n)]
  30: f0->f31, G1: G1 [O(n)]
  30: f0->f31, G2: 1 [O(1)]
  30: f0->f31, H: H [O(n)]
  30: f0->f31, H1: H1 [O(n)]
  30: f0->f31, H2: 0 [O(1)]
  30: f0->f31, I: I [O(n)]
  30: f0->f31, I1: I1 [O(n)]
  30: f0->f31, I2: P2 [O(n)]
  30: f0->f31, J: J [O(n)]
  30: f0->f31, J1: J1 [O(n)]
  30: f0->f31, J2: N2 [O(n)]
  30: f0->f31, K: K [O(n)]
  30: f0->f31, K1: K1 [O(n)]
  30: f0->f31, K2: O2 [O(n)]
  30: f0->f31, L: L [O(n)]
  30: f0->f31, L1: L1 [O(n)]
  30: f0->f31, L2: 0 [O(1)]
  30: f0->f31, M: M [O(n)]
  30: f0->f31, M1: M1 [O(n)]
  30: f0->f31, N: N [O(n)]
  30: f0->f31, N1: N1 [O(n)]
  30: f0->f31, O: O [O(n)]
  30: f0->f31, O1: O1 [O(n)]
  30: f0->f31, P: P [O(n)]
  30: f0->f31, P1: P1 [O(n)]
  30: f0->f31, Q: Q [O(n)]
  30: f0->f31, Q1: Q1 [O(n)]
  30: f0->f31, R: R [O(n)]
  30: f0->f31, R1: R1 [O(n)]
  30: f0->f31, S: 0 [O(1)]
  30: f0->f31, S1: S1 [O(n)]
  30: f0->f31, T: T [O(n)]
  30: f0->f31, T1: T1 [O(n)]
  30: f0->f31, U: U [O(n)]
  30: f0->f31, U1: U1 [O(n)]
  30: f0->f31, V: 0 [O(1)]
  30: f0->f31, V1: V1 [O(n)]
  30: f0->f31, W: W [O(n)]
  30: f0->f31, W1: W1 [O(n)]
  30: f0->f31, X: X [O(n)]
  30: f0->f31, X1: X1 [O(n)]
  30: f0->f31, Y: Y [O(n)]
  30: f0->f31, Y1: Y1 [O(n)]
  30: f0->f31, Z: 0 [O(1)]
  30: f0->f31, Z1: Z1 [O(n)]
  18: f104->f144, A1: A1 [O(n)]
  18: f104->f144, B: -max{0, -N2, -P2} [O(n)]
  18: f104->f144, B1: B1 [O(n)]
  18: f104->f144, C1: C1 [O(n)]
  18: f104->f144, D1: D1 [O(n)]
  18: f104->f144, D2: -max{-1, -D2} [O(n)]
  18: f104->f144, E1: E1 [O(n)]
  18: f104->f144, F1: F1 [O(n)]
  18: f104->f144, G1: G1 [O(n)]
  18: f104->f144, G2: -max{-1, -M2} [O(n)]
  18: f104->f144, H1: H1 [O(n)]
  18: f104->f144, H2: 0 [O(1)]
  18: f104->f144, I1: I1 [O(n)]
  18: f104->f144, I2: -max{-1, -N2, -P2} [O(n)]
  18: f104->f144, J1: J1 [O(n)]
  18: f104->f144, J2: -max{-J2, -N2, max{-N2, -J2}} [O(n)]
  18: f104->f144, K: K [O(n)]
  18: f104->f144, K1: K1 [O(n)]
  18: f104->f144, K2: -max{-K2, -O2, max{-O2, -K2}} [O(n)]
  18: f104->f144, L: L [O(n)]
  18: f104->f144, L1: L1 [O(n)]
  18: f104->f144, L2: -max{0, -L2} [O(n)]
  18: f104->f144, M: M [O(n)]
  18: f104->f144, M1: M1 [O(n)]
  18: f104->f144, N: N [O(n)]
  18: f104->f144, N1: N1 [O(n)]
  18: f104->f144, O: O [O(n)]
  18: f104->f144, O1: O1 [O(n)]
  18: f104->f144, P: P [O(n)]
  18: f104->f144, P1: P1 [O(n)]
  18: f104->f144, Q: Q [O(n)]
  18: f104->f144, Q1: Q1 [O(n)]
  18: f104->f144, R: R [O(n)]
  18: f104->f144, R1: R1 [O(n)]
  18: f104->f144, S: 0 [O(1)]
  18: f104->f144, S1: S1 [O(n)]
  18: f104->f144, T: T [O(n)]
  18: f104->f144, T1: T1 [O(n)]
  18: f104->f144, V: 0 [O(1)]
  18: f104->f144, W: W [O(n)]
  18: f104->f144, X: X [O(n)]
  18: f104->f144, Y: Y [O(n)]
  18: f104->f144, Z: 0 [O(1)]
  19: f104->f104, A1: A1 [O(n)]
  19: f104->f104, B: -max{0, -N2, -P2} [O(n)]
  19: f104->f104, B1: B1 [O(n)]
  19: f104->f104, C1: C1 [O(n)]
  19: f104->f104, D1: D1 [O(n)]
  19: f104->f104, D2: -max{-1, -D2} [O(n)]
  19: f104->f104, E1: E1 [O(n)]
  19: f104->f104, F1: F1 [O(n)]
  19: f104->f104, G1: G1 [O(n)]
  19: f104->f104, G2: -max{-1, -M2} [O(n)]
  19: f104->f104, H1: H1 [O(n)]
  19: f104->f104, H2: 0 [O(1)]
  19: f104->f104, I1: I1 [O(n)]
  19: f104->f104, I2: -max{-1, -N2, -P2} [O(n)]
  19: f104->f104, J1: J1 [O(n)]
  19: f104->f104, J2: -max{-J2, -N2, max{-N2, -J2}} [O(n)]
  19: f104->f104, K: K [O(n)]
  19: f104->f104, K1: K1 [O(n)]
  19: f104->f104, K2: -max{-K2, -O2, max{-O2, -K2}} [O(n)]
  19: f104->f104, L: L [O(n)]
  19: f104->f104, L1: L1 [O(n)]
  19: f104->f104, L2: -max{0, -L2} [O(n)]
  19: f104->f104, M: M [O(n)]
  19: f104->f104, M1: M1 [O(n)]
  19: f104->f104, N: N [O(n)]
  19: f104->f104, N1: N1 [O(n)]
  19: f104->f104, O: O [O(n)]
  19: f104->f104, O1: O1 [O(n)]
  19: f104->f104, P: P [O(n)]
  19: f104->f104, P1: P1 [O(n)]
  19: f104->f104, Q: Q [O(n)]
  19: f104->f104, Q1: Q1 [O(n)]
  19: f104->f104, R: R [O(n)]
  19: f104->f104, R1: R1 [O(n)]
  19: f104->f104, S: 0 [O(1)]
  19: f104->f104, S1: S1 [O(n)]
  19: f104->f104, T: T [O(n)]
  19: f104->f104, T1: T1 [O(n)]
  19: f104->f104, U: U [O(n)]
  19: f104->f104, U1: 1 [O(1)]
  19: f104->f104, V: 0 [O(1)]
  19: f104->f104, V1: 0 [O(1)]
  19: f104->f104, W: W [O(n)]
  19: f104->f104, W1: W1 [O(n)]
  19: f104->f104, X: X [O(n)]
  19: f104->f104, X1: X1 [O(n)]
  19: f104->f104, Y: Y [O(n)]
  19: f104->f104, Z: 0 [O(1)]
  11: f144->f211, B: -max{0, -N2, -P2} [O(n)]
  11: f144->f211, B1: B1 [O(n)]
  11: f144->f211, C1: C1 [O(n)]
  11: f144->f211, D1: D1 [O(n)]
  11: f144->f211, D2: -max{-1, -D2} [O(n)]
  11: f144->f211, F1: F1 [O(n)]
  11: f144->f211, G1: G1 [O(n)]
  11: f144->f211, G2: -max{-1, -M2} [O(n)]
  11: f144->f211, H1: H1 [O(n)]
  11: f144->f211, H2: 0 [O(1)]
  11: f144->f211, I1: I1 [O(n)]
  11: f144->f211, I2: -max{-1, -N2, -P2} [O(n)]
  11: f144->f211, J2: -max{-J2, -N2, max{-N2, -J2}} [O(n)]
  11: f144->f211, K2: -max{-K2, -O2, max{-O2, -K2}} [O(n)]
  11: f144->f211, L: L [O(n)]
  11: f144->f211, L2: -max{0, -L2} [O(n)]
  11: f144->f211, M: M [O(n)]
  11: f144->f211, N: N [O(n)]
  11: f144->f211, O: O [O(n)]
  11: f144->f211, P: P [O(n)]
  11: f144->f211, P1: -max{0, -P1} [O(n)]
  11: f144->f211, Q: Q [O(n)]
  11: f144->f211, R: R [O(n)]
  11: f144->f211, S: 0 [O(1)]
  11: f144->f211, S1: -max{-1, -S1} [O(n)]
  11: f144->f211, T: T [O(n)]
  11: f144->f211, T1: -max{0, -T1} [O(n)]
  11: f144->f211, V: 0 [O(1)]
  11: f144->f211, Y: -max{0, -Y} [O(n)]
  11: f144->f211, Z: 0 [O(1)]
  14: f144->f144, B: -max{0, -N2, -P2} [O(n)]
  14: f144->f144, B1: B1 [O(n)]
  14: f144->f144, C1: C1 [O(n)]
  14: f144->f144, D1: D1 [O(n)]
  14: f144->f144, D2: -max{-1, -D2} [O(n)]
  14: f144->f144, F1: F1 [O(n)]
  14: f144->f144, G1: G1 [O(n)]
  14: f144->f144, G2: -max{-1, -M2} [O(n)]
  14: f144->f144, H1: H1 [O(n)]
  14: f144->f144, H2: 0 [O(1)]
  14: f144->f144, I1: I1 [O(n)]
  14: f144->f144, I2: -max{-1, -N2, -P2} [O(n)]
  14: f144->f144, J2: -max{-J2, -N2, max{-N2, -J2}} [O(n)]
  14: f144->f144, K: K [O(n)]
  14: f144->f144, K2: -max{-K2, -O2, max{-O2, -K2}} [O(n)]
  14: f144->f144, L: L [O(n)]
  14: f144->f144, L2: -max{0, -L2} [O(n)]
  14: f144->f144, M: M [O(n)]
  14: f144->f144, N: N [O(n)]
  14: f144->f144, O: O [O(n)]
  14: f144->f144, P: P [O(n)]
  14: f144->f144, P1: -max{0, -P1} [O(n)]
  14: f144->f144, Q: Q [O(n)]
  14: f144->f144, R: R [O(n)]
  14: f144->f144, S: 0 [O(1)]
  14: f144->f144, S1: -max{-1, -S1} [O(n)]
  14: f144->f144, T: T [O(n)]
  14: f144->f144, T1: -max{0, -T1} [O(n)]
  14: f144->f144, U: 0 [O(1)]
  14: f144->f144, V: 0 [O(1)]
  14: f144->f144, W: W [O(n)]
  14: f144->f144, X: X [O(n)]
  14: f144->f144, X1: 1 [O(1)]
  14: f144->f144, Y: -max{0, -Y} [O(n)]
  14: f144->f144, Z: 0 [O(1)]
  15: f144->f144, B: -max{0, -N2, -P2} [O(n)]
  15: f144->f144, B1: B1 [O(n)]
  15: f144->f144, C1: C1 [O(n)]
  15: f144->f144, D1: D1 [O(n)]
  15: f144->f144, D2: -max{-1, -D2} [O(n)]
  15: f144->f144, E1: 0 [O(1)]
  15: f144->f144, F1: F1 [O(n)]
  15: f144->f144, G1: G1 [O(n)]
  15: f144->f144, G2: -max{-1, -M2} [O(n)]
  15: f144->f144, H1: H1 [O(n)]
  15: f144->f144, H2: 0 [O(1)]
  15: f144->f144, I1: I1 [O(n)]
  15: f144->f144, I2: -max{-1, -N2, -P2} [O(n)]
  15: f144->f144, J2: -max{-J2, -N2, max{-N2, -J2}} [O(n)]
  15: f144->f144, K: K [O(n)]
  15: f144->f144, K1: 1 [O(1)]
  15: f144->f144, K2: -max{-K2, -O2, max{-O2, -K2}} [O(n)]
  15: f144->f144, L: L [O(n)]
  15: f144->f144, L1: 1 [O(1)]
  15: f144->f144, L2: -max{0, -L2} [O(n)]
  15: f144->f144, M: M [O(n)]
  15: f144->f144, N: N [O(n)]
  15: f144->f144, O: O [O(n)]
  15: f144->f144, P: P [O(n)]
  15: f144->f144, P1: 0 [O(1)]
  15: f144->f144, Q: Q [O(n)]
  15: f144->f144, Q1: 0 [O(1)]
  15: f144->f144, R: R [O(n)]
  15: f144->f144, R1: 0 [O(1)]
  15: f144->f144, S: 0 [O(1)]
  15: f144->f144, S1: -max{-1, -S1} [O(n)]
  15: f144->f144, T: T [O(n)]
  15: f144->f144, T1: -max{0, -T1} [O(n)]
  15: f144->f144, U: 0 [O(1)]
  15: f144->f144, V: 0 [O(1)]
  15: f144->f144, W: W [O(n)]
  15: f144->f144, X: X [O(n)]
  15: f144->f144, X1: 1 [O(1)]
  15: f144->f144, Y: -max{0, -Y} [O(n)]
  15: f144->f144, Z: 0 [O(1)]
  16: f144->f172, B: -max{0, -N2, -P2} [O(n)]
  16: f144->f172, B1: B1 [O(n)]
  16: f144->f172, C1: C1 [O(n)]
  16: f144->f172, D1: D1 [O(n)]
  16: f144->f172, D2: -max{-1, -D2} [O(n)]
  16: f144->f172, F1: F1 [O(n)]
  16: f144->f172, G1: G1 [O(n)]
  16: f144->f172, G2: -max{-1, -M2} [O(n)]
  16: f144->f172, H1: H1 [O(n)]
  16: f144->f172, H2: 0 [O(1)]
  16: f144->f172, I1: I1 [O(n)]
  16: f144->f172, I2: -max{-1, -N2, -P2} [O(n)]
  16: f144->f172, J2: -max{-J2, -N2, max{-N2, -J2}} [O(n)]
  16: f144->f172, K: K [O(n)]
  16: f144->f172, K1: 1 [O(1)]
  16: f144->f172, K2: -max{-K2, -O2, max{-O2, -K2}} [O(n)]
  16: f144->f172, L: L [O(n)]
  16: f144->f172, L1: 1 [O(1)]
  16: f144->f172, L2: -max{0, -L2} [O(n)]
  16: f144->f172, M: M [O(n)]
  16: f144->f172, N: N [O(n)]
  16: f144->f172, O: O [O(n)]
  16: f144->f172, P: P [O(n)]
  16: f144->f172, P1: 0 [O(1)]
  16: f144->f172, Q: Q [O(n)]
  16: f144->f172, R: R [O(n)]
  16: f144->f172, S: 0 [O(1)]
  16: f144->f172, S1: 1 [O(1)]
  16: f144->f172, T: T [O(n)]
  16: f144->f172, T1: 0 [O(1)]
  16: f144->f172, U: 0 [O(1)]
  16: f144->f172, V: 0 [O(1)]
  16: f144->f172, W: W [O(n)]
  16: f144->f172, X: X [O(n)]
  16: f144->f172, X1: 1 [O(1)]
  16: f144->f172, Y: 0 [O(1)]
  16: f144->f172, Z: 0 [O(1)]
  17: f144->f172, B: -max{0, -N2, -P2} [O(n)]
  17: f144->f172, B1: B1 [O(n)]
  17: f144->f172, C1: C1 [O(n)]
  17: f144->f172, D1: D1 [O(n)]
  17: f144->f172, D2: -max{-1, -D2} [O(n)]
  17: f144->f172, E1: 1 [O(1)]
  17: f144->f172, F1: F1 [O(n)]
  17: f144->f172, G1: G1 [O(n)]
  17: f144->f172, G2: -max{-1, -M2} [O(n)]
  17: f144->f172, H1: H1 [O(n)]
  17: f144->f172, H2: 0 [O(1)]
  17: f144->f172, I1: I1 [O(n)]
  17: f144->f172, I2: -max{-1, -N2, -P2} [O(n)]
  17: f144->f172, J2: -max{-J2, -N2, max{-N2, -J2}} [O(n)]
  17: f144->f172, K: K [O(n)]
  17: f144->f172, K1: 1 [O(1)]
  17: f144->f172, K2: -max{-K2, -O2, max{-O2, -K2}} [O(n)]
  17: f144->f172, L: L [O(n)]
  17: f144->f172, L1: 1 [O(1)]
  17: f144->f172, L2: -max{0, -L2} [O(n)]
  17: f144->f172, M: M [O(n)]
  17: f144->f172, N: N [O(n)]
  17: f144->f172, O: O [O(n)]
  17: f144->f172, P: P [O(n)]
  17: f144->f172, P1: 0 [O(1)]
  17: f144->f172, Q: Q [O(n)]
  17: f144->f172, Q1: 1 [O(1)]
  17: f144->f172, R: R [O(n)]
  17: f144->f172, R1: 1 [O(1)]
  17: f144->f172, S: 0 [O(1)]
  17: f144->f172, S1: 1 [O(1)]
  17: f144->f172, T: T [O(n)]
  17: f144->f172, T1: 0 [O(1)]
  17: f144->f172, U: 0 [O(1)]
  17: f144->f172, V: 0 [O(1)]
  17: f144->f172, W: W [O(n)]
  17: f144->f172, X: X [O(n)]
  17: f144->f172, X1: 1 [O(1)]
  17: f144->f172, Y: 0 [O(1)]
  17: f144->f172, Z: 0 [O(1)]
  13: f172->f144, A1: 0 [O(1)]
  13: f172->f144, B: -max{0, -N2, -P2} [O(n)]
  13: f172->f144, B1: B1 [O(n)]
  13: f172->f144, C1: C1 [O(n)]
  13: f172->f144, D1: D1 [O(n)]
  13: f172->f144, D2: -max{-1, -D2} [O(n)]
  13: f172->f144, F1: F1 [O(n)]
  13: f172->f144, G1: G1 [O(n)]
  13: f172->f144, G2: -max{-1, -M2} [O(n)]
  13: f172->f144, H1: H1 [O(n)]
  13: f172->f144, H2: 0 [O(1)]
  13: f172->f144, I1: I1 [O(n)]
  13: f172->f144, I2: -max{-1, -N2, -P2} [O(n)]
  13: f172->f144, J2: -max{-J2, -N2, max{-N2, -J2}} [O(n)]
  13: f172->f144, K: K [O(n)]
  13: f172->f144, K1: 1 [O(1)]
  13: f172->f144, K2: -max{-K2, -O2, max{-O2, -K2}} [O(n)]
  13: f172->f144, L: L [O(n)]
  13: f172->f144, L1: 1 [O(1)]
  13: f172->f144, L2: -max{0, -L2} [O(n)]
  13: f172->f144, M: M [O(n)]
  13: f172->f144, N: N [O(n)]
  13: f172->f144, O: O [O(n)]
  13: f172->f144, P: P [O(n)]
  13: f172->f144, P1: 0 [O(1)]
  13: f172->f144, Q: Q [O(n)]
  13: f172->f144, R: R [O(n)]
  13: f172->f144, S: 0 [O(1)]
  13: f172->f144, S1: 1 [O(1)]
  13: f172->f144, T: T [O(n)]
  13: f172->f144, T1: 0 [O(1)]
  13: f172->f144, U: 0 [O(1)]
  13: f172->f144, V: 0 [O(1)]
  13: f172->f144, W: W [O(n)]
  13: f172->f144, X: X [O(n)]
  13: f172->f144, X1: 1 [O(1)]
  13: f172->f144, Y: 0 [O(1)]
  13: f172->f144, Z: 0 [O(1)]
  8: f211->f211, B: -max{0, -N2, -P2} [O(n)]
  8: f211->f211, B1: B1 [O(n)]
  8: f211->f211, C1: C1 [O(n)]
  8: f211->f211, D1: D1 [O(n)]
  8: f211->f211, D2: -max{-1, -D2} [O(n)]
  8: f211->f211, F1: F1 [O(n)]
  8: f211->f211, G1: G1 [O(n)]
  8: f211->f211, G2: -max{-1, -M2} [O(n)]
  8: f211->f211, H1: H1 [O(n)]
  8: f211->f211, H2: 0 [O(1)]
  8: f211->f211, I1: I1 [O(n)]
  8: f211->f211, I2: -max{-1, -N2, -P2} [O(n)]
  8: f211->f211, J2: -max{-J2, -N2, max{-N2, -J2}} [O(n)]
  8: f211->f211, K: 1 [O(1)]
  8: f211->f211, K2: -max{-K2, -O2, max{-O2, -K2}} [O(n)]
  8: f211->f211, L: 0 [O(1)]
  8: f211->f211, L2: -max{0, -L2} [O(n)]
  8: f211->f211, O: 0 [O(1)]
  8: f211->f211, P: 0 [O(1)]
  8: f211->f211, P1: -max{0, -P1} [O(n)]
  8: f211->f211, Q: 2 [O(1)]
  8: f211->f211, S: 0 [O(1)]
  8: f211->f211, S1: -max{-1, -S1} [O(n)]
  8: f211->f211, T: T [O(n)]
  8: f211->f211, T1: -max{0, -T1} [O(n)]
  8: f211->f211, V: 0 [O(1)]
  8: f211->f211, X: 1 [O(1)]
  8: f211->f211, Y: -max{0, -Y} [O(n)]
  8: f211->f211, Z: 0 [O(1)]
  9: f211->f211, B: -max{0, -N2, -P2} [O(n)]
  9: f211->f211, B1: B1 [O(n)]
  9: f211->f211, C1: C1 [O(n)]
  9: f211->f211, D1: D1 [O(n)]
  9: f211->f211, D2: -max{-1, -D2} [O(n)]
  9: f211->f211, F1: F1 [O(n)]
  9: f211->f211, G1: G1 [O(n)]
  9: f211->f211, G2: -max{-1, -M2} [O(n)]
  9: f211->f211, H1: H1 [O(n)]
  9: f211->f211, H2: 0 [O(1)]
  9: f211->f211, I1: I1 [O(n)]
  9: f211->f211, I2: -max{-1, -N2, -P2} [O(n)]
  9: f211->f211, J2: -max{-J2, -N2, max{-N2, -J2}} [O(n)]
  9: f211->f211, K: 0 [O(1)]
  9: f211->f211, K2: -max{-K2, -O2, max{-O2, -K2}} [O(n)]
  9: f211->f211, L: 0 [O(1)]
  9: f211->f211, L2: -max{0, -L2} [O(n)]
  9: f211->f211, N: 1 [O(1)]
  9: f211->f211, O: 0 [O(1)]
  9: f211->f211, P: 0 [O(1)]
  9: f211->f211, P1: -max{0, -P1} [O(n)]
  9: f211->f211, Q: 2 [O(1)]
  9: f211->f211, S: 0 [O(1)]
  9: f211->f211, S1: -max{-1, -S1} [O(n)]
  9: f211->f211, T: T [O(n)]
  9: f211->f211, T1: -max{0, -T1} [O(n)]
  9: f211->f211, V: 0 [O(1)]
  9: f211->f211, X: 1 [O(1)]
  9: f211->f211, Y: -max{0, -Y} [O(n)]
  9: f211->f211, Z: 0 [O(1)]
  10: f211->f237, B: -max{0, -N2, -P2} [O(n)]
  10: f211->f237, B1: B1 [O(n)]
  10: f211->f237, C1: C1 [O(n)]
  10: f211->f237, D1: D1 [O(n)]
  10: f211->f237, D2: -max{-1, -D2} [O(n)]
  10: f211->f237, F1: F1 [O(n)]
  10: f211->f237, G1: G1 [O(n)]
  10: f211->f237, G2: -max{-1, -M2} [O(n)]
  10: f211->f237, H1: H1 [O(n)]
  10: f211->f237, H2: 0 [O(1)]
  10: f211->f237, I1: I1 [O(n)]
  10: f211->f237, I2: -max{-1, -N2, -P2} [O(n)]
  10: f211->f237, J2: -max{-J2, -N2, max{-N2, -J2}} [O(n)]
  10: f211->f237, K2: -max{-K2, -O2, max{-O2, -K2}} [O(n)]
  10: f211->f237, L: -max{0, -L} [O(n)]
  10: f211->f237, L2: -max{0, -L2} [O(n)]
  10: f211->f237, O: -max{0, -O} [O(n)]
  10: f211->f237, P: -max{0, -P} [O(n)]
  10: f211->f237, P1: -max{0, -P1} [O(n)]
  10: f211->f237, Q: -max{-2, -Q} [O(n)]
  10: f211->f237, S: 0 [O(1)]
  10: f211->f237, S1: -max{-1, -S1} [O(n)]
  10: f211->f237, T1: -max{0, -T1} [O(n)]
  10: f211->f237, V: 0 [O(1)]
  10: f211->f237, Y: -max{0, -Y} [O(n)]
  10: f211->f237, Z: 0 [O(1)]
  6: f237->f237, B: -max{0, -N2, -P2} [O(n)]
  6: f237->f237, B1: B1 [O(n)]
  6: f237->f237, C1: C1 [O(n)]
  6: f237->f237, D1: D1 [O(n)]
  6: f237->f237, D2: -max{-1, -D2} [O(n)]
  6: f237->f237, F1: F1 [O(n)]
  6: f237->f237, G1: G1 [O(n)]
  6: f237->f237, G2: -max{-1, -M2} [O(n)]
  6: f237->f237, H1: H1 [O(n)]
  6: f237->f237, H2: 0 [O(1)]
  6: f237->f237, I1: I1 [O(n)]
  6: f237->f237, I2: -max{-1, -N2, -P2} [O(n)]
  6: f237->f237, J2: -max{-J2, -N2, max{-N2, -J2}} [O(n)]
  6: f237->f237, K2: -max{-K2, -O2, max{-O2, -K2}} [O(n)]
  6: f237->f237, L: -max{0, -L} [O(n)]
  6: f237->f237, L2: -max{0, -L2} [O(n)]
  6: f237->f237, O: -max{0, -O} [O(n)]
  6: f237->f237, P: -max{0, -P} [O(n)]
  6: f237->f237, P1: -max{0, -P1} [O(n)]
  6: f237->f237, Q: -max{-2, -Q} [O(n)]
  6: f237->f237, S: 0 [O(1)]
  6: f237->f237, S1: -max{-1, -S1} [O(n)]
  6: f237->f237, T1: -max{0, -T1} [O(n)]
  6: f237->f237, V: 0 [O(1)]
  6: f237->f237, Y: -max{0, -Y} [O(n)]
  6: f237->f237, Z: 0 [O(1)]
  1: f31->f31, A: A [O(n)]
  1: f31->f31, A1: A1 [O(n)]
  1: f31->f31, A2: A2 [O(n)]
  1: f31->f31, B: 0 [O(1)]
  1: f31->f31, B1: B1 [O(n)]
  1: f31->f31, B2: B2 [O(n)]
  1: f31->f31, C1: C1 [O(n)]
  1: f31->f31, C2: C2 [O(n)]
  1: f31->f31, D1: D1 [O(n)]
  1: f31->f31, D2: -max{-1, -D2} [O(n)]
  1: f31->f31, E1: E1 [O(n)]
  1: f31->f31, E2: E2 [O(n)]
  1: f31->f31, F1: F1 [O(n)]
  1: f31->f31, F2: F2 [O(n)]
  1: f31->f31, G: G [O(n)]
  1: f31->f31, G1: G1 [O(n)]
  1: f31->f31, G2: -max{-1, -M2} [O(n)]
  1: f31->f31, H: H [O(n)]
  1: f31->f31, H1: H1 [O(n)]
  1: f31->f31, H2: 0 [O(1)]
  1: f31->f31, I: I [O(n)]
  1: f31->f31, I1: I1 [O(n)]
  1: f31->f31, I2: 1 [O(1)]
  1: f31->f31, J: J [O(n)]
  1: f31->f31, J1: J1 [O(n)]
  1: f31->f31, J2: -max{-J2, -N2} [O(n)]
  1: f31->f31, K: K [O(n)]
  1: f31->f31, K1: K1 [O(n)]
  1: f31->f31, K2: -max{-K2, -O2} [O(n)]
  1: f31->f31, L: L [O(n)]
  1: f31->f31, L1: L1 [O(n)]
  1: f31->f31, L2: -max{0, -L2} [O(n)]
  1: f31->f31, M: M [O(n)]
  1: f31->f31, M1: M1 [O(n)]
  1: f31->f31, N: N [O(n)]
  1: f31->f31, N1: N1 [O(n)]
  1: f31->f31, O: O [O(n)]
  1: f31->f31, O1: O1 [O(n)]
  1: f31->f31, P: P [O(n)]
  1: f31->f31, P1: P1 [O(n)]
  1: f31->f31, Q: Q [O(n)]
  1: f31->f31, Q1: Q1 [O(n)]
  1: f31->f31, R: R [O(n)]
  1: f31->f31, R1: R1 [O(n)]
  1: f31->f31, S: 0 [O(1)]
  1: f31->f31, S1: S1 [O(n)]
  1: f31->f31, T: T [O(n)]
  1: f31->f31, T1: T1 [O(n)]
  1: f31->f31, U: U [O(n)]
  1: f31->f31, U1: U1 [O(n)]
  1: f31->f31, V: 0 [O(1)]
  1: f31->f31, V1: V1 [O(n)]
  1: f31->f31, W: W [O(n)]
  1: f31->f31, W1: W1 [O(n)]
  1: f31->f31, X: X [O(n)]
  1: f31->f31, X1: X1 [O(n)]
  1: f31->f31, Y: Y [O(n)]
  1: f31->f31, Y1: Y1 [O(n)]
  1: f31->f31, Z: 0 [O(1)]
  1: f31->f31, Z1: Z1 [O(n)]
  2: f31->f42, A: A [O(n)]
  2: f31->f42, A1: A1 [O(n)]
  2: f31->f42, A2: A2 [O(n)]
  2: f31->f42, B: 0 [O(1)]
  2: f31->f42, B1: B1 [O(n)]
  2: f31->f42, B2: B2 [O(n)]
  2: f31->f42, C: 1 [O(1)]
  2: f31->f42, C1: C1 [O(n)]
  2: f31->f42, C2: C2 [O(n)]
  2: f31->f42, D: 1 [O(1)]
  2: f31->f42, D1: D1 [O(n)]
  2: f31->f42, D2: -max{-1, -D2} [O(n)]
  2: f31->f42, E1: E1 [O(n)]
  2: f31->f42, E2: E2 [O(n)]
  2: f31->f42, F1: F1 [O(n)]
  2: f31->f42, F2: F2 [O(n)]
  2: f31->f42, G: G [O(n)]
  2: f31->f42, G1: G1 [O(n)]
  2: f31->f42, G2: -max{-1, -M2} [O(n)]
  2: f31->f42, H: H [O(n)]
  2: f31->f42, H1: H1 [O(n)]
  2: f31->f42, H2: 0 [O(1)]
  2: f31->f42, I: I [O(n)]
  2: f31->f42, I1: I1 [O(n)]
  2: f31->f42, I2: 1 [O(1)]
  2: f31->f42, J: J [O(n)]
  2: f31->f42, J1: J1 [O(n)]
  2: f31->f42, J2: -max{-J2, -N2} [O(n)]
  2: f31->f42, K: K [O(n)]
  2: f31->f42, K1: K1 [O(n)]
  2: f31->f42, K2: -max{-K2, -O2} [O(n)]
  2: f31->f42, L: L [O(n)]
  2: f31->f42, L1: L1 [O(n)]
  2: f31->f42, L2: -max{0, -L2} [O(n)]
  2: f31->f42, M: M [O(n)]
  2: f31->f42, M1: M1 [O(n)]
  2: f31->f42, N: N [O(n)]
  2: f31->f42, N1: N1 [O(n)]
  2: f31->f42, O: O [O(n)]
  2: f31->f42, O1: O1 [O(n)]
  2: f31->f42, P: P [O(n)]
  2: f31->f42, P1: P1 [O(n)]
  2: f31->f42, Q: Q [O(n)]
  2: f31->f42, Q1: Q1 [O(n)]
  2: f31->f42, R: R [O(n)]
  2: f31->f42, R1: R1 [O(n)]
  2: f31->f42, S: 0 [O(1)]
  2: f31->f42, S1: S1 [O(n)]
  2: f31->f42, T: T [O(n)]
  2: f31->f42, T1: T1 [O(n)]
  2: f31->f42, U: U [O(n)]
  2: f31->f42, U1: U1 [O(n)]
  2: f31->f42, V: 0 [O(1)]
  2: f31->f42, V1: V1 [O(n)]
  2: f31->f42, W: W [O(n)]
  2: f31->f42, W1: W1 [O(n)]
  2: f31->f42, X: X [O(n)]
  2: f31->f42, X1: X1 [O(n)]
  2: f31->f42, Y: Y [O(n)]
  2: f31->f42, Y1: Y1 [O(n)]
  2: f31->f42, Z: 0 [O(1)]
  2: f31->f42, Z1: Z1 [O(n)]
  27: f31->f42, A: A [O(n)]
  27: f31->f42, A1: A1 [O(n)]
  27: f31->f42, A2: A2 [O(n)]
  27: f31->f42, B: 0 [O(1)]
  27: f31->f42, B1: B1 [O(n)]
  27: f31->f42, B2: B2 [O(n)]
  27: f31->f42, C: 1 [O(1)]
  27: f31->f42, C1: C1 [O(n)]
  27: f31->f42, C2: C2 [O(n)]
  27: f31->f42, D: 1 [O(1)]
  27: f31->f42, D1: D1 [O(n)]
  27: f31->f42, D2: -max{-1, -D2} [O(n)]
  27: f31->f42, E: 1 [O(1)]
  27: f31->f42, E1: E1 [O(n)]
  27: f31->f42, E2: E2 [O(n)]
  27: f31->f42, F1: F1 [O(n)]
  27: f31->f42, F2: F2 [O(n)]
  27: f31->f42, G: G [O(n)]
  27: f31->f42, G1: G1 [O(n)]
  27: f31->f42, G2: -max{-1, -M2} [O(n)]
  27: f31->f42, H: H [O(n)]
  27: f31->f42, H1: H1 [O(n)]
  27: f31->f42, H2: 0 [O(1)]
  27: f31->f42, I: I [O(n)]
  27: f31->f42, I1: I1 [O(n)]
  27: f31->f42, I2: 1 [O(1)]
  27: f31->f42, J: J [O(n)]
  27: f31->f42, J1: J1 [O(n)]
  27: f31->f42, J2: -max{-J2, -N2} [O(n)]
  27: f31->f42, K: K [O(n)]
  27: f31->f42, K1: K1 [O(n)]
  27: f31->f42, K2: -max{-K2, -O2} [O(n)]
  27: f31->f42, L: L [O(n)]
  27: f31->f42, L1: L1 [O(n)]
  27: f31->f42, L2: -max{0, -L2} [O(n)]
  27: f31->f42, M: M [O(n)]
  27: f31->f42, M1: M1 [O(n)]
  27: f31->f42, N: N [O(n)]
  27: f31->f42, N1: N1 [O(n)]
  27: f31->f42, O: O [O(n)]
  27: f31->f42, O1: O1 [O(n)]
  27: f31->f42, P: P [O(n)]
  27: f31->f42, P1: P1 [O(n)]
  27: f31->f42, Q: Q [O(n)]
  27: f31->f42, Q1: Q1 [O(n)]
  27: f31->f42, R: R [O(n)]
  27: f31->f42, R1: R1 [O(n)]
  27: f31->f42, S: 0 [O(1)]
  27: f31->f42, S1: S1 [O(n)]
  27: f31->f42, T: T [O(n)]
  27: f31->f42, T1: T1 [O(n)]
  27: f31->f42, U: U [O(n)]
  27: f31->f42, U1: U1 [O(n)]
  27: f31->f42, V: 0 [O(1)]
  27: f31->f42, V1: V1 [O(n)]
  27: f31->f42, W: W [O(n)]
  27: f31->f42, W1: W1 [O(n)]
  27: f31->f42, X: X [O(n)]
  27: f31->f42, X1: X1 [O(n)]
  27: f31->f42, Y: Y [O(n)]
  27: f31->f42, Y1: Y1 [O(n)]
  27: f31->f42, Z: 0 [O(1)]
  27: f31->f42, Z1: Z1 [O(n)]
  28: f31->f67, A: A [O(n)]
  28: f31->f67, A1: A1 [O(n)]
  28: f31->f67, A2: A2 [O(n)]
  28: f31->f67, B: -max{0, -N2, -P2} [O(n)]
  28: f31->f67, B1: B1 [O(n)]
  28: f31->f67, B2: B2 [O(n)]
  28: f31->f67, C1: C1 [O(n)]
  28: f31->f67, C2: C2 [O(n)]
  28: f31->f67, D1: D1 [O(n)]
  28: f31->f67, D2: -max{-1, -D2} [O(n)]
  28: f31->f67, E1: E1 [O(n)]
  28: f31->f67, F1: F1 [O(n)]
  28: f31->f67, G: G [O(n)]
  28: f31->f67, G1: G1 [O(n)]
  28: f31->f67, G2: -max{-1, -M2} [O(n)]
  28: f31->f67, H1: H1 [O(n)]
  28: f31->f67, H2: 0 [O(1)]
  28: f31->f67, I: I [O(n)]
  28: f31->f67, I1: I1 [O(n)]
  28: f31->f67, I2: -max{-1, -N2, -P2} [O(n)]
  28: f31->f67, J: J [O(n)]
  28: f31->f67, J1: J1 [O(n)]
  28: f31->f67, J2: -max{-J2, -N2, max{-N2, -J2}} [O(n)]
  28: f31->f67, K: K [O(n)]
  28: f31->f67, K1: K1 [O(n)]
  28: f31->f67, K2: -max{-K2, -O2, max{-O2, -K2}} [O(n)]
  28: f31->f67, L: L [O(n)]
  28: f31->f67, L1: L1 [O(n)]
  28: f31->f67, L2: -max{0, -L2} [O(n)]
  28: f31->f67, M: M [O(n)]
  28: f31->f67, M1: M1 [O(n)]
  28: f31->f67, N: N [O(n)]
  28: f31->f67, N1: N1 [O(n)]
  28: f31->f67, O: O [O(n)]
  28: f31->f67, O1: O1 [O(n)]
  28: f31->f67, P: P [O(n)]
  28: f31->f67, P1: P1 [O(n)]
  28: f31->f67, Q: Q [O(n)]
  28: f31->f67, Q1: Q1 [O(n)]
  28: f31->f67, R: R [O(n)]
  28: f31->f67, R1: R1 [O(n)]
  28: f31->f67, S: 0 [O(1)]
  28: f31->f67, S1: S1 [O(n)]
  28: f31->f67, T: T [O(n)]
  28: f31->f67, T1: T1 [O(n)]
  28: f31->f67, U: U [O(n)]
  28: f31->f67, U1: U1 [O(n)]
  28: f31->f67, V: 0 [O(1)]
  28: f31->f67, V1: V1 [O(n)]
  28: f31->f67, W: W [O(n)]
  28: f31->f67, W1: W1 [O(n)]
  28: f31->f67, X: X [O(n)]
  28: f31->f67, X1: X1 [O(n)]
  28: f31->f67, Y: Y [O(n)]
  28: f31->f67, Y1: Y1 [O(n)]
  28: f31->f67, Z: 0 [O(1)]
  28: f31->f67, Z1: Z1 [O(n)]
  25: f42->f31, A: A [O(n)]
  25: f42->f31, A1: A1 [O(n)]
  25: f42->f31, A2: A2 [O(n)]
  25: f42->f31, B: 0 [O(1)]
  25: f42->f31, B1: B1 [O(n)]
  25: f42->f31, B2: B2 [O(n)]
  25: f42->f31, C: 1 [O(1)]
  25: f42->f31, C1: C1 [O(n)]
  25: f42->f31, C2: C2 [O(n)]
  25: f42->f31, D: 1 [O(1)]
  25: f42->f31, D1: D1 [O(n)]
  25: f42->f31, D2: 1 [O(1)]
  25: f42->f31, E1: E1 [O(n)]
  25: f42->f31, E2: E2 [O(n)]
  25: f42->f31, F1: F1 [O(n)]
  25: f42->f31, F2: F2 [O(n)]
  25: f42->f31, G: G [O(n)]
  25: f42->f31, G1: G1 [O(n)]
  25: f42->f31, G2: -max{-1, -M2} [O(n)]
  25: f42->f31, H: H [O(n)]
  25: f42->f31, H1: H1 [O(n)]
  25: f42->f31, H2: 0 [O(1)]
  25: f42->f31, I: I [O(n)]
  25: f42->f31, I1: I1 [O(n)]
  25: f42->f31, I2: 1 [O(1)]
  25: f42->f31, J: J [O(n)]
  25: f42->f31, J1: J1 [O(n)]
  25: f42->f31, J2: -max{-J2, -N2} [O(n)]
  25: f42->f31, K: K [O(n)]
  25: f42->f31, K1: K1 [O(n)]
  25: f42->f31, K2: -max{-K2, -O2} [O(n)]
  25: f42->f31, L: L [O(n)]
  25: f42->f31, L1: L1 [O(n)]
  25: f42->f31, L2: -max{0, -L2} [O(n)]
  25: f42->f31, M: M [O(n)]
  25: f42->f31, M1: M1 [O(n)]
  25: f42->f31, N: N [O(n)]
  25: f42->f31, N1: N1 [O(n)]
  25: f42->f31, O: O [O(n)]
  25: f42->f31, O1: O1 [O(n)]
  25: f42->f31, P: P [O(n)]
  25: f42->f31, P1: P1 [O(n)]
  25: f42->f31, Q: Q [O(n)]
  25: f42->f31, Q1: Q1 [O(n)]
  25: f42->f31, R: R [O(n)]
  25: f42->f31, R1: R1 [O(n)]
  25: f42->f31, S: 0 [O(1)]
  25: f42->f31, S1: S1 [O(n)]
  25: f42->f31, T: T [O(n)]
  25: f42->f31, T1: T1 [O(n)]
  25: f42->f31, U: U [O(n)]
  25: f42->f31, U1: U1 [O(n)]
  25: f42->f31, V: 0 [O(1)]
  25: f42->f31, V1: V1 [O(n)]
  25: f42->f31, W: W [O(n)]
  25: f42->f31, W1: W1 [O(n)]
  25: f42->f31, X: X [O(n)]
  25: f42->f31, X1: X1 [O(n)]
  25: f42->f31, Y: Y [O(n)]
  25: f42->f31, Y1: Y1 [O(n)]
  25: f42->f31, Z: 0 [O(1)]
  25: f42->f31, Z1: Z1 [O(n)]
  26: f42->f31, A: A [O(n)]
  26: f42->f31, A1: A1 [O(n)]
  26: f42->f31, A2: A2 [O(n)]
  26: f42->f31, B: 0 [O(1)]
  26: f42->f31, B1: B1 [O(n)]
  26: f42->f31, B2: B2 [O(n)]
  26: f42->f31, C: 1 [O(1)]
  26: f42->f31, C1: C1 [O(n)]
  26: f42->f31, C2: C2 [O(n)]
  26: f42->f31, D: 1 [O(1)]
  26: f42->f31, D1: D1 [O(n)]
  26: f42->f31, D2: 1 [O(1)]
  26: f42->f31, E1: E1 [O(n)]
  26: f42->f31, E2: E2 [O(n)]
  26: f42->f31, F: 1 [O(1)]
  26: f42->f31, F1: F1 [O(n)]
  26: f42->f31, F2: F2 [O(n)]
  26: f42->f31, G: G [O(n)]
  26: f42->f31, G1: G1 [O(n)]
  26: f42->f31, G2: -max{-1, -M2} [O(n)]
  26: f42->f31, H: H [O(n)]
  26: f42->f31, H1: H1 [O(n)]
  26: f42->f31, H2: 0 [O(1)]
  26: f42->f31, I: I [O(n)]
  26: f42->f31, I1: I1 [O(n)]
  26: f42->f31, I2: 1 [O(1)]
  26: f42->f31, J: J [O(n)]
  26: f42->f31, J1: J1 [O(n)]
  26: f42->f31, J2: -max{-J2, -N2} [O(n)]
  26: f42->f31, K: K [O(n)]
  26: f42->f31, K1: K1 [O(n)]
  26: f42->f31, K2: -max{-K2, -O2} [O(n)]
  26: f42->f31, L: L [O(n)]
  26: f42->f31, L1: L1 [O(n)]
  26: f42->f31, L2: -max{0, -L2} [O(n)]
  26: f42->f31, M: M [O(n)]
  26: f42->f31, M1: M1 [O(n)]
  26: f42->f31, N: N [O(n)]
  26: f42->f31, N1: N1 [O(n)]
  26: f42->f31, O: O [O(n)]
  26: f42->f31, O1: O1 [O(n)]
  26: f42->f31, P: P [O(n)]
  26: f42->f31, P1: P1 [O(n)]
  26: f42->f31, Q: Q [O(n)]
  26: f42->f31, Q1: Q1 [O(n)]
  26: f42->f31, R: R [O(n)]
  26: f42->f31, R1: R1 [O(n)]
  26: f42->f31, S: 0 [O(1)]
  26: f42->f31, S1: S1 [O(n)]
  26: f42->f31, T: T [O(n)]
  26: f42->f31, T1: T1 [O(n)]
  26: f42->f31, U: U [O(n)]
  26: f42->f31, U1: U1 [O(n)]
  26: f42->f31, V: 0 [O(1)]
  26: f42->f31, V1: V1 [O(n)]
  26: f42->f31, W: W [O(n)]
  26: f42->f31, W1: W1 [O(n)]
  26: f42->f31, X: X [O(n)]
  26: f42->f31, X1: X1 [O(n)]
  26: f42->f31, Y: Y [O(n)]
  26: f42->f31, Y1: Y1 [O(n)]
  26: f42->f31, Z: 0 [O(1)]
  26: f42->f31, Z1: Z1 [O(n)]
  4: f67->f77, A1: A1 [O(n)]
  4: f67->f77, A2: A2 [O(n)]
  4: f67->f77, B: -max{0, -N2, -P2} [O(n)]
  4: f67->f77, B1: B1 [O(n)]
  4: f67->f77, B2: B2 [O(n)]
  4: f67->f77, C1: C1 [O(n)]
  4: f67->f77, C2: C2 [O(n)]
  4: f67->f77, D1: D1 [O(n)]
  4: f67->f77, D2: -max{-1, -D2} [O(n)]
  4: f67->f77, E1: E1 [O(n)]
  4: f67->f77, F1: F1 [O(n)]
  4: f67->f77, F2: 1 [O(1)]
  4: f67->f77, G1: G1 [O(n)]
  4: f67->f77, G2: -max{-1, -M2} [O(n)]
  4: f67->f77, H: 0 [O(1)]
  4: f67->f77, H1: H1 [O(n)]
  4: f67->f77, H2: 0 [O(1)]
  4: f67->f77, I1: I1 [O(n)]
  4: f67->f77, I2: -max{-1, -N2, -P2} [O(n)]
  4: f67->f77, J1: J1 [O(n)]
  4: f67->f77, J2: -max{-J2, -N2, max{-N2, -J2}} [O(n)]
  4: f67->f77, K: K [O(n)]
  4: f67->f77, K1: K1 [O(n)]
  4: f67->f77, K2: -max{-K2, -O2, max{-O2, -K2}} [O(n)]
  4: f67->f77, L: L [O(n)]
  4: f67->f77, L1: L1 [O(n)]
  4: f67->f77, L2: -max{0, -L2} [O(n)]
  4: f67->f77, M: M [O(n)]
  4: f67->f77, M1: M1 [O(n)]
  4: f67->f77, N: N [O(n)]
  4: f67->f77, N1: N1 [O(n)]
  4: f67->f77, O: O [O(n)]
  4: f67->f77, O1: O1 [O(n)]
  4: f67->f77, P: P [O(n)]
  4: f67->f77, P1: P1 [O(n)]
  4: f67->f77, Q: Q [O(n)]
  4: f67->f77, Q1: Q1 [O(n)]
  4: f67->f77, R: R [O(n)]
  4: f67->f77, R1: R1 [O(n)]
  4: f67->f77, S: 0 [O(1)]
  4: f67->f77, S1: S1 [O(n)]
  4: f67->f77, T: T [O(n)]
  4: f67->f77, T1: T1 [O(n)]
  4: f67->f77, U: U [O(n)]
  4: f67->f77, U1: U1 [O(n)]
  4: f67->f77, V: 0 [O(1)]
  4: f67->f77, V1: V1 [O(n)]
  4: f67->f77, W: W [O(n)]
  4: f67->f77, W1: W1 [O(n)]
  4: f67->f77, X: X [O(n)]
  4: f67->f77, X1: X1 [O(n)]
  4: f67->f77, Y: Y [O(n)]
  4: f67->f77, Y1: Y1 [O(n)]
  4: f67->f77, Z: 0 [O(1)]
  4: f67->f77, Z1: Z1 [O(n)]
  23: f67->f77, A1: A1 [O(n)]
  23: f67->f77, A2: A2 [O(n)]
  23: f67->f77, B: -max{0, -N2, -P2} [O(n)]
  23: f67->f77, B1: B1 [O(n)]
  23: f67->f77, B2: B2 [O(n)]
  23: f67->f77, C1: C1 [O(n)]
  23: f67->f77, C2: C2 [O(n)]
  23: f67->f77, D1: D1 [O(n)]
  23: f67->f77, D2: -max{-1, -D2} [O(n)]
  23: f67->f77, E1: E1 [O(n)]
  23: f67->f77, F1: F1 [O(n)]
  23: f67->f77, F2: 1 [O(1)]
  23: f67->f77, G1: G1 [O(n)]
  23: f67->f77, G2: -max{-1, -M2} [O(n)]
  23: f67->f77, H: 0 [O(1)]
  23: f67->f77, H1: H1 [O(n)]
  23: f67->f77, H2: 0 [O(1)]
  23: f67->f77, I: 1 [O(1)]
  23: f67->f77, I1: I1 [O(n)]
  23: f67->f77, I2: -max{-1, -N2, -P2} [O(n)]
  23: f67->f77, J1: J1 [O(n)]
  23: f67->f77, J2: -max{-J2, -N2, max{-N2, -J2}} [O(n)]
  23: f67->f77, K: K [O(n)]
  23: f67->f77, K1: K1 [O(n)]
  23: f67->f77, K2: -max{-K2, -O2, max{-O2, -K2}} [O(n)]
  23: f67->f77, L: L [O(n)]
  23: f67->f77, L1: L1 [O(n)]
  23: f67->f77, L2: -max{0, -L2} [O(n)]
  23: f67->f77, M: M [O(n)]
  23: f67->f77, M1: M1 [O(n)]
  23: f67->f77, N: N [O(n)]
  23: f67->f77, N1: N1 [O(n)]
  23: f67->f77, O: O [O(n)]
  23: f67->f77, O1: O1 [O(n)]
  23: f67->f77, P: P [O(n)]
  23: f67->f77, P1: P1 [O(n)]
  23: f67->f77, Q: Q [O(n)]
  23: f67->f77, Q1: Q1 [O(n)]
  23: f67->f77, R: R [O(n)]
  23: f67->f77, R1: R1 [O(n)]
  23: f67->f77, S: 0 [O(1)]
  23: f67->f77, S1: S1 [O(n)]
  23: f67->f77, T: T [O(n)]
  23: f67->f77, T1: T1 [O(n)]
  23: f67->f77, U: U [O(n)]
  23: f67->f77, U1: U1 [O(n)]
  23: f67->f77, V: 0 [O(1)]
  23: f67->f77, V1: V1 [O(n)]
  23: f67->f77, W: W [O(n)]
  23: f67->f77, W1: W1 [O(n)]
  23: f67->f77, X: X [O(n)]
  23: f67->f77, X1: X1 [O(n)]
  23: f67->f77, Y: Y [O(n)]
  23: f67->f77, Y1: Y1 [O(n)]
  23: f67->f77, Z: 0 [O(1)]
  23: f67->f77, Z1: Z1 [O(n)]
  24: f67->f104, A1: A1 [O(n)]
  24: f67->f104, A2: A2 [O(n)]
  24: f67->f104, B: -max{0, -N2, -P2} [O(n)]
  24: f67->f104, B1: B1 [O(n)]
  24: f67->f104, B2: B2 [O(n)]
  24: f67->f104, C1: C1 [O(n)]
  24: f67->f104, D1: D1 [O(n)]
  24: f67->f104, D2: -max{-1, -D2} [O(n)]
  24: f67->f104, E1: E1 [O(n)]
  24: f67->f104, F1: F1 [O(n)]
  24: f67->f104, G1: G1 [O(n)]
  24: f67->f104, G2: -max{-1, -M2} [O(n)]
  24: f67->f104, H1: H1 [O(n)]
  24: f67->f104, H2: 0 [O(1)]
  24: f67->f104, I1: I1 [O(n)]
  24: f67->f104, I2: -max{-1, -N2, -P2} [O(n)]
  24: f67->f104, J1: J1 [O(n)]
  24: f67->f104, J2: -max{-J2, -N2, max{-N2, -J2}} [O(n)]
  24: f67->f104, K: K [O(n)]
  24: f67->f104, K1: K1 [O(n)]
  24: f67->f104, K2: -max{-K2, -O2, max{-O2, -K2}} [O(n)]
  24: f67->f104, L: L [O(n)]
  24: f67->f104, L1: L1 [O(n)]
  24: f67->f104, L2: -max{0, -L2} [O(n)]
  24: f67->f104, M: M [O(n)]
  24: f67->f104, M1: M1 [O(n)]
  24: f67->f104, N: N [O(n)]
  24: f67->f104, N1: N1 [O(n)]
  24: f67->f104, O: O [O(n)]
  24: f67->f104, O1: O1 [O(n)]
  24: f67->f104, P: P [O(n)]
  24: f67->f104, P1: P1 [O(n)]
  24: f67->f104, Q: Q [O(n)]
  24: f67->f104, Q1: Q1 [O(n)]
  24: f67->f104, R: R [O(n)]
  24: f67->f104, R1: R1 [O(n)]
  24: f67->f104, S: 0 [O(1)]
  24: f67->f104, S1: S1 [O(n)]
  24: f67->f104, T: T [O(n)]
  24: f67->f104, T1: T1 [O(n)]
  24: f67->f104, U: U [O(n)]
  24: f67->f104, U1: U1 [O(n)]
  24: f67->f104, V: 0 [O(1)]
  24: f67->f104, V1: V1 [O(n)]
  24: f67->f104, W: W [O(n)]
  24: f67->f104, W1: W1 [O(n)]
  24: f67->f104, X: X [O(n)]
  24: f67->f104, X1: X1 [O(n)]
  24: f67->f104, Y: Y [O(n)]
  24: f67->f104, Y1: Y1 [O(n)]
  24: f67->f104, Z: 0 [O(1)]
  24: f67->f104, Z1: Z1 [O(n)]
  5: f77->f81, A1: A1 [O(n)]
  5: f77->f81, A2: A2 [O(n)]
  5: f77->f81, B: -max{0, -N2, -P2} [O(n)]
  5: f77->f81, B1: B1 [O(n)]
  5: f77->f81, B2: B2 [O(n)]
  5: f77->f81, C1: C1 [O(n)]
  5: f77->f81, C2: C2 [O(n)]
  5: f77->f81, D1: D1 [O(n)]
  5: f77->f81, D2: -max{-1, -D2} [O(n)]
  5: f77->f81, E1: E1 [O(n)]
  5: f77->f81, F1: F1 [O(n)]
  5: f77->f81, F2: 1 [O(1)]
  5: f77->f81, G1: G1 [O(n)]
  5: f77->f81, G2: -max{-1, -M2} [O(n)]
  5: f77->f81, H: 0 [O(1)]
  5: f77->f81, H1: H1 [O(n)]
  5: f77->f81, H2: 0 [O(1)]
  5: f77->f81, I1: I1 [O(n)]
  5: f77->f81, I2: -max{-1, -N2, -P2} [O(n)]
  5: f77->f81, J1: J1 [O(n)]
  5: f77->f81, J2: -max{-J2, -N2, max{-N2, -J2}} [O(n)]
  5: f77->f81, K: K [O(n)]
  5: f77->f81, K1: K1 [O(n)]
  5: f77->f81, K2: -max{-K2, -O2, max{-O2, -K2}} [O(n)]
  5: f77->f81, L: L [O(n)]
  5: f77->f81, L1: L1 [O(n)]
  5: f77->f81, L2: -max{0, -L2} [O(n)]
  5: f77->f81, M: M [O(n)]
  5: f77->f81, M1: M1 [O(n)]
  5: f77->f81, N: N [O(n)]
  5: f77->f81, N1: N1 [O(n)]
  5: f77->f81, O: O [O(n)]
  5: f77->f81, O1: O1 [O(n)]
  5: f77->f81, P: P [O(n)]
  5: f77->f81, P1: P1 [O(n)]
  5: f77->f81, Q: Q [O(n)]
  5: f77->f81, Q1: Q1 [O(n)]
  5: f77->f81, R: R [O(n)]
  5: f77->f81, R1: R1 [O(n)]
  5: f77->f81, S: 0 [O(1)]
  5: f77->f81, S1: S1 [O(n)]
  5: f77->f81, T: T [O(n)]
  5: f77->f81, T1: T1 [O(n)]
  5: f77->f81, U: U [O(n)]
  5: f77->f81, U1: U1 [O(n)]
  5: f77->f81, V: 0 [O(1)]
  5: f77->f81, V1: V1 [O(n)]
  5: f77->f81, W: W [O(n)]
  5: f77->f81, W1: W1 [O(n)]
  5: f77->f81, X: X [O(n)]
  5: f77->f81, X1: X1 [O(n)]
  5: f77->f81, Y: Y [O(n)]
  5: f77->f81, Y1: Y1 [O(n)]
  5: f77->f81, Z: 0 [O(1)]
  5: f77->f81, Z1: Z1 [O(n)]
  22: f77->f81, A1: A1 [O(n)]
  22: f77->f81, A2: A2 [O(n)]
  22: f77->f81, B: -max{0, -N2, -P2} [O(n)]
  22: f77->f81, B1: B1 [O(n)]
  22: f77->f81, B2: B2 [O(n)]
  22: f77->f81, C1: C1 [O(n)]
  22: f77->f81, C2: C2 [O(n)]
  22: f77->f81, D1: D1 [O(n)]
  22: f77->f81, D2: -max{-1, -D2} [O(n)]
  22: f77->f81, E1: E1 [O(n)]
  22: f77->f81, F1: F1 [O(n)]
  22: f77->f81, F2: 1 [O(1)]
  22: f77->f81, G1: G1 [O(n)]
  22: f77->f81, G2: -max{-1, -M2} [O(n)]
  22: f77->f81, H: 0 [O(1)]
  22: f77->f81, H1: H1 [O(n)]
  22: f77->f81, H2: 0 [O(1)]
  22: f77->f81, I1: I1 [O(n)]
  22: f77->f81, I2: -max{-1, -N2, -P2} [O(n)]
  22: f77->f81, J: 1 [O(1)]
  22: f77->f81, J1: J1 [O(n)]
  22: f77->f81, J2: -max{-J2, -N2, max{-N2, -J2}} [O(n)]
  22: f77->f81, K: K [O(n)]
  22: f77->f81, K1: K1 [O(n)]
  22: f77->f81, K2: -max{-K2, -O2, max{-O2, -K2}} [O(n)]
  22: f77->f81, L: L [O(n)]
  22: f77->f81, L1: L1 [O(n)]
  22: f77->f81, L2: -max{0, -L2} [O(n)]
  22: f77->f81, M: M [O(n)]
  22: f77->f81, M1: M1 [O(n)]
  22: f77->f81, N: N [O(n)]
  22: f77->f81, N1: N1 [O(n)]
  22: f77->f81, O: O [O(n)]
  22: f77->f81, O1: O1 [O(n)]
  22: f77->f81, P: P [O(n)]
  22: f77->f81, P1: P1 [O(n)]
  22: f77->f81, Q: Q [O(n)]
  22: f77->f81, Q1: Q1 [O(n)]
  22: f77->f81, R: R [O(n)]
  22: f77->f81, R1: R1 [O(n)]
  22: f77->f81, S: 0 [O(1)]
  22: f77->f81, S1: S1 [O(n)]
  22: f77->f81, T: T [O(n)]
  22: f77->f81, T1: T1 [O(n)]
  22: f77->f81, U: U [O(n)]
  22: f77->f81, U1: U1 [O(n)]
  22: f77->f81, V: 0 [O(1)]
  22: f77->f81, V1: V1 [O(n)]
  22: f77->f81, W: W [O(n)]
  22: f77->f81, W1: W1 [O(n)]
  22: f77->f81, X: X [O(n)]
  22: f77->f81, X1: X1 [O(n)]
  22: f77->f81, Y: Y [O(n)]
  22: f77->f81, Y1: Y1 [O(n)]
  22: f77->f81, Z: 0 [O(1)]
  22: f77->f81, Z1: Z1 [O(n)]
  0: f81->f83, A1: A1 [O(n)]
  0: f81->f83, A2: A2 [O(n)]
  0: f81->f83, B: -max{0, -N2, -P2} [O(n)]
  0: f81->f83, B1: B1 [O(n)]
  0: f81->f83, B2: B2 [O(n)]
  0: f81->f83, C1: C1 [O(n)]
  0: f81->f83, C2: C2 [O(n)]
  0: f81->f83, D1: D1 [O(n)]
  0: f81->f83, D2: -max{-1, -D2} [O(n)]
  0: f81->f83, E1: E1 [O(n)]
  0: f81->f83, F1: F1 [O(n)]
  0: f81->f83, F2: 1 [O(1)]
  0: f81->f83, G1: G1 [O(n)]
  0: f81->f83, G2: -max{-1, -M2} [O(n)]
  0: f81->f83, H: 0 [O(1)]
  0: f81->f83, H1: H1 [O(n)]
  0: f81->f83, H2: 0 [O(1)]
  0: f81->f83, I1: I1 [O(n)]
  0: f81->f83, I2: -max{-1, -N2, -P2} [O(n)]
  0: f81->f83, J1: J1 [O(n)]
  0: f81->f83, J2: -max{-J2, -N2, max{-N2, -J2}} [O(n)]
  0: f81->f83, K: K [O(n)]
  0: f81->f83, K1: K1 [O(n)]
  0: f81->f83, K2: -max{-K2, -O2, max{-O2, -K2}} [O(n)]
  0: f81->f83, L: L [O(n)]
  0: f81->f83, L1: L1 [O(n)]
  0: f81->f83, L2: -max{0, -L2} [O(n)]
  0: f81->f83, M: M [O(n)]
  0: f81->f83, M1: M1 [O(n)]
  0: f81->f83, N: N [O(n)]
  0: f81->f83, N1: N1 [O(n)]
  0: f81->f83, O: O [O(n)]
  0: f81->f83, O1: O1 [O(n)]
  0: f81->f83, P: P [O(n)]
  0: f81->f83, P1: P1 [O(n)]
  0: f81->f83, Q: Q [O(n)]
  0: f81->f83, Q1: Q1 [O(n)]
  0: f81->f83, R: R [O(n)]
  0: f81->f83, R1: R1 [O(n)]
  0: f81->f83, S: 0 [O(1)]
  0: f81->f83, S1: S1 [O(n)]
  0: f81->f83, T: T [O(n)]
  0: f81->f83, T1: T1 [O(n)]
  0: f81->f83, U: U [O(n)]
  0: f81->f83, U1: U1 [O(n)]
  0: f81->f83, V: 0 [O(1)]
  0: f81->f83, V1: V1 [O(n)]
  0: f81->f83, W: W [O(n)]
  0: f81->f83, W1: W1 [O(n)]
  0: f81->f83, X: X [O(n)]
  0: f81->f83, X1: X1 [O(n)]
  0: f81->f83, Y: Y [O(n)]
  0: f81->f83, Y1: Y1 [O(n)]
  0: f81->f83, Z: 0 [O(1)]
  0: f81->f83, Z1: Z1 [O(n)]
  21: f81->f83, A: 1 [O(1)]
  21: f81->f83, A1: A1 [O(n)]
  21: f81->f83, A2: A2 [O(n)]
  21: f81->f83, B: -max{0, -N2, -P2} [O(n)]
  21: f81->f83, B1: B1 [O(n)]
  21: f81->f83, B2: B2 [O(n)]
  21: f81->f83, C1: C1 [O(n)]
  21: f81->f83, C2: C2 [O(n)]
  21: f81->f83, D1: D1 [O(n)]
  21: f81->f83, D2: -max{-1, -D2} [O(n)]
  21: f81->f83, E1: E1 [O(n)]
  21: f81->f83, F1: F1 [O(n)]
  21: f81->f83, F2: 1 [O(1)]
  21: f81->f83, G1: G1 [O(n)]
  21: f81->f83, G2: -max{-1, -M2} [O(n)]
  21: f81->f83, H: 0 [O(1)]
  21: f81->f83, H1: H1 [O(n)]
  21: f81->f83, H2: 0 [O(1)]
  21: f81->f83, I1: I1 [O(n)]
  21: f81->f83, I2: -max{-1, -N2, -P2} [O(n)]
  21: f81->f83, J1: J1 [O(n)]
  21: f81->f83, J2: -max{-J2, -N2, max{-N2, -J2}} [O(n)]
  21: f81->f83, K: K [O(n)]
  21: f81->f83, K1: K1 [O(n)]
  21: f81->f83, K2: -max{-K2, -O2, max{-O2, -K2}} [O(n)]
  21: f81->f83, L: L [O(n)]
  21: f81->f83, L1: L1 [O(n)]
  21: f81->f83, L2: -max{0, -L2} [O(n)]
  21: f81->f83, M: M [O(n)]
  21: f81->f83, M1: M1 [O(n)]
  21: f81->f83, N: N [O(n)]
  21: f81->f83, N1: N1 [O(n)]
  21: f81->f83, O: O [O(n)]
  21: f81->f83, O1: O1 [O(n)]
  21: f81->f83, P: P [O(n)]
  21: f81->f83, P1: P1 [O(n)]
  21: f81->f83, Q: Q [O(n)]
  21: f81->f83, Q1: Q1 [O(n)]
  21: f81->f83, R: R [O(n)]
  21: f81->f83, R1: R1 [O(n)]
  21: f81->f83, S: 0 [O(1)]
  21: f81->f83, S1: S1 [O(n)]
  21: f81->f83, T: T [O(n)]
  21: f81->f83, T1: T1 [O(n)]
  21: f81->f83, U: U [O(n)]
  21: f81->f83, U1: U1 [O(n)]
  21: f81->f83, V: 0 [O(1)]
  21: f81->f83, V1: V1 [O(n)]
  21: f81->f83, W: W [O(n)]
  21: f81->f83, W1: W1 [O(n)]
  21: f81->f83, X: X [O(n)]
  21: f81->f83, X1: X1 [O(n)]
  21: f81->f83, Y: Y [O(n)]
  21: f81->f83, Y1: Y1 [O(n)]
  21: f81->f83, Z: 0 [O(1)]
  21: f81->f83, Z1: Z1 [O(n)]
  3: f83->f67, A1: A1 [O(n)]
  3: f83->f67, A2: A2 [O(n)]
  3: f83->f67, B: -max{0, -N2, -P2} [O(n)]
  3: f83->f67, B1: B1 [O(n)]
  3: f83->f67, B2: B2 [O(n)]
  3: f83->f67, C1: C1 [O(n)]
  3: f83->f67, C2: C2 [O(n)]
  3: f83->f67, D1: D1 [O(n)]
  3: f83->f67, D2: -max{-1, -D2} [O(n)]
  3: f83->f67, E1: E1 [O(n)]
  3: f83->f67, F1: F1 [O(n)]
  3: f83->f67, F2: 1 [O(1)]
  3: f83->f67, G1: G1 [O(n)]
  3: f83->f67, G2: -max{-1, -M2} [O(n)]
  3: f83->f67, H: 0 [O(1)]
  3: f83->f67, H1: H1 [O(n)]
  3: f83->f67, H2: 0 [O(1)]
  3: f83->f67, I1: I1 [O(n)]
  3: f83->f67, I2: -max{-1, -N2, -P2} [O(n)]
  3: f83->f67, J1: J1 [O(n)]
  3: f83->f67, J2: -max{-J2, -N2, max{-N2, -J2}} [O(n)]
  3: f83->f67, K: K [O(n)]
  3: f83->f67, K1: K1 [O(n)]
  3: f83->f67, K2: -max{-K2, -O2, max{-O2, -K2}} [O(n)]
  3: f83->f67, L: L [O(n)]
  3: f83->f67, L1: L1 [O(n)]
  3: f83->f67, L2: -max{0, -L2} [O(n)]
  3: f83->f67, M: M [O(n)]
  3: f83->f67, M1: M1 [O(n)]
  3: f83->f67, N: N [O(n)]
  3: f83->f67, N1: N1 [O(n)]
  3: f83->f67, O: O [O(n)]
  3: f83->f67, O1: O1 [O(n)]
  3: f83->f67, P: P [O(n)]
  3: f83->f67, P1: P1 [O(n)]
  3: f83->f67, Q: Q [O(n)]
  3: f83->f67, Q1: Q1 [O(n)]
  3: f83->f67, R: R [O(n)]
  3: f83->f67, R1: R1 [O(n)]
  3: f83->f67, S: 0 [O(1)]
  3: f83->f67, S1: S1 [O(n)]
  3: f83->f67, T: T [O(n)]
  3: f83->f67, T1: T1 [O(n)]
  3: f83->f67, U: U [O(n)]
  3: f83->f67, U1: U1 [O(n)]
  3: f83->f67, V: 0 [O(1)]
  3: f83->f67, V1: V1 [O(n)]
  3: f83->f67, W: W [O(n)]
  3: f83->f67, W1: W1 [O(n)]
  3: f83->f67, X: X [O(n)]
  3: f83->f67, X1: X1 [O(n)]
  3: f83->f67, Y: Y [O(n)]
  3: f83->f67, Y1: Y1 [O(n)]
  3: f83->f67, Z: 0 [O(1)]
  3: f83->f67, Z1: Z1 [O(n)]
  20: f83->f67, A1: A1 [O(n)]
  20: f83->f67, A2: A2 [O(n)]
  20: f83->f67, B: -max{0, -N2, -P2} [O(n)]
  20: f83->f67, B1: B1 [O(n)]
  20: f83->f67, B2: B2 [O(n)]
  20: f83->f67, C1: C1 [O(n)]
  20: f83->f67, C2: C2 [O(n)]
  20: f83->f67, D1: D1 [O(n)]
  20: f83->f67, D2: -max{-1, -D2} [O(n)]
  20: f83->f67, E1: E1 [O(n)]
  20: f83->f67, F1: F1 [O(n)]
  20: f83->f67, F2: 1 [O(1)]
  20: f83->f67, G: 1 [O(1)]
  20: f83->f67, G1: G1 [O(n)]
  20: f83->f67, G2: -max{-1, -M2} [O(n)]
  20: f83->f67, H: 0 [O(1)]
  20: f83->f67, H1: H1 [O(n)]
  20: f83->f67, H2: 0 [O(1)]
  20: f83->f67, I1: I1 [O(n)]
  20: f83->f67, I2: -max{-1, -N2, -P2} [O(n)]
  20: f83->f67, J1: J1 [O(n)]
  20: f83->f67, J2: -max{-J2, -N2, max{-N2, -J2}} [O(n)]
  20: f83->f67, K: K [O(n)]
  20: f83->f67, K1: K1 [O(n)]
  20: f83->f67, K2: -max{-K2, -O2, max{-O2, -K2}} [O(n)]
  20: f83->f67, L: L [O(n)]
  20: f83->f67, L1: L1 [O(n)]
  20: f83->f67, L2: -max{0, -L2} [O(n)]
  20: f83->f67, M: M [O(n)]
  20: f83->f67, M1: M1 [O(n)]
  20: f83->f67, N: N [O(n)]
  20: f83->f67, N1: N1 [O(n)]
  20: f83->f67, O: O [O(n)]
  20: f83->f67, O1: O1 [O(n)]
  20: f83->f67, P: P [O(n)]
  20: f83->f67, P1: P1 [O(n)]
  20: f83->f67, Q: Q [O(n)]
  20: f83->f67, Q1: Q1 [O(n)]
  20: f83->f67, R: R [O(n)]
  20: f83->f67, R1: R1 [O(n)]
  20: f83->f67, S: 0 [O(1)]
  20: f83->f67, S1: S1 [O(n)]
  20: f83->f67, T: T [O(n)]
  20: f83->f67, T1: T1 [O(n)]
  20: f83->f67, U: U [O(n)]
  20: f83->f67, U1: U1 [O(n)]
  20: f83->f67, V: 0 [O(1)]
  20: f83->f67, V1: V1 [O(n)]
  20: f83->f67, W: W [O(n)]
  20: f83->f67, W1: W1 [O(n)]
  20: f83->f67, X: X [O(n)]
  20: f83->f67, X1: X1 [O(n)]
  20: f83->f67, Y: Y [O(n)]
  20: f83->f67, Y1: Y1 [O(n)]
  20: f83->f67, Z: 0 [O(1)]
  20: f83->f67, Z1: Z1 [O(n)]
`Upper:
  29: f0->f31, A: A [O(n)]
  29: f0->f31, A1: A1 [O(n)]
  29: f0->f31, A2: A2 [O(n)]
  29: f0->f31, B: N2 [O(n)]
  29: f0->f31, B1: B1 [O(n)]
  29: f0->f31, B2: B2 [O(n)]
  29: f0->f31, C: C [O(n)]
  29: f0->f31, C1: C1 [O(n)]
  29: f0->f31, C2: C2 [O(n)]
  29: f0->f31, D: D [O(n)]
  29: f0->f31, D1: D1 [O(n)]
  29: f0->f31, D2: D2 [O(n)]
  29: f0->f31, E: E [O(n)]
  29: f0->f31, E1: E1 [O(n)]
  29: f0->f31, E2: E2 [O(n)]
  29: f0->f31, F: F [O(n)]
  29: f0->f31, F1: F1 [O(n)]
  29: f0->f31, F2: F2 [O(n)]
  29: f0->f31, G: G [O(n)]
  29: f0->f31, G1: G1 [O(n)]
  29: f0->f31, G2: 0 [O(1)]
  29: f0->f31, H: H [O(n)]
  29: f0->f31, H1: H1 [O(n)]
  29: f0->f31, H2: 0 [O(1)]
  29: f0->f31, I: I [O(n)]
  29: f0->f31, I1: I1 [O(n)]
  29: f0->f31, I2: N2 [O(n)]
  29: f0->f31, J: J [O(n)]
  29: f0->f31, J1: J1 [O(n)]
  29: f0->f31, J2: J2 [O(n)]
  29: f0->f31, K: K [O(n)]
  29: f0->f31, K1: K1 [O(n)]
  29: f0->f31, K2: K2 [O(n)]
  29: f0->f31, L: L [O(n)]
  29: f0->f31, L1: L1 [O(n)]
  29: f0->f31, L2: L2 [O(n)]
  29: f0->f31, M: M [O(n)]
  29: f0->f31, M1: M1 [O(n)]
  29: f0->f31, N: N [O(n)]
  29: f0->f31, N1: N1 [O(n)]
  29: f0->f31, O: O [O(n)]
  29: f0->f31, O1: O1 [O(n)]
  29: f0->f31, P: P [O(n)]
  29: f0->f31, P1: P1 [O(n)]
  29: f0->f31, Q: Q [O(n)]
  29: f0->f31, Q1: Q1 [O(n)]
  29: f0->f31, R: R [O(n)]
  29: f0->f31, R1: R1 [O(n)]
  29: f0->f31, S: 0 [O(1)]
  29: f0->f31, S1: S1 [O(n)]
  29: f0->f31, T: T [O(n)]
  29: f0->f31, T1: T1 [O(n)]
  29: f0->f31, U: U [O(n)]
  29: f0->f31, U1: U1 [O(n)]
  29: f0->f31, V: 0 [O(1)]
  29: f0->f31, V1: V1 [O(n)]
  29: f0->f31, W: W [O(n)]
  29: f0->f31, W1: W1 [O(n)]
  29: f0->f31, X: X [O(n)]
  29: f0->f31, X1: X1 [O(n)]
  29: f0->f31, Y: Y [O(n)]
  29: f0->f31, Y1: Y1 [O(n)]
  29: f0->f31, Z: 0 [O(1)]
  29: f0->f31, Z1: Z1 [O(n)]
  30: f0->f31, A: A [O(n)]
  30: f0->f31, A1: A1 [O(n)]
  30: f0->f31, A2: A2 [O(n)]
  30: f0->f31, B: P2 [O(n)]
  30: f0->f31, B1: B1 [O(n)]
  30: f0->f31, B2: B2 [O(n)]
  30: f0->f31, C: C [O(n)]
  30: f0->f31, C1: C1 [O(n)]
  30: f0->f31, C2: C2 [O(n)]
  30: f0->f31, D: D [O(n)]
  30: f0->f31, D1: D1 [O(n)]
  30: f0->f31, D2: D2 [O(n)]
  30: f0->f31, E: E [O(n)]
  30: f0->f31, E1: E1 [O(n)]
  30: f0->f31, E2: E2 [O(n)]
  30: f0->f31, F: F [O(n)]
  30: f0->f31, F1: F1 [O(n)]
  30: f0->f31, F2: F2 [O(n)]
  30: f0->f31, G: G [O(n)]
  30: f0->f31, G1: G1 [O(n)]
  30: f0->f31, G2: M2 [O(n)]
  30: f0->f31, H: H [O(n)]
  30: f0->f31, H1: H1 [O(n)]
  30: f0->f31, H2: 0 [O(1)]
  30: f0->f31, I: I [O(n)]
  30: f0->f31, I1: I1 [O(n)]
  30: f0->f31, I2: P2 [O(n)]
  30: f0->f31, J: J [O(n)]
  30: f0->f31, J1: J1 [O(n)]
  30: f0->f31, J2: N2 [O(n)]
  30: f0->f31, K: K [O(n)]
  30: f0->f31, K1: K1 [O(n)]
  30: f0->f31, K2: O2 [O(n)]
  30: f0->f31, L: L [O(n)]
  30: f0->f31, L1: L1 [O(n)]
  30: f0->f31, L2: 0 [O(1)]
  30: f0->f31, M: M [O(n)]
  30: f0->f31, M1: M1 [O(n)]
  30: f0->f31, N: N [O(n)]
  30: f0->f31, N1: N1 [O(n)]
  30: f0->f31, O: O [O(n)]
  30: f0->f31, O1: O1 [O(n)]
  30: f0->f31, P: P [O(n)]
  30: f0->f31, P1: P1 [O(n)]
  30: f0->f31, Q: Q [O(n)]
  30: f0->f31, Q1: Q1 [O(n)]
  30: f0->f31, R: R [O(n)]
  30: f0->f31, R1: R1 [O(n)]
  30: f0->f31, S: 0 [O(1)]
  30: f0->f31, S1: S1 [O(n)]
  30: f0->f31, T: T [O(n)]
  30: f0->f31, T1: T1 [O(n)]
  30: f0->f31, U: U [O(n)]
  30: f0->f31, U1: U1 [O(n)]
  30: f0->f31, V: 0 [O(1)]
  30: f0->f31, V1: V1 [O(n)]
  30: f0->f31, W: W [O(n)]
  30: f0->f31, W1: W1 [O(n)]
  30: f0->f31, X: X [O(n)]
  30: f0->f31, X1: X1 [O(n)]
  30: f0->f31, Y: Y [O(n)]
  30: f0->f31, Y1: Y1 [O(n)]
  30: f0->f31, Z: 0 [O(1)]
  30: f0->f31, Z1: Z1 [O(n)]
  18: f104->f144, A1: A1 [O(n)]
  18: f104->f144, B: 0 [O(1)]
  18: f104->f144, B1: B1 [O(n)]
  18: f104->f144, C1: C1 [O(n)]
  18: f104->f144, D1: D1 [O(n)]
  18: f104->f144, E1: E1 [O(n)]
  18: f104->f144, F1: F1 [O(n)]
  18: f104->f144, G1: G1 [O(n)]
  18: f104->f144, G2: max{0, M2} [O(n)]
  18: f104->f144, H: 0 [O(1)]
  18: f104->f144, H1: H1 [O(n)]
  18: f104->f144, H2: 0 [O(1)]
  18: f104->f144, I1: I1 [O(n)]
  18: f104->f144, I2: max{N2, P2, max{P2, N2}} [O(n)]
  18: f104->f144, J1: J1 [O(n)]
  18: f104->f144, J2: max{J2, N2, max{N2, J2}} [O(n)]
  18: f104->f144, K: K [O(n)]
  18: f104->f144, K1: K1 [O(n)]
  18: f104->f144, K2: max{K2, O2, max{O2, K2}} [O(n)]
  18: f104->f144, L: L [O(n)]
  18: f104->f144, L1: L1 [O(n)]
  18: f104->f144, L2: max{0, L2} [O(n)]
  18: f104->f144, M: M [O(n)]
  18: f104->f144, M1: M1 [O(n)]
  18: f104->f144, N: N [O(n)]
  18: f104->f144, N1: N1 [O(n)]
  18: f104->f144, O: O [O(n)]
  18: f104->f144, O1: O1 [O(n)]
  18: f104->f144, P: P [O(n)]
  18: f104->f144, P1: P1 [O(n)]
  18: f104->f144, Q: Q [O(n)]
  18: f104->f144, Q1: Q1 [O(n)]
  18: f104->f144, R: R [O(n)]
  18: f104->f144, R1: R1 [O(n)]
  18: f104->f144, S: 0 [O(1)]
  18: f104->f144, S1: S1 [O(n)]
  18: f104->f144, T: T [O(n)]
  18: f104->f144, T1: T1 [O(n)]
  18: f104->f144, U1: 0 [O(1)]
  18: f104->f144, V: 0 [O(1)]
  18: f104->f144, V1: 0 [O(1)]
  18: f104->f144, W: W [O(n)]
  18: f104->f144, X: X [O(n)]
  18: f104->f144, Y: Y [O(n)]
  18: f104->f144, Z: 0 [O(1)]
  19: f104->f104, A1: A1 [O(n)]
  19: f104->f104, B: 0 [O(1)]
  19: f104->f104, B1: B1 [O(n)]
  19: f104->f104, C1: C1 [O(n)]
  19: f104->f104, D1: D1 [O(n)]
  19: f104->f104, E1: E1 [O(n)]
  19: f104->f104, F1: F1 [O(n)]
  19: f104->f104, G1: G1 [O(n)]
  19: f104->f104, G2: max{0, M2} [O(n)]
  19: f104->f104, H: 0 [O(1)]
  19: f104->f104, H1: H1 [O(n)]
  19: f104->f104, H2: 0 [O(1)]
  19: f104->f104, I1: I1 [O(n)]
  19: f104->f104, I2: max{N2, P2, max{P2, N2}} [O(n)]
  19: f104->f104, J1: J1 [O(n)]
  19: f104->f104, J2: max{J2, N2, max{N2, J2}} [O(n)]
  19: f104->f104, K: K [O(n)]
  19: f104->f104, K1: K1 [O(n)]
  19: f104->f104, K2: max{K2, O2, max{O2, K2}} [O(n)]
  19: f104->f104, L: L [O(n)]
  19: f104->f104, L1: L1 [O(n)]
  19: f104->f104, L2: max{0, L2} [O(n)]
  19: f104->f104, M: M [O(n)]
  19: f104->f104, M1: M1 [O(n)]
  19: f104->f104, N: N [O(n)]
  19: f104->f104, N1: N1 [O(n)]
  19: f104->f104, O: O [O(n)]
  19: f104->f104, O1: O1 [O(n)]
  19: f104->f104, P: P [O(n)]
  19: f104->f104, P1: P1 [O(n)]
  19: f104->f104, Q: Q [O(n)]
  19: f104->f104, Q1: Q1 [O(n)]
  19: f104->f104, R: R [O(n)]
  19: f104->f104, R1: R1 [O(n)]
  19: f104->f104, S: 0 [O(1)]
  19: f104->f104, S1: S1 [O(n)]
  19: f104->f104, T: T [O(n)]
  19: f104->f104, T1: T1 [O(n)]
  19: f104->f104, U: U [O(n)]
  19: f104->f104, V: 0 [O(1)]
  19: f104->f104, W: W [O(n)]
  19: f104->f104, W1: W1 [O(n)]
  19: f104->f104, X: X [O(n)]
  19: f104->f104, X1: X1 [O(n)]
  19: f104->f104, Y: Y [O(n)]
  19: f104->f104, Z: 0 [O(1)]
  11: f144->f211, B: 0 [O(1)]
  11: f144->f211, B1: B1 [O(n)]
  11: f144->f211, C1: C1 [O(n)]
  11: f144->f211, D1: D1 [O(n)]
  11: f144->f211, F1: F1 [O(n)]
  11: f144->f211, G1: G1 [O(n)]
  11: f144->f211, G2: max{0, M2} [O(n)]
  11: f144->f211, H: 0 [O(1)]
  11: f144->f211, H1: H1 [O(n)]
  11: f144->f211, H2: 0 [O(1)]
  11: f144->f211, I1: I1 [O(n)]
  11: f144->f211, I2: max{N2, P2, max{P2, N2}} [O(n)]
  11: f144->f211, J2: max{J2, N2, max{N2, J2}} [O(n)]
  11: f144->f211, K2: max{K2, O2, max{O2, K2}} [O(n)]
  11: f144->f211, L: L [O(n)]
  11: f144->f211, L2: max{0, L2} [O(n)]
  11: f144->f211, M: M [O(n)]
  11: f144->f211, N: N [O(n)]
  11: f144->f211, O: O [O(n)]
  11: f144->f211, P: P [O(n)]
  11: f144->f211, P1: max{0, P1} [O(n)]
  11: f144->f211, Q: Q [O(n)]
  11: f144->f211, R: R [O(n)]
  11: f144->f211, S: 0 [O(1)]
  11: f144->f211, S1: max{1, S1} [O(n)]
  11: f144->f211, T: T [O(n)]
  11: f144->f211, T1: max{0, T1} [O(n)]
  11: f144->f211, U: 0 [O(1)]
  11: f144->f211, U1: 0 [O(1)]
  11: f144->f211, V: 0 [O(1)]
  11: f144->f211, V1: 0 [O(1)]
  11: f144->f211, Y: max{0, Y} [O(n)]
  11: f144->f211, Z: 0 [O(1)]
  14: f144->f144, B: 0 [O(1)]
  14: f144->f144, B1: B1 [O(n)]
  14: f144->f144, C1: C1 [O(n)]
  14: f144->f144, D1: D1 [O(n)]
  14: f144->f144, F1: F1 [O(n)]
  14: f144->f144, G1: G1 [O(n)]
  14: f144->f144, G2: max{0, M2} [O(n)]
  14: f144->f144, H: 0 [O(1)]
  14: f144->f144, H1: H1 [O(n)]
  14: f144->f144, H2: 0 [O(1)]
  14: f144->f144, I1: I1 [O(n)]
  14: f144->f144, I2: max{N2, P2, max{P2, N2}} [O(n)]
  14: f144->f144, J2: max{J2, N2, max{N2, J2}} [O(n)]
  14: f144->f144, K: K [O(n)]
  14: f144->f144, K1: 0 [O(1)]
  14: f144->f144, K2: max{K2, O2, max{O2, K2}} [O(n)]
  14: f144->f144, L: L [O(n)]
  14: f144->f144, L1: 0 [O(1)]
  14: f144->f144, L2: max{0, L2} [O(n)]
  14: f144->f144, M: M [O(n)]
  14: f144->f144, N: N [O(n)]
  14: f144->f144, O: O [O(n)]
  14: f144->f144, P: P [O(n)]
  14: f144->f144, P1: max{0, P1} [O(n)]
  14: f144->f144, Q: Q [O(n)]
  14: f144->f144, R: R [O(n)]
  14: f144->f144, S: 0 [O(1)]
  14: f144->f144, S1: max{1, S1} [O(n)]
  14: f144->f144, T: T [O(n)]
  14: f144->f144, T1: max{0, T1} [O(n)]
  14: f144->f144, U1: 0 [O(1)]
  14: f144->f144, V: 0 [O(1)]
  14: f144->f144, V1: 0 [O(1)]
  14: f144->f144, W: W [O(n)]
  14: f144->f144, X: X [O(n)]
  14: f144->f144, Y: max{0, Y} [O(n)]
  14: f144->f144, Z: 0 [O(1)]
  15: f144->f144, B: 0 [O(1)]
  15: f144->f144, B1: B1 [O(n)]
  15: f144->f144, C1: C1 [O(n)]
  15: f144->f144, D1: D1 [O(n)]
  15: f144->f144, E1: 0 [O(1)]
  15: f144->f144, F1: F1 [O(n)]
  15: f144->f144, G1: G1 [O(n)]
  15: f144->f144, G2: max{0, M2} [O(n)]
  15: f144->f144, H: 0 [O(1)]
  15: f144->f144, H1: H1 [O(n)]
  15: f144->f144, H2: 0 [O(1)]
  15: f144->f144, I1: I1 [O(n)]
  15: f144->f144, I2: max{N2, P2, max{P2, N2}} [O(n)]
  15: f144->f144, J2: max{J2, N2, max{N2, J2}} [O(n)]
  15: f144->f144, K: K [O(n)]
  15: f144->f144, K2: max{K2, O2, max{O2, K2}} [O(n)]
  15: f144->f144, L: L [O(n)]
  15: f144->f144, L2: max{0, L2} [O(n)]
  15: f144->f144, M: M [O(n)]
  15: f144->f144, N: N [O(n)]
  15: f144->f144, O: O [O(n)]
  15: f144->f144, P: P [O(n)]
  15: f144->f144, P1: 0 [O(1)]
  15: f144->f144, Q: Q [O(n)]
  15: f144->f144, Q1: 0 [O(1)]
  15: f144->f144, R: R [O(n)]
  15: f144->f144, R1: 0 [O(1)]
  15: f144->f144, S: 0 [O(1)]
  15: f144->f144, S1: max{1, S1} [O(n)]
  15: f144->f144, T: T [O(n)]
  15: f144->f144, T1: max{0, T1} [O(n)]
  15: f144->f144, U1: 0 [O(1)]
  15: f144->f144, V: 0 [O(1)]
  15: f144->f144, V1: 0 [O(1)]
  15: f144->f144, W: W [O(n)]
  15: f144->f144, X: X [O(n)]
  15: f144->f144, Y: max{0, Y} [O(n)]
  15: f144->f144, Z: 0 [O(1)]
  16: f144->f172, B: 0 [O(1)]
  16: f144->f172, B1: B1 [O(n)]
  16: f144->f172, C1: C1 [O(n)]
  16: f144->f172, D1: D1 [O(n)]
  16: f144->f172, E1: -1 [O(1)]
  16: f144->f172, F1: F1 [O(n)]
  16: f144->f172, G1: G1 [O(n)]
  16: f144->f172, G2: max{0, M2} [O(n)]
  16: f144->f172, H: 0 [O(1)]
  16: f144->f172, H1: H1 [O(n)]
  16: f144->f172, H2: 0 [O(1)]
  16: f144->f172, I1: I1 [O(n)]
  16: f144->f172, I2: max{N2, P2, max{P2, N2}} [O(n)]
  16: f144->f172, J2: max{J2, N2, max{N2, J2}} [O(n)]
  16: f144->f172, K: K [O(n)]
  16: f144->f172, K2: max{K2, O2, max{O2, K2}} [O(n)]
  16: f144->f172, L: L [O(n)]
  16: f144->f172, L2: max{0, L2} [O(n)]
  16: f144->f172, M: M [O(n)]
  16: f144->f172, N: N [O(n)]
  16: f144->f172, O: O [O(n)]
  16: f144->f172, P: P [O(n)]
  16: f144->f172, P1: 0 [O(1)]
  16: f144->f172, Q: Q [O(n)]
  16: f144->f172, Q1: -1 [O(1)]
  16: f144->f172, R: R [O(n)]
  16: f144->f172, R1: -1 [O(1)]
  16: f144->f172, S: 0 [O(1)]
  16: f144->f172, S1: 1 [O(1)]
  16: f144->f172, T: T [O(n)]
  16: f144->f172, T1: 0 [O(1)]
  16: f144->f172, U1: 0 [O(1)]
  16: f144->f172, V: 0 [O(1)]
  16: f144->f172, V1: 0 [O(1)]
  16: f144->f172, W: W [O(n)]
  16: f144->f172, X: X [O(n)]
  16: f144->f172, Y: 0 [O(1)]
  16: f144->f172, Z: 0 [O(1)]
  17: f144->f172, B: 0 [O(1)]
  17: f144->f172, B1: B1 [O(n)]
  17: f144->f172, C1: C1 [O(n)]
  17: f144->f172, D1: D1 [O(n)]
  17: f144->f172, F1: F1 [O(n)]
  17: f144->f172, G1: G1 [O(n)]
  17: f144->f172, G2: max{0, M2} [O(n)]
  17: f144->f172, H: 0 [O(1)]
  17: f144->f172, H1: H1 [O(n)]
  17: f144->f172, H2: 0 [O(1)]
  17: f144->f172, I1: I1 [O(n)]
  17: f144->f172, I2: max{N2, P2, max{P2, N2}} [O(n)]
  17: f144->f172, J2: max{J2, N2, max{N2, J2}} [O(n)]
  17: f144->f172, K: K [O(n)]
  17: f144->f172, K2: max{K2, O2, max{O2, K2}} [O(n)]
  17: f144->f172, L: L [O(n)]
  17: f144->f172, L2: max{0, L2} [O(n)]
  17: f144->f172, M: M [O(n)]
  17: f144->f172, N: N [O(n)]
  17: f144->f172, O: O [O(n)]
  17: f144->f172, P: P [O(n)]
  17: f144->f172, P1: 0 [O(1)]
  17: f144->f172, Q: Q [O(n)]
  17: f144->f172, R: R [O(n)]
  17: f144->f172, S: 0 [O(1)]
  17: f144->f172, S1: 1 [O(1)]
  17: f144->f172, T: T [O(n)]
  17: f144->f172, T1: 0 [O(1)]
  17: f144->f172, U1: 0 [O(1)]
  17: f144->f172, V: 0 [O(1)]
  17: f144->f172, V1: 0 [O(1)]
  17: f144->f172, W: W [O(n)]
  17: f144->f172, X: X [O(n)]
  17: f144->f172, Y: 0 [O(1)]
  17: f144->f172, Z: 0 [O(1)]
  13: f172->f144, A1: 0 [O(1)]
  13: f172->f144, B: 0 [O(1)]
  13: f172->f144, B1: B1 [O(n)]
  13: f172->f144, C1: C1 [O(n)]
  13: f172->f144, D1: D1 [O(n)]
  13: f172->f144, F1: F1 [O(n)]
  13: f172->f144, G1: G1 [O(n)]
  13: f172->f144, G2: max{0, M2} [O(n)]
  13: f172->f144, H: 0 [O(1)]
  13: f172->f144, H1: H1 [O(n)]
  13: f172->f144, H2: 0 [O(1)]
  13: f172->f144, I1: I1 [O(n)]
  13: f172->f144, I2: max{N2, P2, max{P2, N2}} [O(n)]
  13: f172->f144, J2: max{J2, N2, max{N2, J2}} [O(n)]
  13: f172->f144, K: K [O(n)]
  13: f172->f144, K2: max{K2, O2, max{O2, K2}} [O(n)]
  13: f172->f144, L: L [O(n)]
  13: f172->f144, L2: max{0, L2} [O(n)]
  13: f172->f144, M: M [O(n)]
  13: f172->f144, N: N [O(n)]
  13: f172->f144, O: O [O(n)]
  13: f172->f144, P: P [O(n)]
  13: f172->f144, P1: 0 [O(1)]
  13: f172->f144, Q: Q [O(n)]
  13: f172->f144, R: R [O(n)]
  13: f172->f144, S: 0 [O(1)]
  13: f172->f144, S1: 1 [O(1)]
  13: f172->f144, T: T [O(n)]
  13: f172->f144, T1: 0 [O(1)]
  13: f172->f144, U1: 0 [O(1)]
  13: f172->f144, V: 0 [O(1)]
  13: f172->f144, V1: 0 [O(1)]
  13: f172->f144, W: W [O(n)]
  13: f172->f144, X: X [O(n)]
  13: f172->f144, Y: 0 [O(1)]
  13: f172->f144, Z: 0 [O(1)]
  8: f211->f211, B: 0 [O(1)]
  8: f211->f211, B1: B1 [O(n)]
  8: f211->f211, C1: C1 [O(n)]
  8: f211->f211, D1: D1 [O(n)]
  8: f211->f211, F1: F1 [O(n)]
  8: f211->f211, G1: G1 [O(n)]
  8: f211->f211, G2: max{0, M2} [O(n)]
  8: f211->f211, H: 0 [O(1)]
  8: f211->f211, H1: H1 [O(n)]
  8: f211->f211, H2: 0 [O(1)]
  8: f211->f211, I1: I1 [O(n)]
  8: f211->f211, I2: max{N2, P2, max{P2, N2}} [O(n)]
  8: f211->f211, J2: max{J2, N2, max{N2, J2}} [O(n)]
  8: f211->f211, K2: max{K2, O2, max{O2, K2}} [O(n)]
  8: f211->f211, L: 0 [O(1)]
  8: f211->f211, L2: max{0, L2} [O(n)]
  8: f211->f211, N: 0 [O(1)]
  8: f211->f211, O: 0 [O(1)]
  8: f211->f211, P: 0 [O(1)]
  8: f211->f211, P1: max{0, P1} [O(n)]
  8: f211->f211, Q: 2 [O(1)]
  8: f211->f211, S: 0 [O(1)]
  8: f211->f211, S1: max{1, S1} [O(n)]
  8: f211->f211, T: T [O(n)]
  8: f211->f211, T1: max{0, T1} [O(n)]
  8: f211->f211, U: 0 [O(1)]
  8: f211->f211, U1: 0 [O(1)]
  8: f211->f211, V: 0 [O(1)]
  8: f211->f211, V1: 0 [O(1)]
  8: f211->f211, Y: max{0, Y} [O(n)]
  8: f211->f211, Z: 0 [O(1)]
  9: f211->f211, B: 0 [O(1)]
  9: f211->f211, B1: B1 [O(n)]
  9: f211->f211, C1: C1 [O(n)]
  9: f211->f211, D1: D1 [O(n)]
  9: f211->f211, F1: F1 [O(n)]
  9: f211->f211, G1: G1 [O(n)]
  9: f211->f211, G2: max{0, M2} [O(n)]
  9: f211->f211, H: 0 [O(1)]
  9: f211->f211, H1: H1 [O(n)]
  9: f211->f211, H2: 0 [O(1)]
  9: f211->f211, I1: I1 [O(n)]
  9: f211->f211, I2: max{N2, P2, max{P2, N2}} [O(n)]
  9: f211->f211, J2: max{J2, N2, max{N2, J2}} [O(n)]
  9: f211->f211, K2: max{K2, O2, max{O2, K2}} [O(n)]
  9: f211->f211, L: 0 [O(1)]
  9: f211->f211, L2: max{0, L2} [O(n)]
  9: f211->f211, O: 0 [O(1)]
  9: f211->f211, P: 0 [O(1)]
  9: f211->f211, P1: max{0, P1} [O(n)]
  9: f211->f211, Q: 2 [O(1)]
  9: f211->f211, S: 0 [O(1)]
  9: f211->f211, S1: max{1, S1} [O(n)]
  9: f211->f211, T: T [O(n)]
  9: f211->f211, T1: max{0, T1} [O(n)]
  9: f211->f211, U: 0 [O(1)]
  9: f211->f211, U1: 0 [O(1)]
  9: f211->f211, V: 0 [O(1)]
  9: f211->f211, V1: 0 [O(1)]
  9: f211->f211, Y: max{0, Y} [O(n)]
  9: f211->f211, Z: 0 [O(1)]
  10: f211->f237, B: 0 [O(1)]
  10: f211->f237, B1: B1 [O(n)]
  10: f211->f237, C1: C1 [O(n)]
  10: f211->f237, D1: D1 [O(n)]
  10: f211->f237, F1: F1 [O(n)]
  10: f211->f237, G1: G1 [O(n)]
  10: f211->f237, G2: max{0, M2} [O(n)]
  10: f211->f237, H: 0 [O(1)]
  10: f211->f237, H1: H1 [O(n)]
  10: f211->f237, H2: 0 [O(1)]
  10: f211->f237, I1: I1 [O(n)]
  10: f211->f237, I2: max{N2, P2, max{P2, N2}} [O(n)]
  10: f211->f237, J2: max{J2, N2, max{N2, J2}} [O(n)]
  10: f211->f237, K: 0 [O(1)]
  10: f211->f237, K2: max{K2, O2, max{O2, K2}} [O(n)]
  10: f211->f237, L: max{0, L} [O(n)]
  10: f211->f237, L2: max{0, L2} [O(n)]
  10: f211->f237, O: max{0, O} [O(n)]
  10: f211->f237, P: max{0, P} [O(n)]
  10: f211->f237, P1: max{0, P1} [O(n)]
  10: f211->f237, Q: max{2, Q} [O(n)]
  10: f211->f237, S: 0 [O(1)]
  10: f211->f237, S1: max{1, S1} [O(n)]
  10: f211->f237, T1: max{0, T1} [O(n)]
  10: f211->f237, U: 0 [O(1)]
  10: f211->f237, U1: 0 [O(1)]
  10: f211->f237, V: 0 [O(1)]
  10: f211->f237, V1: 0 [O(1)]
  10: f211->f237, Y: max{0, Y} [O(n)]
  10: f211->f237, Z: 0 [O(1)]
  6: f237->f237, B: 0 [O(1)]
  6: f237->f237, B1: B1 [O(n)]
  6: f237->f237, C1: C1 [O(n)]
  6: f237->f237, D1: D1 [O(n)]
  6: f237->f237, F1: F1 [O(n)]
  6: f237->f237, G1: G1 [O(n)]
  6: f237->f237, G2: max{0, M2} [O(n)]
  6: f237->f237, H: 0 [O(1)]
  6: f237->f237, H1: H1 [O(n)]
  6: f237->f237, H2: 0 [O(1)]
  6: f237->f237, I1: I1 [O(n)]
  6: f237->f237, I2: max{N2, P2, max{P2, N2}} [O(n)]
  6: f237->f237, J2: max{J2, N2, max{N2, J2}} [O(n)]
  6: f237->f237, K: 0 [O(1)]
  6: f237->f237, K2: max{K2, O2, max{O2, K2}} [O(n)]
  6: f237->f237, L: max{0, L} [O(n)]
  6: f237->f237, L2: max{0, L2} [O(n)]
  6: f237->f237, O: max{0, O} [O(n)]
  6: f237->f237, P: max{0, P} [O(n)]
  6: f237->f237, P1: max{0, P1} [O(n)]
  6: f237->f237, Q: max{2, Q} [O(n)]
  6: f237->f237, S: 0 [O(1)]
  6: f237->f237, S1: max{1, S1} [O(n)]
  6: f237->f237, T1: max{0, T1} [O(n)]
  6: f237->f237, U: 0 [O(1)]
  6: f237->f237, U1: 0 [O(1)]
  6: f237->f237, V: 0 [O(1)]
  6: f237->f237, V1: 0 [O(1)]
  6: f237->f237, Y: max{0, Y} [O(n)]
  6: f237->f237, Z: 0 [O(1)]
  1: f31->f31, A: A [O(n)]
  1: f31->f31, A1: A1 [O(n)]
  1: f31->f31, A2: A2 [O(n)]
  1: f31->f31, B: max{N2, P2} [O(n)]
  1: f31->f31, B1: B1 [O(n)]
  1: f31->f31, B2: B2 [O(n)]
  1: f31->f31, C: 0 [O(1)]
  1: f31->f31, C1: C1 [O(n)]
  1: f31->f31, C2: C2 [O(n)]
  1: f31->f31, D: 0 [O(1)]
  1: f31->f31, D1: D1 [O(n)]
  1: f31->f31, E1: E1 [O(n)]
  1: f31->f31, E2: E2 [O(n)]
  1: f31->f31, F1: F1 [O(n)]
  1: f31->f31, F2: F2 [O(n)]
  1: f31->f31, G: G [O(n)]
  1: f31->f31, G1: G1 [O(n)]
  1: f31->f31, G2: max{0, M2} [O(n)]
  1: f31->f31, H: H [O(n)]
  1: f31->f31, H1: H1 [O(n)]
  1: f31->f31, H2: 0 [O(1)]
  1: f31->f31, I: I [O(n)]
  1: f31->f31, I1: I1 [O(n)]
  1: f31->f31, I2: max{N2, P2} [O(n)]
  1: f31->f31, J: J [O(n)]
  1: f31->f31, J1: J1 [O(n)]
  1: f31->f31, J2: max{J2, N2} [O(n)]
  1: f31->f31, K: K [O(n)]
  1: f31->f31, K1: K1 [O(n)]
  1: f31->f31, K2: max{K2, O2} [O(n)]
  1: f31->f31, L: L [O(n)]
  1: f31->f31, L1: L1 [O(n)]
  1: f31->f31, L2: max{0, L2} [O(n)]
  1: f31->f31, M: M [O(n)]
  1: f31->f31, M1: M1 [O(n)]
  1: f31->f31, N: N [O(n)]
  1: f31->f31, N1: N1 [O(n)]
  1: f31->f31, O: O [O(n)]
  1: f31->f31, O1: O1 [O(n)]
  1: f31->f31, P: P [O(n)]
  1: f31->f31, P1: P1 [O(n)]
  1: f31->f31, Q: Q [O(n)]
  1: f31->f31, Q1: Q1 [O(n)]
  1: f31->f31, R: R [O(n)]
  1: f31->f31, R1: R1 [O(n)]
  1: f31->f31, S: 0 [O(1)]
  1: f31->f31, S1: S1 [O(n)]
  1: f31->f31, T: T [O(n)]
  1: f31->f31, T1: T1 [O(n)]
  1: f31->f31, U: U [O(n)]
  1: f31->f31, U1: U1 [O(n)]
  1: f31->f31, V: 0 [O(1)]
  1: f31->f31, V1: V1 [O(n)]
  1: f31->f31, W: W [O(n)]
  1: f31->f31, W1: W1 [O(n)]
  1: f31->f31, X: X [O(n)]
  1: f31->f31, X1: X1 [O(n)]
  1: f31->f31, Y: Y [O(n)]
  1: f31->f31, Y1: Y1 [O(n)]
  1: f31->f31, Z: 0 [O(1)]
  1: f31->f31, Z1: Z1 [O(n)]
  2: f31->f42, A: A [O(n)]
  2: f31->f42, A1: A1 [O(n)]
  2: f31->f42, A2: A2 [O(n)]
  2: f31->f42, B: max{N2, P2} [O(n)]
  2: f31->f42, B1: B1 [O(n)]
  2: f31->f42, B2: B2 [O(n)]
  2: f31->f42, C1: C1 [O(n)]
  2: f31->f42, C2: C2 [O(n)]
  2: f31->f42, D1: D1 [O(n)]
  2: f31->f42, E: 0 [O(1)]
  2: f31->f42, E1: E1 [O(n)]
  2: f31->f42, E2: E2 [O(n)]
  2: f31->f42, F1: F1 [O(n)]
  2: f31->f42, F2: F2 [O(n)]
  2: f31->f42, G: G [O(n)]
  2: f31->f42, G1: G1 [O(n)]
  2: f31->f42, G2: max{0, M2} [O(n)]
  2: f31->f42, H: H [O(n)]
  2: f31->f42, H1: H1 [O(n)]
  2: f31->f42, H2: 0 [O(1)]
  2: f31->f42, I: I [O(n)]
  2: f31->f42, I1: I1 [O(n)]
  2: f31->f42, I2: max{N2, P2} [O(n)]
  2: f31->f42, J: J [O(n)]
  2: f31->f42, J1: J1 [O(n)]
  2: f31->f42, J2: max{J2, N2} [O(n)]
  2: f31->f42, K: K [O(n)]
  2: f31->f42, K1: K1 [O(n)]
  2: f31->f42, K2: max{K2, O2} [O(n)]
  2: f31->f42, L: L [O(n)]
  2: f31->f42, L1: L1 [O(n)]
  2: f31->f42, L2: max{0, L2} [O(n)]
  2: f31->f42, M: M [O(n)]
  2: f31->f42, M1: M1 [O(n)]
  2: f31->f42, N: N [O(n)]
  2: f31->f42, N1: N1 [O(n)]
  2: f31->f42, O: O [O(n)]
  2: f31->f42, O1: O1 [O(n)]
  2: f31->f42, P: P [O(n)]
  2: f31->f42, P1: P1 [O(n)]
  2: f31->f42, Q: Q [O(n)]
  2: f31->f42, Q1: Q1 [O(n)]
  2: f31->f42, R: R [O(n)]
  2: f31->f42, R1: R1 [O(n)]
  2: f31->f42, S: 0 [O(1)]
  2: f31->f42, S1: S1 [O(n)]
  2: f31->f42, T: T [O(n)]
  2: f31->f42, T1: T1 [O(n)]
  2: f31->f42, U: U [O(n)]
  2: f31->f42, U1: U1 [O(n)]
  2: f31->f42, V: 0 [O(1)]
  2: f31->f42, V1: V1 [O(n)]
  2: f31->f42, W: W [O(n)]
  2: f31->f42, W1: W1 [O(n)]
  2: f31->f42, X: X [O(n)]
  2: f31->f42, X1: X1 [O(n)]
  2: f31->f42, Y: Y [O(n)]
  2: f31->f42, Y1: Y1 [O(n)]
  2: f31->f42, Z: 0 [O(1)]
  2: f31->f42, Z1: Z1 [O(n)]
  27: f31->f42, A: A [O(n)]
  27: f31->f42, A1: A1 [O(n)]
  27: f31->f42, A2: A2 [O(n)]
  27: f31->f42, B: max{N2, P2} [O(n)]
  27: f31->f42, B1: B1 [O(n)]
  27: f31->f42, B2: B2 [O(n)]
  27: f31->f42, C1: C1 [O(n)]
  27: f31->f42, C2: C2 [O(n)]
  27: f31->f42, D1: D1 [O(n)]
  27: f31->f42, E1: E1 [O(n)]
  27: f31->f42, E2: E2 [O(n)]
  27: f31->f42, F1: F1 [O(n)]
  27: f31->f42, F2: F2 [O(n)]
  27: f31->f42, G: G [O(n)]
  27: f31->f42, G1: G1 [O(n)]
  27: f31->f42, G2: max{0, M2} [O(n)]
  27: f31->f42, H: H [O(n)]
  27: f31->f42, H1: H1 [O(n)]
  27: f31->f42, H2: 0 [O(1)]
  27: f31->f42, I: I [O(n)]
  27: f31->f42, I1: I1 [O(n)]
  27: f31->f42, I2: max{N2, P2} [O(n)]
  27: f31->f42, J: J [O(n)]
  27: f31->f42, J1: J1 [O(n)]
  27: f31->f42, J2: max{J2, N2} [O(n)]
  27: f31->f42, K: K [O(n)]
  27: f31->f42, K1: K1 [O(n)]
  27: f31->f42, K2: max{K2, O2} [O(n)]
  27: f31->f42, L: L [O(n)]
  27: f31->f42, L1: L1 [O(n)]
  27: f31->f42, L2: max{0, L2} [O(n)]
  27: f31->f42, M: M [O(n)]
  27: f31->f42, M1: M1 [O(n)]
  27: f31->f42, N: N [O(n)]
  27: f31->f42, N1: N1 [O(n)]
  27: f31->f42, O: O [O(n)]
  27: f31->f42, O1: O1 [O(n)]
  27: f31->f42, P: P [O(n)]
  27: f31->f42, P1: P1 [O(n)]
  27: f31->f42, Q: Q [O(n)]
  27: f31->f42, Q1: Q1 [O(n)]
  27: f31->f42, R: R [O(n)]
  27: f31->f42, R1: R1 [O(n)]
  27: f31->f42, S: 0 [O(1)]
  27: f31->f42, S1: S1 [O(n)]
  27: f31->f42, T: T [O(n)]
  27: f31->f42, T1: T1 [O(n)]
  27: f31->f42, U: U [O(n)]
  27: f31->f42, U1: U1 [O(n)]
  27: f31->f42, V: 0 [O(1)]
  27: f31->f42, V1: V1 [O(n)]
  27: f31->f42, W: W [O(n)]
  27: f31->f42, W1: W1 [O(n)]
  27: f31->f42, X: X [O(n)]
  27: f31->f42, X1: X1 [O(n)]
  27: f31->f42, Y: Y [O(n)]
  27: f31->f42, Y1: Y1 [O(n)]
  27: f31->f42, Z: 0 [O(1)]
  27: f31->f42, Z1: Z1 [O(n)]
  28: f31->f67, A: A [O(n)]
  28: f31->f67, A1: A1 [O(n)]
  28: f31->f67, A2: A2 [O(n)]
  28: f31->f67, B: 0 [O(1)]
  28: f31->f67, B1: B1 [O(n)]
  28: f31->f67, B2: B2 [O(n)]
  28: f31->f67, C1: C1 [O(n)]
  28: f31->f67, C2: C2 [O(n)]
  28: f31->f67, D1: D1 [O(n)]
  28: f31->f67, E1: E1 [O(n)]
  28: f31->f67, F1: F1 [O(n)]
  28: f31->f67, G: G [O(n)]
  28: f31->f67, G1: G1 [O(n)]
  28: f31->f67, G2: max{0, M2} [O(n)]
  28: f31->f67, H1: H1 [O(n)]
  28: f31->f67, H2: 0 [O(1)]
  28: f31->f67, I: I [O(n)]
  28: f31->f67, I1: I1 [O(n)]
  28: f31->f67, I2: max{N2, P2, max{P2, N2}} [O(n)]
  28: f31->f67, J: J [O(n)]
  28: f31->f67, J1: J1 [O(n)]
  28: f31->f67, J2: max{J2, N2, max{N2, J2}} [O(n)]
  28: f31->f67, K: K [O(n)]
  28: f31->f67, K1: K1 [O(n)]
  28: f31->f67, K2: max{K2, O2, max{O2, K2}} [O(n)]
  28: f31->f67, L: L [O(n)]
  28: f31->f67, L1: L1 [O(n)]
  28: f31->f67, L2: max{0, L2} [O(n)]
  28: f31->f67, M: M [O(n)]
  28: f31->f67, M1: M1 [O(n)]
  28: f31->f67, N: N [O(n)]
  28: f31->f67, N1: N1 [O(n)]
  28: f31->f67, O: O [O(n)]
  28: f31->f67, O1: O1 [O(n)]
  28: f31->f67, P: P [O(n)]
  28: f31->f67, P1: P1 [O(n)]
  28: f31->f67, Q: Q [O(n)]
  28: f31->f67, Q1: Q1 [O(n)]
  28: f31->f67, R: R [O(n)]
  28: f31->f67, R1: R1 [O(n)]
  28: f31->f67, S: 0 [O(1)]
  28: f31->f67, S1: S1 [O(n)]
  28: f31->f67, T: T [O(n)]
  28: f31->f67, T1: T1 [O(n)]
  28: f31->f67, U: U [O(n)]
  28: f31->f67, U1: U1 [O(n)]
  28: f31->f67, V: 0 [O(1)]
  28: f31->f67, V1: V1 [O(n)]
  28: f31->f67, W: W [O(n)]
  28: f31->f67, W1: W1 [O(n)]
  28: f31->f67, X: X [O(n)]
  28: f31->f67, X1: X1 [O(n)]
  28: f31->f67, Y: Y [O(n)]
  28: f31->f67, Y1: Y1 [O(n)]
  28: f31->f67, Z: 0 [O(1)]
  28: f31->f67, Z1: Z1 [O(n)]
  25: f42->f31, A: A [O(n)]
  25: f42->f31, A1: A1 [O(n)]
  25: f42->f31, A2: A2 [O(n)]
  25: f42->f31, B: max{N2, P2} [O(n)]
  25: f42->f31, B1: B1 [O(n)]
  25: f42->f31, B2: B2 [O(n)]
  25: f42->f31, C1: C1 [O(n)]
  25: f42->f31, C2: C2 [O(n)]
  25: f42->f31, D1: D1 [O(n)]
  25: f42->f31, E1: E1 [O(n)]
  25: f42->f31, E2: E2 [O(n)]
  25: f42->f31, F: 0 [O(1)]
  25: f42->f31, F1: F1 [O(n)]
  25: f42->f31, F2: F2 [O(n)]
  25: f42->f31, G: G [O(n)]
  25: f42->f31, G1: G1 [O(n)]
  25: f42->f31, G2: max{0, M2} [O(n)]
  25: f42->f31, H: H [O(n)]
  25: f42->f31, H1: H1 [O(n)]
  25: f42->f31, H2: 0 [O(1)]
  25: f42->f31, I: I [O(n)]
  25: f42->f31, I1: I1 [O(n)]
  25: f42->f31, I2: max{N2, P2} [O(n)]
  25: f42->f31, J: J [O(n)]
  25: f42->f31, J1: J1 [O(n)]
  25: f42->f31, J2: max{J2, N2} [O(n)]
  25: f42->f31, K: K [O(n)]
  25: f42->f31, K1: K1 [O(n)]
  25: f42->f31, K2: max{K2, O2} [O(n)]
  25: f42->f31, L: L [O(n)]
  25: f42->f31, L1: L1 [O(n)]
  25: f42->f31, L2: max{0, L2} [O(n)]
  25: f42->f31, M: M [O(n)]
  25: f42->f31, M1: M1 [O(n)]
  25: f42->f31, N: N [O(n)]
  25: f42->f31, N1: N1 [O(n)]
  25: f42->f31, O: O [O(n)]
  25: f42->f31, O1: O1 [O(n)]
  25: f42->f31, P: P [O(n)]
  25: f42->f31, P1: P1 [O(n)]
  25: f42->f31, Q: Q [O(n)]
  25: f42->f31, Q1: Q1 [O(n)]
  25: f42->f31, R: R [O(n)]
  25: f42->f31, R1: R1 [O(n)]
  25: f42->f31, S: 0 [O(1)]
  25: f42->f31, S1: S1 [O(n)]
  25: f42->f31, T: T [O(n)]
  25: f42->f31, T1: T1 [O(n)]
  25: f42->f31, U: U [O(n)]
  25: f42->f31, U1: U1 [O(n)]
  25: f42->f31, V: 0 [O(1)]
  25: f42->f31, V1: V1 [O(n)]
  25: f42->f31, W: W [O(n)]
  25: f42->f31, W1: W1 [O(n)]
  25: f42->f31, X: X [O(n)]
  25: f42->f31, X1: X1 [O(n)]
  25: f42->f31, Y: Y [O(n)]
  25: f42->f31, Y1: Y1 [O(n)]
  25: f42->f31, Z: 0 [O(1)]
  25: f42->f31, Z1: Z1 [O(n)]
  26: f42->f31, A: A [O(n)]
  26: f42->f31, A1: A1 [O(n)]
  26: f42->f31, A2: A2 [O(n)]
  26: f42->f31, B: max{N2, P2} [O(n)]
  26: f42->f31, B1: B1 [O(n)]
  26: f42->f31, B2: B2 [O(n)]
  26: f42->f31, C1: C1 [O(n)]
  26: f42->f31, C2: C2 [O(n)]
  26: f42->f31, D1: D1 [O(n)]
  26: f42->f31, E1: E1 [O(n)]
  26: f42->f31, E2: E2 [O(n)]
  26: f42->f31, F1: F1 [O(n)]
  26: f42->f31, F2: F2 [O(n)]
  26: f42->f31, G: G [O(n)]
  26: f42->f31, G1: G1 [O(n)]
  26: f42->f31, G2: max{0, M2} [O(n)]
  26: f42->f31, H: H [O(n)]
  26: f42->f31, H1: H1 [O(n)]
  26: f42->f31, H2: 0 [O(1)]
  26: f42->f31, I: I [O(n)]
  26: f42->f31, I1: I1 [O(n)]
  26: f42->f31, I2: max{N2, P2} [O(n)]
  26: f42->f31, J: J [O(n)]
  26: f42->f31, J1: J1 [O(n)]
  26: f42->f31, J2: max{J2, N2} [O(n)]
  26: f42->f31, K: K [O(n)]
  26: f42->f31, K1: K1 [O(n)]
  26: f42->f31, K2: max{K2, O2} [O(n)]
  26: f42->f31, L: L [O(n)]
  26: f42->f31, L1: L1 [O(n)]
  26: f42->f31, L2: max{0, L2} [O(n)]
  26: f42->f31, M: M [O(n)]
  26: f42->f31, M1: M1 [O(n)]
  26: f42->f31, N: N [O(n)]
  26: f42->f31, N1: N1 [O(n)]
  26: f42->f31, O: O [O(n)]
  26: f42->f31, O1: O1 [O(n)]
  26: f42->f31, P: P [O(n)]
  26: f42->f31, P1: P1 [O(n)]
  26: f42->f31, Q: Q [O(n)]
  26: f42->f31, Q1: Q1 [O(n)]
  26: f42->f31, R: R [O(n)]
  26: f42->f31, R1: R1 [O(n)]
  26: f42->f31, S: 0 [O(1)]
  26: f42->f31, S1: S1 [O(n)]
  26: f42->f31, T: T [O(n)]
  26: f42->f31, T1: T1 [O(n)]
  26: f42->f31, U: U [O(n)]
  26: f42->f31, U1: U1 [O(n)]
  26: f42->f31, V: 0 [O(1)]
  26: f42->f31, V1: V1 [O(n)]
  26: f42->f31, W: W [O(n)]
  26: f42->f31, W1: W1 [O(n)]
  26: f42->f31, X: X [O(n)]
  26: f42->f31, X1: X1 [O(n)]
  26: f42->f31, Y: Y [O(n)]
  26: f42->f31, Y1: Y1 [O(n)]
  26: f42->f31, Z: 0 [O(1)]
  26: f42->f31, Z1: Z1 [O(n)]
  4: f67->f77, A1: A1 [O(n)]
  4: f67->f77, A2: A2 [O(n)]
  4: f67->f77, B: 0 [O(1)]
  4: f67->f77, B1: B1 [O(n)]
  4: f67->f77, B2: B2 [O(n)]
  4: f67->f77, C1: C1 [O(n)]
  4: f67->f77, C2: C2 [O(n)]
  4: f67->f77, D1: D1 [O(n)]
  4: f67->f77, E1: E1 [O(n)]
  4: f67->f77, F1: F1 [O(n)]
  4: f67->f77, G1: G1 [O(n)]
  4: f67->f77, G2: max{0, M2} [O(n)]
  4: f67->f77, H1: H1 [O(n)]
  4: f67->f77, H2: 0 [O(1)]
  4: f67->f77, I: 0 [O(1)]
  4: f67->f77, I1: I1 [O(n)]
  4: f67->f77, I2: max{N2, P2, max{P2, N2}} [O(n)]
  4: f67->f77, J1: J1 [O(n)]
  4: f67->f77, J2: max{J2, N2, max{N2, J2}} [O(n)]
  4: f67->f77, K: K [O(n)]
  4: f67->f77, K1: K1 [O(n)]
  4: f67->f77, K2: max{K2, O2, max{O2, K2}} [O(n)]
  4: f67->f77, L: L [O(n)]
  4: f67->f77, L1: L1 [O(n)]
  4: f67->f77, L2: max{0, L2} [O(n)]
  4: f67->f77, M: M [O(n)]
  4: f67->f77, M1: M1 [O(n)]
  4: f67->f77, N: N [O(n)]
  4: f67->f77, N1: N1 [O(n)]
  4: f67->f77, O: O [O(n)]
  4: f67->f77, O1: O1 [O(n)]
  4: f67->f77, P: P [O(n)]
  4: f67->f77, P1: P1 [O(n)]
  4: f67->f77, Q: Q [O(n)]
  4: f67->f77, Q1: Q1 [O(n)]
  4: f67->f77, R: R [O(n)]
  4: f67->f77, R1: R1 [O(n)]
  4: f67->f77, S: 0 [O(1)]
  4: f67->f77, S1: S1 [O(n)]
  4: f67->f77, T: T [O(n)]
  4: f67->f77, T1: T1 [O(n)]
  4: f67->f77, U: U [O(n)]
  4: f67->f77, U1: U1 [O(n)]
  4: f67->f77, V: 0 [O(1)]
  4: f67->f77, V1: V1 [O(n)]
  4: f67->f77, W: W [O(n)]
  4: f67->f77, W1: W1 [O(n)]
  4: f67->f77, X: X [O(n)]
  4: f67->f77, X1: X1 [O(n)]
  4: f67->f77, Y: Y [O(n)]
  4: f67->f77, Y1: Y1 [O(n)]
  4: f67->f77, Z: 0 [O(1)]
  4: f67->f77, Z1: Z1 [O(n)]
  23: f67->f77, A1: A1 [O(n)]
  23: f67->f77, A2: A2 [O(n)]
  23: f67->f77, B: 0 [O(1)]
  23: f67->f77, B1: B1 [O(n)]
  23: f67->f77, B2: B2 [O(n)]
  23: f67->f77, C1: C1 [O(n)]
  23: f67->f77, C2: C2 [O(n)]
  23: f67->f77, D1: D1 [O(n)]
  23: f67->f77, E1: E1 [O(n)]
  23: f67->f77, F1: F1 [O(n)]
  23: f67->f77, G1: G1 [O(n)]
  23: f67->f77, G2: max{0, M2} [O(n)]
  23: f67->f77, H1: H1 [O(n)]
  23: f67->f77, H2: 0 [O(1)]
  23: f67->f77, I1: I1 [O(n)]
  23: f67->f77, I2: max{N2, P2, max{P2, N2}} [O(n)]
  23: f67->f77, J1: J1 [O(n)]
  23: f67->f77, J2: max{J2, N2, max{N2, J2}} [O(n)]
  23: f67->f77, K: K [O(n)]
  23: f67->f77, K1: K1 [O(n)]
  23: f67->f77, K2: max{K2, O2, max{O2, K2}} [O(n)]
  23: f67->f77, L: L [O(n)]
  23: f67->f77, L1: L1 [O(n)]
  23: f67->f77, L2: max{0, L2} [O(n)]
  23: f67->f77, M: M [O(n)]
  23: f67->f77, M1: M1 [O(n)]
  23: f67->f77, N: N [O(n)]
  23: f67->f77, N1: N1 [O(n)]
  23: f67->f77, O: O [O(n)]
  23: f67->f77, O1: O1 [O(n)]
  23: f67->f77, P: P [O(n)]
  23: f67->f77, P1: P1 [O(n)]
  23: f67->f77, Q: Q [O(n)]
  23: f67->f77, Q1: Q1 [O(n)]
  23: f67->f77, R: R [O(n)]
  23: f67->f77, R1: R1 [O(n)]
  23: f67->f77, S: 0 [O(1)]
  23: f67->f77, S1: S1 [O(n)]
  23: f67->f77, T: T [O(n)]
  23: f67->f77, T1: T1 [O(n)]
  23: f67->f77, U: U [O(n)]
  23: f67->f77, U1: U1 [O(n)]
  23: f67->f77, V: 0 [O(1)]
  23: f67->f77, V1: V1 [O(n)]
  23: f67->f77, W: W [O(n)]
  23: f67->f77, W1: W1 [O(n)]
  23: f67->f77, X: X [O(n)]
  23: f67->f77, X1: X1 [O(n)]
  23: f67->f77, Y: Y [O(n)]
  23: f67->f77, Y1: Y1 [O(n)]
  23: f67->f77, Z: 0 [O(1)]
  23: f67->f77, Z1: Z1 [O(n)]
  24: f67->f104, A1: A1 [O(n)]
  24: f67->f104, A2: A2 [O(n)]
  24: f67->f104, B: 0 [O(1)]
  24: f67->f104, B1: B1 [O(n)]
  24: f67->f104, B2: B2 [O(n)]
  24: f67->f104, C1: C1 [O(n)]
  24: f67->f104, D1: D1 [O(n)]
  24: f67->f104, E1: E1 [O(n)]
  24: f67->f104, F1: F1 [O(n)]
  24: f67->f104, G1: G1 [O(n)]
  24: f67->f104, G2: max{0, M2} [O(n)]
  24: f67->f104, H: 0 [O(1)]
  24: f67->f104, H1: H1 [O(n)]
  24: f67->f104, H2: 0 [O(1)]
  24: f67->f104, I1: I1 [O(n)]
  24: f67->f104, I2: max{N2, P2, max{P2, N2}} [O(n)]
  24: f67->f104, J1: J1 [O(n)]
  24: f67->f104, J2: max{J2, N2, max{N2, J2}} [O(n)]
  24: f67->f104, K: K [O(n)]
  24: f67->f104, K1: K1 [O(n)]
  24: f67->f104, K2: max{K2, O2, max{O2, K2}} [O(n)]
  24: f67->f104, L: L [O(n)]
  24: f67->f104, L1: L1 [O(n)]
  24: f67->f104, L2: max{0, L2} [O(n)]
  24: f67->f104, M: M [O(n)]
  24: f67->f104, M1: M1 [O(n)]
  24: f67->f104, N: N [O(n)]
  24: f67->f104, N1: N1 [O(n)]
  24: f67->f104, O: O [O(n)]
  24: f67->f104, O1: O1 [O(n)]
  24: f67->f104, P: P [O(n)]
  24: f67->f104, P1: P1 [O(n)]
  24: f67->f104, Q: Q [O(n)]
  24: f67->f104, Q1: Q1 [O(n)]
  24: f67->f104, R: R [O(n)]
  24: f67->f104, R1: R1 [O(n)]
  24: f67->f104, S: 0 [O(1)]
  24: f67->f104, S1: S1 [O(n)]
  24: f67->f104, T: T [O(n)]
  24: f67->f104, T1: T1 [O(n)]
  24: f67->f104, U: U [O(n)]
  24: f67->f104, U1: U1 [O(n)]
  24: f67->f104, V: 0 [O(1)]
  24: f67->f104, V1: V1 [O(n)]
  24: f67->f104, W: W [O(n)]
  24: f67->f104, W1: W1 [O(n)]
  24: f67->f104, X: X [O(n)]
  24: f67->f104, X1: X1 [O(n)]
  24: f67->f104, Y: Y [O(n)]
  24: f67->f104, Y1: Y1 [O(n)]
  24: f67->f104, Z: 0 [O(1)]
  24: f67->f104, Z1: Z1 [O(n)]
  5: f77->f81, A1: A1 [O(n)]
  5: f77->f81, A2: A2 [O(n)]
  5: f77->f81, B: 0 [O(1)]
  5: f77->f81, B1: B1 [O(n)]
  5: f77->f81, B2: B2 [O(n)]
  5: f77->f81, C1: C1 [O(n)]
  5: f77->f81, C2: C2 [O(n)]
  5: f77->f81, D1: D1 [O(n)]
  5: f77->f81, E1: E1 [O(n)]
  5: f77->f81, F1: F1 [O(n)]
  5: f77->f81, G1: G1 [O(n)]
  5: f77->f81, G2: max{0, M2} [O(n)]
  5: f77->f81, H1: H1 [O(n)]
  5: f77->f81, H2: 0 [O(1)]
  5: f77->f81, I1: I1 [O(n)]
  5: f77->f81, I2: max{N2, P2, max{P2, N2}} [O(n)]
  5: f77->f81, J: 0 [O(1)]
  5: f77->f81, J1: J1 [O(n)]
  5: f77->f81, J2: max{J2, N2, max{N2, J2}} [O(n)]
  5: f77->f81, K: K [O(n)]
  5: f77->f81, K1: K1 [O(n)]
  5: f77->f81, K2: max{K2, O2, max{O2, K2}} [O(n)]
  5: f77->f81, L: L [O(n)]
  5: f77->f81, L1: L1 [O(n)]
  5: f77->f81, L2: max{0, L2} [O(n)]
  5: f77->f81, M: M [O(n)]
  5: f77->f81, M1: M1 [O(n)]
  5: f77->f81, N: N [O(n)]
  5: f77->f81, N1: N1 [O(n)]
  5: f77->f81, O: O [O(n)]
  5: f77->f81, O1: O1 [O(n)]
  5: f77->f81, P: P [O(n)]
  5: f77->f81, P1: P1 [O(n)]
  5: f77->f81, Q: Q [O(n)]
  5: f77->f81, Q1: Q1 [O(n)]
  5: f77->f81, R: R [O(n)]
  5: f77->f81, R1: R1 [O(n)]
  5: f77->f81, S: 0 [O(1)]
  5: f77->f81, S1: S1 [O(n)]
  5: f77->f81, T: T [O(n)]
  5: f77->f81, T1: T1 [O(n)]
  5: f77->f81, U: U [O(n)]
  5: f77->f81, U1: U1 [O(n)]
  5: f77->f81, V: 0 [O(1)]
  5: f77->f81, V1: V1 [O(n)]
  5: f77->f81, W: W [O(n)]
  5: f77->f81, W1: W1 [O(n)]
  5: f77->f81, X: X [O(n)]
  5: f77->f81, X1: X1 [O(n)]
  5: f77->f81, Y: Y [O(n)]
  5: f77->f81, Y1: Y1 [O(n)]
  5: f77->f81, Z: 0 [O(1)]
  5: f77->f81, Z1: Z1 [O(n)]
  22: f77->f81, A1: A1 [O(n)]
  22: f77->f81, A2: A2 [O(n)]
  22: f77->f81, B: 0 [O(1)]
  22: f77->f81, B1: B1 [O(n)]
  22: f77->f81, B2: B2 [O(n)]
  22: f77->f81, C1: C1 [O(n)]
  22: f77->f81, C2: C2 [O(n)]
  22: f77->f81, D1: D1 [O(n)]
  22: f77->f81, E1: E1 [O(n)]
  22: f77->f81, F1: F1 [O(n)]
  22: f77->f81, G1: G1 [O(n)]
  22: f77->f81, G2: max{0, M2} [O(n)]
  22: f77->f81, H1: H1 [O(n)]
  22: f77->f81, H2: 0 [O(1)]
  22: f77->f81, I1: I1 [O(n)]
  22: f77->f81, I2: max{N2, P2, max{P2, N2}} [O(n)]
  22: f77->f81, J1: J1 [O(n)]
  22: f77->f81, J2: max{J2, N2, max{N2, J2}} [O(n)]
  22: f77->f81, K: K [O(n)]
  22: f77->f81, K1: K1 [O(n)]
  22: f77->f81, K2: max{K2, O2, max{O2, K2}} [O(n)]
  22: f77->f81, L: L [O(n)]
  22: f77->f81, L1: L1 [O(n)]
  22: f77->f81, L2: max{0, L2} [O(n)]
  22: f77->f81, M: M [O(n)]
  22: f77->f81, M1: M1 [O(n)]
  22: f77->f81, N: N [O(n)]
  22: f77->f81, N1: N1 [O(n)]
  22: f77->f81, O: O [O(n)]
  22: f77->f81, O1: O1 [O(n)]
  22: f77->f81, P: P [O(n)]
  22: f77->f81, P1: P1 [O(n)]
  22: f77->f81, Q: Q [O(n)]
  22: f77->f81, Q1: Q1 [O(n)]
  22: f77->f81, R: R [O(n)]
  22: f77->f81, R1: R1 [O(n)]
  22: f77->f81, S: 0 [O(1)]
  22: f77->f81, S1: S1 [O(n)]
  22: f77->f81, T: T [O(n)]
  22: f77->f81, T1: T1 [O(n)]
  22: f77->f81, U: U [O(n)]
  22: f77->f81, U1: U1 [O(n)]
  22: f77->f81, V: 0 [O(1)]
  22: f77->f81, V1: V1 [O(n)]
  22: f77->f81, W: W [O(n)]
  22: f77->f81, W1: W1 [O(n)]
  22: f77->f81, X: X [O(n)]
  22: f77->f81, X1: X1 [O(n)]
  22: f77->f81, Y: Y [O(n)]
  22: f77->f81, Y1: Y1 [O(n)]
  22: f77->f81, Z: 0 [O(1)]
  22: f77->f81, Z1: Z1 [O(n)]
  0: f81->f83, A: 0 [O(1)]
  0: f81->f83, A1: A1 [O(n)]
  0: f81->f83, A2: A2 [O(n)]
  0: f81->f83, B: 0 [O(1)]
  0: f81->f83, B1: B1 [O(n)]
  0: f81->f83, B2: B2 [O(n)]
  0: f81->f83, C1: C1 [O(n)]
  0: f81->f83, C2: C2 [O(n)]
  0: f81->f83, D1: D1 [O(n)]
  0: f81->f83, E1: E1 [O(n)]
  0: f81->f83, F1: F1 [O(n)]
  0: f81->f83, G1: G1 [O(n)]
  0: f81->f83, G2: max{0, M2} [O(n)]
  0: f81->f83, H1: H1 [O(n)]
  0: f81->f83, H2: 0 [O(1)]
  0: f81->f83, I1: I1 [O(n)]
  0: f81->f83, I2: max{N2, P2, max{P2, N2}} [O(n)]
  0: f81->f83, J1: J1 [O(n)]
  0: f81->f83, J2: max{J2, N2, max{N2, J2}} [O(n)]
  0: f81->f83, K: K [O(n)]
  0: f81->f83, K1: K1 [O(n)]
  0: f81->f83, K2: max{K2, O2, max{O2, K2}} [O(n)]
  0: f81->f83, L: L [O(n)]
  0: f81->f83, L1: L1 [O(n)]
  0: f81->f83, L2: max{0, L2} [O(n)]
  0: f81->f83, M: M [O(n)]
  0: f81->f83, M1: M1 [O(n)]
  0: f81->f83, N: N [O(n)]
  0: f81->f83, N1: N1 [O(n)]
  0: f81->f83, O: O [O(n)]
  0: f81->f83, O1: O1 [O(n)]
  0: f81->f83, P: P [O(n)]
  0: f81->f83, P1: P1 [O(n)]
  0: f81->f83, Q: Q [O(n)]
  0: f81->f83, Q1: Q1 [O(n)]
  0: f81->f83, R: R [O(n)]
  0: f81->f83, R1: R1 [O(n)]
  0: f81->f83, S: 0 [O(1)]
  0: f81->f83, S1: S1 [O(n)]
  0: f81->f83, T: T [O(n)]
  0: f81->f83, T1: T1 [O(n)]
  0: f81->f83, U: U [O(n)]
  0: f81->f83, U1: U1 [O(n)]
  0: f81->f83, V: 0 [O(1)]
  0: f81->f83, V1: V1 [O(n)]
  0: f81->f83, W: W [O(n)]
  0: f81->f83, W1: W1 [O(n)]
  0: f81->f83, X: X [O(n)]
  0: f81->f83, X1: X1 [O(n)]
  0: f81->f83, Y: Y [O(n)]
  0: f81->f83, Y1: Y1 [O(n)]
  0: f81->f83, Z: 0 [O(1)]
  0: f81->f83, Z1: Z1 [O(n)]
  21: f81->f83, A1: A1 [O(n)]
  21: f81->f83, A2: A2 [O(n)]
  21: f81->f83, B: 0 [O(1)]
  21: f81->f83, B1: B1 [O(n)]
  21: f81->f83, B2: B2 [O(n)]
  21: f81->f83, C1: C1 [O(n)]
  21: f81->f83, C2: C2 [O(n)]
  21: f81->f83, D1: D1 [O(n)]
  21: f81->f83, E1: E1 [O(n)]
  21: f81->f83, F1: F1 [O(n)]
  21: f81->f83, G1: G1 [O(n)]
  21: f81->f83, G2: max{0, M2} [O(n)]
  21: f81->f83, H1: H1 [O(n)]
  21: f81->f83, H2: 0 [O(1)]
  21: f81->f83, I1: I1 [O(n)]
  21: f81->f83, I2: max{N2, P2, max{P2, N2}} [O(n)]
  21: f81->f83, J1: J1 [O(n)]
  21: f81->f83, J2: max{J2, N2, max{N2, J2}} [O(n)]
  21: f81->f83, K: K [O(n)]
  21: f81->f83, K1: K1 [O(n)]
  21: f81->f83, K2: max{K2, O2, max{O2, K2}} [O(n)]
  21: f81->f83, L: L [O(n)]
  21: f81->f83, L1: L1 [O(n)]
  21: f81->f83, L2: max{0, L2} [O(n)]
  21: f81->f83, M: M [O(n)]
  21: f81->f83, M1: M1 [O(n)]
  21: f81->f83, N: N [O(n)]
  21: f81->f83, N1: N1 [O(n)]
  21: f81->f83, O: O [O(n)]
  21: f81->f83, O1: O1 [O(n)]
  21: f81->f83, P: P [O(n)]
  21: f81->f83, P1: P1 [O(n)]
  21: f81->f83, Q: Q [O(n)]
  21: f81->f83, Q1: Q1 [O(n)]
  21: f81->f83, R: R [O(n)]
  21: f81->f83, R1: R1 [O(n)]
  21: f81->f83, S: 0 [O(1)]
  21: f81->f83, S1: S1 [O(n)]
  21: f81->f83, T: T [O(n)]
  21: f81->f83, T1: T1 [O(n)]
  21: f81->f83, U: U [O(n)]
  21: f81->f83, U1: U1 [O(n)]
  21: f81->f83, V: 0 [O(1)]
  21: f81->f83, V1: V1 [O(n)]
  21: f81->f83, W: W [O(n)]
  21: f81->f83, W1: W1 [O(n)]
  21: f81->f83, X: X [O(n)]
  21: f81->f83, X1: X1 [O(n)]
  21: f81->f83, Y: Y [O(n)]
  21: f81->f83, Y1: Y1 [O(n)]
  21: f81->f83, Z: 0 [O(1)]
  21: f81->f83, Z1: Z1 [O(n)]
  3: f83->f67, A1: A1 [O(n)]
  3: f83->f67, A2: A2 [O(n)]
  3: f83->f67, B: 0 [O(1)]
  3: f83->f67, B1: B1 [O(n)]
  3: f83->f67, B2: B2 [O(n)]
  3: f83->f67, C1: C1 [O(n)]
  3: f83->f67, C2: C2 [O(n)]
  3: f83->f67, D1: D1 [O(n)]
  3: f83->f67, E1: E1 [O(n)]
  3: f83->f67, F1: F1 [O(n)]
  3: f83->f67, G: 0 [O(1)]
  3: f83->f67, G1: G1 [O(n)]
  3: f83->f67, G2: max{0, M2} [O(n)]
  3: f83->f67, H1: H1 [O(n)]
  3: f83->f67, H2: 0 [O(1)]
  3: f83->f67, I1: I1 [O(n)]
  3: f83->f67, I2: max{N2, P2, max{P2, N2}} [O(n)]
  3: f83->f67, J1: J1 [O(n)]
  3: f83->f67, J2: max{J2, N2, max{N2, J2}} [O(n)]
  3: f83->f67, K: K [O(n)]
  3: f83->f67, K1: K1 [O(n)]
  3: f83->f67, K2: max{K2, O2, max{O2, K2}} [O(n)]
  3: f83->f67, L: L [O(n)]
  3: f83->f67, L1: L1 [O(n)]
  3: f83->f67, L2: max{0, L2} [O(n)]
  3: f83->f67, M: M [O(n)]
  3: f83->f67, M1: M1 [O(n)]
  3: f83->f67, N: N [O(n)]
  3: f83->f67, N1: N1 [O(n)]
  3: f83->f67, O: O [O(n)]
  3: f83->f67, O1: O1 [O(n)]
  3: f83->f67, P: P [O(n)]
  3: f83->f67, P1: P1 [O(n)]
  3: f83->f67, Q: Q [O(n)]
  3: f83->f67, Q1: Q1 [O(n)]
  3: f83->f67, R: R [O(n)]
  3: f83->f67, R1: R1 [O(n)]
  3: f83->f67, S: 0 [O(1)]
  3: f83->f67, S1: S1 [O(n)]
  3: f83->f67, T: T [O(n)]
  3: f83->f67, T1: T1 [O(n)]
  3: f83->f67, U: U [O(n)]
  3: f83->f67, U1: U1 [O(n)]
  3: f83->f67, V: 0 [O(1)]
  3: f83->f67, V1: V1 [O(n)]
  3: f83->f67, W: W [O(n)]
  3: f83->f67, W1: W1 [O(n)]
  3: f83->f67, X: X [O(n)]
  3: f83->f67, X1: X1 [O(n)]
  3: f83->f67, Y: Y [O(n)]
  3: f83->f67, Y1: Y1 [O(n)]
  3: f83->f67, Z: 0 [O(1)]
  3: f83->f67, Z1: Z1 [O(n)]
  20: f83->f67, A1: A1 [O(n)]
  20: f83->f67, A2: A2 [O(n)]
  20: f83->f67, B: 0 [O(1)]
  20: f83->f67, B1: B1 [O(n)]
  20: f83->f67, B2: B2 [O(n)]
  20: f83->f67, C1: C1 [O(n)]
  20: f83->f67, C2: C2 [O(n)]
  20: f83->f67, D1: D1 [O(n)]
  20: f83->f67, E1: E1 [O(n)]
  20: f83->f67, F1: F1 [O(n)]
  20: f83->f67, G1: G1 [O(n)]
  20: f83->f67, G2: max{0, M2} [O(n)]
  20: f83->f67, H1: H1 [O(n)]
  20: f83->f67, H2: 0 [O(1)]
  20: f83->f67, I1: I1 [O(n)]
  20: f83->f67, I2: max{N2, P2, max{P2, N2}} [O(n)]
  20: f83->f67, J1: J1 [O(n)]
  20: f83->f67, J2: max{J2, N2, max{N2, J2}} [O(n)]
  20: f83->f67, K: K [O(n)]
  20: f83->f67, K1: K1 [O(n)]
  20: f83->f67, K2: max{K2, O2, max{O2, K2}} [O(n)]
  20: f83->f67, L: L [O(n)]
  20: f83->f67, L1: L1 [O(n)]
  20: f83->f67, L2: max{0, L2} [O(n)]
  20: f83->f67, M: M [O(n)]
  20: f83->f67, M1: M1 [O(n)]
  20: f83->f67, N: N [O(n)]
  20: f83->f67, N1: N1 [O(n)]
  20: f83->f67, O: O [O(n)]
  20: f83->f67, O1: O1 [O(n)]
  20: f83->f67, P: P [O(n)]
  20: f83->f67, P1: P1 [O(n)]
  20: f83->f67, Q: Q [O(n)]
  20: f83->f67, Q1: Q1 [O(n)]
  20: f83->f67, R: R [O(n)]
  20: f83->f67, R1: R1 [O(n)]
  20: f83->f67, S: 0 [O(1)]
  20: f83->f67, S1: S1 [O(n)]
  20: f83->f67, T: T [O(n)]
  20: f83->f67, T1: T1 [O(n)]
  20: f83->f67, U: U [O(n)]
  20: f83->f67, U1: U1 [O(n)]
  20: f83->f67, V: 0 [O(1)]
  20: f83->f67, V1: V1 [O(n)]
  20: f83->f67, W: W [O(n)]
  20: f83->f67, W1: W1 [O(n)]
  20: f83->f67, X: X [O(n)]
  20: f83->f67, X1: X1 [O(n)]
  20: f83->f67, Y: Y [O(n)]
  20: f83->f67, Y1: Y1 [O(n)]
  20: f83->f67, Z: 0 [O(1)]
  20: f83->f67, Z1: Z1 [O(n)]
