Timebounds: 
  Overall timebound: inf [Infinity]
  0: f11->f11: inf [Infinity]
  1: f11->f11: inf [Infinity]
  3: f11->f13: 1 [O(1)]
  2: f16->f16: max{0, -1+F} [O(n)]
  4: f16->f11: 1 [O(1)]
  5: f16->f11: 1 [O(1)]
  6: f300->f16: 1 [O(1)]
  7: f300->f13: 1 [O(1)]

Costbounds:
  Overall costbound: inf [Infinity]
  0: f11->f11: inf [Infinity]
  1: f11->f11: inf [Infinity]
  3: f11->f13: 1 [O(1)]
  2: f16->f16: max{0, -1+F} [O(n)]
  4: f16->f11: 1 [O(1)]
  5: f16->f11: 1 [O(1)]
  6: f300->f16: 1 [O(1)]
  7: f300->f13: 1 [O(1)]

Sizebounds:
`Lower:
  0: f11->f11, A: 0 [O(1)]
  0: f11->f11, C: 1 [O(1)]
  0: f11->f11, E: 0 [O(1)]
  0: f11->f11, F: 2 [O(1)]
  0: f11->f11, G: 1 [O(1)]
  0: f11->f11, N: P [O(n)]
  1: f11->f11, A: 0 [O(1)]
  1: f11->f11, E: 0 [O(1)]
  1: f11->f11, F: 2 [O(1)]
  1: f11->f11, G: 1 [O(1)]
  1: f11->f11, N: P [O(n)]
  3: f11->f13, A: 0 [O(1)]
  3: f11->f13, B: 0 [O(1)]
  3: f11->f13, E: 0 [O(1)]
  3: f11->f13, F: 2 [O(1)]
  3: f11->f13, G: 1 [O(1)]
  3: f11->f13, N: P [O(n)]
  2: f16->f16, A: A [O(n)]
  2: f16->f16, B: B [O(n)]
  2: f16->f16, C: C [O(n)]
  2: f16->f16, D: D [O(n)]
  2: f16->f16, E: 0 [O(1)]
  2: f16->f16, F: 3 [O(1)]
  2: f16->f16, G: 2 [O(1)]
  2: f16->f16, K: K [O(n)]
  2: f16->f16, L: L [O(n)]
  2: f16->f16, M: M [O(n)]
  2: f16->f16, N: P [O(n)]
  4: f16->f11, A: A [O(n)]
  4: f16->f11, C: 1 [O(1)]
  4: f16->f11, E: 0 [O(1)]
  4: f16->f11, F: 2 [O(1)]
  4: f16->f11, G: 1 [O(1)]
  4: f16->f11, N: P [O(n)]
  5: f16->f11, A: A [O(n)]
  5: f16->f11, E: 0 [O(1)]
  5: f16->f11, F: 2 [O(1)]
  5: f16->f11, G: 1 [O(1)]
  5: f16->f11, N: P [O(n)]
  6: f300->f16, A: A [O(n)]
  6: f300->f16, B: B [O(n)]
  6: f300->f16, C: C [O(n)]
  6: f300->f16, D: D [O(n)]
  6: f300->f16, E: E [O(n)]
  6: f300->f16, F: 2 [O(1)]
  6: f300->f16, G: 1 [O(1)]
  6: f300->f16, H: O [O(n)]
  6: f300->f16, I: O [O(n)]
  6: f300->f16, J: O [O(n)]
  6: f300->f16, K: K [O(n)]
  6: f300->f16, L: L [O(n)]
  6: f300->f16, M: M [O(n)]
  6: f300->f16, N: P [O(n)]
  7: f300->f13, A: A [O(n)]
  7: f300->f13, B: 0 [O(1)]
  7: f300->f13, C: C [O(n)]
  7: f300->f13, D: D [O(n)]
  7: f300->f13, E: E [O(n)]
  7: f300->f13, F: F [O(n)]
  7: f300->f13, G: 0 [O(1)]
  7: f300->f13, H: H [O(n)]
  7: f300->f13, I: I [O(n)]
  7: f300->f13, J: 0 [O(1)]
  7: f300->f13, K: O [O(n)]
  7: f300->f13, L: 0 [O(1)]
  7: f300->f13, M: 0 [O(1)]
  7: f300->f13, N: P [O(n)]
`Upper:
  0: f11->f11, A: A [O(n)]
  0: f11->f11, E: E [O(n)]
  0: f11->f11, F: F [O(n)]
  0: f11->f11, G: max{1, 1, F} [O(n)]
  0: f11->f11, N: P [O(n)]
  1: f11->f11, A: A [O(n)]
  1: f11->f11, C: -1 [O(1)]
  1: f11->f11, E: E [O(n)]
  1: f11->f11, F: F [O(n)]
  1: f11->f11, G: max{1, 1, F} [O(n)]
  1: f11->f11, N: P [O(n)]
  3: f11->f13, A: A [O(n)]
  3: f11->f13, B: 0 [O(1)]
  3: f11->f13, E: E [O(n)]
  3: f11->f13, F: F [O(n)]
  3: f11->f13, G: max{1, 1, F} [O(n)]
  3: f11->f13, N: P [O(n)]
  2: f16->f16, A: A [O(n)]
  2: f16->f16, B: B [O(n)]
  2: f16->f16, C: C [O(n)]
  2: f16->f16, D: D [O(n)]
  2: f16->f16, E: E [O(n)]
  2: f16->f16, F: F [O(n)]
  2: f16->f16, G: max{1, 0+F} [O(n)]
  2: f16->f16, K: K [O(n)]
  2: f16->f16, L: L [O(n)]
  2: f16->f16, M: M [O(n)]
  2: f16->f16, N: P [O(n)]
  4: f16->f11, A: A [O(n)]
  4: f16->f11, E: E [O(n)]
  4: f16->f11, F: F [O(n)]
  4: f16->f11, G: max{1, 1, F} [O(n)]
  4: f16->f11, N: P [O(n)]
  5: f16->f11, A: A [O(n)]
  5: f16->f11, C: -1 [O(1)]
  5: f16->f11, E: E [O(n)]
  5: f16->f11, F: F [O(n)]
  5: f16->f11, G: max{1, 1, F} [O(n)]
  5: f16->f11, N: P [O(n)]
  6: f300->f16, A: A [O(n)]
  6: f300->f16, B: B [O(n)]
  6: f300->f16, C: C [O(n)]
  6: f300->f16, D: D [O(n)]
  6: f300->f16, E: E [O(n)]
  6: f300->f16, F: F [O(n)]
  6: f300->f16, G: 1 [O(1)]
  6: f300->f16, H: O [O(n)]
  6: f300->f16, I: O [O(n)]
  6: f300->f16, J: O [O(n)]
  6: f300->f16, K: K [O(n)]
  6: f300->f16, L: L [O(n)]
  6: f300->f16, M: M [O(n)]
  6: f300->f16, N: P [O(n)]
  7: f300->f13, A: A [O(n)]
  7: f300->f13, B: 0 [O(1)]
  7: f300->f13, C: C [O(n)]
  7: f300->f13, D: D [O(n)]
  7: f300->f13, E: E [O(n)]
  7: f300->f13, F: 1 [O(1)]
  7: f300->f13, G: 0 [O(1)]
  7: f300->f13, H: H [O(n)]
  7: f300->f13, I: I [O(n)]
  7: f300->f13, J: 0 [O(1)]
  7: f300->f13, K: O [O(n)]
  7: f300->f13, L: 0 [O(1)]
  7: f300->f13, M: 0 [O(1)]
  7: f300->f13, N: P [O(n)]
