Timebounds: 
  Overall timebound: max{1, 1+A}+max{0, A*max{-1, -1+A}}+max{0, A} [O(n^2)]
  0: f1->f3: 1 [O(1)]
  1: f3->f3: max{0, A}+max{0, A*max{-1, -1+A}} [O(n^2)]
  2: f3->f3: max{0, A} [O(n)]

Costbounds:
  Overall costbound: max{1, 1+A}+max{0, A*max{-1, -1+A}}+max{0, A} [O(n^2)]
  0: f1->f3: 1 [O(1)]
  1: f3->f3: max{0, A}+max{0, A*max{-1, -1+A}} [O(n^2)]
  2: f3->f3: max{0, A} [O(n)]

Sizebounds:
`Lower:
  0: f1->f3, A: 1 [O(1)]
  0: f1->f3, B: 1 [O(1)]
  1: f3->f3, A: 0 [O(1)]
  1: f3->f3, B: 0 [O(1)]
  2: f3->f3, A: 0 [O(1)]
  2: f3->f3, B: 1 [O(1)]
`Upper:
  0: f1->f3, A: A [O(n)]
  0: f1->f3, B: A [O(n)]
  1: f3->f3, A: max{0, A} [O(n)]
  1: f3->f3, B: max{-1, -1+A} [O(n)]
  2: f3->f3, A: max{0, A} [O(n)]
  2: f3->f3, B: max{-1, -1+A} [O(n)]
