Timebounds: 
  Overall timebound: inf [Infinity]
  0: f0->f1: 1 [O(1)]
  1: f1->f2: inf [Infinity]
  3: f1->f1: inf [Infinity]
  4: f2->f1: inf [Infinity]
  7: f2->f4: inf [Infinity]
  8: f2->f4: inf [Infinity]
  2: f4->f2: inf [Infinity]
  5: f4->f1: inf [Infinity]
  6: f4->f1: inf [Infinity]

Costbounds:
  Overall costbound: inf [Infinity]
  0: f0->f1: 1 [O(1)]
  1: f1->f2: inf [Infinity]
  3: f1->f1: inf [Infinity]
  4: f2->f1: inf [Infinity]
  7: f2->f4: inf [Infinity]
  8: f2->f4: inf [Infinity]
  2: f4->f2: inf [Infinity]
  5: f4->f1: inf [Infinity]
  6: f4->f1: inf [Infinity]

Sizebounds:
`Lower:
  0: f0->f1, A: A [O(n)]
  0: f0->f1, B: B [O(n)]
  0: f0->f1, C: C [O(n)]
  0: f0->f1, D: D [O(n)]
  0: f0->f1, E: E [O(n)]
  0: f0->f1, F: F [O(n)]
  0: f0->f1, G: G [O(n)]
  0: f0->f1, H: H [O(n)]
  0: f0->f1, I: I [O(n)]
  0: f0->f1, J: J [O(n)]
  0: f0->f1, K: K [O(n)]
  0: f0->f1, L: L [O(n)]
  0: f0->f1, M: M [O(n)]
  1: f1->f2, A: 0 [O(1)]
  1: f1->f2, D: 3 [O(1)]
  1: f1->f2, E: 1 [O(1)]
  1: f1->f2, F: 0 [O(1)]
  1: f1->f2, I: 3 [O(1)]
  1: f1->f2, J: 1 [O(1)]
  1: f1->f2, K: 2 [O(1)]
  1: f1->f2, L: -max{-1, -L} [O(n)]
  1: f1->f2, M: -max{-1, -M} [O(n)]
  3: f1->f1, A: 0 [O(1)]
  3: f1->f1, D: 2 [O(1)]
  3: f1->f1, E: 1 [O(1)]
  3: f1->f1, F: 0 [O(1)]
  3: f1->f1, I: 2 [O(1)]
  3: f1->f1, J: 1 [O(1)]
  3: f1->f1, K: 1 [O(1)]
  3: f1->f1, L: -max{-1, -L} [O(n)]
  3: f1->f1, M: -max{-1, -M} [O(n)]
  4: f2->f1, A: 0 [O(1)]
  4: f2->f1, D: 2 [O(1)]
  4: f2->f1, E: 1 [O(1)]
  4: f2->f1, F: 0 [O(1)]
  4: f2->f1, I: 2 [O(1)]
  4: f2->f1, J: 1 [O(1)]
  4: f2->f1, K: 1 [O(1)]
  4: f2->f1, L: -max{-1, -L} [O(n)]
  4: f2->f1, M: -max{-1, -M} [O(n)]
  7: f2->f4, A: 0 [O(1)]
  7: f2->f4, D: 1 [O(1)]
  7: f2->f4, E: 2 [O(1)]
  7: f2->f4, F: 0 [O(1)]
  7: f2->f4, I: 1 [O(1)]
  7: f2->f4, J: 2 [O(1)]
  7: f2->f4, K: 4 [O(1)]
  7: f2->f4, L: -max{-1, -L} [O(n)]
  7: f2->f4, M: -max{-1, -M} [O(n)]
  8: f2->f4, A: 0 [O(1)]
  8: f2->f4, D: 1 [O(1)]
  8: f2->f4, E: 7 [O(1)]
  8: f2->f4, F: 0 [O(1)]
  8: f2->f4, I: 1 [O(1)]
  8: f2->f4, J: 7 [O(1)]
  8: f2->f4, K: 4 [O(1)]
  8: f2->f4, L: -max{-1, -L} [O(n)]
  8: f2->f4, M: -max{-1, -M} [O(n)]
  2: f4->f2, A: 0 [O(1)]
  2: f4->f2, D: 1 [O(1)]
  2: f4->f2, E: 1 [O(1)]
  2: f4->f2, F: 0 [O(1)]
  2: f4->f2, I: 1 [O(1)]
  2: f4->f2, J: 1 [O(1)]
  2: f4->f2, K: 2 [O(1)]
  2: f4->f2, L: 1 [O(1)]
  2: f4->f2, M: 1 [O(1)]
  5: f4->f1, A: 0 [O(1)]
  5: f4->f1, D: 2 [O(1)]
  5: f4->f1, E: 1 [O(1)]
  5: f4->f1, F: 0 [O(1)]
  5: f4->f1, I: 2 [O(1)]
  5: f4->f1, J: 1 [O(1)]
  5: f4->f1, K: 1 [O(1)]
  5: f4->f1, L: -max{-1, -L} [O(n)]
  5: f4->f1, M: -max{-1, -M} [O(n)]
  6: f4->f1, A: 0 [O(1)]
  6: f4->f1, D: 2 [O(1)]
  6: f4->f1, E: 1 [O(1)]
  6: f4->f1, F: 0 [O(1)]
  6: f4->f1, I: 2 [O(1)]
  6: f4->f1, J: 1 [O(1)]
  6: f4->f1, K: 1 [O(1)]
  6: f4->f1, L: -max{-1, -L} [O(n)]
  6: f4->f1, M: -max{-1, -M} [O(n)]
`Upper:
  0: f0->f1, A: A [O(n)]
  0: f0->f1, B: B [O(n)]
  0: f0->f1, C: C [O(n)]
  0: f0->f1, D: D [O(n)]
  0: f0->f1, E: E [O(n)]
  0: f0->f1, F: F [O(n)]
  0: f0->f1, G: G [O(n)]
  0: f0->f1, H: H [O(n)]
  0: f0->f1, I: I [O(n)]
  0: f0->f1, J: J [O(n)]
  0: f0->f1, K: K [O(n)]
  0: f0->f1, L: L [O(n)]
  0: f0->f1, M: M [O(n)]
  1: f1->f2, A: 0 [O(1)]
  1: f1->f2, D: 3 [O(1)]
  1: f1->f2, E: 7 [O(1)]
  1: f1->f2, F: 0 [O(1)]
  1: f1->f2, I: 3 [O(1)]
  1: f1->f2, J: 7 [O(1)]
  1: f1->f2, K: 2 [O(1)]
  1: f1->f2, L: L [O(n)]
  1: f1->f2, M: M [O(n)]
  3: f1->f1, A: 1 [O(1)]
  3: f1->f1, D: 2 [O(1)]
  3: f1->f1, E: 7 [O(1)]
  3: f1->f1, F: 1 [O(1)]
  3: f1->f1, I: 2 [O(1)]
  3: f1->f1, J: 7 [O(1)]
  3: f1->f1, K: 1 [O(1)]
  3: f1->f1, L: L [O(n)]
  3: f1->f1, M: M [O(n)]
  4: f2->f1, A: 1 [O(1)]
  4: f2->f1, D: 2 [O(1)]
  4: f2->f1, E: 7 [O(1)]
  4: f2->f1, F: 1 [O(1)]
  4: f2->f1, I: 2 [O(1)]
  4: f2->f1, J: 7 [O(1)]
  4: f2->f1, K: 1 [O(1)]
  4: f2->f1, L: L [O(n)]
  4: f2->f1, M: M [O(n)]
  7: f2->f4, A: 1 [O(1)]
  7: f2->f4, D: 7 [O(1)]
  7: f2->f4, E: 2 [O(1)]
  7: f2->f4, F: 1 [O(1)]
  7: f2->f4, I: 7 [O(1)]
  7: f2->f4, J: 2 [O(1)]
  7: f2->f4, K: 4 [O(1)]
  7: f2->f4, L: L [O(n)]
  7: f2->f4, M: M [O(n)]
  8: f2->f4, A: 1 [O(1)]
  8: f2->f4, D: 7 [O(1)]
  8: f2->f4, E: 7 [O(1)]
  8: f2->f4, F: 1 [O(1)]
  8: f2->f4, I: 7 [O(1)]
  8: f2->f4, J: 7 [O(1)]
  8: f2->f4, K: 4 [O(1)]
  8: f2->f4, L: L [O(n)]
  8: f2->f4, M: M [O(n)]
  2: f4->f2, A: 0 [O(1)]
  2: f4->f2, D: 7 [O(1)]
  2: f4->f2, E: 7 [O(1)]
  2: f4->f2, F: 0 [O(1)]
  2: f4->f2, I: 7 [O(1)]
  2: f4->f2, J: 7 [O(1)]
  2: f4->f2, K: 2 [O(1)]
  2: f4->f2, L: L [O(n)]
  2: f4->f2, M: M [O(n)]
  5: f4->f1, A: 1 [O(1)]
  5: f4->f1, D: 2 [O(1)]
  5: f4->f1, E: 7 [O(1)]
  5: f4->f1, F: 1 [O(1)]
  5: f4->f1, I: 2 [O(1)]
  5: f4->f1, J: 7 [O(1)]
  5: f4->f1, K: 1 [O(1)]
  5: f4->f1, L: L [O(n)]
  5: f4->f1, M: M [O(n)]
  6: f4->f1, A: 1 [O(1)]
  6: f4->f1, D: 2 [O(1)]
  6: f4->f1, E: 7 [O(1)]
  6: f4->f1, F: 1 [O(1)]
  6: f4->f1, I: 2 [O(1)]
  6: f4->f1, J: 7 [O(1)]
  6: f4->f1, K: 1 [O(1)]
  6: f4->f1, L: L [O(n)]
  6: f4->f1, M: M [O(n)]
