Timebounds: 
  Overall timebound: inf [Infinity]
  1: f0->f4: 1 [O(1)]
  2: f4->f4: inf [Infinity]

Costbounds:
  Overall costbound: inf [Infinity]
  1: f0->f4: 1 [O(1)]
  2: f4->f4: inf [Infinity]

Sizebounds:
`Lower:
  1: f0->f4, A: D [O(n)]
  1: f0->f4, B: 1+D [O(n)]
  1: f0->f4, C: B [O(n)]
  1: f0->f4, D: -inf [Infinity]
  2: f4->f4, A: -inf [Infinity]
  2: f4->f4, B: -inf [Infinity]
  2: f4->f4, C: -inf [Infinity]
  2: f4->f4, D: -inf [Infinity]
`Upper:
  1: f0->f4, A: D [O(n)]
  1: f0->f4, B: 1+D [O(n)]
  1: f0->f4, C: B [O(n)]
  1: f0->f4, D: inf [Infinity]
  2: f4->f4, A: inf [Infinity]
  2: f4->f4, B: inf [Infinity]
  2: f4->f4, C: inf [Infinity]
  2: f4->f4, D: inf [Infinity]
