Timebounds: 
  Overall timebound: inf [Infinity]
  0: f0->f3: 1 [O(1)]
  1: f0->f4: 1 [O(1)]
  2: f0->f8: 1 [O(1)]
  5: f0->f3: 1 [O(1)]
  6: f0->f3: 1 [O(1)]
  7: f0->f8: 1 [O(1)]
  9: f0->f3: 1 [O(1)]
  11: f0->f3: 1 [O(1)]
  8: f3->f8: 1 [O(1)]

Costbounds:
  Overall costbound: inf [Infinity]
  0: f0->f3: 1 [O(1)]
  1: f0->f4: 1 [O(1)]
  2: f0->f8: 1 [O(1)]
  5: f0->f3: 1 [O(1)]
  6: f0->f3: 1 [O(1)]
  7: f0->f8: 1 [O(1)]
  9: f0->f3: 1 [O(1)]
  11: f0->f3: 1 [O(1)]
  3: f3->f4: inf [Infinity]
  4: f3->f4: inf [Infinity]
  8: f3->f8: 1 [O(1)]
  10: f4->f3: inf [Infinity]
  12: f4->f3: inf [Infinity]

Sizebounds:
`Lower:
  0: f0->f3, A: A [O(n)]
  0: f0->f3, B: B [O(n)]
  0: f0->f3, C: C [O(n)]
  0: f0->f3, D: D [O(n)]
  0: f0->f3, E: E [O(n)]
  0: f0->f3, F: F [O(n)]
  0: f0->f3, G: G [O(n)]
  0: f0->f3, H: H [O(n)]
  0: f0->f3, I: I [O(n)]
  0: f0->f3, J: J [O(n)]
  0: f0->f3, K: K [O(n)]
  0: f0->f3, L: L [O(n)]
  1: f0->f4, A: A [O(n)]
  1: f0->f4, B: B [O(n)]
  1: f0->f4, C: C [O(n)]
  1: f0->f4, D: D [O(n)]
  1: f0->f4, E: E [O(n)]
  1: f0->f4, F: F [O(n)]
  1: f0->f4, G: G [O(n)]
  1: f0->f4, H: H [O(n)]
  1: f0->f4, I: I [O(n)]
  1: f0->f4, J: J [O(n)]
  1: f0->f4, K: K [O(n)]
  1: f0->f4, L: L [O(n)]
  2: f0->f8, A: A [O(n)]
  2: f0->f8, B: B [O(n)]
  2: f0->f8, C: C [O(n)]
  2: f0->f8, D: D [O(n)]
  2: f0->f8, E: E [O(n)]
  2: f0->f8, F: F [O(n)]
  2: f0->f8, G: G [O(n)]
  2: f0->f8, H: H [O(n)]
  2: f0->f8, I: I [O(n)]
  2: f0->f8, J: J [O(n)]
  2: f0->f8, K: K [O(n)]
  2: f0->f8, L: L [O(n)]
  5: f0->f3, A: F [O(n)]
  5: f0->f3, B: D [O(n)]
  5: f0->f3, C: D [O(n)]
  5: f0->f3, D: D [O(n)]
  5: f0->f3, E: F [O(n)]
  5: f0->f3, F: F [O(n)]
  5: f0->f3, G: A [O(n)]
  5: f0->f3, H: B [O(n)]
  5: f0->f3, I: I [O(n)]
  5: f0->f3, J: J [O(n)]
  5: f0->f3, K: K [O(n)]
  5: f0->f3, L: L [O(n)]
  6: f0->f3, A: F [O(n)]
  6: f0->f3, B: D [O(n)]
  6: f0->f3, C: D [O(n)]
  6: f0->f3, D: D [O(n)]
  6: f0->f3, E: F [O(n)]
  6: f0->f3, F: F [O(n)]
  6: f0->f3, G: M [O(n)]
  6: f0->f3, H: N [O(n)]
  6: f0->f3, I: M [O(n)]
  6: f0->f3, J: N [O(n)]
  6: f0->f3, K: K [O(n)]
  6: f0->f3, L: L [O(n)]
  7: f0->f8, A: O [O(n)]
  7: f0->f8, B: P [O(n)]
  7: f0->f8, C: D [O(n)]
  7: f0->f8, D: M [O(n)]
  7: f0->f8, E: F [O(n)]
  7: f0->f8, F: N [O(n)]
  7: f0->f8, G: A [O(n)]
  7: f0->f8, H: B [O(n)]
  7: f0->f8, I: M [O(n)]
  7: f0->f8, J: N [O(n)]
  7: f0->f8, K: O [O(n)]
  7: f0->f8, L: P [O(n)]
  9: f0->f3, A: 1+A [O(n)]
  9: f0->f3, B: B [O(n)]
  9: f0->f3, C: D [O(n)]
  9: f0->f3, D: D [O(n)]
  9: f0->f3, E: F [O(n)]
  9: f0->f3, F: F [O(n)]
  9: f0->f3, G: A [O(n)]
  9: f0->f3, H: B [O(n)]
  9: f0->f3, I: I [O(n)]
  9: f0->f3, J: J [O(n)]
  9: f0->f3, K: K [O(n)]
  9: f0->f3, L: L [O(n)]
  11: f0->f3, A: A [O(n)]
  11: f0->f3, B: 1+B [O(n)]
  11: f0->f3, C: D [O(n)]
  11: f0->f3, D: D [O(n)]
  11: f0->f3, E: F [O(n)]
  11: f0->f3, F: F [O(n)]
  11: f0->f3, G: A [O(n)]
  11: f0->f3, H: B [O(n)]
  11: f0->f3, I: I [O(n)]
  11: f0->f3, J: J [O(n)]
  11: f0->f3, K: K [O(n)]
  11: f0->f3, L: L [O(n)]
  3: f3->f4, A: -max{0, -A, max{-F, -1-A}} [O(n)]
  3: f3->f4, C: -max{0, -D} [O(n)]
  3: f3->f4, D: -max{0, -D} [O(n)]
  3: f3->f4, E: -max{0, -F} [O(n)]
  3: f3->f4, F: -max{0, -F} [O(n)]
  3: f3->f4, G: -max{0, -A, max{-F, -A, max{-F, -F, max{-A, -1-A}}}} [O(n)]
  3: f3->f4, I: -max{0, -I, max{-I, -M}} [O(n)]
  3: f3->f4, J: -max{0, -J, max{-J, -N}} [O(n)]
  3: f3->f4, K: -max{0, -K} [O(n)]
  3: f3->f4, L: -max{0, -L} [O(n)]
  4: f3->f4, A: -max{0, -A, max{-F, -1-A}} [O(n)]
  4: f3->f4, C: -max{0, -D} [O(n)]
  4: f3->f4, D: -max{0, -D} [O(n)]
  4: f3->f4, E: -max{0, -F} [O(n)]
  4: f3->f4, F: -max{0, -F} [O(n)]
  4: f3->f4, G: -max{0, -A, max{-F, -A, max{-F, -F, max{-A, -1-A}}}} [O(n)]
  4: f3->f4, H: -max{-1, -1-A, max{-1+max{-A, -F, -1-A}, -2-A, max{-1-F, -1-A}}} [O(n)]
  4: f3->f4, I: -max{0, -I, max{-I, -M}} [O(n)]
  4: f3->f4, J: -max{0, -J, max{-J, -N}} [O(n)]
  4: f3->f4, K: -max{0, -K} [O(n)]
  4: f3->f4, L: -max{0, -L} [O(n)]
  8: f3->f8, C: -max{0, -D} [O(n)]
  8: f3->f8, E: -max{0, -F} [O(n)]
  8: f3->f8, G: -max{0, -A, max{-F, -A, max{-F, -F, max{-A, -1-A}}}} [O(n)]
  8: f3->f8, H: -max{0, -A, max{-F, -A, max{-F, -F, max{-A, -1-A}}}} [O(n)]
  10: f4->f3, A: -max{0, -A, max{-F, -1-A}} [O(n)]
  10: f4->f3, C: -max{0, -D} [O(n)]
  10: f4->f3, D: -max{0, -D} [O(n)]
  10: f4->f3, E: -max{0, -F} [O(n)]
  10: f4->f3, F: -max{0, -F} [O(n)]
  10: f4->f3, G: -max{0, -A, max{-F, -A, -1-A}} [O(n)]
  10: f4->f3, H: -max{-1, -1-A, -1+max{-A, -F, -1-A}} [O(n)]
  10: f4->f3, I: -max{0, -I, max{-I, -M}} [O(n)]
  10: f4->f3, J: -max{0, -J, max{-J, -N}} [O(n)]
  10: f4->f3, K: -max{0, -K} [O(n)]
  10: f4->f3, L: -max{0, -L} [O(n)]
  12: f4->f3, A: -max{0, -A, max{-F, -1-A}} [O(n)]
  12: f4->f3, C: -max{0, -D} [O(n)]
  12: f4->f3, D: -max{0, -D} [O(n)]
  12: f4->f3, E: -max{0, -F} [O(n)]
  12: f4->f3, F: -max{0, -F} [O(n)]
  12: f4->f3, G: -max{0, -A, max{-F, -A, -1-A}} [O(n)]
  12: f4->f3, I: -max{0, -I, max{-I, -M}} [O(n)]
  12: f4->f3, J: -max{0, -J, max{-J, -N}} [O(n)]
  12: f4->f3, K: -max{0, -K} [O(n)]
  12: f4->f3, L: -max{0, -L} [O(n)]
`Upper:
  0: f0->f3, A: A [O(n)]
  0: f0->f3, B: B [O(n)]
  0: f0->f3, C: C [O(n)]
  0: f0->f3, D: D [O(n)]
  0: f0->f3, E: E [O(n)]
  0: f0->f3, F: F [O(n)]
  0: f0->f3, G: G [O(n)]
  0: f0->f3, H: H [O(n)]
  0: f0->f3, I: I [O(n)]
  0: f0->f3, J: J [O(n)]
  0: f0->f3, K: K [O(n)]
  0: f0->f3, L: L [O(n)]
  1: f0->f4, A: A [O(n)]
  1: f0->f4, B: B [O(n)]
  1: f0->f4, C: C [O(n)]
  1: f0->f4, D: D [O(n)]
  1: f0->f4, E: E [O(n)]
  1: f0->f4, F: F [O(n)]
  1: f0->f4, G: G [O(n)]
  1: f0->f4, H: H [O(n)]
  1: f0->f4, I: I [O(n)]
  1: f0->f4, J: J [O(n)]
  1: f0->f4, K: K [O(n)]
  1: f0->f4, L: L [O(n)]
  2: f0->f8, A: A [O(n)]
  2: f0->f8, B: B [O(n)]
  2: f0->f8, C: C [O(n)]
  2: f0->f8, D: D [O(n)]
  2: f0->f8, E: E [O(n)]
  2: f0->f8, F: F [O(n)]
  2: f0->f8, G: G [O(n)]
  2: f0->f8, H: H [O(n)]
  2: f0->f8, I: I [O(n)]
  2: f0->f8, J: J [O(n)]
  2: f0->f8, K: K [O(n)]
  2: f0->f8, L: L [O(n)]
  5: f0->f3, A: F [O(n)]
  5: f0->f3, B: D [O(n)]
  5: f0->f3, C: D [O(n)]
  5: f0->f3, D: D [O(n)]
  5: f0->f3, E: F [O(n)]
  5: f0->f3, F: F [O(n)]
  5: f0->f3, G: A [O(n)]
  5: f0->f3, H: B [O(n)]
  5: f0->f3, I: I [O(n)]
  5: f0->f3, J: J [O(n)]
  5: f0->f3, K: K [O(n)]
  5: f0->f3, L: L [O(n)]
  6: f0->f3, A: F [O(n)]
  6: f0->f3, B: D [O(n)]
  6: f0->f3, C: D [O(n)]
  6: f0->f3, D: D [O(n)]
  6: f0->f3, E: F [O(n)]
  6: f0->f3, F: F [O(n)]
  6: f0->f3, G: M [O(n)]
  6: f0->f3, H: N [O(n)]
  6: f0->f3, I: M [O(n)]
  6: f0->f3, J: N [O(n)]
  6: f0->f3, K: K [O(n)]
  6: f0->f3, L: L [O(n)]
  7: f0->f8, A: O [O(n)]
  7: f0->f8, B: P [O(n)]
  7: f0->f8, C: D [O(n)]
  7: f0->f8, D: M [O(n)]
  7: f0->f8, E: F [O(n)]
  7: f0->f8, F: N [O(n)]
  7: f0->f8, G: A [O(n)]
  7: f0->f8, H: B [O(n)]
  7: f0->f8, I: M [O(n)]
  7: f0->f8, J: N [O(n)]
  7: f0->f8, K: O [O(n)]
  7: f0->f8, L: P [O(n)]
  9: f0->f3, A: 1+A [O(n)]
  9: f0->f3, B: B [O(n)]
  9: f0->f3, C: D [O(n)]
  9: f0->f3, D: D [O(n)]
  9: f0->f3, E: F [O(n)]
  9: f0->f3, F: F [O(n)]
  9: f0->f3, G: A [O(n)]
  9: f0->f3, H: B [O(n)]
  9: f0->f3, I: I [O(n)]
  9: f0->f3, J: J [O(n)]
  9: f0->f3, K: K [O(n)]
  9: f0->f3, L: L [O(n)]
  11: f0->f3, A: A [O(n)]
  11: f0->f3, B: 1+B [O(n)]
  11: f0->f3, C: D [O(n)]
  11: f0->f3, D: D [O(n)]
  11: f0->f3, E: F [O(n)]
  11: f0->f3, F: F [O(n)]
  11: f0->f3, G: A [O(n)]
  11: f0->f3, H: B [O(n)]
  11: f0->f3, I: I [O(n)]
  11: f0->f3, J: J [O(n)]
  11: f0->f3, K: K [O(n)]
  11: f0->f3, L: L [O(n)]
  3: f3->f4, C: max{0, D} [O(n)]
  3: f3->f4, D: max{0, D} [O(n)]
  3: f3->f4, E: max{0, F} [O(n)]
  3: f3->f4, F: max{0, F} [O(n)]
  3: f3->f4, I: max{0, I, max{I, M}} [O(n)]
  3: f3->f4, J: max{0, J, max{J, N}} [O(n)]
  3: f3->f4, K: max{0, K} [O(n)]
  3: f3->f4, L: max{0, L} [O(n)]
  4: f3->f4, C: max{0, D} [O(n)]
  4: f3->f4, D: max{0, D} [O(n)]
  4: f3->f4, E: max{0, F} [O(n)]
  4: f3->f4, F: max{0, F} [O(n)]
  4: f3->f4, I: max{0, I, max{I, M}} [O(n)]
  4: f3->f4, J: max{0, J, max{J, N}} [O(n)]
  4: f3->f4, K: max{0, K} [O(n)]
  4: f3->f4, L: max{0, L} [O(n)]
  8: f3->f8, C: max{0, D} [O(n)]
  8: f3->f8, E: max{0, F} [O(n)]
  10: f4->f3, C: max{0, D} [O(n)]
  10: f4->f3, D: max{0, D} [O(n)]
  10: f4->f3, E: max{0, F} [O(n)]
  10: f4->f3, F: max{0, F} [O(n)]
  10: f4->f3, I: max{0, I, max{I, M}} [O(n)]
  10: f4->f3, J: max{0, J, max{J, N}} [O(n)]
  10: f4->f3, K: max{0, K} [O(n)]
  10: f4->f3, L: max{0, L} [O(n)]
  12: f4->f3, C: max{0, D} [O(n)]
  12: f4->f3, D: max{0, D} [O(n)]
  12: f4->f3, E: max{0, F} [O(n)]
  12: f4->f3, F: max{0, F} [O(n)]
  12: f4->f3, I: max{0, I, max{I, M}} [O(n)]
  12: f4->f3, J: max{0, J, max{J, N}} [O(n)]
  12: f4->f3, K: max{0, K} [O(n)]
  12: f4->f3, L: max{0, L} [O(n)]
