Timebounds: 
  Overall timebound: inf [Infinity]
  6: f0->f9: 1 [O(1)]
  5: f9->f22: 1 [O(1)]

Costbounds:
  Overall costbound: inf [Infinity]
  6: f0->f9: 1 [O(1)]
  1: f14->f14: E [O(n)]
  4: f14->f9: inf [Infinity]
  2: f22->f22: inf [Infinity]
  0: f9->f14: inf [Infinity]
  5: f9->f22: 1 [O(1)]

Sizebounds:
`Lower:
  6: f0->f9, A: E [O(n)]
  6: f0->f9, B: 0 [O(1)]
  6: f0->f9, C: C [O(n)]
  6: f0->f9, D: 0 [O(1)]
  1: f14->f14, B: 0 [O(1)]
  1: f14->f14, D: 0 [O(1)]
  4: f14->f9, B: 0 [O(1)]
  4: f14->f9, D: 0 [O(1)]
  2: f22->f22, A: 0 [O(1)]
  2: f22->f22, B: 0 [O(1)]
  2: f22->f22, D: 0 [O(1)]
  0: f9->f14, B: 0 [O(1)]
  0: f9->f14, D: 0 [O(1)]
  5: f9->f22, A: 1 [O(1)]
  5: f9->f22, B: 0 [O(1)]
  5: f9->f22, D: 0 [O(1)]
`Upper:
  6: f0->f9, A: E [O(n)]
  6: f0->f9, B: 0 [O(1)]
  6: f0->f9, C: C [O(n)]
  6: f0->f9, D: 0 [O(1)]
  1: f14->f14, A: 0 [O(1)]
  1: f14->f14, B: 0 [O(1)]
  1: f14->f14, D: 0 [O(1)]
  4: f14->f9, B: 0 [O(1)]
  4: f14->f9, C: 0 [O(1)]
  4: f14->f9, D: 0 [O(1)]
  2: f22->f22, B: 0 [O(1)]
  2: f22->f22, C: max{0, C} [O(n)]
  2: f22->f22, D: 0 [O(1)]
  0: f9->f14, A: 0 [O(1)]
  0: f9->f14, B: 0 [O(1)]
  0: f9->f14, D: 0 [O(1)]
  5: f9->f22, B: 0 [O(1)]
  5: f9->f22, C: max{0, C} [O(n)]
  5: f9->f22, D: 0 [O(1)]
