Timebounds: 
  Overall timebound: inf [Infinity]
  5: f0->f7: 1 [O(1)]
  2: f13->f13: inf [Infinity]
  0: f7->f7: inf [Infinity]
  1: f7->f7: inf [Infinity]
  4: f7->f13: 1 [O(1)]

Costbounds:
  Overall costbound: inf [Infinity]
  5: f0->f7: 1 [O(1)]
  2: f13->f13: inf [Infinity]
  0: f7->f7: inf [Infinity]
  1: f7->f7: inf [Infinity]
  4: f7->f13: 1 [O(1)]

Sizebounds:
`Lower:
  5: f0->f7, A: C [O(n)]
  5: f0->f7, B: 1 [O(1)]
  5: f0->f7, C: -inf [Infinity]
  2: f13->f13, A: 0 [O(1)]
  2: f13->f13, B: 1 [O(1)]
  2: f13->f13, C: -inf [Infinity]
  0: f7->f7, A: -inf [Infinity]
  0: f7->f7, B: 1 [O(1)]
  0: f7->f7, C: -inf [Infinity]
  1: f7->f7, A: -inf [Infinity]
  1: f7->f7, B: 1 [O(1)]
  1: f7->f7, C: -inf [Infinity]
  4: f7->f13, A: 0 [O(1)]
  4: f7->f13, B: 1 [O(1)]
  4: f7->f13, C: -inf [Infinity]
`Upper:
  5: f0->f7, A: C [O(n)]
  5: f0->f7, B: 1 [O(1)]
  5: f0->f7, C: inf [Infinity]
  2: f13->f13, A: 0 [O(1)]
  2: f13->f13, B: 1 [O(1)]
  2: f13->f13, C: inf [Infinity]
  0: f7->f7, A: inf [Infinity]
  0: f7->f7, B: 1 [O(1)]
  0: f7->f7, C: inf [Infinity]
  1: f7->f7, A: inf [Infinity]
  1: f7->f7, B: 1 [O(1)]
  1: f7->f7, C: inf [Infinity]
  4: f7->f13, A: 0 [O(1)]
  4: f7->f13, B: 1 [O(1)]
  4: f7->f13, C: inf [Infinity]
