Timebounds: 
  Overall timebound: 13 [O(1)]
  0: f0->f3: 1 [O(1)]
  1: f3->f3: 10 [O(1)]
  2: f3->f11: 1 [O(1)]
  3: f3->f11: 1 [O(1)]

Costbounds:
  Overall costbound: 13 [O(1)]
  0: f0->f3: 1 [O(1)]
  1: f3->f3: 10 [O(1)]
  2: f3->f11: 1 [O(1)]
  3: f3->f11: 1 [O(1)]

Sizebounds:
`Lower:
  0: f0->f3, A: 0 [O(1)]
  1: f3->f3, A: 1 [O(1)]
  2: f3->f11, A: 10 [O(1)]
  3: f3->f11, A: 10 [O(1)]
`Upper:
  0: f0->f3, A: 0 [O(1)]
  1: f3->f3, A: 10 [O(1)]
  2: f3->f11, A: 10 [O(1)]
  3: f3->f11, A: 10 [O(1)]
