Timebounds: 
  Overall timebound: 52 [O(1)]
  0: f0->f6: 1 [O(1)]
  1: f6->f6: 50 [O(1)]
  2: f6->f14: 1 [O(1)]

Costbounds:
  Overall costbound: 52 [O(1)]
  0: f0->f6: 1 [O(1)]
  1: f6->f6: 50 [O(1)]
  2: f6->f14: 1 [O(1)]

Sizebounds:
`Lower:
  0: f0->f6, A: 0 [O(1)]
  0: f0->f6, B: C [O(n)]
  0: f0->f6, C: -inf [Infinity]
  1: f6->f6, A: 1 [O(1)]
  1: f6->f6, B: C [O(n)]
  1: f6->f6, C: -inf [Infinity]
  2: f6->f14, A: 50 [O(1)]
  2: f6->f14, B: C [O(n)]
  2: f6->f14, C: -inf [Infinity]
`Upper:
  0: f0->f6, A: 0 [O(1)]
  0: f0->f6, B: C [O(n)]
  0: f0->f6, C: inf [Infinity]
  1: f6->f6, A: 50 [O(1)]
  1: f6->f6, B: C [O(n)]
  1: f6->f6, C: inf [Infinity]
  2: f6->f14, A: 50 [O(1)]
  2: f6->f14, B: C [O(n)]
  2: f6->f14, C: inf [Infinity]
