Timebounds: 
  Overall timebound: 103 [O(1)]
  0: f0->f9: 1 [O(1)]
  2: f17->f17: 50 [O(1)]
  3: f17->f24: 1 [O(1)]
  1: f9->f9: 50 [O(1)]
  4: f9->f17: 1 [O(1)]

Costbounds:
  Overall costbound: 103 [O(1)]
  0: f0->f9: 1 [O(1)]
  2: f17->f17: 50 [O(1)]
  3: f17->f24: 1 [O(1)]
  1: f9->f9: 50 [O(1)]
  4: f9->f17: 1 [O(1)]

Sizebounds:
`Lower:
  0: f0->f9, A: 0 [O(1)]
  0: f0->f9, B: D [O(n)]
  0: f0->f9, C: 0 [O(1)]
  2: f17->f17, A: 1 [O(1)]
  2: f17->f17, B: -max{0, -D} [O(n)]
  2: f17->f17, C: 0 [O(1)]
  3: f17->f24, A: 50 [O(1)]
  3: f17->f24, B: -max{0, -D} [O(n)]
  3: f17->f24, C: 50 [O(1)]
  1: f9->f9, A: 0 [O(1)]
  1: f9->f9, B: -max{0, -D} [O(n)]
  1: f9->f9, C: 1 [O(1)]
  4: f9->f17, A: 0 [O(1)]
  4: f9->f17, B: -max{0, -D} [O(n)]
  4: f9->f17, C: 50 [O(1)]
`Upper:
  0: f0->f9, A: 0 [O(1)]
  0: f0->f9, B: D [O(n)]
  0: f0->f9, C: 0 [O(1)]
  2: f17->f17, A: 50 [O(1)]
  2: f17->f17, B: max{0, D} [O(n)]
  2: f17->f17, C: 50 [O(1)]
  3: f17->f24, A: 50 [O(1)]
  3: f17->f24, B: max{0, D} [O(n)]
  3: f17->f24, C: 50 [O(1)]
  1: f9->f9, A: 0 [O(1)]
  1: f9->f9, B: max{0, D} [O(n)]
  1: f9->f9, C: 50 [O(1)]
  4: f9->f17, A: 0 [O(1)]
  4: f9->f17, B: max{0, D} [O(n)]
  4: f9->f17, C: 50 [O(1)]
