Timebounds: 
  Overall timebound: 8 [O(1)]
  0: f0->f4: 1 [O(1)]
  2: f10->f10: 2 [O(1)]
  3: f10->f18: 1 [O(1)]
  4: f10->f18: 1 [O(1)]
  1: f4->f4: 2 [O(1)]
  5: f4->f10: 1 [O(1)]

Costbounds:
  Overall costbound: 8 [O(1)]
  0: f0->f4: 1 [O(1)]
  2: f10->f10: 2 [O(1)]
  3: f10->f18: 1 [O(1)]
  4: f10->f18: 1 [O(1)]
  1: f4->f4: 2 [O(1)]
  5: f4->f10: 1 [O(1)]

Sizebounds:
`Lower:
  0: f0->f4, A: 0 [O(1)]
  0: f0->f4, B: B [O(n)]
  2: f10->f10, A: 2 [O(1)]
  2: f10->f10, B: 1 [O(1)]
  3: f10->f18, A: 2 [O(1)]
  3: f10->f18, B: 2 [O(1)]
  4: f10->f18, A: 2 [O(1)]
  4: f10->f18, B: 2 [O(1)]
  1: f4->f4, A: 1 [O(1)]
  1: f4->f4, B: B [O(n)]
  5: f4->f10, A: 2 [O(1)]
  5: f4->f10, B: 0 [O(1)]
`Upper:
  0: f0->f4, A: 0 [O(1)]
  0: f0->f4, B: B [O(n)]
  2: f10->f10, A: 2 [O(1)]
  2: f10->f10, B: 2 [O(1)]
  3: f10->f18, A: 2 [O(1)]
  3: f10->f18, B: 2 [O(1)]
  4: f10->f18, A: 2 [O(1)]
  4: f10->f18, B: 2 [O(1)]
  1: f4->f4, A: 2 [O(1)]
  1: f4->f4, B: B [O(n)]
  5: f4->f10, A: 2 [O(1)]
  5: f4->f10, B: 0 [O(1)]
