Timebounds: 
  Overall timebound: inf [Infinity]
  0: f0->f3: 1 [O(1)]
  1: f3->f3: 42 [O(1)]
  2: f3->f3: inf [Infinity]
  3: f3->f13: 1 [O(1)]

Costbounds:
  Overall costbound: inf [Infinity]
  0: f0->f3: 1 [O(1)]
  1: f3->f3: 42 [O(1)]
  2: f3->f3: inf [Infinity]
  3: f3->f13: 1 [O(1)]

Sizebounds:
`Lower:
  0: f0->f3, A: 0 [O(1)]
  1: f3->f3, A: 1 [O(1)]
  2: f3->f3, A: 1 [O(1)]
  3: f3->f13, A: 42 [O(1)]
`Upper:
  0: f0->f3, A: 0 [O(1)]
  1: f3->f3, A: 42 [O(1)]
  2: f3->f3, A: 42 [O(1)]
  3: f3->f13, A: 42 [O(1)]
