Timebounds: 
  Overall timebound: 34 [O(1)]
  6: f0->f18: 1 [O(1)]
  0: f18->f18: 10 [O(1)]
  5: f18->f24: 1 [O(1)]
  1: f24->f24: 10 [O(1)]
  4: f24->f31: 1 [O(1)]
  2: f31->f31: 10 [O(1)]
  3: f31->f39: 1 [O(1)]

Costbounds:
  Overall costbound: 34 [O(1)]
  6: f0->f18: 1 [O(1)]
  0: f18->f18: 10 [O(1)]
  5: f18->f24: 1 [O(1)]
  1: f24->f24: 10 [O(1)]
  4: f24->f31: 1 [O(1)]
  2: f31->f31: 10 [O(1)]
  3: f31->f39: 1 [O(1)]

Sizebounds:
`Lower:
  6: f0->f18, A: 10 [O(1)]
  6: f0->f18, B: 0 [O(1)]
  6: f0->f18, C: 10 [O(1)]
  6: f0->f18, D: G [O(n)]
  6: f0->f18, E: 10 [O(1)]
  6: f0->f18, F: H [O(n)]
  0: f18->f18, A: 10 [O(1)]
  0: f18->f18, B: 1 [O(1)]
  0: f18->f18, C: 10 [O(1)]
  0: f18->f18, D: -max{0, -G} [O(n)]
  0: f18->f18, E: 10 [O(1)]
  0: f18->f18, F: -max{0, -H} [O(n)]
  5: f18->f24, A: 10 [O(1)]
  5: f18->f24, B: 0 [O(1)]
  5: f18->f24, C: 10 [O(1)]
  5: f18->f24, D: -max{0, -G} [O(n)]
  5: f18->f24, E: 10 [O(1)]
  5: f18->f24, F: -max{0, -H} [O(n)]
  1: f24->f24, A: 10 [O(1)]
  1: f24->f24, B: 1 [O(1)]
  1: f24->f24, C: 10 [O(1)]
  1: f24->f24, D: -max{0, -G} [O(n)]
  1: f24->f24, E: 10 [O(1)]
  1: f24->f24, F: -max{0, -H} [O(n)]
  4: f24->f31, A: 10 [O(1)]
  4: f24->f31, B: 0 [O(1)]
  4: f24->f31, C: 10 [O(1)]
  4: f24->f31, D: -max{0, -G} [O(n)]
  4: f24->f31, E: 10 [O(1)]
  4: f24->f31, F: -max{0, -H} [O(n)]
  2: f31->f31, A: 10 [O(1)]
  2: f31->f31, B: 1 [O(1)]
  2: f31->f31, C: 10 [O(1)]
  2: f31->f31, D: -max{0, -G} [O(n)]
  2: f31->f31, E: 10 [O(1)]
  2: f31->f31, F: -max{0, -H} [O(n)]
  3: f31->f39, A: 10 [O(1)]
  3: f31->f39, B: 10 [O(1)]
  3: f31->f39, C: 10 [O(1)]
  3: f31->f39, D: -max{0, -G} [O(n)]
  3: f31->f39, E: 10 [O(1)]
  3: f31->f39, F: -max{0, -H} [O(n)]
`Upper:
  6: f0->f18, A: 10 [O(1)]
  6: f0->f18, B: 0 [O(1)]
  6: f0->f18, C: 10 [O(1)]
  6: f0->f18, D: G [O(n)]
  6: f0->f18, E: 10 [O(1)]
  6: f0->f18, F: H [O(n)]
  0: f18->f18, A: 10 [O(1)]
  0: f18->f18, B: 10 [O(1)]
  0: f18->f18, C: 10 [O(1)]
  0: f18->f18, D: max{0, G} [O(n)]
  0: f18->f18, E: 10 [O(1)]
  0: f18->f18, F: max{0, H} [O(n)]
  5: f18->f24, A: 10 [O(1)]
  5: f18->f24, B: 0 [O(1)]
  5: f18->f24, C: 10 [O(1)]
  5: f18->f24, D: max{0, G} [O(n)]
  5: f18->f24, E: 10 [O(1)]
  5: f18->f24, F: max{0, H} [O(n)]
  1: f24->f24, A: 10 [O(1)]
  1: f24->f24, B: 10 [O(1)]
  1: f24->f24, C: 10 [O(1)]
  1: f24->f24, D: max{0, G} [O(n)]
  1: f24->f24, E: 10 [O(1)]
  1: f24->f24, F: max{0, H} [O(n)]
  4: f24->f31, A: 10 [O(1)]
  4: f24->f31, B: 0 [O(1)]
  4: f24->f31, C: 10 [O(1)]
  4: f24->f31, D: max{0, G} [O(n)]
  4: f24->f31, E: 10 [O(1)]
  4: f24->f31, F: max{0, H} [O(n)]
  2: f31->f31, A: 10 [O(1)]
  2: f31->f31, B: 10 [O(1)]
  2: f31->f31, C: 10 [O(1)]
  2: f31->f31, D: max{0, G} [O(n)]
  2: f31->f31, E: 10 [O(1)]
  2: f31->f31, F: max{0, H} [O(n)]
  3: f31->f39, A: 10 [O(1)]
  3: f31->f39, B: 10 [O(1)]
  3: f31->f39, C: 10 [O(1)]
  3: f31->f39, D: max{0, G} [O(n)]
  3: f31->f39, E: 10 [O(1)]
  3: f31->f39, F: max{0, H} [O(n)]
