Timebounds: 
  Overall timebound: inf [Infinity]
  0: f0->f40: 1 [O(1)]
  1: f40->f40: 15 [O(1)]
  3: f40->f40: 5 [O(1)]
  13: f40->f48: 1 [O(1)]
  4: f48->f51: 25 [O(1)]
  12: f48->f62: 1 [O(1)]
  5: f51->f51: inf [Infinity]
  11: f51->f48: inf [Infinity]
  6: f62->f68: 1 [O(1)]
  7: f62->f62: 10 [O(1)]
  10: f62->f72: 1 [O(1)]
  8: f72->f72: 5 [O(1)]
  9: f72->f68: 1 [O(1)]

Costbounds:
  Overall costbound: inf [Infinity]
  0: f0->f40: 1 [O(1)]
  1: f40->f40: 15 [O(1)]
  3: f40->f40: 5 [O(1)]
  13: f40->f48: 1 [O(1)]
  4: f48->f51: 25 [O(1)]
  12: f48->f62: 1 [O(1)]
  5: f51->f51: inf [Infinity]
  11: f51->f48: inf [Infinity]
  6: f62->f68: 1 [O(1)]
  7: f62->f62: 10 [O(1)]
  10: f62->f72: 1 [O(1)]
  8: f72->f72: 5 [O(1)]
  9: f72->f68: 1 [O(1)]

Sizebounds:
`Lower:
  0: f0->f40, A: 5 [O(1)]
  0: f0->f40, B: 10 [O(1)]
  0: f0->f40, C: 0 [O(1)]
  0: f0->f40, D: 0 [O(1)]
  0: f0->f40, E: E [O(n)]
  0: f0->f40, F: F [O(n)]
  0: f0->f40, G: G [O(n)]
  0: f0->f40, H: -inf [Infinity]
  0: f0->f40, I: -inf [Infinity]
  1: f40->f40, A: 5 [O(1)]
  1: f40->f40, B: 10 [O(1)]
  1: f40->f40, C: 0 [O(1)]
  1: f40->f40, D: 1 [O(1)]
  1: f40->f40, E: E [O(n)]
  1: f40->f40, F: F [O(n)]
  1: f40->f40, G: G [O(n)]
  1: f40->f40, H: -inf [Infinity]
  1: f40->f40, I: -inf [Infinity]
  3: f40->f40, A: 5 [O(1)]
  3: f40->f40, B: 10 [O(1)]
  3: f40->f40, C: 0 [O(1)]
  3: f40->f40, D: 2 [O(1)]
  3: f40->f40, E: E [O(n)]
  3: f40->f40, F: F [O(n)]
  3: f40->f40, G: G [O(n)]
  3: f40->f40, H: -inf [Infinity]
  3: f40->f40, I: -inf [Infinity]
  13: f40->f48, A: 5 [O(1)]
  13: f40->f48, B: 10 [O(1)]
  13: f40->f48, C: 0 [O(1)]
  13: f40->f48, D: 0 [O(1)]
  13: f40->f48, E: E [O(n)]
  13: f40->f48, F: F [O(n)]
  13: f40->f48, G: G [O(n)]
  13: f40->f48, H: -inf [Infinity]
  13: f40->f48, I: -inf [Infinity]
  4: f48->f51, A: 5 [O(1)]
  4: f48->f51, B: 10 [O(1)]
  4: f48->f51, C: 0 [O(1)]
  4: f48->f51, D: 0 [O(1)]
  4: f48->f51, E: 0 [O(1)]
  4: f48->f51, F: -inf [Infinity]
  4: f48->f51, G: -inf [Infinity]
  4: f48->f51, H: -inf [Infinity]
  4: f48->f51, I: -inf [Infinity]
  12: f48->f62, A: 5 [O(1)]
  12: f48->f62, B: 10 [O(1)]
  12: f48->f62, C: 0 [O(1)]
  12: f48->f62, D: 0 [O(1)]
  12: f48->f62, E: -max{-10, -E} [O(n)]
  12: f48->f62, F: -inf [Infinity]
  12: f48->f62, G: -inf [Infinity]
  12: f48->f62, H: -inf [Infinity]
  12: f48->f62, I: -inf [Infinity]
  5: f51->f51, A: 5 [O(1)]
  5: f51->f51, B: 10 [O(1)]
  5: f51->f51, C: 0 [O(1)]
  5: f51->f51, D: 0 [O(1)]
  5: f51->f51, E: 1 [O(1)]
  5: f51->f51, F: -inf [Infinity]
  5: f51->f51, G: -inf [Infinity]
  5: f51->f51, H: -inf [Infinity]
  5: f51->f51, I: -inf [Infinity]
  11: f51->f48, A: 5 [O(1)]
  11: f51->f48, B: 10 [O(1)]
  11: f51->f48, C: 0 [O(1)]
  11: f51->f48, D: 1 [O(1)]
  11: f51->f48, E: 10 [O(1)]
  11: f51->f48, F: -inf [Infinity]
  11: f51->f48, G: -inf [Infinity]
  11: f51->f48, H: -inf [Infinity]
  11: f51->f48, I: -inf [Infinity]
  6: f62->f68, A: 5 [O(1)]
  6: f62->f68, B: 10 [O(1)]
  6: f62->f68, C: 0 [O(1)]
  6: f62->f68, D: 0 [O(1)]
  6: f62->f68, E: -max{-10, -E} [O(n)]
  6: f62->f68, F: -inf [Infinity]
  6: f62->f68, G: -inf [Infinity]
  6: f62->f68, H: -inf [Infinity]
  6: f62->f68, I: -inf [Infinity]
  7: f62->f62, A: 5 [O(1)]
  7: f62->f62, B: 10 [O(1)]
  7: f62->f62, C: 0 [O(1)]
  7: f62->f62, D: 1 [O(1)]
  7: f62->f62, E: -max{-10, -E} [O(n)]
  7: f62->f62, F: -inf [Infinity]
  7: f62->f62, G: -inf [Infinity]
  7: f62->f62, H: -inf [Infinity]
  7: f62->f62, I: -inf [Infinity]
  10: f62->f72, A: 5 [O(1)]
  10: f62->f72, B: 10 [O(1)]
  10: f62->f72, C: 0 [O(1)]
  10: f62->f72, D: 0 [O(1)]
  10: f62->f72, E: -max{-10, -E} [O(n)]
  10: f62->f72, F: -inf [Infinity]
  10: f62->f72, G: -inf [Infinity]
  10: f62->f72, H: -inf [Infinity]
  10: f62->f72, I: -inf [Infinity]
  8: f72->f72, A: 5 [O(1)]
  8: f72->f72, B: 10 [O(1)]
  8: f72->f72, C: 0 [O(1)]
  8: f72->f72, D: 1 [O(1)]
  8: f72->f72, E: -max{-10, -E} [O(n)]
  8: f72->f72, F: -inf [Infinity]
  8: f72->f72, G: -inf [Infinity]
  8: f72->f72, H: -inf [Infinity]
  8: f72->f72, I: -inf [Infinity]
  9: f72->f68, A: 5 [O(1)]
  9: f72->f68, B: 10 [O(1)]
  9: f72->f68, C: 0 [O(1)]
  9: f72->f68, D: 5 [O(1)]
  9: f72->f68, E: -max{-10, -E} [O(n)]
  9: f72->f68, F: -inf [Infinity]
  9: f72->f68, G: -inf [Infinity]
  9: f72->f68, H: -inf [Infinity]
  9: f72->f68, I: -inf [Infinity]
`Upper:
  0: f0->f40, A: 5 [O(1)]
  0: f0->f40, B: 10 [O(1)]
  0: f0->f40, C: 0 [O(1)]
  0: f0->f40, D: 0 [O(1)]
  0: f0->f40, E: E [O(n)]
  0: f0->f40, F: F [O(n)]
  0: f0->f40, G: G [O(n)]
  0: f0->f40, H: inf [Infinity]
  0: f0->f40, I: inf [Infinity]
  1: f40->f40, A: 5 [O(1)]
  1: f40->f40, B: 10 [O(1)]
  1: f40->f40, C: 0 [O(1)]
  1: f40->f40, D: 1 [O(1)]
  1: f40->f40, E: E [O(n)]
  1: f40->f40, F: F [O(n)]
  1: f40->f40, G: G [O(n)]
  1: f40->f40, H: inf [Infinity]
  1: f40->f40, I: inf [Infinity]
  3: f40->f40, A: 5 [O(1)]
  3: f40->f40, B: 10 [O(1)]
  3: f40->f40, C: 0 [O(1)]
  3: f40->f40, D: 5 [O(1)]
  3: f40->f40, E: E [O(n)]
  3: f40->f40, F: F [O(n)]
  3: f40->f40, G: G [O(n)]
  3: f40->f40, H: inf [Infinity]
  3: f40->f40, I: inf [Infinity]
  13: f40->f48, A: 5 [O(1)]
  13: f40->f48, B: 10 [O(1)]
  13: f40->f48, C: 0 [O(1)]
  13: f40->f48, D: 0 [O(1)]
  13: f40->f48, E: E [O(n)]
  13: f40->f48, F: F [O(n)]
  13: f40->f48, G: G [O(n)]
  13: f40->f48, H: inf [Infinity]
  13: f40->f48, I: inf [Infinity]
  4: f48->f51, A: 5 [O(1)]
  4: f48->f51, B: 10 [O(1)]
  4: f48->f51, C: 0 [O(1)]
  4: f48->f51, D: 4 [O(1)]
  4: f48->f51, E: 0 [O(1)]
  4: f48->f51, F: inf [Infinity]
  4: f48->f51, G: inf [Infinity]
  4: f48->f51, H: inf [Infinity]
  4: f48->f51, I: inf [Infinity]
  12: f48->f62, A: 5 [O(1)]
  12: f48->f62, B: 10 [O(1)]
  12: f48->f62, C: 0 [O(1)]
  12: f48->f62, D: 0 [O(1)]
  12: f48->f62, E: max{10, E} [O(n)]
  12: f48->f62, F: inf [Infinity]
  12: f48->f62, G: inf [Infinity]
  12: f48->f62, H: inf [Infinity]
  12: f48->f62, I: inf [Infinity]
  5: f51->f51, A: 5 [O(1)]
  5: f51->f51, B: 10 [O(1)]
  5: f51->f51, C: 0 [O(1)]
  5: f51->f51, D: 4 [O(1)]
  5: f51->f51, E: 10 [O(1)]
  5: f51->f51, F: inf [Infinity]
  5: f51->f51, G: inf [Infinity]
  5: f51->f51, H: inf [Infinity]
  5: f51->f51, I: inf [Infinity]
  11: f51->f48, A: 5 [O(1)]
  11: f51->f48, B: 10 [O(1)]
  11: f51->f48, C: 0 [O(1)]
  11: f51->f48, D: 5 [O(1)]
  11: f51->f48, E: 10 [O(1)]
  11: f51->f48, F: inf [Infinity]
  11: f51->f48, G: inf [Infinity]
  11: f51->f48, H: inf [Infinity]
  11: f51->f48, I: inf [Infinity]
  6: f62->f68, A: 5 [O(1)]
  6: f62->f68, B: 10 [O(1)]
  6: f62->f68, C: 0 [O(1)]
  6: f62->f68, D: 9 [O(1)]
  6: f62->f68, E: max{10, E} [O(n)]
  6: f62->f68, F: inf [Infinity]
  6: f62->f68, G: inf [Infinity]
  6: f62->f68, H: inf [Infinity]
  6: f62->f68, I: inf [Infinity]
  7: f62->f62, A: 5 [O(1)]
  7: f62->f62, B: 10 [O(1)]
  7: f62->f62, C: 0 [O(1)]
  7: f62->f62, D: 10 [O(1)]
  7: f62->f62, E: max{10, E} [O(n)]
  7: f62->f62, F: inf [Infinity]
  7: f62->f62, G: inf [Infinity]
  7: f62->f62, H: inf [Infinity]
  7: f62->f62, I: inf [Infinity]
  10: f62->f72, A: 5 [O(1)]
  10: f62->f72, B: 10 [O(1)]
  10: f62->f72, C: 0 [O(1)]
  10: f62->f72, D: 0 [O(1)]
  10: f62->f72, E: max{10, E} [O(n)]
  10: f62->f72, F: inf [Infinity]
  10: f62->f72, G: inf [Infinity]
  10: f62->f72, H: inf [Infinity]
  10: f62->f72, I: inf [Infinity]
  8: f72->f72, A: 5 [O(1)]
  8: f72->f72, B: 10 [O(1)]
  8: f72->f72, C: 0 [O(1)]
  8: f72->f72, D: 5 [O(1)]
  8: f72->f72, E: max{10, E} [O(n)]
  8: f72->f72, F: inf [Infinity]
  8: f72->f72, G: inf [Infinity]
  8: f72->f72, H: inf [Infinity]
  8: f72->f72, I: inf [Infinity]
  9: f72->f68, A: 5 [O(1)]
  9: f72->f68, B: 10 [O(1)]
  9: f72->f68, C: 0 [O(1)]
  9: f72->f68, D: 5 [O(1)]
  9: f72->f68, E: max{10, E} [O(n)]
  9: f72->f68, F: inf [Infinity]
  9: f72->f68, G: inf [Infinity]
  9: f72->f68, H: inf [Infinity]
  9: f72->f68, I: inf [Infinity]
