Timebounds: 
  Overall timebound: inf [Infinity]
  0: f0->f43: 1 [O(1)]
  1: f43->f43: 5 [O(1)]
  3: f43->f43: 5 [O(1)]
  13: f43->f51: 1 [O(1)]
  4: f51->f54: 25 [O(1)]
  12: f51->f65: 1 [O(1)]
  5: f54->f54: inf [Infinity]
  11: f54->f51: inf [Infinity]
  6: f65->f71: 1 [O(1)]
  7: f65->f65: 15 [O(1)]
  10: f65->f75: 1 [O(1)]
  8: f75->f75: 5 [O(1)]
  9: f75->f71: 1 [O(1)]

Costbounds:
  Overall costbound: inf [Infinity]
  0: f0->f43: 1 [O(1)]
  1: f43->f43: 5 [O(1)]
  3: f43->f43: 5 [O(1)]
  13: f43->f51: 1 [O(1)]
  4: f51->f54: 25 [O(1)]
  12: f51->f65: 1 [O(1)]
  5: f54->f54: inf [Infinity]
  11: f54->f51: inf [Infinity]
  6: f65->f71: 1 [O(1)]
  7: f65->f65: 15 [O(1)]
  10: f65->f75: 1 [O(1)]
  8: f75->f75: 5 [O(1)]
  9: f75->f71: 1 [O(1)]

Sizebounds:
`Lower:
  0: f0->f43, A: 5 [O(1)]
  0: f0->f43, B: 11 [O(1)]
  0: f0->f43, C: 0 [O(1)]
  0: f0->f43, D: 0 [O(1)]
  0: f0->f43, E: E [O(n)]
  0: f0->f43, F: F [O(n)]
  0: f0->f43, G: G [O(n)]
  1: f43->f43, A: 5 [O(1)]
  1: f43->f43, B: 11 [O(1)]
  1: f43->f43, C: 0 [O(1)]
  1: f43->f43, D: 1 [O(1)]
  1: f43->f43, E: E [O(n)]
  1: f43->f43, F: F [O(n)]
  1: f43->f43, G: G [O(n)]
  3: f43->f43, A: 5 [O(1)]
  3: f43->f43, B: 11 [O(1)]
  3: f43->f43, C: 0 [O(1)]
  3: f43->f43, D: 2 [O(1)]
  3: f43->f43, E: E [O(n)]
  3: f43->f43, F: F [O(n)]
  3: f43->f43, G: G [O(n)]
  13: f43->f51, A: 5 [O(1)]
  13: f43->f51, B: 11 [O(1)]
  13: f43->f51, C: 0 [O(1)]
  13: f43->f51, D: 0 [O(1)]
  13: f43->f51, E: E [O(n)]
  13: f43->f51, F: F [O(n)]
  13: f43->f51, G: G [O(n)]
  4: f51->f54, A: 5 [O(1)]
  4: f51->f54, B: 11 [O(1)]
  4: f51->f54, C: 0 [O(1)]
  4: f51->f54, D: 0 [O(1)]
  4: f51->f54, E: 0 [O(1)]
  12: f51->f65, A: 5 [O(1)]
  12: f51->f65, B: 11 [O(1)]
  12: f51->f65, C: 0 [O(1)]
  12: f51->f65, D: 0 [O(1)]
  12: f51->f65, E: -max{-11, -E} [O(n)]
  5: f54->f54, A: 5 [O(1)]
  5: f54->f54, B: 11 [O(1)]
  5: f54->f54, C: 0 [O(1)]
  5: f54->f54, D: 0 [O(1)]
  5: f54->f54, E: 1 [O(1)]
  11: f54->f51, A: 5 [O(1)]
  11: f54->f51, B: 11 [O(1)]
  11: f54->f51, C: 0 [O(1)]
  11: f54->f51, D: 1 [O(1)]
  11: f54->f51, E: 11 [O(1)]
  6: f65->f71, A: 5 [O(1)]
  6: f65->f71, B: 11 [O(1)]
  6: f65->f71, C: 0 [O(1)]
  6: f65->f71, D: 0 [O(1)]
  6: f65->f71, E: -max{-11, -E} [O(n)]
  7: f65->f65, A: 5 [O(1)]
  7: f65->f65, B: 11 [O(1)]
  7: f65->f65, C: 0 [O(1)]
  7: f65->f65, D: 1 [O(1)]
  7: f65->f65, E: -max{-11, -E} [O(n)]
  10: f65->f75, A: 5 [O(1)]
  10: f65->f75, B: 11 [O(1)]
  10: f65->f75, C: 0 [O(1)]
  10: f65->f75, D: 0 [O(1)]
  10: f65->f75, E: -max{-11, -E} [O(n)]
  8: f75->f75, A: 5 [O(1)]
  8: f75->f75, B: 11 [O(1)]
  8: f75->f75, C: 0 [O(1)]
  8: f75->f75, D: 1 [O(1)]
  8: f75->f75, E: -max{-11, -E} [O(n)]
  9: f75->f71, A: 5 [O(1)]
  9: f75->f71, B: 11 [O(1)]
  9: f75->f71, C: 0 [O(1)]
  9: f75->f71, D: 5 [O(1)]
  9: f75->f71, E: -max{-11, -E} [O(n)]
`Upper:
  0: f0->f43, A: 5 [O(1)]
  0: f0->f43, B: 11 [O(1)]
  0: f0->f43, C: 0 [O(1)]
  0: f0->f43, D: 0 [O(1)]
  0: f0->f43, E: E [O(n)]
  0: f0->f43, F: F [O(n)]
  0: f0->f43, G: G [O(n)]
  1: f43->f43, A: 5 [O(1)]
  1: f43->f43, B: 11 [O(1)]
  1: f43->f43, C: 0 [O(1)]
  1: f43->f43, D: 1 [O(1)]
  1: f43->f43, E: E [O(n)]
  1: f43->f43, F: F [O(n)]
  1: f43->f43, G: G [O(n)]
  3: f43->f43, A: 5 [O(1)]
  3: f43->f43, B: 11 [O(1)]
  3: f43->f43, C: 0 [O(1)]
  3: f43->f43, D: 5 [O(1)]
  3: f43->f43, E: E [O(n)]
  3: f43->f43, F: F [O(n)]
  3: f43->f43, G: G [O(n)]
  13: f43->f51, A: 5 [O(1)]
  13: f43->f51, B: 11 [O(1)]
  13: f43->f51, C: 0 [O(1)]
  13: f43->f51, D: 0 [O(1)]
  13: f43->f51, E: E [O(n)]
  13: f43->f51, F: F [O(n)]
  13: f43->f51, G: G [O(n)]
  4: f51->f54, A: 5 [O(1)]
  4: f51->f54, B: 11 [O(1)]
  4: f51->f54, C: 0 [O(1)]
  4: f51->f54, D: 4 [O(1)]
  4: f51->f54, E: 0 [O(1)]
  12: f51->f65, A: 5 [O(1)]
  12: f51->f65, B: 11 [O(1)]
  12: f51->f65, C: 0 [O(1)]
  12: f51->f65, D: 0 [O(1)]
  12: f51->f65, E: max{11, E} [O(n)]
  5: f54->f54, A: 5 [O(1)]
  5: f54->f54, B: 11 [O(1)]
  5: f54->f54, C: 0 [O(1)]
  5: f54->f54, D: 4 [O(1)]
  5: f54->f54, E: 11 [O(1)]
  11: f54->f51, A: 5 [O(1)]
  11: f54->f51, B: 11 [O(1)]
  11: f54->f51, C: 0 [O(1)]
  11: f54->f51, D: 5 [O(1)]
  11: f54->f51, E: 11 [O(1)]
  6: f65->f71, A: 5 [O(1)]
  6: f65->f71, B: 11 [O(1)]
  6: f65->f71, C: 0 [O(1)]
  6: f65->f71, D: 10 [O(1)]
  6: f65->f71, E: max{11, E} [O(n)]
  7: f65->f65, A: 5 [O(1)]
  7: f65->f65, B: 11 [O(1)]
  7: f65->f65, C: 0 [O(1)]
  7: f65->f65, D: 11 [O(1)]
  7: f65->f65, E: max{11, E} [O(n)]
  10: f65->f75, A: 5 [O(1)]
  10: f65->f75, B: 11 [O(1)]
  10: f65->f75, C: 0 [O(1)]
  10: f65->f75, D: 0 [O(1)]
  10: f65->f75, E: max{11, E} [O(n)]
  8: f75->f75, A: 5 [O(1)]
  8: f75->f75, B: 11 [O(1)]
  8: f75->f75, C: 0 [O(1)]
  8: f75->f75, D: 5 [O(1)]
  8: f75->f75, E: max{11, E} [O(n)]
  9: f75->f71, A: 5 [O(1)]
  9: f75->f71, B: 11 [O(1)]
  9: f75->f71, C: 0 [O(1)]
  9: f75->f71, D: 5 [O(1)]
  9: f75->f71, E: max{11, E} [O(n)]
