Timebounds: 
  Overall timebound: 20+max{0, -7+-12*5+6*12}+max{9, 9+-7+-12*5+6*12}+max{0, 12*(-7+-12*5+6*12)} [O(1)]
  0: f0->f46: 1 [O(1)]
  1: f46->f46: 1 [O(1)]
  3: f46->f46: 5 [O(1)]
  13: f46->f54: 1 [O(1)]
  4: f54->f57: max{0, -7+-12*5+6*12} [O(1)]
  12: f54->f68: 1 [O(1)]
  5: f57->f57: max{0, 12*(-7+-12*5+6*12)} [O(1)]
  11: f57->f54: max{0, -7+-12*5+6*12} [O(1)]
  6: f68->f74: 1 [O(1)]
  7: f68->f68: 12 [O(1)]
  10: f68->f78: 1 [O(1)]
  8: f78->f78: 5 [O(1)]
  9: f78->f74: 1 [O(1)]

Costbounds:
  Overall costbound: 20+max{0, -7+-12*5+6*12}+max{9, 9+-7+-12*5+6*12}+max{0, 12*(-7+-12*5+6*12)} [O(1)]
  0: f0->f46: 1 [O(1)]
  1: f46->f46: 1 [O(1)]
  3: f46->f46: 5 [O(1)]
  13: f46->f54: 1 [O(1)]
  4: f54->f57: max{0, -7+-12*5+6*12} [O(1)]
  12: f54->f68: 1 [O(1)]
  5: f57->f57: max{0, 12*(-7+-12*5+6*12)} [O(1)]
  11: f57->f54: max{0, -7+-12*5+6*12} [O(1)]
  6: f68->f74: 1 [O(1)]
  7: f68->f68: 12 [O(1)]
  10: f68->f78: 1 [O(1)]
  8: f78->f78: 5 [O(1)]
  9: f78->f74: 1 [O(1)]

Sizebounds:
`Lower:
  0: f0->f46, A: 5 [O(1)]
  0: f0->f46, B: 12 [O(1)]
  0: f0->f46, C: 0 [O(1)]
  0: f0->f46, D: 0 [O(1)]
  0: f0->f46, E: E [O(n)]
  0: f0->f46, F: F [O(n)]
  0: f0->f46, G: G [O(n)]
  1: f46->f46, A: 5 [O(1)]
  1: f46->f46, B: 12 [O(1)]
  1: f46->f46, C: 0 [O(1)]
  1: f46->f46, D: 1 [O(1)]
  1: f46->f46, E: -max{0, -E} [O(n)]
  1: f46->f46, F: -max{0, -F} [O(n)]
  1: f46->f46, G: -max{0, -G} [O(n)]
  3: f46->f46, A: 5 [O(1)]
  3: f46->f46, B: 12 [O(1)]
  3: f46->f46, C: 0 [O(1)]
  3: f46->f46, D: 2 [O(1)]
  3: f46->f46, E: -max{0, -E} [O(n)]
  3: f46->f46, F: -max{0, -F} [O(n)]
  3: f46->f46, G: -max{0, -G} [O(n)]
  13: f46->f54, A: 5 [O(1)]
  13: f46->f54, B: 12 [O(1)]
  13: f46->f54, C: 0 [O(1)]
  13: f46->f54, D: 0 [O(1)]
  13: f46->f54, E: -max{0, -E} [O(n)]
  13: f46->f54, F: -max{0, -F} [O(n)]
  13: f46->f54, G: -max{0, -G} [O(n)]
  4: f54->f57, A: 5 [O(1)]
  4: f54->f57, B: 12 [O(1)]
  4: f54->f57, C: 0 [O(1)]
  4: f54->f57, D: 0 [O(1)]
  4: f54->f57, E: 0 [O(1)]
  12: f54->f68, A: 5 [O(1)]
  12: f54->f68, B: 12 [O(1)]
  12: f54->f68, C: 0 [O(1)]
  12: f54->f68, D: 0 [O(1)]
  12: f54->f68, E: -max{-12, 0, -E} [O(n)]
  5: f57->f57, A: 5 [O(1)]
  5: f57->f57, B: 12 [O(1)]
  5: f57->f57, C: 0 [O(1)]
  5: f57->f57, D: 0 [O(1)]
  5: f57->f57, E: 1 [O(1)]
  11: f57->f54, A: 5 [O(1)]
  11: f57->f54, B: 12 [O(1)]
  11: f57->f54, C: 0 [O(1)]
  11: f57->f54, D: 1 [O(1)]
  11: f57->f54, E: 12 [O(1)]
  6: f68->f74, A: 5 [O(1)]
  6: f68->f74, B: 12 [O(1)]
  6: f68->f74, C: 0 [O(1)]
  6: f68->f74, D: 0 [O(1)]
  6: f68->f74, E: -max{-12, 0, -E} [O(n)]
  7: f68->f68, A: 5 [O(1)]
  7: f68->f68, B: 12 [O(1)]
  7: f68->f68, C: 0 [O(1)]
  7: f68->f68, D: 1 [O(1)]
  7: f68->f68, E: -max{-12, 0, -E} [O(n)]
  10: f68->f78, A: 5 [O(1)]
  10: f68->f78, B: 12 [O(1)]
  10: f68->f78, C: 0 [O(1)]
  10: f68->f78, D: 0 [O(1)]
  10: f68->f78, E: -max{-12, 0, -E} [O(n)]
  8: f78->f78, A: 5 [O(1)]
  8: f78->f78, B: 12 [O(1)]
  8: f78->f78, C: 0 [O(1)]
  8: f78->f78, D: 1 [O(1)]
  8: f78->f78, E: -max{-12, 0, -E} [O(n)]
  9: f78->f74, A: 5 [O(1)]
  9: f78->f74, B: 12 [O(1)]
  9: f78->f74, C: 0 [O(1)]
  9: f78->f74, D: 5 [O(1)]
  9: f78->f74, E: -max{-12, 0, -E} [O(n)]
`Upper:
  0: f0->f46, A: 5 [O(1)]
  0: f0->f46, B: 12 [O(1)]
  0: f0->f46, C: 0 [O(1)]
  0: f0->f46, D: 0 [O(1)]
  0: f0->f46, E: E [O(n)]
  0: f0->f46, F: F [O(n)]
  0: f0->f46, G: G [O(n)]
  1: f46->f46, A: 5 [O(1)]
  1: f46->f46, B: 12 [O(1)]
  1: f46->f46, C: 0 [O(1)]
  1: f46->f46, D: 1 [O(1)]
  1: f46->f46, E: max{0, E} [O(n)]
  1: f46->f46, F: max{0, F} [O(n)]
  1: f46->f46, G: max{0, G} [O(n)]
  3: f46->f46, A: 5 [O(1)]
  3: f46->f46, B: 12 [O(1)]
  3: f46->f46, C: 0 [O(1)]
  3: f46->f46, D: 5 [O(1)]
  3: f46->f46, E: max{0, E} [O(n)]
  3: f46->f46, F: max{0, F} [O(n)]
  3: f46->f46, G: max{0, G} [O(n)]
  13: f46->f54, A: 5 [O(1)]
  13: f46->f54, B: 12 [O(1)]
  13: f46->f54, C: 0 [O(1)]
  13: f46->f54, D: 0 [O(1)]
  13: f46->f54, E: max{0, E} [O(n)]
  13: f46->f54, F: max{0, F} [O(n)]
  13: f46->f54, G: max{0, G} [O(n)]
  4: f54->f57, A: 5 [O(1)]
  4: f54->f57, B: 12 [O(1)]
  4: f54->f57, C: 0 [O(1)]
  4: f54->f57, D: 4 [O(1)]
  4: f54->f57, E: 0 [O(1)]
  12: f54->f68, A: 5 [O(1)]
  12: f54->f68, B: 12 [O(1)]
  12: f54->f68, C: 0 [O(1)]
  12: f54->f68, D: 0 [O(1)]
  12: f54->f68, E: max{12, 0, E} [O(n)]
  5: f57->f57, A: 5 [O(1)]
  5: f57->f57, B: 12 [O(1)]
  5: f57->f57, C: 0 [O(1)]
  5: f57->f57, D: 4 [O(1)]
  5: f57->f57, E: 12 [O(1)]
  11: f57->f54, A: 5 [O(1)]
  11: f57->f54, B: 12 [O(1)]
  11: f57->f54, C: 0 [O(1)]
  11: f57->f54, D: 5 [O(1)]
  11: f57->f54, E: 12 [O(1)]
  6: f68->f74, A: 5 [O(1)]
  6: f68->f74, B: 12 [O(1)]
  6: f68->f74, C: 0 [O(1)]
  6: f68->f74, D: 11 [O(1)]
  6: f68->f74, E: max{12, 0, E} [O(n)]
  7: f68->f68, A: 5 [O(1)]
  7: f68->f68, B: 12 [O(1)]
  7: f68->f68, C: 0 [O(1)]
  7: f68->f68, D: 12 [O(1)]
  7: f68->f68, E: max{12, 0, E} [O(n)]
  10: f68->f78, A: 5 [O(1)]
  10: f68->f78, B: 12 [O(1)]
  10: f68->f78, C: 0 [O(1)]
  10: f68->f78, D: 0 [O(1)]
  10: f68->f78, E: max{12, 0, E} [O(n)]
  8: f78->f78, A: 5 [O(1)]
  8: f78->f78, B: 12 [O(1)]
  8: f78->f78, C: 0 [O(1)]
  8: f78->f78, D: 5 [O(1)]
  8: f78->f78, E: max{12, 0, E} [O(n)]
  9: f78->f74, A: 5 [O(1)]
  9: f78->f74, B: 12 [O(1)]
  9: f78->f74, C: 0 [O(1)]
  9: f78->f74, D: 5 [O(1)]
  9: f78->f74, E: max{12, 0, E} [O(n)]
