Timebounds: 
  Overall timebound: inf [Infinity]
  0: f0->f49: 1 [O(1)]
  1: f49->f49: 5 [O(1)]
  3: f49->f49: 5 [O(1)]
  13: f49->f57: 1 [O(1)]
  4: f57->f60: 25 [O(1)]
  12: f57->f71: 1 [O(1)]
  5: f60->f60: inf [Infinity]
  11: f60->f57: inf [Infinity]
  6: f71->f77: 1 [O(1)]
  7: f71->f71: 15 [O(1)]
  10: f71->f81: 1 [O(1)]
  8: f81->f81: 5 [O(1)]
  9: f81->f77: 1 [O(1)]

Costbounds:
  Overall costbound: inf [Infinity]
  0: f0->f49: 1 [O(1)]
  1: f49->f49: 5 [O(1)]
  3: f49->f49: 5 [O(1)]
  13: f49->f57: 1 [O(1)]
  4: f57->f60: 25 [O(1)]
  12: f57->f71: 1 [O(1)]
  5: f60->f60: inf [Infinity]
  11: f60->f57: inf [Infinity]
  6: f71->f77: 1 [O(1)]
  7: f71->f71: 15 [O(1)]
  10: f71->f81: 1 [O(1)]
  8: f81->f81: 5 [O(1)]
  9: f81->f77: 1 [O(1)]

Sizebounds:
`Lower:
  0: f0->f49, A: 5 [O(1)]
  0: f0->f49, B: 13 [O(1)]
  0: f0->f49, C: 0 [O(1)]
  0: f0->f49, D: 0 [O(1)]
  0: f0->f49, E: E [O(n)]
  0: f0->f49, F: F [O(n)]
  0: f0->f49, G: G [O(n)]
  1: f49->f49, A: 5 [O(1)]
  1: f49->f49, B: 13 [O(1)]
  1: f49->f49, C: 0 [O(1)]
  1: f49->f49, D: 1 [O(1)]
  1: f49->f49, E: E [O(n)]
  1: f49->f49, F: F [O(n)]
  1: f49->f49, G: G [O(n)]
  3: f49->f49, A: 5 [O(1)]
  3: f49->f49, B: 13 [O(1)]
  3: f49->f49, C: 0 [O(1)]
  3: f49->f49, D: 2 [O(1)]
  3: f49->f49, E: E [O(n)]
  3: f49->f49, F: F [O(n)]
  3: f49->f49, G: G [O(n)]
  13: f49->f57, A: 5 [O(1)]
  13: f49->f57, B: 13 [O(1)]
  13: f49->f57, C: 0 [O(1)]
  13: f49->f57, D: 0 [O(1)]
  13: f49->f57, E: E [O(n)]
  13: f49->f57, F: F [O(n)]
  13: f49->f57, G: G [O(n)]
  4: f57->f60, A: 5 [O(1)]
  4: f57->f60, B: 13 [O(1)]
  4: f57->f60, C: 0 [O(1)]
  4: f57->f60, D: 0 [O(1)]
  4: f57->f60, E: 0 [O(1)]
  12: f57->f71, A: 5 [O(1)]
  12: f57->f71, B: 13 [O(1)]
  12: f57->f71, C: 0 [O(1)]
  12: f57->f71, D: 0 [O(1)]
  12: f57->f71, E: -max{-13, -E} [O(n)]
  5: f60->f60, A: 5 [O(1)]
  5: f60->f60, B: 13 [O(1)]
  5: f60->f60, C: 0 [O(1)]
  5: f60->f60, D: 0 [O(1)]
  5: f60->f60, E: 1 [O(1)]
  11: f60->f57, A: 5 [O(1)]
  11: f60->f57, B: 13 [O(1)]
  11: f60->f57, C: 0 [O(1)]
  11: f60->f57, D: 1 [O(1)]
  11: f60->f57, E: 13 [O(1)]
  6: f71->f77, A: 5 [O(1)]
  6: f71->f77, B: 13 [O(1)]
  6: f71->f77, C: 0 [O(1)]
  6: f71->f77, D: 0 [O(1)]
  6: f71->f77, E: -max{-13, -E} [O(n)]
  7: f71->f71, A: 5 [O(1)]
  7: f71->f71, B: 13 [O(1)]
  7: f71->f71, C: 0 [O(1)]
  7: f71->f71, D: 1 [O(1)]
  7: f71->f71, E: -max{-13, -E} [O(n)]
  10: f71->f81, A: 5 [O(1)]
  10: f71->f81, B: 13 [O(1)]
  10: f71->f81, C: 0 [O(1)]
  10: f71->f81, D: 0 [O(1)]
  10: f71->f81, E: -max{-13, -E} [O(n)]
  8: f81->f81, A: 5 [O(1)]
  8: f81->f81, B: 13 [O(1)]
  8: f81->f81, C: 0 [O(1)]
  8: f81->f81, D: 1 [O(1)]
  8: f81->f81, E: -max{-13, -E} [O(n)]
  9: f81->f77, A: 5 [O(1)]
  9: f81->f77, B: 13 [O(1)]
  9: f81->f77, C: 0 [O(1)]
  9: f81->f77, D: 5 [O(1)]
  9: f81->f77, E: -max{-13, -E} [O(n)]
`Upper:
  0: f0->f49, A: 5 [O(1)]
  0: f0->f49, B: 13 [O(1)]
  0: f0->f49, C: 0 [O(1)]
  0: f0->f49, D: 0 [O(1)]
  0: f0->f49, E: E [O(n)]
  0: f0->f49, F: F [O(n)]
  0: f0->f49, G: G [O(n)]
  1: f49->f49, A: 5 [O(1)]
  1: f49->f49, B: 13 [O(1)]
  1: f49->f49, C: 0 [O(1)]
  1: f49->f49, D: 1 [O(1)]
  1: f49->f49, E: E [O(n)]
  1: f49->f49, F: F [O(n)]
  1: f49->f49, G: G [O(n)]
  3: f49->f49, A: 5 [O(1)]
  3: f49->f49, B: 13 [O(1)]
  3: f49->f49, C: 0 [O(1)]
  3: f49->f49, D: 5 [O(1)]
  3: f49->f49, E: E [O(n)]
  3: f49->f49, F: F [O(n)]
  3: f49->f49, G: G [O(n)]
  13: f49->f57, A: 5 [O(1)]
  13: f49->f57, B: 13 [O(1)]
  13: f49->f57, C: 0 [O(1)]
  13: f49->f57, D: 0 [O(1)]
  13: f49->f57, E: E [O(n)]
  13: f49->f57, F: F [O(n)]
  13: f49->f57, G: G [O(n)]
  4: f57->f60, A: 5 [O(1)]
  4: f57->f60, B: 13 [O(1)]
  4: f57->f60, C: 0 [O(1)]
  4: f57->f60, D: 4 [O(1)]
  4: f57->f60, E: 0 [O(1)]
  12: f57->f71, A: 5 [O(1)]
  12: f57->f71, B: 13 [O(1)]
  12: f57->f71, C: 0 [O(1)]
  12: f57->f71, D: 0 [O(1)]
  12: f57->f71, E: max{13, E} [O(n)]
  5: f60->f60, A: 5 [O(1)]
  5: f60->f60, B: 13 [O(1)]
  5: f60->f60, C: 0 [O(1)]
  5: f60->f60, D: 4 [O(1)]
  5: f60->f60, E: 13 [O(1)]
  11: f60->f57, A: 5 [O(1)]
  11: f60->f57, B: 13 [O(1)]
  11: f60->f57, C: 0 [O(1)]
  11: f60->f57, D: 5 [O(1)]
  11: f60->f57, E: 13 [O(1)]
  6: f71->f77, A: 5 [O(1)]
  6: f71->f77, B: 13 [O(1)]
  6: f71->f77, C: 0 [O(1)]
  6: f71->f77, D: 12 [O(1)]
  6: f71->f77, E: max{13, E} [O(n)]
  7: f71->f71, A: 5 [O(1)]
  7: f71->f71, B: 13 [O(1)]
  7: f71->f71, C: 0 [O(1)]
  7: f71->f71, D: 13 [O(1)]
  7: f71->f71, E: max{13, E} [O(n)]
  10: f71->f81, A: 5 [O(1)]
  10: f71->f81, B: 13 [O(1)]
  10: f71->f81, C: 0 [O(1)]
  10: f71->f81, D: 0 [O(1)]
  10: f71->f81, E: max{13, E} [O(n)]
  8: f81->f81, A: 5 [O(1)]
  8: f81->f81, B: 13 [O(1)]
  8: f81->f81, C: 0 [O(1)]
  8: f81->f81, D: 5 [O(1)]
  8: f81->f81, E: max{13, E} [O(n)]
  9: f81->f77, A: 5 [O(1)]
  9: f81->f77, B: 13 [O(1)]
  9: f81->f77, C: 0 [O(1)]
  9: f81->f77, D: 5 [O(1)]
  9: f81->f77, E: max{13, E} [O(n)]
