Timebounds: 
  Overall timebound: 22+max{0, -9+-14*5+6*14}+max{9, 9+-9+-14*5+6*14}+max{0, 14*(-9+-14*5+6*14)} [O(1)]
  0: f0->f52: 1 [O(1)]
  1: f52->f52: 1 [O(1)]
  3: f52->f52: 5 [O(1)]
  13: f52->f60: 1 [O(1)]
  4: f60->f63: max{0, -9+-14*5+6*14} [O(1)]
  12: f60->f74: 1 [O(1)]
  5: f63->f63: max{0, 14*(-9+-14*5+6*14)} [O(1)]
  11: f63->f60: max{0, -9+-14*5+6*14} [O(1)]
  6: f74->f80: 1 [O(1)]
  7: f74->f74: 14 [O(1)]
  10: f74->f84: 1 [O(1)]
  8: f84->f84: 5 [O(1)]
  9: f84->f80: 1 [O(1)]

Costbounds:
  Overall costbound: 22+max{0, -9+-14*5+6*14}+max{9, 9+-9+-14*5+6*14}+max{0, 14*(-9+-14*5+6*14)} [O(1)]
  0: f0->f52: 1 [O(1)]
  1: f52->f52: 1 [O(1)]
  3: f52->f52: 5 [O(1)]
  13: f52->f60: 1 [O(1)]
  4: f60->f63: max{0, -9+-14*5+6*14} [O(1)]
  12: f60->f74: 1 [O(1)]
  5: f63->f63: max{0, 14*(-9+-14*5+6*14)} [O(1)]
  11: f63->f60: max{0, -9+-14*5+6*14} [O(1)]
  6: f74->f80: 1 [O(1)]
  7: f74->f74: 14 [O(1)]
  10: f74->f84: 1 [O(1)]
  8: f84->f84: 5 [O(1)]
  9: f84->f80: 1 [O(1)]

Sizebounds:
`Lower:
  0: f0->f52, A: 5 [O(1)]
  0: f0->f52, B: 14 [O(1)]
  0: f0->f52, C: 0 [O(1)]
  0: f0->f52, D: 0 [O(1)]
  0: f0->f52, E: E [O(n)]
  0: f0->f52, F: F [O(n)]
  0: f0->f52, G: G [O(n)]
  1: f52->f52, A: 5 [O(1)]
  1: f52->f52, B: 14 [O(1)]
  1: f52->f52, C: 0 [O(1)]
  1: f52->f52, D: 1 [O(1)]
  1: f52->f52, E: -max{0, -E} [O(n)]
  1: f52->f52, F: -max{0, -F} [O(n)]
  1: f52->f52, G: -max{0, -G} [O(n)]
  3: f52->f52, A: 5 [O(1)]
  3: f52->f52, B: 14 [O(1)]
  3: f52->f52, C: 0 [O(1)]
  3: f52->f52, D: 2 [O(1)]
  3: f52->f52, E: -max{0, -E} [O(n)]
  3: f52->f52, F: -max{0, -F} [O(n)]
  3: f52->f52, G: -max{0, -G} [O(n)]
  13: f52->f60, A: 5 [O(1)]
  13: f52->f60, B: 14 [O(1)]
  13: f52->f60, C: 0 [O(1)]
  13: f52->f60, D: 0 [O(1)]
  13: f52->f60, E: -max{0, -E} [O(n)]
  13: f52->f60, F: -max{0, -F} [O(n)]
  13: f52->f60, G: -max{0, -G} [O(n)]
  4: f60->f63, A: 5 [O(1)]
  4: f60->f63, B: 14 [O(1)]
  4: f60->f63, C: 0 [O(1)]
  4: f60->f63, D: 0 [O(1)]
  4: f60->f63, E: 0 [O(1)]
  12: f60->f74, A: 5 [O(1)]
  12: f60->f74, B: 14 [O(1)]
  12: f60->f74, C: 0 [O(1)]
  12: f60->f74, D: 0 [O(1)]
  12: f60->f74, E: -max{-14, 0, -E} [O(n)]
  5: f63->f63, A: 5 [O(1)]
  5: f63->f63, B: 14 [O(1)]
  5: f63->f63, C: 0 [O(1)]
  5: f63->f63, D: 0 [O(1)]
  5: f63->f63, E: 1 [O(1)]
  11: f63->f60, A: 5 [O(1)]
  11: f63->f60, B: 14 [O(1)]
  11: f63->f60, C: 0 [O(1)]
  11: f63->f60, D: 1 [O(1)]
  11: f63->f60, E: 14 [O(1)]
  6: f74->f80, A: 5 [O(1)]
  6: f74->f80, B: 14 [O(1)]
  6: f74->f80, C: 0 [O(1)]
  6: f74->f80, D: 0 [O(1)]
  6: f74->f80, E: -max{-14, 0, -E} [O(n)]
  7: f74->f74, A: 5 [O(1)]
  7: f74->f74, B: 14 [O(1)]
  7: f74->f74, C: 0 [O(1)]
  7: f74->f74, D: 1 [O(1)]
  7: f74->f74, E: -max{-14, 0, -E} [O(n)]
  10: f74->f84, A: 5 [O(1)]
  10: f74->f84, B: 14 [O(1)]
  10: f74->f84, C: 0 [O(1)]
  10: f74->f84, D: 0 [O(1)]
  10: f74->f84, E: -max{-14, 0, -E} [O(n)]
  8: f84->f84, A: 5 [O(1)]
  8: f84->f84, B: 14 [O(1)]
  8: f84->f84, C: 0 [O(1)]
  8: f84->f84, D: 1 [O(1)]
  8: f84->f84, E: -max{-14, 0, -E} [O(n)]
  9: f84->f80, A: 5 [O(1)]
  9: f84->f80, B: 14 [O(1)]
  9: f84->f80, C: 0 [O(1)]
  9: f84->f80, D: 5 [O(1)]
  9: f84->f80, E: -max{-14, 0, -E} [O(n)]
`Upper:
  0: f0->f52, A: 5 [O(1)]
  0: f0->f52, B: 14 [O(1)]
  0: f0->f52, C: 0 [O(1)]
  0: f0->f52, D: 0 [O(1)]
  0: f0->f52, E: E [O(n)]
  0: f0->f52, F: F [O(n)]
  0: f0->f52, G: G [O(n)]
  1: f52->f52, A: 5 [O(1)]
  1: f52->f52, B: 14 [O(1)]
  1: f52->f52, C: 0 [O(1)]
  1: f52->f52, D: 1 [O(1)]
  1: f52->f52, E: max{0, E} [O(n)]
  1: f52->f52, F: max{0, F} [O(n)]
  1: f52->f52, G: max{0, G} [O(n)]
  3: f52->f52, A: 5 [O(1)]
  3: f52->f52, B: 14 [O(1)]
  3: f52->f52, C: 0 [O(1)]
  3: f52->f52, D: 5 [O(1)]
  3: f52->f52, E: max{0, E} [O(n)]
  3: f52->f52, F: max{0, F} [O(n)]
  3: f52->f52, G: max{0, G} [O(n)]
  13: f52->f60, A: 5 [O(1)]
  13: f52->f60, B: 14 [O(1)]
  13: f52->f60, C: 0 [O(1)]
  13: f52->f60, D: 0 [O(1)]
  13: f52->f60, E: max{0, E} [O(n)]
  13: f52->f60, F: max{0, F} [O(n)]
  13: f52->f60, G: max{0, G} [O(n)]
  4: f60->f63, A: 5 [O(1)]
  4: f60->f63, B: 14 [O(1)]
  4: f60->f63, C: 0 [O(1)]
  4: f60->f63, D: 4 [O(1)]
  4: f60->f63, E: 0 [O(1)]
  12: f60->f74, A: 5 [O(1)]
  12: f60->f74, B: 14 [O(1)]
  12: f60->f74, C: 0 [O(1)]
  12: f60->f74, D: 0 [O(1)]
  12: f60->f74, E: max{14, 0, E} [O(n)]
  5: f63->f63, A: 5 [O(1)]
  5: f63->f63, B: 14 [O(1)]
  5: f63->f63, C: 0 [O(1)]
  5: f63->f63, D: 4 [O(1)]
  5: f63->f63, E: 14 [O(1)]
  11: f63->f60, A: 5 [O(1)]
  11: f63->f60, B: 14 [O(1)]
  11: f63->f60, C: 0 [O(1)]
  11: f63->f60, D: 5 [O(1)]
  11: f63->f60, E: 14 [O(1)]
  6: f74->f80, A: 5 [O(1)]
  6: f74->f80, B: 14 [O(1)]
  6: f74->f80, C: 0 [O(1)]
  6: f74->f80, D: 13 [O(1)]
  6: f74->f80, E: max{14, 0, E} [O(n)]
  7: f74->f74, A: 5 [O(1)]
  7: f74->f74, B: 14 [O(1)]
  7: f74->f74, C: 0 [O(1)]
  7: f74->f74, D: 14 [O(1)]
  7: f74->f74, E: max{14, 0, E} [O(n)]
  10: f74->f84, A: 5 [O(1)]
  10: f74->f84, B: 14 [O(1)]
  10: f74->f84, C: 0 [O(1)]
  10: f74->f84, D: 0 [O(1)]
  10: f74->f84, E: max{14, 0, E} [O(n)]
  8: f84->f84, A: 5 [O(1)]
  8: f84->f84, B: 14 [O(1)]
  8: f84->f84, C: 0 [O(1)]
  8: f84->f84, D: 5 [O(1)]
  8: f84->f84, E: max{14, 0, E} [O(n)]
  9: f84->f80, A: 5 [O(1)]
  9: f84->f80, B: 14 [O(1)]
  9: f84->f80, C: 0 [O(1)]
  9: f84->f80, D: 5 [O(1)]
  9: f84->f80, E: max{14, 0, E} [O(n)]
