Timebounds: 
  Overall timebound: inf [Infinity]
  0: f0->f55: 1 [O(1)]
  1: f55->f55: 5 [O(1)]
  3: f55->f55: 5 [O(1)]
  13: f55->f63: 1 [O(1)]
  4: f63->f66: 25 [O(1)]
  12: f63->f77: 1 [O(1)]
  5: f66->f66: inf [Infinity]
  11: f66->f63: inf [Infinity]
  6: f77->f83: 1 [O(1)]
  7: f77->f77: 15 [O(1)]
  10: f77->f87: 1 [O(1)]
  8: f87->f87: 5 [O(1)]
  9: f87->f83: 1 [O(1)]

Costbounds:
  Overall costbound: inf [Infinity]
  0: f0->f55: 1 [O(1)]
  1: f55->f55: 5 [O(1)]
  3: f55->f55: 5 [O(1)]
  13: f55->f63: 1 [O(1)]
  4: f63->f66: 25 [O(1)]
  12: f63->f77: 1 [O(1)]
  5: f66->f66: inf [Infinity]
  11: f66->f63: inf [Infinity]
  6: f77->f83: 1 [O(1)]
  7: f77->f77: 15 [O(1)]
  10: f77->f87: 1 [O(1)]
  8: f87->f87: 5 [O(1)]
  9: f87->f83: 1 [O(1)]

Sizebounds:
`Lower:
  0: f0->f55, A: 5 [O(1)]
  0: f0->f55, B: 15 [O(1)]
  0: f0->f55, C: 0 [O(1)]
  0: f0->f55, D: 0 [O(1)]
  0: f0->f55, E: E [O(n)]
  0: f0->f55, F: F [O(n)]
  0: f0->f55, G: G [O(n)]
  1: f55->f55, A: 5 [O(1)]
  1: f55->f55, B: 15 [O(1)]
  1: f55->f55, C: 0 [O(1)]
  1: f55->f55, D: 1 [O(1)]
  1: f55->f55, E: E [O(n)]
  1: f55->f55, F: F [O(n)]
  1: f55->f55, G: G [O(n)]
  3: f55->f55, A: 5 [O(1)]
  3: f55->f55, B: 15 [O(1)]
  3: f55->f55, C: 0 [O(1)]
  3: f55->f55, D: 2 [O(1)]
  3: f55->f55, E: E [O(n)]
  3: f55->f55, F: F [O(n)]
  3: f55->f55, G: G [O(n)]
  13: f55->f63, A: 5 [O(1)]
  13: f55->f63, B: 15 [O(1)]
  13: f55->f63, C: 0 [O(1)]
  13: f55->f63, D: 0 [O(1)]
  13: f55->f63, E: E [O(n)]
  13: f55->f63, F: F [O(n)]
  13: f55->f63, G: G [O(n)]
  4: f63->f66, A: 5 [O(1)]
  4: f63->f66, B: 15 [O(1)]
  4: f63->f66, C: 0 [O(1)]
  4: f63->f66, D: 0 [O(1)]
  4: f63->f66, E: 0 [O(1)]
  12: f63->f77, A: 5 [O(1)]
  12: f63->f77, B: 15 [O(1)]
  12: f63->f77, C: 0 [O(1)]
  12: f63->f77, D: 0 [O(1)]
  12: f63->f77, E: 15 [O(1)]
  5: f66->f66, A: 5 [O(1)]
  5: f66->f66, B: 15 [O(1)]
  5: f66->f66, C: 0 [O(1)]
  5: f66->f66, D: 0 [O(1)]
  5: f66->f66, E: 1 [O(1)]
  11: f66->f63, A: 5 [O(1)]
  11: f66->f63, B: 15 [O(1)]
  11: f66->f63, C: 0 [O(1)]
  11: f66->f63, D: 1 [O(1)]
  11: f66->f63, E: 15 [O(1)]
  6: f77->f83, A: 5 [O(1)]
  6: f77->f83, B: 15 [O(1)]
  6: f77->f83, C: 0 [O(1)]
  6: f77->f83, D: 0 [O(1)]
  6: f77->f83, E: 15 [O(1)]
  7: f77->f77, A: 5 [O(1)]
  7: f77->f77, B: 15 [O(1)]
  7: f77->f77, C: 0 [O(1)]
  7: f77->f77, D: 1 [O(1)]
  7: f77->f77, E: 15 [O(1)]
  10: f77->f87, A: 5 [O(1)]
  10: f77->f87, B: 15 [O(1)]
  10: f77->f87, C: 0 [O(1)]
  10: f77->f87, D: 0 [O(1)]
  10: f77->f87, E: 15 [O(1)]
  8: f87->f87, A: 5 [O(1)]
  8: f87->f87, B: 15 [O(1)]
  8: f87->f87, C: 0 [O(1)]
  8: f87->f87, D: 1 [O(1)]
  8: f87->f87, E: 15 [O(1)]
  9: f87->f83, A: 5 [O(1)]
  9: f87->f83, B: 15 [O(1)]
  9: f87->f83, C: 0 [O(1)]
  9: f87->f83, D: 5 [O(1)]
  9: f87->f83, E: 15 [O(1)]
`Upper:
  0: f0->f55, A: 5 [O(1)]
  0: f0->f55, B: 15 [O(1)]
  0: f0->f55, C: 0 [O(1)]
  0: f0->f55, D: 0 [O(1)]
  0: f0->f55, E: E [O(n)]
  0: f0->f55, F: F [O(n)]
  0: f0->f55, G: G [O(n)]
  1: f55->f55, A: 5 [O(1)]
  1: f55->f55, B: 15 [O(1)]
  1: f55->f55, C: 0 [O(1)]
  1: f55->f55, D: 1 [O(1)]
  1: f55->f55, E: E [O(n)]
  1: f55->f55, F: F [O(n)]
  1: f55->f55, G: G [O(n)]
  3: f55->f55, A: 5 [O(1)]
  3: f55->f55, B: 15 [O(1)]
  3: f55->f55, C: 0 [O(1)]
  3: f55->f55, D: 5 [O(1)]
  3: f55->f55, E: E [O(n)]
  3: f55->f55, F: F [O(n)]
  3: f55->f55, G: G [O(n)]
  13: f55->f63, A: 5 [O(1)]
  13: f55->f63, B: 15 [O(1)]
  13: f55->f63, C: 0 [O(1)]
  13: f55->f63, D: 0 [O(1)]
  13: f55->f63, E: E [O(n)]
  13: f55->f63, F: F [O(n)]
  13: f55->f63, G: G [O(n)]
  4: f63->f66, A: 5 [O(1)]
  4: f63->f66, B: 15 [O(1)]
  4: f63->f66, C: 0 [O(1)]
  4: f63->f66, D: 4 [O(1)]
  4: f63->f66, E: 0 [O(1)]
  12: f63->f77, A: 5 [O(1)]
  12: f63->f77, B: 15 [O(1)]
  12: f63->f77, C: 0 [O(1)]
  12: f63->f77, D: 0 [O(1)]
  12: f63->f77, E: 15 [O(1)]
  5: f66->f66, A: 5 [O(1)]
  5: f66->f66, B: 15 [O(1)]
  5: f66->f66, C: 0 [O(1)]
  5: f66->f66, D: 4 [O(1)]
  5: f66->f66, E: 15 [O(1)]
  11: f66->f63, A: 5 [O(1)]
  11: f66->f63, B: 15 [O(1)]
  11: f66->f63, C: 0 [O(1)]
  11: f66->f63, D: 5 [O(1)]
  11: f66->f63, E: 15 [O(1)]
  6: f77->f83, A: 5 [O(1)]
  6: f77->f83, B: 15 [O(1)]
  6: f77->f83, C: 0 [O(1)]
  6: f77->f83, D: 14 [O(1)]
  6: f77->f83, E: 15 [O(1)]
  7: f77->f77, A: 5 [O(1)]
  7: f77->f77, B: 15 [O(1)]
  7: f77->f77, C: 0 [O(1)]
  7: f77->f77, D: 15 [O(1)]
  7: f77->f77, E: 15 [O(1)]
  10: f77->f87, A: 5 [O(1)]
  10: f77->f87, B: 15 [O(1)]
  10: f77->f87, C: 0 [O(1)]
  10: f77->f87, D: 0 [O(1)]
  10: f77->f87, E: 15 [O(1)]
  8: f87->f87, A: 5 [O(1)]
  8: f87->f87, B: 15 [O(1)]
  8: f87->f87, C: 0 [O(1)]
  8: f87->f87, D: 5 [O(1)]
  8: f87->f87, E: 15 [O(1)]
  9: f87->f83, A: 5 [O(1)]
  9: f87->f83, B: 15 [O(1)]
  9: f87->f83, C: 0 [O(1)]
  9: f87->f83, D: 5 [O(1)]
  9: f87->f83, E: 15 [O(1)]
