Timebounds: 
  Overall timebound: inf [Infinity]
  0: f0->f58: 1 [O(1)]
  1: f58->f58: 5 [O(1)]
  3: f58->f58: 5 [O(1)]
  13: f58->f66: 1 [O(1)]
  4: f66->f69: 80 [O(1)]
  12: f66->f80: 1 [O(1)]
  5: f69->f69: inf [Infinity]
  11: f69->f66: inf [Infinity]
  6: f80->f86: 1 [O(1)]
  7: f80->f80: 100 [O(1)]
  10: f80->f90: 1 [O(1)]
  8: f90->f90: 5 [O(1)]
  9: f90->f86: 1 [O(1)]

Costbounds:
  Overall costbound: inf [Infinity]
  0: f0->f58: 1 [O(1)]
  1: f58->f58: 5 [O(1)]
  3: f58->f58: 5 [O(1)]
  13: f58->f66: 1 [O(1)]
  4: f66->f69: 80 [O(1)]
  12: f66->f80: 1 [O(1)]
  5: f69->f69: inf [Infinity]
  11: f69->f66: inf [Infinity]
  6: f80->f86: 1 [O(1)]
  7: f80->f80: 100 [O(1)]
  10: f80->f90: 1 [O(1)]
  8: f90->f90: 5 [O(1)]
  9: f90->f86: 1 [O(1)]

Sizebounds:
`Lower:
  0: f0->f58, A: 5 [O(1)]
  0: f0->f58, B: 16 [O(1)]
  0: f0->f58, C: 0 [O(1)]
  0: f0->f58, D: 0 [O(1)]
  0: f0->f58, E: E [O(n)]
  0: f0->f58, F: F [O(n)]
  0: f0->f58, G: G [O(n)]
  0: f0->f58, H: -inf [Infinity]
  0: f0->f58, I: -inf [Infinity]
  1: f58->f58, A: 5 [O(1)]
  1: f58->f58, B: 16 [O(1)]
  1: f58->f58, C: 0 [O(1)]
  1: f58->f58, D: 1 [O(1)]
  1: f58->f58, E: E [O(n)]
  1: f58->f58, F: F [O(n)]
  1: f58->f58, G: G [O(n)]
  1: f58->f58, H: -inf [Infinity]
  1: f58->f58, I: -inf [Infinity]
  3: f58->f58, A: 5 [O(1)]
  3: f58->f58, B: 16 [O(1)]
  3: f58->f58, C: 0 [O(1)]
  3: f58->f58, D: 2 [O(1)]
  3: f58->f58, E: E [O(n)]
  3: f58->f58, F: F [O(n)]
  3: f58->f58, G: G [O(n)]
  3: f58->f58, H: -inf [Infinity]
  3: f58->f58, I: -inf [Infinity]
  13: f58->f66, A: 5 [O(1)]
  13: f58->f66, B: 16 [O(1)]
  13: f58->f66, C: 0 [O(1)]
  13: f58->f66, D: 0 [O(1)]
  13: f58->f66, E: E [O(n)]
  13: f58->f66, F: F [O(n)]
  13: f58->f66, G: G [O(n)]
  13: f58->f66, H: -inf [Infinity]
  13: f58->f66, I: -inf [Infinity]
  4: f66->f69, A: 5 [O(1)]
  4: f66->f69, B: 16 [O(1)]
  4: f66->f69, C: 0 [O(1)]
  4: f66->f69, D: 0 [O(1)]
  4: f66->f69, E: 0 [O(1)]
  4: f66->f69, F: -inf [Infinity]
  4: f66->f69, G: -inf [Infinity]
  4: f66->f69, H: -inf [Infinity]
  4: f66->f69, I: -inf [Infinity]
  12: f66->f80, A: 5 [O(1)]
  12: f66->f80, B: 16 [O(1)]
  12: f66->f80, C: 0 [O(1)]
  12: f66->f80, D: 0 [O(1)]
  12: f66->f80, E: -max{-16, -E} [O(n)]
  12: f66->f80, F: -inf [Infinity]
  12: f66->f80, G: -inf [Infinity]
  12: f66->f80, H: -inf [Infinity]
  12: f66->f80, I: -inf [Infinity]
  5: f69->f69, A: 5 [O(1)]
  5: f69->f69, B: 16 [O(1)]
  5: f69->f69, C: 0 [O(1)]
  5: f69->f69, D: 0 [O(1)]
  5: f69->f69, E: 1 [O(1)]
  5: f69->f69, F: -inf [Infinity]
  5: f69->f69, G: -inf [Infinity]
  5: f69->f69, H: -inf [Infinity]
  5: f69->f69, I: -inf [Infinity]
  11: f69->f66, A: 5 [O(1)]
  11: f69->f66, B: 16 [O(1)]
  11: f69->f66, C: 0 [O(1)]
  11: f69->f66, D: 1 [O(1)]
  11: f69->f66, E: 16 [O(1)]
  11: f69->f66, F: -inf [Infinity]
  11: f69->f66, G: -inf [Infinity]
  11: f69->f66, H: -inf [Infinity]
  11: f69->f66, I: -inf [Infinity]
  6: f80->f86, A: 5 [O(1)]
  6: f80->f86, B: 16 [O(1)]
  6: f80->f86, C: 0 [O(1)]
  6: f80->f86, D: 0 [O(1)]
  6: f80->f86, E: -max{-16, -E} [O(n)]
  6: f80->f86, F: -inf [Infinity]
  6: f80->f86, G: -inf [Infinity]
  6: f80->f86, H: -inf [Infinity]
  6: f80->f86, I: -inf [Infinity]
  7: f80->f80, A: 5 [O(1)]
  7: f80->f80, B: 16 [O(1)]
  7: f80->f80, C: 0 [O(1)]
  7: f80->f80, D: 1 [O(1)]
  7: f80->f80, E: -max{-16, -E} [O(n)]
  7: f80->f80, F: -inf [Infinity]
  7: f80->f80, G: -inf [Infinity]
  7: f80->f80, H: -inf [Infinity]
  7: f80->f80, I: -inf [Infinity]
  10: f80->f90, A: 5 [O(1)]
  10: f80->f90, B: 16 [O(1)]
  10: f80->f90, C: 0 [O(1)]
  10: f80->f90, D: 0 [O(1)]
  10: f80->f90, E: -max{-16, -E} [O(n)]
  10: f80->f90, F: -inf [Infinity]
  10: f80->f90, G: -inf [Infinity]
  10: f80->f90, H: -inf [Infinity]
  10: f80->f90, I: -inf [Infinity]
  8: f90->f90, A: 5 [O(1)]
  8: f90->f90, B: 16 [O(1)]
  8: f90->f90, C: 0 [O(1)]
  8: f90->f90, D: 1 [O(1)]
  8: f90->f90, E: -max{-16, -E} [O(n)]
  8: f90->f90, F: -inf [Infinity]
  8: f90->f90, G: -inf [Infinity]
  8: f90->f90, H: -inf [Infinity]
  8: f90->f90, I: -inf [Infinity]
  9: f90->f86, A: 5 [O(1)]
  9: f90->f86, B: 16 [O(1)]
  9: f90->f86, C: 0 [O(1)]
  9: f90->f86, D: 5 [O(1)]
  9: f90->f86, E: -max{-16, -E} [O(n)]
  9: f90->f86, F: -inf [Infinity]
  9: f90->f86, G: -inf [Infinity]
  9: f90->f86, H: -inf [Infinity]
  9: f90->f86, I: -inf [Infinity]
`Upper:
  0: f0->f58, A: 5 [O(1)]
  0: f0->f58, B: 16 [O(1)]
  0: f0->f58, C: 0 [O(1)]
  0: f0->f58, D: 0 [O(1)]
  0: f0->f58, E: E [O(n)]
  0: f0->f58, F: F [O(n)]
  0: f0->f58, G: G [O(n)]
  0: f0->f58, H: inf [Infinity]
  0: f0->f58, I: inf [Infinity]
  1: f58->f58, A: 5 [O(1)]
  1: f58->f58, B: 16 [O(1)]
  1: f58->f58, C: 0 [O(1)]
  1: f58->f58, D: 1 [O(1)]
  1: f58->f58, E: E [O(n)]
  1: f58->f58, F: F [O(n)]
  1: f58->f58, G: G [O(n)]
  1: f58->f58, H: inf [Infinity]
  1: f58->f58, I: inf [Infinity]
  3: f58->f58, A: 5 [O(1)]
  3: f58->f58, B: 16 [O(1)]
  3: f58->f58, C: 0 [O(1)]
  3: f58->f58, D: 5 [O(1)]
  3: f58->f58, E: E [O(n)]
  3: f58->f58, F: F [O(n)]
  3: f58->f58, G: G [O(n)]
  3: f58->f58, H: inf [Infinity]
  3: f58->f58, I: inf [Infinity]
  13: f58->f66, A: 5 [O(1)]
  13: f58->f66, B: 16 [O(1)]
  13: f58->f66, C: 0 [O(1)]
  13: f58->f66, D: 0 [O(1)]
  13: f58->f66, E: E [O(n)]
  13: f58->f66, F: F [O(n)]
  13: f58->f66, G: G [O(n)]
  13: f58->f66, H: inf [Infinity]
  13: f58->f66, I: inf [Infinity]
  4: f66->f69, A: 5 [O(1)]
  4: f66->f69, B: 16 [O(1)]
  4: f66->f69, C: 0 [O(1)]
  4: f66->f69, D: 4 [O(1)]
  4: f66->f69, E: 0 [O(1)]
  4: f66->f69, F: inf [Infinity]
  4: f66->f69, G: inf [Infinity]
  4: f66->f69, H: inf [Infinity]
  4: f66->f69, I: inf [Infinity]
  12: f66->f80, A: 5 [O(1)]
  12: f66->f80, B: 16 [O(1)]
  12: f66->f80, C: 0 [O(1)]
  12: f66->f80, D: 0 [O(1)]
  12: f66->f80, E: max{16, E} [O(n)]
  12: f66->f80, F: inf [Infinity]
  12: f66->f80, G: inf [Infinity]
  12: f66->f80, H: inf [Infinity]
  12: f66->f80, I: inf [Infinity]
  5: f69->f69, A: 5 [O(1)]
  5: f69->f69, B: 16 [O(1)]
  5: f69->f69, C: 0 [O(1)]
  5: f69->f69, D: 4 [O(1)]
  5: f69->f69, E: 16 [O(1)]
  5: f69->f69, F: inf [Infinity]
  5: f69->f69, G: inf [Infinity]
  5: f69->f69, H: inf [Infinity]
  5: f69->f69, I: inf [Infinity]
  11: f69->f66, A: 5 [O(1)]
  11: f69->f66, B: 16 [O(1)]
  11: f69->f66, C: 0 [O(1)]
  11: f69->f66, D: 5 [O(1)]
  11: f69->f66, E: 16 [O(1)]
  11: f69->f66, F: inf [Infinity]
  11: f69->f66, G: inf [Infinity]
  11: f69->f66, H: inf [Infinity]
  11: f69->f66, I: inf [Infinity]
  6: f80->f86, A: 5 [O(1)]
  6: f80->f86, B: 16 [O(1)]
  6: f80->f86, C: 0 [O(1)]
  6: f80->f86, D: 15 [O(1)]
  6: f80->f86, E: max{16, E} [O(n)]
  6: f80->f86, F: inf [Infinity]
  6: f80->f86, G: inf [Infinity]
  6: f80->f86, H: inf [Infinity]
  6: f80->f86, I: inf [Infinity]
  7: f80->f80, A: 5 [O(1)]
  7: f80->f80, B: 16 [O(1)]
  7: f80->f80, C: 0 [O(1)]
  7: f80->f80, D: 16 [O(1)]
  7: f80->f80, E: max{16, E} [O(n)]
  7: f80->f80, F: inf [Infinity]
  7: f80->f80, G: inf [Infinity]
  7: f80->f80, H: inf [Infinity]
  7: f80->f80, I: inf [Infinity]
  10: f80->f90, A: 5 [O(1)]
  10: f80->f90, B: 16 [O(1)]
  10: f80->f90, C: 0 [O(1)]
  10: f80->f90, D: 0 [O(1)]
  10: f80->f90, E: max{16, E} [O(n)]
  10: f80->f90, F: inf [Infinity]
  10: f80->f90, G: inf [Infinity]
  10: f80->f90, H: inf [Infinity]
  10: f80->f90, I: inf [Infinity]
  8: f90->f90, A: 5 [O(1)]
  8: f90->f90, B: 16 [O(1)]
  8: f90->f90, C: 0 [O(1)]
  8: f90->f90, D: 5 [O(1)]
  8: f90->f90, E: max{16, E} [O(n)]
  8: f90->f90, F: inf [Infinity]
  8: f90->f90, G: inf [Infinity]
  8: f90->f90, H: inf [Infinity]
  8: f90->f90, I: inf [Infinity]
  9: f90->f86, A: 5 [O(1)]
  9: f90->f86, B: 16 [O(1)]
  9: f90->f86, C: 0 [O(1)]
  9: f90->f86, D: 5 [O(1)]
  9: f90->f86, E: max{16, E} [O(n)]
  9: f90->f86, F: inf [Infinity]
  9: f90->f86, G: inf [Infinity]
  9: f90->f86, H: inf [Infinity]
  9: f90->f86, I: inf [Infinity]
