Timebounds: 
  Overall timebound: inf [Infinity]
  0: f0->f61: 1 [O(1)]
  1: f61->f61: 5 [O(1)]
  3: f61->f61: 5 [O(1)]
  13: f61->f69: 1 [O(1)]
  4: f69->f72: 50 [O(1)]
  12: f69->f83: 1 [O(1)]
  5: f72->f72: inf [Infinity]
  11: f72->f69: inf [Infinity]
  6: f83->f89: 1 [O(1)]
  7: f83->f83: 20 [O(1)]
  10: f83->f93: 1 [O(1)]
  8: f93->f93: 5 [O(1)]
  9: f93->f89: 1 [O(1)]

Costbounds:
  Overall costbound: inf [Infinity]
  0: f0->f61: 1 [O(1)]
  1: f61->f61: 5 [O(1)]
  3: f61->f61: 5 [O(1)]
  13: f61->f69: 1 [O(1)]
  4: f69->f72: 50 [O(1)]
  12: f69->f83: 1 [O(1)]
  5: f72->f72: inf [Infinity]
  11: f72->f69: inf [Infinity]
  6: f83->f89: 1 [O(1)]
  7: f83->f83: 20 [O(1)]
  10: f83->f93: 1 [O(1)]
  8: f93->f93: 5 [O(1)]
  9: f93->f89: 1 [O(1)]

Sizebounds:
`Lower:
  0: f0->f61, A: 5 [O(1)]
  0: f0->f61, B: 17 [O(1)]
  0: f0->f61, C: 0 [O(1)]
  0: f0->f61, D: 0 [O(1)]
  0: f0->f61, E: E [O(n)]
  0: f0->f61, F: F [O(n)]
  0: f0->f61, G: G [O(n)]
  0: f0->f61, H: -inf [Infinity]
  0: f0->f61, I: -inf [Infinity]
  1: f61->f61, A: 5 [O(1)]
  1: f61->f61, B: 17 [O(1)]
  1: f61->f61, C: 0 [O(1)]
  1: f61->f61, D: 1 [O(1)]
  1: f61->f61, E: E [O(n)]
  1: f61->f61, F: F [O(n)]
  1: f61->f61, G: G [O(n)]
  1: f61->f61, H: -inf [Infinity]
  1: f61->f61, I: -inf [Infinity]
  3: f61->f61, A: 5 [O(1)]
  3: f61->f61, B: 17 [O(1)]
  3: f61->f61, C: 0 [O(1)]
  3: f61->f61, D: 2 [O(1)]
  3: f61->f61, E: E [O(n)]
  3: f61->f61, F: F [O(n)]
  3: f61->f61, G: G [O(n)]
  3: f61->f61, H: -inf [Infinity]
  3: f61->f61, I: -inf [Infinity]
  13: f61->f69, A: 5 [O(1)]
  13: f61->f69, B: 17 [O(1)]
  13: f61->f69, C: 0 [O(1)]
  13: f61->f69, D: 0 [O(1)]
  13: f61->f69, E: E [O(n)]
  13: f61->f69, F: F [O(n)]
  13: f61->f69, G: G [O(n)]
  13: f61->f69, H: -inf [Infinity]
  13: f61->f69, I: -inf [Infinity]
  4: f69->f72, A: 5 [O(1)]
  4: f69->f72, B: 17 [O(1)]
  4: f69->f72, C: 0 [O(1)]
  4: f69->f72, D: 0 [O(1)]
  4: f69->f72, E: 0 [O(1)]
  4: f69->f72, F: -inf [Infinity]
  4: f69->f72, G: -inf [Infinity]
  4: f69->f72, H: -inf [Infinity]
  4: f69->f72, I: -inf [Infinity]
  12: f69->f83, A: 5 [O(1)]
  12: f69->f83, B: 17 [O(1)]
  12: f69->f83, C: 0 [O(1)]
  12: f69->f83, D: 0 [O(1)]
  12: f69->f83, E: -max{-17, -E} [O(n)]
  12: f69->f83, F: -inf [Infinity]
  12: f69->f83, G: -inf [Infinity]
  12: f69->f83, H: -inf [Infinity]
  12: f69->f83, I: -inf [Infinity]
  5: f72->f72, A: 5 [O(1)]
  5: f72->f72, B: 17 [O(1)]
  5: f72->f72, C: 0 [O(1)]
  5: f72->f72, D: 0 [O(1)]
  5: f72->f72, E: 1 [O(1)]
  5: f72->f72, F: -inf [Infinity]
  5: f72->f72, G: -inf [Infinity]
  5: f72->f72, H: -inf [Infinity]
  5: f72->f72, I: -inf [Infinity]
  11: f72->f69, A: 5 [O(1)]
  11: f72->f69, B: 17 [O(1)]
  11: f72->f69, C: 0 [O(1)]
  11: f72->f69, D: 1 [O(1)]
  11: f72->f69, E: 17 [O(1)]
  11: f72->f69, F: -inf [Infinity]
  11: f72->f69, G: -inf [Infinity]
  11: f72->f69, H: -inf [Infinity]
  11: f72->f69, I: -inf [Infinity]
  6: f83->f89, A: 5 [O(1)]
  6: f83->f89, B: 17 [O(1)]
  6: f83->f89, C: 0 [O(1)]
  6: f83->f89, D: 0 [O(1)]
  6: f83->f89, E: -max{-17, -E} [O(n)]
  6: f83->f89, F: -inf [Infinity]
  6: f83->f89, G: -inf [Infinity]
  6: f83->f89, H: -inf [Infinity]
  6: f83->f89, I: -inf [Infinity]
  7: f83->f83, A: 5 [O(1)]
  7: f83->f83, B: 17 [O(1)]
  7: f83->f83, C: 0 [O(1)]
  7: f83->f83, D: 1 [O(1)]
  7: f83->f83, E: -max{-17, -E} [O(n)]
  7: f83->f83, F: -inf [Infinity]
  7: f83->f83, G: -inf [Infinity]
  7: f83->f83, H: -inf [Infinity]
  7: f83->f83, I: -inf [Infinity]
  10: f83->f93, A: 5 [O(1)]
  10: f83->f93, B: 17 [O(1)]
  10: f83->f93, C: 0 [O(1)]
  10: f83->f93, D: 0 [O(1)]
  10: f83->f93, E: -max{-17, -E} [O(n)]
  10: f83->f93, F: -inf [Infinity]
  10: f83->f93, G: -inf [Infinity]
  10: f83->f93, H: -inf [Infinity]
  10: f83->f93, I: -inf [Infinity]
  8: f93->f93, A: 5 [O(1)]
  8: f93->f93, B: 17 [O(1)]
  8: f93->f93, C: 0 [O(1)]
  8: f93->f93, D: 1 [O(1)]
  8: f93->f93, E: -max{-17, -E} [O(n)]
  8: f93->f93, F: -inf [Infinity]
  8: f93->f93, G: -inf [Infinity]
  8: f93->f93, H: -inf [Infinity]
  8: f93->f93, I: -inf [Infinity]
  9: f93->f89, A: 5 [O(1)]
  9: f93->f89, B: 17 [O(1)]
  9: f93->f89, C: 0 [O(1)]
  9: f93->f89, D: 5 [O(1)]
  9: f93->f89, E: -max{-17, -E} [O(n)]
  9: f93->f89, F: -inf [Infinity]
  9: f93->f89, G: -inf [Infinity]
  9: f93->f89, H: -inf [Infinity]
  9: f93->f89, I: -inf [Infinity]
`Upper:
  0: f0->f61, A: 5 [O(1)]
  0: f0->f61, B: 17 [O(1)]
  0: f0->f61, C: 0 [O(1)]
  0: f0->f61, D: 0 [O(1)]
  0: f0->f61, E: E [O(n)]
  0: f0->f61, F: F [O(n)]
  0: f0->f61, G: G [O(n)]
  0: f0->f61, H: inf [Infinity]
  0: f0->f61, I: inf [Infinity]
  1: f61->f61, A: 5 [O(1)]
  1: f61->f61, B: 17 [O(1)]
  1: f61->f61, C: 0 [O(1)]
  1: f61->f61, D: 1 [O(1)]
  1: f61->f61, E: E [O(n)]
  1: f61->f61, F: F [O(n)]
  1: f61->f61, G: G [O(n)]
  1: f61->f61, H: inf [Infinity]
  1: f61->f61, I: inf [Infinity]
  3: f61->f61, A: 5 [O(1)]
  3: f61->f61, B: 17 [O(1)]
  3: f61->f61, C: 0 [O(1)]
  3: f61->f61, D: 5 [O(1)]
  3: f61->f61, E: E [O(n)]
  3: f61->f61, F: F [O(n)]
  3: f61->f61, G: G [O(n)]
  3: f61->f61, H: inf [Infinity]
  3: f61->f61, I: inf [Infinity]
  13: f61->f69, A: 5 [O(1)]
  13: f61->f69, B: 17 [O(1)]
  13: f61->f69, C: 0 [O(1)]
  13: f61->f69, D: 0 [O(1)]
  13: f61->f69, E: E [O(n)]
  13: f61->f69, F: F [O(n)]
  13: f61->f69, G: G [O(n)]
  13: f61->f69, H: inf [Infinity]
  13: f61->f69, I: inf [Infinity]
  4: f69->f72, A: 5 [O(1)]
  4: f69->f72, B: 17 [O(1)]
  4: f69->f72, C: 0 [O(1)]
  4: f69->f72, D: 4 [O(1)]
  4: f69->f72, E: 0 [O(1)]
  4: f69->f72, F: inf [Infinity]
  4: f69->f72, G: inf [Infinity]
  4: f69->f72, H: inf [Infinity]
  4: f69->f72, I: inf [Infinity]
  12: f69->f83, A: 5 [O(1)]
  12: f69->f83, B: 17 [O(1)]
  12: f69->f83, C: 0 [O(1)]
  12: f69->f83, D: 0 [O(1)]
  12: f69->f83, E: max{17, E} [O(n)]
  12: f69->f83, F: inf [Infinity]
  12: f69->f83, G: inf [Infinity]
  12: f69->f83, H: inf [Infinity]
  12: f69->f83, I: inf [Infinity]
  5: f72->f72, A: 5 [O(1)]
  5: f72->f72, B: 17 [O(1)]
  5: f72->f72, C: 0 [O(1)]
  5: f72->f72, D: 4 [O(1)]
  5: f72->f72, E: 17 [O(1)]
  5: f72->f72, F: inf [Infinity]
  5: f72->f72, G: inf [Infinity]
  5: f72->f72, H: inf [Infinity]
  5: f72->f72, I: inf [Infinity]
  11: f72->f69, A: 5 [O(1)]
  11: f72->f69, B: 17 [O(1)]
  11: f72->f69, C: 0 [O(1)]
  11: f72->f69, D: 5 [O(1)]
  11: f72->f69, E: 17 [O(1)]
  11: f72->f69, F: inf [Infinity]
  11: f72->f69, G: inf [Infinity]
  11: f72->f69, H: inf [Infinity]
  11: f72->f69, I: inf [Infinity]
  6: f83->f89, A: 5 [O(1)]
  6: f83->f89, B: 17 [O(1)]
  6: f83->f89, C: 0 [O(1)]
  6: f83->f89, D: 16 [O(1)]
  6: f83->f89, E: max{17, E} [O(n)]
  6: f83->f89, F: inf [Infinity]
  6: f83->f89, G: inf [Infinity]
  6: f83->f89, H: inf [Infinity]
  6: f83->f89, I: inf [Infinity]
  7: f83->f83, A: 5 [O(1)]
  7: f83->f83, B: 17 [O(1)]
  7: f83->f83, C: 0 [O(1)]
  7: f83->f83, D: 17 [O(1)]
  7: f83->f83, E: max{17, E} [O(n)]
  7: f83->f83, F: inf [Infinity]
  7: f83->f83, G: inf [Infinity]
  7: f83->f83, H: inf [Infinity]
  7: f83->f83, I: inf [Infinity]
  10: f83->f93, A: 5 [O(1)]
  10: f83->f93, B: 17 [O(1)]
  10: f83->f93, C: 0 [O(1)]
  10: f83->f93, D: 0 [O(1)]
  10: f83->f93, E: max{17, E} [O(n)]
  10: f83->f93, F: inf [Infinity]
  10: f83->f93, G: inf [Infinity]
  10: f83->f93, H: inf [Infinity]
  10: f83->f93, I: inf [Infinity]
  8: f93->f93, A: 5 [O(1)]
  8: f93->f93, B: 17 [O(1)]
  8: f93->f93, C: 0 [O(1)]
  8: f93->f93, D: 5 [O(1)]
  8: f93->f93, E: max{17, E} [O(n)]
  8: f93->f93, F: inf [Infinity]
  8: f93->f93, G: inf [Infinity]
  8: f93->f93, H: inf [Infinity]
  8: f93->f93, I: inf [Infinity]
  9: f93->f89, A: 5 [O(1)]
  9: f93->f89, B: 17 [O(1)]
  9: f93->f89, C: 0 [O(1)]
  9: f93->f89, D: 5 [O(1)]
  9: f93->f89, E: max{17, E} [O(n)]
  9: f93->f89, F: inf [Infinity]
  9: f93->f89, G: inf [Infinity]
  9: f93->f89, H: inf [Infinity]
  9: f93->f89, I: inf [Infinity]
