Timebounds: 
  Overall timebound: 26+max{0, -13+-18*5+6*18}+max{9, 9+-13+-18*5+6*18}+max{0, 18*(-13+-18*5+6*18)} [O(1)]
  0: f0->f64: 1 [O(1)]
  1: f64->f64: 1 [O(1)]
  3: f64->f64: 5 [O(1)]
  13: f64->f72: 1 [O(1)]
  4: f72->f75: max{0, -13+-18*5+6*18} [O(1)]
  12: f72->f86: 1 [O(1)]
  5: f75->f75: max{0, 18*(-13+-18*5+6*18)} [O(1)]
  11: f75->f72: max{0, -13+-18*5+6*18} [O(1)]
  6: f86->f92: 1 [O(1)]
  7: f86->f86: 18 [O(1)]
  10: f86->f96: 1 [O(1)]
  8: f96->f96: 5 [O(1)]
  9: f96->f92: 1 [O(1)]

Costbounds:
  Overall costbound: 26+max{0, -13+-18*5+6*18}+max{9, 9+-13+-18*5+6*18}+max{0, 18*(-13+-18*5+6*18)} [O(1)]
  0: f0->f64: 1 [O(1)]
  1: f64->f64: 1 [O(1)]
  3: f64->f64: 5 [O(1)]
  13: f64->f72: 1 [O(1)]
  4: f72->f75: max{0, -13+-18*5+6*18} [O(1)]
  12: f72->f86: 1 [O(1)]
  5: f75->f75: max{0, 18*(-13+-18*5+6*18)} [O(1)]
  11: f75->f72: max{0, -13+-18*5+6*18} [O(1)]
  6: f86->f92: 1 [O(1)]
  7: f86->f86: 18 [O(1)]
  10: f86->f96: 1 [O(1)]
  8: f96->f96: 5 [O(1)]
  9: f96->f92: 1 [O(1)]

Sizebounds:
`Lower:
  0: f0->f64, A: 5 [O(1)]
  0: f0->f64, B: 18 [O(1)]
  0: f0->f64, C: 0 [O(1)]
  0: f0->f64, D: 0 [O(1)]
  0: f0->f64, E: E [O(n)]
  0: f0->f64, F: F [O(n)]
  0: f0->f64, G: G [O(n)]
  1: f64->f64, A: 5 [O(1)]
  1: f64->f64, B: 18 [O(1)]
  1: f64->f64, C: 0 [O(1)]
  1: f64->f64, D: 1 [O(1)]
  1: f64->f64, E: -max{0, -E} [O(n)]
  1: f64->f64, F: -max{0, -F} [O(n)]
  1: f64->f64, G: -max{0, -G} [O(n)]
  3: f64->f64, A: 5 [O(1)]
  3: f64->f64, B: 18 [O(1)]
  3: f64->f64, C: 0 [O(1)]
  3: f64->f64, D: 2 [O(1)]
  3: f64->f64, E: -max{0, -E} [O(n)]
  3: f64->f64, F: -max{0, -F} [O(n)]
  3: f64->f64, G: -max{0, -G} [O(n)]
  13: f64->f72, A: 5 [O(1)]
  13: f64->f72, B: 18 [O(1)]
  13: f64->f72, C: 0 [O(1)]
  13: f64->f72, D: 0 [O(1)]
  13: f64->f72, E: -max{0, -E} [O(n)]
  13: f64->f72, F: -max{0, -F} [O(n)]
  13: f64->f72, G: -max{0, -G} [O(n)]
  4: f72->f75, A: 5 [O(1)]
  4: f72->f75, B: 18 [O(1)]
  4: f72->f75, C: 0 [O(1)]
  4: f72->f75, D: 0 [O(1)]
  4: f72->f75, E: 0 [O(1)]
  12: f72->f86, A: 5 [O(1)]
  12: f72->f86, B: 18 [O(1)]
  12: f72->f86, C: 0 [O(1)]
  12: f72->f86, D: 0 [O(1)]
  12: f72->f86, E: -max{-18, 0, -E} [O(n)]
  5: f75->f75, A: 5 [O(1)]
  5: f75->f75, B: 18 [O(1)]
  5: f75->f75, C: 0 [O(1)]
  5: f75->f75, D: 0 [O(1)]
  5: f75->f75, E: 1 [O(1)]
  11: f75->f72, A: 5 [O(1)]
  11: f75->f72, B: 18 [O(1)]
  11: f75->f72, C: 0 [O(1)]
  11: f75->f72, D: 1 [O(1)]
  11: f75->f72, E: 18 [O(1)]
  6: f86->f92, A: 5 [O(1)]
  6: f86->f92, B: 18 [O(1)]
  6: f86->f92, C: 0 [O(1)]
  6: f86->f92, D: 0 [O(1)]
  6: f86->f92, E: -max{-18, 0, -E} [O(n)]
  7: f86->f86, A: 5 [O(1)]
  7: f86->f86, B: 18 [O(1)]
  7: f86->f86, C: 0 [O(1)]
  7: f86->f86, D: 1 [O(1)]
  7: f86->f86, E: -max{-18, 0, -E} [O(n)]
  10: f86->f96, A: 5 [O(1)]
  10: f86->f96, B: 18 [O(1)]
  10: f86->f96, C: 0 [O(1)]
  10: f86->f96, D: 0 [O(1)]
  10: f86->f96, E: -max{-18, 0, -E} [O(n)]
  8: f96->f96, A: 5 [O(1)]
  8: f96->f96, B: 18 [O(1)]
  8: f96->f96, C: 0 [O(1)]
  8: f96->f96, D: 1 [O(1)]
  8: f96->f96, E: -max{-18, 0, -E} [O(n)]
  9: f96->f92, A: 5 [O(1)]
  9: f96->f92, B: 18 [O(1)]
  9: f96->f92, C: 0 [O(1)]
  9: f96->f92, D: 5 [O(1)]
  9: f96->f92, E: -max{-18, 0, -E} [O(n)]
`Upper:
  0: f0->f64, A: 5 [O(1)]
  0: f0->f64, B: 18 [O(1)]
  0: f0->f64, C: 0 [O(1)]
  0: f0->f64, D: 0 [O(1)]
  0: f0->f64, E: E [O(n)]
  0: f0->f64, F: F [O(n)]
  0: f0->f64, G: G [O(n)]
  1: f64->f64, A: 5 [O(1)]
  1: f64->f64, B: 18 [O(1)]
  1: f64->f64, C: 0 [O(1)]
  1: f64->f64, D: 1 [O(1)]
  1: f64->f64, E: max{0, E} [O(n)]
  1: f64->f64, F: max{0, F} [O(n)]
  1: f64->f64, G: max{0, G} [O(n)]
  3: f64->f64, A: 5 [O(1)]
  3: f64->f64, B: 18 [O(1)]
  3: f64->f64, C: 0 [O(1)]
  3: f64->f64, D: 5 [O(1)]
  3: f64->f64, E: max{0, E} [O(n)]
  3: f64->f64, F: max{0, F} [O(n)]
  3: f64->f64, G: max{0, G} [O(n)]
  13: f64->f72, A: 5 [O(1)]
  13: f64->f72, B: 18 [O(1)]
  13: f64->f72, C: 0 [O(1)]
  13: f64->f72, D: 0 [O(1)]
  13: f64->f72, E: max{0, E} [O(n)]
  13: f64->f72, F: max{0, F} [O(n)]
  13: f64->f72, G: max{0, G} [O(n)]
  4: f72->f75, A: 5 [O(1)]
  4: f72->f75, B: 18 [O(1)]
  4: f72->f75, C: 0 [O(1)]
  4: f72->f75, D: 4 [O(1)]
  4: f72->f75, E: 0 [O(1)]
  12: f72->f86, A: 5 [O(1)]
  12: f72->f86, B: 18 [O(1)]
  12: f72->f86, C: 0 [O(1)]
  12: f72->f86, D: 0 [O(1)]
  12: f72->f86, E: max{18, 0, E} [O(n)]
  5: f75->f75, A: 5 [O(1)]
  5: f75->f75, B: 18 [O(1)]
  5: f75->f75, C: 0 [O(1)]
  5: f75->f75, D: 4 [O(1)]
  5: f75->f75, E: 18 [O(1)]
  11: f75->f72, A: 5 [O(1)]
  11: f75->f72, B: 18 [O(1)]
  11: f75->f72, C: 0 [O(1)]
  11: f75->f72, D: 5 [O(1)]
  11: f75->f72, E: 18 [O(1)]
  6: f86->f92, A: 5 [O(1)]
  6: f86->f92, B: 18 [O(1)]
  6: f86->f92, C: 0 [O(1)]
  6: f86->f92, D: 17 [O(1)]
  6: f86->f92, E: max{18, 0, E} [O(n)]
  7: f86->f86, A: 5 [O(1)]
  7: f86->f86, B: 18 [O(1)]
  7: f86->f86, C: 0 [O(1)]
  7: f86->f86, D: 18 [O(1)]
  7: f86->f86, E: max{18, 0, E} [O(n)]
  10: f86->f96, A: 5 [O(1)]
  10: f86->f96, B: 18 [O(1)]
  10: f86->f96, C: 0 [O(1)]
  10: f86->f96, D: 0 [O(1)]
  10: f86->f96, E: max{18, 0, E} [O(n)]
  8: f96->f96, A: 5 [O(1)]
  8: f96->f96, B: 18 [O(1)]
  8: f96->f96, C: 0 [O(1)]
  8: f96->f96, D: 5 [O(1)]
  8: f96->f96, E: max{18, 0, E} [O(n)]
  9: f96->f92, A: 5 [O(1)]
  9: f96->f92, B: 18 [O(1)]
  9: f96->f92, C: 0 [O(1)]
  9: f96->f92, D: 5 [O(1)]
  9: f96->f92, E: max{18, 0, E} [O(n)]
