Timebounds: 
  Overall timebound: inf [Infinity]
  0: f0->f67: 1 [O(1)]
  1: f67->f67: 100 [O(1)]
  3: f67->f67: 5 [O(1)]
  13: f67->f75: 1 [O(1)]
  4: f75->f78: 25 [O(1)]
  12: f75->f89: 1 [O(1)]
  5: f78->f78: inf [Infinity]
  11: f78->f75: inf [Infinity]
  6: f89->f95: 1 [O(1)]
  7: f89->f89: 20 [O(1)]
  10: f89->f99: 1 [O(1)]
  8: f99->f99: 5 [O(1)]
  9: f99->f95: 1 [O(1)]

Costbounds:
  Overall costbound: inf [Infinity]
  0: f0->f67: 1 [O(1)]
  1: f67->f67: 100 [O(1)]
  3: f67->f67: 5 [O(1)]
  13: f67->f75: 1 [O(1)]
  4: f75->f78: 25 [O(1)]
  12: f75->f89: 1 [O(1)]
  5: f78->f78: inf [Infinity]
  11: f78->f75: inf [Infinity]
  6: f89->f95: 1 [O(1)]
  7: f89->f89: 20 [O(1)]
  10: f89->f99: 1 [O(1)]
  8: f99->f99: 5 [O(1)]
  9: f99->f95: 1 [O(1)]

Sizebounds:
`Lower:
  0: f0->f67, A: 5 [O(1)]
  0: f0->f67, B: 19 [O(1)]
  0: f0->f67, C: 0 [O(1)]
  0: f0->f67, D: 0 [O(1)]
  0: f0->f67, E: E [O(n)]
  0: f0->f67, F: F [O(n)]
  0: f0->f67, G: G [O(n)]
  0: f0->f67, H: -inf [Infinity]
  0: f0->f67, I: -inf [Infinity]
  1: f67->f67, A: 5 [O(1)]
  1: f67->f67, B: 19 [O(1)]
  1: f67->f67, C: 0 [O(1)]
  1: f67->f67, D: 1 [O(1)]
  1: f67->f67, E: E [O(n)]
  1: f67->f67, F: F [O(n)]
  1: f67->f67, G: G [O(n)]
  1: f67->f67, H: -inf [Infinity]
  1: f67->f67, I: -inf [Infinity]
  3: f67->f67, A: 5 [O(1)]
  3: f67->f67, B: 19 [O(1)]
  3: f67->f67, C: 0 [O(1)]
  3: f67->f67, D: 2 [O(1)]
  3: f67->f67, E: E [O(n)]
  3: f67->f67, F: F [O(n)]
  3: f67->f67, G: G [O(n)]
  3: f67->f67, H: -inf [Infinity]
  3: f67->f67, I: -inf [Infinity]
  13: f67->f75, A: 5 [O(1)]
  13: f67->f75, B: 19 [O(1)]
  13: f67->f75, C: 0 [O(1)]
  13: f67->f75, D: 0 [O(1)]
  13: f67->f75, E: E [O(n)]
  13: f67->f75, F: F [O(n)]
  13: f67->f75, G: G [O(n)]
  13: f67->f75, H: -inf [Infinity]
  13: f67->f75, I: -inf [Infinity]
  4: f75->f78, A: 5 [O(1)]
  4: f75->f78, B: 19 [O(1)]
  4: f75->f78, C: 0 [O(1)]
  4: f75->f78, D: 0 [O(1)]
  4: f75->f78, E: 0 [O(1)]
  4: f75->f78, F: -inf [Infinity]
  4: f75->f78, G: -inf [Infinity]
  4: f75->f78, H: -inf [Infinity]
  4: f75->f78, I: -inf [Infinity]
  12: f75->f89, A: 5 [O(1)]
  12: f75->f89, B: 19 [O(1)]
  12: f75->f89, C: 0 [O(1)]
  12: f75->f89, D: 0 [O(1)]
  12: f75->f89, E: -max{-19, -E} [O(n)]
  12: f75->f89, F: -inf [Infinity]
  12: f75->f89, G: -inf [Infinity]
  12: f75->f89, H: -inf [Infinity]
  12: f75->f89, I: -inf [Infinity]
  5: f78->f78, A: 5 [O(1)]
  5: f78->f78, B: 19 [O(1)]
  5: f78->f78, C: 0 [O(1)]
  5: f78->f78, D: 0 [O(1)]
  5: f78->f78, E: 1 [O(1)]
  5: f78->f78, F: -inf [Infinity]
  5: f78->f78, G: -inf [Infinity]
  5: f78->f78, H: -inf [Infinity]
  5: f78->f78, I: -inf [Infinity]
  11: f78->f75, A: 5 [O(1)]
  11: f78->f75, B: 19 [O(1)]
  11: f78->f75, C: 0 [O(1)]
  11: f78->f75, D: 1 [O(1)]
  11: f78->f75, E: 19 [O(1)]
  11: f78->f75, F: -inf [Infinity]
  11: f78->f75, G: -inf [Infinity]
  11: f78->f75, H: -inf [Infinity]
  11: f78->f75, I: -inf [Infinity]
  6: f89->f95, A: 5 [O(1)]
  6: f89->f95, B: 19 [O(1)]
  6: f89->f95, C: 0 [O(1)]
  6: f89->f95, D: 0 [O(1)]
  6: f89->f95, E: -max{-19, -E} [O(n)]
  6: f89->f95, F: -inf [Infinity]
  6: f89->f95, G: -inf [Infinity]
  6: f89->f95, H: -inf [Infinity]
  6: f89->f95, I: -inf [Infinity]
  7: f89->f89, A: 5 [O(1)]
  7: f89->f89, B: 19 [O(1)]
  7: f89->f89, C: 0 [O(1)]
  7: f89->f89, D: 1 [O(1)]
  7: f89->f89, E: -max{-19, -E} [O(n)]
  7: f89->f89, F: -inf [Infinity]
  7: f89->f89, G: -inf [Infinity]
  7: f89->f89, H: -inf [Infinity]
  7: f89->f89, I: -inf [Infinity]
  10: f89->f99, A: 5 [O(1)]
  10: f89->f99, B: 19 [O(1)]
  10: f89->f99, C: 0 [O(1)]
  10: f89->f99, D: 0 [O(1)]
  10: f89->f99, E: -max{-19, -E} [O(n)]
  10: f89->f99, F: -inf [Infinity]
  10: f89->f99, G: -inf [Infinity]
  10: f89->f99, H: -inf [Infinity]
  10: f89->f99, I: -inf [Infinity]
  8: f99->f99, A: 5 [O(1)]
  8: f99->f99, B: 19 [O(1)]
  8: f99->f99, C: 0 [O(1)]
  8: f99->f99, D: 1 [O(1)]
  8: f99->f99, E: -max{-19, -E} [O(n)]
  8: f99->f99, F: -inf [Infinity]
  8: f99->f99, G: -inf [Infinity]
  8: f99->f99, H: -inf [Infinity]
  8: f99->f99, I: -inf [Infinity]
  9: f99->f95, A: 5 [O(1)]
  9: f99->f95, B: 19 [O(1)]
  9: f99->f95, C: 0 [O(1)]
  9: f99->f95, D: 5 [O(1)]
  9: f99->f95, E: -max{-19, -E} [O(n)]
  9: f99->f95, F: -inf [Infinity]
  9: f99->f95, G: -inf [Infinity]
  9: f99->f95, H: -inf [Infinity]
  9: f99->f95, I: -inf [Infinity]
`Upper:
  0: f0->f67, A: 5 [O(1)]
  0: f0->f67, B: 19 [O(1)]
  0: f0->f67, C: 0 [O(1)]
  0: f0->f67, D: 0 [O(1)]
  0: f0->f67, E: E [O(n)]
  0: f0->f67, F: F [O(n)]
  0: f0->f67, G: G [O(n)]
  0: f0->f67, H: inf [Infinity]
  0: f0->f67, I: inf [Infinity]
  1: f67->f67, A: 5 [O(1)]
  1: f67->f67, B: 19 [O(1)]
  1: f67->f67, C: 0 [O(1)]
  1: f67->f67, D: 1 [O(1)]
  1: f67->f67, E: E [O(n)]
  1: f67->f67, F: F [O(n)]
  1: f67->f67, G: G [O(n)]
  1: f67->f67, H: inf [Infinity]
  1: f67->f67, I: inf [Infinity]
  3: f67->f67, A: 5 [O(1)]
  3: f67->f67, B: 19 [O(1)]
  3: f67->f67, C: 0 [O(1)]
  3: f67->f67, D: 5 [O(1)]
  3: f67->f67, E: E [O(n)]
  3: f67->f67, F: F [O(n)]
  3: f67->f67, G: G [O(n)]
  3: f67->f67, H: inf [Infinity]
  3: f67->f67, I: inf [Infinity]
  13: f67->f75, A: 5 [O(1)]
  13: f67->f75, B: 19 [O(1)]
  13: f67->f75, C: 0 [O(1)]
  13: f67->f75, D: 0 [O(1)]
  13: f67->f75, E: E [O(n)]
  13: f67->f75, F: F [O(n)]
  13: f67->f75, G: G [O(n)]
  13: f67->f75, H: inf [Infinity]
  13: f67->f75, I: inf [Infinity]
  4: f75->f78, A: 5 [O(1)]
  4: f75->f78, B: 19 [O(1)]
  4: f75->f78, C: 0 [O(1)]
  4: f75->f78, D: 4 [O(1)]
  4: f75->f78, E: 0 [O(1)]
  4: f75->f78, F: inf [Infinity]
  4: f75->f78, G: inf [Infinity]
  4: f75->f78, H: inf [Infinity]
  4: f75->f78, I: inf [Infinity]
  12: f75->f89, A: 5 [O(1)]
  12: f75->f89, B: 19 [O(1)]
  12: f75->f89, C: 0 [O(1)]
  12: f75->f89, D: 0 [O(1)]
  12: f75->f89, E: max{19, E} [O(n)]
  12: f75->f89, F: inf [Infinity]
  12: f75->f89, G: inf [Infinity]
  12: f75->f89, H: inf [Infinity]
  12: f75->f89, I: inf [Infinity]
  5: f78->f78, A: 5 [O(1)]
  5: f78->f78, B: 19 [O(1)]
  5: f78->f78, C: 0 [O(1)]
  5: f78->f78, D: 4 [O(1)]
  5: f78->f78, E: 19 [O(1)]
  5: f78->f78, F: inf [Infinity]
  5: f78->f78, G: inf [Infinity]
  5: f78->f78, H: inf [Infinity]
  5: f78->f78, I: inf [Infinity]
  11: f78->f75, A: 5 [O(1)]
  11: f78->f75, B: 19 [O(1)]
  11: f78->f75, C: 0 [O(1)]
  11: f78->f75, D: 5 [O(1)]
  11: f78->f75, E: 19 [O(1)]
  11: f78->f75, F: inf [Infinity]
  11: f78->f75, G: inf [Infinity]
  11: f78->f75, H: inf [Infinity]
  11: f78->f75, I: inf [Infinity]
  6: f89->f95, A: 5 [O(1)]
  6: f89->f95, B: 19 [O(1)]
  6: f89->f95, C: 0 [O(1)]
  6: f89->f95, D: 18 [O(1)]
  6: f89->f95, E: max{19, E} [O(n)]
  6: f89->f95, F: inf [Infinity]
  6: f89->f95, G: inf [Infinity]
  6: f89->f95, H: inf [Infinity]
  6: f89->f95, I: inf [Infinity]
  7: f89->f89, A: 5 [O(1)]
  7: f89->f89, B: 19 [O(1)]
  7: f89->f89, C: 0 [O(1)]
  7: f89->f89, D: 19 [O(1)]
  7: f89->f89, E: max{19, E} [O(n)]
  7: f89->f89, F: inf [Infinity]
  7: f89->f89, G: inf [Infinity]
  7: f89->f89, H: inf [Infinity]
  7: f89->f89, I: inf [Infinity]
  10: f89->f99, A: 5 [O(1)]
  10: f89->f99, B: 19 [O(1)]
  10: f89->f99, C: 0 [O(1)]
  10: f89->f99, D: 0 [O(1)]
  10: f89->f99, E: max{19, E} [O(n)]
  10: f89->f99, F: inf [Infinity]
  10: f89->f99, G: inf [Infinity]
  10: f89->f99, H: inf [Infinity]
  10: f89->f99, I: inf [Infinity]
  8: f99->f99, A: 5 [O(1)]
  8: f99->f99, B: 19 [O(1)]
  8: f99->f99, C: 0 [O(1)]
  8: f99->f99, D: 5 [O(1)]
  8: f99->f99, E: max{19, E} [O(n)]
  8: f99->f99, F: inf [Infinity]
  8: f99->f99, G: inf [Infinity]
  8: f99->f99, H: inf [Infinity]
  8: f99->f99, I: inf [Infinity]
  9: f99->f95, A: 5 [O(1)]
  9: f99->f95, B: 19 [O(1)]
  9: f99->f95, C: 0 [O(1)]
  9: f99->f95, D: 5 [O(1)]
  9: f99->f95, E: max{19, E} [O(n)]
  9: f99->f95, F: inf [Infinity]
  9: f99->f95, G: inf [Infinity]
  9: f99->f95, H: inf [Infinity]
  9: f99->f95, I: inf [Infinity]
