Timebounds: 
  Overall timebound: inf [Infinity]
  0: f0->f70: 1 [O(1)]
  8: f102->f102: 5 [O(1)]
  9: f102->f98: 1 [O(1)]
  1: f70->f70: 25 [O(1)]
  3: f70->f70: 5 [O(1)]
  13: f70->f78: 1 [O(1)]
  4: f78->f81: 25 [O(1)]
  12: f78->f92: 1 [O(1)]
  5: f81->f81: inf [Infinity]
  11: f81->f78: inf [Infinity]
  6: f92->f98: 1 [O(1)]
  7: f92->f92: 20 [O(1)]
  10: f92->f102: 1 [O(1)]

Costbounds:
  Overall costbound: inf [Infinity]
  0: f0->f70: 1 [O(1)]
  8: f102->f102: 5 [O(1)]
  9: f102->f98: 1 [O(1)]
  1: f70->f70: 25 [O(1)]
  3: f70->f70: 5 [O(1)]
  13: f70->f78: 1 [O(1)]
  4: f78->f81: 25 [O(1)]
  12: f78->f92: 1 [O(1)]
  5: f81->f81: inf [Infinity]
  11: f81->f78: inf [Infinity]
  6: f92->f98: 1 [O(1)]
  7: f92->f92: 20 [O(1)]
  10: f92->f102: 1 [O(1)]

Sizebounds:
`Lower:
  0: f0->f70, A: 5 [O(1)]
  0: f0->f70, B: 20 [O(1)]
  0: f0->f70, C: 0 [O(1)]
  0: f0->f70, D: 0 [O(1)]
  0: f0->f70, E: E [O(n)]
  0: f0->f70, F: F [O(n)]
  0: f0->f70, G: G [O(n)]
  0: f0->f70, H: -inf [Infinity]
  0: f0->f70, I: -inf [Infinity]
  8: f102->f102, A: 5 [O(1)]
  8: f102->f102, B: 20 [O(1)]
  8: f102->f102, C: 0 [O(1)]
  8: f102->f102, D: 1 [O(1)]
  8: f102->f102, E: -max{-20, -E} [O(n)]
  8: f102->f102, F: -inf [Infinity]
  8: f102->f102, G: -inf [Infinity]
  8: f102->f102, H: -inf [Infinity]
  8: f102->f102, I: -inf [Infinity]
  9: f102->f98, A: 5 [O(1)]
  9: f102->f98, B: 20 [O(1)]
  9: f102->f98, C: 0 [O(1)]
  9: f102->f98, D: 5 [O(1)]
  9: f102->f98, E: -max{-20, -E} [O(n)]
  9: f102->f98, F: -inf [Infinity]
  9: f102->f98, G: -inf [Infinity]
  9: f102->f98, H: -inf [Infinity]
  9: f102->f98, I: -inf [Infinity]
  1: f70->f70, A: 5 [O(1)]
  1: f70->f70, B: 20 [O(1)]
  1: f70->f70, C: 0 [O(1)]
  1: f70->f70, D: 1 [O(1)]
  1: f70->f70, E: E [O(n)]
  1: f70->f70, F: F [O(n)]
  1: f70->f70, G: G [O(n)]
  1: f70->f70, H: -inf [Infinity]
  1: f70->f70, I: -inf [Infinity]
  3: f70->f70, A: 5 [O(1)]
  3: f70->f70, B: 20 [O(1)]
  3: f70->f70, C: 0 [O(1)]
  3: f70->f70, D: 2 [O(1)]
  3: f70->f70, E: E [O(n)]
  3: f70->f70, F: F [O(n)]
  3: f70->f70, G: G [O(n)]
  3: f70->f70, H: -inf [Infinity]
  3: f70->f70, I: -inf [Infinity]
  13: f70->f78, A: 5 [O(1)]
  13: f70->f78, B: 20 [O(1)]
  13: f70->f78, C: 0 [O(1)]
  13: f70->f78, D: 0 [O(1)]
  13: f70->f78, E: E [O(n)]
  13: f70->f78, F: F [O(n)]
  13: f70->f78, G: G [O(n)]
  13: f70->f78, H: -inf [Infinity]
  13: f70->f78, I: -inf [Infinity]
  4: f78->f81, A: 5 [O(1)]
  4: f78->f81, B: 20 [O(1)]
  4: f78->f81, C: 0 [O(1)]
  4: f78->f81, D: 0 [O(1)]
  4: f78->f81, E: 0 [O(1)]
  4: f78->f81, F: -inf [Infinity]
  4: f78->f81, G: -inf [Infinity]
  4: f78->f81, H: -inf [Infinity]
  4: f78->f81, I: -inf [Infinity]
  12: f78->f92, A: 5 [O(1)]
  12: f78->f92, B: 20 [O(1)]
  12: f78->f92, C: 0 [O(1)]
  12: f78->f92, D: 0 [O(1)]
  12: f78->f92, E: -max{-20, -E} [O(n)]
  12: f78->f92, F: -inf [Infinity]
  12: f78->f92, G: -inf [Infinity]
  12: f78->f92, H: -inf [Infinity]
  12: f78->f92, I: -inf [Infinity]
  5: f81->f81, A: 5 [O(1)]
  5: f81->f81, B: 20 [O(1)]
  5: f81->f81, C: 0 [O(1)]
  5: f81->f81, D: 0 [O(1)]
  5: f81->f81, E: 1 [O(1)]
  5: f81->f81, F: -inf [Infinity]
  5: f81->f81, G: -inf [Infinity]
  5: f81->f81, H: -inf [Infinity]
  5: f81->f81, I: -inf [Infinity]
  11: f81->f78, A: 5 [O(1)]
  11: f81->f78, B: 20 [O(1)]
  11: f81->f78, C: 0 [O(1)]
  11: f81->f78, D: 1 [O(1)]
  11: f81->f78, E: 20 [O(1)]
  11: f81->f78, F: -inf [Infinity]
  11: f81->f78, G: -inf [Infinity]
  11: f81->f78, H: -inf [Infinity]
  11: f81->f78, I: -inf [Infinity]
  6: f92->f98, A: 5 [O(1)]
  6: f92->f98, B: 20 [O(1)]
  6: f92->f98, C: 0 [O(1)]
  6: f92->f98, D: 0 [O(1)]
  6: f92->f98, E: -max{-20, -E} [O(n)]
  6: f92->f98, F: -inf [Infinity]
  6: f92->f98, G: -inf [Infinity]
  6: f92->f98, H: -inf [Infinity]
  6: f92->f98, I: -inf [Infinity]
  7: f92->f92, A: 5 [O(1)]
  7: f92->f92, B: 20 [O(1)]
  7: f92->f92, C: 0 [O(1)]
  7: f92->f92, D: 1 [O(1)]
  7: f92->f92, E: -max{-20, -E} [O(n)]
  7: f92->f92, F: -inf [Infinity]
  7: f92->f92, G: -inf [Infinity]
  7: f92->f92, H: -inf [Infinity]
  7: f92->f92, I: -inf [Infinity]
  10: f92->f102, A: 5 [O(1)]
  10: f92->f102, B: 20 [O(1)]
  10: f92->f102, C: 0 [O(1)]
  10: f92->f102, D: 0 [O(1)]
  10: f92->f102, E: -max{-20, -E} [O(n)]
  10: f92->f102, F: -inf [Infinity]
  10: f92->f102, G: -inf [Infinity]
  10: f92->f102, H: -inf [Infinity]
  10: f92->f102, I: -inf [Infinity]
`Upper:
  0: f0->f70, A: 5 [O(1)]
  0: f0->f70, B: 20 [O(1)]
  0: f0->f70, C: 0 [O(1)]
  0: f0->f70, D: 0 [O(1)]
  0: f0->f70, E: E [O(n)]
  0: f0->f70, F: F [O(n)]
  0: f0->f70, G: G [O(n)]
  0: f0->f70, H: inf [Infinity]
  0: f0->f70, I: inf [Infinity]
  8: f102->f102, A: 5 [O(1)]
  8: f102->f102, B: 20 [O(1)]
  8: f102->f102, C: 0 [O(1)]
  8: f102->f102, D: 5 [O(1)]
  8: f102->f102, E: max{20, E} [O(n)]
  8: f102->f102, F: inf [Infinity]
  8: f102->f102, G: inf [Infinity]
  8: f102->f102, H: inf [Infinity]
  8: f102->f102, I: inf [Infinity]
  9: f102->f98, A: 5 [O(1)]
  9: f102->f98, B: 20 [O(1)]
  9: f102->f98, C: 0 [O(1)]
  9: f102->f98, D: 5 [O(1)]
  9: f102->f98, E: max{20, E} [O(n)]
  9: f102->f98, F: inf [Infinity]
  9: f102->f98, G: inf [Infinity]
  9: f102->f98, H: inf [Infinity]
  9: f102->f98, I: inf [Infinity]
  1: f70->f70, A: 5 [O(1)]
  1: f70->f70, B: 20 [O(1)]
  1: f70->f70, C: 0 [O(1)]
  1: f70->f70, D: 1 [O(1)]
  1: f70->f70, E: E [O(n)]
  1: f70->f70, F: F [O(n)]
  1: f70->f70, G: G [O(n)]
  1: f70->f70, H: inf [Infinity]
  1: f70->f70, I: inf [Infinity]
  3: f70->f70, A: 5 [O(1)]
  3: f70->f70, B: 20 [O(1)]
  3: f70->f70, C: 0 [O(1)]
  3: f70->f70, D: 5 [O(1)]
  3: f70->f70, E: E [O(n)]
  3: f70->f70, F: F [O(n)]
  3: f70->f70, G: G [O(n)]
  3: f70->f70, H: inf [Infinity]
  3: f70->f70, I: inf [Infinity]
  13: f70->f78, A: 5 [O(1)]
  13: f70->f78, B: 20 [O(1)]
  13: f70->f78, C: 0 [O(1)]
  13: f70->f78, D: 0 [O(1)]
  13: f70->f78, E: E [O(n)]
  13: f70->f78, F: F [O(n)]
  13: f70->f78, G: G [O(n)]
  13: f70->f78, H: inf [Infinity]
  13: f70->f78, I: inf [Infinity]
  4: f78->f81, A: 5 [O(1)]
  4: f78->f81, B: 20 [O(1)]
  4: f78->f81, C: 0 [O(1)]
  4: f78->f81, D: 4 [O(1)]
  4: f78->f81, E: 0 [O(1)]
  4: f78->f81, F: inf [Infinity]
  4: f78->f81, G: inf [Infinity]
  4: f78->f81, H: inf [Infinity]
  4: f78->f81, I: inf [Infinity]
  12: f78->f92, A: 5 [O(1)]
  12: f78->f92, B: 20 [O(1)]
  12: f78->f92, C: 0 [O(1)]
  12: f78->f92, D: 0 [O(1)]
  12: f78->f92, E: max{20, E} [O(n)]
  12: f78->f92, F: inf [Infinity]
  12: f78->f92, G: inf [Infinity]
  12: f78->f92, H: inf [Infinity]
  12: f78->f92, I: inf [Infinity]
  5: f81->f81, A: 5 [O(1)]
  5: f81->f81, B: 20 [O(1)]
  5: f81->f81, C: 0 [O(1)]
  5: f81->f81, D: 4 [O(1)]
  5: f81->f81, E: 20 [O(1)]
  5: f81->f81, F: inf [Infinity]
  5: f81->f81, G: inf [Infinity]
  5: f81->f81, H: inf [Infinity]
  5: f81->f81, I: inf [Infinity]
  11: f81->f78, A: 5 [O(1)]
  11: f81->f78, B: 20 [O(1)]
  11: f81->f78, C: 0 [O(1)]
  11: f81->f78, D: 5 [O(1)]
  11: f81->f78, E: 20 [O(1)]
  11: f81->f78, F: inf [Infinity]
  11: f81->f78, G: inf [Infinity]
  11: f81->f78, H: inf [Infinity]
  11: f81->f78, I: inf [Infinity]
  6: f92->f98, A: 5 [O(1)]
  6: f92->f98, B: 20 [O(1)]
  6: f92->f98, C: 0 [O(1)]
  6: f92->f98, D: 19 [O(1)]
  6: f92->f98, E: max{20, E} [O(n)]
  6: f92->f98, F: inf [Infinity]
  6: f92->f98, G: inf [Infinity]
  6: f92->f98, H: inf [Infinity]
  6: f92->f98, I: inf [Infinity]
  7: f92->f92, A: 5 [O(1)]
  7: f92->f92, B: 20 [O(1)]
  7: f92->f92, C: 0 [O(1)]
  7: f92->f92, D: 20 [O(1)]
  7: f92->f92, E: max{20, E} [O(n)]
  7: f92->f92, F: inf [Infinity]
  7: f92->f92, G: inf [Infinity]
  7: f92->f92, H: inf [Infinity]
  7: f92->f92, I: inf [Infinity]
  10: f92->f102, A: 5 [O(1)]
  10: f92->f102, B: 20 [O(1)]
  10: f92->f102, C: 0 [O(1)]
  10: f92->f102, D: 0 [O(1)]
  10: f92->f102, E: max{20, E} [O(n)]
  10: f92->f102, F: inf [Infinity]
  10: f92->f102, G: inf [Infinity]
  10: f92->f102, H: inf [Infinity]
  10: f92->f102, I: inf [Infinity]
