Timebounds: 
  Overall timebound: 13+max{0, -15+4*5}+max{9, -6+4*5}+max{0, 5*(-15+4*5)} [O(1)]
  0: f0->f25: 1 [O(1)]
  1: f25->f25: 1 [O(1)]
  3: f25->f25: 5 [O(1)]
  13: f25->f33: 1 [O(1)]
  4: f33->f36: max{0, -15+4*5} [O(1)]
  12: f33->f47: 1 [O(1)]
  5: f36->f36: max{0, 5*(-15+4*5)} [O(1)]
  11: f36->f33: max{0, -15+4*5} [O(1)]
  6: f47->f53: 1 [O(1)]
  7: f47->f47: 5 [O(1)]
  10: f47->f57: 1 [O(1)]
  8: f57->f57: 5 [O(1)]
  9: f57->f53: 1 [O(1)]

Costbounds:
  Overall costbound: 13+max{0, -15+4*5}+max{9, 9+-3*5+4*5}+max{0, 5*(-15+4*5)} [O(1)]
  0: f0->f25: 1 [O(1)]
  1: f25->f25: 1 [O(1)]
  3: f25->f25: 5 [O(1)]
  13: f25->f33: 1 [O(1)]
  4: f33->f36: max{0, -3*5+4*5} [O(1)]
  12: f33->f47: 1 [O(1)]
  5: f36->f36: max{0, 5*(-15+4*5)} [O(1)]
  11: f36->f33: max{0, -15+4*5} [O(1)]
  6: f47->f53: 1 [O(1)]
  7: f47->f47: 5 [O(1)]
  10: f47->f57: 1 [O(1)]
  8: f57->f57: 5 [O(1)]
  9: f57->f53: 1 [O(1)]

Sizebounds:
`Lower:
  0: f0->f25, A: 5 [O(1)]
  0: f0->f25, B: 5 [O(1)]
  0: f0->f25, C: 0 [O(1)]
  0: f0->f25, D: 0 [O(1)]
  0: f0->f25, E: E [O(n)]
  0: f0->f25, F: F [O(n)]
  0: f0->f25, G: G [O(n)]
  1: f25->f25, A: 5 [O(1)]
  1: f25->f25, B: 5 [O(1)]
  1: f25->f25, C: 0 [O(1)]
  1: f25->f25, D: 1 [O(1)]
  1: f25->f25, E: -max{0, -E} [O(n)]
  1: f25->f25, F: -max{0, -F} [O(n)]
  1: f25->f25, G: -max{0, -G} [O(n)]
  3: f25->f25, A: 5 [O(1)]
  3: f25->f25, B: 5 [O(1)]
  3: f25->f25, C: 0 [O(1)]
  3: f25->f25, D: 2 [O(1)]
  3: f25->f25, E: -max{0, -E} [O(n)]
  3: f25->f25, F: -max{0, -F} [O(n)]
  3: f25->f25, G: -max{0, -G} [O(n)]
  13: f25->f33, A: 5 [O(1)]
  13: f25->f33, B: 5 [O(1)]
  13: f25->f33, C: 0 [O(1)]
  13: f25->f33, D: 0 [O(1)]
  13: f25->f33, E: -max{0, -E} [O(n)]
  13: f25->f33, F: -max{0, -F} [O(n)]
  13: f25->f33, G: -max{0, -G} [O(n)]
  4: f33->f36, A: 5 [O(1)]
  4: f33->f36, B: 5 [O(1)]
  4: f33->f36, C: 0 [O(1)]
  4: f33->f36, D: 0 [O(1)]
  4: f33->f36, E: 0 [O(1)]
  12: f33->f47, A: 5 [O(1)]
  12: f33->f47, B: 5 [O(1)]
  12: f33->f47, C: 0 [O(1)]
  12: f33->f47, D: 0 [O(1)]
  12: f33->f47, E: -max{-5, 0, -E} [O(n)]
  5: f36->f36, A: 5 [O(1)]
  5: f36->f36, B: 5 [O(1)]
  5: f36->f36, C: 0 [O(1)]
  5: f36->f36, D: 0 [O(1)]
  5: f36->f36, E: 1 [O(1)]
  11: f36->f33, A: 5 [O(1)]
  11: f36->f33, B: 5 [O(1)]
  11: f36->f33, C: 0 [O(1)]
  11: f36->f33, D: 1 [O(1)]
  11: f36->f33, E: 5 [O(1)]
  6: f47->f53, A: 5 [O(1)]
  6: f47->f53, B: 5 [O(1)]
  6: f47->f53, C: 0 [O(1)]
  6: f47->f53, D: 0 [O(1)]
  6: f47->f53, E: -max{-5, 0, -E} [O(n)]
  7: f47->f47, A: 5 [O(1)]
  7: f47->f47, B: 5 [O(1)]
  7: f47->f47, C: 0 [O(1)]
  7: f47->f47, D: 1 [O(1)]
  7: f47->f47, E: -max{-5, 0, -E} [O(n)]
  10: f47->f57, A: 5 [O(1)]
  10: f47->f57, B: 5 [O(1)]
  10: f47->f57, C: 0 [O(1)]
  10: f47->f57, D: 0 [O(1)]
  10: f47->f57, E: -max{-5, 0, -E} [O(n)]
  8: f57->f57, A: 5 [O(1)]
  8: f57->f57, B: 5 [O(1)]
  8: f57->f57, C: 0 [O(1)]
  8: f57->f57, D: 1 [O(1)]
  8: f57->f57, E: -max{-5, 0, -E} [O(n)]
  9: f57->f53, A: 5 [O(1)]
  9: f57->f53, B: 5 [O(1)]
  9: f57->f53, C: 0 [O(1)]
  9: f57->f53, D: 5 [O(1)]
  9: f57->f53, E: -max{-5, 0, -E} [O(n)]
`Upper:
  0: f0->f25, A: 5 [O(1)]
  0: f0->f25, B: 5 [O(1)]
  0: f0->f25, C: 0 [O(1)]
  0: f0->f25, D: 0 [O(1)]
  0: f0->f25, E: E [O(n)]
  0: f0->f25, F: F [O(n)]
  0: f0->f25, G: G [O(n)]
  1: f25->f25, A: 5 [O(1)]
  1: f25->f25, B: 5 [O(1)]
  1: f25->f25, C: 0 [O(1)]
  1: f25->f25, D: 1 [O(1)]
  1: f25->f25, E: max{0, E} [O(n)]
  1: f25->f25, F: max{0, F} [O(n)]
  1: f25->f25, G: max{0, G} [O(n)]
  3: f25->f25, A: 5 [O(1)]
  3: f25->f25, B: 5 [O(1)]
  3: f25->f25, C: 0 [O(1)]
  3: f25->f25, D: 5 [O(1)]
  3: f25->f25, E: max{0, E} [O(n)]
  3: f25->f25, F: max{0, F} [O(n)]
  3: f25->f25, G: max{0, G} [O(n)]
  13: f25->f33, A: 5 [O(1)]
  13: f25->f33, B: 5 [O(1)]
  13: f25->f33, C: 0 [O(1)]
  13: f25->f33, D: 0 [O(1)]
  13: f25->f33, E: max{0, E} [O(n)]
  13: f25->f33, F: max{0, F} [O(n)]
  13: f25->f33, G: max{0, G} [O(n)]
  4: f33->f36, A: 5 [O(1)]
  4: f33->f36, B: 5 [O(1)]
  4: f33->f36, C: 0 [O(1)]
  4: f33->f36, D: 4 [O(1)]
  4: f33->f36, E: 0 [O(1)]
  12: f33->f47, A: 5 [O(1)]
  12: f33->f47, B: 5 [O(1)]
  12: f33->f47, C: 0 [O(1)]
  12: f33->f47, D: 0 [O(1)]
  12: f33->f47, E: max{5, 0, E} [O(n)]
  5: f36->f36, A: 5 [O(1)]
  5: f36->f36, B: 5 [O(1)]
  5: f36->f36, C: 0 [O(1)]
  5: f36->f36, D: 4 [O(1)]
  5: f36->f36, E: 5 [O(1)]
  11: f36->f33, A: 5 [O(1)]
  11: f36->f33, B: 5 [O(1)]
  11: f36->f33, C: 0 [O(1)]
  11: f36->f33, D: 5 [O(1)]
  11: f36->f33, E: 5 [O(1)]
  6: f47->f53, A: 5 [O(1)]
  6: f47->f53, B: 5 [O(1)]
  6: f47->f53, C: 0 [O(1)]
  6: f47->f53, D: 4 [O(1)]
  6: f47->f53, E: max{5, 0, E} [O(n)]
  7: f47->f47, A: 5 [O(1)]
  7: f47->f47, B: 5 [O(1)]
  7: f47->f47, C: 0 [O(1)]
  7: f47->f47, D: 5 [O(1)]
  7: f47->f47, E: max{5, 0, E} [O(n)]
  10: f47->f57, A: 5 [O(1)]
  10: f47->f57, B: 5 [O(1)]
  10: f47->f57, C: 0 [O(1)]
  10: f47->f57, D: 0 [O(1)]
  10: f47->f57, E: max{5, 0, E} [O(n)]
  8: f57->f57, A: 5 [O(1)]
  8: f57->f57, B: 5 [O(1)]
  8: f57->f57, C: 0 [O(1)]
  8: f57->f57, D: 5 [O(1)]
  8: f57->f57, E: max{5, 0, E} [O(n)]
  9: f57->f53, A: 5 [O(1)]
  9: f57->f53, B: 5 [O(1)]
  9: f57->f53, C: 0 [O(1)]
  9: f57->f53, D: 5 [O(1)]
  9: f57->f53, E: max{5, 0, E} [O(n)]
