Timebounds: 
  Overall timebound: inf [Infinity]
  0: f0->f28: 1 [O(1)]
  1: f28->f28: 35 [O(1)]
  3: f28->f28: 5 [O(1)]
  13: f28->f36: 1 [O(1)]
  4: f36->f39: 25 [O(1)]
  12: f36->f50: 1 [O(1)]
  5: f39->f39: inf [Infinity]
  11: f39->f36: inf [Infinity]
  6: f50->f56: 1 [O(1)]
  7: f50->f50: 10 [O(1)]
  10: f50->f60: 1 [O(1)]
  8: f60->f60: 5 [O(1)]
  9: f60->f56: 1 [O(1)]

Costbounds:
  Overall costbound: inf [Infinity]
  0: f0->f28: 1 [O(1)]
  1: f28->f28: 35 [O(1)]
  3: f28->f28: 5 [O(1)]
  13: f28->f36: 1 [O(1)]
  4: f36->f39: 25 [O(1)]
  12: f36->f50: 1 [O(1)]
  5: f39->f39: inf [Infinity]
  11: f39->f36: inf [Infinity]
  6: f50->f56: 1 [O(1)]
  7: f50->f50: 10 [O(1)]
  10: f50->f60: 1 [O(1)]
  8: f60->f60: 5 [O(1)]
  9: f60->f56: 1 [O(1)]

Sizebounds:
`Lower:
  0: f0->f28, A: 5 [O(1)]
  0: f0->f28, B: 6 [O(1)]
  0: f0->f28, C: 0 [O(1)]
  0: f0->f28, D: 0 [O(1)]
  0: f0->f28, E: E [O(n)]
  0: f0->f28, F: F [O(n)]
  0: f0->f28, G: G [O(n)]
  0: f0->f28, H: -inf [Infinity]
  0: f0->f28, I: -inf [Infinity]
  1: f28->f28, A: 5 [O(1)]
  1: f28->f28, B: 6 [O(1)]
  1: f28->f28, C: 0 [O(1)]
  1: f28->f28, D: 1 [O(1)]
  1: f28->f28, E: E [O(n)]
  1: f28->f28, F: F [O(n)]
  1: f28->f28, G: G [O(n)]
  1: f28->f28, H: -inf [Infinity]
  1: f28->f28, I: -inf [Infinity]
  3: f28->f28, A: 5 [O(1)]
  3: f28->f28, B: 6 [O(1)]
  3: f28->f28, C: 0 [O(1)]
  3: f28->f28, D: 2 [O(1)]
  3: f28->f28, E: E [O(n)]
  3: f28->f28, F: F [O(n)]
  3: f28->f28, G: G [O(n)]
  3: f28->f28, H: -inf [Infinity]
  3: f28->f28, I: -inf [Infinity]
  13: f28->f36, A: 5 [O(1)]
  13: f28->f36, B: 6 [O(1)]
  13: f28->f36, C: 0 [O(1)]
  13: f28->f36, D: 0 [O(1)]
  13: f28->f36, E: E [O(n)]
  13: f28->f36, F: F [O(n)]
  13: f28->f36, G: G [O(n)]
  13: f28->f36, H: -inf [Infinity]
  13: f28->f36, I: -inf [Infinity]
  4: f36->f39, A: 5 [O(1)]
  4: f36->f39, B: 6 [O(1)]
  4: f36->f39, C: 0 [O(1)]
  4: f36->f39, D: 0 [O(1)]
  4: f36->f39, E: 0 [O(1)]
  4: f36->f39, F: -inf [Infinity]
  4: f36->f39, G: -inf [Infinity]
  4: f36->f39, H: -inf [Infinity]
  4: f36->f39, I: -inf [Infinity]
  12: f36->f50, A: 5 [O(1)]
  12: f36->f50, B: 6 [O(1)]
  12: f36->f50, C: 0 [O(1)]
  12: f36->f50, D: 0 [O(1)]
  12: f36->f50, E: -max{-6, -E} [O(n)]
  12: f36->f50, F: -inf [Infinity]
  12: f36->f50, G: -inf [Infinity]
  12: f36->f50, H: -inf [Infinity]
  12: f36->f50, I: -inf [Infinity]
  5: f39->f39, A: 5 [O(1)]
  5: f39->f39, B: 6 [O(1)]
  5: f39->f39, C: 0 [O(1)]
  5: f39->f39, D: 0 [O(1)]
  5: f39->f39, E: 1 [O(1)]
  5: f39->f39, F: -inf [Infinity]
  5: f39->f39, G: -inf [Infinity]
  5: f39->f39, H: -inf [Infinity]
  5: f39->f39, I: -inf [Infinity]
  11: f39->f36, A: 5 [O(1)]
  11: f39->f36, B: 6 [O(1)]
  11: f39->f36, C: 0 [O(1)]
  11: f39->f36, D: 1 [O(1)]
  11: f39->f36, E: 6 [O(1)]
  11: f39->f36, F: -inf [Infinity]
  11: f39->f36, G: -inf [Infinity]
  11: f39->f36, H: -inf [Infinity]
  11: f39->f36, I: -inf [Infinity]
  6: f50->f56, A: 5 [O(1)]
  6: f50->f56, B: 6 [O(1)]
  6: f50->f56, C: 0 [O(1)]
  6: f50->f56, D: 0 [O(1)]
  6: f50->f56, E: -max{-6, -E} [O(n)]
  6: f50->f56, F: -inf [Infinity]
  6: f50->f56, G: -inf [Infinity]
  6: f50->f56, H: -inf [Infinity]
  6: f50->f56, I: -inf [Infinity]
  7: f50->f50, A: 5 [O(1)]
  7: f50->f50, B: 6 [O(1)]
  7: f50->f50, C: 0 [O(1)]
  7: f50->f50, D: 1 [O(1)]
  7: f50->f50, E: -max{-6, -E} [O(n)]
  7: f50->f50, F: -inf [Infinity]
  7: f50->f50, G: -inf [Infinity]
  7: f50->f50, H: -inf [Infinity]
  7: f50->f50, I: -inf [Infinity]
  10: f50->f60, A: 5 [O(1)]
  10: f50->f60, B: 6 [O(1)]
  10: f50->f60, C: 0 [O(1)]
  10: f50->f60, D: 0 [O(1)]
  10: f50->f60, E: -max{-6, -E} [O(n)]
  10: f50->f60, F: -inf [Infinity]
  10: f50->f60, G: -inf [Infinity]
  10: f50->f60, H: -inf [Infinity]
  10: f50->f60, I: -inf [Infinity]
  8: f60->f60, A: 5 [O(1)]
  8: f60->f60, B: 6 [O(1)]
  8: f60->f60, C: 0 [O(1)]
  8: f60->f60, D: 1 [O(1)]
  8: f60->f60, E: -max{-6, -E} [O(n)]
  8: f60->f60, F: -inf [Infinity]
  8: f60->f60, G: -inf [Infinity]
  8: f60->f60, H: -inf [Infinity]
  8: f60->f60, I: -inf [Infinity]
  9: f60->f56, A: 5 [O(1)]
  9: f60->f56, B: 6 [O(1)]
  9: f60->f56, C: 0 [O(1)]
  9: f60->f56, D: 5 [O(1)]
  9: f60->f56, E: -max{-6, -E} [O(n)]
  9: f60->f56, F: -inf [Infinity]
  9: f60->f56, G: -inf [Infinity]
  9: f60->f56, H: -inf [Infinity]
  9: f60->f56, I: -inf [Infinity]
`Upper:
  0: f0->f28, A: 5 [O(1)]
  0: f0->f28, B: 6 [O(1)]
  0: f0->f28, C: 0 [O(1)]
  0: f0->f28, D: 0 [O(1)]
  0: f0->f28, E: E [O(n)]
  0: f0->f28, F: F [O(n)]
  0: f0->f28, G: G [O(n)]
  0: f0->f28, H: inf [Infinity]
  0: f0->f28, I: inf [Infinity]
  1: f28->f28, A: 5 [O(1)]
  1: f28->f28, B: 6 [O(1)]
  1: f28->f28, C: 0 [O(1)]
  1: f28->f28, D: 1 [O(1)]
  1: f28->f28, E: E [O(n)]
  1: f28->f28, F: F [O(n)]
  1: f28->f28, G: G [O(n)]
  1: f28->f28, H: inf [Infinity]
  1: f28->f28, I: inf [Infinity]
  3: f28->f28, A: 5 [O(1)]
  3: f28->f28, B: 6 [O(1)]
  3: f28->f28, C: 0 [O(1)]
  3: f28->f28, D: 5 [O(1)]
  3: f28->f28, E: E [O(n)]
  3: f28->f28, F: F [O(n)]
  3: f28->f28, G: G [O(n)]
  3: f28->f28, H: inf [Infinity]
  3: f28->f28, I: inf [Infinity]
  13: f28->f36, A: 5 [O(1)]
  13: f28->f36, B: 6 [O(1)]
  13: f28->f36, C: 0 [O(1)]
  13: f28->f36, D: 0 [O(1)]
  13: f28->f36, E: E [O(n)]
  13: f28->f36, F: F [O(n)]
  13: f28->f36, G: G [O(n)]
  13: f28->f36, H: inf [Infinity]
  13: f28->f36, I: inf [Infinity]
  4: f36->f39, A: 5 [O(1)]
  4: f36->f39, B: 6 [O(1)]
  4: f36->f39, C: 0 [O(1)]
  4: f36->f39, D: 4 [O(1)]
  4: f36->f39, E: 0 [O(1)]
  4: f36->f39, F: inf [Infinity]
  4: f36->f39, G: inf [Infinity]
  4: f36->f39, H: inf [Infinity]
  4: f36->f39, I: inf [Infinity]
  12: f36->f50, A: 5 [O(1)]
  12: f36->f50, B: 6 [O(1)]
  12: f36->f50, C: 0 [O(1)]
  12: f36->f50, D: 0 [O(1)]
  12: f36->f50, E: max{6, E} [O(n)]
  12: f36->f50, F: inf [Infinity]
  12: f36->f50, G: inf [Infinity]
  12: f36->f50, H: inf [Infinity]
  12: f36->f50, I: inf [Infinity]
  5: f39->f39, A: 5 [O(1)]
  5: f39->f39, B: 6 [O(1)]
  5: f39->f39, C: 0 [O(1)]
  5: f39->f39, D: 4 [O(1)]
  5: f39->f39, E: 6 [O(1)]
  5: f39->f39, F: inf [Infinity]
  5: f39->f39, G: inf [Infinity]
  5: f39->f39, H: inf [Infinity]
  5: f39->f39, I: inf [Infinity]
  11: f39->f36, A: 5 [O(1)]
  11: f39->f36, B: 6 [O(1)]
  11: f39->f36, C: 0 [O(1)]
  11: f39->f36, D: 5 [O(1)]
  11: f39->f36, E: 6 [O(1)]
  11: f39->f36, F: inf [Infinity]
  11: f39->f36, G: inf [Infinity]
  11: f39->f36, H: inf [Infinity]
  11: f39->f36, I: inf [Infinity]
  6: f50->f56, A: 5 [O(1)]
  6: f50->f56, B: 6 [O(1)]
  6: f50->f56, C: 0 [O(1)]
  6: f50->f56, D: 5 [O(1)]
  6: f50->f56, E: max{6, E} [O(n)]
  6: f50->f56, F: inf [Infinity]
  6: f50->f56, G: inf [Infinity]
  6: f50->f56, H: inf [Infinity]
  6: f50->f56, I: inf [Infinity]
  7: f50->f50, A: 5 [O(1)]
  7: f50->f50, B: 6 [O(1)]
  7: f50->f50, C: 0 [O(1)]
  7: f50->f50, D: 6 [O(1)]
  7: f50->f50, E: max{6, E} [O(n)]
  7: f50->f50, F: inf [Infinity]
  7: f50->f50, G: inf [Infinity]
  7: f50->f50, H: inf [Infinity]
  7: f50->f50, I: inf [Infinity]
  10: f50->f60, A: 5 [O(1)]
  10: f50->f60, B: 6 [O(1)]
  10: f50->f60, C: 0 [O(1)]
  10: f50->f60, D: 0 [O(1)]
  10: f50->f60, E: max{6, E} [O(n)]
  10: f50->f60, F: inf [Infinity]
  10: f50->f60, G: inf [Infinity]
  10: f50->f60, H: inf [Infinity]
  10: f50->f60, I: inf [Infinity]
  8: f60->f60, A: 5 [O(1)]
  8: f60->f60, B: 6 [O(1)]
  8: f60->f60, C: 0 [O(1)]
  8: f60->f60, D: 5 [O(1)]
  8: f60->f60, E: max{6, E} [O(n)]
  8: f60->f60, F: inf [Infinity]
  8: f60->f60, G: inf [Infinity]
  8: f60->f60, H: inf [Infinity]
  8: f60->f60, I: inf [Infinity]
  9: f60->f56, A: 5 [O(1)]
  9: f60->f56, B: 6 [O(1)]
  9: f60->f56, C: 0 [O(1)]
  9: f60->f56, D: 5 [O(1)]
  9: f60->f56, E: max{6, E} [O(n)]
  9: f60->f56, F: inf [Infinity]
  9: f60->f56, G: inf [Infinity]
  9: f60->f56, H: inf [Infinity]
  9: f60->f56, I: inf [Infinity]
