Timebounds: 
  Overall timebound: inf [Infinity]
  0: f0->f31: 1 [O(1)]
  1: f31->f31: 5 [O(1)]
  3: f31->f31: 5 [O(1)]
  13: f31->f39: 1 [O(1)]
  4: f39->f42: 25 [O(1)]
  12: f39->f53: 1 [O(1)]
  5: f42->f42: inf [Infinity]
  11: f42->f39: inf [Infinity]
  6: f53->f59: 1 [O(1)]
  7: f53->f53: 10 [O(1)]
  10: f53->f63: 1 [O(1)]
  8: f63->f63: 5 [O(1)]
  9: f63->f59: 1 [O(1)]

Costbounds:
  Overall costbound: inf [Infinity]
  0: f0->f31: 1 [O(1)]
  1: f31->f31: 5 [O(1)]
  3: f31->f31: 5 [O(1)]
  13: f31->f39: 1 [O(1)]
  4: f39->f42: 25 [O(1)]
  12: f39->f53: 1 [O(1)]
  5: f42->f42: inf [Infinity]
  11: f42->f39: inf [Infinity]
  6: f53->f59: 1 [O(1)]
  7: f53->f53: 10 [O(1)]
  10: f53->f63: 1 [O(1)]
  8: f63->f63: 5 [O(1)]
  9: f63->f59: 1 [O(1)]

Sizebounds:
`Lower:
  0: f0->f31, A: 5 [O(1)]
  0: f0->f31, B: 7 [O(1)]
  0: f0->f31, C: 0 [O(1)]
  0: f0->f31, D: 0 [O(1)]
  0: f0->f31, E: E [O(n)]
  0: f0->f31, F: F [O(n)]
  0: f0->f31, G: G [O(n)]
  0: f0->f31, H: -inf [Infinity]
  0: f0->f31, I: -inf [Infinity]
  1: f31->f31, A: 5 [O(1)]
  1: f31->f31, B: 7 [O(1)]
  1: f31->f31, C: 0 [O(1)]
  1: f31->f31, D: 1 [O(1)]
  1: f31->f31, E: E [O(n)]
  1: f31->f31, F: F [O(n)]
  1: f31->f31, G: G [O(n)]
  1: f31->f31, H: -inf [Infinity]
  1: f31->f31, I: -inf [Infinity]
  3: f31->f31, A: 5 [O(1)]
  3: f31->f31, B: 7 [O(1)]
  3: f31->f31, C: 0 [O(1)]
  3: f31->f31, D: 2 [O(1)]
  3: f31->f31, E: E [O(n)]
  3: f31->f31, F: F [O(n)]
  3: f31->f31, G: G [O(n)]
  3: f31->f31, H: -inf [Infinity]
  3: f31->f31, I: -inf [Infinity]
  13: f31->f39, A: 5 [O(1)]
  13: f31->f39, B: 7 [O(1)]
  13: f31->f39, C: 0 [O(1)]
  13: f31->f39, D: 0 [O(1)]
  13: f31->f39, E: E [O(n)]
  13: f31->f39, F: F [O(n)]
  13: f31->f39, G: G [O(n)]
  13: f31->f39, H: -inf [Infinity]
  13: f31->f39, I: -inf [Infinity]
  4: f39->f42, A: 5 [O(1)]
  4: f39->f42, B: 7 [O(1)]
  4: f39->f42, C: 0 [O(1)]
  4: f39->f42, D: 0 [O(1)]
  4: f39->f42, E: 0 [O(1)]
  4: f39->f42, F: -inf [Infinity]
  4: f39->f42, G: -inf [Infinity]
  4: f39->f42, H: -inf [Infinity]
  4: f39->f42, I: -inf [Infinity]
  12: f39->f53, A: 5 [O(1)]
  12: f39->f53, B: 7 [O(1)]
  12: f39->f53, C: 0 [O(1)]
  12: f39->f53, D: 0 [O(1)]
  12: f39->f53, E: -max{-7, -E} [O(n)]
  12: f39->f53, F: -inf [Infinity]
  12: f39->f53, G: -inf [Infinity]
  12: f39->f53, H: -inf [Infinity]
  12: f39->f53, I: -inf [Infinity]
  5: f42->f42, A: 5 [O(1)]
  5: f42->f42, B: 7 [O(1)]
  5: f42->f42, C: 0 [O(1)]
  5: f42->f42, D: 0 [O(1)]
  5: f42->f42, E: 1 [O(1)]
  5: f42->f42, F: -inf [Infinity]
  5: f42->f42, G: -inf [Infinity]
  5: f42->f42, H: -inf [Infinity]
  5: f42->f42, I: -inf [Infinity]
  11: f42->f39, A: 5 [O(1)]
  11: f42->f39, B: 7 [O(1)]
  11: f42->f39, C: 0 [O(1)]
  11: f42->f39, D: 1 [O(1)]
  11: f42->f39, E: 7 [O(1)]
  11: f42->f39, F: -inf [Infinity]
  11: f42->f39, G: -inf [Infinity]
  11: f42->f39, H: -inf [Infinity]
  11: f42->f39, I: -inf [Infinity]
  6: f53->f59, A: 5 [O(1)]
  6: f53->f59, B: 7 [O(1)]
  6: f53->f59, C: 0 [O(1)]
  6: f53->f59, D: 0 [O(1)]
  6: f53->f59, E: -max{-7, -E} [O(n)]
  6: f53->f59, F: -inf [Infinity]
  6: f53->f59, G: -inf [Infinity]
  6: f53->f59, H: -inf [Infinity]
  6: f53->f59, I: -inf [Infinity]
  7: f53->f53, A: 5 [O(1)]
  7: f53->f53, B: 7 [O(1)]
  7: f53->f53, C: 0 [O(1)]
  7: f53->f53, D: 1 [O(1)]
  7: f53->f53, E: -max{-7, -E} [O(n)]
  7: f53->f53, F: -inf [Infinity]
  7: f53->f53, G: -inf [Infinity]
  7: f53->f53, H: -inf [Infinity]
  7: f53->f53, I: -inf [Infinity]
  10: f53->f63, A: 5 [O(1)]
  10: f53->f63, B: 7 [O(1)]
  10: f53->f63, C: 0 [O(1)]
  10: f53->f63, D: 0 [O(1)]
  10: f53->f63, E: -max{-7, -E} [O(n)]
  10: f53->f63, F: -inf [Infinity]
  10: f53->f63, G: -inf [Infinity]
  10: f53->f63, H: -inf [Infinity]
  10: f53->f63, I: -inf [Infinity]
  8: f63->f63, A: 5 [O(1)]
  8: f63->f63, B: 7 [O(1)]
  8: f63->f63, C: 0 [O(1)]
  8: f63->f63, D: 1 [O(1)]
  8: f63->f63, E: -max{-7, -E} [O(n)]
  8: f63->f63, F: -inf [Infinity]
  8: f63->f63, G: -inf [Infinity]
  8: f63->f63, H: -inf [Infinity]
  8: f63->f63, I: -inf [Infinity]
  9: f63->f59, A: 5 [O(1)]
  9: f63->f59, B: 7 [O(1)]
  9: f63->f59, C: 0 [O(1)]
  9: f63->f59, D: 5 [O(1)]
  9: f63->f59, E: -max{-7, -E} [O(n)]
  9: f63->f59, F: -inf [Infinity]
  9: f63->f59, G: -inf [Infinity]
  9: f63->f59, H: -inf [Infinity]
  9: f63->f59, I: -inf [Infinity]
`Upper:
  0: f0->f31, A: 5 [O(1)]
  0: f0->f31, B: 7 [O(1)]
  0: f0->f31, C: 0 [O(1)]
  0: f0->f31, D: 0 [O(1)]
  0: f0->f31, E: E [O(n)]
  0: f0->f31, F: F [O(n)]
  0: f0->f31, G: G [O(n)]
  0: f0->f31, H: inf [Infinity]
  0: f0->f31, I: inf [Infinity]
  1: f31->f31, A: 5 [O(1)]
  1: f31->f31, B: 7 [O(1)]
  1: f31->f31, C: 0 [O(1)]
  1: f31->f31, D: 1 [O(1)]
  1: f31->f31, E: E [O(n)]
  1: f31->f31, F: F [O(n)]
  1: f31->f31, G: G [O(n)]
  1: f31->f31, H: inf [Infinity]
  1: f31->f31, I: inf [Infinity]
  3: f31->f31, A: 5 [O(1)]
  3: f31->f31, B: 7 [O(1)]
  3: f31->f31, C: 0 [O(1)]
  3: f31->f31, D: 5 [O(1)]
  3: f31->f31, E: E [O(n)]
  3: f31->f31, F: F [O(n)]
  3: f31->f31, G: G [O(n)]
  3: f31->f31, H: inf [Infinity]
  3: f31->f31, I: inf [Infinity]
  13: f31->f39, A: 5 [O(1)]
  13: f31->f39, B: 7 [O(1)]
  13: f31->f39, C: 0 [O(1)]
  13: f31->f39, D: 0 [O(1)]
  13: f31->f39, E: E [O(n)]
  13: f31->f39, F: F [O(n)]
  13: f31->f39, G: G [O(n)]
  13: f31->f39, H: inf [Infinity]
  13: f31->f39, I: inf [Infinity]
  4: f39->f42, A: 5 [O(1)]
  4: f39->f42, B: 7 [O(1)]
  4: f39->f42, C: 0 [O(1)]
  4: f39->f42, D: 4 [O(1)]
  4: f39->f42, E: 0 [O(1)]
  4: f39->f42, F: inf [Infinity]
  4: f39->f42, G: inf [Infinity]
  4: f39->f42, H: inf [Infinity]
  4: f39->f42, I: inf [Infinity]
  12: f39->f53, A: 5 [O(1)]
  12: f39->f53, B: 7 [O(1)]
  12: f39->f53, C: 0 [O(1)]
  12: f39->f53, D: 0 [O(1)]
  12: f39->f53, E: max{7, E} [O(n)]
  12: f39->f53, F: inf [Infinity]
  12: f39->f53, G: inf [Infinity]
  12: f39->f53, H: inf [Infinity]
  12: f39->f53, I: inf [Infinity]
  5: f42->f42, A: 5 [O(1)]
  5: f42->f42, B: 7 [O(1)]
  5: f42->f42, C: 0 [O(1)]
  5: f42->f42, D: 4 [O(1)]
  5: f42->f42, E: 7 [O(1)]
  5: f42->f42, F: inf [Infinity]
  5: f42->f42, G: inf [Infinity]
  5: f42->f42, H: inf [Infinity]
  5: f42->f42, I: inf [Infinity]
  11: f42->f39, A: 5 [O(1)]
  11: f42->f39, B: 7 [O(1)]
  11: f42->f39, C: 0 [O(1)]
  11: f42->f39, D: 5 [O(1)]
  11: f42->f39, E: 7 [O(1)]
  11: f42->f39, F: inf [Infinity]
  11: f42->f39, G: inf [Infinity]
  11: f42->f39, H: inf [Infinity]
  11: f42->f39, I: inf [Infinity]
  6: f53->f59, A: 5 [O(1)]
  6: f53->f59, B: 7 [O(1)]
  6: f53->f59, C: 0 [O(1)]
  6: f53->f59, D: 6 [O(1)]
  6: f53->f59, E: max{7, E} [O(n)]
  6: f53->f59, F: inf [Infinity]
  6: f53->f59, G: inf [Infinity]
  6: f53->f59, H: inf [Infinity]
  6: f53->f59, I: inf [Infinity]
  7: f53->f53, A: 5 [O(1)]
  7: f53->f53, B: 7 [O(1)]
  7: f53->f53, C: 0 [O(1)]
  7: f53->f53, D: 7 [O(1)]
  7: f53->f53, E: max{7, E} [O(n)]
  7: f53->f53, F: inf [Infinity]
  7: f53->f53, G: inf [Infinity]
  7: f53->f53, H: inf [Infinity]
  7: f53->f53, I: inf [Infinity]
  10: f53->f63, A: 5 [O(1)]
  10: f53->f63, B: 7 [O(1)]
  10: f53->f63, C: 0 [O(1)]
  10: f53->f63, D: 0 [O(1)]
  10: f53->f63, E: max{7, E} [O(n)]
  10: f53->f63, F: inf [Infinity]
  10: f53->f63, G: inf [Infinity]
  10: f53->f63, H: inf [Infinity]
  10: f53->f63, I: inf [Infinity]
  8: f63->f63, A: 5 [O(1)]
  8: f63->f63, B: 7 [O(1)]
  8: f63->f63, C: 0 [O(1)]
  8: f63->f63, D: 5 [O(1)]
  8: f63->f63, E: max{7, E} [O(n)]
  8: f63->f63, F: inf [Infinity]
  8: f63->f63, G: inf [Infinity]
  8: f63->f63, H: inf [Infinity]
  8: f63->f63, I: inf [Infinity]
  9: f63->f59, A: 5 [O(1)]
  9: f63->f59, B: 7 [O(1)]
  9: f63->f59, C: 0 [O(1)]
  9: f63->f59, D: 5 [O(1)]
  9: f63->f59, E: max{7, E} [O(n)]
  9: f63->f59, F: inf [Infinity]
  9: f63->f59, G: inf [Infinity]
  9: f63->f59, H: inf [Infinity]
  9: f63->f59, I: inf [Infinity]
