Timebounds: 
  Overall timebound: inf [Infinity]
  0: f0->f34: 1 [O(1)]
  1: f34->f34: 40 [O(1)]
  3: f34->f34: 5 [O(1)]
  13: f34->f42: 1 [O(1)]
  4: f42->f45: 25 [O(1)]
  12: f42->f56: 1 [O(1)]
  5: f45->f45: inf [Infinity]
  11: f45->f42: inf [Infinity]
  6: f56->f62: 1 [O(1)]
  7: f56->f56: 10 [O(1)]
  10: f56->f66: 1 [O(1)]
  8: f66->f66: 5 [O(1)]
  9: f66->f62: 1 [O(1)]

Costbounds:
  Overall costbound: inf [Infinity]
  0: f0->f34: 1 [O(1)]
  1: f34->f34: 40 [O(1)]
  3: f34->f34: 5 [O(1)]
  13: f34->f42: 1 [O(1)]
  4: f42->f45: 25 [O(1)]
  12: f42->f56: 1 [O(1)]
  5: f45->f45: inf [Infinity]
  11: f45->f42: inf [Infinity]
  6: f56->f62: 1 [O(1)]
  7: f56->f56: 10 [O(1)]
  10: f56->f66: 1 [O(1)]
  8: f66->f66: 5 [O(1)]
  9: f66->f62: 1 [O(1)]

Sizebounds:
`Lower:
  0: f0->f34, A: 5 [O(1)]
  0: f0->f34, B: 8 [O(1)]
  0: f0->f34, C: 0 [O(1)]
  0: f0->f34, D: 0 [O(1)]
  0: f0->f34, E: E [O(n)]
  0: f0->f34, F: F [O(n)]
  0: f0->f34, G: G [O(n)]
  0: f0->f34, H: -inf [Infinity]
  0: f0->f34, I: -inf [Infinity]
  1: f34->f34, A: 5 [O(1)]
  1: f34->f34, B: 8 [O(1)]
  1: f34->f34, C: 0 [O(1)]
  1: f34->f34, D: 1 [O(1)]
  1: f34->f34, E: E [O(n)]
  1: f34->f34, F: F [O(n)]
  1: f34->f34, G: G [O(n)]
  1: f34->f34, H: -inf [Infinity]
  1: f34->f34, I: -inf [Infinity]
  3: f34->f34, A: 5 [O(1)]
  3: f34->f34, B: 8 [O(1)]
  3: f34->f34, C: 0 [O(1)]
  3: f34->f34, D: 2 [O(1)]
  3: f34->f34, E: E [O(n)]
  3: f34->f34, F: F [O(n)]
  3: f34->f34, G: G [O(n)]
  3: f34->f34, H: -inf [Infinity]
  3: f34->f34, I: -inf [Infinity]
  13: f34->f42, A: 5 [O(1)]
  13: f34->f42, B: 8 [O(1)]
  13: f34->f42, C: 0 [O(1)]
  13: f34->f42, D: 0 [O(1)]
  13: f34->f42, E: E [O(n)]
  13: f34->f42, F: F [O(n)]
  13: f34->f42, G: G [O(n)]
  13: f34->f42, H: -inf [Infinity]
  13: f34->f42, I: -inf [Infinity]
  4: f42->f45, A: 5 [O(1)]
  4: f42->f45, B: 8 [O(1)]
  4: f42->f45, C: 0 [O(1)]
  4: f42->f45, D: 0 [O(1)]
  4: f42->f45, E: 0 [O(1)]
  4: f42->f45, F: -inf [Infinity]
  4: f42->f45, G: -inf [Infinity]
  4: f42->f45, H: -inf [Infinity]
  4: f42->f45, I: -inf [Infinity]
  12: f42->f56, A: 5 [O(1)]
  12: f42->f56, B: 8 [O(1)]
  12: f42->f56, C: 0 [O(1)]
  12: f42->f56, D: 0 [O(1)]
  12: f42->f56, E: -max{-8, -E} [O(n)]
  12: f42->f56, F: -inf [Infinity]
  12: f42->f56, G: -inf [Infinity]
  12: f42->f56, H: -inf [Infinity]
  12: f42->f56, I: -inf [Infinity]
  5: f45->f45, A: 5 [O(1)]
  5: f45->f45, B: 8 [O(1)]
  5: f45->f45, C: 0 [O(1)]
  5: f45->f45, D: 0 [O(1)]
  5: f45->f45, E: 1 [O(1)]
  5: f45->f45, F: -inf [Infinity]
  5: f45->f45, G: -inf [Infinity]
  5: f45->f45, H: -inf [Infinity]
  5: f45->f45, I: -inf [Infinity]
  11: f45->f42, A: 5 [O(1)]
  11: f45->f42, B: 8 [O(1)]
  11: f45->f42, C: 0 [O(1)]
  11: f45->f42, D: 1 [O(1)]
  11: f45->f42, E: 8 [O(1)]
  11: f45->f42, F: -inf [Infinity]
  11: f45->f42, G: -inf [Infinity]
  11: f45->f42, H: -inf [Infinity]
  11: f45->f42, I: -inf [Infinity]
  6: f56->f62, A: 5 [O(1)]
  6: f56->f62, B: 8 [O(1)]
  6: f56->f62, C: 0 [O(1)]
  6: f56->f62, D: 0 [O(1)]
  6: f56->f62, E: -max{-8, -E} [O(n)]
  6: f56->f62, F: -inf [Infinity]
  6: f56->f62, G: -inf [Infinity]
  6: f56->f62, H: -inf [Infinity]
  6: f56->f62, I: -inf [Infinity]
  7: f56->f56, A: 5 [O(1)]
  7: f56->f56, B: 8 [O(1)]
  7: f56->f56, C: 0 [O(1)]
  7: f56->f56, D: 1 [O(1)]
  7: f56->f56, E: -max{-8, -E} [O(n)]
  7: f56->f56, F: -inf [Infinity]
  7: f56->f56, G: -inf [Infinity]
  7: f56->f56, H: -inf [Infinity]
  7: f56->f56, I: -inf [Infinity]
  10: f56->f66, A: 5 [O(1)]
  10: f56->f66, B: 8 [O(1)]
  10: f56->f66, C: 0 [O(1)]
  10: f56->f66, D: 0 [O(1)]
  10: f56->f66, E: -max{-8, -E} [O(n)]
  10: f56->f66, F: -inf [Infinity]
  10: f56->f66, G: -inf [Infinity]
  10: f56->f66, H: -inf [Infinity]
  10: f56->f66, I: -inf [Infinity]
  8: f66->f66, A: 5 [O(1)]
  8: f66->f66, B: 8 [O(1)]
  8: f66->f66, C: 0 [O(1)]
  8: f66->f66, D: 1 [O(1)]
  8: f66->f66, E: -max{-8, -E} [O(n)]
  8: f66->f66, F: -inf [Infinity]
  8: f66->f66, G: -inf [Infinity]
  8: f66->f66, H: -inf [Infinity]
  8: f66->f66, I: -inf [Infinity]
  9: f66->f62, A: 5 [O(1)]
  9: f66->f62, B: 8 [O(1)]
  9: f66->f62, C: 0 [O(1)]
  9: f66->f62, D: 5 [O(1)]
  9: f66->f62, E: -max{-8, -E} [O(n)]
  9: f66->f62, F: -inf [Infinity]
  9: f66->f62, G: -inf [Infinity]
  9: f66->f62, H: -inf [Infinity]
  9: f66->f62, I: -inf [Infinity]
`Upper:
  0: f0->f34, A: 5 [O(1)]
  0: f0->f34, B: 8 [O(1)]
  0: f0->f34, C: 0 [O(1)]
  0: f0->f34, D: 0 [O(1)]
  0: f0->f34, E: E [O(n)]
  0: f0->f34, F: F [O(n)]
  0: f0->f34, G: G [O(n)]
  0: f0->f34, H: inf [Infinity]
  0: f0->f34, I: inf [Infinity]
  1: f34->f34, A: 5 [O(1)]
  1: f34->f34, B: 8 [O(1)]
  1: f34->f34, C: 0 [O(1)]
  1: f34->f34, D: 1 [O(1)]
  1: f34->f34, E: E [O(n)]
  1: f34->f34, F: F [O(n)]
  1: f34->f34, G: G [O(n)]
  1: f34->f34, H: inf [Infinity]
  1: f34->f34, I: inf [Infinity]
  3: f34->f34, A: 5 [O(1)]
  3: f34->f34, B: 8 [O(1)]
  3: f34->f34, C: 0 [O(1)]
  3: f34->f34, D: 5 [O(1)]
  3: f34->f34, E: E [O(n)]
  3: f34->f34, F: F [O(n)]
  3: f34->f34, G: G [O(n)]
  3: f34->f34, H: inf [Infinity]
  3: f34->f34, I: inf [Infinity]
  13: f34->f42, A: 5 [O(1)]
  13: f34->f42, B: 8 [O(1)]
  13: f34->f42, C: 0 [O(1)]
  13: f34->f42, D: 0 [O(1)]
  13: f34->f42, E: E [O(n)]
  13: f34->f42, F: F [O(n)]
  13: f34->f42, G: G [O(n)]
  13: f34->f42, H: inf [Infinity]
  13: f34->f42, I: inf [Infinity]
  4: f42->f45, A: 5 [O(1)]
  4: f42->f45, B: 8 [O(1)]
  4: f42->f45, C: 0 [O(1)]
  4: f42->f45, D: 4 [O(1)]
  4: f42->f45, E: 0 [O(1)]
  4: f42->f45, F: inf [Infinity]
  4: f42->f45, G: inf [Infinity]
  4: f42->f45, H: inf [Infinity]
  4: f42->f45, I: inf [Infinity]
  12: f42->f56, A: 5 [O(1)]
  12: f42->f56, B: 8 [O(1)]
  12: f42->f56, C: 0 [O(1)]
  12: f42->f56, D: 0 [O(1)]
  12: f42->f56, E: max{8, E} [O(n)]
  12: f42->f56, F: inf [Infinity]
  12: f42->f56, G: inf [Infinity]
  12: f42->f56, H: inf [Infinity]
  12: f42->f56, I: inf [Infinity]
  5: f45->f45, A: 5 [O(1)]
  5: f45->f45, B: 8 [O(1)]
  5: f45->f45, C: 0 [O(1)]
  5: f45->f45, D: 4 [O(1)]
  5: f45->f45, E: 8 [O(1)]
  5: f45->f45, F: inf [Infinity]
  5: f45->f45, G: inf [Infinity]
  5: f45->f45, H: inf [Infinity]
  5: f45->f45, I: inf [Infinity]
  11: f45->f42, A: 5 [O(1)]
  11: f45->f42, B: 8 [O(1)]
  11: f45->f42, C: 0 [O(1)]
  11: f45->f42, D: 5 [O(1)]
  11: f45->f42, E: 8 [O(1)]
  11: f45->f42, F: inf [Infinity]
  11: f45->f42, G: inf [Infinity]
  11: f45->f42, H: inf [Infinity]
  11: f45->f42, I: inf [Infinity]
  6: f56->f62, A: 5 [O(1)]
  6: f56->f62, B: 8 [O(1)]
  6: f56->f62, C: 0 [O(1)]
  6: f56->f62, D: 7 [O(1)]
  6: f56->f62, E: max{8, E} [O(n)]
  6: f56->f62, F: inf [Infinity]
  6: f56->f62, G: inf [Infinity]
  6: f56->f62, H: inf [Infinity]
  6: f56->f62, I: inf [Infinity]
  7: f56->f56, A: 5 [O(1)]
  7: f56->f56, B: 8 [O(1)]
  7: f56->f56, C: 0 [O(1)]
  7: f56->f56, D: 8 [O(1)]
  7: f56->f56, E: max{8, E} [O(n)]
  7: f56->f56, F: inf [Infinity]
  7: f56->f56, G: inf [Infinity]
  7: f56->f56, H: inf [Infinity]
  7: f56->f56, I: inf [Infinity]
  10: f56->f66, A: 5 [O(1)]
  10: f56->f66, B: 8 [O(1)]
  10: f56->f66, C: 0 [O(1)]
  10: f56->f66, D: 0 [O(1)]
  10: f56->f66, E: max{8, E} [O(n)]
  10: f56->f66, F: inf [Infinity]
  10: f56->f66, G: inf [Infinity]
  10: f56->f66, H: inf [Infinity]
  10: f56->f66, I: inf [Infinity]
  8: f66->f66, A: 5 [O(1)]
  8: f66->f66, B: 8 [O(1)]
  8: f66->f66, C: 0 [O(1)]
  8: f66->f66, D: 5 [O(1)]
  8: f66->f66, E: max{8, E} [O(n)]
  8: f66->f66, F: inf [Infinity]
  8: f66->f66, G: inf [Infinity]
  8: f66->f66, H: inf [Infinity]
  8: f66->f66, I: inf [Infinity]
  9: f66->f62, A: 5 [O(1)]
  9: f66->f62, B: 8 [O(1)]
  9: f66->f62, C: 0 [O(1)]
  9: f66->f62, D: 5 [O(1)]
  9: f66->f62, E: max{8, E} [O(n)]
  9: f66->f62, F: inf [Infinity]
  9: f66->f62, G: inf [Infinity]
  9: f66->f62, H: inf [Infinity]
  9: f66->f62, I: inf [Infinity]
