Timebounds: 
  Overall timebound: inf [Infinity]
  0: f0->f37: 1 [O(1)]
  1: f37->f37: 50 [O(1)]
  3: f37->f37: 5 [O(1)]
  13: f37->f45: 1 [O(1)]
  4: f45->f48: 80 [O(1)]
  12: f45->f59: 1 [O(1)]
  5: f48->f48: inf [Infinity]
  11: f48->f45: inf [Infinity]
  6: f59->f65: 1 [O(1)]
  7: f59->f59: 10 [O(1)]
  10: f59->f69: 1 [O(1)]
  8: f69->f69: 5 [O(1)]
  9: f69->f65: 1 [O(1)]

Costbounds:
  Overall costbound: inf [Infinity]
  0: f0->f37: 1 [O(1)]
  1: f37->f37: 50 [O(1)]
  3: f37->f37: 5 [O(1)]
  13: f37->f45: 1 [O(1)]
  4: f45->f48: 80 [O(1)]
  12: f45->f59: 1 [O(1)]
  5: f48->f48: inf [Infinity]
  11: f48->f45: inf [Infinity]
  6: f59->f65: 1 [O(1)]
  7: f59->f59: 10 [O(1)]
  10: f59->f69: 1 [O(1)]
  8: f69->f69: 5 [O(1)]
  9: f69->f65: 1 [O(1)]

Sizebounds:
`Lower:
  0: f0->f37, A: 5 [O(1)]
  0: f0->f37, B: 9 [O(1)]
  0: f0->f37, C: 0 [O(1)]
  0: f0->f37, D: 0 [O(1)]
  0: f0->f37, E: E [O(n)]
  0: f0->f37, F: F [O(n)]
  0: f0->f37, G: G [O(n)]
  1: f37->f37, A: 5 [O(1)]
  1: f37->f37, B: 9 [O(1)]
  1: f37->f37, C: 0 [O(1)]
  1: f37->f37, D: 1 [O(1)]
  1: f37->f37, E: E [O(n)]
  1: f37->f37, F: F [O(n)]
  1: f37->f37, G: G [O(n)]
  3: f37->f37, A: 5 [O(1)]
  3: f37->f37, B: 9 [O(1)]
  3: f37->f37, C: 0 [O(1)]
  3: f37->f37, D: 2 [O(1)]
  3: f37->f37, E: E [O(n)]
  3: f37->f37, F: F [O(n)]
  3: f37->f37, G: G [O(n)]
  13: f37->f45, A: 5 [O(1)]
  13: f37->f45, B: 9 [O(1)]
  13: f37->f45, C: 0 [O(1)]
  13: f37->f45, D: 0 [O(1)]
  13: f37->f45, E: E [O(n)]
  13: f37->f45, F: F [O(n)]
  13: f37->f45, G: G [O(n)]
  4: f45->f48, A: 5 [O(1)]
  4: f45->f48, B: 9 [O(1)]
  4: f45->f48, C: 0 [O(1)]
  4: f45->f48, D: 0 [O(1)]
  4: f45->f48, E: 0 [O(1)]
  12: f45->f59, A: 5 [O(1)]
  12: f45->f59, B: 9 [O(1)]
  12: f45->f59, C: 0 [O(1)]
  12: f45->f59, D: 0 [O(1)]
  12: f45->f59, E: 9 [O(1)]
  5: f48->f48, A: 5 [O(1)]
  5: f48->f48, B: 9 [O(1)]
  5: f48->f48, C: 0 [O(1)]
  5: f48->f48, D: 0 [O(1)]
  5: f48->f48, E: 1 [O(1)]
  11: f48->f45, A: 5 [O(1)]
  11: f48->f45, B: 9 [O(1)]
  11: f48->f45, C: 0 [O(1)]
  11: f48->f45, D: 1 [O(1)]
  11: f48->f45, E: 9 [O(1)]
  6: f59->f65, A: 5 [O(1)]
  6: f59->f65, B: 9 [O(1)]
  6: f59->f65, C: 0 [O(1)]
  6: f59->f65, D: 0 [O(1)]
  6: f59->f65, E: 9 [O(1)]
  7: f59->f59, A: 5 [O(1)]
  7: f59->f59, B: 9 [O(1)]
  7: f59->f59, C: 0 [O(1)]
  7: f59->f59, D: 1 [O(1)]
  7: f59->f59, E: 9 [O(1)]
  10: f59->f69, A: 5 [O(1)]
  10: f59->f69, B: 9 [O(1)]
  10: f59->f69, C: 0 [O(1)]
  10: f59->f69, D: 0 [O(1)]
  10: f59->f69, E: 9 [O(1)]
  8: f69->f69, A: 5 [O(1)]
  8: f69->f69, B: 9 [O(1)]
  8: f69->f69, C: 0 [O(1)]
  8: f69->f69, D: 1 [O(1)]
  8: f69->f69, E: 9 [O(1)]
  9: f69->f65, A: 5 [O(1)]
  9: f69->f65, B: 9 [O(1)]
  9: f69->f65, C: 0 [O(1)]
  9: f69->f65, D: 5 [O(1)]
  9: f69->f65, E: 9 [O(1)]
`Upper:
  0: f0->f37, A: 5 [O(1)]
  0: f0->f37, B: 9 [O(1)]
  0: f0->f37, C: 0 [O(1)]
  0: f0->f37, D: 0 [O(1)]
  0: f0->f37, E: E [O(n)]
  0: f0->f37, F: F [O(n)]
  0: f0->f37, G: G [O(n)]
  1: f37->f37, A: 5 [O(1)]
  1: f37->f37, B: 9 [O(1)]
  1: f37->f37, C: 0 [O(1)]
  1: f37->f37, D: 1 [O(1)]
  1: f37->f37, E: E [O(n)]
  1: f37->f37, F: F [O(n)]
  1: f37->f37, G: G [O(n)]
  3: f37->f37, A: 5 [O(1)]
  3: f37->f37, B: 9 [O(1)]
  3: f37->f37, C: 0 [O(1)]
  3: f37->f37, D: 5 [O(1)]
  3: f37->f37, E: E [O(n)]
  3: f37->f37, F: F [O(n)]
  3: f37->f37, G: G [O(n)]
  13: f37->f45, A: 5 [O(1)]
  13: f37->f45, B: 9 [O(1)]
  13: f37->f45, C: 0 [O(1)]
  13: f37->f45, D: 0 [O(1)]
  13: f37->f45, E: E [O(n)]
  13: f37->f45, F: F [O(n)]
  13: f37->f45, G: G [O(n)]
  4: f45->f48, A: 5 [O(1)]
  4: f45->f48, B: 9 [O(1)]
  4: f45->f48, C: 0 [O(1)]
  4: f45->f48, D: 4 [O(1)]
  4: f45->f48, E: 0 [O(1)]
  12: f45->f59, A: 5 [O(1)]
  12: f45->f59, B: 9 [O(1)]
  12: f45->f59, C: 0 [O(1)]
  12: f45->f59, D: 0 [O(1)]
  12: f45->f59, E: 9 [O(1)]
  5: f48->f48, A: 5 [O(1)]
  5: f48->f48, B: 9 [O(1)]
  5: f48->f48, C: 0 [O(1)]
  5: f48->f48, D: 4 [O(1)]
  5: f48->f48, E: 9 [O(1)]
  11: f48->f45, A: 5 [O(1)]
  11: f48->f45, B: 9 [O(1)]
  11: f48->f45, C: 0 [O(1)]
  11: f48->f45, D: 5 [O(1)]
  11: f48->f45, E: 9 [O(1)]
  6: f59->f65, A: 5 [O(1)]
  6: f59->f65, B: 9 [O(1)]
  6: f59->f65, C: 0 [O(1)]
  6: f59->f65, D: 8 [O(1)]
  6: f59->f65, E: 9 [O(1)]
  7: f59->f59, A: 5 [O(1)]
  7: f59->f59, B: 9 [O(1)]
  7: f59->f59, C: 0 [O(1)]
  7: f59->f59, D: 9 [O(1)]
  7: f59->f59, E: 9 [O(1)]
  10: f59->f69, A: 5 [O(1)]
  10: f59->f69, B: 9 [O(1)]
  10: f59->f69, C: 0 [O(1)]
  10: f59->f69, D: 0 [O(1)]
  10: f59->f69, E: 9 [O(1)]
  8: f69->f69, A: 5 [O(1)]
  8: f69->f69, B: 9 [O(1)]
  8: f69->f69, C: 0 [O(1)]
  8: f69->f69, D: 5 [O(1)]
  8: f69->f69, E: 9 [O(1)]
  9: f69->f65, A: 5 [O(1)]
  9: f69->f65, B: 9 [O(1)]
  9: f69->f65, C: 0 [O(1)]
  9: f69->f65, D: 5 [O(1)]
  9: f69->f65, E: 9 [O(1)]
