Timebounds: 
  Overall timebound: 34 [O(1)]
  0: f0->f5: 1 [O(1)]
  1: f5->f5: 16 [O(1)]
  2: f5->f5: 16 [O(1)]
  3: f5->f27: 1 [O(1)]

Costbounds:
  Overall costbound: 34 [O(1)]
  0: f0->f5: 1 [O(1)]
  1: f5->f5: 16 [O(1)]
  2: f5->f5: 16 [O(1)]
  3: f5->f27: 1 [O(1)]

Sizebounds:
`Lower:
  0: f0->f5, A: K [O(n)]
  0: f0->f5, B: 0 [O(1)]
  0: f0->f5, C: 0 [O(1)]
  0: f0->f5, D: D [O(n)]
  0: f0->f5, E: E [O(n)]
  0: f0->f5, F: F [O(n)]
  0: f0->f5, G: G [O(n)]
  0: f0->f5, H: H [O(n)]
  0: f0->f5, I: I [O(n)]
  0: f0->f5, J: J [O(n)]
  0: f0->f5, K: -inf [Infinity]
  0: f0->f5, L: -inf [Infinity]
  1: f5->f5, A: K [O(n)]
  1: f5->f5, B: 1 [O(1)]
  1: f5->f5, C: 1 [O(1)]
  1: f5->f5, D: 1 [O(1)]
  1: f5->f5, E: E [O(n)]
  1: f5->f5, F: F [O(n)]
  1: f5->f5, G: G [O(n)]
  1: f5->f5, H: H [O(n)]
  1: f5->f5, I: I [O(n)]
  1: f5->f5, J: J [O(n)]
  1: f5->f5, K: -inf [Infinity]
  1: f5->f5, L: -inf [Infinity]
  2: f5->f5, A: K [O(n)]
  2: f5->f5, B: 0 [O(1)]
  2: f5->f5, C: 1 [O(1)]
  2: f5->f5, D: 0 [O(1)]
  2: f5->f5, E: E [O(n)]
  2: f5->f5, F: F [O(n)]
  2: f5->f5, G: G [O(n)]
  2: f5->f5, H: H [O(n)]
  2: f5->f5, I: I [O(n)]
  2: f5->f5, J: J [O(n)]
  2: f5->f5, K: -inf [Infinity]
  2: f5->f5, L: -inf [Infinity]
  3: f5->f27, A: K [O(n)]
  3: f5->f27, B: 0 [O(1)]
  3: f5->f27, C: 16 [O(1)]
  3: f5->f27, D: -max{0, -D} [O(n)]
  3: f5->f27, E: 0 [O(1)]
  3: f5->f27, F: 0 [O(1)]
  3: f5->f27, G: -inf [Infinity]
  3: f5->f27, H: -inf [Infinity]
  3: f5->f27, I: -inf [Infinity]
  3: f5->f27, J: -inf [Infinity]
  3: f5->f27, K: -inf [Infinity]
  3: f5->f27, L: -inf [Infinity]
`Upper:
  0: f0->f5, A: K [O(n)]
  0: f0->f5, B: 0 [O(1)]
  0: f0->f5, C: 0 [O(1)]
  0: f0->f5, D: D [O(n)]
  0: f0->f5, E: E [O(n)]
  0: f0->f5, F: F [O(n)]
  0: f0->f5, G: G [O(n)]
  0: f0->f5, H: H [O(n)]
  0: f0->f5, I: I [O(n)]
  0: f0->f5, J: J [O(n)]
  0: f0->f5, K: inf [Infinity]
  0: f0->f5, L: inf [Infinity]
  1: f5->f5, A: K [O(n)]
  1: f5->f5, B: 16 [O(1)]
  1: f5->f5, C: 16 [O(1)]
  1: f5->f5, D: 1 [O(1)]
  1: f5->f5, E: E [O(n)]
  1: f5->f5, F: F [O(n)]
  1: f5->f5, G: G [O(n)]
  1: f5->f5, H: H [O(n)]
  1: f5->f5, I: I [O(n)]
  1: f5->f5, J: J [O(n)]
  1: f5->f5, K: inf [Infinity]
  1: f5->f5, L: inf [Infinity]
  2: f5->f5, A: K [O(n)]
  2: f5->f5, B: 15 [O(1)]
  2: f5->f5, C: 16 [O(1)]
  2: f5->f5, D: 0 [O(1)]
  2: f5->f5, E: E [O(n)]
  2: f5->f5, F: F [O(n)]
  2: f5->f5, G: G [O(n)]
  2: f5->f5, H: H [O(n)]
  2: f5->f5, I: I [O(n)]
  2: f5->f5, J: J [O(n)]
  2: f5->f5, K: inf [Infinity]
  2: f5->f5, L: inf [Infinity]
  3: f5->f27, A: K [O(n)]
  3: f5->f27, B: 16 [O(1)]
  3: f5->f27, C: 16 [O(1)]
  3: f5->f27, D: max{1, D} [O(n)]
  3: f5->f27, E: 16 [O(1)]
  3: f5->f27, F: 16 [O(1)]
  3: f5->f27, G: inf [Infinity]
  3: f5->f27, H: inf [Infinity]
  3: f5->f27, I: inf [Infinity]
  3: f5->f27, J: inf [Infinity]
  3: f5->f27, K: inf [Infinity]
  3: f5->f27, L: inf [Infinity]
