Timebounds: 
  Overall timebound: 66 [O(1)]
  0: f0->f5: 1 [O(1)]
  1: f5->f5: 32 [O(1)]
  2: f5->f5: 32 [O(1)]
  3: f5->f28: 1 [O(1)]

Costbounds:
  Overall costbound: 66 [O(1)]
  0: f0->f5: 1 [O(1)]
  1: f5->f5: 32 [O(1)]
  2: f5->f5: 32 [O(1)]
  3: f5->f28: 1 [O(1)]

Sizebounds:
`Lower:
  0: f0->f5, A: K [O(n)]
  0: f0->f5, B: 0 [O(1)]
  0: f0->f5, C: 0 [O(1)]
  0: f0->f5, D: D [O(n)]
  0: f0->f5, E: E [O(n)]
  0: f0->f5, F: F [O(n)]
  0: f0->f5, G: G [O(n)]
  0: f0->f5, H: H [O(n)]
  0: f0->f5, I: I [O(n)]
  0: f0->f5, J: J [O(n)]
  0: f0->f5, K: -inf [Infinity]
  0: f0->f5, L: -inf [Infinity]
  1: f5->f5, A: K [O(n)]
  1: f5->f5, B: 1 [O(1)]
  1: f5->f5, C: 1 [O(1)]
  1: f5->f5, D: 1 [O(1)]
  1: f5->f5, E: E [O(n)]
  1: f5->f5, F: F [O(n)]
  1: f5->f5, G: G [O(n)]
  1: f5->f5, H: H [O(n)]
  1: f5->f5, I: I [O(n)]
  1: f5->f5, J: J [O(n)]
  1: f5->f5, K: -inf [Infinity]
  1: f5->f5, L: -inf [Infinity]
  2: f5->f5, A: K [O(n)]
  2: f5->f5, B: 0 [O(1)]
  2: f5->f5, C: 1 [O(1)]
  2: f5->f5, D: 0 [O(1)]
  2: f5->f5, E: E [O(n)]
  2: f5->f5, F: F [O(n)]
  2: f5->f5, G: G [O(n)]
  2: f5->f5, H: H [O(n)]
  2: f5->f5, I: I [O(n)]
  2: f5->f5, J: J [O(n)]
  2: f5->f5, K: -inf [Infinity]
  2: f5->f5, L: -inf [Infinity]
  3: f5->f28, A: K [O(n)]
  3: f5->f28, B: 0 [O(1)]
  3: f5->f28, C: 32 [O(1)]
  3: f5->f28, D: -max{0, -D} [O(n)]
  3: f5->f28, E: 0 [O(1)]
  3: f5->f28, F: 0 [O(1)]
  3: f5->f28, G: -inf [Infinity]
  3: f5->f28, H: -inf [Infinity]
  3: f5->f28, I: -inf [Infinity]
  3: f5->f28, J: -inf [Infinity]
  3: f5->f28, K: -inf [Infinity]
  3: f5->f28, L: -inf [Infinity]
`Upper:
  0: f0->f5, A: K [O(n)]
  0: f0->f5, B: 0 [O(1)]
  0: f0->f5, C: 0 [O(1)]
  0: f0->f5, D: D [O(n)]
  0: f0->f5, E: E [O(n)]
  0: f0->f5, F: F [O(n)]
  0: f0->f5, G: G [O(n)]
  0: f0->f5, H: H [O(n)]
  0: f0->f5, I: I [O(n)]
  0: f0->f5, J: J [O(n)]
  0: f0->f5, K: inf [Infinity]
  0: f0->f5, L: inf [Infinity]
  1: f5->f5, A: K [O(n)]
  1: f5->f5, B: 32 [O(1)]
  1: f5->f5, C: 32 [O(1)]
  1: f5->f5, D: 1 [O(1)]
  1: f5->f5, E: E [O(n)]
  1: f5->f5, F: F [O(n)]
  1: f5->f5, G: G [O(n)]
  1: f5->f5, H: H [O(n)]
  1: f5->f5, I: I [O(n)]
  1: f5->f5, J: J [O(n)]
  1: f5->f5, K: inf [Infinity]
  1: f5->f5, L: inf [Infinity]
  2: f5->f5, A: K [O(n)]
  2: f5->f5, B: 31 [O(1)]
  2: f5->f5, C: 32 [O(1)]
  2: f5->f5, D: 0 [O(1)]
  2: f5->f5, E: E [O(n)]
  2: f5->f5, F: F [O(n)]
  2: f5->f5, G: G [O(n)]
  2: f5->f5, H: H [O(n)]
  2: f5->f5, I: I [O(n)]
  2: f5->f5, J: J [O(n)]
  2: f5->f5, K: inf [Infinity]
  2: f5->f5, L: inf [Infinity]
  3: f5->f28, A: K [O(n)]
  3: f5->f28, B: 32 [O(1)]
  3: f5->f28, C: 32 [O(1)]
  3: f5->f28, D: max{1, D} [O(n)]
  3: f5->f28, E: 32 [O(1)]
  3: f5->f28, F: 32 [O(1)]
  3: f5->f28, G: inf [Infinity]
  3: f5->f28, H: inf [Infinity]
  3: f5->f28, I: inf [Infinity]
  3: f5->f28, J: inf [Infinity]
  3: f5->f28, K: inf [Infinity]
  3: f5->f28, L: inf [Infinity]
