Timebounds: 
  Overall timebound: inf [Infinity]
  0: f0->f6: 1 [O(1)]
  4: f12->f6: inf [Infinity]
  5: f12->f6: inf [Infinity]
  1: f6->f12: inf [Infinity]
  2: f6->f12: inf [Infinity]
  3: f6->f6: inf [Infinity]
  6: f6->f20: 1 [O(1)]

Costbounds:
  Overall costbound: inf [Infinity]
  0: f0->f6: 1 [O(1)]
  4: f12->f6: inf [Infinity]
  5: f12->f6: inf [Infinity]
  1: f6->f12: inf [Infinity]
  2: f6->f12: inf [Infinity]
  3: f6->f6: inf [Infinity]
  6: f6->f20: 1 [O(1)]

Sizebounds:
`Lower:
  0: f0->f6, A: 8 [O(1)]
  0: f0->f6, B: 0 [O(1)]
  0: f0->f6, C: 14 [O(1)]
  0: f0->f6, D: -1 [O(1)]
  0: f0->f6, E: E [O(n)]
  0: f0->f6, F: F [O(n)]
  0: f0->f6, G: G [O(n)]
  0: f0->f6, H: -inf [Infinity]
  0: f0->f6, I: -inf [Infinity]
  4: f12->f6, A: 8 [O(1)]
  4: f12->f6, B: -inf [Infinity]
  4: f12->f6, C: -inf [Infinity]
  4: f12->f6, D: -inf [Infinity]
  4: f12->f6, E: -inf [Infinity]
  4: f12->f6, F: F [O(n)]
  4: f12->f6, G: G [O(n)]
  4: f12->f6, H: -inf [Infinity]
  4: f12->f6, I: -inf [Infinity]
  5: f12->f6, A: 8 [O(1)]
  5: f12->f6, B: -inf [Infinity]
  5: f12->f6, C: -inf [Infinity]
  5: f12->f6, D: -inf [Infinity]
  5: f12->f6, E: -inf [Infinity]
  5: f12->f6, F: F [O(n)]
  5: f12->f6, G: G [O(n)]
  5: f12->f6, H: -inf [Infinity]
  5: f12->f6, I: -inf [Infinity]
  1: f6->f12, A: 8 [O(1)]
  1: f6->f12, B: -inf [Infinity]
  1: f6->f12, C: -inf [Infinity]
  1: f6->f12, D: -inf [Infinity]
  1: f6->f12, E: -inf [Infinity]
  1: f6->f12, F: F [O(n)]
  1: f6->f12, G: G [O(n)]
  1: f6->f12, H: -inf [Infinity]
  1: f6->f12, I: -inf [Infinity]
  2: f6->f12, A: 8 [O(1)]
  2: f6->f12, B: -inf [Infinity]
  2: f6->f12, C: -inf [Infinity]
  2: f6->f12, D: -inf [Infinity]
  2: f6->f12, E: -inf [Infinity]
  2: f6->f12, F: F [O(n)]
  2: f6->f12, G: G [O(n)]
  2: f6->f12, H: -inf [Infinity]
  2: f6->f12, I: -inf [Infinity]
  3: f6->f6, A: 8 [O(1)]
  3: f6->f6, B: -inf [Infinity]
  3: f6->f6, C: -inf [Infinity]
  3: f6->f6, D: -inf [Infinity]
  3: f6->f6, E: -inf [Infinity]
  3: f6->f6, F: F [O(n)]
  3: f6->f6, G: G [O(n)]
  3: f6->f6, H: -inf [Infinity]
  3: f6->f6, I: -inf [Infinity]
  6: f6->f20, A: 8 [O(1)]
  6: f6->f20, B: -inf [Infinity]
  6: f6->f20, C: -inf [Infinity]
  6: f6->f20, D: -inf [Infinity]
  6: f6->f20, E: -inf [Infinity]
  6: f6->f20, F: -inf [Infinity]
  6: f6->f20, G: -inf [Infinity]
  6: f6->f20, H: -inf [Infinity]
  6: f6->f20, I: -inf [Infinity]
`Upper:
  0: f0->f6, A: 8 [O(1)]
  0: f0->f6, B: 0 [O(1)]
  0: f0->f6, C: 14 [O(1)]
  0: f0->f6, D: -1 [O(1)]
  0: f0->f6, E: E [O(n)]
  0: f0->f6, F: F [O(n)]
  0: f0->f6, G: G [O(n)]
  0: f0->f6, H: inf [Infinity]
  0: f0->f6, I: inf [Infinity]
  4: f12->f6, A: 8 [O(1)]
  4: f12->f6, B: inf [Infinity]
  4: f12->f6, C: inf [Infinity]
  4: f12->f6, D: inf [Infinity]
  4: f12->f6, E: inf [Infinity]
  4: f12->f6, F: F [O(n)]
  4: f12->f6, G: G [O(n)]
  4: f12->f6, H: inf [Infinity]
  4: f12->f6, I: inf [Infinity]
  5: f12->f6, A: 8 [O(1)]
  5: f12->f6, B: inf [Infinity]
  5: f12->f6, C: inf [Infinity]
  5: f12->f6, D: inf [Infinity]
  5: f12->f6, E: inf [Infinity]
  5: f12->f6, F: F [O(n)]
  5: f12->f6, G: G [O(n)]
  5: f12->f6, H: inf [Infinity]
  5: f12->f6, I: inf [Infinity]
  1: f6->f12, A: 8 [O(1)]
  1: f6->f12, B: inf [Infinity]
  1: f6->f12, C: inf [Infinity]
  1: f6->f12, D: inf [Infinity]
  1: f6->f12, E: inf [Infinity]
  1: f6->f12, F: F [O(n)]
  1: f6->f12, G: G [O(n)]
  1: f6->f12, H: inf [Infinity]
  1: f6->f12, I: inf [Infinity]
  2: f6->f12, A: 8 [O(1)]
  2: f6->f12, B: inf [Infinity]
  2: f6->f12, C: inf [Infinity]
  2: f6->f12, D: inf [Infinity]
  2: f6->f12, E: inf [Infinity]
  2: f6->f12, F: F [O(n)]
  2: f6->f12, G: G [O(n)]
  2: f6->f12, H: inf [Infinity]
  2: f6->f12, I: inf [Infinity]
  3: f6->f6, A: 8 [O(1)]
  3: f6->f6, B: inf [Infinity]
  3: f6->f6, C: inf [Infinity]
  3: f6->f6, D: inf [Infinity]
  3: f6->f6, E: inf [Infinity]
  3: f6->f6, F: F [O(n)]
  3: f6->f6, G: G [O(n)]
  3: f6->f6, H: inf [Infinity]
  3: f6->f6, I: inf [Infinity]
  6: f6->f20, A: 8 [O(1)]
  6: f6->f20, B: inf [Infinity]
  6: f6->f20, C: inf [Infinity]
  6: f6->f20, D: inf [Infinity]
  6: f6->f20, E: inf [Infinity]
  6: f6->f20, F: inf [Infinity]
  6: f6->f20, G: inf [Infinity]
  6: f6->f20, H: inf [Infinity]
  6: f6->f20, I: inf [Infinity]
