Timebounds: 
  Overall timebound: inf [Infinity]
  0: f0->f8: 1 [O(1)]
  2: f18->f22: 99 [O(1)]
  8: f18->f40: 1 [O(1)]
  3: f22->f33: inf [Infinity]
  4: f22->f33: inf [Infinity]
  5: f22->f22: inf [Infinity]
  6: f22->f22: inf [Infinity]
  7: f33->f18: inf [Infinity]
  9: f33->f40: 1 [O(1)]
  10: f33->f40: 1 [O(1)]
  1: f8->f8: 100 [O(1)]
  11: f8->f18: 1 [O(1)]

Costbounds:
  Overall costbound: inf [Infinity]
  0: f0->f8: 1 [O(1)]
  2: f18->f22: 99 [O(1)]
  8: f18->f40: 1 [O(1)]
  3: f22->f33: inf [Infinity]
  4: f22->f33: inf [Infinity]
  5: f22->f22: inf [Infinity]
  6: f22->f22: inf [Infinity]
  7: f33->f18: inf [Infinity]
  9: f33->f40: 1 [O(1)]
  10: f33->f40: 1 [O(1)]
  1: f8->f8: 100 [O(1)]
  11: f8->f18: 1 [O(1)]

Sizebounds:
`Lower:
  0: f0->f8, A: -1 [O(1)]
  0: f0->f8, B: -1 [O(1)]
  0: f0->f8, C: 1 [O(1)]
  0: f0->f8, D: D [O(n)]
  0: f0->f8, E: E [O(n)]
  0: f0->f8, F: F [O(n)]
  0: f0->f8, G: G [O(n)]
  2: f18->f22, A: -1 [O(1)]
  2: f18->f22, B: -1 [O(1)]
  2: f18->f22, C: 101 [O(1)]
  2: f18->f22, D: 1 [O(1)]
  2: f18->f22, E: 1 [O(1)]
  2: f18->f22, F: 1 [O(1)]
  8: f18->f40, A: -1 [O(1)]
  8: f18->f40, B: -1 [O(1)]
  8: f18->f40, C: 101 [O(1)]
  8: f18->f40, D: 100 [O(1)]
  8: f18->f40, E: 0 [O(1)]
  8: f18->f40, F: -max{-2, -F} [O(n)]
  3: f22->f33, A: -1 [O(1)]
  3: f22->f33, B: -1 [O(1)]
  3: f22->f33, C: 101 [O(1)]
  3: f22->f33, D: 1 [O(1)]
  3: f22->f33, E: -97 [O(1)]
  3: f22->f33, F: 100 [O(1)]
  4: f22->f33, A: -1 [O(1)]
  4: f22->f33, B: -1 [O(1)]
  4: f22->f33, C: 101 [O(1)]
  4: f22->f33, D: 2 [O(1)]
  4: f22->f33, E: -97 [O(1)]
  4: f22->f33, F: 1 [O(1)]
  5: f22->f22, A: -1 [O(1)]
  5: f22->f22, B: -1 [O(1)]
  5: f22->f22, C: 101 [O(1)]
  5: f22->f22, D: 1 [O(1)]
  5: f22->f22, E: -97 [O(1)]
  5: f22->f22, F: 2 [O(1)]
  6: f22->f22, A: -1 [O(1)]
  6: f22->f22, B: -1 [O(1)]
  6: f22->f22, C: 101 [O(1)]
  6: f22->f22, D: 1 [O(1)]
  6: f22->f22, E: 0 [O(1)]
  6: f22->f22, F: 2 [O(1)]
  7: f33->f18, A: -1 [O(1)]
  7: f33->f18, B: -1 [O(1)]
  7: f33->f18, C: 101 [O(1)]
  7: f33->f18, D: 2 [O(1)]
  7: f33->f18, E: 0 [O(1)]
  7: f33->f18, F: 2 [O(1)]
  9: f33->f40, A: -1 [O(1)]
  9: f33->f40, B: -1 [O(1)]
  9: f33->f40, C: 101 [O(1)]
  9: f33->f40, D: 1 [O(1)]
  9: f33->f40, E: -97 [O(1)]
  9: f33->f40, F: 3 [O(1)]
  10: f33->f40, A: -1 [O(1)]
  10: f33->f40, B: -1 [O(1)]
  10: f33->f40, C: 101 [O(1)]
  10: f33->f40, D: 1 [O(1)]
  10: f33->f40, E: 1 [O(1)]
  10: f33->f40, F: 1 [O(1)]
  1: f8->f8, A: -1 [O(1)]
  1: f8->f8, B: -1 [O(1)]
  1: f8->f8, C: 2 [O(1)]
  1: f8->f8, D: D [O(n)]
  1: f8->f8, E: E [O(n)]
  1: f8->f8, F: F [O(n)]
  1: f8->f8, G: G [O(n)]
  11: f8->f18, A: -1 [O(1)]
  11: f8->f18, B: -1 [O(1)]
  11: f8->f18, C: 101 [O(1)]
  11: f8->f18, D: 1 [O(1)]
  11: f8->f18, E: 0 [O(1)]
  11: f8->f18, F: F [O(n)]
  11: f8->f18, G: G [O(n)]
`Upper:
  0: f0->f8, A: -1 [O(1)]
  0: f0->f8, B: -1 [O(1)]
  0: f0->f8, C: 1 [O(1)]
  0: f0->f8, D: D [O(n)]
  0: f0->f8, E: E [O(n)]
  0: f0->f8, F: F [O(n)]
  0: f0->f8, G: G [O(n)]
  2: f18->f22, A: -1 [O(1)]
  2: f18->f22, B: -1 [O(1)]
  2: f18->f22, C: 101 [O(1)]
  2: f18->f22, D: 99 [O(1)]
  2: f18->f22, E: 1 [O(1)]
  2: f18->f22, F: 1 [O(1)]
  8: f18->f40, A: -1 [O(1)]
  8: f18->f40, B: -1 [O(1)]
  8: f18->f40, C: 101 [O(1)]
  8: f18->f40, D: 100 [O(1)]
  8: f18->f40, E: 0 [O(1)]
  8: f18->f40, F: max{100, F} [O(n)]
  3: f22->f33, A: -1 [O(1)]
  3: f22->f33, B: -1 [O(1)]
  3: f22->f33, C: 101 [O(1)]
  3: f22->f33, D: 99 [O(1)]
  3: f22->f33, E: 1 [O(1)]
  3: f22->f33, F: 100 [O(1)]
  4: f22->f33, A: -1 [O(1)]
  4: f22->f33, B: -1 [O(1)]
  4: f22->f33, C: 101 [O(1)]
  4: f22->f33, D: 99 [O(1)]
  4: f22->f33, E: 1 [O(1)]
  4: f22->f33, F: 99 [O(1)]
  5: f22->f22, A: -1 [O(1)]
  5: f22->f22, B: -1 [O(1)]
  5: f22->f22, C: 101 [O(1)]
  5: f22->f22, D: 99 [O(1)]
  5: f22->f22, E: 1 [O(1)]
  5: f22->f22, F: 100 [O(1)]
  6: f22->f22, A: -1 [O(1)]
  6: f22->f22, B: -1 [O(1)]
  6: f22->f22, C: 101 [O(1)]
  6: f22->f22, D: 99 [O(1)]
  6: f22->f22, E: 0 [O(1)]
  6: f22->f22, F: 100 [O(1)]
  7: f33->f18, A: -1 [O(1)]
  7: f33->f18, B: -1 [O(1)]
  7: f33->f18, C: 101 [O(1)]
  7: f33->f18, D: 100 [O(1)]
  7: f33->f18, E: 0 [O(1)]
  7: f33->f18, F: 100 [O(1)]
  9: f33->f40, A: -1 [O(1)]
  9: f33->f40, B: -1 [O(1)]
  9: f33->f40, C: 101 [O(1)]
  9: f33->f40, D: 99 [O(1)]
  9: f33->f40, E: -1 [O(1)]
  9: f33->f40, F: 100 [O(1)]
  10: f33->f40, A: -1 [O(1)]
  10: f33->f40, B: -1 [O(1)]
  10: f33->f40, C: 101 [O(1)]
  10: f33->f40, D: 99 [O(1)]
  10: f33->f40, E: 1 [O(1)]
  10: f33->f40, F: 100 [O(1)]
  1: f8->f8, A: -1 [O(1)]
  1: f8->f8, B: -1 [O(1)]
  1: f8->f8, C: 101 [O(1)]
  1: f8->f8, D: D [O(n)]
  1: f8->f8, E: E [O(n)]
  1: f8->f8, F: F [O(n)]
  1: f8->f8, G: G [O(n)]
  11: f8->f18, A: -1 [O(1)]
  11: f8->f18, B: -1 [O(1)]
  11: f8->f18, C: 101 [O(1)]
  11: f8->f18, D: 1 [O(1)]
  11: f8->f18, E: 0 [O(1)]
  11: f8->f18, F: F [O(n)]
  11: f8->f18, G: G [O(n)]
