Timebounds: 
  Overall timebound: 11 [O(1)]
  0: f0->f8: 1 [O(1)]
  1: f8->f8: 4 [O(1)]
  2: f8->f8: 4 [O(1)]
  3: f8->f23: 1 [O(1)]
  4: f8->f23: 1 [O(1)]

Costbounds:
  Overall costbound: 11 [O(1)]
  0: f0->f8: 1 [O(1)]
  1: f8->f8: 4 [O(1)]
  2: f8->f8: 4 [O(1)]
  3: f8->f23: 1 [O(1)]
  4: f8->f23: 1 [O(1)]

Sizebounds:
`Lower:
  0: f0->f8, A: 0 [O(1)]
  0: f0->f8, B: B [O(n)]
  0: f0->f8, C: C [O(n)]
  0: f0->f8, D: D [O(n)]
  1: f8->f8, A: 1 [O(1)]
  1: f8->f8, B: -max{0, -B} [O(n)]
  1: f8->f8, C: -max{-1, -C} [O(n)]
  2: f8->f8, A: 1 [O(1)]
  2: f8->f8, B: 0 [O(1)]
  2: f8->f8, C: 1 [O(1)]
  3: f8->f23, A: 4 [O(1)]
  3: f8->f23, B: -max{0, -B} [O(n)]
  3: f8->f23, C: -max{-1, -1, -C} [O(n)]
  4: f8->f23, A: 4 [O(1)]
  4: f8->f23, B: -max{0, -B} [O(n)]
  4: f8->f23, C: -max{-1, -1, -C} [O(n)]
`Upper:
  0: f0->f8, A: 0 [O(1)]
  0: f0->f8, B: B [O(n)]
  0: f0->f8, C: C [O(n)]
  0: f0->f8, D: D [O(n)]
  1: f8->f8, A: 4 [O(1)]
  1: f8->f8, B: max{3, B} [O(n)]
  1: f8->f8, C: max{4, C} [O(n)]
  2: f8->f8, A: 4 [O(1)]
  2: f8->f8, B: 3 [O(1)]
  2: f8->f8, C: 4 [O(1)]
  3: f8->f23, A: 4 [O(1)]
  3: f8->f23, B: max{3, 3, B} [O(n)]
  3: f8->f23, C: max{4, 4, C} [O(n)]
  4: f8->f23, A: 4 [O(1)]
  4: f8->f23, B: max{3, 3, B} [O(n)]
  4: f8->f23, C: max{4, 4, C} [O(n)]
