Timebounds: 
  Overall timebound: 2+2*max{0, C}+max{0, C}+max{0, C*C}+max{0, C}+max{0, C*C}+max{1, 1+C}+max{2, 2+C} [O(n^2)]
  0: f0->f10: 1 [O(1)]
  1: f10->f10: max{0, C} [O(n)]
  9: f10->f18: 1 [O(1)]
  2: f18->f21: max{1, 1+C} [O(n)]
  8: f18->f32: 1 [O(1)]
  3: f21->f21: max{0, C}+max{0, C*C} [O(n^2)]
  4: f21->f21: max{0, C}+max{0, C*C} [O(n^2)]
  7: f21->f18: max{0, C} [O(n)]
  5: f32->f32: max{0, C} [O(n)]
  6: f32->f41: 1 [O(1)]

Costbounds:
  Overall costbound: 2+2*max{0, C}+max{0, C}+max{0, C*C}+max{0, C}+max{0, C*C}+max{1, 1+C}+max{2, 2+C} [O(n^2)]
  0: f0->f10: 1 [O(1)]
  1: f10->f10: max{0, C} [O(n)]
  9: f10->f18: 1 [O(1)]
  2: f18->f21: max{1, 1+C} [O(n)]
  8: f18->f32: 1 [O(1)]
  3: f21->f21: max{0, C}+max{0, C*C} [O(n^2)]
  4: f21->f21: max{0, C}+max{0, C*C} [O(n^2)]
  7: f21->f18: max{0, C} [O(n)]
  5: f32->f32: max{0, C} [O(n)]
  6: f32->f41: 1 [O(1)]

Sizebounds:
`Lower:
  0: f0->f10, A: H [O(n)]
  0: f0->f10, B: 0 [O(1)]
  0: f0->f10, C: C [O(n)]
  0: f0->f10, D: D [O(n)]
  0: f0->f10, E: E [O(n)]
  0: f0->f10, F: F [O(n)]
  0: f0->f10, G: G [O(n)]
  0: f0->f10, H: -inf [Infinity]
  1: f10->f10, A: H [O(n)]
  1: f10->f10, B: 0 [O(1)]
  1: f10->f10, C: C [O(n)]
  1: f10->f10, D: D [O(n)]
  1: f10->f10, E: E [O(n)]
  1: f10->f10, F: F [O(n)]
  1: f10->f10, G: G [O(n)]
  1: f10->f10, H: -inf [Infinity]
  9: f10->f18, A: H [O(n)]
  9: f10->f18, B: 0 [O(1)]
  9: f10->f18, C: C [O(n)]
  9: f10->f18, D: C [O(n)]
  9: f10->f18, E: 0 [O(1)]
  9: f10->f18, F: F [O(n)]
  9: f10->f18, G: G [O(n)]
  9: f10->f18, H: -inf [Infinity]
  2: f18->f21, A: H [O(n)]
  2: f18->f21, B: 0 [O(1)]
  2: f18->f21, C: 2 [O(1)]
  2: f18->f21, D: 2 [O(1)]
  2: f18->f21, E: 0 [O(1)]
  2: f18->f21, F: 0 [O(1)]
  2: f18->f21, G: -inf [Infinity]
  2: f18->f21, H: -inf [Infinity]
  8: f18->f32, A: H [O(n)]
  8: f18->f32, B: 0 [O(1)]
  8: f18->f32, C: -max{-2, -C} [O(n)]
  8: f18->f32, D: -max{-2, -C} [O(n)]
  8: f18->f32, E: 0 [O(1)]
  8: f18->f32, F: -max{-1, -F} [O(n)]
  8: f18->f32, G: -inf [Infinity]
  8: f18->f32, H: -inf [Infinity]
  3: f21->f21, A: H [O(n)]
  3: f21->f21, B: 0 [O(1)]
  3: f21->f21, C: 2 [O(1)]
  3: f21->f21, D: 2 [O(1)]
  3: f21->f21, E: 0 [O(1)]
  3: f21->f21, F: 1 [O(1)]
  3: f21->f21, G: -inf [Infinity]
  3: f21->f21, H: -inf [Infinity]
  4: f21->f21, A: H [O(n)]
  4: f21->f21, B: 0 [O(1)]
  4: f21->f21, C: 2 [O(1)]
  4: f21->f21, D: 2 [O(1)]
  4: f21->f21, E: 0 [O(1)]
  4: f21->f21, F: 1 [O(1)]
  4: f21->f21, G: -inf [Infinity]
  4: f21->f21, H: -inf [Infinity]
  7: f21->f18, A: H [O(n)]
  7: f21->f18, B: 0 [O(1)]
  7: f21->f18, C: 2 [O(1)]
  7: f21->f18, D: 2 [O(1)]
  7: f21->f18, E: 1 [O(1)]
  7: f21->f18, F: 1 [O(1)]
  7: f21->f18, G: -inf [Infinity]
  7: f21->f18, H: -inf [Infinity]
  5: f32->f32, A: H [O(n)]
  5: f32->f32, B: 0 [O(1)]
  5: f32->f32, C: 2 [O(1)]
  5: f32->f32, D: 2 [O(1)]
  5: f32->f32, E: 1 [O(1)]
  5: f32->f32, F: -max{-1, -F} [O(n)]
  5: f32->f32, G: -inf [Infinity]
  5: f32->f32, H: -inf [Infinity]
  6: f32->f41, A: H [O(n)]
  6: f32->f41, B: 0 [O(1)]
  6: f32->f41, C: -max{-2, -2, -C} [O(n)]
  6: f32->f41, D: -max{-2, -2, -C} [O(n)]
  6: f32->f41, E: 0 [O(1)]
  6: f32->f41, F: -max{-1, -F} [O(n)]
  6: f32->f41, G: -inf [Infinity]
  6: f32->f41, H: -inf [Infinity]
`Upper:
  0: f0->f10, A: H [O(n)]
  0: f0->f10, B: 0 [O(1)]
  0: f0->f10, C: C [O(n)]
  0: f0->f10, D: D [O(n)]
  0: f0->f10, E: E [O(n)]
  0: f0->f10, F: F [O(n)]
  0: f0->f10, G: G [O(n)]
  0: f0->f10, H: inf [Infinity]
  1: f10->f10, A: H [O(n)]
  1: f10->f10, B: max{0, C} [O(n)]
  1: f10->f10, C: C [O(n)]
  1: f10->f10, D: D [O(n)]
  1: f10->f10, E: E [O(n)]
  1: f10->f10, F: F [O(n)]
  1: f10->f10, G: G [O(n)]
  1: f10->f10, H: inf [Infinity]
  9: f10->f18, A: H [O(n)]
  9: f10->f18, B: max{0, C} [O(n)]
  9: f10->f18, C: max{0, C} [O(n)]
  9: f10->f18, D: max{0, C} [O(n)]
  9: f10->f18, E: 0 [O(1)]
  9: f10->f18, F: F [O(n)]
  9: f10->f18, G: G [O(n)]
  9: f10->f18, H: inf [Infinity]
  2: f18->f21, A: H [O(n)]
  2: f18->f21, B: max{0, C} [O(n)]
  2: f18->f21, C: max{0, C} [O(n)]
  2: f18->f21, D: max{0, C} [O(n)]
  2: f18->f21, E: max{-2, -2+C} [O(n)]
  2: f18->f21, F: 0 [O(1)]
  2: f18->f21, G: inf [Infinity]
  2: f18->f21, H: inf [Infinity]
  8: f18->f32, A: H [O(n)]
  8: f18->f32, B: max{0, C} [O(n)]
  8: f18->f32, C: max{0, C} [O(n)]
  8: f18->f32, D: max{0, C} [O(n)]
  8: f18->f32, E: 0 [O(1)]
  8: f18->f32, F: max{0, F, -1+C} [O(n)]
  8: f18->f32, G: inf [Infinity]
  8: f18->f32, H: inf [Infinity]
  3: f21->f21, A: H [O(n)]
  3: f21->f21, B: max{0, C} [O(n)]
  3: f21->f21, C: max{0, C} [O(n)]
  3: f21->f21, D: max{0, C} [O(n)]
  3: f21->f21, E: max{-2, -2+C} [O(n)]
  3: f21->f21, F: max{-1, -1+C} [O(n)]
  3: f21->f21, G: inf [Infinity]
  3: f21->f21, H: inf [Infinity]
  4: f21->f21, A: H [O(n)]
  4: f21->f21, B: max{0, C} [O(n)]
  4: f21->f21, C: max{0, C} [O(n)]
  4: f21->f21, D: max{0, C} [O(n)]
  4: f21->f21, E: max{-2, -2+C} [O(n)]
  4: f21->f21, F: max{-1, -1+C} [O(n)]
  4: f21->f21, G: inf [Infinity]
  4: f21->f21, H: inf [Infinity]
  7: f21->f18, A: H [O(n)]
  7: f21->f18, B: max{0, C} [O(n)]
  7: f21->f18, C: max{0, C} [O(n)]
  7: f21->f18, D: max{0, C} [O(n)]
  7: f21->f18, E: max{-1, -1+C} [O(n)]
  7: f21->f18, F: max{0, -1+C} [O(n)]
  7: f21->f18, G: inf [Infinity]
  7: f21->f18, H: inf [Infinity]
  5: f32->f32, A: H [O(n)]
  5: f32->f32, B: max{0, C} [O(n)]
  5: f32->f32, C: max{0, C} [O(n)]
  5: f32->f32, D: max{0, C} [O(n)]
  5: f32->f32, E: max{-1, -1+C} [O(n)]
  5: f32->f32, F: max{0, F, -1+C} [O(n)]
  5: f32->f32, G: inf [Infinity]
  5: f32->f32, H: inf [Infinity]
  6: f32->f41, A: H [O(n)]
  6: f32->f41, B: max{0, C} [O(n)]
  6: f32->f41, C: max{0, C} [O(n)]
  6: f32->f41, D: max{0, C} [O(n)]
  6: f32->f41, E: max{0, C} [O(n)]
  6: f32->f41, F: max{0, F, -1+C} [O(n)]
  6: f32->f41, G: inf [Infinity]
  6: f32->f41, H: inf [Infinity]
