Timebounds: 
  Overall timebound: inf [Infinity]
  1: f3->f7: 1 [O(1)]
  4: f3->f4: max{3, 3*A} [O(n)]
  6: f3->f4: inf [Infinity]
  2: f4->f7: 1 [O(1)]
  8: f4->f3: inf [Infinity]
  9: f4->f3: max{0, A} [O(n)]
  3: f6->f4: 1 [O(1)]

Costbounds:
  Overall costbound: inf [Infinity]
  1: f3->f7: 1 [O(1)]
  4: f3->f4: max{3, 3*A} [O(n)]
  6: f3->f4: inf [Infinity]
  2: f4->f7: 1 [O(1)]
  8: f4->f3: inf [Infinity]
  9: f4->f3: max{0, A} [O(n)]
  3: f6->f4: 1 [O(1)]

Sizebounds:
`Lower:
  1: f3->f7, A: 0 [O(1)]
  1: f3->f7, C: 0 [O(1)]
  4: f3->f4, A: 0 [O(1)]
  4: f3->f4, B: B [O(n)]
  4: f3->f4, C: 1 [O(1)]
  6: f3->f4, B: inf [Infinity]
  6: f3->f4, C: 1 [O(1)]
  2: f4->f7, A: 0 [O(1)]
  2: f4->f7, C: 1 [O(1)]
  8: f4->f3, A: 2 [O(1)]
  8: f4->f3, B: inf [Infinity]
  8: f4->f3, C: 0 [O(1)]
  9: f4->f3, B: B [O(n)]
  9: f4->f3, C: 0 [O(1)]
  3: f6->f4, A: 1 [O(1)]
  3: f6->f4, B: B [O(n)]
  3: f6->f4, C: 1 [O(1)]
`Upper:
  1: f3->f7, A: 0 [O(1)]
  1: f3->f7, C: 0 [O(1)]
  4: f3->f4, B: B [O(n)]
  4: f3->f4, C: 1 [O(1)]
  6: f3->f4, A: -2 [O(1)]
  6: f3->f4, B: -inf [Infinity]
  6: f3->f4, C: 1 [O(1)]
  2: f4->f7, A: 0 [O(1)]
  2: f4->f7, C: 1 [O(1)]
  8: f4->f3, B: -inf [Infinity]
  8: f4->f3, C: 0 [O(1)]
  9: f4->f3, A: 0 [O(1)]
  9: f4->f3, B: B [O(n)]
  9: f4->f3, C: 0 [O(1)]
  3: f6->f4, A: A [O(n)]
  3: f6->f4, B: B [O(n)]
  3: f6->f4, C: 1 [O(1)]
