Timebounds: 
  Overall timebound: max{3, 3+A} [O(n)]
  0: f2->f2: max{0, A} [O(n)]
  2: f2->f4: 1 [O(1)]
  1: f3->f2: 1 [O(1)]
  3: f3->f4: 1 [O(1)]

Costbounds:
  Overall costbound: max{3, 3+A} [O(n)]
  0: f2->f2: max{0, A} [O(n)]
  2: f2->f4: 1 [O(1)]
  1: f3->f2: 1 [O(1)]
  3: f3->f4: 1 [O(1)]

Sizebounds:
`Lower:
  0: f2->f2, B: 2 [O(1)]
  0: f2->f2, C: C [O(n)]
  2: f2->f4, B: 1 [O(1)]
  1: f3->f2, A: A [O(n)]
  1: f3->f2, B: 1 [O(1)]
  1: f3->f2, C: C [O(n)]
  3: f3->f4, A: A [O(n)]
  3: f3->f4, B: B [O(n)]
  3: f3->f4, C: D [O(n)]
`Upper:
  0: f2->f2, A: A [O(n)]
  0: f2->f2, B: B+max{0, A} [O(n)]
  0: f2->f2, C: C [O(n)]
  2: f2->f4, A: 0 [O(1)]
  2: f2->f4, B: max{B, B+max{0, A}} [O(n)]
  1: f3->f2, A: A [O(n)]
  1: f3->f2, B: B [O(n)]
  1: f3->f2, C: C [O(n)]
  3: f3->f4, A: A [O(n)]
  3: f3->f4, B: 0 [O(1)]
  3: f3->f4, C: D [O(n)]
