Timebounds: 
  Overall timebound: inf [Infinity]
  9: f0->f11: 1 [O(1)]
  0: f11->f14: 10 [O(1)]
  8: f11->f33: 1 [O(1)]
  6: f14->f14: inf [Infinity]
  7: f14->f11: inf [Infinity]
  1: f33->f36: 10000 [O(1)]
  5: f33->f58: 1 [O(1)]
  2: f36->f36: inf [Infinity]
  3: f36->f36: inf [Infinity]
  4: f36->f33: inf [Infinity]

Costbounds:
  Overall costbound: inf [Infinity]
  9: f0->f11: 1 [O(1)]
  0: f11->f14: 10 [O(1)]
  8: f11->f33: 1 [O(1)]
  6: f14->f14: inf [Infinity]
  7: f14->f11: inf [Infinity]
  1: f33->f36: 10000 [O(1)]
  5: f33->f58: 1 [O(1)]
  2: f36->f36: inf [Infinity]
  3: f36->f36: inf [Infinity]
  4: f36->f33: inf [Infinity]

Sizebounds:
`Lower:
  9: f0->f11, A: 0 [O(1)]
  9: f0->f11, B: B [O(n)]
  9: f0->f11, C: C [O(n)]
  9: f0->f11, D: D [O(n)]
  9: f0->f11, E: E [O(n)]
  9: f0->f11, F: F [O(n)]
  9: f0->f11, G: G [O(n)]
  9: f0->f11, H: H [O(n)]
  9: f0->f11, I: I [O(n)]
  9: f0->f11, J: J [O(n)]
  9: f0->f11, K: K [O(n)]
  9: f0->f11, L: L [O(n)]
  9: f0->f11, M: M [O(n)]
  9: f0->f11, N: N [O(n)]
  9: f0->f11, O: 0 [O(1)]
  9: f0->f11, P: P [O(n)]
  9: f0->f11, Q: Q [O(n)]
  9: f0->f11, R: -inf [Infinity]
  9: f0->f11, S: -inf [Infinity]
  0: f11->f14, A: 0 [O(1)]
  0: f11->f14, B: 0 [O(1)]
  0: f11->f14, C: C [O(n)]
  0: f11->f14, D: D [O(n)]
  0: f11->f14, E: E [O(n)]
  0: f11->f14, F: F [O(n)]
  0: f11->f14, G: G [O(n)]
  0: f11->f14, H: H [O(n)]
  0: f11->f14, I: I [O(n)]
  0: f11->f14, J: J [O(n)]
  0: f11->f14, K: K [O(n)]
  0: f11->f14, L: L [O(n)]
  0: f11->f14, M: M [O(n)]
  0: f11->f14, N: N [O(n)]
  0: f11->f14, O: -inf [Infinity]
  0: f11->f14, P: -inf [Infinity]
  0: f11->f14, Q: Q [O(n)]
  0: f11->f14, R: -inf [Infinity]
  0: f11->f14, S: -inf [Infinity]
  8: f11->f33, A: 10 [O(1)]
  8: f11->f33, B: -max{-10, -B} [O(n)]
  8: f11->f33, C: 0 [O(1)]
  8: f11->f33, D: D [O(n)]
  8: f11->f33, E: 0 [O(1)]
  8: f11->f33, F: 0 [O(1)]
  8: f11->f33, G: 0 [O(1)]
  8: f11->f33, H: 0 [O(1)]
  8: f11->f33, I: I [O(n)]
  8: f11->f33, J: J [O(n)]
  8: f11->f33, K: K [O(n)]
  8: f11->f33, L: L [O(n)]
  8: f11->f33, M: M [O(n)]
  8: f11->f33, N: N [O(n)]
  8: f11->f33, O: -inf [Infinity]
  8: f11->f33, P: -inf [Infinity]
  8: f11->f33, Q: 1000 [O(1)]
  8: f11->f33, R: -inf [Infinity]
  8: f11->f33, S: -inf [Infinity]
  6: f14->f14, A: 0 [O(1)]
  6: f14->f14, B: 1 [O(1)]
  6: f14->f14, C: C [O(n)]
  6: f14->f14, D: D [O(n)]
  6: f14->f14, E: E [O(n)]
  6: f14->f14, F: F [O(n)]
  6: f14->f14, G: G [O(n)]
  6: f14->f14, H: H [O(n)]
  6: f14->f14, I: I [O(n)]
  6: f14->f14, J: J [O(n)]
  6: f14->f14, K: K [O(n)]
  6: f14->f14, L: L [O(n)]
  6: f14->f14, M: M [O(n)]
  6: f14->f14, N: N [O(n)]
  6: f14->f14, O: -inf [Infinity]
  6: f14->f14, P: -inf [Infinity]
  6: f14->f14, Q: Q [O(n)]
  6: f14->f14, R: -inf [Infinity]
  6: f14->f14, S: -inf [Infinity]
  7: f14->f11, A: 1 [O(1)]
  7: f14->f11, B: 10 [O(1)]
  7: f14->f11, C: C [O(n)]
  7: f14->f11, D: D [O(n)]
  7: f14->f11, E: E [O(n)]
  7: f14->f11, F: F [O(n)]
  7: f14->f11, G: G [O(n)]
  7: f14->f11, H: H [O(n)]
  7: f14->f11, I: I [O(n)]
  7: f14->f11, J: J [O(n)]
  7: f14->f11, K: K [O(n)]
  7: f14->f11, L: L [O(n)]
  7: f14->f11, M: M [O(n)]
  7: f14->f11, N: N [O(n)]
  7: f14->f11, O: -inf [Infinity]
  7: f14->f11, P: -inf [Infinity]
  7: f14->f11, Q: Q [O(n)]
  7: f14->f11, R: -inf [Infinity]
  7: f14->f11, S: -inf [Infinity]
  1: f33->f36, A: 10 [O(1)]
  1: f33->f36, B: -max{-10, -B} [O(n)]
  1: f33->f36, C: 0 [O(1)]
  1: f33->f36, D: 0 [O(1)]
  1: f33->f36, E: -inf [Infinity]
  1: f33->f36, F: 0 [O(1)]
  1: f33->f36, G: -inf [Infinity]
  1: f33->f36, H: 0 [O(1)]
  1: f33->f36, I: I [O(n)]
  1: f33->f36, J: J [O(n)]
  1: f33->f36, K: K [O(n)]
  1: f33->f36, L: L [O(n)]
  1: f33->f36, M: M [O(n)]
  1: f33->f36, N: N [O(n)]
  1: f33->f36, O: -inf [Infinity]
  1: f33->f36, P: -inf [Infinity]
  1: f33->f36, Q: 1000 [O(1)]
  1: f33->f36, R: -inf [Infinity]
  1: f33->f36, S: -inf [Infinity]
  5: f33->f58, A: 10 [O(1)]
  5: f33->f58, B: -max{-10, -B} [O(n)]
  5: f33->f58, C: 10 [O(1)]
  5: f33->f58, D: -max{-10, -D} [O(n)]
  5: f33->f58, E: -inf [Infinity]
  5: f33->f58, F: 0 [O(1)]
  5: f33->f58, G: -inf [Infinity]
  5: f33->f58, H: 0 [O(1)]
  5: f33->f58, I: -inf [Infinity]
  5: f33->f58, J: 0 [O(1)]
  5: f33->f58, K: -inf [Infinity]
  5: f33->f58, L: 0 [O(1)]
  5: f33->f58, M: 1024 [O(1)]
  5: f33->f58, N: -inf [Infinity]
  5: f33->f58, O: -inf [Infinity]
  5: f33->f58, P: -inf [Infinity]
  5: f33->f58, Q: 1000 [O(1)]
  5: f33->f58, R: -inf [Infinity]
  5: f33->f58, S: -inf [Infinity]
  2: f36->f36, A: 10 [O(1)]
  2: f36->f36, B: -max{-10, -B} [O(n)]
  2: f36->f36, C: 0 [O(1)]
  2: f36->f36, D: 1 [O(1)]
  2: f36->f36, E: -inf [Infinity]
  2: f36->f36, F: 0 [O(1)]
  2: f36->f36, G: -inf [Infinity]
  2: f36->f36, H: 0 [O(1)]
  2: f36->f36, I: I [O(n)]
  2: f36->f36, J: J [O(n)]
  2: f36->f36, K: K [O(n)]
  2: f36->f36, L: L [O(n)]
  2: f36->f36, M: M [O(n)]
  2: f36->f36, N: N [O(n)]
  2: f36->f36, O: -inf [Infinity]
  2: f36->f36, P: -inf [Infinity]
  2: f36->f36, Q: 1000 [O(1)]
  2: f36->f36, R: -inf [Infinity]
  2: f36->f36, S: -inf [Infinity]
  3: f36->f36, A: 10 [O(1)]
  3: f36->f36, B: -max{-10, -B} [O(n)]
  3: f36->f36, C: 0 [O(1)]
  3: f36->f36, D: 1 [O(1)]
  3: f36->f36, E: -inf [Infinity]
  3: f36->f36, F: 0 [O(1)]
  3: f36->f36, G: -inf [Infinity]
  3: f36->f36, H: 0 [O(1)]
  3: f36->f36, I: I [O(n)]
  3: f36->f36, J: J [O(n)]
  3: f36->f36, K: K [O(n)]
  3: f36->f36, L: L [O(n)]
  3: f36->f36, M: M [O(n)]
  3: f36->f36, N: N [O(n)]
  3: f36->f36, O: -inf [Infinity]
  3: f36->f36, P: -inf [Infinity]
  3: f36->f36, Q: 1000 [O(1)]
  3: f36->f36, R: -inf [Infinity]
  3: f36->f36, S: -inf [Infinity]
  4: f36->f33, A: 10 [O(1)]
  4: f36->f33, B: -max{-10, -B} [O(n)]
  4: f36->f33, C: 1 [O(1)]
  4: f36->f33, D: 10 [O(1)]
  4: f36->f33, E: -inf [Infinity]
  4: f36->f33, F: 0 [O(1)]
  4: f36->f33, G: -inf [Infinity]
  4: f36->f33, H: 0 [O(1)]
  4: f36->f33, I: I [O(n)]
  4: f36->f33, J: J [O(n)]
  4: f36->f33, K: K [O(n)]
  4: f36->f33, L: L [O(n)]
  4: f36->f33, M: M [O(n)]
  4: f36->f33, N: N [O(n)]
  4: f36->f33, O: -inf [Infinity]
  4: f36->f33, P: -inf [Infinity]
  4: f36->f33, Q: 1000 [O(1)]
  4: f36->f33, R: -inf [Infinity]
  4: f36->f33, S: -inf [Infinity]
`Upper:
  9: f0->f11, A: 0 [O(1)]
  9: f0->f11, B: B [O(n)]
  9: f0->f11, C: C [O(n)]
  9: f0->f11, D: D [O(n)]
  9: f0->f11, E: E [O(n)]
  9: f0->f11, F: F [O(n)]
  9: f0->f11, G: G [O(n)]
  9: f0->f11, H: H [O(n)]
  9: f0->f11, I: I [O(n)]
  9: f0->f11, J: J [O(n)]
  9: f0->f11, K: K [O(n)]
  9: f0->f11, L: L [O(n)]
  9: f0->f11, M: M [O(n)]
  9: f0->f11, N: N [O(n)]
  9: f0->f11, O: 0 [O(1)]
  9: f0->f11, P: P [O(n)]
  9: f0->f11, Q: Q [O(n)]
  9: f0->f11, R: inf [Infinity]
  9: f0->f11, S: inf [Infinity]
  0: f11->f14, A: 9 [O(1)]
  0: f11->f14, B: 0 [O(1)]
  0: f11->f14, C: C [O(n)]
  0: f11->f14, D: D [O(n)]
  0: f11->f14, E: E [O(n)]
  0: f11->f14, F: F [O(n)]
  0: f11->f14, G: G [O(n)]
  0: f11->f14, H: H [O(n)]
  0: f11->f14, I: I [O(n)]
  0: f11->f14, J: J [O(n)]
  0: f11->f14, K: K [O(n)]
  0: f11->f14, L: L [O(n)]
  0: f11->f14, M: M [O(n)]
  0: f11->f14, N: N [O(n)]
  0: f11->f14, O: inf [Infinity]
  0: f11->f14, P: inf [Infinity]
  0: f11->f14, Q: Q [O(n)]
  0: f11->f14, R: inf [Infinity]
  0: f11->f14, S: inf [Infinity]
  8: f11->f33, A: 10 [O(1)]
  8: f11->f33, B: max{10, B} [O(n)]
  8: f11->f33, C: 0 [O(1)]
  8: f11->f33, D: D [O(n)]
  8: f11->f33, E: 0 [O(1)]
  8: f11->f33, F: 0 [O(1)]
  8: f11->f33, G: 0 [O(1)]
  8: f11->f33, H: 0 [O(1)]
  8: f11->f33, I: I [O(n)]
  8: f11->f33, J: J [O(n)]
  8: f11->f33, K: K [O(n)]
  8: f11->f33, L: L [O(n)]
  8: f11->f33, M: M [O(n)]
  8: f11->f33, N: N [O(n)]
  8: f11->f33, O: inf [Infinity]
  8: f11->f33, P: inf [Infinity]
  8: f11->f33, Q: 1000 [O(1)]
  8: f11->f33, R: inf [Infinity]
  8: f11->f33, S: inf [Infinity]
  6: f14->f14, A: 9 [O(1)]
  6: f14->f14, B: 10 [O(1)]
  6: f14->f14, C: C [O(n)]
  6: f14->f14, D: D [O(n)]
  6: f14->f14, E: E [O(n)]
  6: f14->f14, F: F [O(n)]
  6: f14->f14, G: G [O(n)]
  6: f14->f14, H: H [O(n)]
  6: f14->f14, I: I [O(n)]
  6: f14->f14, J: J [O(n)]
  6: f14->f14, K: K [O(n)]
  6: f14->f14, L: L [O(n)]
  6: f14->f14, M: M [O(n)]
  6: f14->f14, N: N [O(n)]
  6: f14->f14, O: inf [Infinity]
  6: f14->f14, P: inf [Infinity]
  6: f14->f14, Q: Q [O(n)]
  6: f14->f14, R: inf [Infinity]
  6: f14->f14, S: inf [Infinity]
  7: f14->f11, A: 10 [O(1)]
  7: f14->f11, B: 10 [O(1)]
  7: f14->f11, C: C [O(n)]
  7: f14->f11, D: D [O(n)]
  7: f14->f11, E: E [O(n)]
  7: f14->f11, F: F [O(n)]
  7: f14->f11, G: G [O(n)]
  7: f14->f11, H: H [O(n)]
  7: f14->f11, I: I [O(n)]
  7: f14->f11, J: J [O(n)]
  7: f14->f11, K: K [O(n)]
  7: f14->f11, L: L [O(n)]
  7: f14->f11, M: M [O(n)]
  7: f14->f11, N: N [O(n)]
  7: f14->f11, O: inf [Infinity]
  7: f14->f11, P: inf [Infinity]
  7: f14->f11, Q: Q [O(n)]
  7: f14->f11, R: inf [Infinity]
  7: f14->f11, S: inf [Infinity]
  1: f33->f36, A: 10 [O(1)]
  1: f33->f36, B: max{10, B} [O(n)]
  1: f33->f36, C: 9 [O(1)]
  1: f33->f36, D: 0 [O(1)]
  1: f33->f36, E: inf [Infinity]
  1: f33->f36, F: inf [Infinity]
  1: f33->f36, G: inf [Infinity]
  1: f33->f36, H: inf [Infinity]
  1: f33->f36, I: I [O(n)]
  1: f33->f36, J: J [O(n)]
  1: f33->f36, K: K [O(n)]
  1: f33->f36, L: L [O(n)]
  1: f33->f36, M: M [O(n)]
  1: f33->f36, N: N [O(n)]
  1: f33->f36, O: inf [Infinity]
  1: f33->f36, P: inf [Infinity]
  1: f33->f36, Q: 1000 [O(1)]
  1: f33->f36, R: inf [Infinity]
  1: f33->f36, S: inf [Infinity]
  5: f33->f58, A: 10 [O(1)]
  5: f33->f58, B: max{10, B} [O(n)]
  5: f33->f58, C: 10 [O(1)]
  5: f33->f58, D: max{10, D} [O(n)]
  5: f33->f58, E: inf [Infinity]
  5: f33->f58, F: inf [Infinity]
  5: f33->f58, G: inf [Infinity]
  5: f33->f58, H: inf [Infinity]
  5: f33->f58, I: inf [Infinity]
  5: f33->f58, J: inf [Infinity]
  5: f33->f58, K: inf [Infinity]
  5: f33->f58, L: inf [Infinity]
  5: f33->f58, M: 1500 [O(1)]
  5: f33->f58, N: inf [Infinity]
  5: f33->f58, O: inf [Infinity]
  5: f33->f58, P: inf [Infinity]
  5: f33->f58, Q: 1000 [O(1)]
  5: f33->f58, R: inf [Infinity]
  5: f33->f58, S: inf [Infinity]
  2: f36->f36, A: 10 [O(1)]
  2: f36->f36, B: max{10, B} [O(n)]
  2: f36->f36, C: 9 [O(1)]
  2: f36->f36, D: 10 [O(1)]
  2: f36->f36, E: inf [Infinity]
  2: f36->f36, F: inf [Infinity]
  2: f36->f36, G: inf [Infinity]
  2: f36->f36, H: inf [Infinity]
  2: f36->f36, I: I [O(n)]
  2: f36->f36, J: J [O(n)]
  2: f36->f36, K: K [O(n)]
  2: f36->f36, L: L [O(n)]
  2: f36->f36, M: M [O(n)]
  2: f36->f36, N: N [O(n)]
  2: f36->f36, O: inf [Infinity]
  2: f36->f36, P: inf [Infinity]
  2: f36->f36, Q: 1000 [O(1)]
  2: f36->f36, R: inf [Infinity]
  2: f36->f36, S: inf [Infinity]
  3: f36->f36, A: 10 [O(1)]
  3: f36->f36, B: max{10, B} [O(n)]
  3: f36->f36, C: 9 [O(1)]
  3: f36->f36, D: 10 [O(1)]
  3: f36->f36, E: inf [Infinity]
  3: f36->f36, F: inf [Infinity]
  3: f36->f36, G: inf [Infinity]
  3: f36->f36, H: inf [Infinity]
  3: f36->f36, I: I [O(n)]
  3: f36->f36, J: J [O(n)]
  3: f36->f36, K: K [O(n)]
  3: f36->f36, L: L [O(n)]
  3: f36->f36, M: M [O(n)]
  3: f36->f36, N: N [O(n)]
  3: f36->f36, O: inf [Infinity]
  3: f36->f36, P: inf [Infinity]
  3: f36->f36, Q: 1000 [O(1)]
  3: f36->f36, R: inf [Infinity]
  3: f36->f36, S: inf [Infinity]
  4: f36->f33, A: 10 [O(1)]
  4: f36->f33, B: max{10, B} [O(n)]
  4: f36->f33, C: 10 [O(1)]
  4: f36->f33, D: 10 [O(1)]
  4: f36->f33, E: inf [Infinity]
  4: f36->f33, F: inf [Infinity]
  4: f36->f33, G: inf [Infinity]
  4: f36->f33, H: inf [Infinity]
  4: f36->f33, I: I [O(n)]
  4: f36->f33, J: J [O(n)]
  4: f36->f33, K: K [O(n)]
  4: f36->f33, L: L [O(n)]
  4: f36->f33, M: M [O(n)]
  4: f36->f33, N: N [O(n)]
  4: f36->f33, O: inf [Infinity]
  4: f36->f33, P: inf [Infinity]
  4: f36->f33, Q: 1000 [O(1)]
  4: f36->f33, R: inf [Infinity]
  4: f36->f33, S: inf [Infinity]
