Timebounds: 
  Overall timebound: inf [Infinity]
  0: f0->f2: 1 [O(1)]
  4: f0->f2: 1 [O(1)]
  8: f2->f2: inf [Infinity]
  12: f2->f2: inf [Infinity]
  16: f2->f2: inf [Infinity]

Costbounds:
  Overall costbound: inf [Infinity]
  0: f0->f2: 1 [O(1)]
  4: f0->f2: 1 [O(1)]
  8: f2->f2: inf [Infinity]
  12: f2->f2: inf [Infinity]
  16: f2->f2: inf [Infinity]

Sizebounds:
`Lower:
  0: f0->f2, A: 5 [O(1)]
  0: f0->f2, B: D [O(n)]
  0: f0->f2, C: -inf [Infinity]
  0: f0->f2, D: -inf [Infinity]
  4: f0->f2, A: 3 [O(1)]
  4: f0->f2, B: C [O(n)]
  4: f0->f2, C: -inf [Infinity]
  4: f0->f2, D: -inf [Infinity]
  8: f2->f2, A: 3 [O(1)]
  8: f2->f2, B: -inf [Infinity]
  8: f2->f2, C: -inf [Infinity]
  8: f2->f2, D: -inf [Infinity]
  12: f2->f2, A: 3 [O(1)]
  12: f2->f2, B: -inf [Infinity]
  12: f2->f2, C: -inf [Infinity]
  12: f2->f2, D: -inf [Infinity]
  16: f2->f2, A: 3 [O(1)]
  16: f2->f2, B: -inf [Infinity]
  16: f2->f2, C: -inf [Infinity]
  16: f2->f2, D: -inf [Infinity]
`Upper:
  0: f0->f2, A: C [O(n)]
  0: f0->f2, B: D [O(n)]
  0: f0->f2, C: inf [Infinity]
  0: f0->f2, D: inf [Infinity]
  4: f0->f2, A: 3 [O(1)]
  4: f0->f2, B: C [O(n)]
  4: f0->f2, C: inf [Infinity]
  4: f0->f2, D: inf [Infinity]
  8: f2->f2, A: inf [Infinity]
  8: f2->f2, B: inf [Infinity]
  8: f2->f2, C: inf [Infinity]
  8: f2->f2, D: inf [Infinity]
  12: f2->f2, A: 3 [O(1)]
  12: f2->f2, B: inf [Infinity]
  12: f2->f2, C: inf [Infinity]
  12: f2->f2, D: inf [Infinity]
  16: f2->f2, A: inf [Infinity]
  16: f2->f2, B: inf [Infinity]
  16: f2->f2, C: inf [Infinity]
  16: f2->f2, D: inf [Infinity]
