Timebounds: 
  Overall timebound: 16 [O(1)]
  2: f0->f4: 1 [O(1)]
  6: f11->f14: 1 [O(1)]
  7: f11->f14: 1 [O(1)]
  0: f4->f5: 4 [O(1)]
  1: f4->f5: 4 [O(1)]
  4: f4->f11: 1 [O(1)]
  3: f5->f11: 1 [O(1)]
  5: f5->f4: 3 [O(1)]

Costbounds:
  Overall costbound: 16 [O(1)]
  2: f0->f4: 1 [O(1)]
  6: f11->f14: 1 [O(1)]
  7: f11->f14: 1 [O(1)]
  0: f4->f5: 4 [O(1)]
  1: f4->f5: 4 [O(1)]
  4: f4->f11: 1 [O(1)]
  3: f5->f11: 1 [O(1)]
  5: f5->f4: 3 [O(1)]

Sizebounds:
`Lower:
  2: f0->f4, A: 0 [O(1)]
  6: f11->f14, A: 0 [O(1)]
  7: f11->f14, A: 2 [O(1)]
  0: f4->f5, A: 0 [O(1)]
  1: f4->f5, A: 0 [O(1)]
  4: f4->f11, A: 0 [O(1)]
  3: f5->f11, A: 3 [O(1)]
  5: f5->f4, A: 1 [O(1)]
`Upper:
  2: f0->f4, A: 0 [O(1)]
  6: f11->f14, A: 1 [O(1)]
  7: f11->f14, A: 3 [O(1)]
  0: f4->f5, A: 3 [O(1)]
  1: f4->f5, A: 3 [O(1)]
  4: f4->f11, A: 3 [O(1)]
  3: f5->f11, A: 3 [O(1)]
  5: f5->f4, A: 3 [O(1)]
