Timebounds: 
  Overall timebound: 404 [O(1)]
  0: f12->f5: 1 [O(1)]
  1: f5->f11: 1 [O(1)]
  2: f5->f10: 1 [O(1)]
  3: f5->f10: 1 [O(1)]
  6: f5->f5: 400 [O(1)]

Costbounds:
  Overall costbound: 404 [O(1)]
  0: f12->f5: 1 [O(1)]
  1: f5->f11: 1 [O(1)]
  2: f5->f10: 1 [O(1)]
  3: f5->f10: 1 [O(1)]
  6: f5->f5: 400 [O(1)]

Sizebounds:
`Lower:
  0: f12->f5, A: 400 [O(1)]
  0: f12->f5, B: 0 [O(1)]
  0: f12->f5, C: 0 [O(1)]
  0: f12->f5, D: D [O(n)]
  0: f12->f5, E: E [O(n)]
  0: f12->f5, F: F [O(n)]
  1: f5->f11, A: 400 [O(1)]
  1: f5->f11, B: 400 [O(1)]
  1: f5->f11, C: 0 [O(1)]
  1: f5->f11, D: 0 [O(1)]
  1: f5->f11, E: 0 [O(1)]
  2: f5->f10, A: 400 [O(1)]
  2: f5->f10, B: 0 [O(1)]
  2: f5->f10, C: 1 [O(1)]
  2: f5->f10, D: 1 [O(1)]
  2: f5->f10, E: 1 [O(1)]
  3: f5->f10, A: 400 [O(1)]
  3: f5->f10, B: 0 [O(1)]
  6: f5->f5, A: 400 [O(1)]
  6: f5->f5, B: 1 [O(1)]
  6: f5->f5, E: -max{0, -E} [O(n)]
`Upper:
  0: f12->f5, A: 400 [O(1)]
  0: f12->f5, B: 0 [O(1)]
  0: f12->f5, C: 0 [O(1)]
  0: f12->f5, D: D [O(n)]
  0: f12->f5, E: E [O(n)]
  0: f12->f5, F: F [O(n)]
  1: f5->f11, A: 400 [O(1)]
  1: f5->f11, B: 400 [O(1)]
  1: f5->f11, C: 0 [O(1)]
  1: f5->f11, D: 0 [O(1)]
  1: f5->f11, E: 0 [O(1)]
  2: f5->f10, A: 400 [O(1)]
  2: f5->f10, B: 400 [O(1)]
  3: f5->f10, A: 400 [O(1)]
  3: f5->f10, B: 400 [O(1)]
  3: f5->f10, C: -1 [O(1)]
  3: f5->f10, D: -1 [O(1)]
  3: f5->f10, E: -1 [O(1)]
  6: f5->f5, A: 400 [O(1)]
  6: f5->f5, B: 400 [O(1)]
  6: f5->f5, E: max{0, E} [O(n)]
