Timebounds: 
  Overall timebound: inf [Infinity]
  0: f0->f36: 1 [O(1)]
  1: f0->f36: 1 [O(1)]
  2: f0->f17: 1 [O(1)]
  3: f17->f23: 338 [O(1)]
  27: f17->f36: 1 [O(1)]
  4: f23->f23: inf [Infinity]
  26: f23->f17: inf [Infinity]
  5: f36->f42: 1 [O(1)]
  9: f42->f42: 79 [O(1)]
  24: f42->f56: 1 [O(1)]
  10: f56->f85: 1 [O(1)]
  11: f56->f85: 1 [O(1)]
  12: f56->f66: 1 [O(1)]
  13: f66->f72: 256 [O(1)]
  23: f66->f85: 1 [O(1)]
  14: f72->f72: inf [Infinity]
  22: f72->f66: inf [Infinity]
  15: f85->f91: 1 [O(1)]
  19: f91->f91: 79 [O(1)]
  20: f91->f106: 1 [O(1)]

Costbounds:
  Overall costbound: inf [Infinity]
  0: f0->f36: 1 [O(1)]
  1: f0->f36: 1 [O(1)]
  2: f0->f17: 1 [O(1)]
  3: f17->f23: 338 [O(1)]
  27: f17->f36: 1 [O(1)]
  4: f23->f23: inf [Infinity]
  26: f23->f17: inf [Infinity]
  5: f36->f42: 1 [O(1)]
  9: f42->f42: 79 [O(1)]
  24: f42->f56: 1 [O(1)]
  10: f56->f85: 1 [O(1)]
  11: f56->f85: 1 [O(1)]
  12: f56->f66: 1 [O(1)]
  13: f66->f72: 256 [O(1)]
  23: f66->f85: 1 [O(1)]
  14: f72->f72: inf [Infinity]
  22: f72->f66: inf [Infinity]
  15: f85->f91: 1 [O(1)]
  19: f91->f91: 79 [O(1)]
  20: f91->f106: 1 [O(1)]

Sizebounds:
`Lower:
  0: f0->f36, A: A [O(n)]
  0: f0->f36, A1: A1 [O(n)]
  0: f0->f36, B: 40 [O(1)]
  0: f0->f36, B1: B1 [O(n)]
  0: f0->f36, C: 0 [O(1)]
  0: f0->f36, C1: C1 [O(n)]
  0: f0->f36, D: 40 [O(1)]
  0: f0->f36, D1: D1 [O(n)]
  0: f0->f36, E: 0 [O(1)]
  0: f0->f36, E1: E1 [O(n)]
  0: f0->f36, F: 1 [O(1)]
  0: f0->f36, F1: F1 [O(n)]
  0: f0->f36, G: 0 [O(1)]
  0: f0->f36, H: H [O(n)]
  0: f0->f36, I: I [O(n)]
  0: f0->f36, J: J [O(n)]
  0: f0->f36, K: K [O(n)]
  0: f0->f36, L: L [O(n)]
  0: f0->f36, M: M [O(n)]
  0: f0->f36, N: N [O(n)]
  0: f0->f36, O: O [O(n)]
  0: f0->f36, P: P [O(n)]
  0: f0->f36, Q: Q [O(n)]
  0: f0->f36, R: R [O(n)]
  0: f0->f36, S: S [O(n)]
  0: f0->f36, T: T [O(n)]
  0: f0->f36, U: U [O(n)]
  0: f0->f36, V: V [O(n)]
  0: f0->f36, W: W [O(n)]
  0: f0->f36, X: X [O(n)]
  0: f0->f36, Y: Y [O(n)]
  0: f0->f36, Z: Z [O(n)]
  1: f0->f36, A: 1 [O(1)]
  1: f0->f36, A1: A1 [O(n)]
  1: f0->f36, B: 40 [O(1)]
  1: f0->f36, B1: B1 [O(n)]
  1: f0->f36, C: 0 [O(1)]
  1: f0->f36, C1: C1 [O(n)]
  1: f0->f36, D: 40 [O(1)]
  1: f0->f36, D1: D1 [O(n)]
  1: f0->f36, E: 0 [O(1)]
  1: f0->f36, E1: E1 [O(n)]
  1: f0->f36, F: 1 [O(1)]
  1: f0->f36, F1: F1 [O(n)]
  1: f0->f36, G: 0 [O(1)]
  1: f0->f36, H: H [O(n)]
  1: f0->f36, I: I [O(n)]
  1: f0->f36, J: J [O(n)]
  1: f0->f36, K: K [O(n)]
  1: f0->f36, L: L [O(n)]
  1: f0->f36, M: M [O(n)]
  1: f0->f36, N: N [O(n)]
  1: f0->f36, O: O [O(n)]
  1: f0->f36, P: P [O(n)]
  1: f0->f36, Q: Q [O(n)]
  1: f0->f36, R: R [O(n)]
  1: f0->f36, S: S [O(n)]
  1: f0->f36, T: T [O(n)]
  1: f0->f36, U: U [O(n)]
  1: f0->f36, V: V [O(n)]
  1: f0->f36, W: W [O(n)]
  1: f0->f36, X: X [O(n)]
  1: f0->f36, Y: Y [O(n)]
  1: f0->f36, Z: Z [O(n)]
  2: f0->f17, A: 1 [O(1)]
  2: f0->f17, A1: A1 [O(n)]
  2: f0->f17, B: 40 [O(1)]
  2: f0->f17, B1: B1 [O(n)]
  2: f0->f17, C: 0 [O(1)]
  2: f0->f17, C1: C1 [O(n)]
  2: f0->f17, D: 40 [O(1)]
  2: f0->f17, D1: D1 [O(n)]
  2: f0->f17, E: 0 [O(1)]
  2: f0->f17, E1: E1 [O(n)]
  2: f0->f17, F: 1 [O(1)]
  2: f0->f17, F1: F1 [O(n)]
  2: f0->f17, G: 0 [O(1)]
  2: f0->f17, H: 0 [O(1)]
  2: f0->f17, I: I [O(n)]
  2: f0->f17, J: J [O(n)]
  2: f0->f17, K: K [O(n)]
  2: f0->f17, L: L [O(n)]
  2: f0->f17, M: M [O(n)]
  2: f0->f17, N: N [O(n)]
  2: f0->f17, O: O [O(n)]
  2: f0->f17, P: P [O(n)]
  2: f0->f17, Q: Q [O(n)]
  2: f0->f17, R: R [O(n)]
  2: f0->f17, S: S [O(n)]
  2: f0->f17, T: T [O(n)]
  2: f0->f17, U: U [O(n)]
  2: f0->f17, V: V [O(n)]
  2: f0->f17, W: W [O(n)]
  2: f0->f17, X: X [O(n)]
  2: f0->f17, Y: Y [O(n)]
  2: f0->f17, Z: Z [O(n)]
  3: f17->f23, A: 1 [O(1)]
  3: f17->f23, A1: A1 [O(n)]
  3: f17->f23, B: 40 [O(1)]
  3: f17->f23, B1: B1 [O(n)]
  3: f17->f23, C: 0 [O(1)]
  3: f17->f23, C1: C1 [O(n)]
  3: f17->f23, D: 40 [O(1)]
  3: f17->f23, D1: D1 [O(n)]
  3: f17->f23, E: 0 [O(1)]
  3: f17->f23, E1: E1 [O(n)]
  3: f17->f23, F: 1 [O(1)]
  3: f17->f23, G: 0 [O(1)]
  3: f17->f23, H: 0 [O(1)]
  3: f17->f23, J: 0 [O(1)]
  3: f17->f23, L: 0 [O(1)]
  3: f17->f23, M: M [O(n)]
  3: f17->f23, N: N [O(n)]
  3: f17->f23, O: O [O(n)]
  3: f17->f23, P: P [O(n)]
  3: f17->f23, Q: Q [O(n)]
  3: f17->f23, R: R [O(n)]
  3: f17->f23, S: S [O(n)]
  3: f17->f23, T: T [O(n)]
  3: f17->f23, U: U [O(n)]
  3: f17->f23, V: V [O(n)]
  3: f17->f23, W: W [O(n)]
  3: f17->f23, X: X [O(n)]
  3: f17->f23, Y: Y [O(n)]
  3: f17->f23, Z: Z [O(n)]
  27: f17->f36, A: 1 [O(1)]
  27: f17->f36, A1: A1 [O(n)]
  27: f17->f36, B: 40 [O(1)]
  27: f17->f36, B1: B1 [O(n)]
  27: f17->f36, C: 0 [O(1)]
  27: f17->f36, C1: C1 [O(n)]
  27: f17->f36, D: 40 [O(1)]
  27: f17->f36, D1: D1 [O(n)]
  27: f17->f36, E: 0 [O(1)]
  27: f17->f36, E1: E1 [O(n)]
  27: f17->f36, F: 1 [O(1)]
  27: f17->f36, G: 0 [O(1)]
  27: f17->f36, H: 256 [O(1)]
  27: f17->f36, J: -max{0, -J} [O(n)]
  27: f17->f36, L: -max{-8, -L} [O(n)]
  27: f17->f36, M: M [O(n)]
  27: f17->f36, N: N [O(n)]
  27: f17->f36, O: O [O(n)]
  27: f17->f36, P: P [O(n)]
  27: f17->f36, Q: Q [O(n)]
  27: f17->f36, R: R [O(n)]
  27: f17->f36, S: S [O(n)]
  27: f17->f36, T: T [O(n)]
  27: f17->f36, U: U [O(n)]
  27: f17->f36, V: V [O(n)]
  27: f17->f36, W: W [O(n)]
  27: f17->f36, X: X [O(n)]
  27: f17->f36, Y: Y [O(n)]
  27: f17->f36, Z: Z [O(n)]
  4: f23->f23, A: 1 [O(1)]
  4: f23->f23, A1: A1 [O(n)]
  4: f23->f23, B: 40 [O(1)]
  4: f23->f23, B1: B1 [O(n)]
  4: f23->f23, C: 0 [O(1)]
  4: f23->f23, C1: C1 [O(n)]
  4: f23->f23, D: 40 [O(1)]
  4: f23->f23, D1: D1 [O(n)]
  4: f23->f23, E: 0 [O(1)]
  4: f23->f23, E1: E1 [O(n)]
  4: f23->f23, F: 1 [O(1)]
  4: f23->f23, G: 0 [O(1)]
  4: f23->f23, H: 0 [O(1)]
  4: f23->f23, J: 0 [O(1)]
  4: f23->f23, L: 1 [O(1)]
  4: f23->f23, M: M [O(n)]
  4: f23->f23, N: N [O(n)]
  4: f23->f23, O: O [O(n)]
  4: f23->f23, P: P [O(n)]
  4: f23->f23, Q: Q [O(n)]
  4: f23->f23, R: R [O(n)]
  4: f23->f23, S: S [O(n)]
  4: f23->f23, T: T [O(n)]
  4: f23->f23, U: U [O(n)]
  4: f23->f23, V: V [O(n)]
  4: f23->f23, W: W [O(n)]
  4: f23->f23, X: X [O(n)]
  4: f23->f23, Y: Y [O(n)]
  4: f23->f23, Z: Z [O(n)]
  26: f23->f17, A: 1 [O(1)]
  26: f23->f17, A1: A1 [O(n)]
  26: f23->f17, B: 40 [O(1)]
  26: f23->f17, B1: B1 [O(n)]
  26: f23->f17, C: 0 [O(1)]
  26: f23->f17, C1: C1 [O(n)]
  26: f23->f17, D: 40 [O(1)]
  26: f23->f17, D1: D1 [O(n)]
  26: f23->f17, E: 0 [O(1)]
  26: f23->f17, E1: E1 [O(n)]
  26: f23->f17, F: 1 [O(1)]
  26: f23->f17, G: 0 [O(1)]
  26: f23->f17, H: 1 [O(1)]
  26: f23->f17, J: 0 [O(1)]
  26: f23->f17, L: 8 [O(1)]
  26: f23->f17, M: M [O(n)]
  26: f23->f17, N: N [O(n)]
  26: f23->f17, O: O [O(n)]
  26: f23->f17, P: P [O(n)]
  26: f23->f17, Q: Q [O(n)]
  26: f23->f17, R: R [O(n)]
  26: f23->f17, S: S [O(n)]
  26: f23->f17, T: T [O(n)]
  26: f23->f17, U: U [O(n)]
  26: f23->f17, V: V [O(n)]
  26: f23->f17, W: W [O(n)]
  26: f23->f17, X: X [O(n)]
  26: f23->f17, Y: Y [O(n)]
  26: f23->f17, Z: Z [O(n)]
  5: f36->f42, A: -max{-1, -A} [O(n)]
  5: f36->f42, A1: A1 [O(n)]
  5: f36->f42, B: 40 [O(1)]
  5: f36->f42, B1: B1 [O(n)]
  5: f36->f42, C: 0 [O(1)]
  5: f36->f42, C1: C1 [O(n)]
  5: f36->f42, D: 40 [O(1)]
  5: f36->f42, D1: D1 [O(n)]
  5: f36->f42, E: 0 [O(1)]
  5: f36->f42, E1: E1 [O(n)]
  5: f36->f42, F: 1 [O(1)]
  5: f36->f42, H: 1 [O(1)]
  5: f36->f42, J: -max{0, -J} [O(n)]
  5: f36->f42, L: -max{-8, -L} [O(n)]
  5: f36->f42, M: M [O(n)]
  5: f36->f42, N: N [O(n)]
  5: f36->f42, O: O [O(n)]
  5: f36->f42, P: P [O(n)]
  5: f36->f42, Q: Q [O(n)]
  5: f36->f42, R: R [O(n)]
  5: f36->f42, S: S [O(n)]
  5: f36->f42, T: T [O(n)]
  5: f36->f42, U: U [O(n)]
  5: f36->f42, V: V [O(n)]
  5: f36->f42, W: W [O(n)]
  5: f36->f42, X: X [O(n)]
  5: f36->f42, Y: Y [O(n)]
  5: f36->f42, Z: Z [O(n)]
  9: f42->f42, A: -max{-1, -A} [O(n)]
  9: f42->f42, A1: A1 [O(n)]
  9: f42->f42, B: 40 [O(1)]
  9: f42->f42, B1: B1 [O(n)]
  9: f42->f42, C: 0 [O(1)]
  9: f42->f42, C1: C1 [O(n)]
  9: f42->f42, D: 40 [O(1)]
  9: f42->f42, D1: D1 [O(n)]
  9: f42->f42, E: 0 [O(1)]
  9: f42->f42, E1: E1 [O(n)]
  9: f42->f42, F: 1 [O(1)]
  9: f42->f42, H: 2 [O(1)]
  9: f42->f42, J: -max{0, -J} [O(n)]
  9: f42->f42, L: -max{-8, -L} [O(n)]
  9: f42->f42, N: N [O(n)]
  9: f42->f42, O: O [O(n)]
  9: f42->f42, P: P [O(n)]
  9: f42->f42, Q: Q [O(n)]
  9: f42->f42, R: R [O(n)]
  9: f42->f42, S: S [O(n)]
  9: f42->f42, T: T [O(n)]
  9: f42->f42, U: U [O(n)]
  9: f42->f42, V: V [O(n)]
  9: f42->f42, W: W [O(n)]
  9: f42->f42, X: X [O(n)]
  9: f42->f42, Y: Y [O(n)]
  9: f42->f42, Z: Z [O(n)]
  24: f42->f56, A: -max{-1, -A} [O(n)]
  24: f42->f56, A1: A1 [O(n)]
  24: f42->f56, B: 40 [O(1)]
  24: f42->f56, B1: B1 [O(n)]
  24: f42->f56, C: 0 [O(1)]
  24: f42->f56, C1: C1 [O(n)]
  24: f42->f56, D: 40 [O(1)]
  24: f42->f56, D1: D1 [O(n)]
  24: f42->f56, E: 0 [O(1)]
  24: f42->f56, F: 1 [O(1)]
  24: f42->f56, H: 41 [O(1)]
  24: f42->f56, J: -max{0, -J} [O(n)]
  24: f42->f56, L: -max{-8, -L} [O(n)]
  24: f42->f56, N: N [O(n)]
  24: f42->f56, P: P [O(n)]
  24: f42->f56, Q: Q [O(n)]
  24: f42->f56, R: R [O(n)]
  24: f42->f56, S: S [O(n)]
  24: f42->f56, T: T [O(n)]
  24: f42->f56, U: U [O(n)]
  24: f42->f56, V: V [O(n)]
  24: f42->f56, W: W [O(n)]
  24: f42->f56, X: X [O(n)]
  24: f42->f56, Y: Y [O(n)]
  24: f42->f56, Z: Z [O(n)]
  10: f56->f85, A: -max{-1, -A} [O(n)]
  10: f56->f85, A1: A1 [O(n)]
  10: f56->f85, B: 40 [O(1)]
  10: f56->f85, B1: B1 [O(n)]
  10: f56->f85, C: 0 [O(1)]
  10: f56->f85, C1: C1 [O(n)]
  10: f56->f85, D: 40 [O(1)]
  10: f56->f85, D1: D1 [O(n)]
  10: f56->f85, E: 0 [O(1)]
  10: f56->f85, F: 1 [O(1)]
  10: f56->f85, H: 41 [O(1)]
  10: f56->f85, J: -max{0, -J} [O(n)]
  10: f56->f85, L: -max{-8, -L} [O(n)]
  10: f56->f85, Q: 42 [O(1)]
  10: f56->f85, R: 0 [O(1)]
  10: f56->f85, S: 1 [O(1)]
  10: f56->f85, U: U [O(n)]
  10: f56->f85, V: V [O(n)]
  10: f56->f85, W: W [O(n)]
  10: f56->f85, X: X [O(n)]
  10: f56->f85, Y: Y [O(n)]
  10: f56->f85, Z: Z [O(n)]
  11: f56->f85, A: 1 [O(1)]
  11: f56->f85, A1: A1 [O(n)]
  11: f56->f85, B: 40 [O(1)]
  11: f56->f85, B1: B1 [O(n)]
  11: f56->f85, C: 0 [O(1)]
  11: f56->f85, C1: C1 [O(n)]
  11: f56->f85, D: 40 [O(1)]
  11: f56->f85, D1: D1 [O(n)]
  11: f56->f85, E: 0 [O(1)]
  11: f56->f85, F: 1 [O(1)]
  11: f56->f85, H: 41 [O(1)]
  11: f56->f85, J: -max{0, -J} [O(n)]
  11: f56->f85, L: -max{-8, -L} [O(n)]
  11: f56->f85, Q: 42 [O(1)]
  11: f56->f85, R: 0 [O(1)]
  11: f56->f85, S: 1 [O(1)]
  11: f56->f85, U: U [O(n)]
  11: f56->f85, V: V [O(n)]
  11: f56->f85, W: W [O(n)]
  11: f56->f85, X: X [O(n)]
  11: f56->f85, Y: Y [O(n)]
  11: f56->f85, Z: Z [O(n)]
  12: f56->f66, A: 1 [O(1)]
  12: f56->f66, A1: A1 [O(n)]
  12: f56->f66, B: 40 [O(1)]
  12: f56->f66, B1: B1 [O(n)]
  12: f56->f66, C: 0 [O(1)]
  12: f56->f66, C1: C1 [O(n)]
  12: f56->f66, D: 40 [O(1)]
  12: f56->f66, D1: D1 [O(n)]
  12: f56->f66, E: 0 [O(1)]
  12: f56->f66, F: 1 [O(1)]
  12: f56->f66, H: 41 [O(1)]
  12: f56->f66, J: -max{0, -J} [O(n)]
  12: f56->f66, L: -max{-8, -L} [O(n)]
  12: f56->f66, Q: 42 [O(1)]
  12: f56->f66, R: 0 [O(1)]
  12: f56->f66, S: 1 [O(1)]
  12: f56->f66, U: 0 [O(1)]
  12: f56->f66, V: V [O(n)]
  12: f56->f66, W: W [O(n)]
  12: f56->f66, X: X [O(n)]
  12: f56->f66, Y: Y [O(n)]
  12: f56->f66, Z: Z [O(n)]
  13: f66->f72, A: 1 [O(1)]
  13: f66->f72, A1: A1 [O(n)]
  13: f66->f72, B: 40 [O(1)]
  13: f66->f72, B1: B1 [O(n)]
  13: f66->f72, C: 0 [O(1)]
  13: f66->f72, C1: C1 [O(n)]
  13: f66->f72, D: 40 [O(1)]
  13: f66->f72, E: 0 [O(1)]
  13: f66->f72, F: 1 [O(1)]
  13: f66->f72, H: 41 [O(1)]
  13: f66->f72, J: -max{0, -J} [O(n)]
  13: f66->f72, L: -max{-8, -L} [O(n)]
  13: f66->f72, Q: 42 [O(1)]
  13: f66->f72, R: 0 [O(1)]
  13: f66->f72, S: 1 [O(1)]
  13: f66->f72, U: 0 [O(1)]
  13: f66->f72, W: 0 [O(1)]
  13: f66->f72, Y: 0 [O(1)]
  13: f66->f72, Z: Z [O(n)]
  23: f66->f85, A: 1 [O(1)]
  23: f66->f85, A1: A1 [O(n)]
  23: f66->f85, B: 40 [O(1)]
  23: f66->f85, B1: B1 [O(n)]
  23: f66->f85, C: 0 [O(1)]
  23: f66->f85, C1: C1 [O(n)]
  23: f66->f85, D: 40 [O(1)]
  23: f66->f85, E: 0 [O(1)]
  23: f66->f85, F: 1 [O(1)]
  23: f66->f85, H: 41 [O(1)]
  23: f66->f85, J: -max{0, -J} [O(n)]
  23: f66->f85, L: -max{-8, -L} [O(n)]
  23: f66->f85, Q: 42 [O(1)]
  23: f66->f85, R: 0 [O(1)]
  23: f66->f85, S: 1 [O(1)]
  23: f66->f85, U: 256 [O(1)]
  23: f66->f85, W: -max{0, -W} [O(n)]
  23: f66->f85, Y: -max{-8, -Y} [O(n)]
  23: f66->f85, Z: Z [O(n)]
  14: f72->f72, A: 1 [O(1)]
  14: f72->f72, A1: A1 [O(n)]
  14: f72->f72, B: 40 [O(1)]
  14: f72->f72, B1: B1 [O(n)]
  14: f72->f72, C: 0 [O(1)]
  14: f72->f72, C1: C1 [O(n)]
  14: f72->f72, D: 40 [O(1)]
  14: f72->f72, E: 0 [O(1)]
  14: f72->f72, F: 1 [O(1)]
  14: f72->f72, H: 41 [O(1)]
  14: f72->f72, J: -max{0, -J} [O(n)]
  14: f72->f72, L: -max{-8, -L} [O(n)]
  14: f72->f72, Q: 42 [O(1)]
  14: f72->f72, R: 0 [O(1)]
  14: f72->f72, S: 1 [O(1)]
  14: f72->f72, U: 0 [O(1)]
  14: f72->f72, W: 0 [O(1)]
  14: f72->f72, Y: 1 [O(1)]
  14: f72->f72, Z: Z [O(n)]
  22: f72->f66, A: 1 [O(1)]
  22: f72->f66, A1: A1 [O(n)]
  22: f72->f66, B: 40 [O(1)]
  22: f72->f66, B1: B1 [O(n)]
  22: f72->f66, C: 0 [O(1)]
  22: f72->f66, C1: C1 [O(n)]
  22: f72->f66, D: 40 [O(1)]
  22: f72->f66, E: 0 [O(1)]
  22: f72->f66, F: 1 [O(1)]
  22: f72->f66, H: 41 [O(1)]
  22: f72->f66, J: -max{0, -J} [O(n)]
  22: f72->f66, L: -max{-8, -L} [O(n)]
  22: f72->f66, Q: 42 [O(1)]
  22: f72->f66, R: 0 [O(1)]
  22: f72->f66, S: 1 [O(1)]
  22: f72->f66, U: 1 [O(1)]
  22: f72->f66, W: 0 [O(1)]
  22: f72->f66, Y: 8 [O(1)]
  22: f72->f66, Z: Z [O(n)]
  15: f85->f91, A: -max{-1, -1, -A} [O(n)]
  15: f85->f91, A1: A1 [O(n)]
  15: f85->f91, B: 40 [O(1)]
  15: f85->f91, B1: B1 [O(n)]
  15: f85->f91, C: 0 [O(1)]
  15: f85->f91, C1: C1 [O(n)]
  15: f85->f91, D: 40 [O(1)]
  15: f85->f91, E: 0 [O(1)]
  15: f85->f91, F: 1 [O(1)]
  15: f85->f91, H: 41 [O(1)]
  15: f85->f91, J: -max{0, -J} [O(n)]
  15: f85->f91, L: -max{-8, -L} [O(n)]
  15: f85->f91, Q: 42 [O(1)]
  15: f85->f91, R: 0 [O(1)]
  15: f85->f91, S: 1 [O(1)]
  15: f85->f91, U: 1 [O(1)]
  15: f85->f91, W: -max{0, -W} [O(n)]
  15: f85->f91, Y: -max{-8, -Y} [O(n)]
  15: f85->f91, Z: Z [O(n)]
  19: f91->f91, A: -max{-1, -1, -A} [O(n)]
  19: f91->f91, A1: A1 [O(n)]
  19: f91->f91, B: 40 [O(1)]
  19: f91->f91, B1: B1 [O(n)]
  19: f91->f91, C: 0 [O(1)]
  19: f91->f91, C1: C1 [O(n)]
  19: f91->f91, D: 40 [O(1)]
  19: f91->f91, E: 0 [O(1)]
  19: f91->f91, F: 1 [O(1)]
  19: f91->f91, H: 41 [O(1)]
  19: f91->f91, J: -max{0, -J} [O(n)]
  19: f91->f91, L: -max{-8, -L} [O(n)]
  19: f91->f91, Q: 42 [O(1)]
  19: f91->f91, R: 0 [O(1)]
  19: f91->f91, S: 1 [O(1)]
  19: f91->f91, U: 2 [O(1)]
  19: f91->f91, W: -max{0, -W} [O(n)]
  19: f91->f91, Y: -max{-8, -Y} [O(n)]
  20: f91->f106, A: -max{-1, -1, -A} [O(n)]
  20: f91->f106, B: 40 [O(1)]
  20: f91->f106, C: 0 [O(1)]
  20: f91->f106, D: 40 [O(1)]
  20: f91->f106, E: 0 [O(1)]
  20: f91->f106, F: 1 [O(1)]
  20: f91->f106, H: 41 [O(1)]
  20: f91->f106, J: -max{0, -J} [O(n)]
  20: f91->f106, L: -max{-8, -L} [O(n)]
  20: f91->f106, Q: 42 [O(1)]
  20: f91->f106, R: 0 [O(1)]
  20: f91->f106, S: 1 [O(1)]
  20: f91->f106, U: 43 [O(1)]
  20: f91->f106, W: -max{0, -W} [O(n)]
  20: f91->f106, Y: -max{-8, -Y} [O(n)]
`Upper:
  0: f0->f36, A: -1 [O(1)]
  0: f0->f36, A1: A1 [O(n)]
  0: f0->f36, B: 40 [O(1)]
  0: f0->f36, B1: B1 [O(n)]
  0: f0->f36, C: 0 [O(1)]
  0: f0->f36, C1: C1 [O(n)]
  0: f0->f36, D: 40 [O(1)]
  0: f0->f36, D1: D1 [O(n)]
  0: f0->f36, E: 0 [O(1)]
  0: f0->f36, E1: E1 [O(n)]
  0: f0->f36, F: 1 [O(1)]
  0: f0->f36, F1: F1 [O(n)]
  0: f0->f36, G: 0 [O(1)]
  0: f0->f36, H: H [O(n)]
  0: f0->f36, I: I [O(n)]
  0: f0->f36, J: J [O(n)]
  0: f0->f36, K: K [O(n)]
  0: f0->f36, L: L [O(n)]
  0: f0->f36, M: M [O(n)]
  0: f0->f36, N: N [O(n)]
  0: f0->f36, O: O [O(n)]
  0: f0->f36, P: P [O(n)]
  0: f0->f36, Q: Q [O(n)]
  0: f0->f36, R: R [O(n)]
  0: f0->f36, S: S [O(n)]
  0: f0->f36, T: T [O(n)]
  0: f0->f36, U: U [O(n)]
  0: f0->f36, V: V [O(n)]
  0: f0->f36, W: W [O(n)]
  0: f0->f36, X: X [O(n)]
  0: f0->f36, Y: Y [O(n)]
  0: f0->f36, Z: Z [O(n)]
  1: f0->f36, A: A [O(n)]
  1: f0->f36, A1: A1 [O(n)]
  1: f0->f36, B: 40 [O(1)]
  1: f0->f36, B1: B1 [O(n)]
  1: f0->f36, C: 0 [O(1)]
  1: f0->f36, C1: C1 [O(n)]
  1: f0->f36, D: 40 [O(1)]
  1: f0->f36, D1: D1 [O(n)]
  1: f0->f36, E: 0 [O(1)]
  1: f0->f36, E1: E1 [O(n)]
  1: f0->f36, F: 1 [O(1)]
  1: f0->f36, F1: F1 [O(n)]
  1: f0->f36, G: 0 [O(1)]
  1: f0->f36, H: H [O(n)]
  1: f0->f36, I: I [O(n)]
  1: f0->f36, J: J [O(n)]
  1: f0->f36, K: K [O(n)]
  1: f0->f36, L: L [O(n)]
  1: f0->f36, M: M [O(n)]
  1: f0->f36, N: N [O(n)]
  1: f0->f36, O: O [O(n)]
  1: f0->f36, P: P [O(n)]
  1: f0->f36, Q: Q [O(n)]
  1: f0->f36, R: R [O(n)]
  1: f0->f36, S: S [O(n)]
  1: f0->f36, T: T [O(n)]
  1: f0->f36, U: U [O(n)]
  1: f0->f36, V: V [O(n)]
  1: f0->f36, W: W [O(n)]
  1: f0->f36, X: X [O(n)]
  1: f0->f36, Y: Y [O(n)]
  1: f0->f36, Z: Z [O(n)]
  2: f0->f17, A: 1 [O(1)]
  2: f0->f17, A1: A1 [O(n)]
  2: f0->f17, B: 40 [O(1)]
  2: f0->f17, B1: B1 [O(n)]
  2: f0->f17, C: 0 [O(1)]
  2: f0->f17, C1: C1 [O(n)]
  2: f0->f17, D: 40 [O(1)]
  2: f0->f17, D1: D1 [O(n)]
  2: f0->f17, E: 0 [O(1)]
  2: f0->f17, E1: E1 [O(n)]
  2: f0->f17, F: 1 [O(1)]
  2: f0->f17, F1: F1 [O(n)]
  2: f0->f17, G: 0 [O(1)]
  2: f0->f17, H: 0 [O(1)]
  2: f0->f17, I: I [O(n)]
  2: f0->f17, J: J [O(n)]
  2: f0->f17, K: K [O(n)]
  2: f0->f17, L: L [O(n)]
  2: f0->f17, M: M [O(n)]
  2: f0->f17, N: N [O(n)]
  2: f0->f17, O: O [O(n)]
  2: f0->f17, P: P [O(n)]
  2: f0->f17, Q: Q [O(n)]
  2: f0->f17, R: R [O(n)]
  2: f0->f17, S: S [O(n)]
  2: f0->f17, T: T [O(n)]
  2: f0->f17, U: U [O(n)]
  2: f0->f17, V: V [O(n)]
  2: f0->f17, W: W [O(n)]
  2: f0->f17, X: X [O(n)]
  2: f0->f17, Y: Y [O(n)]
  2: f0->f17, Z: Z [O(n)]
  3: f17->f23, A: 1 [O(1)]
  3: f17->f23, A1: A1 [O(n)]
  3: f17->f23, B: 40 [O(1)]
  3: f17->f23, B1: B1 [O(n)]
  3: f17->f23, C: 0 [O(1)]
  3: f17->f23, C1: C1 [O(n)]
  3: f17->f23, D: 40 [O(1)]
  3: f17->f23, D1: D1 [O(n)]
  3: f17->f23, E: 0 [O(1)]
  3: f17->f23, E1: E1 [O(n)]
  3: f17->f23, F: 1 [O(1)]
  3: f17->f23, G: 0 [O(1)]
  3: f17->f23, H: 255 [O(1)]
  3: f17->f23, J: 0 [O(1)]
  3: f17->f23, L: 0 [O(1)]
  3: f17->f23, M: M [O(n)]
  3: f17->f23, N: N [O(n)]
  3: f17->f23, O: O [O(n)]
  3: f17->f23, P: P [O(n)]
  3: f17->f23, Q: Q [O(n)]
  3: f17->f23, R: R [O(n)]
  3: f17->f23, S: S [O(n)]
  3: f17->f23, T: T [O(n)]
  3: f17->f23, U: U [O(n)]
  3: f17->f23, V: V [O(n)]
  3: f17->f23, W: W [O(n)]
  3: f17->f23, X: X [O(n)]
  3: f17->f23, Y: Y [O(n)]
  3: f17->f23, Z: Z [O(n)]
  27: f17->f36, A: 1 [O(1)]
  27: f17->f36, A1: A1 [O(n)]
  27: f17->f36, B: 40 [O(1)]
  27: f17->f36, B1: B1 [O(n)]
  27: f17->f36, C: 0 [O(1)]
  27: f17->f36, C1: C1 [O(n)]
  27: f17->f36, D: 40 [O(1)]
  27: f17->f36, D1: D1 [O(n)]
  27: f17->f36, E: 0 [O(1)]
  27: f17->f36, E1: E1 [O(n)]
  27: f17->f36, F: 1 [O(1)]
  27: f17->f36, G: 0 [O(1)]
  27: f17->f36, H: 256 [O(1)]
  27: f17->f36, J: max{0, J} [O(n)]
  27: f17->f36, L: max{8, L} [O(n)]
  27: f17->f36, M: M [O(n)]
  27: f17->f36, N: N [O(n)]
  27: f17->f36, O: O [O(n)]
  27: f17->f36, P: P [O(n)]
  27: f17->f36, Q: Q [O(n)]
  27: f17->f36, R: R [O(n)]
  27: f17->f36, S: S [O(n)]
  27: f17->f36, T: T [O(n)]
  27: f17->f36, U: U [O(n)]
  27: f17->f36, V: V [O(n)]
  27: f17->f36, W: W [O(n)]
  27: f17->f36, X: X [O(n)]
  27: f17->f36, Y: Y [O(n)]
  27: f17->f36, Z: Z [O(n)]
  4: f23->f23, A: 1 [O(1)]
  4: f23->f23, A1: A1 [O(n)]
  4: f23->f23, B: 40 [O(1)]
  4: f23->f23, B1: B1 [O(n)]
  4: f23->f23, C: 0 [O(1)]
  4: f23->f23, C1: C1 [O(n)]
  4: f23->f23, D: 40 [O(1)]
  4: f23->f23, D1: D1 [O(n)]
  4: f23->f23, E: 0 [O(1)]
  4: f23->f23, E1: E1 [O(n)]
  4: f23->f23, F: 1 [O(1)]
  4: f23->f23, G: 0 [O(1)]
  4: f23->f23, H: 255 [O(1)]
  4: f23->f23, J: 0 [O(1)]
  4: f23->f23, L: 8 [O(1)]
  4: f23->f23, M: M [O(n)]
  4: f23->f23, N: N [O(n)]
  4: f23->f23, O: O [O(n)]
  4: f23->f23, P: P [O(n)]
  4: f23->f23, Q: Q [O(n)]
  4: f23->f23, R: R [O(n)]
  4: f23->f23, S: S [O(n)]
  4: f23->f23, T: T [O(n)]
  4: f23->f23, U: U [O(n)]
  4: f23->f23, V: V [O(n)]
  4: f23->f23, W: W [O(n)]
  4: f23->f23, X: X [O(n)]
  4: f23->f23, Y: Y [O(n)]
  4: f23->f23, Z: Z [O(n)]
  26: f23->f17, A: 1 [O(1)]
  26: f23->f17, A1: A1 [O(n)]
  26: f23->f17, B: 40 [O(1)]
  26: f23->f17, B1: B1 [O(n)]
  26: f23->f17, C: 0 [O(1)]
  26: f23->f17, C1: C1 [O(n)]
  26: f23->f17, D: 40 [O(1)]
  26: f23->f17, D1: D1 [O(n)]
  26: f23->f17, E: 0 [O(1)]
  26: f23->f17, E1: E1 [O(n)]
  26: f23->f17, F: 1 [O(1)]
  26: f23->f17, G: 0 [O(1)]
  26: f23->f17, H: 256 [O(1)]
  26: f23->f17, J: 0 [O(1)]
  26: f23->f17, L: 8 [O(1)]
  26: f23->f17, M: M [O(n)]
  26: f23->f17, N: N [O(n)]
  26: f23->f17, O: O [O(n)]
  26: f23->f17, P: P [O(n)]
  26: f23->f17, Q: Q [O(n)]
  26: f23->f17, R: R [O(n)]
  26: f23->f17, S: S [O(n)]
  26: f23->f17, T: T [O(n)]
  26: f23->f17, U: U [O(n)]
  26: f23->f17, V: V [O(n)]
  26: f23->f17, W: W [O(n)]
  26: f23->f17, X: X [O(n)]
  26: f23->f17, Y: Y [O(n)]
  26: f23->f17, Z: Z [O(n)]
  5: f36->f42, A: max{1, A} [O(n)]
  5: f36->f42, A1: A1 [O(n)]
  5: f36->f42, B: 40 [O(1)]
  5: f36->f42, B1: B1 [O(n)]
  5: f36->f42, C: 0 [O(1)]
  5: f36->f42, C1: C1 [O(n)]
  5: f36->f42, D: 40 [O(1)]
  5: f36->f42, D1: D1 [O(n)]
  5: f36->f42, E: 0 [O(1)]
  5: f36->f42, E1: E1 [O(n)]
  5: f36->f42, F: 1 [O(1)]
  5: f36->f42, H: 1 [O(1)]
  5: f36->f42, J: max{0, J} [O(n)]
  5: f36->f42, L: max{8, L} [O(n)]
  5: f36->f42, M: M [O(n)]
  5: f36->f42, N: N [O(n)]
  5: f36->f42, O: O [O(n)]
  5: f36->f42, P: P [O(n)]
  5: f36->f42, Q: Q [O(n)]
  5: f36->f42, R: R [O(n)]
  5: f36->f42, S: S [O(n)]
  5: f36->f42, T: T [O(n)]
  5: f36->f42, U: U [O(n)]
  5: f36->f42, V: V [O(n)]
  5: f36->f42, W: W [O(n)]
  5: f36->f42, X: X [O(n)]
  5: f36->f42, Y: Y [O(n)]
  5: f36->f42, Z: Z [O(n)]
  9: f42->f42, A: max{1, A} [O(n)]
  9: f42->f42, A1: A1 [O(n)]
  9: f42->f42, B: 40 [O(1)]
  9: f42->f42, B1: B1 [O(n)]
  9: f42->f42, C: 0 [O(1)]
  9: f42->f42, C1: C1 [O(n)]
  9: f42->f42, D: 40 [O(1)]
  9: f42->f42, D1: D1 [O(n)]
  9: f42->f42, E: 0 [O(1)]
  9: f42->f42, E1: E1 [O(n)]
  9: f42->f42, F: 1 [O(1)]
  9: f42->f42, H: 41 [O(1)]
  9: f42->f42, J: max{0, J} [O(n)]
  9: f42->f42, L: max{8, L} [O(n)]
  9: f42->f42, N: N [O(n)]
  9: f42->f42, O: O [O(n)]
  9: f42->f42, P: P [O(n)]
  9: f42->f42, Q: Q [O(n)]
  9: f42->f42, R: R [O(n)]
  9: f42->f42, S: S [O(n)]
  9: f42->f42, T: T [O(n)]
  9: f42->f42, U: U [O(n)]
  9: f42->f42, V: V [O(n)]
  9: f42->f42, W: W [O(n)]
  9: f42->f42, X: X [O(n)]
  9: f42->f42, Y: Y [O(n)]
  9: f42->f42, Z: Z [O(n)]
  24: f42->f56, A: max{1, A} [O(n)]
  24: f42->f56, A1: A1 [O(n)]
  24: f42->f56, B: 40 [O(1)]
  24: f42->f56, B1: B1 [O(n)]
  24: f42->f56, C: 0 [O(1)]
  24: f42->f56, C1: C1 [O(n)]
  24: f42->f56, D: 40 [O(1)]
  24: f42->f56, D1: D1 [O(n)]
  24: f42->f56, E: 0 [O(1)]
  24: f42->f56, F: 1 [O(1)]
  24: f42->f56, H: 41 [O(1)]
  24: f42->f56, J: max{0, J} [O(n)]
  24: f42->f56, L: max{8, L} [O(n)]
  24: f42->f56, N: N [O(n)]
  24: f42->f56, P: P [O(n)]
  24: f42->f56, Q: Q [O(n)]
  24: f42->f56, R: R [O(n)]
  24: f42->f56, S: S [O(n)]
  24: f42->f56, T: T [O(n)]
  24: f42->f56, U: U [O(n)]
  24: f42->f56, V: V [O(n)]
  24: f42->f56, W: W [O(n)]
  24: f42->f56, X: X [O(n)]
  24: f42->f56, Y: Y [O(n)]
  24: f42->f56, Z: Z [O(n)]
  10: f56->f85, A: -1 [O(1)]
  10: f56->f85, A1: A1 [O(n)]
  10: f56->f85, B: 40 [O(1)]
  10: f56->f85, B1: B1 [O(n)]
  10: f56->f85, C: 0 [O(1)]
  10: f56->f85, C1: C1 [O(n)]
  10: f56->f85, D: 40 [O(1)]
  10: f56->f85, D1: D1 [O(n)]
  10: f56->f85, E: 0 [O(1)]
  10: f56->f85, F: 1 [O(1)]
  10: f56->f85, H: 41 [O(1)]
  10: f56->f85, J: max{0, J} [O(n)]
  10: f56->f85, L: max{8, L} [O(n)]
  10: f56->f85, Q: 42 [O(1)]
  10: f56->f85, R: 0 [O(1)]
  10: f56->f85, S: 1 [O(1)]
  10: f56->f85, U: U [O(n)]
  10: f56->f85, V: V [O(n)]
  10: f56->f85, W: W [O(n)]
  10: f56->f85, X: X [O(n)]
  10: f56->f85, Y: Y [O(n)]
  10: f56->f85, Z: Z [O(n)]
  11: f56->f85, A: max{1, A} [O(n)]
  11: f56->f85, A1: A1 [O(n)]
  11: f56->f85, B: 40 [O(1)]
  11: f56->f85, B1: B1 [O(n)]
  11: f56->f85, C: 0 [O(1)]
  11: f56->f85, C1: C1 [O(n)]
  11: f56->f85, D: 40 [O(1)]
  11: f56->f85, D1: D1 [O(n)]
  11: f56->f85, E: 0 [O(1)]
  11: f56->f85, F: 1 [O(1)]
  11: f56->f85, H: 41 [O(1)]
  11: f56->f85, J: max{0, J} [O(n)]
  11: f56->f85, L: max{8, L} [O(n)]
  11: f56->f85, Q: 42 [O(1)]
  11: f56->f85, R: 0 [O(1)]
  11: f56->f85, S: 1 [O(1)]
  11: f56->f85, U: U [O(n)]
  11: f56->f85, V: V [O(n)]
  11: f56->f85, W: W [O(n)]
  11: f56->f85, X: X [O(n)]
  11: f56->f85, Y: Y [O(n)]
  11: f56->f85, Z: Z [O(n)]
  12: f56->f66, A: 1 [O(1)]
  12: f56->f66, A1: A1 [O(n)]
  12: f56->f66, B: 40 [O(1)]
  12: f56->f66, B1: B1 [O(n)]
  12: f56->f66, C: 0 [O(1)]
  12: f56->f66, C1: C1 [O(n)]
  12: f56->f66, D: 40 [O(1)]
  12: f56->f66, D1: D1 [O(n)]
  12: f56->f66, E: 0 [O(1)]
  12: f56->f66, F: 1 [O(1)]
  12: f56->f66, H: 41 [O(1)]
  12: f56->f66, J: max{0, J} [O(n)]
  12: f56->f66, L: max{8, L} [O(n)]
  12: f56->f66, Q: 42 [O(1)]
  12: f56->f66, R: 0 [O(1)]
  12: f56->f66, S: 1 [O(1)]
  12: f56->f66, U: 0 [O(1)]
  12: f56->f66, V: V [O(n)]
  12: f56->f66, W: W [O(n)]
  12: f56->f66, X: X [O(n)]
  12: f56->f66, Y: Y [O(n)]
  12: f56->f66, Z: Z [O(n)]
  13: f66->f72, A: 1 [O(1)]
  13: f66->f72, A1: A1 [O(n)]
  13: f66->f72, B: 40 [O(1)]
  13: f66->f72, B1: B1 [O(n)]
  13: f66->f72, C: 0 [O(1)]
  13: f66->f72, C1: C1 [O(n)]
  13: f66->f72, D: 40 [O(1)]
  13: f66->f72, E: 0 [O(1)]
  13: f66->f72, F: 1 [O(1)]
  13: f66->f72, H: 41 [O(1)]
  13: f66->f72, J: max{0, J} [O(n)]
  13: f66->f72, L: max{8, L} [O(n)]
  13: f66->f72, Q: 42 [O(1)]
  13: f66->f72, R: 0 [O(1)]
  13: f66->f72, S: 1 [O(1)]
  13: f66->f72, U: 255 [O(1)]
  13: f66->f72, W: 0 [O(1)]
  13: f66->f72, Y: 0 [O(1)]
  13: f66->f72, Z: Z [O(n)]
  23: f66->f85, A: 1 [O(1)]
  23: f66->f85, A1: A1 [O(n)]
  23: f66->f85, B: 40 [O(1)]
  23: f66->f85, B1: B1 [O(n)]
  23: f66->f85, C: 0 [O(1)]
  23: f66->f85, C1: C1 [O(n)]
  23: f66->f85, D: 40 [O(1)]
  23: f66->f85, E: 0 [O(1)]
  23: f66->f85, F: 1 [O(1)]
  23: f66->f85, H: 41 [O(1)]
  23: f66->f85, J: max{0, J} [O(n)]
  23: f66->f85, L: max{8, L} [O(n)]
  23: f66->f85, Q: 42 [O(1)]
  23: f66->f85, R: 0 [O(1)]
  23: f66->f85, S: 1 [O(1)]
  23: f66->f85, U: 256 [O(1)]
  23: f66->f85, W: max{0, W} [O(n)]
  23: f66->f85, Y: max{8, Y} [O(n)]
  23: f66->f85, Z: Z [O(n)]
  14: f72->f72, A: 1 [O(1)]
  14: f72->f72, A1: A1 [O(n)]
  14: f72->f72, B: 40 [O(1)]
  14: f72->f72, B1: B1 [O(n)]
  14: f72->f72, C: 0 [O(1)]
  14: f72->f72, C1: C1 [O(n)]
  14: f72->f72, D: 40 [O(1)]
  14: f72->f72, E: 0 [O(1)]
  14: f72->f72, F: 1 [O(1)]
  14: f72->f72, H: 41 [O(1)]
  14: f72->f72, J: max{0, J} [O(n)]
  14: f72->f72, L: max{8, L} [O(n)]
  14: f72->f72, Q: 42 [O(1)]
  14: f72->f72, R: 0 [O(1)]
  14: f72->f72, S: 1 [O(1)]
  14: f72->f72, U: 255 [O(1)]
  14: f72->f72, W: 0 [O(1)]
  14: f72->f72, Y: 8 [O(1)]
  14: f72->f72, Z: Z [O(n)]
  22: f72->f66, A: 1 [O(1)]
  22: f72->f66, A1: A1 [O(n)]
  22: f72->f66, B: 40 [O(1)]
  22: f72->f66, B1: B1 [O(n)]
  22: f72->f66, C: 0 [O(1)]
  22: f72->f66, C1: C1 [O(n)]
  22: f72->f66, D: 40 [O(1)]
  22: f72->f66, E: 0 [O(1)]
  22: f72->f66, F: 1 [O(1)]
  22: f72->f66, H: 41 [O(1)]
  22: f72->f66, J: max{0, J} [O(n)]
  22: f72->f66, L: max{8, L} [O(n)]
  22: f72->f66, Q: 42 [O(1)]
  22: f72->f66, R: 0 [O(1)]
  22: f72->f66, S: 1 [O(1)]
  22: f72->f66, U: 256 [O(1)]
  22: f72->f66, W: 0 [O(1)]
  22: f72->f66, Y: 8 [O(1)]
  22: f72->f66, Z: Z [O(n)]
  15: f85->f91, A: max{1, 1, A} [O(n)]
  15: f85->f91, A1: A1 [O(n)]
  15: f85->f91, B: 40 [O(1)]
  15: f85->f91, B1: B1 [O(n)]
  15: f85->f91, C: 0 [O(1)]
  15: f85->f91, C1: C1 [O(n)]
  15: f85->f91, D: 40 [O(1)]
  15: f85->f91, E: 0 [O(1)]
  15: f85->f91, F: 1 [O(1)]
  15: f85->f91, H: 41 [O(1)]
  15: f85->f91, J: max{0, J} [O(n)]
  15: f85->f91, L: max{8, L} [O(n)]
  15: f85->f91, Q: 42 [O(1)]
  15: f85->f91, R: 0 [O(1)]
  15: f85->f91, S: 1 [O(1)]
  15: f85->f91, U: 1 [O(1)]
  15: f85->f91, W: max{0, W} [O(n)]
  15: f85->f91, Y: max{8, Y} [O(n)]
  15: f85->f91, Z: Z [O(n)]
  19: f91->f91, A: max{1, 1, A} [O(n)]
  19: f91->f91, A1: A1 [O(n)]
  19: f91->f91, B: 40 [O(1)]
  19: f91->f91, B1: B1 [O(n)]
  19: f91->f91, C: 0 [O(1)]
  19: f91->f91, C1: C1 [O(n)]
  19: f91->f91, D: 40 [O(1)]
  19: f91->f91, E: 0 [O(1)]
  19: f91->f91, F: 1 [O(1)]
  19: f91->f91, H: 41 [O(1)]
  19: f91->f91, J: max{0, J} [O(n)]
  19: f91->f91, L: max{8, L} [O(n)]
  19: f91->f91, Q: 42 [O(1)]
  19: f91->f91, R: 0 [O(1)]
  19: f91->f91, S: 1 [O(1)]
  19: f91->f91, U: 43 [O(1)]
  19: f91->f91, W: max{0, W} [O(n)]
  19: f91->f91, Y: max{8, Y} [O(n)]
  20: f91->f106, A: max{1, 1, A} [O(n)]
  20: f91->f106, B: 40 [O(1)]
  20: f91->f106, C: 0 [O(1)]
  20: f91->f106, D: 40 [O(1)]
  20: f91->f106, E: 0 [O(1)]
  20: f91->f106, F: 1 [O(1)]
  20: f91->f106, H: 41 [O(1)]
  20: f91->f106, J: max{0, J} [O(n)]
  20: f91->f106, L: max{8, L} [O(n)]
  20: f91->f106, Q: 42 [O(1)]
  20: f91->f106, R: 0 [O(1)]
  20: f91->f106, S: 1 [O(1)]
  20: f91->f106, U: 43 [O(1)]
  20: f91->f106, W: max{0, W} [O(n)]
  20: f91->f106, Y: max{8, Y} [O(n)]
