Timebounds: 
  Overall timebound: inf [Infinity]
  0: f1->f1: max{0, -2+A} [O(n)]
  13: f1->f10: 1 [O(1)]
  14: f1->f10: 1 [O(1)]
  7: f10->f10: inf [Infinity]
  8: f10->f10: inf [Infinity]
  9: f10->f10: inf [Infinity]
  10: f10->f10: inf [Infinity]
  11: f10->f4: 1 [O(1)]
  16: f3->f4: 1 [O(1)]
  17: f3->f1: 1 [O(1)]

Costbounds:
  Overall costbound: inf [Infinity]
  0: f1->f1: max{0, -2+A} [O(n)]
  13: f1->f10: 1 [O(1)]
  14: f1->f10: 1 [O(1)]
  7: f10->f10: inf [Infinity]
  8: f10->f10: inf [Infinity]
  9: f10->f10: inf [Infinity]
  10: f10->f10: inf [Infinity]
  11: f10->f4: 1 [O(1)]
  16: f3->f4: 1 [O(1)]
  17: f3->f1: 1 [O(1)]

Sizebounds:
`Lower:
  0: f1->f1, A: 3 [O(1)]
  0: f1->f1, B: 3 [O(1)]
  0: f1->f1, M: 2 [O(1)]
  0: f1->f1, N: N [O(n)]
  0: f1->f1, O: O [O(n)]
  0: f1->f1, P: P [O(n)]
  0: f1->f1, Q: Q [O(n)]
  0: f1->f1, R: R [O(n)]
  0: f1->f1, S: S [O(n)]
  0: f1->f1, T: T [O(n)]
  0: f1->f1, U: U [O(n)]
  0: f1->f1, V: V [O(n)]
  0: f1->f1, W: W [O(n)]
  0: f1->f1, X: G1 [O(n)]
  13: f1->f10, A: 2 [O(1)]
  13: f1->f10, B: 1+U [O(n)]
  13: f1->f10, C: 1 [O(1)]
  13: f1->f10, K: 1 [O(1)]
  13: f1->f10, M: -max{-2, -M} [O(n)]
  13: f1->f10, N: 1 [O(1)]
  13: f1->f10, O: U [O(n)]
  13: f1->f10, P: 0 [O(1)]
  13: f1->f10, Q: 1 [O(1)]
  13: f1->f10, R: 0 [O(1)]
  13: f1->f10, S: 1 [O(1)]
  13: f1->f10, T: 1 [O(1)]
  13: f1->f10, U: U [O(n)]
  13: f1->f10, V: V [O(n)]
  13: f1->f10, W: W [O(n)]
  13: f1->f10, X: G1 [O(n)]
  14: f1->f10, A: 2 [O(1)]
  14: f1->f10, B: 1+U [O(n)]
  14: f1->f10, M: -max{-2, -M} [O(n)]
  14: f1->f10, O: U [O(n)]
  14: f1->f10, P: 0 [O(1)]
  14: f1->f10, R: 0 [O(1)]
  14: f1->f10, U: U [O(n)]
  14: f1->f10, V: V [O(n)]
  14: f1->f10, W: W [O(n)]
  14: f1->f10, X: G1 [O(n)]
  7: f10->f10, A: 2 [O(1)]
  7: f10->f10, B: 2 [O(1)]
  7: f10->f10, M: -max{-2, -M} [O(n)]
  7: f10->f10, O: 0 [O(1)]
  7: f10->f10, P: 0 [O(1)]
  7: f10->f10, R: 0 [O(1)]
  7: f10->f10, U: -1 [O(1)]
  7: f10->f10, W: -1 [O(1)]
  7: f10->f10, X: G1 [O(n)]
  8: f10->f10, A: 2 [O(1)]
  8: f10->f10, B: 2 [O(1)]
  8: f10->f10, M: -max{-2, -M} [O(n)]
  8: f10->f10, O: 0 [O(1)]
  8: f10->f10, P: 0 [O(1)]
  8: f10->f10, R: 0 [O(1)]
  8: f10->f10, U: -1 [O(1)]
  8: f10->f10, W: -1 [O(1)]
  8: f10->f10, X: G1 [O(n)]
  9: f10->f10, A: 2 [O(1)]
  9: f10->f10, B: 2 [O(1)]
  9: f10->f10, M: -max{-2, -M} [O(n)]
  9: f10->f10, O: 0 [O(1)]
  9: f10->f10, P: 0 [O(1)]
  9: f10->f10, R: 0 [O(1)]
  9: f10->f10, U: -1 [O(1)]
  9: f10->f10, W: -1 [O(1)]
  9: f10->f10, X: G1 [O(n)]
  10: f10->f10, A: 2 [O(1)]
  10: f10->f10, B: 2 [O(1)]
  10: f10->f10, M: -max{-2, -M} [O(n)]
  10: f10->f10, O: 0 [O(1)]
  10: f10->f10, P: 0 [O(1)]
  10: f10->f10, R: 0 [O(1)]
  10: f10->f10, U: -1 [O(1)]
  10: f10->f10, W: -1 [O(1)]
  10: f10->f10, X: G1 [O(n)]
  11: f10->f4, A: 2 [O(1)]
  11: f10->f4, B: 2 [O(1)]
  11: f10->f4, M: -max{-2, -M} [O(n)]
  11: f10->f4, O: 0 [O(1)]
  11: f10->f4, U: 0 [O(1)]
  11: f10->f4, W: -1 [O(1)]
  11: f10->f4, X: G1 [O(n)]
  16: f3->f4, A: D1 [O(n)]
  16: f3->f4, B: 0 [O(1)]
  16: f3->f4, C: 0 [O(1)]
  16: f3->f4, D: D [O(n)]
  16: f3->f4, E: E [O(n)]
  16: f3->f4, F: F [O(n)]
  16: f3->f4, G: G [O(n)]
  16: f3->f4, H: H [O(n)]
  16: f3->f4, I: E1 [O(n)]
  16: f3->f4, J: J [O(n)]
  16: f3->f4, K: K [O(n)]
  16: f3->f4, L: L [O(n)]
  16: f3->f4, M: M [O(n)]
  16: f3->f4, N: C1 [O(n)]
  16: f3->f4, O: O [O(n)]
  16: f3->f4, P: B1 [O(n)]
  16: f3->f4, Q: Y [O(n)]
  16: f3->f4, R: Z [O(n)]
  16: f3->f4, S: A1 [O(n)]
  16: f3->f4, T: F1 [O(n)]
  16: f3->f4, U: U [O(n)]
  16: f3->f4, V: V [O(n)]
  16: f3->f4, W: W [O(n)]
  16: f3->f4, X: X [O(n)]
  17: f3->f1, A: 2 [O(1)]
  17: f3->f1, B: 2 [O(1)]
  17: f3->f1, C: Y [O(n)]
  17: f3->f1, D: C1 [O(n)]
  17: f3->f1, E: Z [O(n)]
  17: f3->f1, F: A1 [O(n)]
  17: f3->f1, G: B1 [O(n)]
  17: f3->f1, H: D1 [O(n)]
  17: f3->f1, I: E1 [O(n)]
  17: f3->f1, J: F1 [O(n)]
  17: f3->f1, K: Y [O(n)]
  17: f3->f1, L: L [O(n)]
  17: f3->f1, M: M [O(n)]
  17: f3->f1, N: N [O(n)]
  17: f3->f1, O: O [O(n)]
  17: f3->f1, P: P [O(n)]
  17: f3->f1, Q: Q [O(n)]
  17: f3->f1, R: R [O(n)]
  17: f3->f1, S: S [O(n)]
  17: f3->f1, T: T [O(n)]
  17: f3->f1, U: U [O(n)]
  17: f3->f1, V: V [O(n)]
  17: f3->f1, W: W [O(n)]
  17: f3->f1, X: G1 [O(n)]
`Upper:
  0: f1->f1, A: A [O(n)]
  0: f1->f1, B: max{2, A} [O(n)]
  0: f1->f1, M: max{2, 2, A} [O(n)]
  0: f1->f1, N: N [O(n)]
  0: f1->f1, O: O [O(n)]
  0: f1->f1, P: P [O(n)]
  0: f1->f1, Q: Q [O(n)]
  0: f1->f1, R: R [O(n)]
  0: f1->f1, S: S [O(n)]
  0: f1->f1, T: T [O(n)]
  0: f1->f1, U: U [O(n)]
  0: f1->f1, V: V [O(n)]
  0: f1->f1, W: W [O(n)]
  0: f1->f1, X: G1 [O(n)]
  13: f1->f10, B: 1+U [O(n)]
  13: f1->f10, M: max{2, 2, max{M, A}} [O(n)]
  13: f1->f10, O: U [O(n)]
  13: f1->f10, P: 0 [O(1)]
  13: f1->f10, R: 0 [O(1)]
  13: f1->f10, U: U [O(n)]
  13: f1->f10, V: V [O(n)]
  13: f1->f10, W: W [O(n)]
  13: f1->f10, X: G1 [O(n)]
  14: f1->f10, B: 1+U [O(n)]
  14: f1->f10, C: -1 [O(1)]
  14: f1->f10, K: -1 [O(1)]
  14: f1->f10, M: max{2, 2, max{M, A}} [O(n)]
  14: f1->f10, N: -1 [O(1)]
  14: f1->f10, O: U [O(n)]
  14: f1->f10, P: 0 [O(1)]
  14: f1->f10, Q: -1 [O(1)]
  14: f1->f10, R: 0 [O(1)]
  14: f1->f10, S: -1 [O(1)]
  14: f1->f10, T: -1 [O(1)]
  14: f1->f10, U: U [O(n)]
  14: f1->f10, V: V [O(n)]
  14: f1->f10, W: W [O(n)]
  14: f1->f10, X: G1 [O(n)]
  7: f10->f10, M: max{2, 2, max{M, A}} [O(n)]
  7: f10->f10, O: U [O(n)]
  7: f10->f10, P: 0 [O(1)]
  7: f10->f10, R: 0 [O(1)]
  7: f10->f10, U: U [O(n)]
  7: f10->f10, W: -1+U [O(n)]
  7: f10->f10, X: G1 [O(n)]
  8: f10->f10, M: max{2, 2, max{M, A}} [O(n)]
  8: f10->f10, O: U [O(n)]
  8: f10->f10, P: 0 [O(1)]
  8: f10->f10, R: 0 [O(1)]
  8: f10->f10, U: U [O(n)]
  8: f10->f10, W: -1+U [O(n)]
  8: f10->f10, X: G1 [O(n)]
  9: f10->f10, M: max{2, 2, max{M, A}} [O(n)]
  9: f10->f10, O: U [O(n)]
  9: f10->f10, P: 0 [O(1)]
  9: f10->f10, R: 0 [O(1)]
  9: f10->f10, U: U [O(n)]
  9: f10->f10, W: -1+U [O(n)]
  9: f10->f10, X: G1 [O(n)]
  10: f10->f10, M: max{2, 2, max{M, A}} [O(n)]
  10: f10->f10, O: U [O(n)]
  10: f10->f10, P: 0 [O(1)]
  10: f10->f10, R: 0 [O(1)]
  10: f10->f10, U: U [O(n)]
  10: f10->f10, W: -1+U [O(n)]
  10: f10->f10, X: G1 [O(n)]
  11: f10->f4, M: max{2, 2, max{M, A}} [O(n)]
  11: f10->f4, O: U [O(n)]
  11: f10->f4, U: U [O(n)]
  11: f10->f4, W: -1+U [O(n)]
  11: f10->f4, X: G1 [O(n)]
  16: f3->f4, A: 0 [O(1)]
  16: f3->f4, B: 0 [O(1)]
  16: f3->f4, C: 0 [O(1)]
  16: f3->f4, D: D [O(n)]
  16: f3->f4, E: E [O(n)]
  16: f3->f4, F: F [O(n)]
  16: f3->f4, G: G [O(n)]
  16: f3->f4, H: H [O(n)]
  16: f3->f4, I: E1 [O(n)]
  16: f3->f4, J: J [O(n)]
  16: f3->f4, K: K [O(n)]
  16: f3->f4, L: L [O(n)]
  16: f3->f4, M: M [O(n)]
  16: f3->f4, N: C1 [O(n)]
  16: f3->f4, O: O [O(n)]
  16: f3->f4, P: B1 [O(n)]
  16: f3->f4, Q: Y [O(n)]
  16: f3->f4, R: Z [O(n)]
  16: f3->f4, S: A1 [O(n)]
  16: f3->f4, T: F1 [O(n)]
  16: f3->f4, U: U [O(n)]
  16: f3->f4, V: V [O(n)]
  16: f3->f4, W: W [O(n)]
  16: f3->f4, X: X [O(n)]
  17: f3->f1, A: A [O(n)]
  17: f3->f1, B: 2 [O(1)]
  17: f3->f1, C: Y [O(n)]
  17: f3->f1, D: C1 [O(n)]
  17: f3->f1, E: Z [O(n)]
  17: f3->f1, F: A1 [O(n)]
  17: f3->f1, G: B1 [O(n)]
  17: f3->f1, H: D1 [O(n)]
  17: f3->f1, I: E1 [O(n)]
  17: f3->f1, J: F1 [O(n)]
  17: f3->f1, K: Y [O(n)]
  17: f3->f1, L: L [O(n)]
  17: f3->f1, M: M [O(n)]
  17: f3->f1, N: N [O(n)]
  17: f3->f1, O: O [O(n)]
  17: f3->f1, P: P [O(n)]
  17: f3->f1, Q: Q [O(n)]
  17: f3->f1, R: R [O(n)]
  17: f3->f1, S: S [O(n)]
  17: f3->f1, T: T [O(n)]
  17: f3->f1, U: U [O(n)]
  17: f3->f1, V: V [O(n)]
  17: f3->f1, W: W [O(n)]
  17: f3->f1, X: G1 [O(n)]
