Timebounds: 
  Overall timebound: max{6, 3*P} [O(n)]
  0: f1->f1: max{2, -4+3*P} [O(n)]
  1: f1->f4: 1 [O(1)]
  2: f3->f4: 1 [O(1)]
  3: f3->f1: 1 [O(1)]
  4: f3->f4: 1 [O(1)]

Costbounds:
  Overall costbound: max{6, 3*P} [O(n)]
  0: f1->f1: max{2, -4+3*P} [O(n)]
  1: f1->f4: 1 [O(1)]
  2: f3->f4: 1 [O(1)]
  3: f3->f1: 1 [O(1)]
  4: f3->f4: 1 [O(1)]

Sizebounds:
`Lower:
  0: f1->f1, A: 3 [O(1)]
  0: f1->f1, B: 3 [O(1)]
  0: f1->f1, G: 2 [O(1)]
  0: f1->f1, H: 3 [O(1)]
  0: f1->f1, I: R [O(n)]
  0: f1->f1, J: J [O(n)]
  0: f1->f1, K: K [O(n)]
  0: f1->f1, L: L [O(n)]
  0: f1->f1, M: O [O(n)]
  0: f1->f1, N: S [O(n)]
  1: f1->f4, B: 2 [O(1)]
  1: f1->f4, G: -max{-2, -G} [O(n)]
  1: f1->f4, H: 2 [O(1)]
  1: f1->f4, M: O [O(n)]
  1: f1->f4, N: S [O(n)]
  2: f3->f4, A: R [O(n)]
  2: f3->f4, B: S [O(n)]
  2: f3->f4, C: Q [O(n)]
  2: f3->f4, D: V [O(n)]
  2: f3->f4, E: U [O(n)]
  2: f3->f4, F: F [O(n)]
  2: f3->f4, G: G [O(n)]
  2: f3->f4, H: P [O(n)]
  2: f3->f4, I: T [O(n)]
  2: f3->f4, J: W [O(n)]
  2: f3->f4, K: Y [O(n)]
  2: f3->f4, L: 0 [O(1)]
  2: f3->f4, M: O [O(n)]
  2: f3->f4, N: N [O(n)]
  3: f3->f1, A: 2 [O(1)]
  3: f3->f1, B: 2 [O(1)]
  3: f3->f1, C: R [O(n)]
  3: f3->f1, D: Q [O(n)]
  3: f3->f1, E: R [O(n)]
  3: f3->f1, F: F [O(n)]
  3: f3->f1, G: G [O(n)]
  3: f3->f1, H: 2 [O(1)]
  3: f3->f1, I: R [O(n)]
  3: f3->f1, J: J [O(n)]
  3: f3->f1, K: K [O(n)]
  3: f3->f1, L: L [O(n)]
  3: f3->f1, M: O [O(n)]
  3: f3->f1, N: S [O(n)]
  4: f3->f4, A: P [O(n)]
  4: f3->f4, B: Q [O(n)]
  4: f3->f4, C: R [O(n)]
  4: f3->f4, D: U [O(n)]
  4: f3->f4, E: T [O(n)]
  4: f3->f4, F: F [O(n)]
  4: f3->f4, G: G [O(n)]
  4: f3->f4, H: 1 [O(1)]
  4: f3->f4, I: S [O(n)]
  4: f3->f4, J: V [O(n)]
  4: f3->f4, K: W [O(n)]
  4: f3->f4, L: D [O(n)]
  4: f3->f4, M: O [O(n)]
  4: f3->f4, N: N [O(n)]
`Upper:
  0: f1->f1, A: P [O(n)]
  0: f1->f1, B: max{4, -2+3*P} [O(n)]
  0: f1->f1, G: max{2, 4, -2+3*P} [O(n)]
  0: f1->f1, H: P [O(n)]
  0: f1->f1, I: R [O(n)]
  0: f1->f1, J: J [O(n)]
  0: f1->f1, K: K [O(n)]
  0: f1->f1, L: L [O(n)]
  0: f1->f1, M: O [O(n)]
  0: f1->f1, N: S [O(n)]
  1: f1->f4, G: max{2, 4, max{G, -2+3*P}} [O(n)]
  1: f1->f4, M: O [O(n)]
  1: f1->f4, N: S [O(n)]
  2: f3->f4, A: R [O(n)]
  2: f3->f4, B: S [O(n)]
  2: f3->f4, C: Q [O(n)]
  2: f3->f4, D: V [O(n)]
  2: f3->f4, E: U [O(n)]
  2: f3->f4, F: F [O(n)]
  2: f3->f4, G: G [O(n)]
  2: f3->f4, H: 0 [O(1)]
  2: f3->f4, I: T [O(n)]
  2: f3->f4, J: W [O(n)]
  2: f3->f4, K: Y [O(n)]
  2: f3->f4, L: 0 [O(1)]
  2: f3->f4, M: O [O(n)]
  2: f3->f4, N: N [O(n)]
  3: f3->f1, A: P [O(n)]
  3: f3->f1, B: 2 [O(1)]
  3: f3->f1, C: R [O(n)]
  3: f3->f1, D: Q [O(n)]
  3: f3->f1, E: R [O(n)]
  3: f3->f1, F: F [O(n)]
  3: f3->f1, G: G [O(n)]
  3: f3->f1, H: P [O(n)]
  3: f3->f1, I: R [O(n)]
  3: f3->f1, J: J [O(n)]
  3: f3->f1, K: K [O(n)]
  3: f3->f1, L: L [O(n)]
  3: f3->f1, M: O [O(n)]
  3: f3->f1, N: S [O(n)]
  4: f3->f4, A: P [O(n)]
  4: f3->f4, B: Q [O(n)]
  4: f3->f4, C: R [O(n)]
  4: f3->f4, D: U [O(n)]
  4: f3->f4, E: T [O(n)]
  4: f3->f4, F: F [O(n)]
  4: f3->f4, G: G [O(n)]
  4: f3->f4, H: 1 [O(1)]
  4: f3->f4, I: S [O(n)]
  4: f3->f4, J: V [O(n)]
  4: f3->f4, K: W [O(n)]
  4: f3->f4, L: D [O(n)]
  4: f3->f4, M: O [O(n)]
  4: f3->f4, N: N [O(n)]
