Timebounds: 
  Overall timebound: max{6, 1+-1+3*R} [O(n)]
  0: f1->f1: max{2, -4+3*R} [O(n)]
  1: f1->f4: 1 [O(1)]
  2: f3->f4: 1 [O(1)]
  3: f3->f1: 1 [O(1)]
  4: f3->f4: 1 [O(1)]

Costbounds:
  Overall costbound: max{6, 1+-1+3*R} [O(n)]
  0: f1->f1: max{2, -4+3*R} [O(n)]
  1: f1->f4: 1 [O(1)]
  2: f3->f4: 1 [O(1)]
  3: f3->f1: 1 [O(1)]
  4: f3->f4: 1 [O(1)]

Sizebounds:
`Lower:
  0: f1->f1, A: 2 [O(1)]
  0: f1->f1, A1: -inf [Infinity]
  0: f1->f1, B: 3 [O(1)]
  0: f1->f1, B1: -inf [Infinity]
  0: f1->f1, C: -inf [Infinity]
  0: f1->f1, D: -inf [Infinity]
  0: f1->f1, E: -inf [Infinity]
  0: f1->f1, F: -inf [Infinity]
  0: f1->f1, G: 2 [O(1)]
  0: f1->f1, H: 3 [O(1)]
  0: f1->f1, I: T [O(n)]
  0: f1->f1, J: U [O(n)]
  0: f1->f1, K: K [O(n)]
  0: f1->f1, L: L [O(n)]
  0: f1->f1, M: M [O(n)]
  0: f1->f1, N: Q [O(n)]
  0: f1->f1, O: T [O(n)]
  0: f1->f1, P: V [O(n)]
  0: f1->f1, Q: -inf [Infinity]
  0: f1->f1, R: -inf [Infinity]
  0: f1->f1, S: -inf [Infinity]
  0: f1->f1, T: -inf [Infinity]
  0: f1->f1, U: -inf [Infinity]
  0: f1->f1, V: -inf [Infinity]
  0: f1->f1, W: -inf [Infinity]
  0: f1->f1, X: -inf [Infinity]
  0: f1->f1, Y: -inf [Infinity]
  0: f1->f1, Z: -inf [Infinity]
  1: f1->f4, A: -inf [Infinity]
  1: f1->f4, A1: -inf [Infinity]
  1: f1->f4, B: 2 [O(1)]
  1: f1->f4, B1: -inf [Infinity]
  1: f1->f4, C: -inf [Infinity]
  1: f1->f4, D: -inf [Infinity]
  1: f1->f4, E: -inf [Infinity]
  1: f1->f4, F: -inf [Infinity]
  1: f1->f4, G: -max{-2, -G} [O(n)]
  1: f1->f4, H: 2 [O(1)]
  1: f1->f4, I: -inf [Infinity]
  1: f1->f4, J: -inf [Infinity]
  1: f1->f4, K: -inf [Infinity]
  1: f1->f4, L: -inf [Infinity]
  1: f1->f4, M: -inf [Infinity]
  1: f1->f4, N: Q [O(n)]
  1: f1->f4, O: T [O(n)]
  1: f1->f4, P: V [O(n)]
  1: f1->f4, Q: -inf [Infinity]
  1: f1->f4, R: -inf [Infinity]
  1: f1->f4, S: -inf [Infinity]
  1: f1->f4, T: -inf [Infinity]
  1: f1->f4, U: -inf [Infinity]
  1: f1->f4, V: -inf [Infinity]
  1: f1->f4, W: -inf [Infinity]
  1: f1->f4, X: -inf [Infinity]
  1: f1->f4, Y: -inf [Infinity]
  1: f1->f4, Z: -inf [Infinity]
  2: f3->f4, A: T [O(n)]
  2: f3->f4, A1: -inf [Infinity]
  2: f3->f4, B: V [O(n)]
  2: f3->f4, B1: -inf [Infinity]
  2: f3->f4, C: S [O(n)]
  2: f3->f4, D: Y [O(n)]
  2: f3->f4, E: X [O(n)]
  2: f3->f4, F: F [O(n)]
  2: f3->f4, G: G [O(n)]
  2: f3->f4, H: R [O(n)]
  2: f3->f4, I: U [O(n)]
  2: f3->f4, J: W [O(n)]
  2: f3->f4, K: Z [O(n)]
  2: f3->f4, L: B1 [O(n)]
  2: f3->f4, M: O [O(n)]
  2: f3->f4, N: Q [O(n)]
  2: f3->f4, O: O [O(n)]
  2: f3->f4, P: P [O(n)]
  2: f3->f4, Q: -inf [Infinity]
  2: f3->f4, R: -inf [Infinity]
  2: f3->f4, S: -inf [Infinity]
  2: f3->f4, T: -inf [Infinity]
  2: f3->f4, U: -inf [Infinity]
  2: f3->f4, V: -inf [Infinity]
  2: f3->f4, W: -inf [Infinity]
  2: f3->f4, X: -inf [Infinity]
  2: f3->f4, Y: -inf [Infinity]
  2: f3->f4, Z: -inf [Infinity]
  3: f3->f1, A: 2 [O(1)]
  3: f3->f1, A1: -inf [Infinity]
  3: f3->f1, B: 2 [O(1)]
  3: f3->f1, B1: -inf [Infinity]
  3: f3->f1, C: U [O(n)]
  3: f3->f1, D: S [O(n)]
  3: f3->f1, E: U [O(n)]
  3: f3->f1, F: F [O(n)]
  3: f3->f1, G: G [O(n)]
  3: f3->f1, H: 2 [O(1)]
  3: f3->f1, I: T [O(n)]
  3: f3->f1, J: U [O(n)]
  3: f3->f1, K: K [O(n)]
  3: f3->f1, L: L [O(n)]
  3: f3->f1, M: M [O(n)]
  3: f3->f1, N: Q [O(n)]
  3: f3->f1, O: T [O(n)]
  3: f3->f1, P: V [O(n)]
  3: f3->f1, Q: -inf [Infinity]
  3: f3->f1, R: -inf [Infinity]
  3: f3->f1, S: -inf [Infinity]
  3: f3->f1, T: -inf [Infinity]
  3: f3->f1, U: -inf [Infinity]
  3: f3->f1, V: -inf [Infinity]
  3: f3->f1, W: -inf [Infinity]
  3: f3->f1, X: -inf [Infinity]
  3: f3->f1, Y: -inf [Infinity]
  3: f3->f1, Z: -inf [Infinity]
  4: f3->f4, A: R [O(n)]
  4: f3->f4, A1: -inf [Infinity]
  4: f3->f4, B: S [O(n)]
  4: f3->f4, B1: -inf [Infinity]
  4: f3->f4, C: U [O(n)]
  4: f3->f4, D: Y [O(n)]
  4: f3->f4, E: X [O(n)]
  4: f3->f4, F: F [O(n)]
  4: f3->f4, G: G [O(n)]
  4: f3->f4, H: 1 [O(1)]
  4: f3->f4, I: T [O(n)]
  4: f3->f4, J: W [O(n)]
  4: f3->f4, K: Z [O(n)]
  4: f3->f4, L: B1 [O(n)]
  4: f3->f4, M: D [O(n)]
  4: f3->f4, N: Q [O(n)]
  4: f3->f4, O: V [O(n)]
  4: f3->f4, P: P [O(n)]
  4: f3->f4, Q: -inf [Infinity]
  4: f3->f4, R: -inf [Infinity]
  4: f3->f4, S: -inf [Infinity]
  4: f3->f4, T: -inf [Infinity]
  4: f3->f4, U: -inf [Infinity]
  4: f3->f4, V: -inf [Infinity]
  4: f3->f4, W: -inf [Infinity]
  4: f3->f4, X: -inf [Infinity]
  4: f3->f4, Y: -inf [Infinity]
  4: f3->f4, Z: -inf [Infinity]
`Upper:
  0: f1->f1, A: R [O(n)]
  0: f1->f1, A1: inf [Infinity]
  0: f1->f1, B: R [O(n)]
  0: f1->f1, B1: inf [Infinity]
  0: f1->f1, C: inf [Infinity]
  0: f1->f1, D: inf [Infinity]
  0: f1->f1, E: inf [Infinity]
  0: f1->f1, F: inf [Infinity]
  0: f1->f1, G: -1+R [O(n)]
  0: f1->f1, H: R [O(n)]
  0: f1->f1, I: T [O(n)]
  0: f1->f1, J: U [O(n)]
  0: f1->f1, K: K [O(n)]
  0: f1->f1, L: L [O(n)]
  0: f1->f1, M: M [O(n)]
  0: f1->f1, N: Q [O(n)]
  0: f1->f1, O: T [O(n)]
  0: f1->f1, P: V [O(n)]
  0: f1->f1, Q: inf [Infinity]
  0: f1->f1, R: inf [Infinity]
  0: f1->f1, S: inf [Infinity]
  0: f1->f1, T: inf [Infinity]
  0: f1->f1, U: inf [Infinity]
  0: f1->f1, V: inf [Infinity]
  0: f1->f1, W: inf [Infinity]
  0: f1->f1, X: inf [Infinity]
  0: f1->f1, Y: inf [Infinity]
  0: f1->f1, Z: inf [Infinity]
  1: f1->f4, A: inf [Infinity]
  1: f1->f4, A1: inf [Infinity]
  1: f1->f4, B: inf [Infinity]
  1: f1->f4, B1: inf [Infinity]
  1: f1->f4, C: inf [Infinity]
  1: f1->f4, D: inf [Infinity]
  1: f1->f4, E: inf [Infinity]
  1: f1->f4, F: inf [Infinity]
  1: f1->f4, G: max{G, -1+R} [O(n)]
  1: f1->f4, H: inf [Infinity]
  1: f1->f4, I: inf [Infinity]
  1: f1->f4, J: inf [Infinity]
  1: f1->f4, K: inf [Infinity]
  1: f1->f4, L: inf [Infinity]
  1: f1->f4, M: inf [Infinity]
  1: f1->f4, N: Q [O(n)]
  1: f1->f4, O: T [O(n)]
  1: f1->f4, P: V [O(n)]
  1: f1->f4, Q: inf [Infinity]
  1: f1->f4, R: inf [Infinity]
  1: f1->f4, S: inf [Infinity]
  1: f1->f4, T: inf [Infinity]
  1: f1->f4, U: inf [Infinity]
  1: f1->f4, V: inf [Infinity]
  1: f1->f4, W: inf [Infinity]
  1: f1->f4, X: inf [Infinity]
  1: f1->f4, Y: inf [Infinity]
  1: f1->f4, Z: inf [Infinity]
  2: f3->f4, A: T [O(n)]
  2: f3->f4, A1: inf [Infinity]
  2: f3->f4, B: V [O(n)]
  2: f3->f4, B1: inf [Infinity]
  2: f3->f4, C: S [O(n)]
  2: f3->f4, D: Y [O(n)]
  2: f3->f4, E: X [O(n)]
  2: f3->f4, F: F [O(n)]
  2: f3->f4, G: G [O(n)]
  2: f3->f4, H: 0 [O(1)]
  2: f3->f4, I: U [O(n)]
  2: f3->f4, J: W [O(n)]
  2: f3->f4, K: Z [O(n)]
  2: f3->f4, L: B1 [O(n)]
  2: f3->f4, M: O [O(n)]
  2: f3->f4, N: Q [O(n)]
  2: f3->f4, O: O [O(n)]
  2: f3->f4, P: P [O(n)]
  2: f3->f4, Q: inf [Infinity]
  2: f3->f4, R: inf [Infinity]
  2: f3->f4, S: inf [Infinity]
  2: f3->f4, T: inf [Infinity]
  2: f3->f4, U: inf [Infinity]
  2: f3->f4, V: inf [Infinity]
  2: f3->f4, W: inf [Infinity]
  2: f3->f4, X: inf [Infinity]
  2: f3->f4, Y: inf [Infinity]
  2: f3->f4, Z: inf [Infinity]
  3: f3->f1, A: R [O(n)]
  3: f3->f1, A1: inf [Infinity]
  3: f3->f1, B: 2 [O(1)]
  3: f3->f1, B1: inf [Infinity]
  3: f3->f1, C: U [O(n)]
  3: f3->f1, D: S [O(n)]
  3: f3->f1, E: U [O(n)]
  3: f3->f1, F: F [O(n)]
  3: f3->f1, G: G [O(n)]
  3: f3->f1, H: R [O(n)]
  3: f3->f1, I: T [O(n)]
  3: f3->f1, J: U [O(n)]
  3: f3->f1, K: K [O(n)]
  3: f3->f1, L: L [O(n)]
  3: f3->f1, M: M [O(n)]
  3: f3->f1, N: Q [O(n)]
  3: f3->f1, O: T [O(n)]
  3: f3->f1, P: V [O(n)]
  3: f3->f1, Q: inf [Infinity]
  3: f3->f1, R: inf [Infinity]
  3: f3->f1, S: inf [Infinity]
  3: f3->f1, T: inf [Infinity]
  3: f3->f1, U: inf [Infinity]
  3: f3->f1, V: inf [Infinity]
  3: f3->f1, W: inf [Infinity]
  3: f3->f1, X: inf [Infinity]
  3: f3->f1, Y: inf [Infinity]
  3: f3->f1, Z: inf [Infinity]
  4: f3->f4, A: R [O(n)]
  4: f3->f4, A1: inf [Infinity]
  4: f3->f4, B: S [O(n)]
  4: f3->f4, B1: inf [Infinity]
  4: f3->f4, C: U [O(n)]
  4: f3->f4, D: Y [O(n)]
  4: f3->f4, E: X [O(n)]
  4: f3->f4, F: F [O(n)]
  4: f3->f4, G: G [O(n)]
  4: f3->f4, H: 1 [O(1)]
  4: f3->f4, I: T [O(n)]
  4: f3->f4, J: W [O(n)]
  4: f3->f4, K: Z [O(n)]
  4: f3->f4, L: B1 [O(n)]
  4: f3->f4, M: D [O(n)]
  4: f3->f4, N: Q [O(n)]
  4: f3->f4, O: V [O(n)]
  4: f3->f4, P: P [O(n)]
  4: f3->f4, Q: inf [Infinity]
  4: f3->f4, R: inf [Infinity]
  4: f3->f4, S: inf [Infinity]
  4: f3->f4, T: inf [Infinity]
  4: f3->f4, U: inf [Infinity]
  4: f3->f4, V: inf [Infinity]
  4: f3->f4, W: inf [Infinity]
  4: f3->f4, X: inf [Infinity]
  4: f3->f4, Y: inf [Infinity]
  4: f3->f4, Z: inf [Infinity]
