Timebounds: 
  Overall timebound: inf [Infinity]
  0: f0->f10001: 1 [O(1)]
  10: f0->f2: 1 [O(1)]
  11: f0->f10001: 1 [O(1)]
  12: f0->f110: 1 [O(1)]
  13: f0->f12: 1 [O(1)]
  15: f0->f10001: 1 [O(1)]
  16: f0->f10001: 1 [O(1)]
  7: f110->f120: 1 [O(1)]
  18: f110->f10001: 1 [O(1)]
  14: f12->f10001: 1 [O(1)]
  19: f120->f10001: 1 [O(1)]
  22: f1200->f10001: 1 [O(1)]
  2: f2->f10001: 1 [O(1)]
  3: f2->f1200: 1 [O(1)]

Costbounds:
  Overall costbound: inf [Infinity]
  0: f0->f10001: 1 [O(1)]
  10: f0->f2: 1 [O(1)]
  11: f0->f10001: 1 [O(1)]
  12: f0->f110: 1 [O(1)]
  13: f0->f12: 1 [O(1)]
  15: f0->f10001: 1 [O(1)]
  16: f0->f10001: 1 [O(1)]
  7: f110->f120: 1 [O(1)]
  18: f110->f10001: 1 [O(1)]
  5: f12->f12: inf [Infinity]
  14: f12->f10001: 1 [O(1)]
  8: f120->f120: inf [Infinity]
  19: f120->f10001: 1 [O(1)]
  9: f1200->f1200: inf [Infinity]
  22: f1200->f10001: 1 [O(1)]
  1: f2->f2: inf [Infinity]
  2: f2->f10001: 1 [O(1)]
  3: f2->f1200: 1 [O(1)]

Sizebounds:
`Lower:
  0: f0->f10001, A: A [O(n)]
  0: f0->f10001, B: B [O(n)]
  0: f0->f10001, C: C [O(n)]
  0: f0->f10001, D: D [O(n)]
  10: f0->f2, A: A [O(n)]
  10: f0->f2, B: 2 [O(1)]
  10: f0->f2, C: C [O(n)]
  10: f0->f2, D: D [O(n)]
  11: f0->f10001, A: A [O(n)]
  11: f0->f10001, B: 1 [O(1)]
  11: f0->f10001, C: C [O(n)]
  11: f0->f10001, D: D [O(n)]
  12: f0->f110, A: 1 [O(1)]
  12: f0->f110, B: 1 [O(1)]
  12: f0->f110, C: C [O(n)]
  12: f0->f110, D: D [O(n)]
  13: f0->f12, A: B [O(n)]
  13: f0->f12, B: 2 [O(1)]
  13: f0->f12, C: C [O(n)]
  13: f0->f12, D: D [O(n)]
  15: f0->f10001, A: B [O(n)]
  15: f0->f10001, B: B [O(n)]
  15: f0->f10001, C: C [O(n)]
  15: f0->f10001, D: 1 [O(1)]
  16: f0->f10001, A: B [O(n)]
  16: f0->f10001, B: 1 [O(1)]
  16: f0->f10001, C: C [O(n)]
  16: f0->f10001, D: 1 [O(1)]
  7: f110->f120, A: 1 [O(1)]
  7: f110->f120, B: 2 [O(1)]
  7: f110->f120, C: C [O(n)]
  7: f110->f120, D: D [O(n)]
  18: f110->f10001, A: 1 [O(1)]
  18: f110->f10001, B: 1 [O(1)]
  18: f110->f10001, C: C [O(n)]
  18: f110->f10001, D: 1 [O(1)]
  5: f12->f12, A: -max{0, -B} [O(n)]
  5: f12->f12, B: 2 [O(1)]
  5: f12->f12, C: -max{0, -C} [O(n)]
  5: f12->f12, D: -max{0, -D} [O(n)]
  14: f12->f10001, A: -max{0, -B} [O(n)]
  14: f12->f10001, B: 2 [O(1)]
  14: f12->f10001, C: -max{0, -C} [O(n)]
  14: f12->f10001, D: 1 [O(1)]
  8: f120->f120, A: 1 [O(1)]
  8: f120->f120, B: 2 [O(1)]
  8: f120->f120, C: -max{0, -C} [O(n)]
  8: f120->f120, D: -max{0, -D} [O(n)]
  19: f120->f10001, A: 1 [O(1)]
  19: f120->f10001, B: 2 [O(1)]
  19: f120->f10001, C: -max{0, -C} [O(n)]
  19: f120->f10001, D: 1 [O(1)]
  9: f1200->f1200, A: 2 [O(1)]
  9: f1200->f1200, B: 2 [O(1)]
  9: f1200->f1200, C: -max{0, -C} [O(n)]
  9: f1200->f1200, D: -max{0, -D} [O(n)]
  22: f1200->f10001, A: 2 [O(1)]
  22: f1200->f10001, B: 2 [O(1)]
  22: f1200->f10001, C: -max{0, -C} [O(n)]
  22: f1200->f10001, D: 1 [O(1)]
  1: f2->f2, A: -max{0, -A} [O(n)]
  1: f2->f2, B: 2 [O(1)]
  1: f2->f2, C: -max{0, -C} [O(n)]
  1: f2->f2, D: -max{0, -D} [O(n)]
  2: f2->f10001, A: -max{0, -A} [O(n)]
  2: f2->f10001, B: 2 [O(1)]
  2: f2->f10001, C: -max{0, -C} [O(n)]
  2: f2->f10001, D: -max{0, -D} [O(n)]
  3: f2->f1200, A: 2 [O(1)]
  3: f2->f1200, B: 2 [O(1)]
  3: f2->f1200, C: -max{0, -C} [O(n)]
  3: f2->f1200, D: -max{0, -D} [O(n)]
`Upper:
  0: f0->f10001, A: A [O(n)]
  0: f0->f10001, B: B [O(n)]
  0: f0->f10001, C: C [O(n)]
  0: f0->f10001, D: D [O(n)]
  10: f0->f2, A: A [O(n)]
  10: f0->f2, B: 2 [O(1)]
  10: f0->f2, C: C [O(n)]
  10: f0->f2, D: D [O(n)]
  11: f0->f10001, A: A [O(n)]
  11: f0->f10001, B: 1 [O(1)]
  11: f0->f10001, C: C [O(n)]
  11: f0->f10001, D: D [O(n)]
  12: f0->f110, A: 1 [O(1)]
  12: f0->f110, B: 1 [O(1)]
  12: f0->f110, C: C [O(n)]
  12: f0->f110, D: D [O(n)]
  13: f0->f12, A: B [O(n)]
  13: f0->f12, B: 2 [O(1)]
  13: f0->f12, C: C [O(n)]
  13: f0->f12, D: D [O(n)]
  15: f0->f10001, A: B [O(n)]
  15: f0->f10001, B: B [O(n)]
  15: f0->f10001, C: C [O(n)]
  15: f0->f10001, D: 1 [O(1)]
  16: f0->f10001, A: B [O(n)]
  16: f0->f10001, B: 1 [O(1)]
  16: f0->f10001, C: C [O(n)]
  16: f0->f10001, D: 1 [O(1)]
  7: f110->f120, A: 1 [O(1)]
  7: f110->f120, B: 2 [O(1)]
  7: f110->f120, C: C [O(n)]
  7: f110->f120, D: D [O(n)]
  18: f110->f10001, A: 1 [O(1)]
  18: f110->f10001, B: 1 [O(1)]
  18: f110->f10001, C: C [O(n)]
  18: f110->f10001, D: 1 [O(1)]
  5: f12->f12, A: max{0, B} [O(n)]
  5: f12->f12, B: 2 [O(1)]
  5: f12->f12, C: max{0, C} [O(n)]
  5: f12->f12, D: max{0, D} [O(n)]
  14: f12->f10001, A: max{0, B} [O(n)]
  14: f12->f10001, B: 2 [O(1)]
  14: f12->f10001, C: max{0, C} [O(n)]
  14: f12->f10001, D: 1 [O(1)]
  8: f120->f120, A: 1 [O(1)]
  8: f120->f120, B: 2 [O(1)]
  8: f120->f120, C: max{0, C} [O(n)]
  8: f120->f120, D: max{0, D} [O(n)]
  19: f120->f10001, A: 1 [O(1)]
  19: f120->f10001, B: 2 [O(1)]
  19: f120->f10001, C: max{0, C} [O(n)]
  19: f120->f10001, D: 1 [O(1)]
  9: f1200->f1200, A: 2 [O(1)]
  9: f1200->f1200, B: 2 [O(1)]
  9: f1200->f1200, C: max{0, C} [O(n)]
  9: f1200->f1200, D: max{0, D} [O(n)]
  22: f1200->f10001, A: 2 [O(1)]
  22: f1200->f10001, B: 2 [O(1)]
  22: f1200->f10001, C: max{0, C} [O(n)]
  22: f1200->f10001, D: 1 [O(1)]
  1: f2->f2, A: max{0, A} [O(n)]
  1: f2->f2, B: 2 [O(1)]
  1: f2->f2, C: max{0, C} [O(n)]
  1: f2->f2, D: max{0, D} [O(n)]
  2: f2->f10001, A: max{0, A} [O(n)]
  2: f2->f10001, B: 2 [O(1)]
  2: f2->f10001, C: max{0, C} [O(n)]
  2: f2->f10001, D: max{0, D} [O(n)]
  3: f2->f1200, A: 2 [O(1)]
  3: f2->f1200, B: 2 [O(1)]
  3: f2->f1200, C: max{0, C} [O(n)]
  3: f2->f1200, D: max{0, D} [O(n)]
