Timebounds: 
  Overall timebound: inf [Infinity]
  10: f0->f11: 1 [O(1)]

Costbounds:
  Overall costbound: inf [Infinity]
  10: f0->f11: 1 [O(1)]
  0: f11->f14: inf [Infinity]
  1: f11->f14: inf [Infinity]
  9: f11->f20: inf [Infinity]
  2: f14->f11: inf [Infinity]
  8: f14->f11: inf [Infinity]
  6: f20->f20: inf [Infinity]
  7: f20->f11: inf [Infinity]

Sizebounds:
`Lower:
  10: f0->f11, A: D [O(n)]
  10: f0->f11, B: E [O(n)]
  10: f0->f11, C: D [O(n)]
  0: f11->f14, C: -max{0, -D} [O(n)]
  1: f11->f14, C: -max{0, -D} [O(n)]
  9: f11->f20, C: -max{0, -D} [O(n)]
  2: f14->f11, C: -max{0, -D} [O(n)]
  8: f14->f11, C: -max{0, -D} [O(n)]
  6: f20->f20, A: 2 [O(1)]
  6: f20->f20, C: -max{0, -D} [O(n)]
  7: f20->f11, C: -max{0, -D} [O(n)]
`Upper:
  10: f0->f11, A: D [O(n)]
  10: f0->f11, B: E [O(n)]
  10: f0->f11, C: D [O(n)]
  0: f11->f14, C: max{0, D} [O(n)]
  1: f11->f14, A: 5 [O(1)]
  1: f11->f14, B: 0 [O(1)]
  1: f11->f14, C: max{0, D} [O(n)]
  9: f11->f20, A: 5 [O(1)]
  9: f11->f20, C: max{0, D} [O(n)]
  2: f14->f11, C: max{0, D} [O(n)]
  8: f14->f11, A: 6 [O(1)]
  8: f14->f11, C: max{0, D} [O(n)]
  6: f20->f20, A: 4 [O(1)]
  6: f20->f20, C: max{0, D} [O(n)]
  7: f20->f11, A: 2 [O(1)]
  7: f20->f11, C: max{0, D} [O(n)]
