Timebounds: 
  Overall timebound: inf [Infinity]
  0: f1->f1: max{4, -2+3*J1} [O(n)]
  15: f1->f10: 1 [O(1)]
  16: f1->f10: 1 [O(1)]
  7: f10->f10: inf [Infinity]
  8: f10->f10: inf [Infinity]
  9: f10->f10: inf [Infinity]
  10: f10->f10: inf [Infinity]
  11: f10->f4: 1 [O(1)]
  12: f3->f4: 1 [O(1)]
  13: f3->f1: 1 [O(1)]

Costbounds:
  Overall costbound: inf [Infinity]
  0: f1->f1: max{4, -2+3*J1} [O(n)]
  15: f1->f10: 1 [O(1)]
  16: f1->f10: 1 [O(1)]
  7: f10->f10: inf [Infinity]
  8: f10->f10: inf [Infinity]
  9: f10->f10: inf [Infinity]
  10: f10->f10: inf [Infinity]
  11: f10->f4: 1 [O(1)]
  12: f3->f4: 1 [O(1)]
  13: f3->f1: 1 [O(1)]

Sizebounds:
`Lower:
  0: f1->f1, A: 3 [O(1)]
  0: f1->f1, A1: A1 [O(n)]
  0: f1->f1, B: 3 [O(1)]
  0: f1->f1, B1: K1 [O(n)]
  0: f1->f1, C1: M1 [O(n)]
  0: f1->f1, D1: D1 [O(n)]
  0: f1->f1, E1: E1 [O(n)]
  0: f1->f1, F1: F1 [O(n)]
  0: f1->f1, G: 2 [O(1)]
  0: f1->f1, H: I [O(n)]
  0: f1->f1, I: I [O(n)]
  0: f1->f1, J: J [O(n)]
  0: f1->f1, K: K [O(n)]
  0: f1->f1, L: G1 [O(n)]
  0: f1->f1, M: M [O(n)]
  0: f1->f1, N: G1 [O(n)]
  0: f1->f1, O: 3 [O(1)]
  0: f1->f1, P: P [O(n)]
  0: f1->f1, Q: Q [O(n)]
  0: f1->f1, R: R [O(n)]
  0: f1->f1, S: S [O(n)]
  0: f1->f1, T: T [O(n)]
  0: f1->f1, U: U [O(n)]
  0: f1->f1, V: V [O(n)]
  0: f1->f1, W: W [O(n)]
  0: f1->f1, X: H1 [O(n)]
  0: f1->f1, Y: I1 [O(n)]
  0: f1->f1, Z: G1 [O(n)]
  15: f1->f10, B: 2 [O(1)]
  15: f1->f10, C1: M1 [O(n)]
  15: f1->f10, D1: 1+T [O(n)]
  15: f1->f10, E1: I [O(n)]
  15: f1->f10, G: -max{-2, -G} [O(n)]
  15: f1->f10, H: -max{-H, -I} [O(n)]
  15: f1->f10, I: I [O(n)]
  15: f1->f10, K: T [O(n)]
  15: f1->f10, L: G1 [O(n)]
  15: f1->f10, M: G1 [O(n)]
  15: f1->f10, N: G1 [O(n)]
  15: f1->f10, O: 2 [O(1)]
  15: f1->f10, T: T [O(n)]
  15: f1->f10, U: U [O(n)]
  15: f1->f10, V: V [O(n)]
  15: f1->f10, W: W [O(n)]
  15: f1->f10, X: H1 [O(n)]
  15: f1->f10, Y: I1 [O(n)]
  16: f1->f10, B: 2 [O(1)]
  16: f1->f10, C1: M1 [O(n)]
  16: f1->f10, D1: 1+T [O(n)]
  16: f1->f10, E1: I [O(n)]
  16: f1->f10, G: -max{-2, -G} [O(n)]
  16: f1->f10, H: -max{-H, -I} [O(n)]
  16: f1->f10, I: I [O(n)]
  16: f1->f10, K: T [O(n)]
  16: f1->f10, L: G1 [O(n)]
  16: f1->f10, M: G1 [O(n)]
  16: f1->f10, N: G1 [O(n)]
  16: f1->f10, O: 2 [O(1)]
  16: f1->f10, T: T [O(n)]
  16: f1->f10, U: U [O(n)]
  16: f1->f10, V: V [O(n)]
  16: f1->f10, W: W [O(n)]
  16: f1->f10, X: H1 [O(n)]
  16: f1->f10, Y: I1 [O(n)]
  7: f10->f10, B: 2 [O(1)]
  7: f10->f10, C1: M1 [O(n)]
  7: f10->f10, D1: 1 [O(1)]
  7: f10->f10, E1: I [O(n)]
  7: f10->f10, G: -max{-2, -G} [O(n)]
  7: f10->f10, H: -max{-H, -I} [O(n)]
  7: f10->f10, I: I [O(n)]
  7: f10->f10, K: 0 [O(1)]
  7: f10->f10, L: G1 [O(n)]
  7: f10->f10, M: G1 [O(n)]
  7: f10->f10, N: G1 [O(n)]
  7: f10->f10, O: 2 [O(1)]
  7: f10->f10, T: -1 [O(1)]
  7: f10->f10, V: I [O(n)]
  7: f10->f10, W: -1 [O(1)]
  7: f10->f10, X: H1 [O(n)]
  7: f10->f10, Y: I1 [O(n)]
  8: f10->f10, B: 2 [O(1)]
  8: f10->f10, C1: M1 [O(n)]
  8: f10->f10, D1: 1 [O(1)]
  8: f10->f10, E1: I [O(n)]
  8: f10->f10, G: -max{-2, -G} [O(n)]
  8: f10->f10, H: -max{-H, -I} [O(n)]
  8: f10->f10, I: I [O(n)]
  8: f10->f10, K: 0 [O(1)]
  8: f10->f10, L: G1 [O(n)]
  8: f10->f10, M: G1 [O(n)]
  8: f10->f10, N: G1 [O(n)]
  8: f10->f10, O: 2 [O(1)]
  8: f10->f10, T: -1 [O(1)]
  8: f10->f10, V: I [O(n)]
  8: f10->f10, W: -1 [O(1)]
  8: f10->f10, X: H1 [O(n)]
  8: f10->f10, Y: I1 [O(n)]
  9: f10->f10, B: 2 [O(1)]
  9: f10->f10, C1: M1 [O(n)]
  9: f10->f10, D1: 1 [O(1)]
  9: f10->f10, E1: I [O(n)]
  9: f10->f10, G: -max{-2, -G} [O(n)]
  9: f10->f10, H: -max{-H, -I} [O(n)]
  9: f10->f10, I: I [O(n)]
  9: f10->f10, K: 0 [O(1)]
  9: f10->f10, L: G1 [O(n)]
  9: f10->f10, M: G1 [O(n)]
  9: f10->f10, N: G1 [O(n)]
  9: f10->f10, O: 2 [O(1)]
  9: f10->f10, T: -1 [O(1)]
  9: f10->f10, V: I [O(n)]
  9: f10->f10, W: -1 [O(1)]
  9: f10->f10, X: H1 [O(n)]
  9: f10->f10, Y: I1 [O(n)]
  10: f10->f10, B: 2 [O(1)]
  10: f10->f10, C1: M1 [O(n)]
  10: f10->f10, D1: 1 [O(1)]
  10: f10->f10, E1: I [O(n)]
  10: f10->f10, G: -max{-2, -G} [O(n)]
  10: f10->f10, H: -max{-H, -I} [O(n)]
  10: f10->f10, I: I [O(n)]
  10: f10->f10, K: 0 [O(1)]
  10: f10->f10, L: G1 [O(n)]
  10: f10->f10, M: G1 [O(n)]
  10: f10->f10, N: G1 [O(n)]
  10: f10->f10, O: 2 [O(1)]
  10: f10->f10, T: -1 [O(1)]
  10: f10->f10, V: I [O(n)]
  10: f10->f10, W: -1 [O(1)]
  10: f10->f10, X: H1 [O(n)]
  10: f10->f10, Y: I1 [O(n)]
  11: f10->f4, B: 2 [O(1)]
  11: f10->f4, C1: M1 [O(n)]
  11: f10->f4, D1: 1 [O(1)]
  11: f10->f4, E1: I [O(n)]
  11: f10->f4, G: -max{-2, -G} [O(n)]
  11: f10->f4, H: -max{-H, -I} [O(n)]
  11: f10->f4, I: I [O(n)]
  11: f10->f4, K: 0 [O(1)]
  11: f10->f4, L: G1 [O(n)]
  11: f10->f4, N: G1 [O(n)]
  11: f10->f4, O: 2 [O(1)]
  11: f10->f4, T: 0 [O(1)]
  11: f10->f4, V: -max{-V, -I, -V} [O(n)]
  11: f10->f4, W: -max{1, -W} [O(n)]
  11: f10->f4, X: H1 [O(n)]
  11: f10->f4, Y: I1 [O(n)]
  12: f3->f4, A: J1 [O(n)]
  12: f3->f4, A1: N1 [O(n)]
  12: f3->f4, B: M1 [O(n)]
  12: f3->f4, B1: R1 [O(n)]
  12: f3->f4, C: L1 [O(n)]
  12: f3->f4, C1: C1 [O(n)]
  12: f3->f4, D: T1 [O(n)]
  12: f3->f4, D1: D1 [O(n)]
  12: f3->f4, E: S1 [O(n)]
  12: f3->f4, E1: E1 [O(n)]
  12: f3->f4, F: F [O(n)]
  12: f3->f4, F1: F1 [O(n)]
  12: f3->f4, G: G [O(n)]
  12: f3->f4, H: H [O(n)]
  12: f3->f4, I: I [O(n)]
  12: f3->f4, J: W1 [O(n)]
  12: f3->f4, K: K [O(n)]
  12: f3->f4, L: X [O(n)]
  12: f3->f4, M: V1 [O(n)]
  12: f3->f4, N: X [O(n)]
  12: f3->f4, O: I1 [O(n)]
  12: f3->f4, P: X [O(n)]
  12: f3->f4, Q: U1 [O(n)]
  12: f3->f4, R: X1 [O(n)]
  12: f3->f4, S: Q1 [O(n)]
  12: f3->f4, T: T [O(n)]
  12: f3->f4, U: U [O(n)]
  12: f3->f4, V: V [O(n)]
  12: f3->f4, W: W [O(n)]
  12: f3->f4, X: G1 [O(n)]
  12: f3->f4, Y: H1 [O(n)]
  12: f3->f4, Z: K1 [O(n)]
  13: f3->f1, A: 2 [O(1)]
  13: f3->f1, A1: A1 [O(n)]
  13: f3->f1, B: 2 [O(1)]
  13: f3->f1, B1: K1 [O(n)]
  13: f3->f1, C: K1 [O(n)]
  13: f3->f1, C1: M1 [O(n)]
  13: f3->f1, D: L1 [O(n)]
  13: f3->f1, D1: D1 [O(n)]
  13: f3->f1, E: K1 [O(n)]
  13: f3->f1, E1: E1 [O(n)]
  13: f3->f1, F: F [O(n)]
  13: f3->f1, F1: F1 [O(n)]
  13: f3->f1, G: G [O(n)]
  13: f3->f1, H: H [O(n)]
  13: f3->f1, I: I [O(n)]
  13: f3->f1, J: J [O(n)]
  13: f3->f1, K: K [O(n)]
  13: f3->f1, L: G1 [O(n)]
  13: f3->f1, M: M [O(n)]
  13: f3->f1, N: G1 [O(n)]
  13: f3->f1, O: 2 [O(1)]
  13: f3->f1, P: P [O(n)]
  13: f3->f1, Q: Q [O(n)]
  13: f3->f1, R: R [O(n)]
  13: f3->f1, S: S [O(n)]
  13: f3->f1, T: T [O(n)]
  13: f3->f1, U: U [O(n)]
  13: f3->f1, V: V [O(n)]
  13: f3->f1, W: W [O(n)]
  13: f3->f1, X: H1 [O(n)]
  13: f3->f1, Y: I1 [O(n)]
  13: f3->f1, Z: G1 [O(n)]
`Upper:
  0: f1->f1, A: J1 [O(n)]
  0: f1->f1, A1: A1 [O(n)]
  0: f1->f1, B: max{6, 0+3*J1} [O(n)]
  0: f1->f1, B1: K1 [O(n)]
  0: f1->f1, C1: M1 [O(n)]
  0: f1->f1, D1: D1 [O(n)]
  0: f1->f1, E1: E1 [O(n)]
  0: f1->f1, F1: F1 [O(n)]
  0: f1->f1, G: max{2, 6, 3*J1} [O(n)]
  0: f1->f1, H: I [O(n)]
  0: f1->f1, I: I [O(n)]
  0: f1->f1, J: J [O(n)]
  0: f1->f1, K: K [O(n)]
  0: f1->f1, L: G1 [O(n)]
  0: f1->f1, M: M [O(n)]
  0: f1->f1, N: G1 [O(n)]
  0: f1->f1, O: J1 [O(n)]
  0: f1->f1, P: P [O(n)]
  0: f1->f1, Q: Q [O(n)]
  0: f1->f1, R: R [O(n)]
  0: f1->f1, S: S [O(n)]
  0: f1->f1, T: T [O(n)]
  0: f1->f1, U: U [O(n)]
  0: f1->f1, V: V [O(n)]
  0: f1->f1, W: W [O(n)]
  0: f1->f1, X: H1 [O(n)]
  0: f1->f1, Y: I1 [O(n)]
  0: f1->f1, Z: G1 [O(n)]
  15: f1->f10, C1: M1 [O(n)]
  15: f1->f10, D1: 1+T [O(n)]
  15: f1->f10, E1: I [O(n)]
  15: f1->f10, G: max{2, 6, max{G, 3*J1}} [O(n)]
  15: f1->f10, H: max{H, I} [O(n)]
  15: f1->f10, I: I [O(n)]
  15: f1->f10, K: T [O(n)]
  15: f1->f10, L: G1 [O(n)]
  15: f1->f10, M: G1 [O(n)]
  15: f1->f10, N: G1 [O(n)]
  15: f1->f10, T: T [O(n)]
  15: f1->f10, U: U [O(n)]
  15: f1->f10, V: V [O(n)]
  15: f1->f10, W: W [O(n)]
  15: f1->f10, X: H1 [O(n)]
  15: f1->f10, Y: I1 [O(n)]
  16: f1->f10, C1: M1 [O(n)]
  16: f1->f10, D1: 1+T [O(n)]
  16: f1->f10, E1: I [O(n)]
  16: f1->f10, G: max{2, 6, max{G, 3*J1}} [O(n)]
  16: f1->f10, H: max{H, I} [O(n)]
  16: f1->f10, I: I [O(n)]
  16: f1->f10, K: T [O(n)]
  16: f1->f10, L: G1 [O(n)]
  16: f1->f10, M: G1 [O(n)]
  16: f1->f10, N: G1 [O(n)]
  16: f1->f10, T: T [O(n)]
  16: f1->f10, U: U [O(n)]
  16: f1->f10, V: V [O(n)]
  16: f1->f10, W: W [O(n)]
  16: f1->f10, X: H1 [O(n)]
  16: f1->f10, Y: I1 [O(n)]
  7: f10->f10, C1: M1 [O(n)]
  7: f10->f10, D1: 1+T [O(n)]
  7: f10->f10, E1: I [O(n)]
  7: f10->f10, G: max{2, 6, max{G, 3*J1}} [O(n)]
  7: f10->f10, H: max{H, I} [O(n)]
  7: f10->f10, I: I [O(n)]
  7: f10->f10, K: T [O(n)]
  7: f10->f10, L: G1 [O(n)]
  7: f10->f10, M: G1 [O(n)]
  7: f10->f10, N: G1 [O(n)]
  7: f10->f10, T: T [O(n)]
  7: f10->f10, V: I [O(n)]
  7: f10->f10, W: -1+T [O(n)]
  7: f10->f10, X: H1 [O(n)]
  7: f10->f10, Y: I1 [O(n)]
  8: f10->f10, C1: M1 [O(n)]
  8: f10->f10, D1: 1+T [O(n)]
  8: f10->f10, E1: I [O(n)]
  8: f10->f10, G: max{2, 6, max{G, 3*J1}} [O(n)]
  8: f10->f10, H: max{H, I} [O(n)]
  8: f10->f10, I: I [O(n)]
  8: f10->f10, K: T [O(n)]
  8: f10->f10, L: G1 [O(n)]
  8: f10->f10, M: G1 [O(n)]
  8: f10->f10, N: G1 [O(n)]
  8: f10->f10, T: T [O(n)]
  8: f10->f10, V: I [O(n)]
  8: f10->f10, W: -1+T [O(n)]
  8: f10->f10, X: H1 [O(n)]
  8: f10->f10, Y: I1 [O(n)]
  9: f10->f10, C1: M1 [O(n)]
  9: f10->f10, D1: 1+T [O(n)]
  9: f10->f10, E1: I [O(n)]
  9: f10->f10, G: max{2, 6, max{G, 3*J1}} [O(n)]
  9: f10->f10, H: max{H, I} [O(n)]
  9: f10->f10, I: I [O(n)]
  9: f10->f10, K: T [O(n)]
  9: f10->f10, L: G1 [O(n)]
  9: f10->f10, M: G1 [O(n)]
  9: f10->f10, N: G1 [O(n)]
  9: f10->f10, T: T [O(n)]
  9: f10->f10, V: I [O(n)]
  9: f10->f10, W: -1+T [O(n)]
  9: f10->f10, X: H1 [O(n)]
  9: f10->f10, Y: I1 [O(n)]
  10: f10->f10, C1: M1 [O(n)]
  10: f10->f10, D1: 1+T [O(n)]
  10: f10->f10, E1: I [O(n)]
  10: f10->f10, G: max{2, 6, max{G, 3*J1}} [O(n)]
  10: f10->f10, H: max{H, I} [O(n)]
  10: f10->f10, I: I [O(n)]
  10: f10->f10, K: T [O(n)]
  10: f10->f10, L: G1 [O(n)]
  10: f10->f10, M: G1 [O(n)]
  10: f10->f10, N: G1 [O(n)]
  10: f10->f10, T: T [O(n)]
  10: f10->f10, V: I [O(n)]
  10: f10->f10, W: -1+T [O(n)]
  10: f10->f10, X: H1 [O(n)]
  10: f10->f10, Y: I1 [O(n)]
  11: f10->f4, C1: M1 [O(n)]
  11: f10->f4, D1: 1+T [O(n)]
  11: f10->f4, E1: I [O(n)]
  11: f10->f4, G: max{2, 6, max{G, 3*J1}} [O(n)]
  11: f10->f4, H: max{H, I} [O(n)]
  11: f10->f4, I: I [O(n)]
  11: f10->f4, K: T [O(n)]
  11: f10->f4, L: G1 [O(n)]
  11: f10->f4, N: G1 [O(n)]
  11: f10->f4, T: T [O(n)]
  11: f10->f4, V: max{V, I, V} [O(n)]
  11: f10->f4, W: max{W, -1+T} [O(n)]
  11: f10->f4, X: H1 [O(n)]
  11: f10->f4, Y: I1 [O(n)]
  12: f3->f4, A: J1 [O(n)]
  12: f3->f4, A1: N1 [O(n)]
  12: f3->f4, B: M1 [O(n)]
  12: f3->f4, B1: R1 [O(n)]
  12: f3->f4, C: L1 [O(n)]
  12: f3->f4, C1: C1 [O(n)]
  12: f3->f4, D: T1 [O(n)]
  12: f3->f4, D1: D1 [O(n)]
  12: f3->f4, E: S1 [O(n)]
  12: f3->f4, E1: E1 [O(n)]
  12: f3->f4, F: F [O(n)]
  12: f3->f4, F1: F1 [O(n)]
  12: f3->f4, G: G [O(n)]
  12: f3->f4, H: H [O(n)]
  12: f3->f4, I: I [O(n)]
  12: f3->f4, J: W1 [O(n)]
  12: f3->f4, K: K [O(n)]
  12: f3->f4, L: X [O(n)]
  12: f3->f4, M: V1 [O(n)]
  12: f3->f4, N: X [O(n)]
  12: f3->f4, O: 0 [O(1)]
  12: f3->f4, P: X [O(n)]
  12: f3->f4, Q: U1 [O(n)]
  12: f3->f4, R: X1 [O(n)]
  12: f3->f4, S: Q1 [O(n)]
  12: f3->f4, T: T [O(n)]
  12: f3->f4, U: U [O(n)]
  12: f3->f4, V: V [O(n)]
  12: f3->f4, W: W [O(n)]
  12: f3->f4, X: G1 [O(n)]
  12: f3->f4, Y: H1 [O(n)]
  12: f3->f4, Z: K1 [O(n)]
  13: f3->f1, A: J1 [O(n)]
  13: f3->f1, A1: A1 [O(n)]
  13: f3->f1, B: 2 [O(1)]
  13: f3->f1, B1: K1 [O(n)]
  13: f3->f1, C: K1 [O(n)]
  13: f3->f1, C1: M1 [O(n)]
  13: f3->f1, D: L1 [O(n)]
  13: f3->f1, D1: D1 [O(n)]
  13: f3->f1, E: K1 [O(n)]
  13: f3->f1, E1: E1 [O(n)]
  13: f3->f1, F: F [O(n)]
  13: f3->f1, F1: F1 [O(n)]
  13: f3->f1, G: G [O(n)]
  13: f3->f1, H: H [O(n)]
  13: f3->f1, I: I [O(n)]
  13: f3->f1, J: J [O(n)]
  13: f3->f1, K: K [O(n)]
  13: f3->f1, L: G1 [O(n)]
  13: f3->f1, M: M [O(n)]
  13: f3->f1, N: G1 [O(n)]
  13: f3->f1, O: J1 [O(n)]
  13: f3->f1, P: P [O(n)]
  13: f3->f1, Q: Q [O(n)]
  13: f3->f1, R: R [O(n)]
  13: f3->f1, S: S [O(n)]
  13: f3->f1, T: T [O(n)]
  13: f3->f1, U: U [O(n)]
  13: f3->f1, V: V [O(n)]
  13: f3->f1, W: W [O(n)]
  13: f3->f1, X: H1 [O(n)]
  13: f3->f1, Y: I1 [O(n)]
  13: f3->f1, Z: G1 [O(n)]
