Timebounds: 
  Overall timebound: inf [Infinity]
  0: f1->f1: max{4, -2+3*A1} [O(n)]
  15: f1->f8: 1 [O(1)]
  16: f1->f8: 1 [O(1)]
  7: f8->f8: inf [Infinity]
  8: f8->f8: inf [Infinity]
  9: f8->f8: inf [Infinity]
  10: f8->f8: inf [Infinity]
  11: f8->f10: 1 [O(1)]
  12: f9->f10: 1 [O(1)]
  13: f9->f1: 1 [O(1)]

Costbounds:
  Overall costbound: inf [Infinity]
  0: f1->f1: max{4, -2+3*A1} [O(n)]
  15: f1->f8: 1 [O(1)]
  16: f1->f8: 1 [O(1)]
  7: f8->f8: inf [Infinity]
  8: f8->f8: inf [Infinity]
  9: f8->f8: inf [Infinity]
  10: f8->f8: inf [Infinity]
  11: f8->f10: 1 [O(1)]
  12: f9->f10: 1 [O(1)]
  13: f9->f1: 1 [O(1)]

Sizebounds:
`Lower:
  0: f1->f1, A: 2 [O(1)]
  0: f1->f1, A1: -inf [Infinity]
  0: f1->f1, B: 3 [O(1)]
  0: f1->f1, B1: -inf [Infinity]
  0: f1->f1, C: -inf [Infinity]
  0: f1->f1, C1: -inf [Infinity]
  0: f1->f1, D: -inf [Infinity]
  0: f1->f1, D1: -inf [Infinity]
  0: f1->f1, E: -inf [Infinity]
  0: f1->f1, E1: -inf [Infinity]
  0: f1->f1, F: -inf [Infinity]
  0: f1->f1, F1: -inf [Infinity]
  0: f1->f1, G: 2 [O(1)]
  0: f1->f1, G1: -inf [Infinity]
  0: f1->f1, H: H [O(n)]
  0: f1->f1, H1: -inf [Infinity]
  0: f1->f1, I: I [O(n)]
  0: f1->f1, I1: -inf [Infinity]
  0: f1->f1, J: J [O(n)]
  0: f1->f1, J1: -inf [Infinity]
  0: f1->f1, K: 3 [O(1)]
  0: f1->f1, K1: -inf [Infinity]
  0: f1->f1, L: L [O(n)]
  0: f1->f1, L1: -inf [Infinity]
  0: f1->f1, M: M [O(n)]
  0: f1->f1, M1: -inf [Infinity]
  0: f1->f1, N: N [O(n)]
  0: f1->f1, N1: -inf [Infinity]
  0: f1->f1, O: O [O(n)]
  0: f1->f1, O1: -inf [Infinity]
  0: f1->f1, P: P [O(n)]
  0: f1->f1, P1: -inf [Infinity]
  0: f1->f1, Q: Q [O(n)]
  0: f1->f1, Q1: -inf [Infinity]
  0: f1->f1, R: R [O(n)]
  0: f1->f1, S: S [O(n)]
  0: f1->f1, T: T [O(n)]
  0: f1->f1, U: Z [O(n)]
  0: f1->f1, V: V [O(n)]
  0: f1->f1, W: B1 [O(n)]
  0: f1->f1, X: D1 [O(n)]
  0: f1->f1, Y: Y [O(n)]
  0: f1->f1, Z: -inf [Infinity]
  15: f1->f8, A: -inf [Infinity]
  15: f1->f8, A1: -inf [Infinity]
  15: f1->f8, B: 2 [O(1)]
  15: f1->f8, B1: -inf [Infinity]
  15: f1->f8, C: -inf [Infinity]
  15: f1->f8, C1: -inf [Infinity]
  15: f1->f8, D: -inf [Infinity]
  15: f1->f8, D1: -inf [Infinity]
  15: f1->f8, E: -inf [Infinity]
  15: f1->f8, E1: -inf [Infinity]
  15: f1->f8, F: -inf [Infinity]
  15: f1->f8, F1: -inf [Infinity]
  15: f1->f8, G: -max{-2, -G} [O(n)]
  15: f1->f8, G1: -inf [Infinity]
  15: f1->f8, H: 1 [O(1)]
  15: f1->f8, H1: -inf [Infinity]
  15: f1->f8, I: R [O(n)]
  15: f1->f8, I1: -inf [Infinity]
  15: f1->f8, J: 0 [O(1)]
  15: f1->f8, J1: -inf [Infinity]
  15: f1->f8, K: 2 [O(1)]
  15: f1->f8, K1: -inf [Infinity]
  15: f1->f8, L: 1 [O(1)]
  15: f1->f8, L1: -inf [Infinity]
  15: f1->f8, M: 1 [O(1)]
  15: f1->f8, M1: -inf [Infinity]
  15: f1->f8, N: 0 [O(1)]
  15: f1->f8, N1: -inf [Infinity]
  15: f1->f8, O: 1 [O(1)]
  15: f1->f8, O1: -inf [Infinity]
  15: f1->f8, P: 1 [O(1)]
  15: f1->f8, P1: -inf [Infinity]
  15: f1->f8, Q: -inf [Infinity]
  15: f1->f8, Q1: -inf [Infinity]
  15: f1->f8, R: R [O(n)]
  15: f1->f8, S: S [O(n)]
  15: f1->f8, T: T [O(n)]
  15: f1->f8, U: Z [O(n)]
  15: f1->f8, V: -inf [Infinity]
  15: f1->f8, W: -inf [Infinity]
  15: f1->f8, X: D1 [O(n)]
  15: f1->f8, Y: 1+R [O(n)]
  15: f1->f8, Z: -inf [Infinity]
  16: f1->f8, A: -inf [Infinity]
  16: f1->f8, A1: -inf [Infinity]
  16: f1->f8, B: 2 [O(1)]
  16: f1->f8, B1: -inf [Infinity]
  16: f1->f8, C: -inf [Infinity]
  16: f1->f8, C1: -inf [Infinity]
  16: f1->f8, D: -inf [Infinity]
  16: f1->f8, D1: -inf [Infinity]
  16: f1->f8, E: -inf [Infinity]
  16: f1->f8, E1: -inf [Infinity]
  16: f1->f8, F: -inf [Infinity]
  16: f1->f8, F1: -inf [Infinity]
  16: f1->f8, G: -max{-2, -G} [O(n)]
  16: f1->f8, G1: -inf [Infinity]
  16: f1->f8, H: -inf [Infinity]
  16: f1->f8, H1: -inf [Infinity]
  16: f1->f8, I: R [O(n)]
  16: f1->f8, I1: -inf [Infinity]
  16: f1->f8, J: 0 [O(1)]
  16: f1->f8, J1: -inf [Infinity]
  16: f1->f8, K: 2 [O(1)]
  16: f1->f8, K1: -inf [Infinity]
  16: f1->f8, L: -inf [Infinity]
  16: f1->f8, L1: -inf [Infinity]
  16: f1->f8, M: -inf [Infinity]
  16: f1->f8, M1: -inf [Infinity]
  16: f1->f8, N: 0 [O(1)]
  16: f1->f8, N1: -inf [Infinity]
  16: f1->f8, O: -inf [Infinity]
  16: f1->f8, O1: -inf [Infinity]
  16: f1->f8, P: -inf [Infinity]
  16: f1->f8, P1: -inf [Infinity]
  16: f1->f8, Q: -inf [Infinity]
  16: f1->f8, Q1: -inf [Infinity]
  16: f1->f8, R: R [O(n)]
  16: f1->f8, S: S [O(n)]
  16: f1->f8, T: T [O(n)]
  16: f1->f8, U: Z [O(n)]
  16: f1->f8, V: -inf [Infinity]
  16: f1->f8, W: -inf [Infinity]
  16: f1->f8, X: D1 [O(n)]
  16: f1->f8, Y: 1+R [O(n)]
  16: f1->f8, Z: -inf [Infinity]
  7: f8->f8, A: -inf [Infinity]
  7: f8->f8, A1: -inf [Infinity]
  7: f8->f8, B: 2 [O(1)]
  7: f8->f8, B1: -inf [Infinity]
  7: f8->f8, C: -inf [Infinity]
  7: f8->f8, C1: -inf [Infinity]
  7: f8->f8, D: -inf [Infinity]
  7: f8->f8, D1: -inf [Infinity]
  7: f8->f8, E: -inf [Infinity]
  7: f8->f8, E1: -inf [Infinity]
  7: f8->f8, F: -inf [Infinity]
  7: f8->f8, F1: -inf [Infinity]
  7: f8->f8, G: -max{-2, -G} [O(n)]
  7: f8->f8, G1: -inf [Infinity]
  7: f8->f8, H: -inf [Infinity]
  7: f8->f8, H1: -inf [Infinity]
  7: f8->f8, I: R [O(n)]
  7: f8->f8, I1: -inf [Infinity]
  7: f8->f8, J: 0 [O(1)]
  7: f8->f8, J1: -inf [Infinity]
  7: f8->f8, K: -inf [Infinity]
  7: f8->f8, K1: -inf [Infinity]
  7: f8->f8, L: -inf [Infinity]
  7: f8->f8, L1: -inf [Infinity]
  7: f8->f8, M: -inf [Infinity]
  7: f8->f8, M1: -inf [Infinity]
  7: f8->f8, N: 0 [O(1)]
  7: f8->f8, N1: -inf [Infinity]
  7: f8->f8, O: -inf [Infinity]
  7: f8->f8, O1: -inf [Infinity]
  7: f8->f8, P: -inf [Infinity]
  7: f8->f8, P1: -inf [Infinity]
  7: f8->f8, Q: -inf [Infinity]
  7: f8->f8, Q1: -inf [Infinity]
  7: f8->f8, R: -1 [O(1)]
  7: f8->f8, S: -inf [Infinity]
  7: f8->f8, T: -1 [O(1)]
  7: f8->f8, U: Z [O(n)]
  7: f8->f8, V: -inf [Infinity]
  7: f8->f8, W: -inf [Infinity]
  7: f8->f8, X: D1 [O(n)]
  7: f8->f8, Y: 1 [O(1)]
  7: f8->f8, Z: -inf [Infinity]
  8: f8->f8, A: -inf [Infinity]
  8: f8->f8, A1: -inf [Infinity]
  8: f8->f8, B: 2 [O(1)]
  8: f8->f8, B1: -inf [Infinity]
  8: f8->f8, C: -inf [Infinity]
  8: f8->f8, C1: -inf [Infinity]
  8: f8->f8, D: -inf [Infinity]
  8: f8->f8, D1: -inf [Infinity]
  8: f8->f8, E: -inf [Infinity]
  8: f8->f8, E1: -inf [Infinity]
  8: f8->f8, F: -inf [Infinity]
  8: f8->f8, F1: -inf [Infinity]
  8: f8->f8, G: -max{-2, -G} [O(n)]
  8: f8->f8, G1: -inf [Infinity]
  8: f8->f8, H: -inf [Infinity]
  8: f8->f8, H1: -inf [Infinity]
  8: f8->f8, I: R [O(n)]
  8: f8->f8, I1: -inf [Infinity]
  8: f8->f8, J: 0 [O(1)]
  8: f8->f8, J1: -inf [Infinity]
  8: f8->f8, K: -inf [Infinity]
  8: f8->f8, K1: -inf [Infinity]
  8: f8->f8, L: -inf [Infinity]
  8: f8->f8, L1: -inf [Infinity]
  8: f8->f8, M: -inf [Infinity]
  8: f8->f8, M1: -inf [Infinity]
  8: f8->f8, N: 0 [O(1)]
  8: f8->f8, N1: -inf [Infinity]
  8: f8->f8, O: -inf [Infinity]
  8: f8->f8, O1: -inf [Infinity]
  8: f8->f8, P: -inf [Infinity]
  8: f8->f8, P1: -inf [Infinity]
  8: f8->f8, Q: -inf [Infinity]
  8: f8->f8, Q1: -inf [Infinity]
  8: f8->f8, R: -1 [O(1)]
  8: f8->f8, S: -inf [Infinity]
  8: f8->f8, T: -1 [O(1)]
  8: f8->f8, U: Z [O(n)]
  8: f8->f8, V: -inf [Infinity]
  8: f8->f8, W: -inf [Infinity]
  8: f8->f8, X: D1 [O(n)]
  8: f8->f8, Y: 1 [O(1)]
  8: f8->f8, Z: -inf [Infinity]
  9: f8->f8, A: -inf [Infinity]
  9: f8->f8, A1: -inf [Infinity]
  9: f8->f8, B: 2 [O(1)]
  9: f8->f8, B1: -inf [Infinity]
  9: f8->f8, C: -inf [Infinity]
  9: f8->f8, C1: -inf [Infinity]
  9: f8->f8, D: -inf [Infinity]
  9: f8->f8, D1: -inf [Infinity]
  9: f8->f8, E: -inf [Infinity]
  9: f8->f8, E1: -inf [Infinity]
  9: f8->f8, F: -inf [Infinity]
  9: f8->f8, F1: -inf [Infinity]
  9: f8->f8, G: -max{-2, -G} [O(n)]
  9: f8->f8, G1: -inf [Infinity]
  9: f8->f8, H: -inf [Infinity]
  9: f8->f8, H1: -inf [Infinity]
  9: f8->f8, I: R [O(n)]
  9: f8->f8, I1: -inf [Infinity]
  9: f8->f8, J: 0 [O(1)]
  9: f8->f8, J1: -inf [Infinity]
  9: f8->f8, K: -inf [Infinity]
  9: f8->f8, K1: -inf [Infinity]
  9: f8->f8, L: -inf [Infinity]
  9: f8->f8, L1: -inf [Infinity]
  9: f8->f8, M: -inf [Infinity]
  9: f8->f8, M1: -inf [Infinity]
  9: f8->f8, N: 0 [O(1)]
  9: f8->f8, N1: -inf [Infinity]
  9: f8->f8, O: -inf [Infinity]
  9: f8->f8, O1: -inf [Infinity]
  9: f8->f8, P: -inf [Infinity]
  9: f8->f8, P1: -inf [Infinity]
  9: f8->f8, Q: -inf [Infinity]
  9: f8->f8, Q1: -inf [Infinity]
  9: f8->f8, R: -1 [O(1)]
  9: f8->f8, S: -inf [Infinity]
  9: f8->f8, T: -1 [O(1)]
  9: f8->f8, U: Z [O(n)]
  9: f8->f8, V: -inf [Infinity]
  9: f8->f8, W: -inf [Infinity]
  9: f8->f8, X: D1 [O(n)]
  9: f8->f8, Y: 1 [O(1)]
  9: f8->f8, Z: -inf [Infinity]
  10: f8->f8, A: -inf [Infinity]
  10: f8->f8, A1: -inf [Infinity]
  10: f8->f8, B: 2 [O(1)]
  10: f8->f8, B1: -inf [Infinity]
  10: f8->f8, C: -inf [Infinity]
  10: f8->f8, C1: -inf [Infinity]
  10: f8->f8, D: -inf [Infinity]
  10: f8->f8, D1: -inf [Infinity]
  10: f8->f8, E: -inf [Infinity]
  10: f8->f8, E1: -inf [Infinity]
  10: f8->f8, F: -inf [Infinity]
  10: f8->f8, F1: -inf [Infinity]
  10: f8->f8, G: -max{-2, -G} [O(n)]
  10: f8->f8, G1: -inf [Infinity]
  10: f8->f8, H: -inf [Infinity]
  10: f8->f8, H1: -inf [Infinity]
  10: f8->f8, I: R [O(n)]
  10: f8->f8, I1: -inf [Infinity]
  10: f8->f8, J: 0 [O(1)]
  10: f8->f8, J1: -inf [Infinity]
  10: f8->f8, K: -inf [Infinity]
  10: f8->f8, K1: -inf [Infinity]
  10: f8->f8, L: -inf [Infinity]
  10: f8->f8, L1: -inf [Infinity]
  10: f8->f8, M: -inf [Infinity]
  10: f8->f8, M1: -inf [Infinity]
  10: f8->f8, N: 0 [O(1)]
  10: f8->f8, N1: -inf [Infinity]
  10: f8->f8, O: -inf [Infinity]
  10: f8->f8, O1: -inf [Infinity]
  10: f8->f8, P: -inf [Infinity]
  10: f8->f8, P1: -inf [Infinity]
  10: f8->f8, Q: -inf [Infinity]
  10: f8->f8, Q1: -inf [Infinity]
  10: f8->f8, R: -1 [O(1)]
  10: f8->f8, S: -inf [Infinity]
  10: f8->f8, T: -1 [O(1)]
  10: f8->f8, U: Z [O(n)]
  10: f8->f8, V: -inf [Infinity]
  10: f8->f8, W: -inf [Infinity]
  10: f8->f8, X: D1 [O(n)]
  10: f8->f8, Y: 1 [O(1)]
  10: f8->f8, Z: -inf [Infinity]
  11: f8->f10, A: -inf [Infinity]
  11: f8->f10, A1: -inf [Infinity]
  11: f8->f10, B: 2 [O(1)]
  11: f8->f10, B1: -inf [Infinity]
  11: f8->f10, C: -inf [Infinity]
  11: f8->f10, C1: -inf [Infinity]
  11: f8->f10, D: -inf [Infinity]
  11: f8->f10, D1: -inf [Infinity]
  11: f8->f10, E: -inf [Infinity]
  11: f8->f10, E1: -inf [Infinity]
  11: f8->f10, F: -inf [Infinity]
  11: f8->f10, F1: -inf [Infinity]
  11: f8->f10, G: -max{-2, -G} [O(n)]
  11: f8->f10, G1: -inf [Infinity]
  11: f8->f10, H: -inf [Infinity]
  11: f8->f10, H1: -inf [Infinity]
  11: f8->f10, I: 0 [O(1)]
  11: f8->f10, I1: -inf [Infinity]
  11: f8->f10, J: -inf [Infinity]
  11: f8->f10, J1: -inf [Infinity]
  11: f8->f10, K: 2 [O(1)]
  11: f8->f10, K1: -inf [Infinity]
  11: f8->f10, L: -inf [Infinity]
  11: f8->f10, L1: -inf [Infinity]
  11: f8->f10, M: -inf [Infinity]
  11: f8->f10, M1: -inf [Infinity]
  11: f8->f10, N: -inf [Infinity]
  11: f8->f10, N1: -inf [Infinity]
  11: f8->f10, O: -inf [Infinity]
  11: f8->f10, O1: -inf [Infinity]
  11: f8->f10, P: -inf [Infinity]
  11: f8->f10, P1: -inf [Infinity]
  11: f8->f10, Q: -inf [Infinity]
  11: f8->f10, Q1: -inf [Infinity]
  11: f8->f10, R: 0 [O(1)]
  11: f8->f10, S: -inf [Infinity]
  11: f8->f10, T: -max{1, -T} [O(n)]
  11: f8->f10, U: Z [O(n)]
  11: f8->f10, V: -inf [Infinity]
  11: f8->f10, W: -inf [Infinity]
  11: f8->f10, X: D1 [O(n)]
  11: f8->f10, Y: 1 [O(1)]
  11: f8->f10, Z: -inf [Infinity]
  12: f9->f10, A: B1 [O(n)]
  12: f9->f10, A1: -inf [Infinity]
  12: f9->f10, B: D1 [O(n)]
  12: f9->f10, B1: -inf [Infinity]
  12: f9->f10, C: C1 [O(n)]
  12: f9->f10, C1: -inf [Infinity]
  12: f9->f10, D: K1 [O(n)]
  12: f9->f10, D1: -inf [Infinity]
  12: f9->f10, E: H1 [O(n)]
  12: f9->f10, E1: -inf [Infinity]
  12: f9->f10, F: F [O(n)]
  12: f9->f10, F1: -inf [Infinity]
  12: f9->f10, G: G [O(n)]
  12: f9->f10, G1: -inf [Infinity]
  12: f9->f10, H: P1 [O(n)]
  12: f9->f10, H1: -inf [Infinity]
  12: f9->f10, I: I [O(n)]
  12: f9->f10, I1: -inf [Infinity]
  12: f9->f10, J: O1 [O(n)]
  12: f9->f10, J1: -inf [Infinity]
  12: f9->f10, K: A1 [O(n)]
  12: f9->f10, K1: -inf [Infinity]
  12: f9->f10, L: 0 [O(1)]
  12: f9->f10, L1: -inf [Infinity]
  12: f9->f10, M: L1 [O(n)]
  12: f9->f10, M1: -inf [Infinity]
  12: f9->f10, N: M1 [O(n)]
  12: f9->f10, N1: -inf [Infinity]
  12: f9->f10, O: N1 [O(n)]
  12: f9->f10, O1: -inf [Infinity]
  12: f9->f10, P: Q1 [O(n)]
  12: f9->f10, P1: -inf [Infinity]
  12: f9->f10, Q: F1 [O(n)]
  12: f9->f10, Q1: -inf [Infinity]
  12: f9->f10, R: R [O(n)]
  12: f9->f10, S: S [O(n)]
  12: f9->f10, T: T [O(n)]
  12: f9->f10, U: Z [O(n)]
  12: f9->f10, V: E1 [O(n)]
  12: f9->f10, W: G1 [O(n)]
  12: f9->f10, X: X [O(n)]
  12: f9->f10, Y: Y [O(n)]
  12: f9->f10, Z: -inf [Infinity]
  13: f9->f1, A: 2 [O(1)]
  13: f9->f1, A1: -inf [Infinity]
  13: f9->f1, B: 2 [O(1)]
  13: f9->f1, B1: -inf [Infinity]
  13: f9->f1, C: B1 [O(n)]
  13: f9->f1, C1: -inf [Infinity]
  13: f9->f1, D: C1 [O(n)]
  13: f9->f1, D1: -inf [Infinity]
  13: f9->f1, E: B1 [O(n)]
  13: f9->f1, E1: -inf [Infinity]
  13: f9->f1, F: F [O(n)]
  13: f9->f1, F1: -inf [Infinity]
  13: f9->f1, G: G [O(n)]
  13: f9->f1, G1: -inf [Infinity]
  13: f9->f1, H: H [O(n)]
  13: f9->f1, H1: -inf [Infinity]
  13: f9->f1, I: I [O(n)]
  13: f9->f1, I1: -inf [Infinity]
  13: f9->f1, J: J [O(n)]
  13: f9->f1, J1: -inf [Infinity]
  13: f9->f1, K: 2 [O(1)]
  13: f9->f1, K1: -inf [Infinity]
  13: f9->f1, L: L [O(n)]
  13: f9->f1, L1: -inf [Infinity]
  13: f9->f1, M: M [O(n)]
  13: f9->f1, M1: -inf [Infinity]
  13: f9->f1, N: N [O(n)]
  13: f9->f1, N1: -inf [Infinity]
  13: f9->f1, O: O [O(n)]
  13: f9->f1, O1: -inf [Infinity]
  13: f9->f1, P: P [O(n)]
  13: f9->f1, P1: -inf [Infinity]
  13: f9->f1, Q: Q [O(n)]
  13: f9->f1, Q1: -inf [Infinity]
  13: f9->f1, R: R [O(n)]
  13: f9->f1, S: S [O(n)]
  13: f9->f1, T: T [O(n)]
  13: f9->f1, U: Z [O(n)]
  13: f9->f1, V: V [O(n)]
  13: f9->f1, W: B1 [O(n)]
  13: f9->f1, X: D1 [O(n)]
  13: f9->f1, Y: Y [O(n)]
  13: f9->f1, Z: -inf [Infinity]
`Upper:
  0: f1->f1, A: A1 [O(n)]
  0: f1->f1, A1: inf [Infinity]
  0: f1->f1, B: A1 [O(n)]
  0: f1->f1, B1: inf [Infinity]
  0: f1->f1, C: inf [Infinity]
  0: f1->f1, C1: inf [Infinity]
  0: f1->f1, D: inf [Infinity]
  0: f1->f1, D1: inf [Infinity]
  0: f1->f1, E: inf [Infinity]
  0: f1->f1, E1: inf [Infinity]
  0: f1->f1, F: inf [Infinity]
  0: f1->f1, F1: inf [Infinity]
  0: f1->f1, G: -1+A1 [O(n)]
  0: f1->f1, G1: inf [Infinity]
  0: f1->f1, H: H [O(n)]
  0: f1->f1, H1: inf [Infinity]
  0: f1->f1, I: I [O(n)]
  0: f1->f1, I1: inf [Infinity]
  0: f1->f1, J: J [O(n)]
  0: f1->f1, J1: inf [Infinity]
  0: f1->f1, K: A1 [O(n)]
  0: f1->f1, K1: inf [Infinity]
  0: f1->f1, L: L [O(n)]
  0: f1->f1, L1: inf [Infinity]
  0: f1->f1, M: M [O(n)]
  0: f1->f1, M1: inf [Infinity]
  0: f1->f1, N: N [O(n)]
  0: f1->f1, N1: inf [Infinity]
  0: f1->f1, O: O [O(n)]
  0: f1->f1, O1: inf [Infinity]
  0: f1->f1, P: P [O(n)]
  0: f1->f1, P1: inf [Infinity]
  0: f1->f1, Q: Q [O(n)]
  0: f1->f1, Q1: inf [Infinity]
  0: f1->f1, R: R [O(n)]
  0: f1->f1, S: S [O(n)]
  0: f1->f1, T: T [O(n)]
  0: f1->f1, U: Z [O(n)]
  0: f1->f1, V: V [O(n)]
  0: f1->f1, W: B1 [O(n)]
  0: f1->f1, X: D1 [O(n)]
  0: f1->f1, Y: Y [O(n)]
  0: f1->f1, Z: inf [Infinity]
  15: f1->f8, A: inf [Infinity]
  15: f1->f8, A1: inf [Infinity]
  15: f1->f8, B: inf [Infinity]
  15: f1->f8, B1: inf [Infinity]
  15: f1->f8, C: inf [Infinity]
  15: f1->f8, C1: inf [Infinity]
  15: f1->f8, D: inf [Infinity]
  15: f1->f8, D1: inf [Infinity]
  15: f1->f8, E: inf [Infinity]
  15: f1->f8, E1: inf [Infinity]
  15: f1->f8, F: inf [Infinity]
  15: f1->f8, F1: inf [Infinity]
  15: f1->f8, G: max{G, -1+A1} [O(n)]
  15: f1->f8, G1: inf [Infinity]
  15: f1->f8, H: inf [Infinity]
  15: f1->f8, H1: inf [Infinity]
  15: f1->f8, I: R [O(n)]
  15: f1->f8, I1: inf [Infinity]
  15: f1->f8, J: 0 [O(1)]
  15: f1->f8, J1: inf [Infinity]
  15: f1->f8, K: inf [Infinity]
  15: f1->f8, K1: inf [Infinity]
  15: f1->f8, L: inf [Infinity]
  15: f1->f8, L1: inf [Infinity]
  15: f1->f8, M: inf [Infinity]
  15: f1->f8, M1: inf [Infinity]
  15: f1->f8, N: 0 [O(1)]
  15: f1->f8, N1: inf [Infinity]
  15: f1->f8, O: inf [Infinity]
  15: f1->f8, O1: inf [Infinity]
  15: f1->f8, P: inf [Infinity]
  15: f1->f8, P1: inf [Infinity]
  15: f1->f8, Q: inf [Infinity]
  15: f1->f8, Q1: inf [Infinity]
  15: f1->f8, R: R [O(n)]
  15: f1->f8, S: S [O(n)]
  15: f1->f8, T: T [O(n)]
  15: f1->f8, U: Z [O(n)]
  15: f1->f8, V: inf [Infinity]
  15: f1->f8, W: inf [Infinity]
  15: f1->f8, X: D1 [O(n)]
  15: f1->f8, Y: 1+R [O(n)]
  15: f1->f8, Z: inf [Infinity]
  16: f1->f8, A: inf [Infinity]
  16: f1->f8, A1: inf [Infinity]
  16: f1->f8, B: inf [Infinity]
  16: f1->f8, B1: inf [Infinity]
  16: f1->f8, C: inf [Infinity]
  16: f1->f8, C1: inf [Infinity]
  16: f1->f8, D: inf [Infinity]
  16: f1->f8, D1: inf [Infinity]
  16: f1->f8, E: inf [Infinity]
  16: f1->f8, E1: inf [Infinity]
  16: f1->f8, F: inf [Infinity]
  16: f1->f8, F1: inf [Infinity]
  16: f1->f8, G: max{G, -1+A1} [O(n)]
  16: f1->f8, G1: inf [Infinity]
  16: f1->f8, H: -1 [O(1)]
  16: f1->f8, H1: inf [Infinity]
  16: f1->f8, I: R [O(n)]
  16: f1->f8, I1: inf [Infinity]
  16: f1->f8, J: 0 [O(1)]
  16: f1->f8, J1: inf [Infinity]
  16: f1->f8, K: inf [Infinity]
  16: f1->f8, K1: inf [Infinity]
  16: f1->f8, L: -1 [O(1)]
  16: f1->f8, L1: inf [Infinity]
  16: f1->f8, M: -1 [O(1)]
  16: f1->f8, M1: inf [Infinity]
  16: f1->f8, N: 0 [O(1)]
  16: f1->f8, N1: inf [Infinity]
  16: f1->f8, O: -1 [O(1)]
  16: f1->f8, O1: inf [Infinity]
  16: f1->f8, P: -1 [O(1)]
  16: f1->f8, P1: inf [Infinity]
  16: f1->f8, Q: inf [Infinity]
  16: f1->f8, Q1: inf [Infinity]
  16: f1->f8, R: R [O(n)]
  16: f1->f8, S: S [O(n)]
  16: f1->f8, T: T [O(n)]
  16: f1->f8, U: Z [O(n)]
  16: f1->f8, V: inf [Infinity]
  16: f1->f8, W: inf [Infinity]
  16: f1->f8, X: D1 [O(n)]
  16: f1->f8, Y: 1+R [O(n)]
  16: f1->f8, Z: inf [Infinity]
  7: f8->f8, A: inf [Infinity]
  7: f8->f8, A1: inf [Infinity]
  7: f8->f8, B: inf [Infinity]
  7: f8->f8, B1: inf [Infinity]
  7: f8->f8, C: inf [Infinity]
  7: f8->f8, C1: inf [Infinity]
  7: f8->f8, D: inf [Infinity]
  7: f8->f8, D1: inf [Infinity]
  7: f8->f8, E: inf [Infinity]
  7: f8->f8, E1: inf [Infinity]
  7: f8->f8, F: inf [Infinity]
  7: f8->f8, F1: inf [Infinity]
  7: f8->f8, G: max{G, -1+A1} [O(n)]
  7: f8->f8, G1: inf [Infinity]
  7: f8->f8, H: inf [Infinity]
  7: f8->f8, H1: inf [Infinity]
  7: f8->f8, I: R [O(n)]
  7: f8->f8, I1: inf [Infinity]
  7: f8->f8, J: 0 [O(1)]
  7: f8->f8, J1: inf [Infinity]
  7: f8->f8, K: inf [Infinity]
  7: f8->f8, K1: inf [Infinity]
  7: f8->f8, L: inf [Infinity]
  7: f8->f8, L1: inf [Infinity]
  7: f8->f8, M: inf [Infinity]
  7: f8->f8, M1: inf [Infinity]
  7: f8->f8, N: 0 [O(1)]
  7: f8->f8, N1: inf [Infinity]
  7: f8->f8, O: inf [Infinity]
  7: f8->f8, O1: inf [Infinity]
  7: f8->f8, P: inf [Infinity]
  7: f8->f8, P1: inf [Infinity]
  7: f8->f8, Q: inf [Infinity]
  7: f8->f8, Q1: inf [Infinity]
  7: f8->f8, R: -1+R [O(n)]
  7: f8->f8, S: inf [Infinity]
  7: f8->f8, T: -1+R [O(n)]
  7: f8->f8, U: Z [O(n)]
  7: f8->f8, V: inf [Infinity]
  7: f8->f8, W: inf [Infinity]
  7: f8->f8, X: D1 [O(n)]
  7: f8->f8, Y: 1+R [O(n)]
  7: f8->f8, Z: inf [Infinity]
  8: f8->f8, A: inf [Infinity]
  8: f8->f8, A1: inf [Infinity]
  8: f8->f8, B: inf [Infinity]
  8: f8->f8, B1: inf [Infinity]
  8: f8->f8, C: inf [Infinity]
  8: f8->f8, C1: inf [Infinity]
  8: f8->f8, D: inf [Infinity]
  8: f8->f8, D1: inf [Infinity]
  8: f8->f8, E: inf [Infinity]
  8: f8->f8, E1: inf [Infinity]
  8: f8->f8, F: inf [Infinity]
  8: f8->f8, F1: inf [Infinity]
  8: f8->f8, G: max{G, -1+A1} [O(n)]
  8: f8->f8, G1: inf [Infinity]
  8: f8->f8, H: inf [Infinity]
  8: f8->f8, H1: inf [Infinity]
  8: f8->f8, I: R [O(n)]
  8: f8->f8, I1: inf [Infinity]
  8: f8->f8, J: 0 [O(1)]
  8: f8->f8, J1: inf [Infinity]
  8: f8->f8, K: inf [Infinity]
  8: f8->f8, K1: inf [Infinity]
  8: f8->f8, L: inf [Infinity]
  8: f8->f8, L1: inf [Infinity]
  8: f8->f8, M: inf [Infinity]
  8: f8->f8, M1: inf [Infinity]
  8: f8->f8, N: 0 [O(1)]
  8: f8->f8, N1: inf [Infinity]
  8: f8->f8, O: inf [Infinity]
  8: f8->f8, O1: inf [Infinity]
  8: f8->f8, P: inf [Infinity]
  8: f8->f8, P1: inf [Infinity]
  8: f8->f8, Q: inf [Infinity]
  8: f8->f8, Q1: inf [Infinity]
  8: f8->f8, R: -1+R [O(n)]
  8: f8->f8, S: inf [Infinity]
  8: f8->f8, T: -1+R [O(n)]
  8: f8->f8, U: Z [O(n)]
  8: f8->f8, V: inf [Infinity]
  8: f8->f8, W: inf [Infinity]
  8: f8->f8, X: D1 [O(n)]
  8: f8->f8, Y: 1+R [O(n)]
  8: f8->f8, Z: inf [Infinity]
  9: f8->f8, A: inf [Infinity]
  9: f8->f8, A1: inf [Infinity]
  9: f8->f8, B: inf [Infinity]
  9: f8->f8, B1: inf [Infinity]
  9: f8->f8, C: inf [Infinity]
  9: f8->f8, C1: inf [Infinity]
  9: f8->f8, D: inf [Infinity]
  9: f8->f8, D1: inf [Infinity]
  9: f8->f8, E: inf [Infinity]
  9: f8->f8, E1: inf [Infinity]
  9: f8->f8, F: inf [Infinity]
  9: f8->f8, F1: inf [Infinity]
  9: f8->f8, G: max{G, -1+A1} [O(n)]
  9: f8->f8, G1: inf [Infinity]
  9: f8->f8, H: inf [Infinity]
  9: f8->f8, H1: inf [Infinity]
  9: f8->f8, I: R [O(n)]
  9: f8->f8, I1: inf [Infinity]
  9: f8->f8, J: 0 [O(1)]
  9: f8->f8, J1: inf [Infinity]
  9: f8->f8, K: inf [Infinity]
  9: f8->f8, K1: inf [Infinity]
  9: f8->f8, L: inf [Infinity]
  9: f8->f8, L1: inf [Infinity]
  9: f8->f8, M: inf [Infinity]
  9: f8->f8, M1: inf [Infinity]
  9: f8->f8, N: 0 [O(1)]
  9: f8->f8, N1: inf [Infinity]
  9: f8->f8, O: inf [Infinity]
  9: f8->f8, O1: inf [Infinity]
  9: f8->f8, P: inf [Infinity]
  9: f8->f8, P1: inf [Infinity]
  9: f8->f8, Q: inf [Infinity]
  9: f8->f8, Q1: inf [Infinity]
  9: f8->f8, R: -1+R [O(n)]
  9: f8->f8, S: inf [Infinity]
  9: f8->f8, T: -1+R [O(n)]
  9: f8->f8, U: Z [O(n)]
  9: f8->f8, V: inf [Infinity]
  9: f8->f8, W: inf [Infinity]
  9: f8->f8, X: D1 [O(n)]
  9: f8->f8, Y: 1+R [O(n)]
  9: f8->f8, Z: inf [Infinity]
  10: f8->f8, A: inf [Infinity]
  10: f8->f8, A1: inf [Infinity]
  10: f8->f8, B: inf [Infinity]
  10: f8->f8, B1: inf [Infinity]
  10: f8->f8, C: inf [Infinity]
  10: f8->f8, C1: inf [Infinity]
  10: f8->f8, D: inf [Infinity]
  10: f8->f8, D1: inf [Infinity]
  10: f8->f8, E: inf [Infinity]
  10: f8->f8, E1: inf [Infinity]
  10: f8->f8, F: inf [Infinity]
  10: f8->f8, F1: inf [Infinity]
  10: f8->f8, G: max{G, -1+A1} [O(n)]
  10: f8->f8, G1: inf [Infinity]
  10: f8->f8, H: inf [Infinity]
  10: f8->f8, H1: inf [Infinity]
  10: f8->f8, I: R [O(n)]
  10: f8->f8, I1: inf [Infinity]
  10: f8->f8, J: 0 [O(1)]
  10: f8->f8, J1: inf [Infinity]
  10: f8->f8, K: inf [Infinity]
  10: f8->f8, K1: inf [Infinity]
  10: f8->f8, L: inf [Infinity]
  10: f8->f8, L1: inf [Infinity]
  10: f8->f8, M: inf [Infinity]
  10: f8->f8, M1: inf [Infinity]
  10: f8->f8, N: 0 [O(1)]
  10: f8->f8, N1: inf [Infinity]
  10: f8->f8, O: inf [Infinity]
  10: f8->f8, O1: inf [Infinity]
  10: f8->f8, P: inf [Infinity]
  10: f8->f8, P1: inf [Infinity]
  10: f8->f8, Q: inf [Infinity]
  10: f8->f8, Q1: inf [Infinity]
  10: f8->f8, R: -1+R [O(n)]
  10: f8->f8, S: inf [Infinity]
  10: f8->f8, T: -1+R [O(n)]
  10: f8->f8, U: Z [O(n)]
  10: f8->f8, V: inf [Infinity]
  10: f8->f8, W: inf [Infinity]
  10: f8->f8, X: D1 [O(n)]
  10: f8->f8, Y: 1+R [O(n)]
  10: f8->f8, Z: inf [Infinity]
  11: f8->f10, A: inf [Infinity]
  11: f8->f10, A1: inf [Infinity]
  11: f8->f10, B: inf [Infinity]
  11: f8->f10, B1: inf [Infinity]
  11: f8->f10, C: inf [Infinity]
  11: f8->f10, C1: inf [Infinity]
  11: f8->f10, D: inf [Infinity]
  11: f8->f10, D1: inf [Infinity]
  11: f8->f10, E: inf [Infinity]
  11: f8->f10, E1: inf [Infinity]
  11: f8->f10, F: inf [Infinity]
  11: f8->f10, F1: inf [Infinity]
  11: f8->f10, G: max{G, -1+A1} [O(n)]
  11: f8->f10, G1: inf [Infinity]
  11: f8->f10, H: inf [Infinity]
  11: f8->f10, H1: inf [Infinity]
  11: f8->f10, I: R [O(n)]
  11: f8->f10, I1: inf [Infinity]
  11: f8->f10, J: inf [Infinity]
  11: f8->f10, J1: inf [Infinity]
  11: f8->f10, K: inf [Infinity]
  11: f8->f10, K1: inf [Infinity]
  11: f8->f10, L: inf [Infinity]
  11: f8->f10, L1: inf [Infinity]
  11: f8->f10, M: inf [Infinity]
  11: f8->f10, M1: inf [Infinity]
  11: f8->f10, N: inf [Infinity]
  11: f8->f10, N1: inf [Infinity]
  11: f8->f10, O: inf [Infinity]
  11: f8->f10, O1: inf [Infinity]
  11: f8->f10, P: inf [Infinity]
  11: f8->f10, P1: inf [Infinity]
  11: f8->f10, Q: inf [Infinity]
  11: f8->f10, Q1: inf [Infinity]
  11: f8->f10, R: R [O(n)]
  11: f8->f10, S: inf [Infinity]
  11: f8->f10, T: max{T, -1+R} [O(n)]
  11: f8->f10, U: Z [O(n)]
  11: f8->f10, V: inf [Infinity]
  11: f8->f10, W: inf [Infinity]
  11: f8->f10, X: D1 [O(n)]
  11: f8->f10, Y: 1+R [O(n)]
  11: f8->f10, Z: inf [Infinity]
  12: f9->f10, A: B1 [O(n)]
  12: f9->f10, A1: inf [Infinity]
  12: f9->f10, B: D1 [O(n)]
  12: f9->f10, B1: inf [Infinity]
  12: f9->f10, C: C1 [O(n)]
  12: f9->f10, C1: inf [Infinity]
  12: f9->f10, D: K1 [O(n)]
  12: f9->f10, D1: inf [Infinity]
  12: f9->f10, E: H1 [O(n)]
  12: f9->f10, E1: inf [Infinity]
  12: f9->f10, F: F [O(n)]
  12: f9->f10, F1: inf [Infinity]
  12: f9->f10, G: G [O(n)]
  12: f9->f10, G1: inf [Infinity]
  12: f9->f10, H: P1 [O(n)]
  12: f9->f10, H1: inf [Infinity]
  12: f9->f10, I: I [O(n)]
  12: f9->f10, I1: inf [Infinity]
  12: f9->f10, J: O1 [O(n)]
  12: f9->f10, J1: inf [Infinity]
  12: f9->f10, K: 0 [O(1)]
  12: f9->f10, K1: inf [Infinity]
  12: f9->f10, L: 0 [O(1)]
  12: f9->f10, L1: inf [Infinity]
  12: f9->f10, M: L1 [O(n)]
  12: f9->f10, M1: inf [Infinity]
  12: f9->f10, N: M1 [O(n)]
  12: f9->f10, N1: inf [Infinity]
  12: f9->f10, O: N1 [O(n)]
  12: f9->f10, O1: inf [Infinity]
  12: f9->f10, P: Q1 [O(n)]
  12: f9->f10, P1: inf [Infinity]
  12: f9->f10, Q: F1 [O(n)]
  12: f9->f10, Q1: inf [Infinity]
  12: f9->f10, R: R [O(n)]
  12: f9->f10, S: S [O(n)]
  12: f9->f10, T: T [O(n)]
  12: f9->f10, U: Z [O(n)]
  12: f9->f10, V: E1 [O(n)]
  12: f9->f10, W: G1 [O(n)]
  12: f9->f10, X: X [O(n)]
  12: f9->f10, Y: Y [O(n)]
  12: f9->f10, Z: inf [Infinity]
  13: f9->f1, A: A1 [O(n)]
  13: f9->f1, A1: inf [Infinity]
  13: f9->f1, B: 2 [O(1)]
  13: f9->f1, B1: inf [Infinity]
  13: f9->f1, C: B1 [O(n)]
  13: f9->f1, C1: inf [Infinity]
  13: f9->f1, D: C1 [O(n)]
  13: f9->f1, D1: inf [Infinity]
  13: f9->f1, E: B1 [O(n)]
  13: f9->f1, E1: inf [Infinity]
  13: f9->f1, F: F [O(n)]
  13: f9->f1, F1: inf [Infinity]
  13: f9->f1, G: G [O(n)]
  13: f9->f1, G1: inf [Infinity]
  13: f9->f1, H: H [O(n)]
  13: f9->f1, H1: inf [Infinity]
  13: f9->f1, I: I [O(n)]
  13: f9->f1, I1: inf [Infinity]
  13: f9->f1, J: J [O(n)]
  13: f9->f1, J1: inf [Infinity]
  13: f9->f1, K: A1 [O(n)]
  13: f9->f1, K1: inf [Infinity]
  13: f9->f1, L: L [O(n)]
  13: f9->f1, L1: inf [Infinity]
  13: f9->f1, M: M [O(n)]
  13: f9->f1, M1: inf [Infinity]
  13: f9->f1, N: N [O(n)]
  13: f9->f1, N1: inf [Infinity]
  13: f9->f1, O: O [O(n)]
  13: f9->f1, O1: inf [Infinity]
  13: f9->f1, P: P [O(n)]
  13: f9->f1, P1: inf [Infinity]
  13: f9->f1, Q: Q [O(n)]
  13: f9->f1, Q1: inf [Infinity]
  13: f9->f1, R: R [O(n)]
  13: f9->f1, S: S [O(n)]
  13: f9->f1, T: T [O(n)]
  13: f9->f1, U: Z [O(n)]
  13: f9->f1, V: V [O(n)]
  13: f9->f1, W: B1 [O(n)]
  13: f9->f1, X: D1 [O(n)]
  13: f9->f1, Y: Y [O(n)]
  13: f9->f1, Z: inf [Infinity]
