Timebounds: 
  Overall timebound: 1+max{0, A-B}+max{0, B-A} [O(n)]
  0: f0->f0: max{0, B-A} [O(n)]
  1: f0->f0: max{0, A-B} [O(n)]
  2: start->f0: 1 [O(1)]

Costbounds:
  Overall costbound: 1+max{0, A-B}+max{0, B-A} [O(n)]
  0: f0->f0: max{0, B-A} [O(n)]
  1: f0->f0: max{0, A-B} [O(n)]
  2: start->f0: 1 [O(1)]

Sizebounds:
`Lower:
  0: f0->f0, A: A [O(n)]
  0: f0->f0, B: A [O(n)]
  1: f0->f0, A: 1 [O(1)]
  1: f0->f0, B: 1 [O(1)]
  2: start->f0, A: A [O(n)]
  2: start->f0, B: B [O(n)]
`Upper:
  0: f0->f0, A: -1 [O(1)]
  0: f0->f0, B: -1 [O(1)]
  1: f0->f0, A: A [O(n)]
  1: f0->f0, B: A [O(n)]
  2: start->f0, A: A [O(n)]
  2: start->f0, B: B [O(n)]
