Timebounds: 
  Overall timebound: inf [Infinity]
  18: f0->f15: 1 [O(1)]
  19: f0->f36: 1 [O(1)]
  20: f0->f36: 1 [O(1)]
  14: f15->f25: max{0, 1+Y} [O(n)]
  15: f15->f25: max{0, 1+Y} [O(n)]
  16: f15->f15: max{0, Y} [O(n)]
  17: f15->f31: 1 [O(1)]
  0: f25->f15: max{0, Y} [O(n)]
  1: f25->f15: max{0, 3*Y} [O(n)]
  4: f36->f45: 2*max{0, A1} [O(n)]
  13: f36->f61: 1 [O(1)]
  8: f45->f36: 2*max{0, -1+2*A1} [O(n)]
  7: f46->f36: 2*max{0, -1+2*A1} [O(n)]
  11: f46->f36: 2*max{0, -2+3*A1} [O(n)]

Costbounds:
  Overall costbound: inf [Infinity]
  18: f0->f15: 1 [O(1)]
  19: f0->f36: 1 [O(1)]
  20: f0->f36: 1 [O(1)]
  14: f15->f25: max{0, 1+Y} [O(n)]
  15: f15->f25: max{0, 1+Y} [O(n)]
  16: f15->f15: max{0, Y} [O(n)]
  17: f15->f31: 1 [O(1)]
  0: f25->f15: max{0, Y} [O(n)]
  1: f25->f15: max{0, 3*Y} [O(n)]
  2: f31->f31: inf [Infinity]
  4: f36->f45: 2*max{0, A1} [O(n)]
  13: f36->f61: 1 [O(1)]
  5: f45->f46: inf [Infinity]
  6: f45->f46: inf [Infinity]
  8: f45->f36: 2*max{0, -1+2*A1} [O(n)]
  7: f46->f36: 2*max{0, -1+2*A1} [O(n)]
  11: f46->f36: 2*max{0, -2+3*A1} [O(n)]
  12: f46->f45: inf [Infinity]
  9: f61->f61: inf [Infinity]

Sizebounds:
`Lower:
  18: f0->f15, A: A [O(n)]
  18: f0->f15, B: B [O(n)]
  18: f0->f15, C: 0 [O(1)]
  18: f0->f15, D: D [O(n)]
  18: f0->f15, E: E [O(n)]
  18: f0->f15, F: F [O(n)]
  18: f0->f15, G: 0 [O(1)]
  18: f0->f15, H: Z [O(n)]
  18: f0->f15, I: I [O(n)]
  18: f0->f15, J: J [O(n)]
  18: f0->f15, K: K [O(n)]
  18: f0->f15, L: L [O(n)]
  18: f0->f15, M: M [O(n)]
  18: f0->f15, N: N [O(n)]
  18: f0->f15, O: O [O(n)]
  18: f0->f15, P: P [O(n)]
  18: f0->f15, Q: 0 [O(1)]
  18: f0->f15, R: Y [O(n)]
  18: f0->f15, S: S [O(n)]
  18: f0->f15, T: T [O(n)]
  18: f0->f15, U: U [O(n)]
  18: f0->f15, V: V [O(n)]
  18: f0->f15, W: W [O(n)]
  18: f0->f15, X: 1 [O(1)]
  19: f0->f36, A: A [O(n)]
  19: f0->f36, B: B [O(n)]
  19: f0->f36, C: 1 [O(1)]
  19: f0->f36, D: D [O(n)]
  19: f0->f36, E: E [O(n)]
  19: f0->f36, F: F [O(n)]
  19: f0->f36, G: 0 [O(1)]
  19: f0->f36, H: A1 [O(n)]
  19: f0->f36, I: I [O(n)]
  19: f0->f36, J: J [O(n)]
  19: f0->f36, K: K [O(n)]
  19: f0->f36, L: L [O(n)]
  19: f0->f36, M: M [O(n)]
  19: f0->f36, N: N [O(n)]
  19: f0->f36, O: O [O(n)]
  19: f0->f36, P: P [O(n)]
  19: f0->f36, Q: 0 [O(1)]
  19: f0->f36, R: Z [O(n)]
  19: f0->f36, S: S [O(n)]
  19: f0->f36, T: T [O(n)]
  19: f0->f36, U: U [O(n)]
  19: f0->f36, V: V [O(n)]
  19: f0->f36, W: W [O(n)]
  19: f0->f36, X: Y [O(n)]
  20: f0->f36, A: A [O(n)]
  20: f0->f36, B: B [O(n)]
  20: f0->f36, C: 1 [O(1)]
  20: f0->f36, D: D [O(n)]
  20: f0->f36, E: E [O(n)]
  20: f0->f36, F: F [O(n)]
  20: f0->f36, G: 0 [O(1)]
  20: f0->f36, H: A1 [O(n)]
  20: f0->f36, I: I [O(n)]
  20: f0->f36, J: J [O(n)]
  20: f0->f36, K: K [O(n)]
  20: f0->f36, L: L [O(n)]
  20: f0->f36, M: M [O(n)]
  20: f0->f36, N: N [O(n)]
  20: f0->f36, O: O [O(n)]
  20: f0->f36, P: P [O(n)]
  20: f0->f36, Q: 0 [O(1)]
  20: f0->f36, R: Z [O(n)]
  20: f0->f36, S: S [O(n)]
  20: f0->f36, T: T [O(n)]
  20: f0->f36, U: U [O(n)]
  20: f0->f36, V: V [O(n)]
  20: f0->f36, W: W [O(n)]
  20: f0->f36, X: 2 [O(1)]
  14: f15->f25, A: -max{0, -A} [O(n)]
  14: f15->f25, C: 0 [O(1)]
  14: f15->f25, E: -max{0, -E} [O(n)]
  14: f15->f25, F: -max{0, -1, -F} [O(n)]
  14: f15->f25, G: 0 [O(1)]
  14: f15->f25, H: -max{0, -Z} [O(n)]
  14: f15->f25, I: -max{0, -I} [O(n)]
  14: f15->f25, J: -max{0, -J} [O(n)]
  14: f15->f25, K: -max{0, -K} [O(n)]
  14: f15->f25, L: -max{0, -L} [O(n)]
  14: f15->f25, M: -max{0, -M} [O(n)]
  14: f15->f25, N: -max{0, -N} [O(n)]
  14: f15->f25, O: -max{0, -O} [O(n)]
  14: f15->f25, P: -max{0, -P} [O(n)]
  14: f15->f25, Q: 0 [O(1)]
  14: f15->f25, R: -max{0, -Y} [O(n)]
  14: f15->f25, X: 1 [O(1)]
  15: f15->f25, A: -max{0, -A} [O(n)]
  15: f15->f25, C: 0 [O(1)]
  15: f15->f25, E: -max{0, -E} [O(n)]
  15: f15->f25, F: -max{0, -1, -F} [O(n)]
  15: f15->f25, G: 0 [O(1)]
  15: f15->f25, H: -max{0, -Z} [O(n)]
  15: f15->f25, I: -max{0, -I} [O(n)]
  15: f15->f25, J: -max{0, -J} [O(n)]
  15: f15->f25, K: -max{0, -K} [O(n)]
  15: f15->f25, L: -max{0, -L} [O(n)]
  15: f15->f25, M: -max{0, -M} [O(n)]
  15: f15->f25, N: -max{0, -N} [O(n)]
  15: f15->f25, O: -max{0, -O} [O(n)]
  15: f15->f25, P: -max{0, -P} [O(n)]
  15: f15->f25, Q: 0 [O(1)]
  15: f15->f25, R: -max{0, -Y} [O(n)]
  15: f15->f25, X: 1 [O(1)]
  16: f15->f15, A: -max{0, -A} [O(n)]
  16: f15->f15, C: 0 [O(1)]
  16: f15->f15, E: -max{0, -E} [O(n)]
  16: f15->f15, F: -max{0, -1, -F} [O(n)]
  16: f15->f15, G: 0 [O(1)]
  16: f15->f15, H: -max{0, -Z} [O(n)]
  16: f15->f15, I: -max{0, -I} [O(n)]
  16: f15->f15, J: -max{0, -J} [O(n)]
  16: f15->f15, K: -max{0, -K} [O(n)]
  16: f15->f15, L: -max{0, -L} [O(n)]
  16: f15->f15, M: -max{0, -M} [O(n)]
  16: f15->f15, N: -max{0, -N} [O(n)]
  16: f15->f15, O: -max{0, -O} [O(n)]
  16: f15->f15, P: -max{0, -P} [O(n)]
  16: f15->f15, Q: 0 [O(1)]
  16: f15->f15, R: -max{0, -Y} [O(n)]
  16: f15->f15, U: 0 [O(1)]
  16: f15->f15, V: 0 [O(1)]
  16: f15->f15, W: 0 [O(1)]
  16: f15->f15, X: 1 [O(1)]
  17: f15->f31, A: -max{0, -A} [O(n)]
  17: f15->f31, C: 0 [O(1)]
  17: f15->f31, E: -max{0, -E} [O(n)]
  17: f15->f31, F: -max{0, -1, -F} [O(n)]
  17: f15->f31, G: 0 [O(1)]
  17: f15->f31, H: -max{0, -Z} [O(n)]
  17: f15->f31, I: -max{0, -I} [O(n)]
  17: f15->f31, J: -max{0, -J} [O(n)]
  17: f15->f31, K: -max{0, -K} [O(n)]
  17: f15->f31, L: -max{0, -L} [O(n)]
  17: f15->f31, M: -max{0, -M} [O(n)]
  17: f15->f31, N: -max{0, -N} [O(n)]
  17: f15->f31, O: -max{0, -O} [O(n)]
  17: f15->f31, P: -max{0, -P} [O(n)]
  17: f15->f31, Q: 0 [O(1)]
  17: f15->f31, R: -max{0, -Y} [O(n)]
  17: f15->f31, X: 1 [O(1)]
  0: f25->f15, A: -max{0, -A} [O(n)]
  0: f25->f15, C: 0 [O(1)]
  0: f25->f15, E: -max{0, -E} [O(n)]
  0: f25->f15, F: -max{0, -1, -F} [O(n)]
  0: f25->f15, G: 0 [O(1)]
  0: f25->f15, H: -max{0, -Z} [O(n)]
  0: f25->f15, I: -max{0, -I} [O(n)]
  0: f25->f15, J: -max{0, -J} [O(n)]
  0: f25->f15, K: -max{0, -K} [O(n)]
  0: f25->f15, L: -max{0, -L} [O(n)]
  0: f25->f15, M: -max{0, -M} [O(n)]
  0: f25->f15, N: -max{0, -N} [O(n)]
  0: f25->f15, O: -max{0, -O} [O(n)]
  0: f25->f15, P: -max{0, -P} [O(n)]
  0: f25->f15, Q: 0 [O(1)]
  0: f25->f15, R: -max{0, -Y} [O(n)]
  0: f25->f15, X: 1 [O(1)]
  1: f25->f15, A: -max{0, -A} [O(n)]
  1: f25->f15, C: 0 [O(1)]
  1: f25->f15, E: 0 [O(1)]
  1: f25->f15, F: 1 [O(1)]
  1: f25->f15, G: 0 [O(1)]
  1: f25->f15, H: -max{0, -Z} [O(n)]
  1: f25->f15, I: -max{0, -I} [O(n)]
  1: f25->f15, J: -max{0, -J} [O(n)]
  1: f25->f15, K: -max{0, -K} [O(n)]
  1: f25->f15, L: -max{0, -L} [O(n)]
  1: f25->f15, M: -max{0, -M} [O(n)]
  1: f25->f15, N: -max{0, -N} [O(n)]
  1: f25->f15, O: -max{0, -O} [O(n)]
  1: f25->f15, P: -max{0, -P} [O(n)]
  1: f25->f15, Q: 0 [O(1)]
  1: f25->f15, R: -max{0, -Y} [O(n)]
  1: f25->f15, X: 1 [O(1)]
  2: f31->f31, A: -max{0, -A} [O(n)]
  2: f31->f31, C: 0 [O(1)]
  2: f31->f31, E: -max{0, -E} [O(n)]
  2: f31->f31, F: -max{0, -1, -F} [O(n)]
  2: f31->f31, G: 0 [O(1)]
  2: f31->f31, H: -max{0, -Z} [O(n)]
  2: f31->f31, I: -max{0, -I} [O(n)]
  2: f31->f31, J: -max{0, -J} [O(n)]
  2: f31->f31, K: -max{0, -K} [O(n)]
  2: f31->f31, L: -max{0, -L} [O(n)]
  2: f31->f31, M: -max{0, -M} [O(n)]
  2: f31->f31, N: -max{0, -N} [O(n)]
  2: f31->f31, O: -max{0, -O} [O(n)]
  2: f31->f31, P: -max{0, -P} [O(n)]
  2: f31->f31, Q: 0 [O(1)]
  2: f31->f31, X: 1 [O(1)]
  4: f36->f45, A: -max{0, -A} [O(n)]
  4: f36->f45, C: 0 [O(1)]
  4: f36->f45, E: -max{0, -E} [O(n)]
  4: f36->f45, F: -max{0, -F} [O(n)]
  4: f36->f45, G: 0 [O(1)]
  4: f36->f45, H: -max{0, -A1} [O(n)]
  4: f36->f45, Q: 0 [O(1)]
  4: f36->f45, R: -max{0, -Z} [O(n)]
  4: f36->f45, S: -max{0, -S} [O(n)]
  4: f36->f45, T: -max{0, -T} [O(n)]
  4: f36->f45, U: -max{0, -U} [O(n)]
  4: f36->f45, V: -max{0, -V} [O(n)]
  4: f36->f45, W: -max{0, -W} [O(n)]
  4: f36->f45, X: -max{0, -2, -Y} [O(n)]
  13: f36->f61, A: -max{0, -A} [O(n)]
  13: f36->f61, C: 1 [O(1)]
  13: f36->f61, E: -max{0, -E} [O(n)]
  13: f36->f61, F: -max{0, -F} [O(n)]
  13: f36->f61, G: 0 [O(1)]
  13: f36->f61, H: -max{0, -A1} [O(n)]
  13: f36->f61, Q: 0 [O(1)]
  13: f36->f61, R: -max{0, -Z} [O(n)]
  13: f36->f61, S: -max{0, -S} [O(n)]
  13: f36->f61, T: -max{0, -T} [O(n)]
  13: f36->f61, U: -max{0, -U} [O(n)]
  13: f36->f61, V: -max{0, -V} [O(n)]
  13: f36->f61, W: -max{0, -W} [O(n)]
  13: f36->f61, X: -max{-2, 0, -Y} [O(n)]
  5: f45->f46, A: -max{0, -A} [O(n)]
  5: f45->f46, C: 0 [O(1)]
  5: f45->f46, E: -max{0, -E} [O(n)]
  5: f45->f46, F: -max{0, -F} [O(n)]
  5: f45->f46, G: 0 [O(1)]
  5: f45->f46, H: -max{0, -A1} [O(n)]
  5: f45->f46, Q: 0 [O(1)]
  5: f45->f46, R: -max{0, -Z} [O(n)]
  5: f45->f46, S: -max{0, -S} [O(n)]
  5: f45->f46, T: -max{0, -T} [O(n)]
  5: f45->f46, U: -max{0, -U} [O(n)]
  5: f45->f46, V: -max{0, -V} [O(n)]
  5: f45->f46, W: -max{0, -W} [O(n)]
  5: f45->f46, X: -max{0, -2, -Y} [O(n)]
  6: f45->f46, A: -max{0, -A} [O(n)]
  6: f45->f46, C: 0 [O(1)]
  6: f45->f46, E: -max{0, -E} [O(n)]
  6: f45->f46, F: -max{0, -F} [O(n)]
  6: f45->f46, G: 0 [O(1)]
  6: f45->f46, H: -max{0, -A1} [O(n)]
  6: f45->f46, Q: 0 [O(1)]
  6: f45->f46, R: -max{0, -Z} [O(n)]
  6: f45->f46, S: -max{0, -S} [O(n)]
  6: f45->f46, T: -max{0, -T} [O(n)]
  6: f45->f46, U: -max{0, -U} [O(n)]
  6: f45->f46, V: -max{0, -V} [O(n)]
  6: f45->f46, W: -max{0, -W} [O(n)]
  6: f45->f46, X: -max{0, -2, -Y} [O(n)]
  8: f45->f36, A: -max{0, -A} [O(n)]
  8: f45->f36, C: 0 [O(1)]
  8: f45->f36, E: -max{0, -E} [O(n)]
  8: f45->f36, F: -max{0, -F} [O(n)]
  8: f45->f36, G: 0 [O(1)]
  8: f45->f36, H: -max{0, -A1} [O(n)]
  8: f45->f36, L: 0 [O(1)]
  8: f45->f36, M: 0 [O(1)]
  8: f45->f36, N: 0 [O(1)]
  8: f45->f36, Q: 0 [O(1)]
  8: f45->f36, R: -max{0, -Z} [O(n)]
  8: f45->f36, S: -max{0, -S} [O(n)]
  8: f45->f36, T: -max{0, -T} [O(n)]
  8: f45->f36, U: -max{0, -U} [O(n)]
  8: f45->f36, V: -max{0, -V} [O(n)]
  8: f45->f36, W: -max{0, -W} [O(n)]
  8: f45->f36, X: -max{0, -2, -Y} [O(n)]
  7: f46->f36, A: -max{0, -A} [O(n)]
  7: f46->f36, C: 0 [O(1)]
  7: f46->f36, E: -max{0, -E} [O(n)]
  7: f46->f36, F: -max{0, -F} [O(n)]
  7: f46->f36, G: 0 [O(1)]
  7: f46->f36, H: -max{0, -A1} [O(n)]
  7: f46->f36, Q: 0 [O(1)]
  7: f46->f36, R: -max{0, -Z} [O(n)]
  7: f46->f36, S: -max{0, -S} [O(n)]
  7: f46->f36, T: -max{0, -T} [O(n)]
  7: f46->f36, U: -max{0, -U} [O(n)]
  7: f46->f36, V: -max{0, -V} [O(n)]
  7: f46->f36, W: -max{0, -W} [O(n)]
  7: f46->f36, X: -max{0, -2, -Y} [O(n)]
  11: f46->f36, A: -max{0, -A} [O(n)]
  11: f46->f36, C: 0 [O(1)]
  11: f46->f36, E: 0 [O(1)]
  11: f46->f36, F: -max{0, -F} [O(n)]
  11: f46->f36, G: 0 [O(1)]
  11: f46->f36, H: -max{0, -A1} [O(n)]
  11: f46->f36, Q: 0 [O(1)]
  11: f46->f36, R: -max{0, -Z} [O(n)]
  11: f46->f36, S: -max{0, -S} [O(n)]
  11: f46->f36, T: -max{0, -T} [O(n)]
  11: f46->f36, U: -max{0, -U} [O(n)]
  11: f46->f36, V: -max{0, -V} [O(n)]
  11: f46->f36, W: -max{0, -W} [O(n)]
  11: f46->f36, X: -max{0, -2, -Y} [O(n)]
  12: f46->f45, A: -max{0, -A} [O(n)]
  12: f46->f45, C: 0 [O(1)]
  12: f46->f45, E: -max{0, -E} [O(n)]
  12: f46->f45, F: -max{0, -F} [O(n)]
  12: f46->f45, G: 0 [O(1)]
  12: f46->f45, H: -max{0, -A1} [O(n)]
  12: f46->f45, Q: 0 [O(1)]
  12: f46->f45, R: -max{0, -Z} [O(n)]
  12: f46->f45, S: -max{0, -S} [O(n)]
  12: f46->f45, T: -max{0, -T} [O(n)]
  12: f46->f45, U: -max{0, -U} [O(n)]
  12: f46->f45, V: -max{0, -V} [O(n)]
  12: f46->f45, W: -max{0, -W} [O(n)]
  12: f46->f45, X: -max{0, -2, -Y} [O(n)]
  9: f61->f61, A: -max{0, -A} [O(n)]
  9: f61->f61, C: 0 [O(1)]
  9: f61->f61, E: -max{0, -E} [O(n)]
  9: f61->f61, F: -max{0, -F} [O(n)]
  9: f61->f61, G: 0 [O(1)]
  9: f61->f61, Q: 0 [O(1)]
  9: f61->f61, R: -max{0, -Z} [O(n)]
  9: f61->f61, S: -max{0, -S} [O(n)]
  9: f61->f61, T: -max{0, -T} [O(n)]
  9: f61->f61, U: -max{0, -U} [O(n)]
  9: f61->f61, V: -max{0, -V} [O(n)]
  9: f61->f61, W: -max{0, -W} [O(n)]
  9: f61->f61, X: -max{-2, 0, -Y} [O(n)]
`Upper:
  18: f0->f15, A: A [O(n)]
  18: f0->f15, B: B [O(n)]
  18: f0->f15, C: 0 [O(1)]
  18: f0->f15, D: D [O(n)]
  18: f0->f15, E: E [O(n)]
  18: f0->f15, F: F [O(n)]
  18: f0->f15, G: 0 [O(1)]
  18: f0->f15, H: Z [O(n)]
  18: f0->f15, I: I [O(n)]
  18: f0->f15, J: J [O(n)]
  18: f0->f15, K: K [O(n)]
  18: f0->f15, L: L [O(n)]
  18: f0->f15, M: M [O(n)]
  18: f0->f15, N: N [O(n)]
  18: f0->f15, O: O [O(n)]
  18: f0->f15, P: P [O(n)]
  18: f0->f15, Q: 0 [O(1)]
  18: f0->f15, R: Y [O(n)]
  18: f0->f15, S: S [O(n)]
  18: f0->f15, T: T [O(n)]
  18: f0->f15, U: U [O(n)]
  18: f0->f15, V: V [O(n)]
  18: f0->f15, W: W [O(n)]
  18: f0->f15, X: 1 [O(1)]
  19: f0->f36, A: A [O(n)]
  19: f0->f36, B: B [O(n)]
  19: f0->f36, C: 1 [O(1)]
  19: f0->f36, D: D [O(n)]
  19: f0->f36, E: E [O(n)]
  19: f0->f36, F: F [O(n)]
  19: f0->f36, G: 0 [O(1)]
  19: f0->f36, H: A1 [O(n)]
  19: f0->f36, I: I [O(n)]
  19: f0->f36, J: J [O(n)]
  19: f0->f36, K: K [O(n)]
  19: f0->f36, L: L [O(n)]
  19: f0->f36, M: M [O(n)]
  19: f0->f36, N: N [O(n)]
  19: f0->f36, O: O [O(n)]
  19: f0->f36, P: P [O(n)]
  19: f0->f36, Q: 0 [O(1)]
  19: f0->f36, R: Z [O(n)]
  19: f0->f36, S: S [O(n)]
  19: f0->f36, T: T [O(n)]
  19: f0->f36, U: U [O(n)]
  19: f0->f36, V: V [O(n)]
  19: f0->f36, W: W [O(n)]
  19: f0->f36, X: 0 [O(1)]
  20: f0->f36, A: A [O(n)]
  20: f0->f36, B: B [O(n)]
  20: f0->f36, C: 1 [O(1)]
  20: f0->f36, D: D [O(n)]
  20: f0->f36, E: E [O(n)]
  20: f0->f36, F: F [O(n)]
  20: f0->f36, G: 0 [O(1)]
  20: f0->f36, H: A1 [O(n)]
  20: f0->f36, I: I [O(n)]
  20: f0->f36, J: J [O(n)]
  20: f0->f36, K: K [O(n)]
  20: f0->f36, L: L [O(n)]
  20: f0->f36, M: M [O(n)]
  20: f0->f36, N: N [O(n)]
  20: f0->f36, O: O [O(n)]
  20: f0->f36, P: P [O(n)]
  20: f0->f36, Q: 0 [O(1)]
  20: f0->f36, R: Z [O(n)]
  20: f0->f36, S: S [O(n)]
  20: f0->f36, T: T [O(n)]
  20: f0->f36, U: U [O(n)]
  20: f0->f36, V: V [O(n)]
  20: f0->f36, W: W [O(n)]
  20: f0->f36, X: Y [O(n)]
  14: f15->f25, A: max{0, A} [O(n)]
  14: f15->f25, B: max{0, -1, max{-1, -1, max{B, B, max{B, -1+A}}}} [O(n)]
  14: f15->f25, C: max{0, 3*Y}+max{0, Y}+max{0, Y} [O(n)]
  14: f15->f25, E: max{0, E} [O(n)]
  14: f15->f25, F: max{1, F} [O(n)]
  14: f15->f25, G: 0 [O(1)]
  14: f15->f25, H: max{0, Z} [O(n)]
  14: f15->f25, I: max{0, I} [O(n)]
  14: f15->f25, J: max{0, J} [O(n)]
  14: f15->f25, K: max{0, K} [O(n)]
  14: f15->f25, L: max{0, L} [O(n)]
  14: f15->f25, M: max{0, M} [O(n)]
  14: f15->f25, N: max{0, N} [O(n)]
  14: f15->f25, O: max{0, O} [O(n)]
  14: f15->f25, P: max{0, P} [O(n)]
  14: f15->f25, Q: 0 [O(1)]
  14: f15->f25, R: max{0, Y} [O(n)]
  14: f15->f25, U: -1 [O(1)]
  14: f15->f25, V: -1 [O(1)]
  14: f15->f25, W: -1 [O(1)]
  14: f15->f25, X: 1 [O(1)]
  15: f15->f25, A: max{0, A} [O(n)]
  15: f15->f25, B: max{0, -1, max{-1, -1, max{B, B, max{B, -1+A}}}} [O(n)]
  15: f15->f25, C: max{0, 3*Y}+max{0, Y}+max{0, Y} [O(n)]
  15: f15->f25, E: max{0, E} [O(n)]
  15: f15->f25, F: max{1, F} [O(n)]
  15: f15->f25, G: 0 [O(1)]
  15: f15->f25, H: max{0, Z} [O(n)]
  15: f15->f25, I: max{0, I} [O(n)]
  15: f15->f25, J: max{0, J} [O(n)]
  15: f15->f25, K: max{0, K} [O(n)]
  15: f15->f25, L: max{0, L} [O(n)]
  15: f15->f25, M: max{0, M} [O(n)]
  15: f15->f25, N: max{0, N} [O(n)]
  15: f15->f25, O: max{0, O} [O(n)]
  15: f15->f25, P: max{0, P} [O(n)]
  15: f15->f25, Q: 0 [O(1)]
  15: f15->f25, R: max{0, Y} [O(n)]
  15: f15->f25, X: 1 [O(1)]
  16: f15->f15, A: max{0, A} [O(n)]
  16: f15->f15, B: max{0, -1, max{-1, -1, max{B, B, max{B, -1+A}}}} [O(n)]
  16: f15->f15, C: max{0, 3*Y}+max{0, Y}+max{0, Y} [O(n)]
  16: f15->f15, E: max{0, E} [O(n)]
  16: f15->f15, F: max{1, F} [O(n)]
  16: f15->f15, G: 0 [O(1)]
  16: f15->f15, H: max{0, Z} [O(n)]
  16: f15->f15, I: max{0, I} [O(n)]
  16: f15->f15, J: max{0, J} [O(n)]
  16: f15->f15, K: max{0, K} [O(n)]
  16: f15->f15, L: max{0, L} [O(n)]
  16: f15->f15, M: max{0, M} [O(n)]
  16: f15->f15, N: max{0, N} [O(n)]
  16: f15->f15, O: max{0, O} [O(n)]
  16: f15->f15, P: max{0, P} [O(n)]
  16: f15->f15, Q: 0 [O(1)]
  16: f15->f15, R: max{0, Y} [O(n)]
  16: f15->f15, U: 0 [O(1)]
  16: f15->f15, V: 0 [O(1)]
  16: f15->f15, W: 0 [O(1)]
  16: f15->f15, X: 1 [O(1)]
  17: f15->f31, A: max{0, A} [O(n)]
  17: f15->f31, B: max{-1, -1, max{-1, -1, max{-1, 0, max{-1, -1, max{B, B, max{B, B, max{B, B, max{B, -1+A}}}}}}}} [O(n)]
  17: f15->f31, C: max{0, max{0, 3*Y}+max{0, Y}+max{0, Y}} [O(n)]
  17: f15->f31, E: max{0, E} [O(n)]
  17: f15->f31, F: max{1, F} [O(n)]
  17: f15->f31, G: 0 [O(1)]
  17: f15->f31, H: max{0, Z} [O(n)]
  17: f15->f31, I: max{0, I} [O(n)]
  17: f15->f31, J: max{0, J} [O(n)]
  17: f15->f31, K: max{0, K} [O(n)]
  17: f15->f31, L: max{0, L} [O(n)]
  17: f15->f31, M: max{0, M} [O(n)]
  17: f15->f31, N: max{0, N} [O(n)]
  17: f15->f31, O: max{0, O} [O(n)]
  17: f15->f31, P: max{0, P} [O(n)]
  17: f15->f31, Q: 0 [O(1)]
  17: f15->f31, R: max{0, max{0, 3*Y}+max{0, Y}+max{0, Y}} [O(n)]
  17: f15->f31, X: 1 [O(1)]
  0: f25->f15, A: max{0, A} [O(n)]
  0: f25->f15, B: max{-1, -1+A} [O(n)]
  0: f25->f15, C: max{0, 3*Y}+max{0, Y}+max{0, Y} [O(n)]
  0: f25->f15, E: max{0, E} [O(n)]
  0: f25->f15, F: max{1, F} [O(n)]
  0: f25->f15, G: 0 [O(1)]
  0: f25->f15, H: max{0, Z} [O(n)]
  0: f25->f15, I: max{0, I} [O(n)]
  0: f25->f15, J: max{0, J} [O(n)]
  0: f25->f15, K: max{0, K} [O(n)]
  0: f25->f15, L: max{0, L} [O(n)]
  0: f25->f15, M: max{0, M} [O(n)]
  0: f25->f15, N: max{0, N} [O(n)]
  0: f25->f15, O: max{0, O} [O(n)]
  0: f25->f15, P: max{0, P} [O(n)]
  0: f25->f15, Q: 0 [O(1)]
  0: f25->f15, R: max{0, Y} [O(n)]
  0: f25->f15, X: 1 [O(1)]
  1: f25->f15, A: max{0, A} [O(n)]
  1: f25->f15, B: max{0, -1, max{-1, -1, max{B, B, max{B, -1+A}}}} [O(n)]
  1: f25->f15, C: max{0, 3*Y}+max{0, Y}+max{0, Y} [O(n)]
  1: f25->f15, E: 0 [O(1)]
  1: f25->f15, F: 1 [O(1)]
  1: f25->f15, G: 0 [O(1)]
  1: f25->f15, H: max{0, Z} [O(n)]
  1: f25->f15, I: max{0, I} [O(n)]
  1: f25->f15, J: max{0, J} [O(n)]
  1: f25->f15, K: max{0, K} [O(n)]
  1: f25->f15, L: max{0, L} [O(n)]
  1: f25->f15, M: max{0, M} [O(n)]
  1: f25->f15, N: max{0, N} [O(n)]
  1: f25->f15, O: max{0, O} [O(n)]
  1: f25->f15, P: max{0, P} [O(n)]
  1: f25->f15, Q: 0 [O(1)]
  1: f25->f15, R: max{0, Y} [O(n)]
  1: f25->f15, X: 1 [O(1)]
  2: f31->f31, A: max{0, A} [O(n)]
  2: f31->f31, B: max{-1, -1, max{-1, -1, max{-1, 0, max{-1, -1, max{B, B, max{B, B, max{B, B, max{B, -1+A}}}}}}}} [O(n)]
  2: f31->f31, C: max{0, max{0, 3*Y}+max{0, Y}+max{0, Y}} [O(n)]
  2: f31->f31, E: max{0, E} [O(n)]
  2: f31->f31, F: max{1, F} [O(n)]
  2: f31->f31, G: 0 [O(1)]
  2: f31->f31, H: max{0, Z} [O(n)]
  2: f31->f31, I: max{0, I} [O(n)]
  2: f31->f31, J: max{0, J} [O(n)]
  2: f31->f31, K: max{0, K} [O(n)]
  2: f31->f31, L: max{0, L} [O(n)]
  2: f31->f31, M: max{0, M} [O(n)]
  2: f31->f31, N: max{0, N} [O(n)]
  2: f31->f31, O: max{0, O} [O(n)]
  2: f31->f31, P: max{0, P} [O(n)]
  2: f31->f31, Q: 0 [O(1)]
  2: f31->f31, R: max{0, max{0, 3*Y}+max{0, Y}+max{0, Y}} [O(n)]
  2: f31->f31, X: 1 [O(1)]
  4: f36->f45, A: max{0, A} [O(n)]
  4: f36->f45, B: max{0, -1, max{B, -1+A}} [O(n)]
  4: f36->f45, C: 1+2*max{0, -2+3*A1}+2*max{0, -1+2*A1}+2*max{0, -1+2*A1} [O(n)]
  4: f36->f45, E: max{0, E} [O(n)]
  4: f36->f45, F: max{0, F} [O(n)]
  4: f36->f45, G: 0 [O(1)]
  4: f36->f45, H: max{0, A1} [O(n)]
  4: f36->f45, Q: 0 [O(1)]
  4: f36->f45, R: max{0, Z} [O(n)]
  4: f36->f45, S: max{0, S} [O(n)]
  4: f36->f45, T: max{0, T} [O(n)]
  4: f36->f45, U: max{0, U} [O(n)]
  4: f36->f45, V: max{0, V} [O(n)]
  4: f36->f45, W: max{0, W} [O(n)]
  4: f36->f45, X: max{0, Y} [O(n)]
  13: f36->f61, A: max{0, A} [O(n)]
  13: f36->f61, B: max{0, -1, max{-1, -1, max{B, B, max{B, B, -1+A}}}} [O(n)]
  13: f36->f61, C: max{1, 1+2*max{0, -2+3*A1}+2*max{0, -1+2*A1}+2*max{0, -1+2*A1}} [O(n)]
  13: f36->f61, E: max{0, E} [O(n)]
  13: f36->f61, F: max{0, F} [O(n)]
  13: f36->f61, G: 0 [O(1)]
  13: f36->f61, H: max{0, 2*max{0, -2+3*A1}+2*max{0, -1+2*A1}+2*max{0, -1+2*A1}} [O(n)]
  13: f36->f61, Q: 0 [O(1)]
  13: f36->f61, R: max{0, Z} [O(n)]
  13: f36->f61, S: max{0, S} [O(n)]
  13: f36->f61, T: max{0, T} [O(n)]
  13: f36->f61, U: max{0, U} [O(n)]
  13: f36->f61, V: max{0, V} [O(n)]
  13: f36->f61, W: max{0, W} [O(n)]
  13: f36->f61, X: max{0, Y} [O(n)]
  5: f45->f46, A: max{0, A} [O(n)]
  5: f45->f46, B: max{0, -1, max{B, -1+A}} [O(n)]
  5: f45->f46, C: 1+2*max{0, -2+3*A1}+2*max{0, -1+2*A1}+2*max{0, -1+2*A1} [O(n)]
  5: f45->f46, E: max{0, E} [O(n)]
  5: f45->f46, F: max{0, F} [O(n)]
  5: f45->f46, G: 0 [O(1)]
  5: f45->f46, H: max{0, A1} [O(n)]
  5: f45->f46, L: -1 [O(1)]
  5: f45->f46, M: -1 [O(1)]
  5: f45->f46, N: -1 [O(1)]
  5: f45->f46, Q: 0 [O(1)]
  5: f45->f46, R: max{0, Z} [O(n)]
  5: f45->f46, S: max{0, S} [O(n)]
  5: f45->f46, T: max{0, T} [O(n)]
  5: f45->f46, U: max{0, U} [O(n)]
  5: f45->f46, V: max{0, V} [O(n)]
  5: f45->f46, W: max{0, W} [O(n)]
  5: f45->f46, X: max{0, Y} [O(n)]
  6: f45->f46, A: max{0, A} [O(n)]
  6: f45->f46, B: max{0, -1, max{B, -1+A}} [O(n)]
  6: f45->f46, C: 1+2*max{0, -2+3*A1}+2*max{0, -1+2*A1}+2*max{0, -1+2*A1} [O(n)]
  6: f45->f46, E: max{0, E} [O(n)]
  6: f45->f46, F: max{0, F} [O(n)]
  6: f45->f46, G: 0 [O(1)]
  6: f45->f46, H: max{0, A1} [O(n)]
  6: f45->f46, Q: 0 [O(1)]
  6: f45->f46, R: max{0, Z} [O(n)]
  6: f45->f46, S: max{0, S} [O(n)]
  6: f45->f46, T: max{0, T} [O(n)]
  6: f45->f46, U: max{0, U} [O(n)]
  6: f45->f46, V: max{0, V} [O(n)]
  6: f45->f46, W: max{0, W} [O(n)]
  6: f45->f46, X: max{0, Y} [O(n)]
  8: f45->f36, A: max{0, A} [O(n)]
  8: f45->f36, B: max{0, -1, max{B, -1+A}} [O(n)]
  8: f45->f36, C: 1+2*max{0, -2+3*A1}+2*max{0, -1+2*A1}+2*max{0, -1+2*A1} [O(n)]
  8: f45->f36, E: max{0, E} [O(n)]
  8: f45->f36, F: max{0, F} [O(n)]
  8: f45->f36, G: 0 [O(1)]
  8: f45->f36, H: max{0, A1} [O(n)]
  8: f45->f36, L: 0 [O(1)]
  8: f45->f36, M: 0 [O(1)]
  8: f45->f36, N: 0 [O(1)]
  8: f45->f36, Q: 0 [O(1)]
  8: f45->f36, R: max{0, Z} [O(n)]
  8: f45->f36, S: max{0, S} [O(n)]
  8: f45->f36, T: max{0, T} [O(n)]
  8: f45->f36, U: max{0, U} [O(n)]
  8: f45->f36, V: max{0, V} [O(n)]
  8: f45->f36, W: max{0, W} [O(n)]
  8: f45->f36, X: max{0, Y} [O(n)]
  7: f46->f36, A: max{0, A} [O(n)]
  7: f46->f36, B: max{-1, -1+A} [O(n)]
  7: f46->f36, C: 1+2*max{0, -2+3*A1}+2*max{0, -1+2*A1}+2*max{0, -1+2*A1} [O(n)]
  7: f46->f36, E: max{0, E} [O(n)]
  7: f46->f36, F: max{0, F} [O(n)]
  7: f46->f36, G: 0 [O(1)]
  7: f46->f36, H: max{0, A1} [O(n)]
  7: f46->f36, Q: 0 [O(1)]
  7: f46->f36, R: max{0, Z} [O(n)]
  7: f46->f36, S: max{0, S} [O(n)]
  7: f46->f36, T: max{0, T} [O(n)]
  7: f46->f36, U: max{0, U} [O(n)]
  7: f46->f36, V: max{0, V} [O(n)]
  7: f46->f36, W: max{0, W} [O(n)]
  7: f46->f36, X: max{0, Y} [O(n)]
  11: f46->f36, A: max{0, A} [O(n)]
  11: f46->f36, B: max{0, -1, max{B, -1+A}} [O(n)]
  11: f46->f36, C: 1+2*max{0, -2+3*A1}+2*max{0, -1+2*A1}+2*max{0, -1+2*A1} [O(n)]
  11: f46->f36, E: 0 [O(1)]
  11: f46->f36, F: max{0, F} [O(n)]
  11: f46->f36, G: 0 [O(1)]
  11: f46->f36, H: max{0, A1} [O(n)]
  11: f46->f36, Q: 0 [O(1)]
  11: f46->f36, R: max{0, Z} [O(n)]
  11: f46->f36, S: max{0, S} [O(n)]
  11: f46->f36, T: max{0, T} [O(n)]
  11: f46->f36, U: max{0, U} [O(n)]
  11: f46->f36, V: max{0, V} [O(n)]
  11: f46->f36, W: max{0, W} [O(n)]
  11: f46->f36, X: max{0, Y} [O(n)]
  12: f46->f45, A: max{0, A} [O(n)]
  12: f46->f45, B: max{0, -1, max{B, -1+A}} [O(n)]
  12: f46->f45, C: 1+2*max{0, -2+3*A1}+2*max{0, -1+2*A1}+2*max{0, -1+2*A1} [O(n)]
  12: f46->f45, E: max{0, E} [O(n)]
  12: f46->f45, F: max{0, F} [O(n)]
  12: f46->f45, G: 0 [O(1)]
  12: f46->f45, H: max{0, A1} [O(n)]
  12: f46->f45, Q: 0 [O(1)]
  12: f46->f45, R: max{0, Z} [O(n)]
  12: f46->f45, S: max{0, S} [O(n)]
  12: f46->f45, T: max{0, T} [O(n)]
  12: f46->f45, U: max{0, U} [O(n)]
  12: f46->f45, V: max{0, V} [O(n)]
  12: f46->f45, W: max{0, W} [O(n)]
  12: f46->f45, X: max{0, Y} [O(n)]
  9: f61->f61, A: max{0, A} [O(n)]
  9: f61->f61, B: max{0, -1, max{-1, -1, max{B, B, max{B, B, -1+A}}}} [O(n)]
  9: f61->f61, C: max{1, 1+2*max{0, -2+3*A1}+2*max{0, -1+2*A1}+2*max{0, -1+2*A1}} [O(n)]
  9: f61->f61, E: max{0, E} [O(n)]
  9: f61->f61, F: max{0, F} [O(n)]
  9: f61->f61, G: 0 [O(1)]
  9: f61->f61, H: max{0, 2*max{0, -2+3*A1}+2*max{0, -1+2*A1}+2*max{0, -1+2*A1}} [O(n)]
  9: f61->f61, Q: 0 [O(1)]
  9: f61->f61, R: max{0, Z} [O(n)]
  9: f61->f61, S: max{0, S} [O(n)]
  9: f61->f61, T: max{0, T} [O(n)]
  9: f61->f61, U: max{0, U} [O(n)]
  9: f61->f61, V: max{0, V} [O(n)]
  9: f61->f61, W: max{0, W} [O(n)]
  9: f61->f61, X: max{0, Y} [O(n)]
