Timebounds: 
  Overall timebound: 1 [O(1)]
  0: f0->f7: 1 [O(1)]

Costbounds:
  Overall costbound: 1 [O(1)]
  0: f0->f7: 1 [O(1)]

Sizebounds:
`Lower:
  0: f0->f7, A: 0 [O(1)]
  0: f0->f7, B: 0 [O(1)]
  0: f0->f7, C: F [O(n)]
  0: f0->f7, D: G [O(n)]
  0: f0->f7, E: H [O(n)]
  0: f0->f7, F: -inf [Infinity]
  0: f0->f7, G: -inf [Infinity]
  0: f0->f7, H: -inf [Infinity]
`Upper:
  0: f0->f7, A: 0 [O(1)]
  0: f0->f7, B: 0 [O(1)]
  0: f0->f7, C: F [O(n)]
  0: f0->f7, D: G [O(n)]
  0: f0->f7, E: H [O(n)]
  0: f0->f7, F: inf [Infinity]
  0: f0->f7, G: inf [Infinity]
  0: f0->f7, H: inf [Infinity]
