Timebounds: 
  Overall timebound: inf [Infinity]
  6: f0->f9: 1 [O(1)]
  0: f9->f15: 1 [O(1)]
  5: f9->f23: 1 [O(1)]

Costbounds:
  Overall costbound: inf [Infinity]
  6: f0->f9: 1 [O(1)]
  1: f15->f15: inf [Infinity]
  2: f23->f23: inf [Infinity]
  0: f9->f15: 1 [O(1)]
  5: f9->f23: 1 [O(1)]

Sizebounds:
`Lower:
  6: f0->f9, A: E [O(n)]
  6: f0->f9, B: 0 [O(1)]
  6: f0->f9, C: C [O(n)]
  6: f0->f9, D: 0 [O(1)]
  1: f15->f15, B: 0 [O(1)]
  1: f15->f15, C: 0 [O(1)]
  1: f15->f15, D: 0 [O(1)]
  2: f23->f23, A: 0 [O(1)]
  2: f23->f23, B: 0 [O(1)]
  2: f23->f23, C: -max{0, -C} [O(n)]
  2: f23->f23, D: 0 [O(1)]
  0: f9->f15, B: 0 [O(1)]
  0: f9->f15, C: 1 [O(1)]
  0: f9->f15, D: 0 [O(1)]
  5: f9->f23, A: 1 [O(1)]
  5: f9->f23, B: 0 [O(1)]
  5: f9->f23, C: C [O(n)]
  5: f9->f23, D: 0 [O(1)]
`Upper:
  6: f0->f9, A: E [O(n)]
  6: f0->f9, B: 0 [O(1)]
  6: f0->f9, C: C [O(n)]
  6: f0->f9, D: 0 [O(1)]
  1: f15->f15, A: 0 [O(1)]
  1: f15->f15, B: 0 [O(1)]
  1: f15->f15, D: 0 [O(1)]
  2: f23->f23, A: max{0, E} [O(n)]
  2: f23->f23, B: 0 [O(1)]
  2: f23->f23, C: max{0, C} [O(n)]
  2: f23->f23, D: 0 [O(1)]
  0: f9->f15, A: 0 [O(1)]
  0: f9->f15, B: 0 [O(1)]
  0: f9->f15, D: 0 [O(1)]
  5: f9->f23, A: E [O(n)]
  5: f9->f23, B: 0 [O(1)]
  5: f9->f23, C: C [O(n)]
  5: f9->f23, D: 0 [O(1)]
