Timebounds: 
  Overall timebound: inf [Infinity]
  7: f0->f20: 1 [O(1)]
  8: f0->f20: 1 [O(1)]
  9: f0->f40: 1 [O(1)]
  6: f20->f28: 1 [O(1)]
  4: f28->f40: 1 [O(1)]
  5: f28->f40: 1 [O(1)]

Costbounds:
  Overall costbound: inf [Infinity]
  7: f0->f20: 1 [O(1)]
  8: f0->f20: 1 [O(1)]
  9: f0->f40: 1 [O(1)]
  6: f20->f28: 1 [O(1)]
  4: f28->f40: 1 [O(1)]
  5: f28->f40: 1 [O(1)]
  1: f40->f40: inf [Infinity]

Sizebounds:
`Lower:
  7: f0->f20, A: 1 [O(1)]
  7: f0->f20, B: B [O(n)]
  7: f0->f20, C: C [O(n)]
  7: f0->f20, D: D [O(n)]
  7: f0->f20, E: E [O(n)]
  7: f0->f20, F: F [O(n)]
  7: f0->f20, G: G [O(n)]
  7: f0->f20, H: H [O(n)]
  7: f0->f20, I: I [O(n)]
  7: f0->f20, J: P [O(n)]
  7: f0->f20, K: K [O(n)]
  7: f0->f20, L: L [O(n)]
  7: f0->f20, M: M [O(n)]
  7: f0->f20, N: N [O(n)]
  7: f0->f20, O: O [O(n)]
  8: f0->f20, A: 1 [O(1)]
  8: f0->f20, B: B [O(n)]
  8: f0->f20, C: C [O(n)]
  8: f0->f20, D: D [O(n)]
  8: f0->f20, E: E [O(n)]
  8: f0->f20, F: F [O(n)]
  8: f0->f20, G: G [O(n)]
  8: f0->f20, H: H [O(n)]
  8: f0->f20, I: I [O(n)]
  8: f0->f20, J: 0 [O(1)]
  8: f0->f20, K: 1 [O(1)]
  8: f0->f20, L: 1 [O(1)]
  8: f0->f20, M: 1 [O(1)]
  8: f0->f20, N: 1 [O(1)]
  8: f0->f20, O: 1 [O(1)]
  9: f0->f40, A: 1 [O(1)]
  9: f0->f40, B: B [O(n)]
  9: f0->f40, C: C [O(n)]
  9: f0->f40, D: D [O(n)]
  9: f0->f40, E: E [O(n)]
  9: f0->f40, F: F [O(n)]
  9: f0->f40, G: G [O(n)]
  9: f0->f40, H: H [O(n)]
  9: f0->f40, I: I [O(n)]
  9: f0->f40, J: 0 [O(1)]
  9: f0->f40, K: 1 [O(1)]
  9: f0->f40, L: P [O(n)]
  9: f0->f40, M: P [O(n)]
  9: f0->f40, N: P [O(n)]
  9: f0->f40, O: P [O(n)]
  6: f20->f28, A: 0 [O(1)]
  6: f20->f28, C: C [O(n)]
  6: f20->f28, D: D [O(n)]
  6: f20->f28, E: E [O(n)]
  6: f20->f28, F: F [O(n)]
  6: f20->f28, G: 0 [O(1)]
  6: f20->f28, K: -max{-1, -K} [O(n)]
  6: f20->f28, L: -max{-1, -L} [O(n)]
  6: f20->f28, M: -max{-1, -M} [O(n)]
  6: f20->f28, N: -max{-1, -N} [O(n)]
  6: f20->f28, O: -max{-1, -O} [O(n)]
  4: f28->f40, A: 0 [O(1)]
  4: f28->f40, C: 0 [O(1)]
  4: f28->f40, G: 0 [O(1)]
  4: f28->f40, K: -max{-1, -K} [O(n)]
  4: f28->f40, L: -max{-1, -L} [O(n)]
  4: f28->f40, M: -max{-1, -M} [O(n)]
  4: f28->f40, N: -max{-1, -N} [O(n)]
  4: f28->f40, O: -max{-1, -O} [O(n)]
  5: f28->f40, A: 1 [O(1)]
  5: f28->f40, C: 0 [O(1)]
  5: f28->f40, G: 0 [O(1)]
  5: f28->f40, K: -max{-1, -K} [O(n)]
  5: f28->f40, L: -max{-1, -L} [O(n)]
  5: f28->f40, M: -max{-1, -M} [O(n)]
  5: f28->f40, N: -max{-1, -N} [O(n)]
  5: f28->f40, O: -max{-1, -O} [O(n)]
  1: f40->f40, C: -max{0, -C} [O(n)]
  1: f40->f40, G: -max{0, -G} [O(n)]
  1: f40->f40, K: -max{0, -1, max{-1, -K}} [O(n)]
  1: f40->f40, L: -max{0, -1, max{-1, -P, -L}} [O(n)]
  1: f40->f40, M: -max{0, -1, max{-1, -P, -M}} [O(n)]
  1: f40->f40, N: -max{0, -1, max{-1, -P, -N}} [O(n)]
  1: f40->f40, O: -max{0, -1, max{-1, -P, -O}} [O(n)]
`Upper:
  7: f0->f20, A: 1 [O(1)]
  7: f0->f20, B: B [O(n)]
  7: f0->f20, C: C [O(n)]
  7: f0->f20, D: D [O(n)]
  7: f0->f20, E: E [O(n)]
  7: f0->f20, F: F [O(n)]
  7: f0->f20, G: G [O(n)]
  7: f0->f20, H: H [O(n)]
  7: f0->f20, I: I [O(n)]
  7: f0->f20, J: 0 [O(1)]
  7: f0->f20, K: K [O(n)]
  7: f0->f20, L: L [O(n)]
  7: f0->f20, M: M [O(n)]
  7: f0->f20, N: N [O(n)]
  7: f0->f20, O: O [O(n)]
  8: f0->f20, A: 1 [O(1)]
  8: f0->f20, B: B [O(n)]
  8: f0->f20, C: C [O(n)]
  8: f0->f20, D: D [O(n)]
  8: f0->f20, E: E [O(n)]
  8: f0->f20, F: F [O(n)]
  8: f0->f20, G: G [O(n)]
  8: f0->f20, H: H [O(n)]
  8: f0->f20, I: I [O(n)]
  8: f0->f20, J: 0 [O(1)]
  8: f0->f20, K: 1 [O(1)]
  8: f0->f20, L: P [O(n)]
  8: f0->f20, M: P [O(n)]
  8: f0->f20, N: P [O(n)]
  8: f0->f20, O: P [O(n)]
  9: f0->f40, A: 1 [O(1)]
  9: f0->f40, B: B [O(n)]
  9: f0->f40, C: C [O(n)]
  9: f0->f40, D: D [O(n)]
  9: f0->f40, E: E [O(n)]
  9: f0->f40, F: F [O(n)]
  9: f0->f40, G: G [O(n)]
  9: f0->f40, H: H [O(n)]
  9: f0->f40, I: I [O(n)]
  9: f0->f40, J: 0 [O(1)]
  9: f0->f40, K: 1 [O(1)]
  9: f0->f40, L: 0 [O(1)]
  9: f0->f40, M: 0 [O(1)]
  9: f0->f40, N: 0 [O(1)]
  9: f0->f40, O: 0 [O(1)]
  6: f20->f28, A: 0 [O(1)]
  6: f20->f28, C: C [O(n)]
  6: f20->f28, D: D [O(n)]
  6: f20->f28, E: E [O(n)]
  6: f20->f28, F: F [O(n)]
  6: f20->f28, G: 0 [O(1)]
  6: f20->f28, J: 0 [O(1)]
  6: f20->f28, K: max{1, K} [O(n)]
  6: f20->f28, L: max{P, L} [O(n)]
  6: f20->f28, M: max{P, M} [O(n)]
  6: f20->f28, N: max{P, N} [O(n)]
  6: f20->f28, O: max{P, O} [O(n)]
  4: f28->f40, A: 0 [O(1)]
  4: f28->f40, C: 0 [O(1)]
  4: f28->f40, G: 0 [O(1)]
  4: f28->f40, J: 0 [O(1)]
  4: f28->f40, K: max{1, K} [O(n)]
  4: f28->f40, L: max{P, L} [O(n)]
  4: f28->f40, M: max{P, M} [O(n)]
  4: f28->f40, N: max{P, N} [O(n)]
  4: f28->f40, O: max{P, O} [O(n)]
  5: f28->f40, A: 1 [O(1)]
  5: f28->f40, C: 0 [O(1)]
  5: f28->f40, G: 0 [O(1)]
  5: f28->f40, J: 0 [O(1)]
  5: f28->f40, K: max{1, K} [O(n)]
  5: f28->f40, L: max{P, L} [O(n)]
  5: f28->f40, M: max{P, M} [O(n)]
  5: f28->f40, N: max{P, N} [O(n)]
  5: f28->f40, O: max{P, O} [O(n)]
  1: f40->f40, A: 1 [O(1)]
  1: f40->f40, C: max{0, C} [O(n)]
  1: f40->f40, G: max{0, G} [O(n)]
  1: f40->f40, J: 0 [O(1)]
  1: f40->f40, K: max{1, 1, K} [O(n)]
  1: f40->f40, L: max{0, P, max{P, L}} [O(n)]
  1: f40->f40, M: max{0, P, max{P, M}} [O(n)]
  1: f40->f40, N: max{0, P, max{P, N}} [O(n)]
  1: f40->f40, O: max{0, P, max{P, O}} [O(n)]
