Timebounds: 
  Overall timebound: inf [Infinity]
  7: f0->f21: 1 [O(1)]
  8: f0->f21: 1 [O(1)]
  9: f0->f41: 1 [O(1)]
  6: f21->f29: 1 [O(1)]
  4: f29->f41: 1 [O(1)]
  5: f29->f41: 1 [O(1)]
  1: f41->f41: inf [Infinity]

Costbounds:
  Overall costbound: inf [Infinity]
  7: f0->f21: 1 [O(1)]
  8: f0->f21: 1 [O(1)]
  9: f0->f41: 1 [O(1)]
  6: f21->f29: 1 [O(1)]
  4: f29->f41: 1 [O(1)]
  5: f29->f41: 1 [O(1)]
  1: f41->f41: inf [Infinity]

Sizebounds:
`Lower:
  7: f0->f21, A: 1 [O(1)]
  7: f0->f21, B: B [O(n)]
  7: f0->f21, C: C [O(n)]
  7: f0->f21, D: D [O(n)]
  7: f0->f21, E: E [O(n)]
  7: f0->f21, F: F [O(n)]
  7: f0->f21, G: G [O(n)]
  7: f0->f21, H: H [O(n)]
  7: f0->f21, I: I [O(n)]
  7: f0->f21, J: J [O(n)]
  7: f0->f21, K: K [O(n)]
  7: f0->f21, L: R [O(n)]
  7: f0->f21, M: K [O(n)]
  7: f0->f21, N: N [O(n)]
  7: f0->f21, O: O [O(n)]
  7: f0->f21, P: P [O(n)]
  7: f0->f21, Q: Q [O(n)]
  8: f0->f21, A: 1 [O(1)]
  8: f0->f21, B: B [O(n)]
  8: f0->f21, C: C [O(n)]
  8: f0->f21, D: D [O(n)]
  8: f0->f21, E: E [O(n)]
  8: f0->f21, F: F [O(n)]
  8: f0->f21, G: G [O(n)]
  8: f0->f21, H: H [O(n)]
  8: f0->f21, I: I [O(n)]
  8: f0->f21, J: J [O(n)]
  8: f0->f21, K: 1 [O(1)]
  8: f0->f21, L: R [O(n)]
  8: f0->f21, M: 0 [O(1)]
  8: f0->f21, N: 1 [O(1)]
  8: f0->f21, O: 1 [O(1)]
  8: f0->f21, P: 1 [O(1)]
  8: f0->f21, Q: 1 [O(1)]
  9: f0->f41, A: 1 [O(1)]
  9: f0->f41, B: B [O(n)]
  9: f0->f41, C: C [O(n)]
  9: f0->f41, D: D [O(n)]
  9: f0->f41, E: E [O(n)]
  9: f0->f41, F: F [O(n)]
  9: f0->f41, G: G [O(n)]
  9: f0->f41, H: H [O(n)]
  9: f0->f41, I: I [O(n)]
  9: f0->f41, J: J [O(n)]
  9: f0->f41, K: S [O(n)]
  9: f0->f41, L: R [O(n)]
  9: f0->f41, M: 0 [O(1)]
  9: f0->f41, N: 1 [O(1)]
  9: f0->f41, O: S [O(n)]
  9: f0->f41, P: S [O(n)]
  9: f0->f41, Q: S [O(n)]
  6: f21->f29, A: 0 [O(1)]
  6: f21->f29, B: B [O(n)]
  6: f21->f29, D: D [O(n)]
  6: f21->f29, E: E [O(n)]
  6: f21->f29, F: F [O(n)]
  6: f21->f29, G: G [O(n)]
  6: f21->f29, H: 0 [O(1)]
  6: f21->f29, K: -max{-1, -K} [O(n)]
  6: f21->f29, L: R [O(n)]
  6: f21->f29, M: -max{0, -K} [O(n)]
  6: f21->f29, N: -max{-1, -N} [O(n)]
  6: f21->f29, O: -max{-1, -O} [O(n)]
  6: f21->f29, P: -max{-1, -P} [O(n)]
  6: f21->f29, Q: -max{-1, -Q} [O(n)]
  4: f29->f41, A: 0 [O(1)]
  4: f29->f41, D: 0 [O(1)]
  4: f29->f41, H: 0 [O(1)]
  4: f29->f41, K: -max{-1, -K} [O(n)]
  4: f29->f41, L: R [O(n)]
  4: f29->f41, M: -max{0, -K} [O(n)]
  4: f29->f41, N: -max{-1, -N} [O(n)]
  4: f29->f41, O: -max{-1, -O} [O(n)]
  4: f29->f41, P: -max{-1, -P} [O(n)]
  4: f29->f41, Q: -max{-1, -Q} [O(n)]
  5: f29->f41, A: 1 [O(1)]
  5: f29->f41, D: 0 [O(1)]
  5: f29->f41, H: 0 [O(1)]
  5: f29->f41, K: -max{-1, -K} [O(n)]
  5: f29->f41, L: R [O(n)]
  5: f29->f41, M: -max{0, -K} [O(n)]
  5: f29->f41, N: -max{-1, -N} [O(n)]
  5: f29->f41, O: -max{-1, -O} [O(n)]
  5: f29->f41, P: -max{-1, -P} [O(n)]
  5: f29->f41, Q: -max{-1, -Q} [O(n)]
  1: f41->f41, A: 0 [O(1)]
  1: f41->f41, D: -max{0, -D} [O(n)]
  1: f41->f41, H: -max{0, -H} [O(n)]
  1: f41->f41, K: -max{-1, -1, max{-S, -K}} [O(n)]
  1: f41->f41, L: R [O(n)]
  1: f41->f41, M: -max{0, -K} [O(n)]
  1: f41->f41, N: -max{-1, -1, -N} [O(n)]
  1: f41->f41, O: -max{-1, -1, max{-S, -O}} [O(n)]
  1: f41->f41, P: -max{-1, -1, max{-S, -P}} [O(n)]
  1: f41->f41, Q: -max{-1, -1, max{-S, -Q}} [O(n)]
`Upper:
  7: f0->f21, A: 1 [O(1)]
  7: f0->f21, B: B [O(n)]
  7: f0->f21, C: C [O(n)]
  7: f0->f21, D: D [O(n)]
  7: f0->f21, E: E [O(n)]
  7: f0->f21, F: F [O(n)]
  7: f0->f21, G: G [O(n)]
  7: f0->f21, H: H [O(n)]
  7: f0->f21, I: I [O(n)]
  7: f0->f21, J: J [O(n)]
  7: f0->f21, K: 0 [O(1)]
  7: f0->f21, L: R [O(n)]
  7: f0->f21, M: 0 [O(1)]
  7: f0->f21, N: N [O(n)]
  7: f0->f21, O: O [O(n)]
  7: f0->f21, P: P [O(n)]
  7: f0->f21, Q: Q [O(n)]
  8: f0->f21, A: 1 [O(1)]
  8: f0->f21, B: B [O(n)]
  8: f0->f21, C: C [O(n)]
  8: f0->f21, D: D [O(n)]
  8: f0->f21, E: E [O(n)]
  8: f0->f21, F: F [O(n)]
  8: f0->f21, G: G [O(n)]
  8: f0->f21, H: H [O(n)]
  8: f0->f21, I: I [O(n)]
  8: f0->f21, J: J [O(n)]
  8: f0->f21, K: S [O(n)]
  8: f0->f21, L: R [O(n)]
  8: f0->f21, M: 0 [O(1)]
  8: f0->f21, N: 1 [O(1)]
  8: f0->f21, O: S [O(n)]
  8: f0->f21, P: S [O(n)]
  8: f0->f21, Q: S [O(n)]
  9: f0->f41, A: 1 [O(1)]
  9: f0->f41, B: B [O(n)]
  9: f0->f41, C: C [O(n)]
  9: f0->f41, D: D [O(n)]
  9: f0->f41, E: E [O(n)]
  9: f0->f41, F: F [O(n)]
  9: f0->f41, G: G [O(n)]
  9: f0->f41, H: H [O(n)]
  9: f0->f41, I: I [O(n)]
  9: f0->f41, J: J [O(n)]
  9: f0->f41, K: 0 [O(1)]
  9: f0->f41, L: R [O(n)]
  9: f0->f41, M: 0 [O(1)]
  9: f0->f41, N: 1 [O(1)]
  9: f0->f41, O: 0 [O(1)]
  9: f0->f41, P: 0 [O(1)]
  9: f0->f41, Q: 0 [O(1)]
  6: f21->f29, A: 0 [O(1)]
  6: f21->f29, B: B [O(n)]
  6: f21->f29, D: D [O(n)]
  6: f21->f29, E: E [O(n)]
  6: f21->f29, F: F [O(n)]
  6: f21->f29, G: G [O(n)]
  6: f21->f29, H: 0 [O(1)]
  6: f21->f29, K: max{0, S} [O(n)]
  6: f21->f29, L: R [O(n)]
  6: f21->f29, M: 0 [O(1)]
  6: f21->f29, N: max{1, N} [O(n)]
  6: f21->f29, O: max{S, O} [O(n)]
  6: f21->f29, P: max{S, P} [O(n)]
  6: f21->f29, Q: max{S, Q} [O(n)]
  4: f29->f41, A: 0 [O(1)]
  4: f29->f41, D: 0 [O(1)]
  4: f29->f41, H: 0 [O(1)]
  4: f29->f41, K: max{0, S} [O(n)]
  4: f29->f41, L: R [O(n)]
  4: f29->f41, M: 0 [O(1)]
  4: f29->f41, N: max{1, N} [O(n)]
  4: f29->f41, O: max{S, O} [O(n)]
  4: f29->f41, P: max{S, P} [O(n)]
  4: f29->f41, Q: max{S, Q} [O(n)]
  5: f29->f41, A: 1 [O(1)]
  5: f29->f41, D: 0 [O(1)]
  5: f29->f41, H: 0 [O(1)]
  5: f29->f41, K: max{0, S} [O(n)]
  5: f29->f41, L: R [O(n)]
  5: f29->f41, M: 0 [O(1)]
  5: f29->f41, N: max{1, N} [O(n)]
  5: f29->f41, O: max{S, O} [O(n)]
  5: f29->f41, P: max{S, P} [O(n)]
  5: f29->f41, Q: max{S, Q} [O(n)]
  1: f41->f41, A: 1 [O(1)]
  1: f41->f41, D: max{0, D} [O(n)]
  1: f41->f41, H: max{0, H} [O(n)]
  1: f41->f41, K: max{0, S} [O(n)]
  1: f41->f41, L: R [O(n)]
  1: f41->f41, M: 0 [O(1)]
  1: f41->f41, N: max{1, 1, N} [O(n)]
  1: f41->f41, O: max{0, S, max{S, O}} [O(n)]
  1: f41->f41, P: max{0, S, max{S, P}} [O(n)]
  1: f41->f41, Q: max{0, S, max{S, Q}} [O(n)]
