Timebounds: 
  Overall timebound: inf [Infinity]
  12: f0->f13: 1 [O(1)]
  13: f0->f13: 1 [O(1)]
  0: f13->f47: 1 [O(1)]
  8: f13->f47: 1 [O(1)]
  9: f13->f39: 1 [O(1)]
  10: f13->f39: 1 [O(1)]
  11: f13->f13: 2*max{0, B-A} [O(n)]
  1: f39->f47: 1 [O(1)]
  2: f39->f47: 1 [O(1)]
  7: f39->f47: 1 [O(1)]
  5: f47->f54: 1 [O(1)]
  6: f47->f54: 1 [O(1)]
  3: f54->f54: inf [Infinity]

Costbounds:
  Overall costbound: inf [Infinity]
  12: f0->f13: 1 [O(1)]
  13: f0->f13: 1 [O(1)]
  0: f13->f47: 1 [O(1)]
  8: f13->f47: 1 [O(1)]
  9: f13->f39: 1 [O(1)]
  10: f13->f39: 1 [O(1)]
  11: f13->f13: 2*max{0, B-A} [O(n)]
  1: f39->f47: 1 [O(1)]
  2: f39->f47: 1 [O(1)]
  7: f39->f47: 1 [O(1)]
  5: f47->f54: 1 [O(1)]
  6: f47->f54: 1 [O(1)]
  3: f54->f54: inf [Infinity]

Sizebounds:
`Lower:
  12: f0->f13, A: A [O(n)]
  12: f0->f13, A1: -inf [Infinity]
  12: f0->f13, B: B [O(n)]
  12: f0->f13, B1: -inf [Infinity]
  12: f0->f13, C: C [O(n)]
  12: f0->f13, D: Y [O(n)]
  12: f0->f13, E: E [O(n)]
  12: f0->f13, F: 0 [O(1)]
  12: f0->f13, G: G [O(n)]
  12: f0->f13, H: H [O(n)]
  12: f0->f13, I: I [O(n)]
  12: f0->f13, J: J [O(n)]
  12: f0->f13, K: K [O(n)]
  12: f0->f13, L: L [O(n)]
  12: f0->f13, M: M [O(n)]
  12: f0->f13, N: N [O(n)]
  12: f0->f13, O: O [O(n)]
  12: f0->f13, P: P [O(n)]
  12: f0->f13, Q: Q [O(n)]
  12: f0->f13, R: R [O(n)]
  12: f0->f13, S: S [O(n)]
  12: f0->f13, T: T [O(n)]
  12: f0->f13, U: U [O(n)]
  12: f0->f13, V: V [O(n)]
  12: f0->f13, W: 0 [O(1)]
  12: f0->f13, X: -inf [Infinity]
  12: f0->f13, Y: -inf [Infinity]
  12: f0->f13, Z: -inf [Infinity]
  13: f0->f13, A: A [O(n)]
  13: f0->f13, A1: -inf [Infinity]
  13: f0->f13, B: B [O(n)]
  13: f0->f13, B1: -inf [Infinity]
  13: f0->f13, C: C [O(n)]
  13: f0->f13, D: 1 [O(1)]
  13: f0->f13, E: E [O(n)]
  13: f0->f13, F: 0 [O(1)]
  13: f0->f13, G: G [O(n)]
  13: f0->f13, H: H [O(n)]
  13: f0->f13, I: I [O(n)]
  13: f0->f13, J: J [O(n)]
  13: f0->f13, K: K [O(n)]
  13: f0->f13, L: L [O(n)]
  13: f0->f13, M: M [O(n)]
  13: f0->f13, N: N [O(n)]
  13: f0->f13, O: O [O(n)]
  13: f0->f13, P: P [O(n)]
  13: f0->f13, Q: Q [O(n)]
  13: f0->f13, R: R [O(n)]
  13: f0->f13, S: S [O(n)]
  13: f0->f13, T: T [O(n)]
  13: f0->f13, U: U [O(n)]
  13: f0->f13, V: V [O(n)]
  13: f0->f13, W: 0 [O(1)]
  13: f0->f13, X: -inf [Infinity]
  13: f0->f13, Y: -inf [Infinity]
  13: f0->f13, Z: -inf [Infinity]
  0: f13->f47, A: A [O(n)]
  0: f13->f47, A1: -inf [Infinity]
  0: f13->f47, B: B [O(n)]
  0: f13->f47, B1: -inf [Infinity]
  0: f13->f47, C: -max{-1, -C} [O(n)]
  0: f13->f47, D: -max{-1, -Y} [O(n)]
  0: f13->f47, E: E [O(n)]
  0: f13->f47, F: 0 [O(1)]
  0: f13->f47, G: G [O(n)]
  0: f13->f47, H: -inf [Infinity]
  0: f13->f47, I: -inf [Infinity]
  0: f13->f47, J: -inf [Infinity]
  0: f13->f47, K: -inf [Infinity]
  0: f13->f47, L: -max{-L, -E, -L} [O(n)]
  0: f13->f47, M: -inf [Infinity]
  0: f13->f47, N: -inf [Infinity]
  0: f13->f47, O: -inf [Infinity]
  0: f13->f47, P: -inf [Infinity]
  0: f13->f47, Q: -max{-Q, -R, -Q} [O(n)]
  0: f13->f47, R: R [O(n)]
  0: f13->f47, S: -max{-1, -S} [O(n)]
  0: f13->f47, T: -max{-1, -T} [O(n)]
  0: f13->f47, U: -max{-1, -U} [O(n)]
  0: f13->f47, V: -max{0, -V} [O(n)]
  0: f13->f47, W: 0 [O(1)]
  0: f13->f47, X: -inf [Infinity]
  0: f13->f47, Y: -inf [Infinity]
  0: f13->f47, Z: -inf [Infinity]
  8: f13->f47, A: A [O(n)]
  8: f13->f47, A1: -inf [Infinity]
  8: f13->f47, B: 1+A [O(n)]
  8: f13->f47, B1: -inf [Infinity]
  8: f13->f47, C: -max{-1, -C} [O(n)]
  8: f13->f47, D: -max{-1, -Y} [O(n)]
  8: f13->f47, E: E [O(n)]
  8: f13->f47, F: 0 [O(1)]
  8: f13->f47, G: G [O(n)]
  8: f13->f47, H: 1 [O(1)]
  8: f13->f47, I: -inf [Infinity]
  8: f13->f47, J: -inf [Infinity]
  8: f13->f47, K: -inf [Infinity]
  8: f13->f47, L: E [O(n)]
  8: f13->f47, M: 1 [O(1)]
  8: f13->f47, N: 1 [O(1)]
  8: f13->f47, O: 1 [O(1)]
  8: f13->f47, P: -inf [Infinity]
  8: f13->f47, Q: -max{-Q, -R, -Q} [O(n)]
  8: f13->f47, R: R [O(n)]
  8: f13->f47, S: -max{-1, -S} [O(n)]
  8: f13->f47, T: -max{-1, -T} [O(n)]
  8: f13->f47, U: -max{-1, -U} [O(n)]
  8: f13->f47, V: -max{0, -V} [O(n)]
  8: f13->f47, W: 0 [O(1)]
  8: f13->f47, X: -inf [Infinity]
  8: f13->f47, Y: -inf [Infinity]
  8: f13->f47, Z: -inf [Infinity]
  9: f13->f39, A: A [O(n)]
  9: f13->f39, A1: -inf [Infinity]
  9: f13->f39, B: 1+A [O(n)]
  9: f13->f39, B1: -inf [Infinity]
  9: f13->f39, C: 2 [O(1)]
  9: f13->f39, D: -max{-1, -Y} [O(n)]
  9: f13->f39, E: E [O(n)]
  9: f13->f39, F: 0 [O(1)]
  9: f13->f39, G: G [O(n)]
  9: f13->f39, H: -inf [Infinity]
  9: f13->f39, I: -inf [Infinity]
  9: f13->f39, J: -inf [Infinity]
  9: f13->f39, K: -inf [Infinity]
  9: f13->f39, L: E [O(n)]
  9: f13->f39, M: -inf [Infinity]
  9: f13->f39, N: -inf [Infinity]
  9: f13->f39, O: -inf [Infinity]
  9: f13->f39, P: -inf [Infinity]
  9: f13->f39, Q: R [O(n)]
  9: f13->f39, R: 0 [O(1)]
  9: f13->f39, S: 2 [O(1)]
  9: f13->f39, T: 2 [O(1)]
  9: f13->f39, U: 2 [O(1)]
  9: f13->f39, V: 0 [O(1)]
  9: f13->f39, W: 0 [O(1)]
  9: f13->f39, X: -inf [Infinity]
  9: f13->f39, Y: -inf [Infinity]
  9: f13->f39, Z: -inf [Infinity]
  10: f13->f39, A: A [O(n)]
  10: f13->f39, A1: -inf [Infinity]
  10: f13->f39, B: 1+A [O(n)]
  10: f13->f39, B1: -inf [Infinity]
  10: f13->f39, C: -inf [Infinity]
  10: f13->f39, D: -max{-1, -Y} [O(n)]
  10: f13->f39, E: E [O(n)]
  10: f13->f39, F: 0 [O(1)]
  10: f13->f39, G: G [O(n)]
  10: f13->f39, H: -inf [Infinity]
  10: f13->f39, I: -inf [Infinity]
  10: f13->f39, J: -inf [Infinity]
  10: f13->f39, K: -inf [Infinity]
  10: f13->f39, L: E [O(n)]
  10: f13->f39, M: -inf [Infinity]
  10: f13->f39, N: -inf [Infinity]
  10: f13->f39, O: -inf [Infinity]
  10: f13->f39, P: -inf [Infinity]
  10: f13->f39, Q: R [O(n)]
  10: f13->f39, R: 0 [O(1)]
  10: f13->f39, S: -inf [Infinity]
  10: f13->f39, T: -inf [Infinity]
  10: f13->f39, U: -inf [Infinity]
  10: f13->f39, V: 0 [O(1)]
  10: f13->f39, W: 0 [O(1)]
  10: f13->f39, X: -inf [Infinity]
  10: f13->f39, Y: -inf [Infinity]
  10: f13->f39, Z: -inf [Infinity]
  11: f13->f13, A: A [O(n)]
  11: f13->f13, A1: -inf [Infinity]
  11: f13->f13, B: B [O(n)]
  11: f13->f13, B1: -inf [Infinity]
  11: f13->f13, C: 1 [O(1)]
  11: f13->f13, D: -max{-1, -Y} [O(n)]
  11: f13->f13, E: E [O(n)]
  11: f13->f13, F: 0 [O(1)]
  11: f13->f13, G: G [O(n)]
  11: f13->f13, H: -inf [Infinity]
  11: f13->f13, I: -inf [Infinity]
  11: f13->f13, J: -inf [Infinity]
  11: f13->f13, K: -inf [Infinity]
  11: f13->f13, L: E [O(n)]
  11: f13->f13, M: -inf [Infinity]
  11: f13->f13, N: -inf [Infinity]
  11: f13->f13, O: -inf [Infinity]
  11: f13->f13, P: -inf [Infinity]
  11: f13->f13, Q: R [O(n)]
  11: f13->f13, R: R [O(n)]
  11: f13->f13, S: 1 [O(1)]
  11: f13->f13, T: 1 [O(1)]
  11: f13->f13, U: 1 [O(1)]
  11: f13->f13, V: 0 [O(1)]
  11: f13->f13, W: 0 [O(1)]
  11: f13->f13, X: -inf [Infinity]
  11: f13->f13, Y: -inf [Infinity]
  11: f13->f13, Z: -inf [Infinity]
  1: f39->f47, A: A [O(n)]
  1: f39->f47, A1: -inf [Infinity]
  1: f39->f47, B: 1+A [O(n)]
  1: f39->f47, B1: -inf [Infinity]
  1: f39->f47, C: 3 [O(1)]
  1: f39->f47, D: -max{-1, -Y} [O(n)]
  1: f39->f47, E: E [O(n)]
  1: f39->f47, F: 0 [O(1)]
  1: f39->f47, G: G [O(n)]
  1: f39->f47, H: -inf [Infinity]
  1: f39->f47, I: -inf [Infinity]
  1: f39->f47, J: -inf [Infinity]
  1: f39->f47, K: -inf [Infinity]
  1: f39->f47, L: E [O(n)]
  1: f39->f47, M: -inf [Infinity]
  1: f39->f47, N: -inf [Infinity]
  1: f39->f47, O: -inf [Infinity]
  1: f39->f47, P: -inf [Infinity]
  1: f39->f47, Q: R [O(n)]
  1: f39->f47, R: 0 [O(1)]
  1: f39->f47, S: 3 [O(1)]
  1: f39->f47, T: 3 [O(1)]
  1: f39->f47, U: 3 [O(1)]
  1: f39->f47, V: 0 [O(1)]
  1: f39->f47, W: 0 [O(1)]
  1: f39->f47, X: -inf [Infinity]
  1: f39->f47, Y: -inf [Infinity]
  1: f39->f47, Z: -inf [Infinity]
  2: f39->f47, A: A [O(n)]
  2: f39->f47, A1: -inf [Infinity]
  2: f39->f47, B: 1+A [O(n)]
  2: f39->f47, B1: -inf [Infinity]
  2: f39->f47, C: -inf [Infinity]
  2: f39->f47, D: -max{-1, -Y} [O(n)]
  2: f39->f47, E: E [O(n)]
  2: f39->f47, F: 0 [O(1)]
  2: f39->f47, G: G [O(n)]
  2: f39->f47, H: -inf [Infinity]
  2: f39->f47, I: -inf [Infinity]
  2: f39->f47, J: -inf [Infinity]
  2: f39->f47, K: -inf [Infinity]
  2: f39->f47, L: E [O(n)]
  2: f39->f47, M: -inf [Infinity]
  2: f39->f47, N: -inf [Infinity]
  2: f39->f47, O: -inf [Infinity]
  2: f39->f47, P: -inf [Infinity]
  2: f39->f47, Q: R [O(n)]
  2: f39->f47, R: 0 [O(1)]
  2: f39->f47, S: -inf [Infinity]
  2: f39->f47, T: -inf [Infinity]
  2: f39->f47, U: -inf [Infinity]
  2: f39->f47, V: 0 [O(1)]
  2: f39->f47, W: 0 [O(1)]
  2: f39->f47, X: -inf [Infinity]
  2: f39->f47, Y: -inf [Infinity]
  2: f39->f47, Z: -inf [Infinity]
  7: f39->f47, A: A [O(n)]
  7: f39->f47, A1: -inf [Infinity]
  7: f39->f47, B: 1+A [O(n)]
  7: f39->f47, B1: -inf [Infinity]
  7: f39->f47, C: 2 [O(1)]
  7: f39->f47, D: -max{-1, -Y} [O(n)]
  7: f39->f47, E: 1+E [O(n)]
  7: f39->f47, F: 0 [O(1)]
  7: f39->f47, G: -inf [Infinity]
  7: f39->f47, H: -inf [Infinity]
  7: f39->f47, I: -inf [Infinity]
  7: f39->f47, J: -inf [Infinity]
  7: f39->f47, K: -inf [Infinity]
  7: f39->f47, L: E [O(n)]
  7: f39->f47, M: -inf [Infinity]
  7: f39->f47, N: -inf [Infinity]
  7: f39->f47, O: -inf [Infinity]
  7: f39->f47, P: -inf [Infinity]
  7: f39->f47, Q: R [O(n)]
  7: f39->f47, R: 0 [O(1)]
  7: f39->f47, S: 2 [O(1)]
  7: f39->f47, T: 2 [O(1)]
  7: f39->f47, U: 2 [O(1)]
  7: f39->f47, V: 0 [O(1)]
  7: f39->f47, W: 0 [O(1)]
  7: f39->f47, X: -inf [Infinity]
  7: f39->f47, Y: -inf [Infinity]
  7: f39->f47, Z: -inf [Infinity]
  5: f47->f54, A: A [O(n)]
  5: f47->f54, A1: -inf [Infinity]
  5: f47->f54, B: -max{-B, -1-A} [O(n)]
  5: f47->f54, B1: -inf [Infinity]
  5: f47->f54, C: -inf [Infinity]
  5: f47->f54, D: 1 [O(1)]
  5: f47->f54, E: 0 [O(1)]
  5: f47->f54, F: 0 [O(1)]
  5: f47->f54, G: -inf [Infinity]
  5: f47->f54, H: -inf [Infinity]
  5: f47->f54, I: -inf [Infinity]
  5: f47->f54, J: -inf [Infinity]
  5: f47->f54, K: -inf [Infinity]
  5: f47->f54, L: -max{-E, -L, max{-E, -L}} [O(n)]
  5: f47->f54, M: -inf [Infinity]
  5: f47->f54, N: -inf [Infinity]
  5: f47->f54, O: -inf [Infinity]
  5: f47->f54, P: -inf [Infinity]
  5: f47->f54, Q: -max{-Q, -R, max{-Q, -R, -Q}} [O(n)]
  5: f47->f54, R: -max{0, -R} [O(n)]
  5: f47->f54, S: -inf [Infinity]
  5: f47->f54, T: -inf [Infinity]
  5: f47->f54, U: -inf [Infinity]
  5: f47->f54, V: -max{0, -V} [O(n)]
  5: f47->f54, W: 0 [O(1)]
  5: f47->f54, X: -inf [Infinity]
  5: f47->f54, Y: -inf [Infinity]
  5: f47->f54, Z: -inf [Infinity]
  6: f47->f54, A: A [O(n)]
  6: f47->f54, A1: -inf [Infinity]
  6: f47->f54, B: -max{-B, -1-A} [O(n)]
  6: f47->f54, B1: -inf [Infinity]
  6: f47->f54, C: -inf [Infinity]
  6: f47->f54, D: -max{-1, -Y} [O(n)]
  6: f47->f54, E: 0 [O(1)]
  6: f47->f54, F: 0 [O(1)]
  6: f47->f54, G: -inf [Infinity]
  6: f47->f54, H: -inf [Infinity]
  6: f47->f54, I: -inf [Infinity]
  6: f47->f54, J: -inf [Infinity]
  6: f47->f54, K: -inf [Infinity]
  6: f47->f54, L: -max{-E, -L, max{-E, -L}} [O(n)]
  6: f47->f54, M: -inf [Infinity]
  6: f47->f54, N: -inf [Infinity]
  6: f47->f54, O: -inf [Infinity]
  6: f47->f54, P: -inf [Infinity]
  6: f47->f54, Q: -max{-Q, -R, max{-Q, -R, -Q}} [O(n)]
  6: f47->f54, R: -max{0, -R} [O(n)]
  6: f47->f54, S: -inf [Infinity]
  6: f47->f54, T: -inf [Infinity]
  6: f47->f54, U: -inf [Infinity]
  6: f47->f54, V: -max{0, -V} [O(n)]
  6: f47->f54, W: 0 [O(1)]
  6: f47->f54, X: -inf [Infinity]
  6: f47->f54, Y: -inf [Infinity]
  6: f47->f54, Z: -inf [Infinity]
  3: f54->f54, A: A [O(n)]
  3: f54->f54, A1: -inf [Infinity]
  3: f54->f54, B: -max{-B, -1-A} [O(n)]
  3: f54->f54, B1: -inf [Infinity]
  3: f54->f54, C: -inf [Infinity]
  3: f54->f54, D: -max{-1, -1, -Y} [O(n)]
  3: f54->f54, E: 0 [O(1)]
  3: f54->f54, F: 0 [O(1)]
  3: f54->f54, G: -inf [Infinity]
  3: f54->f54, H: -inf [Infinity]
  3: f54->f54, I: -inf [Infinity]
  3: f54->f54, J: -inf [Infinity]
  3: f54->f54, K: -inf [Infinity]
  3: f54->f54, L: -max{-E, -L, max{-E, -L}} [O(n)]
  3: f54->f54, M: -inf [Infinity]
  3: f54->f54, N: -inf [Infinity]
  3: f54->f54, O: -inf [Infinity]
  3: f54->f54, P: -inf [Infinity]
  3: f54->f54, Q: -max{-Q, -R, max{-Q, -R, -Q}} [O(n)]
  3: f54->f54, R: -max{0, -R} [O(n)]
  3: f54->f54, S: -inf [Infinity]
  3: f54->f54, T: -inf [Infinity]
  3: f54->f54, U: -inf [Infinity]
  3: f54->f54, V: -max{0, -V} [O(n)]
  3: f54->f54, W: 0 [O(1)]
  3: f54->f54, X: -inf [Infinity]
  3: f54->f54, Y: -inf [Infinity]
  3: f54->f54, Z: -inf [Infinity]
`Upper:
  12: f0->f13, A: A [O(n)]
  12: f0->f13, A1: inf [Infinity]
  12: f0->f13, B: B [O(n)]
  12: f0->f13, B1: inf [Infinity]
  12: f0->f13, C: C [O(n)]
  12: f0->f13, D: 0 [O(1)]
  12: f0->f13, E: E [O(n)]
  12: f0->f13, F: 0 [O(1)]
  12: f0->f13, G: G [O(n)]
  12: f0->f13, H: H [O(n)]
  12: f0->f13, I: I [O(n)]
  12: f0->f13, J: J [O(n)]
  12: f0->f13, K: K [O(n)]
  12: f0->f13, L: L [O(n)]
  12: f0->f13, M: M [O(n)]
  12: f0->f13, N: N [O(n)]
  12: f0->f13, O: O [O(n)]
  12: f0->f13, P: P [O(n)]
  12: f0->f13, Q: Q [O(n)]
  12: f0->f13, R: R [O(n)]
  12: f0->f13, S: S [O(n)]
  12: f0->f13, T: T [O(n)]
  12: f0->f13, U: U [O(n)]
  12: f0->f13, V: V [O(n)]
  12: f0->f13, W: 0 [O(1)]
  12: f0->f13, X: inf [Infinity]
  12: f0->f13, Y: inf [Infinity]
  12: f0->f13, Z: inf [Infinity]
  13: f0->f13, A: A [O(n)]
  13: f0->f13, A1: inf [Infinity]
  13: f0->f13, B: B [O(n)]
  13: f0->f13, B1: inf [Infinity]
  13: f0->f13, C: C [O(n)]
  13: f0->f13, D: Y [O(n)]
  13: f0->f13, E: E [O(n)]
  13: f0->f13, F: 0 [O(1)]
  13: f0->f13, G: G [O(n)]
  13: f0->f13, H: H [O(n)]
  13: f0->f13, I: I [O(n)]
  13: f0->f13, J: J [O(n)]
  13: f0->f13, K: K [O(n)]
  13: f0->f13, L: L [O(n)]
  13: f0->f13, M: M [O(n)]
  13: f0->f13, N: N [O(n)]
  13: f0->f13, O: O [O(n)]
  13: f0->f13, P: P [O(n)]
  13: f0->f13, Q: Q [O(n)]
  13: f0->f13, R: R [O(n)]
  13: f0->f13, S: S [O(n)]
  13: f0->f13, T: T [O(n)]
  13: f0->f13, U: U [O(n)]
  13: f0->f13, V: V [O(n)]
  13: f0->f13, W: 0 [O(1)]
  13: f0->f13, X: inf [Infinity]
  13: f0->f13, Y: inf [Infinity]
  13: f0->f13, Z: inf [Infinity]
  0: f13->f47, A: max{A, A+2*max{0, B-A}} [O(n)]
  0: f13->f47, A1: inf [Infinity]
  0: f13->f47, B: max{A, A+2*max{0, B-A}} [O(n)]
  0: f13->f47, B1: inf [Infinity]
  0: f13->f47, C: max{1, C} [O(n)]
  0: f13->f47, D: max{0, Y} [O(n)]
  0: f13->f47, E: E [O(n)]
  0: f13->f47, F: 0 [O(1)]
  0: f13->f47, G: G [O(n)]
  0: f13->f47, H: max{0, H} [O(n)]
  0: f13->f47, I: inf [Infinity]
  0: f13->f47, J: inf [Infinity]
  0: f13->f47, K: inf [Infinity]
  0: f13->f47, L: max{L, E, L} [O(n)]
  0: f13->f47, M: max{0, M} [O(n)]
  0: f13->f47, N: max{0, N} [O(n)]
  0: f13->f47, O: max{0, O} [O(n)]
  0: f13->f47, P: max{0, P} [O(n)]
  0: f13->f47, Q: max{Q, R, Q} [O(n)]
  0: f13->f47, R: R [O(n)]
  0: f13->f47, S: max{1, S} [O(n)]
  0: f13->f47, T: max{1, T} [O(n)]
  0: f13->f47, U: max{1, U} [O(n)]
  0: f13->f47, V: max{0, V} [O(n)]
  0: f13->f47, W: 0 [O(1)]
  0: f13->f47, X: inf [Infinity]
  0: f13->f47, Y: inf [Infinity]
  0: f13->f47, Z: inf [Infinity]
  8: f13->f47, A: max{A, A+2*max{0, B-A}} [O(n)]
  8: f13->f47, A1: inf [Infinity]
  8: f13->f47, B: B [O(n)]
  8: f13->f47, B1: inf [Infinity]
  8: f13->f47, C: max{1, C} [O(n)]
  8: f13->f47, D: max{0, Y} [O(n)]
  8: f13->f47, E: E [O(n)]
  8: f13->f47, F: 0 [O(1)]
  8: f13->f47, G: G [O(n)]
  8: f13->f47, H: inf [Infinity]
  8: f13->f47, I: inf [Infinity]
  8: f13->f47, J: inf [Infinity]
  8: f13->f47, K: inf [Infinity]
  8: f13->f47, L: E [O(n)]
  8: f13->f47, M: inf [Infinity]
  8: f13->f47, N: inf [Infinity]
  8: f13->f47, O: inf [Infinity]
  8: f13->f47, P: max{0, P} [O(n)]
  8: f13->f47, Q: max{Q, R, Q} [O(n)]
  8: f13->f47, R: R [O(n)]
  8: f13->f47, S: max{1, S} [O(n)]
  8: f13->f47, T: max{1, T} [O(n)]
  8: f13->f47, U: max{1, U} [O(n)]
  8: f13->f47, V: max{0, V} [O(n)]
  8: f13->f47, W: 0 [O(1)]
  8: f13->f47, X: inf [Infinity]
  8: f13->f47, Y: inf [Infinity]
  8: f13->f47, Z: inf [Infinity]
  9: f13->f39, A: max{A, A+2*max{0, B-A}} [O(n)]
  9: f13->f39, A1: inf [Infinity]
  9: f13->f39, B: B [O(n)]
  9: f13->f39, B1: inf [Infinity]
  9: f13->f39, C: inf [Infinity]
  9: f13->f39, D: max{0, Y} [O(n)]
  9: f13->f39, E: E [O(n)]
  9: f13->f39, F: 0 [O(1)]
  9: f13->f39, G: G [O(n)]
  9: f13->f39, H: 0 [O(1)]
  9: f13->f39, I: inf [Infinity]
  9: f13->f39, J: inf [Infinity]
  9: f13->f39, K: inf [Infinity]
  9: f13->f39, L: E [O(n)]
  9: f13->f39, M: 0 [O(1)]
  9: f13->f39, N: 0 [O(1)]
  9: f13->f39, O: 0 [O(1)]
  9: f13->f39, P: 0 [O(1)]
  9: f13->f39, Q: R [O(n)]
  9: f13->f39, R: 0 [O(1)]
  9: f13->f39, S: inf [Infinity]
  9: f13->f39, T: inf [Infinity]
  9: f13->f39, U: inf [Infinity]
  9: f13->f39, V: 0 [O(1)]
  9: f13->f39, W: 0 [O(1)]
  9: f13->f39, X: inf [Infinity]
  9: f13->f39, Y: inf [Infinity]
  9: f13->f39, Z: inf [Infinity]
  10: f13->f39, A: max{A, A+2*max{0, B-A}} [O(n)]
  10: f13->f39, A1: inf [Infinity]
  10: f13->f39, B: B [O(n)]
  10: f13->f39, B1: inf [Infinity]
  10: f13->f39, C: 0 [O(1)]
  10: f13->f39, D: max{0, Y} [O(n)]
  10: f13->f39, E: E [O(n)]
  10: f13->f39, F: 0 [O(1)]
  10: f13->f39, G: G [O(n)]
  10: f13->f39, H: 0 [O(1)]
  10: f13->f39, I: inf [Infinity]
  10: f13->f39, J: inf [Infinity]
  10: f13->f39, K: inf [Infinity]
  10: f13->f39, L: E [O(n)]
  10: f13->f39, M: 0 [O(1)]
  10: f13->f39, N: 0 [O(1)]
  10: f13->f39, O: 0 [O(1)]
  10: f13->f39, P: 0 [O(1)]
  10: f13->f39, Q: R [O(n)]
  10: f13->f39, R: 0 [O(1)]
  10: f13->f39, S: 0 [O(1)]
  10: f13->f39, T: 0 [O(1)]
  10: f13->f39, U: 0 [O(1)]
  10: f13->f39, V: 0 [O(1)]
  10: f13->f39, W: 0 [O(1)]
  10: f13->f39, X: inf [Infinity]
  10: f13->f39, Y: inf [Infinity]
  10: f13->f39, Z: inf [Infinity]
  11: f13->f13, A: A+2*max{0, B-A} [O(n)]
  11: f13->f13, A1: inf [Infinity]
  11: f13->f13, B: B [O(n)]
  11: f13->f13, B1: inf [Infinity]
  11: f13->f13, C: 1 [O(1)]
  11: f13->f13, D: max{0, Y} [O(n)]
  11: f13->f13, E: E [O(n)]
  11: f13->f13, F: 0 [O(1)]
  11: f13->f13, G: G [O(n)]
  11: f13->f13, H: 0 [O(1)]
  11: f13->f13, I: inf [Infinity]
  11: f13->f13, J: inf [Infinity]
  11: f13->f13, K: inf [Infinity]
  11: f13->f13, L: E [O(n)]
  11: f13->f13, M: 0 [O(1)]
  11: f13->f13, N: 0 [O(1)]
  11: f13->f13, O: 0 [O(1)]
  11: f13->f13, P: 0 [O(1)]
  11: f13->f13, Q: R [O(n)]
  11: f13->f13, R: R [O(n)]
  11: f13->f13, S: 1 [O(1)]
  11: f13->f13, T: 1 [O(1)]
  11: f13->f13, U: 1 [O(1)]
  11: f13->f13, V: 0 [O(1)]
  11: f13->f13, W: 0 [O(1)]
  11: f13->f13, X: inf [Infinity]
  11: f13->f13, Y: inf [Infinity]
  11: f13->f13, Z: inf [Infinity]
  1: f39->f47, A: max{A, A+2*max{0, B-A}} [O(n)]
  1: f39->f47, A1: inf [Infinity]
  1: f39->f47, B: B [O(n)]
  1: f39->f47, B1: inf [Infinity]
  1: f39->f47, C: inf [Infinity]
  1: f39->f47, D: max{0, Y} [O(n)]
  1: f39->f47, E: E [O(n)]
  1: f39->f47, F: 0 [O(1)]
  1: f39->f47, G: G [O(n)]
  1: f39->f47, H: 0 [O(1)]
  1: f39->f47, I: inf [Infinity]
  1: f39->f47, J: inf [Infinity]
  1: f39->f47, K: inf [Infinity]
  1: f39->f47, L: E [O(n)]
  1: f39->f47, M: 0 [O(1)]
  1: f39->f47, N: 0 [O(1)]
  1: f39->f47, O: 0 [O(1)]
  1: f39->f47, P: 0 [O(1)]
  1: f39->f47, Q: R [O(n)]
  1: f39->f47, R: 0 [O(1)]
  1: f39->f47, S: inf [Infinity]
  1: f39->f47, T: inf [Infinity]
  1: f39->f47, U: inf [Infinity]
  1: f39->f47, V: 0 [O(1)]
  1: f39->f47, W: 0 [O(1)]
  1: f39->f47, X: inf [Infinity]
  1: f39->f47, Y: inf [Infinity]
  1: f39->f47, Z: inf [Infinity]
  2: f39->f47, A: max{A, A+2*max{0, B-A}} [O(n)]
  2: f39->f47, A1: inf [Infinity]
  2: f39->f47, B: B [O(n)]
  2: f39->f47, B1: inf [Infinity]
  2: f39->f47, C: 1 [O(1)]
  2: f39->f47, D: max{0, Y} [O(n)]
  2: f39->f47, E: E [O(n)]
  2: f39->f47, F: 0 [O(1)]
  2: f39->f47, G: G [O(n)]
  2: f39->f47, H: 0 [O(1)]
  2: f39->f47, I: inf [Infinity]
  2: f39->f47, J: inf [Infinity]
  2: f39->f47, K: inf [Infinity]
  2: f39->f47, L: E [O(n)]
  2: f39->f47, M: 0 [O(1)]
  2: f39->f47, N: 0 [O(1)]
  2: f39->f47, O: 0 [O(1)]
  2: f39->f47, P: 0 [O(1)]
  2: f39->f47, Q: R [O(n)]
  2: f39->f47, R: 0 [O(1)]
  2: f39->f47, S: 1 [O(1)]
  2: f39->f47, T: 1 [O(1)]
  2: f39->f47, U: 1 [O(1)]
  2: f39->f47, V: 0 [O(1)]
  2: f39->f47, W: 0 [O(1)]
  2: f39->f47, X: inf [Infinity]
  2: f39->f47, Y: inf [Infinity]
  2: f39->f47, Z: inf [Infinity]
  7: f39->f47, A: max{A, A+2*max{0, B-A}} [O(n)]
  7: f39->f47, A1: inf [Infinity]
  7: f39->f47, B: B [O(n)]
  7: f39->f47, B1: inf [Infinity]
  7: f39->f47, C: 2 [O(1)]
  7: f39->f47, D: max{0, Y} [O(n)]
  7: f39->f47, E: 1+E [O(n)]
  7: f39->f47, F: 0 [O(1)]
  7: f39->f47, G: 0 [O(1)]
  7: f39->f47, H: 0 [O(1)]
  7: f39->f47, I: inf [Infinity]
  7: f39->f47, J: inf [Infinity]
  7: f39->f47, K: inf [Infinity]
  7: f39->f47, L: E [O(n)]
  7: f39->f47, M: 0 [O(1)]
  7: f39->f47, N: 0 [O(1)]
  7: f39->f47, O: 0 [O(1)]
  7: f39->f47, P: 0 [O(1)]
  7: f39->f47, Q: R [O(n)]
  7: f39->f47, R: 0 [O(1)]
  7: f39->f47, S: 2 [O(1)]
  7: f39->f47, T: 2 [O(1)]
  7: f39->f47, U: 2 [O(1)]
  7: f39->f47, V: 0 [O(1)]
  7: f39->f47, W: 0 [O(1)]
  7: f39->f47, X: inf [Infinity]
  7: f39->f47, Y: inf [Infinity]
  7: f39->f47, Z: inf [Infinity]
  5: f47->f54, A: max{A, A+2*max{0, B-A}} [O(n)]
  5: f47->f54, A1: inf [Infinity]
  5: f47->f54, B: max{B, A, A+2*max{0, B-A}} [O(n)]
  5: f47->f54, B1: inf [Infinity]
  5: f47->f54, C: inf [Infinity]
  5: f47->f54, D: max{0, Y} [O(n)]
  5: f47->f54, E: 0 [O(1)]
  5: f47->f54, F: 0 [O(1)]
  5: f47->f54, G: max{0, G} [O(n)]
  5: f47->f54, H: inf [Infinity]
  5: f47->f54, I: inf [Infinity]
  5: f47->f54, J: inf [Infinity]
  5: f47->f54, K: inf [Infinity]
  5: f47->f54, L: max{E, L, max{E, L}} [O(n)]
  5: f47->f54, M: inf [Infinity]
  5: f47->f54, N: inf [Infinity]
  5: f47->f54, O: inf [Infinity]
  5: f47->f54, P: max{0, P} [O(n)]
  5: f47->f54, Q: max{Q, R, max{Q, R, Q}} [O(n)]
  5: f47->f54, R: max{0, R} [O(n)]
  5: f47->f54, S: inf [Infinity]
  5: f47->f54, T: inf [Infinity]
  5: f47->f54, U: inf [Infinity]
  5: f47->f54, V: max{0, V} [O(n)]
  5: f47->f54, W: 0 [O(1)]
  5: f47->f54, X: inf [Infinity]
  5: f47->f54, Y: inf [Infinity]
  5: f47->f54, Z: inf [Infinity]
  6: f47->f54, A: max{A, A+2*max{0, B-A}} [O(n)]
  6: f47->f54, A1: inf [Infinity]
  6: f47->f54, B: max{B, A, A+2*max{0, B-A}} [O(n)]
  6: f47->f54, B1: inf [Infinity]
  6: f47->f54, C: inf [Infinity]
  6: f47->f54, D: 0 [O(1)]
  6: f47->f54, E: 0 [O(1)]
  6: f47->f54, F: 0 [O(1)]
  6: f47->f54, G: max{0, G} [O(n)]
  6: f47->f54, H: inf [Infinity]
  6: f47->f54, I: inf [Infinity]
  6: f47->f54, J: inf [Infinity]
  6: f47->f54, K: inf [Infinity]
  6: f47->f54, L: max{E, L, max{E, L}} [O(n)]
  6: f47->f54, M: inf [Infinity]
  6: f47->f54, N: inf [Infinity]
  6: f47->f54, O: inf [Infinity]
  6: f47->f54, P: max{0, P} [O(n)]
  6: f47->f54, Q: max{Q, R, max{Q, R, Q}} [O(n)]
  6: f47->f54, R: max{0, R} [O(n)]
  6: f47->f54, S: inf [Infinity]
  6: f47->f54, T: inf [Infinity]
  6: f47->f54, U: inf [Infinity]
  6: f47->f54, V: max{0, V} [O(n)]
  6: f47->f54, W: 0 [O(1)]
  6: f47->f54, X: inf [Infinity]
  6: f47->f54, Y: inf [Infinity]
  6: f47->f54, Z: inf [Infinity]
  3: f54->f54, A: max{A, A+2*max{0, B-A}} [O(n)]
  3: f54->f54, A1: inf [Infinity]
  3: f54->f54, B: max{B, A, A+2*max{0, B-A}} [O(n)]
  3: f54->f54, B1: inf [Infinity]
  3: f54->f54, C: inf [Infinity]
  3: f54->f54, D: max{0, Y} [O(n)]
  3: f54->f54, E: 0 [O(1)]
  3: f54->f54, F: 0 [O(1)]
  3: f54->f54, G: max{0, G} [O(n)]
  3: f54->f54, H: inf [Infinity]
  3: f54->f54, I: inf [Infinity]
  3: f54->f54, J: inf [Infinity]
  3: f54->f54, K: inf [Infinity]
  3: f54->f54, L: max{E, L, max{E, L}} [O(n)]
  3: f54->f54, M: inf [Infinity]
  3: f54->f54, N: inf [Infinity]
  3: f54->f54, O: inf [Infinity]
  3: f54->f54, P: max{0, P} [O(n)]
  3: f54->f54, Q: max{Q, R, max{Q, R, Q}} [O(n)]
  3: f54->f54, R: max{0, R} [O(n)]
  3: f54->f54, S: inf [Infinity]
  3: f54->f54, T: inf [Infinity]
  3: f54->f54, U: inf [Infinity]
  3: f54->f54, V: max{0, V} [O(n)]
  3: f54->f54, W: 0 [O(1)]
  3: f54->f54, X: inf [Infinity]
  3: f54->f54, Y: inf [Infinity]
  3: f54->f54, Z: inf [Infinity]
