Timebounds: 
  Overall timebound: inf [Infinity]
  0: f0->f422: 1 [O(1)]
  1: f422->f422: 150 [O(1)]
  22: f422->f437: 1 [O(1)]
  2: f437->f441: 2186550 [O(1)]
  21: f437->f455: 1 [O(1)]
  3: f441->f441: inf [Infinity]
  20: f441->f437: inf [Infinity]
  4: f455->f461: 2186550 [O(1)]
  19: f455->f485: 1 [O(1)]
  5: f461->f461: inf [Infinity]
  18: f461->f455: inf [Infinity]
  6: f485->f485: 43829 [O(1)]
  17: f485->f501: 1 [O(1)]
  7: f501->f501: 150 [O(1)]
  16: f501->f526: 1 [O(1)]
  8: f526->f526: 148 [O(1)]
  15: f526->f540: 1 [O(1)]
  9: f540->f543: 16 [O(1)]
  14: f540->f584: 1 [O(1)]
  10: f543->f546: inf [Infinity]
  13: f543->f540: inf [Infinity]
  11: f546->f546: inf [Infinity]
  12: f546->f543: inf [Infinity]

Costbounds:
  Overall costbound: inf [Infinity]
  0: f0->f422: 1 [O(1)]
  1: f422->f422: 150 [O(1)]
  22: f422->f437: 1 [O(1)]
  2: f437->f441: 2186550 [O(1)]
  21: f437->f455: 1 [O(1)]
  3: f441->f441: inf [Infinity]
  20: f441->f437: inf [Infinity]
  4: f455->f461: 2186550 [O(1)]
  19: f455->f485: 1 [O(1)]
  5: f461->f461: inf [Infinity]
  18: f461->f455: inf [Infinity]
  6: f485->f485: 43829 [O(1)]
  17: f485->f501: 1 [O(1)]
  7: f501->f501: 150 [O(1)]
  16: f501->f526: 1 [O(1)]
  8: f526->f526: 148 [O(1)]
  15: f526->f540: 1 [O(1)]
  9: f540->f543: 16 [O(1)]
  14: f540->f584: 1 [O(1)]
  10: f543->f546: inf [Infinity]
  13: f543->f540: inf [Infinity]
  11: f546->f546: inf [Infinity]
  12: f546->f543: inf [Infinity]

Sizebounds:
`Lower:
  0: f0->f422, A: 3 [O(1)]
  0: f0->f422, A1: A1 [O(n)]
  0: f0->f422, B: 1024 [O(1)]
  0: f0->f422, B1: B1 [O(n)]
  0: f0->f422, C: 3 [O(1)]
  0: f0->f422, C1: C1 [O(n)]
  0: f0->f422, D: Q1 [O(n)]
  0: f0->f422, D1: D1 [O(n)]
  0: f0->f422, E: 0 [O(1)]
  0: f0->f422, E1: E1 [O(n)]
  0: f0->f422, F: F [O(n)]
  0: f0->f422, F1: F1 [O(n)]
  0: f0->f422, G: G [O(n)]
  0: f0->f422, G1: G1 [O(n)]
  0: f0->f422, H: H [O(n)]
  0: f0->f422, H1: H1 [O(n)]
  0: f0->f422, I: I [O(n)]
  0: f0->f422, I1: I1 [O(n)]
  0: f0->f422, J: J [O(n)]
  0: f0->f422, J1: J1 [O(n)]
  0: f0->f422, K: K [O(n)]
  0: f0->f422, K1: K1 [O(n)]
  0: f0->f422, L: L [O(n)]
  0: f0->f422, L1: L1 [O(n)]
  0: f0->f422, M: M [O(n)]
  0: f0->f422, M1: M1 [O(n)]
  0: f0->f422, N: N [O(n)]
  0: f0->f422, N1: N1 [O(n)]
  0: f0->f422, O: O [O(n)]
  0: f0->f422, O1: O1 [O(n)]
  0: f0->f422, P: P [O(n)]
  0: f0->f422, P1: P1 [O(n)]
  0: f0->f422, Q: Q [O(n)]
  0: f0->f422, R: R [O(n)]
  0: f0->f422, S: S [O(n)]
  0: f0->f422, T: T [O(n)]
  0: f0->f422, U: U [O(n)]
  0: f0->f422, V: V [O(n)]
  0: f0->f422, W: W [O(n)]
  0: f0->f422, X: X [O(n)]
  0: f0->f422, Y: Y [O(n)]
  0: f0->f422, Z: Z [O(n)]
  1: f422->f422, A: 3 [O(1)]
  1: f422->f422, A1: A1 [O(n)]
  1: f422->f422, B: 1024 [O(1)]
  1: f422->f422, B1: B1 [O(n)]
  1: f422->f422, C1: C1 [O(n)]
  1: f422->f422, D1: D1 [O(n)]
  1: f422->f422, E: 1 [O(1)]
  1: f422->f422, E1: E1 [O(n)]
  1: f422->f422, F: F [O(n)]
  1: f422->f422, F1: F1 [O(n)]
  1: f422->f422, G: G [O(n)]
  1: f422->f422, G1: G1 [O(n)]
  1: f422->f422, H: H [O(n)]
  1: f422->f422, H1: H1 [O(n)]
  1: f422->f422, I: I [O(n)]
  1: f422->f422, I1: I1 [O(n)]
  1: f422->f422, J: J [O(n)]
  1: f422->f422, J1: J1 [O(n)]
  1: f422->f422, K: K [O(n)]
  1: f422->f422, K1: K1 [O(n)]
  1: f422->f422, L: L [O(n)]
  1: f422->f422, L1: L1 [O(n)]
  1: f422->f422, M: M [O(n)]
  1: f422->f422, M1: M1 [O(n)]
  1: f422->f422, N: N [O(n)]
  1: f422->f422, N1: N1 [O(n)]
  1: f422->f422, O: O [O(n)]
  1: f422->f422, O1: O1 [O(n)]
  1: f422->f422, P: P [O(n)]
  1: f422->f422, P1: P1 [O(n)]
  1: f422->f422, Q: Q [O(n)]
  1: f422->f422, R: R [O(n)]
  1: f422->f422, S: S [O(n)]
  1: f422->f422, T: T [O(n)]
  1: f422->f422, U: U [O(n)]
  1: f422->f422, V: V [O(n)]
  1: f422->f422, W: W [O(n)]
  1: f422->f422, X: X [O(n)]
  1: f422->f422, Y: Y [O(n)]
  1: f422->f422, Z: Z [O(n)]
  22: f422->f437, A1: A1 [O(n)]
  22: f422->f437, B: 1024 [O(1)]
  22: f422->f437, B1: B1 [O(n)]
  22: f422->f437, C1: C1 [O(n)]
  22: f422->f437, D1: D1 [O(n)]
  22: f422->f437, E: 150 [O(1)]
  22: f422->f437, E1: E1 [O(n)]
  22: f422->f437, F: 0 [O(1)]
  22: f422->f437, F1: F1 [O(n)]
  22: f422->f437, G: G [O(n)]
  22: f422->f437, G1: G1 [O(n)]
  22: f422->f437, H: H [O(n)]
  22: f422->f437, H1: H1 [O(n)]
  22: f422->f437, I: I [O(n)]
  22: f422->f437, I1: I1 [O(n)]
  22: f422->f437, J: J [O(n)]
  22: f422->f437, J1: J1 [O(n)]
  22: f422->f437, K: K [O(n)]
  22: f422->f437, K1: K1 [O(n)]
  22: f422->f437, L: L [O(n)]
  22: f422->f437, L1: L1 [O(n)]
  22: f422->f437, M: M [O(n)]
  22: f422->f437, M1: M1 [O(n)]
  22: f422->f437, N: N [O(n)]
  22: f422->f437, N1: N1 [O(n)]
  22: f422->f437, O: O [O(n)]
  22: f422->f437, P: P [O(n)]
  22: f422->f437, Q: Q [O(n)]
  22: f422->f437, R: R [O(n)]
  22: f422->f437, S: S [O(n)]
  22: f422->f437, T: T [O(n)]
  22: f422->f437, U: U [O(n)]
  22: f422->f437, V: V [O(n)]
  22: f422->f437, W: W [O(n)]
  22: f422->f437, X: X [O(n)]
  22: f422->f437, Y: Y [O(n)]
  22: f422->f437, Z: Z [O(n)]
  2: f437->f441, A1: A1 [O(n)]
  2: f437->f441, B: 1024 [O(1)]
  2: f437->f441, B1: B1 [O(n)]
  2: f437->f441, C1: C1 [O(n)]
  2: f437->f441, D1: D1 [O(n)]
  2: f437->f441, E: 150 [O(1)]
  2: f437->f441, E1: E1 [O(n)]
  2: f437->f441, F: 0 [O(1)]
  2: f437->f441, F1: F1 [O(n)]
  2: f437->f441, G: 0 [O(1)]
  2: f437->f441, G1: G1 [O(n)]
  2: f437->f441, H: 0 [O(1)]
  2: f437->f441, H1: H1 [O(n)]
  2: f437->f441, I: I [O(n)]
  2: f437->f441, I1: I1 [O(n)]
  2: f437->f441, J: J [O(n)]
  2: f437->f441, J1: J1 [O(n)]
  2: f437->f441, K: K [O(n)]
  2: f437->f441, K1: K1 [O(n)]
  2: f437->f441, L: L [O(n)]
  2: f437->f441, L1: L1 [O(n)]
  2: f437->f441, M: M [O(n)]
  2: f437->f441, M1: M1 [O(n)]
  2: f437->f441, N: N [O(n)]
  2: f437->f441, N1: N1 [O(n)]
  2: f437->f441, O: O [O(n)]
  2: f437->f441, P: P [O(n)]
  2: f437->f441, Q: Q [O(n)]
  2: f437->f441, R: R [O(n)]
  2: f437->f441, S: S [O(n)]
  2: f437->f441, T: T [O(n)]
  2: f437->f441, U: U [O(n)]
  2: f437->f441, V: V [O(n)]
  2: f437->f441, W: W [O(n)]
  2: f437->f441, X: X [O(n)]
  2: f437->f441, Y: Y [O(n)]
  2: f437->f441, Z: Z [O(n)]
  21: f437->f455, A1: A1 [O(n)]
  21: f437->f455, B: 1024 [O(1)]
  21: f437->f455, B1: B1 [O(n)]
  21: f437->f455, C1: C1 [O(n)]
  21: f437->f455, D1: D1 [O(n)]
  21: f437->f455, E: 150 [O(1)]
  21: f437->f455, E1: E1 [O(n)]
  21: f437->f455, F: 50 [O(1)]
  21: f437->f455, F1: F1 [O(n)]
  21: f437->f455, G1: G1 [O(n)]
  21: f437->f455, H: -max{-50, -H} [O(n)]
  21: f437->f455, H1: H1 [O(n)]
  21: f437->f455, I: 0 [O(1)]
  21: f437->f455, I1: I1 [O(n)]
  21: f437->f455, J: J [O(n)]
  21: f437->f455, J1: J1 [O(n)]
  21: f437->f455, K: K [O(n)]
  21: f437->f455, K1: K1 [O(n)]
  21: f437->f455, L: L [O(n)]
  21: f437->f455, L1: L1 [O(n)]
  21: f437->f455, M: M [O(n)]
  21: f437->f455, M1: M1 [O(n)]
  21: f437->f455, N: N [O(n)]
  21: f437->f455, N1: N1 [O(n)]
  21: f437->f455, O: O [O(n)]
  21: f437->f455, P: P [O(n)]
  21: f437->f455, Q: Q [O(n)]
  21: f437->f455, R: R [O(n)]
  21: f437->f455, S: S [O(n)]
  21: f437->f455, T: T [O(n)]
  21: f437->f455, U: U [O(n)]
  21: f437->f455, V: V [O(n)]
  21: f437->f455, W: W [O(n)]
  21: f437->f455, X: X [O(n)]
  21: f437->f455, Y: Y [O(n)]
  21: f437->f455, Z: Z [O(n)]
  3: f441->f441, A1: A1 [O(n)]
  3: f441->f441, B: 1024 [O(1)]
  3: f441->f441, B1: B1 [O(n)]
  3: f441->f441, C1: C1 [O(n)]
  3: f441->f441, D1: D1 [O(n)]
  3: f441->f441, E: 150 [O(1)]
  3: f441->f441, E1: E1 [O(n)]
  3: f441->f441, F: 0 [O(1)]
  3: f441->f441, F1: F1 [O(n)]
  3: f441->f441, G1: G1 [O(n)]
  3: f441->f441, H: 1 [O(1)]
  3: f441->f441, H1: H1 [O(n)]
  3: f441->f441, I: I [O(n)]
  3: f441->f441, I1: I1 [O(n)]
  3: f441->f441, J: J [O(n)]
  3: f441->f441, J1: J1 [O(n)]
  3: f441->f441, K: K [O(n)]
  3: f441->f441, K1: K1 [O(n)]
  3: f441->f441, L: L [O(n)]
  3: f441->f441, L1: L1 [O(n)]
  3: f441->f441, M: M [O(n)]
  3: f441->f441, M1: M1 [O(n)]
  3: f441->f441, N: N [O(n)]
  3: f441->f441, N1: N1 [O(n)]
  3: f441->f441, O: O [O(n)]
  3: f441->f441, P: P [O(n)]
  3: f441->f441, Q: Q [O(n)]
  3: f441->f441, R: R [O(n)]
  3: f441->f441, S: S [O(n)]
  3: f441->f441, T: T [O(n)]
  3: f441->f441, U: U [O(n)]
  3: f441->f441, V: V [O(n)]
  3: f441->f441, W: W [O(n)]
  3: f441->f441, X: X [O(n)]
  3: f441->f441, Y: Y [O(n)]
  3: f441->f441, Z: Z [O(n)]
  20: f441->f437, A1: A1 [O(n)]
  20: f441->f437, B: 1024 [O(1)]
  20: f441->f437, B1: B1 [O(n)]
  20: f441->f437, C1: C1 [O(n)]
  20: f441->f437, D1: D1 [O(n)]
  20: f441->f437, E: 150 [O(1)]
  20: f441->f437, E1: E1 [O(n)]
  20: f441->f437, F: 1 [O(1)]
  20: f441->f437, F1: F1 [O(n)]
  20: f441->f437, G1: G1 [O(n)]
  20: f441->f437, H: 50 [O(1)]
  20: f441->f437, H1: H1 [O(n)]
  20: f441->f437, I: I [O(n)]
  20: f441->f437, I1: I1 [O(n)]
  20: f441->f437, J: J [O(n)]
  20: f441->f437, J1: J1 [O(n)]
  20: f441->f437, K: K [O(n)]
  20: f441->f437, K1: K1 [O(n)]
  20: f441->f437, L: L [O(n)]
  20: f441->f437, L1: L1 [O(n)]
  20: f441->f437, M: M [O(n)]
  20: f441->f437, M1: M1 [O(n)]
  20: f441->f437, N: N [O(n)]
  20: f441->f437, N1: N1 [O(n)]
  20: f441->f437, O: O [O(n)]
  20: f441->f437, P: P [O(n)]
  20: f441->f437, Q: Q [O(n)]
  20: f441->f437, R: R [O(n)]
  20: f441->f437, S: S [O(n)]
  20: f441->f437, T: T [O(n)]
  20: f441->f437, U: U [O(n)]
  20: f441->f437, V: V [O(n)]
  20: f441->f437, W: W [O(n)]
  20: f441->f437, X: X [O(n)]
  20: f441->f437, Y: Y [O(n)]
  20: f441->f437, Z: Z [O(n)]
  4: f455->f461, A1: A1 [O(n)]
  4: f455->f461, B: 1024 [O(1)]
  4: f455->f461, B1: B1 [O(n)]
  4: f455->f461, C1: C1 [O(n)]
  4: f455->f461, D1: D1 [O(n)]
  4: f455->f461, E: 150 [O(1)]
  4: f455->f461, E1: E1 [O(n)]
  4: f455->f461, F: 50 [O(1)]
  4: f455->f461, F1: F1 [O(n)]
  4: f455->f461, G1: G1 [O(n)]
  4: f455->f461, H: -max{-50, -H} [O(n)]
  4: f455->f461, H1: H1 [O(n)]
  4: f455->f461, I: 0 [O(1)]
  4: f455->f461, I1: I1 [O(n)]
  4: f455->f461, J: 0 [O(1)]
  4: f455->f461, J1: J1 [O(n)]
  4: f455->f461, K: 0 [O(1)]
  4: f455->f461, K1: K1 [O(n)]
  4: f455->f461, L1: L1 [O(n)]
  4: f455->f461, M: 0 [O(1)]
  4: f455->f461, M1: M1 [O(n)]
  4: f455->f461, N1: N1 [O(n)]
  4: f455->f461, Q: Q [O(n)]
  4: f455->f461, R: R [O(n)]
  4: f455->f461, S: S [O(n)]
  4: f455->f461, T: T [O(n)]
  4: f455->f461, U: U [O(n)]
  4: f455->f461, V: V [O(n)]
  4: f455->f461, W: W [O(n)]
  4: f455->f461, X: X [O(n)]
  4: f455->f461, Y: Y [O(n)]
  4: f455->f461, Z: Z [O(n)]
  19: f455->f485, A1: A1 [O(n)]
  19: f455->f485, B: 1024 [O(1)]
  19: f455->f485, B1: B1 [O(n)]
  19: f455->f485, C1: C1 [O(n)]
  19: f455->f485, D1: D1 [O(n)]
  19: f455->f485, E: 150 [O(1)]
  19: f455->f485, E1: E1 [O(n)]
  19: f455->f485, F: 50 [O(1)]
  19: f455->f485, F1: F1 [O(n)]
  19: f455->f485, G1: G1 [O(n)]
  19: f455->f485, H: -max{-50, -H} [O(n)]
  19: f455->f485, H1: H1 [O(n)]
  19: f455->f485, I: 100 [O(1)]
  19: f455->f485, I1: I1 [O(n)]
  19: f455->f485, J1: J1 [O(n)]
  19: f455->f485, K1: K1 [O(n)]
  19: f455->f485, L1: L1 [O(n)]
  19: f455->f485, M: -max{-32, -M} [O(n)]
  19: f455->f485, M1: M1 [O(n)]
  19: f455->f485, N1: 100 [O(1)]
  19: f455->f485, Q: 98 [O(1)]
  19: f455->f485, S: S [O(n)]
  19: f455->f485, T: T [O(n)]
  19: f455->f485, U: U [O(n)]
  19: f455->f485, V: V [O(n)]
  19: f455->f485, W: W [O(n)]
  19: f455->f485, X: X [O(n)]
  19: f455->f485, Y: Y [O(n)]
  19: f455->f485, Z: Z [O(n)]
  5: f461->f461, A1: A1 [O(n)]
  5: f461->f461, B: 1024 [O(1)]
  5: f461->f461, B1: B1 [O(n)]
  5: f461->f461, C1: C1 [O(n)]
  5: f461->f461, D1: D1 [O(n)]
  5: f461->f461, E: 150 [O(1)]
  5: f461->f461, E1: E1 [O(n)]
  5: f461->f461, F: 50 [O(1)]
  5: f461->f461, F1: F1 [O(n)]
  5: f461->f461, G1: G1 [O(n)]
  5: f461->f461, H: -max{-50, -H} [O(n)]
  5: f461->f461, H1: H1 [O(n)]
  5: f461->f461, I: 0 [O(1)]
  5: f461->f461, I1: I1 [O(n)]
  5: f461->f461, J1: J1 [O(n)]
  5: f461->f461, K1: K1 [O(n)]
  5: f461->f461, L1: L1 [O(n)]
  5: f461->f461, M: 2 [O(1)]
  5: f461->f461, M1: M1 [O(n)]
  5: f461->f461, N1: N1 [O(n)]
  5: f461->f461, Q: Q [O(n)]
  5: f461->f461, R: R [O(n)]
  5: f461->f461, S: S [O(n)]
  5: f461->f461, T: T [O(n)]
  5: f461->f461, U: U [O(n)]
  5: f461->f461, V: V [O(n)]
  5: f461->f461, W: W [O(n)]
  5: f461->f461, X: X [O(n)]
  5: f461->f461, Y: Y [O(n)]
  5: f461->f461, Z: Z [O(n)]
  18: f461->f455, A1: A1 [O(n)]
  18: f461->f455, B: 1024 [O(1)]
  18: f461->f455, B1: B1 [O(n)]
  18: f461->f455, C1: C1 [O(n)]
  18: f461->f455, D1: D1 [O(n)]
  18: f461->f455, E: 150 [O(1)]
  18: f461->f455, E1: E1 [O(n)]
  18: f461->f455, F: 50 [O(1)]
  18: f461->f455, F1: F1 [O(n)]
  18: f461->f455, G1: G1 [O(n)]
  18: f461->f455, H: -max{-50, -H} [O(n)]
  18: f461->f455, H1: H1 [O(n)]
  18: f461->f455, I: 2 [O(1)]
  18: f461->f455, I1: I1 [O(n)]
  18: f461->f455, J1: J1 [O(n)]
  18: f461->f455, K1: K1 [O(n)]
  18: f461->f455, L1: L1 [O(n)]
  18: f461->f455, M: 32 [O(1)]
  18: f461->f455, M1: M1 [O(n)]
  18: f461->f455, N1: N1 [O(n)]
  18: f461->f455, Q: Q [O(n)]
  18: f461->f455, R: R [O(n)]
  18: f461->f455, S: S [O(n)]
  18: f461->f455, T: T [O(n)]
  18: f461->f455, U: U [O(n)]
  18: f461->f455, V: V [O(n)]
  18: f461->f455, W: W [O(n)]
  18: f461->f455, X: X [O(n)]
  18: f461->f455, Y: Y [O(n)]
  18: f461->f455, Z: Z [O(n)]
  6: f485->f485, A1: A1 [O(n)]
  6: f485->f485, B: 1024 [O(1)]
  6: f485->f485, B1: B1 [O(n)]
  6: f485->f485, C1: C1 [O(n)]
  6: f485->f485, D1: D1 [O(n)]
  6: f485->f485, E: 150 [O(1)]
  6: f485->f485, E1: E1 [O(n)]
  6: f485->f485, F: 50 [O(1)]
  6: f485->f485, F1: F1 [O(n)]
  6: f485->f485, G1: G1 [O(n)]
  6: f485->f485, H: -max{-50, -H} [O(n)]
  6: f485->f485, H1: H1 [O(n)]
  6: f485->f485, I: 100 [O(1)]
  6: f485->f485, I1: I1 [O(n)]
  6: f485->f485, J1: J1 [O(n)]
  6: f485->f485, K1: K1 [O(n)]
  6: f485->f485, L1: L1 [O(n)]
  6: f485->f485, M: -max{-32, -M} [O(n)]
  6: f485->f485, M1: M1 [O(n)]
  6: f485->f485, N1: 100 [O(1)]
  6: f485->f485, Q: -1 [O(1)]
  6: f485->f485, S: S [O(n)]
  6: f485->f485, T: T [O(n)]
  6: f485->f485, U: U [O(n)]
  6: f485->f485, V: V [O(n)]
  6: f485->f485, W: W [O(n)]
  6: f485->f485, X: X [O(n)]
  6: f485->f485, Y: Y [O(n)]
  6: f485->f485, Z: Z [O(n)]
  17: f485->f501, A1: A1 [O(n)]
  17: f485->f501, B1: B1 [O(n)]
  17: f485->f501, C1: C1 [O(n)]
  17: f485->f501, D1: D1 [O(n)]
  17: f485->f501, E: 150 [O(1)]
  17: f485->f501, E1: E1 [O(n)]
  17: f485->f501, F: 50 [O(1)]
  17: f485->f501, F1: F1 [O(n)]
  17: f485->f501, G1: G1 [O(n)]
  17: f485->f501, H: -max{-50, -H} [O(n)]
  17: f485->f501, H1: H1 [O(n)]
  17: f485->f501, I: 100 [O(1)]
  17: f485->f501, I1: I1 [O(n)]
  17: f485->f501, J1: J1 [O(n)]
  17: f485->f501, K1: K1 [O(n)]
  17: f485->f501, L1: L1 [O(n)]
  17: f485->f501, M: -max{-32, -M} [O(n)]
  17: f485->f501, N1: 100 [O(1)]
  17: f485->f501, Q: -1 [O(1)]
  17: f485->f501, S: 0 [O(1)]
  17: f485->f501, U: U [O(n)]
  17: f485->f501, V: V [O(n)]
  17: f485->f501, W: W [O(n)]
  17: f485->f501, X: X [O(n)]
  17: f485->f501, Y: Y [O(n)]
  17: f485->f501, Z: Z [O(n)]
  7: f501->f501, A1: A1 [O(n)]
  7: f501->f501, B1: B1 [O(n)]
  7: f501->f501, C1: C1 [O(n)]
  7: f501->f501, D1: D1 [O(n)]
  7: f501->f501, E: 150 [O(1)]
  7: f501->f501, E1: E1 [O(n)]
  7: f501->f501, F: 50 [O(1)]
  7: f501->f501, F1: F1 [O(n)]
  7: f501->f501, G1: G1 [O(n)]
  7: f501->f501, H: -max{-50, -H} [O(n)]
  7: f501->f501, H1: H1 [O(n)]
  7: f501->f501, I: 100 [O(1)]
  7: f501->f501, I1: I1 [O(n)]
  7: f501->f501, J1: J1 [O(n)]
  7: f501->f501, K1: K1 [O(n)]
  7: f501->f501, L1: L1 [O(n)]
  7: f501->f501, M: -max{-32, -M} [O(n)]
  7: f501->f501, N1: 100 [O(1)]
  7: f501->f501, Q: -1 [O(1)]
  7: f501->f501, S: 1 [O(1)]
  7: f501->f501, V: V [O(n)]
  7: f501->f501, W: W [O(n)]
  7: f501->f501, X: X [O(n)]
  7: f501->f501, Y: Y [O(n)]
  7: f501->f501, Z: Z [O(n)]
  16: f501->f526, A1: A1 [O(n)]
  16: f501->f526, B1: B1 [O(n)]
  16: f501->f526, C1: C1 [O(n)]
  16: f501->f526, D1: D1 [O(n)]
  16: f501->f526, E: 150 [O(1)]
  16: f501->f526, F: 50 [O(1)]
  16: f501->f526, F1: F1 [O(n)]
  16: f501->f526, H: -max{-50, -H} [O(n)]
  16: f501->f526, H1: 1 [O(1)]
  16: f501->f526, I: 100 [O(1)]
  16: f501->f526, K1: 1 [O(1)]
  16: f501->f526, M: -max{-32, -M} [O(n)]
  16: f501->f526, N1: 100 [O(1)]
  16: f501->f526, Q: -1 [O(1)]
  16: f501->f526, S: 50 [O(1)]
  16: f501->f526, V: 17 [O(1)]
  16: f501->f526, W: 2 [O(1)]
  16: f501->f526, X: X [O(n)]
  16: f501->f526, Y: Y [O(n)]
  16: f501->f526, Z: Z [O(n)]
  8: f526->f526, A1: A1 [O(n)]
  8: f526->f526, B1: B1 [O(n)]
  8: f526->f526, C1: C1 [O(n)]
  8: f526->f526, D1: D1 [O(n)]
  8: f526->f526, E: 150 [O(1)]
  8: f526->f526, F: 50 [O(1)]
  8: f526->f526, F1: F1 [O(n)]
  8: f526->f526, H: -max{-50, -H} [O(n)]
  8: f526->f526, H1: 1 [O(1)]
  8: f526->f526, I: 100 [O(1)]
  8: f526->f526, K1: 1 [O(1)]
  8: f526->f526, M: -max{-32, -M} [O(n)]
  8: f526->f526, N1: 100 [O(1)]
  8: f526->f526, Q: -1 [O(1)]
  8: f526->f526, S: 50 [O(1)]
  8: f526->f526, V: 17 [O(1)]
  8: f526->f526, W: 3 [O(1)]
  8: f526->f526, X: X [O(n)]
  8: f526->f526, Y: Y [O(n)]
  8: f526->f526, Z: Z [O(n)]
  15: f526->f540, A1: 0 [O(1)]
  15: f526->f540, B1: 13 [O(1)]
  15: f526->f540, C1: 8 [O(1)]
  15: f526->f540, E: 150 [O(1)]
  15: f526->f540, F: 50 [O(1)]
  15: f526->f540, H: -max{-50, -H} [O(n)]
  15: f526->f540, H1: 1 [O(1)]
  15: f526->f540, I: 100 [O(1)]
  15: f526->f540, K1: 1 [O(1)]
  15: f526->f540, M: -max{-32, -M} [O(n)]
  15: f526->f540, N1: 100 [O(1)]
  15: f526->f540, Q: -1 [O(1)]
  15: f526->f540, S: 50 [O(1)]
  15: f526->f540, V: 17 [O(1)]
  15: f526->f540, W: 18 [O(1)]
  15: f526->f540, X: 1 [O(1)]
  15: f526->f540, Y: Y [O(n)]
  15: f526->f540, Z: Z [O(n)]
  9: f540->f543, A1: 0 [O(1)]
  9: f540->f543, B1: 13 [O(1)]
  9: f540->f543, C1: 1 [O(1)]
  9: f540->f543, E: 150 [O(1)]
  9: f540->f543, F: 50 [O(1)]
  9: f540->f543, H: -max{-50, -H} [O(n)]
  9: f540->f543, H1: 1 [O(1)]
  9: f540->f543, I: 100 [O(1)]
  9: f540->f543, K1: 1 [O(1)]
  9: f540->f543, M: -max{-32, -M} [O(n)]
  9: f540->f543, N1: 100 [O(1)]
  9: f540->f543, Q: -1 [O(1)]
  9: f540->f543, S: 50 [O(1)]
  9: f540->f543, V: 17 [O(1)]
  9: f540->f543, W: 18 [O(1)]
  9: f540->f543, X: 1 [O(1)]
  9: f540->f543, Y: 0 [O(1)]
  9: f540->f543, Z: -max{-4, -Z} [O(n)]
  14: f540->f584, A1: 0 [O(1)]
  14: f540->f584, B1: 13 [O(1)]
  14: f540->f584, C1: -6 [O(1)]
  14: f540->f584, E: 150 [O(1)]
  14: f540->f584, F: 50 [O(1)]
  14: f540->f584, H: -max{-50, -H} [O(n)]
  14: f540->f584, H1: 1 [O(1)]
  14: f540->f584, I: 100 [O(1)]
  14: f540->f584, K1: 1 [O(1)]
  14: f540->f584, M: -max{-32, -M} [O(n)]
  14: f540->f584, N1: 100 [O(1)]
  14: f540->f584, Q: -1 [O(1)]
  14: f540->f584, S: 50 [O(1)]
  14: f540->f584, V: 17 [O(1)]
  14: f540->f584, W: 18 [O(1)]
  14: f540->f584, X: 9 [O(1)]
  14: f540->f584, Y: -max{-8, -Y} [O(n)]
  14: f540->f584, Z: -max{-4, -Z} [O(n)]
  10: f543->f546, A1: 0 [O(1)]
  10: f543->f546, B1: 13 [O(1)]
  10: f543->f546, C1: 1 [O(1)]
  10: f543->f546, E: 150 [O(1)]
  10: f543->f546, F: 50 [O(1)]
  10: f543->f546, H: -max{-50, -H} [O(n)]
  10: f543->f546, H1: 1 [O(1)]
  10: f543->f546, I: 100 [O(1)]
  10: f543->f546, K1: 1 [O(1)]
  10: f543->f546, M: -max{-32, -M} [O(n)]
  10: f543->f546, N1: 100 [O(1)]
  10: f543->f546, Q: -1 [O(1)]
  10: f543->f546, S: 50 [O(1)]
  10: f543->f546, V: 17 [O(1)]
  10: f543->f546, W: 18 [O(1)]
  10: f543->f546, X: 1 [O(1)]
  10: f543->f546, Y: 0 [O(1)]
  10: f543->f546, Z: 0 [O(1)]
  13: f543->f540, A1: 3 [O(1)]
  13: f543->f540, B1: 16 [O(1)]
  13: f543->f540, C1: -6 [O(1)]
  13: f543->f540, E: 150 [O(1)]
  13: f543->f540, F: 50 [O(1)]
  13: f543->f540, H: -max{-50, -H} [O(n)]
  13: f543->f540, H1: 1 [O(1)]
  13: f543->f540, I: 100 [O(1)]
  13: f543->f540, K1: 1 [O(1)]
  13: f543->f540, M: -max{-32, -M} [O(n)]
  13: f543->f540, N1: 100 [O(1)]
  13: f543->f540, Q: -1 [O(1)]
  13: f543->f540, S: 50 [O(1)]
  13: f543->f540, V: 17 [O(1)]
  13: f543->f540, W: 18 [O(1)]
  13: f543->f540, X: 8 [O(1)]
  13: f543->f540, Y: 8 [O(1)]
  13: f543->f540, Z: -max{-4, -Z} [O(n)]
  11: f546->f546, A1: 0 [O(1)]
  11: f546->f546, B1: 13 [O(1)]
  11: f546->f546, C1: 1 [O(1)]
  11: f546->f546, E: 150 [O(1)]
  11: f546->f546, F: 50 [O(1)]
  11: f546->f546, H: -max{-50, -H} [O(n)]
  11: f546->f546, H1: 1 [O(1)]
  11: f546->f546, I: 100 [O(1)]
  11: f546->f546, K1: 1 [O(1)]
  11: f546->f546, M: -max{-32, -M} [O(n)]
  11: f546->f546, N1: 100 [O(1)]
  11: f546->f546, Q: -1 [O(1)]
  11: f546->f546, S: 50 [O(1)]
  11: f546->f546, V: 17 [O(1)]
  11: f546->f546, W: 18 [O(1)]
  11: f546->f546, X: 1 [O(1)]
  11: f546->f546, Y: 0 [O(1)]
  11: f546->f546, Z: 1 [O(1)]
  12: f546->f543, A1: 0 [O(1)]
  12: f546->f543, B1: 13 [O(1)]
  12: f546->f543, C1: 1 [O(1)]
  12: f546->f543, E: 150 [O(1)]
  12: f546->f543, F: 50 [O(1)]
  12: f546->f543, H: -max{-50, -H} [O(n)]
  12: f546->f543, H1: 1 [O(1)]
  12: f546->f543, I: 100 [O(1)]
  12: f546->f543, K1: 1 [O(1)]
  12: f546->f543, M: -max{-32, -M} [O(n)]
  12: f546->f543, N1: 100 [O(1)]
  12: f546->f543, Q: -1 [O(1)]
  12: f546->f543, S: 50 [O(1)]
  12: f546->f543, V: 17 [O(1)]
  12: f546->f543, W: 18 [O(1)]
  12: f546->f543, X: 1 [O(1)]
  12: f546->f543, Y: 1 [O(1)]
  12: f546->f543, Z: 4 [O(1)]
`Upper:
  0: f0->f422, A: 3 [O(1)]
  0: f0->f422, A1: A1 [O(n)]
  0: f0->f422, B: 43731 [O(1)]
  0: f0->f422, B1: B1 [O(n)]
  0: f0->f422, C: 3 [O(1)]
  0: f0->f422, C1: C1 [O(n)]
  0: f0->f422, D: Q1 [O(n)]
  0: f0->f422, D1: D1 [O(n)]
  0: f0->f422, E: 0 [O(1)]
  0: f0->f422, E1: E1 [O(n)]
  0: f0->f422, F: F [O(n)]
  0: f0->f422, F1: F1 [O(n)]
  0: f0->f422, G: G [O(n)]
  0: f0->f422, G1: G1 [O(n)]
  0: f0->f422, H: H [O(n)]
  0: f0->f422, H1: H1 [O(n)]
  0: f0->f422, I: I [O(n)]
  0: f0->f422, I1: I1 [O(n)]
  0: f0->f422, J: J [O(n)]
  0: f0->f422, J1: J1 [O(n)]
  0: f0->f422, K: K [O(n)]
  0: f0->f422, K1: K1 [O(n)]
  0: f0->f422, L: L [O(n)]
  0: f0->f422, L1: L1 [O(n)]
  0: f0->f422, M: M [O(n)]
  0: f0->f422, M1: M1 [O(n)]
  0: f0->f422, N: N [O(n)]
  0: f0->f422, N1: N1 [O(n)]
  0: f0->f422, O: O [O(n)]
  0: f0->f422, O1: O1 [O(n)]
  0: f0->f422, P: P [O(n)]
  0: f0->f422, P1: P1 [O(n)]
  0: f0->f422, Q: Q [O(n)]
  0: f0->f422, R: R [O(n)]
  0: f0->f422, S: S [O(n)]
  0: f0->f422, T: T [O(n)]
  0: f0->f422, U: U [O(n)]
  0: f0->f422, V: V [O(n)]
  0: f0->f422, W: W [O(n)]
  0: f0->f422, X: X [O(n)]
  0: f0->f422, Y: Y [O(n)]
  0: f0->f422, Z: Z [O(n)]
  1: f422->f422, A: 3 [O(1)]
  1: f422->f422, A1: A1 [O(n)]
  1: f422->f422, B: 43731 [O(1)]
  1: f422->f422, B1: B1 [O(n)]
  1: f422->f422, C1: C1 [O(n)]
  1: f422->f422, D1: D1 [O(n)]
  1: f422->f422, E: 150 [O(1)]
  1: f422->f422, E1: E1 [O(n)]
  1: f422->f422, F: F [O(n)]
  1: f422->f422, F1: F1 [O(n)]
  1: f422->f422, G: G [O(n)]
  1: f422->f422, G1: G1 [O(n)]
  1: f422->f422, H: H [O(n)]
  1: f422->f422, H1: H1 [O(n)]
  1: f422->f422, I: I [O(n)]
  1: f422->f422, I1: I1 [O(n)]
  1: f422->f422, J: J [O(n)]
  1: f422->f422, J1: J1 [O(n)]
  1: f422->f422, K: K [O(n)]
  1: f422->f422, K1: K1 [O(n)]
  1: f422->f422, L: L [O(n)]
  1: f422->f422, L1: L1 [O(n)]
  1: f422->f422, M: M [O(n)]
  1: f422->f422, M1: M1 [O(n)]
  1: f422->f422, N: N [O(n)]
  1: f422->f422, N1: N1 [O(n)]
  1: f422->f422, O: O [O(n)]
  1: f422->f422, O1: O1 [O(n)]
  1: f422->f422, P: P [O(n)]
  1: f422->f422, P1: P1 [O(n)]
  1: f422->f422, Q: Q [O(n)]
  1: f422->f422, R: R [O(n)]
  1: f422->f422, S: S [O(n)]
  1: f422->f422, T: T [O(n)]
  1: f422->f422, U: U [O(n)]
  1: f422->f422, V: V [O(n)]
  1: f422->f422, W: W [O(n)]
  1: f422->f422, X: X [O(n)]
  1: f422->f422, Y: Y [O(n)]
  1: f422->f422, Z: Z [O(n)]
  22: f422->f437, A1: A1 [O(n)]
  22: f422->f437, B: 43731 [O(1)]
  22: f422->f437, B1: B1 [O(n)]
  22: f422->f437, C1: C1 [O(n)]
  22: f422->f437, D1: D1 [O(n)]
  22: f422->f437, E: 150 [O(1)]
  22: f422->f437, E1: E1 [O(n)]
  22: f422->f437, F: 0 [O(1)]
  22: f422->f437, F1: F1 [O(n)]
  22: f422->f437, G: G [O(n)]
  22: f422->f437, G1: G1 [O(n)]
  22: f422->f437, H: H [O(n)]
  22: f422->f437, H1: H1 [O(n)]
  22: f422->f437, I: I [O(n)]
  22: f422->f437, I1: I1 [O(n)]
  22: f422->f437, J: J [O(n)]
  22: f422->f437, J1: J1 [O(n)]
  22: f422->f437, K: K [O(n)]
  22: f422->f437, K1: K1 [O(n)]
  22: f422->f437, L: L [O(n)]
  22: f422->f437, L1: L1 [O(n)]
  22: f422->f437, M: M [O(n)]
  22: f422->f437, M1: M1 [O(n)]
  22: f422->f437, N: N [O(n)]
  22: f422->f437, N1: N1 [O(n)]
  22: f422->f437, O: O [O(n)]
  22: f422->f437, P: P [O(n)]
  22: f422->f437, Q: Q [O(n)]
  22: f422->f437, R: R [O(n)]
  22: f422->f437, S: S [O(n)]
  22: f422->f437, T: T [O(n)]
  22: f422->f437, U: U [O(n)]
  22: f422->f437, V: V [O(n)]
  22: f422->f437, W: W [O(n)]
  22: f422->f437, X: X [O(n)]
  22: f422->f437, Y: Y [O(n)]
  22: f422->f437, Z: Z [O(n)]
  2: f437->f441, A1: A1 [O(n)]
  2: f437->f441, B: 43731 [O(1)]
  2: f437->f441, B1: B1 [O(n)]
  2: f437->f441, C1: C1 [O(n)]
  2: f437->f441, D1: D1 [O(n)]
  2: f437->f441, E: 150 [O(1)]
  2: f437->f441, E1: E1 [O(n)]
  2: f437->f441, F: 49 [O(1)]
  2: f437->f441, F1: F1 [O(n)]
  2: f437->f441, G: 0 [O(1)]
  2: f437->f441, G1: G1 [O(n)]
  2: f437->f441, H: 0 [O(1)]
  2: f437->f441, H1: H1 [O(n)]
  2: f437->f441, I: I [O(n)]
  2: f437->f441, I1: I1 [O(n)]
  2: f437->f441, J: J [O(n)]
  2: f437->f441, J1: J1 [O(n)]
  2: f437->f441, K: K [O(n)]
  2: f437->f441, K1: K1 [O(n)]
  2: f437->f441, L: L [O(n)]
  2: f437->f441, L1: L1 [O(n)]
  2: f437->f441, M: M [O(n)]
  2: f437->f441, M1: M1 [O(n)]
  2: f437->f441, N: N [O(n)]
  2: f437->f441, N1: N1 [O(n)]
  2: f437->f441, O: O [O(n)]
  2: f437->f441, P: P [O(n)]
  2: f437->f441, Q: Q [O(n)]
  2: f437->f441, R: R [O(n)]
  2: f437->f441, S: S [O(n)]
  2: f437->f441, T: T [O(n)]
  2: f437->f441, U: U [O(n)]
  2: f437->f441, V: V [O(n)]
  2: f437->f441, W: W [O(n)]
  2: f437->f441, X: X [O(n)]
  2: f437->f441, Y: Y [O(n)]
  2: f437->f441, Z: Z [O(n)]
  21: f437->f455, A1: A1 [O(n)]
  21: f437->f455, B: 43731 [O(1)]
  21: f437->f455, B1: B1 [O(n)]
  21: f437->f455, C1: C1 [O(n)]
  21: f437->f455, D1: D1 [O(n)]
  21: f437->f455, E: 150 [O(1)]
  21: f437->f455, E1: E1 [O(n)]
  21: f437->f455, F: 50 [O(1)]
  21: f437->f455, F1: F1 [O(n)]
  21: f437->f455, G1: G1 [O(n)]
  21: f437->f455, H: max{50, H} [O(n)]
  21: f437->f455, H1: H1 [O(n)]
  21: f437->f455, I: 0 [O(1)]
  21: f437->f455, I1: I1 [O(n)]
  21: f437->f455, J: J [O(n)]
  21: f437->f455, J1: J1 [O(n)]
  21: f437->f455, K: K [O(n)]
  21: f437->f455, K1: K1 [O(n)]
  21: f437->f455, L: L [O(n)]
  21: f437->f455, L1: L1 [O(n)]
  21: f437->f455, M: M [O(n)]
  21: f437->f455, M1: M1 [O(n)]
  21: f437->f455, N: N [O(n)]
  21: f437->f455, N1: N1 [O(n)]
  21: f437->f455, O: O [O(n)]
  21: f437->f455, P: P [O(n)]
  21: f437->f455, Q: Q [O(n)]
  21: f437->f455, R: R [O(n)]
  21: f437->f455, S: S [O(n)]
  21: f437->f455, T: T [O(n)]
  21: f437->f455, U: U [O(n)]
  21: f437->f455, V: V [O(n)]
  21: f437->f455, W: W [O(n)]
  21: f437->f455, X: X [O(n)]
  21: f437->f455, Y: Y [O(n)]
  21: f437->f455, Z: Z [O(n)]
  3: f441->f441, A1: A1 [O(n)]
  3: f441->f441, B: 43731 [O(1)]
  3: f441->f441, B1: B1 [O(n)]
  3: f441->f441, C1: C1 [O(n)]
  3: f441->f441, D1: D1 [O(n)]
  3: f441->f441, E: 150 [O(1)]
  3: f441->f441, E1: E1 [O(n)]
  3: f441->f441, F: 49 [O(1)]
  3: f441->f441, F1: F1 [O(n)]
  3: f441->f441, G1: G1 [O(n)]
  3: f441->f441, H: 50 [O(1)]
  3: f441->f441, H1: H1 [O(n)]
  3: f441->f441, I: I [O(n)]
  3: f441->f441, I1: I1 [O(n)]
  3: f441->f441, J: J [O(n)]
  3: f441->f441, J1: J1 [O(n)]
  3: f441->f441, K: K [O(n)]
  3: f441->f441, K1: K1 [O(n)]
  3: f441->f441, L: L [O(n)]
  3: f441->f441, L1: L1 [O(n)]
  3: f441->f441, M: M [O(n)]
  3: f441->f441, M1: M1 [O(n)]
  3: f441->f441, N: N [O(n)]
  3: f441->f441, N1: N1 [O(n)]
  3: f441->f441, O: O [O(n)]
  3: f441->f441, P: P [O(n)]
  3: f441->f441, Q: Q [O(n)]
  3: f441->f441, R: R [O(n)]
  3: f441->f441, S: S [O(n)]
  3: f441->f441, T: T [O(n)]
  3: f441->f441, U: U [O(n)]
  3: f441->f441, V: V [O(n)]
  3: f441->f441, W: W [O(n)]
  3: f441->f441, X: X [O(n)]
  3: f441->f441, Y: Y [O(n)]
  3: f441->f441, Z: Z [O(n)]
  20: f441->f437, A1: A1 [O(n)]
  20: f441->f437, B: 43731 [O(1)]
  20: f441->f437, B1: B1 [O(n)]
  20: f441->f437, C1: C1 [O(n)]
  20: f441->f437, D1: D1 [O(n)]
  20: f441->f437, E: 150 [O(1)]
  20: f441->f437, E1: E1 [O(n)]
  20: f441->f437, F: 50 [O(1)]
  20: f441->f437, F1: F1 [O(n)]
  20: f441->f437, G1: G1 [O(n)]
  20: f441->f437, H: 50 [O(1)]
  20: f441->f437, H1: H1 [O(n)]
  20: f441->f437, I: I [O(n)]
  20: f441->f437, I1: I1 [O(n)]
  20: f441->f437, J: J [O(n)]
  20: f441->f437, J1: J1 [O(n)]
  20: f441->f437, K: K [O(n)]
  20: f441->f437, K1: K1 [O(n)]
  20: f441->f437, L: L [O(n)]
  20: f441->f437, L1: L1 [O(n)]
  20: f441->f437, M: M [O(n)]
  20: f441->f437, M1: M1 [O(n)]
  20: f441->f437, N: N [O(n)]
  20: f441->f437, N1: N1 [O(n)]
  20: f441->f437, O: O [O(n)]
  20: f441->f437, P: P [O(n)]
  20: f441->f437, Q: Q [O(n)]
  20: f441->f437, R: R [O(n)]
  20: f441->f437, S: S [O(n)]
  20: f441->f437, T: T [O(n)]
  20: f441->f437, U: U [O(n)]
  20: f441->f437, V: V [O(n)]
  20: f441->f437, W: W [O(n)]
  20: f441->f437, X: X [O(n)]
  20: f441->f437, Y: Y [O(n)]
  20: f441->f437, Z: Z [O(n)]
  4: f455->f461, A1: A1 [O(n)]
  4: f455->f461, B: 43731 [O(1)]
  4: f455->f461, B1: B1 [O(n)]
  4: f455->f461, C1: C1 [O(n)]
  4: f455->f461, D1: D1 [O(n)]
  4: f455->f461, E: 150 [O(1)]
  4: f455->f461, E1: E1 [O(n)]
  4: f455->f461, F: 50 [O(1)]
  4: f455->f461, F1: F1 [O(n)]
  4: f455->f461, G1: G1 [O(n)]
  4: f455->f461, H: max{50, H} [O(n)]
  4: f455->f461, H1: H1 [O(n)]
  4: f455->f461, I: 99 [O(1)]
  4: f455->f461, I1: I1 [O(n)]
  4: f455->f461, J: 0 [O(1)]
  4: f455->f461, J1: J1 [O(n)]
  4: f455->f461, K: 0 [O(1)]
  4: f455->f461, K1: K1 [O(n)]
  4: f455->f461, L1: L1 [O(n)]
  4: f455->f461, M: 0 [O(1)]
  4: f455->f461, M1: M1 [O(n)]
  4: f455->f461, N1: N1 [O(n)]
  4: f455->f461, Q: Q [O(n)]
  4: f455->f461, R: R [O(n)]
  4: f455->f461, S: S [O(n)]
  4: f455->f461, T: T [O(n)]
  4: f455->f461, U: U [O(n)]
  4: f455->f461, V: V [O(n)]
  4: f455->f461, W: W [O(n)]
  4: f455->f461, X: X [O(n)]
  4: f455->f461, Y: Y [O(n)]
  4: f455->f461, Z: Z [O(n)]
  19: f455->f485, A1: A1 [O(n)]
  19: f455->f485, B: 43731 [O(1)]
  19: f455->f485, B1: B1 [O(n)]
  19: f455->f485, C1: C1 [O(n)]
  19: f455->f485, D1: D1 [O(n)]
  19: f455->f485, E: 150 [O(1)]
  19: f455->f485, E1: E1 [O(n)]
  19: f455->f485, F: 50 [O(1)]
  19: f455->f485, F1: F1 [O(n)]
  19: f455->f485, G1: G1 [O(n)]
  19: f455->f485, H: max{50, H} [O(n)]
  19: f455->f485, H1: H1 [O(n)]
  19: f455->f485, I: 101 [O(1)]
  19: f455->f485, I1: I1 [O(n)]
  19: f455->f485, J1: J1 [O(n)]
  19: f455->f485, K1: K1 [O(n)]
  19: f455->f485, L1: L1 [O(n)]
  19: f455->f485, M: max{33, M} [O(n)]
  19: f455->f485, M1: M1 [O(n)]
  19: f455->f485, N1: 100 [O(1)]
  19: f455->f485, Q: 98 [O(1)]
  19: f455->f485, S: S [O(n)]
  19: f455->f485, T: T [O(n)]
  19: f455->f485, U: U [O(n)]
  19: f455->f485, V: V [O(n)]
  19: f455->f485, W: W [O(n)]
  19: f455->f485, X: X [O(n)]
  19: f455->f485, Y: Y [O(n)]
  19: f455->f485, Z: Z [O(n)]
  5: f461->f461, A1: A1 [O(n)]
  5: f461->f461, B: 43731 [O(1)]
  5: f461->f461, B1: B1 [O(n)]
  5: f461->f461, C1: C1 [O(n)]
  5: f461->f461, D1: D1 [O(n)]
  5: f461->f461, E: 150 [O(1)]
  5: f461->f461, E1: E1 [O(n)]
  5: f461->f461, F: 50 [O(1)]
  5: f461->f461, F1: F1 [O(n)]
  5: f461->f461, G1: G1 [O(n)]
  5: f461->f461, H: max{50, H} [O(n)]
  5: f461->f461, H1: H1 [O(n)]
  5: f461->f461, I: 99 [O(1)]
  5: f461->f461, I1: I1 [O(n)]
  5: f461->f461, J1: J1 [O(n)]
  5: f461->f461, K1: K1 [O(n)]
  5: f461->f461, L1: L1 [O(n)]
  5: f461->f461, M: 33 [O(1)]
  5: f461->f461, M1: M1 [O(n)]
  5: f461->f461, N1: N1 [O(n)]
  5: f461->f461, Q: Q [O(n)]
  5: f461->f461, R: R [O(n)]
  5: f461->f461, S: S [O(n)]
  5: f461->f461, T: T [O(n)]
  5: f461->f461, U: U [O(n)]
  5: f461->f461, V: V [O(n)]
  5: f461->f461, W: W [O(n)]
  5: f461->f461, X: X [O(n)]
  5: f461->f461, Y: Y [O(n)]
  5: f461->f461, Z: Z [O(n)]
  18: f461->f455, A1: A1 [O(n)]
  18: f461->f455, B: 43731 [O(1)]
  18: f461->f455, B1: B1 [O(n)]
  18: f461->f455, C1: C1 [O(n)]
  18: f461->f455, D1: D1 [O(n)]
  18: f461->f455, E: 150 [O(1)]
  18: f461->f455, E1: E1 [O(n)]
  18: f461->f455, F: 50 [O(1)]
  18: f461->f455, F1: F1 [O(n)]
  18: f461->f455, G1: G1 [O(n)]
  18: f461->f455, H: max{50, H} [O(n)]
  18: f461->f455, H1: H1 [O(n)]
  18: f461->f455, I: 101 [O(1)]
  18: f461->f455, I1: I1 [O(n)]
  18: f461->f455, J1: J1 [O(n)]
  18: f461->f455, K1: K1 [O(n)]
  18: f461->f455, L1: L1 [O(n)]
  18: f461->f455, M: 33 [O(1)]
  18: f461->f455, M1: M1 [O(n)]
  18: f461->f455, N1: N1 [O(n)]
  18: f461->f455, Q: Q [O(n)]
  18: f461->f455, R: R [O(n)]
  18: f461->f455, S: S [O(n)]
  18: f461->f455, T: T [O(n)]
  18: f461->f455, U: U [O(n)]
  18: f461->f455, V: V [O(n)]
  18: f461->f455, W: W [O(n)]
  18: f461->f455, X: X [O(n)]
  18: f461->f455, Y: Y [O(n)]
  18: f461->f455, Z: Z [O(n)]
  6: f485->f485, A1: A1 [O(n)]
  6: f485->f485, B: 43731 [O(1)]
  6: f485->f485, B1: B1 [O(n)]
  6: f485->f485, C1: C1 [O(n)]
  6: f485->f485, D1: D1 [O(n)]
  6: f485->f485, E: 150 [O(1)]
  6: f485->f485, E1: E1 [O(n)]
  6: f485->f485, F: 50 [O(1)]
  6: f485->f485, F1: F1 [O(n)]
  6: f485->f485, G1: G1 [O(n)]
  6: f485->f485, H: max{50, H} [O(n)]
  6: f485->f485, H1: H1 [O(n)]
  6: f485->f485, I: 101 [O(1)]
  6: f485->f485, I1: I1 [O(n)]
  6: f485->f485, J1: J1 [O(n)]
  6: f485->f485, K1: K1 [O(n)]
  6: f485->f485, L1: L1 [O(n)]
  6: f485->f485, M: max{33, M} [O(n)]
  6: f485->f485, M1: M1 [O(n)]
  6: f485->f485, N1: 100 [O(1)]
  6: f485->f485, Q: 97 [O(1)]
  6: f485->f485, S: S [O(n)]
  6: f485->f485, T: T [O(n)]
  6: f485->f485, U: U [O(n)]
  6: f485->f485, V: V [O(n)]
  6: f485->f485, W: W [O(n)]
  6: f485->f485, X: X [O(n)]
  6: f485->f485, Y: Y [O(n)]
  6: f485->f485, Z: Z [O(n)]
  17: f485->f501, A1: A1 [O(n)]
  17: f485->f501, B1: B1 [O(n)]
  17: f485->f501, C1: C1 [O(n)]
  17: f485->f501, D1: D1 [O(n)]
  17: f485->f501, E: 150 [O(1)]
  17: f485->f501, E1: E1 [O(n)]
  17: f485->f501, F: 50 [O(1)]
  17: f485->f501, F1: F1 [O(n)]
  17: f485->f501, G1: G1 [O(n)]
  17: f485->f501, H: max{50, H} [O(n)]
  17: f485->f501, H1: H1 [O(n)]
  17: f485->f501, I: 101 [O(1)]
  17: f485->f501, I1: I1 [O(n)]
  17: f485->f501, J1: J1 [O(n)]
  17: f485->f501, K1: K1 [O(n)]
  17: f485->f501, L1: L1 [O(n)]
  17: f485->f501, M: max{33, M} [O(n)]
  17: f485->f501, N1: 100 [O(1)]
  17: f485->f501, Q: -1 [O(1)]
  17: f485->f501, S: 0 [O(1)]
  17: f485->f501, U: U [O(n)]
  17: f485->f501, V: V [O(n)]
  17: f485->f501, W: W [O(n)]
  17: f485->f501, X: X [O(n)]
  17: f485->f501, Y: Y [O(n)]
  17: f485->f501, Z: Z [O(n)]
  7: f501->f501, A1: A1 [O(n)]
  7: f501->f501, B1: B1 [O(n)]
  7: f501->f501, C1: C1 [O(n)]
  7: f501->f501, D1: D1 [O(n)]
  7: f501->f501, E: 150 [O(1)]
  7: f501->f501, E1: E1 [O(n)]
  7: f501->f501, F: 50 [O(1)]
  7: f501->f501, F1: F1 [O(n)]
  7: f501->f501, G1: G1 [O(n)]
  7: f501->f501, H: max{50, H} [O(n)]
  7: f501->f501, H1: H1 [O(n)]
  7: f501->f501, I: 101 [O(1)]
  7: f501->f501, I1: I1 [O(n)]
  7: f501->f501, J1: J1 [O(n)]
  7: f501->f501, K1: K1 [O(n)]
  7: f501->f501, L1: L1 [O(n)]
  7: f501->f501, M: max{33, M} [O(n)]
  7: f501->f501, N1: 100 [O(1)]
  7: f501->f501, Q: -1 [O(1)]
  7: f501->f501, S: 50 [O(1)]
  7: f501->f501, V: V [O(n)]
  7: f501->f501, W: W [O(n)]
  7: f501->f501, X: X [O(n)]
  7: f501->f501, Y: Y [O(n)]
  7: f501->f501, Z: Z [O(n)]
  16: f501->f526, A1: A1 [O(n)]
  16: f501->f526, B1: B1 [O(n)]
  16: f501->f526, C1: C1 [O(n)]
  16: f501->f526, D1: D1 [O(n)]
  16: f501->f526, E: 150 [O(1)]
  16: f501->f526, F: 50 [O(1)]
  16: f501->f526, F1: F1 [O(n)]
  16: f501->f526, H: max{50, H} [O(n)]
  16: f501->f526, H1: 1 [O(1)]
  16: f501->f526, I: 101 [O(1)]
  16: f501->f526, K1: 1 [O(1)]
  16: f501->f526, M: max{33, M} [O(n)]
  16: f501->f526, N1: 100 [O(1)]
  16: f501->f526, Q: -1 [O(1)]
  16: f501->f526, S: 50 [O(1)]
  16: f501->f526, V: 17 [O(1)]
  16: f501->f526, W: 2 [O(1)]
  16: f501->f526, X: X [O(n)]
  16: f501->f526, Y: Y [O(n)]
  16: f501->f526, Z: Z [O(n)]
  8: f526->f526, A1: A1 [O(n)]
  8: f526->f526, B1: B1 [O(n)]
  8: f526->f526, C1: C1 [O(n)]
  8: f526->f526, D1: D1 [O(n)]
  8: f526->f526, E: 150 [O(1)]
  8: f526->f526, F: 50 [O(1)]
  8: f526->f526, F1: F1 [O(n)]
  8: f526->f526, H: max{50, H} [O(n)]
  8: f526->f526, H1: 1 [O(1)]
  8: f526->f526, I: 101 [O(1)]
  8: f526->f526, K1: 1 [O(1)]
  8: f526->f526, M: max{33, M} [O(n)]
  8: f526->f526, N1: 100 [O(1)]
  8: f526->f526, Q: -1 [O(1)]
  8: f526->f526, S: 50 [O(1)]
  8: f526->f526, V: 17 [O(1)]
  8: f526->f526, W: 18 [O(1)]
  8: f526->f526, X: X [O(n)]
  8: f526->f526, Y: Y [O(n)]
  8: f526->f526, Z: Z [O(n)]
  15: f526->f540, A1: 0 [O(1)]
  15: f526->f540, B1: 13 [O(1)]
  15: f526->f540, C1: 8 [O(1)]
  15: f526->f540, E: 150 [O(1)]
  15: f526->f540, F: 50 [O(1)]
  15: f526->f540, H: max{50, H} [O(n)]
  15: f526->f540, H1: 1 [O(1)]
  15: f526->f540, I: 101 [O(1)]
  15: f526->f540, K1: 1 [O(1)]
  15: f526->f540, M: max{33, M} [O(n)]
  15: f526->f540, N1: 100 [O(1)]
  15: f526->f540, Q: -1 [O(1)]
  15: f526->f540, S: 50 [O(1)]
  15: f526->f540, V: 17 [O(1)]
  15: f526->f540, W: 18 [O(1)]
  15: f526->f540, X: 1 [O(1)]
  15: f526->f540, Y: Y [O(n)]
  15: f526->f540, Z: Z [O(n)]
  9: f540->f543, A1: 7 [O(1)]
  9: f540->f543, B1: 20 [O(1)]
  9: f540->f543, C1: 8 [O(1)]
  9: f540->f543, E: 150 [O(1)]
  9: f540->f543, F: 50 [O(1)]
  9: f540->f543, H: max{50, H} [O(n)]
  9: f540->f543, H1: 1 [O(1)]
  9: f540->f543, I: 101 [O(1)]
  9: f540->f543, K1: 1 [O(1)]
  9: f540->f543, M: max{33, M} [O(n)]
  9: f540->f543, N1: 100 [O(1)]
  9: f540->f543, Q: -1 [O(1)]
  9: f540->f543, S: 50 [O(1)]
  9: f540->f543, V: 17 [O(1)]
  9: f540->f543, W: 18 [O(1)]
  9: f540->f543, X: 8 [O(1)]
  9: f540->f543, Y: 0 [O(1)]
  9: f540->f543, Z: max{4, Z} [O(n)]
  14: f540->f584, A1: 10 [O(1)]
  14: f540->f584, B1: 23 [O(1)]
  14: f540->f584, C1: 0 [O(1)]
  14: f540->f584, E: 150 [O(1)]
  14: f540->f584, F: 50 [O(1)]
  14: f540->f584, H: max{50, H} [O(n)]
  14: f540->f584, H1: 1 [O(1)]
  14: f540->f584, I: 101 [O(1)]
  14: f540->f584, K1: 1 [O(1)]
  14: f540->f584, M: max{33, M} [O(n)]
  14: f540->f584, N1: 100 [O(1)]
  14: f540->f584, Q: -1 [O(1)]
  14: f540->f584, S: 50 [O(1)]
  14: f540->f584, V: 17 [O(1)]
  14: f540->f584, W: 18 [O(1)]
  14: f540->f584, X: 15 [O(1)]
  14: f540->f584, Y: max{8, Y} [O(n)]
  14: f540->f584, Z: max{4, Z} [O(n)]
  10: f543->f546, A1: 7 [O(1)]
  10: f543->f546, B1: 20 [O(1)]
  10: f543->f546, C1: 8 [O(1)]
  10: f543->f546, E: 150 [O(1)]
  10: f543->f546, F: 50 [O(1)]
  10: f543->f546, H: max{50, H} [O(n)]
  10: f543->f546, H1: 1 [O(1)]
  10: f543->f546, I: 101 [O(1)]
  10: f543->f546, K1: 1 [O(1)]
  10: f543->f546, M: max{33, M} [O(n)]
  10: f543->f546, N1: 100 [O(1)]
  10: f543->f546, Q: -1 [O(1)]
  10: f543->f546, S: 50 [O(1)]
  10: f543->f546, V: 17 [O(1)]
  10: f543->f546, W: 18 [O(1)]
  10: f543->f546, X: 8 [O(1)]
  10: f543->f546, Y: 7 [O(1)]
  10: f543->f546, Z: 0 [O(1)]
  13: f543->f540, A1: 10 [O(1)]
  13: f543->f540, B1: 23 [O(1)]
  13: f543->f540, C1: 1 [O(1)]
  13: f543->f540, E: 150 [O(1)]
  13: f543->f540, F: 50 [O(1)]
  13: f543->f540, H: max{50, H} [O(n)]
  13: f543->f540, H1: 1 [O(1)]
  13: f543->f540, I: 101 [O(1)]
  13: f543->f540, K1: 1 [O(1)]
  13: f543->f540, M: max{33, M} [O(n)]
  13: f543->f540, N1: 100 [O(1)]
  13: f543->f540, Q: -1 [O(1)]
  13: f543->f540, S: 50 [O(1)]
  13: f543->f540, V: 17 [O(1)]
  13: f543->f540, W: 18 [O(1)]
  13: f543->f540, X: 15 [O(1)]
  13: f543->f540, Y: 8 [O(1)]
  13: f543->f540, Z: max{4, Z} [O(n)]
  11: f546->f546, A1: 7 [O(1)]
  11: f546->f546, B1: 20 [O(1)]
  11: f546->f546, C1: 8 [O(1)]
  11: f546->f546, E: 150 [O(1)]
  11: f546->f546, F: 50 [O(1)]
  11: f546->f546, H: max{50, H} [O(n)]
  11: f546->f546, H1: 1 [O(1)]
  11: f546->f546, I: 101 [O(1)]
  11: f546->f546, K1: 1 [O(1)]
  11: f546->f546, M: max{33, M} [O(n)]
  11: f546->f546, N1: 100 [O(1)]
  11: f546->f546, Q: -1 [O(1)]
  11: f546->f546, S: 50 [O(1)]
  11: f546->f546, V: 17 [O(1)]
  11: f546->f546, W: 18 [O(1)]
  11: f546->f546, X: 8 [O(1)]
  11: f546->f546, Y: 7 [O(1)]
  11: f546->f546, Z: 4 [O(1)]
  12: f546->f543, A1: 7 [O(1)]
  12: f546->f543, B1: 20 [O(1)]
  12: f546->f543, C1: 8 [O(1)]
  12: f546->f543, E: 150 [O(1)]
  12: f546->f543, F: 50 [O(1)]
  12: f546->f543, H: max{50, H} [O(n)]
  12: f546->f543, H1: 1 [O(1)]
  12: f546->f543, I: 101 [O(1)]
  12: f546->f543, K1: 1 [O(1)]
  12: f546->f543, M: max{33, M} [O(n)]
  12: f546->f543, N1: 100 [O(1)]
  12: f546->f543, Q: -1 [O(1)]
  12: f546->f543, S: 50 [O(1)]
  12: f546->f543, V: 17 [O(1)]
  12: f546->f543, W: 18 [O(1)]
  12: f546->f543, X: 8 [O(1)]
  12: f546->f543, Y: 8 [O(1)]
  12: f546->f543, Z: 4 [O(1)]
