Timebounds: 
  Overall timebound: inf [Infinity]
  17: f19->f27: max{0, 1+3*A+-3*B} [O(n)]
  0: f2->f8: max{0, 1+3*A+-3*B} [O(n)]
  21: f2->f1: 1 [O(1)]
  16: f27->f34: max{0, 1+3*A+-3*B} [O(n)]
  5: f34->f36: max{0, 2*A+-2*B} [O(n)]
  6: f34->f36: max{0, 3*A+-3*B} [O(n)]
  12: f34->f2: max{0, 3*A+-3*B} [O(n)]
  7: f36->f43: inf [Infinity]
  8: f36->f43: inf [Infinity]
  11: f36->f36: inf [Infinity]
  15: f36->f2: max{0, 3*A+-3*B} [O(n)]
  14: f43->f49: inf [Infinity]
  13: f49->f36: inf [Infinity]
  1: f8->f8: max{0, -B-E+2*A} [O(n)]
  2: f8->f8: max{0, -B-E+2*A} [O(n)]
  18: f8->f34: max{0, 2+2*A+-2*B} [O(n)]
  19: f8->f19: max{0, 1+A-B} [O(n)]
  20: f8->f19: max{0, 1+2*A+-2*B} [O(n)]
  22: start->f2: 1 [O(1)]

Costbounds:
  Overall costbound: inf [Infinity]
  17: f19->f27: max{0, 1+3*A+-3*B} [O(n)]
  0: f2->f8: max{0, 1+3*A+-3*B} [O(n)]
  21: f2->f1: 1 [O(1)]
  16: f27->f34: max{0, 1+3*A+-3*B} [O(n)]
  5: f34->f36: max{0, 2*A+-2*B} [O(n)]
  6: f34->f36: max{0, 3*A+-3*B} [O(n)]
  12: f34->f2: max{0, 3*A+-3*B} [O(n)]
  7: f36->f43: inf [Infinity]
  8: f36->f43: inf [Infinity]
  11: f36->f36: inf [Infinity]
  15: f36->f2: max{0, 3*A+-3*B} [O(n)]
  14: f43->f49: inf [Infinity]
  13: f49->f36: inf [Infinity]
  1: f8->f8: max{0, -B-E+2*A} [O(n)]
  2: f8->f8: max{0, -B-E+2*A} [O(n)]
  18: f8->f34: max{0, 2+2*A+-2*B} [O(n)]
  19: f8->f19: max{0, 1+A-B} [O(n)]
  20: f8->f19: max{0, 1+2*A+-2*B} [O(n)]
  22: start->f2: 1 [O(1)]

Sizebounds:
`Lower:
  17: f19->f27, A: A [O(n)]
  17: f19->f27, B: -inf [Infinity]
  17: f19->f27, C: -inf [Infinity]
  17: f19->f27, D: -inf [Infinity]
  17: f19->f27, E: -inf [Infinity]
  17: f19->f27, F: -inf [Infinity]
  17: f19->f27, G: -inf [Infinity]
  17: f19->f27, H: -inf [Infinity]
  17: f19->f27, I: -inf [Infinity]
  17: f19->f27, J: -inf [Infinity]
  17: f19->f27, K: -inf [Infinity]
  0: f2->f8, A: A [O(n)]
  0: f2->f8, B: -inf [Infinity]
  0: f2->f8, C: 0 [O(1)]
  0: f2->f8, D: -inf [Infinity]
  0: f2->f8, E: -inf [Infinity]
  0: f2->f8, F: -inf [Infinity]
  0: f2->f8, G: -inf [Infinity]
  0: f2->f8, H: -inf [Infinity]
  0: f2->f8, I: -inf [Infinity]
  0: f2->f8, J: -inf [Infinity]
  0: f2->f8, K: -inf [Infinity]
  21: f2->f1, A: A [O(n)]
  21: f2->f1, B: A [O(n)]
  21: f2->f1, C: -inf [Infinity]
  21: f2->f1, D: -inf [Infinity]
  21: f2->f1, E: -inf [Infinity]
  21: f2->f1, F: -inf [Infinity]
  21: f2->f1, G: -inf [Infinity]
  21: f2->f1, H: -inf [Infinity]
  21: f2->f1, I: -inf [Infinity]
  21: f2->f1, J: -inf [Infinity]
  21: f2->f1, K: -inf [Infinity]
  16: f27->f34, A: A [O(n)]
  16: f27->f34, B: -inf [Infinity]
  16: f27->f34, C: -inf [Infinity]
  16: f27->f34, D: -inf [Infinity]
  16: f27->f34, E: -inf [Infinity]
  16: f27->f34, F: -inf [Infinity]
  16: f27->f34, G: -inf [Infinity]
  16: f27->f34, H: -inf [Infinity]
  16: f27->f34, I: -inf [Infinity]
  16: f27->f34, J: -inf [Infinity]
  16: f27->f34, K: -inf [Infinity]
  5: f34->f36, A: A [O(n)]
  5: f34->f36, B: -inf [Infinity]
  5: f34->f36, C: -inf [Infinity]
  5: f34->f36, D: -inf [Infinity]
  5: f34->f36, E: -inf [Infinity]
  5: f34->f36, F: -inf [Infinity]
  5: f34->f36, G: -inf [Infinity]
  5: f34->f36, H: -inf [Infinity]
  5: f34->f36, I: -inf [Infinity]
  5: f34->f36, J: -inf [Infinity]
  5: f34->f36, K: -inf [Infinity]
  6: f34->f36, A: A [O(n)]
  6: f34->f36, B: -inf [Infinity]
  6: f34->f36, C: -inf [Infinity]
  6: f34->f36, D: -inf [Infinity]
  6: f34->f36, E: -inf [Infinity]
  6: f34->f36, F: -inf [Infinity]
  6: f34->f36, G: -inf [Infinity]
  6: f34->f36, H: -inf [Infinity]
  6: f34->f36, I: -inf [Infinity]
  6: f34->f36, J: -inf [Infinity]
  6: f34->f36, K: -inf [Infinity]
  12: f34->f2, A: A [O(n)]
  12: f34->f2, B: -inf [Infinity]
  12: f34->f2, C: 0 [O(1)]
  12: f34->f2, D: -inf [Infinity]
  12: f34->f2, E: -inf [Infinity]
  12: f34->f2, F: -inf [Infinity]
  12: f34->f2, G: -inf [Infinity]
  12: f34->f2, H: -inf [Infinity]
  12: f34->f2, I: -inf [Infinity]
  12: f34->f2, J: -inf [Infinity]
  12: f34->f2, K: -inf [Infinity]
  7: f36->f43, A: A [O(n)]
  7: f36->f43, B: -inf [Infinity]
  7: f36->f43, C: -inf [Infinity]
  7: f36->f43, D: -inf [Infinity]
  7: f36->f43, E: -inf [Infinity]
  7: f36->f43, F: -inf [Infinity]
  7: f36->f43, G: -inf [Infinity]
  7: f36->f43, H: -inf [Infinity]
  7: f36->f43, I: -inf [Infinity]
  7: f36->f43, J: -inf [Infinity]
  7: f36->f43, K: -inf [Infinity]
  8: f36->f43, A: A [O(n)]
  8: f36->f43, B: -inf [Infinity]
  8: f36->f43, C: -inf [Infinity]
  8: f36->f43, D: -inf [Infinity]
  8: f36->f43, E: -inf [Infinity]
  8: f36->f43, F: -inf [Infinity]
  8: f36->f43, G: -inf [Infinity]
  8: f36->f43, H: -inf [Infinity]
  8: f36->f43, I: -inf [Infinity]
  8: f36->f43, J: -inf [Infinity]
  8: f36->f43, K: -inf [Infinity]
  11: f36->f36, A: A [O(n)]
  11: f36->f36, B: -inf [Infinity]
  11: f36->f36, C: -inf [Infinity]
  11: f36->f36, D: -inf [Infinity]
  11: f36->f36, E: -inf [Infinity]
  11: f36->f36, F: -inf [Infinity]
  11: f36->f36, G: -inf [Infinity]
  11: f36->f36, H: 0 [O(1)]
  11: f36->f36, I: -inf [Infinity]
  11: f36->f36, J: -inf [Infinity]
  11: f36->f36, K: -inf [Infinity]
  15: f36->f2, A: A [O(n)]
  15: f36->f2, B: -inf [Infinity]
  15: f36->f2, C: -inf [Infinity]
  15: f36->f2, D: 1+A [O(n)]
  15: f36->f2, E: -inf [Infinity]
  15: f36->f2, F: -inf [Infinity]
  15: f36->f2, G: -inf [Infinity]
  15: f36->f2, H: -inf [Infinity]
  15: f36->f2, I: -inf [Infinity]
  15: f36->f2, J: -inf [Infinity]
  15: f36->f2, K: -inf [Infinity]
  14: f43->f49, A: A [O(n)]
  14: f43->f49, B: -inf [Infinity]
  14: f43->f49, C: -inf [Infinity]
  14: f43->f49, D: -inf [Infinity]
  14: f43->f49, E: -inf [Infinity]
  14: f43->f49, F: -inf [Infinity]
  14: f43->f49, G: -inf [Infinity]
  14: f43->f49, H: -inf [Infinity]
  14: f43->f49, I: -inf [Infinity]
  14: f43->f49, J: -inf [Infinity]
  14: f43->f49, K: -inf [Infinity]
  13: f49->f36, A: A [O(n)]
  13: f49->f36, B: -inf [Infinity]
  13: f49->f36, C: -inf [Infinity]
  13: f49->f36, D: -inf [Infinity]
  13: f49->f36, E: -inf [Infinity]
  13: f49->f36, F: -inf [Infinity]
  13: f49->f36, G: -inf [Infinity]
  13: f49->f36, H: -inf [Infinity]
  13: f49->f36, I: -inf [Infinity]
  13: f49->f36, J: -inf [Infinity]
  13: f49->f36, K: -inf [Infinity]
  1: f8->f8, A: A [O(n)]
  1: f8->f8, B: -inf [Infinity]
  1: f8->f8, C: -inf [Infinity]
  1: f8->f8, D: -inf [Infinity]
  1: f8->f8, E: -inf [Infinity]
  1: f8->f8, F: -inf [Infinity]
  1: f8->f8, G: -inf [Infinity]
  1: f8->f8, H: -inf [Infinity]
  1: f8->f8, I: -inf [Infinity]
  1: f8->f8, J: -inf [Infinity]
  1: f8->f8, K: -inf [Infinity]
  2: f8->f8, A: A [O(n)]
  2: f8->f8, B: -inf [Infinity]
  2: f8->f8, C: -inf [Infinity]
  2: f8->f8, D: -inf [Infinity]
  2: f8->f8, E: -inf [Infinity]
  2: f8->f8, F: -inf [Infinity]
  2: f8->f8, G: -inf [Infinity]
  2: f8->f8, H: -inf [Infinity]
  2: f8->f8, I: -inf [Infinity]
  2: f8->f8, J: -inf [Infinity]
  2: f8->f8, K: -inf [Infinity]
  18: f8->f34, A: A [O(n)]
  18: f8->f34, B: -inf [Infinity]
  18: f8->f34, C: -inf [Infinity]
  18: f8->f34, D: -inf [Infinity]
  18: f8->f34, E: -inf [Infinity]
  18: f8->f34, F: -inf [Infinity]
  18: f8->f34, G: -inf [Infinity]
  18: f8->f34, H: -inf [Infinity]
  18: f8->f34, I: -inf [Infinity]
  18: f8->f34, J: -inf [Infinity]
  18: f8->f34, K: -inf [Infinity]
  19: f8->f19, A: A [O(n)]
  19: f8->f19, B: -inf [Infinity]
  19: f8->f19, C: -inf [Infinity]
  19: f8->f19, D: -inf [Infinity]
  19: f8->f19, E: -inf [Infinity]
  19: f8->f19, F: -inf [Infinity]
  19: f8->f19, G: -inf [Infinity]
  19: f8->f19, H: -inf [Infinity]
  19: f8->f19, I: -inf [Infinity]
  19: f8->f19, J: -inf [Infinity]
  19: f8->f19, K: -inf [Infinity]
  20: f8->f19, A: A [O(n)]
  20: f8->f19, B: -inf [Infinity]
  20: f8->f19, C: -inf [Infinity]
  20: f8->f19, D: -inf [Infinity]
  20: f8->f19, E: -inf [Infinity]
  20: f8->f19, F: -inf [Infinity]
  20: f8->f19, G: -inf [Infinity]
  20: f8->f19, H: -inf [Infinity]
  20: f8->f19, I: -inf [Infinity]
  20: f8->f19, J: -inf [Infinity]
  20: f8->f19, K: -inf [Infinity]
  22: start->f2, A: A [O(n)]
  22: start->f2, B: B [O(n)]
  22: start->f2, C: C [O(n)]
  22: start->f2, D: D [O(n)]
  22: start->f2, E: E [O(n)]
  22: start->f2, F: F [O(n)]
  22: start->f2, G: G [O(n)]
  22: start->f2, H: H [O(n)]
  22: start->f2, I: -inf [Infinity]
  22: start->f2, J: -inf [Infinity]
  22: start->f2, K: -inf [Infinity]
`Upper:
  17: f19->f27, A: A [O(n)]
  17: f19->f27, B: -1+A [O(n)]
  17: f19->f27, C: inf [Infinity]
  17: f19->f27, D: max{A, -2+A, -1+A} [O(n)]
  17: f19->f27, E: max{E, 1+A} [O(n)]
  17: f19->f27, F: inf [Infinity]
  17: f19->f27, G: inf [Infinity]
  17: f19->f27, H: inf [Infinity]
  17: f19->f27, I: inf [Infinity]
  17: f19->f27, J: inf [Infinity]
  17: f19->f27, K: inf [Infinity]
  0: f2->f8, A: A [O(n)]
  0: f2->f8, B: -1+A [O(n)]
  0: f2->f8, C: 0 [O(1)]
  0: f2->f8, D: -1+A [O(n)]
  0: f2->f8, E: max{E, 1+A} [O(n)]
  0: f2->f8, F: inf [Infinity]
  0: f2->f8, G: inf [Infinity]
  0: f2->f8, H: inf [Infinity]
  0: f2->f8, I: inf [Infinity]
  0: f2->f8, J: inf [Infinity]
  0: f2->f8, K: inf [Infinity]
  21: f2->f1, A: A [O(n)]
  21: f2->f1, B: max{A, B, A} [O(n)]
  21: f2->f1, C: inf [Infinity]
  21: f2->f1, D: max{A, A, max{A, D, max{-1+A, -2+A, max{-1+A, -2+A, max{1+A, -1+A, max{-2+A, -1+A}}}}}} [O(n)]
  21: f2->f1, E: max{E, E, 1+A} [O(n)]
  21: f2->f1, F: inf [Infinity]
  21: f2->f1, G: inf [Infinity]
  21: f2->f1, H: inf [Infinity]
  21: f2->f1, I: inf [Infinity]
  21: f2->f1, J: inf [Infinity]
  21: f2->f1, K: inf [Infinity]
  16: f27->f34, A: A [O(n)]
  16: f27->f34, B: -1+A [O(n)]
  16: f27->f34, C: inf [Infinity]
  16: f27->f34, D: max{A, -2+A, -1+A} [O(n)]
  16: f27->f34, E: max{E, 1+A} [O(n)]
  16: f27->f34, F: inf [Infinity]
  16: f27->f34, G: inf [Infinity]
  16: f27->f34, H: inf [Infinity]
  16: f27->f34, I: inf [Infinity]
  16: f27->f34, J: inf [Infinity]
  16: f27->f34, K: inf [Infinity]
  5: f34->f36, A: A [O(n)]
  5: f34->f36, B: -1+A [O(n)]
  5: f34->f36, C: -1 [O(1)]
  5: f34->f36, D: max{A, -1+A, max{-2+A, -1+A}} [O(n)]
  5: f34->f36, E: max{E, 1+A} [O(n)]
  5: f34->f36, F: inf [Infinity]
  5: f34->f36, G: inf [Infinity]
  5: f34->f36, H: inf [Infinity]
  5: f34->f36, I: inf [Infinity]
  5: f34->f36, J: inf [Infinity]
  5: f34->f36, K: inf [Infinity]
  6: f34->f36, A: A [O(n)]
  6: f34->f36, B: -1+A [O(n)]
  6: f34->f36, C: inf [Infinity]
  6: f34->f36, D: max{A, -1+A, max{-2+A, -1+A}} [O(n)]
  6: f34->f36, E: max{E, 1+A} [O(n)]
  6: f34->f36, F: inf [Infinity]
  6: f34->f36, G: inf [Infinity]
  6: f34->f36, H: inf [Infinity]
  6: f34->f36, I: inf [Infinity]
  6: f34->f36, J: inf [Infinity]
  6: f34->f36, K: inf [Infinity]
  12: f34->f2, A: A [O(n)]
  12: f34->f2, B: A [O(n)]
  12: f34->f2, C: 0 [O(1)]
  12: f34->f2, D: max{A, -1+A, max{-2+A, -1+A}} [O(n)]
  12: f34->f2, E: max{E, 1+A} [O(n)]
  12: f34->f2, F: inf [Infinity]
  12: f34->f2, G: inf [Infinity]
  12: f34->f2, H: inf [Infinity]
  12: f34->f2, I: inf [Infinity]
  12: f34->f2, J: inf [Infinity]
  12: f34->f2, K: inf [Infinity]
  7: f36->f43, A: A [O(n)]
  7: f36->f43, B: -1+A [O(n)]
  7: f36->f43, C: inf [Infinity]
  7: f36->f43, D: A [O(n)]
  7: f36->f43, E: max{E, 1+A} [O(n)]
  7: f36->f43, F: inf [Infinity]
  7: f36->f43, G: inf [Infinity]
  7: f36->f43, H: inf [Infinity]
  7: f36->f43, I: inf [Infinity]
  7: f36->f43, J: inf [Infinity]
  7: f36->f43, K: inf [Infinity]
  8: f36->f43, A: A [O(n)]
  8: f36->f43, B: -1+A [O(n)]
  8: f36->f43, C: inf [Infinity]
  8: f36->f43, D: A [O(n)]
  8: f36->f43, E: max{E, 1+A} [O(n)]
  8: f36->f43, F: inf [Infinity]
  8: f36->f43, G: inf [Infinity]
  8: f36->f43, H: inf [Infinity]
  8: f36->f43, I: inf [Infinity]
  8: f36->f43, J: inf [Infinity]
  8: f36->f43, K: inf [Infinity]
  11: f36->f36, A: A [O(n)]
  11: f36->f36, B: -1+A [O(n)]
  11: f36->f36, C: inf [Infinity]
  11: f36->f36, D: 1+A [O(n)]
  11: f36->f36, E: max{E, 1+A} [O(n)]
  11: f36->f36, F: inf [Infinity]
  11: f36->f36, G: inf [Infinity]
  11: f36->f36, H: 0 [O(1)]
  11: f36->f36, I: inf [Infinity]
  11: f36->f36, J: inf [Infinity]
  11: f36->f36, K: inf [Infinity]
  15: f36->f2, A: A [O(n)]
  15: f36->f2, B: A [O(n)]
  15: f36->f2, C: inf [Infinity]
  15: f36->f2, D: max{A, A, max{-1+A, -2+A, max{1+A, -1+A, max{-2+A, -1+A}}}} [O(n)]
  15: f36->f2, E: max{E, 1+A} [O(n)]
  15: f36->f2, F: inf [Infinity]
  15: f36->f2, G: inf [Infinity]
  15: f36->f2, H: inf [Infinity]
  15: f36->f2, I: inf [Infinity]
  15: f36->f2, J: inf [Infinity]
  15: f36->f2, K: inf [Infinity]
  14: f43->f49, A: A [O(n)]
  14: f43->f49, B: -1+A [O(n)]
  14: f43->f49, C: inf [Infinity]
  14: f43->f49, D: A [O(n)]
  14: f43->f49, E: max{E, 1+A} [O(n)]
  14: f43->f49, F: inf [Infinity]
  14: f43->f49, G: inf [Infinity]
  14: f43->f49, H: inf [Infinity]
  14: f43->f49, I: inf [Infinity]
  14: f43->f49, J: inf [Infinity]
  14: f43->f49, K: inf [Infinity]
  13: f49->f36, A: A [O(n)]
  13: f49->f36, B: -1+A [O(n)]
  13: f49->f36, C: inf [Infinity]
  13: f49->f36, D: 1+A [O(n)]
  13: f49->f36, E: max{E, 1+A} [O(n)]
  13: f49->f36, F: inf [Infinity]
  13: f49->f36, G: inf [Infinity]
  13: f49->f36, H: inf [Infinity]
  13: f49->f36, I: inf [Infinity]
  13: f49->f36, J: inf [Infinity]
  13: f49->f36, K: inf [Infinity]
  1: f8->f8, A: A [O(n)]
  1: f8->f8, B: -1+A [O(n)]
  1: f8->f8, C: inf [Infinity]
  1: f8->f8, D: max{A, -1+A} [O(n)]
  1: f8->f8, E: 1+A [O(n)]
  1: f8->f8, F: inf [Infinity]
  1: f8->f8, G: inf [Infinity]
  1: f8->f8, H: inf [Infinity]
  1: f8->f8, I: inf [Infinity]
  1: f8->f8, J: inf [Infinity]
  1: f8->f8, K: inf [Infinity]
  2: f8->f8, A: A [O(n)]
  2: f8->f8, B: -1+A [O(n)]
  2: f8->f8, C: inf [Infinity]
  2: f8->f8, D: A [O(n)]
  2: f8->f8, E: 1+A [O(n)]
  2: f8->f8, F: inf [Infinity]
  2: f8->f8, G: inf [Infinity]
  2: f8->f8, H: inf [Infinity]
  2: f8->f8, I: inf [Infinity]
  2: f8->f8, J: inf [Infinity]
  2: f8->f8, K: inf [Infinity]
  18: f8->f34, A: A [O(n)]
  18: f8->f34, B: -1+A [O(n)]
  18: f8->f34, C: inf [Infinity]
  18: f8->f34, D: -1+A [O(n)]
  18: f8->f34, E: max{E, 1+A} [O(n)]
  18: f8->f34, F: inf [Infinity]
  18: f8->f34, G: inf [Infinity]
  18: f8->f34, H: inf [Infinity]
  18: f8->f34, I: inf [Infinity]
  18: f8->f34, J: inf [Infinity]
  18: f8->f34, K: inf [Infinity]
  19: f8->f19, A: A [O(n)]
  19: f8->f19, B: -1+A [O(n)]
  19: f8->f19, C: inf [Infinity]
  19: f8->f19, D: -2+A [O(n)]
  19: f8->f19, E: max{E, 1+A} [O(n)]
  19: f8->f19, F: inf [Infinity]
  19: f8->f19, G: inf [Infinity]
  19: f8->f19, H: inf [Infinity]
  19: f8->f19, I: inf [Infinity]
  19: f8->f19, J: inf [Infinity]
  19: f8->f19, K: inf [Infinity]
  20: f8->f19, A: A [O(n)]
  20: f8->f19, B: -1+A [O(n)]
  20: f8->f19, C: inf [Infinity]
  20: f8->f19, D: max{A, -1+A} [O(n)]
  20: f8->f19, E: max{E, 1+A} [O(n)]
  20: f8->f19, F: inf [Infinity]
  20: f8->f19, G: inf [Infinity]
  20: f8->f19, H: inf [Infinity]
  20: f8->f19, I: inf [Infinity]
  20: f8->f19, J: inf [Infinity]
  20: f8->f19, K: inf [Infinity]
  22: start->f2, A: A [O(n)]
  22: start->f2, B: B [O(n)]
  22: start->f2, C: C [O(n)]
  22: start->f2, D: D [O(n)]
  22: start->f2, E: E [O(n)]
  22: start->f2, F: F [O(n)]
  22: start->f2, G: G [O(n)]
  22: start->f2, H: H [O(n)]
  22: start->f2, I: inf [Infinity]
  22: start->f2, J: inf [Infinity]
  22: start->f2, K: inf [Infinity]
