Timebounds: 
  Overall timebound: inf [Infinity]
  17: f19->f27: max{0, 1+2*A+-2*B} [O(n)]
  0: f2->f8: max{0, 1+A-B} [O(n)]
  21: f2->f1: 1 [O(1)]
  16: f27->f34: max{0, 1+3*A+-3*B} [O(n)]
  5: f34->f36: max{0, 3*A+-3*B} [O(n)]
  6: f34->f36: max{0, 3*A+-3*B} [O(n)]
  12: f34->f2: max{0, 3*A+-3*B} [O(n)]
  7: f36->f43: 0 [O(1)]
  8: f36->f43: inf [Infinity]
  11: f36->f36: max{0, (2+2*A+-2*B)*(-B+5*A+max{-4*-max{-B, -E, max{-E, -B}}, -4*max{B, B, max{E+2*max{0, -B-E+2*A}, E+2*max{0, -B-E+2*A}, B+max{0, 2*A+-2*B}+max{0, 3*A+-3*B}}}})}+max{0, (3*A+-3*B)*(5*A+max{-5*B, -5*(B+max{0, 2*A+-2*B}+max{0, 3*A+-3*B})})}+max{0, (2*A+-2*B)*(5*A+max{-5*B, -5*(B+max{0, 2*A+-2*B}+max{0, 3*A+-3*B})})}+max{0, 5*A+-5*B} [O(n^2)]
  15: f36->f2: max{0, 2*A+-2*B} [O(n)]
  14: f43->f49: inf [Infinity]
  13: f49->f36: inf [Infinity]
  1: f8->f8: max{0, -B-E+2*A} [O(n)]
  2: f8->f8: max{0, -B-E+2*A} [O(n)]
  18: f8->f34: max{0, 1+A-B} [O(n)]
  19: f8->f19: max{0, 2+2*A+-2*B} [O(n)]
  20: f8->f19: max{0, 1+A-B} [O(n)]
  22: start->f2: 1 [O(1)]

Costbounds:
  Overall costbound: inf [Infinity]
  17: f19->f27: max{0, 1+2*A+-2*B} [O(n)]
  0: f2->f8: max{0, 1+A-B} [O(n)]
  21: f2->f1: 1 [O(1)]
  16: f27->f34: max{0, 1+3*A+-3*B} [O(n)]
  5: f34->f36: max{0, 3*A+-3*B} [O(n)]
  6: f34->f36: max{0, 3*A+-3*B} [O(n)]
  12: f34->f2: max{0, 3*A+-3*B} [O(n)]
  7: f36->f43: 0 [O(1)]
  8: f36->f43: inf [Infinity]
  11: f36->f36: max{0, (2+2*A+-2*B)*(-B+5*A+max{-4*-max{-B, -E, max{-E, -B}}, -4*max{B, B, max{E+2*max{0, -B-E+2*A}, E+2*max{0, -B-E+2*A}, B+max{0, 2*A+-2*B}+max{0, 3*A+-3*B}}}})}+max{0, (3*A+-3*B)*(5*A+max{-5*B, -5*(B+max{0, 2*A+-2*B}+max{0, 3*A+-3*B})})}+max{0, (2*A+-2*B)*(5*A+max{-5*B, -5*(B+max{0, 2*A+-2*B}+max{0, 3*A+-3*B})})}+max{0, 5*A+-5*B} [O(n^2)]
  15: f36->f2: max{0, 2*A+-2*B} [O(n)]
  14: f43->f49: inf [Infinity]
  13: f49->f36: inf [Infinity]
  1: f8->f8: max{0, -B-E+2*A} [O(n)]
  2: f8->f8: max{0, -B-E+2*A} [O(n)]
  18: f8->f34: max{0, 1+A-B} [O(n)]
  19: f8->f19: max{0, 2+2*A+-2*B} [O(n)]
  20: f8->f19: max{0, 1+A-B} [O(n)]
  22: start->f2: 1 [O(1)]

Sizebounds:
`Lower:
  17: f19->f27, A: A [O(n)]
  17: f19->f27, B: B [O(n)]
  17: f19->f27, D: -max{-B, -E, max{-E, -B}} [O(n)]
  17: f19->f27, E: E [O(n)]
  17: f19->f27, H: -max{0, -H} [O(n)]
  0: f2->f8, A: A [O(n)]
  0: f2->f8, B: B [O(n)]
  0: f2->f8, C: 0 [O(1)]
  0: f2->f8, D: B [O(n)]
  0: f2->f8, E: E [O(n)]
  0: f2->f8, H: -max{0, -H} [O(n)]
  21: f2->f1, A: A [O(n)]
  21: f2->f1, B: B [O(n)]
  21: f2->f1, D: -max{-B, -B, max{-E, -E, max{-B, -B, max{-E, -E, max{-B, -D, -B}}}}} [O(n)]
  21: f2->f1, E: E [O(n)]
  21: f2->f1, H: -max{0, -H} [O(n)]
  16: f27->f34, A: A [O(n)]
  16: f27->f34, B: B [O(n)]
  16: f27->f34, D: -max{-B, -E, max{-E, -B}} [O(n)]
  16: f27->f34, E: E [O(n)]
  16: f27->f34, H: -max{0, -H} [O(n)]
  5: f34->f36, A: A [O(n)]
  5: f34->f36, B: B [O(n)]
  5: f34->f36, D: -max{-B, -B, max{-E, -E, -B}} [O(n)]
  5: f34->f36, E: E [O(n)]
  5: f34->f36, H: -max{0, -H} [O(n)]
  6: f34->f36, A: A [O(n)]
  6: f34->f36, B: B [O(n)]
  6: f34->f36, C: 1 [O(1)]
  6: f34->f36, D: -max{-B, -B, max{-E, -E, -B}} [O(n)]
  6: f34->f36, E: E [O(n)]
  6: f34->f36, H: -max{0, -H} [O(n)]
  12: f34->f2, A: A [O(n)]
  12: f34->f2, B: B [O(n)]
  12: f34->f2, C: 0 [O(1)]
  12: f34->f2, D: -max{-B, -B, max{-E, -E, -B}} [O(n)]
  12: f34->f2, E: E [O(n)]
  12: f34->f2, H: -max{0, -H} [O(n)]
  7: f36->f43, A: A [O(n)]
  7: f36->f43, B: B [O(n)]
  7: f36->f43, D: -max{-B, -B, max{-E, -E, -B}} [O(n)]
  7: f36->f43, E: E [O(n)]
  7: f36->f43, H: 1 [O(1)]
  8: f36->f43, A: A [O(n)]
  8: f36->f43, B: B [O(n)]
  8: f36->f43, C: 0 [O(1)]
  8: f36->f43, D: -max{-B, -B, max{-E, -E, -B}} [O(n)]
  8: f36->f43, E: E [O(n)]
  8: f36->f43, H: 1 [O(1)]
  11: f36->f36, A: A [O(n)]
  11: f36->f36, B: B [O(n)]
  11: f36->f36, D: -max{-B, -B, max{-E, -E, -B}} [O(n)]
  11: f36->f36, E: E [O(n)]
  11: f36->f36, H: 0 [O(1)]
  15: f36->f2, A: A [O(n)]
  15: f36->f2, B: B [O(n)]
  15: f36->f2, D: -max{-B, -B, max{-E, -E, -B}} [O(n)]
  15: f36->f2, E: E [O(n)]
  15: f36->f2, H: -max{0, -H} [O(n)]
  14: f43->f49, A: A [O(n)]
  14: f43->f49, B: B [O(n)]
  14: f43->f49, D: -max{-B, -B, max{-E, -E, -B}} [O(n)]
  14: f43->f49, E: E [O(n)]
  14: f43->f49, H: 1 [O(1)]
  13: f49->f36, A: A [O(n)]
  13: f49->f36, B: B [O(n)]
  13: f49->f36, D: -max{-B, -B, max{-E, -E, -B}} [O(n)]
  13: f49->f36, E: E [O(n)]
  13: f49->f36, H: 1 [O(1)]
  1: f8->f8, A: A [O(n)]
  1: f8->f8, B: B [O(n)]
  1: f8->f8, D: -max{-B, -E} [O(n)]
  1: f8->f8, E: E [O(n)]
  1: f8->f8, H: -max{0, -H} [O(n)]
  2: f8->f8, A: A [O(n)]
  2: f8->f8, B: B [O(n)]
  2: f8->f8, D: E [O(n)]
  2: f8->f8, E: E [O(n)]
  2: f8->f8, H: -max{0, -H} [O(n)]
  18: f8->f34, A: A [O(n)]
  18: f8->f34, B: B [O(n)]
  18: f8->f34, D: B [O(n)]
  18: f8->f34, E: E [O(n)]
  18: f8->f34, H: -max{0, -H} [O(n)]
  19: f8->f19, A: A [O(n)]
  19: f8->f19, B: B [O(n)]
  19: f8->f19, D: -max{-B, -E, max{-E, -B}} [O(n)]
  19: f8->f19, E: E [O(n)]
  19: f8->f19, H: -max{0, -H} [O(n)]
  20: f8->f19, A: A [O(n)]
  20: f8->f19, B: B [O(n)]
  20: f8->f19, D: -max{-B, -E, max{-E, -B}} [O(n)]
  20: f8->f19, E: E [O(n)]
  20: f8->f19, H: -max{0, -H} [O(n)]
  22: start->f2, A: A [O(n)]
  22: start->f2, B: B [O(n)]
  22: start->f2, C: C [O(n)]
  22: start->f2, D: D [O(n)]
  22: start->f2, E: E [O(n)]
  22: start->f2, F: F [O(n)]
  22: start->f2, G: G [O(n)]
  22: start->f2, H: H [O(n)]
`Upper:
  17: f19->f27, A: A [O(n)]
  17: f19->f27, B: B+max{0, 2*A+-2*B}+max{0, 3*A+-3*B} [O(n)]
  17: f19->f27, D: max{B, B, max{E+2*max{0, -B-E+2*A}, E+2*max{0, -B-E+2*A}, B+max{0, 2*A+-2*B}+max{0, 3*A+-3*B}}} [O(n)]
  17: f19->f27, E: E+2*max{0, -B-E+2*A} [O(n)]
  0: f2->f8, A: A [O(n)]
  0: f2->f8, B: B+max{0, 2*A+-2*B}+max{0, 3*A+-3*B} [O(n)]
  0: f2->f8, C: 0 [O(1)]
  0: f2->f8, D: max{B, B+max{0, 2*A+-2*B}+max{0, 3*A+-3*B}} [O(n)]
  0: f2->f8, E: E+2*max{0, -B-E+2*A} [O(n)]
  21: f2->f1, A: A [O(n)]
  21: f2->f1, B: max{B, B+max{0, 2*A+-2*B}+max{0, 3*A+-3*B}} [O(n)]
  21: f2->f1, E: max{E, E+2*max{0, -B-E+2*A}} [O(n)]
  16: f27->f34, A: A [O(n)]
  16: f27->f34, B: B+max{0, 2*A+-2*B}+max{0, 3*A+-3*B} [O(n)]
  16: f27->f34, D: max{B, B, max{E+2*max{0, -B-E+2*A}, E+2*max{0, -B-E+2*A}, B+max{0, 2*A+-2*B}+max{0, 3*A+-3*B}}} [O(n)]
  16: f27->f34, E: E+2*max{0, -B-E+2*A} [O(n)]
  5: f34->f36, A: A [O(n)]
  5: f34->f36, B: B+max{0, 2*A+-2*B}+max{0, 3*A+-3*B} [O(n)]
  5: f34->f36, C: -1 [O(1)]
  5: f34->f36, D: max{B, B, max{B+max{0, 2*A+-2*B}+max{0, 3*A+-3*B}, E+2*max{0, -B-E+2*A}, max{E+2*max{0, -B-E+2*A}, B+max{0, 2*A+-2*B}+max{0, 3*A+-3*B}}}} [O(n)]
  5: f34->f36, E: E+2*max{0, -B-E+2*A} [O(n)]
  6: f34->f36, A: A [O(n)]
  6: f34->f36, B: B+max{0, 2*A+-2*B}+max{0, 3*A+-3*B} [O(n)]
  6: f34->f36, D: max{B, B, max{B+max{0, 2*A+-2*B}+max{0, 3*A+-3*B}, E+2*max{0, -B-E+2*A}, max{E+2*max{0, -B-E+2*A}, B+max{0, 2*A+-2*B}+max{0, 3*A+-3*B}}}} [O(n)]
  6: f34->f36, E: E+2*max{0, -B-E+2*A} [O(n)]
  12: f34->f2, A: A [O(n)]
  12: f34->f2, B: B+max{0, 2*A+-2*B}+max{0, 3*A+-3*B} [O(n)]
  12: f34->f2, C: 0 [O(1)]
  12: f34->f2, D: max{B, B, max{B+max{0, 2*A+-2*B}+max{0, 3*A+-3*B}, E+2*max{0, -B-E+2*A}, max{E+2*max{0, -B-E+2*A}, B+max{0, 2*A+-2*B}+max{0, 3*A+-3*B}}}} [O(n)]
  12: f34->f2, E: E+2*max{0, -B-E+2*A} [O(n)]
  7: f36->f43, A: A [O(n)]
  7: f36->f43, B: B+max{0, 2*A+-2*B}+max{0, 3*A+-3*B} [O(n)]
  7: f36->f43, C: -1 [O(1)]
  7: f36->f43, E: E+2*max{0, -B-E+2*A} [O(n)]
  8: f36->f43, A: A [O(n)]
  8: f36->f43, B: B+max{0, 2*A+-2*B}+max{0, 3*A+-3*B} [O(n)]
  8: f36->f43, E: E+2*max{0, -B-E+2*A} [O(n)]
  11: f36->f36, A: A [O(n)]
  11: f36->f36, B: B+max{0, 2*A+-2*B}+max{0, 3*A+-3*B} [O(n)]
  11: f36->f36, E: E+2*max{0, -B-E+2*A} [O(n)]
  11: f36->f36, H: 0 [O(1)]
  15: f36->f2, A: A [O(n)]
  15: f36->f2, B: B+max{0, 2*A+-2*B}+max{0, 3*A+-3*B} [O(n)]
  15: f36->f2, E: E+2*max{0, -B-E+2*A} [O(n)]
  14: f43->f49, A: A [O(n)]
  14: f43->f49, B: B+max{0, 2*A+-2*B}+max{0, 3*A+-3*B} [O(n)]
  14: f43->f49, E: E+2*max{0, -B-E+2*A} [O(n)]
  13: f49->f36, A: A [O(n)]
  13: f49->f36, B: B+max{0, 2*A+-2*B}+max{0, 3*A+-3*B} [O(n)]
  13: f49->f36, E: E+2*max{0, -B-E+2*A} [O(n)]
  1: f8->f8, A: A [O(n)]
  1: f8->f8, B: B+max{0, 2*A+-2*B}+max{0, 3*A+-3*B} [O(n)]
  1: f8->f8, D: max{B, E+2*max{0, -B-E+2*A}, B+max{0, 2*A+-2*B}+max{0, 3*A+-3*B}} [O(n)]
  1: f8->f8, E: E+2*max{0, -B-E+2*A} [O(n)]
  2: f8->f8, A: A [O(n)]
  2: f8->f8, B: B+max{0, 2*A+-2*B}+max{0, 3*A+-3*B} [O(n)]
  2: f8->f8, D: E+2*max{0, -B-E+2*A} [O(n)]
  2: f8->f8, E: E+2*max{0, -B-E+2*A} [O(n)]
  18: f8->f34, A: A [O(n)]
  18: f8->f34, B: B+max{0, 2*A+-2*B}+max{0, 3*A+-3*B} [O(n)]
  18: f8->f34, D: B+max{0, 2*A+-2*B}+max{0, 3*A+-3*B} [O(n)]
  18: f8->f34, E: E+2*max{0, -B-E+2*A} [O(n)]
  19: f8->f19, A: A [O(n)]
  19: f8->f19, B: B+max{0, 2*A+-2*B}+max{0, 3*A+-3*B} [O(n)]
  19: f8->f19, D: max{B, B, max{E+2*max{0, -B-E+2*A}, E+2*max{0, -B-E+2*A}, B+max{0, 2*A+-2*B}+max{0, 3*A+-3*B}}} [O(n)]
  19: f8->f19, E: E+2*max{0, -B-E+2*A} [O(n)]
  20: f8->f19, A: A [O(n)]
  20: f8->f19, B: B+max{0, 2*A+-2*B}+max{0, 3*A+-3*B} [O(n)]
  20: f8->f19, D: max{B, B, max{E+2*max{0, -B-E+2*A}, E+2*max{0, -B-E+2*A}, B+max{0, 2*A+-2*B}+max{0, 3*A+-3*B}}} [O(n)]
  20: f8->f19, E: E+2*max{0, -B-E+2*A} [O(n)]
  22: start->f2, A: A [O(n)]
  22: start->f2, B: B [O(n)]
  22: start->f2, C: C [O(n)]
  22: start->f2, D: D [O(n)]
  22: start->f2, E: E [O(n)]
  22: start->f2, F: F [O(n)]
  22: start->f2, G: G [O(n)]
  22: start->f2, H: H [O(n)]
