Timebounds: 
  Overall timebound: inf [Infinity]
  0: f0->f12: max{0, 1+A-B} [O(n)]
  21: f0->f58: 1 [O(1)]
  1: f12->f12: max{0, -B-E+2*A} [O(n)]
  2: f12->f12: max{0, -B-E+2*A} [O(n)]
  18: f12->f35: max{0, 1+A-B} [O(n)]
  19: f12->f22: max{0, 1+A-B} [O(n)]
  20: f12->f22: max{0, 1+A-B} [O(n)]
  17: f22->f29: max{0, 1+A-B} [O(n)]
  16: f29->f35: max{0, 1+A-B} [O(n)]
  5: f35->f37: max{0, A-B} [O(n)]
  6: f35->f37: max{0, A-B} [O(n)]
  12: f35->f0: max{0, 2*A+-2*B} [O(n)]
  7: f37->f43: inf [Infinity]
  8: f37->f43: inf [Infinity]
  11: f37->f37: 2*max{0, (A-B)*(E+2*max{0, -B-E+2*A}+max{-B, -E, max{-B, -E}})}+max{0, (A-B)*(E+2*max{0, -B-E+2*A}+max{-B, -E, max{-B, -E}})}+max{0, (A-B)*(E+2*max{0, -B-E+2*A}+max{-B, -E, max{-B, -E}})}+max{0, (A-B)*(E+2*max{0, -B-E+2*A}+max{-B, -E, max{-B, -E}})}+max{0, (A-B)*(E+2*max{0, -B-E+2*A}+max{-B, -E, max{-B, -E}})} [O(n^2)]
  15: f37->f0: max{0, 2*A+-2*B} [O(n)]
  14: f43->f48: inf [Infinity]
  13: f48->f37: inf [Infinity]
  22: start->f0: 1 [O(1)]

Costbounds:
  Overall costbound: inf [Infinity]
  0: f0->f12: max{0, 1+A-B} [O(n)]
  21: f0->f58: 1 [O(1)]
  1: f12->f12: max{0, -B-E+2*A} [O(n)]
  2: f12->f12: max{0, -B-E+2*A} [O(n)]
  18: f12->f35: max{0, 1+A-B} [O(n)]
  19: f12->f22: max{0, 1+A-B} [O(n)]
  20: f12->f22: max{0, 1+A-B} [O(n)]
  17: f22->f29: max{0, 1+A-B} [O(n)]
  16: f29->f35: max{0, 1+A-B} [O(n)]
  5: f35->f37: max{0, A-B} [O(n)]
  6: f35->f37: max{0, A-B} [O(n)]
  12: f35->f0: max{0, 2*A+-2*B} [O(n)]
  7: f37->f43: inf [Infinity]
  8: f37->f43: inf [Infinity]
  11: f37->f37: 2*max{0, (A-B)*(E+2*max{0, -B-E+2*A}+max{-B, -E, max{-B, -E}})}+max{0, (A-B)*(E+2*max{0, -B-E+2*A}+max{-B, -E, max{-B, -E}})}+max{0, (A-B)*(E+2*max{0, -B-E+2*A}+max{-B, -E, max{-B, -E}})}+max{0, (A-B)*(E+2*max{0, -B-E+2*A}+max{-B, -E, max{-B, -E}})}+max{0, (A-B)*(E+2*max{0, -B-E+2*A}+max{-B, -E, max{-B, -E}})} [O(n^2)]
  15: f37->f0: max{0, 2*A+-2*B} [O(n)]
  14: f43->f48: inf [Infinity]
  13: f48->f37: inf [Infinity]
  22: start->f0: 1 [O(1)]

Sizebounds:
`Lower:
  0: f0->f12, A: A [O(n)]
  0: f0->f12, B: B [O(n)]
  0: f0->f12, C: 0 [O(1)]
  0: f0->f12, D: B [O(n)]
  0: f0->f12, E: E [O(n)]
  21: f0->f58, A: A [O(n)]
  21: f0->f58, B: B [O(n)]
  21: f0->f58, D: -max{-B, -E, max{-B, -B, max{-E, -B, max{-E, -D, -E}}}} [O(n)]
  21: f0->f58, E: E [O(n)]
  1: f12->f12, A: A [O(n)]
  1: f12->f12, B: B [O(n)]
  1: f12->f12, D: -max{-B, -E} [O(n)]
  1: f12->f12, E: E [O(n)]
  2: f12->f12, A: A [O(n)]
  2: f12->f12, B: B [O(n)]
  2: f12->f12, D: E [O(n)]
  2: f12->f12, E: E [O(n)]
  18: f12->f35, A: A [O(n)]
  18: f12->f35, B: B [O(n)]
  18: f12->f35, D: B [O(n)]
  18: f12->f35, E: E [O(n)]
  19: f12->f22, A: A [O(n)]
  19: f12->f22, B: B [O(n)]
  19: f12->f22, D: -max{-B, -E} [O(n)]
  19: f12->f22, E: E [O(n)]
  20: f12->f22, A: A [O(n)]
  20: f12->f22, B: B [O(n)]
  20: f12->f22, D: -max{-E, -B, -E} [O(n)]
  20: f12->f22, E: E [O(n)]
  17: f22->f29, A: A [O(n)]
  17: f22->f29, B: B [O(n)]
  17: f22->f29, D: -max{-B, -E, max{-B, -E}} [O(n)]
  17: f22->f29, E: E [O(n)]
  16: f29->f35, A: A [O(n)]
  16: f29->f35, B: B [O(n)]
  16: f29->f35, D: -max{-B, -E, max{-B, -E}} [O(n)]
  16: f29->f35, E: E [O(n)]
  5: f35->f37, A: A [O(n)]
  5: f35->f37, B: B [O(n)]
  5: f35->f37, D: -max{-B, -E, max{-B, -E}} [O(n)]
  5: f35->f37, E: E [O(n)]
  6: f35->f37, A: A [O(n)]
  6: f35->f37, B: B [O(n)]
  6: f35->f37, C: 1 [O(1)]
  6: f35->f37, D: -max{-B, -E, max{-B, -E}} [O(n)]
  6: f35->f37, E: E [O(n)]
  12: f35->f0, A: A [O(n)]
  12: f35->f0, B: B [O(n)]
  12: f35->f0, C: 0 [O(1)]
  12: f35->f0, D: -max{-B, -E, max{-B, -E}} [O(n)]
  12: f35->f0, E: E [O(n)]
  7: f37->f43, A: A [O(n)]
  7: f37->f43, B: B [O(n)]
  7: f37->f43, D: -max{-B, -E, max{-B, -E}} [O(n)]
  7: f37->f43, E: E [O(n)]
  8: f37->f43, A: A [O(n)]
  8: f37->f43, B: B [O(n)]
  8: f37->f43, D: -max{-B, -E, max{-B, -E}} [O(n)]
  8: f37->f43, E: E [O(n)]
  11: f37->f37, A: A [O(n)]
  11: f37->f37, B: B [O(n)]
  11: f37->f37, D: -max{-B, -E, max{-B, -E}} [O(n)]
  11: f37->f37, E: E [O(n)]
  11: f37->f37, H: 0 [O(1)]
  15: f37->f0, A: A [O(n)]
  15: f37->f0, B: B [O(n)]
  15: f37->f0, D: -max{-B, -E, max{-B, -E}} [O(n)]
  15: f37->f0, E: E [O(n)]
  14: f43->f48, A: A [O(n)]
  14: f43->f48, B: B [O(n)]
  14: f43->f48, D: -max{-B, -E, max{-B, -E}} [O(n)]
  14: f43->f48, E: E [O(n)]
  13: f48->f37, A: A [O(n)]
  13: f48->f37, B: B [O(n)]
  13: f48->f37, D: -max{-B, -E, max{-B, -E}} [O(n)]
  13: f48->f37, E: E [O(n)]
  22: start->f0, A: A [O(n)]
  22: start->f0, B: B [O(n)]
  22: start->f0, C: C [O(n)]
  22: start->f0, D: D [O(n)]
  22: start->f0, E: E [O(n)]
  22: start->f0, F: F [O(n)]
  22: start->f0, G: G [O(n)]
  22: start->f0, H: H [O(n)]
`Upper:
  0: f0->f12, A: A [O(n)]
  0: f0->f12, B: B+2*max{0, 2*A+-2*B} [O(n)]
  0: f0->f12, C: 0 [O(1)]
  0: f0->f12, D: max{B, B+2*max{0, 2*A+-2*B}} [O(n)]
  0: f0->f12, E: E+2*max{0, -B-E+2*A} [O(n)]
  21: f0->f58, A: A [O(n)]
  21: f0->f58, B: max{B, B+2*max{0, 2*A+-2*B}} [O(n)]
  21: f0->f58, E: max{E, E+2*max{0, -B-E+2*A}} [O(n)]
  1: f12->f12, A: A [O(n)]
  1: f12->f12, B: B+2*max{0, 2*A+-2*B} [O(n)]
  1: f12->f12, D: max{B, E+2*max{0, -B-E+2*A}, B+2*max{0, 2*A+-2*B}} [O(n)]
  1: f12->f12, E: E+2*max{0, -B-E+2*A} [O(n)]
  2: f12->f12, A: A [O(n)]
  2: f12->f12, B: B+2*max{0, 2*A+-2*B} [O(n)]
  2: f12->f12, D: E+2*max{0, -B-E+2*A} [O(n)]
  2: f12->f12, E: E+2*max{0, -B-E+2*A} [O(n)]
  18: f12->f35, A: A [O(n)]
  18: f12->f35, B: B+2*max{0, 2*A+-2*B} [O(n)]
  18: f12->f35, D: B+2*max{0, 2*A+-2*B} [O(n)]
  18: f12->f35, E: E+2*max{0, -B-E+2*A} [O(n)]
  19: f12->f22, A: A [O(n)]
  19: f12->f22, B: B+2*max{0, 2*A+-2*B} [O(n)]
  19: f12->f22, D: max{B, E+2*max{0, -B-E+2*A}, B+2*max{0, 2*A+-2*B}} [O(n)]
  19: f12->f22, E: E+2*max{0, -B-E+2*A} [O(n)]
  20: f12->f22, A: A [O(n)]
  20: f12->f22, B: B+2*max{0, 2*A+-2*B} [O(n)]
  20: f12->f22, D: max{B, E+2*max{0, -B-E+2*A}, max{E+2*max{0, -B-E+2*A}, B+2*max{0, 2*A+-2*B}}} [O(n)]
  20: f12->f22, E: E+2*max{0, -B-E+2*A} [O(n)]
  17: f22->f29, A: A [O(n)]
  17: f22->f29, B: B+2*max{0, 2*A+-2*B} [O(n)]
  17: f22->f29, D: max{B, B, max{E+2*max{0, -B-E+2*A}, E+2*max{0, -B-E+2*A}, max{E+2*max{0, -B-E+2*A}, B+2*max{0, 2*A+-2*B}}}} [O(n)]
  17: f22->f29, E: E+2*max{0, -B-E+2*A} [O(n)]
  16: f29->f35, A: A [O(n)]
  16: f29->f35, B: B+2*max{0, 2*A+-2*B} [O(n)]
  16: f29->f35, D: max{B, B, max{E+2*max{0, -B-E+2*A}, E+2*max{0, -B-E+2*A}, max{E+2*max{0, -B-E+2*A}, B+2*max{0, 2*A+-2*B}}}} [O(n)]
  16: f29->f35, E: E+2*max{0, -B-E+2*A} [O(n)]
  5: f35->f37, A: A [O(n)]
  5: f35->f37, B: B+2*max{0, 2*A+-2*B} [O(n)]
  5: f35->f37, C: -1 [O(1)]
  5: f35->f37, D: max{B, B, max{E+2*max{0, -B-E+2*A}, E+2*max{0, -B-E+2*A}, max{E+2*max{0, -B-E+2*A}, B+2*max{0, 2*A+-2*B}}}} [O(n)]
  5: f35->f37, E: E+2*max{0, -B-E+2*A} [O(n)]
  6: f35->f37, A: A [O(n)]
  6: f35->f37, B: B+2*max{0, 2*A+-2*B} [O(n)]
  6: f35->f37, D: max{B, B, max{E+2*max{0, -B-E+2*A}, E+2*max{0, -B-E+2*A}, max{E+2*max{0, -B-E+2*A}, B+2*max{0, 2*A+-2*B}}}} [O(n)]
  6: f35->f37, E: E+2*max{0, -B-E+2*A} [O(n)]
  12: f35->f0, A: A [O(n)]
  12: f35->f0, B: B+2*max{0, 2*A+-2*B} [O(n)]
  12: f35->f0, C: 0 [O(1)]
  12: f35->f0, D: max{B, B, max{E+2*max{0, -B-E+2*A}, E+2*max{0, -B-E+2*A}, max{E+2*max{0, -B-E+2*A}, B+2*max{0, 2*A+-2*B}}}} [O(n)]
  12: f35->f0, E: E+2*max{0, -B-E+2*A} [O(n)]
  7: f37->f43, A: A [O(n)]
  7: f37->f43, B: B+2*max{0, 2*A+-2*B} [O(n)]
  7: f37->f43, E: E+2*max{0, -B-E+2*A} [O(n)]
  8: f37->f43, A: A [O(n)]
  8: f37->f43, B: B+2*max{0, 2*A+-2*B} [O(n)]
  8: f37->f43, E: E+2*max{0, -B-E+2*A} [O(n)]
  11: f37->f37, A: A [O(n)]
  11: f37->f37, B: B+2*max{0, 2*A+-2*B} [O(n)]
  11: f37->f37, E: E+2*max{0, -B-E+2*A} [O(n)]
  11: f37->f37, H: 0 [O(1)]
  15: f37->f0, A: A [O(n)]
  15: f37->f0, B: B+2*max{0, 2*A+-2*B} [O(n)]
  15: f37->f0, E: E+2*max{0, -B-E+2*A} [O(n)]
  14: f43->f48, A: A [O(n)]
  14: f43->f48, B: B+2*max{0, 2*A+-2*B} [O(n)]
  14: f43->f48, E: E+2*max{0, -B-E+2*A} [O(n)]
  13: f48->f37, A: A [O(n)]
  13: f48->f37, B: B+2*max{0, 2*A+-2*B} [O(n)]
  13: f48->f37, E: E+2*max{0, -B-E+2*A} [O(n)]
  22: start->f0, A: A [O(n)]
  22: start->f0, B: B [O(n)]
  22: start->f0, C: C [O(n)]
  22: start->f0, D: D [O(n)]
  22: start->f0, E: E [O(n)]
  22: start->f0, F: F [O(n)]
  22: start->f0, G: G [O(n)]
  22: start->f0, H: H [O(n)]
