Timebounds: 
  Overall timebound: inf [Infinity]
  2: f30->f4: 1 [O(1)]
  0: f4->f5: inf [Infinity]
  4: f5->f4: inf [Infinity]

Costbounds:
  Overall costbound: inf [Infinity]
  2: f30->f4: 1 [O(1)]
  0: f4->f5: inf [Infinity]
  4: f5->f4: inf [Infinity]

Sizebounds:
`Lower:
  2: f30->f4, A: 2 [O(1)]
  2: f30->f4, B: B [O(n)]
  2: f30->f4, C: 2 [O(1)]
  2: f30->f4, D: F [O(n)]
  2: f30->f4, E: E [O(n)]
  0: f4->f5, A: 2 [O(1)]
  0: f4->f5, B: 1 [O(1)]
  0: f4->f5, C: 2 [O(1)]
  0: f4->f5, D: -max{-1, -F} [O(n)]
  0: f4->f5, E: E [O(n)]
  4: f5->f4, A: 3 [O(1)]
  4: f5->f4, B: 1 [O(1)]
  4: f5->f4, C: 2 [O(1)]
  4: f5->f4, D: 1 [O(1)]
  4: f5->f4, E: E [O(n)]
`Upper:
  2: f30->f4, A: 2 [O(1)]
  2: f30->f4, B: B [O(n)]
  2: f30->f4, C: 2 [O(1)]
  2: f30->f4, D: F [O(n)]
  2: f30->f4, E: E [O(n)]
  0: f4->f5, B: 1 [O(1)]
  0: f4->f5, C: 2 [O(1)]
  0: f4->f5, E: E [O(n)]
  4: f5->f4, B: 1 [O(1)]
  4: f5->f4, C: 2 [O(1)]
  4: f5->f4, E: E [O(n)]
