Timebounds: 
  Overall timebound: inf [Infinity]
  0: f1->f2: max{0, B} [O(n)]
  4: f2->f1: max{0, -1+B} [O(n)]
  2: f999->f1: 1 [O(1)]

Costbounds:
  Overall costbound: inf [Infinity]
  0: f1->f2: max{0, B} [O(n)]
  3: f1->f1: inf [Infinity]
  1: f2->f2: inf [Infinity]
  4: f2->f1: max{0, -1+B} [O(n)]
  2: f999->f1: 1 [O(1)]

Sizebounds:
`Lower:
  0: f1->f2, A: 0 [O(1)]
  0: f1->f2, B: 0 [O(1)]
  3: f1->f1, A: 0 [O(1)]
  3: f1->f1, B: 0 [O(1)]
  1: f2->f2, A: 0 [O(1)]
  1: f2->f2, B: 0 [O(1)]
  4: f2->f1, A: 0 [O(1)]
  4: f2->f1, B: 0 [O(1)]
  2: f999->f1, A: 1 [O(1)]
  2: f999->f1, B: 0 [O(1)]
`Upper:
  2: f999->f1, A: 1 [O(1)]
  2: f999->f1, B: -1+B [O(n)]
