Timebounds: 
  Overall timebound: inf [Infinity]
  0: f1->f2: max{0, H} [O(n)]
  2: f1->f1: inf [Infinity]
  7: f1->f1: inf [Infinity]
  3: f2->f1: max{0, -1+H} [O(n)]
  4: f2->f2: inf [Infinity]
  5: f2->f1: max{0, -1+H} [O(n)]
  6: f2->f1: max{0, -1+H} [O(n)]
  8: f2->f2: inf [Infinity]
  1: f999->f1: 1 [O(1)]

Costbounds:
  Overall costbound: inf [Infinity]
  0: f1->f2: max{0, H} [O(n)]
  2: f1->f1: inf [Infinity]
  7: f1->f1: inf [Infinity]
  3: f2->f1: max{0, -1+H} [O(n)]
  4: f2->f2: inf [Infinity]
  5: f2->f1: max{0, -1+H} [O(n)]
  6: f2->f1: max{0, -1+H} [O(n)]
  8: f2->f2: inf [Infinity]
  1: f999->f1: 1 [O(1)]

Sizebounds:
`Lower:
  0: f1->f2, A: 0 [O(1)]
  0: f1->f2, A1: 0 [O(1)]
  0: f1->f2, B: 0 [O(1)]
  0: f1->f2, B1: 0 [O(1)]
  0: f1->f2, C: 0 [O(1)]
  0: f1->f2, D: 0 [O(1)]
  0: f1->f2, E: 0 [O(1)]
  0: f1->f2, F: 0 [O(1)]
  0: f1->f2, G: 1 [O(1)]
  0: f1->f2, H: 0 [O(1)]
  0: f1->f2, I: 0 [O(1)]
  0: f1->f2, J: 0 [O(1)]
  0: f1->f2, K: 0 [O(1)]
  0: f1->f2, L: 0 [O(1)]
  0: f1->f2, M: 0 [O(1)]
  0: f1->f2, N: 0 [O(1)]
  0: f1->f2, O: 0 [O(1)]
  0: f1->f2, P: 0 [O(1)]
  0: f1->f2, Q: 0 [O(1)]
  0: f1->f2, R: 0 [O(1)]
  0: f1->f2, S: 0 [O(1)]
  0: f1->f2, T: 0 [O(1)]
  0: f1->f2, U: 0 [O(1)]
  0: f1->f2, V: 0 [O(1)]
  0: f1->f2, W: 0 [O(1)]
  0: f1->f2, X: 0 [O(1)]
  0: f1->f2, Y: 0 [O(1)]
  0: f1->f2, Z: 0 [O(1)]
  2: f1->f1, A: 2 [O(1)]
  2: f1->f1, A1: 0 [O(1)]
  2: f1->f1, B: 2 [O(1)]
  2: f1->f1, B1: 0 [O(1)]
  2: f1->f1, C: 0 [O(1)]
  2: f1->f1, D: 0 [O(1)]
  2: f1->f1, E: 0 [O(1)]
  2: f1->f1, F: 0 [O(1)]
  2: f1->f1, G: 0 [O(1)]
  2: f1->f1, H: 0 [O(1)]
  2: f1->f1, I: 0 [O(1)]
  2: f1->f1, J: 0 [O(1)]
  2: f1->f1, K: 0 [O(1)]
  2: f1->f1, L: 0 [O(1)]
  2: f1->f1, M: 0 [O(1)]
  2: f1->f1, N: 0 [O(1)]
  2: f1->f1, O: 0 [O(1)]
  2: f1->f1, P: 0 [O(1)]
  2: f1->f1, Q: 0 [O(1)]
  2: f1->f1, R: 0 [O(1)]
  2: f1->f1, S: 0 [O(1)]
  2: f1->f1, T: 0 [O(1)]
  2: f1->f1, U: 0 [O(1)]
  2: f1->f1, V: 0 [O(1)]
  2: f1->f1, W: 0 [O(1)]
  2: f1->f1, X: 0 [O(1)]
  2: f1->f1, Y: 0 [O(1)]
  2: f1->f1, Z: 0 [O(1)]
  7: f1->f1, A: 2 [O(1)]
  7: f1->f1, A1: 0 [O(1)]
  7: f1->f1, B: 2 [O(1)]
  7: f1->f1, B1: 0 [O(1)]
  7: f1->f1, C: 0 [O(1)]
  7: f1->f1, D: 0 [O(1)]
  7: f1->f1, E: 0 [O(1)]
  7: f1->f1, F: 0 [O(1)]
  7: f1->f1, G: 0 [O(1)]
  7: f1->f1, H: 0 [O(1)]
  7: f1->f1, I: 0 [O(1)]
  7: f1->f1, J: 0 [O(1)]
  7: f1->f1, K: 0 [O(1)]
  7: f1->f1, L: 0 [O(1)]
  7: f1->f1, M: 0 [O(1)]
  7: f1->f1, N: 0 [O(1)]
  7: f1->f1, O: 0 [O(1)]
  7: f1->f1, P: 0 [O(1)]
  7: f1->f1, Q: 0 [O(1)]
  7: f1->f1, R: 0 [O(1)]
  7: f1->f1, S: 0 [O(1)]
  7: f1->f1, T: 0 [O(1)]
  7: f1->f1, U: 0 [O(1)]
  7: f1->f1, V: 0 [O(1)]
  7: f1->f1, W: 0 [O(1)]
  7: f1->f1, X: 0 [O(1)]
  7: f1->f1, Y: 0 [O(1)]
  7: f1->f1, Z: 0 [O(1)]
  3: f2->f1, A: 1 [O(1)]
  3: f2->f1, A1: 0 [O(1)]
  3: f2->f1, B: 1 [O(1)]
  3: f2->f1, B1: 0 [O(1)]
  3: f2->f1, C: 0 [O(1)]
  3: f2->f1, D: 0 [O(1)]
  3: f2->f1, E: 0 [O(1)]
  3: f2->f1, F: 0 [O(1)]
  3: f2->f1, G: 1 [O(1)]
  3: f2->f1, H: 0 [O(1)]
  3: f2->f1, I: 0 [O(1)]
  3: f2->f1, J: 0 [O(1)]
  3: f2->f1, K: 0 [O(1)]
  3: f2->f1, L: 0 [O(1)]
  3: f2->f1, M: 0 [O(1)]
  3: f2->f1, N: 0 [O(1)]
  3: f2->f1, O: 0 [O(1)]
  3: f2->f1, P: 0 [O(1)]
  3: f2->f1, Q: 0 [O(1)]
  3: f2->f1, R: 0 [O(1)]
  3: f2->f1, S: 0 [O(1)]
  3: f2->f1, T: 0 [O(1)]
  3: f2->f1, U: 0 [O(1)]
  3: f2->f1, V: 0 [O(1)]
  3: f2->f1, W: 0 [O(1)]
  3: f2->f1, X: 0 [O(1)]
  3: f2->f1, Y: 0 [O(1)]
  3: f2->f1, Z: 0 [O(1)]
  4: f2->f2, A: 0 [O(1)]
  4: f2->f2, A1: 0 [O(1)]
  4: f2->f2, B: 0 [O(1)]
  4: f2->f2, B1: 0 [O(1)]
  4: f2->f2, C: 0 [O(1)]
  4: f2->f2, D: 0 [O(1)]
  4: f2->f2, E: 0 [O(1)]
  4: f2->f2, F: 0 [O(1)]
  4: f2->f2, G: 1 [O(1)]
  4: f2->f2, H: 0 [O(1)]
  4: f2->f2, I: 0 [O(1)]
  4: f2->f2, J: 1 [O(1)]
  4: f2->f2, K: 0 [O(1)]
  4: f2->f2, L: 1 [O(1)]
  4: f2->f2, M: 0 [O(1)]
  4: f2->f2, N: 0 [O(1)]
  4: f2->f2, O: 0 [O(1)]
  4: f2->f2, P: 0 [O(1)]
  4: f2->f2, Q: 0 [O(1)]
  4: f2->f2, R: 0 [O(1)]
  4: f2->f2, S: 0 [O(1)]
  4: f2->f2, T: 0 [O(1)]
  4: f2->f2, U: 0 [O(1)]
  4: f2->f2, V: 0 [O(1)]
  4: f2->f2, W: 0 [O(1)]
  4: f2->f2, X: 0 [O(1)]
  4: f2->f2, Y: 0 [O(1)]
  4: f2->f2, Z: 0 [O(1)]
  5: f2->f1, A: 1 [O(1)]
  5: f2->f1, A1: 0 [O(1)]
  5: f2->f1, B: 1 [O(1)]
  5: f2->f1, B1: 0 [O(1)]
  5: f2->f1, C: 0 [O(1)]
  5: f2->f1, D: 0 [O(1)]
  5: f2->f1, E: 0 [O(1)]
  5: f2->f1, F: 0 [O(1)]
  5: f2->f1, G: 0 [O(1)]
  5: f2->f1, H: 0 [O(1)]
  5: f2->f1, I: 0 [O(1)]
  5: f2->f1, J: 0 [O(1)]
  5: f2->f1, K: 0 [O(1)]
  5: f2->f1, L: 0 [O(1)]
  5: f2->f1, M: 0 [O(1)]
  5: f2->f1, N: 1 [O(1)]
  5: f2->f1, O: 0 [O(1)]
  5: f2->f1, P: 0 [O(1)]
  5: f2->f1, Q: 0 [O(1)]
  5: f2->f1, R: 0 [O(1)]
  5: f2->f1, S: 0 [O(1)]
  5: f2->f1, T: 0 [O(1)]
  5: f2->f1, U: 0 [O(1)]
  5: f2->f1, V: 0 [O(1)]
  5: f2->f1, W: 0 [O(1)]
  5: f2->f1, X: 0 [O(1)]
  5: f2->f1, Y: 0 [O(1)]
  5: f2->f1, Z: 0 [O(1)]
  6: f2->f1, A: 1 [O(1)]
  6: f2->f1, A1: 0 [O(1)]
  6: f2->f1, B: 1 [O(1)]
  6: f2->f1, B1: 0 [O(1)]
  6: f2->f1, C: 0 [O(1)]
  6: f2->f1, D: 0 [O(1)]
  6: f2->f1, E: 0 [O(1)]
  6: f2->f1, F: 0 [O(1)]
  6: f2->f1, G: 0 [O(1)]
  6: f2->f1, H: 0 [O(1)]
  6: f2->f1, I: 0 [O(1)]
  6: f2->f1, J: 1 [O(1)]
  6: f2->f1, K: 0 [O(1)]
  6: f2->f1, L: 1 [O(1)]
  6: f2->f1, M: 0 [O(1)]
  6: f2->f1, N: 1 [O(1)]
  6: f2->f1, O: 0 [O(1)]
  6: f2->f1, P: 0 [O(1)]
  6: f2->f1, Q: 0 [O(1)]
  6: f2->f1, R: 0 [O(1)]
  6: f2->f1, S: 0 [O(1)]
  6: f2->f1, T: 0 [O(1)]
  6: f2->f1, U: 0 [O(1)]
  6: f2->f1, V: 0 [O(1)]
  6: f2->f1, W: 0 [O(1)]
  6: f2->f1, X: 0 [O(1)]
  6: f2->f1, Y: 0 [O(1)]
  6: f2->f1, Z: 0 [O(1)]
  8: f2->f2, A: 0 [O(1)]
  8: f2->f2, A1: 0 [O(1)]
  8: f2->f2, B: 0 [O(1)]
  8: f2->f2, B1: 0 [O(1)]
  8: f2->f2, C: 0 [O(1)]
  8: f2->f2, D: 1 [O(1)]
  8: f2->f2, E: 0 [O(1)]
  8: f2->f2, F: 1 [O(1)]
  8: f2->f2, G: 1 [O(1)]
  8: f2->f2, H: 0 [O(1)]
  8: f2->f2, I: 0 [O(1)]
  8: f2->f2, J: 0 [O(1)]
  8: f2->f2, K: 0 [O(1)]
  8: f2->f2, L: 0 [O(1)]
  8: f2->f2, M: 0 [O(1)]
  8: f2->f2, N: 0 [O(1)]
  8: f2->f2, O: 0 [O(1)]
  8: f2->f2, P: 0 [O(1)]
  8: f2->f2, Q: 0 [O(1)]
  8: f2->f2, R: 0 [O(1)]
  8: f2->f2, S: 0 [O(1)]
  8: f2->f2, T: 0 [O(1)]
  8: f2->f2, U: 0 [O(1)]
  8: f2->f2, V: 0 [O(1)]
  8: f2->f2, W: 0 [O(1)]
  8: f2->f2, X: 0 [O(1)]
  8: f2->f2, Y: 0 [O(1)]
  8: f2->f2, Z: 0 [O(1)]
  1: f999->f1, A: 1 [O(1)]
  1: f999->f1, A1: 0 [O(1)]
  1: f999->f1, B: 1 [O(1)]
  1: f999->f1, B1: 0 [O(1)]
  1: f999->f1, C: 0 [O(1)]
  1: f999->f1, C1: C1 [O(n)]
  1: f999->f1, D: 0 [O(1)]
  1: f999->f1, E: 0 [O(1)]
  1: f999->f1, F: 0 [O(1)]
  1: f999->f1, G: 0 [O(1)]
  1: f999->f1, H: 0 [O(1)]
  1: f999->f1, I: 0 [O(1)]
  1: f999->f1, J: 0 [O(1)]
  1: f999->f1, K: 0 [O(1)]
  1: f999->f1, L: 0 [O(1)]
  1: f999->f1, M: 0 [O(1)]
  1: f999->f1, N: 0 [O(1)]
  1: f999->f1, O: 0 [O(1)]
  1: f999->f1, P: 0 [O(1)]
  1: f999->f1, Q: 0 [O(1)]
  1: f999->f1, R: 0 [O(1)]
  1: f999->f1, S: 0 [O(1)]
  1: f999->f1, T: 0 [O(1)]
  1: f999->f1, U: 0 [O(1)]
  1: f999->f1, V: 0 [O(1)]
  1: f999->f1, W: 0 [O(1)]
  1: f999->f1, X: 0 [O(1)]
  1: f999->f1, Y: 0 [O(1)]
  1: f999->f1, Z: 0 [O(1)]
`Upper:
  0: f1->f2, A: 0 [O(1)]
  0: f1->f2, A1: 0 [O(1)]
  0: f1->f2, B: 0 [O(1)]
  0: f1->f2, B1: 0 [O(1)]
  0: f1->f2, C: 0 [O(1)]
  0: f1->f2, H: 0 [O(1)]
  0: f1->f2, I: 0 [O(1)]
  0: f1->f2, O: 0 [O(1)]
  0: f1->f2, P: 0 [O(1)]
  0: f1->f2, Q: 0 [O(1)]
  0: f1->f2, R: 0 [O(1)]
  0: f1->f2, S: 0 [O(1)]
  0: f1->f2, T: 0 [O(1)]
  0: f1->f2, U: 0 [O(1)]
  0: f1->f2, V: 0 [O(1)]
  0: f1->f2, W: 0 [O(1)]
  0: f1->f2, X: 0 [O(1)]
  0: f1->f2, Y: 0 [O(1)]
  0: f1->f2, Z: 0 [O(1)]
  2: f1->f1, A1: 0 [O(1)]
  2: f1->f1, B1: 0 [O(1)]
  2: f1->f1, D: 0 [O(1)]
  2: f1->f1, H: 0 [O(1)]
  2: f1->f1, I: 0 [O(1)]
  2: f1->f1, O: 0 [O(1)]
  2: f1->f1, P: 0 [O(1)]
  2: f1->f1, Q: 0 [O(1)]
  2: f1->f1, R: 0 [O(1)]
  2: f1->f1, S: 0 [O(1)]
  2: f1->f1, T: 0 [O(1)]
  2: f1->f1, U: 0 [O(1)]
  2: f1->f1, V: 0 [O(1)]
  2: f1->f1, W: 0 [O(1)]
  2: f1->f1, X: 0 [O(1)]
  2: f1->f1, Y: 0 [O(1)]
  2: f1->f1, Z: 0 [O(1)]
  7: f1->f1, A1: 0 [O(1)]
  7: f1->f1, B1: 0 [O(1)]
  7: f1->f1, D: 0 [O(1)]
  7: f1->f1, H: 0 [O(1)]
  7: f1->f1, I: 0 [O(1)]
  7: f1->f1, O: 0 [O(1)]
  7: f1->f1, P: 0 [O(1)]
  7: f1->f1, Q: 0 [O(1)]
  7: f1->f1, R: 0 [O(1)]
  7: f1->f1, S: 0 [O(1)]
  7: f1->f1, T: 0 [O(1)]
  7: f1->f1, U: 0 [O(1)]
  7: f1->f1, V: 0 [O(1)]
  7: f1->f1, W: 0 [O(1)]
  7: f1->f1, X: 0 [O(1)]
  7: f1->f1, Y: 0 [O(1)]
  7: f1->f1, Z: 0 [O(1)]
  3: f2->f1, A: 1 [O(1)]
  3: f2->f1, A1: 0 [O(1)]
  3: f2->f1, B: 1 [O(1)]
  3: f2->f1, B1: 0 [O(1)]
  3: f2->f1, D: 0 [O(1)]
  3: f2->f1, H: 0 [O(1)]
  3: f2->f1, I: 0 [O(1)]
  3: f2->f1, O: 0 [O(1)]
  3: f2->f1, P: 0 [O(1)]
  3: f2->f1, Q: 0 [O(1)]
  3: f2->f1, R: 0 [O(1)]
  3: f2->f1, S: 0 [O(1)]
  3: f2->f1, T: 0 [O(1)]
  3: f2->f1, U: 0 [O(1)]
  3: f2->f1, V: 0 [O(1)]
  3: f2->f1, W: 0 [O(1)]
  3: f2->f1, X: 0 [O(1)]
  3: f2->f1, Y: 0 [O(1)]
  3: f2->f1, Z: 0 [O(1)]
  4: f2->f2, A: 0 [O(1)]
  4: f2->f2, A1: 0 [O(1)]
  4: f2->f2, B: 0 [O(1)]
  4: f2->f2, B1: 0 [O(1)]
  4: f2->f2, C: 0 [O(1)]
  4: f2->f2, H: 0 [O(1)]
  4: f2->f2, I: 0 [O(1)]
  4: f2->f2, K: 0 [O(1)]
  4: f2->f2, M: 0 [O(1)]
  4: f2->f2, N: 0 [O(1)]
  4: f2->f2, O: 0 [O(1)]
  4: f2->f2, P: 0 [O(1)]
  4: f2->f2, Q: 0 [O(1)]
  4: f2->f2, R: 0 [O(1)]
  4: f2->f2, S: 0 [O(1)]
  4: f2->f2, T: 0 [O(1)]
  4: f2->f2, U: 0 [O(1)]
  4: f2->f2, V: 0 [O(1)]
  4: f2->f2, W: 0 [O(1)]
  4: f2->f2, X: 0 [O(1)]
  4: f2->f2, Y: 0 [O(1)]
  4: f2->f2, Z: 0 [O(1)]
  5: f2->f1, A1: 0 [O(1)]
  5: f2->f1, B1: 0 [O(1)]
  5: f2->f1, D: 0 [O(1)]
  5: f2->f1, E: 0 [O(1)]
  5: f2->f1, F: 0 [O(1)]
  5: f2->f1, G: 0 [O(1)]
  5: f2->f1, H: 0 [O(1)]
  5: f2->f1, I: 0 [O(1)]
  5: f2->f1, J: 0 [O(1)]
  5: f2->f1, L: 0 [O(1)]
  5: f2->f1, O: 0 [O(1)]
  5: f2->f1, P: 0 [O(1)]
  5: f2->f1, Q: 0 [O(1)]
  5: f2->f1, R: 0 [O(1)]
  5: f2->f1, S: 0 [O(1)]
  5: f2->f1, T: 0 [O(1)]
  5: f2->f1, U: 0 [O(1)]
  5: f2->f1, V: 0 [O(1)]
  5: f2->f1, W: 0 [O(1)]
  5: f2->f1, X: 0 [O(1)]
  5: f2->f1, Y: 0 [O(1)]
  5: f2->f1, Z: 0 [O(1)]
  6: f2->f1, A: 1 [O(1)]
  6: f2->f1, A1: 0 [O(1)]
  6: f2->f1, B: 1 [O(1)]
  6: f2->f1, B1: 0 [O(1)]
  6: f2->f1, D: 0 [O(1)]
  6: f2->f1, E: 0 [O(1)]
  6: f2->f1, F: 0 [O(1)]
  6: f2->f1, G: 0 [O(1)]
  6: f2->f1, H: 0 [O(1)]
  6: f2->f1, I: 0 [O(1)]
  6: f2->f1, O: 0 [O(1)]
  6: f2->f1, P: 0 [O(1)]
  6: f2->f1, Q: 0 [O(1)]
  6: f2->f1, R: 0 [O(1)]
  6: f2->f1, S: 0 [O(1)]
  6: f2->f1, T: 0 [O(1)]
  6: f2->f1, U: 0 [O(1)]
  6: f2->f1, V: 0 [O(1)]
  6: f2->f1, W: 0 [O(1)]
  6: f2->f1, X: 0 [O(1)]
  6: f2->f1, Y: 0 [O(1)]
  6: f2->f1, Z: 0 [O(1)]
  8: f2->f2, A: 0 [O(1)]
  8: f2->f2, A1: 0 [O(1)]
  8: f2->f2, B: 0 [O(1)]
  8: f2->f2, B1: 0 [O(1)]
  8: f2->f2, C: 0 [O(1)]
  8: f2->f2, H: 0 [O(1)]
  8: f2->f2, I: 0 [O(1)]
  8: f2->f2, O: 0 [O(1)]
  8: f2->f2, P: 0 [O(1)]
  8: f2->f2, Q: 0 [O(1)]
  8: f2->f2, R: 0 [O(1)]
  8: f2->f2, S: 0 [O(1)]
  8: f2->f2, T: 0 [O(1)]
  8: f2->f2, U: 0 [O(1)]
  8: f2->f2, V: 0 [O(1)]
  8: f2->f2, W: 0 [O(1)]
  8: f2->f2, X: 0 [O(1)]
  8: f2->f2, Y: 0 [O(1)]
  8: f2->f2, Z: 0 [O(1)]
  1: f999->f1, A: 1 [O(1)]
  1: f999->f1, A1: 0 [O(1)]
  1: f999->f1, B: 1 [O(1)]
  1: f999->f1, B1: 0 [O(1)]
  1: f999->f1, C: -1+H [O(n)]
  1: f999->f1, C1: C1 [O(n)]
  1: f999->f1, D: 0 [O(1)]
  1: f999->f1, E: 0 [O(1)]
  1: f999->f1, F: 0 [O(1)]
  1: f999->f1, G: 0 [O(1)]
  1: f999->f1, H: 0 [O(1)]
  1: f999->f1, I: 0 [O(1)]
  1: f999->f1, J: 0 [O(1)]
  1: f999->f1, K: 0 [O(1)]
  1: f999->f1, L: 0 [O(1)]
  1: f999->f1, M: 0 [O(1)]
  1: f999->f1, N: 0 [O(1)]
  1: f999->f1, O: 0 [O(1)]
  1: f999->f1, P: 0 [O(1)]
  1: f999->f1, Q: 0 [O(1)]
  1: f999->f1, R: 0 [O(1)]
  1: f999->f1, S: 0 [O(1)]
  1: f999->f1, T: 0 [O(1)]
  1: f999->f1, U: 0 [O(1)]
  1: f999->f1, V: 0 [O(1)]
  1: f999->f1, W: 0 [O(1)]
  1: f999->f1, X: 0 [O(1)]
  1: f999->f1, Y: 0 [O(1)]
  1: f999->f1, Z: 0 [O(1)]
