Timebounds: 
  Overall timebound: inf [Infinity]
  0: f1->f2: 1 [O(1)]

Costbounds:
  Overall costbound: inf [Infinity]
  0: f1->f2: 1 [O(1)]
  1: f2->f3: inf [Infinity]
  2: f2->f3: inf [Infinity]
  3: f3->f2: inf [Infinity]
  4: f3->f2: inf [Infinity]

Sizebounds:
`Lower:
  0: f1->f2, A: 1 [O(1)]
  0: f1->f2, B: 1 [O(1)]
  0: f1->f2, C: 2 [O(1)]
  1: f2->f3, A: 0 [O(1)]
  1: f2->f3, B: 1 [O(1)]
  2: f2->f3, A: 0 [O(1)]
  2: f2->f3, B: 1 [O(1)]
  2: f2->f3, C: 2 [O(1)]
  3: f3->f2, A: 0 [O(1)]
  3: f3->f2, B: 1 [O(1)]
  3: f3->f2, C: 0 [O(1)]
  4: f3->f2, A: 0 [O(1)]
  4: f3->f2, B: 1 [O(1)]
  4: f3->f2, C: 0 [O(1)]
`Upper:
  0: f1->f2, A: A [O(n)]
  0: f1->f2, B: A [O(n)]
  0: f1->f2, C: 1+A [O(n)]
  1: f2->f3, A: max{0, A} [O(n)]
  1: f2->f3, B: max{0, A} [O(n)]
  1: f2->f3, C: max{-1, -1+A} [O(n)]
  2: f2->f3, A: max{0, A} [O(n)]
  2: f2->f3, B: max{0, A} [O(n)]
  2: f2->f3, C: max{1, 1+A} [O(n)]
  3: f3->f2, A: max{0, A} [O(n)]
  3: f3->f2, B: max{0, A} [O(n)]
  3: f3->f2, C: 0 [O(1)]
  4: f3->f2, A: max{0, A} [O(n)]
  4: f3->f2, B: max{0, A} [O(n)]
  4: f3->f2, C: max{1, 1+A} [O(n)]
