Timebounds: 
  Overall timebound: inf [Infinity]
  0: f0->f5: 1 [O(1)]
  1: f0->f12: 1 [O(1)]
  4: f0->f5: 1 [O(1)]
  2: f12->f20: inf [Infinity]
  3: f12->f20: max{0, 1+M} [O(n)]
  6: f12->f5: 1 [O(1)]
  5: f20->f12: inf [Infinity]

Costbounds:
  Overall costbound: inf [Infinity]
  0: f0->f5: 1 [O(1)]
  1: f0->f12: 1 [O(1)]
  4: f0->f5: 1 [O(1)]
  2: f12->f20: inf [Infinity]
  3: f12->f20: max{0, 1+M} [O(n)]
  6: f12->f5: 1 [O(1)]
  5: f20->f12: inf [Infinity]

Sizebounds:
`Lower:
  0: f0->f5, A: A [O(n)]
  0: f0->f5, B: B [O(n)]
  0: f0->f5, C: C [O(n)]
  0: f0->f5, D: D [O(n)]
  0: f0->f5, E: E [O(n)]
  0: f0->f5, F: F [O(n)]
  0: f0->f5, G: G [O(n)]
  0: f0->f5, H: H [O(n)]
  0: f0->f5, I: I [O(n)]
  0: f0->f5, J: J [O(n)]
  0: f0->f5, K: K [O(n)]
  0: f0->f5, L: -inf [Infinity]
  0: f0->f5, M: -inf [Infinity]
  1: f0->f12, A: M [O(n)]
  1: f0->f12, B: B [O(n)]
  1: f0->f12, C: C [O(n)]
  1: f0->f12, D: D [O(n)]
  1: f0->f12, E: E [O(n)]
  1: f0->f12, F: F [O(n)]
  1: f0->f12, G: G [O(n)]
  1: f0->f12, H: H [O(n)]
  1: f0->f12, I: I [O(n)]
  1: f0->f12, J: J [O(n)]
  1: f0->f12, K: K [O(n)]
  1: f0->f12, L: -inf [Infinity]
  1: f0->f12, M: -inf [Infinity]
  4: f0->f5, A: A [O(n)]
  4: f0->f5, B: B [O(n)]
  4: f0->f5, C: C [O(n)]
  4: f0->f5, D: 1 [O(1)]
  4: f0->f5, E: 1 [O(1)]
  4: f0->f5, F: F [O(n)]
  4: f0->f5, G: G [O(n)]
  4: f0->f5, H: H [O(n)]
  4: f0->f5, I: I [O(n)]
  4: f0->f5, J: J [O(n)]
  4: f0->f5, K: K [O(n)]
  4: f0->f5, L: -inf [Infinity]
  4: f0->f5, M: -inf [Infinity]
  2: f12->f20, A: -inf [Infinity]
  2: f12->f20, B: -inf [Infinity]
  2: f12->f20, C: -inf [Infinity]
  2: f12->f20, D: D [O(n)]
  2: f12->f20, E: E [O(n)]
  2: f12->f20, F: -max{0, -F} [O(n)]
  2: f12->f20, G: -max{0, -G} [O(n)]
  2: f12->f20, H: H [O(n)]
  2: f12->f20, I: I [O(n)]
  2: f12->f20, J: J [O(n)]
  2: f12->f20, K: K [O(n)]
  2: f12->f20, L: -inf [Infinity]
  2: f12->f20, M: -inf [Infinity]
  3: f12->f20, A: -inf [Infinity]
  3: f12->f20, B: -inf [Infinity]
  3: f12->f20, C: -inf [Infinity]
  3: f12->f20, D: D [O(n)]
  3: f12->f20, E: E [O(n)]
  3: f12->f20, F: -max{0, -F} [O(n)]
  3: f12->f20, G: -max{0, -G} [O(n)]
  3: f12->f20, H: H [O(n)]
  3: f12->f20, I: I [O(n)]
  3: f12->f20, J: J [O(n)]
  3: f12->f20, K: K [O(n)]
  3: f12->f20, L: -inf [Infinity]
  3: f12->f20, M: -inf [Infinity]
  6: f12->f5, A: 0 [O(1)]
  6: f12->f5, B: -inf [Infinity]
  6: f12->f5, C: -inf [Infinity]
  6: f12->f5, D: 0 [O(1)]
  6: f12->f5, E: 0 [O(1)]
  6: f12->f5, F: -max{0, -F} [O(n)]
  6: f12->f5, G: -max{0, -G} [O(n)]
  6: f12->f5, H: -inf [Infinity]
  6: f12->f5, I: -inf [Infinity]
  6: f12->f5, J: 0 [O(1)]
  6: f12->f5, K: 0 [O(1)]
  6: f12->f5, L: -inf [Infinity]
  6: f12->f5, M: -inf [Infinity]
  5: f20->f12, A: -inf [Infinity]
  5: f20->f12, B: -inf [Infinity]
  5: f20->f12, C: -inf [Infinity]
  5: f20->f12, D: D [O(n)]
  5: f20->f12, E: E [O(n)]
  5: f20->f12, F: 0 [O(1)]
  5: f20->f12, G: 0 [O(1)]
  5: f20->f12, H: H [O(n)]
  5: f20->f12, I: I [O(n)]
  5: f20->f12, J: J [O(n)]
  5: f20->f12, K: K [O(n)]
  5: f20->f12, L: -inf [Infinity]
  5: f20->f12, M: -inf [Infinity]
`Upper:
  0: f0->f5, A: A [O(n)]
  0: f0->f5, B: B [O(n)]
  0: f0->f5, C: C [O(n)]
  0: f0->f5, D: D [O(n)]
  0: f0->f5, E: E [O(n)]
  0: f0->f5, F: F [O(n)]
  0: f0->f5, G: G [O(n)]
  0: f0->f5, H: H [O(n)]
  0: f0->f5, I: I [O(n)]
  0: f0->f5, J: J [O(n)]
  0: f0->f5, K: K [O(n)]
  0: f0->f5, L: inf [Infinity]
  0: f0->f5, M: inf [Infinity]
  1: f0->f12, A: M [O(n)]
  1: f0->f12, B: B [O(n)]
  1: f0->f12, C: C [O(n)]
  1: f0->f12, D: D [O(n)]
  1: f0->f12, E: E [O(n)]
  1: f0->f12, F: F [O(n)]
  1: f0->f12, G: G [O(n)]
  1: f0->f12, H: H [O(n)]
  1: f0->f12, I: I [O(n)]
  1: f0->f12, J: J [O(n)]
  1: f0->f12, K: K [O(n)]
  1: f0->f12, L: inf [Infinity]
  1: f0->f12, M: inf [Infinity]
  4: f0->f5, A: A [O(n)]
  4: f0->f5, B: B [O(n)]
  4: f0->f5, C: C [O(n)]
  4: f0->f5, D: 1 [O(1)]
  4: f0->f5, E: 1 [O(1)]
  4: f0->f5, F: F [O(n)]
  4: f0->f5, G: G [O(n)]
  4: f0->f5, H: H [O(n)]
  4: f0->f5, I: I [O(n)]
  4: f0->f5, J: J [O(n)]
  4: f0->f5, K: K [O(n)]
  4: f0->f5, L: inf [Infinity]
  4: f0->f5, M: inf [Infinity]
  2: f12->f20, A: -1 [O(1)]
  2: f12->f20, B: inf [Infinity]
  2: f12->f20, C: inf [Infinity]
  2: f12->f20, D: D [O(n)]
  2: f12->f20, E: E [O(n)]
  2: f12->f20, F: max{0, F} [O(n)]
  2: f12->f20, G: max{0, G} [O(n)]
  2: f12->f20, H: H [O(n)]
  2: f12->f20, I: I [O(n)]
  2: f12->f20, J: J [O(n)]
  2: f12->f20, K: K [O(n)]
  2: f12->f20, L: inf [Infinity]
  2: f12->f20, M: inf [Infinity]
  3: f12->f20, A: max{-1, M} [O(n)]
  3: f12->f20, B: inf [Infinity]
  3: f12->f20, C: inf [Infinity]
  3: f12->f20, D: D [O(n)]
  3: f12->f20, E: E [O(n)]
  3: f12->f20, F: max{0, F} [O(n)]
  3: f12->f20, G: max{0, G} [O(n)]
  3: f12->f20, H: H [O(n)]
  3: f12->f20, I: I [O(n)]
  3: f12->f20, J: J [O(n)]
  3: f12->f20, K: K [O(n)]
  3: f12->f20, L: inf [Infinity]
  3: f12->f20, M: inf [Infinity]
  6: f12->f5, A: 0 [O(1)]
  6: f12->f5, B: inf [Infinity]
  6: f12->f5, C: inf [Infinity]
  6: f12->f5, D: 0 [O(1)]
  6: f12->f5, E: 0 [O(1)]
  6: f12->f5, F: max{0, F} [O(n)]
  6: f12->f5, G: max{0, G} [O(n)]
  6: f12->f5, H: inf [Infinity]
  6: f12->f5, I: inf [Infinity]
  6: f12->f5, J: 0 [O(1)]
  6: f12->f5, K: 0 [O(1)]
  6: f12->f5, L: inf [Infinity]
  6: f12->f5, M: inf [Infinity]
  5: f20->f12, A: max{-1, M} [O(n)]
  5: f20->f12, B: inf [Infinity]
  5: f20->f12, C: inf [Infinity]
  5: f20->f12, D: D [O(n)]
  5: f20->f12, E: E [O(n)]
  5: f20->f12, F: 0 [O(1)]
  5: f20->f12, G: 0 [O(1)]
  5: f20->f12, H: H [O(n)]
  5: f20->f12, I: I [O(n)]
  5: f20->f12, J: J [O(n)]
  5: f20->f12, K: K [O(n)]
  5: f20->f12, L: inf [Infinity]
  5: f20->f12, M: inf [Infinity]
