Timebounds: 
  Overall timebound: inf [Infinity]
  2: f0->f4: 1 [O(1)]
  0: f4->f5: inf [Infinity]
  1: f4->f5: inf [Infinity]
  6: f4->f12: 1 [O(1)]
  3: f5->f4: inf [Infinity]
  4: f5->f4: inf [Infinity]
  5: f5->f4: inf [Infinity]

Costbounds:
  Overall costbound: inf [Infinity]
  2: f0->f4: 1 [O(1)]
  0: f4->f5: inf [Infinity]
  1: f4->f5: inf [Infinity]
  6: f4->f12: 1 [O(1)]
  3: f5->f4: inf [Infinity]
  4: f5->f4: inf [Infinity]
  5: f5->f4: inf [Infinity]

Sizebounds:
`Lower:
  2: f0->f4, A: C [O(n)]
  2: f0->f4, B: 0 [O(1)]
  2: f0->f4, C: -inf [Infinity]
  0: f4->f5, A: -inf [Infinity]
  0: f4->f5, B: 0 [O(1)]
  0: f4->f5, C: -inf [Infinity]
  1: f4->f5, A: -inf [Infinity]
  1: f4->f5, B: 0 [O(1)]
  1: f4->f5, C: -inf [Infinity]
  6: f4->f12, A: 0 [O(1)]
  6: f4->f12, B: 0 [O(1)]
  6: f4->f12, C: -inf [Infinity]
  3: f5->f4, A: -inf [Infinity]
  3: f5->f4, B: 1 [O(1)]
  3: f5->f4, C: -inf [Infinity]
  4: f5->f4, A: -inf [Infinity]
  4: f5->f4, B: 0 [O(1)]
  4: f5->f4, C: -inf [Infinity]
  5: f5->f4, A: -inf [Infinity]
  5: f5->f4, B: 1 [O(1)]
  5: f5->f4, C: -inf [Infinity]
`Upper:
  2: f0->f4, A: C [O(n)]
  2: f0->f4, B: 0 [O(1)]
  2: f0->f4, C: inf [Infinity]
  0: f4->f5, A: -1 [O(1)]
  0: f4->f5, B: inf [Infinity]
  0: f4->f5, C: inf [Infinity]
  1: f4->f5, A: inf [Infinity]
  1: f4->f5, B: inf [Infinity]
  1: f4->f5, C: inf [Infinity]
  6: f4->f12, A: 0 [O(1)]
  6: f4->f12, B: inf [Infinity]
  6: f4->f12, C: inf [Infinity]
  3: f5->f4, A: inf [Infinity]
  3: f5->f4, B: 4 [O(1)]
  3: f5->f4, C: inf [Infinity]
  4: f5->f4, A: inf [Infinity]
  4: f5->f4, B: inf [Infinity]
  4: f5->f4, C: inf [Infinity]
  5: f5->f4, A: inf [Infinity]
  5: f5->f4, B: 1 [O(1)]
  5: f5->f4, C: inf [Infinity]
