Timebounds: 
  Overall timebound: 38 [O(1)]
  0: f0->f5: 1 [O(1)]
  1: f5->f5: 36 [O(1)]
  2: f5->f8: 1 [O(1)]

Costbounds:
  Overall costbound: 38 [O(1)]
  0: f0->f5: 1 [O(1)]
  1: f5->f5: 36 [O(1)]
  2: f5->f8: 1 [O(1)]

Sizebounds:
`Lower:
  0: f0->f5, A: 2 [O(1)]
  0: f0->f5, B: 4 [O(1)]
  1: f5->f5, A: 4 [O(1)]
  1: f5->f5, B: 6 [O(1)]
  2: f5->f8, A: 20 [O(1)]
  2: f5->f8, B: 22 [O(1)]
`Upper:
  0: f0->f5, A: 2 [O(1)]
  0: f0->f5, B: 4 [O(1)]
  1: f5->f5, A: 21 [O(1)]
  1: f5->f5, B: 23 [O(1)]
  2: f5->f8, A: 21 [O(1)]
  2: f5->f8, B: 23 [O(1)]
