Timebounds: 
  Overall timebound: 12 [O(1)]
  0: f0->f3: 1 [O(1)]
  1: f3->f3: 10 [O(1)]
  2: f3->f10: 1 [O(1)]

Costbounds:
  Overall costbound: 12 [O(1)]
  0: f0->f3: 1 [O(1)]
  1: f3->f3: 10 [O(1)]
  2: f3->f10: 1 [O(1)]

Sizebounds:
`Lower:
  0: f0->f3, A: 1 [O(1)]
  0: f0->f3, B: B [O(n)]
  1: f3->f3, A: 2 [O(1)]
  1: f3->f3, B: 0 [O(1)]
  2: f3->f10, A: 11 [O(1)]
  2: f3->f10, B: 0 [O(1)]
`Upper:
  0: f0->f3, A: 1 [O(1)]
  0: f0->f3, B: B [O(n)]
  1: f3->f3, A: 11 [O(1)]
  1: f3->f3, B: 9 [O(1)]
  2: f3->f10, A: 11 [O(1)]
  2: f3->f10, B: 9 [O(1)]
