Timebounds: 
  Overall timebound: inf [Infinity]
  0: f0->f18: 1 [O(1)]
  3: f18->f25: 1 [O(1)]
  12: f25->f33: 1 [O(1)]
  6: f33->f40: 1 [O(1)]
  8: f40->f40: inf [Infinity]

Costbounds:
  Overall costbound: inf [Infinity]
  0: f0->f18: 1 [O(1)]
  3: f18->f25: 1 [O(1)]
  12: f25->f33: 1 [O(1)]
  6: f33->f40: 1 [O(1)]
  8: f40->f40: inf [Infinity]

Sizebounds:
`Lower:
  0: f0->f18, A: 3 [O(1)]
  0: f0->f18, B: 3 [O(1)]
  0: f0->f18, C: 0 [O(1)]
  0: f0->f18, D: 3 [O(1)]
  0: f0->f18, E: E [O(n)]
  0: f0->f18, F: F [O(n)]
  0: f0->f18, G: G [O(n)]
  0: f0->f18, H: H [O(n)]
  0: f0->f18, I: I [O(n)]
  0: f0->f18, J: J [O(n)]
  0: f0->f18, K: K [O(n)]
  0: f0->f18, L: L [O(n)]
  0: f0->f18, M: M [O(n)]
  0: f0->f18, N: N [O(n)]
  0: f0->f18, O: O [O(n)]
  0: f0->f18, P: P [O(n)]
  0: f0->f18, Q: Q [O(n)]
  0: f0->f18, R: R [O(n)]
  3: f18->f25, A: 3 [O(1)]
  3: f18->f25, B: 3 [O(1)]
  3: f18->f25, C: 0 [O(1)]
  3: f18->f25, D: 3 [O(1)]
  3: f18->f25, E: 3 [O(1)]
  3: f18->f25, F: 3 [O(1)]
  3: f18->f25, G: -3 [O(1)]
  3: f18->f25, H: 4 [O(1)]
  3: f18->f25, I: 0 [O(1)]
  3: f18->f25, J: J [O(n)]
  3: f18->f25, K: K [O(n)]
  3: f18->f25, L: L [O(n)]
  3: f18->f25, M: M [O(n)]
  3: f18->f25, N: N [O(n)]
  3: f18->f25, O: O [O(n)]
  3: f18->f25, P: P [O(n)]
  3: f18->f25, Q: Q [O(n)]
  3: f18->f25, R: R [O(n)]
  12: f25->f33, A: 3 [O(1)]
  12: f25->f33, B: 3 [O(1)]
  12: f25->f33, C: 0 [O(1)]
  12: f25->f33, D: 3 [O(1)]
  12: f25->f33, E: 3 [O(1)]
  12: f25->f33, F: 3 [O(1)]
  12: f25->f33, G: -3 [O(1)]
  12: f25->f33, H: 4 [O(1)]
  12: f25->f33, I: 0 [O(1)]
  12: f25->f33, J: J [O(n)]
  12: f25->f33, K: 4 [O(1)]
  12: f25->f33, L: L [O(n)]
  12: f25->f33, M: M [O(n)]
  12: f25->f33, N: N [O(n)]
  12: f25->f33, O: O [O(n)]
  12: f25->f33, P: P [O(n)]
  12: f25->f33, Q: Q [O(n)]
  12: f25->f33, R: R [O(n)]
  6: f33->f40, A: 3 [O(1)]
  6: f33->f40, B: 3 [O(1)]
  6: f33->f40, C: 0 [O(1)]
  6: f33->f40, D: 3 [O(1)]
  6: f33->f40, E: 3 [O(1)]
  6: f33->f40, F: 3 [O(1)]
  6: f33->f40, G: -3 [O(1)]
  6: f33->f40, H: 4 [O(1)]
  6: f33->f40, I: 0 [O(1)]
  6: f33->f40, J: 4 [O(1)]
  6: f33->f40, K: 4 [O(1)]
  6: f33->f40, L: 4 [O(1)]
  6: f33->f40, M: 3 [O(1)]
  6: f33->f40, N: -6 [O(1)]
  6: f33->f40, O: 0 [O(1)]
  6: f33->f40, P: P [O(n)]
  6: f33->f40, Q: Q [O(n)]
  6: f33->f40, R: R [O(n)]
  8: f40->f40, A: 3 [O(1)]
  8: f40->f40, B: 3 [O(1)]
  8: f40->f40, C: 0 [O(1)]
  8: f40->f40, D: 3 [O(1)]
  8: f40->f40, E: 3 [O(1)]
  8: f40->f40, F: 3 [O(1)]
  8: f40->f40, G: -3 [O(1)]
  8: f40->f40, H: 4 [O(1)]
  8: f40->f40, I: 0 [O(1)]
  8: f40->f40, J: 4 [O(1)]
  8: f40->f40, K: 4 [O(1)]
  8: f40->f40, L: 4 [O(1)]
  8: f40->f40, M: 3 [O(1)]
  8: f40->f40, N: -3 [O(1)]
  8: f40->f40, O: 0 [O(1)]
  8: f40->f40, P: P [O(n)]
  8: f40->f40, Q: Q [O(n)]
  8: f40->f40, R: R [O(n)]
`Upper:
  0: f0->f18, A: 3 [O(1)]
  0: f0->f18, B: 3 [O(1)]
  0: f0->f18, C: 0 [O(1)]
  0: f0->f18, D: 3 [O(1)]
  0: f0->f18, E: E [O(n)]
  0: f0->f18, F: F [O(n)]
  0: f0->f18, G: G [O(n)]
  0: f0->f18, H: H [O(n)]
  0: f0->f18, I: I [O(n)]
  0: f0->f18, J: J [O(n)]
  0: f0->f18, K: K [O(n)]
  0: f0->f18, L: L [O(n)]
  0: f0->f18, M: M [O(n)]
  0: f0->f18, N: N [O(n)]
  0: f0->f18, O: O [O(n)]
  0: f0->f18, P: P [O(n)]
  0: f0->f18, Q: Q [O(n)]
  0: f0->f18, R: R [O(n)]
  3: f18->f25, A: 3 [O(1)]
  3: f18->f25, B: 3 [O(1)]
  3: f18->f25, C: 0 [O(1)]
  3: f18->f25, D: 3 [O(1)]
  3: f18->f25, E: 3 [O(1)]
  3: f18->f25, F: 3 [O(1)]
  3: f18->f25, G: -3 [O(1)]
  3: f18->f25, H: 4 [O(1)]
  3: f18->f25, I: 0 [O(1)]
  3: f18->f25, J: J [O(n)]
  3: f18->f25, K: K [O(n)]
  3: f18->f25, L: L [O(n)]
  3: f18->f25, M: M [O(n)]
  3: f18->f25, N: N [O(n)]
  3: f18->f25, O: O [O(n)]
  3: f18->f25, P: P [O(n)]
  3: f18->f25, Q: Q [O(n)]
  3: f18->f25, R: R [O(n)]
  12: f25->f33, A: 3 [O(1)]
  12: f25->f33, B: 3 [O(1)]
  12: f25->f33, C: 0 [O(1)]
  12: f25->f33, D: 3 [O(1)]
  12: f25->f33, E: 3 [O(1)]
  12: f25->f33, F: 3 [O(1)]
  12: f25->f33, G: -3 [O(1)]
  12: f25->f33, H: 4 [O(1)]
  12: f25->f33, I: 0 [O(1)]
  12: f25->f33, J: J [O(n)]
  12: f25->f33, K: 4 [O(1)]
  12: f25->f33, L: L [O(n)]
  12: f25->f33, M: M [O(n)]
  12: f25->f33, N: N [O(n)]
  12: f25->f33, O: O [O(n)]
  12: f25->f33, P: P [O(n)]
  12: f25->f33, Q: Q [O(n)]
  12: f25->f33, R: R [O(n)]
  6: f33->f40, A: 3 [O(1)]
  6: f33->f40, B: 3 [O(1)]
  6: f33->f40, C: 0 [O(1)]
  6: f33->f40, D: 3 [O(1)]
  6: f33->f40, E: 3 [O(1)]
  6: f33->f40, F: 3 [O(1)]
  6: f33->f40, G: -3 [O(1)]
  6: f33->f40, H: 4 [O(1)]
  6: f33->f40, I: 0 [O(1)]
  6: f33->f40, J: 4 [O(1)]
  6: f33->f40, K: 4 [O(1)]
  6: f33->f40, L: 4 [O(1)]
  6: f33->f40, M: 3 [O(1)]
  6: f33->f40, N: -6 [O(1)]
  6: f33->f40, O: 0 [O(1)]
  6: f33->f40, P: P [O(n)]
  6: f33->f40, Q: Q [O(n)]
  6: f33->f40, R: R [O(n)]
  8: f40->f40, A: 3 [O(1)]
  8: f40->f40, B: 3 [O(1)]
  8: f40->f40, C: 0 [O(1)]
  8: f40->f40, D: 3 [O(1)]
  8: f40->f40, E: 3 [O(1)]
  8: f40->f40, F: 3 [O(1)]
  8: f40->f40, G: -3 [O(1)]
  8: f40->f40, H: 4 [O(1)]
  8: f40->f40, I: 0 [O(1)]
  8: f40->f40, J: 4 [O(1)]
  8: f40->f40, K: 4 [O(1)]
  8: f40->f40, L: 4 [O(1)]
  8: f40->f40, M: 3 [O(1)]
  8: f40->f40, O: 0 [O(1)]
  8: f40->f40, P: P [O(n)]
  8: f40->f40, Q: Q [O(n)]
  8: f40->f40, R: R [O(n)]
