Timebounds: 
  Overall timebound: 102 [O(1)]
  0: f0->f5: 1 [O(1)]
  1: f5->f5: 100 [O(1)]
  12: f5->f13: 1 [O(1)]

Costbounds:
  Overall costbound: 102 [O(1)]
  0: f0->f5: 1 [O(1)]
  1: f5->f5: 100 [O(1)]
  12: f5->f13: 1 [O(1)]

Sizebounds:
`Lower:
  0: f0->f5, A: 0 [O(1)]
  0: f0->f5, B: B [O(n)]
  0: f0->f5, C: C [O(n)]
  0: f0->f5, D: D [O(n)]
  0: f0->f5, E: E [O(n)]
  0: f0->f5, F: F [O(n)]
  0: f0->f5, G: G [O(n)]
  1: f5->f5, A: 1 [O(1)]
  1: f5->f5, B: -max{0, -B} [O(n)]
  1: f5->f5, C: -max{0, -C} [O(n)]
  1: f5->f5, D: -max{0, -D} [O(n)]
  1: f5->f5, E: -max{0, -E} [O(n)]
  1: f5->f5, F: -max{0, -F} [O(n)]
  1: f5->f5, G: -max{0, -G} [O(n)]
  12: f5->f13, A: 100 [O(1)]
  12: f5->f13, B: -max{0, -B} [O(n)]
  12: f5->f13, C: -max{0, -C} [O(n)]
  12: f5->f13, D: 98 [O(1)]
  12: f5->f13, E: -max{0, -E} [O(n)]
  12: f5->f13, F: -max{0, -F} [O(n)]
  12: f5->f13, G: -max{0, -G} [O(n)]
`Upper:
  0: f0->f5, A: 0 [O(1)]
  0: f0->f5, B: B [O(n)]
  0: f0->f5, C: C [O(n)]
  0: f0->f5, D: D [O(n)]
  0: f0->f5, E: E [O(n)]
  0: f0->f5, F: F [O(n)]
  0: f0->f5, G: G [O(n)]
  1: f5->f5, A: 100 [O(1)]
  1: f5->f5, B: max{0, B} [O(n)]
  1: f5->f5, C: max{0, C} [O(n)]
  1: f5->f5, D: max{0, D} [O(n)]
  1: f5->f5, E: max{0, E} [O(n)]
  1: f5->f5, F: max{0, F} [O(n)]
  1: f5->f5, G: max{0, G} [O(n)]
  12: f5->f13, A: 100 [O(1)]
  12: f5->f13, B: max{0, B} [O(n)]
  12: f5->f13, C: max{0, C} [O(n)]
  12: f5->f13, D: 98 [O(1)]
  12: f5->f13, E: max{0, E} [O(n)]
  12: f5->f13, F: max{0, F} [O(n)]
  12: f5->f13, G: max{0, G} [O(n)]
