Timebounds: 
  Overall timebound: inf [Infinity]
  2: f0->f7: 1 [O(1)]
  3: f0->f7: 1 [O(1)]
  4: f0->f15: 1 [O(1)]
  0: f15->f16: 10000 [O(1)]
  8: f15->f23: 1 [O(1)]
  9: f16->f23: 1 [O(1)]
  7: f23->f7: 1 [O(1)]

Costbounds:
  Overall costbound: inf [Infinity]
  2: f0->f7: 1 [O(1)]
  3: f0->f7: 1 [O(1)]
  4: f0->f15: 1 [O(1)]
  0: f15->f16: 10000 [O(1)]
  1: f15->f16: inf [Infinity]
  8: f15->f23: 1 [O(1)]
  5: f16->f15: inf [Infinity]
  9: f16->f23: 1 [O(1)]
  6: f23->f23: inf [Infinity]
  7: f23->f7: 1 [O(1)]

Sizebounds:
`Lower:
  2: f0->f7, A: F [O(n)]
  2: f0->f7, B: B [O(n)]
  2: f0->f7, C: F [O(n)]
  2: f0->f7, D: D [O(n)]
  2: f0->f7, E: E [O(n)]
  3: f0->f7, A: 101 [O(1)]
  3: f0->f7, B: B [O(n)]
  3: f0->f7, C: 101 [O(1)]
  3: f0->f7, D: D [O(n)]
  3: f0->f7, E: E [O(n)]
  4: f0->f15, A: 1 [O(1)]
  4: f0->f15, B: 0 [O(1)]
  4: f0->f15, C: 1 [O(1)]
  4: f0->f15, D: G [O(n)]
  4: f0->f15, E: E [O(n)]
  0: f15->f16, A: 1 [O(1)]
  0: f15->f16, B: 0 [O(1)]
  0: f15->f16, C: 1 [O(1)]
  0: f15->f16, D: -max{0, -G} [O(n)]
  0: f15->f16, E: -max{0, -E} [O(n)]
  1: f15->f16, A: 1 [O(1)]
  1: f15->f16, B: 0 [O(1)]
  1: f15->f16, C: 1 [O(1)]
  1: f15->f16, D: -max{0, -G} [O(n)]
  1: f15->f16, E: -max{0, -E} [O(n)]
  8: f15->f23, A: 1 [O(1)]
  8: f15->f23, B: 0 [O(1)]
  8: f15->f23, C: 1 [O(1)]
  8: f15->f23, D: -max{0, -G} [O(n)]
  8: f15->f23, E: 0 [O(1)]
  5: f16->f15, A: 1 [O(1)]
  5: f16->f15, B: 0 [O(1)]
  5: f16->f15, C: 1 [O(1)]
  5: f16->f15, D: -max{0, -G} [O(n)]
  5: f16->f15, E: -max{0, -E} [O(n)]
  9: f16->f23, A: 1 [O(1)]
  9: f16->f23, B: -1 [O(1)]
  9: f16->f23, C: 1 [O(1)]
  9: f16->f23, D: -max{0, -G} [O(n)]
  9: f16->f23, E: 0 [O(1)]
  6: f23->f23, A: 1 [O(1)]
  6: f23->f23, B: -1 [O(1)]
  6: f23->f23, C: 1 [O(1)]
  6: f23->f23, D: -max{0, -G} [O(n)]
  6: f23->f23, E: 1 [O(1)]
  7: f23->f7, A: 1 [O(1)]
  7: f23->f7, B: -1 [O(1)]
  7: f23->f7, C: 1 [O(1)]
  7: f23->f7, D: -max{0, -G} [O(n)]
  7: f23->f7, E: 0 [O(1)]
`Upper:
  2: f0->f7, A: 0 [O(1)]
  2: f0->f7, B: B [O(n)]
  2: f0->f7, C: 0 [O(1)]
  2: f0->f7, D: D [O(n)]
  2: f0->f7, E: E [O(n)]
  3: f0->f7, A: F [O(n)]
  3: f0->f7, B: B [O(n)]
  3: f0->f7, C: F [O(n)]
  3: f0->f7, D: D [O(n)]
  3: f0->f7, E: E [O(n)]
  4: f0->f15, A: 100 [O(1)]
  4: f0->f15, B: 0 [O(1)]
  4: f0->f15, C: 100 [O(1)]
  4: f0->f15, D: G [O(n)]
  4: f0->f15, E: E [O(n)]
  0: f15->f16, A: 100 [O(1)]
  0: f15->f16, B: 99 [O(1)]
  0: f15->f16, C: 100 [O(1)]
  0: f15->f16, D: max{0, G} [O(n)]
  0: f15->f16, E: max{0, E} [O(n)]
  1: f15->f16, A: 100 [O(1)]
  1: f15->f16, C: 100 [O(1)]
  1: f15->f16, D: max{0, G} [O(n)]
  1: f15->f16, E: max{0, E} [O(n)]
  8: f15->f23, A: 100 [O(1)]
  8: f15->f23, B: 99 [O(1)]
  8: f15->f23, C: 100 [O(1)]
  8: f15->f23, D: max{0, G} [O(n)]
  8: f15->f23, E: 0 [O(1)]
  5: f16->f15, A: 100 [O(1)]
  5: f16->f15, C: 100 [O(1)]
  5: f16->f15, D: max{0, G} [O(n)]
  5: f16->f15, E: max{0, E} [O(n)]
  9: f16->f23, A: 100 [O(1)]
  9: f16->f23, C: 100 [O(1)]
  9: f16->f23, D: max{0, G} [O(n)]
  9: f16->f23, E: 0 [O(1)]
  6: f23->f23, A: 100 [O(1)]
  6: f23->f23, C: 100 [O(1)]
  6: f23->f23, D: max{0, G} [O(n)]
  7: f23->f7, A: 100 [O(1)]
  7: f23->f7, C: 100 [O(1)]
  7: f23->f7, D: max{0, G} [O(n)]
