Timebounds: 
  Overall timebound: inf [Infinity]
  0: f0->f6: 1 [O(1)]
  1: f6->f6: inf [Infinity]
  2: f6->f6: max{0, B} [O(n)]
  3: f6->f14: 1 [O(1)]
  4: f6->f14: 1 [O(1)]
  5: f6->f14: 1 [O(1)]

Costbounds:
  Overall costbound: inf [Infinity]
  0: f0->f6: 1 [O(1)]
  1: f6->f6: inf [Infinity]
  2: f6->f6: max{0, B} [O(n)]
  3: f6->f14: 1 [O(1)]
  4: f6->f14: 1 [O(1)]
  5: f6->f14: 1 [O(1)]

Sizebounds:
`Lower:
  0: f0->f6, A: B [O(n)]
  0: f0->f6, B: B [O(n)]
  0: f0->f6, C: D [O(n)]
  0: f0->f6, D: D [O(n)]
  1: f6->f6, B: B [O(n)]
  1: f6->f6, D: D [O(n)]
  2: f6->f6, A: 0 [O(1)]
  2: f6->f6, B: 1 [O(1)]
  2: f6->f6, C: D-max{0, B} [O(n)]
  2: f6->f6, D: D [O(n)]
  3: f6->f14, A: 0 [O(1)]
  3: f6->f14, B: 0 [O(1)]
  3: f6->f14, C: -max{-D, -D+max{0, B}} [O(n)]
  3: f6->f14, D: 1 [O(1)]
  4: f6->f14, A: 0 [O(1)]
  4: f6->f14, B: 0 [O(1)]
  4: f6->f14, C: -max{-D, -D+max{0, B}} [O(n)]
  4: f6->f14, D: D [O(n)]
  5: f6->f14, A: 0 [O(1)]
  5: f6->f14, B: 0 [O(1)]
  5: f6->f14, C: -max{-D, -D+max{0, B}} [O(n)]
  5: f6->f14, D: 0 [O(1)]
`Upper:
  0: f0->f6, A: B [O(n)]
  0: f0->f6, B: B [O(n)]
  0: f0->f6, C: D [O(n)]
  0: f0->f6, D: D [O(n)]
  1: f6->f6, A: -2 [O(1)]
  1: f6->f6, B: B [O(n)]
  1: f6->f6, C: D [O(n)]
  1: f6->f6, D: D [O(n)]
  2: f6->f6, A: B [O(n)]
  2: f6->f6, B: B [O(n)]
  2: f6->f6, C: D [O(n)]
  2: f6->f6, D: D [O(n)]
  3: f6->f14, A: 0 [O(1)]
  3: f6->f14, B: B [O(n)]
  3: f6->f14, C: D [O(n)]
  3: f6->f14, D: D [O(n)]
  4: f6->f14, A: 0 [O(1)]
  4: f6->f14, B: B [O(n)]
  4: f6->f14, C: D [O(n)]
  4: f6->f14, D: D [O(n)]
  5: f6->f14, A: 0 [O(1)]
  5: f6->f14, B: B [O(n)]
  5: f6->f14, C: D [O(n)]
  5: f6->f14, D: B [O(n)]
