Timebounds: 
  Overall timebound: inf [Infinity]
  0: f0->f14: 1 [O(1)]
  1: f0->f14: 1 [O(1)]
  2: f0->f14: 1 [O(1)]
  3: f14->f14: inf [Infinity]
  4: f14->f22: 1 [O(1)]

Costbounds:
  Overall costbound: inf [Infinity]
  0: f0->f14: 1 [O(1)]
  1: f0->f14: 1 [O(1)]
  2: f0->f14: 1 [O(1)]
  3: f14->f14: inf [Infinity]
  4: f14->f22: 1 [O(1)]

Sizebounds:
`Lower:
  0: f0->f14, A: E [O(n)]
  0: f0->f14, B: E [O(n)]
  0: f0->f14, C: 0 [O(1)]
  0: f0->f14, D: D [O(n)]
  1: f0->f14, A: 1024 [O(1)]
  1: f0->f14, B: 1024 [O(1)]
  1: f0->f14, C: 0 [O(1)]
  1: f0->f14, D: D [O(n)]
  2: f0->f14, A: 1 [O(1)]
  2: f0->f14, B: 1 [O(1)]
  2: f0->f14, C: 0 [O(1)]
  2: f0->f14, D: F [O(n)]
  3: f14->f14, A: -max{-1, -E} [O(n)]
  3: f14->f14, B: -max{-1, -E} [O(n)]
  3: f14->f14, C: 1 [O(1)]
  3: f14->f14, D: -max{-D, -F} [O(n)]
  4: f14->f22, A: -max{-1, -E} [O(n)]
  4: f14->f22, B: -max{-1, -E} [O(n)]
  4: f14->f22, C: 0 [O(1)]
  4: f14->f22, D: -max{-D, -F, max{-F, -D}} [O(n)]
`Upper:
  0: f0->f14, A: 0 [O(1)]
  0: f0->f14, B: 0 [O(1)]
  0: f0->f14, C: 0 [O(1)]
  0: f0->f14, D: D [O(n)]
  1: f0->f14, A: E [O(n)]
  1: f0->f14, B: E [O(n)]
  1: f0->f14, C: 0 [O(1)]
  1: f0->f14, D: D [O(n)]
  2: f0->f14, A: 1023 [O(1)]
  2: f0->f14, B: 1023 [O(1)]
  2: f0->f14, C: 0 [O(1)]
  2: f0->f14, D: F [O(n)]
  3: f14->f14, A: max{1023, E} [O(n)]
  3: f14->f14, B: max{1023, E} [O(n)]
  3: f14->f14, D: max{D, F} [O(n)]
  4: f14->f22, A: max{1023, E} [O(n)]
  4: f14->f22, B: max{1023, E} [O(n)]
  4: f14->f22, D: max{D, F, max{F, D}} [O(n)]
