Timebounds: 
  Overall timebound: 3078 [O(1)]
  0: f0->f7: 1 [O(1)]
  1: f0->f7: 1 [O(1)]
  2: f0->f7: 1 [O(1)]
  3: f7->f7: 3072 [O(1)]
  4: f7->f21: 1 [O(1)]
  5: f7->f21: 1 [O(1)]
  6: f7->f21: 1 [O(1)]

Costbounds:
  Overall costbound: 3078 [O(1)]
  0: f0->f7: 1 [O(1)]
  1: f0->f7: 1 [O(1)]
  2: f0->f7: 1 [O(1)]
  3: f7->f7: 3072 [O(1)]
  4: f7->f21: 1 [O(1)]
  5: f7->f21: 1 [O(1)]
  6: f7->f21: 1 [O(1)]

Sizebounds:
`Lower:
  0: f0->f7, A: F [O(n)]
  0: f0->f7, B: 0 [O(1)]
  0: f0->f7, C: 0 [O(1)]
  0: f0->f7, D: D [O(n)]
  0: f0->f7, E: E [O(n)]
  1: f0->f7, A: 1 [O(1)]
  1: f0->f7, B: 0 [O(1)]
  1: f0->f7, C: 0 [O(1)]
  1: f0->f7, D: D [O(n)]
  1: f0->f7, E: E [O(n)]
  2: f0->f7, A: 0 [O(1)]
  2: f0->f7, B: 1023 [O(1)]
  2: f0->f7, C: 0 [O(1)]
  2: f0->f7, D: D [O(n)]
  2: f0->f7, E: E [O(n)]
  3: f7->f7, A: -max{0, -F} [O(n)]
  3: f7->f7, B: 0 [O(1)]
  3: f7->f7, C: 1 [O(1)]
  3: f7->f7, D: D [O(n)]
  3: f7->f7, E: E [O(n)]
  4: f7->f21, A: -max{0, -F} [O(n)]
  4: f7->f21, B: 0 [O(1)]
  4: f7->f21, C: 0 [O(1)]
  4: f7->f21, D: D [O(n)]
  4: f7->f21, E: 0 [O(1)]
  5: f7->f21, A: -max{0, -F} [O(n)]
  5: f7->f21, B: 0 [O(1)]
  5: f7->f21, C: 0 [O(1)]
  5: f7->f21, D: D [O(n)]
  5: f7->f21, E: 1023 [O(1)]
  6: f7->f21, A: -max{0, -F} [O(n)]
  6: f7->f21, B: 0 [O(1)]
  6: f7->f21, C: 0 [O(1)]
  6: f7->f21, D: D [O(n)]
  6: f7->f21, E: E [O(n)]
`Upper:
  0: f0->f7, A: -1 [O(1)]
  0: f0->f7, B: 0 [O(1)]
  0: f0->f7, C: 0 [O(1)]
  0: f0->f7, D: D [O(n)]
  0: f0->f7, E: E [O(n)]
  1: f0->f7, A: F [O(n)]
  1: f0->f7, B: 0 [O(1)]
  1: f0->f7, C: 0 [O(1)]
  1: f0->f7, D: D [O(n)]
  1: f0->f7, E: E [O(n)]
  2: f0->f7, A: 0 [O(1)]
  2: f0->f7, B: 1023 [O(1)]
  2: f0->f7, C: 0 [O(1)]
  2: f0->f7, D: D [O(n)]
  2: f0->f7, E: E [O(n)]
  3: f7->f7, A: max{0, F} [O(n)]
  3: f7->f7, B: 1023 [O(1)]
  3: f7->f7, C: 1024 [O(1)]
  3: f7->f7, D: 6144+D [O(n)]
  3: f7->f7, E: E [O(n)]
  4: f7->f21, A: max{0, F} [O(n)]
  4: f7->f21, B: 1023 [O(1)]
  4: f7->f21, C: 1024 [O(1)]
  4: f7->f21, D: max{D, 6144+D} [O(n)]
  4: f7->f21, E: 1022 [O(1)]
  5: f7->f21, A: max{0, F} [O(n)]
  5: f7->f21, B: 1023 [O(1)]
  5: f7->f21, C: 1024 [O(1)]
  5: f7->f21, D: max{D, 6144+D} [O(n)]
  5: f7->f21, E: E [O(n)]
  6: f7->f21, A: max{0, F} [O(n)]
  6: f7->f21, B: 1023 [O(1)]
  6: f7->f21, C: 1024 [O(1)]
  6: f7->f21, D: max{D, 6144+D} [O(n)]
  6: f7->f21, E: -1 [O(1)]
