Timebounds: 
  Overall timebound: 203 [O(1)]
  0: f0->f4: 1 [O(1)]
  1: f20->f20: 100 [O(1)]
  2: f20->f31: 1 [O(1)]
  3: f4->f4: 100 [O(1)]
  4: f4->f20: 1 [O(1)]

Costbounds:
  Overall costbound: 203 [O(1)]
  0: f0->f4: 1 [O(1)]
  1: f20->f20: 100 [O(1)]
  2: f20->f31: 1 [O(1)]
  3: f4->f4: 100 [O(1)]
  4: f4->f20: 1 [O(1)]

Sizebounds:
`Lower:
  0: f0->f4, A: 0 [O(1)]
  0: f0->f4, B: B [O(n)]
  0: f0->f4, C: C [O(n)]
  0: f0->f4, D: D [O(n)]
  0: f0->f4, E: E [O(n)]
  1: f20->f20, A: 100 [O(1)]
  1: f20->f20, B: 101 [O(1)]
  1: f20->f20, C: 100 [O(1)]
  1: f20->f20, D: -max{0, -D} [O(n)]
  1: f20->f20, E: -max{0, -E} [O(n)]
  2: f20->f31, A: 100 [O(1)]
  2: f20->f31, B: 200 [O(1)]
  2: f20->f31, C: -max{-100, -C} [O(n)]
  2: f20->f31, D: -max{0, -D} [O(n)]
  2: f20->f31, E: -max{0, -E} [O(n)]
  3: f4->f4, A: 1 [O(1)]
  3: f4->f4, B: B [O(n)]
  3: f4->f4, C: C [O(n)]
  3: f4->f4, D: 0 [O(1)]
  3: f4->f4, E: 0 [O(1)]
  4: f4->f20, A: 100 [O(1)]
  4: f4->f20, B: 100 [O(1)]
  4: f4->f20, C: C [O(n)]
  4: f4->f20, D: -max{0, -D} [O(n)]
  4: f4->f20, E: -max{0, -E} [O(n)]
`Upper:
  0: f0->f4, A: 0 [O(1)]
  0: f0->f4, B: B [O(n)]
  0: f0->f4, C: C [O(n)]
  0: f0->f4, D: D [O(n)]
  0: f0->f4, E: E [O(n)]
  1: f20->f20, A: 100 [O(1)]
  1: f20->f20, B: 200 [O(1)]
  1: f20->f20, C: 199 [O(1)]
  1: f20->f20, D: max{99, D} [O(n)]
  1: f20->f20, E: max{99, E} [O(n)]
  2: f20->f31, A: 100 [O(1)]
  2: f20->f31, B: 200 [O(1)]
  2: f20->f31, C: max{199, C} [O(n)]
  2: f20->f31, D: max{99, D} [O(n)]
  2: f20->f31, E: max{99, E} [O(n)]
  3: f4->f4, A: 100 [O(1)]
  3: f4->f4, B: B [O(n)]
  3: f4->f4, C: C [O(n)]
  3: f4->f4, D: 99 [O(1)]
  3: f4->f4, E: 99 [O(1)]
  4: f4->f20, A: 100 [O(1)]
  4: f4->f20, B: 100 [O(1)]
  4: f4->f20, C: C [O(n)]
  4: f4->f20, D: max{99, D} [O(n)]
  4: f4->f20, E: max{99, E} [O(n)]
