Timebounds: 
  Overall timebound: 537 [O(1)]
  0: f0->f17: 1 [O(1)]
  1: f0->f17: 1 [O(1)]
  25: f100->f106: 1 [O(1)]
  26: f100->f106: 1 [O(1)]
  27: f106->f125: 1 [O(1)]
  29: f106->f109: 1 [O(1)]
  42: f109->f109: 100 [O(1)]
  43: f109->f125: 1 [O(1)]
  30: f125->f137: 1 [O(1)]
  31: f125->f137: 1 [O(1)]
  33: f137->f140: 1 [O(1)]
  38: f137->f166: 1 [O(1)]
  34: f140->f146: 1 [O(1)]
  35: f140->f146: 1 [O(1)]
  37: f146->f149: 1 [O(1)]
  39: f146->f166: 1 [O(1)]
  40: f149->f149: 100 [O(1)]
  41: f149->f166: 1 [O(1)]
  2: f17->f20: 1 [O(1)]
  3: f17->f20: 1 [O(1)]
  4: f17->f45: 1 [O(1)]
  5: f20->f26: 1 [O(1)]
  6: f20->f26: 1 [O(1)]
  7: f26->f45: 1 [O(1)]
  9: f26->f29: 1 [O(1)]
  46: f29->f29: 100 [O(1)]
  47: f29->f45: 1 [O(1)]
  10: f45->f57: 1 [O(1)]
  11: f45->f57: 1 [O(1)]
  13: f57->f60: 1 [O(1)]
  14: f57->f85: 1 [O(1)]
  15: f60->f66: 1 [O(1)]
  16: f60->f66: 1 [O(1)]
  17: f66->f85: 1 [O(1)]
  19: f66->f69: 1 [O(1)]
  44: f69->f69: 200 [O(1)]
  45: f69->f85: 1 [O(1)]
  20: f85->f97: 1 [O(1)]
  21: f85->f97: 1 [O(1)]
  23: f97->f100: 1 [O(1)]
  24: f97->f125: 1 [O(1)]

Costbounds:
  Overall costbound: 537 [O(1)]
  0: f0->f17: 1 [O(1)]
  1: f0->f17: 1 [O(1)]
  25: f100->f106: 1 [O(1)]
  26: f100->f106: 1 [O(1)]
  27: f106->f125: 1 [O(1)]
  29: f106->f109: 1 [O(1)]
  42: f109->f109: 100 [O(1)]
  43: f109->f125: 1 [O(1)]
  30: f125->f137: 1 [O(1)]
  31: f125->f137: 1 [O(1)]
  33: f137->f140: 1 [O(1)]
  38: f137->f166: 1 [O(1)]
  34: f140->f146: 1 [O(1)]
  35: f140->f146: 1 [O(1)]
  37: f146->f149: 1 [O(1)]
  39: f146->f166: 1 [O(1)]
  40: f149->f149: 100 [O(1)]
  41: f149->f166: 1 [O(1)]
  2: f17->f20: 1 [O(1)]
  3: f17->f20: 1 [O(1)]
  4: f17->f45: 1 [O(1)]
  5: f20->f26: 1 [O(1)]
  6: f20->f26: 1 [O(1)]
  7: f26->f45: 1 [O(1)]
  9: f26->f29: 1 [O(1)]
  46: f29->f29: 100 [O(1)]
  47: f29->f45: 1 [O(1)]
  10: f45->f57: 1 [O(1)]
  11: f45->f57: 1 [O(1)]
  13: f57->f60: 1 [O(1)]
  14: f57->f85: 1 [O(1)]
  15: f60->f66: 1 [O(1)]
  16: f60->f66: 1 [O(1)]
  17: f66->f85: 1 [O(1)]
  19: f66->f69: 1 [O(1)]
  44: f69->f69: 200 [O(1)]
  45: f69->f85: 1 [O(1)]
  20: f85->f97: 1 [O(1)]
  21: f85->f97: 1 [O(1)]
  23: f97->f100: 1 [O(1)]
  24: f97->f125: 1 [O(1)]

Sizebounds:
`Lower:
  0: f0->f17, A: 100 [O(1)]
  0: f0->f17, B: 0 [O(1)]
  0: f0->f17, C: C [O(n)]
  0: f0->f17, D: D [O(n)]
  0: f0->f17, E: E [O(n)]
  0: f0->f17, F: F [O(n)]
  0: f0->f17, G: G [O(n)]
  0: f0->f17, H: H [O(n)]
  0: f0->f17, I: I [O(n)]
  0: f0->f17, J: J [O(n)]
  0: f0->f17, K: K [O(n)]
  0: f0->f17, L: L [O(n)]
  0: f0->f17, M: M [O(n)]
  0: f0->f17, N: N [O(n)]
  0: f0->f17, O: O [O(n)]
  0: f0->f17, P: P [O(n)]
  0: f0->f17, Q: Q [O(n)]
  0: f0->f17, R: R [O(n)]
  0: f0->f17, S: S [O(n)]
  0: f0->f17, T: T [O(n)]
  0: f0->f17, U: U [O(n)]
  0: f0->f17, V: V [O(n)]
  0: f0->f17, W: W [O(n)]
  0: f0->f17, X: X [O(n)]
  1: f0->f17, A: 100 [O(1)]
  1: f0->f17, B: 10 [O(1)]
  1: f0->f17, C: C [O(n)]
  1: f0->f17, D: D [O(n)]
  1: f0->f17, E: E [O(n)]
  1: f0->f17, F: F [O(n)]
  1: f0->f17, G: G [O(n)]
  1: f0->f17, H: H [O(n)]
  1: f0->f17, I: I [O(n)]
  1: f0->f17, J: J [O(n)]
  1: f0->f17, K: K [O(n)]
  1: f0->f17, L: L [O(n)]
  1: f0->f17, M: M [O(n)]
  1: f0->f17, N: N [O(n)]
  1: f0->f17, O: O [O(n)]
  1: f0->f17, P: P [O(n)]
  1: f0->f17, Q: Q [O(n)]
  1: f0->f17, R: R [O(n)]
  1: f0->f17, S: S [O(n)]
  1: f0->f17, T: T [O(n)]
  1: f0->f17, U: U [O(n)]
  1: f0->f17, V: V [O(n)]
  1: f0->f17, W: W [O(n)]
  1: f0->f17, X: X [O(n)]
  25: f100->f106, A: 100 [O(1)]
  25: f100->f106, B: 0 [O(1)]
  25: f100->f106, C: 0 [O(1)]
  25: f100->f106, D: -max{0, -D} [O(n)]
  25: f100->f106, E: -max{0, -E} [O(n)]
  25: f100->f106, F: -max{-100, -F} [O(n)]
  25: f100->f106, G: 200 [O(1)]
  25: f100->f106, H: 0 [O(1)]
  25: f100->f106, I: 0 [O(1)]
  25: f100->f106, J: -max{0, -J} [O(n)]
  25: f100->f106, K: -max{0, -K} [O(n)]
  25: f100->f106, L: -max{-200, -L} [O(n)]
  25: f100->f106, M: 50 [O(1)]
  25: f100->f106, N: 1 [O(1)]
  25: f100->f106, O: 1 [O(1)]
  25: f100->f106, P: 0 [O(1)]
  25: f100->f106, Q: Q [O(n)]
  25: f100->f106, R: R [O(n)]
  25: f100->f106, S: S [O(n)]
  25: f100->f106, T: T [O(n)]
  25: f100->f106, U: U [O(n)]
  25: f100->f106, V: V [O(n)]
  25: f100->f106, W: W [O(n)]
  25: f100->f106, X: X [O(n)]
  26: f100->f106, A: 100 [O(1)]
  26: f100->f106, B: 0 [O(1)]
  26: f100->f106, C: 0 [O(1)]
  26: f100->f106, D: -max{0, -D} [O(n)]
  26: f100->f106, E: -max{0, -E} [O(n)]
  26: f100->f106, F: -max{-100, -F} [O(n)]
  26: f100->f106, G: 200 [O(1)]
  26: f100->f106, H: 0 [O(1)]
  26: f100->f106, I: 0 [O(1)]
  26: f100->f106, J: -max{0, -J} [O(n)]
  26: f100->f106, K: -max{0, -K} [O(n)]
  26: f100->f106, L: -max{-200, -L} [O(n)]
  26: f100->f106, M: 50 [O(1)]
  26: f100->f106, N: 1 [O(1)]
  26: f100->f106, O: 1 [O(1)]
  26: f100->f106, P: 10 [O(1)]
  26: f100->f106, Q: Q [O(n)]
  26: f100->f106, R: R [O(n)]
  26: f100->f106, S: S [O(n)]
  26: f100->f106, T: T [O(n)]
  26: f100->f106, U: U [O(n)]
  26: f100->f106, V: V [O(n)]
  26: f100->f106, W: W [O(n)]
  26: f100->f106, X: X [O(n)]
  27: f106->f125, A: 100 [O(1)]
  27: f106->f125, B: 0 [O(1)]
  27: f106->f125, C: 0 [O(1)]
  27: f106->f125, D: -max{0, -D} [O(n)]
  27: f106->f125, E: -max{0, -E} [O(n)]
  27: f106->f125, F: -max{-100, -F} [O(n)]
  27: f106->f125, G: 200 [O(1)]
  27: f106->f125, H: 0 [O(1)]
  27: f106->f125, I: 0 [O(1)]
  27: f106->f125, J: -max{0, -J} [O(n)]
  27: f106->f125, K: -max{0, -K} [O(n)]
  27: f106->f125, L: -max{-200, -L} [O(n)]
  27: f106->f125, M: 50 [O(1)]
  27: f106->f125, N: 1 [O(1)]
  27: f106->f125, O: 1 [O(1)]
  27: f106->f125, P: 0 [O(1)]
  27: f106->f125, Q: 0 [O(1)]
  27: f106->f125, R: R [O(n)]
  27: f106->f125, S: S [O(n)]
  27: f106->f125, T: T [O(n)]
  27: f106->f125, U: U [O(n)]
  27: f106->f125, V: V [O(n)]
  27: f106->f125, W: W [O(n)]
  27: f106->f125, X: X [O(n)]
  29: f106->f109, A: 100 [O(1)]
  29: f106->f109, B: 0 [O(1)]
  29: f106->f109, C: 0 [O(1)]
  29: f106->f109, D: -max{0, -D} [O(n)]
  29: f106->f109, E: -max{0, -E} [O(n)]
  29: f106->f109, F: -max{-100, -F} [O(n)]
  29: f106->f109, G: 200 [O(1)]
  29: f106->f109, H: 0 [O(1)]
  29: f106->f109, I: 0 [O(1)]
  29: f106->f109, J: -max{0, -J} [O(n)]
  29: f106->f109, K: -max{0, -K} [O(n)]
  29: f106->f109, L: -max{-200, -L} [O(n)]
  29: f106->f109, M: 50 [O(1)]
  29: f106->f109, N: 1 [O(1)]
  29: f106->f109, O: 1 [O(1)]
  29: f106->f109, P: 1 [O(1)]
  29: f106->f109, Q: 1 [O(1)]
  29: f106->f109, R: 0 [O(1)]
  29: f106->f109, S: S [O(n)]
  29: f106->f109, T: T [O(n)]
  29: f106->f109, U: U [O(n)]
  29: f106->f109, V: V [O(n)]
  29: f106->f109, W: W [O(n)]
  29: f106->f109, X: X [O(n)]
  42: f109->f109, A: 100 [O(1)]
  42: f109->f109, B: 0 [O(1)]
  42: f109->f109, C: 0 [O(1)]
  42: f109->f109, D: -max{0, -D} [O(n)]
  42: f109->f109, E: -max{0, -E} [O(n)]
  42: f109->f109, F: -max{-100, -F} [O(n)]
  42: f109->f109, G: 200 [O(1)]
  42: f109->f109, H: 0 [O(1)]
  42: f109->f109, I: 0 [O(1)]
  42: f109->f109, J: -max{0, -J} [O(n)]
  42: f109->f109, K: -max{0, -K} [O(n)]
  42: f109->f109, L: -max{-200, -L} [O(n)]
  42: f109->f109, M: 50 [O(1)]
  42: f109->f109, N: 1 [O(1)]
  42: f109->f109, O: 1 [O(1)]
  42: f109->f109, P: 1 [O(1)]
  42: f109->f109, Q: 1 [O(1)]
  42: f109->f109, R: 1 [O(1)]
  42: f109->f109, S: S [O(n)]
  42: f109->f109, T: T [O(n)]
  42: f109->f109, U: U [O(n)]
  42: f109->f109, V: V [O(n)]
  42: f109->f109, W: W [O(n)]
  42: f109->f109, X: X [O(n)]
  43: f109->f125, A: 100 [O(1)]
  43: f109->f125, B: 0 [O(1)]
  43: f109->f125, C: 0 [O(1)]
  43: f109->f125, D: -max{0, -D} [O(n)]
  43: f109->f125, E: -max{0, -E} [O(n)]
  43: f109->f125, F: -max{-100, -F} [O(n)]
  43: f109->f125, G: 200 [O(1)]
  43: f109->f125, H: 0 [O(1)]
  43: f109->f125, I: 0 [O(1)]
  43: f109->f125, J: -max{0, -J} [O(n)]
  43: f109->f125, K: -max{0, -K} [O(n)]
  43: f109->f125, L: -max{-200, -L} [O(n)]
  43: f109->f125, M: 50 [O(1)]
  43: f109->f125, N: 1 [O(1)]
  43: f109->f125, O: 1 [O(1)]
  43: f109->f125, P: 1 [O(1)]
  43: f109->f125, Q: 1 [O(1)]
  43: f109->f125, R: 50 [O(1)]
  43: f109->f125, S: S [O(n)]
  43: f109->f125, T: T [O(n)]
  43: f109->f125, U: U [O(n)]
  43: f109->f125, V: V [O(n)]
  43: f109->f125, W: W [O(n)]
  43: f109->f125, X: X [O(n)]
  30: f125->f137, A: 100 [O(1)]
  30: f125->f137, B: 0 [O(1)]
  30: f125->f137, C: 0 [O(1)]
  30: f125->f137, D: -max{0, -D} [O(n)]
  30: f125->f137, E: -max{0, -E} [O(n)]
  30: f125->f137, F: -max{-100, -F} [O(n)]
  30: f125->f137, G: 200 [O(1)]
  30: f125->f137, H: 0 [O(1)]
  30: f125->f137, I: 0 [O(1)]
  30: f125->f137, J: -max{0, -J} [O(n)]
  30: f125->f137, K: -max{0, -K} [O(n)]
  30: f125->f137, L: -max{-200, -L} [O(n)]
  30: f125->f137, M: 50 [O(1)]
  30: f125->f137, N: 0 [O(1)]
  30: f125->f137, O: 0 [O(1)]
  30: f125->f137, P: -max{0, -P} [O(n)]
  30: f125->f137, Q: -max{0, -Q} [O(n)]
  30: f125->f137, R: -max{-50, -R} [O(n)]
  30: f125->f137, S: 20 [O(1)]
  30: f125->f137, T: 0 [O(1)]
  30: f125->f137, U: U [O(n)]
  30: f125->f137, V: V [O(n)]
  30: f125->f137, W: W [O(n)]
  30: f125->f137, X: X [O(n)]
  31: f125->f137, A: 100 [O(1)]
  31: f125->f137, B: 0 [O(1)]
  31: f125->f137, C: 0 [O(1)]
  31: f125->f137, D: -max{0, -D} [O(n)]
  31: f125->f137, E: -max{0, -E} [O(n)]
  31: f125->f137, F: -max{-100, -F} [O(n)]
  31: f125->f137, G: 200 [O(1)]
  31: f125->f137, H: 0 [O(1)]
  31: f125->f137, I: 0 [O(1)]
  31: f125->f137, J: -max{0, -J} [O(n)]
  31: f125->f137, K: -max{0, -K} [O(n)]
  31: f125->f137, L: -max{-200, -L} [O(n)]
  31: f125->f137, M: 50 [O(1)]
  31: f125->f137, N: 0 [O(1)]
  31: f125->f137, O: 0 [O(1)]
  31: f125->f137, P: -max{0, -P} [O(n)]
  31: f125->f137, Q: -max{0, -Q} [O(n)]
  31: f125->f137, R: -max{-50, -R} [O(n)]
  31: f125->f137, S: 20 [O(1)]
  31: f125->f137, T: 10 [O(1)]
  31: f125->f137, U: U [O(n)]
  31: f125->f137, V: V [O(n)]
  31: f125->f137, W: W [O(n)]
  31: f125->f137, X: X [O(n)]
  33: f137->f140, A: 100 [O(1)]
  33: f137->f140, B: 0 [O(1)]
  33: f137->f140, C: 0 [O(1)]
  33: f137->f140, D: -max{0, -D} [O(n)]
  33: f137->f140, E: -max{0, -E} [O(n)]
  33: f137->f140, F: -max{-100, -F} [O(n)]
  33: f137->f140, G: 200 [O(1)]
  33: f137->f140, H: 0 [O(1)]
  33: f137->f140, I: 0 [O(1)]
  33: f137->f140, J: -max{0, -J} [O(n)]
  33: f137->f140, K: -max{0, -K} [O(n)]
  33: f137->f140, L: -max{-200, -L} [O(n)]
  33: f137->f140, M: 50 [O(1)]
  33: f137->f140, N: 0 [O(1)]
  33: f137->f140, O: 0 [O(1)]
  33: f137->f140, P: -max{0, -P} [O(n)]
  33: f137->f140, Q: -max{0, -Q} [O(n)]
  33: f137->f140, R: -max{-50, -R} [O(n)]
  33: f137->f140, S: 20 [O(1)]
  33: f137->f140, T: 1 [O(1)]
  33: f137->f140, U: 1 [O(1)]
  33: f137->f140, V: V [O(n)]
  33: f137->f140, W: W [O(n)]
  33: f137->f140, X: X [O(n)]
  38: f137->f166, A: 100 [O(1)]
  38: f137->f166, B: 0 [O(1)]
  38: f137->f166, C: 0 [O(1)]
  38: f137->f166, D: -max{0, -D} [O(n)]
  38: f137->f166, E: -max{0, -E} [O(n)]
  38: f137->f166, F: -max{-100, -F} [O(n)]
  38: f137->f166, G: 200 [O(1)]
  38: f137->f166, H: 0 [O(1)]
  38: f137->f166, I: 0 [O(1)]
  38: f137->f166, J: -max{0, -J} [O(n)]
  38: f137->f166, K: -max{0, -K} [O(n)]
  38: f137->f166, L: -max{-200, -L} [O(n)]
  38: f137->f166, M: 50 [O(1)]
  38: f137->f166, N: 0 [O(1)]
  38: f137->f166, O: 0 [O(1)]
  38: f137->f166, P: -max{0, -P} [O(n)]
  38: f137->f166, Q: -max{0, -Q} [O(n)]
  38: f137->f166, R: -max{-50, -R} [O(n)]
  38: f137->f166, S: 20 [O(1)]
  38: f137->f166, T: 0 [O(1)]
  38: f137->f166, U: 0 [O(1)]
  38: f137->f166, V: V [O(n)]
  38: f137->f166, W: W [O(n)]
  38: f137->f166, X: X [O(n)]
  34: f140->f146, A: 100 [O(1)]
  34: f140->f146, B: 0 [O(1)]
  34: f140->f146, C: 0 [O(1)]
  34: f140->f146, D: -max{0, -D} [O(n)]
  34: f140->f146, E: -max{0, -E} [O(n)]
  34: f140->f146, F: -max{-100, -F} [O(n)]
  34: f140->f146, G: 200 [O(1)]
  34: f140->f146, H: 0 [O(1)]
  34: f140->f146, I: 0 [O(1)]
  34: f140->f146, J: -max{0, -J} [O(n)]
  34: f140->f146, K: -max{0, -K} [O(n)]
  34: f140->f146, L: -max{-200, -L} [O(n)]
  34: f140->f146, M: 50 [O(1)]
  34: f140->f146, N: 0 [O(1)]
  34: f140->f146, O: 0 [O(1)]
  34: f140->f146, P: -max{0, -P} [O(n)]
  34: f140->f146, Q: -max{0, -Q} [O(n)]
  34: f140->f146, R: -max{-50, -R} [O(n)]
  34: f140->f146, S: 20 [O(1)]
  34: f140->f146, T: 1 [O(1)]
  34: f140->f146, U: 1 [O(1)]
  34: f140->f146, V: 0 [O(1)]
  34: f140->f146, W: W [O(n)]
  34: f140->f146, X: X [O(n)]
  35: f140->f146, A: 100 [O(1)]
  35: f140->f146, B: 0 [O(1)]
  35: f140->f146, C: 0 [O(1)]
  35: f140->f146, D: -max{0, -D} [O(n)]
  35: f140->f146, E: -max{0, -E} [O(n)]
  35: f140->f146, F: -max{-100, -F} [O(n)]
  35: f140->f146, G: 200 [O(1)]
  35: f140->f146, H: 0 [O(1)]
  35: f140->f146, I: 0 [O(1)]
  35: f140->f146, J: -max{0, -J} [O(n)]
  35: f140->f146, K: -max{0, -K} [O(n)]
  35: f140->f146, L: -max{-200, -L} [O(n)]
  35: f140->f146, M: 50 [O(1)]
  35: f140->f146, N: 0 [O(1)]
  35: f140->f146, O: 0 [O(1)]
  35: f140->f146, P: -max{0, -P} [O(n)]
  35: f140->f146, Q: -max{0, -Q} [O(n)]
  35: f140->f146, R: -max{-50, -R} [O(n)]
  35: f140->f146, S: 20 [O(1)]
  35: f140->f146, T: 1 [O(1)]
  35: f140->f146, U: 1 [O(1)]
  35: f140->f146, V: 10 [O(1)]
  35: f140->f146, W: W [O(n)]
  35: f140->f146, X: X [O(n)]
  37: f146->f149, A: 100 [O(1)]
  37: f146->f149, B: 0 [O(1)]
  37: f146->f149, C: 0 [O(1)]
  37: f146->f149, D: -max{0, -D} [O(n)]
  37: f146->f149, E: -max{0, -E} [O(n)]
  37: f146->f149, F: -max{-100, -F} [O(n)]
  37: f146->f149, G: 200 [O(1)]
  37: f146->f149, H: 0 [O(1)]
  37: f146->f149, I: 0 [O(1)]
  37: f146->f149, J: -max{0, -J} [O(n)]
  37: f146->f149, K: -max{0, -K} [O(n)]
  37: f146->f149, L: -max{-200, -L} [O(n)]
  37: f146->f149, M: 50 [O(1)]
  37: f146->f149, N: 0 [O(1)]
  37: f146->f149, O: 0 [O(1)]
  37: f146->f149, P: -max{0, -P} [O(n)]
  37: f146->f149, Q: -max{0, -Q} [O(n)]
  37: f146->f149, R: -max{-50, -R} [O(n)]
  37: f146->f149, S: 20 [O(1)]
  37: f146->f149, T: 1 [O(1)]
  37: f146->f149, U: 1 [O(1)]
  37: f146->f149, V: 1 [O(1)]
  37: f146->f149, W: 1 [O(1)]
  37: f146->f149, X: 0 [O(1)]
  39: f146->f166, A: 100 [O(1)]
  39: f146->f166, B: 0 [O(1)]
  39: f146->f166, C: 0 [O(1)]
  39: f146->f166, D: -max{0, -D} [O(n)]
  39: f146->f166, E: -max{0, -E} [O(n)]
  39: f146->f166, F: -max{-100, -F} [O(n)]
  39: f146->f166, G: 200 [O(1)]
  39: f146->f166, H: 0 [O(1)]
  39: f146->f166, I: 0 [O(1)]
  39: f146->f166, J: -max{0, -J} [O(n)]
  39: f146->f166, K: -max{0, -K} [O(n)]
  39: f146->f166, L: -max{-200, -L} [O(n)]
  39: f146->f166, M: 50 [O(1)]
  39: f146->f166, N: 0 [O(1)]
  39: f146->f166, O: 0 [O(1)]
  39: f146->f166, P: -max{0, -P} [O(n)]
  39: f146->f166, Q: -max{0, -Q} [O(n)]
  39: f146->f166, R: -max{-50, -R} [O(n)]
  39: f146->f166, S: 20 [O(1)]
  39: f146->f166, T: 1 [O(1)]
  39: f146->f166, U: 1 [O(1)]
  39: f146->f166, V: 0 [O(1)]
  39: f146->f166, W: 0 [O(1)]
  39: f146->f166, X: X [O(n)]
  40: f149->f149, A: 100 [O(1)]
  40: f149->f149, B: 0 [O(1)]
  40: f149->f149, C: 0 [O(1)]
  40: f149->f149, D: -max{0, -D} [O(n)]
  40: f149->f149, E: -max{0, -E} [O(n)]
  40: f149->f149, F: -max{-100, -F} [O(n)]
  40: f149->f149, G: 200 [O(1)]
  40: f149->f149, H: 0 [O(1)]
  40: f149->f149, I: 0 [O(1)]
  40: f149->f149, J: -max{0, -J} [O(n)]
  40: f149->f149, K: -max{0, -K} [O(n)]
  40: f149->f149, L: -max{-200, -L} [O(n)]
  40: f149->f149, M: 50 [O(1)]
  40: f149->f149, N: 0 [O(1)]
  40: f149->f149, O: 0 [O(1)]
  40: f149->f149, P: -max{0, -P} [O(n)]
  40: f149->f149, Q: -max{0, -Q} [O(n)]
  40: f149->f149, R: -max{-50, -R} [O(n)]
  40: f149->f149, S: 20 [O(1)]
  40: f149->f149, T: 1 [O(1)]
  40: f149->f149, U: 1 [O(1)]
  40: f149->f149, V: 1 [O(1)]
  40: f149->f149, W: 1 [O(1)]
  40: f149->f149, X: 1 [O(1)]
  41: f149->f166, A: 100 [O(1)]
  41: f149->f166, B: 0 [O(1)]
  41: f149->f166, C: 0 [O(1)]
  41: f149->f166, D: -max{0, -D} [O(n)]
  41: f149->f166, E: -max{0, -E} [O(n)]
  41: f149->f166, F: -max{-100, -F} [O(n)]
  41: f149->f166, G: 200 [O(1)]
  41: f149->f166, H: 0 [O(1)]
  41: f149->f166, I: 0 [O(1)]
  41: f149->f166, J: -max{0, -J} [O(n)]
  41: f149->f166, K: -max{0, -K} [O(n)]
  41: f149->f166, L: -max{-200, -L} [O(n)]
  41: f149->f166, M: 50 [O(1)]
  41: f149->f166, N: 0 [O(1)]
  41: f149->f166, O: 0 [O(1)]
  41: f149->f166, P: -max{0, -P} [O(n)]
  41: f149->f166, Q: -max{0, -Q} [O(n)]
  41: f149->f166, R: -max{-50, -R} [O(n)]
  41: f149->f166, S: 20 [O(1)]
  41: f149->f166, T: 1 [O(1)]
  41: f149->f166, U: 1 [O(1)]
  41: f149->f166, V: 1 [O(1)]
  41: f149->f166, W: 1 [O(1)]
  41: f149->f166, X: 20 [O(1)]
  2: f17->f20, A: 100 [O(1)]
  2: f17->f20, B: 0 [O(1)]
  2: f17->f20, C: 0 [O(1)]
  2: f17->f20, D: D [O(n)]
  2: f17->f20, E: E [O(n)]
  2: f17->f20, F: F [O(n)]
  2: f17->f20, G: G [O(n)]
  2: f17->f20, H: H [O(n)]
  2: f17->f20, I: I [O(n)]
  2: f17->f20, J: J [O(n)]
  2: f17->f20, K: K [O(n)]
  2: f17->f20, L: L [O(n)]
  2: f17->f20, M: M [O(n)]
  2: f17->f20, N: N [O(n)]
  2: f17->f20, O: O [O(n)]
  2: f17->f20, P: P [O(n)]
  2: f17->f20, Q: Q [O(n)]
  2: f17->f20, R: R [O(n)]
  2: f17->f20, S: S [O(n)]
  2: f17->f20, T: T [O(n)]
  2: f17->f20, U: U [O(n)]
  2: f17->f20, V: V [O(n)]
  2: f17->f20, W: W [O(n)]
  2: f17->f20, X: X [O(n)]
  3: f17->f20, A: 100 [O(1)]
  3: f17->f20, B: 1 [O(1)]
  3: f17->f20, C: 1 [O(1)]
  3: f17->f20, D: D [O(n)]
  3: f17->f20, E: E [O(n)]
  3: f17->f20, F: F [O(n)]
  3: f17->f20, G: G [O(n)]
  3: f17->f20, H: H [O(n)]
  3: f17->f20, I: I [O(n)]
  3: f17->f20, J: J [O(n)]
  3: f17->f20, K: K [O(n)]
  3: f17->f20, L: L [O(n)]
  3: f17->f20, M: M [O(n)]
  3: f17->f20, N: N [O(n)]
  3: f17->f20, O: O [O(n)]
  3: f17->f20, P: P [O(n)]
  3: f17->f20, Q: Q [O(n)]
  3: f17->f20, R: R [O(n)]
  3: f17->f20, S: S [O(n)]
  3: f17->f20, T: T [O(n)]
  3: f17->f20, U: U [O(n)]
  3: f17->f20, V: V [O(n)]
  3: f17->f20, W: W [O(n)]
  3: f17->f20, X: X [O(n)]
  4: f17->f45, A: 100 [O(1)]
  4: f17->f45, B: 0 [O(1)]
  4: f17->f45, C: 0 [O(1)]
  4: f17->f45, D: D [O(n)]
  4: f17->f45, E: E [O(n)]
  4: f17->f45, F: F [O(n)]
  4: f17->f45, G: G [O(n)]
  4: f17->f45, H: H [O(n)]
  4: f17->f45, I: I [O(n)]
  4: f17->f45, J: J [O(n)]
  4: f17->f45, K: K [O(n)]
  4: f17->f45, L: L [O(n)]
  4: f17->f45, M: M [O(n)]
  4: f17->f45, N: N [O(n)]
  4: f17->f45, O: O [O(n)]
  4: f17->f45, P: P [O(n)]
  4: f17->f45, Q: Q [O(n)]
  4: f17->f45, R: R [O(n)]
  4: f17->f45, S: S [O(n)]
  4: f17->f45, T: T [O(n)]
  4: f17->f45, U: U [O(n)]
  4: f17->f45, V: V [O(n)]
  4: f17->f45, W: W [O(n)]
  4: f17->f45, X: X [O(n)]
  5: f20->f26, A: 100 [O(1)]
  5: f20->f26, B: 0 [O(1)]
  5: f20->f26, C: 0 [O(1)]
  5: f20->f26, D: 0 [O(1)]
  5: f20->f26, E: E [O(n)]
  5: f20->f26, F: F [O(n)]
  5: f20->f26, G: G [O(n)]
  5: f20->f26, H: H [O(n)]
  5: f20->f26, I: I [O(n)]
  5: f20->f26, J: J [O(n)]
  5: f20->f26, K: K [O(n)]
  5: f20->f26, L: L [O(n)]
  5: f20->f26, M: M [O(n)]
  5: f20->f26, N: N [O(n)]
  5: f20->f26, O: O [O(n)]
  5: f20->f26, P: P [O(n)]
  5: f20->f26, Q: Q [O(n)]
  5: f20->f26, R: R [O(n)]
  5: f20->f26, S: S [O(n)]
  5: f20->f26, T: T [O(n)]
  5: f20->f26, U: U [O(n)]
  5: f20->f26, V: V [O(n)]
  5: f20->f26, W: W [O(n)]
  5: f20->f26, X: X [O(n)]
  6: f20->f26, A: 100 [O(1)]
  6: f20->f26, B: 0 [O(1)]
  6: f20->f26, C: 0 [O(1)]
  6: f20->f26, D: 10 [O(1)]
  6: f20->f26, E: E [O(n)]
  6: f20->f26, F: F [O(n)]
  6: f20->f26, G: G [O(n)]
  6: f20->f26, H: H [O(n)]
  6: f20->f26, I: I [O(n)]
  6: f20->f26, J: J [O(n)]
  6: f20->f26, K: K [O(n)]
  6: f20->f26, L: L [O(n)]
  6: f20->f26, M: M [O(n)]
  6: f20->f26, N: N [O(n)]
  6: f20->f26, O: O [O(n)]
  6: f20->f26, P: P [O(n)]
  6: f20->f26, Q: Q [O(n)]
  6: f20->f26, R: R [O(n)]
  6: f20->f26, S: S [O(n)]
  6: f20->f26, T: T [O(n)]
  6: f20->f26, U: U [O(n)]
  6: f20->f26, V: V [O(n)]
  6: f20->f26, W: W [O(n)]
  6: f20->f26, X: X [O(n)]
  7: f26->f45, A: 100 [O(1)]
  7: f26->f45, B: 0 [O(1)]
  7: f26->f45, C: 0 [O(1)]
  7: f26->f45, D: 0 [O(1)]
  7: f26->f45, E: 0 [O(1)]
  7: f26->f45, F: F [O(n)]
  7: f26->f45, G: G [O(n)]
  7: f26->f45, H: H [O(n)]
  7: f26->f45, I: I [O(n)]
  7: f26->f45, J: J [O(n)]
  7: f26->f45, K: K [O(n)]
  7: f26->f45, L: L [O(n)]
  7: f26->f45, M: M [O(n)]
  7: f26->f45, N: N [O(n)]
  7: f26->f45, O: O [O(n)]
  7: f26->f45, P: P [O(n)]
  7: f26->f45, Q: Q [O(n)]
  7: f26->f45, R: R [O(n)]
  7: f26->f45, S: S [O(n)]
  7: f26->f45, T: T [O(n)]
  7: f26->f45, U: U [O(n)]
  7: f26->f45, V: V [O(n)]
  7: f26->f45, W: W [O(n)]
  7: f26->f45, X: X [O(n)]
  9: f26->f29, A: 100 [O(1)]
  9: f26->f29, B: 0 [O(1)]
  9: f26->f29, C: 0 [O(1)]
  9: f26->f29, D: 1 [O(1)]
  9: f26->f29, E: 1 [O(1)]
  9: f26->f29, F: 0 [O(1)]
  9: f26->f29, G: G [O(n)]
  9: f26->f29, H: H [O(n)]
  9: f26->f29, I: I [O(n)]
  9: f26->f29, J: J [O(n)]
  9: f26->f29, K: K [O(n)]
  9: f26->f29, L: L [O(n)]
  9: f26->f29, M: M [O(n)]
  9: f26->f29, N: N [O(n)]
  9: f26->f29, O: O [O(n)]
  9: f26->f29, P: P [O(n)]
  9: f26->f29, Q: Q [O(n)]
  9: f26->f29, R: R [O(n)]
  9: f26->f29, S: S [O(n)]
  9: f26->f29, T: T [O(n)]
  9: f26->f29, U: U [O(n)]
  9: f26->f29, V: V [O(n)]
  9: f26->f29, W: W [O(n)]
  9: f26->f29, X: X [O(n)]
  46: f29->f29, A: 100 [O(1)]
  46: f29->f29, B: 0 [O(1)]
  46: f29->f29, C: 0 [O(1)]
  46: f29->f29, D: 1 [O(1)]
  46: f29->f29, E: 1 [O(1)]
  46: f29->f29, F: 1 [O(1)]
  46: f29->f29, G: G [O(n)]
  46: f29->f29, H: H [O(n)]
  46: f29->f29, I: I [O(n)]
  46: f29->f29, J: J [O(n)]
  46: f29->f29, K: K [O(n)]
  46: f29->f29, L: L [O(n)]
  46: f29->f29, M: M [O(n)]
  46: f29->f29, N: N [O(n)]
  46: f29->f29, O: O [O(n)]
  46: f29->f29, P: P [O(n)]
  46: f29->f29, Q: Q [O(n)]
  46: f29->f29, R: R [O(n)]
  46: f29->f29, S: S [O(n)]
  46: f29->f29, T: T [O(n)]
  46: f29->f29, U: U [O(n)]
  46: f29->f29, V: V [O(n)]
  46: f29->f29, W: W [O(n)]
  46: f29->f29, X: X [O(n)]
  47: f29->f45, A: 100 [O(1)]
  47: f29->f45, B: 0 [O(1)]
  47: f29->f45, C: 0 [O(1)]
  47: f29->f45, D: 1 [O(1)]
  47: f29->f45, E: 1 [O(1)]
  47: f29->f45, F: 100 [O(1)]
  47: f29->f45, G: G [O(n)]
  47: f29->f45, H: H [O(n)]
  47: f29->f45, I: I [O(n)]
  47: f29->f45, J: J [O(n)]
  47: f29->f45, K: K [O(n)]
  47: f29->f45, L: L [O(n)]
  47: f29->f45, M: M [O(n)]
  47: f29->f45, N: N [O(n)]
  47: f29->f45, O: O [O(n)]
  47: f29->f45, P: P [O(n)]
  47: f29->f45, Q: Q [O(n)]
  47: f29->f45, R: R [O(n)]
  47: f29->f45, S: S [O(n)]
  47: f29->f45, T: T [O(n)]
  47: f29->f45, U: U [O(n)]
  47: f29->f45, V: V [O(n)]
  47: f29->f45, W: W [O(n)]
  47: f29->f45, X: X [O(n)]
  10: f45->f57, A: 100 [O(1)]
  10: f45->f57, B: 0 [O(1)]
  10: f45->f57, C: 0 [O(1)]
  10: f45->f57, D: -max{0, -D} [O(n)]
  10: f45->f57, E: -max{0, -E} [O(n)]
  10: f45->f57, F: -max{-100, -F} [O(n)]
  10: f45->f57, G: 200 [O(1)]
  10: f45->f57, H: 0 [O(1)]
  10: f45->f57, I: I [O(n)]
  10: f45->f57, J: J [O(n)]
  10: f45->f57, K: K [O(n)]
  10: f45->f57, L: L [O(n)]
  10: f45->f57, M: M [O(n)]
  10: f45->f57, N: N [O(n)]
  10: f45->f57, O: O [O(n)]
  10: f45->f57, P: P [O(n)]
  10: f45->f57, Q: Q [O(n)]
  10: f45->f57, R: R [O(n)]
  10: f45->f57, S: S [O(n)]
  10: f45->f57, T: T [O(n)]
  10: f45->f57, U: U [O(n)]
  10: f45->f57, V: V [O(n)]
  10: f45->f57, W: W [O(n)]
  10: f45->f57, X: X [O(n)]
  11: f45->f57, A: 100 [O(1)]
  11: f45->f57, B: 0 [O(1)]
  11: f45->f57, C: 0 [O(1)]
  11: f45->f57, D: -max{0, -D} [O(n)]
  11: f45->f57, E: -max{0, -E} [O(n)]
  11: f45->f57, F: -max{-100, -F} [O(n)]
  11: f45->f57, G: 200 [O(1)]
  11: f45->f57, H: 10 [O(1)]
  11: f45->f57, I: I [O(n)]
  11: f45->f57, J: J [O(n)]
  11: f45->f57, K: K [O(n)]
  11: f45->f57, L: L [O(n)]
  11: f45->f57, M: M [O(n)]
  11: f45->f57, N: N [O(n)]
  11: f45->f57, O: O [O(n)]
  11: f45->f57, P: P [O(n)]
  11: f45->f57, Q: Q [O(n)]
  11: f45->f57, R: R [O(n)]
  11: f45->f57, S: S [O(n)]
  11: f45->f57, T: T [O(n)]
  11: f45->f57, U: U [O(n)]
  11: f45->f57, V: V [O(n)]
  11: f45->f57, W: W [O(n)]
  11: f45->f57, X: X [O(n)]
  13: f57->f60, A: 100 [O(1)]
  13: f57->f60, B: 0 [O(1)]
  13: f57->f60, C: 0 [O(1)]
  13: f57->f60, D: -max{0, -D} [O(n)]
  13: f57->f60, E: -max{0, -E} [O(n)]
  13: f57->f60, F: -max{-100, -F} [O(n)]
  13: f57->f60, G: 200 [O(1)]
  13: f57->f60, H: 1 [O(1)]
  13: f57->f60, I: 1 [O(1)]
  13: f57->f60, J: J [O(n)]
  13: f57->f60, K: K [O(n)]
  13: f57->f60, L: L [O(n)]
  13: f57->f60, M: M [O(n)]
  13: f57->f60, N: N [O(n)]
  13: f57->f60, O: O [O(n)]
  13: f57->f60, P: P [O(n)]
  13: f57->f60, Q: Q [O(n)]
  13: f57->f60, R: R [O(n)]
  13: f57->f60, S: S [O(n)]
  13: f57->f60, T: T [O(n)]
  13: f57->f60, U: U [O(n)]
  13: f57->f60, V: V [O(n)]
  13: f57->f60, W: W [O(n)]
  13: f57->f60, X: X [O(n)]
  14: f57->f85, A: 100 [O(1)]
  14: f57->f85, B: 0 [O(1)]
  14: f57->f85, C: 0 [O(1)]
  14: f57->f85, D: -max{0, -D} [O(n)]
  14: f57->f85, E: -max{0, -E} [O(n)]
  14: f57->f85, F: -max{-100, -F} [O(n)]
  14: f57->f85, G: 200 [O(1)]
  14: f57->f85, H: 0 [O(1)]
  14: f57->f85, I: 0 [O(1)]
  14: f57->f85, J: J [O(n)]
  14: f57->f85, K: K [O(n)]
  14: f57->f85, L: L [O(n)]
  14: f57->f85, M: M [O(n)]
  14: f57->f85, N: N [O(n)]
  14: f57->f85, O: O [O(n)]
  14: f57->f85, P: P [O(n)]
  14: f57->f85, Q: Q [O(n)]
  14: f57->f85, R: R [O(n)]
  14: f57->f85, S: S [O(n)]
  14: f57->f85, T: T [O(n)]
  14: f57->f85, U: U [O(n)]
  14: f57->f85, V: V [O(n)]
  14: f57->f85, W: W [O(n)]
  14: f57->f85, X: X [O(n)]
  15: f60->f66, A: 100 [O(1)]
  15: f60->f66, B: 0 [O(1)]
  15: f60->f66, C: 0 [O(1)]
  15: f60->f66, D: -max{0, -D} [O(n)]
  15: f60->f66, E: -max{0, -E} [O(n)]
  15: f60->f66, F: -max{-100, -F} [O(n)]
  15: f60->f66, G: 200 [O(1)]
  15: f60->f66, H: 1 [O(1)]
  15: f60->f66, I: 1 [O(1)]
  15: f60->f66, J: 0 [O(1)]
  15: f60->f66, K: K [O(n)]
  15: f60->f66, L: L [O(n)]
  15: f60->f66, M: M [O(n)]
  15: f60->f66, N: N [O(n)]
  15: f60->f66, O: O [O(n)]
  15: f60->f66, P: P [O(n)]
  15: f60->f66, Q: Q [O(n)]
  15: f60->f66, R: R [O(n)]
  15: f60->f66, S: S [O(n)]
  15: f60->f66, T: T [O(n)]
  15: f60->f66, U: U [O(n)]
  15: f60->f66, V: V [O(n)]
  15: f60->f66, W: W [O(n)]
  15: f60->f66, X: X [O(n)]
  16: f60->f66, A: 100 [O(1)]
  16: f60->f66, B: 0 [O(1)]
  16: f60->f66, C: 0 [O(1)]
  16: f60->f66, D: -max{0, -D} [O(n)]
  16: f60->f66, E: -max{0, -E} [O(n)]
  16: f60->f66, F: -max{-100, -F} [O(n)]
  16: f60->f66, G: 200 [O(1)]
  16: f60->f66, H: 1 [O(1)]
  16: f60->f66, I: 1 [O(1)]
  16: f60->f66, J: 10 [O(1)]
  16: f60->f66, K: K [O(n)]
  16: f60->f66, L: L [O(n)]
  16: f60->f66, M: M [O(n)]
  16: f60->f66, N: N [O(n)]
  16: f60->f66, O: O [O(n)]
  16: f60->f66, P: P [O(n)]
  16: f60->f66, Q: Q [O(n)]
  16: f60->f66, R: R [O(n)]
  16: f60->f66, S: S [O(n)]
  16: f60->f66, T: T [O(n)]
  16: f60->f66, U: U [O(n)]
  16: f60->f66, V: V [O(n)]
  16: f60->f66, W: W [O(n)]
  16: f60->f66, X: X [O(n)]
  17: f66->f85, A: 100 [O(1)]
  17: f66->f85, B: 0 [O(1)]
  17: f66->f85, C: 0 [O(1)]
  17: f66->f85, D: -max{0, -D} [O(n)]
  17: f66->f85, E: -max{0, -E} [O(n)]
  17: f66->f85, F: -max{-100, -F} [O(n)]
  17: f66->f85, G: 200 [O(1)]
  17: f66->f85, H: 1 [O(1)]
  17: f66->f85, I: 1 [O(1)]
  17: f66->f85, J: 0 [O(1)]
  17: f66->f85, K: 0 [O(1)]
  17: f66->f85, L: L [O(n)]
  17: f66->f85, M: M [O(n)]
  17: f66->f85, N: N [O(n)]
  17: f66->f85, O: O [O(n)]
  17: f66->f85, P: P [O(n)]
  17: f66->f85, Q: Q [O(n)]
  17: f66->f85, R: R [O(n)]
  17: f66->f85, S: S [O(n)]
  17: f66->f85, T: T [O(n)]
  17: f66->f85, U: U [O(n)]
  17: f66->f85, V: V [O(n)]
  17: f66->f85, W: W [O(n)]
  17: f66->f85, X: X [O(n)]
  19: f66->f69, A: 100 [O(1)]
  19: f66->f69, B: 0 [O(1)]
  19: f66->f69, C: 0 [O(1)]
  19: f66->f69, D: -max{0, -D} [O(n)]
  19: f66->f69, E: -max{0, -E} [O(n)]
  19: f66->f69, F: -max{-100, -F} [O(n)]
  19: f66->f69, G: 200 [O(1)]
  19: f66->f69, H: 1 [O(1)]
  19: f66->f69, I: 1 [O(1)]
  19: f66->f69, J: 1 [O(1)]
  19: f66->f69, K: 1 [O(1)]
  19: f66->f69, L: 0 [O(1)]
  19: f66->f69, M: M [O(n)]
  19: f66->f69, N: N [O(n)]
  19: f66->f69, O: O [O(n)]
  19: f66->f69, P: P [O(n)]
  19: f66->f69, Q: Q [O(n)]
  19: f66->f69, R: R [O(n)]
  19: f66->f69, S: S [O(n)]
  19: f66->f69, T: T [O(n)]
  19: f66->f69, U: U [O(n)]
  19: f66->f69, V: V [O(n)]
  19: f66->f69, W: W [O(n)]
  19: f66->f69, X: X [O(n)]
  44: f69->f69, A: 100 [O(1)]
  44: f69->f69, B: 0 [O(1)]
  44: f69->f69, C: 0 [O(1)]
  44: f69->f69, D: -max{0, -D} [O(n)]
  44: f69->f69, E: -max{0, -E} [O(n)]
  44: f69->f69, F: -max{-100, -F} [O(n)]
  44: f69->f69, G: 200 [O(1)]
  44: f69->f69, H: 1 [O(1)]
  44: f69->f69, I: 1 [O(1)]
  44: f69->f69, J: 1 [O(1)]
  44: f69->f69, K: 1 [O(1)]
  44: f69->f69, L: 1 [O(1)]
  44: f69->f69, M: M [O(n)]
  44: f69->f69, N: N [O(n)]
  44: f69->f69, O: O [O(n)]
  44: f69->f69, P: P [O(n)]
  44: f69->f69, Q: Q [O(n)]
  44: f69->f69, R: R [O(n)]
  44: f69->f69, S: S [O(n)]
  44: f69->f69, T: T [O(n)]
  44: f69->f69, U: U [O(n)]
  44: f69->f69, V: V [O(n)]
  44: f69->f69, W: W [O(n)]
  44: f69->f69, X: X [O(n)]
  45: f69->f85, A: 100 [O(1)]
  45: f69->f85, B: 0 [O(1)]
  45: f69->f85, C: 0 [O(1)]
  45: f69->f85, D: -max{0, -D} [O(n)]
  45: f69->f85, E: -max{0, -E} [O(n)]
  45: f69->f85, F: -max{-100, -F} [O(n)]
  45: f69->f85, G: 200 [O(1)]
  45: f69->f85, H: 1 [O(1)]
  45: f69->f85, I: 1 [O(1)]
  45: f69->f85, J: 1 [O(1)]
  45: f69->f85, K: 1 [O(1)]
  45: f69->f85, L: 200 [O(1)]
  45: f69->f85, M: M [O(n)]
  45: f69->f85, N: N [O(n)]
  45: f69->f85, O: O [O(n)]
  45: f69->f85, P: P [O(n)]
  45: f69->f85, Q: Q [O(n)]
  45: f69->f85, R: R [O(n)]
  45: f69->f85, S: S [O(n)]
  45: f69->f85, T: T [O(n)]
  45: f69->f85, U: U [O(n)]
  45: f69->f85, V: V [O(n)]
  45: f69->f85, W: W [O(n)]
  45: f69->f85, X: X [O(n)]
  20: f85->f97, A: 100 [O(1)]
  20: f85->f97, B: 0 [O(1)]
  20: f85->f97, C: 0 [O(1)]
  20: f85->f97, D: -max{0, -D} [O(n)]
  20: f85->f97, E: -max{0, -E} [O(n)]
  20: f85->f97, F: -max{-100, -F} [O(n)]
  20: f85->f97, G: 200 [O(1)]
  20: f85->f97, H: 0 [O(1)]
  20: f85->f97, I: 0 [O(1)]
  20: f85->f97, J: -max{0, -J} [O(n)]
  20: f85->f97, K: -max{0, -K} [O(n)]
  20: f85->f97, L: -max{-200, -L} [O(n)]
  20: f85->f97, M: 50 [O(1)]
  20: f85->f97, N: 0 [O(1)]
  20: f85->f97, O: O [O(n)]
  20: f85->f97, P: P [O(n)]
  20: f85->f97, Q: Q [O(n)]
  20: f85->f97, R: R [O(n)]
  20: f85->f97, S: S [O(n)]
  20: f85->f97, T: T [O(n)]
  20: f85->f97, U: U [O(n)]
  20: f85->f97, V: V [O(n)]
  20: f85->f97, W: W [O(n)]
  20: f85->f97, X: X [O(n)]
  21: f85->f97, A: 100 [O(1)]
  21: f85->f97, B: 0 [O(1)]
  21: f85->f97, C: 0 [O(1)]
  21: f85->f97, D: -max{0, -D} [O(n)]
  21: f85->f97, E: -max{0, -E} [O(n)]
  21: f85->f97, F: -max{-100, -F} [O(n)]
  21: f85->f97, G: 200 [O(1)]
  21: f85->f97, H: 0 [O(1)]
  21: f85->f97, I: 0 [O(1)]
  21: f85->f97, J: -max{0, -J} [O(n)]
  21: f85->f97, K: -max{0, -K} [O(n)]
  21: f85->f97, L: -max{-200, -L} [O(n)]
  21: f85->f97, M: 50 [O(1)]
  21: f85->f97, N: 10 [O(1)]
  21: f85->f97, O: O [O(n)]
  21: f85->f97, P: P [O(n)]
  21: f85->f97, Q: Q [O(n)]
  21: f85->f97, R: R [O(n)]
  21: f85->f97, S: S [O(n)]
  21: f85->f97, T: T [O(n)]
  21: f85->f97, U: U [O(n)]
  21: f85->f97, V: V [O(n)]
  21: f85->f97, W: W [O(n)]
  21: f85->f97, X: X [O(n)]
  23: f97->f100, A: 100 [O(1)]
  23: f97->f100, B: 0 [O(1)]
  23: f97->f100, C: 0 [O(1)]
  23: f97->f100, D: -max{0, -D} [O(n)]
  23: f97->f100, E: -max{0, -E} [O(n)]
  23: f97->f100, F: -max{-100, -F} [O(n)]
  23: f97->f100, G: 200 [O(1)]
  23: f97->f100, H: 0 [O(1)]
  23: f97->f100, I: 0 [O(1)]
  23: f97->f100, J: -max{0, -J} [O(n)]
  23: f97->f100, K: -max{0, -K} [O(n)]
  23: f97->f100, L: -max{-200, -L} [O(n)]
  23: f97->f100, M: 50 [O(1)]
  23: f97->f100, N: 1 [O(1)]
  23: f97->f100, O: 1 [O(1)]
  23: f97->f100, P: P [O(n)]
  23: f97->f100, Q: Q [O(n)]
  23: f97->f100, R: R [O(n)]
  23: f97->f100, S: S [O(n)]
  23: f97->f100, T: T [O(n)]
  23: f97->f100, U: U [O(n)]
  23: f97->f100, V: V [O(n)]
  23: f97->f100, W: W [O(n)]
  23: f97->f100, X: X [O(n)]
  24: f97->f125, A: 100 [O(1)]
  24: f97->f125, B: 0 [O(1)]
  24: f97->f125, C: 0 [O(1)]
  24: f97->f125, D: -max{0, -D} [O(n)]
  24: f97->f125, E: -max{0, -E} [O(n)]
  24: f97->f125, F: -max{-100, -F} [O(n)]
  24: f97->f125, G: 200 [O(1)]
  24: f97->f125, H: 0 [O(1)]
  24: f97->f125, I: 0 [O(1)]
  24: f97->f125, J: -max{0, -J} [O(n)]
  24: f97->f125, K: -max{0, -K} [O(n)]
  24: f97->f125, L: -max{-200, -L} [O(n)]
  24: f97->f125, M: 50 [O(1)]
  24: f97->f125, N: 0 [O(1)]
  24: f97->f125, O: 0 [O(1)]
  24: f97->f125, P: P [O(n)]
  24: f97->f125, Q: Q [O(n)]
  24: f97->f125, R: R [O(n)]
  24: f97->f125, S: S [O(n)]
  24: f97->f125, T: T [O(n)]
  24: f97->f125, U: U [O(n)]
  24: f97->f125, V: V [O(n)]
  24: f97->f125, W: W [O(n)]
  24: f97->f125, X: X [O(n)]
`Upper:
  0: f0->f17, A: 100 [O(1)]
  0: f0->f17, B: 0 [O(1)]
  0: f0->f17, C: C [O(n)]
  0: f0->f17, D: D [O(n)]
  0: f0->f17, E: E [O(n)]
  0: f0->f17, F: F [O(n)]
  0: f0->f17, G: G [O(n)]
  0: f0->f17, H: H [O(n)]
  0: f0->f17, I: I [O(n)]
  0: f0->f17, J: J [O(n)]
  0: f0->f17, K: K [O(n)]
  0: f0->f17, L: L [O(n)]
  0: f0->f17, M: M [O(n)]
  0: f0->f17, N: N [O(n)]
  0: f0->f17, O: O [O(n)]
  0: f0->f17, P: P [O(n)]
  0: f0->f17, Q: Q [O(n)]
  0: f0->f17, R: R [O(n)]
  0: f0->f17, S: S [O(n)]
  0: f0->f17, T: T [O(n)]
  0: f0->f17, U: U [O(n)]
  0: f0->f17, V: V [O(n)]
  0: f0->f17, W: W [O(n)]
  0: f0->f17, X: X [O(n)]
  1: f0->f17, A: 100 [O(1)]
  1: f0->f17, B: 10 [O(1)]
  1: f0->f17, C: C [O(n)]
  1: f0->f17, D: D [O(n)]
  1: f0->f17, E: E [O(n)]
  1: f0->f17, F: F [O(n)]
  1: f0->f17, G: G [O(n)]
  1: f0->f17, H: H [O(n)]
  1: f0->f17, I: I [O(n)]
  1: f0->f17, J: J [O(n)]
  1: f0->f17, K: K [O(n)]
  1: f0->f17, L: L [O(n)]
  1: f0->f17, M: M [O(n)]
  1: f0->f17, N: N [O(n)]
  1: f0->f17, O: O [O(n)]
  1: f0->f17, P: P [O(n)]
  1: f0->f17, Q: Q [O(n)]
  1: f0->f17, R: R [O(n)]
  1: f0->f17, S: S [O(n)]
  1: f0->f17, T: T [O(n)]
  1: f0->f17, U: U [O(n)]
  1: f0->f17, V: V [O(n)]
  1: f0->f17, W: W [O(n)]
  1: f0->f17, X: X [O(n)]
  25: f100->f106, A: 100 [O(1)]
  25: f100->f106, B: 10 [O(1)]
  25: f100->f106, C: 10 [O(1)]
  25: f100->f106, D: max{10, D} [O(n)]
  25: f100->f106, E: max{10, E} [O(n)]
  25: f100->f106, F: max{100, F} [O(n)]
  25: f100->f106, G: 200 [O(1)]
  25: f100->f106, H: 10 [O(1)]
  25: f100->f106, I: 10 [O(1)]
  25: f100->f106, J: max{10, J} [O(n)]
  25: f100->f106, K: max{10, K} [O(n)]
  25: f100->f106, L: max{200, L} [O(n)]
  25: f100->f106, M: 50 [O(1)]
  25: f100->f106, N: 10 [O(1)]
  25: f100->f106, O: 10 [O(1)]
  25: f100->f106, P: 0 [O(1)]
  25: f100->f106, Q: Q [O(n)]
  25: f100->f106, R: R [O(n)]
  25: f100->f106, S: S [O(n)]
  25: f100->f106, T: T [O(n)]
  25: f100->f106, U: U [O(n)]
  25: f100->f106, V: V [O(n)]
  25: f100->f106, W: W [O(n)]
  25: f100->f106, X: X [O(n)]
  26: f100->f106, A: 100 [O(1)]
  26: f100->f106, B: 10 [O(1)]
  26: f100->f106, C: 10 [O(1)]
  26: f100->f106, D: max{10, D} [O(n)]
  26: f100->f106, E: max{10, E} [O(n)]
  26: f100->f106, F: max{100, F} [O(n)]
  26: f100->f106, G: 200 [O(1)]
  26: f100->f106, H: 10 [O(1)]
  26: f100->f106, I: 10 [O(1)]
  26: f100->f106, J: max{10, J} [O(n)]
  26: f100->f106, K: max{10, K} [O(n)]
  26: f100->f106, L: max{200, L} [O(n)]
  26: f100->f106, M: 50 [O(1)]
  26: f100->f106, N: 10 [O(1)]
  26: f100->f106, O: 10 [O(1)]
  26: f100->f106, P: 10 [O(1)]
  26: f100->f106, Q: Q [O(n)]
  26: f100->f106, R: R [O(n)]
  26: f100->f106, S: S [O(n)]
  26: f100->f106, T: T [O(n)]
  26: f100->f106, U: U [O(n)]
  26: f100->f106, V: V [O(n)]
  26: f100->f106, W: W [O(n)]
  26: f100->f106, X: X [O(n)]
  27: f106->f125, A: 100 [O(1)]
  27: f106->f125, B: 10 [O(1)]
  27: f106->f125, C: 10 [O(1)]
  27: f106->f125, D: max{10, D} [O(n)]
  27: f106->f125, E: max{10, E} [O(n)]
  27: f106->f125, F: max{100, F} [O(n)]
  27: f106->f125, G: 200 [O(1)]
  27: f106->f125, H: 10 [O(1)]
  27: f106->f125, I: 10 [O(1)]
  27: f106->f125, J: max{10, J} [O(n)]
  27: f106->f125, K: max{10, K} [O(n)]
  27: f106->f125, L: max{200, L} [O(n)]
  27: f106->f125, M: 50 [O(1)]
  27: f106->f125, N: 10 [O(1)]
  27: f106->f125, O: 10 [O(1)]
  27: f106->f125, P: 0 [O(1)]
  27: f106->f125, Q: 0 [O(1)]
  27: f106->f125, R: R [O(n)]
  27: f106->f125, S: S [O(n)]
  27: f106->f125, T: T [O(n)]
  27: f106->f125, U: U [O(n)]
  27: f106->f125, V: V [O(n)]
  27: f106->f125, W: W [O(n)]
  27: f106->f125, X: X [O(n)]
  29: f106->f109, A: 100 [O(1)]
  29: f106->f109, B: 10 [O(1)]
  29: f106->f109, C: 10 [O(1)]
  29: f106->f109, D: max{10, D} [O(n)]
  29: f106->f109, E: max{10, E} [O(n)]
  29: f106->f109, F: max{100, F} [O(n)]
  29: f106->f109, G: 200 [O(1)]
  29: f106->f109, H: 10 [O(1)]
  29: f106->f109, I: 10 [O(1)]
  29: f106->f109, J: max{10, J} [O(n)]
  29: f106->f109, K: max{10, K} [O(n)]
  29: f106->f109, L: max{200, L} [O(n)]
  29: f106->f109, M: 50 [O(1)]
  29: f106->f109, N: 10 [O(1)]
  29: f106->f109, O: 10 [O(1)]
  29: f106->f109, P: 10 [O(1)]
  29: f106->f109, Q: 10 [O(1)]
  29: f106->f109, R: 0 [O(1)]
  29: f106->f109, S: S [O(n)]
  29: f106->f109, T: T [O(n)]
  29: f106->f109, U: U [O(n)]
  29: f106->f109, V: V [O(n)]
  29: f106->f109, W: W [O(n)]
  29: f106->f109, X: X [O(n)]
  42: f109->f109, A: 100 [O(1)]
  42: f109->f109, B: 10 [O(1)]
  42: f109->f109, C: 10 [O(1)]
  42: f109->f109, D: max{10, D} [O(n)]
  42: f109->f109, E: max{10, E} [O(n)]
  42: f109->f109, F: max{100, F} [O(n)]
  42: f109->f109, G: 200 [O(1)]
  42: f109->f109, H: 10 [O(1)]
  42: f109->f109, I: 10 [O(1)]
  42: f109->f109, J: max{10, J} [O(n)]
  42: f109->f109, K: max{10, K} [O(n)]
  42: f109->f109, L: max{200, L} [O(n)]
  42: f109->f109, M: 50 [O(1)]
  42: f109->f109, N: 10 [O(1)]
  42: f109->f109, O: 10 [O(1)]
  42: f109->f109, P: 10 [O(1)]
  42: f109->f109, Q: 10 [O(1)]
  42: f109->f109, R: 50 [O(1)]
  42: f109->f109, S: S [O(n)]
  42: f109->f109, T: T [O(n)]
  42: f109->f109, U: U [O(n)]
  42: f109->f109, V: V [O(n)]
  42: f109->f109, W: W [O(n)]
  42: f109->f109, X: X [O(n)]
  43: f109->f125, A: 100 [O(1)]
  43: f109->f125, B: 10 [O(1)]
  43: f109->f125, C: 10 [O(1)]
  43: f109->f125, D: max{10, D} [O(n)]
  43: f109->f125, E: max{10, E} [O(n)]
  43: f109->f125, F: max{100, F} [O(n)]
  43: f109->f125, G: 200 [O(1)]
  43: f109->f125, H: 10 [O(1)]
  43: f109->f125, I: 10 [O(1)]
  43: f109->f125, J: max{10, J} [O(n)]
  43: f109->f125, K: max{10, K} [O(n)]
  43: f109->f125, L: max{200, L} [O(n)]
  43: f109->f125, M: 50 [O(1)]
  43: f109->f125, N: 10 [O(1)]
  43: f109->f125, O: 10 [O(1)]
  43: f109->f125, P: 10 [O(1)]
  43: f109->f125, Q: 10 [O(1)]
  43: f109->f125, R: 50 [O(1)]
  43: f109->f125, S: S [O(n)]
  43: f109->f125, T: T [O(n)]
  43: f109->f125, U: U [O(n)]
  43: f109->f125, V: V [O(n)]
  43: f109->f125, W: W [O(n)]
  43: f109->f125, X: X [O(n)]
  30: f125->f137, A: 100 [O(1)]
  30: f125->f137, B: 10 [O(1)]
  30: f125->f137, C: 10 [O(1)]
  30: f125->f137, D: max{10, D} [O(n)]
  30: f125->f137, E: max{10, E} [O(n)]
  30: f125->f137, F: max{100, F} [O(n)]
  30: f125->f137, G: 200 [O(1)]
  30: f125->f137, H: 10 [O(1)]
  30: f125->f137, I: 10 [O(1)]
  30: f125->f137, J: max{10, J} [O(n)]
  30: f125->f137, K: max{10, K} [O(n)]
  30: f125->f137, L: max{200, L} [O(n)]
  30: f125->f137, M: 50 [O(1)]
  30: f125->f137, N: 10 [O(1)]
  30: f125->f137, O: 10 [O(1)]
  30: f125->f137, P: max{10, P} [O(n)]
  30: f125->f137, Q: max{10, Q} [O(n)]
  30: f125->f137, R: max{50, R} [O(n)]
  30: f125->f137, S: 20 [O(1)]
  30: f125->f137, T: 0 [O(1)]
  30: f125->f137, U: U [O(n)]
  30: f125->f137, V: V [O(n)]
  30: f125->f137, W: W [O(n)]
  30: f125->f137, X: X [O(n)]
  31: f125->f137, A: 100 [O(1)]
  31: f125->f137, B: 10 [O(1)]
  31: f125->f137, C: 10 [O(1)]
  31: f125->f137, D: max{10, D} [O(n)]
  31: f125->f137, E: max{10, E} [O(n)]
  31: f125->f137, F: max{100, F} [O(n)]
  31: f125->f137, G: 200 [O(1)]
  31: f125->f137, H: 10 [O(1)]
  31: f125->f137, I: 10 [O(1)]
  31: f125->f137, J: max{10, J} [O(n)]
  31: f125->f137, K: max{10, K} [O(n)]
  31: f125->f137, L: max{200, L} [O(n)]
  31: f125->f137, M: 50 [O(1)]
  31: f125->f137, N: 10 [O(1)]
  31: f125->f137, O: 10 [O(1)]
  31: f125->f137, P: max{10, P} [O(n)]
  31: f125->f137, Q: max{10, Q} [O(n)]
  31: f125->f137, R: max{50, R} [O(n)]
  31: f125->f137, S: 20 [O(1)]
  31: f125->f137, T: 10 [O(1)]
  31: f125->f137, U: U [O(n)]
  31: f125->f137, V: V [O(n)]
  31: f125->f137, W: W [O(n)]
  31: f125->f137, X: X [O(n)]
  33: f137->f140, A: 100 [O(1)]
  33: f137->f140, B: 10 [O(1)]
  33: f137->f140, C: 10 [O(1)]
  33: f137->f140, D: max{10, D} [O(n)]
  33: f137->f140, E: max{10, E} [O(n)]
  33: f137->f140, F: max{100, F} [O(n)]
  33: f137->f140, G: 200 [O(1)]
  33: f137->f140, H: 10 [O(1)]
  33: f137->f140, I: 10 [O(1)]
  33: f137->f140, J: max{10, J} [O(n)]
  33: f137->f140, K: max{10, K} [O(n)]
  33: f137->f140, L: max{200, L} [O(n)]
  33: f137->f140, M: 50 [O(1)]
  33: f137->f140, N: 10 [O(1)]
  33: f137->f140, O: 10 [O(1)]
  33: f137->f140, P: max{10, P} [O(n)]
  33: f137->f140, Q: max{10, Q} [O(n)]
  33: f137->f140, R: max{50, R} [O(n)]
  33: f137->f140, S: 20 [O(1)]
  33: f137->f140, T: 10 [O(1)]
  33: f137->f140, U: 10 [O(1)]
  33: f137->f140, V: V [O(n)]
  33: f137->f140, W: W [O(n)]
  33: f137->f140, X: X [O(n)]
  38: f137->f166, A: 100 [O(1)]
  38: f137->f166, B: 10 [O(1)]
  38: f137->f166, C: 10 [O(1)]
  38: f137->f166, D: max{10, D} [O(n)]
  38: f137->f166, E: max{10, E} [O(n)]
  38: f137->f166, F: max{100, F} [O(n)]
  38: f137->f166, G: 200 [O(1)]
  38: f137->f166, H: 10 [O(1)]
  38: f137->f166, I: 10 [O(1)]
  38: f137->f166, J: max{10, J} [O(n)]
  38: f137->f166, K: max{10, K} [O(n)]
  38: f137->f166, L: max{200, L} [O(n)]
  38: f137->f166, M: 50 [O(1)]
  38: f137->f166, N: 10 [O(1)]
  38: f137->f166, O: 10 [O(1)]
  38: f137->f166, P: max{10, P} [O(n)]
  38: f137->f166, Q: max{10, Q} [O(n)]
  38: f137->f166, R: max{50, R} [O(n)]
  38: f137->f166, S: 20 [O(1)]
  38: f137->f166, T: 0 [O(1)]
  38: f137->f166, U: 0 [O(1)]
  38: f137->f166, V: V [O(n)]
  38: f137->f166, W: W [O(n)]
  38: f137->f166, X: X [O(n)]
  34: f140->f146, A: 100 [O(1)]
  34: f140->f146, B: 10 [O(1)]
  34: f140->f146, C: 10 [O(1)]
  34: f140->f146, D: max{10, D} [O(n)]
  34: f140->f146, E: max{10, E} [O(n)]
  34: f140->f146, F: max{100, F} [O(n)]
  34: f140->f146, G: 200 [O(1)]
  34: f140->f146, H: 10 [O(1)]
  34: f140->f146, I: 10 [O(1)]
  34: f140->f146, J: max{10, J} [O(n)]
  34: f140->f146, K: max{10, K} [O(n)]
  34: f140->f146, L: max{200, L} [O(n)]
  34: f140->f146, M: 50 [O(1)]
  34: f140->f146, N: 10 [O(1)]
  34: f140->f146, O: 10 [O(1)]
  34: f140->f146, P: max{10, P} [O(n)]
  34: f140->f146, Q: max{10, Q} [O(n)]
  34: f140->f146, R: max{50, R} [O(n)]
  34: f140->f146, S: 20 [O(1)]
  34: f140->f146, T: 10 [O(1)]
  34: f140->f146, U: 10 [O(1)]
  34: f140->f146, V: 0 [O(1)]
  34: f140->f146, W: W [O(n)]
  34: f140->f146, X: X [O(n)]
  35: f140->f146, A: 100 [O(1)]
  35: f140->f146, B: 10 [O(1)]
  35: f140->f146, C: 10 [O(1)]
  35: f140->f146, D: max{10, D} [O(n)]
  35: f140->f146, E: max{10, E} [O(n)]
  35: f140->f146, F: max{100, F} [O(n)]
  35: f140->f146, G: 200 [O(1)]
  35: f140->f146, H: 10 [O(1)]
  35: f140->f146, I: 10 [O(1)]
  35: f140->f146, J: max{10, J} [O(n)]
  35: f140->f146, K: max{10, K} [O(n)]
  35: f140->f146, L: max{200, L} [O(n)]
  35: f140->f146, M: 50 [O(1)]
  35: f140->f146, N: 10 [O(1)]
  35: f140->f146, O: 10 [O(1)]
  35: f140->f146, P: max{10, P} [O(n)]
  35: f140->f146, Q: max{10, Q} [O(n)]
  35: f140->f146, R: max{50, R} [O(n)]
  35: f140->f146, S: 20 [O(1)]
  35: f140->f146, T: 10 [O(1)]
  35: f140->f146, U: 10 [O(1)]
  35: f140->f146, V: 10 [O(1)]
  35: f140->f146, W: W [O(n)]
  35: f140->f146, X: X [O(n)]
  37: f146->f149, A: 100 [O(1)]
  37: f146->f149, B: 10 [O(1)]
  37: f146->f149, C: 10 [O(1)]
  37: f146->f149, D: max{10, D} [O(n)]
  37: f146->f149, E: max{10, E} [O(n)]
  37: f146->f149, F: max{100, F} [O(n)]
  37: f146->f149, G: 200 [O(1)]
  37: f146->f149, H: 10 [O(1)]
  37: f146->f149, I: 10 [O(1)]
  37: f146->f149, J: max{10, J} [O(n)]
  37: f146->f149, K: max{10, K} [O(n)]
  37: f146->f149, L: max{200, L} [O(n)]
  37: f146->f149, M: 50 [O(1)]
  37: f146->f149, N: 10 [O(1)]
  37: f146->f149, O: 10 [O(1)]
  37: f146->f149, P: max{10, P} [O(n)]
  37: f146->f149, Q: max{10, Q} [O(n)]
  37: f146->f149, R: max{50, R} [O(n)]
  37: f146->f149, S: 20 [O(1)]
  37: f146->f149, T: 10 [O(1)]
  37: f146->f149, U: 10 [O(1)]
  37: f146->f149, V: 10 [O(1)]
  37: f146->f149, W: 10 [O(1)]
  37: f146->f149, X: 0 [O(1)]
  39: f146->f166, A: 100 [O(1)]
  39: f146->f166, B: 10 [O(1)]
  39: f146->f166, C: 10 [O(1)]
  39: f146->f166, D: max{10, D} [O(n)]
  39: f146->f166, E: max{10, E} [O(n)]
  39: f146->f166, F: max{100, F} [O(n)]
  39: f146->f166, G: 200 [O(1)]
  39: f146->f166, H: 10 [O(1)]
  39: f146->f166, I: 10 [O(1)]
  39: f146->f166, J: max{10, J} [O(n)]
  39: f146->f166, K: max{10, K} [O(n)]
  39: f146->f166, L: max{200, L} [O(n)]
  39: f146->f166, M: 50 [O(1)]
  39: f146->f166, N: 10 [O(1)]
  39: f146->f166, O: 10 [O(1)]
  39: f146->f166, P: max{10, P} [O(n)]
  39: f146->f166, Q: max{10, Q} [O(n)]
  39: f146->f166, R: max{50, R} [O(n)]
  39: f146->f166, S: 20 [O(1)]
  39: f146->f166, T: 10 [O(1)]
  39: f146->f166, U: 10 [O(1)]
  39: f146->f166, V: 0 [O(1)]
  39: f146->f166, W: 0 [O(1)]
  39: f146->f166, X: X [O(n)]
  40: f149->f149, A: 100 [O(1)]
  40: f149->f149, B: 10 [O(1)]
  40: f149->f149, C: 10 [O(1)]
  40: f149->f149, D: max{10, D} [O(n)]
  40: f149->f149, E: max{10, E} [O(n)]
  40: f149->f149, F: max{100, F} [O(n)]
  40: f149->f149, G: 200 [O(1)]
  40: f149->f149, H: 10 [O(1)]
  40: f149->f149, I: 10 [O(1)]
  40: f149->f149, J: max{10, J} [O(n)]
  40: f149->f149, K: max{10, K} [O(n)]
  40: f149->f149, L: max{200, L} [O(n)]
  40: f149->f149, M: 50 [O(1)]
  40: f149->f149, N: 10 [O(1)]
  40: f149->f149, O: 10 [O(1)]
  40: f149->f149, P: max{10, P} [O(n)]
  40: f149->f149, Q: max{10, Q} [O(n)]
  40: f149->f149, R: max{50, R} [O(n)]
  40: f149->f149, S: 20 [O(1)]
  40: f149->f149, T: 10 [O(1)]
  40: f149->f149, U: 10 [O(1)]
  40: f149->f149, V: 10 [O(1)]
  40: f149->f149, W: 10 [O(1)]
  40: f149->f149, X: 20 [O(1)]
  41: f149->f166, A: 100 [O(1)]
  41: f149->f166, B: 10 [O(1)]
  41: f149->f166, C: 10 [O(1)]
  41: f149->f166, D: max{10, D} [O(n)]
  41: f149->f166, E: max{10, E} [O(n)]
  41: f149->f166, F: max{100, F} [O(n)]
  41: f149->f166, G: 200 [O(1)]
  41: f149->f166, H: 10 [O(1)]
  41: f149->f166, I: 10 [O(1)]
  41: f149->f166, J: max{10, J} [O(n)]
  41: f149->f166, K: max{10, K} [O(n)]
  41: f149->f166, L: max{200, L} [O(n)]
  41: f149->f166, M: 50 [O(1)]
  41: f149->f166, N: 10 [O(1)]
  41: f149->f166, O: 10 [O(1)]
  41: f149->f166, P: max{10, P} [O(n)]
  41: f149->f166, Q: max{10, Q} [O(n)]
  41: f149->f166, R: max{50, R} [O(n)]
  41: f149->f166, S: 20 [O(1)]
  41: f149->f166, T: 10 [O(1)]
  41: f149->f166, U: 10 [O(1)]
  41: f149->f166, V: 10 [O(1)]
  41: f149->f166, W: 10 [O(1)]
  41: f149->f166, X: 20 [O(1)]
  2: f17->f20, A: 100 [O(1)]
  2: f17->f20, B: -1 [O(1)]
  2: f17->f20, C: -1 [O(1)]
  2: f17->f20, D: D [O(n)]
  2: f17->f20, E: E [O(n)]
  2: f17->f20, F: F [O(n)]
  2: f17->f20, G: G [O(n)]
  2: f17->f20, H: H [O(n)]
  2: f17->f20, I: I [O(n)]
  2: f17->f20, J: J [O(n)]
  2: f17->f20, K: K [O(n)]
  2: f17->f20, L: L [O(n)]
  2: f17->f20, M: M [O(n)]
  2: f17->f20, N: N [O(n)]
  2: f17->f20, O: O [O(n)]
  2: f17->f20, P: P [O(n)]
  2: f17->f20, Q: Q [O(n)]
  2: f17->f20, R: R [O(n)]
  2: f17->f20, S: S [O(n)]
  2: f17->f20, T: T [O(n)]
  2: f17->f20, U: U [O(n)]
  2: f17->f20, V: V [O(n)]
  2: f17->f20, W: W [O(n)]
  2: f17->f20, X: X [O(n)]
  3: f17->f20, A: 100 [O(1)]
  3: f17->f20, B: 10 [O(1)]
  3: f17->f20, C: 10 [O(1)]
  3: f17->f20, D: D [O(n)]
  3: f17->f20, E: E [O(n)]
  3: f17->f20, F: F [O(n)]
  3: f17->f20, G: G [O(n)]
  3: f17->f20, H: H [O(n)]
  3: f17->f20, I: I [O(n)]
  3: f17->f20, J: J [O(n)]
  3: f17->f20, K: K [O(n)]
  3: f17->f20, L: L [O(n)]
  3: f17->f20, M: M [O(n)]
  3: f17->f20, N: N [O(n)]
  3: f17->f20, O: O [O(n)]
  3: f17->f20, P: P [O(n)]
  3: f17->f20, Q: Q [O(n)]
  3: f17->f20, R: R [O(n)]
  3: f17->f20, S: S [O(n)]
  3: f17->f20, T: T [O(n)]
  3: f17->f20, U: U [O(n)]
  3: f17->f20, V: V [O(n)]
  3: f17->f20, W: W [O(n)]
  3: f17->f20, X: X [O(n)]
  4: f17->f45, A: 100 [O(1)]
  4: f17->f45, B: 0 [O(1)]
  4: f17->f45, C: 0 [O(1)]
  4: f17->f45, D: D [O(n)]
  4: f17->f45, E: E [O(n)]
  4: f17->f45, F: F [O(n)]
  4: f17->f45, G: G [O(n)]
  4: f17->f45, H: H [O(n)]
  4: f17->f45, I: I [O(n)]
  4: f17->f45, J: J [O(n)]
  4: f17->f45, K: K [O(n)]
  4: f17->f45, L: L [O(n)]
  4: f17->f45, M: M [O(n)]
  4: f17->f45, N: N [O(n)]
  4: f17->f45, O: O [O(n)]
  4: f17->f45, P: P [O(n)]
  4: f17->f45, Q: Q [O(n)]
  4: f17->f45, R: R [O(n)]
  4: f17->f45, S: S [O(n)]
  4: f17->f45, T: T [O(n)]
  4: f17->f45, U: U [O(n)]
  4: f17->f45, V: V [O(n)]
  4: f17->f45, W: W [O(n)]
  4: f17->f45, X: X [O(n)]
  5: f20->f26, A: 100 [O(1)]
  5: f20->f26, B: 10 [O(1)]
  5: f20->f26, C: 10 [O(1)]
  5: f20->f26, D: 0 [O(1)]
  5: f20->f26, E: E [O(n)]
  5: f20->f26, F: F [O(n)]
  5: f20->f26, G: G [O(n)]
  5: f20->f26, H: H [O(n)]
  5: f20->f26, I: I [O(n)]
  5: f20->f26, J: J [O(n)]
  5: f20->f26, K: K [O(n)]
  5: f20->f26, L: L [O(n)]
  5: f20->f26, M: M [O(n)]
  5: f20->f26, N: N [O(n)]
  5: f20->f26, O: O [O(n)]
  5: f20->f26, P: P [O(n)]
  5: f20->f26, Q: Q [O(n)]
  5: f20->f26, R: R [O(n)]
  5: f20->f26, S: S [O(n)]
  5: f20->f26, T: T [O(n)]
  5: f20->f26, U: U [O(n)]
  5: f20->f26, V: V [O(n)]
  5: f20->f26, W: W [O(n)]
  5: f20->f26, X: X [O(n)]
  6: f20->f26, A: 100 [O(1)]
  6: f20->f26, B: 10 [O(1)]
  6: f20->f26, C: 10 [O(1)]
  6: f20->f26, D: 10 [O(1)]
  6: f20->f26, E: E [O(n)]
  6: f20->f26, F: F [O(n)]
  6: f20->f26, G: G [O(n)]
  6: f20->f26, H: H [O(n)]
  6: f20->f26, I: I [O(n)]
  6: f20->f26, J: J [O(n)]
  6: f20->f26, K: K [O(n)]
  6: f20->f26, L: L [O(n)]
  6: f20->f26, M: M [O(n)]
  6: f20->f26, N: N [O(n)]
  6: f20->f26, O: O [O(n)]
  6: f20->f26, P: P [O(n)]
  6: f20->f26, Q: Q [O(n)]
  6: f20->f26, R: R [O(n)]
  6: f20->f26, S: S [O(n)]
  6: f20->f26, T: T [O(n)]
  6: f20->f26, U: U [O(n)]
  6: f20->f26, V: V [O(n)]
  6: f20->f26, W: W [O(n)]
  6: f20->f26, X: X [O(n)]
  7: f26->f45, A: 100 [O(1)]
  7: f26->f45, B: 10 [O(1)]
  7: f26->f45, C: 10 [O(1)]
  7: f26->f45, D: 0 [O(1)]
  7: f26->f45, E: 0 [O(1)]
  7: f26->f45, F: F [O(n)]
  7: f26->f45, G: G [O(n)]
  7: f26->f45, H: H [O(n)]
  7: f26->f45, I: I [O(n)]
  7: f26->f45, J: J [O(n)]
  7: f26->f45, K: K [O(n)]
  7: f26->f45, L: L [O(n)]
  7: f26->f45, M: M [O(n)]
  7: f26->f45, N: N [O(n)]
  7: f26->f45, O: O [O(n)]
  7: f26->f45, P: P [O(n)]
  7: f26->f45, Q: Q [O(n)]
  7: f26->f45, R: R [O(n)]
  7: f26->f45, S: S [O(n)]
  7: f26->f45, T: T [O(n)]
  7: f26->f45, U: U [O(n)]
  7: f26->f45, V: V [O(n)]
  7: f26->f45, W: W [O(n)]
  7: f26->f45, X: X [O(n)]
  9: f26->f29, A: 100 [O(1)]
  9: f26->f29, B: 10 [O(1)]
  9: f26->f29, C: 10 [O(1)]
  9: f26->f29, D: 10 [O(1)]
  9: f26->f29, E: 10 [O(1)]
  9: f26->f29, F: 0 [O(1)]
  9: f26->f29, G: G [O(n)]
  9: f26->f29, H: H [O(n)]
  9: f26->f29, I: I [O(n)]
  9: f26->f29, J: J [O(n)]
  9: f26->f29, K: K [O(n)]
  9: f26->f29, L: L [O(n)]
  9: f26->f29, M: M [O(n)]
  9: f26->f29, N: N [O(n)]
  9: f26->f29, O: O [O(n)]
  9: f26->f29, P: P [O(n)]
  9: f26->f29, Q: Q [O(n)]
  9: f26->f29, R: R [O(n)]
  9: f26->f29, S: S [O(n)]
  9: f26->f29, T: T [O(n)]
  9: f26->f29, U: U [O(n)]
  9: f26->f29, V: V [O(n)]
  9: f26->f29, W: W [O(n)]
  9: f26->f29, X: X [O(n)]
  46: f29->f29, A: 100 [O(1)]
  46: f29->f29, B: 10 [O(1)]
  46: f29->f29, C: 10 [O(1)]
  46: f29->f29, D: 10 [O(1)]
  46: f29->f29, E: 10 [O(1)]
  46: f29->f29, F: 100 [O(1)]
  46: f29->f29, G: G [O(n)]
  46: f29->f29, H: H [O(n)]
  46: f29->f29, I: I [O(n)]
  46: f29->f29, J: J [O(n)]
  46: f29->f29, K: K [O(n)]
  46: f29->f29, L: L [O(n)]
  46: f29->f29, M: M [O(n)]
  46: f29->f29, N: N [O(n)]
  46: f29->f29, O: O [O(n)]
  46: f29->f29, P: P [O(n)]
  46: f29->f29, Q: Q [O(n)]
  46: f29->f29, R: R [O(n)]
  46: f29->f29, S: S [O(n)]
  46: f29->f29, T: T [O(n)]
  46: f29->f29, U: U [O(n)]
  46: f29->f29, V: V [O(n)]
  46: f29->f29, W: W [O(n)]
  46: f29->f29, X: X [O(n)]
  47: f29->f45, A: 100 [O(1)]
  47: f29->f45, B: 10 [O(1)]
  47: f29->f45, C: 10 [O(1)]
  47: f29->f45, D: 10 [O(1)]
  47: f29->f45, E: 10 [O(1)]
  47: f29->f45, F: 100 [O(1)]
  47: f29->f45, G: G [O(n)]
  47: f29->f45, H: H [O(n)]
  47: f29->f45, I: I [O(n)]
  47: f29->f45, J: J [O(n)]
  47: f29->f45, K: K [O(n)]
  47: f29->f45, L: L [O(n)]
  47: f29->f45, M: M [O(n)]
  47: f29->f45, N: N [O(n)]
  47: f29->f45, O: O [O(n)]
  47: f29->f45, P: P [O(n)]
  47: f29->f45, Q: Q [O(n)]
  47: f29->f45, R: R [O(n)]
  47: f29->f45, S: S [O(n)]
  47: f29->f45, T: T [O(n)]
  47: f29->f45, U: U [O(n)]
  47: f29->f45, V: V [O(n)]
  47: f29->f45, W: W [O(n)]
  47: f29->f45, X: X [O(n)]
  10: f45->f57, A: 100 [O(1)]
  10: f45->f57, B: 10 [O(1)]
  10: f45->f57, C: 10 [O(1)]
  10: f45->f57, D: max{10, D} [O(n)]
  10: f45->f57, E: max{10, E} [O(n)]
  10: f45->f57, F: max{100, F} [O(n)]
  10: f45->f57, G: 200 [O(1)]
  10: f45->f57, H: 0 [O(1)]
  10: f45->f57, I: I [O(n)]
  10: f45->f57, J: J [O(n)]
  10: f45->f57, K: K [O(n)]
  10: f45->f57, L: L [O(n)]
  10: f45->f57, M: M [O(n)]
  10: f45->f57, N: N [O(n)]
  10: f45->f57, O: O [O(n)]
  10: f45->f57, P: P [O(n)]
  10: f45->f57, Q: Q [O(n)]
  10: f45->f57, R: R [O(n)]
  10: f45->f57, S: S [O(n)]
  10: f45->f57, T: T [O(n)]
  10: f45->f57, U: U [O(n)]
  10: f45->f57, V: V [O(n)]
  10: f45->f57, W: W [O(n)]
  10: f45->f57, X: X [O(n)]
  11: f45->f57, A: 100 [O(1)]
  11: f45->f57, B: 10 [O(1)]
  11: f45->f57, C: 10 [O(1)]
  11: f45->f57, D: max{10, D} [O(n)]
  11: f45->f57, E: max{10, E} [O(n)]
  11: f45->f57, F: max{100, F} [O(n)]
  11: f45->f57, G: 200 [O(1)]
  11: f45->f57, H: 10 [O(1)]
  11: f45->f57, I: I [O(n)]
  11: f45->f57, J: J [O(n)]
  11: f45->f57, K: K [O(n)]
  11: f45->f57, L: L [O(n)]
  11: f45->f57, M: M [O(n)]
  11: f45->f57, N: N [O(n)]
  11: f45->f57, O: O [O(n)]
  11: f45->f57, P: P [O(n)]
  11: f45->f57, Q: Q [O(n)]
  11: f45->f57, R: R [O(n)]
  11: f45->f57, S: S [O(n)]
  11: f45->f57, T: T [O(n)]
  11: f45->f57, U: U [O(n)]
  11: f45->f57, V: V [O(n)]
  11: f45->f57, W: W [O(n)]
  11: f45->f57, X: X [O(n)]
  13: f57->f60, A: 100 [O(1)]
  13: f57->f60, B: 10 [O(1)]
  13: f57->f60, C: 10 [O(1)]
  13: f57->f60, D: max{10, D} [O(n)]
  13: f57->f60, E: max{10, E} [O(n)]
  13: f57->f60, F: max{100, F} [O(n)]
  13: f57->f60, G: 200 [O(1)]
  13: f57->f60, H: 10 [O(1)]
  13: f57->f60, I: 10 [O(1)]
  13: f57->f60, J: J [O(n)]
  13: f57->f60, K: K [O(n)]
  13: f57->f60, L: L [O(n)]
  13: f57->f60, M: M [O(n)]
  13: f57->f60, N: N [O(n)]
  13: f57->f60, O: O [O(n)]
  13: f57->f60, P: P [O(n)]
  13: f57->f60, Q: Q [O(n)]
  13: f57->f60, R: R [O(n)]
  13: f57->f60, S: S [O(n)]
  13: f57->f60, T: T [O(n)]
  13: f57->f60, U: U [O(n)]
  13: f57->f60, V: V [O(n)]
  13: f57->f60, W: W [O(n)]
  13: f57->f60, X: X [O(n)]
  14: f57->f85, A: 100 [O(1)]
  14: f57->f85, B: 10 [O(1)]
  14: f57->f85, C: 10 [O(1)]
  14: f57->f85, D: max{10, D} [O(n)]
  14: f57->f85, E: max{10, E} [O(n)]
  14: f57->f85, F: max{100, F} [O(n)]
  14: f57->f85, G: 200 [O(1)]
  14: f57->f85, H: 0 [O(1)]
  14: f57->f85, I: 0 [O(1)]
  14: f57->f85, J: J [O(n)]
  14: f57->f85, K: K [O(n)]
  14: f57->f85, L: L [O(n)]
  14: f57->f85, M: M [O(n)]
  14: f57->f85, N: N [O(n)]
  14: f57->f85, O: O [O(n)]
  14: f57->f85, P: P [O(n)]
  14: f57->f85, Q: Q [O(n)]
  14: f57->f85, R: R [O(n)]
  14: f57->f85, S: S [O(n)]
  14: f57->f85, T: T [O(n)]
  14: f57->f85, U: U [O(n)]
  14: f57->f85, V: V [O(n)]
  14: f57->f85, W: W [O(n)]
  14: f57->f85, X: X [O(n)]
  15: f60->f66, A: 100 [O(1)]
  15: f60->f66, B: 10 [O(1)]
  15: f60->f66, C: 10 [O(1)]
  15: f60->f66, D: max{10, D} [O(n)]
  15: f60->f66, E: max{10, E} [O(n)]
  15: f60->f66, F: max{100, F} [O(n)]
  15: f60->f66, G: 200 [O(1)]
  15: f60->f66, H: 10 [O(1)]
  15: f60->f66, I: 10 [O(1)]
  15: f60->f66, J: 0 [O(1)]
  15: f60->f66, K: K [O(n)]
  15: f60->f66, L: L [O(n)]
  15: f60->f66, M: M [O(n)]
  15: f60->f66, N: N [O(n)]
  15: f60->f66, O: O [O(n)]
  15: f60->f66, P: P [O(n)]
  15: f60->f66, Q: Q [O(n)]
  15: f60->f66, R: R [O(n)]
  15: f60->f66, S: S [O(n)]
  15: f60->f66, T: T [O(n)]
  15: f60->f66, U: U [O(n)]
  15: f60->f66, V: V [O(n)]
  15: f60->f66, W: W [O(n)]
  15: f60->f66, X: X [O(n)]
  16: f60->f66, A: 100 [O(1)]
  16: f60->f66, B: 10 [O(1)]
  16: f60->f66, C: 10 [O(1)]
  16: f60->f66, D: max{10, D} [O(n)]
  16: f60->f66, E: max{10, E} [O(n)]
  16: f60->f66, F: max{100, F} [O(n)]
  16: f60->f66, G: 200 [O(1)]
  16: f60->f66, H: 10 [O(1)]
  16: f60->f66, I: 10 [O(1)]
  16: f60->f66, J: 10 [O(1)]
  16: f60->f66, K: K [O(n)]
  16: f60->f66, L: L [O(n)]
  16: f60->f66, M: M [O(n)]
  16: f60->f66, N: N [O(n)]
  16: f60->f66, O: O [O(n)]
  16: f60->f66, P: P [O(n)]
  16: f60->f66, Q: Q [O(n)]
  16: f60->f66, R: R [O(n)]
  16: f60->f66, S: S [O(n)]
  16: f60->f66, T: T [O(n)]
  16: f60->f66, U: U [O(n)]
  16: f60->f66, V: V [O(n)]
  16: f60->f66, W: W [O(n)]
  16: f60->f66, X: X [O(n)]
  17: f66->f85, A: 100 [O(1)]
  17: f66->f85, B: 10 [O(1)]
  17: f66->f85, C: 10 [O(1)]
  17: f66->f85, D: max{10, D} [O(n)]
  17: f66->f85, E: max{10, E} [O(n)]
  17: f66->f85, F: max{100, F} [O(n)]
  17: f66->f85, G: 200 [O(1)]
  17: f66->f85, H: 10 [O(1)]
  17: f66->f85, I: 10 [O(1)]
  17: f66->f85, J: 0 [O(1)]
  17: f66->f85, K: 0 [O(1)]
  17: f66->f85, L: L [O(n)]
  17: f66->f85, M: M [O(n)]
  17: f66->f85, N: N [O(n)]
  17: f66->f85, O: O [O(n)]
  17: f66->f85, P: P [O(n)]
  17: f66->f85, Q: Q [O(n)]
  17: f66->f85, R: R [O(n)]
  17: f66->f85, S: S [O(n)]
  17: f66->f85, T: T [O(n)]
  17: f66->f85, U: U [O(n)]
  17: f66->f85, V: V [O(n)]
  17: f66->f85, W: W [O(n)]
  17: f66->f85, X: X [O(n)]
  19: f66->f69, A: 100 [O(1)]
  19: f66->f69, B: 10 [O(1)]
  19: f66->f69, C: 10 [O(1)]
  19: f66->f69, D: max{10, D} [O(n)]
  19: f66->f69, E: max{10, E} [O(n)]
  19: f66->f69, F: max{100, F} [O(n)]
  19: f66->f69, G: 200 [O(1)]
  19: f66->f69, H: 10 [O(1)]
  19: f66->f69, I: 10 [O(1)]
  19: f66->f69, J: 10 [O(1)]
  19: f66->f69, K: 10 [O(1)]
  19: f66->f69, L: 0 [O(1)]
  19: f66->f69, M: M [O(n)]
  19: f66->f69, N: N [O(n)]
  19: f66->f69, O: O [O(n)]
  19: f66->f69, P: P [O(n)]
  19: f66->f69, Q: Q [O(n)]
  19: f66->f69, R: R [O(n)]
  19: f66->f69, S: S [O(n)]
  19: f66->f69, T: T [O(n)]
  19: f66->f69, U: U [O(n)]
  19: f66->f69, V: V [O(n)]
  19: f66->f69, W: W [O(n)]
  19: f66->f69, X: X [O(n)]
  44: f69->f69, A: 100 [O(1)]
  44: f69->f69, B: 10 [O(1)]
  44: f69->f69, C: 10 [O(1)]
  44: f69->f69, D: max{10, D} [O(n)]
  44: f69->f69, E: max{10, E} [O(n)]
  44: f69->f69, F: max{100, F} [O(n)]
  44: f69->f69, G: 200 [O(1)]
  44: f69->f69, H: 10 [O(1)]
  44: f69->f69, I: 10 [O(1)]
  44: f69->f69, J: 10 [O(1)]
  44: f69->f69, K: 10 [O(1)]
  44: f69->f69, L: 200 [O(1)]
  44: f69->f69, M: M [O(n)]
  44: f69->f69, N: N [O(n)]
  44: f69->f69, O: O [O(n)]
  44: f69->f69, P: P [O(n)]
  44: f69->f69, Q: Q [O(n)]
  44: f69->f69, R: R [O(n)]
  44: f69->f69, S: S [O(n)]
  44: f69->f69, T: T [O(n)]
  44: f69->f69, U: U [O(n)]
  44: f69->f69, V: V [O(n)]
  44: f69->f69, W: W [O(n)]
  44: f69->f69, X: X [O(n)]
  45: f69->f85, A: 100 [O(1)]
  45: f69->f85, B: 10 [O(1)]
  45: f69->f85, C: 10 [O(1)]
  45: f69->f85, D: max{10, D} [O(n)]
  45: f69->f85, E: max{10, E} [O(n)]
  45: f69->f85, F: max{100, F} [O(n)]
  45: f69->f85, G: 200 [O(1)]
  45: f69->f85, H: 10 [O(1)]
  45: f69->f85, I: 10 [O(1)]
  45: f69->f85, J: 10 [O(1)]
  45: f69->f85, K: 10 [O(1)]
  45: f69->f85, L: 200 [O(1)]
  45: f69->f85, M: M [O(n)]
  45: f69->f85, N: N [O(n)]
  45: f69->f85, O: O [O(n)]
  45: f69->f85, P: P [O(n)]
  45: f69->f85, Q: Q [O(n)]
  45: f69->f85, R: R [O(n)]
  45: f69->f85, S: S [O(n)]
  45: f69->f85, T: T [O(n)]
  45: f69->f85, U: U [O(n)]
  45: f69->f85, V: V [O(n)]
  45: f69->f85, W: W [O(n)]
  45: f69->f85, X: X [O(n)]
  20: f85->f97, A: 100 [O(1)]
  20: f85->f97, B: 10 [O(1)]
  20: f85->f97, C: 10 [O(1)]
  20: f85->f97, D: max{10, D} [O(n)]
  20: f85->f97, E: max{10, E} [O(n)]
  20: f85->f97, F: max{100, F} [O(n)]
  20: f85->f97, G: 200 [O(1)]
  20: f85->f97, H: 10 [O(1)]
  20: f85->f97, I: 10 [O(1)]
  20: f85->f97, J: max{10, J} [O(n)]
  20: f85->f97, K: max{10, K} [O(n)]
  20: f85->f97, L: max{200, L} [O(n)]
  20: f85->f97, M: 50 [O(1)]
  20: f85->f97, N: 0 [O(1)]
  20: f85->f97, O: O [O(n)]
  20: f85->f97, P: P [O(n)]
  20: f85->f97, Q: Q [O(n)]
  20: f85->f97, R: R [O(n)]
  20: f85->f97, S: S [O(n)]
  20: f85->f97, T: T [O(n)]
  20: f85->f97, U: U [O(n)]
  20: f85->f97, V: V [O(n)]
  20: f85->f97, W: W [O(n)]
  20: f85->f97, X: X [O(n)]
  21: f85->f97, A: 100 [O(1)]
  21: f85->f97, B: 10 [O(1)]
  21: f85->f97, C: 10 [O(1)]
  21: f85->f97, D: max{10, D} [O(n)]
  21: f85->f97, E: max{10, E} [O(n)]
  21: f85->f97, F: max{100, F} [O(n)]
  21: f85->f97, G: 200 [O(1)]
  21: f85->f97, H: 10 [O(1)]
  21: f85->f97, I: 10 [O(1)]
  21: f85->f97, J: max{10, J} [O(n)]
  21: f85->f97, K: max{10, K} [O(n)]
  21: f85->f97, L: max{200, L} [O(n)]
  21: f85->f97, M: 50 [O(1)]
  21: f85->f97, N: 10 [O(1)]
  21: f85->f97, O: O [O(n)]
  21: f85->f97, P: P [O(n)]
  21: f85->f97, Q: Q [O(n)]
  21: f85->f97, R: R [O(n)]
  21: f85->f97, S: S [O(n)]
  21: f85->f97, T: T [O(n)]
  21: f85->f97, U: U [O(n)]
  21: f85->f97, V: V [O(n)]
  21: f85->f97, W: W [O(n)]
  21: f85->f97, X: X [O(n)]
  23: f97->f100, A: 100 [O(1)]
  23: f97->f100, B: 10 [O(1)]
  23: f97->f100, C: 10 [O(1)]
  23: f97->f100, D: max{10, D} [O(n)]
  23: f97->f100, E: max{10, E} [O(n)]
  23: f97->f100, F: max{100, F} [O(n)]
  23: f97->f100, G: 200 [O(1)]
  23: f97->f100, H: 10 [O(1)]
  23: f97->f100, I: 10 [O(1)]
  23: f97->f100, J: max{10, J} [O(n)]
  23: f97->f100, K: max{10, K} [O(n)]
  23: f97->f100, L: max{200, L} [O(n)]
  23: f97->f100, M: 50 [O(1)]
  23: f97->f100, N: 10 [O(1)]
  23: f97->f100, O: 10 [O(1)]
  23: f97->f100, P: P [O(n)]
  23: f97->f100, Q: Q [O(n)]
  23: f97->f100, R: R [O(n)]
  23: f97->f100, S: S [O(n)]
  23: f97->f100, T: T [O(n)]
  23: f97->f100, U: U [O(n)]
  23: f97->f100, V: V [O(n)]
  23: f97->f100, W: W [O(n)]
  23: f97->f100, X: X [O(n)]
  24: f97->f125, A: 100 [O(1)]
  24: f97->f125, B: 10 [O(1)]
  24: f97->f125, C: 10 [O(1)]
  24: f97->f125, D: max{10, D} [O(n)]
  24: f97->f125, E: max{10, E} [O(n)]
  24: f97->f125, F: max{100, F} [O(n)]
  24: f97->f125, G: 200 [O(1)]
  24: f97->f125, H: 10 [O(1)]
  24: f97->f125, I: 10 [O(1)]
  24: f97->f125, J: max{10, J} [O(n)]
  24: f97->f125, K: max{10, K} [O(n)]
  24: f97->f125, L: max{200, L} [O(n)]
  24: f97->f125, M: 50 [O(1)]
  24: f97->f125, N: 0 [O(1)]
  24: f97->f125, O: 0 [O(1)]
  24: f97->f125, P: P [O(n)]
  24: f97->f125, Q: Q [O(n)]
  24: f97->f125, R: R [O(n)]
  24: f97->f125, S: S [O(n)]
  24: f97->f125, T: T [O(n)]
  24: f97->f125, U: U [O(n)]
  24: f97->f125, V: V [O(n)]
  24: f97->f125, W: W [O(n)]
  24: f97->f125, X: X [O(n)]
