Timebounds: 
  Overall timebound: 39 [O(1)]
  0: f0->f5: 1 [O(1)]
  1: f0->f7: 1 [O(1)]
  2: f7->f7: 36 [O(1)]
  3: f7->f5: 1 [O(1)]

Costbounds:
  Overall costbound: 39 [O(1)]
  0: f0->f5: 1 [O(1)]
  1: f0->f7: 1 [O(1)]
  2: f7->f7: 36 [O(1)]
  3: f7->f5: 1 [O(1)]

Sizebounds:
`Lower:
  0: f0->f5, A: 128 [O(1)]
  0: f0->f5, B: 0 [O(1)]
  0: f0->f5, C: C [O(n)]
  1: f0->f7, A: A [O(n)]
  1: f0->f7, B: 0 [O(1)]
  1: f0->f7, C: D [O(n)]
  2: f7->f7, B: 1 [O(1)]
  2: f7->f7, C: -max{0, -D} [O(n)]
  3: f7->f5, B: 36 [O(1)]
  3: f7->f5, C: -max{0, -D} [O(n)]
`Upper:
  0: f0->f5, A: A [O(n)]
  0: f0->f5, B: 0 [O(1)]
  0: f0->f5, C: C [O(n)]
  1: f0->f7, A: 127 [O(1)]
  1: f0->f7, B: 0 [O(1)]
  1: f0->f7, C: D [O(n)]
  2: f7->f7, A: 127 [O(1)]
  2: f7->f7, B: 36 [O(1)]
  2: f7->f7, C: max{36, 36+D} [O(n)]
  3: f7->f5, A: 127 [O(1)]
  3: f7->f5, B: 36 [O(1)]
  3: f7->f5, C: max{36, D, 36+D} [O(n)]
