Timebounds: 
  Overall timebound: 746 [O(1)]
  0: f0->f18: 1 [O(1)]
  1: f0->f18: 1 [O(1)]
  25: f101->f107: 1 [O(1)]
  26: f101->f107: 1 [O(1)]
  27: f107->f126: 1 [O(1)]
  29: f107->f110: 1 [O(1)]
  54: f110->f110: 100 [O(1)]
  55: f110->f126: 1 [O(1)]
  30: f126->f138: 1 [O(1)]
  31: f126->f138: 1 [O(1)]
  33: f138->f141: 1 [O(1)]
  34: f138->f166: 1 [O(1)]
  35: f141->f147: 1 [O(1)]
  36: f141->f147: 1 [O(1)]
  37: f147->f166: 1 [O(1)]
  39: f147->f150: 1 [O(1)]
  52: f150->f150: 100 [O(1)]
  53: f150->f166: 1 [O(1)]
  40: f166->f178: 1 [O(1)]
  41: f166->f178: 1 [O(1)]
  43: f178->f181: 1 [O(1)]
  48: f178->f207: 1 [O(1)]
  2: f18->f21: 1 [O(1)]
  3: f18->f21: 1 [O(1)]
  4: f18->f46: 1 [O(1)]
  44: f181->f187: 1 [O(1)]
  45: f181->f187: 1 [O(1)]
  47: f187->f190: 1 [O(1)]
  49: f187->f207: 1 [O(1)]
  50: f190->f190: 200 [O(1)]
  51: f190->f207: 1 [O(1)]
  5: f21->f27: 1 [O(1)]
  6: f21->f27: 1 [O(1)]
  7: f27->f46: 1 [O(1)]
  9: f27->f30: 1 [O(1)]
  58: f30->f30: 100 [O(1)]
  59: f30->f46: 1 [O(1)]
  10: f46->f58: 1 [O(1)]
  11: f46->f58: 1 [O(1)]
  13: f58->f61: 1 [O(1)]
  14: f58->f86: 1 [O(1)]
  15: f61->f67: 1 [O(1)]
  16: f61->f67: 1 [O(1)]
  17: f67->f86: 1 [O(1)]
  19: f67->f70: 1 [O(1)]
  56: f70->f70: 200 [O(1)]
  57: f70->f86: 1 [O(1)]
  20: f86->f98: 1 [O(1)]
  21: f86->f98: 1 [O(1)]
  23: f98->f101: 1 [O(1)]
  24: f98->f126: 1 [O(1)]

Costbounds:
  Overall costbound: 746 [O(1)]
  0: f0->f18: 1 [O(1)]
  1: f0->f18: 1 [O(1)]
  25: f101->f107: 1 [O(1)]
  26: f101->f107: 1 [O(1)]
  27: f107->f126: 1 [O(1)]
  29: f107->f110: 1 [O(1)]
  54: f110->f110: 100 [O(1)]
  55: f110->f126: 1 [O(1)]
  30: f126->f138: 1 [O(1)]
  31: f126->f138: 1 [O(1)]
  33: f138->f141: 1 [O(1)]
  34: f138->f166: 1 [O(1)]
  35: f141->f147: 1 [O(1)]
  36: f141->f147: 1 [O(1)]
  37: f147->f166: 1 [O(1)]
  39: f147->f150: 1 [O(1)]
  52: f150->f150: 100 [O(1)]
  53: f150->f166: 1 [O(1)]
  40: f166->f178: 1 [O(1)]
  41: f166->f178: 1 [O(1)]
  43: f178->f181: 1 [O(1)]
  48: f178->f207: 1 [O(1)]
  2: f18->f21: 1 [O(1)]
  3: f18->f21: 1 [O(1)]
  4: f18->f46: 1 [O(1)]
  44: f181->f187: 1 [O(1)]
  45: f181->f187: 1 [O(1)]
  47: f187->f190: 1 [O(1)]
  49: f187->f207: 1 [O(1)]
  50: f190->f190: 200 [O(1)]
  51: f190->f207: 1 [O(1)]
  5: f21->f27: 1 [O(1)]
  6: f21->f27: 1 [O(1)]
  7: f27->f46: 1 [O(1)]
  9: f27->f30: 1 [O(1)]
  58: f30->f30: 100 [O(1)]
  59: f30->f46: 1 [O(1)]
  10: f46->f58: 1 [O(1)]
  11: f46->f58: 1 [O(1)]
  13: f58->f61: 1 [O(1)]
  14: f58->f86: 1 [O(1)]
  15: f61->f67: 1 [O(1)]
  16: f61->f67: 1 [O(1)]
  17: f67->f86: 1 [O(1)]
  19: f67->f70: 1 [O(1)]
  56: f70->f70: 200 [O(1)]
  57: f70->f86: 1 [O(1)]
  20: f86->f98: 1 [O(1)]
  21: f86->f98: 1 [O(1)]
  23: f98->f101: 1 [O(1)]
  24: f98->f126: 1 [O(1)]

Sizebounds:
`Lower:
  0: f0->f18, A: 100 [O(1)]
  0: f0->f18, A1: A1 [O(n)]
  0: f0->f18, B: 0 [O(1)]
  0: f0->f18, B1: B1 [O(n)]
  0: f0->f18, C: C [O(n)]
  0: f0->f18, C1: C1 [O(n)]
  0: f0->f18, D: D [O(n)]
  0: f0->f18, D1: D1 [O(n)]
  0: f0->f18, E: E [O(n)]
  0: f0->f18, F: F [O(n)]
  0: f0->f18, G: G [O(n)]
  0: f0->f18, H: H [O(n)]
  0: f0->f18, I: I [O(n)]
  0: f0->f18, J: J [O(n)]
  0: f0->f18, K: K [O(n)]
  0: f0->f18, L: L [O(n)]
  0: f0->f18, M: M [O(n)]
  0: f0->f18, N: N [O(n)]
  0: f0->f18, O: O [O(n)]
  0: f0->f18, P: P [O(n)]
  0: f0->f18, Q: Q [O(n)]
  0: f0->f18, R: R [O(n)]
  0: f0->f18, S: S [O(n)]
  0: f0->f18, T: T [O(n)]
  0: f0->f18, U: U [O(n)]
  0: f0->f18, V: V [O(n)]
  0: f0->f18, W: W [O(n)]
  0: f0->f18, X: X [O(n)]
  0: f0->f18, Y: Y [O(n)]
  0: f0->f18, Z: Z [O(n)]
  1: f0->f18, A: 100 [O(1)]
  1: f0->f18, A1: A1 [O(n)]
  1: f0->f18, B: 10 [O(1)]
  1: f0->f18, B1: B1 [O(n)]
  1: f0->f18, C: C [O(n)]
  1: f0->f18, C1: C1 [O(n)]
  1: f0->f18, D: D [O(n)]
  1: f0->f18, D1: D1 [O(n)]
  1: f0->f18, E: E [O(n)]
  1: f0->f18, F: F [O(n)]
  1: f0->f18, G: G [O(n)]
  1: f0->f18, H: H [O(n)]
  1: f0->f18, I: I [O(n)]
  1: f0->f18, J: J [O(n)]
  1: f0->f18, K: K [O(n)]
  1: f0->f18, L: L [O(n)]
  1: f0->f18, M: M [O(n)]
  1: f0->f18, N: N [O(n)]
  1: f0->f18, O: O [O(n)]
  1: f0->f18, P: P [O(n)]
  1: f0->f18, Q: Q [O(n)]
  1: f0->f18, R: R [O(n)]
  1: f0->f18, S: S [O(n)]
  1: f0->f18, T: T [O(n)]
  1: f0->f18, U: U [O(n)]
  1: f0->f18, V: V [O(n)]
  1: f0->f18, W: W [O(n)]
  1: f0->f18, X: X [O(n)]
  1: f0->f18, Y: Y [O(n)]
  1: f0->f18, Z: Z [O(n)]
  25: f101->f107, A: 100 [O(1)]
  25: f101->f107, A1: A1 [O(n)]
  25: f101->f107, B: 0 [O(1)]
  25: f101->f107, B1: B1 [O(n)]
  25: f101->f107, C: 0 [O(1)]
  25: f101->f107, C1: C1 [O(n)]
  25: f101->f107, D: -max{0, -D} [O(n)]
  25: f101->f107, D1: D1 [O(n)]
  25: f101->f107, E: -max{0, -E} [O(n)]
  25: f101->f107, F: -max{-100, -F} [O(n)]
  25: f101->f107, G: 200 [O(1)]
  25: f101->f107, H: 0 [O(1)]
  25: f101->f107, I: 0 [O(1)]
  25: f101->f107, J: -max{0, -J} [O(n)]
  25: f101->f107, K: -max{0, -K} [O(n)]
  25: f101->f107, L: -max{-200, -L} [O(n)]
  25: f101->f107, M: 50 [O(1)]
  25: f101->f107, N: 1 [O(1)]
  25: f101->f107, O: 1 [O(1)]
  25: f101->f107, P: 0 [O(1)]
  25: f101->f107, Q: Q [O(n)]
  25: f101->f107, R: R [O(n)]
  25: f101->f107, S: S [O(n)]
  25: f101->f107, T: T [O(n)]
  25: f101->f107, U: U [O(n)]
  25: f101->f107, V: V [O(n)]
  25: f101->f107, W: W [O(n)]
  25: f101->f107, X: X [O(n)]
  25: f101->f107, Y: Y [O(n)]
  25: f101->f107, Z: Z [O(n)]
  26: f101->f107, A: 100 [O(1)]
  26: f101->f107, A1: A1 [O(n)]
  26: f101->f107, B: 0 [O(1)]
  26: f101->f107, B1: B1 [O(n)]
  26: f101->f107, C: 0 [O(1)]
  26: f101->f107, C1: C1 [O(n)]
  26: f101->f107, D: -max{0, -D} [O(n)]
  26: f101->f107, D1: D1 [O(n)]
  26: f101->f107, E: -max{0, -E} [O(n)]
  26: f101->f107, F: -max{-100, -F} [O(n)]
  26: f101->f107, G: 200 [O(1)]
  26: f101->f107, H: 0 [O(1)]
  26: f101->f107, I: 0 [O(1)]
  26: f101->f107, J: -max{0, -J} [O(n)]
  26: f101->f107, K: -max{0, -K} [O(n)]
  26: f101->f107, L: -max{-200, -L} [O(n)]
  26: f101->f107, M: 50 [O(1)]
  26: f101->f107, N: 1 [O(1)]
  26: f101->f107, O: 1 [O(1)]
  26: f101->f107, P: 10 [O(1)]
  26: f101->f107, Q: Q [O(n)]
  26: f101->f107, R: R [O(n)]
  26: f101->f107, S: S [O(n)]
  26: f101->f107, T: T [O(n)]
  26: f101->f107, U: U [O(n)]
  26: f101->f107, V: V [O(n)]
  26: f101->f107, W: W [O(n)]
  26: f101->f107, X: X [O(n)]
  26: f101->f107, Y: Y [O(n)]
  26: f101->f107, Z: Z [O(n)]
  27: f107->f126, A: 100 [O(1)]
  27: f107->f126, A1: A1 [O(n)]
  27: f107->f126, B: 0 [O(1)]
  27: f107->f126, B1: B1 [O(n)]
  27: f107->f126, C: 0 [O(1)]
  27: f107->f126, C1: C1 [O(n)]
  27: f107->f126, D: -max{0, -D} [O(n)]
  27: f107->f126, D1: D1 [O(n)]
  27: f107->f126, E: -max{0, -E} [O(n)]
  27: f107->f126, F: -max{-100, -F} [O(n)]
  27: f107->f126, G: 200 [O(1)]
  27: f107->f126, H: 0 [O(1)]
  27: f107->f126, I: 0 [O(1)]
  27: f107->f126, J: -max{0, -J} [O(n)]
  27: f107->f126, K: -max{0, -K} [O(n)]
  27: f107->f126, L: -max{-200, -L} [O(n)]
  27: f107->f126, M: 50 [O(1)]
  27: f107->f126, N: 1 [O(1)]
  27: f107->f126, O: 1 [O(1)]
  27: f107->f126, P: 0 [O(1)]
  27: f107->f126, Q: 0 [O(1)]
  27: f107->f126, R: R [O(n)]
  27: f107->f126, S: S [O(n)]
  27: f107->f126, T: T [O(n)]
  27: f107->f126, U: U [O(n)]
  27: f107->f126, V: V [O(n)]
  27: f107->f126, W: W [O(n)]
  27: f107->f126, X: X [O(n)]
  27: f107->f126, Y: Y [O(n)]
  27: f107->f126, Z: Z [O(n)]
  29: f107->f110, A: 100 [O(1)]
  29: f107->f110, A1: A1 [O(n)]
  29: f107->f110, B: 0 [O(1)]
  29: f107->f110, B1: B1 [O(n)]
  29: f107->f110, C: 0 [O(1)]
  29: f107->f110, C1: C1 [O(n)]
  29: f107->f110, D: -max{0, -D} [O(n)]
  29: f107->f110, D1: D1 [O(n)]
  29: f107->f110, E: -max{0, -E} [O(n)]
  29: f107->f110, F: -max{-100, -F} [O(n)]
  29: f107->f110, G: 200 [O(1)]
  29: f107->f110, H: 0 [O(1)]
  29: f107->f110, I: 0 [O(1)]
  29: f107->f110, J: -max{0, -J} [O(n)]
  29: f107->f110, K: -max{0, -K} [O(n)]
  29: f107->f110, L: -max{-200, -L} [O(n)]
  29: f107->f110, M: 50 [O(1)]
  29: f107->f110, N: 1 [O(1)]
  29: f107->f110, O: 1 [O(1)]
  29: f107->f110, P: 1 [O(1)]
  29: f107->f110, Q: 1 [O(1)]
  29: f107->f110, R: 0 [O(1)]
  29: f107->f110, S: S [O(n)]
  29: f107->f110, T: T [O(n)]
  29: f107->f110, U: U [O(n)]
  29: f107->f110, V: V [O(n)]
  29: f107->f110, W: W [O(n)]
  29: f107->f110, X: X [O(n)]
  29: f107->f110, Y: Y [O(n)]
  29: f107->f110, Z: Z [O(n)]
  54: f110->f110, A: 100 [O(1)]
  54: f110->f110, A1: A1 [O(n)]
  54: f110->f110, B: 0 [O(1)]
  54: f110->f110, B1: B1 [O(n)]
  54: f110->f110, C: 0 [O(1)]
  54: f110->f110, C1: C1 [O(n)]
  54: f110->f110, D: -max{0, -D} [O(n)]
  54: f110->f110, D1: D1 [O(n)]
  54: f110->f110, E: -max{0, -E} [O(n)]
  54: f110->f110, F: -max{-100, -F} [O(n)]
  54: f110->f110, G: 200 [O(1)]
  54: f110->f110, H: 0 [O(1)]
  54: f110->f110, I: 0 [O(1)]
  54: f110->f110, J: -max{0, -J} [O(n)]
  54: f110->f110, K: -max{0, -K} [O(n)]
  54: f110->f110, L: -max{-200, -L} [O(n)]
  54: f110->f110, M: 50 [O(1)]
  54: f110->f110, N: 1 [O(1)]
  54: f110->f110, O: 1 [O(1)]
  54: f110->f110, P: 1 [O(1)]
  54: f110->f110, Q: 1 [O(1)]
  54: f110->f110, R: 1 [O(1)]
  54: f110->f110, S: S [O(n)]
  54: f110->f110, T: T [O(n)]
  54: f110->f110, U: U [O(n)]
  54: f110->f110, V: V [O(n)]
  54: f110->f110, W: W [O(n)]
  54: f110->f110, X: X [O(n)]
  54: f110->f110, Y: Y [O(n)]
  54: f110->f110, Z: Z [O(n)]
  55: f110->f126, A: 100 [O(1)]
  55: f110->f126, A1: A1 [O(n)]
  55: f110->f126, B: 0 [O(1)]
  55: f110->f126, B1: B1 [O(n)]
  55: f110->f126, C: 0 [O(1)]
  55: f110->f126, C1: C1 [O(n)]
  55: f110->f126, D: -max{0, -D} [O(n)]
  55: f110->f126, D1: D1 [O(n)]
  55: f110->f126, E: -max{0, -E} [O(n)]
  55: f110->f126, F: -max{-100, -F} [O(n)]
  55: f110->f126, G: 200 [O(1)]
  55: f110->f126, H: 0 [O(1)]
  55: f110->f126, I: 0 [O(1)]
  55: f110->f126, J: -max{0, -J} [O(n)]
  55: f110->f126, K: -max{0, -K} [O(n)]
  55: f110->f126, L: -max{-200, -L} [O(n)]
  55: f110->f126, M: 50 [O(1)]
  55: f110->f126, N: 1 [O(1)]
  55: f110->f126, O: 1 [O(1)]
  55: f110->f126, P: 1 [O(1)]
  55: f110->f126, Q: 1 [O(1)]
  55: f110->f126, R: 50 [O(1)]
  55: f110->f126, S: S [O(n)]
  55: f110->f126, T: T [O(n)]
  55: f110->f126, U: U [O(n)]
  55: f110->f126, V: V [O(n)]
  55: f110->f126, W: W [O(n)]
  55: f110->f126, X: X [O(n)]
  55: f110->f126, Y: Y [O(n)]
  55: f110->f126, Z: Z [O(n)]
  30: f126->f138, A: 100 [O(1)]
  30: f126->f138, A1: A1 [O(n)]
  30: f126->f138, B: 0 [O(1)]
  30: f126->f138, B1: B1 [O(n)]
  30: f126->f138, C: 0 [O(1)]
  30: f126->f138, C1: C1 [O(n)]
  30: f126->f138, D: -max{0, -D} [O(n)]
  30: f126->f138, D1: D1 [O(n)]
  30: f126->f138, E: -max{0, -E} [O(n)]
  30: f126->f138, F: -max{-100, -F} [O(n)]
  30: f126->f138, G: 200 [O(1)]
  30: f126->f138, H: 0 [O(1)]
  30: f126->f138, I: 0 [O(1)]
  30: f126->f138, J: -max{0, -J} [O(n)]
  30: f126->f138, K: -max{0, -K} [O(n)]
  30: f126->f138, L: -max{-200, -L} [O(n)]
  30: f126->f138, M: 50 [O(1)]
  30: f126->f138, N: 0 [O(1)]
  30: f126->f138, O: 0 [O(1)]
  30: f126->f138, P: -max{0, -P} [O(n)]
  30: f126->f138, Q: -max{0, -Q} [O(n)]
  30: f126->f138, R: -max{-50, -R} [O(n)]
  30: f126->f138, S: 20 [O(1)]
  30: f126->f138, T: 0 [O(1)]
  30: f126->f138, U: U [O(n)]
  30: f126->f138, V: V [O(n)]
  30: f126->f138, W: W [O(n)]
  30: f126->f138, X: X [O(n)]
  30: f126->f138, Y: Y [O(n)]
  30: f126->f138, Z: Z [O(n)]
  31: f126->f138, A: 100 [O(1)]
  31: f126->f138, A1: A1 [O(n)]
  31: f126->f138, B: 0 [O(1)]
  31: f126->f138, B1: B1 [O(n)]
  31: f126->f138, C: 0 [O(1)]
  31: f126->f138, C1: C1 [O(n)]
  31: f126->f138, D: -max{0, -D} [O(n)]
  31: f126->f138, D1: D1 [O(n)]
  31: f126->f138, E: -max{0, -E} [O(n)]
  31: f126->f138, F: -max{-100, -F} [O(n)]
  31: f126->f138, G: 200 [O(1)]
  31: f126->f138, H: 0 [O(1)]
  31: f126->f138, I: 0 [O(1)]
  31: f126->f138, J: -max{0, -J} [O(n)]
  31: f126->f138, K: -max{0, -K} [O(n)]
  31: f126->f138, L: -max{-200, -L} [O(n)]
  31: f126->f138, M: 50 [O(1)]
  31: f126->f138, N: 0 [O(1)]
  31: f126->f138, O: 0 [O(1)]
  31: f126->f138, P: -max{0, -P} [O(n)]
  31: f126->f138, Q: -max{0, -Q} [O(n)]
  31: f126->f138, R: -max{-50, -R} [O(n)]
  31: f126->f138, S: 20 [O(1)]
  31: f126->f138, T: 10 [O(1)]
  31: f126->f138, U: U [O(n)]
  31: f126->f138, V: V [O(n)]
  31: f126->f138, W: W [O(n)]
  31: f126->f138, X: X [O(n)]
  31: f126->f138, Y: Y [O(n)]
  31: f126->f138, Z: Z [O(n)]
  33: f138->f141, A: 100 [O(1)]
  33: f138->f141, A1: A1 [O(n)]
  33: f138->f141, B: 0 [O(1)]
  33: f138->f141, B1: B1 [O(n)]
  33: f138->f141, C: 0 [O(1)]
  33: f138->f141, C1: C1 [O(n)]
  33: f138->f141, D: -max{0, -D} [O(n)]
  33: f138->f141, D1: D1 [O(n)]
  33: f138->f141, E: -max{0, -E} [O(n)]
  33: f138->f141, F: -max{-100, -F} [O(n)]
  33: f138->f141, G: 200 [O(1)]
  33: f138->f141, H: 0 [O(1)]
  33: f138->f141, I: 0 [O(1)]
  33: f138->f141, J: -max{0, -J} [O(n)]
  33: f138->f141, K: -max{0, -K} [O(n)]
  33: f138->f141, L: -max{-200, -L} [O(n)]
  33: f138->f141, M: 50 [O(1)]
  33: f138->f141, N: 0 [O(1)]
  33: f138->f141, O: 0 [O(1)]
  33: f138->f141, P: -max{0, -P} [O(n)]
  33: f138->f141, Q: -max{0, -Q} [O(n)]
  33: f138->f141, R: -max{-50, -R} [O(n)]
  33: f138->f141, S: 20 [O(1)]
  33: f138->f141, T: 1 [O(1)]
  33: f138->f141, U: 1 [O(1)]
  33: f138->f141, V: V [O(n)]
  33: f138->f141, W: W [O(n)]
  33: f138->f141, X: X [O(n)]
  33: f138->f141, Y: Y [O(n)]
  33: f138->f141, Z: Z [O(n)]
  34: f138->f166, A: 100 [O(1)]
  34: f138->f166, A1: A1 [O(n)]
  34: f138->f166, B: 0 [O(1)]
  34: f138->f166, B1: B1 [O(n)]
  34: f138->f166, C: 0 [O(1)]
  34: f138->f166, C1: C1 [O(n)]
  34: f138->f166, D: -max{0, -D} [O(n)]
  34: f138->f166, D1: D1 [O(n)]
  34: f138->f166, E: -max{0, -E} [O(n)]
  34: f138->f166, F: -max{-100, -F} [O(n)]
  34: f138->f166, G: 200 [O(1)]
  34: f138->f166, H: 0 [O(1)]
  34: f138->f166, I: 0 [O(1)]
  34: f138->f166, J: -max{0, -J} [O(n)]
  34: f138->f166, K: -max{0, -K} [O(n)]
  34: f138->f166, L: -max{-200, -L} [O(n)]
  34: f138->f166, M: 50 [O(1)]
  34: f138->f166, N: 0 [O(1)]
  34: f138->f166, O: 0 [O(1)]
  34: f138->f166, P: -max{0, -P} [O(n)]
  34: f138->f166, Q: -max{0, -Q} [O(n)]
  34: f138->f166, R: -max{-50, -R} [O(n)]
  34: f138->f166, S: 20 [O(1)]
  34: f138->f166, T: 0 [O(1)]
  34: f138->f166, U: 0 [O(1)]
  34: f138->f166, V: V [O(n)]
  34: f138->f166, W: W [O(n)]
  34: f138->f166, X: X [O(n)]
  34: f138->f166, Y: Y [O(n)]
  34: f138->f166, Z: Z [O(n)]
  35: f141->f147, A: 100 [O(1)]
  35: f141->f147, A1: A1 [O(n)]
  35: f141->f147, B: 0 [O(1)]
  35: f141->f147, B1: B1 [O(n)]
  35: f141->f147, C: 0 [O(1)]
  35: f141->f147, C1: C1 [O(n)]
  35: f141->f147, D: -max{0, -D} [O(n)]
  35: f141->f147, D1: D1 [O(n)]
  35: f141->f147, E: -max{0, -E} [O(n)]
  35: f141->f147, F: -max{-100, -F} [O(n)]
  35: f141->f147, G: 200 [O(1)]
  35: f141->f147, H: 0 [O(1)]
  35: f141->f147, I: 0 [O(1)]
  35: f141->f147, J: -max{0, -J} [O(n)]
  35: f141->f147, K: -max{0, -K} [O(n)]
  35: f141->f147, L: -max{-200, -L} [O(n)]
  35: f141->f147, M: 50 [O(1)]
  35: f141->f147, N: 0 [O(1)]
  35: f141->f147, O: 0 [O(1)]
  35: f141->f147, P: -max{0, -P} [O(n)]
  35: f141->f147, Q: -max{0, -Q} [O(n)]
  35: f141->f147, R: -max{-50, -R} [O(n)]
  35: f141->f147, S: 20 [O(1)]
  35: f141->f147, T: 1 [O(1)]
  35: f141->f147, U: 1 [O(1)]
  35: f141->f147, V: 0 [O(1)]
  35: f141->f147, W: W [O(n)]
  35: f141->f147, X: X [O(n)]
  35: f141->f147, Y: Y [O(n)]
  35: f141->f147, Z: Z [O(n)]
  36: f141->f147, A: 100 [O(1)]
  36: f141->f147, A1: A1 [O(n)]
  36: f141->f147, B: 0 [O(1)]
  36: f141->f147, B1: B1 [O(n)]
  36: f141->f147, C: 0 [O(1)]
  36: f141->f147, C1: C1 [O(n)]
  36: f141->f147, D: -max{0, -D} [O(n)]
  36: f141->f147, D1: D1 [O(n)]
  36: f141->f147, E: -max{0, -E} [O(n)]
  36: f141->f147, F: -max{-100, -F} [O(n)]
  36: f141->f147, G: 200 [O(1)]
  36: f141->f147, H: 0 [O(1)]
  36: f141->f147, I: 0 [O(1)]
  36: f141->f147, J: -max{0, -J} [O(n)]
  36: f141->f147, K: -max{0, -K} [O(n)]
  36: f141->f147, L: -max{-200, -L} [O(n)]
  36: f141->f147, M: 50 [O(1)]
  36: f141->f147, N: 0 [O(1)]
  36: f141->f147, O: 0 [O(1)]
  36: f141->f147, P: -max{0, -P} [O(n)]
  36: f141->f147, Q: -max{0, -Q} [O(n)]
  36: f141->f147, R: -max{-50, -R} [O(n)]
  36: f141->f147, S: 20 [O(1)]
  36: f141->f147, T: 1 [O(1)]
  36: f141->f147, U: 1 [O(1)]
  36: f141->f147, V: 10 [O(1)]
  36: f141->f147, W: W [O(n)]
  36: f141->f147, X: X [O(n)]
  36: f141->f147, Y: Y [O(n)]
  36: f141->f147, Z: Z [O(n)]
  37: f147->f166, A: 100 [O(1)]
  37: f147->f166, A1: A1 [O(n)]
  37: f147->f166, B: 0 [O(1)]
  37: f147->f166, B1: B1 [O(n)]
  37: f147->f166, C: 0 [O(1)]
  37: f147->f166, C1: C1 [O(n)]
  37: f147->f166, D: -max{0, -D} [O(n)]
  37: f147->f166, D1: D1 [O(n)]
  37: f147->f166, E: -max{0, -E} [O(n)]
  37: f147->f166, F: -max{-100, -F} [O(n)]
  37: f147->f166, G: 200 [O(1)]
  37: f147->f166, H: 0 [O(1)]
  37: f147->f166, I: 0 [O(1)]
  37: f147->f166, J: -max{0, -J} [O(n)]
  37: f147->f166, K: -max{0, -K} [O(n)]
  37: f147->f166, L: -max{-200, -L} [O(n)]
  37: f147->f166, M: 50 [O(1)]
  37: f147->f166, N: 0 [O(1)]
  37: f147->f166, O: 0 [O(1)]
  37: f147->f166, P: -max{0, -P} [O(n)]
  37: f147->f166, Q: -max{0, -Q} [O(n)]
  37: f147->f166, R: -max{-50, -R} [O(n)]
  37: f147->f166, S: 20 [O(1)]
  37: f147->f166, T: 1 [O(1)]
  37: f147->f166, U: 1 [O(1)]
  37: f147->f166, V: 0 [O(1)]
  37: f147->f166, W: 0 [O(1)]
  37: f147->f166, X: X [O(n)]
  37: f147->f166, Y: Y [O(n)]
  37: f147->f166, Z: Z [O(n)]
  39: f147->f150, A: 100 [O(1)]
  39: f147->f150, A1: A1 [O(n)]
  39: f147->f150, B: 0 [O(1)]
  39: f147->f150, B1: B1 [O(n)]
  39: f147->f150, C: 0 [O(1)]
  39: f147->f150, C1: C1 [O(n)]
  39: f147->f150, D: -max{0, -D} [O(n)]
  39: f147->f150, D1: D1 [O(n)]
  39: f147->f150, E: -max{0, -E} [O(n)]
  39: f147->f150, F: -max{-100, -F} [O(n)]
  39: f147->f150, G: 200 [O(1)]
  39: f147->f150, H: 0 [O(1)]
  39: f147->f150, I: 0 [O(1)]
  39: f147->f150, J: -max{0, -J} [O(n)]
  39: f147->f150, K: -max{0, -K} [O(n)]
  39: f147->f150, L: -max{-200, -L} [O(n)]
  39: f147->f150, M: 50 [O(1)]
  39: f147->f150, N: 0 [O(1)]
  39: f147->f150, O: 0 [O(1)]
  39: f147->f150, P: -max{0, -P} [O(n)]
  39: f147->f150, Q: -max{0, -Q} [O(n)]
  39: f147->f150, R: -max{-50, -R} [O(n)]
  39: f147->f150, S: 20 [O(1)]
  39: f147->f150, T: 1 [O(1)]
  39: f147->f150, U: 1 [O(1)]
  39: f147->f150, V: 1 [O(1)]
  39: f147->f150, W: 1 [O(1)]
  39: f147->f150, X: 0 [O(1)]
  39: f147->f150, Y: Y [O(n)]
  39: f147->f150, Z: Z [O(n)]
  52: f150->f150, A: 100 [O(1)]
  52: f150->f150, A1: A1 [O(n)]
  52: f150->f150, B: 0 [O(1)]
  52: f150->f150, B1: B1 [O(n)]
  52: f150->f150, C: 0 [O(1)]
  52: f150->f150, C1: C1 [O(n)]
  52: f150->f150, D: -max{0, -D} [O(n)]
  52: f150->f150, D1: D1 [O(n)]
  52: f150->f150, E: -max{0, -E} [O(n)]
  52: f150->f150, F: -max{-100, -F} [O(n)]
  52: f150->f150, G: 200 [O(1)]
  52: f150->f150, H: 0 [O(1)]
  52: f150->f150, I: 0 [O(1)]
  52: f150->f150, J: -max{0, -J} [O(n)]
  52: f150->f150, K: -max{0, -K} [O(n)]
  52: f150->f150, L: -max{-200, -L} [O(n)]
  52: f150->f150, M: 50 [O(1)]
  52: f150->f150, N: 0 [O(1)]
  52: f150->f150, O: 0 [O(1)]
  52: f150->f150, P: -max{0, -P} [O(n)]
  52: f150->f150, Q: -max{0, -Q} [O(n)]
  52: f150->f150, R: -max{-50, -R} [O(n)]
  52: f150->f150, S: 20 [O(1)]
  52: f150->f150, T: 1 [O(1)]
  52: f150->f150, U: 1 [O(1)]
  52: f150->f150, V: 1 [O(1)]
  52: f150->f150, W: 1 [O(1)]
  52: f150->f150, X: 1 [O(1)]
  52: f150->f150, Y: Y [O(n)]
  52: f150->f150, Z: Z [O(n)]
  53: f150->f166, A: 100 [O(1)]
  53: f150->f166, A1: A1 [O(n)]
  53: f150->f166, B: 0 [O(1)]
  53: f150->f166, B1: B1 [O(n)]
  53: f150->f166, C: 0 [O(1)]
  53: f150->f166, C1: C1 [O(n)]
  53: f150->f166, D: -max{0, -D} [O(n)]
  53: f150->f166, D1: D1 [O(n)]
  53: f150->f166, E: -max{0, -E} [O(n)]
  53: f150->f166, F: -max{-100, -F} [O(n)]
  53: f150->f166, G: 200 [O(1)]
  53: f150->f166, H: 0 [O(1)]
  53: f150->f166, I: 0 [O(1)]
  53: f150->f166, J: -max{0, -J} [O(n)]
  53: f150->f166, K: -max{0, -K} [O(n)]
  53: f150->f166, L: -max{-200, -L} [O(n)]
  53: f150->f166, M: 50 [O(1)]
  53: f150->f166, N: 0 [O(1)]
  53: f150->f166, O: 0 [O(1)]
  53: f150->f166, P: -max{0, -P} [O(n)]
  53: f150->f166, Q: -max{0, -Q} [O(n)]
  53: f150->f166, R: -max{-50, -R} [O(n)]
  53: f150->f166, S: 20 [O(1)]
  53: f150->f166, T: 1 [O(1)]
  53: f150->f166, U: 1 [O(1)]
  53: f150->f166, V: 1 [O(1)]
  53: f150->f166, W: 1 [O(1)]
  53: f150->f166, X: 20 [O(1)]
  53: f150->f166, Y: Y [O(n)]
  53: f150->f166, Z: Z [O(n)]
  40: f166->f178, A: 100 [O(1)]
  40: f166->f178, A1: A1 [O(n)]
  40: f166->f178, B: 0 [O(1)]
  40: f166->f178, B1: B1 [O(n)]
  40: f166->f178, C: 0 [O(1)]
  40: f166->f178, C1: C1 [O(n)]
  40: f166->f178, D: -max{0, -D} [O(n)]
  40: f166->f178, D1: D1 [O(n)]
  40: f166->f178, E: -max{0, -E} [O(n)]
  40: f166->f178, F: -max{-100, -F} [O(n)]
  40: f166->f178, G: 200 [O(1)]
  40: f166->f178, H: 0 [O(1)]
  40: f166->f178, I: 0 [O(1)]
  40: f166->f178, J: -max{0, -J} [O(n)]
  40: f166->f178, K: -max{0, -K} [O(n)]
  40: f166->f178, L: -max{-200, -L} [O(n)]
  40: f166->f178, M: 50 [O(1)]
  40: f166->f178, N: 0 [O(1)]
  40: f166->f178, O: 0 [O(1)]
  40: f166->f178, P: -max{0, -P} [O(n)]
  40: f166->f178, Q: -max{0, -Q} [O(n)]
  40: f166->f178, R: -max{-50, -R} [O(n)]
  40: f166->f178, S: 20 [O(1)]
  40: f166->f178, T: 0 [O(1)]
  40: f166->f178, U: 0 [O(1)]
  40: f166->f178, V: -max{0, -V} [O(n)]
  40: f166->f178, W: -max{0, -W} [O(n)]
  40: f166->f178, X: -max{-20, -X} [O(n)]
  40: f166->f178, Y: 200 [O(1)]
  40: f166->f178, Z: 0 [O(1)]
  41: f166->f178, A: 100 [O(1)]
  41: f166->f178, A1: A1 [O(n)]
  41: f166->f178, B: 0 [O(1)]
  41: f166->f178, B1: B1 [O(n)]
  41: f166->f178, C: 0 [O(1)]
  41: f166->f178, C1: C1 [O(n)]
  41: f166->f178, D: -max{0, -D} [O(n)]
  41: f166->f178, D1: D1 [O(n)]
  41: f166->f178, E: -max{0, -E} [O(n)]
  41: f166->f178, F: -max{-100, -F} [O(n)]
  41: f166->f178, G: 200 [O(1)]
  41: f166->f178, H: 0 [O(1)]
  41: f166->f178, I: 0 [O(1)]
  41: f166->f178, J: -max{0, -J} [O(n)]
  41: f166->f178, K: -max{0, -K} [O(n)]
  41: f166->f178, L: -max{-200, -L} [O(n)]
  41: f166->f178, M: 50 [O(1)]
  41: f166->f178, N: 0 [O(1)]
  41: f166->f178, O: 0 [O(1)]
  41: f166->f178, P: -max{0, -P} [O(n)]
  41: f166->f178, Q: -max{0, -Q} [O(n)]
  41: f166->f178, R: -max{-50, -R} [O(n)]
  41: f166->f178, S: 20 [O(1)]
  41: f166->f178, T: 0 [O(1)]
  41: f166->f178, U: 0 [O(1)]
  41: f166->f178, V: -max{0, -V} [O(n)]
  41: f166->f178, W: -max{0, -W} [O(n)]
  41: f166->f178, X: -max{-20, -X} [O(n)]
  41: f166->f178, Y: 200 [O(1)]
  41: f166->f178, Z: 10 [O(1)]
  43: f178->f181, A: 100 [O(1)]
  43: f178->f181, A1: 1 [O(1)]
  43: f178->f181, B: 0 [O(1)]
  43: f178->f181, B1: B1 [O(n)]
  43: f178->f181, C: 0 [O(1)]
  43: f178->f181, C1: C1 [O(n)]
  43: f178->f181, D: -max{0, -D} [O(n)]
  43: f178->f181, D1: D1 [O(n)]
  43: f178->f181, E: -max{0, -E} [O(n)]
  43: f178->f181, F: -max{-100, -F} [O(n)]
  43: f178->f181, G: 200 [O(1)]
  43: f178->f181, H: 0 [O(1)]
  43: f178->f181, I: 0 [O(1)]
  43: f178->f181, J: -max{0, -J} [O(n)]
  43: f178->f181, K: -max{0, -K} [O(n)]
  43: f178->f181, L: -max{-200, -L} [O(n)]
  43: f178->f181, M: 50 [O(1)]
  43: f178->f181, N: 0 [O(1)]
  43: f178->f181, O: 0 [O(1)]
  43: f178->f181, P: -max{0, -P} [O(n)]
  43: f178->f181, Q: -max{0, -Q} [O(n)]
  43: f178->f181, R: -max{-50, -R} [O(n)]
  43: f178->f181, S: 20 [O(1)]
  43: f178->f181, T: 0 [O(1)]
  43: f178->f181, U: 0 [O(1)]
  43: f178->f181, V: -max{0, -V} [O(n)]
  43: f178->f181, W: -max{0, -W} [O(n)]
  43: f178->f181, X: -max{-20, -X} [O(n)]
  43: f178->f181, Y: 200 [O(1)]
  43: f178->f181, Z: 1 [O(1)]
  48: f178->f207, A: 100 [O(1)]
  48: f178->f207, A1: 0 [O(1)]
  48: f178->f207, B: 0 [O(1)]
  48: f178->f207, B1: B1 [O(n)]
  48: f178->f207, C: 0 [O(1)]
  48: f178->f207, C1: C1 [O(n)]
  48: f178->f207, D: -max{0, -D} [O(n)]
  48: f178->f207, D1: D1 [O(n)]
  48: f178->f207, E: -max{0, -E} [O(n)]
  48: f178->f207, F: -max{-100, -F} [O(n)]
  48: f178->f207, G: 200 [O(1)]
  48: f178->f207, H: 0 [O(1)]
  48: f178->f207, I: 0 [O(1)]
  48: f178->f207, J: -max{0, -J} [O(n)]
  48: f178->f207, K: -max{0, -K} [O(n)]
  48: f178->f207, L: -max{-200, -L} [O(n)]
  48: f178->f207, M: 50 [O(1)]
  48: f178->f207, N: 0 [O(1)]
  48: f178->f207, O: 0 [O(1)]
  48: f178->f207, P: -max{0, -P} [O(n)]
  48: f178->f207, Q: -max{0, -Q} [O(n)]
  48: f178->f207, R: -max{-50, -R} [O(n)]
  48: f178->f207, S: 20 [O(1)]
  48: f178->f207, T: 0 [O(1)]
  48: f178->f207, U: 0 [O(1)]
  48: f178->f207, V: -max{0, -V} [O(n)]
  48: f178->f207, W: -max{0, -W} [O(n)]
  48: f178->f207, X: -max{-20, -X} [O(n)]
  48: f178->f207, Y: 200 [O(1)]
  48: f178->f207, Z: 0 [O(1)]
  2: f18->f21, A: 100 [O(1)]
  2: f18->f21, A1: A1 [O(n)]
  2: f18->f21, B: 0 [O(1)]
  2: f18->f21, B1: B1 [O(n)]
  2: f18->f21, C: 0 [O(1)]
  2: f18->f21, C1: C1 [O(n)]
  2: f18->f21, D: D [O(n)]
  2: f18->f21, D1: D1 [O(n)]
  2: f18->f21, E: E [O(n)]
  2: f18->f21, F: F [O(n)]
  2: f18->f21, G: G [O(n)]
  2: f18->f21, H: H [O(n)]
  2: f18->f21, I: I [O(n)]
  2: f18->f21, J: J [O(n)]
  2: f18->f21, K: K [O(n)]
  2: f18->f21, L: L [O(n)]
  2: f18->f21, M: M [O(n)]
  2: f18->f21, N: N [O(n)]
  2: f18->f21, O: O [O(n)]
  2: f18->f21, P: P [O(n)]
  2: f18->f21, Q: Q [O(n)]
  2: f18->f21, R: R [O(n)]
  2: f18->f21, S: S [O(n)]
  2: f18->f21, T: T [O(n)]
  2: f18->f21, U: U [O(n)]
  2: f18->f21, V: V [O(n)]
  2: f18->f21, W: W [O(n)]
  2: f18->f21, X: X [O(n)]
  2: f18->f21, Y: Y [O(n)]
  2: f18->f21, Z: Z [O(n)]
  3: f18->f21, A: 100 [O(1)]
  3: f18->f21, A1: A1 [O(n)]
  3: f18->f21, B: 1 [O(1)]
  3: f18->f21, B1: B1 [O(n)]
  3: f18->f21, C: 1 [O(1)]
  3: f18->f21, C1: C1 [O(n)]
  3: f18->f21, D: D [O(n)]
  3: f18->f21, D1: D1 [O(n)]
  3: f18->f21, E: E [O(n)]
  3: f18->f21, F: F [O(n)]
  3: f18->f21, G: G [O(n)]
  3: f18->f21, H: H [O(n)]
  3: f18->f21, I: I [O(n)]
  3: f18->f21, J: J [O(n)]
  3: f18->f21, K: K [O(n)]
  3: f18->f21, L: L [O(n)]
  3: f18->f21, M: M [O(n)]
  3: f18->f21, N: N [O(n)]
  3: f18->f21, O: O [O(n)]
  3: f18->f21, P: P [O(n)]
  3: f18->f21, Q: Q [O(n)]
  3: f18->f21, R: R [O(n)]
  3: f18->f21, S: S [O(n)]
  3: f18->f21, T: T [O(n)]
  3: f18->f21, U: U [O(n)]
  3: f18->f21, V: V [O(n)]
  3: f18->f21, W: W [O(n)]
  3: f18->f21, X: X [O(n)]
  3: f18->f21, Y: Y [O(n)]
  3: f18->f21, Z: Z [O(n)]
  4: f18->f46, A: 100 [O(1)]
  4: f18->f46, A1: A1 [O(n)]
  4: f18->f46, B: 0 [O(1)]
  4: f18->f46, B1: B1 [O(n)]
  4: f18->f46, C: 0 [O(1)]
  4: f18->f46, C1: C1 [O(n)]
  4: f18->f46, D: D [O(n)]
  4: f18->f46, D1: D1 [O(n)]
  4: f18->f46, E: E [O(n)]
  4: f18->f46, F: F [O(n)]
  4: f18->f46, G: G [O(n)]
  4: f18->f46, H: H [O(n)]
  4: f18->f46, I: I [O(n)]
  4: f18->f46, J: J [O(n)]
  4: f18->f46, K: K [O(n)]
  4: f18->f46, L: L [O(n)]
  4: f18->f46, M: M [O(n)]
  4: f18->f46, N: N [O(n)]
  4: f18->f46, O: O [O(n)]
  4: f18->f46, P: P [O(n)]
  4: f18->f46, Q: Q [O(n)]
  4: f18->f46, R: R [O(n)]
  4: f18->f46, S: S [O(n)]
  4: f18->f46, T: T [O(n)]
  4: f18->f46, U: U [O(n)]
  4: f18->f46, V: V [O(n)]
  4: f18->f46, W: W [O(n)]
  4: f18->f46, X: X [O(n)]
  4: f18->f46, Y: Y [O(n)]
  4: f18->f46, Z: Z [O(n)]
  44: f181->f187, A: 100 [O(1)]
  44: f181->f187, A1: 1 [O(1)]
  44: f181->f187, B: 0 [O(1)]
  44: f181->f187, B1: 0 [O(1)]
  44: f181->f187, C: 0 [O(1)]
  44: f181->f187, C1: C1 [O(n)]
  44: f181->f187, D: -max{0, -D} [O(n)]
  44: f181->f187, D1: D1 [O(n)]
  44: f181->f187, E: -max{0, -E} [O(n)]
  44: f181->f187, F: -max{-100, -F} [O(n)]
  44: f181->f187, G: 200 [O(1)]
  44: f181->f187, H: 0 [O(1)]
  44: f181->f187, I: 0 [O(1)]
  44: f181->f187, J: -max{0, -J} [O(n)]
  44: f181->f187, K: -max{0, -K} [O(n)]
  44: f181->f187, L: -max{-200, -L} [O(n)]
  44: f181->f187, M: 50 [O(1)]
  44: f181->f187, N: 0 [O(1)]
  44: f181->f187, O: 0 [O(1)]
  44: f181->f187, P: -max{0, -P} [O(n)]
  44: f181->f187, Q: -max{0, -Q} [O(n)]
  44: f181->f187, R: -max{-50, -R} [O(n)]
  44: f181->f187, S: 20 [O(1)]
  44: f181->f187, T: 0 [O(1)]
  44: f181->f187, U: 0 [O(1)]
  44: f181->f187, V: -max{0, -V} [O(n)]
  44: f181->f187, W: -max{0, -W} [O(n)]
  44: f181->f187, X: -max{-20, -X} [O(n)]
  44: f181->f187, Y: 200 [O(1)]
  44: f181->f187, Z: 1 [O(1)]
  45: f181->f187, A: 100 [O(1)]
  45: f181->f187, A1: 1 [O(1)]
  45: f181->f187, B: 0 [O(1)]
  45: f181->f187, B1: 10 [O(1)]
  45: f181->f187, C: 0 [O(1)]
  45: f181->f187, C1: C1 [O(n)]
  45: f181->f187, D: -max{0, -D} [O(n)]
  45: f181->f187, D1: D1 [O(n)]
  45: f181->f187, E: -max{0, -E} [O(n)]
  45: f181->f187, F: -max{-100, -F} [O(n)]
  45: f181->f187, G: 200 [O(1)]
  45: f181->f187, H: 0 [O(1)]
  45: f181->f187, I: 0 [O(1)]
  45: f181->f187, J: -max{0, -J} [O(n)]
  45: f181->f187, K: -max{0, -K} [O(n)]
  45: f181->f187, L: -max{-200, -L} [O(n)]
  45: f181->f187, M: 50 [O(1)]
  45: f181->f187, N: 0 [O(1)]
  45: f181->f187, O: 0 [O(1)]
  45: f181->f187, P: -max{0, -P} [O(n)]
  45: f181->f187, Q: -max{0, -Q} [O(n)]
  45: f181->f187, R: -max{-50, -R} [O(n)]
  45: f181->f187, S: 20 [O(1)]
  45: f181->f187, T: 0 [O(1)]
  45: f181->f187, U: 0 [O(1)]
  45: f181->f187, V: -max{0, -V} [O(n)]
  45: f181->f187, W: -max{0, -W} [O(n)]
  45: f181->f187, X: -max{-20, -X} [O(n)]
  45: f181->f187, Y: 200 [O(1)]
  45: f181->f187, Z: 1 [O(1)]
  47: f187->f190, A: 100 [O(1)]
  47: f187->f190, A1: 1 [O(1)]
  47: f187->f190, B: 0 [O(1)]
  47: f187->f190, B1: 1 [O(1)]
  47: f187->f190, C: 0 [O(1)]
  47: f187->f190, C1: 1 [O(1)]
  47: f187->f190, D: -max{0, -D} [O(n)]
  47: f187->f190, D1: 0 [O(1)]
  47: f187->f190, E: -max{0, -E} [O(n)]
  47: f187->f190, F: -max{-100, -F} [O(n)]
  47: f187->f190, G: 200 [O(1)]
  47: f187->f190, H: 0 [O(1)]
  47: f187->f190, I: 0 [O(1)]
  47: f187->f190, J: -max{0, -J} [O(n)]
  47: f187->f190, K: -max{0, -K} [O(n)]
  47: f187->f190, L: -max{-200, -L} [O(n)]
  47: f187->f190, M: 50 [O(1)]
  47: f187->f190, N: 0 [O(1)]
  47: f187->f190, O: 0 [O(1)]
  47: f187->f190, P: -max{0, -P} [O(n)]
  47: f187->f190, Q: -max{0, -Q} [O(n)]
  47: f187->f190, R: -max{-50, -R} [O(n)]
  47: f187->f190, S: 20 [O(1)]
  47: f187->f190, T: 0 [O(1)]
  47: f187->f190, U: 0 [O(1)]
  47: f187->f190, V: -max{0, -V} [O(n)]
  47: f187->f190, W: -max{0, -W} [O(n)]
  47: f187->f190, X: -max{-20, -X} [O(n)]
  47: f187->f190, Y: 200 [O(1)]
  47: f187->f190, Z: 1 [O(1)]
  49: f187->f207, A: 100 [O(1)]
  49: f187->f207, A1: 1 [O(1)]
  49: f187->f207, B: 0 [O(1)]
  49: f187->f207, B1: 0 [O(1)]
  49: f187->f207, C: 0 [O(1)]
  49: f187->f207, C1: 0 [O(1)]
  49: f187->f207, D: -max{0, -D} [O(n)]
  49: f187->f207, D1: D1 [O(n)]
  49: f187->f207, E: -max{0, -E} [O(n)]
  49: f187->f207, F: -max{-100, -F} [O(n)]
  49: f187->f207, G: 200 [O(1)]
  49: f187->f207, H: 0 [O(1)]
  49: f187->f207, I: 0 [O(1)]
  49: f187->f207, J: -max{0, -J} [O(n)]
  49: f187->f207, K: -max{0, -K} [O(n)]
  49: f187->f207, L: -max{-200, -L} [O(n)]
  49: f187->f207, M: 50 [O(1)]
  49: f187->f207, N: 0 [O(1)]
  49: f187->f207, O: 0 [O(1)]
  49: f187->f207, P: -max{0, -P} [O(n)]
  49: f187->f207, Q: -max{0, -Q} [O(n)]
  49: f187->f207, R: -max{-50, -R} [O(n)]
  49: f187->f207, S: 20 [O(1)]
  49: f187->f207, T: 0 [O(1)]
  49: f187->f207, U: 0 [O(1)]
  49: f187->f207, V: -max{0, -V} [O(n)]
  49: f187->f207, W: -max{0, -W} [O(n)]
  49: f187->f207, X: -max{-20, -X} [O(n)]
  49: f187->f207, Y: 200 [O(1)]
  49: f187->f207, Z: 1 [O(1)]
  50: f190->f190, A: 100 [O(1)]
  50: f190->f190, A1: 1 [O(1)]
  50: f190->f190, B: 0 [O(1)]
  50: f190->f190, B1: 1 [O(1)]
  50: f190->f190, C: 0 [O(1)]
  50: f190->f190, C1: 1 [O(1)]
  50: f190->f190, D: -max{0, -D} [O(n)]
  50: f190->f190, D1: 1 [O(1)]
  50: f190->f190, E: -max{0, -E} [O(n)]
  50: f190->f190, F: -max{-100, -F} [O(n)]
  50: f190->f190, G: 200 [O(1)]
  50: f190->f190, H: 0 [O(1)]
  50: f190->f190, I: 0 [O(1)]
  50: f190->f190, J: -max{0, -J} [O(n)]
  50: f190->f190, K: -max{0, -K} [O(n)]
  50: f190->f190, L: -max{-200, -L} [O(n)]
  50: f190->f190, M: 50 [O(1)]
  50: f190->f190, N: 0 [O(1)]
  50: f190->f190, O: 0 [O(1)]
  50: f190->f190, P: -max{0, -P} [O(n)]
  50: f190->f190, Q: -max{0, -Q} [O(n)]
  50: f190->f190, R: -max{-50, -R} [O(n)]
  50: f190->f190, S: 20 [O(1)]
  50: f190->f190, T: 0 [O(1)]
  50: f190->f190, U: 0 [O(1)]
  50: f190->f190, V: -max{0, -V} [O(n)]
  50: f190->f190, W: -max{0, -W} [O(n)]
  50: f190->f190, X: -max{-20, -X} [O(n)]
  50: f190->f190, Y: 200 [O(1)]
  50: f190->f190, Z: 1 [O(1)]
  51: f190->f207, A: 100 [O(1)]
  51: f190->f207, A1: 1 [O(1)]
  51: f190->f207, B: 0 [O(1)]
  51: f190->f207, B1: 1 [O(1)]
  51: f190->f207, C: 0 [O(1)]
  51: f190->f207, C1: 1 [O(1)]
  51: f190->f207, D: -max{0, -D} [O(n)]
  51: f190->f207, D1: 200 [O(1)]
  51: f190->f207, E: -max{0, -E} [O(n)]
  51: f190->f207, F: -max{-100, -F} [O(n)]
  51: f190->f207, G: 200 [O(1)]
  51: f190->f207, H: 0 [O(1)]
  51: f190->f207, I: 0 [O(1)]
  51: f190->f207, J: -max{0, -J} [O(n)]
  51: f190->f207, K: -max{0, -K} [O(n)]
  51: f190->f207, L: -max{-200, -L} [O(n)]
  51: f190->f207, M: 50 [O(1)]
  51: f190->f207, N: 0 [O(1)]
  51: f190->f207, O: 0 [O(1)]
  51: f190->f207, P: -max{0, -P} [O(n)]
  51: f190->f207, Q: -max{0, -Q} [O(n)]
  51: f190->f207, R: -max{-50, -R} [O(n)]
  51: f190->f207, S: 20 [O(1)]
  51: f190->f207, T: 0 [O(1)]
  51: f190->f207, U: 0 [O(1)]
  51: f190->f207, V: -max{0, -V} [O(n)]
  51: f190->f207, W: -max{0, -W} [O(n)]
  51: f190->f207, X: -max{-20, -X} [O(n)]
  51: f190->f207, Y: 200 [O(1)]
  51: f190->f207, Z: 1 [O(1)]
  5: f21->f27, A: 100 [O(1)]
  5: f21->f27, A1: A1 [O(n)]
  5: f21->f27, B: 0 [O(1)]
  5: f21->f27, B1: B1 [O(n)]
  5: f21->f27, C: 0 [O(1)]
  5: f21->f27, C1: C1 [O(n)]
  5: f21->f27, D: 0 [O(1)]
  5: f21->f27, D1: D1 [O(n)]
  5: f21->f27, E: E [O(n)]
  5: f21->f27, F: F [O(n)]
  5: f21->f27, G: G [O(n)]
  5: f21->f27, H: H [O(n)]
  5: f21->f27, I: I [O(n)]
  5: f21->f27, J: J [O(n)]
  5: f21->f27, K: K [O(n)]
  5: f21->f27, L: L [O(n)]
  5: f21->f27, M: M [O(n)]
  5: f21->f27, N: N [O(n)]
  5: f21->f27, O: O [O(n)]
  5: f21->f27, P: P [O(n)]
  5: f21->f27, Q: Q [O(n)]
  5: f21->f27, R: R [O(n)]
  5: f21->f27, S: S [O(n)]
  5: f21->f27, T: T [O(n)]
  5: f21->f27, U: U [O(n)]
  5: f21->f27, V: V [O(n)]
  5: f21->f27, W: W [O(n)]
  5: f21->f27, X: X [O(n)]
  5: f21->f27, Y: Y [O(n)]
  5: f21->f27, Z: Z [O(n)]
  6: f21->f27, A: 100 [O(1)]
  6: f21->f27, A1: A1 [O(n)]
  6: f21->f27, B: 0 [O(1)]
  6: f21->f27, B1: B1 [O(n)]
  6: f21->f27, C: 0 [O(1)]
  6: f21->f27, C1: C1 [O(n)]
  6: f21->f27, D: 10 [O(1)]
  6: f21->f27, D1: D1 [O(n)]
  6: f21->f27, E: E [O(n)]
  6: f21->f27, F: F [O(n)]
  6: f21->f27, G: G [O(n)]
  6: f21->f27, H: H [O(n)]
  6: f21->f27, I: I [O(n)]
  6: f21->f27, J: J [O(n)]
  6: f21->f27, K: K [O(n)]
  6: f21->f27, L: L [O(n)]
  6: f21->f27, M: M [O(n)]
  6: f21->f27, N: N [O(n)]
  6: f21->f27, O: O [O(n)]
  6: f21->f27, P: P [O(n)]
  6: f21->f27, Q: Q [O(n)]
  6: f21->f27, R: R [O(n)]
  6: f21->f27, S: S [O(n)]
  6: f21->f27, T: T [O(n)]
  6: f21->f27, U: U [O(n)]
  6: f21->f27, V: V [O(n)]
  6: f21->f27, W: W [O(n)]
  6: f21->f27, X: X [O(n)]
  6: f21->f27, Y: Y [O(n)]
  6: f21->f27, Z: Z [O(n)]
  7: f27->f46, A: 100 [O(1)]
  7: f27->f46, A1: A1 [O(n)]
  7: f27->f46, B: 0 [O(1)]
  7: f27->f46, B1: B1 [O(n)]
  7: f27->f46, C: 0 [O(1)]
  7: f27->f46, C1: C1 [O(n)]
  7: f27->f46, D: 0 [O(1)]
  7: f27->f46, D1: D1 [O(n)]
  7: f27->f46, E: 0 [O(1)]
  7: f27->f46, F: F [O(n)]
  7: f27->f46, G: G [O(n)]
  7: f27->f46, H: H [O(n)]
  7: f27->f46, I: I [O(n)]
  7: f27->f46, J: J [O(n)]
  7: f27->f46, K: K [O(n)]
  7: f27->f46, L: L [O(n)]
  7: f27->f46, M: M [O(n)]
  7: f27->f46, N: N [O(n)]
  7: f27->f46, O: O [O(n)]
  7: f27->f46, P: P [O(n)]
  7: f27->f46, Q: Q [O(n)]
  7: f27->f46, R: R [O(n)]
  7: f27->f46, S: S [O(n)]
  7: f27->f46, T: T [O(n)]
  7: f27->f46, U: U [O(n)]
  7: f27->f46, V: V [O(n)]
  7: f27->f46, W: W [O(n)]
  7: f27->f46, X: X [O(n)]
  7: f27->f46, Y: Y [O(n)]
  7: f27->f46, Z: Z [O(n)]
  9: f27->f30, A: 100 [O(1)]
  9: f27->f30, A1: A1 [O(n)]
  9: f27->f30, B: 0 [O(1)]
  9: f27->f30, B1: B1 [O(n)]
  9: f27->f30, C: 0 [O(1)]
  9: f27->f30, C1: C1 [O(n)]
  9: f27->f30, D: 1 [O(1)]
  9: f27->f30, D1: D1 [O(n)]
  9: f27->f30, E: 1 [O(1)]
  9: f27->f30, F: 0 [O(1)]
  9: f27->f30, G: G [O(n)]
  9: f27->f30, H: H [O(n)]
  9: f27->f30, I: I [O(n)]
  9: f27->f30, J: J [O(n)]
  9: f27->f30, K: K [O(n)]
  9: f27->f30, L: L [O(n)]
  9: f27->f30, M: M [O(n)]
  9: f27->f30, N: N [O(n)]
  9: f27->f30, O: O [O(n)]
  9: f27->f30, P: P [O(n)]
  9: f27->f30, Q: Q [O(n)]
  9: f27->f30, R: R [O(n)]
  9: f27->f30, S: S [O(n)]
  9: f27->f30, T: T [O(n)]
  9: f27->f30, U: U [O(n)]
  9: f27->f30, V: V [O(n)]
  9: f27->f30, W: W [O(n)]
  9: f27->f30, X: X [O(n)]
  9: f27->f30, Y: Y [O(n)]
  9: f27->f30, Z: Z [O(n)]
  58: f30->f30, A: 100 [O(1)]
  58: f30->f30, A1: A1 [O(n)]
  58: f30->f30, B: 0 [O(1)]
  58: f30->f30, B1: B1 [O(n)]
  58: f30->f30, C: 0 [O(1)]
  58: f30->f30, C1: C1 [O(n)]
  58: f30->f30, D: 1 [O(1)]
  58: f30->f30, D1: D1 [O(n)]
  58: f30->f30, E: 1 [O(1)]
  58: f30->f30, F: 1 [O(1)]
  58: f30->f30, G: G [O(n)]
  58: f30->f30, H: H [O(n)]
  58: f30->f30, I: I [O(n)]
  58: f30->f30, J: J [O(n)]
  58: f30->f30, K: K [O(n)]
  58: f30->f30, L: L [O(n)]
  58: f30->f30, M: M [O(n)]
  58: f30->f30, N: N [O(n)]
  58: f30->f30, O: O [O(n)]
  58: f30->f30, P: P [O(n)]
  58: f30->f30, Q: Q [O(n)]
  58: f30->f30, R: R [O(n)]
  58: f30->f30, S: S [O(n)]
  58: f30->f30, T: T [O(n)]
  58: f30->f30, U: U [O(n)]
  58: f30->f30, V: V [O(n)]
  58: f30->f30, W: W [O(n)]
  58: f30->f30, X: X [O(n)]
  58: f30->f30, Y: Y [O(n)]
  58: f30->f30, Z: Z [O(n)]
  59: f30->f46, A: 100 [O(1)]
  59: f30->f46, A1: A1 [O(n)]
  59: f30->f46, B: 0 [O(1)]
  59: f30->f46, B1: B1 [O(n)]
  59: f30->f46, C: 0 [O(1)]
  59: f30->f46, C1: C1 [O(n)]
  59: f30->f46, D: 1 [O(1)]
  59: f30->f46, D1: D1 [O(n)]
  59: f30->f46, E: 1 [O(1)]
  59: f30->f46, F: 100 [O(1)]
  59: f30->f46, G: G [O(n)]
  59: f30->f46, H: H [O(n)]
  59: f30->f46, I: I [O(n)]
  59: f30->f46, J: J [O(n)]
  59: f30->f46, K: K [O(n)]
  59: f30->f46, L: L [O(n)]
  59: f30->f46, M: M [O(n)]
  59: f30->f46, N: N [O(n)]
  59: f30->f46, O: O [O(n)]
  59: f30->f46, P: P [O(n)]
  59: f30->f46, Q: Q [O(n)]
  59: f30->f46, R: R [O(n)]
  59: f30->f46, S: S [O(n)]
  59: f30->f46, T: T [O(n)]
  59: f30->f46, U: U [O(n)]
  59: f30->f46, V: V [O(n)]
  59: f30->f46, W: W [O(n)]
  59: f30->f46, X: X [O(n)]
  59: f30->f46, Y: Y [O(n)]
  59: f30->f46, Z: Z [O(n)]
  10: f46->f58, A: 100 [O(1)]
  10: f46->f58, A1: A1 [O(n)]
  10: f46->f58, B: 0 [O(1)]
  10: f46->f58, B1: B1 [O(n)]
  10: f46->f58, C: 0 [O(1)]
  10: f46->f58, C1: C1 [O(n)]
  10: f46->f58, D: -max{0, -D} [O(n)]
  10: f46->f58, D1: D1 [O(n)]
  10: f46->f58, E: -max{0, -E} [O(n)]
  10: f46->f58, F: -max{-100, -F} [O(n)]
  10: f46->f58, G: 200 [O(1)]
  10: f46->f58, H: 0 [O(1)]
  10: f46->f58, I: I [O(n)]
  10: f46->f58, J: J [O(n)]
  10: f46->f58, K: K [O(n)]
  10: f46->f58, L: L [O(n)]
  10: f46->f58, M: M [O(n)]
  10: f46->f58, N: N [O(n)]
  10: f46->f58, O: O [O(n)]
  10: f46->f58, P: P [O(n)]
  10: f46->f58, Q: Q [O(n)]
  10: f46->f58, R: R [O(n)]
  10: f46->f58, S: S [O(n)]
  10: f46->f58, T: T [O(n)]
  10: f46->f58, U: U [O(n)]
  10: f46->f58, V: V [O(n)]
  10: f46->f58, W: W [O(n)]
  10: f46->f58, X: X [O(n)]
  10: f46->f58, Y: Y [O(n)]
  10: f46->f58, Z: Z [O(n)]
  11: f46->f58, A: 100 [O(1)]
  11: f46->f58, A1: A1 [O(n)]
  11: f46->f58, B: 0 [O(1)]
  11: f46->f58, B1: B1 [O(n)]
  11: f46->f58, C: 0 [O(1)]
  11: f46->f58, C1: C1 [O(n)]
  11: f46->f58, D: -max{0, -D} [O(n)]
  11: f46->f58, D1: D1 [O(n)]
  11: f46->f58, E: -max{0, -E} [O(n)]
  11: f46->f58, F: -max{-100, -F} [O(n)]
  11: f46->f58, G: 200 [O(1)]
  11: f46->f58, H: 10 [O(1)]
  11: f46->f58, I: I [O(n)]
  11: f46->f58, J: J [O(n)]
  11: f46->f58, K: K [O(n)]
  11: f46->f58, L: L [O(n)]
  11: f46->f58, M: M [O(n)]
  11: f46->f58, N: N [O(n)]
  11: f46->f58, O: O [O(n)]
  11: f46->f58, P: P [O(n)]
  11: f46->f58, Q: Q [O(n)]
  11: f46->f58, R: R [O(n)]
  11: f46->f58, S: S [O(n)]
  11: f46->f58, T: T [O(n)]
  11: f46->f58, U: U [O(n)]
  11: f46->f58, V: V [O(n)]
  11: f46->f58, W: W [O(n)]
  11: f46->f58, X: X [O(n)]
  11: f46->f58, Y: Y [O(n)]
  11: f46->f58, Z: Z [O(n)]
  13: f58->f61, A: 100 [O(1)]
  13: f58->f61, A1: A1 [O(n)]
  13: f58->f61, B: 0 [O(1)]
  13: f58->f61, B1: B1 [O(n)]
  13: f58->f61, C: 0 [O(1)]
  13: f58->f61, C1: C1 [O(n)]
  13: f58->f61, D: -max{0, -D} [O(n)]
  13: f58->f61, D1: D1 [O(n)]
  13: f58->f61, E: -max{0, -E} [O(n)]
  13: f58->f61, F: -max{-100, -F} [O(n)]
  13: f58->f61, G: 200 [O(1)]
  13: f58->f61, H: 1 [O(1)]
  13: f58->f61, I: 1 [O(1)]
  13: f58->f61, J: J [O(n)]
  13: f58->f61, K: K [O(n)]
  13: f58->f61, L: L [O(n)]
  13: f58->f61, M: M [O(n)]
  13: f58->f61, N: N [O(n)]
  13: f58->f61, O: O [O(n)]
  13: f58->f61, P: P [O(n)]
  13: f58->f61, Q: Q [O(n)]
  13: f58->f61, R: R [O(n)]
  13: f58->f61, S: S [O(n)]
  13: f58->f61, T: T [O(n)]
  13: f58->f61, U: U [O(n)]
  13: f58->f61, V: V [O(n)]
  13: f58->f61, W: W [O(n)]
  13: f58->f61, X: X [O(n)]
  13: f58->f61, Y: Y [O(n)]
  13: f58->f61, Z: Z [O(n)]
  14: f58->f86, A: 100 [O(1)]
  14: f58->f86, A1: A1 [O(n)]
  14: f58->f86, B: 0 [O(1)]
  14: f58->f86, B1: B1 [O(n)]
  14: f58->f86, C: 0 [O(1)]
  14: f58->f86, C1: C1 [O(n)]
  14: f58->f86, D: -max{0, -D} [O(n)]
  14: f58->f86, D1: D1 [O(n)]
  14: f58->f86, E: -max{0, -E} [O(n)]
  14: f58->f86, F: -max{-100, -F} [O(n)]
  14: f58->f86, G: 200 [O(1)]
  14: f58->f86, H: 0 [O(1)]
  14: f58->f86, I: 0 [O(1)]
  14: f58->f86, J: J [O(n)]
  14: f58->f86, K: K [O(n)]
  14: f58->f86, L: L [O(n)]
  14: f58->f86, M: M [O(n)]
  14: f58->f86, N: N [O(n)]
  14: f58->f86, O: O [O(n)]
  14: f58->f86, P: P [O(n)]
  14: f58->f86, Q: Q [O(n)]
  14: f58->f86, R: R [O(n)]
  14: f58->f86, S: S [O(n)]
  14: f58->f86, T: T [O(n)]
  14: f58->f86, U: U [O(n)]
  14: f58->f86, V: V [O(n)]
  14: f58->f86, W: W [O(n)]
  14: f58->f86, X: X [O(n)]
  14: f58->f86, Y: Y [O(n)]
  14: f58->f86, Z: Z [O(n)]
  15: f61->f67, A: 100 [O(1)]
  15: f61->f67, A1: A1 [O(n)]
  15: f61->f67, B: 0 [O(1)]
  15: f61->f67, B1: B1 [O(n)]
  15: f61->f67, C: 0 [O(1)]
  15: f61->f67, C1: C1 [O(n)]
  15: f61->f67, D: -max{0, -D} [O(n)]
  15: f61->f67, D1: D1 [O(n)]
  15: f61->f67, E: -max{0, -E} [O(n)]
  15: f61->f67, F: -max{-100, -F} [O(n)]
  15: f61->f67, G: 200 [O(1)]
  15: f61->f67, H: 1 [O(1)]
  15: f61->f67, I: 1 [O(1)]
  15: f61->f67, J: 0 [O(1)]
  15: f61->f67, K: K [O(n)]
  15: f61->f67, L: L [O(n)]
  15: f61->f67, M: M [O(n)]
  15: f61->f67, N: N [O(n)]
  15: f61->f67, O: O [O(n)]
  15: f61->f67, P: P [O(n)]
  15: f61->f67, Q: Q [O(n)]
  15: f61->f67, R: R [O(n)]
  15: f61->f67, S: S [O(n)]
  15: f61->f67, T: T [O(n)]
  15: f61->f67, U: U [O(n)]
  15: f61->f67, V: V [O(n)]
  15: f61->f67, W: W [O(n)]
  15: f61->f67, X: X [O(n)]
  15: f61->f67, Y: Y [O(n)]
  15: f61->f67, Z: Z [O(n)]
  16: f61->f67, A: 100 [O(1)]
  16: f61->f67, A1: A1 [O(n)]
  16: f61->f67, B: 0 [O(1)]
  16: f61->f67, B1: B1 [O(n)]
  16: f61->f67, C: 0 [O(1)]
  16: f61->f67, C1: C1 [O(n)]
  16: f61->f67, D: -max{0, -D} [O(n)]
  16: f61->f67, D1: D1 [O(n)]
  16: f61->f67, E: -max{0, -E} [O(n)]
  16: f61->f67, F: -max{-100, -F} [O(n)]
  16: f61->f67, G: 200 [O(1)]
  16: f61->f67, H: 1 [O(1)]
  16: f61->f67, I: 1 [O(1)]
  16: f61->f67, J: 10 [O(1)]
  16: f61->f67, K: K [O(n)]
  16: f61->f67, L: L [O(n)]
  16: f61->f67, M: M [O(n)]
  16: f61->f67, N: N [O(n)]
  16: f61->f67, O: O [O(n)]
  16: f61->f67, P: P [O(n)]
  16: f61->f67, Q: Q [O(n)]
  16: f61->f67, R: R [O(n)]
  16: f61->f67, S: S [O(n)]
  16: f61->f67, T: T [O(n)]
  16: f61->f67, U: U [O(n)]
  16: f61->f67, V: V [O(n)]
  16: f61->f67, W: W [O(n)]
  16: f61->f67, X: X [O(n)]
  16: f61->f67, Y: Y [O(n)]
  16: f61->f67, Z: Z [O(n)]
  17: f67->f86, A: 100 [O(1)]
  17: f67->f86, A1: A1 [O(n)]
  17: f67->f86, B: 0 [O(1)]
  17: f67->f86, B1: B1 [O(n)]
  17: f67->f86, C: 0 [O(1)]
  17: f67->f86, C1: C1 [O(n)]
  17: f67->f86, D: -max{0, -D} [O(n)]
  17: f67->f86, D1: D1 [O(n)]
  17: f67->f86, E: -max{0, -E} [O(n)]
  17: f67->f86, F: -max{-100, -F} [O(n)]
  17: f67->f86, G: 200 [O(1)]
  17: f67->f86, H: 1 [O(1)]
  17: f67->f86, I: 1 [O(1)]
  17: f67->f86, J: 0 [O(1)]
  17: f67->f86, K: 0 [O(1)]
  17: f67->f86, L: L [O(n)]
  17: f67->f86, M: M [O(n)]
  17: f67->f86, N: N [O(n)]
  17: f67->f86, O: O [O(n)]
  17: f67->f86, P: P [O(n)]
  17: f67->f86, Q: Q [O(n)]
  17: f67->f86, R: R [O(n)]
  17: f67->f86, S: S [O(n)]
  17: f67->f86, T: T [O(n)]
  17: f67->f86, U: U [O(n)]
  17: f67->f86, V: V [O(n)]
  17: f67->f86, W: W [O(n)]
  17: f67->f86, X: X [O(n)]
  17: f67->f86, Y: Y [O(n)]
  17: f67->f86, Z: Z [O(n)]
  19: f67->f70, A: 100 [O(1)]
  19: f67->f70, A1: A1 [O(n)]
  19: f67->f70, B: 0 [O(1)]
  19: f67->f70, B1: B1 [O(n)]
  19: f67->f70, C: 0 [O(1)]
  19: f67->f70, C1: C1 [O(n)]
  19: f67->f70, D: -max{0, -D} [O(n)]
  19: f67->f70, D1: D1 [O(n)]
  19: f67->f70, E: -max{0, -E} [O(n)]
  19: f67->f70, F: -max{-100, -F} [O(n)]
  19: f67->f70, G: 200 [O(1)]
  19: f67->f70, H: 1 [O(1)]
  19: f67->f70, I: 1 [O(1)]
  19: f67->f70, J: 1 [O(1)]
  19: f67->f70, K: 1 [O(1)]
  19: f67->f70, L: 0 [O(1)]
  19: f67->f70, M: M [O(n)]
  19: f67->f70, N: N [O(n)]
  19: f67->f70, O: O [O(n)]
  19: f67->f70, P: P [O(n)]
  19: f67->f70, Q: Q [O(n)]
  19: f67->f70, R: R [O(n)]
  19: f67->f70, S: S [O(n)]
  19: f67->f70, T: T [O(n)]
  19: f67->f70, U: U [O(n)]
  19: f67->f70, V: V [O(n)]
  19: f67->f70, W: W [O(n)]
  19: f67->f70, X: X [O(n)]
  19: f67->f70, Y: Y [O(n)]
  19: f67->f70, Z: Z [O(n)]
  56: f70->f70, A: 100 [O(1)]
  56: f70->f70, A1: A1 [O(n)]
  56: f70->f70, B: 0 [O(1)]
  56: f70->f70, B1: B1 [O(n)]
  56: f70->f70, C: 0 [O(1)]
  56: f70->f70, C1: C1 [O(n)]
  56: f70->f70, D: -max{0, -D} [O(n)]
  56: f70->f70, D1: D1 [O(n)]
  56: f70->f70, E: -max{0, -E} [O(n)]
  56: f70->f70, F: -max{-100, -F} [O(n)]
  56: f70->f70, G: 200 [O(1)]
  56: f70->f70, H: 1 [O(1)]
  56: f70->f70, I: 1 [O(1)]
  56: f70->f70, J: 1 [O(1)]
  56: f70->f70, K: 1 [O(1)]
  56: f70->f70, L: 1 [O(1)]
  56: f70->f70, M: M [O(n)]
  56: f70->f70, N: N [O(n)]
  56: f70->f70, O: O [O(n)]
  56: f70->f70, P: P [O(n)]
  56: f70->f70, Q: Q [O(n)]
  56: f70->f70, R: R [O(n)]
  56: f70->f70, S: S [O(n)]
  56: f70->f70, T: T [O(n)]
  56: f70->f70, U: U [O(n)]
  56: f70->f70, V: V [O(n)]
  56: f70->f70, W: W [O(n)]
  56: f70->f70, X: X [O(n)]
  56: f70->f70, Y: Y [O(n)]
  56: f70->f70, Z: Z [O(n)]
  57: f70->f86, A: 100 [O(1)]
  57: f70->f86, A1: A1 [O(n)]
  57: f70->f86, B: 0 [O(1)]
  57: f70->f86, B1: B1 [O(n)]
  57: f70->f86, C: 0 [O(1)]
  57: f70->f86, C1: C1 [O(n)]
  57: f70->f86, D: -max{0, -D} [O(n)]
  57: f70->f86, D1: D1 [O(n)]
  57: f70->f86, E: -max{0, -E} [O(n)]
  57: f70->f86, F: -max{-100, -F} [O(n)]
  57: f70->f86, G: 200 [O(1)]
  57: f70->f86, H: 1 [O(1)]
  57: f70->f86, I: 1 [O(1)]
  57: f70->f86, J: 1 [O(1)]
  57: f70->f86, K: 1 [O(1)]
  57: f70->f86, L: 200 [O(1)]
  57: f70->f86, M: M [O(n)]
  57: f70->f86, N: N [O(n)]
  57: f70->f86, O: O [O(n)]
  57: f70->f86, P: P [O(n)]
  57: f70->f86, Q: Q [O(n)]
  57: f70->f86, R: R [O(n)]
  57: f70->f86, S: S [O(n)]
  57: f70->f86, T: T [O(n)]
  57: f70->f86, U: U [O(n)]
  57: f70->f86, V: V [O(n)]
  57: f70->f86, W: W [O(n)]
  57: f70->f86, X: X [O(n)]
  57: f70->f86, Y: Y [O(n)]
  57: f70->f86, Z: Z [O(n)]
  20: f86->f98, A: 100 [O(1)]
  20: f86->f98, A1: A1 [O(n)]
  20: f86->f98, B: 0 [O(1)]
  20: f86->f98, B1: B1 [O(n)]
  20: f86->f98, C: 0 [O(1)]
  20: f86->f98, C1: C1 [O(n)]
  20: f86->f98, D: -max{0, -D} [O(n)]
  20: f86->f98, D1: D1 [O(n)]
  20: f86->f98, E: -max{0, -E} [O(n)]
  20: f86->f98, F: -max{-100, -F} [O(n)]
  20: f86->f98, G: 200 [O(1)]
  20: f86->f98, H: 0 [O(1)]
  20: f86->f98, I: 0 [O(1)]
  20: f86->f98, J: -max{0, -J} [O(n)]
  20: f86->f98, K: -max{0, -K} [O(n)]
  20: f86->f98, L: -max{-200, -L} [O(n)]
  20: f86->f98, M: 50 [O(1)]
  20: f86->f98, N: 0 [O(1)]
  20: f86->f98, O: O [O(n)]
  20: f86->f98, P: P [O(n)]
  20: f86->f98, Q: Q [O(n)]
  20: f86->f98, R: R [O(n)]
  20: f86->f98, S: S [O(n)]
  20: f86->f98, T: T [O(n)]
  20: f86->f98, U: U [O(n)]
  20: f86->f98, V: V [O(n)]
  20: f86->f98, W: W [O(n)]
  20: f86->f98, X: X [O(n)]
  20: f86->f98, Y: Y [O(n)]
  20: f86->f98, Z: Z [O(n)]
  21: f86->f98, A: 100 [O(1)]
  21: f86->f98, A1: A1 [O(n)]
  21: f86->f98, B: 0 [O(1)]
  21: f86->f98, B1: B1 [O(n)]
  21: f86->f98, C: 0 [O(1)]
  21: f86->f98, C1: C1 [O(n)]
  21: f86->f98, D: -max{0, -D} [O(n)]
  21: f86->f98, D1: D1 [O(n)]
  21: f86->f98, E: -max{0, -E} [O(n)]
  21: f86->f98, F: -max{-100, -F} [O(n)]
  21: f86->f98, G: 200 [O(1)]
  21: f86->f98, H: 0 [O(1)]
  21: f86->f98, I: 0 [O(1)]
  21: f86->f98, J: -max{0, -J} [O(n)]
  21: f86->f98, K: -max{0, -K} [O(n)]
  21: f86->f98, L: -max{-200, -L} [O(n)]
  21: f86->f98, M: 50 [O(1)]
  21: f86->f98, N: 10 [O(1)]
  21: f86->f98, O: O [O(n)]
  21: f86->f98, P: P [O(n)]
  21: f86->f98, Q: Q [O(n)]
  21: f86->f98, R: R [O(n)]
  21: f86->f98, S: S [O(n)]
  21: f86->f98, T: T [O(n)]
  21: f86->f98, U: U [O(n)]
  21: f86->f98, V: V [O(n)]
  21: f86->f98, W: W [O(n)]
  21: f86->f98, X: X [O(n)]
  21: f86->f98, Y: Y [O(n)]
  21: f86->f98, Z: Z [O(n)]
  23: f98->f101, A: 100 [O(1)]
  23: f98->f101, A1: A1 [O(n)]
  23: f98->f101, B: 0 [O(1)]
  23: f98->f101, B1: B1 [O(n)]
  23: f98->f101, C: 0 [O(1)]
  23: f98->f101, C1: C1 [O(n)]
  23: f98->f101, D: -max{0, -D} [O(n)]
  23: f98->f101, D1: D1 [O(n)]
  23: f98->f101, E: -max{0, -E} [O(n)]
  23: f98->f101, F: -max{-100, -F} [O(n)]
  23: f98->f101, G: 200 [O(1)]
  23: f98->f101, H: 0 [O(1)]
  23: f98->f101, I: 0 [O(1)]
  23: f98->f101, J: -max{0, -J} [O(n)]
  23: f98->f101, K: -max{0, -K} [O(n)]
  23: f98->f101, L: -max{-200, -L} [O(n)]
  23: f98->f101, M: 50 [O(1)]
  23: f98->f101, N: 1 [O(1)]
  23: f98->f101, O: 1 [O(1)]
  23: f98->f101, P: P [O(n)]
  23: f98->f101, Q: Q [O(n)]
  23: f98->f101, R: R [O(n)]
  23: f98->f101, S: S [O(n)]
  23: f98->f101, T: T [O(n)]
  23: f98->f101, U: U [O(n)]
  23: f98->f101, V: V [O(n)]
  23: f98->f101, W: W [O(n)]
  23: f98->f101, X: X [O(n)]
  23: f98->f101, Y: Y [O(n)]
  23: f98->f101, Z: Z [O(n)]
  24: f98->f126, A: 100 [O(1)]
  24: f98->f126, A1: A1 [O(n)]
  24: f98->f126, B: 0 [O(1)]
  24: f98->f126, B1: B1 [O(n)]
  24: f98->f126, C: 0 [O(1)]
  24: f98->f126, C1: C1 [O(n)]
  24: f98->f126, D: -max{0, -D} [O(n)]
  24: f98->f126, D1: D1 [O(n)]
  24: f98->f126, E: -max{0, -E} [O(n)]
  24: f98->f126, F: -max{-100, -F} [O(n)]
  24: f98->f126, G: 200 [O(1)]
  24: f98->f126, H: 0 [O(1)]
  24: f98->f126, I: 0 [O(1)]
  24: f98->f126, J: -max{0, -J} [O(n)]
  24: f98->f126, K: -max{0, -K} [O(n)]
  24: f98->f126, L: -max{-200, -L} [O(n)]
  24: f98->f126, M: 50 [O(1)]
  24: f98->f126, N: 0 [O(1)]
  24: f98->f126, O: 0 [O(1)]
  24: f98->f126, P: P [O(n)]
  24: f98->f126, Q: Q [O(n)]
  24: f98->f126, R: R [O(n)]
  24: f98->f126, S: S [O(n)]
  24: f98->f126, T: T [O(n)]
  24: f98->f126, U: U [O(n)]
  24: f98->f126, V: V [O(n)]
  24: f98->f126, W: W [O(n)]
  24: f98->f126, X: X [O(n)]
  24: f98->f126, Y: Y [O(n)]
  24: f98->f126, Z: Z [O(n)]
`Upper:
  0: f0->f18, A: 100 [O(1)]
  0: f0->f18, A1: A1 [O(n)]
  0: f0->f18, B: 0 [O(1)]
  0: f0->f18, B1: B1 [O(n)]
  0: f0->f18, C: C [O(n)]
  0: f0->f18, C1: C1 [O(n)]
  0: f0->f18, D: D [O(n)]
  0: f0->f18, D1: D1 [O(n)]
  0: f0->f18, E: E [O(n)]
  0: f0->f18, F: F [O(n)]
  0: f0->f18, G: G [O(n)]
  0: f0->f18, H: H [O(n)]
  0: f0->f18, I: I [O(n)]
  0: f0->f18, J: J [O(n)]
  0: f0->f18, K: K [O(n)]
  0: f0->f18, L: L [O(n)]
  0: f0->f18, M: M [O(n)]
  0: f0->f18, N: N [O(n)]
  0: f0->f18, O: O [O(n)]
  0: f0->f18, P: P [O(n)]
  0: f0->f18, Q: Q [O(n)]
  0: f0->f18, R: R [O(n)]
  0: f0->f18, S: S [O(n)]
  0: f0->f18, T: T [O(n)]
  0: f0->f18, U: U [O(n)]
  0: f0->f18, V: V [O(n)]
  0: f0->f18, W: W [O(n)]
  0: f0->f18, X: X [O(n)]
  0: f0->f18, Y: Y [O(n)]
  0: f0->f18, Z: Z [O(n)]
  1: f0->f18, A: 100 [O(1)]
  1: f0->f18, A1: A1 [O(n)]
  1: f0->f18, B: 10 [O(1)]
  1: f0->f18, B1: B1 [O(n)]
  1: f0->f18, C: C [O(n)]
  1: f0->f18, C1: C1 [O(n)]
  1: f0->f18, D: D [O(n)]
  1: f0->f18, D1: D1 [O(n)]
  1: f0->f18, E: E [O(n)]
  1: f0->f18, F: F [O(n)]
  1: f0->f18, G: G [O(n)]
  1: f0->f18, H: H [O(n)]
  1: f0->f18, I: I [O(n)]
  1: f0->f18, J: J [O(n)]
  1: f0->f18, K: K [O(n)]
  1: f0->f18, L: L [O(n)]
  1: f0->f18, M: M [O(n)]
  1: f0->f18, N: N [O(n)]
  1: f0->f18, O: O [O(n)]
  1: f0->f18, P: P [O(n)]
  1: f0->f18, Q: Q [O(n)]
  1: f0->f18, R: R [O(n)]
  1: f0->f18, S: S [O(n)]
  1: f0->f18, T: T [O(n)]
  1: f0->f18, U: U [O(n)]
  1: f0->f18, V: V [O(n)]
  1: f0->f18, W: W [O(n)]
  1: f0->f18, X: X [O(n)]
  1: f0->f18, Y: Y [O(n)]
  1: f0->f18, Z: Z [O(n)]
  25: f101->f107, A: 100 [O(1)]
  25: f101->f107, A1: A1 [O(n)]
  25: f101->f107, B: 10 [O(1)]
  25: f101->f107, B1: B1 [O(n)]
  25: f101->f107, C: 10 [O(1)]
  25: f101->f107, C1: C1 [O(n)]
  25: f101->f107, D: max{10, D} [O(n)]
  25: f101->f107, D1: D1 [O(n)]
  25: f101->f107, E: max{10, E} [O(n)]
  25: f101->f107, F: max{100, F} [O(n)]
  25: f101->f107, G: 200 [O(1)]
  25: f101->f107, H: 10 [O(1)]
  25: f101->f107, I: 10 [O(1)]
  25: f101->f107, J: max{10, J} [O(n)]
  25: f101->f107, K: max{10, K} [O(n)]
  25: f101->f107, L: max{200, L} [O(n)]
  25: f101->f107, M: 50 [O(1)]
  25: f101->f107, N: 10 [O(1)]
  25: f101->f107, O: 10 [O(1)]
  25: f101->f107, P: 0 [O(1)]
  25: f101->f107, Q: Q [O(n)]
  25: f101->f107, R: R [O(n)]
  25: f101->f107, S: S [O(n)]
  25: f101->f107, T: T [O(n)]
  25: f101->f107, U: U [O(n)]
  25: f101->f107, V: V [O(n)]
  25: f101->f107, W: W [O(n)]
  25: f101->f107, X: X [O(n)]
  25: f101->f107, Y: Y [O(n)]
  25: f101->f107, Z: Z [O(n)]
  26: f101->f107, A: 100 [O(1)]
  26: f101->f107, A1: A1 [O(n)]
  26: f101->f107, B: 10 [O(1)]
  26: f101->f107, B1: B1 [O(n)]
  26: f101->f107, C: 10 [O(1)]
  26: f101->f107, C1: C1 [O(n)]
  26: f101->f107, D: max{10, D} [O(n)]
  26: f101->f107, D1: D1 [O(n)]
  26: f101->f107, E: max{10, E} [O(n)]
  26: f101->f107, F: max{100, F} [O(n)]
  26: f101->f107, G: 200 [O(1)]
  26: f101->f107, H: 10 [O(1)]
  26: f101->f107, I: 10 [O(1)]
  26: f101->f107, J: max{10, J} [O(n)]
  26: f101->f107, K: max{10, K} [O(n)]
  26: f101->f107, L: max{200, L} [O(n)]
  26: f101->f107, M: 50 [O(1)]
  26: f101->f107, N: 10 [O(1)]
  26: f101->f107, O: 10 [O(1)]
  26: f101->f107, P: 10 [O(1)]
  26: f101->f107, Q: Q [O(n)]
  26: f101->f107, R: R [O(n)]
  26: f101->f107, S: S [O(n)]
  26: f101->f107, T: T [O(n)]
  26: f101->f107, U: U [O(n)]
  26: f101->f107, V: V [O(n)]
  26: f101->f107, W: W [O(n)]
  26: f101->f107, X: X [O(n)]
  26: f101->f107, Y: Y [O(n)]
  26: f101->f107, Z: Z [O(n)]
  27: f107->f126, A: 100 [O(1)]
  27: f107->f126, A1: A1 [O(n)]
  27: f107->f126, B: 10 [O(1)]
  27: f107->f126, B1: B1 [O(n)]
  27: f107->f126, C: 10 [O(1)]
  27: f107->f126, C1: C1 [O(n)]
  27: f107->f126, D: max{10, D} [O(n)]
  27: f107->f126, D1: D1 [O(n)]
  27: f107->f126, E: max{10, E} [O(n)]
  27: f107->f126, F: max{100, F} [O(n)]
  27: f107->f126, G: 200 [O(1)]
  27: f107->f126, H: 10 [O(1)]
  27: f107->f126, I: 10 [O(1)]
  27: f107->f126, J: max{10, J} [O(n)]
  27: f107->f126, K: max{10, K} [O(n)]
  27: f107->f126, L: max{200, L} [O(n)]
  27: f107->f126, M: 50 [O(1)]
  27: f107->f126, N: 10 [O(1)]
  27: f107->f126, O: 10 [O(1)]
  27: f107->f126, P: 0 [O(1)]
  27: f107->f126, Q: 0 [O(1)]
  27: f107->f126, R: R [O(n)]
  27: f107->f126, S: S [O(n)]
  27: f107->f126, T: T [O(n)]
  27: f107->f126, U: U [O(n)]
  27: f107->f126, V: V [O(n)]
  27: f107->f126, W: W [O(n)]
  27: f107->f126, X: X [O(n)]
  27: f107->f126, Y: Y [O(n)]
  27: f107->f126, Z: Z [O(n)]
  29: f107->f110, A: 100 [O(1)]
  29: f107->f110, A1: A1 [O(n)]
  29: f107->f110, B: 10 [O(1)]
  29: f107->f110, B1: B1 [O(n)]
  29: f107->f110, C: 10 [O(1)]
  29: f107->f110, C1: C1 [O(n)]
  29: f107->f110, D: max{10, D} [O(n)]
  29: f107->f110, D1: D1 [O(n)]
  29: f107->f110, E: max{10, E} [O(n)]
  29: f107->f110, F: max{100, F} [O(n)]
  29: f107->f110, G: 200 [O(1)]
  29: f107->f110, H: 10 [O(1)]
  29: f107->f110, I: 10 [O(1)]
  29: f107->f110, J: max{10, J} [O(n)]
  29: f107->f110, K: max{10, K} [O(n)]
  29: f107->f110, L: max{200, L} [O(n)]
  29: f107->f110, M: 50 [O(1)]
  29: f107->f110, N: 10 [O(1)]
  29: f107->f110, O: 10 [O(1)]
  29: f107->f110, P: 10 [O(1)]
  29: f107->f110, Q: 10 [O(1)]
  29: f107->f110, R: 0 [O(1)]
  29: f107->f110, S: S [O(n)]
  29: f107->f110, T: T [O(n)]
  29: f107->f110, U: U [O(n)]
  29: f107->f110, V: V [O(n)]
  29: f107->f110, W: W [O(n)]
  29: f107->f110, X: X [O(n)]
  29: f107->f110, Y: Y [O(n)]
  29: f107->f110, Z: Z [O(n)]
  54: f110->f110, A: 100 [O(1)]
  54: f110->f110, A1: A1 [O(n)]
  54: f110->f110, B: 10 [O(1)]
  54: f110->f110, B1: B1 [O(n)]
  54: f110->f110, C: 10 [O(1)]
  54: f110->f110, C1: C1 [O(n)]
  54: f110->f110, D: max{10, D} [O(n)]
  54: f110->f110, D1: D1 [O(n)]
  54: f110->f110, E: max{10, E} [O(n)]
  54: f110->f110, F: max{100, F} [O(n)]
  54: f110->f110, G: 200 [O(1)]
  54: f110->f110, H: 10 [O(1)]
  54: f110->f110, I: 10 [O(1)]
  54: f110->f110, J: max{10, J} [O(n)]
  54: f110->f110, K: max{10, K} [O(n)]
  54: f110->f110, L: max{200, L} [O(n)]
  54: f110->f110, M: 50 [O(1)]
  54: f110->f110, N: 10 [O(1)]
  54: f110->f110, O: 10 [O(1)]
  54: f110->f110, P: 10 [O(1)]
  54: f110->f110, Q: 10 [O(1)]
  54: f110->f110, R: 50 [O(1)]
  54: f110->f110, S: S [O(n)]
  54: f110->f110, T: T [O(n)]
  54: f110->f110, U: U [O(n)]
  54: f110->f110, V: V [O(n)]
  54: f110->f110, W: W [O(n)]
  54: f110->f110, X: X [O(n)]
  54: f110->f110, Y: Y [O(n)]
  54: f110->f110, Z: Z [O(n)]
  55: f110->f126, A: 100 [O(1)]
  55: f110->f126, A1: A1 [O(n)]
  55: f110->f126, B: 10 [O(1)]
  55: f110->f126, B1: B1 [O(n)]
  55: f110->f126, C: 10 [O(1)]
  55: f110->f126, C1: C1 [O(n)]
  55: f110->f126, D: max{10, D} [O(n)]
  55: f110->f126, D1: D1 [O(n)]
  55: f110->f126, E: max{10, E} [O(n)]
  55: f110->f126, F: max{100, F} [O(n)]
  55: f110->f126, G: 200 [O(1)]
  55: f110->f126, H: 10 [O(1)]
  55: f110->f126, I: 10 [O(1)]
  55: f110->f126, J: max{10, J} [O(n)]
  55: f110->f126, K: max{10, K} [O(n)]
  55: f110->f126, L: max{200, L} [O(n)]
  55: f110->f126, M: 50 [O(1)]
  55: f110->f126, N: 10 [O(1)]
  55: f110->f126, O: 10 [O(1)]
  55: f110->f126, P: 10 [O(1)]
  55: f110->f126, Q: 10 [O(1)]
  55: f110->f126, R: 50 [O(1)]
  55: f110->f126, S: S [O(n)]
  55: f110->f126, T: T [O(n)]
  55: f110->f126, U: U [O(n)]
  55: f110->f126, V: V [O(n)]
  55: f110->f126, W: W [O(n)]
  55: f110->f126, X: X [O(n)]
  55: f110->f126, Y: Y [O(n)]
  55: f110->f126, Z: Z [O(n)]
  30: f126->f138, A: 100 [O(1)]
  30: f126->f138, A1: A1 [O(n)]
  30: f126->f138, B: 10 [O(1)]
  30: f126->f138, B1: B1 [O(n)]
  30: f126->f138, C: 10 [O(1)]
  30: f126->f138, C1: C1 [O(n)]
  30: f126->f138, D: max{10, D} [O(n)]
  30: f126->f138, D1: D1 [O(n)]
  30: f126->f138, E: max{10, E} [O(n)]
  30: f126->f138, F: max{100, F} [O(n)]
  30: f126->f138, G: 200 [O(1)]
  30: f126->f138, H: 10 [O(1)]
  30: f126->f138, I: 10 [O(1)]
  30: f126->f138, J: max{10, J} [O(n)]
  30: f126->f138, K: max{10, K} [O(n)]
  30: f126->f138, L: max{200, L} [O(n)]
  30: f126->f138, M: 50 [O(1)]
  30: f126->f138, N: 10 [O(1)]
  30: f126->f138, O: 10 [O(1)]
  30: f126->f138, P: max{10, P} [O(n)]
  30: f126->f138, Q: max{10, Q} [O(n)]
  30: f126->f138, R: max{50, R} [O(n)]
  30: f126->f138, S: 20 [O(1)]
  30: f126->f138, T: 0 [O(1)]
  30: f126->f138, U: U [O(n)]
  30: f126->f138, V: V [O(n)]
  30: f126->f138, W: W [O(n)]
  30: f126->f138, X: X [O(n)]
  30: f126->f138, Y: Y [O(n)]
  30: f126->f138, Z: Z [O(n)]
  31: f126->f138, A: 100 [O(1)]
  31: f126->f138, A1: A1 [O(n)]
  31: f126->f138, B: 10 [O(1)]
  31: f126->f138, B1: B1 [O(n)]
  31: f126->f138, C: 10 [O(1)]
  31: f126->f138, C1: C1 [O(n)]
  31: f126->f138, D: max{10, D} [O(n)]
  31: f126->f138, D1: D1 [O(n)]
  31: f126->f138, E: max{10, E} [O(n)]
  31: f126->f138, F: max{100, F} [O(n)]
  31: f126->f138, G: 200 [O(1)]
  31: f126->f138, H: 10 [O(1)]
  31: f126->f138, I: 10 [O(1)]
  31: f126->f138, J: max{10, J} [O(n)]
  31: f126->f138, K: max{10, K} [O(n)]
  31: f126->f138, L: max{200, L} [O(n)]
  31: f126->f138, M: 50 [O(1)]
  31: f126->f138, N: 10 [O(1)]
  31: f126->f138, O: 10 [O(1)]
  31: f126->f138, P: max{10, P} [O(n)]
  31: f126->f138, Q: max{10, Q} [O(n)]
  31: f126->f138, R: max{50, R} [O(n)]
  31: f126->f138, S: 20 [O(1)]
  31: f126->f138, T: 10 [O(1)]
  31: f126->f138, U: U [O(n)]
  31: f126->f138, V: V [O(n)]
  31: f126->f138, W: W [O(n)]
  31: f126->f138, X: X [O(n)]
  31: f126->f138, Y: Y [O(n)]
  31: f126->f138, Z: Z [O(n)]
  33: f138->f141, A: 100 [O(1)]
  33: f138->f141, A1: A1 [O(n)]
  33: f138->f141, B: 10 [O(1)]
  33: f138->f141, B1: B1 [O(n)]
  33: f138->f141, C: 10 [O(1)]
  33: f138->f141, C1: C1 [O(n)]
  33: f138->f141, D: max{10, D} [O(n)]
  33: f138->f141, D1: D1 [O(n)]
  33: f138->f141, E: max{10, E} [O(n)]
  33: f138->f141, F: max{100, F} [O(n)]
  33: f138->f141, G: 200 [O(1)]
  33: f138->f141, H: 10 [O(1)]
  33: f138->f141, I: 10 [O(1)]
  33: f138->f141, J: max{10, J} [O(n)]
  33: f138->f141, K: max{10, K} [O(n)]
  33: f138->f141, L: max{200, L} [O(n)]
  33: f138->f141, M: 50 [O(1)]
  33: f138->f141, N: 10 [O(1)]
  33: f138->f141, O: 10 [O(1)]
  33: f138->f141, P: max{10, P} [O(n)]
  33: f138->f141, Q: max{10, Q} [O(n)]
  33: f138->f141, R: max{50, R} [O(n)]
  33: f138->f141, S: 20 [O(1)]
  33: f138->f141, T: 10 [O(1)]
  33: f138->f141, U: 10 [O(1)]
  33: f138->f141, V: V [O(n)]
  33: f138->f141, W: W [O(n)]
  33: f138->f141, X: X [O(n)]
  33: f138->f141, Y: Y [O(n)]
  33: f138->f141, Z: Z [O(n)]
  34: f138->f166, A: 100 [O(1)]
  34: f138->f166, A1: A1 [O(n)]
  34: f138->f166, B: 10 [O(1)]
  34: f138->f166, B1: B1 [O(n)]
  34: f138->f166, C: 10 [O(1)]
  34: f138->f166, C1: C1 [O(n)]
  34: f138->f166, D: max{10, D} [O(n)]
  34: f138->f166, D1: D1 [O(n)]
  34: f138->f166, E: max{10, E} [O(n)]
  34: f138->f166, F: max{100, F} [O(n)]
  34: f138->f166, G: 200 [O(1)]
  34: f138->f166, H: 10 [O(1)]
  34: f138->f166, I: 10 [O(1)]
  34: f138->f166, J: max{10, J} [O(n)]
  34: f138->f166, K: max{10, K} [O(n)]
  34: f138->f166, L: max{200, L} [O(n)]
  34: f138->f166, M: 50 [O(1)]
  34: f138->f166, N: 10 [O(1)]
  34: f138->f166, O: 10 [O(1)]
  34: f138->f166, P: max{10, P} [O(n)]
  34: f138->f166, Q: max{10, Q} [O(n)]
  34: f138->f166, R: max{50, R} [O(n)]
  34: f138->f166, S: 20 [O(1)]
  34: f138->f166, T: 0 [O(1)]
  34: f138->f166, U: 0 [O(1)]
  34: f138->f166, V: V [O(n)]
  34: f138->f166, W: W [O(n)]
  34: f138->f166, X: X [O(n)]
  34: f138->f166, Y: Y [O(n)]
  34: f138->f166, Z: Z [O(n)]
  35: f141->f147, A: 100 [O(1)]
  35: f141->f147, A1: A1 [O(n)]
  35: f141->f147, B: 10 [O(1)]
  35: f141->f147, B1: B1 [O(n)]
  35: f141->f147, C: 10 [O(1)]
  35: f141->f147, C1: C1 [O(n)]
  35: f141->f147, D: max{10, D} [O(n)]
  35: f141->f147, D1: D1 [O(n)]
  35: f141->f147, E: max{10, E} [O(n)]
  35: f141->f147, F: max{100, F} [O(n)]
  35: f141->f147, G: 200 [O(1)]
  35: f141->f147, H: 10 [O(1)]
  35: f141->f147, I: 10 [O(1)]
  35: f141->f147, J: max{10, J} [O(n)]
  35: f141->f147, K: max{10, K} [O(n)]
  35: f141->f147, L: max{200, L} [O(n)]
  35: f141->f147, M: 50 [O(1)]
  35: f141->f147, N: 10 [O(1)]
  35: f141->f147, O: 10 [O(1)]
  35: f141->f147, P: max{10, P} [O(n)]
  35: f141->f147, Q: max{10, Q} [O(n)]
  35: f141->f147, R: max{50, R} [O(n)]
  35: f141->f147, S: 20 [O(1)]
  35: f141->f147, T: 10 [O(1)]
  35: f141->f147, U: 10 [O(1)]
  35: f141->f147, V: 0 [O(1)]
  35: f141->f147, W: W [O(n)]
  35: f141->f147, X: X [O(n)]
  35: f141->f147, Y: Y [O(n)]
  35: f141->f147, Z: Z [O(n)]
  36: f141->f147, A: 100 [O(1)]
  36: f141->f147, A1: A1 [O(n)]
  36: f141->f147, B: 10 [O(1)]
  36: f141->f147, B1: B1 [O(n)]
  36: f141->f147, C: 10 [O(1)]
  36: f141->f147, C1: C1 [O(n)]
  36: f141->f147, D: max{10, D} [O(n)]
  36: f141->f147, D1: D1 [O(n)]
  36: f141->f147, E: max{10, E} [O(n)]
  36: f141->f147, F: max{100, F} [O(n)]
  36: f141->f147, G: 200 [O(1)]
  36: f141->f147, H: 10 [O(1)]
  36: f141->f147, I: 10 [O(1)]
  36: f141->f147, J: max{10, J} [O(n)]
  36: f141->f147, K: max{10, K} [O(n)]
  36: f141->f147, L: max{200, L} [O(n)]
  36: f141->f147, M: 50 [O(1)]
  36: f141->f147, N: 10 [O(1)]
  36: f141->f147, O: 10 [O(1)]
  36: f141->f147, P: max{10, P} [O(n)]
  36: f141->f147, Q: max{10, Q} [O(n)]
  36: f141->f147, R: max{50, R} [O(n)]
  36: f141->f147, S: 20 [O(1)]
  36: f141->f147, T: 10 [O(1)]
  36: f141->f147, U: 10 [O(1)]
  36: f141->f147, V: 10 [O(1)]
  36: f141->f147, W: W [O(n)]
  36: f141->f147, X: X [O(n)]
  36: f141->f147, Y: Y [O(n)]
  36: f141->f147, Z: Z [O(n)]
  37: f147->f166, A: 100 [O(1)]
  37: f147->f166, A1: A1 [O(n)]
  37: f147->f166, B: 10 [O(1)]
  37: f147->f166, B1: B1 [O(n)]
  37: f147->f166, C: 10 [O(1)]
  37: f147->f166, C1: C1 [O(n)]
  37: f147->f166, D: max{10, D} [O(n)]
  37: f147->f166, D1: D1 [O(n)]
  37: f147->f166, E: max{10, E} [O(n)]
  37: f147->f166, F: max{100, F} [O(n)]
  37: f147->f166, G: 200 [O(1)]
  37: f147->f166, H: 10 [O(1)]
  37: f147->f166, I: 10 [O(1)]
  37: f147->f166, J: max{10, J} [O(n)]
  37: f147->f166, K: max{10, K} [O(n)]
  37: f147->f166, L: max{200, L} [O(n)]
  37: f147->f166, M: 50 [O(1)]
  37: f147->f166, N: 10 [O(1)]
  37: f147->f166, O: 10 [O(1)]
  37: f147->f166, P: max{10, P} [O(n)]
  37: f147->f166, Q: max{10, Q} [O(n)]
  37: f147->f166, R: max{50, R} [O(n)]
  37: f147->f166, S: 20 [O(1)]
  37: f147->f166, T: 10 [O(1)]
  37: f147->f166, U: 10 [O(1)]
  37: f147->f166, V: 0 [O(1)]
  37: f147->f166, W: 0 [O(1)]
  37: f147->f166, X: X [O(n)]
  37: f147->f166, Y: Y [O(n)]
  37: f147->f166, Z: Z [O(n)]
  39: f147->f150, A: 100 [O(1)]
  39: f147->f150, A1: A1 [O(n)]
  39: f147->f150, B: 10 [O(1)]
  39: f147->f150, B1: B1 [O(n)]
  39: f147->f150, C: 10 [O(1)]
  39: f147->f150, C1: C1 [O(n)]
  39: f147->f150, D: max{10, D} [O(n)]
  39: f147->f150, D1: D1 [O(n)]
  39: f147->f150, E: max{10, E} [O(n)]
  39: f147->f150, F: max{100, F} [O(n)]
  39: f147->f150, G: 200 [O(1)]
  39: f147->f150, H: 10 [O(1)]
  39: f147->f150, I: 10 [O(1)]
  39: f147->f150, J: max{10, J} [O(n)]
  39: f147->f150, K: max{10, K} [O(n)]
  39: f147->f150, L: max{200, L} [O(n)]
  39: f147->f150, M: 50 [O(1)]
  39: f147->f150, N: 10 [O(1)]
  39: f147->f150, O: 10 [O(1)]
  39: f147->f150, P: max{10, P} [O(n)]
  39: f147->f150, Q: max{10, Q} [O(n)]
  39: f147->f150, R: max{50, R} [O(n)]
  39: f147->f150, S: 20 [O(1)]
  39: f147->f150, T: 10 [O(1)]
  39: f147->f150, U: 10 [O(1)]
  39: f147->f150, V: 10 [O(1)]
  39: f147->f150, W: 10 [O(1)]
  39: f147->f150, X: 0 [O(1)]
  39: f147->f150, Y: Y [O(n)]
  39: f147->f150, Z: Z [O(n)]
  52: f150->f150, A: 100 [O(1)]
  52: f150->f150, A1: A1 [O(n)]
  52: f150->f150, B: 10 [O(1)]
  52: f150->f150, B1: B1 [O(n)]
  52: f150->f150, C: 10 [O(1)]
  52: f150->f150, C1: C1 [O(n)]
  52: f150->f150, D: max{10, D} [O(n)]
  52: f150->f150, D1: D1 [O(n)]
  52: f150->f150, E: max{10, E} [O(n)]
  52: f150->f150, F: max{100, F} [O(n)]
  52: f150->f150, G: 200 [O(1)]
  52: f150->f150, H: 10 [O(1)]
  52: f150->f150, I: 10 [O(1)]
  52: f150->f150, J: max{10, J} [O(n)]
  52: f150->f150, K: max{10, K} [O(n)]
  52: f150->f150, L: max{200, L} [O(n)]
  52: f150->f150, M: 50 [O(1)]
  52: f150->f150, N: 10 [O(1)]
  52: f150->f150, O: 10 [O(1)]
  52: f150->f150, P: max{10, P} [O(n)]
  52: f150->f150, Q: max{10, Q} [O(n)]
  52: f150->f150, R: max{50, R} [O(n)]
  52: f150->f150, S: 20 [O(1)]
  52: f150->f150, T: 10 [O(1)]
  52: f150->f150, U: 10 [O(1)]
  52: f150->f150, V: 10 [O(1)]
  52: f150->f150, W: 10 [O(1)]
  52: f150->f150, X: 20 [O(1)]
  52: f150->f150, Y: Y [O(n)]
  52: f150->f150, Z: Z [O(n)]
  53: f150->f166, A: 100 [O(1)]
  53: f150->f166, A1: A1 [O(n)]
  53: f150->f166, B: 10 [O(1)]
  53: f150->f166, B1: B1 [O(n)]
  53: f150->f166, C: 10 [O(1)]
  53: f150->f166, C1: C1 [O(n)]
  53: f150->f166, D: max{10, D} [O(n)]
  53: f150->f166, D1: D1 [O(n)]
  53: f150->f166, E: max{10, E} [O(n)]
  53: f150->f166, F: max{100, F} [O(n)]
  53: f150->f166, G: 200 [O(1)]
  53: f150->f166, H: 10 [O(1)]
  53: f150->f166, I: 10 [O(1)]
  53: f150->f166, J: max{10, J} [O(n)]
  53: f150->f166, K: max{10, K} [O(n)]
  53: f150->f166, L: max{200, L} [O(n)]
  53: f150->f166, M: 50 [O(1)]
  53: f150->f166, N: 10 [O(1)]
  53: f150->f166, O: 10 [O(1)]
  53: f150->f166, P: max{10, P} [O(n)]
  53: f150->f166, Q: max{10, Q} [O(n)]
  53: f150->f166, R: max{50, R} [O(n)]
  53: f150->f166, S: 20 [O(1)]
  53: f150->f166, T: 10 [O(1)]
  53: f150->f166, U: 10 [O(1)]
  53: f150->f166, V: 10 [O(1)]
  53: f150->f166, W: 10 [O(1)]
  53: f150->f166, X: 20 [O(1)]
  53: f150->f166, Y: Y [O(n)]
  53: f150->f166, Z: Z [O(n)]
  40: f166->f178, A: 100 [O(1)]
  40: f166->f178, A1: A1 [O(n)]
  40: f166->f178, B: 10 [O(1)]
  40: f166->f178, B1: B1 [O(n)]
  40: f166->f178, C: 10 [O(1)]
  40: f166->f178, C1: C1 [O(n)]
  40: f166->f178, D: max{10, D} [O(n)]
  40: f166->f178, D1: D1 [O(n)]
  40: f166->f178, E: max{10, E} [O(n)]
  40: f166->f178, F: max{100, F} [O(n)]
  40: f166->f178, G: 200 [O(1)]
  40: f166->f178, H: 10 [O(1)]
  40: f166->f178, I: 10 [O(1)]
  40: f166->f178, J: max{10, J} [O(n)]
  40: f166->f178, K: max{10, K} [O(n)]
  40: f166->f178, L: max{200, L} [O(n)]
  40: f166->f178, M: 50 [O(1)]
  40: f166->f178, N: 10 [O(1)]
  40: f166->f178, O: 10 [O(1)]
  40: f166->f178, P: max{10, P} [O(n)]
  40: f166->f178, Q: max{10, Q} [O(n)]
  40: f166->f178, R: max{50, R} [O(n)]
  40: f166->f178, S: 20 [O(1)]
  40: f166->f178, T: 10 [O(1)]
  40: f166->f178, U: 10 [O(1)]
  40: f166->f178, V: max{10, V} [O(n)]
  40: f166->f178, W: max{10, W} [O(n)]
  40: f166->f178, X: max{20, X} [O(n)]
  40: f166->f178, Y: 200 [O(1)]
  40: f166->f178, Z: 0 [O(1)]
  41: f166->f178, A: 100 [O(1)]
  41: f166->f178, A1: A1 [O(n)]
  41: f166->f178, B: 10 [O(1)]
  41: f166->f178, B1: B1 [O(n)]
  41: f166->f178, C: 10 [O(1)]
  41: f166->f178, C1: C1 [O(n)]
  41: f166->f178, D: max{10, D} [O(n)]
  41: f166->f178, D1: D1 [O(n)]
  41: f166->f178, E: max{10, E} [O(n)]
  41: f166->f178, F: max{100, F} [O(n)]
  41: f166->f178, G: 200 [O(1)]
  41: f166->f178, H: 10 [O(1)]
  41: f166->f178, I: 10 [O(1)]
  41: f166->f178, J: max{10, J} [O(n)]
  41: f166->f178, K: max{10, K} [O(n)]
  41: f166->f178, L: max{200, L} [O(n)]
  41: f166->f178, M: 50 [O(1)]
  41: f166->f178, N: 10 [O(1)]
  41: f166->f178, O: 10 [O(1)]
  41: f166->f178, P: max{10, P} [O(n)]
  41: f166->f178, Q: max{10, Q} [O(n)]
  41: f166->f178, R: max{50, R} [O(n)]
  41: f166->f178, S: 20 [O(1)]
  41: f166->f178, T: 10 [O(1)]
  41: f166->f178, U: 10 [O(1)]
  41: f166->f178, V: max{10, V} [O(n)]
  41: f166->f178, W: max{10, W} [O(n)]
  41: f166->f178, X: max{20, X} [O(n)]
  41: f166->f178, Y: 200 [O(1)]
  41: f166->f178, Z: 10 [O(1)]
  43: f178->f181, A: 100 [O(1)]
  43: f178->f181, A1: 10 [O(1)]
  43: f178->f181, B: 10 [O(1)]
  43: f178->f181, B1: B1 [O(n)]
  43: f178->f181, C: 10 [O(1)]
  43: f178->f181, C1: C1 [O(n)]
  43: f178->f181, D: max{10, D} [O(n)]
  43: f178->f181, D1: D1 [O(n)]
  43: f178->f181, E: max{10, E} [O(n)]
  43: f178->f181, F: max{100, F} [O(n)]
  43: f178->f181, G: 200 [O(1)]
  43: f178->f181, H: 10 [O(1)]
  43: f178->f181, I: 10 [O(1)]
  43: f178->f181, J: max{10, J} [O(n)]
  43: f178->f181, K: max{10, K} [O(n)]
  43: f178->f181, L: max{200, L} [O(n)]
  43: f178->f181, M: 50 [O(1)]
  43: f178->f181, N: 10 [O(1)]
  43: f178->f181, O: 10 [O(1)]
  43: f178->f181, P: max{10, P} [O(n)]
  43: f178->f181, Q: max{10, Q} [O(n)]
  43: f178->f181, R: max{50, R} [O(n)]
  43: f178->f181, S: 20 [O(1)]
  43: f178->f181, T: 10 [O(1)]
  43: f178->f181, U: 10 [O(1)]
  43: f178->f181, V: max{10, V} [O(n)]
  43: f178->f181, W: max{10, W} [O(n)]
  43: f178->f181, X: max{20, X} [O(n)]
  43: f178->f181, Y: 200 [O(1)]
  43: f178->f181, Z: 10 [O(1)]
  48: f178->f207, A: 100 [O(1)]
  48: f178->f207, A1: 0 [O(1)]
  48: f178->f207, B: 10 [O(1)]
  48: f178->f207, B1: B1 [O(n)]
  48: f178->f207, C: 10 [O(1)]
  48: f178->f207, C1: C1 [O(n)]
  48: f178->f207, D: max{10, D} [O(n)]
  48: f178->f207, D1: D1 [O(n)]
  48: f178->f207, E: max{10, E} [O(n)]
  48: f178->f207, F: max{100, F} [O(n)]
  48: f178->f207, G: 200 [O(1)]
  48: f178->f207, H: 10 [O(1)]
  48: f178->f207, I: 10 [O(1)]
  48: f178->f207, J: max{10, J} [O(n)]
  48: f178->f207, K: max{10, K} [O(n)]
  48: f178->f207, L: max{200, L} [O(n)]
  48: f178->f207, M: 50 [O(1)]
  48: f178->f207, N: 10 [O(1)]
  48: f178->f207, O: 10 [O(1)]
  48: f178->f207, P: max{10, P} [O(n)]
  48: f178->f207, Q: max{10, Q} [O(n)]
  48: f178->f207, R: max{50, R} [O(n)]
  48: f178->f207, S: 20 [O(1)]
  48: f178->f207, T: 10 [O(1)]
  48: f178->f207, U: 10 [O(1)]
  48: f178->f207, V: max{10, V} [O(n)]
  48: f178->f207, W: max{10, W} [O(n)]
  48: f178->f207, X: max{20, X} [O(n)]
  48: f178->f207, Y: 200 [O(1)]
  48: f178->f207, Z: 0 [O(1)]
  2: f18->f21, A: 100 [O(1)]
  2: f18->f21, A1: A1 [O(n)]
  2: f18->f21, B: -1 [O(1)]
  2: f18->f21, B1: B1 [O(n)]
  2: f18->f21, C: -1 [O(1)]
  2: f18->f21, C1: C1 [O(n)]
  2: f18->f21, D: D [O(n)]
  2: f18->f21, D1: D1 [O(n)]
  2: f18->f21, E: E [O(n)]
  2: f18->f21, F: F [O(n)]
  2: f18->f21, G: G [O(n)]
  2: f18->f21, H: H [O(n)]
  2: f18->f21, I: I [O(n)]
  2: f18->f21, J: J [O(n)]
  2: f18->f21, K: K [O(n)]
  2: f18->f21, L: L [O(n)]
  2: f18->f21, M: M [O(n)]
  2: f18->f21, N: N [O(n)]
  2: f18->f21, O: O [O(n)]
  2: f18->f21, P: P [O(n)]
  2: f18->f21, Q: Q [O(n)]
  2: f18->f21, R: R [O(n)]
  2: f18->f21, S: S [O(n)]
  2: f18->f21, T: T [O(n)]
  2: f18->f21, U: U [O(n)]
  2: f18->f21, V: V [O(n)]
  2: f18->f21, W: W [O(n)]
  2: f18->f21, X: X [O(n)]
  2: f18->f21, Y: Y [O(n)]
  2: f18->f21, Z: Z [O(n)]
  3: f18->f21, A: 100 [O(1)]
  3: f18->f21, A1: A1 [O(n)]
  3: f18->f21, B: 10 [O(1)]
  3: f18->f21, B1: B1 [O(n)]
  3: f18->f21, C: 10 [O(1)]
  3: f18->f21, C1: C1 [O(n)]
  3: f18->f21, D: D [O(n)]
  3: f18->f21, D1: D1 [O(n)]
  3: f18->f21, E: E [O(n)]
  3: f18->f21, F: F [O(n)]
  3: f18->f21, G: G [O(n)]
  3: f18->f21, H: H [O(n)]
  3: f18->f21, I: I [O(n)]
  3: f18->f21, J: J [O(n)]
  3: f18->f21, K: K [O(n)]
  3: f18->f21, L: L [O(n)]
  3: f18->f21, M: M [O(n)]
  3: f18->f21, N: N [O(n)]
  3: f18->f21, O: O [O(n)]
  3: f18->f21, P: P [O(n)]
  3: f18->f21, Q: Q [O(n)]
  3: f18->f21, R: R [O(n)]
  3: f18->f21, S: S [O(n)]
  3: f18->f21, T: T [O(n)]
  3: f18->f21, U: U [O(n)]
  3: f18->f21, V: V [O(n)]
  3: f18->f21, W: W [O(n)]
  3: f18->f21, X: X [O(n)]
  3: f18->f21, Y: Y [O(n)]
  3: f18->f21, Z: Z [O(n)]
  4: f18->f46, A: 100 [O(1)]
  4: f18->f46, A1: A1 [O(n)]
  4: f18->f46, B: 0 [O(1)]
  4: f18->f46, B1: B1 [O(n)]
  4: f18->f46, C: 0 [O(1)]
  4: f18->f46, C1: C1 [O(n)]
  4: f18->f46, D: D [O(n)]
  4: f18->f46, D1: D1 [O(n)]
  4: f18->f46, E: E [O(n)]
  4: f18->f46, F: F [O(n)]
  4: f18->f46, G: G [O(n)]
  4: f18->f46, H: H [O(n)]
  4: f18->f46, I: I [O(n)]
  4: f18->f46, J: J [O(n)]
  4: f18->f46, K: K [O(n)]
  4: f18->f46, L: L [O(n)]
  4: f18->f46, M: M [O(n)]
  4: f18->f46, N: N [O(n)]
  4: f18->f46, O: O [O(n)]
  4: f18->f46, P: P [O(n)]
  4: f18->f46, Q: Q [O(n)]
  4: f18->f46, R: R [O(n)]
  4: f18->f46, S: S [O(n)]
  4: f18->f46, T: T [O(n)]
  4: f18->f46, U: U [O(n)]
  4: f18->f46, V: V [O(n)]
  4: f18->f46, W: W [O(n)]
  4: f18->f46, X: X [O(n)]
  4: f18->f46, Y: Y [O(n)]
  4: f18->f46, Z: Z [O(n)]
  44: f181->f187, A: 100 [O(1)]
  44: f181->f187, A1: 10 [O(1)]
  44: f181->f187, B: 10 [O(1)]
  44: f181->f187, B1: 0 [O(1)]
  44: f181->f187, C: 10 [O(1)]
  44: f181->f187, C1: C1 [O(n)]
  44: f181->f187, D: max{10, D} [O(n)]
  44: f181->f187, D1: D1 [O(n)]
  44: f181->f187, E: max{10, E} [O(n)]
  44: f181->f187, F: max{100, F} [O(n)]
  44: f181->f187, G: 200 [O(1)]
  44: f181->f187, H: 10 [O(1)]
  44: f181->f187, I: 10 [O(1)]
  44: f181->f187, J: max{10, J} [O(n)]
  44: f181->f187, K: max{10, K} [O(n)]
  44: f181->f187, L: max{200, L} [O(n)]
  44: f181->f187, M: 50 [O(1)]
  44: f181->f187, N: 10 [O(1)]
  44: f181->f187, O: 10 [O(1)]
  44: f181->f187, P: max{10, P} [O(n)]
  44: f181->f187, Q: max{10, Q} [O(n)]
  44: f181->f187, R: max{50, R} [O(n)]
  44: f181->f187, S: 20 [O(1)]
  44: f181->f187, T: 10 [O(1)]
  44: f181->f187, U: 10 [O(1)]
  44: f181->f187, V: max{10, V} [O(n)]
  44: f181->f187, W: max{10, W} [O(n)]
  44: f181->f187, X: max{20, X} [O(n)]
  44: f181->f187, Y: 200 [O(1)]
  44: f181->f187, Z: 10 [O(1)]
  45: f181->f187, A: 100 [O(1)]
  45: f181->f187, A1: 10 [O(1)]
  45: f181->f187, B: 10 [O(1)]
  45: f181->f187, B1: 10 [O(1)]
  45: f181->f187, C: 10 [O(1)]
  45: f181->f187, C1: C1 [O(n)]
  45: f181->f187, D: max{10, D} [O(n)]
  45: f181->f187, D1: D1 [O(n)]
  45: f181->f187, E: max{10, E} [O(n)]
  45: f181->f187, F: max{100, F} [O(n)]
  45: f181->f187, G: 200 [O(1)]
  45: f181->f187, H: 10 [O(1)]
  45: f181->f187, I: 10 [O(1)]
  45: f181->f187, J: max{10, J} [O(n)]
  45: f181->f187, K: max{10, K} [O(n)]
  45: f181->f187, L: max{200, L} [O(n)]
  45: f181->f187, M: 50 [O(1)]
  45: f181->f187, N: 10 [O(1)]
  45: f181->f187, O: 10 [O(1)]
  45: f181->f187, P: max{10, P} [O(n)]
  45: f181->f187, Q: max{10, Q} [O(n)]
  45: f181->f187, R: max{50, R} [O(n)]
  45: f181->f187, S: 20 [O(1)]
  45: f181->f187, T: 10 [O(1)]
  45: f181->f187, U: 10 [O(1)]
  45: f181->f187, V: max{10, V} [O(n)]
  45: f181->f187, W: max{10, W} [O(n)]
  45: f181->f187, X: max{20, X} [O(n)]
  45: f181->f187, Y: 200 [O(1)]
  45: f181->f187, Z: 10 [O(1)]
  47: f187->f190, A: 100 [O(1)]
  47: f187->f190, A1: 10 [O(1)]
  47: f187->f190, B: 10 [O(1)]
  47: f187->f190, B1: 10 [O(1)]
  47: f187->f190, C: 10 [O(1)]
  47: f187->f190, C1: 10 [O(1)]
  47: f187->f190, D: max{10, D} [O(n)]
  47: f187->f190, D1: 0 [O(1)]
  47: f187->f190, E: max{10, E} [O(n)]
  47: f187->f190, F: max{100, F} [O(n)]
  47: f187->f190, G: 200 [O(1)]
  47: f187->f190, H: 10 [O(1)]
  47: f187->f190, I: 10 [O(1)]
  47: f187->f190, J: max{10, J} [O(n)]
  47: f187->f190, K: max{10, K} [O(n)]
  47: f187->f190, L: max{200, L} [O(n)]
  47: f187->f190, M: 50 [O(1)]
  47: f187->f190, N: 10 [O(1)]
  47: f187->f190, O: 10 [O(1)]
  47: f187->f190, P: max{10, P} [O(n)]
  47: f187->f190, Q: max{10, Q} [O(n)]
  47: f187->f190, R: max{50, R} [O(n)]
  47: f187->f190, S: 20 [O(1)]
  47: f187->f190, T: 10 [O(1)]
  47: f187->f190, U: 10 [O(1)]
  47: f187->f190, V: max{10, V} [O(n)]
  47: f187->f190, W: max{10, W} [O(n)]
  47: f187->f190, X: max{20, X} [O(n)]
  47: f187->f190, Y: 200 [O(1)]
  47: f187->f190, Z: 10 [O(1)]
  49: f187->f207, A: 100 [O(1)]
  49: f187->f207, A1: 10 [O(1)]
  49: f187->f207, B: 10 [O(1)]
  49: f187->f207, B1: 0 [O(1)]
  49: f187->f207, C: 10 [O(1)]
  49: f187->f207, C1: 0 [O(1)]
  49: f187->f207, D: max{10, D} [O(n)]
  49: f187->f207, D1: D1 [O(n)]
  49: f187->f207, E: max{10, E} [O(n)]
  49: f187->f207, F: max{100, F} [O(n)]
  49: f187->f207, G: 200 [O(1)]
  49: f187->f207, H: 10 [O(1)]
  49: f187->f207, I: 10 [O(1)]
  49: f187->f207, J: max{10, J} [O(n)]
  49: f187->f207, K: max{10, K} [O(n)]
  49: f187->f207, L: max{200, L} [O(n)]
  49: f187->f207, M: 50 [O(1)]
  49: f187->f207, N: 10 [O(1)]
  49: f187->f207, O: 10 [O(1)]
  49: f187->f207, P: max{10, P} [O(n)]
  49: f187->f207, Q: max{10, Q} [O(n)]
  49: f187->f207, R: max{50, R} [O(n)]
  49: f187->f207, S: 20 [O(1)]
  49: f187->f207, T: 10 [O(1)]
  49: f187->f207, U: 10 [O(1)]
  49: f187->f207, V: max{10, V} [O(n)]
  49: f187->f207, W: max{10, W} [O(n)]
  49: f187->f207, X: max{20, X} [O(n)]
  49: f187->f207, Y: 200 [O(1)]
  49: f187->f207, Z: 10 [O(1)]
  50: f190->f190, A: 100 [O(1)]
  50: f190->f190, A1: 10 [O(1)]
  50: f190->f190, B: 10 [O(1)]
  50: f190->f190, B1: 10 [O(1)]
  50: f190->f190, C: 10 [O(1)]
  50: f190->f190, C1: 10 [O(1)]
  50: f190->f190, D: max{10, D} [O(n)]
  50: f190->f190, D1: 200 [O(1)]
  50: f190->f190, E: max{10, E} [O(n)]
  50: f190->f190, F: max{100, F} [O(n)]
  50: f190->f190, G: 200 [O(1)]
  50: f190->f190, H: 10 [O(1)]
  50: f190->f190, I: 10 [O(1)]
  50: f190->f190, J: max{10, J} [O(n)]
  50: f190->f190, K: max{10, K} [O(n)]
  50: f190->f190, L: max{200, L} [O(n)]
  50: f190->f190, M: 50 [O(1)]
  50: f190->f190, N: 10 [O(1)]
  50: f190->f190, O: 10 [O(1)]
  50: f190->f190, P: max{10, P} [O(n)]
  50: f190->f190, Q: max{10, Q} [O(n)]
  50: f190->f190, R: max{50, R} [O(n)]
  50: f190->f190, S: 20 [O(1)]
  50: f190->f190, T: 10 [O(1)]
  50: f190->f190, U: 10 [O(1)]
  50: f190->f190, V: max{10, V} [O(n)]
  50: f190->f190, W: max{10, W} [O(n)]
  50: f190->f190, X: max{20, X} [O(n)]
  50: f190->f190, Y: 200 [O(1)]
  50: f190->f190, Z: 10 [O(1)]
  51: f190->f207, A: 100 [O(1)]
  51: f190->f207, A1: 10 [O(1)]
  51: f190->f207, B: 10 [O(1)]
  51: f190->f207, B1: 10 [O(1)]
  51: f190->f207, C: 10 [O(1)]
  51: f190->f207, C1: 10 [O(1)]
  51: f190->f207, D: max{10, D} [O(n)]
  51: f190->f207, D1: 200 [O(1)]
  51: f190->f207, E: max{10, E} [O(n)]
  51: f190->f207, F: max{100, F} [O(n)]
  51: f190->f207, G: 200 [O(1)]
  51: f190->f207, H: 10 [O(1)]
  51: f190->f207, I: 10 [O(1)]
  51: f190->f207, J: max{10, J} [O(n)]
  51: f190->f207, K: max{10, K} [O(n)]
  51: f190->f207, L: max{200, L} [O(n)]
  51: f190->f207, M: 50 [O(1)]
  51: f190->f207, N: 10 [O(1)]
  51: f190->f207, O: 10 [O(1)]
  51: f190->f207, P: max{10, P} [O(n)]
  51: f190->f207, Q: max{10, Q} [O(n)]
  51: f190->f207, R: max{50, R} [O(n)]
  51: f190->f207, S: 20 [O(1)]
  51: f190->f207, T: 10 [O(1)]
  51: f190->f207, U: 10 [O(1)]
  51: f190->f207, V: max{10, V} [O(n)]
  51: f190->f207, W: max{10, W} [O(n)]
  51: f190->f207, X: max{20, X} [O(n)]
  51: f190->f207, Y: 200 [O(1)]
  51: f190->f207, Z: 10 [O(1)]
  5: f21->f27, A: 100 [O(1)]
  5: f21->f27, A1: A1 [O(n)]
  5: f21->f27, B: 10 [O(1)]
  5: f21->f27, B1: B1 [O(n)]
  5: f21->f27, C: 10 [O(1)]
  5: f21->f27, C1: C1 [O(n)]
  5: f21->f27, D: 0 [O(1)]
  5: f21->f27, D1: D1 [O(n)]
  5: f21->f27, E: E [O(n)]
  5: f21->f27, F: F [O(n)]
  5: f21->f27, G: G [O(n)]
  5: f21->f27, H: H [O(n)]
  5: f21->f27, I: I [O(n)]
  5: f21->f27, J: J [O(n)]
  5: f21->f27, K: K [O(n)]
  5: f21->f27, L: L [O(n)]
  5: f21->f27, M: M [O(n)]
  5: f21->f27, N: N [O(n)]
  5: f21->f27, O: O [O(n)]
  5: f21->f27, P: P [O(n)]
  5: f21->f27, Q: Q [O(n)]
  5: f21->f27, R: R [O(n)]
  5: f21->f27, S: S [O(n)]
  5: f21->f27, T: T [O(n)]
  5: f21->f27, U: U [O(n)]
  5: f21->f27, V: V [O(n)]
  5: f21->f27, W: W [O(n)]
  5: f21->f27, X: X [O(n)]
  5: f21->f27, Y: Y [O(n)]
  5: f21->f27, Z: Z [O(n)]
  6: f21->f27, A: 100 [O(1)]
  6: f21->f27, A1: A1 [O(n)]
  6: f21->f27, B: 10 [O(1)]
  6: f21->f27, B1: B1 [O(n)]
  6: f21->f27, C: 10 [O(1)]
  6: f21->f27, C1: C1 [O(n)]
  6: f21->f27, D: 10 [O(1)]
  6: f21->f27, D1: D1 [O(n)]
  6: f21->f27, E: E [O(n)]
  6: f21->f27, F: F [O(n)]
  6: f21->f27, G: G [O(n)]
  6: f21->f27, H: H [O(n)]
  6: f21->f27, I: I [O(n)]
  6: f21->f27, J: J [O(n)]
  6: f21->f27, K: K [O(n)]
  6: f21->f27, L: L [O(n)]
  6: f21->f27, M: M [O(n)]
  6: f21->f27, N: N [O(n)]
  6: f21->f27, O: O [O(n)]
  6: f21->f27, P: P [O(n)]
  6: f21->f27, Q: Q [O(n)]
  6: f21->f27, R: R [O(n)]
  6: f21->f27, S: S [O(n)]
  6: f21->f27, T: T [O(n)]
  6: f21->f27, U: U [O(n)]
  6: f21->f27, V: V [O(n)]
  6: f21->f27, W: W [O(n)]
  6: f21->f27, X: X [O(n)]
  6: f21->f27, Y: Y [O(n)]
  6: f21->f27, Z: Z [O(n)]
  7: f27->f46, A: 100 [O(1)]
  7: f27->f46, A1: A1 [O(n)]
  7: f27->f46, B: 10 [O(1)]
  7: f27->f46, B1: B1 [O(n)]
  7: f27->f46, C: 10 [O(1)]
  7: f27->f46, C1: C1 [O(n)]
  7: f27->f46, D: 0 [O(1)]
  7: f27->f46, D1: D1 [O(n)]
  7: f27->f46, E: 0 [O(1)]
  7: f27->f46, F: F [O(n)]
  7: f27->f46, G: G [O(n)]
  7: f27->f46, H: H [O(n)]
  7: f27->f46, I: I [O(n)]
  7: f27->f46, J: J [O(n)]
  7: f27->f46, K: K [O(n)]
  7: f27->f46, L: L [O(n)]
  7: f27->f46, M: M [O(n)]
  7: f27->f46, N: N [O(n)]
  7: f27->f46, O: O [O(n)]
  7: f27->f46, P: P [O(n)]
  7: f27->f46, Q: Q [O(n)]
  7: f27->f46, R: R [O(n)]
  7: f27->f46, S: S [O(n)]
  7: f27->f46, T: T [O(n)]
  7: f27->f46, U: U [O(n)]
  7: f27->f46, V: V [O(n)]
  7: f27->f46, W: W [O(n)]
  7: f27->f46, X: X [O(n)]
  7: f27->f46, Y: Y [O(n)]
  7: f27->f46, Z: Z [O(n)]
  9: f27->f30, A: 100 [O(1)]
  9: f27->f30, A1: A1 [O(n)]
  9: f27->f30, B: 10 [O(1)]
  9: f27->f30, B1: B1 [O(n)]
  9: f27->f30, C: 10 [O(1)]
  9: f27->f30, C1: C1 [O(n)]
  9: f27->f30, D: 10 [O(1)]
  9: f27->f30, D1: D1 [O(n)]
  9: f27->f30, E: 10 [O(1)]
  9: f27->f30, F: 0 [O(1)]
  9: f27->f30, G: G [O(n)]
  9: f27->f30, H: H [O(n)]
  9: f27->f30, I: I [O(n)]
  9: f27->f30, J: J [O(n)]
  9: f27->f30, K: K [O(n)]
  9: f27->f30, L: L [O(n)]
  9: f27->f30, M: M [O(n)]
  9: f27->f30, N: N [O(n)]
  9: f27->f30, O: O [O(n)]
  9: f27->f30, P: P [O(n)]
  9: f27->f30, Q: Q [O(n)]
  9: f27->f30, R: R [O(n)]
  9: f27->f30, S: S [O(n)]
  9: f27->f30, T: T [O(n)]
  9: f27->f30, U: U [O(n)]
  9: f27->f30, V: V [O(n)]
  9: f27->f30, W: W [O(n)]
  9: f27->f30, X: X [O(n)]
  9: f27->f30, Y: Y [O(n)]
  9: f27->f30, Z: Z [O(n)]
  58: f30->f30, A: 100 [O(1)]
  58: f30->f30, A1: A1 [O(n)]
  58: f30->f30, B: 10 [O(1)]
  58: f30->f30, B1: B1 [O(n)]
  58: f30->f30, C: 10 [O(1)]
  58: f30->f30, C1: C1 [O(n)]
  58: f30->f30, D: 10 [O(1)]
  58: f30->f30, D1: D1 [O(n)]
  58: f30->f30, E: 10 [O(1)]
  58: f30->f30, F: 100 [O(1)]
  58: f30->f30, G: G [O(n)]
  58: f30->f30, H: H [O(n)]
  58: f30->f30, I: I [O(n)]
  58: f30->f30, J: J [O(n)]
  58: f30->f30, K: K [O(n)]
  58: f30->f30, L: L [O(n)]
  58: f30->f30, M: M [O(n)]
  58: f30->f30, N: N [O(n)]
  58: f30->f30, O: O [O(n)]
  58: f30->f30, P: P [O(n)]
  58: f30->f30, Q: Q [O(n)]
  58: f30->f30, R: R [O(n)]
  58: f30->f30, S: S [O(n)]
  58: f30->f30, T: T [O(n)]
  58: f30->f30, U: U [O(n)]
  58: f30->f30, V: V [O(n)]
  58: f30->f30, W: W [O(n)]
  58: f30->f30, X: X [O(n)]
  58: f30->f30, Y: Y [O(n)]
  58: f30->f30, Z: Z [O(n)]
  59: f30->f46, A: 100 [O(1)]
  59: f30->f46, A1: A1 [O(n)]
  59: f30->f46, B: 10 [O(1)]
  59: f30->f46, B1: B1 [O(n)]
  59: f30->f46, C: 10 [O(1)]
  59: f30->f46, C1: C1 [O(n)]
  59: f30->f46, D: 10 [O(1)]
  59: f30->f46, D1: D1 [O(n)]
  59: f30->f46, E: 10 [O(1)]
  59: f30->f46, F: 100 [O(1)]
  59: f30->f46, G: G [O(n)]
  59: f30->f46, H: H [O(n)]
  59: f30->f46, I: I [O(n)]
  59: f30->f46, J: J [O(n)]
  59: f30->f46, K: K [O(n)]
  59: f30->f46, L: L [O(n)]
  59: f30->f46, M: M [O(n)]
  59: f30->f46, N: N [O(n)]
  59: f30->f46, O: O [O(n)]
  59: f30->f46, P: P [O(n)]
  59: f30->f46, Q: Q [O(n)]
  59: f30->f46, R: R [O(n)]
  59: f30->f46, S: S [O(n)]
  59: f30->f46, T: T [O(n)]
  59: f30->f46, U: U [O(n)]
  59: f30->f46, V: V [O(n)]
  59: f30->f46, W: W [O(n)]
  59: f30->f46, X: X [O(n)]
  59: f30->f46, Y: Y [O(n)]
  59: f30->f46, Z: Z [O(n)]
  10: f46->f58, A: 100 [O(1)]
  10: f46->f58, A1: A1 [O(n)]
  10: f46->f58, B: 10 [O(1)]
  10: f46->f58, B1: B1 [O(n)]
  10: f46->f58, C: 10 [O(1)]
  10: f46->f58, C1: C1 [O(n)]
  10: f46->f58, D: max{10, D} [O(n)]
  10: f46->f58, D1: D1 [O(n)]
  10: f46->f58, E: max{10, E} [O(n)]
  10: f46->f58, F: max{100, F} [O(n)]
  10: f46->f58, G: 200 [O(1)]
  10: f46->f58, H: 0 [O(1)]
  10: f46->f58, I: I [O(n)]
  10: f46->f58, J: J [O(n)]
  10: f46->f58, K: K [O(n)]
  10: f46->f58, L: L [O(n)]
  10: f46->f58, M: M [O(n)]
  10: f46->f58, N: N [O(n)]
  10: f46->f58, O: O [O(n)]
  10: f46->f58, P: P [O(n)]
  10: f46->f58, Q: Q [O(n)]
  10: f46->f58, R: R [O(n)]
  10: f46->f58, S: S [O(n)]
  10: f46->f58, T: T [O(n)]
  10: f46->f58, U: U [O(n)]
  10: f46->f58, V: V [O(n)]
  10: f46->f58, W: W [O(n)]
  10: f46->f58, X: X [O(n)]
  10: f46->f58, Y: Y [O(n)]
  10: f46->f58, Z: Z [O(n)]
  11: f46->f58, A: 100 [O(1)]
  11: f46->f58, A1: A1 [O(n)]
  11: f46->f58, B: 10 [O(1)]
  11: f46->f58, B1: B1 [O(n)]
  11: f46->f58, C: 10 [O(1)]
  11: f46->f58, C1: C1 [O(n)]
  11: f46->f58, D: max{10, D} [O(n)]
  11: f46->f58, D1: D1 [O(n)]
  11: f46->f58, E: max{10, E} [O(n)]
  11: f46->f58, F: max{100, F} [O(n)]
  11: f46->f58, G: 200 [O(1)]
  11: f46->f58, H: 10 [O(1)]
  11: f46->f58, I: I [O(n)]
  11: f46->f58, J: J [O(n)]
  11: f46->f58, K: K [O(n)]
  11: f46->f58, L: L [O(n)]
  11: f46->f58, M: M [O(n)]
  11: f46->f58, N: N [O(n)]
  11: f46->f58, O: O [O(n)]
  11: f46->f58, P: P [O(n)]
  11: f46->f58, Q: Q [O(n)]
  11: f46->f58, R: R [O(n)]
  11: f46->f58, S: S [O(n)]
  11: f46->f58, T: T [O(n)]
  11: f46->f58, U: U [O(n)]
  11: f46->f58, V: V [O(n)]
  11: f46->f58, W: W [O(n)]
  11: f46->f58, X: X [O(n)]
  11: f46->f58, Y: Y [O(n)]
  11: f46->f58, Z: Z [O(n)]
  13: f58->f61, A: 100 [O(1)]
  13: f58->f61, A1: A1 [O(n)]
  13: f58->f61, B: 10 [O(1)]
  13: f58->f61, B1: B1 [O(n)]
  13: f58->f61, C: 10 [O(1)]
  13: f58->f61, C1: C1 [O(n)]
  13: f58->f61, D: max{10, D} [O(n)]
  13: f58->f61, D1: D1 [O(n)]
  13: f58->f61, E: max{10, E} [O(n)]
  13: f58->f61, F: max{100, F} [O(n)]
  13: f58->f61, G: 200 [O(1)]
  13: f58->f61, H: 10 [O(1)]
  13: f58->f61, I: 10 [O(1)]
  13: f58->f61, J: J [O(n)]
  13: f58->f61, K: K [O(n)]
  13: f58->f61, L: L [O(n)]
  13: f58->f61, M: M [O(n)]
  13: f58->f61, N: N [O(n)]
  13: f58->f61, O: O [O(n)]
  13: f58->f61, P: P [O(n)]
  13: f58->f61, Q: Q [O(n)]
  13: f58->f61, R: R [O(n)]
  13: f58->f61, S: S [O(n)]
  13: f58->f61, T: T [O(n)]
  13: f58->f61, U: U [O(n)]
  13: f58->f61, V: V [O(n)]
  13: f58->f61, W: W [O(n)]
  13: f58->f61, X: X [O(n)]
  13: f58->f61, Y: Y [O(n)]
  13: f58->f61, Z: Z [O(n)]
  14: f58->f86, A: 100 [O(1)]
  14: f58->f86, A1: A1 [O(n)]
  14: f58->f86, B: 10 [O(1)]
  14: f58->f86, B1: B1 [O(n)]
  14: f58->f86, C: 10 [O(1)]
  14: f58->f86, C1: C1 [O(n)]
  14: f58->f86, D: max{10, D} [O(n)]
  14: f58->f86, D1: D1 [O(n)]
  14: f58->f86, E: max{10, E} [O(n)]
  14: f58->f86, F: max{100, F} [O(n)]
  14: f58->f86, G: 200 [O(1)]
  14: f58->f86, H: 0 [O(1)]
  14: f58->f86, I: 0 [O(1)]
  14: f58->f86, J: J [O(n)]
  14: f58->f86, K: K [O(n)]
  14: f58->f86, L: L [O(n)]
  14: f58->f86, M: M [O(n)]
  14: f58->f86, N: N [O(n)]
  14: f58->f86, O: O [O(n)]
  14: f58->f86, P: P [O(n)]
  14: f58->f86, Q: Q [O(n)]
  14: f58->f86, R: R [O(n)]
  14: f58->f86, S: S [O(n)]
  14: f58->f86, T: T [O(n)]
  14: f58->f86, U: U [O(n)]
  14: f58->f86, V: V [O(n)]
  14: f58->f86, W: W [O(n)]
  14: f58->f86, X: X [O(n)]
  14: f58->f86, Y: Y [O(n)]
  14: f58->f86, Z: Z [O(n)]
  15: f61->f67, A: 100 [O(1)]
  15: f61->f67, A1: A1 [O(n)]
  15: f61->f67, B: 10 [O(1)]
  15: f61->f67, B1: B1 [O(n)]
  15: f61->f67, C: 10 [O(1)]
  15: f61->f67, C1: C1 [O(n)]
  15: f61->f67, D: max{10, D} [O(n)]
  15: f61->f67, D1: D1 [O(n)]
  15: f61->f67, E: max{10, E} [O(n)]
  15: f61->f67, F: max{100, F} [O(n)]
  15: f61->f67, G: 200 [O(1)]
  15: f61->f67, H: 10 [O(1)]
  15: f61->f67, I: 10 [O(1)]
  15: f61->f67, J: 0 [O(1)]
  15: f61->f67, K: K [O(n)]
  15: f61->f67, L: L [O(n)]
  15: f61->f67, M: M [O(n)]
  15: f61->f67, N: N [O(n)]
  15: f61->f67, O: O [O(n)]
  15: f61->f67, P: P [O(n)]
  15: f61->f67, Q: Q [O(n)]
  15: f61->f67, R: R [O(n)]
  15: f61->f67, S: S [O(n)]
  15: f61->f67, T: T [O(n)]
  15: f61->f67, U: U [O(n)]
  15: f61->f67, V: V [O(n)]
  15: f61->f67, W: W [O(n)]
  15: f61->f67, X: X [O(n)]
  15: f61->f67, Y: Y [O(n)]
  15: f61->f67, Z: Z [O(n)]
  16: f61->f67, A: 100 [O(1)]
  16: f61->f67, A1: A1 [O(n)]
  16: f61->f67, B: 10 [O(1)]
  16: f61->f67, B1: B1 [O(n)]
  16: f61->f67, C: 10 [O(1)]
  16: f61->f67, C1: C1 [O(n)]
  16: f61->f67, D: max{10, D} [O(n)]
  16: f61->f67, D1: D1 [O(n)]
  16: f61->f67, E: max{10, E} [O(n)]
  16: f61->f67, F: max{100, F} [O(n)]
  16: f61->f67, G: 200 [O(1)]
  16: f61->f67, H: 10 [O(1)]
  16: f61->f67, I: 10 [O(1)]
  16: f61->f67, J: 10 [O(1)]
  16: f61->f67, K: K [O(n)]
  16: f61->f67, L: L [O(n)]
  16: f61->f67, M: M [O(n)]
  16: f61->f67, N: N [O(n)]
  16: f61->f67, O: O [O(n)]
  16: f61->f67, P: P [O(n)]
  16: f61->f67, Q: Q [O(n)]
  16: f61->f67, R: R [O(n)]
  16: f61->f67, S: S [O(n)]
  16: f61->f67, T: T [O(n)]
  16: f61->f67, U: U [O(n)]
  16: f61->f67, V: V [O(n)]
  16: f61->f67, W: W [O(n)]
  16: f61->f67, X: X [O(n)]
  16: f61->f67, Y: Y [O(n)]
  16: f61->f67, Z: Z [O(n)]
  17: f67->f86, A: 100 [O(1)]
  17: f67->f86, A1: A1 [O(n)]
  17: f67->f86, B: 10 [O(1)]
  17: f67->f86, B1: B1 [O(n)]
  17: f67->f86, C: 10 [O(1)]
  17: f67->f86, C1: C1 [O(n)]
  17: f67->f86, D: max{10, D} [O(n)]
  17: f67->f86, D1: D1 [O(n)]
  17: f67->f86, E: max{10, E} [O(n)]
  17: f67->f86, F: max{100, F} [O(n)]
  17: f67->f86, G: 200 [O(1)]
  17: f67->f86, H: 10 [O(1)]
  17: f67->f86, I: 10 [O(1)]
  17: f67->f86, J: 0 [O(1)]
  17: f67->f86, K: 0 [O(1)]
  17: f67->f86, L: L [O(n)]
  17: f67->f86, M: M [O(n)]
  17: f67->f86, N: N [O(n)]
  17: f67->f86, O: O [O(n)]
  17: f67->f86, P: P [O(n)]
  17: f67->f86, Q: Q [O(n)]
  17: f67->f86, R: R [O(n)]
  17: f67->f86, S: S [O(n)]
  17: f67->f86, T: T [O(n)]
  17: f67->f86, U: U [O(n)]
  17: f67->f86, V: V [O(n)]
  17: f67->f86, W: W [O(n)]
  17: f67->f86, X: X [O(n)]
  17: f67->f86, Y: Y [O(n)]
  17: f67->f86, Z: Z [O(n)]
  19: f67->f70, A: 100 [O(1)]
  19: f67->f70, A1: A1 [O(n)]
  19: f67->f70, B: 10 [O(1)]
  19: f67->f70, B1: B1 [O(n)]
  19: f67->f70, C: 10 [O(1)]
  19: f67->f70, C1: C1 [O(n)]
  19: f67->f70, D: max{10, D} [O(n)]
  19: f67->f70, D1: D1 [O(n)]
  19: f67->f70, E: max{10, E} [O(n)]
  19: f67->f70, F: max{100, F} [O(n)]
  19: f67->f70, G: 200 [O(1)]
  19: f67->f70, H: 10 [O(1)]
  19: f67->f70, I: 10 [O(1)]
  19: f67->f70, J: 10 [O(1)]
  19: f67->f70, K: 10 [O(1)]
  19: f67->f70, L: 0 [O(1)]
  19: f67->f70, M: M [O(n)]
  19: f67->f70, N: N [O(n)]
  19: f67->f70, O: O [O(n)]
  19: f67->f70, P: P [O(n)]
  19: f67->f70, Q: Q [O(n)]
  19: f67->f70, R: R [O(n)]
  19: f67->f70, S: S [O(n)]
  19: f67->f70, T: T [O(n)]
  19: f67->f70, U: U [O(n)]
  19: f67->f70, V: V [O(n)]
  19: f67->f70, W: W [O(n)]
  19: f67->f70, X: X [O(n)]
  19: f67->f70, Y: Y [O(n)]
  19: f67->f70, Z: Z [O(n)]
  56: f70->f70, A: 100 [O(1)]
  56: f70->f70, A1: A1 [O(n)]
  56: f70->f70, B: 10 [O(1)]
  56: f70->f70, B1: B1 [O(n)]
  56: f70->f70, C: 10 [O(1)]
  56: f70->f70, C1: C1 [O(n)]
  56: f70->f70, D: max{10, D} [O(n)]
  56: f70->f70, D1: D1 [O(n)]
  56: f70->f70, E: max{10, E} [O(n)]
  56: f70->f70, F: max{100, F} [O(n)]
  56: f70->f70, G: 200 [O(1)]
  56: f70->f70, H: 10 [O(1)]
  56: f70->f70, I: 10 [O(1)]
  56: f70->f70, J: 10 [O(1)]
  56: f70->f70, K: 10 [O(1)]
  56: f70->f70, L: 200 [O(1)]
  56: f70->f70, M: M [O(n)]
  56: f70->f70, N: N [O(n)]
  56: f70->f70, O: O [O(n)]
  56: f70->f70, P: P [O(n)]
  56: f70->f70, Q: Q [O(n)]
  56: f70->f70, R: R [O(n)]
  56: f70->f70, S: S [O(n)]
  56: f70->f70, T: T [O(n)]
  56: f70->f70, U: U [O(n)]
  56: f70->f70, V: V [O(n)]
  56: f70->f70, W: W [O(n)]
  56: f70->f70, X: X [O(n)]
  56: f70->f70, Y: Y [O(n)]
  56: f70->f70, Z: Z [O(n)]
  57: f70->f86, A: 100 [O(1)]
  57: f70->f86, A1: A1 [O(n)]
  57: f70->f86, B: 10 [O(1)]
  57: f70->f86, B1: B1 [O(n)]
  57: f70->f86, C: 10 [O(1)]
  57: f70->f86, C1: C1 [O(n)]
  57: f70->f86, D: max{10, D} [O(n)]
  57: f70->f86, D1: D1 [O(n)]
  57: f70->f86, E: max{10, E} [O(n)]
  57: f70->f86, F: max{100, F} [O(n)]
  57: f70->f86, G: 200 [O(1)]
  57: f70->f86, H: 10 [O(1)]
  57: f70->f86, I: 10 [O(1)]
  57: f70->f86, J: 10 [O(1)]
  57: f70->f86, K: 10 [O(1)]
  57: f70->f86, L: 200 [O(1)]
  57: f70->f86, M: M [O(n)]
  57: f70->f86, N: N [O(n)]
  57: f70->f86, O: O [O(n)]
  57: f70->f86, P: P [O(n)]
  57: f70->f86, Q: Q [O(n)]
  57: f70->f86, R: R [O(n)]
  57: f70->f86, S: S [O(n)]
  57: f70->f86, T: T [O(n)]
  57: f70->f86, U: U [O(n)]
  57: f70->f86, V: V [O(n)]
  57: f70->f86, W: W [O(n)]
  57: f70->f86, X: X [O(n)]
  57: f70->f86, Y: Y [O(n)]
  57: f70->f86, Z: Z [O(n)]
  20: f86->f98, A: 100 [O(1)]
  20: f86->f98, A1: A1 [O(n)]
  20: f86->f98, B: 10 [O(1)]
  20: f86->f98, B1: B1 [O(n)]
  20: f86->f98, C: 10 [O(1)]
  20: f86->f98, C1: C1 [O(n)]
  20: f86->f98, D: max{10, D} [O(n)]
  20: f86->f98, D1: D1 [O(n)]
  20: f86->f98, E: max{10, E} [O(n)]
  20: f86->f98, F: max{100, F} [O(n)]
  20: f86->f98, G: 200 [O(1)]
  20: f86->f98, H: 10 [O(1)]
  20: f86->f98, I: 10 [O(1)]
  20: f86->f98, J: max{10, J} [O(n)]
  20: f86->f98, K: max{10, K} [O(n)]
  20: f86->f98, L: max{200, L} [O(n)]
  20: f86->f98, M: 50 [O(1)]
  20: f86->f98, N: 0 [O(1)]
  20: f86->f98, O: O [O(n)]
  20: f86->f98, P: P [O(n)]
  20: f86->f98, Q: Q [O(n)]
  20: f86->f98, R: R [O(n)]
  20: f86->f98, S: S [O(n)]
  20: f86->f98, T: T [O(n)]
  20: f86->f98, U: U [O(n)]
  20: f86->f98, V: V [O(n)]
  20: f86->f98, W: W [O(n)]
  20: f86->f98, X: X [O(n)]
  20: f86->f98, Y: Y [O(n)]
  20: f86->f98, Z: Z [O(n)]
  21: f86->f98, A: 100 [O(1)]
  21: f86->f98, A1: A1 [O(n)]
  21: f86->f98, B: 10 [O(1)]
  21: f86->f98, B1: B1 [O(n)]
  21: f86->f98, C: 10 [O(1)]
  21: f86->f98, C1: C1 [O(n)]
  21: f86->f98, D: max{10, D} [O(n)]
  21: f86->f98, D1: D1 [O(n)]
  21: f86->f98, E: max{10, E} [O(n)]
  21: f86->f98, F: max{100, F} [O(n)]
  21: f86->f98, G: 200 [O(1)]
  21: f86->f98, H: 10 [O(1)]
  21: f86->f98, I: 10 [O(1)]
  21: f86->f98, J: max{10, J} [O(n)]
  21: f86->f98, K: max{10, K} [O(n)]
  21: f86->f98, L: max{200, L} [O(n)]
  21: f86->f98, M: 50 [O(1)]
  21: f86->f98, N: 10 [O(1)]
  21: f86->f98, O: O [O(n)]
  21: f86->f98, P: P [O(n)]
  21: f86->f98, Q: Q [O(n)]
  21: f86->f98, R: R [O(n)]
  21: f86->f98, S: S [O(n)]
  21: f86->f98, T: T [O(n)]
  21: f86->f98, U: U [O(n)]
  21: f86->f98, V: V [O(n)]
  21: f86->f98, W: W [O(n)]
  21: f86->f98, X: X [O(n)]
  21: f86->f98, Y: Y [O(n)]
  21: f86->f98, Z: Z [O(n)]
  23: f98->f101, A: 100 [O(1)]
  23: f98->f101, A1: A1 [O(n)]
  23: f98->f101, B: 10 [O(1)]
  23: f98->f101, B1: B1 [O(n)]
  23: f98->f101, C: 10 [O(1)]
  23: f98->f101, C1: C1 [O(n)]
  23: f98->f101, D: max{10, D} [O(n)]
  23: f98->f101, D1: D1 [O(n)]
  23: f98->f101, E: max{10, E} [O(n)]
  23: f98->f101, F: max{100, F} [O(n)]
  23: f98->f101, G: 200 [O(1)]
  23: f98->f101, H: 10 [O(1)]
  23: f98->f101, I: 10 [O(1)]
  23: f98->f101, J: max{10, J} [O(n)]
  23: f98->f101, K: max{10, K} [O(n)]
  23: f98->f101, L: max{200, L} [O(n)]
  23: f98->f101, M: 50 [O(1)]
  23: f98->f101, N: 10 [O(1)]
  23: f98->f101, O: 10 [O(1)]
  23: f98->f101, P: P [O(n)]
  23: f98->f101, Q: Q [O(n)]
  23: f98->f101, R: R [O(n)]
  23: f98->f101, S: S [O(n)]
  23: f98->f101, T: T [O(n)]
  23: f98->f101, U: U [O(n)]
  23: f98->f101, V: V [O(n)]
  23: f98->f101, W: W [O(n)]
  23: f98->f101, X: X [O(n)]
  23: f98->f101, Y: Y [O(n)]
  23: f98->f101, Z: Z [O(n)]
  24: f98->f126, A: 100 [O(1)]
  24: f98->f126, A1: A1 [O(n)]
  24: f98->f126, B: 10 [O(1)]
  24: f98->f126, B1: B1 [O(n)]
  24: f98->f126, C: 10 [O(1)]
  24: f98->f126, C1: C1 [O(n)]
  24: f98->f126, D: max{10, D} [O(n)]
  24: f98->f126, D1: D1 [O(n)]
  24: f98->f126, E: max{10, E} [O(n)]
  24: f98->f126, F: max{100, F} [O(n)]
  24: f98->f126, G: 200 [O(1)]
  24: f98->f126, H: 10 [O(1)]
  24: f98->f126, I: 10 [O(1)]
  24: f98->f126, J: max{10, J} [O(n)]
  24: f98->f126, K: max{10, K} [O(n)]
  24: f98->f126, L: max{200, L} [O(n)]
  24: f98->f126, M: 50 [O(1)]
  24: f98->f126, N: 0 [O(1)]
  24: f98->f126, O: 0 [O(1)]
  24: f98->f126, P: P [O(n)]
  24: f98->f126, Q: Q [O(n)]
  24: f98->f126, R: R [O(n)]
  24: f98->f126, S: S [O(n)]
  24: f98->f126, T: T [O(n)]
  24: f98->f126, U: U [O(n)]
  24: f98->f126, V: V [O(n)]
  24: f98->f126, W: W [O(n)]
  24: f98->f126, X: X [O(n)]
  24: f98->f126, Y: Y [O(n)]
  24: f98->f126, Z: Z [O(n)]
