Timebounds: 
  Overall timebound: 14 [O(1)]
  0: f0->f11: 1 [O(1)]
  1: f0->f11: 1 [O(1)]
  2: f11->f23: 1 [O(1)]
  3: f11->f23: 1 [O(1)]
  6: f11->f36: 1 [O(1)]
  7: f11->f36: 1 [O(1)]
  4: f23->f26: 1 [O(1)]
  8: f23->f32: 1 [O(1)]
  9: f23->f32: 1 [O(1)]
  10: f23->f32: 1 [O(1)]
  13: f26->f32: 1 [O(1)]
  14: f26->f32: 1 [O(1)]
  11: f36->f32: 1 [O(1)]
  12: f36->f32: 1 [O(1)]

Costbounds:
  Overall costbound: 14 [O(1)]
  0: f0->f11: 1 [O(1)]
  1: f0->f11: 1 [O(1)]
  2: f11->f23: 1 [O(1)]
  3: f11->f23: 1 [O(1)]
  6: f11->f36: 1 [O(1)]
  7: f11->f36: 1 [O(1)]
  4: f23->f26: 1 [O(1)]
  8: f23->f32: 1 [O(1)]
  9: f23->f32: 1 [O(1)]
  10: f23->f32: 1 [O(1)]
  13: f26->f32: 1 [O(1)]
  14: f26->f32: 1 [O(1)]
  11: f36->f32: 1 [O(1)]
  12: f36->f32: 1 [O(1)]

Sizebounds:
`Lower:
  0: f0->f11, A: 100 [O(1)]
  0: f0->f11, B: O [O(n)]
  0: f0->f11, C: 1 [O(1)]
  0: f0->f11, D: D [O(n)]
  0: f0->f11, E: E [O(n)]
  0: f0->f11, F: F [O(n)]
  0: f0->f11, G: G [O(n)]
  0: f0->f11, H: H [O(n)]
  0: f0->f11, I: I [O(n)]
  0: f0->f11, J: J [O(n)]
  0: f0->f11, K: K [O(n)]
  0: f0->f11, L: L [O(n)]
  0: f0->f11, M: M [O(n)]
  0: f0->f11, N: N [O(n)]
  1: f0->f11, A: 100 [O(1)]
  1: f0->f11, B: O [O(n)]
  1: f0->f11, C: 0 [O(1)]
  1: f0->f11, D: D [O(n)]
  1: f0->f11, E: E [O(n)]
  1: f0->f11, F: F [O(n)]
  1: f0->f11, G: G [O(n)]
  1: f0->f11, H: H [O(n)]
  1: f0->f11, I: I [O(n)]
  1: f0->f11, J: J [O(n)]
  1: f0->f11, K: K [O(n)]
  1: f0->f11, L: L [O(n)]
  1: f0->f11, M: M [O(n)]
  1: f0->f11, N: N [O(n)]
  2: f11->f23, A: 100 [O(1)]
  2: f11->f23, B: O [O(n)]
  2: f11->f23, C: 1 [O(1)]
  2: f11->f23, D: 1 [O(1)]
  2: f11->f23, E: 1 [O(1)]
  2: f11->f23, F: 100 [O(1)]
  2: f11->f23, H: 1 [O(1)]
  2: f11->f23, I: I [O(n)]
  2: f11->f23, J: J [O(n)]
  2: f11->f23, K: K [O(n)]
  2: f11->f23, L: L [O(n)]
  2: f11->f23, M: M [O(n)]
  2: f11->f23, N: N [O(n)]
  3: f11->f23, A: 100 [O(1)]
  3: f11->f23, B: O [O(n)]
  3: f11->f23, C: 1 [O(1)]
  3: f11->f23, D: 1 [O(1)]
  3: f11->f23, E: 1 [O(1)]
  3: f11->f23, F: 100 [O(1)]
  3: f11->f23, H: 0 [O(1)]
  3: f11->f23, I: I [O(n)]
  3: f11->f23, J: J [O(n)]
  3: f11->f23, K: K [O(n)]
  3: f11->f23, L: L [O(n)]
  3: f11->f23, M: M [O(n)]
  3: f11->f23, N: N [O(n)]
  6: f11->f36, A: 100 [O(1)]
  6: f11->f36, B: O [O(n)]
  6: f11->f36, C: 0 [O(1)]
  6: f11->f36, D: 0 [O(1)]
  6: f11->f36, E: 0 [O(1)]
  6: f11->f36, F: F [O(n)]
  6: f11->f36, G: G [O(n)]
  6: f11->f36, H: H [O(n)]
  6: f11->f36, I: I [O(n)]
  6: f11->f36, J: 100 [O(1)]
  6: f11->f36, K: K [O(n)]
  6: f11->f36, L: L [O(n)]
  6: f11->f36, M: M [O(n)]
  6: f11->f36, N: N [O(n)]
  7: f11->f36, A: inf [Infinity]
  7: f11->f36, B: inf [Infinity]
  7: f11->f36, C: inf [Infinity]
  7: f11->f36, D: inf [Infinity]
  7: f11->f36, E: inf [Infinity]
  7: f11->f36, F: inf [Infinity]
  7: f11->f36, G: inf [Infinity]
  7: f11->f36, H: inf [Infinity]
  7: f11->f36, I: inf [Infinity]
  7: f11->f36, J: inf [Infinity]
  7: f11->f36, K: inf [Infinity]
  7: f11->f36, L: inf [Infinity]
  7: f11->f36, M: inf [Infinity]
  7: f11->f36, N: inf [Infinity]
  4: f23->f26, A: 100 [O(1)]
  4: f23->f26, B: O [O(n)]
  4: f23->f26, C: 1 [O(1)]
  4: f23->f26, D: 1 [O(1)]
  4: f23->f26, E: 0 [O(1)]
  4: f23->f26, F: 100 [O(1)]
  4: f23->f26, H: 0 [O(1)]
  4: f23->f26, I: 100 [O(1)]
  4: f23->f26, J: J [O(n)]
  4: f23->f26, K: K [O(n)]
  4: f23->f26, L: L [O(n)]
  4: f23->f26, M: M [O(n)]
  4: f23->f26, N: N [O(n)]
  8: f23->f32, A: 100 [O(1)]
  8: f23->f32, B: O [O(n)]
  8: f23->f32, C: 1 [O(1)]
  8: f23->f32, D: 1 [O(1)]
  8: f23->f32, E: 1 [O(1)]
  8: f23->f32, F: 100 [O(1)]
  8: f23->f32, H: 1 [O(1)]
  8: f23->f32, I: I [O(n)]
  8: f23->f32, J: J [O(n)]
  8: f23->f32, M: M [O(n)]
  8: f23->f32, N: N [O(n)]
  9: f23->f32, A: 100 [O(1)]
  9: f23->f32, B: O [O(n)]
  9: f23->f32, C: 1 [O(1)]
  9: f23->f32, D: 1 [O(1)]
  9: f23->f32, E: 1 [O(1)]
  9: f23->f32, F: 100 [O(1)]
  9: f23->f32, H: 1 [O(1)]
  9: f23->f32, I: I [O(n)]
  9: f23->f32, J: J [O(n)]
  9: f23->f32, K: 0 [O(1)]
  9: f23->f32, M: M [O(n)]
  9: f23->f32, N: N [O(n)]
  10: f23->f32, A: 100 [O(1)]
  10: f23->f32, B: O [O(n)]
  10: f23->f32, C: 1 [O(1)]
  10: f23->f32, D: 1 [O(1)]
  10: f23->f32, E: 1 [O(1)]
  10: f23->f32, F: 100 [O(1)]
  10: f23->f32, H: 1 [O(1)]
  10: f23->f32, I: I [O(n)]
  10: f23->f32, J: J [O(n)]
  10: f23->f32, K: -1 [O(1)]
  10: f23->f32, L: L [O(n)]
  10: f23->f32, M: 100 [O(1)]
  13: f26->f32, A: 100 [O(1)]
  13: f26->f32, B: O [O(n)]
  13: f26->f32, C: 1 [O(1)]
  13: f26->f32, D: 1 [O(1)]
  13: f26->f32, E: 0 [O(1)]
  13: f26->f32, F: 100 [O(1)]
  13: f26->f32, H: 0 [O(1)]
  13: f26->f32, I: 100 [O(1)]
  13: f26->f32, J: J [O(n)]
  13: f26->f32, K: K [O(n)]
  13: f26->f32, L: L [O(n)]
  13: f26->f32, M: M [O(n)]
  13: f26->f32, N: N [O(n)]
  14: f26->f32, A: 100 [O(1)]
  14: f26->f32, B: O [O(n)]
  14: f26->f32, C: 1 [O(1)]
  14: f26->f32, D: 1 [O(1)]
  14: f26->f32, E: 0 [O(1)]
  14: f26->f32, F: 100 [O(1)]
  14: f26->f32, H: 0 [O(1)]
  14: f26->f32, I: 100 [O(1)]
  14: f26->f32, J: J [O(n)]
  14: f26->f32, K: K [O(n)]
  14: f26->f32, L: L [O(n)]
  14: f26->f32, M: M [O(n)]
  14: f26->f32, N: N [O(n)]
  11: f36->f32, A: 100 [O(1)]
  11: f36->f32, B: O [O(n)]
  11: f36->f32, C: 0 [O(1)]
  11: f36->f32, D: 0 [O(1)]
  11: f36->f32, E: 0 [O(1)]
  11: f36->f32, F: F [O(n)]
  11: f36->f32, G: G [O(n)]
  11: f36->f32, H: H [O(n)]
  11: f36->f32, I: I [O(n)]
  11: f36->f32, J: 100 [O(1)]
  11: f36->f32, K: K [O(n)]
  11: f36->f32, L: L [O(n)]
  11: f36->f32, M: M [O(n)]
  11: f36->f32, N: N [O(n)]
  12: f36->f32, A: 100 [O(1)]
  12: f36->f32, B: O [O(n)]
  12: f36->f32, C: 0 [O(1)]
  12: f36->f32, D: 0 [O(1)]
  12: f36->f32, E: 0 [O(1)]
  12: f36->f32, F: F [O(n)]
  12: f36->f32, G: G [O(n)]
  12: f36->f32, H: H [O(n)]
  12: f36->f32, I: I [O(n)]
  12: f36->f32, J: 100 [O(1)]
  12: f36->f32, K: K [O(n)]
  12: f36->f32, L: L [O(n)]
  12: f36->f32, M: M [O(n)]
  12: f36->f32, N: N [O(n)]
`Upper:
  0: f0->f11, A: 100 [O(1)]
  0: f0->f11, B: O [O(n)]
  0: f0->f11, C: 1 [O(1)]
  0: f0->f11, D: D [O(n)]
  0: f0->f11, E: E [O(n)]
  0: f0->f11, F: F [O(n)]
  0: f0->f11, G: G [O(n)]
  0: f0->f11, H: H [O(n)]
  0: f0->f11, I: I [O(n)]
  0: f0->f11, J: J [O(n)]
  0: f0->f11, K: K [O(n)]
  0: f0->f11, L: L [O(n)]
  0: f0->f11, M: M [O(n)]
  0: f0->f11, N: N [O(n)]
  1: f0->f11, A: 100 [O(1)]
  1: f0->f11, B: O [O(n)]
  1: f0->f11, C: 0 [O(1)]
  1: f0->f11, D: D [O(n)]
  1: f0->f11, E: E [O(n)]
  1: f0->f11, F: F [O(n)]
  1: f0->f11, G: G [O(n)]
  1: f0->f11, H: H [O(n)]
  1: f0->f11, I: I [O(n)]
  1: f0->f11, J: J [O(n)]
  1: f0->f11, K: K [O(n)]
  1: f0->f11, L: L [O(n)]
  1: f0->f11, M: M [O(n)]
  1: f0->f11, N: N [O(n)]
  2: f11->f23, A: 100 [O(1)]
  2: f11->f23, B: O [O(n)]
  2: f11->f23, C: 1 [O(1)]
  2: f11->f23, D: 1 [O(1)]
  2: f11->f23, E: 1 [O(1)]
  2: f11->f23, F: 100 [O(1)]
  2: f11->f23, H: 1 [O(1)]
  2: f11->f23, I: I [O(n)]
  2: f11->f23, J: J [O(n)]
  2: f11->f23, K: K [O(n)]
  2: f11->f23, L: L [O(n)]
  2: f11->f23, M: M [O(n)]
  2: f11->f23, N: N [O(n)]
  3: f11->f23, A: 100 [O(1)]
  3: f11->f23, B: O [O(n)]
  3: f11->f23, C: 1 [O(1)]
  3: f11->f23, D: 1 [O(1)]
  3: f11->f23, E: 1 [O(1)]
  3: f11->f23, F: 100 [O(1)]
  3: f11->f23, H: 0 [O(1)]
  3: f11->f23, I: I [O(n)]
  3: f11->f23, J: J [O(n)]
  3: f11->f23, K: K [O(n)]
  3: f11->f23, L: L [O(n)]
  3: f11->f23, M: M [O(n)]
  3: f11->f23, N: N [O(n)]
  6: f11->f36, A: 100 [O(1)]
  6: f11->f36, B: O [O(n)]
  6: f11->f36, C: 0 [O(1)]
  6: f11->f36, D: 0 [O(1)]
  6: f11->f36, E: 0 [O(1)]
  6: f11->f36, F: F [O(n)]
  6: f11->f36, G: G [O(n)]
  6: f11->f36, H: H [O(n)]
  6: f11->f36, I: I [O(n)]
  6: f11->f36, J: 100 [O(1)]
  6: f11->f36, K: K [O(n)]
  6: f11->f36, L: L [O(n)]
  6: f11->f36, M: M [O(n)]
  6: f11->f36, N: N [O(n)]
  7: f11->f36, A: -inf [Infinity]
  7: f11->f36, B: -inf [Infinity]
  7: f11->f36, C: -inf [Infinity]
  7: f11->f36, D: -inf [Infinity]
  7: f11->f36, E: -inf [Infinity]
  7: f11->f36, F: -inf [Infinity]
  7: f11->f36, G: -inf [Infinity]
  7: f11->f36, H: -inf [Infinity]
  7: f11->f36, I: -inf [Infinity]
  7: f11->f36, J: -inf [Infinity]
  7: f11->f36, K: -inf [Infinity]
  7: f11->f36, L: -inf [Infinity]
  7: f11->f36, M: -inf [Infinity]
  7: f11->f36, N: -inf [Infinity]
  4: f23->f26, A: 100 [O(1)]
  4: f23->f26, B: O [O(n)]
  4: f23->f26, C: 1 [O(1)]
  4: f23->f26, D: 1 [O(1)]
  4: f23->f26, E: 0 [O(1)]
  4: f23->f26, F: 100 [O(1)]
  4: f23->f26, H: 0 [O(1)]
  4: f23->f26, I: 100 [O(1)]
  4: f23->f26, J: J [O(n)]
  4: f23->f26, K: K [O(n)]
  4: f23->f26, L: L [O(n)]
  4: f23->f26, M: M [O(n)]
  4: f23->f26, N: N [O(n)]
  8: f23->f32, A: 100 [O(1)]
  8: f23->f32, B: O [O(n)]
  8: f23->f32, C: 1 [O(1)]
  8: f23->f32, D: 1 [O(1)]
  8: f23->f32, E: 1 [O(1)]
  8: f23->f32, F: 100 [O(1)]
  8: f23->f32, H: 1 [O(1)]
  8: f23->f32, I: I [O(n)]
  8: f23->f32, J: J [O(n)]
  8: f23->f32, K: -2 [O(1)]
  8: f23->f32, M: M [O(n)]
  8: f23->f32, N: N [O(n)]
  9: f23->f32, A: 100 [O(1)]
  9: f23->f32, B: O [O(n)]
  9: f23->f32, C: 1 [O(1)]
  9: f23->f32, D: 1 [O(1)]
  9: f23->f32, E: 1 [O(1)]
  9: f23->f32, F: 100 [O(1)]
  9: f23->f32, H: 1 [O(1)]
  9: f23->f32, I: I [O(n)]
  9: f23->f32, J: J [O(n)]
  9: f23->f32, M: M [O(n)]
  9: f23->f32, N: N [O(n)]
  10: f23->f32, A: 100 [O(1)]
  10: f23->f32, B: O [O(n)]
  10: f23->f32, C: 1 [O(1)]
  10: f23->f32, D: 1 [O(1)]
  10: f23->f32, E: 1 [O(1)]
  10: f23->f32, F: 100 [O(1)]
  10: f23->f32, H: 1 [O(1)]
  10: f23->f32, I: I [O(n)]
  10: f23->f32, J: J [O(n)]
  10: f23->f32, K: -1 [O(1)]
  10: f23->f32, L: L [O(n)]
  10: f23->f32, M: 100 [O(1)]
  13: f26->f32, A: 100 [O(1)]
  13: f26->f32, B: O [O(n)]
  13: f26->f32, C: 1 [O(1)]
  13: f26->f32, D: 1 [O(1)]
  13: f26->f32, E: 0 [O(1)]
  13: f26->f32, F: 100 [O(1)]
  13: f26->f32, H: 0 [O(1)]
  13: f26->f32, I: 100 [O(1)]
  13: f26->f32, J: J [O(n)]
  13: f26->f32, K: K [O(n)]
  13: f26->f32, L: L [O(n)]
  13: f26->f32, M: M [O(n)]
  13: f26->f32, N: N [O(n)]
  14: f26->f32, A: 100 [O(1)]
  14: f26->f32, B: O [O(n)]
  14: f26->f32, C: 1 [O(1)]
  14: f26->f32, D: 1 [O(1)]
  14: f26->f32, E: 0 [O(1)]
  14: f26->f32, F: 100 [O(1)]
  14: f26->f32, H: 0 [O(1)]
  14: f26->f32, I: 100 [O(1)]
  14: f26->f32, J: J [O(n)]
  14: f26->f32, K: K [O(n)]
  14: f26->f32, L: L [O(n)]
  14: f26->f32, M: M [O(n)]
  14: f26->f32, N: N [O(n)]
  11: f36->f32, A: 100 [O(1)]
  11: f36->f32, B: O [O(n)]
  11: f36->f32, C: 0 [O(1)]
  11: f36->f32, D: 0 [O(1)]
  11: f36->f32, E: 0 [O(1)]
  11: f36->f32, F: F [O(n)]
  11: f36->f32, G: G [O(n)]
  11: f36->f32, H: H [O(n)]
  11: f36->f32, I: I [O(n)]
  11: f36->f32, J: 100 [O(1)]
  11: f36->f32, K: K [O(n)]
  11: f36->f32, L: L [O(n)]
  11: f36->f32, M: M [O(n)]
  11: f36->f32, N: N [O(n)]
  12: f36->f32, A: 100 [O(1)]
  12: f36->f32, B: O [O(n)]
  12: f36->f32, C: 0 [O(1)]
  12: f36->f32, D: 0 [O(1)]
  12: f36->f32, E: 0 [O(1)]
  12: f36->f32, F: F [O(n)]
  12: f36->f32, G: G [O(n)]
  12: f36->f32, H: H [O(n)]
  12: f36->f32, I: I [O(n)]
  12: f36->f32, J: 100 [O(1)]
  12: f36->f32, K: K [O(n)]
  12: f36->f32, L: L [O(n)]
  12: f36->f32, M: M [O(n)]
  12: f36->f32, N: N [O(n)]
