Timebounds: 
  Overall timebound: 103 [O(1)]
  0: f0->f8: 1 [O(1)]
  1: f8->f8: 100 [O(1)]
  2: f8->f6: 1 [O(1)]
  3: f8->f6: 1 [O(1)]

Costbounds:
  Overall costbound: 103 [O(1)]
  0: f0->f8: 1 [O(1)]
  1: f8->f8: 100 [O(1)]
  2: f8->f6: 1 [O(1)]
  3: f8->f6: 1 [O(1)]

Sizebounds:
`Lower:
  0: f0->f8, A: 0 [O(1)]
  0: f0->f8, B: 10 [O(1)]
  0: f0->f8, C: 0 [O(1)]
  1: f8->f8, A: 2 [O(1)]
  1: f8->f8, B: 10 [O(1)]
  1: f8->f8, C: 1 [O(1)]
  2: f8->f6, A: 10 [O(1)]
  2: f8->f6, B: 10 [O(1)]
  2: f8->f6, C: 10 [O(1)]
  3: f8->f6, A: 20 [O(1)]
  3: f8->f6, B: 10 [O(1)]
  3: f8->f6, C: 10 [O(1)]
`Upper:
  0: f0->f8, A: 0 [O(1)]
  0: f0->f8, B: 10 [O(1)]
  0: f0->f8, C: 0 [O(1)]
  1: f8->f8, A: 200 [O(1)]
  1: f8->f8, B: 10 [O(1)]
  1: f8->f8, C: 10 [O(1)]
  2: f8->f6, A: 19 [O(1)]
  2: f8->f6, B: 10 [O(1)]
  2: f8->f6, C: 19 [O(1)]
  3: f8->f6, A: 200 [O(1)]
  3: f8->f6, B: 10 [O(1)]
  3: f8->f6, C: 10 [O(1)]
