Timebounds: 
  Overall timebound: 1+max{0, H}+max{2, 2+J} [O(n)]
  0: f0->f12: 1 [O(1)]
  1: f12->f12: max{0, J} [O(n)]
  4: f12->f25: 1 [O(1)]
  2: f25->f25: max{0, H} [O(n)]
  3: f25->f34: 1 [O(1)]

Costbounds:
  Overall costbound: 1+max{0, H}+max{2, 2+J} [O(n)]
  0: f0->f12: 1 [O(1)]
  1: f12->f12: max{0, J} [O(n)]
  4: f12->f25: 1 [O(1)]
  2: f25->f25: max{0, H} [O(n)]
  3: f25->f34: 1 [O(1)]

Sizebounds:
`Lower:
  0: f0->f12, A: H [O(n)]
  0: f0->f12, B: I [O(n)]
  0: f0->f12, C: J [O(n)]
  0: f0->f12, D: 0 [O(1)]
  0: f0->f12, E: E [O(n)]
  0: f0->f12, F: F [O(n)]
  0: f0->f12, G: G [O(n)]
  1: f12->f12, A: -max{0, -H} [O(n)]
  1: f12->f12, B: -max{0, -I} [O(n)]
  1: f12->f12, C: -max{0, -J} [O(n)]
  1: f12->f12, D: 1 [O(1)]
  1: f12->f12, E: -max{0, -E} [O(n)]
  1: f12->f12, F: -max{0, -F} [O(n)]
  1: f12->f12, G: -max{0, -G} [O(n)]
  4: f12->f25, A: -max{0, -H} [O(n)]
  4: f12->f25, B: -max{0, -I} [O(n)]
  4: f12->f25, C: -max{0, -J} [O(n)]
  4: f12->f25, D: 0 [O(1)]
  4: f12->f25, E: -max{0, -H} [O(n)]
  4: f12->f25, F: 0 [O(1)]
  2: f25->f25, A: -max{0, -H} [O(n)]
  2: f25->f25, B: -max{0, -I} [O(n)]
  2: f25->f25, C: -max{0, -J} [O(n)]
  2: f25->f25, D: 0 [O(1)]
  2: f25->f25, E: 1 [O(1)]
  2: f25->f25, F: 1 [O(1)]
  3: f25->f34, A: -max{0, -H} [O(n)]
  3: f25->f34, B: -max{0, -I} [O(n)]
  3: f25->f34, C: -max{0, -J} [O(n)]
  3: f25->f34, D: 0 [O(1)]
  3: f25->f34, E: -max{0, -H} [O(n)]
  3: f25->f34, F: 0 [O(1)]
`Upper:
  0: f0->f12, A: H [O(n)]
  0: f0->f12, B: I [O(n)]
  0: f0->f12, C: J [O(n)]
  0: f0->f12, D: 0 [O(1)]
  0: f0->f12, E: E [O(n)]
  0: f0->f12, F: F [O(n)]
  0: f0->f12, G: G [O(n)]
  1: f12->f12, A: max{0, H} [O(n)]
  1: f12->f12, B: max{0, I} [O(n)]
  1: f12->f12, C: max{0, J} [O(n)]
  1: f12->f12, D: max{0, J} [O(n)]
  1: f12->f12, E: max{0, E} [O(n)]
  1: f12->f12, F: max{0, F} [O(n)]
  1: f12->f12, G: max{0, G} [O(n)]
  4: f12->f25, A: max{0, H} [O(n)]
  4: f12->f25, B: max{0, I} [O(n)]
  4: f12->f25, C: max{0, J} [O(n)]
  4: f12->f25, D: max{0, J} [O(n)]
  4: f12->f25, E: max{0, H} [O(n)]
  4: f12->f25, F: 0 [O(1)]
  2: f25->f25, A: max{0, H} [O(n)]
  2: f25->f25, B: max{0, I} [O(n)]
  2: f25->f25, C: max{0, J} [O(n)]
  2: f25->f25, D: max{0, J} [O(n)]
  2: f25->f25, E: max{0, H} [O(n)]
  2: f25->f25, F: max{0, H} [O(n)]
  3: f25->f34, A: max{0, H} [O(n)]
  3: f25->f34, B: max{0, I} [O(n)]
  3: f25->f34, C: max{0, J} [O(n)]
  3: f25->f34, D: max{0, J} [O(n)]
  3: f25->f34, E: max{0, H} [O(n)]
  3: f25->f34, F: max{0, H} [O(n)]
