Timebounds: 
  Overall timebound: inf [Infinity]
  0: f0->f4: 1 [O(1)]
  1: f4->f4: inf [Infinity]
  2: f4->f4: inf [Infinity]
  3: f4->f11: 1 [O(1)]

Costbounds:
  Overall costbound: inf [Infinity]
  0: f0->f4: 1 [O(1)]
  1: f4->f4: inf [Infinity]
  2: f4->f4: inf [Infinity]
  3: f4->f11: 1 [O(1)]

Sizebounds:
`Lower:
  0: f0->f4, A: 0 [O(1)]
  0: f0->f4, B: 99 [O(1)]
  0: f0->f4, C: -inf [Infinity]
  0: f0->f4, D: -inf [Infinity]
  0: f0->f4, E: -inf [Infinity]
  1: f4->f4, A: -inf [Infinity]
  1: f4->f4, B: -inf [Infinity]
  1: f4->f4, C: -inf [Infinity]
  1: f4->f4, D: -inf [Infinity]
  1: f4->f4, E: -inf [Infinity]
  2: f4->f4, A: -inf [Infinity]
  2: f4->f4, B: -inf [Infinity]
  2: f4->f4, C: -inf [Infinity]
  2: f4->f4, D: -inf [Infinity]
  2: f4->f4, E: -inf [Infinity]
  3: f4->f11, A: -inf [Infinity]
  3: f4->f11, B: -inf [Infinity]
  3: f4->f11, C: -inf [Infinity]
  3: f4->f11, D: -inf [Infinity]
  3: f4->f11, E: -inf [Infinity]
`Upper:
  0: f0->f4, A: 0 [O(1)]
  0: f0->f4, B: 99 [O(1)]
  0: f0->f4, C: inf [Infinity]
  0: f0->f4, D: inf [Infinity]
  0: f0->f4, E: inf [Infinity]
  1: f4->f4, A: inf [Infinity]
  1: f4->f4, B: inf [Infinity]
  1: f4->f4, C: inf [Infinity]
  1: f4->f4, D: inf [Infinity]
  1: f4->f4, E: inf [Infinity]
  2: f4->f4, A: inf [Infinity]
  2: f4->f4, B: inf [Infinity]
  2: f4->f4, C: inf [Infinity]
  2: f4->f4, D: inf [Infinity]
  2: f4->f4, E: inf [Infinity]
  3: f4->f11, A: inf [Infinity]
  3: f4->f11, B: inf [Infinity]
  3: f4->f11, C: inf [Infinity]
  3: f4->f11, D: inf [Infinity]
  3: f4->f11, E: inf [Infinity]
