Timebounds: 
  Overall timebound: 2003 [O(1)]
  5: f0->f19: 1 [O(1)]
  1: f19->f19: 1000 [O(1)]
  4: f19->f28: 1 [O(1)]
  2: f28->f28: 1000 [O(1)]
  3: f28->f36: 1 [O(1)]

Costbounds:
  Overall costbound: 2003 [O(1)]
  5: f0->f19: 1 [O(1)]
  1: f19->f19: 1000 [O(1)]
  4: f19->f28: 1 [O(1)]
  2: f28->f28: 1000 [O(1)]
  3: f28->f36: 1 [O(1)]

Sizebounds:
`Lower:
  5: f0->f19, A: A [O(n)]
  5: f0->f19, B: 999 [O(1)]
  5: f0->f19, C: C [O(n)]
  5: f0->f19, D: 1 [O(1)]
  1: f19->f19, A: -max{0, -A} [O(n)]
  1: f19->f19, B: -1 [O(1)]
  1: f19->f19, C: -max{0, -C} [O(n)]
  1: f19->f19, D: 1 [O(1)]
  4: f19->f28, A: -max{0, -A} [O(n)]
  4: f19->f28, B: -1 [O(1)]
  4: f19->f28, C: 999 [O(1)]
  4: f19->f28, D: 1 [O(1)]
  2: f28->f28, A: -max{0, -A} [O(n)]
  2: f28->f28, C: -1 [O(1)]
  2: f28->f28, D: 1 [O(1)]
  3: f28->f36, A: -max{0, -A} [O(n)]
  3: f28->f36, C: -1 [O(1)]
  3: f28->f36, D: 1 [O(1)]
`Upper:
  5: f0->f19, A: A [O(n)]
  5: f0->f19, B: 999 [O(1)]
  5: f0->f19, C: C [O(n)]
  5: f0->f19, D: 1 [O(1)]
  1: f19->f19, A: max{0, A} [O(n)]
  1: f19->f19, B: 998 [O(1)]
  1: f19->f19, C: max{0, C} [O(n)]
  1: f19->f19, D: 1 [O(1)]
  4: f19->f28, A: max{0, A} [O(n)]
  4: f19->f28, B: -1 [O(1)]
  4: f19->f28, C: 999 [O(1)]
  4: f19->f28, D: 1 [O(1)]
  2: f28->f28, A: max{0, A} [O(n)]
  2: f28->f28, B: -1 [O(1)]
  2: f28->f28, C: 998 [O(1)]
  2: f28->f28, D: 1 [O(1)]
  3: f28->f36, A: max{0, A} [O(n)]
  3: f28->f36, B: -1 [O(1)]
  3: f28->f36, C: -1 [O(1)]
  3: f28->f36, D: 1 [O(1)]
