Timebounds: 
  Overall timebound: 3 [O(1)]
  0: f0->f17: 1 [O(1)]
  1: f0->f17: 1 [O(1)]
  2: f0->f17: 1 [O(1)]

Costbounds:
  Overall costbound: 3 [O(1)]
  0: f0->f17: 1 [O(1)]
  1: f0->f17: 1 [O(1)]
  2: f0->f17: 1 [O(1)]

Sizebounds:
`Lower:
  0: f0->f17, A: H [O(n)]
  0: f0->f17, B: G [O(n)]
  0: f0->f17, C: I [O(n)]
  0: f0->f17, D: D [O(n)]
  0: f0->f17, E: E [O(n)]
  0: f0->f17, F: F [O(n)]
  1: f0->f17, A: H [O(n)]
  1: f0->f17, B: 0 [O(1)]
  1: f0->f17, C: I [O(n)]
  1: f0->f17, D: D [O(n)]
  1: f0->f17, E: E [O(n)]
  1: f0->f17, F: F [O(n)]
  2: f0->f17, A: H [O(n)]
  2: f0->f17, B: -1 [O(1)]
  2: f0->f17, C: C [O(n)]
  2: f0->f17, D: 0 [O(1)]
  2: f0->f17, E: G [O(n)]
  2: f0->f17, F: I [O(n)]
`Upper:
  0: f0->f17, A: H [O(n)]
  0: f0->f17, B: -2 [O(1)]
  0: f0->f17, C: I [O(n)]
  0: f0->f17, D: D [O(n)]
  0: f0->f17, E: E [O(n)]
  0: f0->f17, F: F [O(n)]
  1: f0->f17, A: H [O(n)]
  1: f0->f17, B: G [O(n)]
  1: f0->f17, C: I [O(n)]
  1: f0->f17, D: D [O(n)]
  1: f0->f17, E: E [O(n)]
  1: f0->f17, F: F [O(n)]
  2: f0->f17, A: H [O(n)]
  2: f0->f17, B: -1 [O(1)]
  2: f0->f17, C: C [O(n)]
  2: f0->f17, D: 0 [O(1)]
  2: f0->f17, E: G [O(n)]
  2: f0->f17, F: I [O(n)]
