Timebounds: 
  Overall timebound: 1 [O(1)]
  0: f0->f75: 1 [O(1)]

Costbounds:
  Overall costbound: 1 [O(1)]
  0: f0->f75: 1 [O(1)]

Sizebounds:
`Lower:
  0: f0->f75, A: 2 [O(1)]
  0: f0->f75, A1: A2 [O(n)]
  0: f0->f75, A2: -inf [Infinity]
  0: f0->f75, B: W1 [O(n)]
  0: f0->f75, B1: A2 [O(n)]
  0: f0->f75, B2: -inf [Infinity]
  0: f0->f75, C: W1 [O(n)]
  0: f0->f75, C1: A2 [O(n)]
  0: f0->f75, C2: -inf [Infinity]
  0: f0->f75, D: W1 [O(n)]
  0: f0->f75, D1: A2 [O(n)]
  0: f0->f75, D2: -inf [Infinity]
  0: f0->f75, E: W1 [O(n)]
  0: f0->f75, E1: 2 [O(1)]
  0: f0->f75, F: W1 [O(n)]
  0: f0->f75, F1: B2 [O(n)]
  0: f0->f75, G: 2 [O(1)]
  0: f0->f75, G1: B2 [O(n)]
  0: f0->f75, H: X1 [O(n)]
  0: f0->f75, H1: B2 [O(n)]
  0: f0->f75, I: X1 [O(n)]
  0: f0->f75, I1: B2 [O(n)]
  0: f0->f75, J: X1 [O(n)]
  0: f0->f75, J1: B2 [O(n)]
  0: f0->f75, K: X1 [O(n)]
  0: f0->f75, K1: 2 [O(1)]
  0: f0->f75, L: X1 [O(n)]
  0: f0->f75, L1: C2 [O(n)]
  0: f0->f75, M: 2 [O(1)]
  0: f0->f75, M1: C2 [O(n)]
  0: f0->f75, N: Y1 [O(n)]
  0: f0->f75, N1: C2 [O(n)]
  0: f0->f75, O: Y1 [O(n)]
  0: f0->f75, O1: C2 [O(n)]
  0: f0->f75, P: Y1 [O(n)]
  0: f0->f75, P1: C2 [O(n)]
  0: f0->f75, Q: Y1 [O(n)]
  0: f0->f75, Q1: 2 [O(1)]
  0: f0->f75, R: Y1 [O(n)]
  0: f0->f75, R1: D2 [O(n)]
  0: f0->f75, S: 2 [O(1)]
  0: f0->f75, S1: D2 [O(n)]
  0: f0->f75, T: Z1 [O(n)]
  0: f0->f75, T1: D2 [O(n)]
  0: f0->f75, U: Z1 [O(n)]
  0: f0->f75, U1: D2 [O(n)]
  0: f0->f75, V: Z1 [O(n)]
  0: f0->f75, V1: D2 [O(n)]
  0: f0->f75, W: Z1 [O(n)]
  0: f0->f75, W1: -inf [Infinity]
  0: f0->f75, X: Z1 [O(n)]
  0: f0->f75, X1: -inf [Infinity]
  0: f0->f75, Y: 2 [O(1)]
  0: f0->f75, Y1: -inf [Infinity]
  0: f0->f75, Z: A2 [O(n)]
  0: f0->f75, Z1: -inf [Infinity]
`Upper:
  0: f0->f75, A: 2 [O(1)]
  0: f0->f75, A1: A2 [O(n)]
  0: f0->f75, A2: inf [Infinity]
  0: f0->f75, B: W1 [O(n)]
  0: f0->f75, B1: A2 [O(n)]
  0: f0->f75, B2: inf [Infinity]
  0: f0->f75, C: W1 [O(n)]
  0: f0->f75, C1: A2 [O(n)]
  0: f0->f75, C2: inf [Infinity]
  0: f0->f75, D: W1 [O(n)]
  0: f0->f75, D1: A2 [O(n)]
  0: f0->f75, D2: inf [Infinity]
  0: f0->f75, E: W1 [O(n)]
  0: f0->f75, E1: 2 [O(1)]
  0: f0->f75, F: W1 [O(n)]
  0: f0->f75, F1: B2 [O(n)]
  0: f0->f75, G: 2 [O(1)]
  0: f0->f75, G1: B2 [O(n)]
  0: f0->f75, H: X1 [O(n)]
  0: f0->f75, H1: B2 [O(n)]
  0: f0->f75, I: X1 [O(n)]
  0: f0->f75, I1: B2 [O(n)]
  0: f0->f75, J: X1 [O(n)]
  0: f0->f75, J1: B2 [O(n)]
  0: f0->f75, K: X1 [O(n)]
  0: f0->f75, K1: 2 [O(1)]
  0: f0->f75, L: X1 [O(n)]
  0: f0->f75, L1: C2 [O(n)]
  0: f0->f75, M: 2 [O(1)]
  0: f0->f75, M1: C2 [O(n)]
  0: f0->f75, N: Y1 [O(n)]
  0: f0->f75, N1: C2 [O(n)]
  0: f0->f75, O: Y1 [O(n)]
  0: f0->f75, O1: C2 [O(n)]
  0: f0->f75, P: Y1 [O(n)]
  0: f0->f75, P1: C2 [O(n)]
  0: f0->f75, Q: Y1 [O(n)]
  0: f0->f75, Q1: 2 [O(1)]
  0: f0->f75, R: Y1 [O(n)]
  0: f0->f75, R1: D2 [O(n)]
  0: f0->f75, S: 2 [O(1)]
  0: f0->f75, S1: D2 [O(n)]
  0: f0->f75, T: Z1 [O(n)]
  0: f0->f75, T1: D2 [O(n)]
  0: f0->f75, U: Z1 [O(n)]
  0: f0->f75, U1: D2 [O(n)]
  0: f0->f75, V: Z1 [O(n)]
  0: f0->f75, V1: D2 [O(n)]
  0: f0->f75, W: Z1 [O(n)]
  0: f0->f75, W1: inf [Infinity]
  0: f0->f75, X: Z1 [O(n)]
  0: f0->f75, X1: inf [Infinity]
  0: f0->f75, Y: 2 [O(1)]
  0: f0->f75, Y1: inf [Infinity]
  0: f0->f75, Z: A2 [O(n)]
  0: f0->f75, Z1: inf [Infinity]
