Timebounds: 
  Overall timebound: inf [Infinity]
  0: f0->f9: 1 [O(1)]
  3: f10->f9: 19 [O(1)]
  8: f10->f16: 1 [O(1)]
  4: f16->f28: 1 [O(1)]
  5: f16->f16: inf [Infinity]
  6: f16->f16: inf [Infinity]
  7: f16->f28: 1 [O(1)]
  1: f9->f10: 40 [O(1)]
  2: f9->f10: 40 [O(1)]
  9: f9->f16: 1 [O(1)]

Costbounds:
  Overall costbound: inf [Infinity]
  0: f0->f9: 1 [O(1)]
  3: f10->f9: 19 [O(1)]
  8: f10->f16: 1 [O(1)]
  4: f16->f28: 1 [O(1)]
  5: f16->f16: inf [Infinity]
  6: f16->f16: inf [Infinity]
  7: f16->f28: 1 [O(1)]
  1: f9->f10: 40 [O(1)]
  2: f9->f10: 40 [O(1)]
  9: f9->f16: 1 [O(1)]

Sizebounds:
`Lower:
  0: f0->f9, A: 0 [O(1)]
  0: f0->f9, B: 0 [O(1)]
  0: f0->f9, C: H [O(n)]
  0: f0->f9, D: D [O(n)]
  0: f0->f9, E: E [O(n)]
  0: f0->f9, F: F [O(n)]
  0: f0->f9, G: G [O(n)]
  3: f10->f9, A: 1 [O(1)]
  3: f10->f9, B: 1 [O(1)]
  3: f10->f9, E: E [O(n)]
  3: f10->f9, F: F [O(n)]
  3: f10->f9, G: G [O(n)]
  8: f10->f16, A: 0 [O(1)]
  8: f10->f16, B: 10 [O(1)]
  8: f10->f16, E: E [O(n)]
  8: f10->f16, F: F [O(n)]
  8: f10->f16, G: G [O(n)]
  4: f16->f28, A: 10 [O(1)]
  4: f16->f28, B: 0 [O(1)]
  4: f16->f28, E: 0 [O(1)]
  5: f16->f16, A: 1 [O(1)]
  5: f16->f16, B: 0 [O(1)]
  5: f16->f16, E: 0 [O(1)]
  6: f16->f16, A: 1 [O(1)]
  6: f16->f16, B: 0 [O(1)]
  6: f16->f16, E: 0 [O(1)]
  6: f16->f16, F: 1 [O(1)]
  6: f16->f16, G: 1 [O(1)]
  7: f16->f28, A: 0 [O(1)]
  7: f16->f28, B: 0 [O(1)]
  7: f16->f28, E: 0 [O(1)]
  7: f16->f28, F: 0 [O(1)]
  7: f16->f28, G: 0 [O(1)]
  1: f9->f10, A: 0 [O(1)]
  1: f9->f10, B: 0 [O(1)]
  1: f9->f10, E: E [O(n)]
  1: f9->f10, F: F [O(n)]
  1: f9->f10, G: G [O(n)]
  2: f9->f10, A: 0 [O(1)]
  2: f9->f10, B: 0 [O(1)]
  2: f9->f10, C: 1 [O(1)]
  2: f9->f10, D: 1 [O(1)]
  2: f9->f10, E: E [O(n)]
  2: f9->f10, F: F [O(n)]
  2: f9->f10, G: G [O(n)]
  9: f9->f16, A: 0 [O(1)]
  9: f9->f16, B: 0 [O(1)]
  9: f9->f16, C: 0 [O(1)]
  9: f9->f16, D: 0 [O(1)]
  9: f9->f16, E: E [O(n)]
  9: f9->f16, F: F [O(n)]
  9: f9->f16, G: G [O(n)]
`Upper:
  0: f0->f9, A: 0 [O(1)]
  0: f0->f9, B: 0 [O(1)]
  0: f0->f9, C: H [O(n)]
  0: f0->f9, D: D [O(n)]
  0: f0->f9, E: E [O(n)]
  0: f0->f9, F: F [O(n)]
  0: f0->f9, G: G [O(n)]
  3: f10->f9, A: 10 [O(1)]
  3: f10->f9, B: 10 [O(1)]
  3: f10->f9, E: E [O(n)]
  3: f10->f9, F: F [O(n)]
  3: f10->f9, G: G [O(n)]
  8: f10->f16, A: 0 [O(1)]
  8: f10->f16, B: 10 [O(1)]
  8: f10->f16, E: E [O(n)]
  8: f10->f16, F: F [O(n)]
  8: f10->f16, G: G [O(n)]
  4: f16->f28, A: 10 [O(1)]
  4: f16->f28, B: 10 [O(1)]
  4: f16->f28, E: 9 [O(1)]
  5: f16->f16, A: 10 [O(1)]
  5: f16->f16, B: 10 [O(1)]
  5: f16->f16, E: 9 [O(1)]
  5: f16->f16, F: -1 [O(1)]
  5: f16->f16, G: -1 [O(1)]
  6: f16->f16, A: 10 [O(1)]
  6: f16->f16, B: 10 [O(1)]
  6: f16->f16, E: 9 [O(1)]
  7: f16->f28, A: 9 [O(1)]
  7: f16->f28, B: 10 [O(1)]
  7: f16->f28, E: 9 [O(1)]
  7: f16->f28, F: 0 [O(1)]
  7: f16->f28, G: 0 [O(1)]
  1: f9->f10, A: 10 [O(1)]
  1: f9->f10, B: 10 [O(1)]
  1: f9->f10, C: -1 [O(1)]
  1: f9->f10, D: -1 [O(1)]
  1: f9->f10, E: E [O(n)]
  1: f9->f10, F: F [O(n)]
  1: f9->f10, G: G [O(n)]
  2: f9->f10, A: 10 [O(1)]
  2: f9->f10, B: 10 [O(1)]
  2: f9->f10, E: E [O(n)]
  2: f9->f10, F: F [O(n)]
  2: f9->f10, G: G [O(n)]
  9: f9->f16, A: 0 [O(1)]
  9: f9->f16, B: 10 [O(1)]
  9: f9->f16, C: 0 [O(1)]
  9: f9->f16, D: 0 [O(1)]
  9: f9->f16, E: E [O(n)]
  9: f9->f16, F: F [O(n)]
  9: f9->f16, G: G [O(n)]
