Timebounds: 
  Overall timebound: inf [Infinity]
  0: f0->f4: 1 [O(1)]
  1: f4->f4: inf [Infinity]
  2: f4->f4: inf [Infinity]
  3: f4->f14: 1 [O(1)]
  4: f4->f14: 1 [O(1)]
  5: f4->f14: 1 [O(1)]
  6: f4->f14: 1 [O(1)]

Costbounds:
  Overall costbound: inf [Infinity]
  0: f0->f4: 1 [O(1)]
  1: f4->f4: inf [Infinity]
  2: f4->f4: inf [Infinity]
  3: f4->f14: 1 [O(1)]
  4: f4->f14: 1 [O(1)]
  5: f4->f14: 1 [O(1)]
  6: f4->f14: 1 [O(1)]

Sizebounds:
`Lower:
  0: f0->f4, A: C [O(n)]
  0: f0->f4, B: 0 [O(1)]
  0: f0->f4, C: -inf [Infinity]
  1: f4->f4, A: C [O(n)]
  1: f4->f4, B: 0 [O(1)]
  1: f4->f4, C: -inf [Infinity]
  2: f4->f4, A: C [O(n)]
  2: f4->f4, B: 0 [O(1)]
  2: f4->f4, C: -inf [Infinity]
  3: f4->f14, A: 0 [O(1)]
  3: f4->f14, B: 1 [O(1)]
  3: f4->f14, C: -inf [Infinity]
  4: f4->f14, A: -inf [Infinity]
  4: f4->f14, B: 0 [O(1)]
  4: f4->f14, C: -inf [Infinity]
  5: f4->f14, A: 0 [O(1)]
  5: f4->f14, B: 0 [O(1)]
  5: f4->f14, C: -inf [Infinity]
  6: f4->f14, A: 0 [O(1)]
  6: f4->f14, B: 1 [O(1)]
  6: f4->f14, C: -inf [Infinity]
`Upper:
  0: f0->f4, A: C [O(n)]
  0: f0->f4, B: 0 [O(1)]
  0: f0->f4, C: inf [Infinity]
  1: f4->f4, A: C [O(n)]
  1: f4->f4, B: inf [Infinity]
  1: f4->f4, C: inf [Infinity]
  2: f4->f4, A: C [O(n)]
  2: f4->f4, B: inf [Infinity]
  2: f4->f4, C: inf [Infinity]
  3: f4->f14, A: C [O(n)]
  3: f4->f14, B: inf [Infinity]
  3: f4->f14, C: inf [Infinity]
  4: f4->f14, A: -1 [O(1)]
  4: f4->f14, B: inf [Infinity]
  4: f4->f14, C: inf [Infinity]
  5: f4->f14, A: C [O(n)]
  5: f4->f14, B: C [O(n)]
  5: f4->f14, C: inf [Infinity]
  6: f4->f14, A: C [O(n)]
  6: f4->f14, B: inf [Infinity]
  6: f4->f14, C: inf [Infinity]
