Timebounds: 
  Overall timebound: 3 [O(1)]
  0: f0->f8: 1 [O(1)]
  1: f0->f8: 1 [O(1)]
  2: f0->f8: 1 [O(1)]

Costbounds:
  Overall costbound: 3 [O(1)]
  0: f0->f8: 1 [O(1)]
  1: f0->f8: 1 [O(1)]
  2: f0->f8: 1 [O(1)]

Sizebounds:
`Lower:
  0: f0->f8, A: A [O(n)]
  0: f0->f8, B: -inf [Infinity]
  1: f0->f8, A: A [O(n)]
  1: f0->f8, B: -inf [Infinity]
  2: f0->f8, A: B [O(n)]
  2: f0->f8, B: -inf [Infinity]
`Upper:
  0: f0->f8, A: A [O(n)]
  0: f0->f8, B: inf [Infinity]
  1: f0->f8, A: A [O(n)]
  1: f0->f8, B: inf [Infinity]
  2: f0->f8, A: B [O(n)]
  2: f0->f8, B: inf [Infinity]
