Timebounds: 
  Overall timebound: 12 [O(1)]
  0: f0->f7: 1 [O(1)]
  1: f7->f7: 10 [O(1)]
  2: f7->f19: 1 [O(1)]

Costbounds:
  Overall costbound: 12 [O(1)]
  0: f0->f7: 1 [O(1)]
  1: f7->f7: 10 [O(1)]
  2: f7->f19: 1 [O(1)]

Sizebounds:
`Lower:
  0: f0->f7, A: F [O(n)]
  0: f0->f7, B: F [O(n)]
  0: f0->f7, C: 10 [O(1)]
  0: f0->f7, D: 0 [O(1)]
  0: f0->f7, E: E [O(n)]
  1: f7->f7, A: -max{0, -F} [O(n)]
  1: f7->f7, B: -max{0, -F} [O(n)]
  1: f7->f7, C: 10 [O(1)]
  1: f7->f7, D: 1 [O(1)]
  2: f7->f19, A: -max{0, -F} [O(n)]
  2: f7->f19, B: -max{0, -F} [O(n)]
  2: f7->f19, C: 10 [O(1)]
  2: f7->f19, D: 10 [O(1)]
`Upper:
  0: f0->f7, A: F [O(n)]
  0: f0->f7, B: F [O(n)]
  0: f0->f7, C: 10 [O(1)]
  0: f0->f7, D: 0 [O(1)]
  0: f0->f7, E: E [O(n)]
  1: f7->f7, A: max{0, F} [O(n)]
  1: f7->f7, B: max{0, F} [O(n)]
  1: f7->f7, C: 10 [O(1)]
  1: f7->f7, D: 10 [O(1)]
  2: f7->f19, A: max{0, F} [O(n)]
  2: f7->f19, B: max{0, F} [O(n)]
  2: f7->f19, C: 10 [O(1)]
  2: f7->f19, D: 10 [O(1)]
