Timebounds: 
  Overall timebound: inf [Infinity]
  0: f0->f9: 1 [O(1)]
  2: f24->f24: inf [Infinity]
  3: f24->f24: inf [Infinity]
  7: f24->f37: 1 [O(1)]
  4: f37->f37: inf [Infinity]
  5: f37->f37: inf [Infinity]
  6: f37->f48: 1 [O(1)]
  1: f9->f9: max{0, F} [O(n)]
  8: f9->f24: 1 [O(1)]

Costbounds:
  Overall costbound: inf [Infinity]
  0: f0->f9: 1 [O(1)]
  2: f24->f24: inf [Infinity]
  3: f24->f24: inf [Infinity]
  7: f24->f37: 1 [O(1)]
  4: f37->f37: inf [Infinity]
  5: f37->f37: inf [Infinity]
  6: f37->f48: 1 [O(1)]
  1: f9->f9: max{0, F} [O(n)]
  8: f9->f24: 1 [O(1)]

Sizebounds:
`Lower:
  0: f0->f9, A: F [O(n)]
  0: f0->f9, B: F [O(n)]
  0: f0->f9, C: F [O(n)]
  0: f0->f9, D: 0 [O(1)]
  0: f0->f9, E: E [O(n)]
  0: f0->f9, F: -inf [Infinity]
  0: f0->f9, G: -inf [Infinity]
  2: f24->f24, A: F [O(n)]
  2: f24->f24, B: F [O(n)]
  2: f24->f24, C: F [O(n)]
  2: f24->f24, D: 0 [O(1)]
  2: f24->f24, E: -inf [Infinity]
  2: f24->f24, F: -inf [Infinity]
  2: f24->f24, G: -inf [Infinity]
  3: f24->f24, A: F [O(n)]
  3: f24->f24, B: F [O(n)]
  3: f24->f24, C: F [O(n)]
  3: f24->f24, D: 0 [O(1)]
  3: f24->f24, E: -inf [Infinity]
  3: f24->f24, F: -inf [Infinity]
  3: f24->f24, G: -inf [Infinity]
  7: f24->f37, A: F [O(n)]
  7: f24->f37, B: F [O(n)]
  7: f24->f37, C: F [O(n)]
  7: f24->f37, D: 0 [O(1)]
  7: f24->f37, E: -inf [Infinity]
  7: f24->f37, F: -inf [Infinity]
  7: f24->f37, G: -inf [Infinity]
  4: f37->f37, A: F [O(n)]
  4: f37->f37, B: F [O(n)]
  4: f37->f37, C: F [O(n)]
  4: f37->f37, D: 0 [O(1)]
  4: f37->f37, E: -inf [Infinity]
  4: f37->f37, F: -inf [Infinity]
  4: f37->f37, G: -inf [Infinity]
  5: f37->f37, A: F [O(n)]
  5: f37->f37, B: F [O(n)]
  5: f37->f37, C: F [O(n)]
  5: f37->f37, D: 0 [O(1)]
  5: f37->f37, E: -inf [Infinity]
  5: f37->f37, F: -inf [Infinity]
  5: f37->f37, G: -inf [Infinity]
  6: f37->f48, A: F [O(n)]
  6: f37->f48, B: F [O(n)]
  6: f37->f48, C: F [O(n)]
  6: f37->f48, D: 0 [O(1)]
  6: f37->f48, E: -inf [Infinity]
  6: f37->f48, F: -inf [Infinity]
  6: f37->f48, G: -inf [Infinity]
  1: f9->f9, A: F [O(n)]
  1: f9->f9, B: 1 [O(1)]
  1: f9->f9, C: 1 [O(1)]
  1: f9->f9, D: 1 [O(1)]
  1: f9->f9, E: -inf [Infinity]
  1: f9->f9, F: -inf [Infinity]
  1: f9->f9, G: -inf [Infinity]
  8: f9->f24, A: F [O(n)]
  8: f9->f24, B: F [O(n)]
  8: f9->f24, C: F [O(n)]
  8: f9->f24, D: 0 [O(1)]
  8: f9->f24, E: -inf [Infinity]
  8: f9->f24, F: -inf [Infinity]
  8: f9->f24, G: -inf [Infinity]
`Upper:
  0: f0->f9, A: F [O(n)]
  0: f0->f9, B: F [O(n)]
  0: f0->f9, C: F [O(n)]
  0: f0->f9, D: 0 [O(1)]
  0: f0->f9, E: E [O(n)]
  0: f0->f9, F: inf [Infinity]
  0: f0->f9, G: inf [Infinity]
  2: f24->f24, A: F [O(n)]
  2: f24->f24, B: F [O(n)]
  2: f24->f24, C: F [O(n)]
  2: f24->f24, D: max{0, F} [O(n)]
  2: f24->f24, E: inf [Infinity]
  2: f24->f24, F: inf [Infinity]
  2: f24->f24, G: inf [Infinity]
  3: f24->f24, A: F [O(n)]
  3: f24->f24, B: F [O(n)]
  3: f24->f24, C: F [O(n)]
  3: f24->f24, D: max{0, F} [O(n)]
  3: f24->f24, E: inf [Infinity]
  3: f24->f24, F: inf [Infinity]
  3: f24->f24, G: inf [Infinity]
  7: f24->f37, A: F [O(n)]
  7: f24->f37, B: F [O(n)]
  7: f24->f37, C: F [O(n)]
  7: f24->f37, D: max{0, F} [O(n)]
  7: f24->f37, E: inf [Infinity]
  7: f24->f37, F: inf [Infinity]
  7: f24->f37, G: inf [Infinity]
  4: f37->f37, A: F [O(n)]
  4: f37->f37, B: F [O(n)]
  4: f37->f37, C: F [O(n)]
  4: f37->f37, D: max{0, F} [O(n)]
  4: f37->f37, E: inf [Infinity]
  4: f37->f37, F: inf [Infinity]
  4: f37->f37, G: inf [Infinity]
  5: f37->f37, A: F [O(n)]
  5: f37->f37, B: F [O(n)]
  5: f37->f37, C: F [O(n)]
  5: f37->f37, D: max{0, F} [O(n)]
  5: f37->f37, E: inf [Infinity]
  5: f37->f37, F: inf [Infinity]
  5: f37->f37, G: inf [Infinity]
  6: f37->f48, A: F [O(n)]
  6: f37->f48, B: F [O(n)]
  6: f37->f48, C: F [O(n)]
  6: f37->f48, D: max{0, F} [O(n)]
  6: f37->f48, E: inf [Infinity]
  6: f37->f48, F: inf [Infinity]
  6: f37->f48, G: inf [Infinity]
  1: f9->f9, A: F [O(n)]
  1: f9->f9, B: F [O(n)]
  1: f9->f9, C: F [O(n)]
  1: f9->f9, D: F [O(n)]
  1: f9->f9, E: inf [Infinity]
  1: f9->f9, F: inf [Infinity]
  1: f9->f9, G: inf [Infinity]
  8: f9->f24, A: F [O(n)]
  8: f9->f24, B: F [O(n)]
  8: f9->f24, C: F [O(n)]
  8: f9->f24, D: max{0, F} [O(n)]
  8: f9->f24, E: inf [Infinity]
  8: f9->f24, F: inf [Infinity]
  8: f9->f24, G: inf [Infinity]
