Timebounds: 
  Overall timebound: inf [Infinity]
  0: f0->f12: 1 [O(1)]
  1: f12->f12: max{0, G} [O(n)]
  11: f12->f27: 1 [O(1)]
  10: f27->f42: 1 [O(1)]
  9: f42->f55: 1 [O(1)]
  8: f55->f66: 1 [O(1)]

Costbounds:
  Overall costbound: inf [Infinity]
  0: f0->f12: 1 [O(1)]
  1: f12->f12: max{0, G} [O(n)]
  11: f12->f27: 1 [O(1)]
  2: f27->f27: inf [Infinity]
  3: f27->f27: inf [Infinity]
  10: f27->f42: 1 [O(1)]
  4: f42->f42: inf [Infinity]
  5: f42->f42: inf [Infinity]
  9: f42->f55: 1 [O(1)]
  6: f55->f55: inf [Infinity]
  7: f55->f55: inf [Infinity]
  8: f55->f66: 1 [O(1)]

Sizebounds:
`Lower:
  0: f0->f12, A: G [O(n)]
  0: f0->f12, B: G [O(n)]
  0: f0->f12, C: G [O(n)]
  0: f0->f12, D: 0 [O(1)]
  0: f0->f12, E: E [O(n)]
  0: f0->f12, F: F [O(n)]
  1: f12->f12, A: -max{0, -G} [O(n)]
  1: f12->f12, B: 1 [O(1)]
  1: f12->f12, C: 1 [O(1)]
  1: f12->f12, D: 1 [O(1)]
  1: f12->f12, F: -max{0, -F} [O(n)]
  11: f12->f27, A: -max{0, -G} [O(n)]
  11: f12->f27, B: -max{0, -G} [O(n)]
  11: f12->f27, C: -max{0, -G} [O(n)]
  11: f12->f27, D: 0 [O(1)]
  11: f12->f27, F: -max{0, -F} [O(n)]
  2: f27->f27, A: -max{0, -G} [O(n)]
  2: f27->f27, B: -max{0, -G} [O(n)]
  2: f27->f27, C: -max{0, -G} [O(n)]
  2: f27->f27, D: 0 [O(1)]
  3: f27->f27, A: -max{0, -G} [O(n)]
  3: f27->f27, B: -max{0, -G} [O(n)]
  3: f27->f27, C: -max{0, -G} [O(n)]
  3: f27->f27, D: 0 [O(1)]
  10: f27->f42, A: -max{0, -G} [O(n)]
  10: f27->f42, B: -max{0, -G} [O(n)]
  10: f27->f42, C: -max{0, -G} [O(n)]
  10: f27->f42, D: 0 [O(1)]
  4: f42->f42, A: -max{0, -G} [O(n)]
  4: f42->f42, B: -max{0, -G} [O(n)]
  4: f42->f42, C: -max{0, -G} [O(n)]
  4: f42->f42, D: 0 [O(1)]
  5: f42->f42, A: -max{0, -G} [O(n)]
  5: f42->f42, B: -max{0, -G} [O(n)]
  5: f42->f42, C: -max{0, -G} [O(n)]
  5: f42->f42, D: 0 [O(1)]
  9: f42->f55, A: -max{0, -G} [O(n)]
  9: f42->f55, B: -max{0, -G} [O(n)]
  9: f42->f55, C: -max{0, -G} [O(n)]
  9: f42->f55, D: 0 [O(1)]
  6: f55->f55, A: -max{0, -G} [O(n)]
  6: f55->f55, B: -max{0, -G} [O(n)]
  6: f55->f55, C: -max{0, -G} [O(n)]
  6: f55->f55, D: 0 [O(1)]
  7: f55->f55, A: -max{0, -G} [O(n)]
  7: f55->f55, B: -max{0, -G} [O(n)]
  7: f55->f55, C: -max{0, -G} [O(n)]
  7: f55->f55, D: 0 [O(1)]
  8: f55->f66, A: -max{0, -G} [O(n)]
  8: f55->f66, B: -max{0, -G} [O(n)]
  8: f55->f66, C: -max{0, -G} [O(n)]
  8: f55->f66, D: 0 [O(1)]
`Upper:
  0: f0->f12, A: G [O(n)]
  0: f0->f12, B: G [O(n)]
  0: f0->f12, C: G [O(n)]
  0: f0->f12, D: 0 [O(1)]
  0: f0->f12, E: E [O(n)]
  0: f0->f12, F: F [O(n)]
  1: f12->f12, A: max{0, G} [O(n)]
  1: f12->f12, B: max{0, G} [O(n)]
  1: f12->f12, C: max{0, G} [O(n)]
  1: f12->f12, D: max{0, G} [O(n)]
  1: f12->f12, F: max{0, F} [O(n)]
  11: f12->f27, A: max{0, G} [O(n)]
  11: f12->f27, B: max{0, G} [O(n)]
  11: f12->f27, C: max{0, G} [O(n)]
  11: f12->f27, D: max{0, G} [O(n)]
  11: f12->f27, F: max{0, F} [O(n)]
  2: f27->f27, A: max{0, G} [O(n)]
  2: f27->f27, B: max{0, G} [O(n)]
  2: f27->f27, C: max{0, G} [O(n)]
  2: f27->f27, D: max{0, G} [O(n)]
  3: f27->f27, A: max{0, G} [O(n)]
  3: f27->f27, B: max{0, G} [O(n)]
  3: f27->f27, C: max{0, G} [O(n)]
  3: f27->f27, D: max{0, G} [O(n)]
  10: f27->f42, A: max{0, G} [O(n)]
  10: f27->f42, B: max{0, G} [O(n)]
  10: f27->f42, C: max{0, G} [O(n)]
  10: f27->f42, D: max{0, G} [O(n)]
  4: f42->f42, A: max{0, G} [O(n)]
  4: f42->f42, B: max{0, G} [O(n)]
  4: f42->f42, C: max{0, G} [O(n)]
  4: f42->f42, D: max{0, G} [O(n)]
  5: f42->f42, A: max{0, G} [O(n)]
  5: f42->f42, B: max{0, G} [O(n)]
  5: f42->f42, C: max{0, G} [O(n)]
  5: f42->f42, D: max{0, G} [O(n)]
  9: f42->f55, A: max{0, G} [O(n)]
  9: f42->f55, B: max{0, G} [O(n)]
  9: f42->f55, C: max{0, G} [O(n)]
  9: f42->f55, D: max{0, G} [O(n)]
  6: f55->f55, A: max{0, G} [O(n)]
  6: f55->f55, B: max{0, G} [O(n)]
  6: f55->f55, C: max{0, G} [O(n)]
  6: f55->f55, D: max{0, G} [O(n)]
  7: f55->f55, A: max{0, G} [O(n)]
  7: f55->f55, B: max{0, G} [O(n)]
  7: f55->f55, C: max{0, G} [O(n)]
  7: f55->f55, D: max{0, G} [O(n)]
  8: f55->f66, A: max{0, G} [O(n)]
  8: f55->f66, B: max{0, G} [O(n)]
  8: f55->f66, C: max{0, G} [O(n)]
  8: f55->f66, D: max{0, G} [O(n)]
