Timebounds: 
  Overall timebound: max{0, -1+B}+max{1, 0+A} [O(n)]
  0: f1->f2: 1 [O(1)]
  1: f2->f2: max{0, -1+A} [O(n)]
  2: f2->f2: max{0, -1+B} [O(n)]

Costbounds:
  Overall costbound: max{0, -1+B}+max{1, 1+A} [O(n)]
  0: f1->f2: 1 [O(1)]
  1: f2->f2: max{0, A} [O(n)]
  2: f2->f2: max{0, -1+B} [O(n)]

Sizebounds:
`Lower:
  0: f1->f2, A: 1 [O(1)]
  0: f1->f2, B: 1 [O(1)]
  1: f2->f2, A: 0 [O(1)]
  1: f2->f2, B: 0 [O(1)]
  2: f2->f2, A: 0 [O(1)]
  2: f2->f2, B: 0 [O(1)]
`Upper:
  0: f1->f2, A: A [O(n)]
  0: f1->f2, B: B [O(n)]
  1: f2->f2, A: max{0, A} [O(n)]
  1: f2->f2, B: max{0, B} [O(n)]
  2: f2->f2, A: max{0, A} [O(n)]
  2: f2->f2, B: max{0, B} [O(n)]
