Timebounds: 
  Overall timebound: inf [Infinity]
  37: f0->f94: 1 [O(1)]
  38: f0->f37: 1 [O(1)]
  39: f0->f37: 1 [O(1)]
  40: f0->f37: 1 [O(1)]
  1: f37->f41: 1 [O(1)]
  2: f37->f41: 1 [O(1)]
  16: f37->f94: 1 [O(1)]
  17: f41->f94: 1 [O(1)]
  35: f41->f48: 1 [O(1)]
  36: f41->f48: 1 [O(1)]
  28: f48->f89: inf [Infinity]
  29: f48->f89: inf [Infinity]
  30: f48->f94: 1 [O(1)]
  31: f48->f94: 1 [O(1)]
  32: f48->f61: inf [Infinity]
  33: f48->f61: inf [Infinity]
  34: f48->f89: inf [Infinity]
  4: f61->f66: inf [Infinity]
  5: f61->f66: inf [Infinity]
  13: f61->f89: inf [Infinity]
  23: f66->f84: inf [Infinity]
  24: f66->f84: inf [Infinity]
  25: f66->f80: inf [Infinity]
  26: f66->f77: inf [Infinity]
  27: f66->f77: inf [Infinity]
  8: f77->f78: inf [Infinity]
  9: f77->f78: inf [Infinity]
  10: f77->f80: inf [Infinity]
  0: f78->f80: inf [Infinity]
  11: f78->f80: inf [Infinity]
  12: f78->f80: inf [Infinity]
  7: f80->f84: inf [Infinity]
  22: f80->f84: inf [Infinity]
  14: f84->f89: inf [Infinity]
  21: f84->f89: inf [Infinity]
  3: f89->f48: inf [Infinity]
  19: f89->f94: 1 [O(1)]
  15: f94->f94: inf [Infinity]

Costbounds:
  Overall costbound: inf [Infinity]
  37: f0->f94: 1 [O(1)]
  38: f0->f37: 1 [O(1)]
  39: f0->f37: 1 [O(1)]
  40: f0->f37: 1 [O(1)]
  1: f37->f41: 1 [O(1)]
  2: f37->f41: 1 [O(1)]
  16: f37->f94: 1 [O(1)]
  17: f41->f94: 1 [O(1)]
  35: f41->f48: 1 [O(1)]
  36: f41->f48: 1 [O(1)]
  28: f48->f89: inf [Infinity]
  29: f48->f89: inf [Infinity]
  30: f48->f94: 1 [O(1)]
  31: f48->f94: 1 [O(1)]
  32: f48->f61: inf [Infinity]
  33: f48->f61: inf [Infinity]
  34: f48->f89: inf [Infinity]
  4: f61->f66: inf [Infinity]
  5: f61->f66: inf [Infinity]
  13: f61->f89: inf [Infinity]
  23: f66->f84: inf [Infinity]
  24: f66->f84: inf [Infinity]
  25: f66->f80: inf [Infinity]
  26: f66->f77: inf [Infinity]
  27: f66->f77: inf [Infinity]
  8: f77->f78: inf [Infinity]
  9: f77->f78: inf [Infinity]
  10: f77->f80: inf [Infinity]
  0: f78->f80: inf [Infinity]
  11: f78->f80: inf [Infinity]
  12: f78->f80: inf [Infinity]
  7: f80->f84: inf [Infinity]
  22: f80->f84: inf [Infinity]
  14: f84->f89: inf [Infinity]
  21: f84->f89: inf [Infinity]
  3: f89->f48: inf [Infinity]
  19: f89->f94: 1 [O(1)]
  15: f94->f94: inf [Infinity]

Sizebounds:
`Lower:
  37: f0->f94, A: A [O(n)]
  37: f0->f94, A1: I1 [O(n)]
  37: f0->f94, B: B [O(n)]
  37: f0->f94, B1: I1 [O(n)]
  37: f0->f94, C: C [O(n)]
  37: f0->f94, C1: J1 [O(n)]
  37: f0->f94, D: D [O(n)]
  37: f0->f94, D1: K1 [O(n)]
  37: f0->f94, E: L1 [O(n)]
  37: f0->f94, E1: K1 [O(n)]
  37: f0->f94, F: F [O(n)]
  37: f0->f94, F1: L1 [O(n)]
  37: f0->f94, G: G [O(n)]
  37: f0->f94, G1: G1 [O(n)]
  37: f0->f94, H: H [O(n)]
  37: f0->f94, I: I [O(n)]
  37: f0->f94, J: J [O(n)]
  37: f0->f94, K: K [O(n)]
  37: f0->f94, L: 1 [O(1)]
  37: f0->f94, M: M [O(n)]
  37: f0->f94, N: N [O(n)]
  37: f0->f94, O: O [O(n)]
  37: f0->f94, P: P [O(n)]
  37: f0->f94, Q: Q [O(n)]
  37: f0->f94, R: R [O(n)]
  37: f0->f94, S: S [O(n)]
  37: f0->f94, T: T [O(n)]
  37: f0->f94, U: U [O(n)]
  37: f0->f94, V: V [O(n)]
  37: f0->f94, W: W [O(n)]
  37: f0->f94, X: X [O(n)]
  37: f0->f94, Y: H1 [O(n)]
  37: f0->f94, Z: H1 [O(n)]
  38: f0->f37, A: A [O(n)]
  38: f0->f37, A1: 1 [O(1)]
  38: f0->f37, B: N1 [O(n)]
  38: f0->f37, B1: 1 [O(1)]
  38: f0->f37, C: C [O(n)]
  38: f0->f37, C1: J1 [O(n)]
  38: f0->f37, D: D [O(n)]
  38: f0->f37, D1: K1 [O(n)]
  38: f0->f37, E: L1 [O(n)]
  38: f0->f37, E1: K1 [O(n)]
  38: f0->f37, F: F [O(n)]
  38: f0->f37, F1: L1 [O(n)]
  38: f0->f37, G: G [O(n)]
  38: f0->f37, G1: M1 [O(n)]
  38: f0->f37, H: H [O(n)]
  38: f0->f37, I: I [O(n)]
  38: f0->f37, J: J [O(n)]
  38: f0->f37, K: K [O(n)]
  38: f0->f37, L: J1 [O(n)]
  38: f0->f37, M: M [O(n)]
  38: f0->f37, N: N [O(n)]
  38: f0->f37, O: O [O(n)]
  38: f0->f37, P: P [O(n)]
  38: f0->f37, Q: Q [O(n)]
  38: f0->f37, R: R [O(n)]
  38: f0->f37, S: S [O(n)]
  38: f0->f37, T: T [O(n)]
  38: f0->f37, U: U [O(n)]
  38: f0->f37, V: V [O(n)]
  38: f0->f37, W: W [O(n)]
  38: f0->f37, X: X [O(n)]
  38: f0->f37, Y: H1 [O(n)]
  38: f0->f37, Z: 5 [O(1)]
  39: f0->f37, A: A [O(n)]
  39: f0->f37, A1: 1 [O(1)]
  39: f0->f37, B: N1 [O(n)]
  39: f0->f37, B1: 1 [O(1)]
  39: f0->f37, C: C [O(n)]
  39: f0->f37, C1: K1 [O(n)]
  39: f0->f37, D: D [O(n)]
  39: f0->f37, D1: L1 [O(n)]
  39: f0->f37, E: M1 [O(n)]
  39: f0->f37, E1: L1 [O(n)]
  39: f0->f37, F: F [O(n)]
  39: f0->f37, F1: M1 [O(n)]
  39: f0->f37, G: G [O(n)]
  39: f0->f37, G1: 5 [O(1)]
  39: f0->f37, H: H [O(n)]
  39: f0->f37, I: I [O(n)]
  39: f0->f37, J: J [O(n)]
  39: f0->f37, K: K [O(n)]
  39: f0->f37, L: K1 [O(n)]
  39: f0->f37, M: M [O(n)]
  39: f0->f37, N: N [O(n)]
  39: f0->f37, O: O [O(n)]
  39: f0->f37, P: P [O(n)]
  39: f0->f37, Q: Q [O(n)]
  39: f0->f37, R: R [O(n)]
  39: f0->f37, S: S [O(n)]
  39: f0->f37, T: T [O(n)]
  39: f0->f37, U: U [O(n)]
  39: f0->f37, V: V [O(n)]
  39: f0->f37, W: W [O(n)]
  39: f0->f37, X: X [O(n)]
  39: f0->f37, Y: H1 [O(n)]
  39: f0->f37, Z: 5 [O(1)]
  40: f0->f37, A: A [O(n)]
  40: f0->f37, A1: 1 [O(1)]
  40: f0->f37, B: N1 [O(n)]
  40: f0->f37, B1: 1 [O(1)]
  40: f0->f37, C: C [O(n)]
  40: f0->f37, C1: J1 [O(n)]
  40: f0->f37, D: D [O(n)]
  40: f0->f37, D1: K1 [O(n)]
  40: f0->f37, E: L1 [O(n)]
  40: f0->f37, E1: K1 [O(n)]
  40: f0->f37, F: F [O(n)]
  40: f0->f37, F1: L1 [O(n)]
  40: f0->f37, G: G [O(n)]
  40: f0->f37, G1: 21 [O(1)]
  40: f0->f37, H: H [O(n)]
  40: f0->f37, I: I [O(n)]
  40: f0->f37, J: J [O(n)]
  40: f0->f37, K: K [O(n)]
  40: f0->f37, L: J1 [O(n)]
  40: f0->f37, M: M [O(n)]
  40: f0->f37, N: N [O(n)]
  40: f0->f37, O: O [O(n)]
  40: f0->f37, P: P [O(n)]
  40: f0->f37, Q: Q [O(n)]
  40: f0->f37, R: R [O(n)]
  40: f0->f37, S: S [O(n)]
  40: f0->f37, T: T [O(n)]
  40: f0->f37, U: U [O(n)]
  40: f0->f37, V: V [O(n)]
  40: f0->f37, W: W [O(n)]
  40: f0->f37, X: X [O(n)]
  40: f0->f37, Y: H1 [O(n)]
  40: f0->f37, Z: 20 [O(1)]
  1: f37->f41, A: A [O(n)]
  1: f37->f41, A1: 1 [O(1)]
  1: f37->f41, B: N1 [O(n)]
  1: f37->f41, B1: 1 [O(1)]
  1: f37->f41, C: N1 [O(n)]
  1: f37->f41, C1: -max{-J1, -J1, -K1} [O(n)]
  1: f37->f41, D1: -max{-K1, -K1, -L1} [O(n)]
  1: f37->f41, E: -max{-L1, -L1, -M1} [O(n)]
  1: f37->f41, E1: -max{-K1, -K1, -L1} [O(n)]
  1: f37->f41, F: F [O(n)]
  1: f37->f41, F1: -max{-L1, -L1, -M1} [O(n)]
  1: f37->f41, G: G [O(n)]
  1: f37->f41, G1: -max{-5, -M1} [O(n)]
  1: f37->f41, H: H [O(n)]
  1: f37->f41, I: I [O(n)]
  1: f37->f41, J: J [O(n)]
  1: f37->f41, K: K [O(n)]
  1: f37->f41, L: -max{-J1, -J1, -K1} [O(n)]
  1: f37->f41, M: M [O(n)]
  1: f37->f41, N: N [O(n)]
  1: f37->f41, O: O [O(n)]
  1: f37->f41, P: P [O(n)]
  1: f37->f41, Q: Q [O(n)]
  1: f37->f41, R: R [O(n)]
  1: f37->f41, S: S [O(n)]
  1: f37->f41, T: T [O(n)]
  1: f37->f41, U: U [O(n)]
  1: f37->f41, V: V [O(n)]
  1: f37->f41, W: W [O(n)]
  1: f37->f41, X: X [O(n)]
  1: f37->f41, Y: H1 [O(n)]
  1: f37->f41, Z: 5 [O(1)]
  2: f37->f41, A: A [O(n)]
  2: f37->f41, A1: 1 [O(1)]
  2: f37->f41, B: 1 [O(1)]
  2: f37->f41, B1: 1 [O(1)]
  2: f37->f41, C: 1 [O(1)]
  2: f37->f41, C1: -max{-J1, -J1, -K1} [O(n)]
  2: f37->f41, D1: -max{-K1, -K1, -L1} [O(n)]
  2: f37->f41, E: -max{-L1, -L1, -M1} [O(n)]
  2: f37->f41, E1: -max{-K1, -K1, -L1} [O(n)]
  2: f37->f41, F: F [O(n)]
  2: f37->f41, F1: -max{-L1, -L1, -M1} [O(n)]
  2: f37->f41, G: G [O(n)]
  2: f37->f41, G1: -max{-5, -M1} [O(n)]
  2: f37->f41, H: H [O(n)]
  2: f37->f41, I: I [O(n)]
  2: f37->f41, J: J [O(n)]
  2: f37->f41, K: K [O(n)]
  2: f37->f41, L: -max{-J1, -J1, -K1} [O(n)]
  2: f37->f41, M: M [O(n)]
  2: f37->f41, N: N [O(n)]
  2: f37->f41, O: O [O(n)]
  2: f37->f41, P: P [O(n)]
  2: f37->f41, Q: Q [O(n)]
  2: f37->f41, R: R [O(n)]
  2: f37->f41, S: S [O(n)]
  2: f37->f41, T: T [O(n)]
  2: f37->f41, U: U [O(n)]
  2: f37->f41, V: V [O(n)]
  2: f37->f41, W: W [O(n)]
  2: f37->f41, X: X [O(n)]
  2: f37->f41, Y: H1 [O(n)]
  2: f37->f41, Z: 5 [O(1)]
  16: f37->f94, A: A [O(n)]
  16: f37->f94, A1: 1 [O(1)]
  16: f37->f94, B: 0 [O(1)]
  16: f37->f94, B1: 1 [O(1)]
  16: f37->f94, C: 0 [O(1)]
  16: f37->f94, C1: -max{-J1, -J1, -K1} [O(n)]
  16: f37->f94, D: D [O(n)]
  16: f37->f94, D1: -max{-K1, -K1, -L1} [O(n)]
  16: f37->f94, E: -max{-L1, -L1, -M1} [O(n)]
  16: f37->f94, E1: -max{-K1, -K1, -L1} [O(n)]
  16: f37->f94, F: F [O(n)]
  16: f37->f94, F1: -max{-L1, -L1, -M1} [O(n)]
  16: f37->f94, G: G [O(n)]
  16: f37->f94, G1: -max{-5, -M1} [O(n)]
  16: f37->f94, H: H [O(n)]
  16: f37->f94, I: I [O(n)]
  16: f37->f94, J: J [O(n)]
  16: f37->f94, K: K [O(n)]
  16: f37->f94, L: 1 [O(1)]
  16: f37->f94, M: M [O(n)]
  16: f37->f94, N: N [O(n)]
  16: f37->f94, O: O [O(n)]
  16: f37->f94, P: P [O(n)]
  16: f37->f94, Q: Q [O(n)]
  16: f37->f94, R: R [O(n)]
  16: f37->f94, S: S [O(n)]
  16: f37->f94, T: T [O(n)]
  16: f37->f94, U: U [O(n)]
  16: f37->f94, V: V [O(n)]
  16: f37->f94, W: W [O(n)]
  16: f37->f94, X: X [O(n)]
  16: f37->f94, Y: H1 [O(n)]
  16: f37->f94, Z: 5 [O(1)]
  17: f41->f94, A: A [O(n)]
  17: f41->f94, A1: 1 [O(1)]
  17: f41->f94, B: -max{-1, -N1} [O(n)]
  17: f41->f94, B1: 1 [O(1)]
  17: f41->f94, C: -max{-1, -N1} [O(n)]
  17: f41->f94, C1: -max{-J1, -J1, -K1} [O(n)]
  17: f41->f94, D: 0 [O(1)]
  17: f41->f94, D1: -max{-K1, -K1, -L1} [O(n)]
  17: f41->f94, E: -max{-L1, -L1, -M1} [O(n)]
  17: f41->f94, E1: -max{-K1, -K1, -L1} [O(n)]
  17: f41->f94, F: F [O(n)]
  17: f41->f94, F1: -max{-L1, -L1, -M1} [O(n)]
  17: f41->f94, G: G [O(n)]
  17: f41->f94, G1: -max{-5, -M1} [O(n)]
  17: f41->f94, H: H [O(n)]
  17: f41->f94, I: I [O(n)]
  17: f41->f94, J: J [O(n)]
  17: f41->f94, K: K [O(n)]
  17: f41->f94, L: 1 [O(1)]
  17: f41->f94, M: 0 [O(1)]
  17: f41->f94, N: N [O(n)]
  17: f41->f94, O: O [O(n)]
  17: f41->f94, P: P [O(n)]
  17: f41->f94, Q: Q [O(n)]
  17: f41->f94, R: R [O(n)]
  17: f41->f94, S: S [O(n)]
  17: f41->f94, T: T [O(n)]
  17: f41->f94, U: U [O(n)]
  17: f41->f94, V: V [O(n)]
  17: f41->f94, W: W [O(n)]
  17: f41->f94, X: X [O(n)]
  17: f41->f94, Y: H1 [O(n)]
  17: f41->f94, Z: 5 [O(1)]
  35: f41->f48, A: A [O(n)]
  35: f41->f48, A1: 1 [O(1)]
  35: f41->f48, B: -max{-1, -N1} [O(n)]
  35: f41->f48, B1: 1 [O(1)]
  35: f41->f48, C: -max{-1, -N1} [O(n)]
  35: f41->f48, C1: -max{-J1, -J1, -K1} [O(n)]
  35: f41->f48, D1: -max{-K1, -K1, -L1} [O(n)]
  35: f41->f48, E1: -max{-K1, -K1, -L1} [O(n)]
  35: f41->f48, F1: -max{-L1, -L1, -M1} [O(n)]
  35: f41->f48, G: G [O(n)]
  35: f41->f48, G1: -max{-5, -M1} [O(n)]
  35: f41->f48, H: H [O(n)]
  35: f41->f48, I: I [O(n)]
  35: f41->f48, J: J [O(n)]
  35: f41->f48, K: K [O(n)]
  35: f41->f48, L: -max{-J1, -J1, -K1} [O(n)]
  35: f41->f48, N: N [O(n)]
  35: f41->f48, O: O [O(n)]
  35: f41->f48, P: P [O(n)]
  35: f41->f48, Q: Q [O(n)]
  35: f41->f48, R: R [O(n)]
  35: f41->f48, S: S [O(n)]
  35: f41->f48, T: T [O(n)]
  35: f41->f48, U: U [O(n)]
  35: f41->f48, V: V [O(n)]
  35: f41->f48, W: W [O(n)]
  35: f41->f48, Y: H1 [O(n)]
  35: f41->f48, Z: 5 [O(1)]
  36: f41->f48, A: A [O(n)]
  36: f41->f48, A1: 1 [O(1)]
  36: f41->f48, B: -max{-1, -N1} [O(n)]
  36: f41->f48, B1: 1 [O(1)]
  36: f41->f48, C: -max{-1, -N1} [O(n)]
  36: f41->f48, C1: -max{-J1, -J1, -K1} [O(n)]
  36: f41->f48, D: 1 [O(1)]
  36: f41->f48, D1: -max{-K1, -K1, -L1} [O(n)]
  36: f41->f48, E1: -max{-K1, -K1, -L1} [O(n)]
  36: f41->f48, F1: -max{-L1, -L1, -M1} [O(n)]
  36: f41->f48, G: G [O(n)]
  36: f41->f48, G1: -max{-5, -M1} [O(n)]
  36: f41->f48, H: H [O(n)]
  36: f41->f48, I: I [O(n)]
  36: f41->f48, J: J [O(n)]
  36: f41->f48, K: K [O(n)]
  36: f41->f48, L: -max{-J1, -J1, -K1} [O(n)]
  36: f41->f48, M: 1 [O(1)]
  36: f41->f48, N: N [O(n)]
  36: f41->f48, O: O [O(n)]
  36: f41->f48, P: P [O(n)]
  36: f41->f48, Q: Q [O(n)]
  36: f41->f48, R: R [O(n)]
  36: f41->f48, S: S [O(n)]
  36: f41->f48, T: T [O(n)]
  36: f41->f48, U: U [O(n)]
  36: f41->f48, V: V [O(n)]
  36: f41->f48, W: W [O(n)]
  36: f41->f48, Y: H1 [O(n)]
  36: f41->f48, Z: 5 [O(1)]
  28: f48->f89, A: -max{0, -A} [O(n)]
  28: f48->f89, A1: 1 [O(1)]
  28: f48->f89, B: -max{-1, -N1} [O(n)]
  28: f48->f89, B1: 1 [O(1)]
  28: f48->f89, C: -max{-1, -N1} [O(n)]
  28: f48->f89, C1: -max{-J1, -J1, -K1} [O(n)]
  28: f48->f89, D1: -max{-K1, -K1, -L1} [O(n)]
  28: f48->f89, E1: -max{-K1, -K1, -L1} [O(n)]
  28: f48->f89, F: 0 [O(1)]
  28: f48->f89, F1: -max{-L1, -L1, -M1} [O(n)]
  28: f48->f89, G1: -max{-5, -M1} [O(n)]
  28: f48->f89, I: -max{0, -I} [O(n)]
  28: f48->f89, K: -max{0, -K} [O(n)]
  28: f48->f89, L: -max{-J1, -J1, -K1} [O(n)]
  28: f48->f89, S: 0 [O(1)]
  28: f48->f89, T: 0 [O(1)]
  28: f48->f89, U: 0 [O(1)]
  28: f48->f89, Y: H1 [O(n)]
  28: f48->f89, Z: 5 [O(1)]
  29: f48->f89, A: -max{0, -A} [O(n)]
  29: f48->f89, A1: 1 [O(1)]
  29: f48->f89, B: -max{-1, -N1} [O(n)]
  29: f48->f89, B1: 1 [O(1)]
  29: f48->f89, C: -max{-1, -N1} [O(n)]
  29: f48->f89, C1: -max{-J1, -J1, -K1} [O(n)]
  29: f48->f89, D1: -max{-K1, -K1, -L1} [O(n)]
  29: f48->f89, E1: -max{-K1, -K1, -L1} [O(n)]
  29: f48->f89, F1: -max{-L1, -L1, -M1} [O(n)]
  29: f48->f89, G1: -max{-5, -M1} [O(n)]
  29: f48->f89, I: -max{0, -I} [O(n)]
  29: f48->f89, K: -max{0, -K} [O(n)]
  29: f48->f89, L: -max{-J1, -J1, -K1} [O(n)]
  29: f48->f89, T: 0 [O(1)]
  29: f48->f89, U: 0 [O(1)]
  29: f48->f89, Y: H1 [O(n)]
  29: f48->f89, Z: 5 [O(1)]
  30: f48->f94, A: -max{0, -A} [O(n)]
  30: f48->f94, A1: 1 [O(1)]
  30: f48->f94, B: -max{-1, -N1} [O(n)]
  30: f48->f94, B1: 1 [O(1)]
  30: f48->f94, C: -max{-1, -N1} [O(n)]
  30: f48->f94, C1: -max{-J1, -J1, -K1} [O(n)]
  30: f48->f94, D1: -max{-K1, -K1, -L1} [O(n)]
  30: f48->f94, E1: -max{-K1, -K1, -L1} [O(n)]
  30: f48->f94, F1: -max{-L1, -L1, -M1} [O(n)]
  30: f48->f94, G1: -max{-5, -M1} [O(n)]
  30: f48->f94, I: -max{0, -I} [O(n)]
  30: f48->f94, K: -max{0, -K} [O(n)]
  30: f48->f94, L: 1 [O(1)]
  30: f48->f94, Y: H1 [O(n)]
  30: f48->f94, Z: 5 [O(1)]
  31: f48->f94, A: -max{0, -A} [O(n)]
  31: f48->f94, A1: 1 [O(1)]
  31: f48->f94, B: -max{-1, -N1} [O(n)]
  31: f48->f94, B1: 1 [O(1)]
  31: f48->f94, C: -max{-1, -N1} [O(n)]
  31: f48->f94, C1: -max{-J1, -J1, -K1} [O(n)]
  31: f48->f94, D1: -max{-K1, -K1, -L1} [O(n)]
  31: f48->f94, E1: -max{-K1, -K1, -L1} [O(n)]
  31: f48->f94, F1: -max{-L1, -L1, -M1} [O(n)]
  31: f48->f94, G1: -max{-5, -M1} [O(n)]
  31: f48->f94, I: -max{0, -I} [O(n)]
  31: f48->f94, K: -max{0, -K} [O(n)]
  31: f48->f94, L: 1 [O(1)]
  31: f48->f94, T: 1 [O(1)]
  31: f48->f94, U: 1 [O(1)]
  31: f48->f94, Y: H1 [O(n)]
  31: f48->f94, Z: 5 [O(1)]
  32: f48->f61, A: -max{0, -A} [O(n)]
  32: f48->f61, A1: 1 [O(1)]
  32: f48->f61, B: -max{-1, -N1} [O(n)]
  32: f48->f61, B1: 1 [O(1)]
  32: f48->f61, C: -max{-1, -N1} [O(n)]
  32: f48->f61, C1: -max{-J1, -J1, -K1} [O(n)]
  32: f48->f61, D1: -max{-K1, -K1, -L1} [O(n)]
  32: f48->f61, E1: -max{-K1, -K1, -L1} [O(n)]
  32: f48->f61, F: -1 [O(1)]
  32: f48->f61, F1: -max{-L1, -L1, -M1} [O(n)]
  32: f48->f61, G1: -max{-5, -M1} [O(n)]
  32: f48->f61, I: -max{0, -I} [O(n)]
  32: f48->f61, K: -max{0, -K} [O(n)]
  32: f48->f61, L: -max{-J1, -J1, -K1} [O(n)]
  32: f48->f61, S: -1 [O(1)]
  32: f48->f61, T: 0 [O(1)]
  32: f48->f61, U: 0 [O(1)]
  32: f48->f61, Y: H1 [O(n)]
  32: f48->f61, Z: 5 [O(1)]
  33: f48->f61, A: -max{0, -A} [O(n)]
  33: f48->f61, A1: 1 [O(1)]
  33: f48->f61, B: -max{-1, -N1} [O(n)]
  33: f48->f61, B1: 1 [O(1)]
  33: f48->f61, C: -max{-1, -N1} [O(n)]
  33: f48->f61, C1: -max{-J1, -J1, -K1} [O(n)]
  33: f48->f61, D1: -max{-K1, -K1, -L1} [O(n)]
  33: f48->f61, E1: -max{-K1, -K1, -L1} [O(n)]
  33: f48->f61, F: -1 [O(1)]
  33: f48->f61, F1: -max{-L1, -L1, -M1} [O(n)]
  33: f48->f61, G1: -max{-5, -M1} [O(n)]
  33: f48->f61, I: -max{0, -I} [O(n)]
  33: f48->f61, K: -max{0, -K} [O(n)]
  33: f48->f61, L: -max{-J1, -J1, -K1} [O(n)]
  33: f48->f61, S: -1 [O(1)]
  33: f48->f61, T: 0 [O(1)]
  33: f48->f61, U: 0 [O(1)]
  33: f48->f61, V: 1 [O(1)]
  33: f48->f61, W: 1 [O(1)]
  33: f48->f61, Y: H1 [O(n)]
  33: f48->f61, Z: 5 [O(1)]
  34: f48->f89, A: -max{0, -A} [O(n)]
  34: f48->f89, A1: 1 [O(1)]
  34: f48->f89, B: -max{-1, -N1} [O(n)]
  34: f48->f89, B1: 1 [O(1)]
  34: f48->f89, C: -max{-1, -N1} [O(n)]
  34: f48->f89, C1: -max{-J1, -J1, -K1} [O(n)]
  34: f48->f89, D1: -max{-K1, -K1, -L1} [O(n)]
  34: f48->f89, E1: -max{-K1, -K1, -L1} [O(n)]
  34: f48->f89, F: -1 [O(1)]
  34: f48->f89, F1: -max{-L1, -L1, -M1} [O(n)]
  34: f48->f89, G1: -max{-5, -M1} [O(n)]
  34: f48->f89, I: -max{0, -I} [O(n)]
  34: f48->f89, K: -max{0, -K} [O(n)]
  34: f48->f89, L: -max{-J1, -J1, -K1} [O(n)]
  34: f48->f89, S: -1 [O(1)]
  34: f48->f89, T: 0 [O(1)]
  34: f48->f89, U: 0 [O(1)]
  34: f48->f89, V: 0 [O(1)]
  34: f48->f89, W: 0 [O(1)]
  34: f48->f89, Y: H1 [O(n)]
  34: f48->f89, Z: 5 [O(1)]
  4: f61->f66, A: -max{0, -A} [O(n)]
  4: f61->f66, A1: 1 [O(1)]
  4: f61->f66, B: -max{-1, -N1} [O(n)]
  4: f61->f66, B1: 1 [O(1)]
  4: f61->f66, C: -max{-1, -N1} [O(n)]
  4: f61->f66, C1: -max{-J1, -J1, -K1} [O(n)]
  4: f61->f66, D1: -max{-K1, -K1, -L1} [O(n)]
  4: f61->f66, E1: -max{-K1, -K1, -L1} [O(n)]
  4: f61->f66, F: -1 [O(1)]
  4: f61->f66, F1: -max{-L1, -L1, -M1} [O(n)]
  4: f61->f66, G1: -max{-5, -M1} [O(n)]
  4: f61->f66, I: 0 [O(1)]
  4: f61->f66, K: -max{0, -K} [O(n)]
  4: f61->f66, L: -max{-J1, -J1, -K1} [O(n)]
  4: f61->f66, S: -1 [O(1)]
  4: f61->f66, T: 0 [O(1)]
  4: f61->f66, U: 0 [O(1)]
  4: f61->f66, Y: H1 [O(n)]
  4: f61->f66, Z: 5 [O(1)]
  5: f61->f66, A: -max{0, -A} [O(n)]
  5: f61->f66, A1: 1 [O(1)]
  5: f61->f66, B: -max{-1, -N1} [O(n)]
  5: f61->f66, B1: 1 [O(1)]
  5: f61->f66, C: -max{-1, -N1} [O(n)]
  5: f61->f66, C1: -max{-J1, -J1, -K1} [O(n)]
  5: f61->f66, D1: -max{-K1, -K1, -L1} [O(n)]
  5: f61->f66, E1: -max{-K1, -K1, -L1} [O(n)]
  5: f61->f66, F: -1 [O(1)]
  5: f61->f66, F1: -max{-L1, -L1, -M1} [O(n)]
  5: f61->f66, G: 1 [O(1)]
  5: f61->f66, G1: -max{-5, -M1} [O(n)]
  5: f61->f66, H: 1 [O(1)]
  5: f61->f66, I: 0 [O(1)]
  5: f61->f66, K: -max{0, -K} [O(n)]
  5: f61->f66, L: -max{-J1, -J1, -K1} [O(n)]
  5: f61->f66, S: -1 [O(1)]
  5: f61->f66, T: 0 [O(1)]
  5: f61->f66, U: 0 [O(1)]
  5: f61->f66, Y: H1 [O(n)]
  5: f61->f66, Z: 5 [O(1)]
  13: f61->f89, A: -max{0, -A} [O(n)]
  13: f61->f89, A1: 1 [O(1)]
  13: f61->f89, B: -max{-1, -N1} [O(n)]
  13: f61->f89, B1: 1 [O(1)]
  13: f61->f89, C: -max{-1, -N1} [O(n)]
  13: f61->f89, C1: -max{-J1, -J1, -K1} [O(n)]
  13: f61->f89, D1: -max{-K1, -K1, -L1} [O(n)]
  13: f61->f89, E1: -max{-K1, -K1, -L1} [O(n)]
  13: f61->f89, F: -1 [O(1)]
  13: f61->f89, F1: -max{-L1, -L1, -M1} [O(n)]
  13: f61->f89, G: 0 [O(1)]
  13: f61->f89, G1: -max{-5, -M1} [O(n)]
  13: f61->f89, H: 0 [O(1)]
  13: f61->f89, I: -max{0, -I} [O(n)]
  13: f61->f89, K: -max{0, -K} [O(n)]
  13: f61->f89, L: -max{-J1, -J1, -K1} [O(n)]
  13: f61->f89, S: -1 [O(1)]
  13: f61->f89, T: 0 [O(1)]
  13: f61->f89, U: 0 [O(1)]
  13: f61->f89, Y: H1 [O(n)]
  13: f61->f89, Z: 5 [O(1)]
  23: f66->f84, A: -max{0, -A} [O(n)]
  23: f66->f84, A1: 1 [O(1)]
  23: f66->f84, B: -max{-1, -N1} [O(n)]
  23: f66->f84, B1: 1 [O(1)]
  23: f66->f84, C: -max{-1, -N1} [O(n)]
  23: f66->f84, C1: -max{-J1, -J1, -K1} [O(n)]
  23: f66->f84, D1: -max{-K1, -K1, -L1} [O(n)]
  23: f66->f84, E1: -max{-K1, -K1, -L1} [O(n)]
  23: f66->f84, F: -1 [O(1)]
  23: f66->f84, F1: -max{-L1, -L1, -M1} [O(n)]
  23: f66->f84, G1: -max{-5, -M1} [O(n)]
  23: f66->f84, I: 0 [O(1)]
  23: f66->f84, K: -max{0, -K} [O(n)]
  23: f66->f84, L: -max{-J1, -J1, -K1} [O(n)]
  23: f66->f84, S: -1 [O(1)]
  23: f66->f84, T: 0 [O(1)]
  23: f66->f84, U: 0 [O(1)]
  23: f66->f84, Y: H1 [O(n)]
  23: f66->f84, Z: 5 [O(1)]
  24: f66->f84, A: -max{0, -A} [O(n)]
  24: f66->f84, A1: 1 [O(1)]
  24: f66->f84, B: -max{-1, -N1} [O(n)]
  24: f66->f84, B1: 1 [O(1)]
  24: f66->f84, C: -max{-1, -N1} [O(n)]
  24: f66->f84, C1: -max{-J1, -J1, -K1} [O(n)]
  24: f66->f84, D1: -max{-K1, -K1, -L1} [O(n)]
  24: f66->f84, E1: -max{-K1, -K1, -L1} [O(n)]
  24: f66->f84, F: -1 [O(1)]
  24: f66->f84, F1: -max{-L1, -L1, -M1} [O(n)]
  24: f66->f84, G1: -max{-5, -M1} [O(n)]
  24: f66->f84, I: 0 [O(1)]
  24: f66->f84, K: -max{0, -K} [O(n)]
  24: f66->f84, L: -max{-J1, -J1, -K1} [O(n)]
  24: f66->f84, O: 1 [O(1)]
  24: f66->f84, P: 1 [O(1)]
  24: f66->f84, S: -1 [O(1)]
  24: f66->f84, T: 0 [O(1)]
  24: f66->f84, U: 0 [O(1)]
  24: f66->f84, Y: H1 [O(n)]
  24: f66->f84, Z: 5 [O(1)]
  25: f66->f80, A: -max{0, -A} [O(n)]
  25: f66->f80, A1: 1 [O(1)]
  25: f66->f80, B: -max{-1, -N1} [O(n)]
  25: f66->f80, B1: 1 [O(1)]
  25: f66->f80, C: -max{-1, -N1} [O(n)]
  25: f66->f80, C1: -max{-J1, -J1, -K1} [O(n)]
  25: f66->f80, D1: -max{-K1, -K1, -L1} [O(n)]
  25: f66->f80, E1: -max{-K1, -K1, -L1} [O(n)]
  25: f66->f80, F: -1 [O(1)]
  25: f66->f80, F1: -max{-L1, -L1, -M1} [O(n)]
  25: f66->f80, G1: -max{-5, -M1} [O(n)]
  25: f66->f80, I: 0 [O(1)]
  25: f66->f80, K: -max{0, -K} [O(n)]
  25: f66->f80, L: -max{-J1, -J1, -K1} [O(n)]
  25: f66->f80, O: 0 [O(1)]
  25: f66->f80, P: 0 [O(1)]
  25: f66->f80, Q: 0 [O(1)]
  25: f66->f80, R: 0 [O(1)]
  25: f66->f80, S: -1 [O(1)]
  25: f66->f80, T: 0 [O(1)]
  25: f66->f80, U: 0 [O(1)]
  25: f66->f80, Y: H1 [O(n)]
  25: f66->f80, Z: 5 [O(1)]
  26: f66->f77, A: -max{0, -A} [O(n)]
  26: f66->f77, A1: 1 [O(1)]
  26: f66->f77, B: -max{-1, -N1} [O(n)]
  26: f66->f77, B1: 1 [O(1)]
  26: f66->f77, C: -max{-1, -N1} [O(n)]
  26: f66->f77, C1: -max{-J1, -J1, -K1} [O(n)]
  26: f66->f77, D1: -max{-K1, -K1, -L1} [O(n)]
  26: f66->f77, E1: -max{-K1, -K1, -L1} [O(n)]
  26: f66->f77, F: -1 [O(1)]
  26: f66->f77, F1: -max{-L1, -L1, -M1} [O(n)]
  26: f66->f77, G1: -max{-5, -M1} [O(n)]
  26: f66->f77, I: 0 [O(1)]
  26: f66->f77, K: -max{0, -K} [O(n)]
  26: f66->f77, L: -max{-J1, -J1, -K1} [O(n)]
  26: f66->f77, O: 0 [O(1)]
  26: f66->f77, P: 0 [O(1)]
  26: f66->f77, S: -1 [O(1)]
  26: f66->f77, T: 0 [O(1)]
  26: f66->f77, U: 0 [O(1)]
  26: f66->f77, Y: H1 [O(n)]
  26: f66->f77, Z: 5 [O(1)]
  27: f66->f77, A: -max{0, -A} [O(n)]
  27: f66->f77, A1: 1 [O(1)]
  27: f66->f77, B: -max{-1, -N1} [O(n)]
  27: f66->f77, B1: 1 [O(1)]
  27: f66->f77, C: -max{-1, -N1} [O(n)]
  27: f66->f77, C1: -max{-J1, -J1, -K1} [O(n)]
  27: f66->f77, D1: -max{-K1, -K1, -L1} [O(n)]
  27: f66->f77, E1: -max{-K1, -K1, -L1} [O(n)]
  27: f66->f77, F: -1 [O(1)]
  27: f66->f77, F1: -max{-L1, -L1, -M1} [O(n)]
  27: f66->f77, G1: -max{-5, -M1} [O(n)]
  27: f66->f77, I: 0 [O(1)]
  27: f66->f77, K: -max{0, -K} [O(n)]
  27: f66->f77, L: -max{-J1, -J1, -K1} [O(n)]
  27: f66->f77, O: 0 [O(1)]
  27: f66->f77, P: 0 [O(1)]
  27: f66->f77, Q: 1 [O(1)]
  27: f66->f77, R: 1 [O(1)]
  27: f66->f77, S: -1 [O(1)]
  27: f66->f77, T: 0 [O(1)]
  27: f66->f77, U: 0 [O(1)]
  27: f66->f77, Y: H1 [O(n)]
  27: f66->f77, Z: 5 [O(1)]
  8: f77->f78, A: -max{0, -A} [O(n)]
  8: f77->f78, A1: 1 [O(1)]
  8: f77->f78, B: -max{-1, -N1} [O(n)]
  8: f77->f78, B1: 1 [O(1)]
  8: f77->f78, C: -max{-1, -N1} [O(n)]
  8: f77->f78, C1: -max{-J1, -J1, -K1} [O(n)]
  8: f77->f78, D1: -max{-K1, -K1, -L1} [O(n)]
  8: f77->f78, E1: -max{-K1, -K1, -L1} [O(n)]
  8: f77->f78, F: -1 [O(1)]
  8: f77->f78, F1: -max{-L1, -L1, -M1} [O(n)]
  8: f77->f78, G1: -max{-5, -M1} [O(n)]
  8: f77->f78, I: 0 [O(1)]
  8: f77->f78, K: -max{0, -K} [O(n)]
  8: f77->f78, L: -max{-J1, -J1, -K1} [O(n)]
  8: f77->f78, O: 0 [O(1)]
  8: f77->f78, P: 0 [O(1)]
  8: f77->f78, S: -1 [O(1)]
  8: f77->f78, T: 0 [O(1)]
  8: f77->f78, U: 0 [O(1)]
  8: f77->f78, Y: H1 [O(n)]
  8: f77->f78, Z: 5 [O(1)]
  9: f77->f78, A: -max{0, -A} [O(n)]
  9: f77->f78, A1: 1 [O(1)]
  9: f77->f78, B: -max{-1, -N1} [O(n)]
  9: f77->f78, B1: 1 [O(1)]
  9: f77->f78, C: -max{-1, -N1} [O(n)]
  9: f77->f78, C1: -max{-J1, -J1, -K1} [O(n)]
  9: f77->f78, D1: -max{-K1, -K1, -L1} [O(n)]
  9: f77->f78, E1: -max{-K1, -K1, -L1} [O(n)]
  9: f77->f78, F: -1 [O(1)]
  9: f77->f78, F1: -max{-L1, -L1, -M1} [O(n)]
  9: f77->f78, G1: -max{-5, -M1} [O(n)]
  9: f77->f78, I: 0 [O(1)]
  9: f77->f78, K: 1 [O(1)]
  9: f77->f78, L: -max{-J1, -J1, -K1} [O(n)]
  9: f77->f78, O: 0 [O(1)]
  9: f77->f78, P: 0 [O(1)]
  9: f77->f78, S: -1 [O(1)]
  9: f77->f78, T: 0 [O(1)]
  9: f77->f78, U: 0 [O(1)]
  9: f77->f78, Y: H1 [O(n)]
  9: f77->f78, Z: 5 [O(1)]
  10: f77->f80, A: -max{0, -A} [O(n)]
  10: f77->f80, A1: 1 [O(1)]
  10: f77->f80, B: -max{-1, -N1} [O(n)]
  10: f77->f80, B1: 1 [O(1)]
  10: f77->f80, C: -max{-1, -N1} [O(n)]
  10: f77->f80, C1: -max{-J1, -J1, -K1} [O(n)]
  10: f77->f80, D1: -max{-K1, -K1, -L1} [O(n)]
  10: f77->f80, E1: -max{-K1, -K1, -L1} [O(n)]
  10: f77->f80, F: -1 [O(1)]
  10: f77->f80, F1: -max{-L1, -L1, -M1} [O(n)]
  10: f77->f80, G1: -max{-5, -M1} [O(n)]
  10: f77->f80, I: 0 [O(1)]
  10: f77->f80, K: 0 [O(1)]
  10: f77->f80, L: -max{-J1, -J1, -K1} [O(n)]
  10: f77->f80, O: 0 [O(1)]
  10: f77->f80, P: 0 [O(1)]
  10: f77->f80, S: -1 [O(1)]
  10: f77->f80, T: 0 [O(1)]
  10: f77->f80, U: 0 [O(1)]
  10: f77->f80, Y: H1 [O(n)]
  10: f77->f80, Z: 5 [O(1)]
  0: f78->f80, A: 0 [O(1)]
  0: f78->f80, A1: 1 [O(1)]
  0: f78->f80, B: -max{-1, -N1} [O(n)]
  0: f78->f80, B1: 1 [O(1)]
  0: f78->f80, C: -max{-1, -N1} [O(n)]
  0: f78->f80, C1: -max{-J1, -J1, -K1} [O(n)]
  0: f78->f80, D1: -max{-K1, -K1, -L1} [O(n)]
  0: f78->f80, E1: -max{-K1, -K1, -L1} [O(n)]
  0: f78->f80, F: -1 [O(1)]
  0: f78->f80, F1: -max{-L1, -L1, -M1} [O(n)]
  0: f78->f80, G1: -max{-5, -M1} [O(n)]
  0: f78->f80, I: 0 [O(1)]
  0: f78->f80, K: -max{0, -K} [O(n)]
  0: f78->f80, L: -max{-J1, -J1, -K1} [O(n)]
  0: f78->f80, O: 0 [O(1)]
  0: f78->f80, P: 0 [O(1)]
  0: f78->f80, S: -1 [O(1)]
  0: f78->f80, T: 0 [O(1)]
  0: f78->f80, U: 0 [O(1)]
  0: f78->f80, Y: H1 [O(n)]
  0: f78->f80, Z: 5 [O(1)]
  11: f78->f80, A: -max{0, -A} [O(n)]
  11: f78->f80, A1: 1 [O(1)]
  11: f78->f80, B: -max{-1, -N1} [O(n)]
  11: f78->f80, B1: 1 [O(1)]
  11: f78->f80, C: -max{-1, -N1} [O(n)]
  11: f78->f80, C1: -max{-J1, -J1, -K1} [O(n)]
  11: f78->f80, D1: -max{-K1, -K1, -L1} [O(n)]
  11: f78->f80, E1: -max{-K1, -K1, -L1} [O(n)]
  11: f78->f80, F: -1 [O(1)]
  11: f78->f80, F1: -max{-L1, -L1, -M1} [O(n)]
  11: f78->f80, G1: -max{-5, -M1} [O(n)]
  11: f78->f80, I: 1 [O(1)]
  11: f78->f80, K: -max{0, -K} [O(n)]
  11: f78->f80, L: -max{-J1, -J1, -K1} [O(n)]
  11: f78->f80, O: 0 [O(1)]
  11: f78->f80, P: 0 [O(1)]
  11: f78->f80, S: -1 [O(1)]
  11: f78->f80, T: 0 [O(1)]
  11: f78->f80, U: 0 [O(1)]
  11: f78->f80, Y: H1 [O(n)]
  11: f78->f80, Z: 5 [O(1)]
  12: f78->f80, A: 1 [O(1)]
  12: f78->f80, A1: 1 [O(1)]
  12: f78->f80, B: -max{-1, -N1} [O(n)]
  12: f78->f80, B1: 1 [O(1)]
  12: f78->f80, C: -max{-1, -N1} [O(n)]
  12: f78->f80, C1: -max{-J1, -J1, -K1} [O(n)]
  12: f78->f80, D1: -max{-K1, -K1, -L1} [O(n)]
  12: f78->f80, E1: -max{-K1, -K1, -L1} [O(n)]
  12: f78->f80, F: -1 [O(1)]
  12: f78->f80, F1: -max{-L1, -L1, -M1} [O(n)]
  12: f78->f80, G1: -max{-5, -M1} [O(n)]
  12: f78->f80, I: 1 [O(1)]
  12: f78->f80, K: -max{0, -K} [O(n)]
  12: f78->f80, L: -max{-J1, -J1, -K1} [O(n)]
  12: f78->f80, O: 0 [O(1)]
  12: f78->f80, P: 0 [O(1)]
  12: f78->f80, S: -1 [O(1)]
  12: f78->f80, T: 0 [O(1)]
  12: f78->f80, U: 0 [O(1)]
  12: f78->f80, Y: H1 [O(n)]
  12: f78->f80, Z: 5 [O(1)]
  7: f80->f84, A: -max{0, -A} [O(n)]
  7: f80->f84, A1: 1 [O(1)]
  7: f80->f84, B: -max{-1, -N1} [O(n)]
  7: f80->f84, B1: 1 [O(1)]
  7: f80->f84, C: -max{-1, -N1} [O(n)]
  7: f80->f84, C1: -max{-J1, -J1, -K1} [O(n)]
  7: f80->f84, D1: -max{-K1, -K1, -L1} [O(n)]
  7: f80->f84, E1: -max{-K1, -K1, -L1} [O(n)]
  7: f80->f84, F: -1 [O(1)]
  7: f80->f84, F1: -max{-L1, -L1, -M1} [O(n)]
  7: f80->f84, G1: -max{-5, -M1} [O(n)]
  7: f80->f84, I: 1 [O(1)]
  7: f80->f84, K: -max{0, -K} [O(n)]
  7: f80->f84, L: -max{-J1, -J1, -K1} [O(n)]
  7: f80->f84, O: 0 [O(1)]
  7: f80->f84, P: 0 [O(1)]
  7: f80->f84, S: -1 [O(1)]
  7: f80->f84, T: 0 [O(1)]
  7: f80->f84, U: 0 [O(1)]
  7: f80->f84, Y: H1 [O(n)]
  7: f80->f84, Z: 5 [O(1)]
  22: f80->f84, A: -max{0, -A} [O(n)]
  22: f80->f84, A1: 1 [O(1)]
  22: f80->f84, B: -max{-1, -N1} [O(n)]
  22: f80->f84, B1: 1 [O(1)]
  22: f80->f84, C: -max{-1, -N1} [O(n)]
  22: f80->f84, C1: -max{-J1, -J1, -K1} [O(n)]
  22: f80->f84, D1: -max{-K1, -K1, -L1} [O(n)]
  22: f80->f84, E1: -max{-K1, -K1, -L1} [O(n)]
  22: f80->f84, F: -1 [O(1)]
  22: f80->f84, F1: -max{-L1, -L1, -M1} [O(n)]
  22: f80->f84, G1: -max{-5, -M1} [O(n)]
  22: f80->f84, I: 0 [O(1)]
  22: f80->f84, K: -max{0, -K} [O(n)]
  22: f80->f84, L: -max{-J1, -J1, -K1} [O(n)]
  22: f80->f84, O: 0 [O(1)]
  22: f80->f84, P: 0 [O(1)]
  22: f80->f84, S: -1 [O(1)]
  22: f80->f84, T: 0 [O(1)]
  22: f80->f84, U: 0 [O(1)]
  22: f80->f84, Y: H1 [O(n)]
  22: f80->f84, Z: 5 [O(1)]
  14: f84->f89, A: -max{0, -A} [O(n)]
  14: f84->f89, A1: 1 [O(1)]
  14: f84->f89, B: -max{-1, -N1} [O(n)]
  14: f84->f89, B1: 1 [O(1)]
  14: f84->f89, C: -max{-1, -N1} [O(n)]
  14: f84->f89, C1: -max{-J1, -J1, -K1} [O(n)]
  14: f84->f89, D1: -max{-K1, -K1, -L1} [O(n)]
  14: f84->f89, E1: -max{-K1, -K1, -L1} [O(n)]
  14: f84->f89, F: -1 [O(1)]
  14: f84->f89, F1: -max{-L1, -L1, -M1} [O(n)]
  14: f84->f89, G1: -max{-5, -M1} [O(n)]
  14: f84->f89, I: 0 [O(1)]
  14: f84->f89, K: -max{0, -K} [O(n)]
  14: f84->f89, L: -max{-J1, -J1, -K1} [O(n)]
  14: f84->f89, S: -1 [O(1)]
  14: f84->f89, T: 0 [O(1)]
  14: f84->f89, U: 0 [O(1)]
  14: f84->f89, Y: H1 [O(n)]
  14: f84->f89, Z: 5 [O(1)]
  21: f84->f89, A: -max{0, -A} [O(n)]
  21: f84->f89, A1: 1 [O(1)]
  21: f84->f89, B: -max{-1, -N1} [O(n)]
  21: f84->f89, B1: 1 [O(1)]
  21: f84->f89, C: -max{-1, -N1} [O(n)]
  21: f84->f89, C1: -max{-J1, -J1, -K1} [O(n)]
  21: f84->f89, D1: -max{-K1, -K1, -L1} [O(n)]
  21: f84->f89, E1: -max{-K1, -K1, -L1} [O(n)]
  21: f84->f89, F: -1 [O(1)]
  21: f84->f89, F1: -max{-L1, -L1, -M1} [O(n)]
  21: f84->f89, G1: -max{-5, -M1} [O(n)]
  21: f84->f89, I: 1 [O(1)]
  21: f84->f89, K: -max{0, -K} [O(n)]
  21: f84->f89, L: -max{-J1, -J1, -K1} [O(n)]
  21: f84->f89, S: -1 [O(1)]
  21: f84->f89, T: 0 [O(1)]
  21: f84->f89, U: 0 [O(1)]
  21: f84->f89, Y: H1 [O(n)]
  21: f84->f89, Z: 5 [O(1)]
  3: f89->f48, A: -max{0, -A} [O(n)]
  3: f89->f48, A1: 1 [O(1)]
  3: f89->f48, B: -max{-1, -N1} [O(n)]
  3: f89->f48, B1: 1 [O(1)]
  3: f89->f48, C: -max{-1, -N1} [O(n)]
  3: f89->f48, C1: -max{-J1, -J1, -K1} [O(n)]
  3: f89->f48, D1: -max{-K1, -K1, -L1} [O(n)]
  3: f89->f48, E: 1 [O(1)]
  3: f89->f48, E1: -max{-K1, -K1, -L1} [O(n)]
  3: f89->f48, F1: -max{-L1, -L1, -M1} [O(n)]
  3: f89->f48, G1: -max{-5, -M1} [O(n)]
  3: f89->f48, I: -max{0, -I} [O(n)]
  3: f89->f48, K: -max{0, -K} [O(n)]
  3: f89->f48, L: -max{-J1, -J1, -K1} [O(n)]
  3: f89->f48, T: 0 [O(1)]
  3: f89->f48, U: 0 [O(1)]
  3: f89->f48, X: 2 [O(1)]
  3: f89->f48, Y: H1 [O(n)]
  3: f89->f48, Z: 5 [O(1)]
  19: f89->f94, A: -max{0, -A} [O(n)]
  19: f89->f94, A1: 1 [O(1)]
  19: f89->f94, B: -max{-1, -N1} [O(n)]
  19: f89->f94, B1: 1 [O(1)]
  19: f89->f94, C: -max{-1, -N1} [O(n)]
  19: f89->f94, C1: -max{-J1, -J1, -K1} [O(n)]
  19: f89->f94, D1: -max{-K1, -K1, -L1} [O(n)]
  19: f89->f94, E1: -max{-K1, -K1, -L1} [O(n)]
  19: f89->f94, F1: -max{-L1, -L1, -M1} [O(n)]
  19: f89->f94, G1: -max{-5, -M1} [O(n)]
  19: f89->f94, I: -max{0, -I} [O(n)]
  19: f89->f94, K: -max{0, -K} [O(n)]
  19: f89->f94, L: 1 [O(1)]
  19: f89->f94, T: 0 [O(1)]
  19: f89->f94, U: 0 [O(1)]
  19: f89->f94, Y: H1 [O(n)]
  19: f89->f94, Z: 5 [O(1)]
  15: f94->f94, A: -max{0, -A} [O(n)]
  15: f94->f94, A1: -max{-1, -I1} [O(n)]
  15: f94->f94, B: -max{-1, 0, max{-1, -1, max{-1, -N1, max{-B, -N1}}}} [O(n)]
  15: f94->f94, B1: -max{-1, -I1} [O(n)]
  15: f94->f94, C: -max{-1, 0, max{-1, -1, max{-1, -N1, max{-C, -N1}}}} [O(n)]
  15: f94->f94, C1: -max{-J1, -J1, max{-J1, -J1, max{-J1, -J1, max{-J1, -K1}}}} [O(n)]
  15: f94->f94, D1: -max{-K1, -K1, max{-K1, -K1, max{-K1, -K1, max{-K1, -L1}}}} [O(n)]
  15: f94->f94, E1: -max{-K1, -K1, max{-K1, -K1, max{-K1, -K1, max{-K1, -L1}}}} [O(n)]
  15: f94->f94, F1: -max{-L1, -L1, max{-L1, -L1, max{-L1, -L1, max{-L1, -M1}}}} [O(n)]
  15: f94->f94, G1: -max{-5, -5, max{-5, -5, max{-5, -G1, -M1}}} [O(n)]
  15: f94->f94, I: -max{0, -I} [O(n)]
  15: f94->f94, K: -max{0, -K} [O(n)]
  15: f94->f94, L: 1 [O(1)]
  15: f94->f94, Y: H1 [O(n)]
  15: f94->f94, Z: -max{-5, -H1} [O(n)]
`Upper:
  37: f0->f94, A: A [O(n)]
  37: f0->f94, A1: 0 [O(1)]
  37: f0->f94, B: B [O(n)]
  37: f0->f94, B1: 0 [O(1)]
  37: f0->f94, C: C [O(n)]
  37: f0->f94, C1: J1 [O(n)]
  37: f0->f94, D: D [O(n)]
  37: f0->f94, D1: K1 [O(n)]
  37: f0->f94, E: L1 [O(n)]
  37: f0->f94, E1: K1 [O(n)]
  37: f0->f94, F: F [O(n)]
  37: f0->f94, F1: L1 [O(n)]
  37: f0->f94, G: G [O(n)]
  37: f0->f94, G1: G1 [O(n)]
  37: f0->f94, H: H [O(n)]
  37: f0->f94, I: I [O(n)]
  37: f0->f94, J: J [O(n)]
  37: f0->f94, K: K [O(n)]
  37: f0->f94, L: 1 [O(1)]
  37: f0->f94, M: M [O(n)]
  37: f0->f94, N: N [O(n)]
  37: f0->f94, O: O [O(n)]
  37: f0->f94, P: P [O(n)]
  37: f0->f94, Q: Q [O(n)]
  37: f0->f94, R: R [O(n)]
  37: f0->f94, S: S [O(n)]
  37: f0->f94, T: T [O(n)]
  37: f0->f94, U: U [O(n)]
  37: f0->f94, V: V [O(n)]
  37: f0->f94, W: W [O(n)]
  37: f0->f94, X: X [O(n)]
  37: f0->f94, Y: H1 [O(n)]
  37: f0->f94, Z: H1 [O(n)]
  38: f0->f37, A: A [O(n)]
  38: f0->f37, A1: I1 [O(n)]
  38: f0->f37, B: N1 [O(n)]
  38: f0->f37, B1: I1 [O(n)]
  38: f0->f37, C: C [O(n)]
  38: f0->f37, C1: J1 [O(n)]
  38: f0->f37, D: D [O(n)]
  38: f0->f37, D1: K1 [O(n)]
  38: f0->f37, E: L1 [O(n)]
  38: f0->f37, E1: K1 [O(n)]
  38: f0->f37, F: F [O(n)]
  38: f0->f37, F1: L1 [O(n)]
  38: f0->f37, G: G [O(n)]
  38: f0->f37, G1: 4 [O(1)]
  38: f0->f37, H: H [O(n)]
  38: f0->f37, I: I [O(n)]
  38: f0->f37, J: J [O(n)]
  38: f0->f37, K: K [O(n)]
  38: f0->f37, L: J1 [O(n)]
  38: f0->f37, M: M [O(n)]
  38: f0->f37, N: N [O(n)]
  38: f0->f37, O: O [O(n)]
  38: f0->f37, P: P [O(n)]
  38: f0->f37, Q: Q [O(n)]
  38: f0->f37, R: R [O(n)]
  38: f0->f37, S: S [O(n)]
  38: f0->f37, T: T [O(n)]
  38: f0->f37, U: U [O(n)]
  38: f0->f37, V: V [O(n)]
  38: f0->f37, W: W [O(n)]
  38: f0->f37, X: X [O(n)]
  38: f0->f37, Y: H1 [O(n)]
  38: f0->f37, Z: 5 [O(1)]
  39: f0->f37, A: A [O(n)]
  39: f0->f37, A1: J1 [O(n)]
  39: f0->f37, B: N1 [O(n)]
  39: f0->f37, B1: J1 [O(n)]
  39: f0->f37, C: C [O(n)]
  39: f0->f37, C1: K1 [O(n)]
  39: f0->f37, D: D [O(n)]
  39: f0->f37, D1: L1 [O(n)]
  39: f0->f37, E: M1 [O(n)]
  39: f0->f37, E1: L1 [O(n)]
  39: f0->f37, F: F [O(n)]
  39: f0->f37, F1: M1 [O(n)]
  39: f0->f37, G: G [O(n)]
  39: f0->f37, G1: 20 [O(1)]
  39: f0->f37, H: H [O(n)]
  39: f0->f37, I: I [O(n)]
  39: f0->f37, J: J [O(n)]
  39: f0->f37, K: K [O(n)]
  39: f0->f37, L: K1 [O(n)]
  39: f0->f37, M: M [O(n)]
  39: f0->f37, N: N [O(n)]
  39: f0->f37, O: O [O(n)]
  39: f0->f37, P: P [O(n)]
  39: f0->f37, Q: Q [O(n)]
  39: f0->f37, R: R [O(n)]
  39: f0->f37, S: S [O(n)]
  39: f0->f37, T: T [O(n)]
  39: f0->f37, U: U [O(n)]
  39: f0->f37, V: V [O(n)]
  39: f0->f37, W: W [O(n)]
  39: f0->f37, X: X [O(n)]
  39: f0->f37, Y: H1 [O(n)]
  39: f0->f37, Z: 20 [O(1)]
  40: f0->f37, A: A [O(n)]
  40: f0->f37, A1: I1 [O(n)]
  40: f0->f37, B: N1 [O(n)]
  40: f0->f37, B1: I1 [O(n)]
  40: f0->f37, C: C [O(n)]
  40: f0->f37, C1: J1 [O(n)]
  40: f0->f37, D: D [O(n)]
  40: f0->f37, D1: K1 [O(n)]
  40: f0->f37, E: L1 [O(n)]
  40: f0->f37, E1: K1 [O(n)]
  40: f0->f37, F: F [O(n)]
  40: f0->f37, F1: L1 [O(n)]
  40: f0->f37, G: G [O(n)]
  40: f0->f37, G1: M1 [O(n)]
  40: f0->f37, H: H [O(n)]
  40: f0->f37, I: I [O(n)]
  40: f0->f37, J: J [O(n)]
  40: f0->f37, K: K [O(n)]
  40: f0->f37, L: J1 [O(n)]
  40: f0->f37, M: M [O(n)]
  40: f0->f37, N: N [O(n)]
  40: f0->f37, O: O [O(n)]
  40: f0->f37, P: P [O(n)]
  40: f0->f37, Q: Q [O(n)]
  40: f0->f37, R: R [O(n)]
  40: f0->f37, S: S [O(n)]
  40: f0->f37, T: T [O(n)]
  40: f0->f37, U: U [O(n)]
  40: f0->f37, V: V [O(n)]
  40: f0->f37, W: W [O(n)]
  40: f0->f37, X: X [O(n)]
  40: f0->f37, Y: H1 [O(n)]
  40: f0->f37, Z: 20 [O(1)]
  1: f37->f41, A: A [O(n)]
  1: f37->f41, A1: max{I1, I1, J1} [O(n)]
  1: f37->f41, B: -1 [O(1)]
  1: f37->f41, B1: max{I1, I1, J1} [O(n)]
  1: f37->f41, C: -1 [O(1)]
  1: f37->f41, C1: max{J1, J1, K1} [O(n)]
  1: f37->f41, D1: max{K1, K1, L1} [O(n)]
  1: f37->f41, E: max{L1, L1, M1} [O(n)]
  1: f37->f41, E1: max{K1, K1, L1} [O(n)]
  1: f37->f41, F: F [O(n)]
  1: f37->f41, F1: max{L1, L1, M1} [O(n)]
  1: f37->f41, G: G [O(n)]
  1: f37->f41, G1: max{20, M1} [O(n)]
  1: f37->f41, H: H [O(n)]
  1: f37->f41, I: I [O(n)]
  1: f37->f41, J: J [O(n)]
  1: f37->f41, K: K [O(n)]
  1: f37->f41, L: max{J1, J1, K1} [O(n)]
  1: f37->f41, M: M [O(n)]
  1: f37->f41, N: N [O(n)]
  1: f37->f41, O: O [O(n)]
  1: f37->f41, P: P [O(n)]
  1: f37->f41, Q: Q [O(n)]
  1: f37->f41, R: R [O(n)]
  1: f37->f41, S: S [O(n)]
  1: f37->f41, T: T [O(n)]
  1: f37->f41, U: U [O(n)]
  1: f37->f41, V: V [O(n)]
  1: f37->f41, W: W [O(n)]
  1: f37->f41, X: X [O(n)]
  1: f37->f41, Y: H1 [O(n)]
  1: f37->f41, Z: 20 [O(1)]
  2: f37->f41, A: A [O(n)]
  2: f37->f41, A1: max{I1, I1, J1} [O(n)]
  2: f37->f41, B: N1 [O(n)]
  2: f37->f41, B1: max{I1, I1, J1} [O(n)]
  2: f37->f41, C: N1 [O(n)]
  2: f37->f41, C1: max{J1, J1, K1} [O(n)]
  2: f37->f41, D1: max{K1, K1, L1} [O(n)]
  2: f37->f41, E: max{L1, L1, M1} [O(n)]
  2: f37->f41, E1: max{K1, K1, L1} [O(n)]
  2: f37->f41, F: F [O(n)]
  2: f37->f41, F1: max{L1, L1, M1} [O(n)]
  2: f37->f41, G: G [O(n)]
  2: f37->f41, G1: max{20, M1} [O(n)]
  2: f37->f41, H: H [O(n)]
  2: f37->f41, I: I [O(n)]
  2: f37->f41, J: J [O(n)]
  2: f37->f41, K: K [O(n)]
  2: f37->f41, L: max{J1, J1, K1} [O(n)]
  2: f37->f41, M: M [O(n)]
  2: f37->f41, N: N [O(n)]
  2: f37->f41, O: O [O(n)]
  2: f37->f41, P: P [O(n)]
  2: f37->f41, Q: Q [O(n)]
  2: f37->f41, R: R [O(n)]
  2: f37->f41, S: S [O(n)]
  2: f37->f41, T: T [O(n)]
  2: f37->f41, U: U [O(n)]
  2: f37->f41, V: V [O(n)]
  2: f37->f41, W: W [O(n)]
  2: f37->f41, X: X [O(n)]
  2: f37->f41, Y: H1 [O(n)]
  2: f37->f41, Z: 20 [O(1)]
  16: f37->f94, A: A [O(n)]
  16: f37->f94, A1: max{I1, I1, J1} [O(n)]
  16: f37->f94, B: 0 [O(1)]
  16: f37->f94, B1: max{I1, I1, J1} [O(n)]
  16: f37->f94, C: 0 [O(1)]
  16: f37->f94, C1: max{J1, J1, K1} [O(n)]
  16: f37->f94, D: D [O(n)]
  16: f37->f94, D1: max{K1, K1, L1} [O(n)]
  16: f37->f94, E: max{L1, L1, M1} [O(n)]
  16: f37->f94, E1: max{K1, K1, L1} [O(n)]
  16: f37->f94, F: F [O(n)]
  16: f37->f94, F1: max{L1, L1, M1} [O(n)]
  16: f37->f94, G: G [O(n)]
  16: f37->f94, G1: max{20, M1} [O(n)]
  16: f37->f94, H: H [O(n)]
  16: f37->f94, I: I [O(n)]
  16: f37->f94, J: J [O(n)]
  16: f37->f94, K: K [O(n)]
  16: f37->f94, L: 1 [O(1)]
  16: f37->f94, M: M [O(n)]
  16: f37->f94, N: N [O(n)]
  16: f37->f94, O: O [O(n)]
  16: f37->f94, P: P [O(n)]
  16: f37->f94, Q: Q [O(n)]
  16: f37->f94, R: R [O(n)]
  16: f37->f94, S: S [O(n)]
  16: f37->f94, T: T [O(n)]
  16: f37->f94, U: U [O(n)]
  16: f37->f94, V: V [O(n)]
  16: f37->f94, W: W [O(n)]
  16: f37->f94, X: X [O(n)]
  16: f37->f94, Y: H1 [O(n)]
  16: f37->f94, Z: 20 [O(1)]
  17: f41->f94, A: A [O(n)]
  17: f41->f94, A1: max{I1, I1, J1} [O(n)]
  17: f41->f94, B: max{-1, N1} [O(n)]
  17: f41->f94, B1: max{I1, I1, J1} [O(n)]
  17: f41->f94, C: max{-1, N1} [O(n)]
  17: f41->f94, C1: max{J1, J1, K1} [O(n)]
  17: f41->f94, D: 0 [O(1)]
  17: f41->f94, D1: max{K1, K1, L1} [O(n)]
  17: f41->f94, E: max{L1, L1, M1} [O(n)]
  17: f41->f94, E1: max{K1, K1, L1} [O(n)]
  17: f41->f94, F: F [O(n)]
  17: f41->f94, F1: max{L1, L1, M1} [O(n)]
  17: f41->f94, G: G [O(n)]
  17: f41->f94, G1: max{20, M1} [O(n)]
  17: f41->f94, H: H [O(n)]
  17: f41->f94, I: I [O(n)]
  17: f41->f94, J: J [O(n)]
  17: f41->f94, K: K [O(n)]
  17: f41->f94, L: 1 [O(1)]
  17: f41->f94, M: 0 [O(1)]
  17: f41->f94, N: N [O(n)]
  17: f41->f94, O: O [O(n)]
  17: f41->f94, P: P [O(n)]
  17: f41->f94, Q: Q [O(n)]
  17: f41->f94, R: R [O(n)]
  17: f41->f94, S: S [O(n)]
  17: f41->f94, T: T [O(n)]
  17: f41->f94, U: U [O(n)]
  17: f41->f94, V: V [O(n)]
  17: f41->f94, W: W [O(n)]
  17: f41->f94, X: X [O(n)]
  17: f41->f94, Y: H1 [O(n)]
  17: f41->f94, Z: 20 [O(1)]
  35: f41->f48, A: A [O(n)]
  35: f41->f48, A1: max{I1, I1, J1} [O(n)]
  35: f41->f48, B: max{-1, N1} [O(n)]
  35: f41->f48, B1: max{I1, I1, J1} [O(n)]
  35: f41->f48, C: max{-1, N1} [O(n)]
  35: f41->f48, C1: max{J1, J1, K1} [O(n)]
  35: f41->f48, D: -1 [O(1)]
  35: f41->f48, D1: max{K1, K1, L1} [O(n)]
  35: f41->f48, E1: max{K1, K1, L1} [O(n)]
  35: f41->f48, F1: max{L1, L1, M1} [O(n)]
  35: f41->f48, G: G [O(n)]
  35: f41->f48, G1: max{20, M1} [O(n)]
  35: f41->f48, H: H [O(n)]
  35: f41->f48, I: I [O(n)]
  35: f41->f48, J: J [O(n)]
  35: f41->f48, K: K [O(n)]
  35: f41->f48, L: max{J1, J1, K1} [O(n)]
  35: f41->f48, M: -1 [O(1)]
  35: f41->f48, N: N [O(n)]
  35: f41->f48, O: O [O(n)]
  35: f41->f48, P: P [O(n)]
  35: f41->f48, Q: Q [O(n)]
  35: f41->f48, R: R [O(n)]
  35: f41->f48, S: S [O(n)]
  35: f41->f48, T: T [O(n)]
  35: f41->f48, U: U [O(n)]
  35: f41->f48, V: V [O(n)]
  35: f41->f48, W: W [O(n)]
  35: f41->f48, Y: H1 [O(n)]
  35: f41->f48, Z: 20 [O(1)]
  36: f41->f48, A: A [O(n)]
  36: f41->f48, A1: max{I1, I1, J1} [O(n)]
  36: f41->f48, B: max{-1, N1} [O(n)]
  36: f41->f48, B1: max{I1, I1, J1} [O(n)]
  36: f41->f48, C: max{-1, N1} [O(n)]
  36: f41->f48, C1: max{J1, J1, K1} [O(n)]
  36: f41->f48, D1: max{K1, K1, L1} [O(n)]
  36: f41->f48, E1: max{K1, K1, L1} [O(n)]
  36: f41->f48, F1: max{L1, L1, M1} [O(n)]
  36: f41->f48, G: G [O(n)]
  36: f41->f48, G1: max{20, M1} [O(n)]
  36: f41->f48, H: H [O(n)]
  36: f41->f48, I: I [O(n)]
  36: f41->f48, J: J [O(n)]
  36: f41->f48, K: K [O(n)]
  36: f41->f48, L: max{J1, J1, K1} [O(n)]
  36: f41->f48, N: N [O(n)]
  36: f41->f48, O: O [O(n)]
  36: f41->f48, P: P [O(n)]
  36: f41->f48, Q: Q [O(n)]
  36: f41->f48, R: R [O(n)]
  36: f41->f48, S: S [O(n)]
  36: f41->f48, T: T [O(n)]
  36: f41->f48, U: U [O(n)]
  36: f41->f48, V: V [O(n)]
  36: f41->f48, W: W [O(n)]
  36: f41->f48, Y: H1 [O(n)]
  36: f41->f48, Z: 20 [O(1)]
  28: f48->f89, A: max{0, A} [O(n)]
  28: f48->f89, A1: max{I1, I1, J1} [O(n)]
  28: f48->f89, B: max{-1, N1} [O(n)]
  28: f48->f89, B1: max{I1, I1, J1} [O(n)]
  28: f48->f89, C: max{-1, N1} [O(n)]
  28: f48->f89, C1: max{J1, J1, K1} [O(n)]
  28: f48->f89, D1: max{K1, K1, L1} [O(n)]
  28: f48->f89, E1: max{K1, K1, L1} [O(n)]
  28: f48->f89, F1: max{L1, L1, M1} [O(n)]
  28: f48->f89, G1: max{20, M1} [O(n)]
  28: f48->f89, I: max{1, I} [O(n)]
  28: f48->f89, K: max{0, K} [O(n)]
  28: f48->f89, L: max{J1, J1, K1} [O(n)]
  28: f48->f89, T: 0 [O(1)]
  28: f48->f89, U: 0 [O(1)]
  28: f48->f89, Y: H1 [O(n)]
  28: f48->f89, Z: 20 [O(1)]
  29: f48->f89, A: max{0, A} [O(n)]
  29: f48->f89, A1: max{I1, I1, J1} [O(n)]
  29: f48->f89, B: max{-1, N1} [O(n)]
  29: f48->f89, B1: max{I1, I1, J1} [O(n)]
  29: f48->f89, C: max{-1, N1} [O(n)]
  29: f48->f89, C1: max{J1, J1, K1} [O(n)]
  29: f48->f89, D1: max{K1, K1, L1} [O(n)]
  29: f48->f89, E1: max{K1, K1, L1} [O(n)]
  29: f48->f89, F: -2 [O(1)]
  29: f48->f89, F1: max{L1, L1, M1} [O(n)]
  29: f48->f89, G1: max{20, M1} [O(n)]
  29: f48->f89, I: max{1, I} [O(n)]
  29: f48->f89, K: max{0, K} [O(n)]
  29: f48->f89, L: max{J1, J1, K1} [O(n)]
  29: f48->f89, S: -2 [O(1)]
  29: f48->f89, T: 0 [O(1)]
  29: f48->f89, U: 0 [O(1)]
  29: f48->f89, Y: H1 [O(n)]
  29: f48->f89, Z: 20 [O(1)]
  30: f48->f94, A: max{0, A} [O(n)]
  30: f48->f94, A1: max{I1, I1, J1} [O(n)]
  30: f48->f94, B: max{-1, N1} [O(n)]
  30: f48->f94, B1: max{I1, I1, J1} [O(n)]
  30: f48->f94, C: max{-1, N1} [O(n)]
  30: f48->f94, C1: max{J1, J1, K1} [O(n)]
  30: f48->f94, D1: max{K1, K1, L1} [O(n)]
  30: f48->f94, E1: max{K1, K1, L1} [O(n)]
  30: f48->f94, F1: max{L1, L1, M1} [O(n)]
  30: f48->f94, G1: max{20, M1} [O(n)]
  30: f48->f94, I: max{1, I} [O(n)]
  30: f48->f94, K: max{0, K} [O(n)]
  30: f48->f94, L: 1 [O(1)]
  30: f48->f94, T: -1 [O(1)]
  30: f48->f94, U: -1 [O(1)]
  30: f48->f94, Y: H1 [O(n)]
  30: f48->f94, Z: 20 [O(1)]
  31: f48->f94, A: max{0, A} [O(n)]
  31: f48->f94, A1: max{I1, I1, J1} [O(n)]
  31: f48->f94, B: max{-1, N1} [O(n)]
  31: f48->f94, B1: max{I1, I1, J1} [O(n)]
  31: f48->f94, C: max{-1, N1} [O(n)]
  31: f48->f94, C1: max{J1, J1, K1} [O(n)]
  31: f48->f94, D1: max{K1, K1, L1} [O(n)]
  31: f48->f94, E1: max{K1, K1, L1} [O(n)]
  31: f48->f94, F1: max{L1, L1, M1} [O(n)]
  31: f48->f94, G1: max{20, M1} [O(n)]
  31: f48->f94, I: max{1, I} [O(n)]
  31: f48->f94, K: max{0, K} [O(n)]
  31: f48->f94, L: 1 [O(1)]
  31: f48->f94, Y: H1 [O(n)]
  31: f48->f94, Z: 20 [O(1)]
  32: f48->f61, A: max{0, A} [O(n)]
  32: f48->f61, A1: max{I1, I1, J1} [O(n)]
  32: f48->f61, B: max{-1, N1} [O(n)]
  32: f48->f61, B1: max{I1, I1, J1} [O(n)]
  32: f48->f61, C: max{-1, N1} [O(n)]
  32: f48->f61, C1: max{J1, J1, K1} [O(n)]
  32: f48->f61, D1: max{K1, K1, L1} [O(n)]
  32: f48->f61, E1: max{K1, K1, L1} [O(n)]
  32: f48->f61, F: -1 [O(1)]
  32: f48->f61, F1: max{L1, L1, M1} [O(n)]
  32: f48->f61, G1: max{20, M1} [O(n)]
  32: f48->f61, I: max{1, I} [O(n)]
  32: f48->f61, K: max{0, K} [O(n)]
  32: f48->f61, L: max{J1, J1, K1} [O(n)]
  32: f48->f61, S: -1 [O(1)]
  32: f48->f61, T: 0 [O(1)]
  32: f48->f61, U: 0 [O(1)]
  32: f48->f61, V: -1 [O(1)]
  32: f48->f61, W: -1 [O(1)]
  32: f48->f61, Y: H1 [O(n)]
  32: f48->f61, Z: 20 [O(1)]
  33: f48->f61, A: max{0, A} [O(n)]
  33: f48->f61, A1: max{I1, I1, J1} [O(n)]
  33: f48->f61, B: max{-1, N1} [O(n)]
  33: f48->f61, B1: max{I1, I1, J1} [O(n)]
  33: f48->f61, C: max{-1, N1} [O(n)]
  33: f48->f61, C1: max{J1, J1, K1} [O(n)]
  33: f48->f61, D1: max{K1, K1, L1} [O(n)]
  33: f48->f61, E1: max{K1, K1, L1} [O(n)]
  33: f48->f61, F: -1 [O(1)]
  33: f48->f61, F1: max{L1, L1, M1} [O(n)]
  33: f48->f61, G1: max{20, M1} [O(n)]
  33: f48->f61, I: max{1, I} [O(n)]
  33: f48->f61, K: max{0, K} [O(n)]
  33: f48->f61, L: max{J1, J1, K1} [O(n)]
  33: f48->f61, S: -1 [O(1)]
  33: f48->f61, T: 0 [O(1)]
  33: f48->f61, U: 0 [O(1)]
  33: f48->f61, Y: H1 [O(n)]
  33: f48->f61, Z: 20 [O(1)]
  34: f48->f89, A: max{0, A} [O(n)]
  34: f48->f89, A1: max{I1, I1, J1} [O(n)]
  34: f48->f89, B: max{-1, N1} [O(n)]
  34: f48->f89, B1: max{I1, I1, J1} [O(n)]
  34: f48->f89, C: max{-1, N1} [O(n)]
  34: f48->f89, C1: max{J1, J1, K1} [O(n)]
  34: f48->f89, D1: max{K1, K1, L1} [O(n)]
  34: f48->f89, E1: max{K1, K1, L1} [O(n)]
  34: f48->f89, F: -1 [O(1)]
  34: f48->f89, F1: max{L1, L1, M1} [O(n)]
  34: f48->f89, G1: max{20, M1} [O(n)]
  34: f48->f89, I: max{1, I} [O(n)]
  34: f48->f89, K: max{0, K} [O(n)]
  34: f48->f89, L: max{J1, J1, K1} [O(n)]
  34: f48->f89, S: -1 [O(1)]
  34: f48->f89, T: 0 [O(1)]
  34: f48->f89, U: 0 [O(1)]
  34: f48->f89, V: 0 [O(1)]
  34: f48->f89, W: 0 [O(1)]
  34: f48->f89, Y: H1 [O(n)]
  34: f48->f89, Z: 20 [O(1)]
  4: f61->f66, A: max{0, A} [O(n)]
  4: f61->f66, A1: max{I1, I1, J1} [O(n)]
  4: f61->f66, B: max{-1, N1} [O(n)]
  4: f61->f66, B1: max{I1, I1, J1} [O(n)]
  4: f61->f66, C: max{-1, N1} [O(n)]
  4: f61->f66, C1: max{J1, J1, K1} [O(n)]
  4: f61->f66, D1: max{K1, K1, L1} [O(n)]
  4: f61->f66, E1: max{K1, K1, L1} [O(n)]
  4: f61->f66, F: -1 [O(1)]
  4: f61->f66, F1: max{L1, L1, M1} [O(n)]
  4: f61->f66, G: -1 [O(1)]
  4: f61->f66, G1: max{20, M1} [O(n)]
  4: f61->f66, H: -1 [O(1)]
  4: f61->f66, I: 0 [O(1)]
  4: f61->f66, K: max{0, K} [O(n)]
  4: f61->f66, L: max{J1, J1, K1} [O(n)]
  4: f61->f66, S: -1 [O(1)]
  4: f61->f66, T: 0 [O(1)]
  4: f61->f66, U: 0 [O(1)]
  4: f61->f66, Y: H1 [O(n)]
  4: f61->f66, Z: 20 [O(1)]
  5: f61->f66, A: max{0, A} [O(n)]
  5: f61->f66, A1: max{I1, I1, J1} [O(n)]
  5: f61->f66, B: max{-1, N1} [O(n)]
  5: f61->f66, B1: max{I1, I1, J1} [O(n)]
  5: f61->f66, C: max{-1, N1} [O(n)]
  5: f61->f66, C1: max{J1, J1, K1} [O(n)]
  5: f61->f66, D1: max{K1, K1, L1} [O(n)]
  5: f61->f66, E1: max{K1, K1, L1} [O(n)]
  5: f61->f66, F: -1 [O(1)]
  5: f61->f66, F1: max{L1, L1, M1} [O(n)]
  5: f61->f66, G1: max{20, M1} [O(n)]
  5: f61->f66, I: 0 [O(1)]
  5: f61->f66, K: max{0, K} [O(n)]
  5: f61->f66, L: max{J1, J1, K1} [O(n)]
  5: f61->f66, S: -1 [O(1)]
  5: f61->f66, T: 0 [O(1)]
  5: f61->f66, U: 0 [O(1)]
  5: f61->f66, Y: H1 [O(n)]
  5: f61->f66, Z: 20 [O(1)]
  13: f61->f89, A: max{0, A} [O(n)]
  13: f61->f89, A1: max{I1, I1, J1} [O(n)]
  13: f61->f89, B: max{-1, N1} [O(n)]
  13: f61->f89, B1: max{I1, I1, J1} [O(n)]
  13: f61->f89, C: max{-1, N1} [O(n)]
  13: f61->f89, C1: max{J1, J1, K1} [O(n)]
  13: f61->f89, D1: max{K1, K1, L1} [O(n)]
  13: f61->f89, E1: max{K1, K1, L1} [O(n)]
  13: f61->f89, F: -1 [O(1)]
  13: f61->f89, F1: max{L1, L1, M1} [O(n)]
  13: f61->f89, G: 0 [O(1)]
  13: f61->f89, G1: max{20, M1} [O(n)]
  13: f61->f89, H: 0 [O(1)]
  13: f61->f89, I: max{1, I} [O(n)]
  13: f61->f89, K: max{0, K} [O(n)]
  13: f61->f89, L: max{J1, J1, K1} [O(n)]
  13: f61->f89, S: -1 [O(1)]
  13: f61->f89, T: 0 [O(1)]
  13: f61->f89, U: 0 [O(1)]
  13: f61->f89, Y: H1 [O(n)]
  13: f61->f89, Z: 20 [O(1)]
  23: f66->f84, A: max{0, A} [O(n)]
  23: f66->f84, A1: max{I1, I1, J1} [O(n)]
  23: f66->f84, B: max{-1, N1} [O(n)]
  23: f66->f84, B1: max{I1, I1, J1} [O(n)]
  23: f66->f84, C: max{-1, N1} [O(n)]
  23: f66->f84, C1: max{J1, J1, K1} [O(n)]
  23: f66->f84, D1: max{K1, K1, L1} [O(n)]
  23: f66->f84, E1: max{K1, K1, L1} [O(n)]
  23: f66->f84, F: -1 [O(1)]
  23: f66->f84, F1: max{L1, L1, M1} [O(n)]
  23: f66->f84, G1: max{20, M1} [O(n)]
  23: f66->f84, I: 0 [O(1)]
  23: f66->f84, K: max{0, K} [O(n)]
  23: f66->f84, L: max{J1, J1, K1} [O(n)]
  23: f66->f84, O: -1 [O(1)]
  23: f66->f84, P: -1 [O(1)]
  23: f66->f84, S: -1 [O(1)]
  23: f66->f84, T: 0 [O(1)]
  23: f66->f84, U: 0 [O(1)]
  23: f66->f84, Y: H1 [O(n)]
  23: f66->f84, Z: 20 [O(1)]
  24: f66->f84, A: max{0, A} [O(n)]
  24: f66->f84, A1: max{I1, I1, J1} [O(n)]
  24: f66->f84, B: max{-1, N1} [O(n)]
  24: f66->f84, B1: max{I1, I1, J1} [O(n)]
  24: f66->f84, C: max{-1, N1} [O(n)]
  24: f66->f84, C1: max{J1, J1, K1} [O(n)]
  24: f66->f84, D1: max{K1, K1, L1} [O(n)]
  24: f66->f84, E1: max{K1, K1, L1} [O(n)]
  24: f66->f84, F: -1 [O(1)]
  24: f66->f84, F1: max{L1, L1, M1} [O(n)]
  24: f66->f84, G1: max{20, M1} [O(n)]
  24: f66->f84, I: 0 [O(1)]
  24: f66->f84, K: max{0, K} [O(n)]
  24: f66->f84, L: max{J1, J1, K1} [O(n)]
  24: f66->f84, S: -1 [O(1)]
  24: f66->f84, T: 0 [O(1)]
  24: f66->f84, U: 0 [O(1)]
  24: f66->f84, Y: H1 [O(n)]
  24: f66->f84, Z: 20 [O(1)]
  25: f66->f80, A: max{0, A} [O(n)]
  25: f66->f80, A1: max{I1, I1, J1} [O(n)]
  25: f66->f80, B: max{-1, N1} [O(n)]
  25: f66->f80, B1: max{I1, I1, J1} [O(n)]
  25: f66->f80, C: max{-1, N1} [O(n)]
  25: f66->f80, C1: max{J1, J1, K1} [O(n)]
  25: f66->f80, D1: max{K1, K1, L1} [O(n)]
  25: f66->f80, E1: max{K1, K1, L1} [O(n)]
  25: f66->f80, F: -1 [O(1)]
  25: f66->f80, F1: max{L1, L1, M1} [O(n)]
  25: f66->f80, G1: max{20, M1} [O(n)]
  25: f66->f80, I: 0 [O(1)]
  25: f66->f80, K: max{0, K} [O(n)]
  25: f66->f80, L: max{J1, J1, K1} [O(n)]
  25: f66->f80, O: 0 [O(1)]
  25: f66->f80, P: 0 [O(1)]
  25: f66->f80, Q: 0 [O(1)]
  25: f66->f80, R: 0 [O(1)]
  25: f66->f80, S: -1 [O(1)]
  25: f66->f80, T: 0 [O(1)]
  25: f66->f80, U: 0 [O(1)]
  25: f66->f80, Y: H1 [O(n)]
  25: f66->f80, Z: 20 [O(1)]
  26: f66->f77, A: max{0, A} [O(n)]
  26: f66->f77, A1: max{I1, I1, J1} [O(n)]
  26: f66->f77, B: max{-1, N1} [O(n)]
  26: f66->f77, B1: max{I1, I1, J1} [O(n)]
  26: f66->f77, C: max{-1, N1} [O(n)]
  26: f66->f77, C1: max{J1, J1, K1} [O(n)]
  26: f66->f77, D1: max{K1, K1, L1} [O(n)]
  26: f66->f77, E1: max{K1, K1, L1} [O(n)]
  26: f66->f77, F: -1 [O(1)]
  26: f66->f77, F1: max{L1, L1, M1} [O(n)]
  26: f66->f77, G1: max{20, M1} [O(n)]
  26: f66->f77, I: 0 [O(1)]
  26: f66->f77, K: max{0, K} [O(n)]
  26: f66->f77, L: max{J1, J1, K1} [O(n)]
  26: f66->f77, O: 0 [O(1)]
  26: f66->f77, P: 0 [O(1)]
  26: f66->f77, Q: -1 [O(1)]
  26: f66->f77, R: -1 [O(1)]
  26: f66->f77, S: -1 [O(1)]
  26: f66->f77, T: 0 [O(1)]
  26: f66->f77, U: 0 [O(1)]
  26: f66->f77, Y: H1 [O(n)]
  26: f66->f77, Z: 20 [O(1)]
  27: f66->f77, A: max{0, A} [O(n)]
  27: f66->f77, A1: max{I1, I1, J1} [O(n)]
  27: f66->f77, B: max{-1, N1} [O(n)]
  27: f66->f77, B1: max{I1, I1, J1} [O(n)]
  27: f66->f77, C: max{-1, N1} [O(n)]
  27: f66->f77, C1: max{J1, J1, K1} [O(n)]
  27: f66->f77, D1: max{K1, K1, L1} [O(n)]
  27: f66->f77, E1: max{K1, K1, L1} [O(n)]
  27: f66->f77, F: -1 [O(1)]
  27: f66->f77, F1: max{L1, L1, M1} [O(n)]
  27: f66->f77, G1: max{20, M1} [O(n)]
  27: f66->f77, I: 0 [O(1)]
  27: f66->f77, K: max{0, K} [O(n)]
  27: f66->f77, L: max{J1, J1, K1} [O(n)]
  27: f66->f77, O: 0 [O(1)]
  27: f66->f77, P: 0 [O(1)]
  27: f66->f77, S: -1 [O(1)]
  27: f66->f77, T: 0 [O(1)]
  27: f66->f77, U: 0 [O(1)]
  27: f66->f77, Y: H1 [O(n)]
  27: f66->f77, Z: 20 [O(1)]
  8: f77->f78, A: max{0, A} [O(n)]
  8: f77->f78, A1: max{I1, I1, J1} [O(n)]
  8: f77->f78, B: max{-1, N1} [O(n)]
  8: f77->f78, B1: max{I1, I1, J1} [O(n)]
  8: f77->f78, C: max{-1, N1} [O(n)]
  8: f77->f78, C1: max{J1, J1, K1} [O(n)]
  8: f77->f78, D1: max{K1, K1, L1} [O(n)]
  8: f77->f78, E1: max{K1, K1, L1} [O(n)]
  8: f77->f78, F: -1 [O(1)]
  8: f77->f78, F1: max{L1, L1, M1} [O(n)]
  8: f77->f78, G1: max{20, M1} [O(n)]
  8: f77->f78, I: 0 [O(1)]
  8: f77->f78, K: -1 [O(1)]
  8: f77->f78, L: max{J1, J1, K1} [O(n)]
  8: f77->f78, O: 0 [O(1)]
  8: f77->f78, P: 0 [O(1)]
  8: f77->f78, S: -1 [O(1)]
  8: f77->f78, T: 0 [O(1)]
  8: f77->f78, U: 0 [O(1)]
  8: f77->f78, Y: H1 [O(n)]
  8: f77->f78, Z: 20 [O(1)]
  9: f77->f78, A: max{0, A} [O(n)]
  9: f77->f78, A1: max{I1, I1, J1} [O(n)]
  9: f77->f78, B: max{-1, N1} [O(n)]
  9: f77->f78, B1: max{I1, I1, J1} [O(n)]
  9: f77->f78, C: max{-1, N1} [O(n)]
  9: f77->f78, C1: max{J1, J1, K1} [O(n)]
  9: f77->f78, D1: max{K1, K1, L1} [O(n)]
  9: f77->f78, E1: max{K1, K1, L1} [O(n)]
  9: f77->f78, F: -1 [O(1)]
  9: f77->f78, F1: max{L1, L1, M1} [O(n)]
  9: f77->f78, G1: max{20, M1} [O(n)]
  9: f77->f78, I: 0 [O(1)]
  9: f77->f78, K: max{0, K} [O(n)]
  9: f77->f78, L: max{J1, J1, K1} [O(n)]
  9: f77->f78, O: 0 [O(1)]
  9: f77->f78, P: 0 [O(1)]
  9: f77->f78, S: -1 [O(1)]
  9: f77->f78, T: 0 [O(1)]
  9: f77->f78, U: 0 [O(1)]
  9: f77->f78, Y: H1 [O(n)]
  9: f77->f78, Z: 20 [O(1)]
  10: f77->f80, A: max{0, A} [O(n)]
  10: f77->f80, A1: max{I1, I1, J1} [O(n)]
  10: f77->f80, B: max{-1, N1} [O(n)]
  10: f77->f80, B1: max{I1, I1, J1} [O(n)]
  10: f77->f80, C: max{-1, N1} [O(n)]
  10: f77->f80, C1: max{J1, J1, K1} [O(n)]
  10: f77->f80, D1: max{K1, K1, L1} [O(n)]
  10: f77->f80, E1: max{K1, K1, L1} [O(n)]
  10: f77->f80, F: -1 [O(1)]
  10: f77->f80, F1: max{L1, L1, M1} [O(n)]
  10: f77->f80, G1: max{20, M1} [O(n)]
  10: f77->f80, I: 0 [O(1)]
  10: f77->f80, K: 0 [O(1)]
  10: f77->f80, L: max{J1, J1, K1} [O(n)]
  10: f77->f80, O: 0 [O(1)]
  10: f77->f80, P: 0 [O(1)]
  10: f77->f80, S: -1 [O(1)]
  10: f77->f80, T: 0 [O(1)]
  10: f77->f80, U: 0 [O(1)]
  10: f77->f80, Y: H1 [O(n)]
  10: f77->f80, Z: 20 [O(1)]
  0: f78->f80, A: 0 [O(1)]
  0: f78->f80, A1: max{I1, I1, J1} [O(n)]
  0: f78->f80, B: max{-1, N1} [O(n)]
  0: f78->f80, B1: max{I1, I1, J1} [O(n)]
  0: f78->f80, C: max{-1, N1} [O(n)]
  0: f78->f80, C1: max{J1, J1, K1} [O(n)]
  0: f78->f80, D1: max{K1, K1, L1} [O(n)]
  0: f78->f80, E1: max{K1, K1, L1} [O(n)]
  0: f78->f80, F: -1 [O(1)]
  0: f78->f80, F1: max{L1, L1, M1} [O(n)]
  0: f78->f80, G1: max{20, M1} [O(n)]
  0: f78->f80, I: 0 [O(1)]
  0: f78->f80, K: max{0, K} [O(n)]
  0: f78->f80, L: max{J1, J1, K1} [O(n)]
  0: f78->f80, O: 0 [O(1)]
  0: f78->f80, P: 0 [O(1)]
  0: f78->f80, S: -1 [O(1)]
  0: f78->f80, T: 0 [O(1)]
  0: f78->f80, U: 0 [O(1)]
  0: f78->f80, Y: H1 [O(n)]
  0: f78->f80, Z: 20 [O(1)]
  11: f78->f80, A: -1 [O(1)]
  11: f78->f80, A1: max{I1, I1, J1} [O(n)]
  11: f78->f80, B: max{-1, N1} [O(n)]
  11: f78->f80, B1: max{I1, I1, J1} [O(n)]
  11: f78->f80, C: max{-1, N1} [O(n)]
  11: f78->f80, C1: max{J1, J1, K1} [O(n)]
  11: f78->f80, D1: max{K1, K1, L1} [O(n)]
  11: f78->f80, E1: max{K1, K1, L1} [O(n)]
  11: f78->f80, F: -1 [O(1)]
  11: f78->f80, F1: max{L1, L1, M1} [O(n)]
  11: f78->f80, G1: max{20, M1} [O(n)]
  11: f78->f80, I: 1 [O(1)]
  11: f78->f80, K: max{0, K} [O(n)]
  11: f78->f80, L: max{J1, J1, K1} [O(n)]
  11: f78->f80, O: 0 [O(1)]
  11: f78->f80, P: 0 [O(1)]
  11: f78->f80, S: -1 [O(1)]
  11: f78->f80, T: 0 [O(1)]
  11: f78->f80, U: 0 [O(1)]
  11: f78->f80, Y: H1 [O(n)]
  11: f78->f80, Z: 20 [O(1)]
  12: f78->f80, A: max{0, A} [O(n)]
  12: f78->f80, A1: max{I1, I1, J1} [O(n)]
  12: f78->f80, B: max{-1, N1} [O(n)]
  12: f78->f80, B1: max{I1, I1, J1} [O(n)]
  12: f78->f80, C: max{-1, N1} [O(n)]
  12: f78->f80, C1: max{J1, J1, K1} [O(n)]
  12: f78->f80, D1: max{K1, K1, L1} [O(n)]
  12: f78->f80, E1: max{K1, K1, L1} [O(n)]
  12: f78->f80, F: -1 [O(1)]
  12: f78->f80, F1: max{L1, L1, M1} [O(n)]
  12: f78->f80, G1: max{20, M1} [O(n)]
  12: f78->f80, I: 1 [O(1)]
  12: f78->f80, K: max{0, K} [O(n)]
  12: f78->f80, L: max{J1, J1, K1} [O(n)]
  12: f78->f80, O: 0 [O(1)]
  12: f78->f80, P: 0 [O(1)]
  12: f78->f80, S: -1 [O(1)]
  12: f78->f80, T: 0 [O(1)]
  12: f78->f80, U: 0 [O(1)]
  12: f78->f80, Y: H1 [O(n)]
  12: f78->f80, Z: 20 [O(1)]
  7: f80->f84, A: max{0, A} [O(n)]
  7: f80->f84, A1: max{I1, I1, J1} [O(n)]
  7: f80->f84, B: max{-1, N1} [O(n)]
  7: f80->f84, B1: max{I1, I1, J1} [O(n)]
  7: f80->f84, C: max{-1, N1} [O(n)]
  7: f80->f84, C1: max{J1, J1, K1} [O(n)]
  7: f80->f84, D1: max{K1, K1, L1} [O(n)]
  7: f80->f84, E1: max{K1, K1, L1} [O(n)]
  7: f80->f84, F: -1 [O(1)]
  7: f80->f84, F1: max{L1, L1, M1} [O(n)]
  7: f80->f84, G1: max{20, M1} [O(n)]
  7: f80->f84, I: 1 [O(1)]
  7: f80->f84, K: max{0, K} [O(n)]
  7: f80->f84, L: max{J1, J1, K1} [O(n)]
  7: f80->f84, O: 0 [O(1)]
  7: f80->f84, P: 0 [O(1)]
  7: f80->f84, S: -1 [O(1)]
  7: f80->f84, T: 0 [O(1)]
  7: f80->f84, U: 0 [O(1)]
  7: f80->f84, Y: H1 [O(n)]
  7: f80->f84, Z: 20 [O(1)]
  22: f80->f84, A: max{0, A} [O(n)]
  22: f80->f84, A1: max{I1, I1, J1} [O(n)]
  22: f80->f84, B: max{-1, N1} [O(n)]
  22: f80->f84, B1: max{I1, I1, J1} [O(n)]
  22: f80->f84, C: max{-1, N1} [O(n)]
  22: f80->f84, C1: max{J1, J1, K1} [O(n)]
  22: f80->f84, D1: max{K1, K1, L1} [O(n)]
  22: f80->f84, E1: max{K1, K1, L1} [O(n)]
  22: f80->f84, F: -1 [O(1)]
  22: f80->f84, F1: max{L1, L1, M1} [O(n)]
  22: f80->f84, G1: max{20, M1} [O(n)]
  22: f80->f84, I: 0 [O(1)]
  22: f80->f84, K: max{0, K} [O(n)]
  22: f80->f84, L: max{J1, J1, K1} [O(n)]
  22: f80->f84, O: 0 [O(1)]
  22: f80->f84, P: 0 [O(1)]
  22: f80->f84, S: -1 [O(1)]
  22: f80->f84, T: 0 [O(1)]
  22: f80->f84, U: 0 [O(1)]
  22: f80->f84, Y: H1 [O(n)]
  22: f80->f84, Z: 20 [O(1)]
  14: f84->f89, A: max{0, A} [O(n)]
  14: f84->f89, A1: max{I1, I1, J1} [O(n)]
  14: f84->f89, B: max{-1, N1} [O(n)]
  14: f84->f89, B1: max{I1, I1, J1} [O(n)]
  14: f84->f89, C: max{-1, N1} [O(n)]
  14: f84->f89, C1: max{J1, J1, K1} [O(n)]
  14: f84->f89, D1: max{K1, K1, L1} [O(n)]
  14: f84->f89, E1: max{K1, K1, L1} [O(n)]
  14: f84->f89, F: -1 [O(1)]
  14: f84->f89, F1: max{L1, L1, M1} [O(n)]
  14: f84->f89, G1: max{20, M1} [O(n)]
  14: f84->f89, I: 0 [O(1)]
  14: f84->f89, K: max{0, K} [O(n)]
  14: f84->f89, L: max{J1, J1, K1} [O(n)]
  14: f84->f89, S: -1 [O(1)]
  14: f84->f89, T: 0 [O(1)]
  14: f84->f89, U: 0 [O(1)]
  14: f84->f89, Y: H1 [O(n)]
  14: f84->f89, Z: 20 [O(1)]
  21: f84->f89, A: max{0, A} [O(n)]
  21: f84->f89, A1: max{I1, I1, J1} [O(n)]
  21: f84->f89, B: max{-1, N1} [O(n)]
  21: f84->f89, B1: max{I1, I1, J1} [O(n)]
  21: f84->f89, C: max{-1, N1} [O(n)]
  21: f84->f89, C1: max{J1, J1, K1} [O(n)]
  21: f84->f89, D1: max{K1, K1, L1} [O(n)]
  21: f84->f89, E1: max{K1, K1, L1} [O(n)]
  21: f84->f89, F: -1 [O(1)]
  21: f84->f89, F1: max{L1, L1, M1} [O(n)]
  21: f84->f89, G1: max{20, M1} [O(n)]
  21: f84->f89, I: 1 [O(1)]
  21: f84->f89, K: max{0, K} [O(n)]
  21: f84->f89, L: max{J1, J1, K1} [O(n)]
  21: f84->f89, S: -1 [O(1)]
  21: f84->f89, T: 0 [O(1)]
  21: f84->f89, U: 0 [O(1)]
  21: f84->f89, Y: H1 [O(n)]
  21: f84->f89, Z: 20 [O(1)]
  3: f89->f48, A: max{0, A} [O(n)]
  3: f89->f48, A1: max{I1, I1, J1} [O(n)]
  3: f89->f48, B: max{-1, N1} [O(n)]
  3: f89->f48, B1: max{I1, I1, J1} [O(n)]
  3: f89->f48, C: max{-1, N1} [O(n)]
  3: f89->f48, C1: max{J1, J1, K1} [O(n)]
  3: f89->f48, D1: max{K1, K1, L1} [O(n)]
  3: f89->f48, E1: max{K1, K1, L1} [O(n)]
  3: f89->f48, F1: max{L1, L1, M1} [O(n)]
  3: f89->f48, G1: max{20, M1} [O(n)]
  3: f89->f48, I: max{1, I} [O(n)]
  3: f89->f48, K: max{0, K} [O(n)]
  3: f89->f48, L: max{J1, J1, K1} [O(n)]
  3: f89->f48, T: 0 [O(1)]
  3: f89->f48, U: 0 [O(1)]
  3: f89->f48, Y: H1 [O(n)]
  3: f89->f48, Z: 20 [O(1)]
  19: f89->f94, A: max{0, A} [O(n)]
  19: f89->f94, A1: max{I1, I1, J1} [O(n)]
  19: f89->f94, B: max{-1, N1} [O(n)]
  19: f89->f94, B1: max{I1, I1, J1} [O(n)]
  19: f89->f94, C: max{-1, N1} [O(n)]
  19: f89->f94, C1: max{J1, J1, K1} [O(n)]
  19: f89->f94, D1: max{K1, K1, L1} [O(n)]
  19: f89->f94, E: 0 [O(1)]
  19: f89->f94, E1: max{K1, K1, L1} [O(n)]
  19: f89->f94, F1: max{L1, L1, M1} [O(n)]
  19: f89->f94, G1: max{20, M1} [O(n)]
  19: f89->f94, I: max{1, 1, I} [O(n)]
  19: f89->f94, K: max{0, K} [O(n)]
  19: f89->f94, L: 1 [O(1)]
  19: f89->f94, T: 0 [O(1)]
  19: f89->f94, U: 0 [O(1)]
  19: f89->f94, Y: H1 [O(n)]
  19: f89->f94, Z: 20 [O(1)]
  15: f94->f94, A: max{0, A} [O(n)]
  15: f94->f94, A1: max{0, I1, max{I1, I1, max{I1, I1, max{I1, I1, max{I1, I1, max{I1, J1}}}}}} [O(n)]
  15: f94->f94, B: max{-1, 0, max{-1, -1, max{-1, N1, max{B, N1}}}} [O(n)]
  15: f94->f94, B1: max{0, I1, max{I1, I1, max{I1, I1, max{I1, I1, max{I1, I1, max{I1, J1}}}}}} [O(n)]
  15: f94->f94, C: max{-1, 0, max{-1, -1, max{-1, N1, max{C, N1}}}} [O(n)]
  15: f94->f94, C1: max{J1, J1, max{J1, J1, max{J1, J1, max{J1, K1}}}} [O(n)]
  15: f94->f94, D1: max{K1, K1, max{K1, K1, max{K1, K1, max{K1, L1}}}} [O(n)]
  15: f94->f94, E1: max{K1, K1, max{K1, K1, max{K1, K1, max{K1, L1}}}} [O(n)]
  15: f94->f94, F1: max{L1, L1, max{L1, L1, max{L1, L1, max{L1, M1}}}} [O(n)]
  15: f94->f94, G1: max{20, 20, max{20, 20, max{20, G1, M1}}} [O(n)]
  15: f94->f94, I: max{1, 1, I} [O(n)]
  15: f94->f94, K: max{0, K} [O(n)]
  15: f94->f94, L: 1 [O(1)]
  15: f94->f94, Y: H1 [O(n)]
  15: f94->f94, Z: max{20, H1} [O(n)]
