Timebounds: 
  Overall timebound: 19 [O(1)]
  0: f0->f7: 1 [O(1)]
  2: f62->f62: 8 [O(1)]
  3: f62->f118: 1 [O(1)]
  1: f7->f7: 8 [O(1)]
  4: f7->f62: 1 [O(1)]

Costbounds:
  Overall costbound: 19 [O(1)]
  0: f0->f7: 1 [O(1)]
  2: f62->f62: 8 [O(1)]
  3: f62->f118: 1 [O(1)]
  1: f7->f7: 8 [O(1)]
  4: f7->f62: 1 [O(1)]

Sizebounds:
`Lower:
  0: f0->f7, A: 8 [O(1)]
  0: f0->f7, B: 0 [O(1)]
  0: f0->f7, C: C [O(n)]
  0: f0->f7, D: D [O(n)]
  0: f0->f7, E: E [O(n)]
  0: f0->f7, F: F [O(n)]
  0: f0->f7, G: G [O(n)]
  0: f0->f7, H: H [O(n)]
  0: f0->f7, I: I [O(n)]
  0: f0->f7, J: J [O(n)]
  0: f0->f7, K: K [O(n)]
  0: f0->f7, L: L [O(n)]
  0: f0->f7, M: M [O(n)]
  0: f0->f7, N: N [O(n)]
  0: f0->f7, O: O [O(n)]
  0: f0->f7, P: P [O(n)]
  0: f0->f7, Q: Q [O(n)]
  0: f0->f7, R: R [O(n)]
  0: f0->f7, S: S [O(n)]
  0: f0->f7, T: T [O(n)]
  2: f62->f62, A: 8 [O(1)]
  2: f62->f62, B: 1 [O(1)]
  2: f62->f62, O: -3196 [O(1)]
  3: f62->f118, A: 8 [O(1)]
  3: f62->f118, B: 8 [O(1)]
  3: f62->f118, O: -3196 [O(1)]
  1: f7->f7, A: 8 [O(1)]
  1: f7->f7, B: 1 [O(1)]
  1: f7->f7, O: -3196 [O(1)]
  4: f7->f62, A: 8 [O(1)]
  4: f7->f62, B: 0 [O(1)]
  4: f7->f62, O: -3196 [O(1)]
`Upper:
  0: f0->f7, A: 8 [O(1)]
  0: f0->f7, B: 0 [O(1)]
  0: f0->f7, C: C [O(n)]
  0: f0->f7, D: D [O(n)]
  0: f0->f7, E: E [O(n)]
  0: f0->f7, F: F [O(n)]
  0: f0->f7, G: G [O(n)]
  0: f0->f7, H: H [O(n)]
  0: f0->f7, I: I [O(n)]
  0: f0->f7, J: J [O(n)]
  0: f0->f7, K: K [O(n)]
  0: f0->f7, L: L [O(n)]
  0: f0->f7, M: M [O(n)]
  0: f0->f7, N: N [O(n)]
  0: f0->f7, O: O [O(n)]
  0: f0->f7, P: P [O(n)]
  0: f0->f7, Q: Q [O(n)]
  0: f0->f7, R: R [O(n)]
  0: f0->f7, S: S [O(n)]
  0: f0->f7, T: T [O(n)]
  2: f62->f62, A: 8 [O(1)]
  2: f62->f62, B: 8 [O(1)]
  2: f62->f62, O: -1024 [O(1)]
  3: f62->f118, A: 8 [O(1)]
  3: f62->f118, B: 8 [O(1)]
  3: f62->f118, O: -1024 [O(1)]
  1: f7->f7, A: 8 [O(1)]
  1: f7->f7, B: 8 [O(1)]
  1: f7->f7, O: -1024 [O(1)]
  4: f7->f62, A: 8 [O(1)]
  4: f7->f62, B: 0 [O(1)]
  4: f7->f62, O: -1024 [O(1)]
