Timebounds: 
  Overall timebound: 13 [O(1)]
  0: f0->f12: 1 [O(1)]
  1: f12->f12: 3 [O(1)]
  6: f12->f24: 1 [O(1)]
  2: f24->f24: 3 [O(1)]
  5: f24->f36: 1 [O(1)]
  3: f36->f36: 3 [O(1)]
  4: f36->f46: 1 [O(1)]

Costbounds:
  Overall costbound: 13 [O(1)]
  0: f0->f12: 1 [O(1)]
  1: f12->f12: 3 [O(1)]
  6: f12->f24: 1 [O(1)]
  2: f24->f24: 3 [O(1)]
  5: f24->f36: 1 [O(1)]
  3: f36->f36: 3 [O(1)]
  4: f36->f46: 1 [O(1)]

Sizebounds:
`Lower:
  0: f0->f12, A: 3 [O(1)]
  0: f0->f12, B: T [O(n)]
  0: f0->f12, C: 3 [O(1)]
  0: f0->f12, D: 1 [O(1)]
  0: f0->f12, E: 0 [O(1)]
  0: f0->f12, F: F [O(n)]
  0: f0->f12, G: G [O(n)]
  0: f0->f12, H: H [O(n)]
  0: f0->f12, I: I [O(n)]
  0: f0->f12, J: J [O(n)]
  0: f0->f12, K: K [O(n)]
  0: f0->f12, L: L [O(n)]
  0: f0->f12, M: M [O(n)]
  0: f0->f12, N: N [O(n)]
  0: f0->f12, O: O [O(n)]
  0: f0->f12, P: P [O(n)]
  0: f0->f12, Q: Q [O(n)]
  0: f0->f12, R: R [O(n)]
  0: f0->f12, S: S [O(n)]
  1: f12->f12, A: 3 [O(1)]
  1: f12->f12, B: T [O(n)]
  1: f12->f12, C: 3 [O(1)]
  1: f12->f12, E: 1 [O(1)]
  1: f12->f12, F: F [O(n)]
  1: f12->f12, G: G [O(n)]
  1: f12->f12, H: H [O(n)]
  1: f12->f12, I: I [O(n)]
  1: f12->f12, J: J [O(n)]
  1: f12->f12, K: K [O(n)]
  1: f12->f12, L: L [O(n)]
  1: f12->f12, M: M [O(n)]
  1: f12->f12, N: N [O(n)]
  1: f12->f12, O: O [O(n)]
  1: f12->f12, P: P [O(n)]
  1: f12->f12, Q: Q [O(n)]
  1: f12->f12, R: R [O(n)]
  1: f12->f12, S: S [O(n)]
  6: f12->f24, A: 3 [O(1)]
  6: f12->f24, B: T [O(n)]
  6: f12->f24, C: 3 [O(1)]
  6: f12->f24, E: 3 [O(1)]
  6: f12->f24, F: 3 [O(1)]
  6: f12->f24, G: 0 [O(1)]
  6: f12->f24, H: 1 [O(1)]
  6: f12->f24, I: I [O(n)]
  6: f12->f24, J: J [O(n)]
  6: f12->f24, K: K [O(n)]
  6: f12->f24, L: L [O(n)]
  6: f12->f24, M: M [O(n)]
  6: f12->f24, N: N [O(n)]
  6: f12->f24, O: O [O(n)]
  6: f12->f24, P: P [O(n)]
  2: f24->f24, A: 3 [O(1)]
  2: f24->f24, B: T [O(n)]
  2: f24->f24, C: 3 [O(1)]
  2: f24->f24, E: 3 [O(1)]
  2: f24->f24, F: 3 [O(1)]
  2: f24->f24, G: 1 [O(1)]
  2: f24->f24, I: I [O(n)]
  2: f24->f24, J: J [O(n)]
  2: f24->f24, K: K [O(n)]
  2: f24->f24, L: L [O(n)]
  2: f24->f24, M: M [O(n)]
  2: f24->f24, N: N [O(n)]
  2: f24->f24, O: O [O(n)]
  2: f24->f24, P: P [O(n)]
  5: f24->f36, A: 3 [O(1)]
  5: f24->f36, B: T [O(n)]
  5: f24->f36, C: 3 [O(1)]
  5: f24->f36, E: 3 [O(1)]
  5: f24->f36, F: 3 [O(1)]
  5: f24->f36, G: 3 [O(1)]
  5: f24->f36, I: 3 [O(1)]
  5: f24->f36, J: 0 [O(1)]
  5: f24->f36, K: 1 [O(1)]
  5: f24->f36, L: L [O(n)]
  5: f24->f36, M: M [O(n)]
  3: f36->f36, A: 3 [O(1)]
  3: f36->f36, B: T [O(n)]
  3: f36->f36, C: 3 [O(1)]
  3: f36->f36, E: 3 [O(1)]
  3: f36->f36, F: 3 [O(1)]
  3: f36->f36, G: 3 [O(1)]
  3: f36->f36, I: 3 [O(1)]
  3: f36->f36, J: 1 [O(1)]
  3: f36->f36, L: L [O(n)]
  3: f36->f36, M: M [O(n)]
  4: f36->f46, A: 3 [O(1)]
  4: f36->f46, B: T [O(n)]
  4: f36->f46, C: 3 [O(1)]
  4: f36->f46, E: 3 [O(1)]
  4: f36->f46, F: 3 [O(1)]
  4: f36->f46, G: 3 [O(1)]
  4: f36->f46, I: 3 [O(1)]
  4: f36->f46, J: 3 [O(1)]
`Upper:
  0: f0->f12, A: 3 [O(1)]
  0: f0->f12, B: T [O(n)]
  0: f0->f12, C: 3 [O(1)]
  0: f0->f12, D: 1 [O(1)]
  0: f0->f12, E: 0 [O(1)]
  0: f0->f12, F: F [O(n)]
  0: f0->f12, G: G [O(n)]
  0: f0->f12, H: H [O(n)]
  0: f0->f12, I: I [O(n)]
  0: f0->f12, J: J [O(n)]
  0: f0->f12, K: K [O(n)]
  0: f0->f12, L: L [O(n)]
  0: f0->f12, M: M [O(n)]
  0: f0->f12, N: N [O(n)]
  0: f0->f12, O: O [O(n)]
  0: f0->f12, P: P [O(n)]
  0: f0->f12, Q: Q [O(n)]
  0: f0->f12, R: R [O(n)]
  0: f0->f12, S: S [O(n)]
  1: f12->f12, A: 3 [O(1)]
  1: f12->f12, B: T [O(n)]
  1: f12->f12, C: 3 [O(1)]
  1: f12->f12, E: 3 [O(1)]
  1: f12->f12, F: F [O(n)]
  1: f12->f12, G: G [O(n)]
  1: f12->f12, H: H [O(n)]
  1: f12->f12, I: I [O(n)]
  1: f12->f12, J: J [O(n)]
  1: f12->f12, K: K [O(n)]
  1: f12->f12, L: L [O(n)]
  1: f12->f12, M: M [O(n)]
  1: f12->f12, N: N [O(n)]
  1: f12->f12, O: O [O(n)]
  1: f12->f12, P: P [O(n)]
  1: f12->f12, Q: Q [O(n)]
  1: f12->f12, R: R [O(n)]
  1: f12->f12, S: S [O(n)]
  6: f12->f24, A: 3 [O(1)]
  6: f12->f24, B: T [O(n)]
  6: f12->f24, C: 3 [O(1)]
  6: f12->f24, E: 3 [O(1)]
  6: f12->f24, F: 3 [O(1)]
  6: f12->f24, G: 0 [O(1)]
  6: f12->f24, H: 1 [O(1)]
  6: f12->f24, I: I [O(n)]
  6: f12->f24, J: J [O(n)]
  6: f12->f24, K: K [O(n)]
  6: f12->f24, L: L [O(n)]
  6: f12->f24, M: M [O(n)]
  6: f12->f24, N: N [O(n)]
  6: f12->f24, O: O [O(n)]
  6: f12->f24, P: P [O(n)]
  2: f24->f24, A: 3 [O(1)]
  2: f24->f24, B: T [O(n)]
  2: f24->f24, C: 3 [O(1)]
  2: f24->f24, E: 3 [O(1)]
  2: f24->f24, F: 3 [O(1)]
  2: f24->f24, G: 3 [O(1)]
  2: f24->f24, I: I [O(n)]
  2: f24->f24, J: J [O(n)]
  2: f24->f24, K: K [O(n)]
  2: f24->f24, L: L [O(n)]
  2: f24->f24, M: M [O(n)]
  2: f24->f24, N: N [O(n)]
  2: f24->f24, O: O [O(n)]
  2: f24->f24, P: P [O(n)]
  5: f24->f36, A: 3 [O(1)]
  5: f24->f36, B: T [O(n)]
  5: f24->f36, C: 3 [O(1)]
  5: f24->f36, E: 3 [O(1)]
  5: f24->f36, F: 3 [O(1)]
  5: f24->f36, G: 3 [O(1)]
  5: f24->f36, I: 3 [O(1)]
  5: f24->f36, J: 0 [O(1)]
  5: f24->f36, K: 1 [O(1)]
  5: f24->f36, L: L [O(n)]
  5: f24->f36, M: M [O(n)]
  3: f36->f36, A: 3 [O(1)]
  3: f36->f36, B: T [O(n)]
  3: f36->f36, C: 3 [O(1)]
  3: f36->f36, E: 3 [O(1)]
  3: f36->f36, F: 3 [O(1)]
  3: f36->f36, G: 3 [O(1)]
  3: f36->f36, I: 3 [O(1)]
  3: f36->f36, J: 3 [O(1)]
  3: f36->f36, L: L [O(n)]
  3: f36->f36, M: M [O(n)]
  4: f36->f46, A: 3 [O(1)]
  4: f36->f46, B: T [O(n)]
  4: f36->f46, C: 3 [O(1)]
  4: f36->f46, E: 3 [O(1)]
  4: f36->f46, F: 3 [O(1)]
  4: f36->f46, G: 3 [O(1)]
  4: f36->f46, I: 3 [O(1)]
  4: f36->f46, J: 3 [O(1)]
