Timebounds: 
  Overall timebound: 31 [O(1)]
  0: f0->f7: 1 [O(1)]
  1: f7->f7: 29 [O(1)]
  2: f7->f19: 1 [O(1)]

Costbounds:
  Overall costbound: 31 [O(1)]
  0: f0->f7: 1 [O(1)]
  1: f7->f7: 29 [O(1)]
  2: f7->f19: 1 [O(1)]

Sizebounds:
`Lower:
  0: f0->f7, A: 30 [O(1)]
  0: f0->f7, B: 30 [O(1)]
  0: f0->f7, C: 1 [O(1)]
  0: f0->f7, D: 0 [O(1)]
  0: f0->f7, E: 2 [O(1)]
  0: f0->f7, F: F [O(n)]
  0: f0->f7, G: G [O(n)]
  0: f0->f7, H: H [O(n)]
  0: f0->f7, I: I [O(n)]
  1: f7->f7, A: 30 [O(1)]
  1: f7->f7, B: 30 [O(1)]
  1: f7->f7, C: 0 [O(1)]
  1: f7->f7, D: 0 [O(1)]
  1: f7->f7, E: 3 [O(1)]
  1: f7->f7, F: 1 [O(1)]
  1: f7->f7, G: -max{0, -G} [O(n)]
  1: f7->f7, H: -max{0, -H} [O(n)]
  1: f7->f7, I: -max{0, -I} [O(n)]
  2: f7->f19, A: 30 [O(1)]
  2: f7->f19, B: 30 [O(1)]
  2: f7->f19, C: 1 [O(1)]
  2: f7->f19, D: 0 [O(1)]
  2: f7->f19, E: 31 [O(1)]
  2: f7->f19, F: -max{-1, -F} [O(n)]
  2: f7->f19, G: 1 [O(1)]
  2: f7->f19, H: 1 [O(1)]
  2: f7->f19, I: 1 [O(1)]
`Upper:
  0: f0->f7, A: 30 [O(1)]
  0: f0->f7, B: 30 [O(1)]
  0: f0->f7, C: 1 [O(1)]
  0: f0->f7, D: 0 [O(1)]
  0: f0->f7, E: 2 [O(1)]
  0: f0->f7, F: F [O(n)]
  0: f0->f7, G: G [O(n)]
  0: f0->f7, H: H [O(n)]
  0: f0->f7, I: I [O(n)]
  1: f7->f7, A: 30 [O(1)]
  1: f7->f7, B: 30 [O(1)]
  1: f7->f7, C: 536870912 [O(1)]
  1: f7->f7, D: 536870912 [O(1)]
  1: f7->f7, E: 31 [O(1)]
  1: f7->f7, F: 536870912 [O(1)]
  1: f7->f7, G: max{0, G} [O(n)]
  1: f7->f7, H: max{0, H} [O(n)]
  1: f7->f7, I: max{0, I} [O(n)]
  2: f7->f19, A: 30 [O(1)]
  2: f7->f19, B: 30 [O(1)]
  2: f7->f19, C: 536870912 [O(1)]
  2: f7->f19, D: 536870912 [O(1)]
  2: f7->f19, E: 31 [O(1)]
  2: f7->f19, F: max{536870912, F} [O(n)]
  2: f7->f19, G: 536870912 [O(1)]
  2: f7->f19, H: 536870912 [O(1)]
  2: f7->f19, I: 536870912 [O(1)]
