Timebounds: 
  Overall timebound: inf [Infinity]
  0: f0->f15: 1 [O(1)]
  1: f15->f25: 1240 [O(1)]
  8: f15->f48: 1 [O(1)]
  2: f25->f25: inf [Infinity]
  5: f25->f41: inf [Infinity]
  6: f25->f41: inf [Infinity]
  7: f25->f15: 396800 [O(1)]
  3: f41->f15: inf [Infinity]
  4: f41->f15: 396800*max{397158, 397160-I}+max{0, 360-I} [O(n)]

Costbounds:
  Overall costbound: inf [Infinity]
  0: f0->f15: 1 [O(1)]
  1: f15->f25: 1240 [O(1)]
  8: f15->f48: 1 [O(1)]
  2: f25->f25: inf [Infinity]
  5: f25->f41: inf [Infinity]
  6: f25->f41: inf [Infinity]
  7: f25->f15: 396800 [O(1)]
  3: f41->f15: inf [Infinity]
  4: f41->f15: 396800*max{397158, 397160-I}+max{0, 360-I} [O(n)]

Sizebounds:
`Lower:
  0: f0->f15, A: 10 [O(1)]
  0: f0->f15, B: 35 [O(1)]
  0: f0->f15, C: 285 [O(1)]
  0: f0->f15, D: I [O(n)]
  0: f0->f15, E: I [O(n)]
  0: f0->f15, F: 0 [O(1)]
  0: f0->f15, G: G [O(n)]
  0: f0->f15, H: H [O(n)]
  1: f15->f25, A: 10 [O(1)]
  1: f15->f25, B: 35 [O(1)]
  1: f15->f25, C: 285 [O(1)]
  1: f15->f25, D: I [O(n)]
  1: f15->f25, E: -max{396798, 396800-I} [O(n)]
  1: f15->f25, F: 0 [O(1)]
  1: f15->f25, H: 1 [O(1)]
  8: f15->f48, A: 10 [O(1)]
  8: f15->f48, B: 35 [O(1)]
  8: f15->f48, C: 285 [O(1)]
  8: f15->f48, D: I [O(n)]
  8: f15->f48, E: -max{396798, 396800-I} [O(n)]
  8: f15->f48, F: 10 [O(1)]
  8: f15->f48, H: 1 [O(1)]
  2: f25->f25, A: 10 [O(1)]
  2: f25->f25, B: 35 [O(1)]
  2: f25->f25, C: 285 [O(1)]
  2: f25->f25, D: I [O(n)]
  2: f25->f25, E: 2 [O(1)]
  2: f25->f25, F: 0 [O(1)]
  2: f25->f25, H: 2 [O(1)]
  5: f25->f41, A: 10 [O(1)]
  5: f25->f41, B: 35 [O(1)]
  5: f25->f41, C: 285 [O(1)]
  5: f25->f41, D: I [O(n)]
  5: f25->f41, E: -max{396798, 396800-I} [O(n)]
  5: f25->f41, F: 0 [O(1)]
  5: f25->f41, H: 1 [O(1)]
  6: f25->f41, A: 10 [O(1)]
  6: f25->f41, B: 35 [O(1)]
  6: f25->f41, C: 285 [O(1)]
  6: f25->f41, D: I [O(n)]
  6: f25->f41, E: -max{396798, 396800-I} [O(n)]
  6: f25->f41, F: 0 [O(1)]
  6: f25->f41, H: 1 [O(1)]
  7: f25->f15, A: 10 [O(1)]
  7: f25->f15, B: 35 [O(1)]
  7: f25->f15, C: 285 [O(1)]
  7: f25->f15, D: I [O(n)]
  7: f25->f15, E: -max{396798, 396800-I} [O(n)]
  7: f25->f15, F: 1 [O(1)]
  7: f25->f15, H: 1 [O(1)]
  3: f41->f15, A: 10 [O(1)]
  3: f41->f15, B: 35 [O(1)]
  3: f41->f15, C: 285 [O(1)]
  3: f41->f15, D: I [O(n)]
  3: f41->f15, E: 35 [O(1)]
  3: f41->f15, F: 1 [O(1)]
  3: f41->f15, H: 35 [O(1)]
  4: f41->f15, A: 10 [O(1)]
  4: f41->f15, B: 35 [O(1)]
  4: f41->f15, C: 285 [O(1)]
  4: f41->f15, D: I [O(n)]
  4: f41->f15, E: -max{396798, 396800-I} [O(n)]
  4: f41->f15, F: 1 [O(1)]
  4: f41->f15, H: 1 [O(1)]
`Upper:
  0: f0->f15, A: 10 [O(1)]
  0: f0->f15, B: 35 [O(1)]
  0: f0->f15, C: 285 [O(1)]
  0: f0->f15, D: I [O(n)]
  0: f0->f15, E: I [O(n)]
  0: f0->f15, F: 0 [O(1)]
  0: f0->f15, G: G [O(n)]
  0: f0->f15, H: H [O(n)]
  1: f15->f25, A: 10 [O(1)]
  1: f15->f25, B: 35 [O(1)]
  1: f15->f25, C: 285 [O(1)]
  1: f15->f25, D: I [O(n)]
  1: f15->f25, E: max{35, I} [O(n)]
  1: f15->f25, F: 9 [O(1)]
  1: f15->f25, H: 1 [O(1)]
  8: f15->f48, A: 10 [O(1)]
  8: f15->f48, B: 35 [O(1)]
  8: f15->f48, C: 285 [O(1)]
  8: f15->f48, D: I [O(n)]
  8: f15->f48, E: max{35, 35, I} [O(n)]
  8: f15->f48, F: 10 [O(1)]
  2: f25->f25, A: 10 [O(1)]
  2: f25->f25, B: 35 [O(1)]
  2: f25->f25, C: 285 [O(1)]
  2: f25->f25, D: I [O(n)]
  2: f25->f25, E: max{35, I} [O(n)]
  2: f25->f25, F: 9 [O(1)]
  5: f25->f41, A: 10 [O(1)]
  5: f25->f41, B: 35 [O(1)]
  5: f25->f41, C: 285 [O(1)]
  5: f25->f41, D: I [O(n)]
  5: f25->f41, E: max{35, I} [O(n)]
  5: f25->f41, F: 9 [O(1)]
  6: f25->f41, A: 10 [O(1)]
  6: f25->f41, B: 35 [O(1)]
  6: f25->f41, C: 285 [O(1)]
  6: f25->f41, D: I [O(n)]
  6: f25->f41, E: max{35, I} [O(n)]
  6: f25->f41, F: 9 [O(1)]
  7: f25->f15, A: 10 [O(1)]
  7: f25->f15, B: 35 [O(1)]
  7: f25->f15, C: 285 [O(1)]
  7: f25->f15, D: I [O(n)]
  7: f25->f15, E: max{35, I} [O(n)]
  7: f25->f15, F: 10 [O(1)]
  3: f41->f15, A: 10 [O(1)]
  3: f41->f15, B: 35 [O(1)]
  3: f41->f15, C: 285 [O(1)]
  3: f41->f15, D: I [O(n)]
  3: f41->f15, E: max{35, I} [O(n)]
  3: f41->f15, F: 10 [O(1)]
  4: f41->f15, A: 10 [O(1)]
  4: f41->f15, B: 35 [O(1)]
  4: f41->f15, C: 285 [O(1)]
  4: f41->f15, D: I [O(n)]
  4: f41->f15, E: 35 [O(1)]
  4: f41->f15, F: 10 [O(1)]
