Timebounds: 
  Overall timebound: inf [Infinity]
  0: f0->f9: 1 [O(1)]
  7: f20->f32: inf [Infinity]
  8: f20->f32: inf [Infinity]
  9: f20->f32: inf [Infinity]
  10: f32->f9: inf [Infinity]
  11: f32->f9: inf [Infinity]
  12: f32->f9: inf [Infinity]
  1: f9->f20: inf [Infinity]
  2: f9->f20: inf [Infinity]
  3: f9->f20: inf [Infinity]
  4: f9->f20: inf [Infinity]
  5: f9->f20: inf [Infinity]
  6: f9->f20: inf [Infinity]
  13: f9->f38: 1 [O(1)]
  14: f9->f38: 1 [O(1)]

Costbounds:
  Overall costbound: inf [Infinity]
  0: f0->f9: 1 [O(1)]
  7: f20->f32: inf [Infinity]
  8: f20->f32: inf [Infinity]
  9: f20->f32: inf [Infinity]
  10: f32->f9: inf [Infinity]
  11: f32->f9: inf [Infinity]
  12: f32->f9: inf [Infinity]
  1: f9->f20: inf [Infinity]
  2: f9->f20: inf [Infinity]
  3: f9->f20: inf [Infinity]
  4: f9->f20: inf [Infinity]
  5: f9->f20: inf [Infinity]
  6: f9->f20: inf [Infinity]
  13: f9->f38: 1 [O(1)]
  14: f9->f38: 1 [O(1)]

Sizebounds:
`Lower:
  0: f0->f9, A: 0 [O(1)]
  0: f0->f9, B: 1 [O(1)]
  0: f0->f9, C: 1 [O(1)]
  0: f0->f9, D: 0 [O(1)]
  0: f0->f9, E: 0 [O(1)]
  0: f0->f9, F: 1 [O(1)]
  0: f0->f9, G: G [O(n)]
  0: f0->f9, H: H [O(n)]
  0: f0->f9, I: I [O(n)]
  0: f0->f9, J: -inf [Infinity]
  0: f0->f9, K: -inf [Infinity]
  7: f20->f32, A: 0 [O(1)]
  7: f20->f32, B: 1 [O(1)]
  7: f20->f32, C: -inf [Infinity]
  7: f20->f32, D: 0 [O(1)]
  7: f20->f32, E: 0 [O(1)]
  7: f20->f32, F: -inf [Infinity]
  7: f20->f32, G: -max{0, -G} [O(n)]
  7: f20->f32, H: -inf [Infinity]
  7: f20->f32, I: 0 [O(1)]
  7: f20->f32, J: -inf [Infinity]
  7: f20->f32, K: -inf [Infinity]
  8: f20->f32, A: 0 [O(1)]
  8: f20->f32, B: 1 [O(1)]
  8: f20->f32, C: -inf [Infinity]
  8: f20->f32, D: 1 [O(1)]
  8: f20->f32, E: 0 [O(1)]
  8: f20->f32, F: -inf [Infinity]
  8: f20->f32, G: -max{0, -G} [O(n)]
  8: f20->f32, H: -inf [Infinity]
  8: f20->f32, I: -inf [Infinity]
  8: f20->f32, J: -inf [Infinity]
  8: f20->f32, K: -inf [Infinity]
  9: f20->f32, A: 0 [O(1)]
  9: f20->f32, B: 1 [O(1)]
  9: f20->f32, C: -inf [Infinity]
  9: f20->f32, D: 1 [O(1)]
  9: f20->f32, E: 0 [O(1)]
  9: f20->f32, F: -inf [Infinity]
  9: f20->f32, G: -max{0, -G} [O(n)]
  9: f20->f32, H: -inf [Infinity]
  9: f20->f32, I: -inf [Infinity]
  9: f20->f32, J: -inf [Infinity]
  9: f20->f32, K: -inf [Infinity]
  10: f32->f9, A: 0 [O(1)]
  10: f32->f9, B: 1 [O(1)]
  10: f32->f9, C: -inf [Infinity]
  10: f32->f9, D: 0 [O(1)]
  10: f32->f9, E: 0 [O(1)]
  10: f32->f9, F: -inf [Infinity]
  10: f32->f9, G: -max{0, -G} [O(n)]
  10: f32->f9, H: 0 [O(1)]
  10: f32->f9, I: -inf [Infinity]
  10: f32->f9, J: -inf [Infinity]
  10: f32->f9, K: -inf [Infinity]
  11: f32->f9, A: 0 [O(1)]
  11: f32->f9, B: 1 [O(1)]
  11: f32->f9, C: -inf [Infinity]
  11: f32->f9, D: 0 [O(1)]
  11: f32->f9, E: 1 [O(1)]
  11: f32->f9, F: -inf [Infinity]
  11: f32->f9, G: -max{0, -G} [O(n)]
  11: f32->f9, H: -inf [Infinity]
  11: f32->f9, I: -inf [Infinity]
  11: f32->f9, J: -inf [Infinity]
  11: f32->f9, K: -inf [Infinity]
  12: f32->f9, A: 0 [O(1)]
  12: f32->f9, B: 1 [O(1)]
  12: f32->f9, C: -inf [Infinity]
  12: f32->f9, D: 0 [O(1)]
  12: f32->f9, E: 1 [O(1)]
  12: f32->f9, F: -inf [Infinity]
  12: f32->f9, G: -max{0, -G} [O(n)]
  12: f32->f9, H: -inf [Infinity]
  12: f32->f9, I: -inf [Infinity]
  12: f32->f9, J: -inf [Infinity]
  12: f32->f9, K: -inf [Infinity]
  1: f9->f20, A: 0 [O(1)]
  1: f9->f20, B: 1 [O(1)]
  1: f9->f20, C: 0 [O(1)]
  1: f9->f20, D: 0 [O(1)]
  1: f9->f20, E: 0 [O(1)]
  1: f9->f20, F: 0 [O(1)]
  1: f9->f20, G: 1 [O(1)]
  1: f9->f20, H: 1 [O(1)]
  1: f9->f20, I: 1 [O(1)]
  1: f9->f20, J: -inf [Infinity]
  1: f9->f20, K: -inf [Infinity]
  2: f9->f20, A: 0 [O(1)]
  2: f9->f20, B: 1 [O(1)]
  2: f9->f20, C: 0 [O(1)]
  2: f9->f20, D: 0 [O(1)]
  2: f9->f20, E: 0 [O(1)]
  2: f9->f20, F: 0 [O(1)]
  2: f9->f20, G: 0 [O(1)]
  2: f9->f20, H: 0 [O(1)]
  2: f9->f20, I: 0 [O(1)]
  2: f9->f20, J: -inf [Infinity]
  2: f9->f20, K: -inf [Infinity]
  3: f9->f20, A: 0 [O(1)]
  3: f9->f20, B: 1 [O(1)]
  3: f9->f20, C: 5 [O(1)]
  3: f9->f20, D: 0 [O(1)]
  3: f9->f20, E: 0 [O(1)]
  3: f9->f20, F: -inf [Infinity]
  3: f9->f20, G: -max{0, -G} [O(n)]
  3: f9->f20, H: -inf [Infinity]
  3: f9->f20, I: -inf [Infinity]
  3: f9->f20, J: -inf [Infinity]
  3: f9->f20, K: -inf [Infinity]
  4: f9->f20, A: 1 [O(1)]
  4: f9->f20, B: 1 [O(1)]
  4: f9->f20, C: 2 [O(1)]
  4: f9->f20, D: 0 [O(1)]
  4: f9->f20, E: 0 [O(1)]
  4: f9->f20, F: -inf [Infinity]
  4: f9->f20, G: -max{0, -G} [O(n)]
  4: f9->f20, H: -inf [Infinity]
  4: f9->f20, I: -inf [Infinity]
  4: f9->f20, J: -inf [Infinity]
  4: f9->f20, K: -inf [Infinity]
  5: f9->f20, A: 0 [O(1)]
  5: f9->f20, B: 1 [O(1)]
  5: f9->f20, C: -inf [Infinity]
  5: f9->f20, D: 0 [O(1)]
  5: f9->f20, E: 0 [O(1)]
  5: f9->f20, F: -inf [Infinity]
  5: f9->f20, G: -max{0, -G} [O(n)]
  5: f9->f20, H: -inf [Infinity]
  5: f9->f20, I: -inf [Infinity]
  5: f9->f20, J: -inf [Infinity]
  5: f9->f20, K: -inf [Infinity]
  6: f9->f20, A: 0 [O(1)]
  6: f9->f20, B: 1 [O(1)]
  6: f9->f20, C: -inf [Infinity]
  6: f9->f20, D: 0 [O(1)]
  6: f9->f20, E: 0 [O(1)]
  6: f9->f20, F: -inf [Infinity]
  6: f9->f20, G: -max{0, -G} [O(n)]
  6: f9->f20, H: -inf [Infinity]
  6: f9->f20, I: -inf [Infinity]
  6: f9->f20, J: -inf [Infinity]
  6: f9->f20, K: -inf [Infinity]
  13: f9->f38, A: 0 [O(1)]
  13: f9->f38, B: 1 [O(1)]
  13: f9->f38, C: -inf [Infinity]
  13: f9->f38, D: 0 [O(1)]
  13: f9->f38, E: 1 [O(1)]
  13: f9->f38, F: -inf [Infinity]
  13: f9->f38, G: -max{0, -G} [O(n)]
  13: f9->f38, H: -inf [Infinity]
  13: f9->f38, I: -inf [Infinity]
  13: f9->f38, J: -inf [Infinity]
  13: f9->f38, K: -inf [Infinity]
  14: f9->f38, A: 0 [O(1)]
  14: f9->f38, B: 1 [O(1)]
  14: f9->f38, C: -inf [Infinity]
  14: f9->f38, D: 1 [O(1)]
  14: f9->f38, E: 0 [O(1)]
  14: f9->f38, F: -inf [Infinity]
  14: f9->f38, G: -max{0, -G} [O(n)]
  14: f9->f38, H: -inf [Infinity]
  14: f9->f38, I: -inf [Infinity]
  14: f9->f38, J: -inf [Infinity]
  14: f9->f38, K: -inf [Infinity]
`Upper:
  0: f0->f9, A: 0 [O(1)]
  0: f0->f9, B: 1 [O(1)]
  0: f0->f9, C: 1 [O(1)]
  0: f0->f9, D: 0 [O(1)]
  0: f0->f9, E: 0 [O(1)]
  0: f0->f9, F: J [O(n)]
  0: f0->f9, G: G [O(n)]
  0: f0->f9, H: H [O(n)]
  0: f0->f9, I: I [O(n)]
  0: f0->f9, J: inf [Infinity]
  0: f0->f9, K: inf [Infinity]
  7: f20->f32, A: 3 [O(1)]
  7: f20->f32, B: inf [Infinity]
  7: f20->f32, C: inf [Infinity]
  7: f20->f32, D: 0 [O(1)]
  7: f20->f32, E: 1 [O(1)]
  7: f20->f32, F: inf [Infinity]
  7: f20->f32, G: max{2, G} [O(n)]
  7: f20->f32, H: inf [Infinity]
  7: f20->f32, I: 0 [O(1)]
  7: f20->f32, J: inf [Infinity]
  7: f20->f32, K: inf [Infinity]
  8: f20->f32, A: 3 [O(1)]
  8: f20->f32, B: inf [Infinity]
  8: f20->f32, C: inf [Infinity]
  8: f20->f32, D: 1 [O(1)]
  8: f20->f32, E: 1 [O(1)]
  8: f20->f32, F: inf [Infinity]
  8: f20->f32, G: max{2, G} [O(n)]
  8: f20->f32, H: inf [Infinity]
  8: f20->f32, I: -1 [O(1)]
  8: f20->f32, J: inf [Infinity]
  8: f20->f32, K: inf [Infinity]
  9: f20->f32, A: 3 [O(1)]
  9: f20->f32, B: inf [Infinity]
  9: f20->f32, C: inf [Infinity]
  9: f20->f32, D: 1 [O(1)]
  9: f20->f32, E: 1 [O(1)]
  9: f20->f32, F: inf [Infinity]
  9: f20->f32, G: max{2, G} [O(n)]
  9: f20->f32, H: inf [Infinity]
  9: f20->f32, I: inf [Infinity]
  9: f20->f32, J: inf [Infinity]
  9: f20->f32, K: inf [Infinity]
  10: f32->f9, A: 3 [O(1)]
  10: f32->f9, B: inf [Infinity]
  10: f32->f9, C: inf [Infinity]
  10: f32->f9, D: 1 [O(1)]
  10: f32->f9, E: 0 [O(1)]
  10: f32->f9, F: inf [Infinity]
  10: f32->f9, G: max{2, G} [O(n)]
  10: f32->f9, H: 0 [O(1)]
  10: f32->f9, I: inf [Infinity]
  10: f32->f9, J: inf [Infinity]
  10: f32->f9, K: inf [Infinity]
  11: f32->f9, A: 3 [O(1)]
  11: f32->f9, B: inf [Infinity]
  11: f32->f9, C: inf [Infinity]
  11: f32->f9, D: 1 [O(1)]
  11: f32->f9, E: 1 [O(1)]
  11: f32->f9, F: inf [Infinity]
  11: f32->f9, G: max{2, G} [O(n)]
  11: f32->f9, H: -1 [O(1)]
  11: f32->f9, I: inf [Infinity]
  11: f32->f9, J: inf [Infinity]
  11: f32->f9, K: inf [Infinity]
  12: f32->f9, A: 3 [O(1)]
  12: f32->f9, B: inf [Infinity]
  12: f32->f9, C: inf [Infinity]
  12: f32->f9, D: 1 [O(1)]
  12: f32->f9, E: 1 [O(1)]
  12: f32->f9, F: inf [Infinity]
  12: f32->f9, G: max{2, G} [O(n)]
  12: f32->f9, H: inf [Infinity]
  12: f32->f9, I: inf [Infinity]
  12: f32->f9, J: inf [Infinity]
  12: f32->f9, K: inf [Infinity]
  1: f9->f20, A: 3 [O(1)]
  1: f9->f20, B: inf [Infinity]
  1: f9->f20, C: inf [Infinity]
  1: f9->f20, D: 1 [O(1)]
  1: f9->f20, E: 1 [O(1)]
  1: f9->f20, F: 0 [O(1)]
  1: f9->f20, G: 1 [O(1)]
  1: f9->f20, H: 1 [O(1)]
  1: f9->f20, I: 1 [O(1)]
  1: f9->f20, J: inf [Infinity]
  1: f9->f20, K: inf [Infinity]
  2: f9->f20, A: 2 [O(1)]
  2: f9->f20, B: inf [Infinity]
  2: f9->f20, C: inf [Infinity]
  2: f9->f20, D: 1 [O(1)]
  2: f9->f20, E: 1 [O(1)]
  2: f9->f20, F: 0 [O(1)]
  2: f9->f20, G: 2 [O(1)]
  2: f9->f20, H: 0 [O(1)]
  2: f9->f20, I: 2 [O(1)]
  2: f9->f20, J: inf [Infinity]
  2: f9->f20, K: inf [Infinity]
  3: f9->f20, A: 0 [O(1)]
  3: f9->f20, B: inf [Infinity]
  3: f9->f20, C: inf [Infinity]
  3: f9->f20, D: 1 [O(1)]
  3: f9->f20, E: 1 [O(1)]
  3: f9->f20, F: inf [Infinity]
  3: f9->f20, G: max{2, G} [O(n)]
  3: f9->f20, H: inf [Infinity]
  3: f9->f20, I: inf [Infinity]
  3: f9->f20, J: inf [Infinity]
  3: f9->f20, K: inf [Infinity]
  4: f9->f20, A: 3 [O(1)]
  4: f9->f20, B: inf [Infinity]
  4: f9->f20, C: inf [Infinity]
  4: f9->f20, D: 1 [O(1)]
  4: f9->f20, E: 1 [O(1)]
  4: f9->f20, F: inf [Infinity]
  4: f9->f20, G: max{2, G} [O(n)]
  4: f9->f20, H: inf [Infinity]
  4: f9->f20, I: inf [Infinity]
  4: f9->f20, J: inf [Infinity]
  4: f9->f20, K: inf [Infinity]
  5: f9->f20, A: 3 [O(1)]
  5: f9->f20, B: inf [Infinity]
  5: f9->f20, C: inf [Infinity]
  5: f9->f20, D: 1 [O(1)]
  5: f9->f20, E: 1 [O(1)]
  5: f9->f20, F: -2 [O(1)]
  5: f9->f20, G: max{2, G} [O(n)]
  5: f9->f20, H: inf [Infinity]
  5: f9->f20, I: inf [Infinity]
  5: f9->f20, J: inf [Infinity]
  5: f9->f20, K: inf [Infinity]
  6: f9->f20, A: 3 [O(1)]
  6: f9->f20, B: inf [Infinity]
  6: f9->f20, C: inf [Infinity]
  6: f9->f20, D: 1 [O(1)]
  6: f9->f20, E: 1 [O(1)]
  6: f9->f20, F: inf [Infinity]
  6: f9->f20, G: max{2, G} [O(n)]
  6: f9->f20, H: inf [Infinity]
  6: f9->f20, I: inf [Infinity]
  6: f9->f20, J: inf [Infinity]
  6: f9->f20, K: inf [Infinity]
  13: f9->f38, A: 3 [O(1)]
  13: f9->f38, B: inf [Infinity]
  13: f9->f38, C: inf [Infinity]
  13: f9->f38, D: 1 [O(1)]
  13: f9->f38, E: 1 [O(1)]
  13: f9->f38, F: inf [Infinity]
  13: f9->f38, G: max{2, G} [O(n)]
  13: f9->f38, H: inf [Infinity]
  13: f9->f38, I: inf [Infinity]
  13: f9->f38, J: inf [Infinity]
  13: f9->f38, K: inf [Infinity]
  14: f9->f38, A: 3 [O(1)]
  14: f9->f38, B: inf [Infinity]
  14: f9->f38, C: inf [Infinity]
  14: f9->f38, D: 1 [O(1)]
  14: f9->f38, E: 0 [O(1)]
  14: f9->f38, F: inf [Infinity]
  14: f9->f38, G: max{2, G} [O(n)]
  14: f9->f38, H: inf [Infinity]
  14: f9->f38, I: inf [Infinity]
  14: f9->f38, J: inf [Infinity]
  14: f9->f38, K: inf [Infinity]
