Timebounds: 
  Overall timebound: max{3, 1+3+A-B} [O(n)]
  20: f10->f1: 1 [O(1)]
  0: f2->f2: max{0, 1+A-B} [O(n)]
  21: f2->f10: 1 [O(1)]
  22: start->f2: 1 [O(1)]

Costbounds:
  Overall costbound: max{3, 1+3+A-B} [O(n)]
  20: f10->f1: 1 [O(1)]
  0: f2->f2: max{0, 1+A-B} [O(n)]
  21: f2->f10: 1 [O(1)]
  22: start->f2: 1 [O(1)]

Sizebounds:
`Lower:
  20: f10->f1, A: -max{0, -A} [O(n)]
  20: f10->f1, A1: -max{0, -A1} [O(n)]
  20: f10->f1, B: 1-max{0, -A} [O(n)]
  20: f10->f1, D: 1 [O(1)]
  20: f10->f1, E: -max{0, -E} [O(n)]
  20: f10->f1, F: -max{0, -F} [O(n)]
  20: f10->f1, G: -max{0, -G} [O(n)]
  20: f10->f1, H: -max{0, -H} [O(n)]
  20: f10->f1, I: -max{0, -I} [O(n)]
  20: f10->f1, J: -max{0, -J} [O(n)]
  20: f10->f1, K: -max{0, -K} [O(n)]
  20: f10->f1, L: -max{0, -L} [O(n)]
  20: f10->f1, M: -max{0, -M} [O(n)]
  20: f10->f1, N: -max{0, -N} [O(n)]
  20: f10->f1, O: -max{0, -O} [O(n)]
  20: f10->f1, P: -max{0, -P} [O(n)]
  20: f10->f1, Q: -max{0, -Q} [O(n)]
  20: f10->f1, R: -max{0, -R} [O(n)]
  20: f10->f1, S: -max{0, -S} [O(n)]
  20: f10->f1, T: -max{0, -T} [O(n)]
  20: f10->f1, U: -max{0, -U} [O(n)]
  20: f10->f1, V: -max{0, -V} [O(n)]
  20: f10->f1, W: -max{0, -W} [O(n)]
  20: f10->f1, X: -max{0, -X} [O(n)]
  20: f10->f1, Y: -max{0, -Y} [O(n)]
  20: f10->f1, Z: -max{0, -Z} [O(n)]
  0: f2->f2, A: -max{0, -A} [O(n)]
  0: f2->f2, A1: -max{0, -A1} [O(n)]
  0: f2->f2, D: -max{0, -D} [O(n)]
  0: f2->f2, E: -max{0, -E} [O(n)]
  0: f2->f2, F: -max{0, -F} [O(n)]
  0: f2->f2, G: -max{0, -G} [O(n)]
  0: f2->f2, H: -max{0, -H} [O(n)]
  0: f2->f2, I: -max{0, -I} [O(n)]
  0: f2->f2, J: -max{0, -J} [O(n)]
  0: f2->f2, K: -max{0, -K} [O(n)]
  0: f2->f2, L: -max{0, -L} [O(n)]
  0: f2->f2, M: -max{0, -M} [O(n)]
  0: f2->f2, N: -max{0, -N} [O(n)]
  0: f2->f2, O: -max{0, -O} [O(n)]
  0: f2->f2, P: -max{0, -P} [O(n)]
  0: f2->f2, Q: -max{0, -Q} [O(n)]
  0: f2->f2, R: -max{0, -R} [O(n)]
  0: f2->f2, S: -max{0, -S} [O(n)]
  0: f2->f2, T: -max{0, -T} [O(n)]
  0: f2->f2, U: -max{0, -U} [O(n)]
  0: f2->f2, V: -max{0, -V} [O(n)]
  0: f2->f2, W: -max{0, -W} [O(n)]
  0: f2->f2, X: -max{0, -X} [O(n)]
  0: f2->f2, Y: -max{0, -Y} [O(n)]
  0: f2->f2, Z: -max{0, -Z} [O(n)]
  21: f2->f10, A: -max{0, -A} [O(n)]
  21: f2->f10, A1: -max{0, -A1} [O(n)]
  21: f2->f10, B: -max{-1, -1-A} [O(n)]
  21: f2->f10, D: 1 [O(1)]
  21: f2->f10, E: -max{0, -E} [O(n)]
  21: f2->f10, F: -max{0, -F} [O(n)]
  21: f2->f10, G: -max{0, -G} [O(n)]
  21: f2->f10, H: -max{0, -H} [O(n)]
  21: f2->f10, I: -max{0, -I} [O(n)]
  21: f2->f10, J: -max{0, -J} [O(n)]
  21: f2->f10, K: -max{0, -K} [O(n)]
  21: f2->f10, L: -max{0, -L} [O(n)]
  21: f2->f10, M: -max{0, -M} [O(n)]
  21: f2->f10, N: -max{0, -N} [O(n)]
  21: f2->f10, O: -max{0, -O} [O(n)]
  21: f2->f10, P: -max{0, -P} [O(n)]
  21: f2->f10, Q: -max{0, -Q} [O(n)]
  21: f2->f10, R: -max{0, -R} [O(n)]
  21: f2->f10, S: -max{0, -S} [O(n)]
  21: f2->f10, T: -max{0, -T} [O(n)]
  21: f2->f10, U: -max{0, -U} [O(n)]
  21: f2->f10, V: -max{0, -V} [O(n)]
  21: f2->f10, W: -max{0, -W} [O(n)]
  21: f2->f10, X: -max{0, -X} [O(n)]
  21: f2->f10, Y: -max{0, -Y} [O(n)]
  21: f2->f10, Z: -max{0, -Z} [O(n)]
  22: start->f2, A: A [O(n)]
  22: start->f2, A1: A1 [O(n)]
  22: start->f2, B: B [O(n)]
  22: start->f2, C: C [O(n)]
  22: start->f2, D: D [O(n)]
  22: start->f2, E: E [O(n)]
  22: start->f2, F: F [O(n)]
  22: start->f2, G: G [O(n)]
  22: start->f2, H: H [O(n)]
  22: start->f2, I: I [O(n)]
  22: start->f2, J: J [O(n)]
  22: start->f2, K: K [O(n)]
  22: start->f2, L: L [O(n)]
  22: start->f2, M: M [O(n)]
  22: start->f2, N: N [O(n)]
  22: start->f2, O: O [O(n)]
  22: start->f2, P: P [O(n)]
  22: start->f2, Q: Q [O(n)]
  22: start->f2, R: R [O(n)]
  22: start->f2, S: S [O(n)]
  22: start->f2, T: T [O(n)]
  22: start->f2, U: U [O(n)]
  22: start->f2, V: V [O(n)]
  22: start->f2, W: W [O(n)]
  22: start->f2, X: X [O(n)]
  22: start->f2, Y: Y [O(n)]
  22: start->f2, Z: Z [O(n)]
`Upper:
  20: f10->f1, A: -1 [O(1)]
  20: f10->f1, A1: max{0, A1} [O(n)]
  20: f10->f1, B: 0 [O(1)]
  20: f10->f1, D: 1 [O(1)]
  20: f10->f1, E: max{0, E} [O(n)]
  20: f10->f1, F: max{0, F} [O(n)]
  20: f10->f1, G: max{0, G} [O(n)]
  20: f10->f1, H: max{0, H} [O(n)]
  20: f10->f1, I: max{0, I} [O(n)]
  20: f10->f1, J: max{0, J} [O(n)]
  20: f10->f1, K: max{0, K} [O(n)]
  20: f10->f1, L: max{0, L} [O(n)]
  20: f10->f1, M: max{0, M} [O(n)]
  20: f10->f1, N: max{0, N} [O(n)]
  20: f10->f1, O: max{0, O} [O(n)]
  20: f10->f1, P: max{0, P} [O(n)]
  20: f10->f1, Q: max{0, Q} [O(n)]
  20: f10->f1, R: max{0, R} [O(n)]
  20: f10->f1, S: max{0, S} [O(n)]
  20: f10->f1, T: max{0, T} [O(n)]
  20: f10->f1, U: max{0, U} [O(n)]
  20: f10->f1, V: max{0, V} [O(n)]
  20: f10->f1, W: max{0, W} [O(n)]
  20: f10->f1, X: max{0, X} [O(n)]
  20: f10->f1, Y: max{0, Y} [O(n)]
  20: f10->f1, Z: max{0, Z} [O(n)]
  0: f2->f2, A: max{0, A} [O(n)]
  0: f2->f2, A1: max{0, A1} [O(n)]
  0: f2->f2, B: max{1, 1+A} [O(n)]
  0: f2->f2, D: max{0, D} [O(n)]
  0: f2->f2, E: max{0, E} [O(n)]
  0: f2->f2, F: max{0, F} [O(n)]
  0: f2->f2, G: max{0, G} [O(n)]
  0: f2->f2, H: max{0, H} [O(n)]
  0: f2->f2, I: max{0, I} [O(n)]
  0: f2->f2, J: max{0, J} [O(n)]
  0: f2->f2, K: max{0, K} [O(n)]
  0: f2->f2, L: max{0, L} [O(n)]
  0: f2->f2, M: max{0, M} [O(n)]
  0: f2->f2, N: max{0, N} [O(n)]
  0: f2->f2, O: max{0, O} [O(n)]
  0: f2->f2, P: max{0, P} [O(n)]
  0: f2->f2, Q: max{0, Q} [O(n)]
  0: f2->f2, R: max{0, R} [O(n)]
  0: f2->f2, S: max{0, S} [O(n)]
  0: f2->f2, T: max{0, T} [O(n)]
  0: f2->f2, U: max{0, U} [O(n)]
  0: f2->f2, V: max{0, V} [O(n)]
  0: f2->f2, W: max{0, W} [O(n)]
  0: f2->f2, X: max{0, X} [O(n)]
  0: f2->f2, Y: max{0, Y} [O(n)]
  0: f2->f2, Z: max{0, Z} [O(n)]
  21: f2->f10, A: max{0, A} [O(n)]
  21: f2->f10, A1: max{0, A1} [O(n)]
  21: f2->f10, B: max{1, B, 1+A} [O(n)]
  21: f2->f10, D: 1 [O(1)]
  21: f2->f10, E: max{0, E} [O(n)]
  21: f2->f10, F: max{0, F} [O(n)]
  21: f2->f10, G: max{0, G} [O(n)]
  21: f2->f10, H: max{0, H} [O(n)]
  21: f2->f10, I: max{0, I} [O(n)]
  21: f2->f10, J: max{0, J} [O(n)]
  21: f2->f10, K: max{0, K} [O(n)]
  21: f2->f10, L: max{0, L} [O(n)]
  21: f2->f10, M: max{0, M} [O(n)]
  21: f2->f10, N: max{0, N} [O(n)]
  21: f2->f10, O: max{0, O} [O(n)]
  21: f2->f10, P: max{0, P} [O(n)]
  21: f2->f10, Q: max{0, Q} [O(n)]
  21: f2->f10, R: max{0, R} [O(n)]
  21: f2->f10, S: max{0, S} [O(n)]
  21: f2->f10, T: max{0, T} [O(n)]
  21: f2->f10, U: max{0, U} [O(n)]
  21: f2->f10, V: max{0, V} [O(n)]
  21: f2->f10, W: max{0, W} [O(n)]
  21: f2->f10, X: max{0, X} [O(n)]
  21: f2->f10, Y: max{0, Y} [O(n)]
  21: f2->f10, Z: max{0, Z} [O(n)]
  22: start->f2, A: A [O(n)]
  22: start->f2, A1: A1 [O(n)]
  22: start->f2, B: B [O(n)]
  22: start->f2, C: C [O(n)]
  22: start->f2, D: D [O(n)]
  22: start->f2, E: E [O(n)]
  22: start->f2, F: F [O(n)]
  22: start->f2, G: G [O(n)]
  22: start->f2, H: H [O(n)]
  22: start->f2, I: I [O(n)]
  22: start->f2, J: J [O(n)]
  22: start->f2, K: K [O(n)]
  22: start->f2, L: L [O(n)]
  22: start->f2, M: M [O(n)]
  22: start->f2, N: N [O(n)]
  22: start->f2, O: O [O(n)]
  22: start->f2, P: P [O(n)]
  22: start->f2, Q: Q [O(n)]
  22: start->f2, R: R [O(n)]
  22: start->f2, S: S [O(n)]
  22: start->f2, T: T [O(n)]
  22: start->f2, U: U [O(n)]
  22: start->f2, V: V [O(n)]
  22: start->f2, W: W [O(n)]
  22: start->f2, X: X [O(n)]
  22: start->f2, Y: Y [O(n)]
  22: start->f2, Z: Z [O(n)]
