Timebounds: 
  Overall timebound: max{0, C}+max{2, 2+C*max{1, 1+C}} [O(n^2)]
  2: f0->f4: 1 [O(1)]
  0: f4->f4: max{1, 1+C*max{1, 1+C}} [O(n^2)]
  1: f4->f4: max{0, C} [O(n)]

Costbounds:
  Overall costbound: max{0, C}+max{2, 2+C*max{1, 1+C}} [O(n^2)]
  2: f0->f4: 1 [O(1)]
  0: f4->f4: max{1, 1+C*max{1, 1+C}} [O(n^2)]
  1: f4->f4: max{0, C} [O(n)]

Sizebounds:
`Lower:
  2: f0->f4, A: 0 [O(1)]
  2: f0->f4, B: 0 [O(1)]
  2: f0->f4, C: 1 [O(1)]
  0: f4->f4, A: 0 [O(1)]
  0: f4->f4, B: 1 [O(1)]
  0: f4->f4, C: 0 [O(1)]
  1: f4->f4, A: 0 [O(1)]
  1: f4->f4, B: 0 [O(1)]
  1: f4->f4, C: 0 [O(1)]
`Upper:
  2: f0->f4, A: 0 [O(1)]
  2: f0->f4, B: 0 [O(1)]
  2: f0->f4, C: C [O(n)]
  0: f4->f4, A: max{0, C} [O(n)]
  0: f4->f4, B: max{0, C} [O(n)]
  0: f4->f4, C: max{0, C} [O(n)]
  1: f4->f4, A: max{0, C} [O(n)]
  1: f4->f4, B: 0 [O(1)]
  1: f4->f4, C: max{0, C} [O(n)]
