Timebounds: 
  Overall timebound: inf [Infinity]
  0: f0->f1: 1 [O(1)]
  1: f1->f7: 1 [O(1)]
  2: f1->f7: 1 [O(1)]
  3: f1->f7: 1 [O(1)]
  4: f1->f2: 1 [O(1)]
  5: f1->f2: 1 [O(1)]
  6: f1->f2: 1 [O(1)]
  7: f2->f7: 1 [O(1)]
  8: f2->f7: 1 [O(1)]
  9: f2->f7: 1 [O(1)]
  10: f2->f3: inf [Infinity]
  11: f2->f3: inf [Infinity]
  12: f2->f3: inf [Infinity]
  13: f3->f6: inf [Infinity]
  14: f3->f6: inf [Infinity]
  15: f3->f6: inf [Infinity]
  18: f4->f2: inf [Infinity]
  19: f4->f2: inf [Infinity]
  20: f4->f2: 2*max{0, O-D}+max{0, -1+O-D} [O(n)]
  21: f4->f7: 1 [O(1)]
  22: f4->f7: 1 [O(1)]
  23: f4->f7: 1 [O(1)]
  24: f4->f7: 1 [O(1)]
  25: f4->f7: 1 [O(1)]
  26: f4->f7: 1 [O(1)]
  16: f6->f4: 18+6*(2*max{0, O-D}+max{0, -1+O-D}) [O(n)]
  17: f6->f4: inf [Infinity]

Costbounds:
  Overall costbound: inf [Infinity]
  0: f0->f1: 1 [O(1)]
  1: f1->f7: 1 [O(1)]
  2: f1->f7: 1 [O(1)]
  3: f1->f7: 1 [O(1)]
  4: f1->f2: 1 [O(1)]
  5: f1->f2: 1 [O(1)]
  6: f1->f2: 1 [O(1)]
  7: f2->f7: 1 [O(1)]
  8: f2->f7: 1 [O(1)]
  9: f2->f7: 1 [O(1)]
  10: f2->f3: inf [Infinity]
  11: f2->f3: inf [Infinity]
  12: f2->f3: inf [Infinity]
  13: f3->f6: inf [Infinity]
  14: f3->f6: inf [Infinity]
  15: f3->f6: inf [Infinity]
  18: f4->f2: inf [Infinity]
  19: f4->f2: inf [Infinity]
  20: f4->f2: 2*max{0, O-D}+max{0, -1+O-D} [O(n)]
  21: f4->f7: 1 [O(1)]
  22: f4->f7: 1 [O(1)]
  23: f4->f7: 1 [O(1)]
  24: f4->f7: 1 [O(1)]
  25: f4->f7: 1 [O(1)]
  26: f4->f7: 1 [O(1)]
  16: f6->f4: 18+6*(2*max{0, O-D}+max{0, -1+O-D}) [O(n)]
  17: f6->f4: inf [Infinity]

Sizebounds:
`Lower:
  0: f0->f1, A: A [O(n)]
  0: f0->f1, B: B [O(n)]
  0: f0->f1, C: C [O(n)]
  0: f0->f1, D: D [O(n)]
  0: f0->f1, E: E [O(n)]
  0: f0->f1, F: F [O(n)]
  0: f0->f1, G: G [O(n)]
  0: f0->f1, H: H [O(n)]
  0: f0->f1, I: I [O(n)]
  0: f0->f1, J: J [O(n)]
  0: f0->f1, K: K [O(n)]
  0: f0->f1, L: L [O(n)]
  0: f0->f1, M: M [O(n)]
  0: f0->f1, N: N [O(n)]
  0: f0->f1, O: O [O(n)]
  0: f0->f1, P: -inf [Infinity]
  0: f0->f1, Q: -inf [Infinity]
  1: f1->f7, A: 0 [O(1)]
  1: f1->f7, B: 1 [O(1)]
  1: f1->f7, C: D [O(n)]
  1: f1->f7, D: D [O(n)]
  1: f1->f7, E: F [O(n)]
  1: f1->f7, F: F [O(n)]
  1: f1->f7, G: 1 [O(1)]
  1: f1->f7, H: 1 [O(1)]
  1: f1->f7, I: 0 [O(1)]
  1: f1->f7, J: 1 [O(1)]
  1: f1->f7, K: 1 [O(1)]
  1: f1->f7, L: 1 [O(1)]
  1: f1->f7, M: 7 [O(1)]
  1: f1->f7, N: N [O(n)]
  1: f1->f7, O: O [O(n)]
  1: f1->f7, P: -inf [Infinity]
  1: f1->f7, Q: -inf [Infinity]
  2: f1->f7, A: A [O(n)]
  2: f1->f7, B: 1 [O(1)]
  2: f1->f7, C: D [O(n)]
  2: f1->f7, D: D [O(n)]
  2: f1->f7, E: F [O(n)]
  2: f1->f7, F: F [O(n)]
  2: f1->f7, G: 1 [O(1)]
  2: f1->f7, H: 5 [O(1)]
  2: f1->f7, I: 0 [O(1)]
  2: f1->f7, J: 1 [O(1)]
  2: f1->f7, K: 1 [O(1)]
  2: f1->f7, L: 5 [O(1)]
  2: f1->f7, M: 7 [O(1)]
  2: f1->f7, N: N [O(n)]
  2: f1->f7, O: O [O(n)]
  2: f1->f7, P: -inf [Infinity]
  2: f1->f7, Q: -inf [Infinity]
  3: f1->f7, A: A [O(n)]
  3: f1->f7, B: 1 [O(1)]
  3: f1->f7, C: 1+D [O(n)]
  3: f1->f7, D: 1+D [O(n)]
  3: f1->f7, E: 1+F [O(n)]
  3: f1->f7, F: 1+F [O(n)]
  3: f1->f7, G: 1 [O(1)]
  3: f1->f7, H: 4 [O(1)]
  3: f1->f7, I: 1 [O(1)]
  3: f1->f7, J: 1 [O(1)]
  3: f1->f7, K: 1 [O(1)]
  3: f1->f7, L: 4 [O(1)]
  3: f1->f7, M: 7 [O(1)]
  3: f1->f7, N: N [O(n)]
  3: f1->f7, O: O [O(n)]
  3: f1->f7, P: -inf [Infinity]
  3: f1->f7, Q: -inf [Infinity]
  4: f1->f2, A: A [O(n)]
  4: f1->f2, B: 0 [O(1)]
  4: f1->f2, C: D [O(n)]
  4: f1->f2, D: D [O(n)]
  4: f1->f2, E: F [O(n)]
  4: f1->f2, F: F [O(n)]
  4: f1->f2, G: 3 [O(1)]
  4: f1->f2, H: 1 [O(1)]
  4: f1->f2, I: 0 [O(1)]
  4: f1->f2, J: 0 [O(1)]
  4: f1->f2, K: 3 [O(1)]
  4: f1->f2, L: 1 [O(1)]
  4: f1->f2, M: 2 [O(1)]
  4: f1->f2, N: N [O(n)]
  4: f1->f2, O: O [O(n)]
  4: f1->f2, P: -inf [Infinity]
  4: f1->f2, Q: -inf [Infinity]
  5: f1->f2, A: A [O(n)]
  5: f1->f2, B: 0 [O(1)]
  5: f1->f2, C: D [O(n)]
  5: f1->f2, D: D [O(n)]
  5: f1->f2, E: F [O(n)]
  5: f1->f2, F: F [O(n)]
  5: f1->f2, G: 3 [O(1)]
  5: f1->f2, H: 5 [O(1)]
  5: f1->f2, I: 0 [O(1)]
  5: f1->f2, J: 0 [O(1)]
  5: f1->f2, K: 3 [O(1)]
  5: f1->f2, L: 5 [O(1)]
  5: f1->f2, M: 2 [O(1)]
  5: f1->f2, N: N [O(n)]
  5: f1->f2, O: O [O(n)]
  5: f1->f2, P: -inf [Infinity]
  5: f1->f2, Q: -inf [Infinity]
  6: f1->f2, A: A [O(n)]
  6: f1->f2, B: 0 [O(1)]
  6: f1->f2, C: 1+D [O(n)]
  6: f1->f2, D: 1+D [O(n)]
  6: f1->f2, E: 1+F [O(n)]
  6: f1->f2, F: 1+F [O(n)]
  6: f1->f2, G: 3 [O(1)]
  6: f1->f2, H: 4 [O(1)]
  6: f1->f2, I: 1 [O(1)]
  6: f1->f2, J: 0 [O(1)]
  6: f1->f2, K: 3 [O(1)]
  6: f1->f2, L: 4 [O(1)]
  6: f1->f2, M: 2 [O(1)]
  6: f1->f2, N: N [O(n)]
  6: f1->f2, O: O [O(n)]
  6: f1->f2, P: -inf [Infinity]
  6: f1->f2, Q: -inf [Infinity]
  7: f2->f7, A: A [O(n)]
  7: f2->f7, B: 1 [O(1)]
  7: f2->f7, C: -max{-D, -1-D} [O(n)]
  7: f2->f7, D: -max{-D, -1-D} [O(n)]
  7: f2->f7, E: -max{-F, -1-F} [O(n)]
  7: f2->f7, F: -max{-F, -1-F} [O(n)]
  7: f2->f7, G: 1 [O(1)]
  7: f2->f7, H: 1 [O(1)]
  7: f2->f7, I: 0 [O(1)]
  7: f2->f7, J: 1 [O(1)]
  7: f2->f7, K: 1 [O(1)]
  7: f2->f7, L: 1 [O(1)]
  7: f2->f7, M: 7 [O(1)]
  7: f2->f7, N: N [O(n)]
  7: f2->f7, O: O [O(n)]
  7: f2->f7, P: -inf [Infinity]
  7: f2->f7, Q: -inf [Infinity]
  8: f2->f7, A: A [O(n)]
  8: f2->f7, B: 1 [O(1)]
  8: f2->f7, C: -max{-D, -1-D} [O(n)]
  8: f2->f7, D: -max{-D, -1-D} [O(n)]
  8: f2->f7, E: -max{-F, -1-F} [O(n)]
  8: f2->f7, F: -max{-F, -1-F} [O(n)]
  8: f2->f7, G: 1 [O(1)]
  8: f2->f7, H: 5 [O(1)]
  8: f2->f7, I: 0 [O(1)]
  8: f2->f7, J: 1 [O(1)]
  8: f2->f7, K: 1 [O(1)]
  8: f2->f7, L: 5 [O(1)]
  8: f2->f7, M: 7 [O(1)]
  8: f2->f7, N: N [O(n)]
  8: f2->f7, O: O [O(n)]
  8: f2->f7, P: -inf [Infinity]
  8: f2->f7, Q: -inf [Infinity]
  9: f2->f7, A: A [O(n)]
  9: f2->f7, B: 1 [O(1)]
  9: f2->f7, C: -max{-1-D, -1+max{-D, -1-D}, -2-D} [O(n)]
  9: f2->f7, D: -max{-1-D, -1+max{-D, -1-D}, -2-D} [O(n)]
  9: f2->f7, E: -max{-1-F, -1+max{-F, -1-F}, -2-F} [O(n)]
  9: f2->f7, F: -max{-1-F, -1+max{-F, -1-F}, -2-F} [O(n)]
  9: f2->f7, G: 1 [O(1)]
  9: f2->f7, H: 4 [O(1)]
  9: f2->f7, I: 1 [O(1)]
  9: f2->f7, J: 1 [O(1)]
  9: f2->f7, K: 1 [O(1)]
  9: f2->f7, L: 4 [O(1)]
  9: f2->f7, M: 7 [O(1)]
  9: f2->f7, N: N [O(n)]
  9: f2->f7, O: O [O(n)]
  9: f2->f7, P: -inf [Infinity]
  9: f2->f7, Q: -inf [Infinity]
  10: f2->f3, A: A [O(n)]
  10: f2->f3, B: 0 [O(1)]
  10: f2->f3, C: -max{-D, -1-D} [O(n)]
  10: f2->f3, D: -max{-D, -1-D} [O(n)]
  10: f2->f3, E: -max{-F, -1-F} [O(n)]
  10: f2->f3, F: -max{-F, -1-F} [O(n)]
  10: f2->f3, G: 1 [O(1)]
  10: f2->f3, H: 1 [O(1)]
  10: f2->f3, I: 0 [O(1)]
  10: f2->f3, J: 0 [O(1)]
  10: f2->f3, K: 1 [O(1)]
  10: f2->f3, L: 1 [O(1)]
  10: f2->f3, M: 3 [O(1)]
  10: f2->f3, N: N [O(n)]
  10: f2->f3, O: O [O(n)]
  10: f2->f3, P: -inf [Infinity]
  10: f2->f3, Q: -inf [Infinity]
  11: f2->f3, A: A [O(n)]
  11: f2->f3, B: 0 [O(1)]
  11: f2->f3, C: -max{-D, -1-D} [O(n)]
  11: f2->f3, D: -max{-D, -1-D} [O(n)]
  11: f2->f3, E: -max{-F, -1-F} [O(n)]
  11: f2->f3, F: -max{-F, -1-F} [O(n)]
  11: f2->f3, G: 1 [O(1)]
  11: f2->f3, H: 5 [O(1)]
  11: f2->f3, I: 0 [O(1)]
  11: f2->f3, J: 0 [O(1)]
  11: f2->f3, K: 1 [O(1)]
  11: f2->f3, L: 5 [O(1)]
  11: f2->f3, M: 3 [O(1)]
  11: f2->f3, N: N [O(n)]
  11: f2->f3, O: O [O(n)]
  11: f2->f3, P: -inf [Infinity]
  11: f2->f3, Q: -inf [Infinity]
  12: f2->f3, A: A [O(n)]
  12: f2->f3, B: 0 [O(1)]
  12: f2->f3, C: -max{-D, -1-D} [O(n)]
  12: f2->f3, D: -max{-1-D, -1+max{-D, -1-D}, -2-D} [O(n)]
  12: f2->f3, E: -max{-F, -1-F} [O(n)]
  12: f2->f3, F: -max{-1-F, -1+max{-F, -1-F}, -2-F} [O(n)]
  12: f2->f3, G: 1 [O(1)]
  12: f2->f3, H: 4 [O(1)]
  12: f2->f3, I: 1 [O(1)]
  12: f2->f3, J: 0 [O(1)]
  12: f2->f3, K: 1 [O(1)]
  12: f2->f3, L: 4 [O(1)]
  12: f2->f3, M: 3 [O(1)]
  12: f2->f3, N: N [O(n)]
  12: f2->f3, O: O [O(n)]
  12: f2->f3, P: -inf [Infinity]
  12: f2->f3, Q: -inf [Infinity]
  13: f3->f6, A: A [O(n)]
  13: f3->f6, B: 1 [O(1)]
  13: f3->f6, C: -max{-D, -1-D} [O(n)]
  13: f3->f6, D: -max{-D, -1-D} [O(n)]
  13: f3->f6, E: -max{-F, -1-F} [O(n)]
  13: f3->f6, F: -max{-F, -1-F} [O(n)]
  13: f3->f6, G: 1 [O(1)]
  13: f3->f6, H: 1 [O(1)]
  13: f3->f6, I: 0 [O(1)]
  13: f3->f6, J: 1 [O(1)]
  13: f3->f6, K: 1 [O(1)]
  13: f3->f6, L: 1 [O(1)]
  13: f3->f6, M: 6 [O(1)]
  13: f3->f6, N: N [O(n)]
  13: f3->f6, O: O [O(n)]
  13: f3->f6, P: -inf [Infinity]
  13: f3->f6, Q: -inf [Infinity]
  14: f3->f6, A: A [O(n)]
  14: f3->f6, B: 1 [O(1)]
  14: f3->f6, C: -max{-D, -1-D} [O(n)]
  14: f3->f6, D: -max{-D, -1-D} [O(n)]
  14: f3->f6, E: -max{-F, -1-F} [O(n)]
  14: f3->f6, F: -max{-F, -1-F} [O(n)]
  14: f3->f6, G: 1 [O(1)]
  14: f3->f6, H: 5 [O(1)]
  14: f3->f6, I: 0 [O(1)]
  14: f3->f6, J: 1 [O(1)]
  14: f3->f6, K: 1 [O(1)]
  14: f3->f6, L: 5 [O(1)]
  14: f3->f6, M: 6 [O(1)]
  14: f3->f6, N: N [O(n)]
  14: f3->f6, O: O [O(n)]
  14: f3->f6, P: -inf [Infinity]
  14: f3->f6, Q: -inf [Infinity]
  15: f3->f6, A: A [O(n)]
  15: f3->f6, B: 1 [O(1)]
  15: f3->f6, C: -max{-D, -1-D} [O(n)]
  15: f3->f6, D: 1-max{-D, -1-D} [O(n)]
  15: f3->f6, E: -max{-F, -1-F} [O(n)]
  15: f3->f6, F: 1-max{-F, -1-F} [O(n)]
  15: f3->f6, G: 1 [O(1)]
  15: f3->f6, H: 4 [O(1)]
  15: f3->f6, I: 1 [O(1)]
  15: f3->f6, J: 1 [O(1)]
  15: f3->f6, K: 1 [O(1)]
  15: f3->f6, L: 4 [O(1)]
  15: f3->f6, M: 6 [O(1)]
  15: f3->f6, N: N [O(n)]
  15: f3->f6, O: O [O(n)]
  15: f3->f6, P: -inf [Infinity]
  15: f3->f6, Q: -inf [Infinity]
  18: f4->f2, A: A [O(n)]
  18: f4->f2, B: 0 [O(1)]
  18: f4->f2, C: -max{-D, -1-D} [O(n)]
  18: f4->f2, D: -max{-D, -1-D} [O(n)]
  18: f4->f2, E: -max{-F, -1-F} [O(n)]
  18: f4->f2, F: -max{-F, -1-F} [O(n)]
  18: f4->f2, G: 1 [O(1)]
  18: f4->f2, H: 1 [O(1)]
  18: f4->f2, I: 1 [O(1)]
  18: f4->f2, J: 0 [O(1)]
  18: f4->f2, K: 1 [O(1)]
  18: f4->f2, L: 1 [O(1)]
  18: f4->f2, M: 2 [O(1)]
  18: f4->f2, N: N [O(n)]
  18: f4->f2, O: O [O(n)]
  18: f4->f2, P: -inf [Infinity]
  18: f4->f2, Q: -inf [Infinity]
  19: f4->f2, A: A [O(n)]
  19: f4->f2, B: 0 [O(1)]
  19: f4->f2, C: -max{-D, -1-D} [O(n)]
  19: f4->f2, D: -max{-D, -1-D} [O(n)]
  19: f4->f2, E: -max{-F, -1-F} [O(n)]
  19: f4->f2, F: -max{-F, -1-F} [O(n)]
  19: f4->f2, G: 1 [O(1)]
  19: f4->f2, H: 5 [O(1)]
  19: f4->f2, I: 1 [O(1)]
  19: f4->f2, J: 0 [O(1)]
  19: f4->f2, K: 1 [O(1)]
  19: f4->f2, L: 5 [O(1)]
  19: f4->f2, M: 2 [O(1)]
  19: f4->f2, N: N [O(n)]
  19: f4->f2, O: O [O(n)]
  19: f4->f2, P: -inf [Infinity]
  19: f4->f2, Q: -inf [Infinity]
  20: f4->f2, A: A [O(n)]
  20: f4->f2, B: 0 [O(1)]
  20: f4->f2, C: -max{-D, -1-D} [O(n)]
  20: f4->f2, D: 1-max{-D, -1-D} [O(n)]
  20: f4->f2, E: -max{-F, -1-F} [O(n)]
  20: f4->f2, F: 1-max{-F, -1-F} [O(n)]
  20: f4->f2, G: 1 [O(1)]
  20: f4->f2, H: 4 [O(1)]
  20: f4->f2, I: 1 [O(1)]
  20: f4->f2, J: 0 [O(1)]
  20: f4->f2, K: 1 [O(1)]
  20: f4->f2, L: 4 [O(1)]
  20: f4->f2, M: 2 [O(1)]
  20: f4->f2, N: N [O(n)]
  20: f4->f2, O: O [O(n)]
  20: f4->f2, P: -inf [Infinity]
  20: f4->f2, Q: -inf [Infinity]
  21: f4->f7, A: A [O(n)]
  21: f4->f7, B: 0 [O(1)]
  21: f4->f7, C: -max{-D, -1-D} [O(n)]
  21: f4->f7, D: -max{-D, -1-D} [O(n)]
  21: f4->f7, E: -max{-F, -1-F} [O(n)]
  21: f4->f7, F: -max{-F, -1-F} [O(n)]
  21: f4->f7, G: 1 [O(1)]
  21: f4->f7, H: 1 [O(1)]
  21: f4->f7, I: 0 [O(1)]
  21: f4->f7, J: 0 [O(1)]
  21: f4->f7, K: 1 [O(1)]
  21: f4->f7, L: 1 [O(1)]
  21: f4->f7, M: 7 [O(1)]
  21: f4->f7, N: N [O(n)]
  21: f4->f7, O: O [O(n)]
  21: f4->f7, P: -inf [Infinity]
  21: f4->f7, Q: -inf [Infinity]
  22: f4->f7, A: A [O(n)]
  22: f4->f7, B: 0 [O(1)]
  22: f4->f7, C: -max{-D, -1-D} [O(n)]
  22: f4->f7, D: -max{-D, -1-D} [O(n)]
  22: f4->f7, E: -max{-F, -1-F} [O(n)]
  22: f4->f7, F: -max{-F, -1-F} [O(n)]
  22: f4->f7, G: 1 [O(1)]
  22: f4->f7, H: 5 [O(1)]
  22: f4->f7, I: 0 [O(1)]
  22: f4->f7, J: 0 [O(1)]
  22: f4->f7, K: 1 [O(1)]
  22: f4->f7, L: 5 [O(1)]
  22: f4->f7, M: 7 [O(1)]
  22: f4->f7, N: N [O(n)]
  22: f4->f7, O: O [O(n)]
  22: f4->f7, P: -inf [Infinity]
  22: f4->f7, Q: -inf [Infinity]
  23: f4->f7, A: A [O(n)]
  23: f4->f7, B: 0 [O(1)]
  23: f4->f7, C: 1-max{-D, -1-D} [O(n)]
  23: f4->f7, D: 1-max{-D, -1-D} [O(n)]
  23: f4->f7, E: 1-max{-F, -1-F} [O(n)]
  23: f4->f7, F: 1-max{-F, -1-F} [O(n)]
  23: f4->f7, G: 1 [O(1)]
  23: f4->f7, H: 4 [O(1)]
  23: f4->f7, I: 1 [O(1)]
  23: f4->f7, J: 0 [O(1)]
  23: f4->f7, K: 1 [O(1)]
  23: f4->f7, L: 4 [O(1)]
  23: f4->f7, M: 7 [O(1)]
  23: f4->f7, N: N [O(n)]
  23: f4->f7, O: O [O(n)]
  23: f4->f7, P: -inf [Infinity]
  23: f4->f7, Q: -inf [Infinity]
  24: f4->f7, A: A [O(n)]
  24: f4->f7, B: 1 [O(1)]
  24: f4->f7, C: -max{-D, -1-D} [O(n)]
  24: f4->f7, D: -max{-D, -1-D} [O(n)]
  24: f4->f7, E: -max{-F, -1-F} [O(n)]
  24: f4->f7, F: -max{-F, -1-F} [O(n)]
  24: f4->f7, G: 1 [O(1)]
  24: f4->f7, H: 1 [O(1)]
  24: f4->f7, I: 0 [O(1)]
  24: f4->f7, J: 1 [O(1)]
  24: f4->f7, K: 1 [O(1)]
  24: f4->f7, L: 1 [O(1)]
  24: f4->f7, M: 7 [O(1)]
  24: f4->f7, N: N [O(n)]
  24: f4->f7, O: O [O(n)]
  24: f4->f7, P: -inf [Infinity]
  24: f4->f7, Q: -inf [Infinity]
  25: f4->f7, A: A [O(n)]
  25: f4->f7, B: 1 [O(1)]
  25: f4->f7, C: -max{-D, -1-D} [O(n)]
  25: f4->f7, D: -max{-D, -1-D} [O(n)]
  25: f4->f7, E: -max{-F, -1-F} [O(n)]
  25: f4->f7, F: -max{-F, -1-F} [O(n)]
  25: f4->f7, G: 1 [O(1)]
  25: f4->f7, H: 5 [O(1)]
  25: f4->f7, I: 0 [O(1)]
  25: f4->f7, J: 1 [O(1)]
  25: f4->f7, K: 1 [O(1)]
  25: f4->f7, L: 5 [O(1)]
  25: f4->f7, M: 7 [O(1)]
  25: f4->f7, N: N [O(n)]
  25: f4->f7, O: O [O(n)]
  25: f4->f7, P: -inf [Infinity]
  25: f4->f7, Q: -inf [Infinity]
  26: f4->f7, A: A [O(n)]
  26: f4->f7, B: 1 [O(1)]
  26: f4->f7, C: 1-max{-D, -1-D} [O(n)]
  26: f4->f7, D: 1-max{-D, -1-D} [O(n)]
  26: f4->f7, E: 1-max{-F, -1-F} [O(n)]
  26: f4->f7, F: 1-max{-F, -1-F} [O(n)]
  26: f4->f7, G: 1 [O(1)]
  26: f4->f7, H: 4 [O(1)]
  26: f4->f7, I: 1 [O(1)]
  26: f4->f7, J: 1 [O(1)]
  26: f4->f7, K: 1 [O(1)]
  26: f4->f7, L: 4 [O(1)]
  26: f4->f7, M: 7 [O(1)]
  26: f4->f7, N: N [O(n)]
  26: f4->f7, O: O [O(n)]
  26: f4->f7, P: -inf [Infinity]
  26: f4->f7, Q: -inf [Infinity]
  16: f6->f4, A: A [O(n)]
  16: f6->f4, B: 1 [O(1)]
  16: f6->f4, C: -max{-D, -1-D} [O(n)]
  16: f6->f4, D: -max{-D, -1-D} [O(n)]
  16: f6->f4, E: -max{-F, -1-F} [O(n)]
  16: f6->f4, F: -max{-F, -1-F} [O(n)]
  16: f6->f4, G: 1 [O(1)]
  16: f6->f4, H: 2 [O(1)]
  16: f6->f4, I: 0 [O(1)]
  16: f6->f4, J: 1 [O(1)]
  16: f6->f4, K: 1 [O(1)]
  16: f6->f4, L: 2 [O(1)]
  16: f6->f4, M: 4 [O(1)]
  16: f6->f4, N: N [O(n)]
  16: f6->f4, O: O [O(n)]
  16: f6->f4, P: -inf [Infinity]
  16: f6->f4, Q: -inf [Infinity]
  17: f6->f4, A: A [O(n)]
  17: f6->f4, B: 0 [O(1)]
  17: f6->f4, C: -max{-D, -1-D} [O(n)]
  17: f6->f4, D: -max{-D, -1-D} [O(n)]
  17: f6->f4, E: -max{-F, -1-F} [O(n)]
  17: f6->f4, F: -max{-F, -1-F} [O(n)]
  17: f6->f4, G: 1 [O(1)]
  17: f6->f4, H: 7 [O(1)]
  17: f6->f4, I: 1 [O(1)]
  17: f6->f4, J: 0 [O(1)]
  17: f6->f4, K: 1 [O(1)]
  17: f6->f4, L: 7 [O(1)]
  17: f6->f4, M: 4 [O(1)]
  17: f6->f4, N: N [O(n)]
  17: f6->f4, O: O [O(n)]
  17: f6->f4, P: -inf [Infinity]
  17: f6->f4, Q: -inf [Infinity]
`Upper:
  0: f0->f1, A: A [O(n)]
  0: f0->f1, B: B [O(n)]
  0: f0->f1, C: C [O(n)]
  0: f0->f1, D: D [O(n)]
  0: f0->f1, E: E [O(n)]
  0: f0->f1, F: F [O(n)]
  0: f0->f1, G: G [O(n)]
  0: f0->f1, H: H [O(n)]
  0: f0->f1, I: I [O(n)]
  0: f0->f1, J: J [O(n)]
  0: f0->f1, K: K [O(n)]
  0: f0->f1, L: L [O(n)]
  0: f0->f1, M: M [O(n)]
  0: f0->f1, N: N [O(n)]
  0: f0->f1, O: O [O(n)]
  0: f0->f1, P: inf [Infinity]
  0: f0->f1, Q: inf [Infinity]
  1: f1->f7, A: -1+A [O(n)]
  1: f1->f7, B: 1 [O(1)]
  1: f1->f7, C: D [O(n)]
  1: f1->f7, D: D [O(n)]
  1: f1->f7, E: F [O(n)]
  1: f1->f7, F: F [O(n)]
  1: f1->f7, G: 7 [O(1)]
  1: f1->f7, H: 3 [O(1)]
  1: f1->f7, I: 0 [O(1)]
  1: f1->f7, J: 1 [O(1)]
  1: f1->f7, K: 7 [O(1)]
  1: f1->f7, L: 3 [O(1)]
  1: f1->f7, M: 7 [O(1)]
  1: f1->f7, N: N [O(n)]
  1: f1->f7, O: O [O(n)]
  1: f1->f7, P: inf [Infinity]
  1: f1->f7, Q: inf [Infinity]
  2: f1->f7, A: A [O(n)]
  2: f1->f7, B: 1 [O(1)]
  2: f1->f7, C: D [O(n)]
  2: f1->f7, D: D [O(n)]
  2: f1->f7, E: F [O(n)]
  2: f1->f7, F: F [O(n)]
  2: f1->f7, G: 7 [O(1)]
  2: f1->f7, H: 7 [O(1)]
  2: f1->f7, I: 0 [O(1)]
  2: f1->f7, J: 1 [O(1)]
  2: f1->f7, K: 7 [O(1)]
  2: f1->f7, L: 7 [O(1)]
  2: f1->f7, M: 7 [O(1)]
  2: f1->f7, N: N [O(n)]
  2: f1->f7, O: O [O(n)]
  2: f1->f7, P: inf [Infinity]
  2: f1->f7, Q: inf [Infinity]
  3: f1->f7, A: A [O(n)]
  3: f1->f7, B: 1 [O(1)]
  3: f1->f7, C: 1+D [O(n)]
  3: f1->f7, D: 1+D [O(n)]
  3: f1->f7, E: 1+F [O(n)]
  3: f1->f7, F: 1+F [O(n)]
  3: f1->f7, G: 7 [O(1)]
  3: f1->f7, H: 4 [O(1)]
  3: f1->f7, I: 1 [O(1)]
  3: f1->f7, J: 1 [O(1)]
  3: f1->f7, K: 7 [O(1)]
  3: f1->f7, L: 4 [O(1)]
  3: f1->f7, M: 7 [O(1)]
  3: f1->f7, N: N [O(n)]
  3: f1->f7, O: O [O(n)]
  3: f1->f7, P: inf [Infinity]
  3: f1->f7, Q: inf [Infinity]
  4: f1->f2, A: A [O(n)]
  4: f1->f2, B: 0 [O(1)]
  4: f1->f2, C: D [O(n)]
  4: f1->f2, D: D [O(n)]
  4: f1->f2, E: F [O(n)]
  4: f1->f2, F: F [O(n)]
  4: f1->f2, G: 3 [O(1)]
  4: f1->f2, H: 3 [O(1)]
  4: f1->f2, I: 0 [O(1)]
  4: f1->f2, J: 0 [O(1)]
  4: f1->f2, K: 3 [O(1)]
  4: f1->f2, L: 3 [O(1)]
  4: f1->f2, M: 2 [O(1)]
  4: f1->f2, N: N [O(n)]
  4: f1->f2, O: O [O(n)]
  4: f1->f2, P: inf [Infinity]
  4: f1->f2, Q: inf [Infinity]
  5: f1->f2, A: A [O(n)]
  5: f1->f2, B: 0 [O(1)]
  5: f1->f2, C: D [O(n)]
  5: f1->f2, D: D [O(n)]
  5: f1->f2, E: F [O(n)]
  5: f1->f2, F: F [O(n)]
  5: f1->f2, G: 3 [O(1)]
  5: f1->f2, H: 7 [O(1)]
  5: f1->f2, I: 0 [O(1)]
  5: f1->f2, J: 0 [O(1)]
  5: f1->f2, K: 3 [O(1)]
  5: f1->f2, L: 7 [O(1)]
  5: f1->f2, M: 2 [O(1)]
  5: f1->f2, N: N [O(n)]
  5: f1->f2, O: O [O(n)]
  5: f1->f2, P: inf [Infinity]
  5: f1->f2, Q: inf [Infinity]
  6: f1->f2, A: A [O(n)]
  6: f1->f2, B: 0 [O(1)]
  6: f1->f2, C: 1+D [O(n)]
  6: f1->f2, D: 1+D [O(n)]
  6: f1->f2, E: 1+F [O(n)]
  6: f1->f2, F: 1+F [O(n)]
  6: f1->f2, G: 3 [O(1)]
  6: f1->f2, H: 4 [O(1)]
  6: f1->f2, I: 1 [O(1)]
  6: f1->f2, J: 0 [O(1)]
  6: f1->f2, K: 3 [O(1)]
  6: f1->f2, L: 4 [O(1)]
  6: f1->f2, M: 2 [O(1)]
  6: f1->f2, N: N [O(n)]
  6: f1->f2, O: O [O(n)]
  6: f1->f2, P: inf [Infinity]
  6: f1->f2, Q: inf [Infinity]
  7: f2->f7, A: A [O(n)]
  7: f2->f7, B: 1 [O(1)]
  7: f2->f7, C: inf [Infinity]
  7: f2->f7, D: inf [Infinity]
  7: f2->f7, E: inf [Infinity]
  7: f2->f7, F: inf [Infinity]
  7: f2->f7, G: 7 [O(1)]
  7: f2->f7, H: 3 [O(1)]
  7: f2->f7, I: 1 [O(1)]
  7: f2->f7, J: 1 [O(1)]
  7: f2->f7, K: 7 [O(1)]
  7: f2->f7, L: 3 [O(1)]
  7: f2->f7, M: 7 [O(1)]
  7: f2->f7, N: N [O(n)]
  7: f2->f7, O: O [O(n)]
  7: f2->f7, P: inf [Infinity]
  7: f2->f7, Q: inf [Infinity]
  8: f2->f7, A: A [O(n)]
  8: f2->f7, B: 1 [O(1)]
  8: f2->f7, C: inf [Infinity]
  8: f2->f7, D: inf [Infinity]
  8: f2->f7, E: inf [Infinity]
  8: f2->f7, F: inf [Infinity]
  8: f2->f7, G: 7 [O(1)]
  8: f2->f7, H: 7 [O(1)]
  8: f2->f7, I: 1 [O(1)]
  8: f2->f7, J: 1 [O(1)]
  8: f2->f7, K: 7 [O(1)]
  8: f2->f7, L: 7 [O(1)]
  8: f2->f7, M: 7 [O(1)]
  8: f2->f7, N: N [O(n)]
  8: f2->f7, O: O [O(n)]
  8: f2->f7, P: inf [Infinity]
  8: f2->f7, Q: inf [Infinity]
  9: f2->f7, A: A [O(n)]
  9: f2->f7, B: 1 [O(1)]
  9: f2->f7, C: inf [Infinity]
  9: f2->f7, D: inf [Infinity]
  9: f2->f7, E: inf [Infinity]
  9: f2->f7, F: inf [Infinity]
  9: f2->f7, G: 7 [O(1)]
  9: f2->f7, H: 4 [O(1)]
  9: f2->f7, I: 1 [O(1)]
  9: f2->f7, J: 1 [O(1)]
  9: f2->f7, K: 7 [O(1)]
  9: f2->f7, L: 4 [O(1)]
  9: f2->f7, M: 7 [O(1)]
  9: f2->f7, N: N [O(n)]
  9: f2->f7, O: O [O(n)]
  9: f2->f7, P: inf [Infinity]
  9: f2->f7, Q: inf [Infinity]
  10: f2->f3, A: A [O(n)]
  10: f2->f3, B: 0 [O(1)]
  10: f2->f3, C: inf [Infinity]
  10: f2->f3, D: inf [Infinity]
  10: f2->f3, E: inf [Infinity]
  10: f2->f3, F: inf [Infinity]
  10: f2->f3, G: 7 [O(1)]
  10: f2->f3, H: 3 [O(1)]
  10: f2->f3, I: 1 [O(1)]
  10: f2->f3, J: 0 [O(1)]
  10: f2->f3, K: 7 [O(1)]
  10: f2->f3, L: 3 [O(1)]
  10: f2->f3, M: 3 [O(1)]
  10: f2->f3, N: N [O(n)]
  10: f2->f3, O: O [O(n)]
  10: f2->f3, P: inf [Infinity]
  10: f2->f3, Q: inf [Infinity]
  11: f2->f3, A: A [O(n)]
  11: f2->f3, B: 0 [O(1)]
  11: f2->f3, C: inf [Infinity]
  11: f2->f3, D: inf [Infinity]
  11: f2->f3, E: inf [Infinity]
  11: f2->f3, F: inf [Infinity]
  11: f2->f3, G: 7 [O(1)]
  11: f2->f3, H: 7 [O(1)]
  11: f2->f3, I: 1 [O(1)]
  11: f2->f3, J: 0 [O(1)]
  11: f2->f3, K: 7 [O(1)]
  11: f2->f3, L: 7 [O(1)]
  11: f2->f3, M: 3 [O(1)]
  11: f2->f3, N: N [O(n)]
  11: f2->f3, O: O [O(n)]
  11: f2->f3, P: inf [Infinity]
  11: f2->f3, Q: inf [Infinity]
  12: f2->f3, A: A [O(n)]
  12: f2->f3, B: 0 [O(1)]
  12: f2->f3, C: inf [Infinity]
  12: f2->f3, D: inf [Infinity]
  12: f2->f3, E: inf [Infinity]
  12: f2->f3, F: inf [Infinity]
  12: f2->f3, G: 7 [O(1)]
  12: f2->f3, H: 4 [O(1)]
  12: f2->f3, I: 1 [O(1)]
  12: f2->f3, J: 0 [O(1)]
  12: f2->f3, K: 7 [O(1)]
  12: f2->f3, L: 4 [O(1)]
  12: f2->f3, M: 3 [O(1)]
  12: f2->f3, N: N [O(n)]
  12: f2->f3, O: O [O(n)]
  12: f2->f3, P: inf [Infinity]
  12: f2->f3, Q: inf [Infinity]
  13: f3->f6, A: A [O(n)]
  13: f3->f6, B: 1 [O(1)]
  13: f3->f6, C: inf [Infinity]
  13: f3->f6, D: inf [Infinity]
  13: f3->f6, E: inf [Infinity]
  13: f3->f6, F: inf [Infinity]
  13: f3->f6, G: 7 [O(1)]
  13: f3->f6, H: 3 [O(1)]
  13: f3->f6, I: 1 [O(1)]
  13: f3->f6, J: 1 [O(1)]
  13: f3->f6, K: 7 [O(1)]
  13: f3->f6, L: 3 [O(1)]
  13: f3->f6, M: 6 [O(1)]
  13: f3->f6, N: N [O(n)]
  13: f3->f6, O: O [O(n)]
  13: f3->f6, P: inf [Infinity]
  13: f3->f6, Q: inf [Infinity]
  14: f3->f6, A: A [O(n)]
  14: f3->f6, B: 1 [O(1)]
  14: f3->f6, C: inf [Infinity]
  14: f3->f6, D: inf [Infinity]
  14: f3->f6, E: inf [Infinity]
  14: f3->f6, F: inf [Infinity]
  14: f3->f6, G: 7 [O(1)]
  14: f3->f6, H: 7 [O(1)]
  14: f3->f6, I: 1 [O(1)]
  14: f3->f6, J: 1 [O(1)]
  14: f3->f6, K: 7 [O(1)]
  14: f3->f6, L: 7 [O(1)]
  14: f3->f6, M: 6 [O(1)]
  14: f3->f6, N: N [O(n)]
  14: f3->f6, O: O [O(n)]
  14: f3->f6, P: inf [Infinity]
  14: f3->f6, Q: inf [Infinity]
  15: f3->f6, A: A [O(n)]
  15: f3->f6, B: 1 [O(1)]
  15: f3->f6, C: inf [Infinity]
  15: f3->f6, D: inf [Infinity]
  15: f3->f6, E: inf [Infinity]
  15: f3->f6, F: inf [Infinity]
  15: f3->f6, G: 7 [O(1)]
  15: f3->f6, H: 4 [O(1)]
  15: f3->f6, I: 1 [O(1)]
  15: f3->f6, J: 1 [O(1)]
  15: f3->f6, K: 7 [O(1)]
  15: f3->f6, L: 4 [O(1)]
  15: f3->f6, M: 6 [O(1)]
  15: f3->f6, N: N [O(n)]
  15: f3->f6, O: O [O(n)]
  15: f3->f6, P: inf [Infinity]
  15: f3->f6, Q: inf [Infinity]
  18: f4->f2, A: A [O(n)]
  18: f4->f2, B: 0 [O(1)]
  18: f4->f2, C: inf [Infinity]
  18: f4->f2, D: inf [Infinity]
  18: f4->f2, E: inf [Infinity]
  18: f4->f2, F: inf [Infinity]
  18: f4->f2, G: 7 [O(1)]
  18: f4->f2, H: 3 [O(1)]
  18: f4->f2, I: 1 [O(1)]
  18: f4->f2, J: 0 [O(1)]
  18: f4->f2, K: 7 [O(1)]
  18: f4->f2, L: 3 [O(1)]
  18: f4->f2, M: 2 [O(1)]
  18: f4->f2, N: N [O(n)]
  18: f4->f2, O: O [O(n)]
  18: f4->f2, P: inf [Infinity]
  18: f4->f2, Q: inf [Infinity]
  19: f4->f2, A: A [O(n)]
  19: f4->f2, B: 0 [O(1)]
  19: f4->f2, C: inf [Infinity]
  19: f4->f2, D: inf [Infinity]
  19: f4->f2, E: inf [Infinity]
  19: f4->f2, F: inf [Infinity]
  19: f4->f2, G: 7 [O(1)]
  19: f4->f2, H: 7 [O(1)]
  19: f4->f2, I: 1 [O(1)]
  19: f4->f2, J: 0 [O(1)]
  19: f4->f2, K: 7 [O(1)]
  19: f4->f2, L: 7 [O(1)]
  19: f4->f2, M: 2 [O(1)]
  19: f4->f2, N: N [O(n)]
  19: f4->f2, O: O [O(n)]
  19: f4->f2, P: inf [Infinity]
  19: f4->f2, Q: inf [Infinity]
  20: f4->f2, A: A [O(n)]
  20: f4->f2, B: 0 [O(1)]
  20: f4->f2, C: inf [Infinity]
  20: f4->f2, D: inf [Infinity]
  20: f4->f2, E: inf [Infinity]
  20: f4->f2, F: inf [Infinity]
  20: f4->f2, G: 7 [O(1)]
  20: f4->f2, H: 4 [O(1)]
  20: f4->f2, I: 1 [O(1)]
  20: f4->f2, J: 0 [O(1)]
  20: f4->f2, K: 7 [O(1)]
  20: f4->f2, L: 4 [O(1)]
  20: f4->f2, M: 2 [O(1)]
  20: f4->f2, N: N [O(n)]
  20: f4->f2, O: O [O(n)]
  20: f4->f2, P: inf [Infinity]
  20: f4->f2, Q: inf [Infinity]
  21: f4->f7, A: A [O(n)]
  21: f4->f7, B: 0 [O(1)]
  21: f4->f7, C: inf [Infinity]
  21: f4->f7, D: inf [Infinity]
  21: f4->f7, E: inf [Infinity]
  21: f4->f7, F: inf [Infinity]
  21: f4->f7, G: 7 [O(1)]
  21: f4->f7, H: 3 [O(1)]
  21: f4->f7, I: 5 [O(1)]
  21: f4->f7, J: 0 [O(1)]
  21: f4->f7, K: 7 [O(1)]
  21: f4->f7, L: 3 [O(1)]
  21: f4->f7, M: 7 [O(1)]
  21: f4->f7, N: inf [Infinity]
  21: f4->f7, O: inf [Infinity]
  21: f4->f7, P: inf [Infinity]
  21: f4->f7, Q: inf [Infinity]
  22: f4->f7, A: A [O(n)]
  22: f4->f7, B: 0 [O(1)]
  22: f4->f7, C: inf [Infinity]
  22: f4->f7, D: inf [Infinity]
  22: f4->f7, E: inf [Infinity]
  22: f4->f7, F: inf [Infinity]
  22: f4->f7, G: 7 [O(1)]
  22: f4->f7, H: 7 [O(1)]
  22: f4->f7, I: 5 [O(1)]
  22: f4->f7, J: 0 [O(1)]
  22: f4->f7, K: 7 [O(1)]
  22: f4->f7, L: 7 [O(1)]
  22: f4->f7, M: 7 [O(1)]
  22: f4->f7, N: inf [Infinity]
  22: f4->f7, O: inf [Infinity]
  22: f4->f7, P: inf [Infinity]
  22: f4->f7, Q: inf [Infinity]
  23: f4->f7, A: A [O(n)]
  23: f4->f7, B: 0 [O(1)]
  23: f4->f7, C: inf [Infinity]
  23: f4->f7, D: inf [Infinity]
  23: f4->f7, E: inf [Infinity]
  23: f4->f7, F: inf [Infinity]
  23: f4->f7, G: 7 [O(1)]
  23: f4->f7, H: 4 [O(1)]
  23: f4->f7, I: 1 [O(1)]
  23: f4->f7, J: 0 [O(1)]
  23: f4->f7, K: 7 [O(1)]
  23: f4->f7, L: 4 [O(1)]
  23: f4->f7, M: 7 [O(1)]
  23: f4->f7, N: inf [Infinity]
  23: f4->f7, O: inf [Infinity]
  23: f4->f7, P: inf [Infinity]
  23: f4->f7, Q: inf [Infinity]
  24: f4->f7, A: A [O(n)]
  24: f4->f7, B: 1 [O(1)]
  24: f4->f7, C: inf [Infinity]
  24: f4->f7, D: inf [Infinity]
  24: f4->f7, E: inf [Infinity]
  24: f4->f7, F: inf [Infinity]
  24: f4->f7, G: 7 [O(1)]
  24: f4->f7, H: 3 [O(1)]
  24: f4->f7, I: 5 [O(1)]
  24: f4->f7, J: 1 [O(1)]
  24: f4->f7, K: 7 [O(1)]
  24: f4->f7, L: 3 [O(1)]
  24: f4->f7, M: 7 [O(1)]
  24: f4->f7, N: N [O(n)]
  24: f4->f7, O: O [O(n)]
  24: f4->f7, P: inf [Infinity]
  24: f4->f7, Q: inf [Infinity]
  25: f4->f7, A: A [O(n)]
  25: f4->f7, B: 1 [O(1)]
  25: f4->f7, C: inf [Infinity]
  25: f4->f7, D: inf [Infinity]
  25: f4->f7, E: inf [Infinity]
  25: f4->f7, F: inf [Infinity]
  25: f4->f7, G: 7 [O(1)]
  25: f4->f7, H: 7 [O(1)]
  25: f4->f7, I: 5 [O(1)]
  25: f4->f7, J: 1 [O(1)]
  25: f4->f7, K: 7 [O(1)]
  25: f4->f7, L: 7 [O(1)]
  25: f4->f7, M: 7 [O(1)]
  25: f4->f7, N: N [O(n)]
  25: f4->f7, O: O [O(n)]
  25: f4->f7, P: inf [Infinity]
  25: f4->f7, Q: inf [Infinity]
  26: f4->f7, A: A [O(n)]
  26: f4->f7, B: 1 [O(1)]
  26: f4->f7, C: inf [Infinity]
  26: f4->f7, D: inf [Infinity]
  26: f4->f7, E: inf [Infinity]
  26: f4->f7, F: inf [Infinity]
  26: f4->f7, G: 7 [O(1)]
  26: f4->f7, H: 4 [O(1)]
  26: f4->f7, I: 1 [O(1)]
  26: f4->f7, J: 1 [O(1)]
  26: f4->f7, K: 7 [O(1)]
  26: f4->f7, L: 4 [O(1)]
  26: f4->f7, M: 7 [O(1)]
  26: f4->f7, N: N [O(n)]
  26: f4->f7, O: O [O(n)]
  26: f4->f7, P: inf [Infinity]
  26: f4->f7, Q: inf [Infinity]
  16: f6->f4, A: A [O(n)]
  16: f6->f4, B: 1 [O(1)]
  16: f6->f4, C: inf [Infinity]
  16: f6->f4, D: inf [Infinity]
  16: f6->f4, E: inf [Infinity]
  16: f6->f4, F: inf [Infinity]
  16: f6->f4, G: 7 [O(1)]
  16: f6->f4, H: 2 [O(1)]
  16: f6->f4, I: 0 [O(1)]
  16: f6->f4, J: 1 [O(1)]
  16: f6->f4, K: 7 [O(1)]
  16: f6->f4, L: 2 [O(1)]
  16: f6->f4, M: 4 [O(1)]
  16: f6->f4, N: N [O(n)]
  16: f6->f4, O: O [O(n)]
  16: f6->f4, P: inf [Infinity]
  16: f6->f4, Q: inf [Infinity]
  17: f6->f4, A: A [O(n)]
  17: f6->f4, B: 1 [O(1)]
  17: f6->f4, C: inf [Infinity]
  17: f6->f4, D: inf [Infinity]
  17: f6->f4, E: inf [Infinity]
  17: f6->f4, F: inf [Infinity]
  17: f6->f4, G: 7 [O(1)]
  17: f6->f4, H: 7 [O(1)]
  17: f6->f4, I: 1 [O(1)]
  17: f6->f4, J: 1 [O(1)]
  17: f6->f4, K: 7 [O(1)]
  17: f6->f4, L: 7 [O(1)]
  17: f6->f4, M: 4 [O(1)]
  17: f6->f4, N: N [O(n)]
  17: f6->f4, O: O [O(n)]
  17: f6->f4, P: inf [Infinity]
  17: f6->f4, Q: inf [Infinity]
