Timebounds: 
  Overall timebound: inf [Infinity]
  0: f0->f1: 1 [O(1)]
  1: f1->f7: 1 [O(1)]
  2: f1->f7: 1 [O(1)]
  3: f1->f7: 1 [O(1)]
  4: f1->f2: 1 [O(1)]
  5: f1->f2: 1 [O(1)]
  6: f1->f2: 1 [O(1)]
  7: f2->f7: 1 [O(1)]
  8: f2->f7: 1 [O(1)]
  9: f2->f7: 1 [O(1)]
  10: f2->f3: inf [Infinity]
  11: f2->f3: inf [Infinity]
  12: f2->f3: inf [Infinity]
  13: f3->f6: inf [Infinity]
  14: f3->f6: inf [Infinity]
  15: f3->f6: inf [Infinity]
  18: f4->f2: inf [Infinity]
  19: f4->f2: inf [Infinity]
  20: f4->f2: 2*max{0, N-C}+max{0, -1+N-C} [O(n)]
  21: f4->f7: 1 [O(1)]
  22: f4->f7: 1 [O(1)]
  23: f4->f7: 1 [O(1)]
  24: f4->f7: 1 [O(1)]
  25: f4->f7: 1 [O(1)]
  26: f4->f7: 1 [O(1)]
  16: f6->f4: 18+6*(2*max{0, N-C}+max{0, -1+N-C}) [O(n)]
  17: f6->f4: inf [Infinity]

Costbounds:
  Overall costbound: inf [Infinity]
  0: f0->f1: 1 [O(1)]
  1: f1->f7: 1 [O(1)]
  2: f1->f7: 1 [O(1)]
  3: f1->f7: 1 [O(1)]
  4: f1->f2: 1 [O(1)]
  5: f1->f2: 1 [O(1)]
  6: f1->f2: 1 [O(1)]
  7: f2->f7: 1 [O(1)]
  8: f2->f7: 1 [O(1)]
  9: f2->f7: 1 [O(1)]
  10: f2->f3: inf [Infinity]
  11: f2->f3: inf [Infinity]
  12: f2->f3: inf [Infinity]
  13: f3->f6: inf [Infinity]
  14: f3->f6: inf [Infinity]
  15: f3->f6: inf [Infinity]
  18: f4->f2: inf [Infinity]
  19: f4->f2: inf [Infinity]
  20: f4->f2: 2*max{0, N-C}+max{0, -1+N-C} [O(n)]
  21: f4->f7: 1 [O(1)]
  22: f4->f7: 1 [O(1)]
  23: f4->f7: 1 [O(1)]
  24: f4->f7: 1 [O(1)]
  25: f4->f7: 1 [O(1)]
  26: f4->f7: 1 [O(1)]
  16: f6->f4: 18+6*(2*max{0, N-C}+max{0, -1+N-C}) [O(n)]
  17: f6->f4: inf [Infinity]

Sizebounds:
`Lower:
  0: f0->f1, A: A [O(n)]
  0: f0->f1, B: B [O(n)]
  0: f0->f1, C: C [O(n)]
  0: f0->f1, D: D [O(n)]
  0: f0->f1, E: E [O(n)]
  0: f0->f1, F: F [O(n)]
  0: f0->f1, G: G [O(n)]
  0: f0->f1, H: H [O(n)]
  0: f0->f1, I: I [O(n)]
  0: f0->f1, J: J [O(n)]
  0: f0->f1, K: K [O(n)]
  0: f0->f1, L: L [O(n)]
  0: f0->f1, M: M [O(n)]
  0: f0->f1, N: N [O(n)]
  1: f1->f7, A: 1 [O(1)]
  1: f1->f7, B: C [O(n)]
  1: f1->f7, C: C [O(n)]
  1: f1->f7, D: E [O(n)]
  1: f1->f7, E: E [O(n)]
  1: f1->f7, F: 1 [O(1)]
  1: f1->f7, G: 1 [O(1)]
  1: f1->f7, H: 0 [O(1)]
  1: f1->f7, I: 1 [O(1)]
  1: f1->f7, J: 1 [O(1)]
  1: f1->f7, K: 1 [O(1)]
  1: f1->f7, L: 7 [O(1)]
  1: f1->f7, M: M [O(n)]
  1: f1->f7, N: N [O(n)]
  2: f1->f7, A: 1 [O(1)]
  2: f1->f7, B: C [O(n)]
  2: f1->f7, C: C [O(n)]
  2: f1->f7, D: E [O(n)]
  2: f1->f7, E: E [O(n)]
  2: f1->f7, F: 1 [O(1)]
  2: f1->f7, G: 5 [O(1)]
  2: f1->f7, H: 0 [O(1)]
  2: f1->f7, I: 1 [O(1)]
  2: f1->f7, J: 1 [O(1)]
  2: f1->f7, K: 5 [O(1)]
  2: f1->f7, L: 7 [O(1)]
  2: f1->f7, M: M [O(n)]
  2: f1->f7, N: N [O(n)]
  3: f1->f7, A: 1 [O(1)]
  3: f1->f7, B: 1+C [O(n)]
  3: f1->f7, C: 1+C [O(n)]
  3: f1->f7, D: 1+E [O(n)]
  3: f1->f7, E: 1+E [O(n)]
  3: f1->f7, F: 1 [O(1)]
  3: f1->f7, G: 4 [O(1)]
  3: f1->f7, H: 1 [O(1)]
  3: f1->f7, I: 1 [O(1)]
  3: f1->f7, J: 1 [O(1)]
  3: f1->f7, K: 4 [O(1)]
  3: f1->f7, L: 7 [O(1)]
  3: f1->f7, M: M [O(n)]
  3: f1->f7, N: N [O(n)]
  4: f1->f2, A: 0 [O(1)]
  4: f1->f2, B: C [O(n)]
  4: f1->f2, C: C [O(n)]
  4: f1->f2, D: E [O(n)]
  4: f1->f2, E: E [O(n)]
  4: f1->f2, F: 3 [O(1)]
  4: f1->f2, G: 1 [O(1)]
  4: f1->f2, H: 0 [O(1)]
  4: f1->f2, I: 0 [O(1)]
  4: f1->f2, J: 3 [O(1)]
  4: f1->f2, K: 1 [O(1)]
  4: f1->f2, L: 2 [O(1)]
  4: f1->f2, M: M [O(n)]
  4: f1->f2, N: N [O(n)]
  5: f1->f2, A: 0 [O(1)]
  5: f1->f2, B: C [O(n)]
  5: f1->f2, C: C [O(n)]
  5: f1->f2, D: E [O(n)]
  5: f1->f2, E: E [O(n)]
  5: f1->f2, F: 3 [O(1)]
  5: f1->f2, G: 5 [O(1)]
  5: f1->f2, H: 0 [O(1)]
  5: f1->f2, I: 0 [O(1)]
  5: f1->f2, J: 3 [O(1)]
  5: f1->f2, K: 5 [O(1)]
  5: f1->f2, L: 2 [O(1)]
  5: f1->f2, M: M [O(n)]
  5: f1->f2, N: N [O(n)]
  6: f1->f2, A: 0 [O(1)]
  6: f1->f2, B: 1+C [O(n)]
  6: f1->f2, C: 1+C [O(n)]
  6: f1->f2, D: 1+E [O(n)]
  6: f1->f2, E: 1+E [O(n)]
  6: f1->f2, F: 3 [O(1)]
  6: f1->f2, G: 4 [O(1)]
  6: f1->f2, H: 1 [O(1)]
  6: f1->f2, I: 0 [O(1)]
  6: f1->f2, J: 3 [O(1)]
  6: f1->f2, K: 4 [O(1)]
  6: f1->f2, L: 2 [O(1)]
  6: f1->f2, M: M [O(n)]
  6: f1->f2, N: N [O(n)]
  7: f2->f7, A: 1 [O(1)]
  7: f2->f7, B: -max{-C, -1-C} [O(n)]
  7: f2->f7, C: -max{-C, -1-C} [O(n)]
  7: f2->f7, D: -max{-E, -1-E} [O(n)]
  7: f2->f7, E: -max{-E, -1-E} [O(n)]
  7: f2->f7, F: 1 [O(1)]
  7: f2->f7, G: 1 [O(1)]
  7: f2->f7, H: 0 [O(1)]
  7: f2->f7, I: 1 [O(1)]
  7: f2->f7, J: 1 [O(1)]
  7: f2->f7, K: 1 [O(1)]
  7: f2->f7, L: 7 [O(1)]
  7: f2->f7, M: -max{-1, -M} [O(n)]
  7: f2->f7, N: -max{-1, -N} [O(n)]
  8: f2->f7, A: 1 [O(1)]
  8: f2->f7, B: -max{-C, -1-C} [O(n)]
  8: f2->f7, C: -max{-C, -1-C} [O(n)]
  8: f2->f7, D: -max{-E, -1-E} [O(n)]
  8: f2->f7, E: -max{-E, -1-E} [O(n)]
  8: f2->f7, F: 1 [O(1)]
  8: f2->f7, G: 5 [O(1)]
  8: f2->f7, H: 0 [O(1)]
  8: f2->f7, I: 1 [O(1)]
  8: f2->f7, J: 1 [O(1)]
  8: f2->f7, K: 5 [O(1)]
  8: f2->f7, L: 7 [O(1)]
  8: f2->f7, M: -max{-1, -M} [O(n)]
  8: f2->f7, N: -max{-1, -N} [O(n)]
  9: f2->f7, A: 1 [O(1)]
  9: f2->f7, B: -max{-1-C, -1+max{-C, -1-C}, -2-C} [O(n)]
  9: f2->f7, C: -max{-1-C, -1+max{-C, -1-C}, -2-C} [O(n)]
  9: f2->f7, D: -max{-1-E, -1+max{-E, -1-E}, -2-E} [O(n)]
  9: f2->f7, E: -max{-1-E, -1+max{-E, -1-E}, -2-E} [O(n)]
  9: f2->f7, F: 1 [O(1)]
  9: f2->f7, G: 4 [O(1)]
  9: f2->f7, H: 1 [O(1)]
  9: f2->f7, I: 1 [O(1)]
  9: f2->f7, J: 1 [O(1)]
  9: f2->f7, K: 4 [O(1)]
  9: f2->f7, L: 7 [O(1)]
  9: f2->f7, M: -max{-1, -M} [O(n)]
  9: f2->f7, N: -max{-1, -N} [O(n)]
  10: f2->f3, A: 0 [O(1)]
  10: f2->f3, B: -max{-C, -1-C} [O(n)]
  10: f2->f3, C: -max{-C, -1-C} [O(n)]
  10: f2->f3, D: -max{-E, -1-E} [O(n)]
  10: f2->f3, E: -max{-E, -1-E} [O(n)]
  10: f2->f3, F: 1 [O(1)]
  10: f2->f3, G: 1 [O(1)]
  10: f2->f3, H: 0 [O(1)]
  10: f2->f3, I: 0 [O(1)]
  10: f2->f3, J: 1 [O(1)]
  10: f2->f3, K: 1 [O(1)]
  10: f2->f3, L: 3 [O(1)]
  10: f2->f3, M: -max{-1, -M} [O(n)]
  10: f2->f3, N: -max{-1, -N} [O(n)]
  11: f2->f3, A: 0 [O(1)]
  11: f2->f3, B: -max{-C, -1-C} [O(n)]
  11: f2->f3, C: -max{-C, -1-C} [O(n)]
  11: f2->f3, D: -max{-E, -1-E} [O(n)]
  11: f2->f3, E: -max{-E, -1-E} [O(n)]
  11: f2->f3, F: 1 [O(1)]
  11: f2->f3, G: 5 [O(1)]
  11: f2->f3, H: 0 [O(1)]
  11: f2->f3, I: 0 [O(1)]
  11: f2->f3, J: 1 [O(1)]
  11: f2->f3, K: 5 [O(1)]
  11: f2->f3, L: 3 [O(1)]
  11: f2->f3, M: -max{-1, -M} [O(n)]
  11: f2->f3, N: -max{-1, -N} [O(n)]
  12: f2->f3, A: 0 [O(1)]
  12: f2->f3, B: -max{-1-C, -1+max{-C, -1-C}, -2-C} [O(n)]
  12: f2->f3, C: -max{-C, -1-C} [O(n)]
  12: f2->f3, D: -max{-1-E, -1+max{-E, -1-E}, -2-E} [O(n)]
  12: f2->f3, E: -max{-E, -1-E} [O(n)]
  12: f2->f3, F: 1 [O(1)]
  12: f2->f3, G: 4 [O(1)]
  12: f2->f3, H: 1 [O(1)]
  12: f2->f3, I: 0 [O(1)]
  12: f2->f3, J: 1 [O(1)]
  12: f2->f3, K: 4 [O(1)]
  12: f2->f3, L: 3 [O(1)]
  12: f2->f3, M: -max{-1, -M} [O(n)]
  12: f2->f3, N: -max{-1, -N} [O(n)]
  13: f3->f6, A: 1 [O(1)]
  13: f3->f6, B: -max{-C, -1-C} [O(n)]
  13: f3->f6, C: -max{-C, -1-C} [O(n)]
  13: f3->f6, D: -max{-E, -1-E} [O(n)]
  13: f3->f6, E: -max{-E, -1-E} [O(n)]
  13: f3->f6, F: 1 [O(1)]
  13: f3->f6, G: 1 [O(1)]
  13: f3->f6, H: 0 [O(1)]
  13: f3->f6, I: 1 [O(1)]
  13: f3->f6, J: 1 [O(1)]
  13: f3->f6, K: 1 [O(1)]
  13: f3->f6, L: 6 [O(1)]
  13: f3->f6, M: -max{-1, -M} [O(n)]
  13: f3->f6, N: -max{-1, -N} [O(n)]
  14: f3->f6, A: 1 [O(1)]
  14: f3->f6, B: -max{-C, -1-C} [O(n)]
  14: f3->f6, C: -max{-C, -1-C} [O(n)]
  14: f3->f6, D: -max{-E, -1-E} [O(n)]
  14: f3->f6, E: -max{-E, -1-E} [O(n)]
  14: f3->f6, F: 1 [O(1)]
  14: f3->f6, G: 5 [O(1)]
  14: f3->f6, H: 0 [O(1)]
  14: f3->f6, I: 1 [O(1)]
  14: f3->f6, J: 1 [O(1)]
  14: f3->f6, K: 5 [O(1)]
  14: f3->f6, L: 6 [O(1)]
  14: f3->f6, M: -max{-1, -M} [O(n)]
  14: f3->f6, N: -max{-1, -N} [O(n)]
  15: f3->f6, A: 1 [O(1)]
  15: f3->f6, B: 1-max{-C, -1-C} [O(n)]
  15: f3->f6, C: -max{-C, -1-C} [O(n)]
  15: f3->f6, D: 1-max{-E, -1-E} [O(n)]
  15: f3->f6, E: -max{-E, -1-E} [O(n)]
  15: f3->f6, F: 1 [O(1)]
  15: f3->f6, G: 4 [O(1)]
  15: f3->f6, H: 1 [O(1)]
  15: f3->f6, I: 1 [O(1)]
  15: f3->f6, J: 1 [O(1)]
  15: f3->f6, K: 4 [O(1)]
  15: f3->f6, L: 6 [O(1)]
  15: f3->f6, M: -max{-1, -M} [O(n)]
  15: f3->f6, N: -max{-1, -N} [O(n)]
  18: f4->f2, A: 0 [O(1)]
  18: f4->f2, B: -max{-C, -1-C} [O(n)]
  18: f4->f2, C: -max{-C, -1-C} [O(n)]
  18: f4->f2, D: -max{-E, -1-E} [O(n)]
  18: f4->f2, E: -max{-E, -1-E} [O(n)]
  18: f4->f2, F: 1 [O(1)]
  18: f4->f2, G: 1 [O(1)]
  18: f4->f2, H: 1 [O(1)]
  18: f4->f2, I: 0 [O(1)]
  18: f4->f2, J: 1 [O(1)]
  18: f4->f2, K: 1 [O(1)]
  18: f4->f2, L: 2 [O(1)]
  18: f4->f2, M: 1 [O(1)]
  18: f4->f2, N: 1 [O(1)]
  19: f4->f2, A: 0 [O(1)]
  19: f4->f2, B: -max{-C, -1-C} [O(n)]
  19: f4->f2, C: -max{-C, -1-C} [O(n)]
  19: f4->f2, D: -max{-E, -1-E} [O(n)]
  19: f4->f2, E: -max{-E, -1-E} [O(n)]
  19: f4->f2, F: 1 [O(1)]
  19: f4->f2, G: 5 [O(1)]
  19: f4->f2, H: 1 [O(1)]
  19: f4->f2, I: 0 [O(1)]
  19: f4->f2, J: 1 [O(1)]
  19: f4->f2, K: 5 [O(1)]
  19: f4->f2, L: 2 [O(1)]
  19: f4->f2, M: 1 [O(1)]
  19: f4->f2, N: 1 [O(1)]
  20: f4->f2, A: 0 [O(1)]
  20: f4->f2, B: 1-max{-C, -1-C} [O(n)]
  20: f4->f2, C: -max{-C, -1-C} [O(n)]
  20: f4->f2, D: 1-max{-E, -1-E} [O(n)]
  20: f4->f2, E: -max{-E, -1-E} [O(n)]
  20: f4->f2, F: 1 [O(1)]
  20: f4->f2, G: 4 [O(1)]
  20: f4->f2, H: 1 [O(1)]
  20: f4->f2, I: 0 [O(1)]
  20: f4->f2, J: 1 [O(1)]
  20: f4->f2, K: 4 [O(1)]
  20: f4->f2, L: 2 [O(1)]
  20: f4->f2, M: 1 [O(1)]
  20: f4->f2, N: 1 [O(1)]
  21: f4->f7, A: 0 [O(1)]
  21: f4->f7, B: -max{-C, -1-C} [O(n)]
  21: f4->f7, C: -max{-C, -1-C} [O(n)]
  21: f4->f7, D: -max{-E, -1-E} [O(n)]
  21: f4->f7, E: -max{-E, -1-E} [O(n)]
  21: f4->f7, F: 1 [O(1)]
  21: f4->f7, G: 1 [O(1)]
  21: f4->f7, H: 0 [O(1)]
  21: f4->f7, I: 0 [O(1)]
  21: f4->f7, J: 1 [O(1)]
  21: f4->f7, K: 1 [O(1)]
  21: f4->f7, L: 7 [O(1)]
  21: f4->f7, M: -max{-1, -M} [O(n)]
  21: f4->f7, N: -max{-1, -N} [O(n)]
  22: f4->f7, A: 0 [O(1)]
  22: f4->f7, B: -max{-C, -1-C} [O(n)]
  22: f4->f7, C: -max{-C, -1-C} [O(n)]
  22: f4->f7, D: -max{-E, -1-E} [O(n)]
  22: f4->f7, E: -max{-E, -1-E} [O(n)]
  22: f4->f7, F: 1 [O(1)]
  22: f4->f7, G: 5 [O(1)]
  22: f4->f7, H: 0 [O(1)]
  22: f4->f7, I: 0 [O(1)]
  22: f4->f7, J: 1 [O(1)]
  22: f4->f7, K: 5 [O(1)]
  22: f4->f7, L: 7 [O(1)]
  22: f4->f7, M: -max{-1, -M} [O(n)]
  22: f4->f7, N: -max{-1, -N} [O(n)]
  23: f4->f7, A: 0 [O(1)]
  23: f4->f7, B: 1-max{-C, -1-C} [O(n)]
  23: f4->f7, C: 1-max{-C, -1-C} [O(n)]
  23: f4->f7, D: 1-max{-E, -1-E} [O(n)]
  23: f4->f7, E: 1-max{-E, -1-E} [O(n)]
  23: f4->f7, F: 1 [O(1)]
  23: f4->f7, G: 4 [O(1)]
  23: f4->f7, H: 1 [O(1)]
  23: f4->f7, I: 0 [O(1)]
  23: f4->f7, J: 1 [O(1)]
  23: f4->f7, K: 4 [O(1)]
  23: f4->f7, L: 7 [O(1)]
  23: f4->f7, M: -max{-1, -M} [O(n)]
  23: f4->f7, N: -max{-1, -N} [O(n)]
  24: f4->f7, A: 1 [O(1)]
  24: f4->f7, B: -max{-C, -1-C} [O(n)]
  24: f4->f7, C: -max{-C, -1-C} [O(n)]
  24: f4->f7, D: -max{-E, -1-E} [O(n)]
  24: f4->f7, E: -max{-E, -1-E} [O(n)]
  24: f4->f7, F: 1 [O(1)]
  24: f4->f7, G: 1 [O(1)]
  24: f4->f7, H: 0 [O(1)]
  24: f4->f7, I: 1 [O(1)]
  24: f4->f7, J: 1 [O(1)]
  24: f4->f7, K: 1 [O(1)]
  24: f4->f7, L: 7 [O(1)]
  24: f4->f7, M: -max{-1, -M} [O(n)]
  24: f4->f7, N: -max{-1, -N} [O(n)]
  25: f4->f7, A: 1 [O(1)]
  25: f4->f7, B: -max{-C, -1-C} [O(n)]
  25: f4->f7, C: -max{-C, -1-C} [O(n)]
  25: f4->f7, D: -max{-E, -1-E} [O(n)]
  25: f4->f7, E: -max{-E, -1-E} [O(n)]
  25: f4->f7, F: 1 [O(1)]
  25: f4->f7, G: 5 [O(1)]
  25: f4->f7, H: 0 [O(1)]
  25: f4->f7, I: 1 [O(1)]
  25: f4->f7, J: 1 [O(1)]
  25: f4->f7, K: 5 [O(1)]
  25: f4->f7, L: 7 [O(1)]
  25: f4->f7, M: -max{-1, -M} [O(n)]
  25: f4->f7, N: -max{-1, -N} [O(n)]
  26: f4->f7, A: 1 [O(1)]
  26: f4->f7, B: 1-max{-C, -1-C} [O(n)]
  26: f4->f7, C: 1-max{-C, -1-C} [O(n)]
  26: f4->f7, D: 1-max{-E, -1-E} [O(n)]
  26: f4->f7, E: 1-max{-E, -1-E} [O(n)]
  26: f4->f7, F: 1 [O(1)]
  26: f4->f7, G: 4 [O(1)]
  26: f4->f7, H: 1 [O(1)]
  26: f4->f7, I: 1 [O(1)]
  26: f4->f7, J: 1 [O(1)]
  26: f4->f7, K: 4 [O(1)]
  26: f4->f7, L: 7 [O(1)]
  26: f4->f7, M: -max{-1, -M} [O(n)]
  26: f4->f7, N: -max{-1, -N} [O(n)]
  16: f6->f4, A: 1 [O(1)]
  16: f6->f4, B: -max{-C, -1-C} [O(n)]
  16: f6->f4, C: -max{-C, -1-C} [O(n)]
  16: f6->f4, D: -max{-E, -1-E} [O(n)]
  16: f6->f4, E: -max{-E, -1-E} [O(n)]
  16: f6->f4, F: 1 [O(1)]
  16: f6->f4, G: 2 [O(1)]
  16: f6->f4, H: 0 [O(1)]
  16: f6->f4, I: 1 [O(1)]
  16: f6->f4, J: 1 [O(1)]
  16: f6->f4, K: 2 [O(1)]
  16: f6->f4, L: 4 [O(1)]
  16: f6->f4, M: -max{-1, -M} [O(n)]
  16: f6->f4, N: -max{-1, -N} [O(n)]
  17: f6->f4, A: 0 [O(1)]
  17: f6->f4, B: -max{-C, -1-C} [O(n)]
  17: f6->f4, C: -max{-C, -1-C} [O(n)]
  17: f6->f4, D: -max{-E, -1-E} [O(n)]
  17: f6->f4, E: -max{-E, -1-E} [O(n)]
  17: f6->f4, F: 1 [O(1)]
  17: f6->f4, G: 7 [O(1)]
  17: f6->f4, H: 1 [O(1)]
  17: f6->f4, I: 0 [O(1)]
  17: f6->f4, J: 1 [O(1)]
  17: f6->f4, K: 7 [O(1)]
  17: f6->f4, L: 4 [O(1)]
  17: f6->f4, M: -max{-1, -M} [O(n)]
  17: f6->f4, N: -max{-1, -N} [O(n)]
`Upper:
  0: f0->f1, A: A [O(n)]
  0: f0->f1, B: B [O(n)]
  0: f0->f1, C: C [O(n)]
  0: f0->f1, D: D [O(n)]
  0: f0->f1, E: E [O(n)]
  0: f0->f1, F: F [O(n)]
  0: f0->f1, G: G [O(n)]
  0: f0->f1, H: H [O(n)]
  0: f0->f1, I: I [O(n)]
  0: f0->f1, J: J [O(n)]
  0: f0->f1, K: K [O(n)]
  0: f0->f1, L: L [O(n)]
  0: f0->f1, M: M [O(n)]
  0: f0->f1, N: N [O(n)]
  1: f1->f7, A: 1 [O(1)]
  1: f1->f7, B: C [O(n)]
  1: f1->f7, C: C [O(n)]
  1: f1->f7, D: E [O(n)]
  1: f1->f7, E: E [O(n)]
  1: f1->f7, F: 7 [O(1)]
  1: f1->f7, G: 3 [O(1)]
  1: f1->f7, H: 0 [O(1)]
  1: f1->f7, I: 1 [O(1)]
  1: f1->f7, J: 7 [O(1)]
  1: f1->f7, K: 3 [O(1)]
  1: f1->f7, L: 7 [O(1)]
  1: f1->f7, M: M [O(n)]
  1: f1->f7, N: N [O(n)]
  2: f1->f7, A: 1 [O(1)]
  2: f1->f7, B: C [O(n)]
  2: f1->f7, C: C [O(n)]
  2: f1->f7, D: E [O(n)]
  2: f1->f7, E: E [O(n)]
  2: f1->f7, F: 7 [O(1)]
  2: f1->f7, G: 7 [O(1)]
  2: f1->f7, H: 0 [O(1)]
  2: f1->f7, I: 1 [O(1)]
  2: f1->f7, J: 7 [O(1)]
  2: f1->f7, K: 7 [O(1)]
  2: f1->f7, L: 7 [O(1)]
  2: f1->f7, M: M [O(n)]
  2: f1->f7, N: N [O(n)]
  3: f1->f7, A: 1 [O(1)]
  3: f1->f7, B: 1+C [O(n)]
  3: f1->f7, C: 1+C [O(n)]
  3: f1->f7, D: 1+E [O(n)]
  3: f1->f7, E: 1+E [O(n)]
  3: f1->f7, F: 7 [O(1)]
  3: f1->f7, G: 4 [O(1)]
  3: f1->f7, H: 1 [O(1)]
  3: f1->f7, I: 1 [O(1)]
  3: f1->f7, J: 7 [O(1)]
  3: f1->f7, K: 4 [O(1)]
  3: f1->f7, L: 7 [O(1)]
  3: f1->f7, M: M [O(n)]
  3: f1->f7, N: N [O(n)]
  4: f1->f2, A: 0 [O(1)]
  4: f1->f2, B: C [O(n)]
  4: f1->f2, C: C [O(n)]
  4: f1->f2, D: E [O(n)]
  4: f1->f2, E: E [O(n)]
  4: f1->f2, F: 3 [O(1)]
  4: f1->f2, G: 3 [O(1)]
  4: f1->f2, H: 0 [O(1)]
  4: f1->f2, I: 0 [O(1)]
  4: f1->f2, J: 3 [O(1)]
  4: f1->f2, K: 3 [O(1)]
  4: f1->f2, L: 2 [O(1)]
  4: f1->f2, M: M [O(n)]
  4: f1->f2, N: N [O(n)]
  5: f1->f2, A: 0 [O(1)]
  5: f1->f2, B: C [O(n)]
  5: f1->f2, C: C [O(n)]
  5: f1->f2, D: E [O(n)]
  5: f1->f2, E: E [O(n)]
  5: f1->f2, F: 3 [O(1)]
  5: f1->f2, G: 7 [O(1)]
  5: f1->f2, H: 0 [O(1)]
  5: f1->f2, I: 0 [O(1)]
  5: f1->f2, J: 3 [O(1)]
  5: f1->f2, K: 7 [O(1)]
  5: f1->f2, L: 2 [O(1)]
  5: f1->f2, M: M [O(n)]
  5: f1->f2, N: N [O(n)]
  6: f1->f2, A: 0 [O(1)]
  6: f1->f2, B: 1+C [O(n)]
  6: f1->f2, C: 1+C [O(n)]
  6: f1->f2, D: 1+E [O(n)]
  6: f1->f2, E: 1+E [O(n)]
  6: f1->f2, F: 3 [O(1)]
  6: f1->f2, G: 4 [O(1)]
  6: f1->f2, H: 1 [O(1)]
  6: f1->f2, I: 0 [O(1)]
  6: f1->f2, J: 3 [O(1)]
  6: f1->f2, K: 4 [O(1)]
  6: f1->f2, L: 2 [O(1)]
  6: f1->f2, M: M [O(n)]
  6: f1->f2, N: N [O(n)]
  7: f2->f7, A: 1 [O(1)]
  7: f2->f7, F: 7 [O(1)]
  7: f2->f7, G: 3 [O(1)]
  7: f2->f7, H: 1 [O(1)]
  7: f2->f7, I: 1 [O(1)]
  7: f2->f7, J: 7 [O(1)]
  7: f2->f7, K: 3 [O(1)]
  7: f2->f7, L: 7 [O(1)]
  7: f2->f7, M: M [O(n)]
  7: f2->f7, N: N [O(n)]
  8: f2->f7, A: 1 [O(1)]
  8: f2->f7, F: 7 [O(1)]
  8: f2->f7, G: 7 [O(1)]
  8: f2->f7, H: 1 [O(1)]
  8: f2->f7, I: 1 [O(1)]
  8: f2->f7, J: 7 [O(1)]
  8: f2->f7, K: 7 [O(1)]
  8: f2->f7, L: 7 [O(1)]
  8: f2->f7, M: M [O(n)]
  8: f2->f7, N: N [O(n)]
  9: f2->f7, A: 1 [O(1)]
  9: f2->f7, F: 7 [O(1)]
  9: f2->f7, G: 4 [O(1)]
  9: f2->f7, H: 1 [O(1)]
  9: f2->f7, I: 1 [O(1)]
  9: f2->f7, J: 7 [O(1)]
  9: f2->f7, K: 4 [O(1)]
  9: f2->f7, L: 7 [O(1)]
  9: f2->f7, M: M [O(n)]
  9: f2->f7, N: N [O(n)]
  10: f2->f3, A: 0 [O(1)]
  10: f2->f3, F: 7 [O(1)]
  10: f2->f3, G: 3 [O(1)]
  10: f2->f3, H: 1 [O(1)]
  10: f2->f3, I: 0 [O(1)]
  10: f2->f3, J: 7 [O(1)]
  10: f2->f3, K: 3 [O(1)]
  10: f2->f3, L: 3 [O(1)]
  10: f2->f3, M: M [O(n)]
  10: f2->f3, N: N [O(n)]
  11: f2->f3, A: 0 [O(1)]
  11: f2->f3, F: 7 [O(1)]
  11: f2->f3, G: 7 [O(1)]
  11: f2->f3, H: 1 [O(1)]
  11: f2->f3, I: 0 [O(1)]
  11: f2->f3, J: 7 [O(1)]
  11: f2->f3, K: 7 [O(1)]
  11: f2->f3, L: 3 [O(1)]
  11: f2->f3, M: M [O(n)]
  11: f2->f3, N: N [O(n)]
  12: f2->f3, A: 0 [O(1)]
  12: f2->f3, F: 7 [O(1)]
  12: f2->f3, G: 4 [O(1)]
  12: f2->f3, H: 1 [O(1)]
  12: f2->f3, I: 0 [O(1)]
  12: f2->f3, J: 7 [O(1)]
  12: f2->f3, K: 4 [O(1)]
  12: f2->f3, L: 3 [O(1)]
  12: f2->f3, M: M [O(n)]
  12: f2->f3, N: N [O(n)]
  13: f3->f6, A: 1 [O(1)]
  13: f3->f6, F: 7 [O(1)]
  13: f3->f6, G: 3 [O(1)]
  13: f3->f6, H: 1 [O(1)]
  13: f3->f6, I: 1 [O(1)]
  13: f3->f6, J: 7 [O(1)]
  13: f3->f6, K: 3 [O(1)]
  13: f3->f6, L: 6 [O(1)]
  13: f3->f6, M: M [O(n)]
  13: f3->f6, N: N [O(n)]
  14: f3->f6, A: 1 [O(1)]
  14: f3->f6, F: 7 [O(1)]
  14: f3->f6, G: 7 [O(1)]
  14: f3->f6, H: 1 [O(1)]
  14: f3->f6, I: 1 [O(1)]
  14: f3->f6, J: 7 [O(1)]
  14: f3->f6, K: 7 [O(1)]
  14: f3->f6, L: 6 [O(1)]
  14: f3->f6, M: M [O(n)]
  14: f3->f6, N: N [O(n)]
  15: f3->f6, A: 1 [O(1)]
  15: f3->f6, F: 7 [O(1)]
  15: f3->f6, G: 4 [O(1)]
  15: f3->f6, H: 1 [O(1)]
  15: f3->f6, I: 1 [O(1)]
  15: f3->f6, J: 7 [O(1)]
  15: f3->f6, K: 4 [O(1)]
  15: f3->f6, L: 6 [O(1)]
  15: f3->f6, M: M [O(n)]
  15: f3->f6, N: N [O(n)]
  18: f4->f2, A: 0 [O(1)]
  18: f4->f2, F: 7 [O(1)]
  18: f4->f2, G: 3 [O(1)]
  18: f4->f2, H: 1 [O(1)]
  18: f4->f2, I: 0 [O(1)]
  18: f4->f2, J: 7 [O(1)]
  18: f4->f2, K: 3 [O(1)]
  18: f4->f2, L: 2 [O(1)]
  18: f4->f2, M: M [O(n)]
  18: f4->f2, N: N [O(n)]
  19: f4->f2, A: 0 [O(1)]
  19: f4->f2, F: 7 [O(1)]
  19: f4->f2, G: 7 [O(1)]
  19: f4->f2, H: 1 [O(1)]
  19: f4->f2, I: 0 [O(1)]
  19: f4->f2, J: 7 [O(1)]
  19: f4->f2, K: 7 [O(1)]
  19: f4->f2, L: 2 [O(1)]
  19: f4->f2, M: M [O(n)]
  19: f4->f2, N: N [O(n)]
  20: f4->f2, A: 0 [O(1)]
  20: f4->f2, F: 7 [O(1)]
  20: f4->f2, G: 4 [O(1)]
  20: f4->f2, H: 1 [O(1)]
  20: f4->f2, I: 0 [O(1)]
  20: f4->f2, J: 7 [O(1)]
  20: f4->f2, K: 4 [O(1)]
  20: f4->f2, L: 2 [O(1)]
  20: f4->f2, M: M [O(n)]
  20: f4->f2, N: N [O(n)]
  21: f4->f7, A: 0 [O(1)]
  21: f4->f7, F: 7 [O(1)]
  21: f4->f7, G: 3 [O(1)]
  21: f4->f7, H: 1 [O(1)]
  21: f4->f7, I: 0 [O(1)]
  21: f4->f7, J: 7 [O(1)]
  21: f4->f7, K: 3 [O(1)]
  21: f4->f7, L: 7 [O(1)]
  21: f4->f7, M: M [O(n)]
  21: f4->f7, N: N [O(n)]
  22: f4->f7, A: 0 [O(1)]
  22: f4->f7, F: 7 [O(1)]
  22: f4->f7, G: 7 [O(1)]
  22: f4->f7, H: 1 [O(1)]
  22: f4->f7, I: 0 [O(1)]
  22: f4->f7, J: 7 [O(1)]
  22: f4->f7, K: 7 [O(1)]
  22: f4->f7, L: 7 [O(1)]
  22: f4->f7, M: M [O(n)]
  22: f4->f7, N: N [O(n)]
  23: f4->f7, A: 0 [O(1)]
  23: f4->f7, F: 7 [O(1)]
  23: f4->f7, G: 4 [O(1)]
  23: f4->f7, H: 1 [O(1)]
  23: f4->f7, I: 0 [O(1)]
  23: f4->f7, J: 7 [O(1)]
  23: f4->f7, K: 4 [O(1)]
  23: f4->f7, L: 7 [O(1)]
  23: f4->f7, M: M [O(n)]
  23: f4->f7, N: N [O(n)]
  24: f4->f7, A: 1 [O(1)]
  24: f4->f7, F: 7 [O(1)]
  24: f4->f7, G: 3 [O(1)]
  24: f4->f7, H: 1 [O(1)]
  24: f4->f7, I: 1 [O(1)]
  24: f4->f7, J: 7 [O(1)]
  24: f4->f7, K: 3 [O(1)]
  24: f4->f7, L: 7 [O(1)]
  24: f4->f7, M: M [O(n)]
  24: f4->f7, N: N [O(n)]
  25: f4->f7, A: 1 [O(1)]
  25: f4->f7, F: 7 [O(1)]
  25: f4->f7, G: 7 [O(1)]
  25: f4->f7, H: 1 [O(1)]
  25: f4->f7, I: 1 [O(1)]
  25: f4->f7, J: 7 [O(1)]
  25: f4->f7, K: 7 [O(1)]
  25: f4->f7, L: 7 [O(1)]
  25: f4->f7, M: M [O(n)]
  25: f4->f7, N: N [O(n)]
  26: f4->f7, A: 1 [O(1)]
  26: f4->f7, F: 7 [O(1)]
  26: f4->f7, G: 4 [O(1)]
  26: f4->f7, H: 1 [O(1)]
  26: f4->f7, I: 1 [O(1)]
  26: f4->f7, J: 7 [O(1)]
  26: f4->f7, K: 4 [O(1)]
  26: f4->f7, L: 7 [O(1)]
  26: f4->f7, M: M [O(n)]
  26: f4->f7, N: N [O(n)]
  16: f6->f4, A: 1 [O(1)]
  16: f6->f4, F: 7 [O(1)]
  16: f6->f4, G: 2 [O(1)]
  16: f6->f4, H: 0 [O(1)]
  16: f6->f4, I: 1 [O(1)]
  16: f6->f4, J: 7 [O(1)]
  16: f6->f4, K: 2 [O(1)]
  16: f6->f4, L: 4 [O(1)]
  16: f6->f4, M: M [O(n)]
  16: f6->f4, N: N [O(n)]
  17: f6->f4, A: 1 [O(1)]
  17: f6->f4, F: 7 [O(1)]
  17: f6->f4, G: 7 [O(1)]
  17: f6->f4, H: 1 [O(1)]
  17: f6->f4, I: 1 [O(1)]
  17: f6->f4, J: 7 [O(1)]
  17: f6->f4, K: 7 [O(1)]
  17: f6->f4, L: 4 [O(1)]
  17: f6->f4, M: M [O(n)]
  17: f6->f4, N: N [O(n)]
