Timebounds: 
  Overall timebound: inf [Infinity]
  0: f2->f2: inf [Infinity]
  1: f2->f2: inf [Infinity]
  2: f2->f0: 1 [O(1)]
  6: f4->f2: 1 [O(1)]
  7: f4->f2: 1 [O(1)]
  8: f4->f0: 1 [O(1)]

Costbounds:
  Overall costbound: inf [Infinity]
  0: f2->f2: inf [Infinity]
  1: f2->f2: inf [Infinity]
  2: f2->f0: 1 [O(1)]
  6: f4->f2: 1 [O(1)]
  7: f4->f2: 1 [O(1)]
  8: f4->f0: 1 [O(1)]

Sizebounds:
`Lower:
  0: f2->f2, A: 2 [O(1)]
  0: f2->f2, B: -inf [Infinity]
  0: f2->f2, C: -inf [Infinity]
  0: f2->f2, D: D [O(n)]
  0: f2->f2, E: 1 [O(1)]
  0: f2->f2, F: 1 [O(1)]
  0: f2->f2, G: -inf [Infinity]
  0: f2->f2, H: -inf [Infinity]
  1: f2->f2, A: 2 [O(1)]
  1: f2->f2, B: -inf [Infinity]
  1: f2->f2, C: -inf [Infinity]
  1: f2->f2, D: D [O(n)]
  1: f2->f2, E: 1 [O(1)]
  1: f2->f2, F: 1 [O(1)]
  1: f2->f2, G: -inf [Infinity]
  1: f2->f2, H: -inf [Infinity]
  2: f2->f0, A: 2 [O(1)]
  2: f2->f0, B: 0 [O(1)]
  2: f2->f0, C: 0 [O(1)]
  2: f2->f0, D: -inf [Infinity]
  2: f2->f0, E: 1 [O(1)]
  2: f2->f0, F: 1 [O(1)]
  2: f2->f0, G: -inf [Infinity]
  2: f2->f0, H: -inf [Infinity]
  6: f4->f2, A: 2 [O(1)]
  6: f4->f2, B: 1 [O(1)]
  6: f4->f2, C: 1 [O(1)]
  6: f4->f2, D: D [O(n)]
  6: f4->f2, E: 1 [O(1)]
  6: f4->f2, F: 1 [O(1)]
  6: f4->f2, G: -inf [Infinity]
  6: f4->f2, H: -inf [Infinity]
  7: f4->f2, A: 2 [O(1)]
  7: f4->f2, B: G [O(n)]
  7: f4->f2, C: G [O(n)]
  7: f4->f2, D: D [O(n)]
  7: f4->f2, E: 1 [O(1)]
  7: f4->f2, F: 1 [O(1)]
  7: f4->f2, G: -inf [Infinity]
  7: f4->f2, H: -inf [Infinity]
  8: f4->f0, A: G [O(n)]
  8: f4->f0, B: 0 [O(1)]
  8: f4->f0, C: 0 [O(1)]
  8: f4->f0, D: H [O(n)]
  8: f4->f0, E: G [O(n)]
  8: f4->f0, F: G [O(n)]
  8: f4->f0, G: -inf [Infinity]
  8: f4->f0, H: -inf [Infinity]
`Upper:
  0: f2->f2, A: inf [Infinity]
  0: f2->f2, B: inf [Infinity]
  0: f2->f2, C: inf [Infinity]
  0: f2->f2, D: D [O(n)]
  0: f2->f2, E: inf [Infinity]
  0: f2->f2, F: inf [Infinity]
  0: f2->f2, G: inf [Infinity]
  0: f2->f2, H: inf [Infinity]
  1: f2->f2, A: inf [Infinity]
  1: f2->f2, B: -1 [O(1)]
  1: f2->f2, C: -1 [O(1)]
  1: f2->f2, D: D [O(n)]
  1: f2->f2, E: inf [Infinity]
  1: f2->f2, F: inf [Infinity]
  1: f2->f2, G: inf [Infinity]
  1: f2->f2, H: inf [Infinity]
  2: f2->f0, A: inf [Infinity]
  2: f2->f0, B: 0 [O(1)]
  2: f2->f0, C: 0 [O(1)]
  2: f2->f0, D: inf [Infinity]
  2: f2->f0, E: inf [Infinity]
  2: f2->f0, F: inf [Infinity]
  2: f2->f0, G: inf [Infinity]
  2: f2->f0, H: inf [Infinity]
  6: f4->f2, A: 1+H [O(n)]
  6: f4->f2, B: G [O(n)]
  6: f4->f2, C: G [O(n)]
  6: f4->f2, D: D [O(n)]
  6: f4->f2, E: H [O(n)]
  6: f4->f2, F: H [O(n)]
  6: f4->f2, G: inf [Infinity]
  6: f4->f2, H: inf [Infinity]
  7: f4->f2, A: 1+H [O(n)]
  7: f4->f2, B: -1 [O(1)]
  7: f4->f2, C: -1 [O(1)]
  7: f4->f2, D: D [O(n)]
  7: f4->f2, E: H [O(n)]
  7: f4->f2, F: H [O(n)]
  7: f4->f2, G: inf [Infinity]
  7: f4->f2, H: inf [Infinity]
  8: f4->f0, A: G [O(n)]
  8: f4->f0, B: 0 [O(1)]
  8: f4->f0, C: 0 [O(1)]
  8: f4->f0, D: H [O(n)]
  8: f4->f0, E: G [O(n)]
  8: f4->f0, F: G [O(n)]
  8: f4->f0, G: inf [Infinity]
  8: f4->f0, H: inf [Infinity]
