Timebounds: 
  Overall timebound: inf [Infinity]
  20: f14->f36: 1 [O(1)]
  21: f14->f35: 1 [O(1)]
  17: f17->f34: 2*max{0, -2+U5} [O(n)]
  6: f34->f34: inf [Infinity]
  8: f34->f17: 2*max{0, -1+U5} [O(n)]
  9: f35->f35: inf [Infinity]
  10: f35->f0: 1 [O(1)]
  18: f35->f34: 1 [O(1)]
  11: f36->f36: inf [Infinity]
  12: f36->f0: 1 [O(1)]
  19: f36->f34: 1 [O(1)]

Costbounds:
  Overall costbound: inf [Infinity]
  20: f14->f36: 1 [O(1)]
  21: f14->f35: 1 [O(1)]
  17: f17->f34: 2*max{0, -2+U5} [O(n)]
  6: f34->f34: inf [Infinity]
  8: f34->f17: 2*max{0, -1+U5} [O(n)]
  9: f35->f35: inf [Infinity]
  10: f35->f0: 1 [O(1)]
  18: f35->f34: 1 [O(1)]
  11: f36->f36: inf [Infinity]
  12: f36->f0: 1 [O(1)]
  19: f36->f34: 1 [O(1)]

Sizebounds:
`Lower:
  20: f14->f36, A: A [O(n)]
  20: f14->f36, A1: A1 [O(n)]
  20: f14->f36, A2: A2 [O(n)]
  20: f14->f36, A3: A3 [O(n)]
  20: f14->f36, A4: A4 [O(n)]
  20: f14->f36, A5: A5 [O(n)]
  20: f14->f36, B: B [O(n)]
  20: f14->f36, B1: B1 [O(n)]
  20: f14->f36, B2: B2 [O(n)]
  20: f14->f36, B3: B3 [O(n)]
  20: f14->f36, B4: B4 [O(n)]
  20: f14->f36, B5: B5 [O(n)]
  20: f14->f36, C: C [O(n)]
  20: f14->f36, C1: C1 [O(n)]
  20: f14->f36, C2: C2 [O(n)]
  20: f14->f36, C3: C3 [O(n)]
  20: f14->f36, C4: C4 [O(n)]
  20: f14->f36, C5: V5 [O(n)]
  20: f14->f36, D: Y4 [O(n)]
  20: f14->f36, D1: D1 [O(n)]
  20: f14->f36, D2: D2 [O(n)]
  20: f14->f36, D3: D3 [O(n)]
  20: f14->f36, D4: D4 [O(n)]
  20: f14->f36, D5: Y5 [O(n)]
  20: f14->f36, E: Z4 [O(n)]
  20: f14->f36, E1: E1 [O(n)]
  20: f14->f36, E2: E2 [O(n)]
  20: f14->f36, E3: E3 [O(n)]
  20: f14->f36, E4: E4 [O(n)]
  20: f14->f36, E5: Z5 [O(n)]
  20: f14->f36, F: F [O(n)]
  20: f14->f36, F1: F1 [O(n)]
  20: f14->f36, F2: F2 [O(n)]
  20: f14->f36, F3: F3 [O(n)]
  20: f14->f36, F4: F4 [O(n)]
  20: f14->f36, F5: A6 [O(n)]
  20: f14->f36, G: V5 [O(n)]
  20: f14->f36, G1: G1 [O(n)]
  20: f14->f36, G2: G2 [O(n)]
  20: f14->f36, G3: G3 [O(n)]
  20: f14->f36, G4: G4 [O(n)]
  20: f14->f36, G5: B6 [O(n)]
  20: f14->f36, H: H [O(n)]
  20: f14->f36, H1: H1 [O(n)]
  20: f14->f36, H2: H2 [O(n)]
  20: f14->f36, H3: H3 [O(n)]
  20: f14->f36, H4: H4 [O(n)]
  20: f14->f36, H5: X5 [O(n)]
  20: f14->f36, I: I [O(n)]
  20: f14->f36, I1: I1 [O(n)]
  20: f14->f36, I2: I2 [O(n)]
  20: f14->f36, I3: I3 [O(n)]
  20: f14->f36, I4: I4 [O(n)]
  20: f14->f36, I5: D6 [O(n)]
  20: f14->f36, J: J [O(n)]
  20: f14->f36, J1: J1 [O(n)]
  20: f14->f36, J2: J2 [O(n)]
  20: f14->f36, J3: J3 [O(n)]
  20: f14->f36, J4: J4 [O(n)]
  20: f14->f36, J5: E6 [O(n)]
  20: f14->f36, K: K [O(n)]
  20: f14->f36, K1: K1 [O(n)]
  20: f14->f36, K2: K2 [O(n)]
  20: f14->f36, K3: K3 [O(n)]
  20: f14->f36, K4: K4 [O(n)]
  20: f14->f36, K5: F6 [O(n)]
  20: f14->f36, L: L [O(n)]
  20: f14->f36, L1: L1 [O(n)]
  20: f14->f36, L2: L2 [O(n)]
  20: f14->f36, L3: L3 [O(n)]
  20: f14->f36, L4: L4 [O(n)]
  20: f14->f36, L5: 1 [O(1)]
  20: f14->f36, M: M [O(n)]
  20: f14->f36, M1: M1 [O(n)]
  20: f14->f36, M2: M2 [O(n)]
  20: f14->f36, M3: M3 [O(n)]
  20: f14->f36, M4: M4 [O(n)]
  20: f14->f36, M5: M5 [O(n)]
  20: f14->f36, N: N [O(n)]
  20: f14->f36, N1: N1 [O(n)]
  20: f14->f36, N2: N2 [O(n)]
  20: f14->f36, N3: N3 [O(n)]
  20: f14->f36, N4: N4 [O(n)]
  20: f14->f36, N5: N5 [O(n)]
  20: f14->f36, O: O [O(n)]
  20: f14->f36, O1: O1 [O(n)]
  20: f14->f36, O2: O2 [O(n)]
  20: f14->f36, O3: O3 [O(n)]
  20: f14->f36, O4: 1 [O(1)]
  20: f14->f36, O5: O5 [O(n)]
  20: f14->f36, P: T5 [O(n)]
  20: f14->f36, P1: P1 [O(n)]
  20: f14->f36, P2: P2 [O(n)]
  20: f14->f36, P3: P3 [O(n)]
  20: f14->f36, P4: P4 [O(n)]
  20: f14->f36, P5: P5 [O(n)]
  20: f14->f36, Q: Q [O(n)]
  20: f14->f36, Q1: Q1 [O(n)]
  20: f14->f36, Q2: Q2 [O(n)]
  20: f14->f36, Q3: Q3 [O(n)]
  20: f14->f36, Q4: Q4 [O(n)]
  20: f14->f36, Q5: Q5 [O(n)]
  20: f14->f36, R: R [O(n)]
  20: f14->f36, R1: R1 [O(n)]
  20: f14->f36, R2: R2 [O(n)]
  20: f14->f36, R3: R3 [O(n)]
  20: f14->f36, R4: R4 [O(n)]
  20: f14->f36, R5: R5 [O(n)]
  20: f14->f36, S: S [O(n)]
  20: f14->f36, S1: S1 [O(n)]
  20: f14->f36, S2: S2 [O(n)]
  20: f14->f36, S3: S3 [O(n)]
  20: f14->f36, S4: S4 [O(n)]
  20: f14->f36, S5: S5 [O(n)]
  20: f14->f36, T: T [O(n)]
  20: f14->f36, T1: T1 [O(n)]
  20: f14->f36, T2: T2 [O(n)]
  20: f14->f36, T3: T3 [O(n)]
  20: f14->f36, T4: T4 [O(n)]
  20: f14->f36, U: U [O(n)]
  20: f14->f36, U1: U1 [O(n)]
  20: f14->f36, U2: U2 [O(n)]
  20: f14->f36, U3: U3 [O(n)]
  20: f14->f36, U4: U4 [O(n)]
  20: f14->f36, V: W5 [O(n)]
  20: f14->f36, V1: V1 [O(n)]
  20: f14->f36, V2: V2 [O(n)]
  20: f14->f36, V3: V3 [O(n)]
  20: f14->f36, V4: V4 [O(n)]
  20: f14->f36, W: 0 [O(1)]
  20: f14->f36, W1: W1 [O(n)]
  20: f14->f36, W2: W2 [O(n)]
  20: f14->f36, W3: W3 [O(n)]
  20: f14->f36, W4: W4 [O(n)]
  20: f14->f36, X: X [O(n)]
  20: f14->f36, X1: X1 [O(n)]
  20: f14->f36, X2: X2 [O(n)]
  20: f14->f36, X3: X3 [O(n)]
  20: f14->f36, X4: X4 [O(n)]
  20: f14->f36, Y: Y [O(n)]
  20: f14->f36, Y1: Y1 [O(n)]
  20: f14->f36, Y2: Y2 [O(n)]
  20: f14->f36, Y3: Y3 [O(n)]
  20: f14->f36, Y4: Y4 [O(n)]
  20: f14->f36, Z: Z [O(n)]
  20: f14->f36, Z1: Z1 [O(n)]
  20: f14->f36, Z2: Z2 [O(n)]
  20: f14->f36, Z3: Z3 [O(n)]
  20: f14->f36, Z4: Z4 [O(n)]
  21: f14->f35, A: A [O(n)]
  21: f14->f35, A1: A1 [O(n)]
  21: f14->f35, A2: A2 [O(n)]
  21: f14->f35, A3: A3 [O(n)]
  21: f14->f35, A4: A4 [O(n)]
  21: f14->f35, A5: A5 [O(n)]
  21: f14->f35, B: B [O(n)]
  21: f14->f35, B1: B1 [O(n)]
  21: f14->f35, B2: B2 [O(n)]
  21: f14->f35, B3: B3 [O(n)]
  21: f14->f35, B4: B4 [O(n)]
  21: f14->f35, B5: B5 [O(n)]
  21: f14->f35, C: C [O(n)]
  21: f14->f35, C1: C1 [O(n)]
  21: f14->f35, C2: C2 [O(n)]
  21: f14->f35, C3: C3 [O(n)]
  21: f14->f35, C4: C4 [O(n)]
  21: f14->f35, C5: C5 [O(n)]
  21: f14->f35, D: P5 [O(n)]
  21: f14->f35, D1: D1 [O(n)]
  21: f14->f35, D2: D2 [O(n)]
  21: f14->f35, D3: D3 [O(n)]
  21: f14->f35, D4: D4 [O(n)]
  21: f14->f35, D5: W5 [O(n)]
  21: f14->f35, E: Q5 [O(n)]
  21: f14->f35, E1: E1 [O(n)]
  21: f14->f35, E2: E2 [O(n)]
  21: f14->f35, E3: E3 [O(n)]
  21: f14->f35, E4: E4 [O(n)]
  21: f14->f35, E5: Y5 [O(n)]
  21: f14->f35, F: F [O(n)]
  21: f14->f35, F1: F1 [O(n)]
  21: f14->f35, F2: F2 [O(n)]
  21: f14->f35, F3: F3 [O(n)]
  21: f14->f35, F4: F4 [O(n)]
  21: f14->f35, F5: 1 [O(1)]
  21: f14->f35, G: 1 [O(1)]
  21: f14->f35, G1: G1 [O(n)]
  21: f14->f35, G2: G2 [O(n)]
  21: f14->f35, G3: G3 [O(n)]
  21: f14->f35, G4: G4 [O(n)]
  21: f14->f35, G5: A6 [O(n)]
  21: f14->f35, H: H [O(n)]
  21: f14->f35, H1: H1 [O(n)]
  21: f14->f35, H2: H2 [O(n)]
  21: f14->f35, H3: H3 [O(n)]
  21: f14->f35, H4: H4 [O(n)]
  21: f14->f35, H5: B6 [O(n)]
  21: f14->f35, I: I [O(n)]
  21: f14->f35, I1: I1 [O(n)]
  21: f14->f35, I2: I2 [O(n)]
  21: f14->f35, I3: I3 [O(n)]
  21: f14->f35, I4: I4 [O(n)]
  21: f14->f35, I5: X5 [O(n)]
  21: f14->f35, J: J [O(n)]
  21: f14->f35, J1: J1 [O(n)]
  21: f14->f35, J2: J2 [O(n)]
  21: f14->f35, J3: J3 [O(n)]
  21: f14->f35, J4: J4 [O(n)]
  21: f14->f35, J5: D6 [O(n)]
  21: f14->f35, K: K [O(n)]
  21: f14->f35, K1: K1 [O(n)]
  21: f14->f35, K2: K2 [O(n)]
  21: f14->f35, K3: K3 [O(n)]
  21: f14->f35, K4: K4 [O(n)]
  21: f14->f35, K5: E6 [O(n)]
  21: f14->f35, L: L [O(n)]
  21: f14->f35, L1: L1 [O(n)]
  21: f14->f35, L2: L2 [O(n)]
  21: f14->f35, L3: L3 [O(n)]
  21: f14->f35, L4: L4 [O(n)]
  21: f14->f35, L5: 1 [O(1)]
  21: f14->f35, M: M [O(n)]
  21: f14->f35, M1: M1 [O(n)]
  21: f14->f35, M2: M2 [O(n)]
  21: f14->f35, M3: M3 [O(n)]
  21: f14->f35, M4: M4 [O(n)]
  21: f14->f35, M5: 1 [O(1)]
  21: f14->f35, N: N [O(n)]
  21: f14->f35, N1: N1 [O(n)]
  21: f14->f35, N2: N2 [O(n)]
  21: f14->f35, N3: N3 [O(n)]
  21: f14->f35, N4: N4 [O(n)]
  21: f14->f35, N5: N5 [O(n)]
  21: f14->f35, O: O [O(n)]
  21: f14->f35, O1: O1 [O(n)]
  21: f14->f35, O2: O2 [O(n)]
  21: f14->f35, O3: O3 [O(n)]
  21: f14->f35, O4: 1 [O(1)]
  21: f14->f35, O5: O5 [O(n)]
  21: f14->f35, P: V5 [O(n)]
  21: f14->f35, P1: P1 [O(n)]
  21: f14->f35, P2: P2 [O(n)]
  21: f14->f35, P3: P3 [O(n)]
  21: f14->f35, P4: P4 [O(n)]
  21: f14->f35, P5: P5 [O(n)]
  21: f14->f35, Q: Q [O(n)]
  21: f14->f35, Q1: Q1 [O(n)]
  21: f14->f35, Q2: Q2 [O(n)]
  21: f14->f35, Q3: Q3 [O(n)]
  21: f14->f35, Q4: Q4 [O(n)]
  21: f14->f35, Q5: Q5 [O(n)]
  21: f14->f35, R: R [O(n)]
  21: f14->f35, R1: R1 [O(n)]
  21: f14->f35, R2: R2 [O(n)]
  21: f14->f35, R3: R3 [O(n)]
  21: f14->f35, R4: R4 [O(n)]
  21: f14->f35, R5: R5 [O(n)]
  21: f14->f35, S: S [O(n)]
  21: f14->f35, S1: S1 [O(n)]
  21: f14->f35, S2: S2 [O(n)]
  21: f14->f35, S3: S3 [O(n)]
  21: f14->f35, S4: S4 [O(n)]
  21: f14->f35, S5: S5 [O(n)]
  21: f14->f35, T: T [O(n)]
  21: f14->f35, T1: T1 [O(n)]
  21: f14->f35, T2: T2 [O(n)]
  21: f14->f35, T3: T3 [O(n)]
  21: f14->f35, T4: T4 [O(n)]
  21: f14->f35, U: U [O(n)]
  21: f14->f35, U1: U1 [O(n)]
  21: f14->f35, U2: U2 [O(n)]
  21: f14->f35, U3: U3 [O(n)]
  21: f14->f35, U4: U4 [O(n)]
  21: f14->f35, V: T5 [O(n)]
  21: f14->f35, V1: V1 [O(n)]
  21: f14->f35, V2: V2 [O(n)]
  21: f14->f35, V3: V3 [O(n)]
  21: f14->f35, V4: V4 [O(n)]
  21: f14->f35, W: 0 [O(1)]
  21: f14->f35, W1: W1 [O(n)]
  21: f14->f35, W2: W2 [O(n)]
  21: f14->f35, W3: W3 [O(n)]
  21: f14->f35, W4: W4 [O(n)]
  21: f14->f35, X: X [O(n)]
  21: f14->f35, X1: X1 [O(n)]
  21: f14->f35, X2: X2 [O(n)]
  21: f14->f35, X3: X3 [O(n)]
  21: f14->f35, X4: X4 [O(n)]
  21: f14->f35, Y: Y [O(n)]
  21: f14->f35, Y1: Y1 [O(n)]
  21: f14->f35, Y2: Y2 [O(n)]
  21: f14->f35, Y3: Y3 [O(n)]
  21: f14->f35, Y4: Y4 [O(n)]
  21: f14->f35, Z: Z [O(n)]
  21: f14->f35, Z1: Z1 [O(n)]
  21: f14->f35, Z2: Z2 [O(n)]
  21: f14->f35, Z3: Z3 [O(n)]
  21: f14->f35, Z4: Z4 [O(n)]
  17: f17->f34, A: A [O(n)]
  17: f17->f34, A1: A1 [O(n)]
  17: f17->f34, A2: A2 [O(n)]
  17: f17->f34, A3: A3 [O(n)]
  17: f17->f34, A4: A4 [O(n)]
  17: f17->f34, A5: A5 [O(n)]
  17: f17->f34, B: B [O(n)]
  17: f17->f34, B1: B1 [O(n)]
  17: f17->f34, B2: 1 [O(1)]
  17: f17->f34, B3: B3 [O(n)]
  17: f17->f34, B4: B4 [O(n)]
  17: f17->f34, B5: B5 [O(n)]
  17: f17->f34, C: C [O(n)]
  17: f17->f34, C1: C1 [O(n)]
  17: f17->f34, C2: -max{-1, -C2} [O(n)]
  17: f17->f34, C3: C3 [O(n)]
  17: f17->f34, C4: C4 [O(n)]
  17: f17->f34, C5: -max{-C5, -V5} [O(n)]
  17: f17->f34, D: P3 [O(n)]
  17: f17->f34, D2: D2 [O(n)]
  17: f17->f34, D3: D3 [O(n)]
  17: f17->f34, D4: D4 [O(n)]
  17: f17->f34, D5: -max{-W5, -Y5} [O(n)]
  17: f17->f34, E: Q3 [O(n)]
  17: f17->f34, E2: E2 [O(n)]
  17: f17->f34, E3: E3 [O(n)]
  17: f17->f34, E4: E4 [O(n)]
  17: f17->f34, E5: -max{-Y5, -Z5} [O(n)]
  17: f17->f34, F: -max{-2, -F} [O(n)]
  17: f17->f34, F1: F1 [O(n)]
  17: f17->f34, F2: -max{-1, -F2} [O(n)]
  17: f17->f34, F3: F3 [O(n)]
  17: f17->f34, F4: F4 [O(n)]
  17: f17->f34, F5: -max{-1, -A6} [O(n)]
  17: f17->f34, G: 1 [O(1)]
  17: f17->f34, G1: G1 [O(n)]
  17: f17->f34, G2: G2 [O(n)]
  17: f17->f34, G3: G3 [O(n)]
  17: f17->f34, G4: G4 [O(n)]
  17: f17->f34, G5: -max{-A6, -B6} [O(n)]
  17: f17->f34, H1: H1 [O(n)]
  17: f17->f34, H2: -max{-1, -H2} [O(n)]
  17: f17->f34, H3: H3 [O(n)]
  17: f17->f34, H4: H4 [O(n)]
  17: f17->f34, H5: -max{-B6, -X5} [O(n)]
  17: f17->f34, I1: I1 [O(n)]
  17: f17->f34, I2: I2 [O(n)]
  17: f17->f34, I3: I3 [O(n)]
  17: f17->f34, I4: I4 [O(n)]
  17: f17->f34, I5: -max{-X5, -D6} [O(n)]
  17: f17->f34, J1: J1 [O(n)]
  17: f17->f34, J2: J2 [O(n)]
  17: f17->f34, J3: J3 [O(n)]
  17: f17->f34, J4: J4 [O(n)]
  17: f17->f34, J5: -max{-D6, -E6} [O(n)]
  17: f17->f34, K1: K1 [O(n)]
  17: f17->f34, K2: K2 [O(n)]
  17: f17->f34, K4: K4 [O(n)]
  17: f17->f34, K5: -max{-E6, -F6} [O(n)]
  17: f17->f34, L1: L1 [O(n)]
  17: f17->f34, L2: L2 [O(n)]
  17: f17->f34, L4: L4 [O(n)]
  17: f17->f34, L5: 3 [O(1)]
  17: f17->f34, M: M [O(n)]
  17: f17->f34, M1: M1 [O(n)]
  17: f17->f34, M2: M2 [O(n)]
  17: f17->f34, M5: -max{-1, -M5} [O(n)]
  17: f17->f34, N: N [O(n)]
  17: f17->f34, N1: N1 [O(n)]
  17: f17->f34, N2: N2 [O(n)]
  17: f17->f34, N5: N5 [O(n)]
  17: f17->f34, O: O [O(n)]
  17: f17->f34, O1: O1 [O(n)]
  17: f17->f34, O2: O2 [O(n)]
  17: f17->f34, O3: O3 [O(n)]
  17: f17->f34, O4: 3 [O(1)]
  17: f17->f34, O5: O5 [O(n)]
  17: f17->f34, P2: P2 [O(n)]
  17: f17->f34, P3: P3 [O(n)]
  17: f17->f34, P4: P4 [O(n)]
  17: f17->f34, P5: P5 [O(n)]
  17: f17->f34, Q1: Q1 [O(n)]
  17: f17->f34, Q2: Q2 [O(n)]
  17: f17->f34, Q3: Q3 [O(n)]
  17: f17->f34, Q4: Q4 [O(n)]
  17: f17->f34, Q5: Q5 [O(n)]
  17: f17->f34, R1: R1 [O(n)]
  17: f17->f34, R2: R2 [O(n)]
  17: f17->f34, R3: R3 [O(n)]
  17: f17->f34, R4: R4 [O(n)]
  17: f17->f34, R5: R5 [O(n)]
  17: f17->f34, S: S [O(n)]
  17: f17->f34, S1: S1 [O(n)]
  17: f17->f34, S2: S2 [O(n)]
  17: f17->f34, S3: 1 [O(1)]
  17: f17->f34, S4: S4 [O(n)]
  17: f17->f34, S5: S5 [O(n)]
  17: f17->f34, T: T [O(n)]
  17: f17->f34, T1: T1 [O(n)]
  17: f17->f34, T3: T3 [O(n)]
  17: f17->f34, T4: T4 [O(n)]
  17: f17->f34, U: U [O(n)]
  17: f17->f34, U1: U1 [O(n)]
  17: f17->f34, U3: U3 [O(n)]
  17: f17->f34, U4: U4 [O(n)]
  17: f17->f34, V1: -max{-1, -V1} [O(n)]
  17: f17->f34, V2: V2 [O(n)]
  17: f17->f34, V3: V3 [O(n)]
  17: f17->f34, W: 0 [O(1)]
  17: f17->f34, W1: 1 [O(1)]
  17: f17->f34, W2: W2 [O(n)]
  17: f17->f34, W3: W3 [O(n)]
  17: f17->f34, W4: W4 [O(n)]
  17: f17->f34, X: X [O(n)]
  17: f17->f34, X1: X1 [O(n)]
  17: f17->f34, X2: -max{-1, -X2} [O(n)]
  17: f17->f34, X3: X3 [O(n)]
  17: f17->f34, X4: X4 [O(n)]
  17: f17->f34, Y: Y [O(n)]
  17: f17->f34, Y1: Y1 [O(n)]
  17: f17->f34, Y2: Y2 [O(n)]
  17: f17->f34, Y3: Y3 [O(n)]
  17: f17->f34, Y4: Y4 [O(n)]
  17: f17->f34, Z: Z [O(n)]
  17: f17->f34, Z1: Z1 [O(n)]
  17: f17->f34, Z3: Z3 [O(n)]
  17: f17->f34, Z4: Z4 [O(n)]
  6: f34->f34, A: A [O(n)]
  6: f34->f34, A1: A1 [O(n)]
  6: f34->f34, A2: A2 [O(n)]
  6: f34->f34, A3: A3 [O(n)]
  6: f34->f34, A4: A4 [O(n)]
  6: f34->f34, A5: A5 [O(n)]
  6: f34->f34, B: B [O(n)]
  6: f34->f34, B1: B1 [O(n)]
  6: f34->f34, B2: -max{-1, -B2} [O(n)]
  6: f34->f34, B3: B3 [O(n)]
  6: f34->f34, B4: B4 [O(n)]
  6: f34->f34, B5: B5 [O(n)]
  6: f34->f34, C: C [O(n)]
  6: f34->f34, C1: C1 [O(n)]
  6: f34->f34, C2: -max{-1, -C2} [O(n)]
  6: f34->f34, C3: C3 [O(n)]
  6: f34->f34, C4: C4 [O(n)]
  6: f34->f34, C5: -max{-C5, -V5} [O(n)]
  6: f34->f34, D: R1 [O(n)]
  6: f34->f34, D2: D2 [O(n)]
  6: f34->f34, D3: D3 [O(n)]
  6: f34->f34, D4: D4 [O(n)]
  6: f34->f34, D5: -max{-W5, -Y5} [O(n)]
  6: f34->f34, E: S1 [O(n)]
  6: f34->f34, E2: E2 [O(n)]
  6: f34->f34, E3: E3 [O(n)]
  6: f34->f34, E4: E4 [O(n)]
  6: f34->f34, E5: -max{-Y5, -Z5} [O(n)]
  6: f34->f34, F: -max{-2, -F} [O(n)]
  6: f34->f34, F1: F1 [O(n)]
  6: f34->f34, F2: -max{-1, -F2} [O(n)]
  6: f34->f34, F3: F3 [O(n)]
  6: f34->f34, F4: F4 [O(n)]
  6: f34->f34, F5: -max{-1, -A6} [O(n)]
  6: f34->f34, G: 1 [O(1)]
  6: f34->f34, G1: G1 [O(n)]
  6: f34->f34, G2: G2 [O(n)]
  6: f34->f34, G3: G3 [O(n)]
  6: f34->f34, G4: G4 [O(n)]
  6: f34->f34, G5: -max{-A6, -B6} [O(n)]
  6: f34->f34, H1: H1 [O(n)]
  6: f34->f34, H2: -max{-1, -H2} [O(n)]
  6: f34->f34, H3: H3 [O(n)]
  6: f34->f34, H4: H4 [O(n)]
  6: f34->f34, H5: -max{-B6, -X5} [O(n)]
  6: f34->f34, I1: I1 [O(n)]
  6: f34->f34, I2: I2 [O(n)]
  6: f34->f34, I3: I3 [O(n)]
  6: f34->f34, I4: I4 [O(n)]
  6: f34->f34, I5: -max{-X5, -D6} [O(n)]
  6: f34->f34, J1: J1 [O(n)]
  6: f34->f34, J2: J2 [O(n)]
  6: f34->f34, J3: J3 [O(n)]
  6: f34->f34, J4: J4 [O(n)]
  6: f34->f34, J5: -max{-D6, -E6} [O(n)]
  6: f34->f34, K1: K1 [O(n)]
  6: f34->f34, K2: K2 [O(n)]
  6: f34->f34, K4: K4 [O(n)]
  6: f34->f34, K5: -max{-E6, -F6} [O(n)]
  6: f34->f34, L1: L1 [O(n)]
  6: f34->f34, L2: L2 [O(n)]
  6: f34->f34, L4: L4 [O(n)]
  6: f34->f34, L5: 2 [O(1)]
  6: f34->f34, M: M [O(n)]
  6: f34->f34, M1: M1 [O(n)]
  6: f34->f34, M2: M2 [O(n)]
  6: f34->f34, M5: -max{-1, -M5} [O(n)]
  6: f34->f34, N: N [O(n)]
  6: f34->f34, N1: N1 [O(n)]
  6: f34->f34, N2: N2 [O(n)]
  6: f34->f34, N5: N5 [O(n)]
  6: f34->f34, O: O [O(n)]
  6: f34->f34, O1: O1 [O(n)]
  6: f34->f34, O2: O2 [O(n)]
  6: f34->f34, O3: O3 [O(n)]
  6: f34->f34, O4: 2 [O(1)]
  6: f34->f34, O5: O5 [O(n)]
  6: f34->f34, P2: P2 [O(n)]
  6: f34->f34, P3: P3 [O(n)]
  6: f34->f34, P4: P4 [O(n)]
  6: f34->f34, P5: P5 [O(n)]
  6: f34->f34, Q1: Q1 [O(n)]
  6: f34->f34, Q2: Q2 [O(n)]
  6: f34->f34, Q3: Q3 [O(n)]
  6: f34->f34, Q4: Q4 [O(n)]
  6: f34->f34, Q5: Q5 [O(n)]
  6: f34->f34, R1: R1 [O(n)]
  6: f34->f34, R2: R2 [O(n)]
  6: f34->f34, R3: R3 [O(n)]
  6: f34->f34, R4: R4 [O(n)]
  6: f34->f34, R5: R5 [O(n)]
  6: f34->f34, S: S [O(n)]
  6: f34->f34, S1: S1 [O(n)]
  6: f34->f34, S2: S2 [O(n)]
  6: f34->f34, S3: 1 [O(1)]
  6: f34->f34, S4: S4 [O(n)]
  6: f34->f34, S5: S5 [O(n)]
  6: f34->f34, T: T [O(n)]
  6: f34->f34, T1: T1 [O(n)]
  6: f34->f34, T3: T3 [O(n)]
  6: f34->f34, T4: T4 [O(n)]
  6: f34->f34, U: U [O(n)]
  6: f34->f34, U1: U1 [O(n)]
  6: f34->f34, U3: U3 [O(n)]
  6: f34->f34, U4: U4 [O(n)]
  6: f34->f34, V1: 1 [O(1)]
  6: f34->f34, V2: V2 [O(n)]
  6: f34->f34, V3: V3 [O(n)]
  6: f34->f34, W: 0 [O(1)]
  6: f34->f34, W1: -max{-1, -W1} [O(n)]
  6: f34->f34, W2: W2 [O(n)]
  6: f34->f34, W3: W3 [O(n)]
  6: f34->f34, W4: W4 [O(n)]
  6: f34->f34, X: X [O(n)]
  6: f34->f34, X1: X1 [O(n)]
  6: f34->f34, X2: -max{-1, -X2} [O(n)]
  6: f34->f34, X3: X3 [O(n)]
  6: f34->f34, X4: X4 [O(n)]
  6: f34->f34, Y: Y [O(n)]
  6: f34->f34, Y1: Y1 [O(n)]
  6: f34->f34, Y2: Y2 [O(n)]
  6: f34->f34, Y3: Y3 [O(n)]
  6: f34->f34, Y4: Y4 [O(n)]
  6: f34->f34, Z: Z [O(n)]
  6: f34->f34, Z1: Z1 [O(n)]
  6: f34->f34, Z3: Z3 [O(n)]
  6: f34->f34, Z4: Z4 [O(n)]
  8: f34->f17, A: A [O(n)]
  8: f34->f17, A1: A1 [O(n)]
  8: f34->f17, A2: A2 [O(n)]
  8: f34->f17, A3: A3 [O(n)]
  8: f34->f17, A4: A4 [O(n)]
  8: f34->f17, A5: A5 [O(n)]
  8: f34->f17, B: B [O(n)]
  8: f34->f17, B1: B1 [O(n)]
  8: f34->f17, B2: 1 [O(1)]
  8: f34->f17, B3: B3 [O(n)]
  8: f34->f17, B4: B4 [O(n)]
  8: f34->f17, B5: B5 [O(n)]
  8: f34->f17, C: C [O(n)]
  8: f34->f17, C1: C1 [O(n)]
  8: f34->f17, C2: -max{-1, -C2} [O(n)]
  8: f34->f17, C3: C3 [O(n)]
  8: f34->f17, C4: C4 [O(n)]
  8: f34->f17, C5: -max{-C5, -V5} [O(n)]
  8: f34->f17, D: Z1 [O(n)]
  8: f34->f17, D2: D2 [O(n)]
  8: f34->f17, D3: D3 [O(n)]
  8: f34->f17, D4: D4 [O(n)]
  8: f34->f17, D5: -max{-W5, -Y5} [O(n)]
  8: f34->f17, E: A2 [O(n)]
  8: f34->f17, E2: E2 [O(n)]
  8: f34->f17, E3: E3 [O(n)]
  8: f34->f17, E4: E4 [O(n)]
  8: f34->f17, E5: -max{-Y5, -Z5} [O(n)]
  8: f34->f17, F: -max{-2, -F} [O(n)]
  8: f34->f17, F1: F1 [O(n)]
  8: f34->f17, F2: -max{-1, -F2} [O(n)]
  8: f34->f17, F3: F3 [O(n)]
  8: f34->f17, F4: F4 [O(n)]
  8: f34->f17, F5: -max{-1, -A6} [O(n)]
  8: f34->f17, G: 1 [O(1)]
  8: f34->f17, G1: G1 [O(n)]
  8: f34->f17, G2: G2 [O(n)]
  8: f34->f17, G3: G3 [O(n)]
  8: f34->f17, G4: G4 [O(n)]
  8: f34->f17, G5: -max{-A6, -B6} [O(n)]
  8: f34->f17, H1: H1 [O(n)]
  8: f34->f17, H2: -max{-1, -H2} [O(n)]
  8: f34->f17, H3: H3 [O(n)]
  8: f34->f17, H4: H4 [O(n)]
  8: f34->f17, H5: -max{-B6, -X5} [O(n)]
  8: f34->f17, I1: I1 [O(n)]
  8: f34->f17, I2: I2 [O(n)]
  8: f34->f17, I3: I3 [O(n)]
  8: f34->f17, I4: I4 [O(n)]
  8: f34->f17, I5: -max{-X5, -D6} [O(n)]
  8: f34->f17, J1: J1 [O(n)]
  8: f34->f17, J2: J2 [O(n)]
  8: f34->f17, J3: J3 [O(n)]
  8: f34->f17, J4: J4 [O(n)]
  8: f34->f17, J5: -max{-D6, -E6} [O(n)]
  8: f34->f17, K1: K1 [O(n)]
  8: f34->f17, K2: K2 [O(n)]
  8: f34->f17, K4: K4 [O(n)]
  8: f34->f17, K5: -max{-E6, -F6} [O(n)]
  8: f34->f17, L1: L1 [O(n)]
  8: f34->f17, L2: L2 [O(n)]
  8: f34->f17, L4: L4 [O(n)]
  8: f34->f17, L5: 2 [O(1)]
  8: f34->f17, M: M [O(n)]
  8: f34->f17, M1: M1 [O(n)]
  8: f34->f17, M2: M2 [O(n)]
  8: f34->f17, M5: -max{-1, -M5} [O(n)]
  8: f34->f17, N: N [O(n)]
  8: f34->f17, N1: N1 [O(n)]
  8: f34->f17, N2: N2 [O(n)]
  8: f34->f17, N5: N5 [O(n)]
  8: f34->f17, O: O [O(n)]
  8: f34->f17, O1: O1 [O(n)]
  8: f34->f17, O2: O2 [O(n)]
  8: f34->f17, O3: O3 [O(n)]
  8: f34->f17, O4: 2 [O(1)]
  8: f34->f17, O5: O5 [O(n)]
  8: f34->f17, P2: P2 [O(n)]
  8: f34->f17, P3: P3 [O(n)]
  8: f34->f17, P4: P4 [O(n)]
  8: f34->f17, P5: P5 [O(n)]
  8: f34->f17, Q1: Q1 [O(n)]
  8: f34->f17, Q2: Q2 [O(n)]
  8: f34->f17, Q3: Q3 [O(n)]
  8: f34->f17, Q4: Q4 [O(n)]
  8: f34->f17, Q5: Q5 [O(n)]
  8: f34->f17, R1: R1 [O(n)]
  8: f34->f17, R2: R2 [O(n)]
  8: f34->f17, R3: R3 [O(n)]
  8: f34->f17, R4: R4 [O(n)]
  8: f34->f17, R5: R5 [O(n)]
  8: f34->f17, S: S [O(n)]
  8: f34->f17, S1: S1 [O(n)]
  8: f34->f17, S2: S2 [O(n)]
  8: f34->f17, S3: 1 [O(1)]
  8: f34->f17, S4: S4 [O(n)]
  8: f34->f17, S5: S5 [O(n)]
  8: f34->f17, T: T [O(n)]
  8: f34->f17, T1: T1 [O(n)]
  8: f34->f17, T3: T3 [O(n)]
  8: f34->f17, T4: T4 [O(n)]
  8: f34->f17, U: U [O(n)]
  8: f34->f17, U1: U1 [O(n)]
  8: f34->f17, U3: U3 [O(n)]
  8: f34->f17, U4: U4 [O(n)]
  8: f34->f17, V1: -max{-1, -V1} [O(n)]
  8: f34->f17, V2: V2 [O(n)]
  8: f34->f17, V3: V3 [O(n)]
  8: f34->f17, W: 0 [O(1)]
  8: f34->f17, W1: 1 [O(1)]
  8: f34->f17, W2: W2 [O(n)]
  8: f34->f17, W3: W3 [O(n)]
  8: f34->f17, W4: W4 [O(n)]
  8: f34->f17, X: X [O(n)]
  8: f34->f17, X1: X1 [O(n)]
  8: f34->f17, X2: -max{-1, -X2} [O(n)]
  8: f34->f17, X3: X3 [O(n)]
  8: f34->f17, X4: X4 [O(n)]
  8: f34->f17, Y: Y [O(n)]
  8: f34->f17, Y1: Y1 [O(n)]
  8: f34->f17, Y2: Y2 [O(n)]
  8: f34->f17, Y3: Y3 [O(n)]
  8: f34->f17, Y4: Y4 [O(n)]
  8: f34->f17, Z: Z [O(n)]
  8: f34->f17, Z1: Z1 [O(n)]
  8: f34->f17, Z3: Z3 [O(n)]
  8: f34->f17, Z4: Z4 [O(n)]
  9: f35->f35, A: A [O(n)]
  9: f35->f35, A1: A1 [O(n)]
  9: f35->f35, A2: A2 [O(n)]
  9: f35->f35, A3: A3 [O(n)]
  9: f35->f35, A4: A4 [O(n)]
  9: f35->f35, A5: A5 [O(n)]
  9: f35->f35, B: B [O(n)]
  9: f35->f35, B1: B1 [O(n)]
  9: f35->f35, B2: B2 [O(n)]
  9: f35->f35, B3: B3 [O(n)]
  9: f35->f35, B4: B4 [O(n)]
  9: f35->f35, B5: B5 [O(n)]
  9: f35->f35, C: C [O(n)]
  9: f35->f35, C1: C1 [O(n)]
  9: f35->f35, C2: 1 [O(1)]
  9: f35->f35, C3: C3 [O(n)]
  9: f35->f35, C4: C4 [O(n)]
  9: f35->f35, C5: C5 [O(n)]
  9: f35->f35, D: D2 [O(n)]
  9: f35->f35, D1: D1 [O(n)]
  9: f35->f35, D2: D2 [O(n)]
  9: f35->f35, D3: D3 [O(n)]
  9: f35->f35, D4: D4 [O(n)]
  9: f35->f35, D5: W5 [O(n)]
  9: f35->f35, E: E2 [O(n)]
  9: f35->f35, E1: E1 [O(n)]
  9: f35->f35, E2: E2 [O(n)]
  9: f35->f35, E3: E3 [O(n)]
  9: f35->f35, E4: E4 [O(n)]
  9: f35->f35, E5: Y5 [O(n)]
  9: f35->f35, F: F [O(n)]
  9: f35->f35, F1: F1 [O(n)]
  9: f35->f35, F2: F2 [O(n)]
  9: f35->f35, F3: F3 [O(n)]
  9: f35->f35, F4: F4 [O(n)]
  9: f35->f35, F5: 1 [O(1)]
  9: f35->f35, G: 1 [O(1)]
  9: f35->f35, G1: G1 [O(n)]
  9: f35->f35, G2: G2 [O(n)]
  9: f35->f35, G3: G3 [O(n)]
  9: f35->f35, G4: G4 [O(n)]
  9: f35->f35, G5: A6 [O(n)]
  9: f35->f35, H: H [O(n)]
  9: f35->f35, H1: H1 [O(n)]
  9: f35->f35, H2: H2 [O(n)]
  9: f35->f35, H3: H3 [O(n)]
  9: f35->f35, H4: H4 [O(n)]
  9: f35->f35, H5: B6 [O(n)]
  9: f35->f35, I: I [O(n)]
  9: f35->f35, I1: I1 [O(n)]
  9: f35->f35, I2: I2 [O(n)]
  9: f35->f35, I3: I3 [O(n)]
  9: f35->f35, I4: I4 [O(n)]
  9: f35->f35, I5: X5 [O(n)]
  9: f35->f35, J: J [O(n)]
  9: f35->f35, J1: J1 [O(n)]
  9: f35->f35, J2: J2 [O(n)]
  9: f35->f35, J3: J3 [O(n)]
  9: f35->f35, J4: J4 [O(n)]
  9: f35->f35, J5: D6 [O(n)]
  9: f35->f35, K: K [O(n)]
  9: f35->f35, K1: K1 [O(n)]
  9: f35->f35, K2: K2 [O(n)]
  9: f35->f35, K3: K3 [O(n)]
  9: f35->f35, K4: K4 [O(n)]
  9: f35->f35, K5: E6 [O(n)]
  9: f35->f35, L: L [O(n)]
  9: f35->f35, L1: L1 [O(n)]
  9: f35->f35, L2: L2 [O(n)]
  9: f35->f35, L3: L3 [O(n)]
  9: f35->f35, L4: L4 [O(n)]
  9: f35->f35, L5: 1 [O(1)]
  9: f35->f35, M: M [O(n)]
  9: f35->f35, M1: M1 [O(n)]
  9: f35->f35, M2: M2 [O(n)]
  9: f35->f35, M3: M3 [O(n)]
  9: f35->f35, M4: M4 [O(n)]
  9: f35->f35, M5: 1 [O(1)]
  9: f35->f35, N: N [O(n)]
  9: f35->f35, N1: N1 [O(n)]
  9: f35->f35, N2: N2 [O(n)]
  9: f35->f35, N3: N3 [O(n)]
  9: f35->f35, N4: N4 [O(n)]
  9: f35->f35, N5: N5 [O(n)]
  9: f35->f35, O: O [O(n)]
  9: f35->f35, O1: O1 [O(n)]
  9: f35->f35, O2: O2 [O(n)]
  9: f35->f35, O3: O3 [O(n)]
  9: f35->f35, O4: 1 [O(1)]
  9: f35->f35, O5: O5 [O(n)]
  9: f35->f35, P1: P1 [O(n)]
  9: f35->f35, P2: P2 [O(n)]
  9: f35->f35, P3: P3 [O(n)]
  9: f35->f35, P4: P4 [O(n)]
  9: f35->f35, P5: P5 [O(n)]
  9: f35->f35, Q1: Q1 [O(n)]
  9: f35->f35, Q2: Q2 [O(n)]
  9: f35->f35, Q3: Q3 [O(n)]
  9: f35->f35, Q4: Q4 [O(n)]
  9: f35->f35, Q5: Q5 [O(n)]
  9: f35->f35, R1: R1 [O(n)]
  9: f35->f35, R2: R2 [O(n)]
  9: f35->f35, R3: R3 [O(n)]
  9: f35->f35, R4: R4 [O(n)]
  9: f35->f35, R5: R5 [O(n)]
  9: f35->f35, S: S [O(n)]
  9: f35->f35, S1: S1 [O(n)]
  9: f35->f35, S2: S2 [O(n)]
  9: f35->f35, S3: S3 [O(n)]
  9: f35->f35, S4: S4 [O(n)]
  9: f35->f35, S5: S5 [O(n)]
  9: f35->f35, T: T [O(n)]
  9: f35->f35, T1: T1 [O(n)]
  9: f35->f35, T2: T2 [O(n)]
  9: f35->f35, T3: T3 [O(n)]
  9: f35->f35, T4: T4 [O(n)]
  9: f35->f35, U: U [O(n)]
  9: f35->f35, U1: U1 [O(n)]
  9: f35->f35, U2: U2 [O(n)]
  9: f35->f35, U3: U3 [O(n)]
  9: f35->f35, U4: U4 [O(n)]
  9: f35->f35, V: T5 [O(n)]
  9: f35->f35, V1: V1 [O(n)]
  9: f35->f35, V2: V2 [O(n)]
  9: f35->f35, V3: V3 [O(n)]
  9: f35->f35, V4: V4 [O(n)]
  9: f35->f35, W: 0 [O(1)]
  9: f35->f35, W1: W1 [O(n)]
  9: f35->f35, W2: W2 [O(n)]
  9: f35->f35, W3: W3 [O(n)]
  9: f35->f35, W4: W4 [O(n)]
  9: f35->f35, X: X [O(n)]
  9: f35->f35, X1: X1 [O(n)]
  9: f35->f35, X2: X2 [O(n)]
  9: f35->f35, X3: X3 [O(n)]
  9: f35->f35, X4: X4 [O(n)]
  9: f35->f35, Y: Y [O(n)]
  9: f35->f35, Y1: Y1 [O(n)]
  9: f35->f35, Y2: Y2 [O(n)]
  9: f35->f35, Y3: Y3 [O(n)]
  9: f35->f35, Y4: Y4 [O(n)]
  9: f35->f35, Z: Z [O(n)]
  9: f35->f35, Z1: Z1 [O(n)]
  9: f35->f35, Z2: Z2 [O(n)]
  9: f35->f35, Z3: Z3 [O(n)]
  9: f35->f35, Z4: Z4 [O(n)]
  10: f35->f0, A: A [O(n)]
  10: f35->f0, A1: A1 [O(n)]
  10: f35->f0, A2: A2 [O(n)]
  10: f35->f0, A3: A3 [O(n)]
  10: f35->f0, A4: A4 [O(n)]
  10: f35->f0, A5: A5 [O(n)]
  10: f35->f0, B: B [O(n)]
  10: f35->f0, B1: B1 [O(n)]
  10: f35->f0, B2: B2 [O(n)]
  10: f35->f0, B3: B3 [O(n)]
  10: f35->f0, B4: B4 [O(n)]
  10: f35->f0, B5: B5 [O(n)]
  10: f35->f0, C: C [O(n)]
  10: f35->f0, C1: C1 [O(n)]
  10: f35->f0, C2: -max{-1, -C2} [O(n)]
  10: f35->f0, C3: C3 [O(n)]
  10: f35->f0, C4: C4 [O(n)]
  10: f35->f0, C5: C5 [O(n)]
  10: f35->f0, D2: D2 [O(n)]
  10: f35->f0, D3: D3 [O(n)]
  10: f35->f0, D4: D4 [O(n)]
  10: f35->f0, D5: W5 [O(n)]
  10: f35->f0, E2: E2 [O(n)]
  10: f35->f0, E3: E3 [O(n)]
  10: f35->f0, E4: E4 [O(n)]
  10: f35->f0, E5: Y5 [O(n)]
  10: f35->f0, F: F [O(n)]
  10: f35->f0, F1: F1 [O(n)]
  10: f35->f0, F2: 1 [O(1)]
  10: f35->f0, F3: F3 [O(n)]
  10: f35->f0, F4: F4 [O(n)]
  10: f35->f0, F5: 1 [O(1)]
  10: f35->f0, G: 0 [O(1)]
  10: f35->f0, G1: G1 [O(n)]
  10: f35->f0, G2: G2 [O(n)]
  10: f35->f0, G3: G3 [O(n)]
  10: f35->f0, G4: G4 [O(n)]
  10: f35->f0, G5: A6 [O(n)]
  10: f35->f0, H: H [O(n)]
  10: f35->f0, H2: 1 [O(1)]
  10: f35->f0, H3: H3 [O(n)]
  10: f35->f0, H4: H4 [O(n)]
  10: f35->f0, H5: B6 [O(n)]
  10: f35->f0, I: I [O(n)]
  10: f35->f0, I1: I1 [O(n)]
  10: f35->f0, I2: I2 [O(n)]
  10: f35->f0, I3: I3 [O(n)]
  10: f35->f0, I4: I4 [O(n)]
  10: f35->f0, I5: X5 [O(n)]
  10: f35->f0, J: J [O(n)]
  10: f35->f0, J1: J1 [O(n)]
  10: f35->f0, J2: J2 [O(n)]
  10: f35->f0, J3: J3 [O(n)]
  10: f35->f0, J4: J4 [O(n)]
  10: f35->f0, J5: D6 [O(n)]
  10: f35->f0, K1: K1 [O(n)]
  10: f35->f0, K2: K2 [O(n)]
  10: f35->f0, K3: K3 [O(n)]
  10: f35->f0, K4: K4 [O(n)]
  10: f35->f0, K5: E6 [O(n)]
  10: f35->f0, L1: L1 [O(n)]
  10: f35->f0, L2: L2 [O(n)]
  10: f35->f0, L3: L3 [O(n)]
  10: f35->f0, L4: L4 [O(n)]
  10: f35->f0, L5: 1 [O(1)]
  10: f35->f0, M: M [O(n)]
  10: f35->f0, M1: M1 [O(n)]
  10: f35->f0, M2: M2 [O(n)]
  10: f35->f0, M3: M3 [O(n)]
  10: f35->f0, M4: M4 [O(n)]
  10: f35->f0, M5: 1 [O(1)]
  10: f35->f0, N: N [O(n)]
  10: f35->f0, N1: N1 [O(n)]
  10: f35->f0, N2: N2 [O(n)]
  10: f35->f0, N3: N3 [O(n)]
  10: f35->f0, N4: N4 [O(n)]
  10: f35->f0, N5: N5 [O(n)]
  10: f35->f0, O: O [O(n)]
  10: f35->f0, O1: O1 [O(n)]
  10: f35->f0, O2: O2 [O(n)]
  10: f35->f0, O3: O3 [O(n)]
  10: f35->f0, O4: 1 [O(1)]
  10: f35->f0, O5: O5 [O(n)]
  10: f35->f0, P1: P1 [O(n)]
  10: f35->f0, P2: P2 [O(n)]
  10: f35->f0, P3: P3 [O(n)]
  10: f35->f0, P4: P4 [O(n)]
  10: f35->f0, P5: P5 [O(n)]
  10: f35->f0, Q1: Q1 [O(n)]
  10: f35->f0, Q2: Q2 [O(n)]
  10: f35->f0, Q3: Q3 [O(n)]
  10: f35->f0, Q4: Q4 [O(n)]
  10: f35->f0, Q5: Q5 [O(n)]
  10: f35->f0, R1: R1 [O(n)]
  10: f35->f0, R3: R3 [O(n)]
  10: f35->f0, R4: R4 [O(n)]
  10: f35->f0, R5: R5 [O(n)]
  10: f35->f0, S: S [O(n)]
  10: f35->f0, S1: S1 [O(n)]
  10: f35->f0, S3: S3 [O(n)]
  10: f35->f0, S4: S4 [O(n)]
  10: f35->f0, S5: S5 [O(n)]
  10: f35->f0, T: T [O(n)]
  10: f35->f0, T1: T1 [O(n)]
  10: f35->f0, T3: T3 [O(n)]
  10: f35->f0, T4: T4 [O(n)]
  10: f35->f0, U: U [O(n)]
  10: f35->f0, U1: U1 [O(n)]
  10: f35->f0, U3: U3 [O(n)]
  10: f35->f0, U4: U4 [O(n)]
  10: f35->f0, V: T5 [O(n)]
  10: f35->f0, V1: V1 [O(n)]
  10: f35->f0, V2: V2 [O(n)]
  10: f35->f0, V3: V3 [O(n)]
  10: f35->f0, V4: V4 [O(n)]
  10: f35->f0, W1: W1 [O(n)]
  10: f35->f0, W2: W2 [O(n)]
  10: f35->f0, W3: W3 [O(n)]
  10: f35->f0, W4: W4 [O(n)]
  10: f35->f0, X: X [O(n)]
  10: f35->f0, X1: X1 [O(n)]
  10: f35->f0, X2: X2 [O(n)]
  10: f35->f0, X3: X3 [O(n)]
  10: f35->f0, X4: X4 [O(n)]
  10: f35->f0, Y: Y [O(n)]
  10: f35->f0, Y1: Y1 [O(n)]
  10: f35->f0, Y2: Y2 [O(n)]
  10: f35->f0, Y3: Y3 [O(n)]
  10: f35->f0, Y4: Y4 [O(n)]
  10: f35->f0, Z: Z [O(n)]
  10: f35->f0, Z1: Z1 [O(n)]
  10: f35->f0, Z2: Z2 [O(n)]
  10: f35->f0, Z3: Z3 [O(n)]
  10: f35->f0, Z4: Z4 [O(n)]
  18: f35->f34, A: A [O(n)]
  18: f35->f34, A1: A1 [O(n)]
  18: f35->f34, A2: A2 [O(n)]
  18: f35->f34, A3: A3 [O(n)]
  18: f35->f34, A4: A4 [O(n)]
  18: f35->f34, A5: A5 [O(n)]
  18: f35->f34, B: B [O(n)]
  18: f35->f34, B1: B1 [O(n)]
  18: f35->f34, B2: B2 [O(n)]
  18: f35->f34, B3: B3 [O(n)]
  18: f35->f34, B4: B4 [O(n)]
  18: f35->f34, B5: B5 [O(n)]
  18: f35->f34, C: C [O(n)]
  18: f35->f34, C1: C1 [O(n)]
  18: f35->f34, C2: -max{-1, -C2} [O(n)]
  18: f35->f34, C3: C3 [O(n)]
  18: f35->f34, C4: C4 [O(n)]
  18: f35->f34, C5: C5 [O(n)]
  18: f35->f34, D: P3 [O(n)]
  18: f35->f34, D2: D2 [O(n)]
  18: f35->f34, D3: D3 [O(n)]
  18: f35->f34, D4: D4 [O(n)]
  18: f35->f34, D5: W5 [O(n)]
  18: f35->f34, E: Q3 [O(n)]
  18: f35->f34, E2: E2 [O(n)]
  18: f35->f34, E3: E3 [O(n)]
  18: f35->f34, E4: E4 [O(n)]
  18: f35->f34, E5: Y5 [O(n)]
  18: f35->f34, F: 2 [O(1)]
  18: f35->f34, F1: F1 [O(n)]
  18: f35->f34, F2: 1 [O(1)]
  18: f35->f34, F3: F3 [O(n)]
  18: f35->f34, F4: F4 [O(n)]
  18: f35->f34, F5: 1 [O(1)]
  18: f35->f34, G: 1 [O(1)]
  18: f35->f34, G1: G1 [O(n)]
  18: f35->f34, G2: G2 [O(n)]
  18: f35->f34, G3: G3 [O(n)]
  18: f35->f34, G4: G4 [O(n)]
  18: f35->f34, G5: A6 [O(n)]
  18: f35->f34, H1: H1 [O(n)]
  18: f35->f34, H2: 1 [O(1)]
  18: f35->f34, H3: H3 [O(n)]
  18: f35->f34, H4: H4 [O(n)]
  18: f35->f34, H5: B6 [O(n)]
  18: f35->f34, I1: I1 [O(n)]
  18: f35->f34, I2: I2 [O(n)]
  18: f35->f34, I3: I3 [O(n)]
  18: f35->f34, I4: I4 [O(n)]
  18: f35->f34, I5: X5 [O(n)]
  18: f35->f34, J1: J1 [O(n)]
  18: f35->f34, J2: J2 [O(n)]
  18: f35->f34, J3: J3 [O(n)]
  18: f35->f34, J4: J4 [O(n)]
  18: f35->f34, J5: D6 [O(n)]
  18: f35->f34, K1: K1 [O(n)]
  18: f35->f34, K2: K2 [O(n)]
  18: f35->f34, K3: K3 [O(n)]
  18: f35->f34, K4: K4 [O(n)]
  18: f35->f34, K5: E6 [O(n)]
  18: f35->f34, L1: L1 [O(n)]
  18: f35->f34, L2: L2 [O(n)]
  18: f35->f34, L3: L3 [O(n)]
  18: f35->f34, L4: L4 [O(n)]
  18: f35->f34, L5: 2 [O(1)]
  18: f35->f34, M: M [O(n)]
  18: f35->f34, M1: M1 [O(n)]
  18: f35->f34, M2: M2 [O(n)]
  18: f35->f34, M3: M3 [O(n)]
  18: f35->f34, M5: 1 [O(1)]
  18: f35->f34, N: N [O(n)]
  18: f35->f34, N1: N1 [O(n)]
  18: f35->f34, N2: N2 [O(n)]
  18: f35->f34, N3: N3 [O(n)]
  18: f35->f34, N5: N5 [O(n)]
  18: f35->f34, O: O [O(n)]
  18: f35->f34, O1: O1 [O(n)]
  18: f35->f34, O2: O2 [O(n)]
  18: f35->f34, O3: O3 [O(n)]
  18: f35->f34, O4: 2 [O(1)]
  18: f35->f34, O5: O5 [O(n)]
  18: f35->f34, P1: 2 [O(1)]
  18: f35->f34, P2: P2 [O(n)]
  18: f35->f34, P3: P3 [O(n)]
  18: f35->f34, P4: P4 [O(n)]
  18: f35->f34, P5: P5 [O(n)]
  18: f35->f34, Q1: Q1 [O(n)]
  18: f35->f34, Q2: Q2 [O(n)]
  18: f35->f34, Q3: Q3 [O(n)]
  18: f35->f34, Q4: Q4 [O(n)]
  18: f35->f34, Q5: Q5 [O(n)]
  18: f35->f34, R1: R1 [O(n)]
  18: f35->f34, R2: R2 [O(n)]
  18: f35->f34, R3: R3 [O(n)]
  18: f35->f34, R4: R4 [O(n)]
  18: f35->f34, R5: R5 [O(n)]
  18: f35->f34, S: S [O(n)]
  18: f35->f34, S1: S1 [O(n)]
  18: f35->f34, S2: S2 [O(n)]
  18: f35->f34, S3: 1 [O(1)]
  18: f35->f34, S4: S4 [O(n)]
  18: f35->f34, S5: S5 [O(n)]
  18: f35->f34, T: T [O(n)]
  18: f35->f34, T1: T1 [O(n)]
  18: f35->f34, T3: T3 [O(n)]
  18: f35->f34, T4: T4 [O(n)]
  18: f35->f34, U: U [O(n)]
  18: f35->f34, U1: U1 [O(n)]
  18: f35->f34, U3: U3 [O(n)]
  18: f35->f34, U4: U4 [O(n)]
  18: f35->f34, V1: V1 [O(n)]
  18: f35->f34, V2: V2 [O(n)]
  18: f35->f34, V3: V3 [O(n)]
  18: f35->f34, V4: V4 [O(n)]
  18: f35->f34, W: 0 [O(1)]
  18: f35->f34, W1: W1 [O(n)]
  18: f35->f34, W2: W2 [O(n)]
  18: f35->f34, W3: W3 [O(n)]
  18: f35->f34, W4: W4 [O(n)]
  18: f35->f34, X: X [O(n)]
  18: f35->f34, X1: X1 [O(n)]
  18: f35->f34, X2: X2 [O(n)]
  18: f35->f34, X3: X3 [O(n)]
  18: f35->f34, X4: X4 [O(n)]
  18: f35->f34, Y: Y [O(n)]
  18: f35->f34, Y1: Y1 [O(n)]
  18: f35->f34, Y2: Y2 [O(n)]
  18: f35->f34, Y3: Y3 [O(n)]
  18: f35->f34, Y4: Y4 [O(n)]
  18: f35->f34, Z: Z [O(n)]
  18: f35->f34, Z1: Z1 [O(n)]
  18: f35->f34, Z2: Z2 [O(n)]
  18: f35->f34, Z3: Z3 [O(n)]
  18: f35->f34, Z4: Z4 [O(n)]
  11: f36->f36, A: A [O(n)]
  11: f36->f36, A1: A1 [O(n)]
  11: f36->f36, A2: A2 [O(n)]
  11: f36->f36, A3: A3 [O(n)]
  11: f36->f36, A4: A4 [O(n)]
  11: f36->f36, A5: A5 [O(n)]
  11: f36->f36, B: B [O(n)]
  11: f36->f36, B1: B1 [O(n)]
  11: f36->f36, B2: B2 [O(n)]
  11: f36->f36, B3: B3 [O(n)]
  11: f36->f36, B4: B4 [O(n)]
  11: f36->f36, B5: B5 [O(n)]
  11: f36->f36, C: C [O(n)]
  11: f36->f36, C1: C1 [O(n)]
  11: f36->f36, C2: C2 [O(n)]
  11: f36->f36, C3: C3 [O(n)]
  11: f36->f36, C4: C4 [O(n)]
  11: f36->f36, C5: V5 [O(n)]
  11: f36->f36, D: V2 [O(n)]
  11: f36->f36, D1: D1 [O(n)]
  11: f36->f36, D2: D2 [O(n)]
  11: f36->f36, D3: D3 [O(n)]
  11: f36->f36, D4: D4 [O(n)]
  11: f36->f36, D5: Y5 [O(n)]
  11: f36->f36, E: W2 [O(n)]
  11: f36->f36, E1: E1 [O(n)]
  11: f36->f36, E2: E2 [O(n)]
  11: f36->f36, E3: E3 [O(n)]
  11: f36->f36, E4: E4 [O(n)]
  11: f36->f36, E5: Z5 [O(n)]
  11: f36->f36, F: F [O(n)]
  11: f36->f36, F1: F1 [O(n)]
  11: f36->f36, F2: F2 [O(n)]
  11: f36->f36, F3: F3 [O(n)]
  11: f36->f36, F4: F4 [O(n)]
  11: f36->f36, F5: A6 [O(n)]
  11: f36->f36, G1: G1 [O(n)]
  11: f36->f36, G2: G2 [O(n)]
  11: f36->f36, G3: G3 [O(n)]
  11: f36->f36, G4: G4 [O(n)]
  11: f36->f36, G5: B6 [O(n)]
  11: f36->f36, H: H [O(n)]
  11: f36->f36, H1: H1 [O(n)]
  11: f36->f36, H2: H2 [O(n)]
  11: f36->f36, H3: H3 [O(n)]
  11: f36->f36, H4: H4 [O(n)]
  11: f36->f36, H5: X5 [O(n)]
  11: f36->f36, I: I [O(n)]
  11: f36->f36, I1: I1 [O(n)]
  11: f36->f36, I2: I2 [O(n)]
  11: f36->f36, I3: I3 [O(n)]
  11: f36->f36, I4: I4 [O(n)]
  11: f36->f36, I5: D6 [O(n)]
  11: f36->f36, J: J [O(n)]
  11: f36->f36, J1: J1 [O(n)]
  11: f36->f36, J2: J2 [O(n)]
  11: f36->f36, J3: J3 [O(n)]
  11: f36->f36, J4: J4 [O(n)]
  11: f36->f36, J5: E6 [O(n)]
  11: f36->f36, K: K [O(n)]
  11: f36->f36, K1: K1 [O(n)]
  11: f36->f36, K2: K2 [O(n)]
  11: f36->f36, K3: K3 [O(n)]
  11: f36->f36, K4: K4 [O(n)]
  11: f36->f36, K5: F6 [O(n)]
  11: f36->f36, L: L [O(n)]
  11: f36->f36, L1: L1 [O(n)]
  11: f36->f36, L2: L2 [O(n)]
  11: f36->f36, L3: L3 [O(n)]
  11: f36->f36, L4: L4 [O(n)]
  11: f36->f36, L5: 1 [O(1)]
  11: f36->f36, M: M [O(n)]
  11: f36->f36, M1: M1 [O(n)]
  11: f36->f36, M2: M2 [O(n)]
  11: f36->f36, M3: M3 [O(n)]
  11: f36->f36, M4: M4 [O(n)]
  11: f36->f36, M5: M5 [O(n)]
  11: f36->f36, N: N [O(n)]
  11: f36->f36, N1: N1 [O(n)]
  11: f36->f36, N2: N2 [O(n)]
  11: f36->f36, N3: N3 [O(n)]
  11: f36->f36, N4: N4 [O(n)]
  11: f36->f36, N5: N5 [O(n)]
  11: f36->f36, O: O [O(n)]
  11: f36->f36, O1: O1 [O(n)]
  11: f36->f36, O2: O2 [O(n)]
  11: f36->f36, O3: O3 [O(n)]
  11: f36->f36, O4: 1 [O(1)]
  11: f36->f36, O5: O5 [O(n)]
  11: f36->f36, P1: P1 [O(n)]
  11: f36->f36, P2: P2 [O(n)]
  11: f36->f36, P3: P3 [O(n)]
  11: f36->f36, P4: P4 [O(n)]
  11: f36->f36, P5: P5 [O(n)]
  11: f36->f36, Q1: Q1 [O(n)]
  11: f36->f36, Q2: Q2 [O(n)]
  11: f36->f36, Q3: Q3 [O(n)]
  11: f36->f36, Q4: Q4 [O(n)]
  11: f36->f36, Q5: Q5 [O(n)]
  11: f36->f36, R1: R1 [O(n)]
  11: f36->f36, R2: R2 [O(n)]
  11: f36->f36, R3: R3 [O(n)]
  11: f36->f36, R4: R4 [O(n)]
  11: f36->f36, R5: R5 [O(n)]
  11: f36->f36, S: S [O(n)]
  11: f36->f36, S1: S1 [O(n)]
  11: f36->f36, S2: S2 [O(n)]
  11: f36->f36, S3: S3 [O(n)]
  11: f36->f36, S4: S4 [O(n)]
  11: f36->f36, S5: S5 [O(n)]
  11: f36->f36, T: T [O(n)]
  11: f36->f36, T1: T1 [O(n)]
  11: f36->f36, T2: T2 [O(n)]
  11: f36->f36, T3: T3 [O(n)]
  11: f36->f36, T4: T4 [O(n)]
  11: f36->f36, U: U [O(n)]
  11: f36->f36, U1: U1 [O(n)]
  11: f36->f36, U2: U2 [O(n)]
  11: f36->f36, U3: U3 [O(n)]
  11: f36->f36, U4: U4 [O(n)]
  11: f36->f36, V: W5 [O(n)]
  11: f36->f36, V1: V1 [O(n)]
  11: f36->f36, V2: V2 [O(n)]
  11: f36->f36, V3: V3 [O(n)]
  11: f36->f36, V4: V4 [O(n)]
  11: f36->f36, W: 0 [O(1)]
  11: f36->f36, W1: W1 [O(n)]
  11: f36->f36, W2: W2 [O(n)]
  11: f36->f36, W3: W3 [O(n)]
  11: f36->f36, W4: W4 [O(n)]
  11: f36->f36, X: X [O(n)]
  11: f36->f36, X1: X1 [O(n)]
  11: f36->f36, X2: X2 [O(n)]
  11: f36->f36, X3: X3 [O(n)]
  11: f36->f36, X4: X4 [O(n)]
  11: f36->f36, Y: Y [O(n)]
  11: f36->f36, Y1: Y1 [O(n)]
  11: f36->f36, Y2: Y2 [O(n)]
  11: f36->f36, Y3: Y3 [O(n)]
  11: f36->f36, Y4: Y4 [O(n)]
  11: f36->f36, Z: Z [O(n)]
  11: f36->f36, Z1: Z1 [O(n)]
  11: f36->f36, Z3: Z3 [O(n)]
  11: f36->f36, Z4: Z4 [O(n)]
  12: f36->f0, A: A [O(n)]
  12: f36->f0, A1: A1 [O(n)]
  12: f36->f0, A2: A2 [O(n)]
  12: f36->f0, A3: A3 [O(n)]
  12: f36->f0, A4: A4 [O(n)]
  12: f36->f0, A5: A5 [O(n)]
  12: f36->f0, B: B [O(n)]
  12: f36->f0, B1: B1 [O(n)]
  12: f36->f0, B2: B2 [O(n)]
  12: f36->f0, B3: B3 [O(n)]
  12: f36->f0, B4: B4 [O(n)]
  12: f36->f0, B5: B5 [O(n)]
  12: f36->f0, C: C [O(n)]
  12: f36->f0, C1: C1 [O(n)]
  12: f36->f0, C2: C2 [O(n)]
  12: f36->f0, C3: C3 [O(n)]
  12: f36->f0, C4: C4 [O(n)]
  12: f36->f0, C5: V5 [O(n)]
  12: f36->f0, D2: D2 [O(n)]
  12: f36->f0, D3: D3 [O(n)]
  12: f36->f0, D4: D4 [O(n)]
  12: f36->f0, D5: Y5 [O(n)]
  12: f36->f0, E2: E2 [O(n)]
  12: f36->f0, E3: E3 [O(n)]
  12: f36->f0, E4: E4 [O(n)]
  12: f36->f0, E5: Z5 [O(n)]
  12: f36->f0, F: F [O(n)]
  12: f36->f0, F1: F1 [O(n)]
  12: f36->f0, F2: F2 [O(n)]
  12: f36->f0, F3: F3 [O(n)]
  12: f36->f0, F4: F4 [O(n)]
  12: f36->f0, F5: A6 [O(n)]
  12: f36->f0, G: 0 [O(1)]
  12: f36->f0, G1: G1 [O(n)]
  12: f36->f0, G2: G2 [O(n)]
  12: f36->f0, G3: G3 [O(n)]
  12: f36->f0, G4: G4 [O(n)]
  12: f36->f0, G5: B6 [O(n)]
  12: f36->f0, H: H [O(n)]
  12: f36->f0, H2: H2 [O(n)]
  12: f36->f0, H3: H3 [O(n)]
  12: f36->f0, H4: H4 [O(n)]
  12: f36->f0, H5: X5 [O(n)]
  12: f36->f0, I: I [O(n)]
  12: f36->f0, I1: I1 [O(n)]
  12: f36->f0, I2: I2 [O(n)]
  12: f36->f0, I3: I3 [O(n)]
  12: f36->f0, I4: I4 [O(n)]
  12: f36->f0, I5: D6 [O(n)]
  12: f36->f0, J: J [O(n)]
  12: f36->f0, J1: J1 [O(n)]
  12: f36->f0, J2: J2 [O(n)]
  12: f36->f0, J4: J4 [O(n)]
  12: f36->f0, J5: E6 [O(n)]
  12: f36->f0, K1: K1 [O(n)]
  12: f36->f0, K2: K2 [O(n)]
  12: f36->f0, K4: K4 [O(n)]
  12: f36->f0, K5: F6 [O(n)]
  12: f36->f0, L1: L1 [O(n)]
  12: f36->f0, L2: L2 [O(n)]
  12: f36->f0, L4: L4 [O(n)]
  12: f36->f0, L5: 1 [O(1)]
  12: f36->f0, M: M [O(n)]
  12: f36->f0, M1: M1 [O(n)]
  12: f36->f0, M2: M2 [O(n)]
  12: f36->f0, M4: M4 [O(n)]
  12: f36->f0, M5: M5 [O(n)]
  12: f36->f0, N: N [O(n)]
  12: f36->f0, N1: N1 [O(n)]
  12: f36->f0, N2: N2 [O(n)]
  12: f36->f0, N4: N4 [O(n)]
  12: f36->f0, N5: N5 [O(n)]
  12: f36->f0, O: O [O(n)]
  12: f36->f0, O1: O1 [O(n)]
  12: f36->f0, O2: O2 [O(n)]
  12: f36->f0, O3: O3 [O(n)]
  12: f36->f0, O4: 1 [O(1)]
  12: f36->f0, O5: O5 [O(n)]
  12: f36->f0, P1: P1 [O(n)]
  12: f36->f0, P2: P2 [O(n)]
  12: f36->f0, P3: P3 [O(n)]
  12: f36->f0, P4: P4 [O(n)]
  12: f36->f0, P5: P5 [O(n)]
  12: f36->f0, Q1: Q1 [O(n)]
  12: f36->f0, Q2: Q2 [O(n)]
  12: f36->f0, Q3: Q3 [O(n)]
  12: f36->f0, Q4: Q4 [O(n)]
  12: f36->f0, Q5: Q5 [O(n)]
  12: f36->f0, R1: R1 [O(n)]
  12: f36->f0, R2: R2 [O(n)]
  12: f36->f0, R3: R3 [O(n)]
  12: f36->f0, R4: R4 [O(n)]
  12: f36->f0, R5: R5 [O(n)]
  12: f36->f0, S: S [O(n)]
  12: f36->f0, S1: S1 [O(n)]
  12: f36->f0, S2: S2 [O(n)]
  12: f36->f0, S3: S3 [O(n)]
  12: f36->f0, S4: S4 [O(n)]
  12: f36->f0, S5: S5 [O(n)]
  12: f36->f0, T: T [O(n)]
  12: f36->f0, T1: T1 [O(n)]
  12: f36->f0, T2: T2 [O(n)]
  12: f36->f0, T3: T3 [O(n)]
  12: f36->f0, T4: T4 [O(n)]
  12: f36->f0, U: U [O(n)]
  12: f36->f0, U1: U1 [O(n)]
  12: f36->f0, U2: U2 [O(n)]
  12: f36->f0, U3: U3 [O(n)]
  12: f36->f0, U4: U4 [O(n)]
  12: f36->f0, V: W5 [O(n)]
  12: f36->f0, V1: V1 [O(n)]
  12: f36->f0, V2: V2 [O(n)]
  12: f36->f0, V3: V3 [O(n)]
  12: f36->f0, V4: V4 [O(n)]
  12: f36->f0, W1: W1 [O(n)]
  12: f36->f0, W2: W2 [O(n)]
  12: f36->f0, W3: W3 [O(n)]
  12: f36->f0, W4: W4 [O(n)]
  12: f36->f0, X: X [O(n)]
  12: f36->f0, X1: X1 [O(n)]
  12: f36->f0, X2: 1 [O(1)]
  12: f36->f0, X3: X3 [O(n)]
  12: f36->f0, X4: X4 [O(n)]
  12: f36->f0, Y: Y [O(n)]
  12: f36->f0, Y1: Y1 [O(n)]
  12: f36->f0, Y2: Y2 [O(n)]
  12: f36->f0, Y3: Y3 [O(n)]
  12: f36->f0, Y4: Y4 [O(n)]
  12: f36->f0, Z: Z [O(n)]
  12: f36->f0, Z1: Z1 [O(n)]
  12: f36->f0, Z3: Z3 [O(n)]
  12: f36->f0, Z4: Z4 [O(n)]
  19: f36->f34, A: A [O(n)]
  19: f36->f34, A1: A1 [O(n)]
  19: f36->f34, A2: A2 [O(n)]
  19: f36->f34, A3: A3 [O(n)]
  19: f36->f34, A4: A4 [O(n)]
  19: f36->f34, A5: A5 [O(n)]
  19: f36->f34, B: B [O(n)]
  19: f36->f34, B1: B1 [O(n)]
  19: f36->f34, B2: B2 [O(n)]
  19: f36->f34, B3: B3 [O(n)]
  19: f36->f34, B4: B4 [O(n)]
  19: f36->f34, B5: B5 [O(n)]
  19: f36->f34, C: C [O(n)]
  19: f36->f34, C1: C1 [O(n)]
  19: f36->f34, C2: C2 [O(n)]
  19: f36->f34, C3: C3 [O(n)]
  19: f36->f34, C4: C4 [O(n)]
  19: f36->f34, C5: V5 [O(n)]
  19: f36->f34, D: P3 [O(n)]
  19: f36->f34, D2: D2 [O(n)]
  19: f36->f34, D3: D3 [O(n)]
  19: f36->f34, D4: D4 [O(n)]
  19: f36->f34, D5: Y5 [O(n)]
  19: f36->f34, E: Q3 [O(n)]
  19: f36->f34, E2: E2 [O(n)]
  19: f36->f34, E3: E3 [O(n)]
  19: f36->f34, E4: E4 [O(n)]
  19: f36->f34, E5: Z5 [O(n)]
  19: f36->f34, F: F [O(n)]
  19: f36->f34, F1: F1 [O(n)]
  19: f36->f34, F2: F2 [O(n)]
  19: f36->f34, F3: F3 [O(n)]
  19: f36->f34, F4: F4 [O(n)]
  19: f36->f34, F5: A6 [O(n)]
  19: f36->f34, G: 1 [O(1)]
  19: f36->f34, G1: G1 [O(n)]
  19: f36->f34, G2: G2 [O(n)]
  19: f36->f34, G3: G3 [O(n)]
  19: f36->f34, G4: G4 [O(n)]
  19: f36->f34, G5: B6 [O(n)]
  19: f36->f34, H: H [O(n)]
  19: f36->f34, H1: H1 [O(n)]
  19: f36->f34, H2: H2 [O(n)]
  19: f36->f34, H3: H3 [O(n)]
  19: f36->f34, H4: H4 [O(n)]
  19: f36->f34, H5: X5 [O(n)]
  19: f36->f34, I: I [O(n)]
  19: f36->f34, I1: I1 [O(n)]
  19: f36->f34, I2: I2 [O(n)]
  19: f36->f34, I3: I3 [O(n)]
  19: f36->f34, I4: I4 [O(n)]
  19: f36->f34, I5: D6 [O(n)]
  19: f36->f34, J: J [O(n)]
  19: f36->f34, J1: J1 [O(n)]
  19: f36->f34, J2: J2 [O(n)]
  19: f36->f34, J3: J3 [O(n)]
  19: f36->f34, J4: J4 [O(n)]
  19: f36->f34, J5: E6 [O(n)]
  19: f36->f34, K1: K1 [O(n)]
  19: f36->f34, K2: K2 [O(n)]
  19: f36->f34, K4: K4 [O(n)]
  19: f36->f34, K5: F6 [O(n)]
  19: f36->f34, L1: L1 [O(n)]
  19: f36->f34, L2: L2 [O(n)]
  19: f36->f34, L4: L4 [O(n)]
  19: f36->f34, L5: 2 [O(1)]
  19: f36->f34, M: M [O(n)]
  19: f36->f34, M1: M1 [O(n)]
  19: f36->f34, M2: M2 [O(n)]
  19: f36->f34, M4: M4 [O(n)]
  19: f36->f34, M5: M5 [O(n)]
  19: f36->f34, N: N [O(n)]
  19: f36->f34, N1: N1 [O(n)]
  19: f36->f34, N2: N2 [O(n)]
  19: f36->f34, N4: N4 [O(n)]
  19: f36->f34, N5: N5 [O(n)]
  19: f36->f34, O: O [O(n)]
  19: f36->f34, O1: O1 [O(n)]
  19: f36->f34, O2: O2 [O(n)]
  19: f36->f34, O3: O3 [O(n)]
  19: f36->f34, O4: 2 [O(1)]
  19: f36->f34, O5: O5 [O(n)]
  19: f36->f34, P1: P1 [O(n)]
  19: f36->f34, P2: P2 [O(n)]
  19: f36->f34, P3: P3 [O(n)]
  19: f36->f34, P4: P4 [O(n)]
  19: f36->f34, P5: P5 [O(n)]
  19: f36->f34, Q1: Q1 [O(n)]
  19: f36->f34, Q2: Q2 [O(n)]
  19: f36->f34, Q3: Q3 [O(n)]
  19: f36->f34, Q4: Q4 [O(n)]
  19: f36->f34, Q5: Q5 [O(n)]
  19: f36->f34, R1: R1 [O(n)]
  19: f36->f34, R2: R2 [O(n)]
  19: f36->f34, R3: R3 [O(n)]
  19: f36->f34, R4: R4 [O(n)]
  19: f36->f34, R5: R5 [O(n)]
  19: f36->f34, S: S [O(n)]
  19: f36->f34, S1: S1 [O(n)]
  19: f36->f34, S2: S2 [O(n)]
  19: f36->f34, S3: 1 [O(1)]
  19: f36->f34, S4: S4 [O(n)]
  19: f36->f34, S5: S5 [O(n)]
  19: f36->f34, T: T [O(n)]
  19: f36->f34, T1: T1 [O(n)]
  19: f36->f34, T2: T2 [O(n)]
  19: f36->f34, T3: T3 [O(n)]
  19: f36->f34, T4: T4 [O(n)]
  19: f36->f34, U: U [O(n)]
  19: f36->f34, U1: U1 [O(n)]
  19: f36->f34, U2: U2 [O(n)]
  19: f36->f34, U3: U3 [O(n)]
  19: f36->f34, U4: U4 [O(n)]
  19: f36->f34, V1: V1 [O(n)]
  19: f36->f34, V2: V2 [O(n)]
  19: f36->f34, V3: V3 [O(n)]
  19: f36->f34, W: 0 [O(1)]
  19: f36->f34, W1: W1 [O(n)]
  19: f36->f34, W2: W2 [O(n)]
  19: f36->f34, W3: W3 [O(n)]
  19: f36->f34, W4: W4 [O(n)]
  19: f36->f34, X: X [O(n)]
  19: f36->f34, X1: X1 [O(n)]
  19: f36->f34, X2: 1 [O(1)]
  19: f36->f34, X3: X3 [O(n)]
  19: f36->f34, X4: X4 [O(n)]
  19: f36->f34, Y: Y [O(n)]
  19: f36->f34, Y1: Y1 [O(n)]
  19: f36->f34, Y2: Y2 [O(n)]
  19: f36->f34, Y3: Y3 [O(n)]
  19: f36->f34, Y4: Y4 [O(n)]
  19: f36->f34, Z: Z [O(n)]
  19: f36->f34, Z1: Z1 [O(n)]
  19: f36->f34, Z3: Z3 [O(n)]
  19: f36->f34, Z4: Z4 [O(n)]
`Upper:
  20: f14->f36, A: A [O(n)]
  20: f14->f36, A1: A1 [O(n)]
  20: f14->f36, A2: A2 [O(n)]
  20: f14->f36, A3: A3 [O(n)]
  20: f14->f36, A4: A4 [O(n)]
  20: f14->f36, A5: A5 [O(n)]
  20: f14->f36, B: B [O(n)]
  20: f14->f36, B1: B1 [O(n)]
  20: f14->f36, B2: B2 [O(n)]
  20: f14->f36, B3: B3 [O(n)]
  20: f14->f36, B4: B4 [O(n)]
  20: f14->f36, B5: B5 [O(n)]
  20: f14->f36, C: C [O(n)]
  20: f14->f36, C1: C1 [O(n)]
  20: f14->f36, C2: C2 [O(n)]
  20: f14->f36, C3: C3 [O(n)]
  20: f14->f36, C4: C4 [O(n)]
  20: f14->f36, C5: 0 [O(1)]
  20: f14->f36, D: Y4 [O(n)]
  20: f14->f36, D1: D1 [O(n)]
  20: f14->f36, D2: D2 [O(n)]
  20: f14->f36, D3: D3 [O(n)]
  20: f14->f36, D4: D4 [O(n)]
  20: f14->f36, D5: Y5 [O(n)]
  20: f14->f36, E: Z4 [O(n)]
  20: f14->f36, E1: E1 [O(n)]
  20: f14->f36, E2: E2 [O(n)]
  20: f14->f36, E3: E3 [O(n)]
  20: f14->f36, E4: E4 [O(n)]
  20: f14->f36, E5: Z5 [O(n)]
  20: f14->f36, F: F [O(n)]
  20: f14->f36, F1: F1 [O(n)]
  20: f14->f36, F2: F2 [O(n)]
  20: f14->f36, F3: F3 [O(n)]
  20: f14->f36, F4: F4 [O(n)]
  20: f14->f36, F5: 0 [O(1)]
  20: f14->f36, G: 0 [O(1)]
  20: f14->f36, G1: G1 [O(n)]
  20: f14->f36, G2: G2 [O(n)]
  20: f14->f36, G3: G3 [O(n)]
  20: f14->f36, G4: G4 [O(n)]
  20: f14->f36, G5: B6 [O(n)]
  20: f14->f36, H: H [O(n)]
  20: f14->f36, H1: H1 [O(n)]
  20: f14->f36, H2: H2 [O(n)]
  20: f14->f36, H3: H3 [O(n)]
  20: f14->f36, H4: H4 [O(n)]
  20: f14->f36, H5: X5 [O(n)]
  20: f14->f36, I: I [O(n)]
  20: f14->f36, I1: I1 [O(n)]
  20: f14->f36, I2: I2 [O(n)]
  20: f14->f36, I3: I3 [O(n)]
  20: f14->f36, I4: I4 [O(n)]
  20: f14->f36, I5: D6 [O(n)]
  20: f14->f36, J: J [O(n)]
  20: f14->f36, J1: J1 [O(n)]
  20: f14->f36, J2: J2 [O(n)]
  20: f14->f36, J3: J3 [O(n)]
  20: f14->f36, J4: J4 [O(n)]
  20: f14->f36, J5: E6 [O(n)]
  20: f14->f36, K: K [O(n)]
  20: f14->f36, K1: K1 [O(n)]
  20: f14->f36, K2: K2 [O(n)]
  20: f14->f36, K3: K3 [O(n)]
  20: f14->f36, K4: K4 [O(n)]
  20: f14->f36, K5: F6 [O(n)]
  20: f14->f36, L: L [O(n)]
  20: f14->f36, L1: L1 [O(n)]
  20: f14->f36, L2: L2 [O(n)]
  20: f14->f36, L3: L3 [O(n)]
  20: f14->f36, L4: L4 [O(n)]
  20: f14->f36, L5: U5 [O(n)]
  20: f14->f36, M: M [O(n)]
  20: f14->f36, M1: M1 [O(n)]
  20: f14->f36, M2: M2 [O(n)]
  20: f14->f36, M3: M3 [O(n)]
  20: f14->f36, M4: M4 [O(n)]
  20: f14->f36, M5: M5 [O(n)]
  20: f14->f36, N: N [O(n)]
  20: f14->f36, N1: N1 [O(n)]
  20: f14->f36, N2: N2 [O(n)]
  20: f14->f36, N3: N3 [O(n)]
  20: f14->f36, N4: N4 [O(n)]
  20: f14->f36, N5: N5 [O(n)]
  20: f14->f36, O: O [O(n)]
  20: f14->f36, O1: O1 [O(n)]
  20: f14->f36, O2: O2 [O(n)]
  20: f14->f36, O3: O3 [O(n)]
  20: f14->f36, O4: U5 [O(n)]
  20: f14->f36, O5: O5 [O(n)]
  20: f14->f36, P: T5 [O(n)]
  20: f14->f36, P1: P1 [O(n)]
  20: f14->f36, P2: P2 [O(n)]
  20: f14->f36, P3: P3 [O(n)]
  20: f14->f36, P4: P4 [O(n)]
  20: f14->f36, P5: P5 [O(n)]
  20: f14->f36, Q: Q [O(n)]
  20: f14->f36, Q1: Q1 [O(n)]
  20: f14->f36, Q2: Q2 [O(n)]
  20: f14->f36, Q3: Q3 [O(n)]
  20: f14->f36, Q4: Q4 [O(n)]
  20: f14->f36, Q5: Q5 [O(n)]
  20: f14->f36, R: R [O(n)]
  20: f14->f36, R1: R1 [O(n)]
  20: f14->f36, R2: R2 [O(n)]
  20: f14->f36, R3: R3 [O(n)]
  20: f14->f36, R4: R4 [O(n)]
  20: f14->f36, R5: R5 [O(n)]
  20: f14->f36, S: S [O(n)]
  20: f14->f36, S1: S1 [O(n)]
  20: f14->f36, S2: S2 [O(n)]
  20: f14->f36, S3: S3 [O(n)]
  20: f14->f36, S4: S4 [O(n)]
  20: f14->f36, S5: S5 [O(n)]
  20: f14->f36, T: T [O(n)]
  20: f14->f36, T1: T1 [O(n)]
  20: f14->f36, T2: T2 [O(n)]
  20: f14->f36, T3: T3 [O(n)]
  20: f14->f36, T4: T4 [O(n)]
  20: f14->f36, U: U [O(n)]
  20: f14->f36, U1: U1 [O(n)]
  20: f14->f36, U2: U2 [O(n)]
  20: f14->f36, U3: U3 [O(n)]
  20: f14->f36, U4: U4 [O(n)]
  20: f14->f36, V: W5 [O(n)]
  20: f14->f36, V1: V1 [O(n)]
  20: f14->f36, V2: V2 [O(n)]
  20: f14->f36, V3: V3 [O(n)]
  20: f14->f36, V4: V4 [O(n)]
  20: f14->f36, W: -1+U5 [O(n)]
  20: f14->f36, W1: W1 [O(n)]
  20: f14->f36, W2: W2 [O(n)]
  20: f14->f36, W3: W3 [O(n)]
  20: f14->f36, W4: W4 [O(n)]
  20: f14->f36, X: X [O(n)]
  20: f14->f36, X1: X1 [O(n)]
  20: f14->f36, X2: X2 [O(n)]
  20: f14->f36, X3: X3 [O(n)]
  20: f14->f36, X4: X4 [O(n)]
  20: f14->f36, Y: Y [O(n)]
  20: f14->f36, Y1: Y1 [O(n)]
  20: f14->f36, Y2: Y2 [O(n)]
  20: f14->f36, Y3: Y3 [O(n)]
  20: f14->f36, Y4: Y4 [O(n)]
  20: f14->f36, Z: Z [O(n)]
  20: f14->f36, Z1: Z1 [O(n)]
  20: f14->f36, Z2: Z2 [O(n)]
  20: f14->f36, Z3: Z3 [O(n)]
  20: f14->f36, Z4: Z4 [O(n)]
  21: f14->f35, A: A [O(n)]
  21: f14->f35, A1: A1 [O(n)]
  21: f14->f35, A2: A2 [O(n)]
  21: f14->f35, A3: A3 [O(n)]
  21: f14->f35, A4: A4 [O(n)]
  21: f14->f35, A5: A5 [O(n)]
  21: f14->f35, B: B [O(n)]
  21: f14->f35, B1: B1 [O(n)]
  21: f14->f35, B2: B2 [O(n)]
  21: f14->f35, B3: B3 [O(n)]
  21: f14->f35, B4: B4 [O(n)]
  21: f14->f35, B5: B5 [O(n)]
  21: f14->f35, C: C [O(n)]
  21: f14->f35, C1: C1 [O(n)]
  21: f14->f35, C2: C2 [O(n)]
  21: f14->f35, C3: C3 [O(n)]
  21: f14->f35, C4: C4 [O(n)]
  21: f14->f35, C5: C5 [O(n)]
  21: f14->f35, D: P5 [O(n)]
  21: f14->f35, D1: D1 [O(n)]
  21: f14->f35, D2: D2 [O(n)]
  21: f14->f35, D3: D3 [O(n)]
  21: f14->f35, D4: D4 [O(n)]
  21: f14->f35, D5: W5 [O(n)]
  21: f14->f35, E: Q5 [O(n)]
  21: f14->f35, E1: E1 [O(n)]
  21: f14->f35, E2: E2 [O(n)]
  21: f14->f35, E3: E3 [O(n)]
  21: f14->f35, E4: E4 [O(n)]
  21: f14->f35, E5: Y5 [O(n)]
  21: f14->f35, F: F [O(n)]
  21: f14->f35, F1: F1 [O(n)]
  21: f14->f35, F2: F2 [O(n)]
  21: f14->f35, F3: F3 [O(n)]
  21: f14->f35, F4: F4 [O(n)]
  21: f14->f35, F5: Z5 [O(n)]
  21: f14->f35, G: M5 [O(n)]
  21: f14->f35, G1: G1 [O(n)]
  21: f14->f35, G2: G2 [O(n)]
  21: f14->f35, G3: G3 [O(n)]
  21: f14->f35, G4: G4 [O(n)]
  21: f14->f35, G5: A6 [O(n)]
  21: f14->f35, H: H [O(n)]
  21: f14->f35, H1: H1 [O(n)]
  21: f14->f35, H2: H2 [O(n)]
  21: f14->f35, H3: H3 [O(n)]
  21: f14->f35, H4: H4 [O(n)]
  21: f14->f35, H5: B6 [O(n)]
  21: f14->f35, I: I [O(n)]
  21: f14->f35, I1: I1 [O(n)]
  21: f14->f35, I2: I2 [O(n)]
  21: f14->f35, I3: I3 [O(n)]
  21: f14->f35, I4: I4 [O(n)]
  21: f14->f35, I5: X5 [O(n)]
  21: f14->f35, J: J [O(n)]
  21: f14->f35, J1: J1 [O(n)]
  21: f14->f35, J2: J2 [O(n)]
  21: f14->f35, J3: J3 [O(n)]
  21: f14->f35, J4: J4 [O(n)]
  21: f14->f35, J5: D6 [O(n)]
  21: f14->f35, K: K [O(n)]
  21: f14->f35, K1: K1 [O(n)]
  21: f14->f35, K2: K2 [O(n)]
  21: f14->f35, K3: K3 [O(n)]
  21: f14->f35, K4: K4 [O(n)]
  21: f14->f35, K5: E6 [O(n)]
  21: f14->f35, L: L [O(n)]
  21: f14->f35, L1: L1 [O(n)]
  21: f14->f35, L2: L2 [O(n)]
  21: f14->f35, L3: L3 [O(n)]
  21: f14->f35, L4: L4 [O(n)]
  21: f14->f35, L5: U5 [O(n)]
  21: f14->f35, M: M [O(n)]
  21: f14->f35, M1: M1 [O(n)]
  21: f14->f35, M2: M2 [O(n)]
  21: f14->f35, M3: M3 [O(n)]
  21: f14->f35, M4: M4 [O(n)]
  21: f14->f35, M5: M5 [O(n)]
  21: f14->f35, N: N [O(n)]
  21: f14->f35, N1: N1 [O(n)]
  21: f14->f35, N2: N2 [O(n)]
  21: f14->f35, N3: N3 [O(n)]
  21: f14->f35, N4: N4 [O(n)]
  21: f14->f35, N5: N5 [O(n)]
  21: f14->f35, O: O [O(n)]
  21: f14->f35, O1: O1 [O(n)]
  21: f14->f35, O2: O2 [O(n)]
  21: f14->f35, O3: O3 [O(n)]
  21: f14->f35, O4: U5 [O(n)]
  21: f14->f35, O5: O5 [O(n)]
  21: f14->f35, P: V5 [O(n)]
  21: f14->f35, P1: P1 [O(n)]
  21: f14->f35, P2: P2 [O(n)]
  21: f14->f35, P3: P3 [O(n)]
  21: f14->f35, P4: P4 [O(n)]
  21: f14->f35, P5: P5 [O(n)]
  21: f14->f35, Q: Q [O(n)]
  21: f14->f35, Q1: Q1 [O(n)]
  21: f14->f35, Q2: Q2 [O(n)]
  21: f14->f35, Q3: Q3 [O(n)]
  21: f14->f35, Q4: Q4 [O(n)]
  21: f14->f35, Q5: Q5 [O(n)]
  21: f14->f35, R: R [O(n)]
  21: f14->f35, R1: R1 [O(n)]
  21: f14->f35, R2: R2 [O(n)]
  21: f14->f35, R3: R3 [O(n)]
  21: f14->f35, R4: R4 [O(n)]
  21: f14->f35, R5: R5 [O(n)]
  21: f14->f35, S: S [O(n)]
  21: f14->f35, S1: S1 [O(n)]
  21: f14->f35, S2: S2 [O(n)]
  21: f14->f35, S3: S3 [O(n)]
  21: f14->f35, S4: S4 [O(n)]
  21: f14->f35, S5: S5 [O(n)]
  21: f14->f35, T: T [O(n)]
  21: f14->f35, T1: T1 [O(n)]
  21: f14->f35, T2: T2 [O(n)]
  21: f14->f35, T3: T3 [O(n)]
  21: f14->f35, T4: T4 [O(n)]
  21: f14->f35, U: U [O(n)]
  21: f14->f35, U1: U1 [O(n)]
  21: f14->f35, U2: U2 [O(n)]
  21: f14->f35, U3: U3 [O(n)]
  21: f14->f35, U4: U4 [O(n)]
  21: f14->f35, V: T5 [O(n)]
  21: f14->f35, V1: V1 [O(n)]
  21: f14->f35, V2: V2 [O(n)]
  21: f14->f35, V3: V3 [O(n)]
  21: f14->f35, V4: V4 [O(n)]
  21: f14->f35, W: -1+U5 [O(n)]
  21: f14->f35, W1: W1 [O(n)]
  21: f14->f35, W2: W2 [O(n)]
  21: f14->f35, W3: W3 [O(n)]
  21: f14->f35, W4: W4 [O(n)]
  21: f14->f35, X: X [O(n)]
  21: f14->f35, X1: X1 [O(n)]
  21: f14->f35, X2: X2 [O(n)]
  21: f14->f35, X3: X3 [O(n)]
  21: f14->f35, X4: X4 [O(n)]
  21: f14->f35, Y: Y [O(n)]
  21: f14->f35, Y1: Y1 [O(n)]
  21: f14->f35, Y2: Y2 [O(n)]
  21: f14->f35, Y3: Y3 [O(n)]
  21: f14->f35, Y4: Y4 [O(n)]
  21: f14->f35, Z: Z [O(n)]
  21: f14->f35, Z1: Z1 [O(n)]
  21: f14->f35, Z2: Z2 [O(n)]
  21: f14->f35, Z3: Z3 [O(n)]
  21: f14->f35, Z4: Z4 [O(n)]
  17: f17->f34, A: A [O(n)]
  17: f17->f34, A1: A1 [O(n)]
  17: f17->f34, A2: A2 [O(n)]
  17: f17->f34, A3: A3 [O(n)]
  17: f17->f34, A4: A4 [O(n)]
  17: f17->f34, A5: A5 [O(n)]
  17: f17->f34, B: B [O(n)]
  17: f17->f34, B1: B1 [O(n)]
  17: f17->f34, B2: B2 [O(n)]
  17: f17->f34, B3: B3 [O(n)]
  17: f17->f34, B4: B4 [O(n)]
  17: f17->f34, B5: B5 [O(n)]
  17: f17->f34, C: C [O(n)]
  17: f17->f34, C1: C1 [O(n)]
  17: f17->f34, C2: C2 [O(n)]
  17: f17->f34, C3: C3 [O(n)]
  17: f17->f34, C4: C4 [O(n)]
  17: f17->f34, C5: max{0, C5} [O(n)]
  17: f17->f34, D: P3 [O(n)]
  17: f17->f34, D2: D2 [O(n)]
  17: f17->f34, D3: D3 [O(n)]
  17: f17->f34, D4: D4 [O(n)]
  17: f17->f34, D5: max{W5, Y5} [O(n)]
  17: f17->f34, E: Q3 [O(n)]
  17: f17->f34, E2: E2 [O(n)]
  17: f17->f34, E3: E3 [O(n)]
  17: f17->f34, E4: E4 [O(n)]
  17: f17->f34, E5: max{Y5, Z5} [O(n)]
  17: f17->f34, F: max{U5, F} [O(n)]
  17: f17->f34, F1: F1 [O(n)]
  17: f17->f34, F2: max{0, F2} [O(n)]
  17: f17->f34, F3: F3 [O(n)]
  17: f17->f34, F4: F4 [O(n)]
  17: f17->f34, F5: max{0, Z5} [O(n)]
  17: f17->f34, G: S3 [O(n)]
  17: f17->f34, G1: G1 [O(n)]
  17: f17->f34, G2: G2 [O(n)]
  17: f17->f34, G3: G3 [O(n)]
  17: f17->f34, G4: G4 [O(n)]
  17: f17->f34, G5: max{A6, B6} [O(n)]
  17: f17->f34, H1: H1 [O(n)]
  17: f17->f34, H2: H2 [O(n)]
  17: f17->f34, H3: H3 [O(n)]
  17: f17->f34, H4: H4 [O(n)]
  17: f17->f34, H5: max{B6, X5} [O(n)]
  17: f17->f34, I1: I1 [O(n)]
  17: f17->f34, I2: I2 [O(n)]
  17: f17->f34, I3: I3 [O(n)]
  17: f17->f34, I4: I4 [O(n)]
  17: f17->f34, I5: max{X5, D6} [O(n)]
  17: f17->f34, J1: J1 [O(n)]
  17: f17->f34, J2: J2 [O(n)]
  17: f17->f34, J3: J3 [O(n)]
  17: f17->f34, J4: J4 [O(n)]
  17: f17->f34, J5: max{D6, E6} [O(n)]
  17: f17->f34, K1: K1 [O(n)]
  17: f17->f34, K2: K2 [O(n)]
  17: f17->f34, K4: K4 [O(n)]
  17: f17->f34, K5: max{E6, F6} [O(n)]
  17: f17->f34, L1: L1 [O(n)]
  17: f17->f34, L2: L2 [O(n)]
  17: f17->f34, L4: L4 [O(n)]
  17: f17->f34, L5: U5 [O(n)]
  17: f17->f34, M: M [O(n)]
  17: f17->f34, M1: M1 [O(n)]
  17: f17->f34, M2: M2 [O(n)]
  17: f17->f34, M5: M5 [O(n)]
  17: f17->f34, N: N [O(n)]
  17: f17->f34, N1: N1 [O(n)]
  17: f17->f34, N2: N2 [O(n)]
  17: f17->f34, N3: max{0, N3} [O(n)]
  17: f17->f34, N5: N5 [O(n)]
  17: f17->f34, O: O [O(n)]
  17: f17->f34, O1: O1 [O(n)]
  17: f17->f34, O2: O2 [O(n)]
  17: f17->f34, O3: O3 [O(n)]
  17: f17->f34, O4: U5 [O(n)]
  17: f17->f34, O5: O5 [O(n)]
  17: f17->f34, P2: P2 [O(n)]
  17: f17->f34, P3: P3 [O(n)]
  17: f17->f34, P4: P4 [O(n)]
  17: f17->f34, P5: P5 [O(n)]
  17: f17->f34, Q1: Q1 [O(n)]
  17: f17->f34, Q2: Q2 [O(n)]
  17: f17->f34, Q3: Q3 [O(n)]
  17: f17->f34, Q4: Q4 [O(n)]
  17: f17->f34, Q5: Q5 [O(n)]
  17: f17->f34, R1: R1 [O(n)]
  17: f17->f34, R2: R2 [O(n)]
  17: f17->f34, R3: R3 [O(n)]
  17: f17->f34, R4: R4 [O(n)]
  17: f17->f34, R5: R5 [O(n)]
  17: f17->f34, S: S [O(n)]
  17: f17->f34, S1: S1 [O(n)]
  17: f17->f34, S2: S2 [O(n)]
  17: f17->f34, S3: S3 [O(n)]
  17: f17->f34, S4: S4 [O(n)]
  17: f17->f34, S5: S5 [O(n)]
  17: f17->f34, T: T [O(n)]
  17: f17->f34, T1: T1 [O(n)]
  17: f17->f34, T3: T3 [O(n)]
  17: f17->f34, T4: T4 [O(n)]
  17: f17->f34, U: U [O(n)]
  17: f17->f34, U1: U1 [O(n)]
  17: f17->f34, U3: U3 [O(n)]
  17: f17->f34, U4: U4 [O(n)]
  17: f17->f34, V1: V1 [O(n)]
  17: f17->f34, V2: V2 [O(n)]
  17: f17->f34, V3: V3 [O(n)]
  17: f17->f34, W: -2+U5 [O(n)]
  17: f17->f34, W1: max{0, W1} [O(n)]
  17: f17->f34, W2: W2 [O(n)]
  17: f17->f34, W3: W3 [O(n)]
  17: f17->f34, W4: W4 [O(n)]
  17: f17->f34, X: X [O(n)]
  17: f17->f34, X1: X1 [O(n)]
  17: f17->f34, X2: max{0, X2} [O(n)]
  17: f17->f34, X3: X3 [O(n)]
  17: f17->f34, X4: X4 [O(n)]
  17: f17->f34, Y: Y [O(n)]
  17: f17->f34, Y1: Y1 [O(n)]
  17: f17->f34, Y2: Y2 [O(n)]
  17: f17->f34, Y3: Y3 [O(n)]
  17: f17->f34, Y4: Y4 [O(n)]
  17: f17->f34, Z: Z [O(n)]
  17: f17->f34, Z1: Z1 [O(n)]
  17: f17->f34, Z2: max{0, Z2} [O(n)]
  17: f17->f34, Z3: Z3 [O(n)]
  17: f17->f34, Z4: Z4 [O(n)]
  6: f34->f34, A: A [O(n)]
  6: f34->f34, A1: A1 [O(n)]
  6: f34->f34, A2: A2 [O(n)]
  6: f34->f34, A3: A3 [O(n)]
  6: f34->f34, A4: A4 [O(n)]
  6: f34->f34, A5: A5 [O(n)]
  6: f34->f34, B: B [O(n)]
  6: f34->f34, B1: B1 [O(n)]
  6: f34->f34, B2: B2 [O(n)]
  6: f34->f34, B3: B3 [O(n)]
  6: f34->f34, B4: B4 [O(n)]
  6: f34->f34, B5: B5 [O(n)]
  6: f34->f34, C: C [O(n)]
  6: f34->f34, C1: C1 [O(n)]
  6: f34->f34, C2: C2 [O(n)]
  6: f34->f34, C3: C3 [O(n)]
  6: f34->f34, C4: C4 [O(n)]
  6: f34->f34, C5: max{0, C5} [O(n)]
  6: f34->f34, D: R1 [O(n)]
  6: f34->f34, D2: D2 [O(n)]
  6: f34->f34, D3: D3 [O(n)]
  6: f34->f34, D4: D4 [O(n)]
  6: f34->f34, D5: max{W5, Y5} [O(n)]
  6: f34->f34, E: S1 [O(n)]
  6: f34->f34, E2: E2 [O(n)]
  6: f34->f34, E3: E3 [O(n)]
  6: f34->f34, E4: E4 [O(n)]
  6: f34->f34, E5: max{Y5, Z5} [O(n)]
  6: f34->f34, F: max{U5, F} [O(n)]
  6: f34->f34, F1: F1 [O(n)]
  6: f34->f34, F2: max{0, F2} [O(n)]
  6: f34->f34, F3: F3 [O(n)]
  6: f34->f34, F4: F4 [O(n)]
  6: f34->f34, F5: max{0, Z5} [O(n)]
  6: f34->f34, G: V1 [O(n)]
  6: f34->f34, G1: G1 [O(n)]
  6: f34->f34, G2: G2 [O(n)]
  6: f34->f34, G3: G3 [O(n)]
  6: f34->f34, G4: G4 [O(n)]
  6: f34->f34, G5: max{A6, B6} [O(n)]
  6: f34->f34, H1: H1 [O(n)]
  6: f34->f34, H2: H2 [O(n)]
  6: f34->f34, H3: H3 [O(n)]
  6: f34->f34, H4: H4 [O(n)]
  6: f34->f34, H5: max{B6, X5} [O(n)]
  6: f34->f34, I1: I1 [O(n)]
  6: f34->f34, I2: I2 [O(n)]
  6: f34->f34, I3: I3 [O(n)]
  6: f34->f34, I4: I4 [O(n)]
  6: f34->f34, I5: max{X5, D6} [O(n)]
  6: f34->f34, J1: J1 [O(n)]
  6: f34->f34, J2: J2 [O(n)]
  6: f34->f34, J3: J3 [O(n)]
  6: f34->f34, J4: J4 [O(n)]
  6: f34->f34, J5: max{D6, E6} [O(n)]
  6: f34->f34, K1: K1 [O(n)]
  6: f34->f34, K2: K2 [O(n)]
  6: f34->f34, K4: K4 [O(n)]
  6: f34->f34, K5: max{E6, F6} [O(n)]
  6: f34->f34, L1: L1 [O(n)]
  6: f34->f34, L2: L2 [O(n)]
  6: f34->f34, L4: L4 [O(n)]
  6: f34->f34, L5: U5 [O(n)]
  6: f34->f34, M: M [O(n)]
  6: f34->f34, M1: M1 [O(n)]
  6: f34->f34, M2: M2 [O(n)]
  6: f34->f34, M5: M5 [O(n)]
  6: f34->f34, N: N [O(n)]
  6: f34->f34, N1: N1 [O(n)]
  6: f34->f34, N2: N2 [O(n)]
  6: f34->f34, N3: max{0, N3} [O(n)]
  6: f34->f34, N5: N5 [O(n)]
  6: f34->f34, O: O [O(n)]
  6: f34->f34, O1: O1 [O(n)]
  6: f34->f34, O2: O2 [O(n)]
  6: f34->f34, O3: O3 [O(n)]
  6: f34->f34, O4: U5 [O(n)]
  6: f34->f34, O5: O5 [O(n)]
  6: f34->f34, P2: P2 [O(n)]
  6: f34->f34, P3: P3 [O(n)]
  6: f34->f34, P4: P4 [O(n)]
  6: f34->f34, P5: P5 [O(n)]
  6: f34->f34, Q1: Q1 [O(n)]
  6: f34->f34, Q2: Q2 [O(n)]
  6: f34->f34, Q3: Q3 [O(n)]
  6: f34->f34, Q4: Q4 [O(n)]
  6: f34->f34, Q5: Q5 [O(n)]
  6: f34->f34, R1: R1 [O(n)]
  6: f34->f34, R2: R2 [O(n)]
  6: f34->f34, R3: R3 [O(n)]
  6: f34->f34, R4: R4 [O(n)]
  6: f34->f34, R5: R5 [O(n)]
  6: f34->f34, S: S [O(n)]
  6: f34->f34, S1: S1 [O(n)]
  6: f34->f34, S2: S2 [O(n)]
  6: f34->f34, S3: S3 [O(n)]
  6: f34->f34, S4: S4 [O(n)]
  6: f34->f34, S5: S5 [O(n)]
  6: f34->f34, T: T [O(n)]
  6: f34->f34, T1: T1 [O(n)]
  6: f34->f34, T3: T3 [O(n)]
  6: f34->f34, T4: T4 [O(n)]
  6: f34->f34, U: U [O(n)]
  6: f34->f34, U1: U1 [O(n)]
  6: f34->f34, U3: U3 [O(n)]
  6: f34->f34, U4: U4 [O(n)]
  6: f34->f34, V1: V1 [O(n)]
  6: f34->f34, V2: V2 [O(n)]
  6: f34->f34, V3: V3 [O(n)]
  6: f34->f34, W: -2+U5 [O(n)]
  6: f34->f34, W1: 0 [O(1)]
  6: f34->f34, W2: W2 [O(n)]
  6: f34->f34, W3: W3 [O(n)]
  6: f34->f34, W4: W4 [O(n)]
  6: f34->f34, X: X [O(n)]
  6: f34->f34, X1: X1 [O(n)]
  6: f34->f34, X2: max{0, X2} [O(n)]
  6: f34->f34, X3: X3 [O(n)]
  6: f34->f34, X4: X4 [O(n)]
  6: f34->f34, Y: Y [O(n)]
  6: f34->f34, Y1: Y1 [O(n)]
  6: f34->f34, Y2: Y2 [O(n)]
  6: f34->f34, Y3: Y3 [O(n)]
  6: f34->f34, Y4: Y4 [O(n)]
  6: f34->f34, Z: Z [O(n)]
  6: f34->f34, Z1: Z1 [O(n)]
  6: f34->f34, Z2: max{0, Z2} [O(n)]
  6: f34->f34, Z3: Z3 [O(n)]
  6: f34->f34, Z4: Z4 [O(n)]
  8: f34->f17, A: A [O(n)]
  8: f34->f17, A1: A1 [O(n)]
  8: f34->f17, A2: A2 [O(n)]
  8: f34->f17, A3: A3 [O(n)]
  8: f34->f17, A4: A4 [O(n)]
  8: f34->f17, A5: A5 [O(n)]
  8: f34->f17, B: B [O(n)]
  8: f34->f17, B1: B1 [O(n)]
  8: f34->f17, B2: B2 [O(n)]
  8: f34->f17, B3: B3 [O(n)]
  8: f34->f17, B4: B4 [O(n)]
  8: f34->f17, B5: B5 [O(n)]
  8: f34->f17, C: C [O(n)]
  8: f34->f17, C1: C1 [O(n)]
  8: f34->f17, C2: C2 [O(n)]
  8: f34->f17, C3: C3 [O(n)]
  8: f34->f17, C4: C4 [O(n)]
  8: f34->f17, C5: max{0, C5} [O(n)]
  8: f34->f17, D: Z1 [O(n)]
  8: f34->f17, D2: D2 [O(n)]
  8: f34->f17, D3: D3 [O(n)]
  8: f34->f17, D4: D4 [O(n)]
  8: f34->f17, D5: max{W5, Y5} [O(n)]
  8: f34->f17, E: A2 [O(n)]
  8: f34->f17, E2: E2 [O(n)]
  8: f34->f17, E3: E3 [O(n)]
  8: f34->f17, E4: E4 [O(n)]
  8: f34->f17, E5: max{Y5, Z5} [O(n)]
  8: f34->f17, F: max{U5, F} [O(n)]
  8: f34->f17, F1: F1 [O(n)]
  8: f34->f17, F2: max{0, F2} [O(n)]
  8: f34->f17, F3: F3 [O(n)]
  8: f34->f17, F4: F4 [O(n)]
  8: f34->f17, F5: max{0, Z5} [O(n)]
  8: f34->f17, G: B2 [O(n)]
  8: f34->f17, G1: G1 [O(n)]
  8: f34->f17, G2: G2 [O(n)]
  8: f34->f17, G3: G3 [O(n)]
  8: f34->f17, G4: G4 [O(n)]
  8: f34->f17, G5: max{A6, B6} [O(n)]
  8: f34->f17, H1: H1 [O(n)]
  8: f34->f17, H2: H2 [O(n)]
  8: f34->f17, H3: H3 [O(n)]
  8: f34->f17, H4: H4 [O(n)]
  8: f34->f17, H5: max{B6, X5} [O(n)]
  8: f34->f17, I1: I1 [O(n)]
  8: f34->f17, I2: I2 [O(n)]
  8: f34->f17, I3: I3 [O(n)]
  8: f34->f17, I4: I4 [O(n)]
  8: f34->f17, I5: max{X5, D6} [O(n)]
  8: f34->f17, J1: J1 [O(n)]
  8: f34->f17, J2: J2 [O(n)]
  8: f34->f17, J3: J3 [O(n)]
  8: f34->f17, J4: J4 [O(n)]
  8: f34->f17, J5: max{D6, E6} [O(n)]
  8: f34->f17, K1: K1 [O(n)]
  8: f34->f17, K2: K2 [O(n)]
  8: f34->f17, K4: K4 [O(n)]
  8: f34->f17, K5: max{E6, F6} [O(n)]
  8: f34->f17, L1: L1 [O(n)]
  8: f34->f17, L2: L2 [O(n)]
  8: f34->f17, L4: L4 [O(n)]
  8: f34->f17, L5: U5 [O(n)]
  8: f34->f17, M: M [O(n)]
  8: f34->f17, M1: M1 [O(n)]
  8: f34->f17, M2: M2 [O(n)]
  8: f34->f17, M5: M5 [O(n)]
  8: f34->f17, N: N [O(n)]
  8: f34->f17, N1: N1 [O(n)]
  8: f34->f17, N2: N2 [O(n)]
  8: f34->f17, N3: max{0, N3} [O(n)]
  8: f34->f17, N5: N5 [O(n)]
  8: f34->f17, O: O [O(n)]
  8: f34->f17, O1: O1 [O(n)]
  8: f34->f17, O2: O2 [O(n)]
  8: f34->f17, O3: O3 [O(n)]
  8: f34->f17, O4: U5 [O(n)]
  8: f34->f17, O5: O5 [O(n)]
  8: f34->f17, P2: P2 [O(n)]
  8: f34->f17, P3: P3 [O(n)]
  8: f34->f17, P4: P4 [O(n)]
  8: f34->f17, P5: P5 [O(n)]
  8: f34->f17, Q1: Q1 [O(n)]
  8: f34->f17, Q2: Q2 [O(n)]
  8: f34->f17, Q3: Q3 [O(n)]
  8: f34->f17, Q4: Q4 [O(n)]
  8: f34->f17, Q5: Q5 [O(n)]
  8: f34->f17, R1: R1 [O(n)]
  8: f34->f17, R2: R2 [O(n)]
  8: f34->f17, R3: R3 [O(n)]
  8: f34->f17, R4: R4 [O(n)]
  8: f34->f17, R5: R5 [O(n)]
  8: f34->f17, S: S [O(n)]
  8: f34->f17, S1: S1 [O(n)]
  8: f34->f17, S2: S2 [O(n)]
  8: f34->f17, S3: S3 [O(n)]
  8: f34->f17, S4: S4 [O(n)]
  8: f34->f17, S5: S5 [O(n)]
  8: f34->f17, T: T [O(n)]
  8: f34->f17, T1: T1 [O(n)]
  8: f34->f17, T3: T3 [O(n)]
  8: f34->f17, T4: T4 [O(n)]
  8: f34->f17, U: U [O(n)]
  8: f34->f17, U1: U1 [O(n)]
  8: f34->f17, U3: U3 [O(n)]
  8: f34->f17, U4: U4 [O(n)]
  8: f34->f17, V1: V1 [O(n)]
  8: f34->f17, V2: V2 [O(n)]
  8: f34->f17, V3: V3 [O(n)]
  8: f34->f17, W: -2+U5 [O(n)]
  8: f34->f17, W1: max{0, W1} [O(n)]
  8: f34->f17, W2: W2 [O(n)]
  8: f34->f17, W3: W3 [O(n)]
  8: f34->f17, W4: W4 [O(n)]
  8: f34->f17, X: X [O(n)]
  8: f34->f17, X1: X1 [O(n)]
  8: f34->f17, X2: max{0, X2} [O(n)]
  8: f34->f17, X3: X3 [O(n)]
  8: f34->f17, X4: X4 [O(n)]
  8: f34->f17, Y: Y [O(n)]
  8: f34->f17, Y1: Y1 [O(n)]
  8: f34->f17, Y2: Y2 [O(n)]
  8: f34->f17, Y3: Y3 [O(n)]
  8: f34->f17, Y4: Y4 [O(n)]
  8: f34->f17, Z: Z [O(n)]
  8: f34->f17, Z1: Z1 [O(n)]
  8: f34->f17, Z2: max{0, Z2} [O(n)]
  8: f34->f17, Z3: Z3 [O(n)]
  8: f34->f17, Z4: Z4 [O(n)]
  9: f35->f35, A: A [O(n)]
  9: f35->f35, A1: A1 [O(n)]
  9: f35->f35, A2: A2 [O(n)]
  9: f35->f35, A3: A3 [O(n)]
  9: f35->f35, A4: A4 [O(n)]
  9: f35->f35, A5: A5 [O(n)]
  9: f35->f35, B: B [O(n)]
  9: f35->f35, B1: B1 [O(n)]
  9: f35->f35, B2: B2 [O(n)]
  9: f35->f35, B3: B3 [O(n)]
  9: f35->f35, B4: B4 [O(n)]
  9: f35->f35, B5: B5 [O(n)]
  9: f35->f35, C: C [O(n)]
  9: f35->f35, C1: C1 [O(n)]
  9: f35->f35, C2: C2 [O(n)]
  9: f35->f35, C3: C3 [O(n)]
  9: f35->f35, C4: C4 [O(n)]
  9: f35->f35, C5: C5 [O(n)]
  9: f35->f35, D: D2 [O(n)]
  9: f35->f35, D1: D1 [O(n)]
  9: f35->f35, D2: D2 [O(n)]
  9: f35->f35, D3: D3 [O(n)]
  9: f35->f35, D4: D4 [O(n)]
  9: f35->f35, D5: W5 [O(n)]
  9: f35->f35, E: E2 [O(n)]
  9: f35->f35, E1: E1 [O(n)]
  9: f35->f35, E2: E2 [O(n)]
  9: f35->f35, E3: E3 [O(n)]
  9: f35->f35, E4: E4 [O(n)]
  9: f35->f35, E5: Y5 [O(n)]
  9: f35->f35, F: F [O(n)]
  9: f35->f35, F1: F1 [O(n)]
  9: f35->f35, F2: 0 [O(1)]
  9: f35->f35, F3: F3 [O(n)]
  9: f35->f35, F4: F4 [O(n)]
  9: f35->f35, F5: Z5 [O(n)]
  9: f35->f35, G: C2 [O(n)]
  9: f35->f35, G1: G1 [O(n)]
  9: f35->f35, G2: G2 [O(n)]
  9: f35->f35, G3: G3 [O(n)]
  9: f35->f35, G4: G4 [O(n)]
  9: f35->f35, G5: A6 [O(n)]
  9: f35->f35, H: H [O(n)]
  9: f35->f35, H1: H1 [O(n)]
  9: f35->f35, H2: H2 [O(n)]
  9: f35->f35, H3: H3 [O(n)]
  9: f35->f35, H4: H4 [O(n)]
  9: f35->f35, H5: B6 [O(n)]
  9: f35->f35, I: I [O(n)]
  9: f35->f35, I1: I1 [O(n)]
  9: f35->f35, I2: I2 [O(n)]
  9: f35->f35, I3: I3 [O(n)]
  9: f35->f35, I4: I4 [O(n)]
  9: f35->f35, I5: X5 [O(n)]
  9: f35->f35, J: J [O(n)]
  9: f35->f35, J1: J1 [O(n)]
  9: f35->f35, J2: J2 [O(n)]
  9: f35->f35, J3: J3 [O(n)]
  9: f35->f35, J4: J4 [O(n)]
  9: f35->f35, J5: D6 [O(n)]
  9: f35->f35, K: K [O(n)]
  9: f35->f35, K1: K1 [O(n)]
  9: f35->f35, K2: K2 [O(n)]
  9: f35->f35, K3: K3 [O(n)]
  9: f35->f35, K4: K4 [O(n)]
  9: f35->f35, K5: E6 [O(n)]
  9: f35->f35, L: L [O(n)]
  9: f35->f35, L1: L1 [O(n)]
  9: f35->f35, L2: L2 [O(n)]
  9: f35->f35, L3: L3 [O(n)]
  9: f35->f35, L4: L4 [O(n)]
  9: f35->f35, L5: U5 [O(n)]
  9: f35->f35, M: M [O(n)]
  9: f35->f35, M1: M1 [O(n)]
  9: f35->f35, M2: M2 [O(n)]
  9: f35->f35, M3: M3 [O(n)]
  9: f35->f35, M4: M4 [O(n)]
  9: f35->f35, M5: M5 [O(n)]
  9: f35->f35, N: N [O(n)]
  9: f35->f35, N1: N1 [O(n)]
  9: f35->f35, N2: N2 [O(n)]
  9: f35->f35, N3: N3 [O(n)]
  9: f35->f35, N4: N4 [O(n)]
  9: f35->f35, N5: N5 [O(n)]
  9: f35->f35, O: O [O(n)]
  9: f35->f35, O1: O1 [O(n)]
  9: f35->f35, O2: O2 [O(n)]
  9: f35->f35, O3: O3 [O(n)]
  9: f35->f35, O4: U5 [O(n)]
  9: f35->f35, O5: O5 [O(n)]
  9: f35->f35, P1: P1 [O(n)]
  9: f35->f35, P2: P2 [O(n)]
  9: f35->f35, P3: P3 [O(n)]
  9: f35->f35, P4: P4 [O(n)]
  9: f35->f35, P5: P5 [O(n)]
  9: f35->f35, Q1: Q1 [O(n)]
  9: f35->f35, Q2: Q2 [O(n)]
  9: f35->f35, Q3: Q3 [O(n)]
  9: f35->f35, Q4: Q4 [O(n)]
  9: f35->f35, Q5: Q5 [O(n)]
  9: f35->f35, R1: R1 [O(n)]
  9: f35->f35, R2: R2 [O(n)]
  9: f35->f35, R3: R3 [O(n)]
  9: f35->f35, R4: R4 [O(n)]
  9: f35->f35, R5: R5 [O(n)]
  9: f35->f35, S: S [O(n)]
  9: f35->f35, S1: S1 [O(n)]
  9: f35->f35, S2: S2 [O(n)]
  9: f35->f35, S3: S3 [O(n)]
  9: f35->f35, S4: S4 [O(n)]
  9: f35->f35, S5: S5 [O(n)]
  9: f35->f35, T: T [O(n)]
  9: f35->f35, T1: T1 [O(n)]
  9: f35->f35, T2: T2 [O(n)]
  9: f35->f35, T3: T3 [O(n)]
  9: f35->f35, T4: T4 [O(n)]
  9: f35->f35, U: U [O(n)]
  9: f35->f35, U1: U1 [O(n)]
  9: f35->f35, U2: U2 [O(n)]
  9: f35->f35, U3: U3 [O(n)]
  9: f35->f35, U4: U4 [O(n)]
  9: f35->f35, V: T5 [O(n)]
  9: f35->f35, V1: V1 [O(n)]
  9: f35->f35, V2: V2 [O(n)]
  9: f35->f35, V3: V3 [O(n)]
  9: f35->f35, V4: V4 [O(n)]
  9: f35->f35, W: -1+U5 [O(n)]
  9: f35->f35, W1: W1 [O(n)]
  9: f35->f35, W2: W2 [O(n)]
  9: f35->f35, W3: W3 [O(n)]
  9: f35->f35, W4: W4 [O(n)]
  9: f35->f35, X: X [O(n)]
  9: f35->f35, X1: X1 [O(n)]
  9: f35->f35, X2: X2 [O(n)]
  9: f35->f35, X3: X3 [O(n)]
  9: f35->f35, X4: X4 [O(n)]
  9: f35->f35, Y: Y [O(n)]
  9: f35->f35, Y1: Y1 [O(n)]
  9: f35->f35, Y2: Y2 [O(n)]
  9: f35->f35, Y3: Y3 [O(n)]
  9: f35->f35, Y4: Y4 [O(n)]
  9: f35->f35, Z: Z [O(n)]
  9: f35->f35, Z1: Z1 [O(n)]
  9: f35->f35, Z2: Z2 [O(n)]
  9: f35->f35, Z3: Z3 [O(n)]
  9: f35->f35, Z4: Z4 [O(n)]
  10: f35->f0, A: A [O(n)]
  10: f35->f0, A1: A1 [O(n)]
  10: f35->f0, A2: A2 [O(n)]
  10: f35->f0, A3: A3 [O(n)]
  10: f35->f0, A4: A4 [O(n)]
  10: f35->f0, A5: A5 [O(n)]
  10: f35->f0, B: B [O(n)]
  10: f35->f0, B1: B1 [O(n)]
  10: f35->f0, B2: B2 [O(n)]
  10: f35->f0, B3: B3 [O(n)]
  10: f35->f0, B4: B4 [O(n)]
  10: f35->f0, B5: B5 [O(n)]
  10: f35->f0, C: C [O(n)]
  10: f35->f0, C1: C1 [O(n)]
  10: f35->f0, C2: C2 [O(n)]
  10: f35->f0, C3: C3 [O(n)]
  10: f35->f0, C4: C4 [O(n)]
  10: f35->f0, C5: C5 [O(n)]
  10: f35->f0, D2: D2 [O(n)]
  10: f35->f0, D3: D3 [O(n)]
  10: f35->f0, D4: D4 [O(n)]
  10: f35->f0, D5: W5 [O(n)]
  10: f35->f0, E2: E2 [O(n)]
  10: f35->f0, E3: E3 [O(n)]
  10: f35->f0, E4: E4 [O(n)]
  10: f35->f0, E5: Y5 [O(n)]
  10: f35->f0, F: F [O(n)]
  10: f35->f0, F1: F1 [O(n)]
  10: f35->f0, F2: max{0, F2} [O(n)]
  10: f35->f0, F3: F3 [O(n)]
  10: f35->f0, F4: F4 [O(n)]
  10: f35->f0, F5: Z5 [O(n)]
  10: f35->f0, G: 0 [O(1)]
  10: f35->f0, G1: G1 [O(n)]
  10: f35->f0, G2: G2 [O(n)]
  10: f35->f0, G3: G3 [O(n)]
  10: f35->f0, G4: G4 [O(n)]
  10: f35->f0, G5: A6 [O(n)]
  10: f35->f0, H: H [O(n)]
  10: f35->f0, H2: H2 [O(n)]
  10: f35->f0, H3: H3 [O(n)]
  10: f35->f0, H4: H4 [O(n)]
  10: f35->f0, H5: B6 [O(n)]
  10: f35->f0, I: I [O(n)]
  10: f35->f0, I1: I1 [O(n)]
  10: f35->f0, I2: I2 [O(n)]
  10: f35->f0, I3: I3 [O(n)]
  10: f35->f0, I4: I4 [O(n)]
  10: f35->f0, I5: X5 [O(n)]
  10: f35->f0, J: J [O(n)]
  10: f35->f0, J1: J1 [O(n)]
  10: f35->f0, J2: J2 [O(n)]
  10: f35->f0, J3: J3 [O(n)]
  10: f35->f0, J4: J4 [O(n)]
  10: f35->f0, J5: D6 [O(n)]
  10: f35->f0, K1: K1 [O(n)]
  10: f35->f0, K2: K2 [O(n)]
  10: f35->f0, K3: K3 [O(n)]
  10: f35->f0, K4: K4 [O(n)]
  10: f35->f0, K5: E6 [O(n)]
  10: f35->f0, L1: L1 [O(n)]
  10: f35->f0, L2: L2 [O(n)]
  10: f35->f0, L3: L3 [O(n)]
  10: f35->f0, L4: L4 [O(n)]
  10: f35->f0, L5: 1 [O(1)]
  10: f35->f0, M: M [O(n)]
  10: f35->f0, M1: M1 [O(n)]
  10: f35->f0, M2: M2 [O(n)]
  10: f35->f0, M3: M3 [O(n)]
  10: f35->f0, M4: M4 [O(n)]
  10: f35->f0, M5: M5 [O(n)]
  10: f35->f0, N: N [O(n)]
  10: f35->f0, N1: N1 [O(n)]
  10: f35->f0, N2: N2 [O(n)]
  10: f35->f0, N3: N3 [O(n)]
  10: f35->f0, N4: N4 [O(n)]
  10: f35->f0, N5: N5 [O(n)]
  10: f35->f0, O: O [O(n)]
  10: f35->f0, O1: O1 [O(n)]
  10: f35->f0, O2: O2 [O(n)]
  10: f35->f0, O3: O3 [O(n)]
  10: f35->f0, O4: 1 [O(1)]
  10: f35->f0, O5: O5 [O(n)]
  10: f35->f0, P1: P1 [O(n)]
  10: f35->f0, P2: P2 [O(n)]
  10: f35->f0, P3: P3 [O(n)]
  10: f35->f0, P4: P4 [O(n)]
  10: f35->f0, P5: P5 [O(n)]
  10: f35->f0, Q1: Q1 [O(n)]
  10: f35->f0, Q2: Q2 [O(n)]
  10: f35->f0, Q3: Q3 [O(n)]
  10: f35->f0, Q4: Q4 [O(n)]
  10: f35->f0, Q5: Q5 [O(n)]
  10: f35->f0, R1: R1 [O(n)]
  10: f35->f0, R3: R3 [O(n)]
  10: f35->f0, R4: R4 [O(n)]
  10: f35->f0, R5: R5 [O(n)]
  10: f35->f0, S: S [O(n)]
  10: f35->f0, S1: S1 [O(n)]
  10: f35->f0, S3: S3 [O(n)]
  10: f35->f0, S4: S4 [O(n)]
  10: f35->f0, S5: S5 [O(n)]
  10: f35->f0, T: T [O(n)]
  10: f35->f0, T1: T1 [O(n)]
  10: f35->f0, T3: T3 [O(n)]
  10: f35->f0, T4: T4 [O(n)]
  10: f35->f0, U: U [O(n)]
  10: f35->f0, U1: U1 [O(n)]
  10: f35->f0, U3: U3 [O(n)]
  10: f35->f0, U4: U4 [O(n)]
  10: f35->f0, V: T5 [O(n)]
  10: f35->f0, V1: V1 [O(n)]
  10: f35->f0, V2: V2 [O(n)]
  10: f35->f0, V3: V3 [O(n)]
  10: f35->f0, V4: V4 [O(n)]
  10: f35->f0, W: 0 [O(1)]
  10: f35->f0, W1: W1 [O(n)]
  10: f35->f0, W2: W2 [O(n)]
  10: f35->f0, W3: W3 [O(n)]
  10: f35->f0, W4: W4 [O(n)]
  10: f35->f0, X: X [O(n)]
  10: f35->f0, X1: X1 [O(n)]
  10: f35->f0, X2: X2 [O(n)]
  10: f35->f0, X3: X3 [O(n)]
  10: f35->f0, X4: X4 [O(n)]
  10: f35->f0, Y: Y [O(n)]
  10: f35->f0, Y1: Y1 [O(n)]
  10: f35->f0, Y2: Y2 [O(n)]
  10: f35->f0, Y3: Y3 [O(n)]
  10: f35->f0, Y4: Y4 [O(n)]
  10: f35->f0, Z: Z [O(n)]
  10: f35->f0, Z1: Z1 [O(n)]
  10: f35->f0, Z2: Z2 [O(n)]
  10: f35->f0, Z3: Z3 [O(n)]
  10: f35->f0, Z4: Z4 [O(n)]
  18: f35->f34, A: A [O(n)]
  18: f35->f34, A1: A1 [O(n)]
  18: f35->f34, A2: A2 [O(n)]
  18: f35->f34, A3: A3 [O(n)]
  18: f35->f34, A4: A4 [O(n)]
  18: f35->f34, A5: A5 [O(n)]
  18: f35->f34, B: B [O(n)]
  18: f35->f34, B1: B1 [O(n)]
  18: f35->f34, B2: B2 [O(n)]
  18: f35->f34, B3: B3 [O(n)]
  18: f35->f34, B4: B4 [O(n)]
  18: f35->f34, B5: B5 [O(n)]
  18: f35->f34, C: C [O(n)]
  18: f35->f34, C1: C1 [O(n)]
  18: f35->f34, C2: C2 [O(n)]
  18: f35->f34, C3: C3 [O(n)]
  18: f35->f34, C4: C4 [O(n)]
  18: f35->f34, C5: C5 [O(n)]
  18: f35->f34, D: P3 [O(n)]
  18: f35->f34, D2: D2 [O(n)]
  18: f35->f34, D3: D3 [O(n)]
  18: f35->f34, D4: D4 [O(n)]
  18: f35->f34, D5: W5 [O(n)]
  18: f35->f34, E: Q3 [O(n)]
  18: f35->f34, E2: E2 [O(n)]
  18: f35->f34, E3: E3 [O(n)]
  18: f35->f34, E4: E4 [O(n)]
  18: f35->f34, E5: Y5 [O(n)]
  18: f35->f34, F: U5 [O(n)]
  18: f35->f34, F1: F1 [O(n)]
  18: f35->f34, F2: max{0, F2} [O(n)]
  18: f35->f34, F3: F3 [O(n)]
  18: f35->f34, F4: F4 [O(n)]
  18: f35->f34, F5: Z5 [O(n)]
  18: f35->f34, G: S3 [O(n)]
  18: f35->f34, G1: G1 [O(n)]
  18: f35->f34, G2: G2 [O(n)]
  18: f35->f34, G3: G3 [O(n)]
  18: f35->f34, G4: G4 [O(n)]
  18: f35->f34, G5: A6 [O(n)]
  18: f35->f34, H1: H1 [O(n)]
  18: f35->f34, H2: H2 [O(n)]
  18: f35->f34, H3: H3 [O(n)]
  18: f35->f34, H4: H4 [O(n)]
  18: f35->f34, H5: B6 [O(n)]
  18: f35->f34, I1: I1 [O(n)]
  18: f35->f34, I2: I2 [O(n)]
  18: f35->f34, I3: I3 [O(n)]
  18: f35->f34, I4: I4 [O(n)]
  18: f35->f34, I5: X5 [O(n)]
  18: f35->f34, J1: J1 [O(n)]
  18: f35->f34, J2: J2 [O(n)]
  18: f35->f34, J3: J3 [O(n)]
  18: f35->f34, J4: J4 [O(n)]
  18: f35->f34, J5: D6 [O(n)]
  18: f35->f34, K1: K1 [O(n)]
  18: f35->f34, K2: K2 [O(n)]
  18: f35->f34, K3: K3 [O(n)]
  18: f35->f34, K4: K4 [O(n)]
  18: f35->f34, K5: E6 [O(n)]
  18: f35->f34, L1: L1 [O(n)]
  18: f35->f34, L2: L2 [O(n)]
  18: f35->f34, L3: L3 [O(n)]
  18: f35->f34, L4: L4 [O(n)]
  18: f35->f34, L5: U5 [O(n)]
  18: f35->f34, M: M [O(n)]
  18: f35->f34, M1: M1 [O(n)]
  18: f35->f34, M2: M2 [O(n)]
  18: f35->f34, M3: M3 [O(n)]
  18: f35->f34, M5: M5 [O(n)]
  18: f35->f34, N: N [O(n)]
  18: f35->f34, N1: N1 [O(n)]
  18: f35->f34, N2: N2 [O(n)]
  18: f35->f34, N3: N3 [O(n)]
  18: f35->f34, N5: N5 [O(n)]
  18: f35->f34, O: O [O(n)]
  18: f35->f34, O1: O1 [O(n)]
  18: f35->f34, O2: O2 [O(n)]
  18: f35->f34, O3: O3 [O(n)]
  18: f35->f34, O4: U5 [O(n)]
  18: f35->f34, O5: O5 [O(n)]
  18: f35->f34, P1: U5 [O(n)]
  18: f35->f34, P2: P2 [O(n)]
  18: f35->f34, P3: P3 [O(n)]
  18: f35->f34, P4: P4 [O(n)]
  18: f35->f34, P5: P5 [O(n)]
  18: f35->f34, Q1: Q1 [O(n)]
  18: f35->f34, Q2: Q2 [O(n)]
  18: f35->f34, Q3: Q3 [O(n)]
  18: f35->f34, Q4: Q4 [O(n)]
  18: f35->f34, Q5: Q5 [O(n)]
  18: f35->f34, R1: R1 [O(n)]
  18: f35->f34, R2: R2 [O(n)]
  18: f35->f34, R3: R3 [O(n)]
  18: f35->f34, R4: R4 [O(n)]
  18: f35->f34, R5: R5 [O(n)]
  18: f35->f34, S: S [O(n)]
  18: f35->f34, S1: S1 [O(n)]
  18: f35->f34, S2: S2 [O(n)]
  18: f35->f34, S3: S3 [O(n)]
  18: f35->f34, S4: S4 [O(n)]
  18: f35->f34, S5: S5 [O(n)]
  18: f35->f34, T: T [O(n)]
  18: f35->f34, T1: T1 [O(n)]
  18: f35->f34, T3: T3 [O(n)]
  18: f35->f34, T4: T4 [O(n)]
  18: f35->f34, U: U [O(n)]
  18: f35->f34, U1: U1 [O(n)]
  18: f35->f34, U3: U3 [O(n)]
  18: f35->f34, U4: U4 [O(n)]
  18: f35->f34, V1: V1 [O(n)]
  18: f35->f34, V2: V2 [O(n)]
  18: f35->f34, V3: V3 [O(n)]
  18: f35->f34, V4: V4 [O(n)]
  18: f35->f34, W: -2+U5 [O(n)]
  18: f35->f34, W1: W1 [O(n)]
  18: f35->f34, W2: W2 [O(n)]
  18: f35->f34, W3: W3 [O(n)]
  18: f35->f34, W4: W4 [O(n)]
  18: f35->f34, X: X [O(n)]
  18: f35->f34, X1: X1 [O(n)]
  18: f35->f34, X2: X2 [O(n)]
  18: f35->f34, X3: X3 [O(n)]
  18: f35->f34, X4: X4 [O(n)]
  18: f35->f34, Y: Y [O(n)]
  18: f35->f34, Y1: Y1 [O(n)]
  18: f35->f34, Y2: Y2 [O(n)]
  18: f35->f34, Y3: Y3 [O(n)]
  18: f35->f34, Y4: Y4 [O(n)]
  18: f35->f34, Z: Z [O(n)]
  18: f35->f34, Z1: Z1 [O(n)]
  18: f35->f34, Z2: Z2 [O(n)]
  18: f35->f34, Z3: Z3 [O(n)]
  18: f35->f34, Z4: Z4 [O(n)]
  11: f36->f36, A: A [O(n)]
  11: f36->f36, A1: A1 [O(n)]
  11: f36->f36, A2: A2 [O(n)]
  11: f36->f36, A3: A3 [O(n)]
  11: f36->f36, A4: A4 [O(n)]
  11: f36->f36, A5: A5 [O(n)]
  11: f36->f36, B: B [O(n)]
  11: f36->f36, B1: B1 [O(n)]
  11: f36->f36, B2: B2 [O(n)]
  11: f36->f36, B3: B3 [O(n)]
  11: f36->f36, B4: B4 [O(n)]
  11: f36->f36, B5: B5 [O(n)]
  11: f36->f36, C: C [O(n)]
  11: f36->f36, C1: C1 [O(n)]
  11: f36->f36, C2: C2 [O(n)]
  11: f36->f36, C3: C3 [O(n)]
  11: f36->f36, C4: C4 [O(n)]
  11: f36->f36, C5: 0 [O(1)]
  11: f36->f36, D: V2 [O(n)]
  11: f36->f36, D1: D1 [O(n)]
  11: f36->f36, D2: D2 [O(n)]
  11: f36->f36, D3: D3 [O(n)]
  11: f36->f36, D4: D4 [O(n)]
  11: f36->f36, D5: Y5 [O(n)]
  11: f36->f36, E: W2 [O(n)]
  11: f36->f36, E1: E1 [O(n)]
  11: f36->f36, E2: E2 [O(n)]
  11: f36->f36, E3: E3 [O(n)]
  11: f36->f36, E4: E4 [O(n)]
  11: f36->f36, E5: Z5 [O(n)]
  11: f36->f36, F: F [O(n)]
  11: f36->f36, F1: F1 [O(n)]
  11: f36->f36, F2: F2 [O(n)]
  11: f36->f36, F3: F3 [O(n)]
  11: f36->f36, F4: F4 [O(n)]
  11: f36->f36, F5: 0 [O(1)]
  11: f36->f36, G: 0 [O(1)]
  11: f36->f36, G1: G1 [O(n)]
  11: f36->f36, G2: G2 [O(n)]
  11: f36->f36, G3: G3 [O(n)]
  11: f36->f36, G4: G4 [O(n)]
  11: f36->f36, G5: B6 [O(n)]
  11: f36->f36, H: H [O(n)]
  11: f36->f36, H1: H1 [O(n)]
  11: f36->f36, H2: H2 [O(n)]
  11: f36->f36, H3: H3 [O(n)]
  11: f36->f36, H4: H4 [O(n)]
  11: f36->f36, H5: X5 [O(n)]
  11: f36->f36, I: I [O(n)]
  11: f36->f36, I1: I1 [O(n)]
  11: f36->f36, I2: I2 [O(n)]
  11: f36->f36, I3: I3 [O(n)]
  11: f36->f36, I4: I4 [O(n)]
  11: f36->f36, I5: D6 [O(n)]
  11: f36->f36, J: J [O(n)]
  11: f36->f36, J1: J1 [O(n)]
  11: f36->f36, J2: J2 [O(n)]
  11: f36->f36, J3: J3 [O(n)]
  11: f36->f36, J4: J4 [O(n)]
  11: f36->f36, J5: E6 [O(n)]
  11: f36->f36, K: K [O(n)]
  11: f36->f36, K1: K1 [O(n)]
  11: f36->f36, K2: K2 [O(n)]
  11: f36->f36, K3: K3 [O(n)]
  11: f36->f36, K4: K4 [O(n)]
  11: f36->f36, K5: F6 [O(n)]
  11: f36->f36, L: L [O(n)]
  11: f36->f36, L1: L1 [O(n)]
  11: f36->f36, L2: L2 [O(n)]
  11: f36->f36, L3: L3 [O(n)]
  11: f36->f36, L4: L4 [O(n)]
  11: f36->f36, L5: U5 [O(n)]
  11: f36->f36, M: M [O(n)]
  11: f36->f36, M1: M1 [O(n)]
  11: f36->f36, M2: M2 [O(n)]
  11: f36->f36, M3: M3 [O(n)]
  11: f36->f36, M4: M4 [O(n)]
  11: f36->f36, M5: M5 [O(n)]
  11: f36->f36, N: N [O(n)]
  11: f36->f36, N1: N1 [O(n)]
  11: f36->f36, N2: N2 [O(n)]
  11: f36->f36, N3: N3 [O(n)]
  11: f36->f36, N4: N4 [O(n)]
  11: f36->f36, N5: N5 [O(n)]
  11: f36->f36, O: O [O(n)]
  11: f36->f36, O1: O1 [O(n)]
  11: f36->f36, O2: O2 [O(n)]
  11: f36->f36, O3: O3 [O(n)]
  11: f36->f36, O4: U5 [O(n)]
  11: f36->f36, O5: O5 [O(n)]
  11: f36->f36, P1: P1 [O(n)]
  11: f36->f36, P2: P2 [O(n)]
  11: f36->f36, P3: P3 [O(n)]
  11: f36->f36, P4: P4 [O(n)]
  11: f36->f36, P5: P5 [O(n)]
  11: f36->f36, Q1: Q1 [O(n)]
  11: f36->f36, Q2: Q2 [O(n)]
  11: f36->f36, Q3: Q3 [O(n)]
  11: f36->f36, Q4: Q4 [O(n)]
  11: f36->f36, Q5: Q5 [O(n)]
  11: f36->f36, R1: R1 [O(n)]
  11: f36->f36, R2: R2 [O(n)]
  11: f36->f36, R3: R3 [O(n)]
  11: f36->f36, R4: R4 [O(n)]
  11: f36->f36, R5: R5 [O(n)]
  11: f36->f36, S: S [O(n)]
  11: f36->f36, S1: S1 [O(n)]
  11: f36->f36, S2: S2 [O(n)]
  11: f36->f36, S3: S3 [O(n)]
  11: f36->f36, S4: S4 [O(n)]
  11: f36->f36, S5: S5 [O(n)]
  11: f36->f36, T: T [O(n)]
  11: f36->f36, T1: T1 [O(n)]
  11: f36->f36, T2: T2 [O(n)]
  11: f36->f36, T3: T3 [O(n)]
  11: f36->f36, T4: T4 [O(n)]
  11: f36->f36, U: U [O(n)]
  11: f36->f36, U1: U1 [O(n)]
  11: f36->f36, U2: U2 [O(n)]
  11: f36->f36, U3: U3 [O(n)]
  11: f36->f36, U4: U4 [O(n)]
  11: f36->f36, V: W5 [O(n)]
  11: f36->f36, V1: V1 [O(n)]
  11: f36->f36, V2: V2 [O(n)]
  11: f36->f36, V3: V3 [O(n)]
  11: f36->f36, V4: V4 [O(n)]
  11: f36->f36, W: -1+U5 [O(n)]
  11: f36->f36, W1: W1 [O(n)]
  11: f36->f36, W2: W2 [O(n)]
  11: f36->f36, W3: W3 [O(n)]
  11: f36->f36, W4: W4 [O(n)]
  11: f36->f36, X: X [O(n)]
  11: f36->f36, X1: X1 [O(n)]
  11: f36->f36, X2: 0 [O(1)]
  11: f36->f36, X3: X3 [O(n)]
  11: f36->f36, X4: X4 [O(n)]
  11: f36->f36, Y: Y [O(n)]
  11: f36->f36, Y1: Y1 [O(n)]
  11: f36->f36, Y2: Y2 [O(n)]
  11: f36->f36, Y3: Y3 [O(n)]
  11: f36->f36, Y4: Y4 [O(n)]
  11: f36->f36, Z: Z [O(n)]
  11: f36->f36, Z1: Z1 [O(n)]
  11: f36->f36, Z2: 0 [O(1)]
  11: f36->f36, Z3: Z3 [O(n)]
  11: f36->f36, Z4: Z4 [O(n)]
  12: f36->f0, A: A [O(n)]
  12: f36->f0, A1: A1 [O(n)]
  12: f36->f0, A2: A2 [O(n)]
  12: f36->f0, A3: A3 [O(n)]
  12: f36->f0, A4: A4 [O(n)]
  12: f36->f0, A5: A5 [O(n)]
  12: f36->f0, B: B [O(n)]
  12: f36->f0, B1: B1 [O(n)]
  12: f36->f0, B2: B2 [O(n)]
  12: f36->f0, B3: B3 [O(n)]
  12: f36->f0, B4: B4 [O(n)]
  12: f36->f0, B5: B5 [O(n)]
  12: f36->f0, C: C [O(n)]
  12: f36->f0, C1: C1 [O(n)]
  12: f36->f0, C2: C2 [O(n)]
  12: f36->f0, C3: C3 [O(n)]
  12: f36->f0, C4: C4 [O(n)]
  12: f36->f0, C5: 0 [O(1)]
  12: f36->f0, D2: D2 [O(n)]
  12: f36->f0, D3: D3 [O(n)]
  12: f36->f0, D4: D4 [O(n)]
  12: f36->f0, D5: Y5 [O(n)]
  12: f36->f0, E2: E2 [O(n)]
  12: f36->f0, E3: E3 [O(n)]
  12: f36->f0, E4: E4 [O(n)]
  12: f36->f0, E5: Z5 [O(n)]
  12: f36->f0, F: F [O(n)]
  12: f36->f0, F1: F1 [O(n)]
  12: f36->f0, F2: F2 [O(n)]
  12: f36->f0, F3: F3 [O(n)]
  12: f36->f0, F4: F4 [O(n)]
  12: f36->f0, F5: 0 [O(1)]
  12: f36->f0, G: 0 [O(1)]
  12: f36->f0, G1: G1 [O(n)]
  12: f36->f0, G2: G2 [O(n)]
  12: f36->f0, G3: G3 [O(n)]
  12: f36->f0, G4: G4 [O(n)]
  12: f36->f0, G5: B6 [O(n)]
  12: f36->f0, H: H [O(n)]
  12: f36->f0, H2: H2 [O(n)]
  12: f36->f0, H3: H3 [O(n)]
  12: f36->f0, H4: H4 [O(n)]
  12: f36->f0, H5: X5 [O(n)]
  12: f36->f0, I: I [O(n)]
  12: f36->f0, I1: I1 [O(n)]
  12: f36->f0, I2: I2 [O(n)]
  12: f36->f0, I3: I3 [O(n)]
  12: f36->f0, I4: I4 [O(n)]
  12: f36->f0, I5: D6 [O(n)]
  12: f36->f0, J: J [O(n)]
  12: f36->f0, J1: J1 [O(n)]
  12: f36->f0, J2: J2 [O(n)]
  12: f36->f0, J4: J4 [O(n)]
  12: f36->f0, J5: E6 [O(n)]
  12: f36->f0, K1: K1 [O(n)]
  12: f36->f0, K2: K2 [O(n)]
  12: f36->f0, K4: K4 [O(n)]
  12: f36->f0, K5: F6 [O(n)]
  12: f36->f0, L1: L1 [O(n)]
  12: f36->f0, L2: L2 [O(n)]
  12: f36->f0, L4: L4 [O(n)]
  12: f36->f0, L5: 1 [O(1)]
  12: f36->f0, M: M [O(n)]
  12: f36->f0, M1: M1 [O(n)]
  12: f36->f0, M2: M2 [O(n)]
  12: f36->f0, M4: M4 [O(n)]
  12: f36->f0, M5: M5 [O(n)]
  12: f36->f0, N: N [O(n)]
  12: f36->f0, N1: N1 [O(n)]
  12: f36->f0, N2: N2 [O(n)]
  12: f36->f0, N3: 0 [O(1)]
  12: f36->f0, N4: N4 [O(n)]
  12: f36->f0, N5: N5 [O(n)]
  12: f36->f0, O: O [O(n)]
  12: f36->f0, O1: O1 [O(n)]
  12: f36->f0, O2: O2 [O(n)]
  12: f36->f0, O3: O3 [O(n)]
  12: f36->f0, O4: 1 [O(1)]
  12: f36->f0, O5: O5 [O(n)]
  12: f36->f0, P1: P1 [O(n)]
  12: f36->f0, P2: P2 [O(n)]
  12: f36->f0, P3: P3 [O(n)]
  12: f36->f0, P4: P4 [O(n)]
  12: f36->f0, P5: P5 [O(n)]
  12: f36->f0, Q1: Q1 [O(n)]
  12: f36->f0, Q2: Q2 [O(n)]
  12: f36->f0, Q3: Q3 [O(n)]
  12: f36->f0, Q4: Q4 [O(n)]
  12: f36->f0, Q5: Q5 [O(n)]
  12: f36->f0, R1: R1 [O(n)]
  12: f36->f0, R2: R2 [O(n)]
  12: f36->f0, R3: R3 [O(n)]
  12: f36->f0, R4: R4 [O(n)]
  12: f36->f0, R5: R5 [O(n)]
  12: f36->f0, S: S [O(n)]
  12: f36->f0, S1: S1 [O(n)]
  12: f36->f0, S2: S2 [O(n)]
  12: f36->f0, S3: S3 [O(n)]
  12: f36->f0, S4: S4 [O(n)]
  12: f36->f0, S5: S5 [O(n)]
  12: f36->f0, T: T [O(n)]
  12: f36->f0, T1: T1 [O(n)]
  12: f36->f0, T2: T2 [O(n)]
  12: f36->f0, T3: T3 [O(n)]
  12: f36->f0, T4: T4 [O(n)]
  12: f36->f0, U: U [O(n)]
  12: f36->f0, U1: U1 [O(n)]
  12: f36->f0, U2: U2 [O(n)]
  12: f36->f0, U3: U3 [O(n)]
  12: f36->f0, U4: U4 [O(n)]
  12: f36->f0, V: W5 [O(n)]
  12: f36->f0, V1: V1 [O(n)]
  12: f36->f0, V2: V2 [O(n)]
  12: f36->f0, V3: V3 [O(n)]
  12: f36->f0, V4: V4 [O(n)]
  12: f36->f0, W: 0 [O(1)]
  12: f36->f0, W1: W1 [O(n)]
  12: f36->f0, W2: W2 [O(n)]
  12: f36->f0, W3: W3 [O(n)]
  12: f36->f0, W4: W4 [O(n)]
  12: f36->f0, X: X [O(n)]
  12: f36->f0, X1: X1 [O(n)]
  12: f36->f0, X2: max{0, X2} [O(n)]
  12: f36->f0, X3: X3 [O(n)]
  12: f36->f0, X4: X4 [O(n)]
  12: f36->f0, Y: Y [O(n)]
  12: f36->f0, Y1: Y1 [O(n)]
  12: f36->f0, Y2: Y2 [O(n)]
  12: f36->f0, Y3: Y3 [O(n)]
  12: f36->f0, Y4: Y4 [O(n)]
  12: f36->f0, Z: Z [O(n)]
  12: f36->f0, Z1: Z1 [O(n)]
  12: f36->f0, Z2: max{0, Z2} [O(n)]
  12: f36->f0, Z3: Z3 [O(n)]
  12: f36->f0, Z4: Z4 [O(n)]
  19: f36->f34, A: A [O(n)]
  19: f36->f34, A1: A1 [O(n)]
  19: f36->f34, A2: A2 [O(n)]
  19: f36->f34, A3: A3 [O(n)]
  19: f36->f34, A4: A4 [O(n)]
  19: f36->f34, A5: A5 [O(n)]
  19: f36->f34, B: B [O(n)]
  19: f36->f34, B1: B1 [O(n)]
  19: f36->f34, B2: B2 [O(n)]
  19: f36->f34, B3: B3 [O(n)]
  19: f36->f34, B4: B4 [O(n)]
  19: f36->f34, B5: B5 [O(n)]
  19: f36->f34, C: C [O(n)]
  19: f36->f34, C1: C1 [O(n)]
  19: f36->f34, C2: C2 [O(n)]
  19: f36->f34, C3: C3 [O(n)]
  19: f36->f34, C4: C4 [O(n)]
  19: f36->f34, C5: 0 [O(1)]
  19: f36->f34, D: P3 [O(n)]
  19: f36->f34, D2: D2 [O(n)]
  19: f36->f34, D3: D3 [O(n)]
  19: f36->f34, D4: D4 [O(n)]
  19: f36->f34, D5: Y5 [O(n)]
  19: f36->f34, E: Q3 [O(n)]
  19: f36->f34, E2: E2 [O(n)]
  19: f36->f34, E3: E3 [O(n)]
  19: f36->f34, E4: E4 [O(n)]
  19: f36->f34, E5: Z5 [O(n)]
  19: f36->f34, F: F [O(n)]
  19: f36->f34, F1: F1 [O(n)]
  19: f36->f34, F2: F2 [O(n)]
  19: f36->f34, F3: F3 [O(n)]
  19: f36->f34, F4: F4 [O(n)]
  19: f36->f34, F5: 0 [O(1)]
  19: f36->f34, G: S3 [O(n)]
  19: f36->f34, G1: G1 [O(n)]
  19: f36->f34, G2: G2 [O(n)]
  19: f36->f34, G3: G3 [O(n)]
  19: f36->f34, G4: G4 [O(n)]
  19: f36->f34, G5: B6 [O(n)]
  19: f36->f34, H: H [O(n)]
  19: f36->f34, H1: H1 [O(n)]
  19: f36->f34, H2: H2 [O(n)]
  19: f36->f34, H3: H3 [O(n)]
  19: f36->f34, H4: H4 [O(n)]
  19: f36->f34, H5: X5 [O(n)]
  19: f36->f34, I: I [O(n)]
  19: f36->f34, I1: I1 [O(n)]
  19: f36->f34, I2: I2 [O(n)]
  19: f36->f34, I3: I3 [O(n)]
  19: f36->f34, I4: I4 [O(n)]
  19: f36->f34, I5: D6 [O(n)]
  19: f36->f34, J: J [O(n)]
  19: f36->f34, J1: J1 [O(n)]
  19: f36->f34, J2: J2 [O(n)]
  19: f36->f34, J3: J3 [O(n)]
  19: f36->f34, J4: J4 [O(n)]
  19: f36->f34, J5: E6 [O(n)]
  19: f36->f34, K1: K1 [O(n)]
  19: f36->f34, K2: K2 [O(n)]
  19: f36->f34, K4: K4 [O(n)]
  19: f36->f34, K5: F6 [O(n)]
  19: f36->f34, L1: L1 [O(n)]
  19: f36->f34, L2: L2 [O(n)]
  19: f36->f34, L4: L4 [O(n)]
  19: f36->f34, L5: U5 [O(n)]
  19: f36->f34, M: M [O(n)]
  19: f36->f34, M1: M1 [O(n)]
  19: f36->f34, M2: M2 [O(n)]
  19: f36->f34, M4: M4 [O(n)]
  19: f36->f34, M5: M5 [O(n)]
  19: f36->f34, N: N [O(n)]
  19: f36->f34, N1: N1 [O(n)]
  19: f36->f34, N2: N2 [O(n)]
  19: f36->f34, N3: 0 [O(1)]
  19: f36->f34, N4: N4 [O(n)]
  19: f36->f34, N5: N5 [O(n)]
  19: f36->f34, O: O [O(n)]
  19: f36->f34, O1: O1 [O(n)]
  19: f36->f34, O2: O2 [O(n)]
  19: f36->f34, O3: O3 [O(n)]
  19: f36->f34, O4: U5 [O(n)]
  19: f36->f34, O5: O5 [O(n)]
  19: f36->f34, P1: P1 [O(n)]
  19: f36->f34, P2: P2 [O(n)]
  19: f36->f34, P3: P3 [O(n)]
  19: f36->f34, P4: P4 [O(n)]
  19: f36->f34, P5: P5 [O(n)]
  19: f36->f34, Q1: Q1 [O(n)]
  19: f36->f34, Q2: Q2 [O(n)]
  19: f36->f34, Q3: Q3 [O(n)]
  19: f36->f34, Q4: Q4 [O(n)]
  19: f36->f34, Q5: Q5 [O(n)]
  19: f36->f34, R1: R1 [O(n)]
  19: f36->f34, R2: R2 [O(n)]
  19: f36->f34, R3: R3 [O(n)]
  19: f36->f34, R4: R4 [O(n)]
  19: f36->f34, R5: R5 [O(n)]
  19: f36->f34, S: S [O(n)]
  19: f36->f34, S1: S1 [O(n)]
  19: f36->f34, S2: S2 [O(n)]
  19: f36->f34, S3: S3 [O(n)]
  19: f36->f34, S4: S4 [O(n)]
  19: f36->f34, S5: S5 [O(n)]
  19: f36->f34, T: T [O(n)]
  19: f36->f34, T1: T1 [O(n)]
  19: f36->f34, T2: T2 [O(n)]
  19: f36->f34, T3: T3 [O(n)]
  19: f36->f34, T4: T4 [O(n)]
  19: f36->f34, U: U [O(n)]
  19: f36->f34, U1: U1 [O(n)]
  19: f36->f34, U2: U2 [O(n)]
  19: f36->f34, U3: U3 [O(n)]
  19: f36->f34, U4: U4 [O(n)]
  19: f36->f34, V1: V1 [O(n)]
  19: f36->f34, V2: V2 [O(n)]
  19: f36->f34, V3: V3 [O(n)]
  19: f36->f34, W: -2+U5 [O(n)]
  19: f36->f34, W1: W1 [O(n)]
  19: f36->f34, W2: W2 [O(n)]
  19: f36->f34, W3: W3 [O(n)]
  19: f36->f34, W4: W4 [O(n)]
  19: f36->f34, X: X [O(n)]
  19: f36->f34, X1: X1 [O(n)]
  19: f36->f34, X2: max{0, X2} [O(n)]
  19: f36->f34, X3: X3 [O(n)]
  19: f36->f34, X4: X4 [O(n)]
  19: f36->f34, Y: Y [O(n)]
  19: f36->f34, Y1: Y1 [O(n)]
  19: f36->f34, Y2: Y2 [O(n)]
  19: f36->f34, Y3: Y3 [O(n)]
  19: f36->f34, Y4: Y4 [O(n)]
  19: f36->f34, Z: Z [O(n)]
  19: f36->f34, Z1: Z1 [O(n)]
  19: f36->f34, Z2: max{0, Z2} [O(n)]
  19: f36->f34, Z3: Z3 [O(n)]
  19: f36->f34, Z4: Z4 [O(n)]
