Timebounds: 
  Overall timebound: 14 [O(1)]
  0: f0->f1: 1 [O(1)]
  1: f1->f1: 10 [O(1)]
  2: f1->f1: 3 [O(1)]

Costbounds:
  Overall costbound: 14 [O(1)]
  0: f0->f1: 1 [O(1)]
  1: f1->f1: 10 [O(1)]
  2: f1->f1: 3 [O(1)]

Sizebounds:
`Lower:
  0: f0->f1, A: 0 [O(1)]
  0: f0->f1, B: 0 [O(1)]
  0: f0->f1, C: 2 [O(1)]
  1: f1->f1, A: 0 [O(1)]
  1: f1->f1, B: 1 [O(1)]
  1: f1->f1, C: 2 [O(1)]
  2: f1->f1, A: 0 [O(1)]
  2: f1->f1, B: 1 [O(1)]
  2: f1->f1, C: 2 [O(1)]
`Upper:
  0: f0->f1, A: 3 [O(1)]
  0: f0->f1, B: 3 [O(1)]
  0: f0->f1, C: 2 [O(1)]
  1: f1->f1, A: 3 [O(1)]
  1: f1->f1, B: 3 [O(1)]
  1: f1->f1, C: 2 [O(1)]
  2: f1->f1, A: 2 [O(1)]
  2: f1->f1, B: 2 [O(1)]
  2: f1->f1, C: 2 [O(1)]
