Timebounds: 
  Overall timebound: inf [Infinity]
  0: f0->f1: 1 [O(1)]
  1: f1->f2: inf [Infinity]
  2: f1->f2: inf [Infinity]
  3: f1->f2: inf [Infinity]
  4: f1->f2: inf [Infinity]
  5: f2->f3: inf [Infinity]
  6: f2->f3: inf [Infinity]
  7: f2->f3: inf [Infinity]
  8: f2->f3: inf [Infinity]
  9: f3->f1: inf [Infinity]
  10: f3->f1: inf [Infinity]
  11: f3->f1: inf [Infinity]
  12: f3->f1: inf [Infinity]

Costbounds:
  Overall costbound: inf [Infinity]
  0: f0->f1: 1 [O(1)]
  1: f1->f2: inf [Infinity]
  2: f1->f2: inf [Infinity]
  3: f1->f2: inf [Infinity]
  4: f1->f2: inf [Infinity]
  5: f2->f3: inf [Infinity]
  6: f2->f3: inf [Infinity]
  7: f2->f3: inf [Infinity]
  8: f2->f3: inf [Infinity]
  9: f3->f1: inf [Infinity]
  10: f3->f1: inf [Infinity]
  11: f3->f1: inf [Infinity]
  12: f3->f1: inf [Infinity]

Sizebounds:
`Lower:
  0: f0->f1, A: 0 [O(1)]
  0: f0->f1, B: 0 [O(1)]
  0: f0->f1, C: C [O(n)]
  0: f0->f1, D: 0 [O(1)]
  0: f0->f1, E: 0 [O(1)]
  0: f0->f1, F: F [O(n)]
  0: f0->f1, G: G [O(n)]
  1: f1->f2, A: 0 [O(1)]
  1: f1->f2, B: 0 [O(1)]
  1: f1->f2, C: -inf [Infinity]
  1: f1->f2, D: 0 [O(1)]
  1: f1->f2, E: -inf [Infinity]
  1: f1->f2, F: 1 [O(1)]
  1: f1->f2, G: -inf [Infinity]
  2: f1->f2, A: 0 [O(1)]
  2: f1->f2, B: 0 [O(1)]
  2: f1->f2, C: -inf [Infinity]
  2: f1->f2, D: 0 [O(1)]
  2: f1->f2, E: -inf [Infinity]
  2: f1->f2, F: 1 [O(1)]
  2: f1->f2, G: -inf [Infinity]
  3: f1->f2, A: 0 [O(1)]
  3: f1->f2, B: 0 [O(1)]
  3: f1->f2, C: -inf [Infinity]
  3: f1->f2, D: 1 [O(1)]
  3: f1->f2, E: -inf [Infinity]
  3: f1->f2, F: 1 [O(1)]
  3: f1->f2, G: -inf [Infinity]
  4: f1->f2, A: 0 [O(1)]
  4: f1->f2, B: 1 [O(1)]
  4: f1->f2, C: -inf [Infinity]
  4: f1->f2, D: 2 [O(1)]
  4: f1->f2, E: -inf [Infinity]
  4: f1->f2, F: 2 [O(1)]
  4: f1->f2, G: -inf [Infinity]
  5: f2->f3, A: 0 [O(1)]
  5: f2->f3, B: 0 [O(1)]
  5: f2->f3, C: -inf [Infinity]
  5: f2->f3, D: 0 [O(1)]
  5: f2->f3, E: -inf [Infinity]
  5: f2->f3, F: 1 [O(1)]
  5: f2->f3, G: -inf [Infinity]
  6: f2->f3, A: 0 [O(1)]
  6: f2->f3, B: 0 [O(1)]
  6: f2->f3, C: -inf [Infinity]
  6: f2->f3, D: 0 [O(1)]
  6: f2->f3, E: -inf [Infinity]
  6: f2->f3, F: 1 [O(1)]
  6: f2->f3, G: 0 [O(1)]
  7: f2->f3, A: 0 [O(1)]
  7: f2->f3, B: 0 [O(1)]
  7: f2->f3, C: -inf [Infinity]
  7: f2->f3, D: 0 [O(1)]
  7: f2->f3, E: 0 [O(1)]
  7: f2->f3, F: 1 [O(1)]
  7: f2->f3, G: 0 [O(1)]
  8: f2->f3, A: 0 [O(1)]
  8: f2->f3, B: 0 [O(1)]
  8: f2->f3, C: -inf [Infinity]
  8: f2->f3, D: 0 [O(1)]
  8: f2->f3, E: 1 [O(1)]
  8: f2->f3, F: 1 [O(1)]
  8: f2->f3, G: 1 [O(1)]
  9: f3->f1, A: 0 [O(1)]
  9: f3->f1, B: 0 [O(1)]
  9: f3->f1, C: -inf [Infinity]
  9: f3->f1, D: 0 [O(1)]
  9: f3->f1, E: -inf [Infinity]
  9: f3->f1, F: 1 [O(1)]
  9: f3->f1, G: -inf [Infinity]
  10: f3->f1, A: 0 [O(1)]
  10: f3->f1, B: 0 [O(1)]
  10: f3->f1, C: -inf [Infinity]
  10: f3->f1, D: 0 [O(1)]
  10: f3->f1, E: -inf [Infinity]
  10: f3->f1, F: 1 [O(1)]
  10: f3->f1, G: -inf [Infinity]
  11: f3->f1, A: 0 [O(1)]
  11: f3->f1, B: 0 [O(1)]
  11: f3->f1, C: -inf [Infinity]
  11: f3->f1, D: 0 [O(1)]
  11: f3->f1, E: -inf [Infinity]
  11: f3->f1, F: 1 [O(1)]
  11: f3->f1, G: -inf [Infinity]
  12: f3->f1, A: 0 [O(1)]
  12: f3->f1, B: 0 [O(1)]
  12: f3->f1, C: -inf [Infinity]
  12: f3->f1, D: 0 [O(1)]
  12: f3->f1, E: -inf [Infinity]
  12: f3->f1, F: 1 [O(1)]
  12: f3->f1, G: -inf [Infinity]
`Upper:
  0: f0->f1, A: 3 [O(1)]
  0: f0->f1, B: 3 [O(1)]
  0: f0->f1, C: 3 [O(1)]
  0: f0->f1, D: D [O(n)]
  0: f0->f1, E: 3 [O(1)]
  0: f0->f1, F: F [O(n)]
  0: f0->f1, G: G [O(n)]
  1: f1->f2, A: 3 [O(1)]
  1: f1->f2, B: 3 [O(1)]
  1: f1->f2, C: 3 [O(1)]
  1: f1->f2, D: 2 [O(1)]
  1: f1->f2, E: inf [Infinity]
  1: f1->f2, F: 3 [O(1)]
  1: f1->f2, G: inf [Infinity]
  2: f1->f2, A: 3 [O(1)]
  2: f1->f2, B: 3 [O(1)]
  2: f1->f2, C: 3 [O(1)]
  2: f1->f2, D: inf [Infinity]
  2: f1->f2, E: inf [Infinity]
  2: f1->f2, F: inf [Infinity]
  2: f1->f2, G: inf [Infinity]
  3: f1->f2, A: 3 [O(1)]
  3: f1->f2, B: 2 [O(1)]
  3: f1->f2, C: 3 [O(1)]
  3: f1->f2, D: 2 [O(1)]
  3: f1->f2, E: inf [Infinity]
  3: f1->f2, F: 2 [O(1)]
  3: f1->f2, G: inf [Infinity]
  4: f1->f2, A: 3 [O(1)]
  4: f1->f2, B: 3 [O(1)]
  4: f1->f2, C: 3 [O(1)]
  4: f1->f2, D: 3 [O(1)]
  4: f1->f2, E: inf [Infinity]
  4: f1->f2, F: 3 [O(1)]
  4: f1->f2, G: inf [Infinity]
  5: f2->f3, A: 3 [O(1)]
  5: f2->f3, B: 3 [O(1)]
  5: f2->f3, C: 3 [O(1)]
  5: f2->f3, D: inf [Infinity]
  5: f2->f3, E: inf [Infinity]
  5: f2->f3, F: inf [Infinity]
  5: f2->f3, G: inf [Infinity]
  6: f2->f3, A: 3 [O(1)]
  6: f2->f3, B: 3 [O(1)]
  6: f2->f3, C: 3 [O(1)]
  6: f2->f3, D: inf [Infinity]
  6: f2->f3, E: inf [Infinity]
  6: f2->f3, F: inf [Infinity]
  6: f2->f3, G: inf [Infinity]
  7: f2->f3, A: 3 [O(1)]
  7: f2->f3, B: 3 [O(1)]
  7: f2->f3, C: 3 [O(1)]
  7: f2->f3, D: inf [Infinity]
  7: f2->f3, E: inf [Infinity]
  7: f2->f3, F: inf [Infinity]
  7: f2->f3, G: inf [Infinity]
  8: f2->f3, A: 3 [O(1)]
  8: f2->f3, B: 3 [O(1)]
  8: f2->f3, C: 3 [O(1)]
  8: f2->f3, D: inf [Infinity]
  8: f2->f3, E: inf [Infinity]
  8: f2->f3, F: inf [Infinity]
  8: f2->f3, G: inf [Infinity]
  9: f3->f1, A: 3 [O(1)]
  9: f3->f1, B: 3 [O(1)]
  9: f3->f1, C: 3 [O(1)]
  9: f3->f1, D: inf [Infinity]
  9: f3->f1, E: inf [Infinity]
  9: f3->f1, F: inf [Infinity]
  9: f3->f1, G: inf [Infinity]
  10: f3->f1, A: 3 [O(1)]
  10: f3->f1, B: 3 [O(1)]
  10: f3->f1, C: 3 [O(1)]
  10: f3->f1, D: inf [Infinity]
  10: f3->f1, E: inf [Infinity]
  10: f3->f1, F: inf [Infinity]
  10: f3->f1, G: inf [Infinity]
  11: f3->f1, A: 3 [O(1)]
  11: f3->f1, B: 3 [O(1)]
  11: f3->f1, C: 3 [O(1)]
  11: f3->f1, D: inf [Infinity]
  11: f3->f1, E: inf [Infinity]
  11: f3->f1, F: inf [Infinity]
  11: f3->f1, G: inf [Infinity]
  12: f3->f1, A: 3 [O(1)]
  12: f3->f1, B: 3 [O(1)]
  12: f3->f1, C: 3 [O(1)]
  12: f3->f1, D: inf [Infinity]
  12: f3->f1, E: inf [Infinity]
  12: f3->f1, F: inf [Infinity]
  12: f3->f1, G: inf [Infinity]
