Timebounds: 
  Overall timebound: inf [Infinity]
  1: f1->f2: inf [Infinity]
  7: f1->f5: inf [Infinity]
  8: f16->f1: inf [Infinity]
  22: f16->f16: inf [Infinity]
  2: f2->f3: inf [Infinity]
  17: f2->f22: 1 [O(1)]
  3: f3->f3: inf [Infinity]
  4: f3->f4: inf [Infinity]
  10: f3->f2: inf [Infinity]
  11: f3->f25: 1 [O(1)]
  12: f3->f25: 1 [O(1)]
  0: f30->f1: 1 [O(1)]
  5: f4->f5: inf [Infinity]
  13: f4->f17: 1 [O(1)]
  14: f4->f17: 1 [O(1)]
  18: f4->f21: 1 [O(1)]
  6: f5->f5: inf [Infinity]
  9: f5->f16: inf [Infinity]
  15: f5->f18: 1 [O(1)]
  19: f5->f3: inf [Infinity]
  20: f5->f3: inf [Infinity]

Costbounds:
  Overall costbound: inf [Infinity]
  1: f1->f2: inf [Infinity]
  7: f1->f5: inf [Infinity]
  8: f16->f1: inf [Infinity]
  22: f16->f16: inf [Infinity]
  2: f2->f3: inf [Infinity]
  17: f2->f22: 1 [O(1)]
  3: f3->f3: inf [Infinity]
  4: f3->f4: inf [Infinity]
  10: f3->f2: inf [Infinity]
  11: f3->f25: 1 [O(1)]
  12: f3->f25: 1 [O(1)]
  0: f30->f1: 1 [O(1)]
  5: f4->f5: inf [Infinity]
  13: f4->f17: 1 [O(1)]
  14: f4->f17: 1 [O(1)]
  18: f4->f21: 1 [O(1)]
  6: f5->f5: inf [Infinity]
  9: f5->f16: inf [Infinity]
  15: f5->f18: 1 [O(1)]
  19: f5->f3: inf [Infinity]
  20: f5->f3: inf [Infinity]

Sizebounds:
`Lower:
  1: f1->f2, B: -max{0, -B} [O(n)]
  1: f1->f2, C: -max{0, -C} [O(n)]
  1: f1->f2, D: -max{0, -D} [O(n)]
  1: f1->f2, E: -max{0, -E, max{-E, -C}} [O(n)]
  1: f1->f2, I1: I1 [O(n)]
  1: f1->f2, J1: J1 [O(n)]
  1: f1->f2, P: -max{0, -P} [O(n)]
  1: f1->f2, Q: -max{0, -Q} [O(n)]
  1: f1->f2, T: -max{0, -T} [O(n)]
  1: f1->f2, U: U [O(n)]
  1: f1->f2, Z: Z [O(n)]
  7: f1->f5, B: -max{0, -B} [O(n)]
  7: f1->f5, C: -max{0, -C} [O(n)]
  7: f1->f5, D: -max{0, -D} [O(n)]
  7: f1->f5, E: -max{0, -E, -C} [O(n)]
  7: f1->f5, I1: I1 [O(n)]
  7: f1->f5, J1: J1 [O(n)]
  7: f1->f5, P: -max{0, -P} [O(n)]
  7: f1->f5, Q: -max{0, -Q} [O(n)]
  7: f1->f5, T: -max{0, -T} [O(n)]
  7: f1->f5, U: U [O(n)]
  7: f1->f5, Z: Z [O(n)]
  8: f16->f1, B: -max{0, -B} [O(n)]
  8: f16->f1, C: -max{0, -C} [O(n)]
  8: f16->f1, D: -max{0, -D} [O(n)]
  8: f16->f1, E: -max{0, -E, -C} [O(n)]
  8: f16->f1, I1: I1 [O(n)]
  8: f16->f1, J1: J1 [O(n)]
  8: f16->f1, P: -max{0, -P} [O(n)]
  8: f16->f1, Q: -max{0, -Q} [O(n)]
  8: f16->f1, T: -max{0, -T} [O(n)]
  8: f16->f1, U: U [O(n)]
  8: f16->f1, Z: Z [O(n)]
  22: f16->f16, B: -max{0, -B} [O(n)]
  22: f16->f16, C: -max{0, -C} [O(n)]
  22: f16->f16, D: -max{0, -D} [O(n)]
  22: f16->f16, E: -max{0, -E, -C} [O(n)]
  22: f16->f16, F: 1 [O(1)]
  22: f16->f16, I1: I1 [O(n)]
  22: f16->f16, J1: J1 [O(n)]
  22: f16->f16, P: -max{0, -P} [O(n)]
  22: f16->f16, Q: -max{0, -Q} [O(n)]
  22: f16->f16, T: -max{0, -T} [O(n)]
  22: f16->f16, U: U [O(n)]
  22: f16->f16, Z: Z [O(n)]
  2: f2->f3, B: 0 [O(1)]
  2: f2->f3, C: 0 [O(1)]
  2: f2->f3, D: -max{0, -D} [O(n)]
  2: f2->f3, E: -max{0, -E, max{-E, -E, -C}} [O(n)]
  2: f2->f3, I1: I1 [O(n)]
  2: f2->f3, J1: J1 [O(n)]
  2: f2->f3, P: -max{0, -P} [O(n)]
  2: f2->f3, Q: -max{0, -Q} [O(n)]
  2: f2->f3, T: -max{0, -T} [O(n)]
  2: f2->f3, U: U [O(n)]
  2: f2->f3, Z: Z [O(n)]
  17: f2->f22, B: -max{0, -B} [O(n)]
  17: f2->f22, C: -max{0, -C} [O(n)]
  17: f2->f22, D: -max{0, -D} [O(n)]
  17: f2->f22, E: -max{0, -E, max{-E, -E, max{-E, -E, -C}}} [O(n)]
  17: f2->f22, I1: I1 [O(n)]
  17: f2->f22, J1: J1 [O(n)]
  17: f2->f22, P: -max{0, -P} [O(n)]
  17: f2->f22, Q: -max{0, -Q} [O(n)]
  17: f2->f22, U: U [O(n)]
  17: f2->f22, Z: Z [O(n)]
  3: f3->f3, B: -max{0, -B} [O(n)]
  3: f3->f3, C: -max{0, -C} [O(n)]
  3: f3->f3, D: -max{0, -D} [O(n)]
  3: f3->f3, E: -max{0, -E, max{-E, -E, -C}} [O(n)]
  3: f3->f3, I1: I1 [O(n)]
  3: f3->f3, J1: J1 [O(n)]
  3: f3->f3, P: -max{0, -P} [O(n)]
  3: f3->f3, Q: -max{0, -Q} [O(n)]
  3: f3->f3, T: -max{0, -T} [O(n)]
  3: f3->f3, U: U [O(n)]
  3: f3->f3, Z: Z [O(n)]
  4: f3->f4, B: -max{0, -B} [O(n)]
  4: f3->f4, C: -max{0, -C} [O(n)]
  4: f3->f4, D: -max{0, -D} [O(n)]
  4: f3->f4, E: -max{0, -E, max{-E, -E, max{-E, -E, max{-E, -E, -C}}}} [O(n)]
  4: f3->f4, I1: I1 [O(n)]
  4: f3->f4, J1: J1 [O(n)]
  4: f3->f4, P: -max{0, -P} [O(n)]
  4: f3->f4, Q: -max{0, -Q} [O(n)]
  4: f3->f4, T: -max{0, -T} [O(n)]
  4: f3->f4, U: U [O(n)]
  4: f3->f4, Z: Z [O(n)]
  10: f3->f2, B: -max{0, -B} [O(n)]
  10: f3->f2, C: -max{0, -C} [O(n)]
  10: f3->f2, D: -max{0, -D} [O(n)]
  10: f3->f2, E: -max{0, -E, max{-E, -E, -C}} [O(n)]
  10: f3->f2, I1: I1 [O(n)]
  10: f3->f2, J1: J1 [O(n)]
  10: f3->f2, P: 0 [O(1)]
  10: f3->f2, Q: 0 [O(1)]
  10: f3->f2, T: -max{0, -T} [O(n)]
  10: f3->f2, U: U [O(n)]
  10: f3->f2, Z: Z [O(n)]
  11: f3->f25, B: -max{0, -B} [O(n)]
  11: f3->f25, C: -max{0, -C} [O(n)]
  11: f3->f25, D: -max{0, -D} [O(n)]
  11: f3->f25, E: -max{0, -E, max{-E, -E, max{-E, -E, max{-E, -E, -C}}}} [O(n)]
  11: f3->f25, F: 1 [O(1)]
  11: f3->f25, I1: I1 [O(n)]
  11: f3->f25, J1: J1 [O(n)]
  11: f3->f25, N: 1 [O(1)]
  11: f3->f25, P: 1 [O(1)]
  11: f3->f25, Q: 0 [O(1)]
  11: f3->f25, T: -max{0, -T} [O(n)]
  11: f3->f25, U: U [O(n)]
  11: f3->f25, Z: Z [O(n)]
  12: f3->f25, B: -max{0, -B} [O(n)]
  12: f3->f25, C: -max{0, -C} [O(n)]
  12: f3->f25, D: -max{0, -D} [O(n)]
  12: f3->f25, E: -max{0, -E, max{-E, -E, max{-E, -E, max{-E, -E, -C}}}} [O(n)]
  12: f3->f25, F: 1 [O(1)]
  12: f3->f25, I1: I1 [O(n)]
  12: f3->f25, J1: J1 [O(n)]
  12: f3->f25, Q: 0 [O(1)]
  12: f3->f25, T: -max{0, -T} [O(n)]
  12: f3->f25, U: U [O(n)]
  12: f3->f25, Z: Z [O(n)]
  0: f30->f1, A: A [O(n)]
  0: f30->f1, A1: A1 [O(n)]
  0: f30->f1, B: B [O(n)]
  0: f30->f1, B1: B1 [O(n)]
  0: f30->f1, C: C [O(n)]
  0: f30->f1, C1: C1 [O(n)]
  0: f30->f1, D: D [O(n)]
  0: f30->f1, D1: D1 [O(n)]
  0: f30->f1, E: E [O(n)]
  0: f30->f1, E1: E1 [O(n)]
  0: f30->f1, F: F [O(n)]
  0: f30->f1, F1: F1 [O(n)]
  0: f30->f1, G: G [O(n)]
  0: f30->f1, G1: G1 [O(n)]
  0: f30->f1, H: H [O(n)]
  0: f30->f1, H1: H1 [O(n)]
  0: f30->f1, I: I [O(n)]
  0: f30->f1, I1: I1 [O(n)]
  0: f30->f1, J: J [O(n)]
  0: f30->f1, J1: J1 [O(n)]
  0: f30->f1, K: K [O(n)]
  0: f30->f1, L: L [O(n)]
  0: f30->f1, M: M [O(n)]
  0: f30->f1, N: N [O(n)]
  0: f30->f1, O: O [O(n)]
  0: f30->f1, P: P [O(n)]
  0: f30->f1, Q: Q [O(n)]
  0: f30->f1, R: R [O(n)]
  0: f30->f1, S: S [O(n)]
  0: f30->f1, T: T [O(n)]
  0: f30->f1, U: U [O(n)]
  0: f30->f1, V: V [O(n)]
  0: f30->f1, W: W [O(n)]
  0: f30->f1, X: X [O(n)]
  0: f30->f1, Y: Y [O(n)]
  0: f30->f1, Z: Z [O(n)]
  5: f4->f5, B: -max{0, -B} [O(n)]
  5: f4->f5, C: -max{0, -C} [O(n)]
  5: f4->f5, D: 0 [O(1)]
  5: f4->f5, E: -max{0, -C} [O(n)]
  5: f4->f5, I1: I1 [O(n)]
  5: f4->f5, J1: J1 [O(n)]
  5: f4->f5, P: -max{0, -P} [O(n)]
  5: f4->f5, Q: -max{0, -Q} [O(n)]
  5: f4->f5, T: -max{0, -T} [O(n)]
  5: f4->f5, U: U [O(n)]
  5: f4->f5, Z: Z [O(n)]
  13: f4->f17, B: -max{0, -B} [O(n)]
  13: f4->f17, C: -max{0, -C} [O(n)]
  13: f4->f17, D: -max{0, -D} [O(n)]
  13: f4->f17, E: -max{0, -E, max{-E, -E, max{-E, -E, max{-E, -E, -C}}}} [O(n)]
  13: f4->f17, I1: I1 [O(n)]
  13: f4->f17, J: 1 [O(1)]
  13: f4->f17, J1: J1 [O(n)]
  13: f4->f17, P: -max{0, -P} [O(n)]
  13: f4->f17, Q: -max{0, -Q} [O(n)]
  13: f4->f17, S: 1 [O(1)]
  13: f4->f17, T: 0 [O(1)]
  13: f4->f17, U: U [O(n)]
  13: f4->f17, Z: Z [O(n)]
  14: f4->f17, B: -max{0, -B} [O(n)]
  14: f4->f17, C: -max{0, -C} [O(n)]
  14: f4->f17, D: -max{0, -D} [O(n)]
  14: f4->f17, E: -max{0, -E, max{-E, -E, max{-E, -E, max{-E, -E, -C}}}} [O(n)]
  14: f4->f17, I1: I1 [O(n)]
  14: f4->f17, J1: J1 [O(n)]
  14: f4->f17, P: -max{0, -P} [O(n)]
  14: f4->f17, Q: -max{0, -Q} [O(n)]
  14: f4->f17, T: 0 [O(1)]
  14: f4->f17, U: U [O(n)]
  14: f4->f17, Z: Z [O(n)]
  18: f4->f21, B: -max{0, -B} [O(n)]
  18: f4->f21, C: -max{0, -C} [O(n)]
  18: f4->f21, D: -max{0, -D} [O(n)]
  18: f4->f21, E: -max{0, -E, max{-E, -E, max{-E, -E, max{-E, -E, -C}}}} [O(n)]
  18: f4->f21, I1: I1 [O(n)]
  18: f4->f21, J: 0 [O(1)]
  18: f4->f21, J1: J1 [O(n)]
  18: f4->f21, P: -max{0, -P} [O(n)]
  18: f4->f21, Q: -max{0, -Q} [O(n)]
  18: f4->f21, S: 0 [O(1)]
  18: f4->f21, T: 0 [O(1)]
  18: f4->f21, U: 0 [O(1)]
  18: f4->f21, Z: Z [O(n)]
  6: f5->f5, B: -max{0, -B} [O(n)]
  6: f5->f5, C: -max{0, -C} [O(n)]
  6: f5->f5, D: -max{0, -D} [O(n)]
  6: f5->f5, E: 0 [O(1)]
  6: f5->f5, I1: I1 [O(n)]
  6: f5->f5, J1: J1 [O(n)]
  6: f5->f5, P: -max{0, -P} [O(n)]
  6: f5->f5, Q: -max{0, -Q} [O(n)]
  6: f5->f5, T: -max{0, -T} [O(n)]
  6: f5->f5, U: U [O(n)]
  6: f5->f5, Z: Z [O(n)]
  9: f5->f16, B: -max{0, -B} [O(n)]
  9: f5->f16, C: -max{0, -C} [O(n)]
  9: f5->f16, D: -max{0, -D} [O(n)]
  9: f5->f16, E: -max{0, -E, -C} [O(n)]
  9: f5->f16, F: 1 [O(1)]
  9: f5->f16, I1: I1 [O(n)]
  9: f5->f16, J1: J1 [O(n)]
  9: f5->f16, P: -max{0, -P} [O(n)]
  9: f5->f16, Q: -max{0, -Q} [O(n)]
  9: f5->f16, T: -max{0, -T} [O(n)]
  9: f5->f16, U: U [O(n)]
  9: f5->f16, Z: Z [O(n)]
  15: f5->f18, B: -max{0, -B} [O(n)]
  15: f5->f18, C: -max{0, -C} [O(n)]
  15: f5->f18, D: -max{0, -D} [O(n)]
  15: f5->f18, E: -max{0, -E, -C} [O(n)]
  15: f5->f18, F: 0 [O(1)]
  15: f5->f18, I1: I1 [O(n)]
  15: f5->f18, J: 0 [O(1)]
  15: f5->f18, J1: J1 [O(n)]
  15: f5->f18, P: -max{0, -P} [O(n)]
  15: f5->f18, Q: -max{0, -Q} [O(n)]
  15: f5->f18, S: 0 [O(1)]
  15: f5->f18, T: 0 [O(1)]
  15: f5->f18, U: U [O(n)]
  15: f5->f18, Z: Z [O(n)]
  19: f5->f3, B: -max{0, -B} [O(n)]
  19: f5->f3, C: -max{0, -C} [O(n)]
  19: f5->f3, D: -max{0, -D} [O(n)]
  19: f5->f3, E: -max{0, -E, -C} [O(n)]
  19: f5->f3, I1: I1 [O(n)]
  19: f5->f3, J1: J1 [O(n)]
  19: f5->f3, P: -max{0, -P} [O(n)]
  19: f5->f3, Q: -max{0, -Q} [O(n)]
  19: f5->f3, T: 0 [O(1)]
  19: f5->f3, U: U [O(n)]
  19: f5->f3, V: 1 [O(1)]
  19: f5->f3, Z: Z [O(n)]
  20: f5->f3, B: -max{0, -B} [O(n)]
  20: f5->f3, C: -max{0, -C} [O(n)]
  20: f5->f3, D: -max{0, -D} [O(n)]
  20: f5->f3, E: -max{0, -E, -C} [O(n)]
  20: f5->f3, I1: I1 [O(n)]
  20: f5->f3, J1: J1 [O(n)]
  20: f5->f3, P: -max{0, -P} [O(n)]
  20: f5->f3, Q: -max{0, -Q} [O(n)]
  20: f5->f3, T: 0 [O(1)]
  20: f5->f3, U: U [O(n)]
  20: f5->f3, Z: Z [O(n)]
`Upper:
  1: f1->f2, E: max{0, E} [O(n)]
  1: f1->f2, I1: I1 [O(n)]
  1: f1->f2, J1: J1 [O(n)]
  1: f1->f2, P: max{0, P} [O(n)]
  1: f1->f2, Q: max{0, Q} [O(n)]
  1: f1->f2, T: max{0, T} [O(n)]
  1: f1->f2, U: U [O(n)]
  1: f1->f2, Z: Z [O(n)]
  7: f1->f5, E: max{0, E} [O(n)]
  7: f1->f5, I1: I1 [O(n)]
  7: f1->f5, J1: J1 [O(n)]
  7: f1->f5, P: max{0, P} [O(n)]
  7: f1->f5, Q: max{0, Q} [O(n)]
  7: f1->f5, T: max{0, T} [O(n)]
  7: f1->f5, U: U [O(n)]
  7: f1->f5, Z: Z [O(n)]
  8: f16->f1, E: 0 [O(1)]
  8: f16->f1, I1: I1 [O(n)]
  8: f16->f1, J1: J1 [O(n)]
  8: f16->f1, P: max{0, P} [O(n)]
  8: f16->f1, Q: max{0, Q} [O(n)]
  8: f16->f1, T: max{0, T} [O(n)]
  8: f16->f1, U: U [O(n)]
  8: f16->f1, Z: Z [O(n)]
  22: f16->f16, E: 0 [O(1)]
  22: f16->f16, I1: I1 [O(n)]
  22: f16->f16, J1: J1 [O(n)]
  22: f16->f16, P: max{0, P} [O(n)]
  22: f16->f16, Q: max{0, Q} [O(n)]
  22: f16->f16, T: max{0, T} [O(n)]
  22: f16->f16, U: U [O(n)]
  22: f16->f16, Z: Z [O(n)]
  2: f2->f3, B: 0 [O(1)]
  2: f2->f3, C: 0 [O(1)]
  2: f2->f3, I1: I1 [O(n)]
  2: f2->f3, J1: J1 [O(n)]
  2: f2->f3, P: max{0, P} [O(n)]
  2: f2->f3, Q: max{0, Q} [O(n)]
  2: f2->f3, T: max{0, T} [O(n)]
  2: f2->f3, U: U [O(n)]
  2: f2->f3, Z: Z [O(n)]
  17: f2->f22, I1: I1 [O(n)]
  17: f2->f22, J1: J1 [O(n)]
  17: f2->f22, P: max{0, P} [O(n)]
  17: f2->f22, Q: max{0, Q} [O(n)]
  17: f2->f22, U: U [O(n)]
  17: f2->f22, Z: Z [O(n)]
  3: f3->f3, I1: I1 [O(n)]
  3: f3->f3, J1: J1 [O(n)]
  3: f3->f3, P: max{0, P} [O(n)]
  3: f3->f3, Q: max{0, Q} [O(n)]
  3: f3->f3, T: max{0, T} [O(n)]
  3: f3->f3, U: U [O(n)]
  3: f3->f3, Z: Z [O(n)]
  4: f3->f4, I1: I1 [O(n)]
  4: f3->f4, J1: J1 [O(n)]
  4: f3->f4, P: max{0, P} [O(n)]
  4: f3->f4, Q: max{0, Q} [O(n)]
  4: f3->f4, T: max{0, T} [O(n)]
  4: f3->f4, U: U [O(n)]
  4: f3->f4, Z: Z [O(n)]
  10: f3->f2, I1: I1 [O(n)]
  10: f3->f2, J1: J1 [O(n)]
  10: f3->f2, P: 0 [O(1)]
  10: f3->f2, Q: 0 [O(1)]
  10: f3->f2, T: max{0, T} [O(n)]
  10: f3->f2, U: U [O(n)]
  10: f3->f2, Z: Z [O(n)]
  11: f3->f25, I1: I1 [O(n)]
  11: f3->f25, J1: J1 [O(n)]
  11: f3->f25, Q: 0 [O(1)]
  11: f3->f25, T: max{0, T} [O(n)]
  11: f3->f25, U: U [O(n)]
  11: f3->f25, Z: Z [O(n)]
  12: f3->f25, I1: I1 [O(n)]
  12: f3->f25, J1: J1 [O(n)]
  12: f3->f25, N: -1 [O(1)]
  12: f3->f25, P: -1 [O(1)]
  12: f3->f25, Q: 0 [O(1)]
  12: f3->f25, T: max{0, T} [O(n)]
  12: f3->f25, U: U [O(n)]
  12: f3->f25, Z: Z [O(n)]
  0: f30->f1, A: A [O(n)]
  0: f30->f1, A1: A1 [O(n)]
  0: f30->f1, B: B [O(n)]
  0: f30->f1, B1: B1 [O(n)]
  0: f30->f1, C: C [O(n)]
  0: f30->f1, C1: C1 [O(n)]
  0: f30->f1, D: D [O(n)]
  0: f30->f1, D1: D1 [O(n)]
  0: f30->f1, E: E [O(n)]
  0: f30->f1, E1: E1 [O(n)]
  0: f30->f1, F: F [O(n)]
  0: f30->f1, F1: F1 [O(n)]
  0: f30->f1, G: G [O(n)]
  0: f30->f1, G1: G1 [O(n)]
  0: f30->f1, H: H [O(n)]
  0: f30->f1, H1: H1 [O(n)]
  0: f30->f1, I: I [O(n)]
  0: f30->f1, I1: I1 [O(n)]
  0: f30->f1, J: J [O(n)]
  0: f30->f1, J1: J1 [O(n)]
  0: f30->f1, K: K [O(n)]
  0: f30->f1, L: L [O(n)]
  0: f30->f1, M: M [O(n)]
  0: f30->f1, N: N [O(n)]
  0: f30->f1, O: O [O(n)]
  0: f30->f1, P: P [O(n)]
  0: f30->f1, Q: Q [O(n)]
  0: f30->f1, R: R [O(n)]
  0: f30->f1, S: S [O(n)]
  0: f30->f1, T: T [O(n)]
  0: f30->f1, U: U [O(n)]
  0: f30->f1, V: V [O(n)]
  0: f30->f1, W: W [O(n)]
  0: f30->f1, X: X [O(n)]
  0: f30->f1, Y: Y [O(n)]
  0: f30->f1, Z: Z [O(n)]
  5: f4->f5, D: 0 [O(1)]
  5: f4->f5, I1: I1 [O(n)]
  5: f4->f5, J1: J1 [O(n)]
  5: f4->f5, P: max{0, P} [O(n)]
  5: f4->f5, Q: max{0, Q} [O(n)]
  5: f4->f5, T: max{0, T} [O(n)]
  5: f4->f5, U: U [O(n)]
  5: f4->f5, Z: Z [O(n)]
  13: f4->f17, I1: I1 [O(n)]
  13: f4->f17, J1: J1 [O(n)]
  13: f4->f17, P: max{0, P} [O(n)]
  13: f4->f17, Q: max{0, Q} [O(n)]
  13: f4->f17, T: 0 [O(1)]
  13: f4->f17, U: U [O(n)]
  13: f4->f17, Z: Z [O(n)]
  14: f4->f17, I1: I1 [O(n)]
  14: f4->f17, J: -1 [O(1)]
  14: f4->f17, J1: J1 [O(n)]
  14: f4->f17, P: max{0, P} [O(n)]
  14: f4->f17, Q: max{0, Q} [O(n)]
  14: f4->f17, S: -1 [O(1)]
  14: f4->f17, T: 0 [O(1)]
  14: f4->f17, U: U [O(n)]
  14: f4->f17, Z: Z [O(n)]
  18: f4->f21, I1: I1 [O(n)]
  18: f4->f21, J: 0 [O(1)]
  18: f4->f21, J1: J1 [O(n)]
  18: f4->f21, P: max{0, P} [O(n)]
  18: f4->f21, Q: max{0, Q} [O(n)]
  18: f4->f21, S: 0 [O(1)]
  18: f4->f21, T: 0 [O(1)]
  18: f4->f21, U: 0 [O(1)]
  18: f4->f21, Z: Z [O(n)]
  6: f5->f5, I1: I1 [O(n)]
  6: f5->f5, J1: J1 [O(n)]
  6: f5->f5, P: max{0, P} [O(n)]
  6: f5->f5, Q: max{0, Q} [O(n)]
  6: f5->f5, T: max{0, T} [O(n)]
  6: f5->f5, U: U [O(n)]
  6: f5->f5, Z: Z [O(n)]
  9: f5->f16, E: 0 [O(1)]
  9: f5->f16, I1: I1 [O(n)]
  9: f5->f16, J1: J1 [O(n)]
  9: f5->f16, P: max{0, P} [O(n)]
  9: f5->f16, Q: max{0, Q} [O(n)]
  9: f5->f16, T: max{0, T} [O(n)]
  9: f5->f16, U: U [O(n)]
  9: f5->f16, Z: Z [O(n)]
  15: f5->f18, I1: I1 [O(n)]
  15: f5->f18, J: 0 [O(1)]
  15: f5->f18, J1: J1 [O(n)]
  15: f5->f18, P: max{0, P} [O(n)]
  15: f5->f18, Q: max{0, Q} [O(n)]
  15: f5->f18, S: 0 [O(1)]
  15: f5->f18, T: 0 [O(1)]
  15: f5->f18, U: U [O(n)]
  15: f5->f18, Z: Z [O(n)]
  19: f5->f3, I1: I1 [O(n)]
  19: f5->f3, J1: J1 [O(n)]
  19: f5->f3, P: max{0, P} [O(n)]
  19: f5->f3, Q: max{0, Q} [O(n)]
  19: f5->f3, T: 0 [O(1)]
  19: f5->f3, U: U [O(n)]
  19: f5->f3, Z: Z [O(n)]
  20: f5->f3, I1: I1 [O(n)]
  20: f5->f3, J1: J1 [O(n)]
  20: f5->f3, P: max{0, P} [O(n)]
  20: f5->f3, Q: max{0, Q} [O(n)]
  20: f5->f3, T: 0 [O(1)]
  20: f5->f3, U: U [O(n)]
  20: f5->f3, V: -1 [O(1)]
  20: f5->f3, Z: Z [O(n)]
