Timebounds: 
  Overall timebound: inf [Infinity]
  9: f16->f16: inf [Infinity]
  10: f16->f18: 1 [O(1)]
  11: f16->f3: inf [Infinity]
  12: f16->f3: inf [Infinity]
  1: f3->f25: 1 [O(1)]
  2: f3->f25: 1 [O(1)]
  3: f3->f16: inf [Infinity]
  4: f3->f16: inf [Infinity]
  5: f3->f22: 1 [O(1)]
  0: f33->f3: 1 [O(1)]

Costbounds:
  Overall costbound: inf [Infinity]
  9: f16->f16: inf [Infinity]
  10: f16->f18: 1 [O(1)]
  11: f16->f3: inf [Infinity]
  12: f16->f3: inf [Infinity]
  1: f3->f25: 1 [O(1)]
  2: f3->f25: 1 [O(1)]
  3: f3->f16: inf [Infinity]
  4: f3->f16: inf [Infinity]
  5: f3->f22: 1 [O(1)]
  0: f33->f3: 1 [O(1)]

Sizebounds:
`Lower:
  9: f16->f16, A: -inf [Infinity]
  9: f16->f16, A1: -inf [Infinity]
  9: f16->f16, B: -inf [Infinity]
  9: f16->f16, B1: -inf [Infinity]
  9: f16->f16, C: C [O(n)]
  9: f16->f16, C1: -inf [Infinity]
  9: f16->f16, D: D [O(n)]
  9: f16->f16, D1: -inf [Infinity]
  9: f16->f16, E: -inf [Infinity]
  9: f16->f16, E1: E1 [O(n)]
  9: f16->f16, F: -inf [Infinity]
  9: f16->f16, F1: F1 [O(n)]
  9: f16->f16, G: -inf [Infinity]
  9: f16->f16, G1: -inf [Infinity]
  9: f16->f16, H: -inf [Infinity]
  9: f16->f16, H1: -inf [Infinity]
  9: f16->f16, I: -inf [Infinity]
  9: f16->f16, I1: -inf [Infinity]
  9: f16->f16, J: -inf [Infinity]
  9: f16->f16, J1: -inf [Infinity]
  9: f16->f16, K: -inf [Infinity]
  9: f16->f16, K1: -inf [Infinity]
  9: f16->f16, L: -inf [Infinity]
  9: f16->f16, L1: -inf [Infinity]
  9: f16->f16, M: -max{0, -M} [O(n)]
  9: f16->f16, M1: -inf [Infinity]
  9: f16->f16, N: N [O(n)]
  9: f16->f16, N1: -inf [Infinity]
  9: f16->f16, O: -inf [Infinity]
  9: f16->f16, O1: -inf [Infinity]
  9: f16->f16, P: -inf [Infinity]
  9: f16->f16, P1: -inf [Infinity]
  9: f16->f16, Q: -inf [Infinity]
  9: f16->f16, Q1: -inf [Infinity]
  9: f16->f16, R: -inf [Infinity]
  9: f16->f16, R1: -inf [Infinity]
  9: f16->f16, S: S [O(n)]
  9: f16->f16, S1: -inf [Infinity]
  9: f16->f16, T: T [O(n)]
  9: f16->f16, T1: -inf [Infinity]
  9: f16->f16, U: -inf [Infinity]
  9: f16->f16, U1: -inf [Infinity]
  9: f16->f16, V: -inf [Infinity]
  9: f16->f16, V1: -inf [Infinity]
  9: f16->f16, W: -inf [Infinity]
  9: f16->f16, X: -inf [Infinity]
  9: f16->f16, Y: -inf [Infinity]
  9: f16->f16, Z: -inf [Infinity]
  10: f16->f18, A: 0 [O(1)]
  10: f16->f18, A1: -inf [Infinity]
  10: f16->f18, B: -inf [Infinity]
  10: f16->f18, B1: -inf [Infinity]
  10: f16->f18, C: C [O(n)]
  10: f16->f18, C1: -inf [Infinity]
  10: f16->f18, D: D [O(n)]
  10: f16->f18, D1: -inf [Infinity]
  10: f16->f18, E: -inf [Infinity]
  10: f16->f18, E1: E1 [O(n)]
  10: f16->f18, F: -inf [Infinity]
  10: f16->f18, F1: F1 [O(n)]
  10: f16->f18, G: -inf [Infinity]
  10: f16->f18, G1: -inf [Infinity]
  10: f16->f18, H: -inf [Infinity]
  10: f16->f18, H1: -inf [Infinity]
  10: f16->f18, I: -inf [Infinity]
  10: f16->f18, I1: -inf [Infinity]
  10: f16->f18, J: -inf [Infinity]
  10: f16->f18, J1: -inf [Infinity]
  10: f16->f18, K: -inf [Infinity]
  10: f16->f18, K1: -inf [Infinity]
  10: f16->f18, L: -inf [Infinity]
  10: f16->f18, L1: -inf [Infinity]
  10: f16->f18, M: 0 [O(1)]
  10: f16->f18, M1: -inf [Infinity]
  10: f16->f18, N: N [O(n)]
  10: f16->f18, N1: -inf [Infinity]
  10: f16->f18, O: 0 [O(1)]
  10: f16->f18, O1: -inf [Infinity]
  10: f16->f18, P: -inf [Infinity]
  10: f16->f18, P1: -inf [Infinity]
  10: f16->f18, Q: -inf [Infinity]
  10: f16->f18, Q1: -inf [Infinity]
  10: f16->f18, R: 0 [O(1)]
  10: f16->f18, R1: -inf [Infinity]
  10: f16->f18, S: S [O(n)]
  10: f16->f18, S1: -inf [Infinity]
  10: f16->f18, T: T [O(n)]
  10: f16->f18, T1: -inf [Infinity]
  10: f16->f18, U: -inf [Infinity]
  10: f16->f18, U1: -inf [Infinity]
  10: f16->f18, V: -inf [Infinity]
  10: f16->f18, V1: -inf [Infinity]
  10: f16->f18, W: -inf [Infinity]
  10: f16->f18, X: -inf [Infinity]
  10: f16->f18, Y: -inf [Infinity]
  10: f16->f18, Z: -inf [Infinity]
  11: f16->f3, A: -inf [Infinity]
  11: f16->f3, A1: -inf [Infinity]
  11: f16->f3, B: -inf [Infinity]
  11: f16->f3, B1: -inf [Infinity]
  11: f16->f3, C: C [O(n)]
  11: f16->f3, C1: -inf [Infinity]
  11: f16->f3, D: D [O(n)]
  11: f16->f3, D1: -inf [Infinity]
  11: f16->f3, E: -inf [Infinity]
  11: f16->f3, E1: E1 [O(n)]
  11: f16->f3, F: -inf [Infinity]
  11: f16->f3, F1: F1 [O(n)]
  11: f16->f3, G: -inf [Infinity]
  11: f16->f3, G1: -inf [Infinity]
  11: f16->f3, H: -inf [Infinity]
  11: f16->f3, H1: -inf [Infinity]
  11: f16->f3, I: -inf [Infinity]
  11: f16->f3, I1: -inf [Infinity]
  11: f16->f3, J: -inf [Infinity]
  11: f16->f3, J1: -inf [Infinity]
  11: f16->f3, K: -inf [Infinity]
  11: f16->f3, K1: -inf [Infinity]
  11: f16->f3, L: -inf [Infinity]
  11: f16->f3, L1: -inf [Infinity]
  11: f16->f3, M: 0 [O(1)]
  11: f16->f3, M1: -inf [Infinity]
  11: f16->f3, N: N [O(n)]
  11: f16->f3, N1: -inf [Infinity]
  11: f16->f3, O: -inf [Infinity]
  11: f16->f3, O1: -inf [Infinity]
  11: f16->f3, P: -inf [Infinity]
  11: f16->f3, P1: -inf [Infinity]
  11: f16->f3, Q: -inf [Infinity]
  11: f16->f3, Q1: -inf [Infinity]
  11: f16->f3, R: -inf [Infinity]
  11: f16->f3, R1: -inf [Infinity]
  11: f16->f3, S: S [O(n)]
  11: f16->f3, S1: -inf [Infinity]
  11: f16->f3, T: T [O(n)]
  11: f16->f3, T1: -inf [Infinity]
  11: f16->f3, U: -inf [Infinity]
  11: f16->f3, U1: -inf [Infinity]
  11: f16->f3, V: -inf [Infinity]
  11: f16->f3, V1: -inf [Infinity]
  11: f16->f3, W: -inf [Infinity]
  11: f16->f3, X: -inf [Infinity]
  11: f16->f3, Y: -inf [Infinity]
  11: f16->f3, Z: -inf [Infinity]
  12: f16->f3, A: -inf [Infinity]
  12: f16->f3, A1: -inf [Infinity]
  12: f16->f3, B: -inf [Infinity]
  12: f16->f3, B1: -inf [Infinity]
  12: f16->f3, C: C [O(n)]
  12: f16->f3, C1: -inf [Infinity]
  12: f16->f3, D: D [O(n)]
  12: f16->f3, D1: -inf [Infinity]
  12: f16->f3, E: -inf [Infinity]
  12: f16->f3, E1: E1 [O(n)]
  12: f16->f3, F: -inf [Infinity]
  12: f16->f3, F1: F1 [O(n)]
  12: f16->f3, G: -inf [Infinity]
  12: f16->f3, G1: -inf [Infinity]
  12: f16->f3, H: -inf [Infinity]
  12: f16->f3, H1: -inf [Infinity]
  12: f16->f3, I: -inf [Infinity]
  12: f16->f3, I1: -inf [Infinity]
  12: f16->f3, J: -inf [Infinity]
  12: f16->f3, J1: -inf [Infinity]
  12: f16->f3, K: -inf [Infinity]
  12: f16->f3, K1: -inf [Infinity]
  12: f16->f3, L: -inf [Infinity]
  12: f16->f3, L1: -inf [Infinity]
  12: f16->f3, M: 0 [O(1)]
  12: f16->f3, M1: -inf [Infinity]
  12: f16->f3, N: N [O(n)]
  12: f16->f3, N1: -inf [Infinity]
  12: f16->f3, O: -inf [Infinity]
  12: f16->f3, O1: -inf [Infinity]
  12: f16->f3, P: -inf [Infinity]
  12: f16->f3, P1: -inf [Infinity]
  12: f16->f3, Q: -inf [Infinity]
  12: f16->f3, Q1: -inf [Infinity]
  12: f16->f3, R: -inf [Infinity]
  12: f16->f3, R1: -inf [Infinity]
  12: f16->f3, S: S [O(n)]
  12: f16->f3, S1: -inf [Infinity]
  12: f16->f3, T: T [O(n)]
  12: f16->f3, T1: -inf [Infinity]
  12: f16->f3, U: -inf [Infinity]
  12: f16->f3, U1: -inf [Infinity]
  12: f16->f3, V: -inf [Infinity]
  12: f16->f3, V1: -inf [Infinity]
  12: f16->f3, W: -inf [Infinity]
  12: f16->f3, X: -inf [Infinity]
  12: f16->f3, Y: -inf [Infinity]
  12: f16->f3, Z: -inf [Infinity]
  1: f3->f25, A: 1 [O(1)]
  1: f3->f25, A1: -inf [Infinity]
  1: f3->f25, B: 1 [O(1)]
  1: f3->f25, B1: -inf [Infinity]
  1: f3->f25, C: 1 [O(1)]
  1: f3->f25, C1: -inf [Infinity]
  1: f3->f25, D: 0 [O(1)]
  1: f3->f25, D1: -inf [Infinity]
  1: f3->f25, E: -inf [Infinity]
  1: f3->f25, E1: E1 [O(n)]
  1: f3->f25, F: -inf [Infinity]
  1: f3->f25, F1: F1 [O(n)]
  1: f3->f25, G: -inf [Infinity]
  1: f3->f25, G1: -inf [Infinity]
  1: f3->f25, H: -inf [Infinity]
  1: f3->f25, H1: -inf [Infinity]
  1: f3->f25, I: -inf [Infinity]
  1: f3->f25, I1: -inf [Infinity]
  1: f3->f25, J: -inf [Infinity]
  1: f3->f25, J1: -inf [Infinity]
  1: f3->f25, K: -inf [Infinity]
  1: f3->f25, K1: -inf [Infinity]
  1: f3->f25, L: -inf [Infinity]
  1: f3->f25, L1: -inf [Infinity]
  1: f3->f25, M: -max{0, -M} [O(n)]
  1: f3->f25, M1: -inf [Infinity]
  1: f3->f25, N: N [O(n)]
  1: f3->f25, N1: -inf [Infinity]
  1: f3->f25, O: -inf [Infinity]
  1: f3->f25, O1: -inf [Infinity]
  1: f3->f25, P: -inf [Infinity]
  1: f3->f25, P1: -inf [Infinity]
  1: f3->f25, Q: -inf [Infinity]
  1: f3->f25, Q1: -inf [Infinity]
  1: f3->f25, R: -inf [Infinity]
  1: f3->f25, R1: -inf [Infinity]
  1: f3->f25, S: S [O(n)]
  1: f3->f25, S1: -inf [Infinity]
  1: f3->f25, T: T [O(n)]
  1: f3->f25, T1: -inf [Infinity]
  1: f3->f25, U: -inf [Infinity]
  1: f3->f25, U1: -inf [Infinity]
  1: f3->f25, V: -inf [Infinity]
  1: f3->f25, V1: -inf [Infinity]
  1: f3->f25, W: -inf [Infinity]
  1: f3->f25, X: -inf [Infinity]
  1: f3->f25, Y: -inf [Infinity]
  1: f3->f25, Z: -inf [Infinity]
  2: f3->f25, A: 1 [O(1)]
  2: f3->f25, A1: -inf [Infinity]
  2: f3->f25, B: -inf [Infinity]
  2: f3->f25, B1: -inf [Infinity]
  2: f3->f25, C: -inf [Infinity]
  2: f3->f25, C1: -inf [Infinity]
  2: f3->f25, D: 0 [O(1)]
  2: f3->f25, D1: -inf [Infinity]
  2: f3->f25, E: -inf [Infinity]
  2: f3->f25, E1: E1 [O(n)]
  2: f3->f25, F: -inf [Infinity]
  2: f3->f25, F1: F1 [O(n)]
  2: f3->f25, G: -inf [Infinity]
  2: f3->f25, G1: -inf [Infinity]
  2: f3->f25, H: -inf [Infinity]
  2: f3->f25, H1: -inf [Infinity]
  2: f3->f25, I: -inf [Infinity]
  2: f3->f25, I1: -inf [Infinity]
  2: f3->f25, J: -inf [Infinity]
  2: f3->f25, J1: -inf [Infinity]
  2: f3->f25, K: -inf [Infinity]
  2: f3->f25, K1: -inf [Infinity]
  2: f3->f25, L: -inf [Infinity]
  2: f3->f25, L1: -inf [Infinity]
  2: f3->f25, M: -max{0, -M} [O(n)]
  2: f3->f25, M1: -inf [Infinity]
  2: f3->f25, N: N [O(n)]
  2: f3->f25, N1: -inf [Infinity]
  2: f3->f25, O: -inf [Infinity]
  2: f3->f25, O1: -inf [Infinity]
  2: f3->f25, P: -inf [Infinity]
  2: f3->f25, P1: -inf [Infinity]
  2: f3->f25, Q: -inf [Infinity]
  2: f3->f25, Q1: -inf [Infinity]
  2: f3->f25, R: -inf [Infinity]
  2: f3->f25, R1: -inf [Infinity]
  2: f3->f25, S: S [O(n)]
  2: f3->f25, S1: -inf [Infinity]
  2: f3->f25, T: T [O(n)]
  2: f3->f25, T1: -inf [Infinity]
  2: f3->f25, U: -inf [Infinity]
  2: f3->f25, U1: -inf [Infinity]
  2: f3->f25, V: -inf [Infinity]
  2: f3->f25, V1: -inf [Infinity]
  2: f3->f25, W: -inf [Infinity]
  2: f3->f25, X: -inf [Infinity]
  2: f3->f25, Y: -inf [Infinity]
  2: f3->f25, Z: -inf [Infinity]
  3: f3->f16, A: -inf [Infinity]
  3: f3->f16, A1: -inf [Infinity]
  3: f3->f16, B: -inf [Infinity]
  3: f3->f16, B1: -inf [Infinity]
  3: f3->f16, C: C [O(n)]
  3: f3->f16, C1: -inf [Infinity]
  3: f3->f16, D: D [O(n)]
  3: f3->f16, D1: -inf [Infinity]
  3: f3->f16, E: -inf [Infinity]
  3: f3->f16, E1: E1 [O(n)]
  3: f3->f16, F: -inf [Infinity]
  3: f3->f16, F1: F1 [O(n)]
  3: f3->f16, G: -inf [Infinity]
  3: f3->f16, G1: -inf [Infinity]
  3: f3->f16, H: -inf [Infinity]
  3: f3->f16, H1: -inf [Infinity]
  3: f3->f16, I: -inf [Infinity]
  3: f3->f16, I1: -inf [Infinity]
  3: f3->f16, J: -inf [Infinity]
  3: f3->f16, J1: -inf [Infinity]
  3: f3->f16, K: -inf [Infinity]
  3: f3->f16, K1: -inf [Infinity]
  3: f3->f16, L: -inf [Infinity]
  3: f3->f16, L1: -inf [Infinity]
  3: f3->f16, M: -max{0, -M} [O(n)]
  3: f3->f16, M1: -inf [Infinity]
  3: f3->f16, N: N [O(n)]
  3: f3->f16, N1: -inf [Infinity]
  3: f3->f16, O: -inf [Infinity]
  3: f3->f16, O1: -inf [Infinity]
  3: f3->f16, P: -inf [Infinity]
  3: f3->f16, P1: -inf [Infinity]
  3: f3->f16, Q: -inf [Infinity]
  3: f3->f16, Q1: -inf [Infinity]
  3: f3->f16, R: -inf [Infinity]
  3: f3->f16, R1: -inf [Infinity]
  3: f3->f16, S: S [O(n)]
  3: f3->f16, S1: -inf [Infinity]
  3: f3->f16, T: T [O(n)]
  3: f3->f16, T1: -inf [Infinity]
  3: f3->f16, U: -inf [Infinity]
  3: f3->f16, U1: -inf [Infinity]
  3: f3->f16, V: -inf [Infinity]
  3: f3->f16, V1: -inf [Infinity]
  3: f3->f16, W: -inf [Infinity]
  3: f3->f16, X: -inf [Infinity]
  3: f3->f16, Y: -inf [Infinity]
  3: f3->f16, Z: -inf [Infinity]
  4: f3->f16, A: -inf [Infinity]
  4: f3->f16, A1: -inf [Infinity]
  4: f3->f16, B: -inf [Infinity]
  4: f3->f16, B1: -inf [Infinity]
  4: f3->f16, C: C [O(n)]
  4: f3->f16, C1: -inf [Infinity]
  4: f3->f16, D: D [O(n)]
  4: f3->f16, D1: -inf [Infinity]
  4: f3->f16, E: -inf [Infinity]
  4: f3->f16, E1: E1 [O(n)]
  4: f3->f16, F: -inf [Infinity]
  4: f3->f16, F1: F1 [O(n)]
  4: f3->f16, G: -inf [Infinity]
  4: f3->f16, G1: -inf [Infinity]
  4: f3->f16, H: -inf [Infinity]
  4: f3->f16, H1: -inf [Infinity]
  4: f3->f16, I: -inf [Infinity]
  4: f3->f16, I1: -inf [Infinity]
  4: f3->f16, J: -inf [Infinity]
  4: f3->f16, J1: -inf [Infinity]
  4: f3->f16, K: -inf [Infinity]
  4: f3->f16, K1: -inf [Infinity]
  4: f3->f16, L: -inf [Infinity]
  4: f3->f16, L1: -inf [Infinity]
  4: f3->f16, M: -max{0, -M} [O(n)]
  4: f3->f16, M1: -inf [Infinity]
  4: f3->f16, N: N [O(n)]
  4: f3->f16, N1: -inf [Infinity]
  4: f3->f16, O: -inf [Infinity]
  4: f3->f16, O1: -inf [Infinity]
  4: f3->f16, P: -inf [Infinity]
  4: f3->f16, P1: -inf [Infinity]
  4: f3->f16, Q: -inf [Infinity]
  4: f3->f16, Q1: -inf [Infinity]
  4: f3->f16, R: -inf [Infinity]
  4: f3->f16, R1: -inf [Infinity]
  4: f3->f16, S: S [O(n)]
  4: f3->f16, S1: -inf [Infinity]
  4: f3->f16, T: T [O(n)]
  4: f3->f16, T1: -inf [Infinity]
  4: f3->f16, U: -inf [Infinity]
  4: f3->f16, U1: -inf [Infinity]
  4: f3->f16, V: -inf [Infinity]
  4: f3->f16, V1: -inf [Infinity]
  4: f3->f16, W: -inf [Infinity]
  4: f3->f16, X: -inf [Infinity]
  4: f3->f16, Y: -inf [Infinity]
  4: f3->f16, Z: -inf [Infinity]
  5: f3->f22, A: -inf [Infinity]
  5: f3->f22, A1: -inf [Infinity]
  5: f3->f22, B: -inf [Infinity]
  5: f3->f22, B1: -inf [Infinity]
  5: f3->f22, C: 0 [O(1)]
  5: f3->f22, C1: -inf [Infinity]
  5: f3->f22, D: 0 [O(1)]
  5: f3->f22, D1: -inf [Infinity]
  5: f3->f22, E: -inf [Infinity]
  5: f3->f22, E1: E1 [O(n)]
  5: f3->f22, F: -inf [Infinity]
  5: f3->f22, F1: F1 [O(n)]
  5: f3->f22, G: -inf [Infinity]
  5: f3->f22, G1: -inf [Infinity]
  5: f3->f22, H: -inf [Infinity]
  5: f3->f22, H1: -inf [Infinity]
  5: f3->f22, I: -inf [Infinity]
  5: f3->f22, I1: -inf [Infinity]
  5: f3->f22, J: -inf [Infinity]
  5: f3->f22, J1: -inf [Infinity]
  5: f3->f22, K: -inf [Infinity]
  5: f3->f22, K1: -inf [Infinity]
  5: f3->f22, L: -inf [Infinity]
  5: f3->f22, L1: -inf [Infinity]
  5: f3->f22, M: -inf [Infinity]
  5: f3->f22, M1: -inf [Infinity]
  5: f3->f22, N: -inf [Infinity]
  5: f3->f22, N1: -inf [Infinity]
  5: f3->f22, O: -inf [Infinity]
  5: f3->f22, O1: -inf [Infinity]
  5: f3->f22, P: -inf [Infinity]
  5: f3->f22, P1: -inf [Infinity]
  5: f3->f22, Q: -inf [Infinity]
  5: f3->f22, Q1: -inf [Infinity]
  5: f3->f22, R: -inf [Infinity]
  5: f3->f22, R1: -inf [Infinity]
  5: f3->f22, S: S [O(n)]
  5: f3->f22, S1: -inf [Infinity]
  5: f3->f22, T: T [O(n)]
  5: f3->f22, T1: -inf [Infinity]
  5: f3->f22, U: -inf [Infinity]
  5: f3->f22, U1: -inf [Infinity]
  5: f3->f22, V: -inf [Infinity]
  5: f3->f22, V1: -inf [Infinity]
  5: f3->f22, W: -inf [Infinity]
  5: f3->f22, X: -inf [Infinity]
  5: f3->f22, Y: -inf [Infinity]
  5: f3->f22, Z: -inf [Infinity]
  0: f33->f3, A: A [O(n)]
  0: f33->f3, A1: A1 [O(n)]
  0: f33->f3, B: B [O(n)]
  0: f33->f3, B1: B1 [O(n)]
  0: f33->f3, C: C [O(n)]
  0: f33->f3, C1: C1 [O(n)]
  0: f33->f3, D: D [O(n)]
  0: f33->f3, D1: D1 [O(n)]
  0: f33->f3, E: E [O(n)]
  0: f33->f3, E1: E1 [O(n)]
  0: f33->f3, F: F [O(n)]
  0: f33->f3, F1: F1 [O(n)]
  0: f33->f3, G: G [O(n)]
  0: f33->f3, G1: -inf [Infinity]
  0: f33->f3, H: H [O(n)]
  0: f33->f3, H1: -inf [Infinity]
  0: f33->f3, I: I [O(n)]
  0: f33->f3, I1: -inf [Infinity]
  0: f33->f3, J: J [O(n)]
  0: f33->f3, J1: -inf [Infinity]
  0: f33->f3, K: K [O(n)]
  0: f33->f3, K1: -inf [Infinity]
  0: f33->f3, L: L [O(n)]
  0: f33->f3, L1: -inf [Infinity]
  0: f33->f3, M: M [O(n)]
  0: f33->f3, M1: -inf [Infinity]
  0: f33->f3, N: N [O(n)]
  0: f33->f3, N1: -inf [Infinity]
  0: f33->f3, O: O [O(n)]
  0: f33->f3, O1: -inf [Infinity]
  0: f33->f3, P: P [O(n)]
  0: f33->f3, P1: -inf [Infinity]
  0: f33->f3, Q: Q [O(n)]
  0: f33->f3, Q1: -inf [Infinity]
  0: f33->f3, R: R [O(n)]
  0: f33->f3, R1: -inf [Infinity]
  0: f33->f3, S: S [O(n)]
  0: f33->f3, S1: -inf [Infinity]
  0: f33->f3, T: T [O(n)]
  0: f33->f3, T1: -inf [Infinity]
  0: f33->f3, U: U [O(n)]
  0: f33->f3, U1: -inf [Infinity]
  0: f33->f3, V: V [O(n)]
  0: f33->f3, V1: -inf [Infinity]
  0: f33->f3, W: W [O(n)]
  0: f33->f3, X: X [O(n)]
  0: f33->f3, Y: Y [O(n)]
  0: f33->f3, Z: Z [O(n)]
`Upper:
  9: f16->f16, A: inf [Infinity]
  9: f16->f16, A1: inf [Infinity]
  9: f16->f16, B: inf [Infinity]
  9: f16->f16, B1: inf [Infinity]
  9: f16->f16, C: C [O(n)]
  9: f16->f16, C1: inf [Infinity]
  9: f16->f16, D: D [O(n)]
  9: f16->f16, D1: inf [Infinity]
  9: f16->f16, E: inf [Infinity]
  9: f16->f16, E1: E1 [O(n)]
  9: f16->f16, F: inf [Infinity]
  9: f16->f16, F1: F1 [O(n)]
  9: f16->f16, G: inf [Infinity]
  9: f16->f16, G1: inf [Infinity]
  9: f16->f16, H: inf [Infinity]
  9: f16->f16, H1: inf [Infinity]
  9: f16->f16, I: inf [Infinity]
  9: f16->f16, I1: inf [Infinity]
  9: f16->f16, J: inf [Infinity]
  9: f16->f16, J1: inf [Infinity]
  9: f16->f16, K: inf [Infinity]
  9: f16->f16, K1: inf [Infinity]
  9: f16->f16, L: inf [Infinity]
  9: f16->f16, L1: inf [Infinity]
  9: f16->f16, M: max{0, M} [O(n)]
  9: f16->f16, M1: inf [Infinity]
  9: f16->f16, N: N [O(n)]
  9: f16->f16, N1: inf [Infinity]
  9: f16->f16, O: inf [Infinity]
  9: f16->f16, O1: inf [Infinity]
  9: f16->f16, P: inf [Infinity]
  9: f16->f16, P1: inf [Infinity]
  9: f16->f16, Q: inf [Infinity]
  9: f16->f16, Q1: inf [Infinity]
  9: f16->f16, R: inf [Infinity]
  9: f16->f16, R1: inf [Infinity]
  9: f16->f16, S: S [O(n)]
  9: f16->f16, S1: inf [Infinity]
  9: f16->f16, T: T [O(n)]
  9: f16->f16, T1: inf [Infinity]
  9: f16->f16, U: inf [Infinity]
  9: f16->f16, U1: inf [Infinity]
  9: f16->f16, V: inf [Infinity]
  9: f16->f16, V1: inf [Infinity]
  9: f16->f16, W: inf [Infinity]
  9: f16->f16, X: inf [Infinity]
  9: f16->f16, Y: inf [Infinity]
  9: f16->f16, Z: inf [Infinity]
  10: f16->f18, A: inf [Infinity]
  10: f16->f18, A1: inf [Infinity]
  10: f16->f18, B: inf [Infinity]
  10: f16->f18, B1: inf [Infinity]
  10: f16->f18, C: C [O(n)]
  10: f16->f18, C1: inf [Infinity]
  10: f16->f18, D: D [O(n)]
  10: f16->f18, D1: inf [Infinity]
  10: f16->f18, E: inf [Infinity]
  10: f16->f18, E1: E1 [O(n)]
  10: f16->f18, F: inf [Infinity]
  10: f16->f18, F1: F1 [O(n)]
  10: f16->f18, G: inf [Infinity]
  10: f16->f18, G1: inf [Infinity]
  10: f16->f18, H: inf [Infinity]
  10: f16->f18, H1: inf [Infinity]
  10: f16->f18, I: inf [Infinity]
  10: f16->f18, I1: inf [Infinity]
  10: f16->f18, J: inf [Infinity]
  10: f16->f18, J1: inf [Infinity]
  10: f16->f18, K: inf [Infinity]
  10: f16->f18, K1: inf [Infinity]
  10: f16->f18, L: inf [Infinity]
  10: f16->f18, L1: inf [Infinity]
  10: f16->f18, M: 0 [O(1)]
  10: f16->f18, M1: inf [Infinity]
  10: f16->f18, N: N [O(n)]
  10: f16->f18, N1: inf [Infinity]
  10: f16->f18, O: 0 [O(1)]
  10: f16->f18, O1: inf [Infinity]
  10: f16->f18, P: inf [Infinity]
  10: f16->f18, P1: inf [Infinity]
  10: f16->f18, Q: inf [Infinity]
  10: f16->f18, Q1: inf [Infinity]
  10: f16->f18, R: 0 [O(1)]
  10: f16->f18, R1: inf [Infinity]
  10: f16->f18, S: S [O(n)]
  10: f16->f18, S1: inf [Infinity]
  10: f16->f18, T: T [O(n)]
  10: f16->f18, T1: inf [Infinity]
  10: f16->f18, U: inf [Infinity]
  10: f16->f18, U1: inf [Infinity]
  10: f16->f18, V: inf [Infinity]
  10: f16->f18, V1: inf [Infinity]
  10: f16->f18, W: inf [Infinity]
  10: f16->f18, X: inf [Infinity]
  10: f16->f18, Y: inf [Infinity]
  10: f16->f18, Z: inf [Infinity]
  11: f16->f3, A: inf [Infinity]
  11: f16->f3, A1: inf [Infinity]
  11: f16->f3, B: inf [Infinity]
  11: f16->f3, B1: inf [Infinity]
  11: f16->f3, C: C [O(n)]
  11: f16->f3, C1: inf [Infinity]
  11: f16->f3, D: D [O(n)]
  11: f16->f3, D1: inf [Infinity]
  11: f16->f3, E: inf [Infinity]
  11: f16->f3, E1: E1 [O(n)]
  11: f16->f3, F: inf [Infinity]
  11: f16->f3, F1: F1 [O(n)]
  11: f16->f3, G: inf [Infinity]
  11: f16->f3, G1: inf [Infinity]
  11: f16->f3, H: inf [Infinity]
  11: f16->f3, H1: inf [Infinity]
  11: f16->f3, I: inf [Infinity]
  11: f16->f3, I1: inf [Infinity]
  11: f16->f3, J: inf [Infinity]
  11: f16->f3, J1: inf [Infinity]
  11: f16->f3, K: inf [Infinity]
  11: f16->f3, K1: inf [Infinity]
  11: f16->f3, L: inf [Infinity]
  11: f16->f3, L1: inf [Infinity]
  11: f16->f3, M: 0 [O(1)]
  11: f16->f3, M1: inf [Infinity]
  11: f16->f3, N: N [O(n)]
  11: f16->f3, N1: inf [Infinity]
  11: f16->f3, O: inf [Infinity]
  11: f16->f3, O1: inf [Infinity]
  11: f16->f3, P: inf [Infinity]
  11: f16->f3, P1: inf [Infinity]
  11: f16->f3, Q: inf [Infinity]
  11: f16->f3, Q1: inf [Infinity]
  11: f16->f3, R: inf [Infinity]
  11: f16->f3, R1: inf [Infinity]
  11: f16->f3, S: S [O(n)]
  11: f16->f3, S1: inf [Infinity]
  11: f16->f3, T: T [O(n)]
  11: f16->f3, T1: inf [Infinity]
  11: f16->f3, U: inf [Infinity]
  11: f16->f3, U1: inf [Infinity]
  11: f16->f3, V: inf [Infinity]
  11: f16->f3, V1: inf [Infinity]
  11: f16->f3, W: inf [Infinity]
  11: f16->f3, X: inf [Infinity]
  11: f16->f3, Y: inf [Infinity]
  11: f16->f3, Z: inf [Infinity]
  12: f16->f3, A: inf [Infinity]
  12: f16->f3, A1: -1 [O(1)]
  12: f16->f3, B: inf [Infinity]
  12: f16->f3, B1: inf [Infinity]
  12: f16->f3, C: C [O(n)]
  12: f16->f3, C1: inf [Infinity]
  12: f16->f3, D: D [O(n)]
  12: f16->f3, D1: inf [Infinity]
  12: f16->f3, E: inf [Infinity]
  12: f16->f3, E1: E1 [O(n)]
  12: f16->f3, F: inf [Infinity]
  12: f16->f3, F1: F1 [O(n)]
  12: f16->f3, G: inf [Infinity]
  12: f16->f3, G1: inf [Infinity]
  12: f16->f3, H: inf [Infinity]
  12: f16->f3, H1: inf [Infinity]
  12: f16->f3, I: inf [Infinity]
  12: f16->f3, I1: inf [Infinity]
  12: f16->f3, J: inf [Infinity]
  12: f16->f3, J1: inf [Infinity]
  12: f16->f3, K: inf [Infinity]
  12: f16->f3, K1: inf [Infinity]
  12: f16->f3, L: inf [Infinity]
  12: f16->f3, L1: inf [Infinity]
  12: f16->f3, M: 0 [O(1)]
  12: f16->f3, M1: inf [Infinity]
  12: f16->f3, N: N [O(n)]
  12: f16->f3, N1: inf [Infinity]
  12: f16->f3, O: inf [Infinity]
  12: f16->f3, O1: inf [Infinity]
  12: f16->f3, P: inf [Infinity]
  12: f16->f3, P1: inf [Infinity]
  12: f16->f3, Q: inf [Infinity]
  12: f16->f3, Q1: inf [Infinity]
  12: f16->f3, R: inf [Infinity]
  12: f16->f3, R1: inf [Infinity]
  12: f16->f3, S: S [O(n)]
  12: f16->f3, S1: inf [Infinity]
  12: f16->f3, T: T [O(n)]
  12: f16->f3, T1: inf [Infinity]
  12: f16->f3, U: inf [Infinity]
  12: f16->f3, U1: inf [Infinity]
  12: f16->f3, V: inf [Infinity]
  12: f16->f3, V1: inf [Infinity]
  12: f16->f3, W: inf [Infinity]
  12: f16->f3, X: inf [Infinity]
  12: f16->f3, Y: inf [Infinity]
  12: f16->f3, Z: inf [Infinity]
  1: f3->f25, A: inf [Infinity]
  1: f3->f25, A1: inf [Infinity]
  1: f3->f25, B: inf [Infinity]
  1: f3->f25, B1: inf [Infinity]
  1: f3->f25, C: inf [Infinity]
  1: f3->f25, C1: inf [Infinity]
  1: f3->f25, D: 0 [O(1)]
  1: f3->f25, D1: inf [Infinity]
  1: f3->f25, E: inf [Infinity]
  1: f3->f25, E1: E1 [O(n)]
  1: f3->f25, F: inf [Infinity]
  1: f3->f25, F1: F1 [O(n)]
  1: f3->f25, G: inf [Infinity]
  1: f3->f25, G1: inf [Infinity]
  1: f3->f25, H: inf [Infinity]
  1: f3->f25, H1: inf [Infinity]
  1: f3->f25, I: inf [Infinity]
  1: f3->f25, I1: inf [Infinity]
  1: f3->f25, J: inf [Infinity]
  1: f3->f25, J1: inf [Infinity]
  1: f3->f25, K: inf [Infinity]
  1: f3->f25, K1: inf [Infinity]
  1: f3->f25, L: inf [Infinity]
  1: f3->f25, L1: inf [Infinity]
  1: f3->f25, M: max{0, M} [O(n)]
  1: f3->f25, M1: inf [Infinity]
  1: f3->f25, N: N [O(n)]
  1: f3->f25, N1: inf [Infinity]
  1: f3->f25, O: inf [Infinity]
  1: f3->f25, O1: inf [Infinity]
  1: f3->f25, P: inf [Infinity]
  1: f3->f25, P1: inf [Infinity]
  1: f3->f25, Q: inf [Infinity]
  1: f3->f25, Q1: inf [Infinity]
  1: f3->f25, R: inf [Infinity]
  1: f3->f25, R1: inf [Infinity]
  1: f3->f25, S: S [O(n)]
  1: f3->f25, S1: inf [Infinity]
  1: f3->f25, T: T [O(n)]
  1: f3->f25, T1: inf [Infinity]
  1: f3->f25, U: inf [Infinity]
  1: f3->f25, U1: inf [Infinity]
  1: f3->f25, V: inf [Infinity]
  1: f3->f25, V1: inf [Infinity]
  1: f3->f25, W: inf [Infinity]
  1: f3->f25, X: inf [Infinity]
  1: f3->f25, Y: inf [Infinity]
  1: f3->f25, Z: inf [Infinity]
  2: f3->f25, A: inf [Infinity]
  2: f3->f25, A1: inf [Infinity]
  2: f3->f25, B: -1 [O(1)]
  2: f3->f25, B1: inf [Infinity]
  2: f3->f25, C: -1 [O(1)]
  2: f3->f25, C1: inf [Infinity]
  2: f3->f25, D: 0 [O(1)]
  2: f3->f25, D1: inf [Infinity]
  2: f3->f25, E: inf [Infinity]
  2: f3->f25, E1: E1 [O(n)]
  2: f3->f25, F: inf [Infinity]
  2: f3->f25, F1: F1 [O(n)]
  2: f3->f25, G: inf [Infinity]
  2: f3->f25, G1: inf [Infinity]
  2: f3->f25, H: inf [Infinity]
  2: f3->f25, H1: inf [Infinity]
  2: f3->f25, I: inf [Infinity]
  2: f3->f25, I1: inf [Infinity]
  2: f3->f25, J: inf [Infinity]
  2: f3->f25, J1: inf [Infinity]
  2: f3->f25, K: inf [Infinity]
  2: f3->f25, K1: inf [Infinity]
  2: f3->f25, L: inf [Infinity]
  2: f3->f25, L1: inf [Infinity]
  2: f3->f25, M: max{0, M} [O(n)]
  2: f3->f25, M1: inf [Infinity]
  2: f3->f25, N: N [O(n)]
  2: f3->f25, N1: inf [Infinity]
  2: f3->f25, O: inf [Infinity]
  2: f3->f25, O1: inf [Infinity]
  2: f3->f25, P: inf [Infinity]
  2: f3->f25, P1: inf [Infinity]
  2: f3->f25, Q: inf [Infinity]
  2: f3->f25, Q1: inf [Infinity]
  2: f3->f25, R: inf [Infinity]
  2: f3->f25, R1: inf [Infinity]
  2: f3->f25, S: S [O(n)]
  2: f3->f25, S1: inf [Infinity]
  2: f3->f25, T: T [O(n)]
  2: f3->f25, T1: inf [Infinity]
  2: f3->f25, U: inf [Infinity]
  2: f3->f25, U1: inf [Infinity]
  2: f3->f25, V: inf [Infinity]
  2: f3->f25, V1: inf [Infinity]
  2: f3->f25, W: inf [Infinity]
  2: f3->f25, X: inf [Infinity]
  2: f3->f25, Y: inf [Infinity]
  2: f3->f25, Z: inf [Infinity]
  3: f3->f16, A: inf [Infinity]
  3: f3->f16, A1: inf [Infinity]
  3: f3->f16, B: inf [Infinity]
  3: f3->f16, B1: inf [Infinity]
  3: f3->f16, C: C [O(n)]
  3: f3->f16, C1: inf [Infinity]
  3: f3->f16, D: D [O(n)]
  3: f3->f16, D1: inf [Infinity]
  3: f3->f16, E: inf [Infinity]
  3: f3->f16, E1: E1 [O(n)]
  3: f3->f16, F: inf [Infinity]
  3: f3->f16, F1: F1 [O(n)]
  3: f3->f16, G: inf [Infinity]
  3: f3->f16, G1: inf [Infinity]
  3: f3->f16, H: inf [Infinity]
  3: f3->f16, H1: inf [Infinity]
  3: f3->f16, I: inf [Infinity]
  3: f3->f16, I1: inf [Infinity]
  3: f3->f16, J: inf [Infinity]
  3: f3->f16, J1: inf [Infinity]
  3: f3->f16, K: inf [Infinity]
  3: f3->f16, K1: inf [Infinity]
  3: f3->f16, L: inf [Infinity]
  3: f3->f16, L1: inf [Infinity]
  3: f3->f16, M: max{0, M} [O(n)]
  3: f3->f16, M1: inf [Infinity]
  3: f3->f16, N: N [O(n)]
  3: f3->f16, N1: inf [Infinity]
  3: f3->f16, O: inf [Infinity]
  3: f3->f16, O1: inf [Infinity]
  3: f3->f16, P: inf [Infinity]
  3: f3->f16, P1: inf [Infinity]
  3: f3->f16, Q: inf [Infinity]
  3: f3->f16, Q1: inf [Infinity]
  3: f3->f16, R: inf [Infinity]
  3: f3->f16, R1: inf [Infinity]
  3: f3->f16, S: S [O(n)]
  3: f3->f16, S1: inf [Infinity]
  3: f3->f16, T: T [O(n)]
  3: f3->f16, T1: inf [Infinity]
  3: f3->f16, U: inf [Infinity]
  3: f3->f16, U1: inf [Infinity]
  3: f3->f16, V: inf [Infinity]
  3: f3->f16, V1: inf [Infinity]
  3: f3->f16, W: inf [Infinity]
  3: f3->f16, X: inf [Infinity]
  3: f3->f16, Y: inf [Infinity]
  3: f3->f16, Z: inf [Infinity]
  4: f3->f16, A: inf [Infinity]
  4: f3->f16, A1: inf [Infinity]
  4: f3->f16, B: inf [Infinity]
  4: f3->f16, B1: inf [Infinity]
  4: f3->f16, C: C [O(n)]
  4: f3->f16, C1: inf [Infinity]
  4: f3->f16, D: D [O(n)]
  4: f3->f16, D1: inf [Infinity]
  4: f3->f16, E: inf [Infinity]
  4: f3->f16, E1: E1 [O(n)]
  4: f3->f16, F: inf [Infinity]
  4: f3->f16, F1: F1 [O(n)]
  4: f3->f16, G: inf [Infinity]
  4: f3->f16, G1: inf [Infinity]
  4: f3->f16, H: inf [Infinity]
  4: f3->f16, H1: inf [Infinity]
  4: f3->f16, I: inf [Infinity]
  4: f3->f16, I1: inf [Infinity]
  4: f3->f16, J: inf [Infinity]
  4: f3->f16, J1: inf [Infinity]
  4: f3->f16, K: inf [Infinity]
  4: f3->f16, K1: inf [Infinity]
  4: f3->f16, L: inf [Infinity]
  4: f3->f16, L1: inf [Infinity]
  4: f3->f16, M: max{0, M} [O(n)]
  4: f3->f16, M1: inf [Infinity]
  4: f3->f16, N: N [O(n)]
  4: f3->f16, N1: inf [Infinity]
  4: f3->f16, O: inf [Infinity]
  4: f3->f16, O1: inf [Infinity]
  4: f3->f16, P: inf [Infinity]
  4: f3->f16, P1: inf [Infinity]
  4: f3->f16, Q: inf [Infinity]
  4: f3->f16, Q1: inf [Infinity]
  4: f3->f16, R: inf [Infinity]
  4: f3->f16, R1: inf [Infinity]
  4: f3->f16, S: S [O(n)]
  4: f3->f16, S1: inf [Infinity]
  4: f3->f16, T: T [O(n)]
  4: f3->f16, T1: inf [Infinity]
  4: f3->f16, U: inf [Infinity]
  4: f3->f16, U1: inf [Infinity]
  4: f3->f16, V: inf [Infinity]
  4: f3->f16, V1: inf [Infinity]
  4: f3->f16, W: inf [Infinity]
  4: f3->f16, X: inf [Infinity]
  4: f3->f16, Y: inf [Infinity]
  4: f3->f16, Z: inf [Infinity]
  5: f3->f22, A: inf [Infinity]
  5: f3->f22, A1: inf [Infinity]
  5: f3->f22, B: inf [Infinity]
  5: f3->f22, B1: inf [Infinity]
  5: f3->f22, C: 0 [O(1)]
  5: f3->f22, C1: inf [Infinity]
  5: f3->f22, D: 0 [O(1)]
  5: f3->f22, D1: inf [Infinity]
  5: f3->f22, E: inf [Infinity]
  5: f3->f22, E1: E1 [O(n)]
  5: f3->f22, F: inf [Infinity]
  5: f3->f22, F1: F1 [O(n)]
  5: f3->f22, G: inf [Infinity]
  5: f3->f22, G1: inf [Infinity]
  5: f3->f22, H: inf [Infinity]
  5: f3->f22, H1: inf [Infinity]
  5: f3->f22, I: inf [Infinity]
  5: f3->f22, I1: inf [Infinity]
  5: f3->f22, J: inf [Infinity]
  5: f3->f22, J1: inf [Infinity]
  5: f3->f22, K: inf [Infinity]
  5: f3->f22, K1: inf [Infinity]
  5: f3->f22, L: inf [Infinity]
  5: f3->f22, L1: inf [Infinity]
  5: f3->f22, M: inf [Infinity]
  5: f3->f22, M1: inf [Infinity]
  5: f3->f22, N: inf [Infinity]
  5: f3->f22, N1: inf [Infinity]
  5: f3->f22, O: inf [Infinity]
  5: f3->f22, O1: inf [Infinity]
  5: f3->f22, P: inf [Infinity]
  5: f3->f22, P1: inf [Infinity]
  5: f3->f22, Q: inf [Infinity]
  5: f3->f22, Q1: inf [Infinity]
  5: f3->f22, R: inf [Infinity]
  5: f3->f22, R1: inf [Infinity]
  5: f3->f22, S: S [O(n)]
  5: f3->f22, S1: inf [Infinity]
  5: f3->f22, T: T [O(n)]
  5: f3->f22, T1: inf [Infinity]
  5: f3->f22, U: inf [Infinity]
  5: f3->f22, U1: inf [Infinity]
  5: f3->f22, V: inf [Infinity]
  5: f3->f22, V1: inf [Infinity]
  5: f3->f22, W: inf [Infinity]
  5: f3->f22, X: inf [Infinity]
  5: f3->f22, Y: inf [Infinity]
  5: f3->f22, Z: inf [Infinity]
  0: f33->f3, A: A [O(n)]
  0: f33->f3, A1: A1 [O(n)]
  0: f33->f3, B: B [O(n)]
  0: f33->f3, B1: B1 [O(n)]
  0: f33->f3, C: C [O(n)]
  0: f33->f3, C1: C1 [O(n)]
  0: f33->f3, D: D [O(n)]
  0: f33->f3, D1: D1 [O(n)]
  0: f33->f3, E: E [O(n)]
  0: f33->f3, E1: E1 [O(n)]
  0: f33->f3, F: F [O(n)]
  0: f33->f3, F1: F1 [O(n)]
  0: f33->f3, G: G [O(n)]
  0: f33->f3, G1: inf [Infinity]
  0: f33->f3, H: H [O(n)]
  0: f33->f3, H1: inf [Infinity]
  0: f33->f3, I: I [O(n)]
  0: f33->f3, I1: inf [Infinity]
  0: f33->f3, J: J [O(n)]
  0: f33->f3, J1: inf [Infinity]
  0: f33->f3, K: K [O(n)]
  0: f33->f3, K1: inf [Infinity]
  0: f33->f3, L: L [O(n)]
  0: f33->f3, L1: inf [Infinity]
  0: f33->f3, M: M [O(n)]
  0: f33->f3, M1: inf [Infinity]
  0: f33->f3, N: N [O(n)]
  0: f33->f3, N1: inf [Infinity]
  0: f33->f3, O: O [O(n)]
  0: f33->f3, O1: inf [Infinity]
  0: f33->f3, P: P [O(n)]
  0: f33->f3, P1: inf [Infinity]
  0: f33->f3, Q: Q [O(n)]
  0: f33->f3, Q1: inf [Infinity]
  0: f33->f3, R: R [O(n)]
  0: f33->f3, R1: inf [Infinity]
  0: f33->f3, S: S [O(n)]
  0: f33->f3, S1: inf [Infinity]
  0: f33->f3, T: T [O(n)]
  0: f33->f3, T1: inf [Infinity]
  0: f33->f3, U: U [O(n)]
  0: f33->f3, U1: inf [Infinity]
  0: f33->f3, V: V [O(n)]
  0: f33->f3, V1: inf [Infinity]
  0: f33->f3, W: W [O(n)]
  0: f33->f3, X: X [O(n)]
  0: f33->f3, Y: Y [O(n)]
  0: f33->f3, Z: Z [O(n)]
