Timebounds: 
  Overall timebound: 1741 [O(1)]
  1: f5->f0: 1 [O(1)]
  2: f5->f0: 1 [O(1)]
  3: f5->f5: 344 [O(1)]
  4: f5->f5: 240 [O(1)]
  5: f5->f5: 240 [O(1)]
  6: f5->f5: 344 [O(1)]
  7: f5->f12: 1 [O(1)]
  8: f5->f12: 1 [O(1)]
  17: f6->f9: 1 [O(1)]
  0: f9->f9: 560 [O(1)]
  9: f9->f5: 1 [O(1)]
  10: f9->f5: 1 [O(1)]
  11: f9->f5: 1 [O(1)]
  12: f9->f5: 1 [O(1)]
  13: f9->f5: 1 [O(1)]
  14: f9->f5: 1 [O(1)]
  15: f9->f5: 1 [O(1)]
  16: f9->f5: 1 [O(1)]

Costbounds:
  Overall costbound: 1741 [O(1)]
  1: f5->f0: 1 [O(1)]
  2: f5->f0: 1 [O(1)]
  3: f5->f5: 344 [O(1)]
  4: f5->f5: 240 [O(1)]
  5: f5->f5: 240 [O(1)]
  6: f5->f5: 344 [O(1)]
  7: f5->f12: 1 [O(1)]
  8: f5->f12: 1 [O(1)]
  17: f6->f9: 1 [O(1)]
  0: f9->f9: 560 [O(1)]
  9: f9->f5: 1 [O(1)]
  10: f9->f5: 1 [O(1)]
  11: f9->f5: 1 [O(1)]
  12: f9->f5: 1 [O(1)]
  13: f9->f5: 1 [O(1)]
  14: f9->f5: 1 [O(1)]
  15: f9->f5: 1 [O(1)]
  16: f9->f5: 1 [O(1)]

Sizebounds:
`Lower:
  1: f5->f0, A: 17 [O(1)]
  1: f5->f0, B: 17 [O(1)]
  1: f5->f0, C: 16 [O(1)]
  1: f5->f0, G: 0 [O(1)]
  1: f5->f0, I: 1 [O(1)]
  1: f5->f0, J: 1 [O(1)]
  1: f5->f0, Q: 1 [O(1)]
  1: f5->f0, T: 1 [O(1)]
  1: f5->f0, U: 0 [O(1)]
  1: f5->f0, V: -max{-1, -V} [O(n)]
  1: f5->f0, Y: 14 [O(1)]
  2: f5->f0, A: 17 [O(1)]
  2: f5->f0, B: 17 [O(1)]
  2: f5->f0, C: 16 [O(1)]
  2: f5->f0, G: 0 [O(1)]
  2: f5->f0, I: 1 [O(1)]
  2: f5->f0, T: 1 [O(1)]
  2: f5->f0, U: 0 [O(1)]
  2: f5->f0, V: -max{-1, -V} [O(n)]
  2: f5->f0, Y: 14 [O(1)]
  3: f5->f5, A: 17 [O(1)]
  3: f5->f5, B: 17 [O(1)]
  3: f5->f5, C: 16 [O(1)]
  3: f5->f5, G: -1 [O(1)]
  3: f5->f5, I: 2 [O(1)]
  3: f5->f5, J: 0 [O(1)]
  3: f5->f5, M: M [O(n)]
  3: f5->f5, O: O [O(n)]
  3: f5->f5, R: 1 [O(1)]
  3: f5->f5, T: 2 [O(1)]
  3: f5->f5, U: -1 [O(1)]
  3: f5->f5, V: 1 [O(1)]
  3: f5->f5, Y: 14 [O(1)]
  4: f5->f5, A: 17 [O(1)]
  4: f5->f5, B: 17 [O(1)]
  4: f5->f5, C: 16 [O(1)]
  4: f5->f5, G: -1 [O(1)]
  4: f5->f5, I: 2 [O(1)]
  4: f5->f5, J: 0 [O(1)]
  4: f5->f5, M: M [O(n)]
  4: f5->f5, O: O [O(n)]
  4: f5->f5, R: 1 [O(1)]
  4: f5->f5, T: 2 [O(1)]
  4: f5->f5, U: -1 [O(1)]
  4: f5->f5, V: 1 [O(1)]
  4: f5->f5, Y: 14 [O(1)]
  5: f5->f5, A: 17 [O(1)]
  5: f5->f5, B: 17 [O(1)]
  5: f5->f5, C: 16 [O(1)]
  5: f5->f5, G: -1 [O(1)]
  5: f5->f5, I: 2 [O(1)]
  5: f5->f5, J: 0 [O(1)]
  5: f5->f5, M: M [O(n)]
  5: f5->f5, O: O [O(n)]
  5: f5->f5, T: 2 [O(1)]
  5: f5->f5, U: -1 [O(1)]
  5: f5->f5, V: 1 [O(1)]
  5: f5->f5, Y: 14 [O(1)]
  6: f5->f5, A: 17 [O(1)]
  6: f5->f5, B: 17 [O(1)]
  6: f5->f5, C: 16 [O(1)]
  6: f5->f5, G: -1 [O(1)]
  6: f5->f5, I: 2 [O(1)]
  6: f5->f5, J: 0 [O(1)]
  6: f5->f5, M: M [O(n)]
  6: f5->f5, O: O [O(n)]
  6: f5->f5, T: 2 [O(1)]
  6: f5->f5, U: -1 [O(1)]
  6: f5->f5, V: 1 [O(1)]
  6: f5->f5, Y: 14 [O(1)]
  7: f5->f12, A: 17 [O(1)]
  7: f5->f12, B: 17 [O(1)]
  7: f5->f12, C: 16 [O(1)]
  7: f5->f12, G: 0 [O(1)]
  7: f5->f12, H: 1 [O(1)]
  7: f5->f12, I: 1 [O(1)]
  7: f5->f12, J: 0 [O(1)]
  7: f5->f12, M: M [O(n)]
  7: f5->f12, O: O [O(n)]
  7: f5->f12, P: 0 [O(1)]
  7: f5->f12, T: 1 [O(1)]
  7: f5->f12, U: 0 [O(1)]
  7: f5->f12, V: 1 [O(1)]
  7: f5->f12, Y: 14 [O(1)]
  8: f5->f12, A: 17 [O(1)]
  8: f5->f12, B: 17 [O(1)]
  8: f5->f12, C: 16 [O(1)]
  8: f5->f12, G: 0 [O(1)]
  8: f5->f12, I: 1 [O(1)]
  8: f5->f12, J: 0 [O(1)]
  8: f5->f12, M: M [O(n)]
  8: f5->f12, O: O [O(n)]
  8: f5->f12, P: 0 [O(1)]
  8: f5->f12, T: 1 [O(1)]
  8: f5->f12, U: 0 [O(1)]
  8: f5->f12, V: 1 [O(1)]
  8: f5->f12, Y: 14 [O(1)]
  17: f6->f9, A: 17 [O(1)]
  17: f6->f9, A1: A1 [O(n)]
  17: f6->f9, B: 1 [O(1)]
  17: f6->f9, C: 0 [O(1)]
  17: f6->f9, D: B1 [O(n)]
  17: f6->f9, E: B1 [O(n)]
  17: f6->f9, F: B1 [O(n)]
  17: f6->f9, G: G [O(n)]
  17: f6->f9, H: H [O(n)]
  17: f6->f9, I: I [O(n)]
  17: f6->f9, J: J [O(n)]
  17: f6->f9, K: K [O(n)]
  17: f6->f9, L: L [O(n)]
  17: f6->f9, M: M [O(n)]
  17: f6->f9, N: N [O(n)]
  17: f6->f9, O: O [O(n)]
  17: f6->f9, P: P [O(n)]
  17: f6->f9, Q: E1 [O(n)]
  17: f6->f9, R: R [O(n)]
  17: f6->f9, S: S [O(n)]
  17: f6->f9, T: T [O(n)]
  17: f6->f9, U: U [O(n)]
  17: f6->f9, V: V [O(n)]
  17: f6->f9, W: W [O(n)]
  17: f6->f9, X: X [O(n)]
  17: f6->f9, Y: Y [O(n)]
  17: f6->f9, Z: Z [O(n)]
  0: f9->f9, A: 17 [O(1)]
  0: f9->f9, A1: A1 [O(n)]
  0: f9->f9, B: 2 [O(1)]
  0: f9->f9, C: 1 [O(1)]
  0: f9->f9, G: G [O(n)]
  0: f9->f9, H: H [O(n)]
  0: f9->f9, I: I [O(n)]
  0: f9->f9, J: J [O(n)]
  0: f9->f9, K: K [O(n)]
  0: f9->f9, L: L [O(n)]
  0: f9->f9, M: M [O(n)]
  0: f9->f9, N: N [O(n)]
  0: f9->f9, O: O [O(n)]
  0: f9->f9, P: P [O(n)]
  0: f9->f9, Q: E1 [O(n)]
  0: f9->f9, R: R [O(n)]
  0: f9->f9, S: S [O(n)]
  0: f9->f9, T: T [O(n)]
  0: f9->f9, U: U [O(n)]
  0: f9->f9, V: V [O(n)]
  0: f9->f9, W: W [O(n)]
  0: f9->f9, X: X [O(n)]
  0: f9->f9, Y: Y [O(n)]
  0: f9->f9, Z: Z [O(n)]
  9: f9->f5, A: 17 [O(1)]
  9: f9->f5, B: 17 [O(1)]
  9: f9->f5, C: 16 [O(1)]
  9: f9->f5, D: 1 [O(1)]
  9: f9->f5, E: 1 [O(1)]
  9: f9->f5, F: 1 [O(1)]
  9: f9->f5, G: 13 [O(1)]
  9: f9->f5, H: 1 [O(1)]
  9: f9->f5, I: 1 [O(1)]
  9: f9->f5, J: 0 [O(1)]
  9: f9->f5, M: M [O(n)]
  9: f9->f5, N: N [O(n)]
  9: f9->f5, O: O [O(n)]
  9: f9->f5, Q: 1 [O(1)]
  9: f9->f5, R: 1 [O(1)]
  9: f9->f5, T: 1 [O(1)]
  9: f9->f5, U: 13 [O(1)]
  9: f9->f5, V: V [O(n)]
  9: f9->f5, W: 1 [O(1)]
  9: f9->f5, X: 1 [O(1)]
  9: f9->f5, Y: 14 [O(1)]
  10: f9->f5, A: 17 [O(1)]
  10: f9->f5, B: 17 [O(1)]
  10: f9->f5, C: 16 [O(1)]
  10: f9->f5, G: 13 [O(1)]
  10: f9->f5, H: 1 [O(1)]
  10: f9->f5, I: 1 [O(1)]
  10: f9->f5, J: 0 [O(1)]
  10: f9->f5, M: M [O(n)]
  10: f9->f5, N: N [O(n)]
  10: f9->f5, O: O [O(n)]
  10: f9->f5, Q: 1 [O(1)]
  10: f9->f5, R: 1 [O(1)]
  10: f9->f5, T: 1 [O(1)]
  10: f9->f5, U: 13 [O(1)]
  10: f9->f5, V: V [O(n)]
  10: f9->f5, Y: 14 [O(1)]
  11: f9->f5, A: 17 [O(1)]
  11: f9->f5, B: 17 [O(1)]
  11: f9->f5, C: 16 [O(1)]
  11: f9->f5, D: 1 [O(1)]
  11: f9->f5, E: 1 [O(1)]
  11: f9->f5, F: 1 [O(1)]
  11: f9->f5, G: 13 [O(1)]
  11: f9->f5, I: 1 [O(1)]
  11: f9->f5, J: 0 [O(1)]
  11: f9->f5, M: M [O(n)]
  11: f9->f5, N: N [O(n)]
  11: f9->f5, O: O [O(n)]
  11: f9->f5, R: 1 [O(1)]
  11: f9->f5, T: 1 [O(1)]
  11: f9->f5, U: 13 [O(1)]
  11: f9->f5, V: V [O(n)]
  11: f9->f5, W: 1 [O(1)]
  11: f9->f5, X: 1 [O(1)]
  11: f9->f5, Y: 14 [O(1)]
  12: f9->f5, A: 17 [O(1)]
  12: f9->f5, B: 17 [O(1)]
  12: f9->f5, C: 16 [O(1)]
  12: f9->f5, G: 13 [O(1)]
  12: f9->f5, I: 1 [O(1)]
  12: f9->f5, J: 0 [O(1)]
  12: f9->f5, M: M [O(n)]
  12: f9->f5, N: N [O(n)]
  12: f9->f5, O: O [O(n)]
  12: f9->f5, R: 1 [O(1)]
  12: f9->f5, T: 1 [O(1)]
  12: f9->f5, U: 13 [O(1)]
  12: f9->f5, V: V [O(n)]
  12: f9->f5, Y: 14 [O(1)]
  13: f9->f5, A: 17 [O(1)]
  13: f9->f5, B: 17 [O(1)]
  13: f9->f5, C: 16 [O(1)]
  13: f9->f5, D: 1 [O(1)]
  13: f9->f5, E: 1 [O(1)]
  13: f9->f5, F: 1 [O(1)]
  13: f9->f5, G: 13 [O(1)]
  13: f9->f5, H: 1 [O(1)]
  13: f9->f5, I: 1 [O(1)]
  13: f9->f5, J: 0 [O(1)]
  13: f9->f5, M: M [O(n)]
  13: f9->f5, N: N [O(n)]
  13: f9->f5, O: O [O(n)]
  13: f9->f5, Q: 1 [O(1)]
  13: f9->f5, T: 1 [O(1)]
  13: f9->f5, U: 13 [O(1)]
  13: f9->f5, V: V [O(n)]
  13: f9->f5, W: 1 [O(1)]
  13: f9->f5, X: 1 [O(1)]
  13: f9->f5, Y: 14 [O(1)]
  14: f9->f5, A: 17 [O(1)]
  14: f9->f5, B: 17 [O(1)]
  14: f9->f5, C: 16 [O(1)]
  14: f9->f5, G: 13 [O(1)]
  14: f9->f5, H: 1 [O(1)]
  14: f9->f5, I: 1 [O(1)]
  14: f9->f5, J: 0 [O(1)]
  14: f9->f5, M: M [O(n)]
  14: f9->f5, N: N [O(n)]
  14: f9->f5, O: O [O(n)]
  14: f9->f5, Q: 1 [O(1)]
  14: f9->f5, T: 1 [O(1)]
  14: f9->f5, U: 13 [O(1)]
  14: f9->f5, V: V [O(n)]
  14: f9->f5, Y: 14 [O(1)]
  15: f9->f5, A: 17 [O(1)]
  15: f9->f5, B: 17 [O(1)]
  15: f9->f5, C: 16 [O(1)]
  15: f9->f5, D: 1 [O(1)]
  15: f9->f5, E: 1 [O(1)]
  15: f9->f5, F: 1 [O(1)]
  15: f9->f5, G: 13 [O(1)]
  15: f9->f5, I: 1 [O(1)]
  15: f9->f5, J: 0 [O(1)]
  15: f9->f5, M: M [O(n)]
  15: f9->f5, N: N [O(n)]
  15: f9->f5, O: O [O(n)]
  15: f9->f5, T: 1 [O(1)]
  15: f9->f5, U: 13 [O(1)]
  15: f9->f5, V: V [O(n)]
  15: f9->f5, W: 1 [O(1)]
  15: f9->f5, X: 1 [O(1)]
  15: f9->f5, Y: 14 [O(1)]
  16: f9->f5, A: 17 [O(1)]
  16: f9->f5, B: 17 [O(1)]
  16: f9->f5, C: 16 [O(1)]
  16: f9->f5, G: 13 [O(1)]
  16: f9->f5, I: 1 [O(1)]
  16: f9->f5, J: 0 [O(1)]
  16: f9->f5, M: M [O(n)]
  16: f9->f5, N: N [O(n)]
  16: f9->f5, O: O [O(n)]
  16: f9->f5, T: 1 [O(1)]
  16: f9->f5, U: 13 [O(1)]
  16: f9->f5, V: V [O(n)]
  16: f9->f5, Y: 14 [O(1)]
`Upper:
  1: f5->f0, A: 17 [O(1)]
  1: f5->f0, B: 17 [O(1)]
  1: f5->f0, C: 16 [O(1)]
  1: f5->f0, G: 13 [O(1)]
  1: f5->f0, I: 1169 [O(1)]
  1: f5->f0, T: 1170 [O(1)]
  1: f5->f0, U: 13 [O(1)]
  1: f5->f0, V: max{1169, V} [O(n)]
  1: f5->f0, Y: 14 [O(1)]
  2: f5->f0, A: 17 [O(1)]
  2: f5->f0, B: 17 [O(1)]
  2: f5->f0, C: 16 [O(1)]
  2: f5->f0, G: 13 [O(1)]
  2: f5->f0, I: 1169 [O(1)]
  2: f5->f0, J: -1 [O(1)]
  2: f5->f0, Q: -1 [O(1)]
  2: f5->f0, T: 1170 [O(1)]
  2: f5->f0, U: 13 [O(1)]
  2: f5->f0, V: max{1169, V} [O(n)]
  2: f5->f0, Y: 14 [O(1)]
  3: f5->f5, A: 17 [O(1)]
  3: f5->f5, B: 17 [O(1)]
  3: f5->f5, C: 16 [O(1)]
  3: f5->f5, G: 13 [O(1)]
  3: f5->f5, I: 1169 [O(1)]
  3: f5->f5, J: 0 [O(1)]
  3: f5->f5, M: M [O(n)]
  3: f5->f5, O: O [O(n)]
  3: f5->f5, T: 1170 [O(1)]
  3: f5->f5, U: 12 [O(1)]
  3: f5->f5, V: 1169 [O(1)]
  3: f5->f5, Y: 14 [O(1)]
  4: f5->f5, A: 17 [O(1)]
  4: f5->f5, B: 17 [O(1)]
  4: f5->f5, C: 16 [O(1)]
  4: f5->f5, G: 13 [O(1)]
  4: f5->f5, I: 1169 [O(1)]
  4: f5->f5, J: 0 [O(1)]
  4: f5->f5, M: M [O(n)]
  4: f5->f5, O: O [O(n)]
  4: f5->f5, T: 1170 [O(1)]
  4: f5->f5, U: 12 [O(1)]
  4: f5->f5, V: 1169 [O(1)]
  4: f5->f5, Y: 14 [O(1)]
  5: f5->f5, A: 17 [O(1)]
  5: f5->f5, B: 17 [O(1)]
  5: f5->f5, C: 16 [O(1)]
  5: f5->f5, G: 13 [O(1)]
  5: f5->f5, I: 1169 [O(1)]
  5: f5->f5, J: 0 [O(1)]
  5: f5->f5, M: M [O(n)]
  5: f5->f5, O: O [O(n)]
  5: f5->f5, R: -1 [O(1)]
  5: f5->f5, T: 1170 [O(1)]
  5: f5->f5, U: 12 [O(1)]
  5: f5->f5, V: 1169 [O(1)]
  5: f5->f5, Y: 14 [O(1)]
  6: f5->f5, A: 17 [O(1)]
  6: f5->f5, B: 17 [O(1)]
  6: f5->f5, C: 16 [O(1)]
  6: f5->f5, G: 13 [O(1)]
  6: f5->f5, I: 1169 [O(1)]
  6: f5->f5, J: 0 [O(1)]
  6: f5->f5, M: M [O(n)]
  6: f5->f5, O: O [O(n)]
  6: f5->f5, R: -1 [O(1)]
  6: f5->f5, T: 1170 [O(1)]
  6: f5->f5, U: 12 [O(1)]
  6: f5->f5, V: 1169 [O(1)]
  6: f5->f5, Y: 14 [O(1)]
  7: f5->f12, A: 17 [O(1)]
  7: f5->f12, B: 17 [O(1)]
  7: f5->f12, C: 16 [O(1)]
  7: f5->f12, G: 13 [O(1)]
  7: f5->f12, I: 1169 [O(1)]
  7: f5->f12, J: 0 [O(1)]
  7: f5->f12, M: M [O(n)]
  7: f5->f12, O: O [O(n)]
  7: f5->f12, P: 0 [O(1)]
  7: f5->f12, T: 1170 [O(1)]
  7: f5->f12, U: 13 [O(1)]
  7: f5->f12, V: 1169 [O(1)]
  7: f5->f12, Y: 14 [O(1)]
  8: f5->f12, A: 17 [O(1)]
  8: f5->f12, B: 17 [O(1)]
  8: f5->f12, C: 16 [O(1)]
  8: f5->f12, G: 13 [O(1)]
  8: f5->f12, H: -1 [O(1)]
  8: f5->f12, I: 1169 [O(1)]
  8: f5->f12, J: 0 [O(1)]
  8: f5->f12, M: M [O(n)]
  8: f5->f12, O: O [O(n)]
  8: f5->f12, P: 0 [O(1)]
  8: f5->f12, T: 1170 [O(1)]
  8: f5->f12, U: 13 [O(1)]
  8: f5->f12, V: 1169 [O(1)]
  8: f5->f12, Y: 14 [O(1)]
  17: f6->f9, A: 17 [O(1)]
  17: f6->f9, A1: A1 [O(n)]
  17: f6->f9, B: 1 [O(1)]
  17: f6->f9, C: 0 [O(1)]
  17: f6->f9, D: B1 [O(n)]
  17: f6->f9, E: B1 [O(n)]
  17: f6->f9, F: B1 [O(n)]
  17: f6->f9, G: G [O(n)]
  17: f6->f9, H: H [O(n)]
  17: f6->f9, I: I [O(n)]
  17: f6->f9, J: J [O(n)]
  17: f6->f9, K: K [O(n)]
  17: f6->f9, L: L [O(n)]
  17: f6->f9, M: M [O(n)]
  17: f6->f9, N: N [O(n)]
  17: f6->f9, O: O [O(n)]
  17: f6->f9, P: P [O(n)]
  17: f6->f9, Q: E1 [O(n)]
  17: f6->f9, R: R [O(n)]
  17: f6->f9, S: S [O(n)]
  17: f6->f9, T: T [O(n)]
  17: f6->f9, U: U [O(n)]
  17: f6->f9, V: V [O(n)]
  17: f6->f9, W: W [O(n)]
  17: f6->f9, X: X [O(n)]
  17: f6->f9, Y: Y [O(n)]
  17: f6->f9, Z: Z [O(n)]
  0: f9->f9, A: 17 [O(1)]
  0: f9->f9, A1: A1 [O(n)]
  0: f9->f9, B: 17 [O(1)]
  0: f9->f9, C: 16 [O(1)]
  0: f9->f9, G: G [O(n)]
  0: f9->f9, H: H [O(n)]
  0: f9->f9, I: I [O(n)]
  0: f9->f9, J: J [O(n)]
  0: f9->f9, K: K [O(n)]
  0: f9->f9, L: L [O(n)]
  0: f9->f9, M: M [O(n)]
  0: f9->f9, N: N [O(n)]
  0: f9->f9, O: O [O(n)]
  0: f9->f9, P: P [O(n)]
  0: f9->f9, Q: E1 [O(n)]
  0: f9->f9, R: R [O(n)]
  0: f9->f9, S: S [O(n)]
  0: f9->f9, T: T [O(n)]
  0: f9->f9, U: U [O(n)]
  0: f9->f9, V: V [O(n)]
  0: f9->f9, W: W [O(n)]
  0: f9->f9, X: X [O(n)]
  0: f9->f9, Y: Y [O(n)]
  0: f9->f9, Z: Z [O(n)]
  9: f9->f5, A: 17 [O(1)]
  9: f9->f5, B: 17 [O(1)]
  9: f9->f5, C: 16 [O(1)]
  9: f9->f5, G: 13 [O(1)]
  9: f9->f5, I: 1 [O(1)]
  9: f9->f5, J: 0 [O(1)]
  9: f9->f5, M: M [O(n)]
  9: f9->f5, N: N [O(n)]
  9: f9->f5, O: O [O(n)]
  9: f9->f5, T: 1 [O(1)]
  9: f9->f5, U: 13 [O(1)]
  9: f9->f5, V: V [O(n)]
  9: f9->f5, Y: 14 [O(1)]
  10: f9->f5, A: 17 [O(1)]
  10: f9->f5, B: 17 [O(1)]
  10: f9->f5, C: 16 [O(1)]
  10: f9->f5, D: -1 [O(1)]
  10: f9->f5, E: -1 [O(1)]
  10: f9->f5, F: -1 [O(1)]
  10: f9->f5, G: 13 [O(1)]
  10: f9->f5, I: 1 [O(1)]
  10: f9->f5, J: 0 [O(1)]
  10: f9->f5, M: M [O(n)]
  10: f9->f5, N: N [O(n)]
  10: f9->f5, O: O [O(n)]
  10: f9->f5, T: 1 [O(1)]
  10: f9->f5, U: 13 [O(1)]
  10: f9->f5, V: V [O(n)]
  10: f9->f5, W: -1 [O(1)]
  10: f9->f5, X: -1 [O(1)]
  10: f9->f5, Y: 14 [O(1)]
  11: f9->f5, A: 17 [O(1)]
  11: f9->f5, B: 17 [O(1)]
  11: f9->f5, C: 16 [O(1)]
  11: f9->f5, G: 13 [O(1)]
  11: f9->f5, H: -1 [O(1)]
  11: f9->f5, I: 1 [O(1)]
  11: f9->f5, J: 0 [O(1)]
  11: f9->f5, M: M [O(n)]
  11: f9->f5, N: N [O(n)]
  11: f9->f5, O: O [O(n)]
  11: f9->f5, Q: -1 [O(1)]
  11: f9->f5, T: 1 [O(1)]
  11: f9->f5, U: 13 [O(1)]
  11: f9->f5, V: V [O(n)]
  11: f9->f5, Y: 14 [O(1)]
  12: f9->f5, A: 17 [O(1)]
  12: f9->f5, B: 17 [O(1)]
  12: f9->f5, C: 16 [O(1)]
  12: f9->f5, D: -1 [O(1)]
  12: f9->f5, E: -1 [O(1)]
  12: f9->f5, F: -1 [O(1)]
  12: f9->f5, G: 13 [O(1)]
  12: f9->f5, H: -1 [O(1)]
  12: f9->f5, I: 1 [O(1)]
  12: f9->f5, J: 0 [O(1)]
  12: f9->f5, M: M [O(n)]
  12: f9->f5, N: N [O(n)]
  12: f9->f5, O: O [O(n)]
  12: f9->f5, Q: -1 [O(1)]
  12: f9->f5, T: 1 [O(1)]
  12: f9->f5, U: 13 [O(1)]
  12: f9->f5, V: V [O(n)]
  12: f9->f5, W: -1 [O(1)]
  12: f9->f5, X: -1 [O(1)]
  12: f9->f5, Y: 14 [O(1)]
  13: f9->f5, A: 17 [O(1)]
  13: f9->f5, B: 17 [O(1)]
  13: f9->f5, C: 16 [O(1)]
  13: f9->f5, G: 13 [O(1)]
  13: f9->f5, I: 1 [O(1)]
  13: f9->f5, J: 0 [O(1)]
  13: f9->f5, M: M [O(n)]
  13: f9->f5, N: N [O(n)]
  13: f9->f5, O: O [O(n)]
  13: f9->f5, R: -1 [O(1)]
  13: f9->f5, T: 1 [O(1)]
  13: f9->f5, U: 13 [O(1)]
  13: f9->f5, V: V [O(n)]
  13: f9->f5, Y: 14 [O(1)]
  14: f9->f5, A: 17 [O(1)]
  14: f9->f5, B: 17 [O(1)]
  14: f9->f5, C: 16 [O(1)]
  14: f9->f5, D: -1 [O(1)]
  14: f9->f5, E: -1 [O(1)]
  14: f9->f5, F: -1 [O(1)]
  14: f9->f5, G: 13 [O(1)]
  14: f9->f5, I: 1 [O(1)]
  14: f9->f5, J: 0 [O(1)]
  14: f9->f5, M: M [O(n)]
  14: f9->f5, N: N [O(n)]
  14: f9->f5, O: O [O(n)]
  14: f9->f5, R: -1 [O(1)]
  14: f9->f5, T: 1 [O(1)]
  14: f9->f5, U: 13 [O(1)]
  14: f9->f5, V: V [O(n)]
  14: f9->f5, W: -1 [O(1)]
  14: f9->f5, X: -1 [O(1)]
  14: f9->f5, Y: 14 [O(1)]
  15: f9->f5, A: 17 [O(1)]
  15: f9->f5, B: 17 [O(1)]
  15: f9->f5, C: 16 [O(1)]
  15: f9->f5, G: 13 [O(1)]
  15: f9->f5, H: -1 [O(1)]
  15: f9->f5, I: 1 [O(1)]
  15: f9->f5, J: 0 [O(1)]
  15: f9->f5, M: M [O(n)]
  15: f9->f5, N: N [O(n)]
  15: f9->f5, O: O [O(n)]
  15: f9->f5, Q: -1 [O(1)]
  15: f9->f5, R: -1 [O(1)]
  15: f9->f5, T: 1 [O(1)]
  15: f9->f5, U: 13 [O(1)]
  15: f9->f5, V: V [O(n)]
  15: f9->f5, Y: 14 [O(1)]
  16: f9->f5, A: 17 [O(1)]
  16: f9->f5, B: 17 [O(1)]
  16: f9->f5, C: 16 [O(1)]
  16: f9->f5, D: -1 [O(1)]
  16: f9->f5, E: -1 [O(1)]
  16: f9->f5, F: -1 [O(1)]
  16: f9->f5, G: 13 [O(1)]
  16: f9->f5, H: -1 [O(1)]
  16: f9->f5, I: 1 [O(1)]
  16: f9->f5, J: 0 [O(1)]
  16: f9->f5, M: M [O(n)]
  16: f9->f5, N: N [O(n)]
  16: f9->f5, O: O [O(n)]
  16: f9->f5, Q: -1 [O(1)]
  16: f9->f5, R: -1 [O(1)]
  16: f9->f5, T: 1 [O(1)]
  16: f9->f5, U: 13 [O(1)]
  16: f9->f5, V: V [O(n)]
  16: f9->f5, W: -1 [O(1)]
  16: f9->f5, X: -1 [O(1)]
  16: f9->f5, Y: 14 [O(1)]
