Timebounds: 
  Overall timebound: inf [Infinity]
  2: f0->f13: 1 [O(1)]
  3: f13->f13: 12 [O(1)]
  34: f13->f19: 1 [O(1)]
  4: f19->f22: 12 [O(1)]
  5: f19->f22: 12 [O(1)]
  9: f19->f19: 12 [O(1)]
  33: f19->f32: 1 [O(1)]
  6: f22->f19: 312 [O(1)]
  7: f22->f19: 12 [O(1)]
  8: f22->f19: 12 [O(1)]
  10: f32->f35: 132 [O(1)]
  32: f32->f48: 1 [O(1)]
  11: f35->f38: 0 [O(1)]
  12: f35->f38: inf [Infinity]
  16: f35->f35: inf [Infinity]
  31: f35->f32: inf [Infinity]
  13: f38->f35: inf [Infinity]
  14: f38->f35: inf [Infinity]
  15: f38->f35: inf [Infinity]
  17: f48->f52: 192 [O(1)]
  18: f48->f52: 132 [O(1)]
  23: f48->f48: 180 [O(1)]
  28: f48->f62: 1 [O(1)]
  29: f48->f62: 1 [O(1)]
  30: f48->f71: 1 [O(1)]
  19: f52->f48: 1584 [O(1)]
  20: f52->f48: 1584 [O(1)]
  21: f52->f48: 1584 [O(1)]
  22: f52->f48: 1584 [O(1)]
  0: f62->f63: 1 [O(1)]
  1: f62->f63: 1 [O(1)]
  27: f62->f71: 1 [O(1)]
  24: f63->f71: 1 [O(1)]
  25: f63->f71: 1 [O(1)]
  26: f63->f71: 1 [O(1)]

Costbounds:
  Overall costbound: inf [Infinity]
  2: f0->f13: 1 [O(1)]
  3: f13->f13: 12 [O(1)]
  34: f13->f19: 1 [O(1)]
  4: f19->f22: 12 [O(1)]
  5: f19->f22: 12 [O(1)]
  9: f19->f19: 12 [O(1)]
  33: f19->f32: 1 [O(1)]
  6: f22->f19: 312 [O(1)]
  7: f22->f19: 12 [O(1)]
  8: f22->f19: 12 [O(1)]
  10: f32->f35: 132 [O(1)]
  32: f32->f48: 1 [O(1)]
  11: f35->f38: 0 [O(1)]
  12: f35->f38: inf [Infinity]
  16: f35->f35: inf [Infinity]
  31: f35->f32: inf [Infinity]
  13: f38->f35: inf [Infinity]
  14: f38->f35: inf [Infinity]
  15: f38->f35: inf [Infinity]
  17: f48->f52: 192 [O(1)]
  18: f48->f52: 132 [O(1)]
  23: f48->f48: 180 [O(1)]
  28: f48->f62: 1 [O(1)]
  29: f48->f62: 1 [O(1)]
  30: f48->f71: 1 [O(1)]
  19: f52->f48: 1584 [O(1)]
  20: f52->f48: 1584 [O(1)]
  21: f52->f48: 1584 [O(1)]
  22: f52->f48: 1584 [O(1)]
  0: f62->f63: 1 [O(1)]
  1: f62->f63: 1 [O(1)]
  27: f62->f71: 1 [O(1)]
  24: f63->f71: 1 [O(1)]
  25: f63->f71: 1 [O(1)]
  26: f63->f71: 1 [O(1)]

Sizebounds:
`Lower:
  2: f0->f13, A: 1 [O(1)]
  2: f0->f13, B: 12 [O(1)]
  2: f0->f13, C: 1 [O(1)]
  2: f0->f13, D: 1 [O(1)]
  2: f0->f13, E: M [O(n)]
  2: f0->f13, F: 0 [O(1)]
  2: f0->f13, G: G [O(n)]
  2: f0->f13, H: H [O(n)]
  2: f0->f13, I: I [O(n)]
  2: f0->f13, J: J [O(n)]
  2: f0->f13, K: K [O(n)]
  2: f0->f13, L: L [O(n)]
  3: f13->f13, A: 1 [O(1)]
  3: f13->f13, B: 12 [O(1)]
  3: f13->f13, C: 1 [O(1)]
  3: f13->f13, D: 1 [O(1)]
  3: f13->f13, E: M [O(n)]
  3: f13->f13, F: 1 [O(1)]
  3: f13->f13, G: G [O(n)]
  3: f13->f13, H: H [O(n)]
  3: f13->f13, I: I [O(n)]
  3: f13->f13, J: J [O(n)]
  3: f13->f13, K: K [O(n)]
  3: f13->f13, L: L [O(n)]
  34: f13->f19, A: 1 [O(1)]
  34: f13->f19, B: 12 [O(1)]
  34: f13->f19, C: 1 [O(1)]
  34: f13->f19, D: 1 [O(1)]
  34: f13->f19, E: M [O(n)]
  34: f13->f19, F: 0 [O(1)]
  34: f13->f19, G: G [O(n)]
  34: f13->f19, H: H [O(n)]
  34: f13->f19, I: I [O(n)]
  34: f13->f19, J: J [O(n)]
  34: f13->f19, K: K [O(n)]
  34: f13->f19, L: L [O(n)]
  4: f19->f22, A: inf [Infinity]
  4: f19->f22, B: inf [Infinity]
  4: f19->f22, C: inf [Infinity]
  4: f19->f22, D: inf [Infinity]
  4: f19->f22, E: inf [Infinity]
  4: f19->f22, F: inf [Infinity]
  4: f19->f22, G: inf [Infinity]
  4: f19->f22, H: inf [Infinity]
  4: f19->f22, I: inf [Infinity]
  4: f19->f22, J: inf [Infinity]
  4: f19->f22, K: inf [Infinity]
  4: f19->f22, L: inf [Infinity]
  5: f19->f22, A: 1 [O(1)]
  5: f19->f22, B: 12 [O(1)]
  5: f19->f22, C: 1 [O(1)]
  5: f19->f22, D: 1 [O(1)]
  5: f19->f22, E: M [O(n)]
  5: f19->f22, F: 0 [O(1)]
  5: f19->f22, G: -max{-1, -G} [O(n)]
  5: f19->f22, H: H [O(n)]
  5: f19->f22, I: I [O(n)]
  5: f19->f22, J: J [O(n)]
  5: f19->f22, K: K [O(n)]
  5: f19->f22, L: L [O(n)]
  9: f19->f19, A: 1 [O(1)]
  9: f19->f19, B: 12 [O(1)]
  9: f19->f19, C: 0 [O(1)]
  9: f19->f19, D: 1 [O(1)]
  9: f19->f19, E: M [O(n)]
  9: f19->f19, F: 2 [O(1)]
  9: f19->f19, G: 0 [O(1)]
  9: f19->f19, H: H [O(n)]
  9: f19->f19, I: I [O(n)]
  9: f19->f19, J: J [O(n)]
  9: f19->f19, K: K [O(n)]
  9: f19->f19, L: L [O(n)]
  33: f19->f32, A: 1 [O(1)]
  33: f19->f32, B: 12 [O(1)]
  33: f19->f32, C: 0 [O(1)]
  33: f19->f32, D: 1 [O(1)]
  33: f19->f32, E: M [O(n)]
  33: f19->f32, F: 0 [O(1)]
  33: f19->f32, G: 0 [O(1)]
  33: f19->f32, H: H [O(n)]
  33: f19->f32, I: I [O(n)]
  33: f19->f32, J: J [O(n)]
  33: f19->f32, K: K [O(n)]
  33: f19->f32, L: L [O(n)]
  6: f22->f19, A: 1 [O(1)]
  6: f22->f19, B: 12 [O(1)]
  6: f22->f19, C: 1 [O(1)]
  6: f22->f19, D: 1 [O(1)]
  6: f22->f19, E: M [O(n)]
  6: f22->f19, F: 1 [O(1)]
  6: f22->f19, G: 1 [O(1)]
  6: f22->f19, H: H [O(n)]
  6: f22->f19, I: I [O(n)]
  6: f22->f19, J: J [O(n)]
  6: f22->f19, K: K [O(n)]
  6: f22->f19, L: L [O(n)]
  7: f22->f19, A: 1 [O(1)]
  7: f22->f19, B: 12 [O(1)]
  7: f22->f19, C: 0 [O(1)]
  7: f22->f19, D: 1 [O(1)]
  7: f22->f19, E: M [O(n)]
  7: f22->f19, F: 1 [O(1)]
  7: f22->f19, G: 0 [O(1)]
  7: f22->f19, H: H [O(n)]
  7: f22->f19, I: I [O(n)]
  7: f22->f19, J: J [O(n)]
  7: f22->f19, K: K [O(n)]
  7: f22->f19, L: L [O(n)]
  8: f22->f19, A: 1 [O(1)]
  8: f22->f19, B: 12 [O(1)]
  8: f22->f19, C: 0 [O(1)]
  8: f22->f19, D: 1 [O(1)]
  8: f22->f19, E: M [O(n)]
  8: f22->f19, F: 1 [O(1)]
  8: f22->f19, G: 0 [O(1)]
  8: f22->f19, H: H [O(n)]
  8: f22->f19, I: I [O(n)]
  8: f22->f19, J: J [O(n)]
  8: f22->f19, K: K [O(n)]
  8: f22->f19, L: L [O(n)]
  10: f32->f35, A: 0 [O(1)]
  10: f32->f35, B: 12 [O(1)]
  10: f32->f35, C: 0 [O(1)]
  10: f32->f35, D: 1 [O(1)]
  10: f32->f35, E: M [O(n)]
  10: f32->f35, F: 0 [O(1)]
  10: f32->f35, G: 0 [O(1)]
  10: f32->f35, H: 1 [O(1)]
  10: f32->f35, I: -max{0, -I} [O(n)]
  10: f32->f35, J: J [O(n)]
  10: f32->f35, K: K [O(n)]
  10: f32->f35, L: L [O(n)]
  32: f32->f48, A: 0 [O(1)]
  32: f32->f48, B: 12 [O(1)]
  32: f32->f48, C: 0 [O(1)]
  32: f32->f48, D: 1 [O(1)]
  32: f32->f48, E: M [O(n)]
  32: f32->f48, F: 0 [O(1)]
  32: f32->f48, G: 0 [O(1)]
  32: f32->f48, H: 12 [O(1)]
  32: f32->f48, I: 0 [O(1)]
  32: f32->f48, J: J [O(n)]
  32: f32->f48, K: K [O(n)]
  32: f32->f48, L: L [O(n)]
  11: f35->f38, A: 0 [O(1)]
  11: f35->f38, B: 12 [O(1)]
  11: f35->f38, C: 0 [O(1)]
  11: f35->f38, D: 1 [O(1)]
  11: f35->f38, E: M [O(n)]
  11: f35->f38, F: 0 [O(1)]
  11: f35->f38, G: 0 [O(1)]
  11: f35->f38, H: 1 [O(1)]
  11: f35->f38, I: -max{0, -I} [O(n)]
  11: f35->f38, J: J [O(n)]
  11: f35->f38, K: K [O(n)]
  11: f35->f38, L: L [O(n)]
  12: f35->f38, A: 1 [O(1)]
  12: f35->f38, B: 12 [O(1)]
  12: f35->f38, C: 0 [O(1)]
  12: f35->f38, D: 1 [O(1)]
  12: f35->f38, E: M [O(n)]
  12: f35->f38, F: 0 [O(1)]
  12: f35->f38, G: 0 [O(1)]
  12: f35->f38, H: 1 [O(1)]
  12: f35->f38, I: -max{-1, 0, -I} [O(n)]
  12: f35->f38, J: J [O(n)]
  12: f35->f38, K: K [O(n)]
  12: f35->f38, L: L [O(n)]
  16: f35->f35, A: 0 [O(1)]
  16: f35->f35, B: 12 [O(1)]
  16: f35->f35, C: 0 [O(1)]
  16: f35->f35, D: 1 [O(1)]
  16: f35->f35, E: M [O(n)]
  16: f35->f35, F: 0 [O(1)]
  16: f35->f35, G: 0 [O(1)]
  16: f35->f35, H: 2 [O(1)]
  16: f35->f35, I: 0 [O(1)]
  16: f35->f35, J: J [O(n)]
  16: f35->f35, K: K [O(n)]
  16: f35->f35, L: L [O(n)]
  31: f35->f32, A: 0 [O(1)]
  31: f35->f32, B: 12 [O(1)]
  31: f35->f32, C: 0 [O(1)]
  31: f35->f32, D: 1 [O(1)]
  31: f35->f32, E: M [O(n)]
  31: f35->f32, F: 1 [O(1)]
  31: f35->f32, G: 0 [O(1)]
  31: f35->f32, H: 12 [O(1)]
  31: f35->f32, I: 0 [O(1)]
  31: f35->f32, J: J [O(n)]
  31: f35->f32, K: K [O(n)]
  31: f35->f32, L: L [O(n)]
  13: f38->f35, A: 1 [O(1)]
  13: f38->f35, B: 12 [O(1)]
  13: f38->f35, C: 0 [O(1)]
  13: f38->f35, D: 1 [O(1)]
  13: f38->f35, E: M [O(n)]
  13: f38->f35, F: 0 [O(1)]
  13: f38->f35, G: 0 [O(1)]
  13: f38->f35, H: 2 [O(1)]
  13: f38->f35, I: 1 [O(1)]
  13: f38->f35, J: J [O(n)]
  13: f38->f35, K: K [O(n)]
  13: f38->f35, L: L [O(n)]
  14: f38->f35, A: 1 [O(1)]
  14: f38->f35, B: 12 [O(1)]
  14: f38->f35, C: 0 [O(1)]
  14: f38->f35, D: 1 [O(1)]
  14: f38->f35, E: M [O(n)]
  14: f38->f35, F: 0 [O(1)]
  14: f38->f35, G: 0 [O(1)]
  14: f38->f35, H: 2 [O(1)]
  14: f38->f35, I: 1 [O(1)]
  14: f38->f35, J: J [O(n)]
  14: f38->f35, K: K [O(n)]
  14: f38->f35, L: L [O(n)]
  15: f38->f35, A: 0 [O(1)]
  15: f38->f35, B: 12 [O(1)]
  15: f38->f35, C: 0 [O(1)]
  15: f38->f35, D: 1 [O(1)]
  15: f38->f35, E: M [O(n)]
  15: f38->f35, F: 0 [O(1)]
  15: f38->f35, G: 0 [O(1)]
  15: f38->f35, H: 2 [O(1)]
  15: f38->f35, I: 0 [O(1)]
  15: f38->f35, J: J [O(n)]
  15: f38->f35, K: K [O(n)]
  15: f38->f35, L: L [O(n)]
  17: f48->f52, A: inf [Infinity]
  17: f48->f52, B: inf [Infinity]
  17: f48->f52, C: inf [Infinity]
  17: f48->f52, D: inf [Infinity]
  17: f48->f52, E: inf [Infinity]
  17: f48->f52, F: inf [Infinity]
  17: f48->f52, G: inf [Infinity]
  17: f48->f52, H: inf [Infinity]
  17: f48->f52, I: inf [Infinity]
  17: f48->f52, J: inf [Infinity]
  17: f48->f52, K: inf [Infinity]
  17: f48->f52, L: inf [Infinity]
  18: f48->f52, A: 0 [O(1)]
  18: f48->f52, B: 12 [O(1)]
  18: f48->f52, C: 0 [O(1)]
  18: f48->f52, D: 1 [O(1)]
  18: f48->f52, E: M [O(n)]
  18: f48->f52, F: 0 [O(1)]
  18: f48->f52, G: 0 [O(1)]
  18: f48->f52, H: 12 [O(1)]
  18: f48->f52, I: 0 [O(1)]
  18: f48->f52, K: -max{-1, -K} [O(n)]
  18: f48->f52, L: L [O(n)]
  23: f48->f48, A: 0 [O(1)]
  23: f48->f48, B: 12 [O(1)]
  23: f48->f48, C: 0 [O(1)]
  23: f48->f48, D: 0 [O(1)]
  23: f48->f48, E: M [O(n)]
  23: f48->f48, F: 2 [O(1)]
  23: f48->f48, G: 0 [O(1)]
  23: f48->f48, H: 12 [O(1)]
  23: f48->f48, I: 0 [O(1)]
  23: f48->f48, K: 0 [O(1)]
  23: f48->f48, L: L [O(n)]
  28: f48->f62, A: 0 [O(1)]
  28: f48->f62, B: 12 [O(1)]
  28: f48->f62, C: 0 [O(1)]
  28: f48->f62, D: 0 [O(1)]
  28: f48->f62, E: M [O(n)]
  28: f48->f62, F: 11 [O(1)]
  28: f48->f62, G: 0 [O(1)]
  28: f48->f62, H: 12 [O(1)]
  28: f48->f62, I: 0 [O(1)]
  28: f48->f62, K: 0 [O(1)]
  28: f48->f62, L: L [O(n)]
  29: f48->f62, A: 0 [O(1)]
  29: f48->f62, B: 12 [O(1)]
  29: f48->f62, C: 1 [O(1)]
  29: f48->f62, D: 0 [O(1)]
  29: f48->f62, E: M [O(n)]
  29: f48->f62, F: 11 [O(1)]
  29: f48->f62, G: 0 [O(1)]
  29: f48->f62, H: 12 [O(1)]
  29: f48->f62, I: 0 [O(1)]
  29: f48->f62, K: 0 [O(1)]
  29: f48->f62, L: L [O(n)]
  30: f48->f71, A: 0 [O(1)]
  30: f48->f71, B: 12 [O(1)]
  30: f48->f71, C: 0 [O(1)]
  30: f48->f71, D: 0 [O(1)]
  30: f48->f71, E: M [O(n)]
  30: f48->f71, F: 11 [O(1)]
  30: f48->f71, G: 0 [O(1)]
  30: f48->f71, H: 12 [O(1)]
  30: f48->f71, I: 0 [O(1)]
  30: f48->f71, K: 0 [O(1)]
  30: f48->f71, L: 1 [O(1)]
  19: f52->f48, A: 0 [O(1)]
  19: f52->f48, B: 12 [O(1)]
  19: f52->f48, C: 0 [O(1)]
  19: f52->f48, D: 1 [O(1)]
  19: f52->f48, E: M [O(n)]
  19: f52->f48, F: 1 [O(1)]
  19: f52->f48, G: 0 [O(1)]
  19: f52->f48, H: 12 [O(1)]
  19: f52->f48, I: 0 [O(1)]
  19: f52->f48, K: 1 [O(1)]
  19: f52->f48, L: L [O(n)]
  20: f52->f48, A: 0 [O(1)]
  20: f52->f48, B: 12 [O(1)]
  20: f52->f48, C: 0 [O(1)]
  20: f52->f48, D: 1 [O(1)]
  20: f52->f48, E: M [O(n)]
  20: f52->f48, F: 1 [O(1)]
  20: f52->f48, G: 0 [O(1)]
  20: f52->f48, H: 12 [O(1)]
  20: f52->f48, I: 0 [O(1)]
  20: f52->f48, J: 1 [O(1)]
  20: f52->f48, K: 1 [O(1)]
  20: f52->f48, L: L [O(n)]
  21: f52->f48, A: 0 [O(1)]
  21: f52->f48, B: 12 [O(1)]
  21: f52->f48, C: 0 [O(1)]
  21: f52->f48, D: 0 [O(1)]
  21: f52->f48, E: M [O(n)]
  21: f52->f48, F: 1 [O(1)]
  21: f52->f48, G: 0 [O(1)]
  21: f52->f48, H: 12 [O(1)]
  21: f52->f48, I: 0 [O(1)]
  21: f52->f48, J: 0 [O(1)]
  21: f52->f48, K: 0 [O(1)]
  21: f52->f48, L: L [O(n)]
  22: f52->f48, A: 0 [O(1)]
  22: f52->f48, B: 12 [O(1)]
  22: f52->f48, C: 0 [O(1)]
  22: f52->f48, D: 0 [O(1)]
  22: f52->f48, E: M [O(n)]
  22: f52->f48, F: 1 [O(1)]
  22: f52->f48, G: 0 [O(1)]
  22: f52->f48, H: 12 [O(1)]
  22: f52->f48, I: 0 [O(1)]
  22: f52->f48, K: 0 [O(1)]
  22: f52->f48, L: L [O(n)]
  0: f62->f63, A: 0 [O(1)]
  0: f62->f63, B: 12 [O(1)]
  0: f62->f63, C: 0 [O(1)]
  0: f62->f63, D: 0 [O(1)]
  0: f62->f63, E: M [O(n)]
  0: f62->f63, F: 11 [O(1)]
  0: f62->f63, G: 0 [O(1)]
  0: f62->f63, H: 12 [O(1)]
  0: f62->f63, I: 0 [O(1)]
  0: f62->f63, K: 0 [O(1)]
  0: f62->f63, L: L [O(n)]
  1: f62->f63, A: 1 [O(1)]
  1: f62->f63, B: 12 [O(1)]
  1: f62->f63, C: 0 [O(1)]
  1: f62->f63, D: 0 [O(1)]
  1: f62->f63, E: M [O(n)]
  1: f62->f63, F: 11 [O(1)]
  1: f62->f63, G: 0 [O(1)]
  1: f62->f63, H: 12 [O(1)]
  1: f62->f63, I: 0 [O(1)]
  1: f62->f63, K: 0 [O(1)]
  1: f62->f63, L: L [O(n)]
  27: f62->f71, A: 0 [O(1)]
  27: f62->f71, B: 12 [O(1)]
  27: f62->f71, C: 0 [O(1)]
  27: f62->f71, D: 0 [O(1)]
  27: f62->f71, E: M [O(n)]
  27: f62->f71, F: 11 [O(1)]
  27: f62->f71, G: 0 [O(1)]
  27: f62->f71, H: 12 [O(1)]
  27: f62->f71, I: 0 [O(1)]
  27: f62->f71, K: 0 [O(1)]
  27: f62->f71, L: 1 [O(1)]
  24: f63->f71, A: 0 [O(1)]
  24: f63->f71, B: 12 [O(1)]
  24: f63->f71, C: 0 [O(1)]
  24: f63->f71, D: 0 [O(1)]
  24: f63->f71, E: M [O(n)]
  24: f63->f71, F: 11 [O(1)]
  24: f63->f71, G: 0 [O(1)]
  24: f63->f71, H: 12 [O(1)]
  24: f63->f71, I: 0 [O(1)]
  24: f63->f71, K: 0 [O(1)]
  24: f63->f71, L: 0 [O(1)]
  25: f63->f71, A: 0 [O(1)]
  25: f63->f71, B: 12 [O(1)]
  25: f63->f71, C: 0 [O(1)]
  25: f63->f71, D: 1 [O(1)]
  25: f63->f71, E: M [O(n)]
  25: f63->f71, F: 11 [O(1)]
  25: f63->f71, G: 0 [O(1)]
  25: f63->f71, H: 12 [O(1)]
  25: f63->f71, I: 0 [O(1)]
  25: f63->f71, K: 0 [O(1)]
  25: f63->f71, L: 0 [O(1)]
  26: f63->f71, A: 0 [O(1)]
  26: f63->f71, B: 12 [O(1)]
  26: f63->f71, C: 0 [O(1)]
  26: f63->f71, D: 0 [O(1)]
  26: f63->f71, E: M [O(n)]
  26: f63->f71, F: 11 [O(1)]
  26: f63->f71, G: 0 [O(1)]
  26: f63->f71, H: 12 [O(1)]
  26: f63->f71, I: 0 [O(1)]
  26: f63->f71, K: 0 [O(1)]
  26: f63->f71, L: 1 [O(1)]
`Upper:
  2: f0->f13, A: 1 [O(1)]
  2: f0->f13, B: 12 [O(1)]
  2: f0->f13, C: 1 [O(1)]
  2: f0->f13, D: 1 [O(1)]
  2: f0->f13, E: M [O(n)]
  2: f0->f13, F: 0 [O(1)]
  2: f0->f13, G: G [O(n)]
  2: f0->f13, H: H [O(n)]
  2: f0->f13, I: I [O(n)]
  2: f0->f13, J: J [O(n)]
  2: f0->f13, K: K [O(n)]
  2: f0->f13, L: L [O(n)]
  3: f13->f13, A: 1 [O(1)]
  3: f13->f13, B: 12 [O(1)]
  3: f13->f13, C: 1 [O(1)]
  3: f13->f13, D: 1 [O(1)]
  3: f13->f13, E: M [O(n)]
  3: f13->f13, F: 12 [O(1)]
  3: f13->f13, G: G [O(n)]
  3: f13->f13, H: H [O(n)]
  3: f13->f13, I: I [O(n)]
  3: f13->f13, J: J [O(n)]
  3: f13->f13, K: K [O(n)]
  3: f13->f13, L: L [O(n)]
  34: f13->f19, A: 1 [O(1)]
  34: f13->f19, B: 12 [O(1)]
  34: f13->f19, C: 1 [O(1)]
  34: f13->f19, D: 1 [O(1)]
  34: f13->f19, E: M [O(n)]
  34: f13->f19, F: 0 [O(1)]
  34: f13->f19, G: G [O(n)]
  34: f13->f19, H: H [O(n)]
  34: f13->f19, I: I [O(n)]
  34: f13->f19, J: J [O(n)]
  34: f13->f19, K: K [O(n)]
  34: f13->f19, L: L [O(n)]
  4: f19->f22, A: -inf [Infinity]
  4: f19->f22, B: -inf [Infinity]
  4: f19->f22, C: -inf [Infinity]
  4: f19->f22, D: -inf [Infinity]
  4: f19->f22, E: -inf [Infinity]
  4: f19->f22, F: -inf [Infinity]
  4: f19->f22, G: -inf [Infinity]
  4: f19->f22, H: -inf [Infinity]
  4: f19->f22, I: -inf [Infinity]
  4: f19->f22, J: -inf [Infinity]
  4: f19->f22, K: -inf [Infinity]
  4: f19->f22, L: -inf [Infinity]
  5: f19->f22, A: 1 [O(1)]
  5: f19->f22, B: 12 [O(1)]
  5: f19->f22, C: 1 [O(1)]
  5: f19->f22, D: 1 [O(1)]
  5: f19->f22, E: M [O(n)]
  5: f19->f22, F: 11 [O(1)]
  5: f19->f22, G: max{1, G} [O(n)]
  5: f19->f22, H: H [O(n)]
  5: f19->f22, I: I [O(n)]
  5: f19->f22, J: J [O(n)]
  5: f19->f22, K: K [O(n)]
  5: f19->f22, L: L [O(n)]
  9: f19->f19, A: 1 [O(1)]
  9: f19->f19, B: 12 [O(1)]
  9: f19->f19, C: 0 [O(1)]
  9: f19->f19, D: 1 [O(1)]
  9: f19->f19, E: M [O(n)]
  9: f19->f19, F: 12 [O(1)]
  9: f19->f19, G: 0 [O(1)]
  9: f19->f19, H: H [O(n)]
  9: f19->f19, I: I [O(n)]
  9: f19->f19, J: J [O(n)]
  9: f19->f19, K: K [O(n)]
  9: f19->f19, L: L [O(n)]
  33: f19->f32, A: 1 [O(1)]
  33: f19->f32, B: 12 [O(1)]
  33: f19->f32, C: 1 [O(1)]
  33: f19->f32, D: 1 [O(1)]
  33: f19->f32, E: M [O(n)]
  33: f19->f32, F: 0 [O(1)]
  33: f19->f32, G: 1 [O(1)]
  33: f19->f32, H: H [O(n)]
  33: f19->f32, I: I [O(n)]
  33: f19->f32, J: J [O(n)]
  33: f19->f32, K: K [O(n)]
  33: f19->f32, L: L [O(n)]
  6: f22->f19, A: 1 [O(1)]
  6: f22->f19, B: 12 [O(1)]
  6: f22->f19, C: 1 [O(1)]
  6: f22->f19, D: 1 [O(1)]
  6: f22->f19, E: M [O(n)]
  6: f22->f19, F: 12 [O(1)]
  6: f22->f19, G: 1 [O(1)]
  6: f22->f19, H: H [O(n)]
  6: f22->f19, I: I [O(n)]
  6: f22->f19, J: J [O(n)]
  6: f22->f19, K: K [O(n)]
  6: f22->f19, L: L [O(n)]
  7: f22->f19, A: 1 [O(1)]
  7: f22->f19, B: 12 [O(1)]
  7: f22->f19, C: 0 [O(1)]
  7: f22->f19, D: 1 [O(1)]
  7: f22->f19, E: M [O(n)]
  7: f22->f19, F: 12 [O(1)]
  7: f22->f19, G: 0 [O(1)]
  7: f22->f19, H: H [O(n)]
  7: f22->f19, I: I [O(n)]
  7: f22->f19, J: J [O(n)]
  7: f22->f19, K: K [O(n)]
  7: f22->f19, L: L [O(n)]
  8: f22->f19, A: 1 [O(1)]
  8: f22->f19, B: 12 [O(1)]
  8: f22->f19, C: 0 [O(1)]
  8: f22->f19, D: 1 [O(1)]
  8: f22->f19, E: M [O(n)]
  8: f22->f19, F: 12 [O(1)]
  8: f22->f19, G: 0 [O(1)]
  8: f22->f19, H: H [O(n)]
  8: f22->f19, I: I [O(n)]
  8: f22->f19, J: J [O(n)]
  8: f22->f19, K: K [O(n)]
  8: f22->f19, L: L [O(n)]
  10: f32->f35, A: 1 [O(1)]
  10: f32->f35, B: 12 [O(1)]
  10: f32->f35, C: 1 [O(1)]
  10: f32->f35, D: 1 [O(1)]
  10: f32->f35, E: M [O(n)]
  10: f32->f35, F: 10 [O(1)]
  10: f32->f35, G: 1 [O(1)]
  10: f32->f35, H: 11 [O(1)]
  10: f32->f35, I: max{1, I} [O(n)]
  10: f32->f35, J: J [O(n)]
  10: f32->f35, K: K [O(n)]
  10: f32->f35, L: L [O(n)]
  32: f32->f48, A: 1 [O(1)]
  32: f32->f48, B: 12 [O(1)]
  32: f32->f48, C: 1 [O(1)]
  32: f32->f48, D: 1 [O(1)]
  32: f32->f48, E: M [O(n)]
  32: f32->f48, F: 0 [O(1)]
  32: f32->f48, G: 1 [O(1)]
  32: f32->f48, H: 12 [O(1)]
  32: f32->f48, I: 1 [O(1)]
  32: f32->f48, J: J [O(n)]
  32: f32->f48, K: K [O(n)]
  32: f32->f48, L: L [O(n)]
  11: f35->f38, A: -1 [O(1)]
  11: f35->f38, B: 12 [O(1)]
  11: f35->f38, C: 1 [O(1)]
  11: f35->f38, D: 1 [O(1)]
  11: f35->f38, E: M [O(n)]
  11: f35->f38, F: 10 [O(1)]
  11: f35->f38, G: 1 [O(1)]
  11: f35->f38, H: 11 [O(1)]
  11: f35->f38, I: max{1, I} [O(n)]
  11: f35->f38, J: J [O(n)]
  11: f35->f38, K: K [O(n)]
  11: f35->f38, L: L [O(n)]
  12: f35->f38, A: 1 [O(1)]
  12: f35->f38, B: 12 [O(1)]
  12: f35->f38, C: 1 [O(1)]
  12: f35->f38, D: 1 [O(1)]
  12: f35->f38, E: M [O(n)]
  12: f35->f38, F: 10 [O(1)]
  12: f35->f38, G: 1 [O(1)]
  12: f35->f38, H: 11 [O(1)]
  12: f35->f38, I: max{1, 1, I} [O(n)]
  12: f35->f38, J: J [O(n)]
  12: f35->f38, K: K [O(n)]
  12: f35->f38, L: L [O(n)]
  16: f35->f35, A: 0 [O(1)]
  16: f35->f35, B: 12 [O(1)]
  16: f35->f35, C: 1 [O(1)]
  16: f35->f35, D: 1 [O(1)]
  16: f35->f35, E: M [O(n)]
  16: f35->f35, F: 10 [O(1)]
  16: f35->f35, G: 1 [O(1)]
  16: f35->f35, H: 12 [O(1)]
  16: f35->f35, I: 0 [O(1)]
  16: f35->f35, J: J [O(n)]
  16: f35->f35, K: K [O(n)]
  16: f35->f35, L: L [O(n)]
  31: f35->f32, A: 1 [O(1)]
  31: f35->f32, B: 12 [O(1)]
  31: f35->f32, C: 1 [O(1)]
  31: f35->f32, D: 1 [O(1)]
  31: f35->f32, E: M [O(n)]
  31: f35->f32, F: 11 [O(1)]
  31: f35->f32, G: 1 [O(1)]
  31: f35->f32, H: 12 [O(1)]
  31: f35->f32, I: 1 [O(1)]
  31: f35->f32, J: J [O(n)]
  31: f35->f32, K: K [O(n)]
  31: f35->f32, L: L [O(n)]
  13: f38->f35, A: 1 [O(1)]
  13: f38->f35, B: 12 [O(1)]
  13: f38->f35, C: 1 [O(1)]
  13: f38->f35, D: 1 [O(1)]
  13: f38->f35, E: M [O(n)]
  13: f38->f35, F: 10 [O(1)]
  13: f38->f35, G: 1 [O(1)]
  13: f38->f35, H: 12 [O(1)]
  13: f38->f35, I: 1 [O(1)]
  13: f38->f35, J: J [O(n)]
  13: f38->f35, K: K [O(n)]
  13: f38->f35, L: L [O(n)]
  14: f38->f35, A: 1 [O(1)]
  14: f38->f35, B: 12 [O(1)]
  14: f38->f35, C: 1 [O(1)]
  14: f38->f35, D: 1 [O(1)]
  14: f38->f35, E: M [O(n)]
  14: f38->f35, F: 10 [O(1)]
  14: f38->f35, G: 1 [O(1)]
  14: f38->f35, H: 12 [O(1)]
  14: f38->f35, I: 1 [O(1)]
  14: f38->f35, J: J [O(n)]
  14: f38->f35, K: K [O(n)]
  14: f38->f35, L: L [O(n)]
  15: f38->f35, A: 0 [O(1)]
  15: f38->f35, B: 12 [O(1)]
  15: f38->f35, C: 1 [O(1)]
  15: f38->f35, D: 1 [O(1)]
  15: f38->f35, E: M [O(n)]
  15: f38->f35, F: 10 [O(1)]
  15: f38->f35, G: 1 [O(1)]
  15: f38->f35, H: 12 [O(1)]
  15: f38->f35, I: 0 [O(1)]
  15: f38->f35, J: J [O(n)]
  15: f38->f35, K: K [O(n)]
  15: f38->f35, L: L [O(n)]
  17: f48->f52, A: -inf [Infinity]
  17: f48->f52, B: -inf [Infinity]
  17: f48->f52, C: -inf [Infinity]
  17: f48->f52, D: -inf [Infinity]
  17: f48->f52, E: -inf [Infinity]
  17: f48->f52, F: -inf [Infinity]
  17: f48->f52, G: -inf [Infinity]
  17: f48->f52, H: -inf [Infinity]
  17: f48->f52, I: -inf [Infinity]
  17: f48->f52, J: -inf [Infinity]
  17: f48->f52, K: -inf [Infinity]
  17: f48->f52, L: -inf [Infinity]
  18: f48->f52, A: 1 [O(1)]
  18: f48->f52, B: 12 [O(1)]
  18: f48->f52, C: 1 [O(1)]
  18: f48->f52, D: 1 [O(1)]
  18: f48->f52, E: M [O(n)]
  18: f48->f52, F: 10 [O(1)]
  18: f48->f52, G: 1 [O(1)]
  18: f48->f52, H: 12 [O(1)]
  18: f48->f52, I: 1 [O(1)]
  18: f48->f52, K: max{1, K} [O(n)]
  18: f48->f52, L: L [O(n)]
  23: f48->f48, A: 1 [O(1)]
  23: f48->f48, B: 12 [O(1)]
  23: f48->f48, C: 1 [O(1)]
  23: f48->f48, D: 0 [O(1)]
  23: f48->f48, E: M [O(n)]
  23: f48->f48, F: 11 [O(1)]
  23: f48->f48, G: 1 [O(1)]
  23: f48->f48, H: 12 [O(1)]
  23: f48->f48, I: 1 [O(1)]
  23: f48->f48, K: 0 [O(1)]
  23: f48->f48, L: L [O(n)]
  28: f48->f62, A: 1 [O(1)]
  28: f48->f62, B: 12 [O(1)]
  28: f48->f62, C: -1 [O(1)]
  28: f48->f62, D: 1 [O(1)]
  28: f48->f62, E: M [O(n)]
  28: f48->f62, F: 11 [O(1)]
  28: f48->f62, G: 1 [O(1)]
  28: f48->f62, H: 12 [O(1)]
  28: f48->f62, I: 1 [O(1)]
  28: f48->f62, K: 1 [O(1)]
  28: f48->f62, L: L [O(n)]
  29: f48->f62, A: 1 [O(1)]
  29: f48->f62, B: 12 [O(1)]
  29: f48->f62, C: 1 [O(1)]
  29: f48->f62, D: 1 [O(1)]
  29: f48->f62, E: M [O(n)]
  29: f48->f62, F: 11 [O(1)]
  29: f48->f62, G: 1 [O(1)]
  29: f48->f62, H: 12 [O(1)]
  29: f48->f62, I: 1 [O(1)]
  29: f48->f62, K: 1 [O(1)]
  29: f48->f62, L: L [O(n)]
  30: f48->f71, A: 1 [O(1)]
  30: f48->f71, B: 12 [O(1)]
  30: f48->f71, C: 0 [O(1)]
  30: f48->f71, D: 1 [O(1)]
  30: f48->f71, E: M [O(n)]
  30: f48->f71, F: 11 [O(1)]
  30: f48->f71, G: 1 [O(1)]
  30: f48->f71, H: 12 [O(1)]
  30: f48->f71, I: 1 [O(1)]
  30: f48->f71, K: 1 [O(1)]
  30: f48->f71, L: 1 [O(1)]
  19: f52->f48, A: 1 [O(1)]
  19: f52->f48, B: 12 [O(1)]
  19: f52->f48, C: 1 [O(1)]
  19: f52->f48, D: 1 [O(1)]
  19: f52->f48, E: M [O(n)]
  19: f52->f48, F: 11 [O(1)]
  19: f52->f48, G: 1 [O(1)]
  19: f52->f48, H: 12 [O(1)]
  19: f52->f48, I: 1 [O(1)]
  19: f52->f48, J: -1 [O(1)]
  19: f52->f48, K: 1 [O(1)]
  19: f52->f48, L: L [O(n)]
  20: f52->f48, A: 1 [O(1)]
  20: f52->f48, B: 12 [O(1)]
  20: f52->f48, C: 1 [O(1)]
  20: f52->f48, D: 1 [O(1)]
  20: f52->f48, E: M [O(n)]
  20: f52->f48, F: 11 [O(1)]
  20: f52->f48, G: 1 [O(1)]
  20: f52->f48, H: 12 [O(1)]
  20: f52->f48, I: 1 [O(1)]
  20: f52->f48, K: 1 [O(1)]
  20: f52->f48, L: L [O(n)]
  21: f52->f48, A: 1 [O(1)]
  21: f52->f48, B: 12 [O(1)]
  21: f52->f48, C: 1 [O(1)]
  21: f52->f48, D: 0 [O(1)]
  21: f52->f48, E: M [O(n)]
  21: f52->f48, F: 11 [O(1)]
  21: f52->f48, G: 1 [O(1)]
  21: f52->f48, H: 12 [O(1)]
  21: f52->f48, I: 1 [O(1)]
  21: f52->f48, J: 0 [O(1)]
  21: f52->f48, K: 0 [O(1)]
  21: f52->f48, L: L [O(n)]
  22: f52->f48, A: 1 [O(1)]
  22: f52->f48, B: 12 [O(1)]
  22: f52->f48, C: 1 [O(1)]
  22: f52->f48, D: 0 [O(1)]
  22: f52->f48, E: M [O(n)]
  22: f52->f48, F: 11 [O(1)]
  22: f52->f48, G: 1 [O(1)]
  22: f52->f48, H: 12 [O(1)]
  22: f52->f48, I: 1 [O(1)]
  22: f52->f48, K: 0 [O(1)]
  22: f52->f48, L: L [O(n)]
  0: f62->f63, A: -1 [O(1)]
  0: f62->f63, B: 12 [O(1)]
  0: f62->f63, C: 1 [O(1)]
  0: f62->f63, D: 1 [O(1)]
  0: f62->f63, E: M [O(n)]
  0: f62->f63, F: 11 [O(1)]
  0: f62->f63, G: 1 [O(1)]
  0: f62->f63, H: 12 [O(1)]
  0: f62->f63, I: 1 [O(1)]
  0: f62->f63, K: 1 [O(1)]
  0: f62->f63, L: L [O(n)]
  1: f62->f63, A: 1 [O(1)]
  1: f62->f63, B: 12 [O(1)]
  1: f62->f63, C: 1 [O(1)]
  1: f62->f63, D: 1 [O(1)]
  1: f62->f63, E: M [O(n)]
  1: f62->f63, F: 11 [O(1)]
  1: f62->f63, G: 1 [O(1)]
  1: f62->f63, H: 12 [O(1)]
  1: f62->f63, I: 1 [O(1)]
  1: f62->f63, K: 1 [O(1)]
  1: f62->f63, L: L [O(n)]
  27: f62->f71, A: 0 [O(1)]
  27: f62->f71, B: 12 [O(1)]
  27: f62->f71, C: 1 [O(1)]
  27: f62->f71, D: 1 [O(1)]
  27: f62->f71, E: M [O(n)]
  27: f62->f71, F: 11 [O(1)]
  27: f62->f71, G: 1 [O(1)]
  27: f62->f71, H: 12 [O(1)]
  27: f62->f71, I: 1 [O(1)]
  27: f62->f71, K: 1 [O(1)]
  27: f62->f71, L: 1 [O(1)]
  24: f63->f71, A: 1 [O(1)]
  24: f63->f71, B: 12 [O(1)]
  24: f63->f71, C: 1 [O(1)]
  24: f63->f71, D: -1 [O(1)]
  24: f63->f71, E: M [O(n)]
  24: f63->f71, F: 11 [O(1)]
  24: f63->f71, G: 1 [O(1)]
  24: f63->f71, H: 12 [O(1)]
  24: f63->f71, I: 1 [O(1)]
  24: f63->f71, K: 1 [O(1)]
  24: f63->f71, L: 0 [O(1)]
  25: f63->f71, A: 1 [O(1)]
  25: f63->f71, B: 12 [O(1)]
  25: f63->f71, C: 1 [O(1)]
  25: f63->f71, D: 1 [O(1)]
  25: f63->f71, E: M [O(n)]
  25: f63->f71, F: 11 [O(1)]
  25: f63->f71, G: 1 [O(1)]
  25: f63->f71, H: 12 [O(1)]
  25: f63->f71, I: 1 [O(1)]
  25: f63->f71, K: 1 [O(1)]
  25: f63->f71, L: 0 [O(1)]
  26: f63->f71, A: 1 [O(1)]
  26: f63->f71, B: 12 [O(1)]
  26: f63->f71, C: 1 [O(1)]
  26: f63->f71, D: 0 [O(1)]
  26: f63->f71, E: M [O(n)]
  26: f63->f71, F: 11 [O(1)]
  26: f63->f71, G: 1 [O(1)]
  26: f63->f71, H: 12 [O(1)]
  26: f63->f71, I: 1 [O(1)]
  26: f63->f71, K: 1 [O(1)]
  26: f63->f71, L: 1 [O(1)]
