Timebounds: 
  Overall timebound: inf [Infinity]
  3: f0->f2: 1 [O(1)]
  4: f0->f3: 1 [O(1)]
  1: f3->f3: max{0, B} [O(n)]
  5: f3->f5: 1 [O(1)]

Costbounds:
  Overall costbound: inf [Infinity]
  3: f0->f2: 1 [O(1)]
  4: f0->f3: 1 [O(1)]
  0: f2->f2: inf [Infinity]
  1: f3->f3: max{0, B} [O(n)]
  5: f3->f5: 1 [O(1)]
  2: f5->f5: inf [Infinity]

Sizebounds:
`Lower:
  3: f0->f2, A: 0 [O(1)]
  3: f0->f2, B: B [O(n)]
  3: f0->f2, C: 1 [O(1)]
  4: f0->f3, A: 0 [O(1)]
  4: f0->f3, B: B [O(n)]
  4: f0->f3, C: C [O(n)]
  0: f2->f2, A: 0 [O(1)]
  0: f2->f2, B: -max{0, -B} [O(n)]
  0: f2->f2, C: 0 [O(1)]
  1: f3->f3, A: 0 [O(1)]
  1: f3->f3, B: -max{0, -B} [O(n)]
  5: f3->f5, A: 0 [O(1)]
  5: f3->f5, B: -max{0, -B} [O(n)]
  2: f5->f5, A: 0 [O(1)]
  2: f5->f5, C: 1 [O(1)]
`Upper:
  3: f0->f2, A: 0 [O(1)]
  3: f0->f2, B: B [O(n)]
  3: f0->f2, C: C [O(n)]
  4: f0->f3, A: 0 [O(1)]
  4: f0->f3, B: B [O(n)]
  4: f0->f3, C: 0 [O(1)]
  0: f2->f2, B: max{0, B} [O(n)]
  0: f2->f2, C: max{0, C} [O(n)]
  1: f3->f3, A: 0 [O(1)]
  1: f3->f3, B: max{0, B} [O(n)]
  1: f3->f3, C: 0 [O(1)]
  5: f3->f5, A: 0 [O(1)]
  5: f3->f5, B: 0 [O(1)]
  5: f3->f5, C: 0 [O(1)]
  2: f5->f5, A: 0 [O(1)]
  2: f5->f5, B: 0 [O(1)]
  2: f5->f5, C: 1 [O(1)]
