Timebounds: 
  Overall timebound: max{3, 1+2+B} [O(n)]
  1: f0->f2: 1 [O(1)]
  3: f0->f4: 1 [O(1)]
  0: f4->f5: 1 [O(1)]
  2: f4->f4: max{0, B} [O(n)]

Costbounds:
  Overall costbound: max{3, 1+2+B} [O(n)]
  1: f0->f2: 1 [O(1)]
  3: f0->f4: 1 [O(1)]
  0: f4->f5: 1 [O(1)]
  2: f4->f4: max{0, B} [O(n)]

Sizebounds:
`Lower:
  1: f0->f2, A: 1 [O(1)]
  1: f0->f2, B: B [O(n)]
  1: f0->f2, C: 1 [O(1)]
  3: f0->f4, A: A [O(n)]
  3: f0->f4, B: B [O(n)]
  3: f0->f4, C: 0 [O(1)]
  0: f4->f5, A: A [O(n)]
  0: f4->f5, B: -max{0, -B} [O(n)]
  0: f4->f5, C: 1 [O(1)]
  2: f4->f4, A: A [O(n)]
  2: f4->f4, B: 0 [O(1)]
  2: f4->f4, C: 0 [O(1)]
`Upper:
  1: f0->f2, A: A [O(n)]
  1: f0->f2, B: B [O(n)]
  1: f0->f2, C: 1 [O(1)]
  3: f0->f4, A: 0 [O(1)]
  3: f0->f4, B: B [O(n)]
  3: f0->f4, C: 0 [O(1)]
  0: f4->f5, A: 0 [O(1)]
  0: f4->f5, B: 0 [O(1)]
  0: f4->f5, C: 1 [O(1)]
  2: f4->f4, A: 0 [O(1)]
  2: f4->f4, B: B [O(n)]
  2: f4->f4, C: 0 [O(1)]
