Timebounds: 
  Overall timebound: inf [Infinity]
  1: f0->f0: max{0, B} [O(n)]
  3: f0->f4: 1 [O(1)]
  0: f3->f0: 1 [O(1)]
  2: f4->f4: inf [Infinity]

Costbounds:
  Overall costbound: inf [Infinity]
  1: f0->f0: max{0, B} [O(n)]
  3: f0->f4: 1 [O(1)]
  0: f3->f0: 1 [O(1)]
  2: f4->f4: inf [Infinity]

Sizebounds:
`Lower:
  1: f0->f0, A: 0 [O(1)]
  1: f0->f0, B: B [O(n)]
  3: f0->f4, A: -1 [O(1)]
  3: f0->f4, B: B [O(n)]
  0: f3->f0, A: 0 [O(1)]
  0: f3->f0, B: B [O(n)]
  2: f4->f4, A: -1 [O(1)]
  2: f4->f4, B: -inf [Infinity]
`Upper:
  1: f0->f0, A: 0 [O(1)]
  1: f0->f0, B: B [O(n)]
  3: f0->f4, A: -1 [O(1)]
  3: f0->f4, B: 0 [O(1)]
  0: f3->f0, A: 0 [O(1)]
  0: f3->f0, B: B [O(n)]
  2: f4->f4, A: -1 [O(1)]
  2: f4->f4, B: 0 [O(1)]
