Timebounds: 
  Overall timebound: inf [Infinity]
  0: f0->f3: 1 [O(1)]
  1: f3->f3: max{0, C} [O(n)]
  2: f3->f3: max{0, C} [O(n)]
  3: f3->f6: 1 [O(1)]

Costbounds:
  Overall costbound: inf [Infinity]
  0: f0->f3: 1 [O(1)]
  1: f3->f3: max{0, C} [O(n)]
  2: f3->f3: max{0, C} [O(n)]
  3: f3->f6: 1 [O(1)]
  4: f6->f6: inf [Infinity]
  5: f6->f6: inf [Infinity]

Sizebounds:
`Lower:
  0: f0->f3, A: 0 [O(1)]
  0: f0->f3, B: 0 [O(1)]
  0: f0->f3, C: C [O(n)]
  0: f0->f3, D: D [O(n)]
  0: f0->f3, E: E [O(n)]
  1: f3->f3, A: 0 [O(1)]
  1: f3->f3, B: 0 [O(1)]
  1: f3->f3, C: -max{0, -C}-max{0, C} [O(n)]
  1: f3->f3, E: -max{0, -E} [O(n)]
  2: f3->f3, A: 0 [O(1)]
  2: f3->f3, B: 0 [O(1)]
  2: f3->f3, C: -max{0, -C}-max{0, C} [O(n)]
  2: f3->f3, E: -max{0, -E} [O(n)]
  3: f3->f6, A: 0 [O(1)]
  3: f3->f6, B: 0 [O(1)]
  4: f6->f6, A: 1 [O(1)]
  4: f6->f6, B: 0 [O(1)]
  5: f6->f6, A: 0 [O(1)]
  5: f6->f6, B: 0 [O(1)]
`Upper:
  0: f0->f3, A: 0 [O(1)]
  0: f0->f3, B: 0 [O(1)]
  0: f0->f3, C: C [O(n)]
  0: f0->f3, D: D [O(n)]
  0: f0->f3, E: E [O(n)]
  1: f3->f3, A: 0 [O(1)]
  1: f3->f3, B: 0 [O(1)]
  1: f3->f3, C: max{0, C} [O(n)]
  1: f3->f3, E: max{0, E} [O(n)]
  2: f3->f3, A: 0 [O(1)]
  2: f3->f3, B: 0 [O(1)]
  2: f3->f3, C: max{0, C} [O(n)]
  2: f3->f3, D: 0 [O(1)]
  2: f3->f3, E: max{0, E} [O(n)]
  3: f3->f6, A: 0 [O(1)]
  3: f3->f6, B: 0 [O(1)]
  3: f3->f6, C: 0 [O(1)]
  4: f6->f6, A: 1 [O(1)]
  4: f6->f6, B: 0 [O(1)]
  4: f6->f6, C: 0 [O(1)]
  5: f6->f6, A: 0 [O(1)]
  5: f6->f6, B: 0 [O(1)]
  5: f6->f6, C: 0 [O(1)]
