Timebounds: 
  Overall timebound: inf [Infinity]
  1: f0->f2: 1 [O(1)]
  0: f2->f2: inf [Infinity]
  2: f2->f2: max{0, -1+B} [O(n)]

Costbounds:
  Overall costbound: inf [Infinity]
  1: f0->f2: 1 [O(1)]
  0: f2->f2: inf [Infinity]
  2: f2->f2: max{0, -1+B} [O(n)]

Sizebounds:
`Lower:
  1: f0->f2, A: C [O(n)]
  1: f0->f2, B: 0 [O(1)]
  0: f2->f2, A: 0 [O(1)]
  0: f2->f2, B: 0 [O(1)]
  2: f2->f2, B: 0 [O(1)]
`Upper:
  1: f0->f2, A: C [O(n)]
  1: f0->f2, B: -1+B [O(n)]
  0: f2->f2, B: -1+B [O(n)]
  2: f2->f2, B: -1+B [O(n)]
