Timebounds: 
  Overall timebound: max{2, 1+1+A} [O(n)]
  1: f0->f2: 1 [O(1)]
  0: f2->f3: 1 [O(1)]
  2: f2->f2: max{0, A} [O(n)]

Costbounds:
  Overall costbound: max{2, 1+1+A} [O(n)]
  1: f0->f2: 1 [O(1)]
  0: f2->f3: 1 [O(1)]
  2: f2->f2: max{0, A} [O(n)]

Sizebounds:
`Lower:
  1: f0->f2, A: A [O(n)]
  1: f0->f2, B: 0 [O(1)]
  0: f2->f3, A: -max{0, -A} [O(n)]
  0: f2->f3, B: 1 [O(1)]
  2: f2->f2, A: 0 [O(1)]
  2: f2->f2, B: 0 [O(1)]
`Upper:
  1: f0->f2, A: A [O(n)]
  1: f0->f2, B: 0 [O(1)]
  0: f2->f3, A: 0 [O(1)]
  0: f2->f3, B: 1 [O(1)]
  2: f2->f2, A: A [O(n)]
  2: f2->f2, B: 0 [O(1)]
