Timebounds: 
  Overall timebound: inf [Infinity]
  0: f0->f1: 1 [O(1)]
  1: f1->f1: max{0, B} [O(n)]
  2: f1->f1: max{0, B} [O(n)]
  3: f1->f4: 1 [O(1)]
  4: f4->f4: inf [Infinity]
  5: f4->f4: inf [Infinity]

Costbounds:
  Overall costbound: inf [Infinity]
  0: f0->f1: 1 [O(1)]
  1: f1->f1: max{0, B} [O(n)]
  2: f1->f1: max{0, B} [O(n)]
  3: f1->f4: 1 [O(1)]
  4: f4->f4: inf [Infinity]
  5: f4->f4: inf [Infinity]

Sizebounds:
`Lower:
  0: f0->f1, A: 0 [O(1)]
  0: f0->f1, B: B [O(n)]
  0: f0->f1, C: C [O(n)]
  0: f0->f1, D: -inf [Infinity]
  1: f1->f1, A: 0 [O(1)]
  1: f1->f1, B: B-max{0, B} [O(n)]
  1: f1->f1, C: -inf [Infinity]
  1: f1->f1, D: -inf [Infinity]
  2: f1->f1, A: 0 [O(1)]
  2: f1->f1, B: B-max{0, B} [O(n)]
  2: f1->f1, C: -inf [Infinity]
  2: f1->f1, D: -inf [Infinity]
  3: f1->f4, A: 0 [O(1)]
  3: f1->f4, B: -inf [Infinity]
  3: f1->f4, C: -inf [Infinity]
  3: f1->f4, D: -inf [Infinity]
  4: f4->f4, A: 1 [O(1)]
  4: f4->f4, B: -inf [Infinity]
  4: f4->f4, C: -inf [Infinity]
  4: f4->f4, D: -inf [Infinity]
  5: f4->f4, A: 2 [O(1)]
  5: f4->f4, B: -inf [Infinity]
  5: f4->f4, C: -inf [Infinity]
  5: f4->f4, D: -inf [Infinity]
`Upper:
  0: f0->f1, A: 0 [O(1)]
  0: f0->f1, B: B [O(n)]
  0: f0->f1, C: C [O(n)]
  0: f0->f1, D: inf [Infinity]
  1: f1->f1, A: 0 [O(1)]
  1: f1->f1, B: B [O(n)]
  1: f1->f1, C: inf [Infinity]
  1: f1->f1, D: inf [Infinity]
  2: f1->f1, A: 0 [O(1)]
  2: f1->f1, B: B [O(n)]
  2: f1->f1, C: 0 [O(1)]
  2: f1->f1, D: inf [Infinity]
  3: f1->f4, A: 0 [O(1)]
  3: f1->f4, B: 0 [O(1)]
  3: f1->f4, C: inf [Infinity]
  3: f1->f4, D: inf [Infinity]
  4: f4->f4, A: 1 [O(1)]
  4: f4->f4, B: 0 [O(1)]
  4: f4->f4, C: inf [Infinity]
  4: f4->f4, D: inf [Infinity]
  5: f4->f4, A: 2 [O(1)]
  5: f4->f4, B: 0 [O(1)]
  5: f4->f4, C: inf [Infinity]
  5: f4->f4, D: inf [Infinity]
