Timebounds: 
  Overall timebound: 1+max{0, -1+C+D}+max{0, -8+I+max{0, 8*C}+max{18, 18*D}}+max{10, 10*D}+max{0, 4*C}+max{8, 8*D}+max{20, 2+18*D}+max{0, 5*C}+max{2, -1+3*D}+max{0, I+C+max{2, 2*D}}+max{22, 11+11*D}+max{13, 13*D}+max{0, 2*I+max{0, 2*C}+max{3, 3*D}}+max{9, 9*D}+max{0, (-1+C+D)*(max{11, 11*D}+max{0, -11*(max{10, 10*D}+max{8, 8*D})})}+max{11, 11*D}+max{0, (-1+C+D)*(max{13, 13*D}+max{0, -12*(max{10, 10*D}+max{8, 8*D})})}+max{13, 13*D}+max{0, (-1+C+D)*max{15, 15*D}}+max{15, 15*D}+max{0, (-1+C+D)*(max{15, 15*D}+max{0, -15*(max{10, 10*D}+max{8, 8*D})})}+max{15, 15*D}+max{0, (-1+C+D)*(max{12, 12*D}+max{0, -12*(max{10, 10*D}+max{8, 8*D})})}+max{12, 12*D}+max{0, (-1+C+D)*(max{3, 3*D}+max{0, -3*(max{10, 10*D}+max{8, 8*D})})}+max{3, 3*D}+max{0, (-1+C+D)*(max{11, 11*D}+max{0, -11*(max{10, 10*D}+max{8, 8*D})})}+max{11, 11*D}+max{0, (-1+C+D)*(max{13, 13*D}+max{0, -13*(max{10, 10*D}+max{8, 8*D})})}+max{13, 13*D}+max{0, (-1+C+D)*(max{11, 11*D}+max{0, -11*(max{10, 10*D}+max{8, 8*D})})}+max{11, 11*D}+max{0, (-1+C+D)*(max{16, 16*D}+max{0, -12*(max{10, 10*D}+max{8, 8*D})})}+max{16, 16*D}+max{0, (-1+C+D)*(max{16, 16*D}+max{0, -12*(max{10, 10*D}+max{8, 8*D})})}+max{16, 16*D}+max{0, (-1+C+D)*(max{15, 15*D}+max{0, -15*(max{10, 10*D}+max{8, 8*D})})}+max{15, 15*D}+max{0, (-1+C+D)*(max{16, 1+15*D}+max{0, -15*(max{10, 10*D}+max{8, 8*D})})}+max{0, I+max{15, 15*D}}+max{0, (-1+C+D)*(max{19, 1+18*D}+max{0, -18*(max{10, 10*D}+max{8, 8*D})})}+max{0, I+max{18, 18*D}}+max{0, (-1+C+D)*(max{14, 1+13*D}+max{0, -11*(max{10, 10*D}+max{8, 8*D})})}+max{0, I+max{13, 13*D}}+max{0, (-1+C+D)*(max{14, 1+13*D}+max{0, -13*(max{10, 10*D}+max{8, 8*D})})}+max{0, I+max{13, 13*D}}+max{0, (-1+C+D)*max{13, 1+12*D}}+max{0, I+max{12, 12*D}}+max{10, 3+7*D}+max{0, max{-9, -9+2*C}+max{10, 10*D}} [O(n^2)]
  3: f10->f14: 1 [O(1)]
  4: f10->f14: max{8, 1+7*D} [O(n)]
  35: f10->f1: 1 [O(1)]
  5: f14->f23: max{22, 11+11*D} [O(n)]
  6: f14->f23: max{20, 2+18*D} [O(n)]
  2: f2->f10: 1 [O(1)]
  7: f23->f27: max{0, -8+I+max{0, 8*C}+max{18, 18*D}} [O(n)]
  8: f23->f27: max{0, 2*I+max{0, 2*C}+max{3, 3*D}} [O(n)]
  9: f23->f27: max{2, -1+3*D} [O(n)]
  10: f23->f27: max{0, 4*C} [O(n)]
  11: f27->f42: max{0, I+max{12, 12*D}}+max{0, (-1+C+D)*max{13, 1+12*D}} [O(n^2)]
  12: f27->f42: max{0, I+max{13, 13*D}}+max{0, (-1+C+D)*(max{14, 1+13*D}+max{0, -13*(max{10, 10*D}+max{8, 8*D})})} [O(n^2)]
  32: f27->f23: max{0, max{-9, -9+2*C}+max{10, 10*D}} [O(n)]
  13: f42->f44: max{0, I+max{13, 13*D}}+max{0, (-1+C+D)*(max{14, 1+13*D}+max{0, -11*(max{10, 10*D}+max{8, 8*D})})} [O(n^2)]
  14: f42->f44: max{0, I+max{18, 18*D}}+max{0, (-1+C+D)*(max{19, 1+18*D}+max{0, -18*(max{10, 10*D}+max{8, 8*D})})} [O(n^2)]
  15: f42->f48: max{0, I+max{15, 15*D}}+max{0, (-1+C+D)*(max{16, 1+15*D}+max{0, -15*(max{10, 10*D}+max{8, 8*D})})} [O(n^2)]
  22: f42->f59: max{15, 15*D}+max{0, (-1+C+D)*(max{15, 15*D}+max{0, -15*(max{10, 10*D}+max{8, 8*D})})} [O(n^2)]
  23: f42->f59: max{16, 16*D}+max{0, (-1+C+D)*(max{16, 16*D}+max{0, -12*(max{10, 10*D}+max{8, 8*D})})} [O(n^2)]
  16: f44->f46: max{16, 16*D}+max{0, (-1+C+D)*(max{16, 16*D}+max{0, -12*(max{10, 10*D}+max{8, 8*D})})} [O(n^2)]
  17: f44->f48: max{11, 11*D}+max{0, (-1+C+D)*(max{11, 11*D}+max{0, -11*(max{10, 10*D}+max{8, 8*D})})} [O(n^2)]
  18: f44->f48: max{13, 13*D}+max{0, (-1+C+D)*(max{13, 13*D}+max{0, -13*(max{10, 10*D}+max{8, 8*D})})} [O(n^2)]
  24: f46->f59: max{11, 11*D}+max{0, (-1+C+D)*(max{11, 11*D}+max{0, -11*(max{10, 10*D}+max{8, 8*D})})} [O(n^2)]
  25: f46->f59: max{3, 3*D}+max{0, (-1+C+D)*(max{3, 3*D}+max{0, -3*(max{10, 10*D}+max{8, 8*D})})} [O(n^2)]
  0: f48->f52: max{15, 15*D}+max{0, (-1+C+D)*(max{15, 15*D}+max{0, -15*(max{10, 10*D}+max{8, 8*D})})} [O(n^2)]
  19: f48->f46: max{12, 12*D}+max{0, (-1+C+D)*(max{12, 12*D}+max{0, -12*(max{10, 10*D}+max{8, 8*D})})} [O(n^2)]
  20: f48->f52: max{15, 15*D}+max{0, (-1+C+D)*max{15, 15*D}} [O(n^2)]
  1: f52->f46: max{13, 13*D}+max{0, (-1+C+D)*(max{13, 13*D}+max{0, -12*(max{10, 10*D}+max{8, 8*D})})} [O(n^2)]
  21: f52->f46: max{11, 11*D}+max{0, (-1+C+D)*(max{11, 11*D}+max{0, -11*(max{10, 10*D}+max{8, 8*D})})} [O(n^2)]
  26: f59->f63: max{9, 9*D} [O(n)]
  27: f59->f63: max{13, 13*D} [O(n)]
  28: f59->f63: max{0, I+C+max{2, 2*D}} [O(n)]
  29: f59->f63: max{0, 5*C} [O(n)]
  30: f63->f23: max{0, -1+C+D} [O(n)]
  33: f63->f10: max{8, 8*D} [O(n)]
  34: f63->f10: max{10, 10*D} [O(n)]

Costbounds:
  Overall costbound: 1+max{0, -1+C+D}+max{0, -8+I+max{0, 8*C}+max{18, 18*D}}+max{10, 10*D}+max{0, 4*C}+max{8, 8*D}+max{20, 2+18*D}+max{0, 5*C}+max{2, -1+3*D}+max{0, I+C+max{2, 2*D}}+max{22, 11+11*D}+max{13, 13*D}+max{0, 2*I+max{0, 2*C}+max{3, 3*D}}+max{9, 9*D}+max{0, (-1+C+D)*(max{11, 11*D}+max{0, -11*(max{10, 10*D}+max{8, 8*D})})}+max{11, 11*D}+max{0, (-1+C+D)*(max{13, 13*D}+max{0, -12*(max{10, 10*D}+max{8, 8*D})})}+max{13, 13*D}+max{0, (-1+C+D)*max{15, 15*D}}+max{15, 15*D}+max{0, (-1+C+D)*(max{15, 15*D}+max{0, -15*(max{10, 10*D}+max{8, 8*D})})}+max{15, 15*D}+max{0, (-1+C+D)*(max{12, 12*D}+max{0, -12*(max{10, 10*D}+max{8, 8*D})})}+max{12, 12*D}+max{0, (-1+C+D)*(max{3, 3*D}+max{0, -3*(max{10, 10*D}+max{8, 8*D})})}+max{3, 3*D}+max{0, (-1+C+D)*(max{11, 11*D}+max{0, -11*(max{10, 10*D}+max{8, 8*D})})}+max{11, 11*D}+max{0, (-1+C+D)*(max{13, 13*D}+max{0, -13*(max{10, 10*D}+max{8, 8*D})})}+max{13, 13*D}+max{0, (-1+C+D)*(max{11, 11*D}+max{0, -11*(max{10, 10*D}+max{8, 8*D})})}+max{11, 11*D}+max{0, (-1+C+D)*(max{16, 16*D}+max{0, -12*(max{10, 10*D}+max{8, 8*D})})}+max{16, 16*D}+max{0, (-1+C+D)*(max{16, 16*D}+max{0, -12*(max{10, 10*D}+max{8, 8*D})})}+max{16, 16*D}+max{0, (-1+C+D)*(max{15, 15*D}+max{0, -15*(max{10, 10*D}+max{8, 8*D})})}+max{15, 15*D}+max{0, (-1+C+D)*(max{16, 1+15*D}+max{0, -15*(max{10, 10*D}+max{8, 8*D})})}+max{0, I+max{15, 15*D}}+max{0, (-1+C+D)*(max{19, 1+18*D}+max{0, -18*(max{10, 10*D}+max{8, 8*D})})}+max{0, I+max{18, 18*D}}+max{0, (-1+C+D)*(max{14, 1+13*D}+max{0, -11*(max{10, 10*D}+max{8, 8*D})})}+max{0, I+max{13, 13*D}}+max{0, (-1+C+D)*(max{14, 1+13*D}+max{0, -13*(max{10, 10*D}+max{8, 8*D})})}+max{0, I+max{13, 13*D}}+max{0, (-1+C+D)*max{13, 1+12*D}}+max{0, I+max{12, 12*D}}+max{10, 3+7*D}+max{0, max{-9, -9+2*C}+max{10, 10*D}} [O(n^2)]
  3: f10->f14: 1 [O(1)]
  4: f10->f14: max{8, 1+7*D} [O(n)]
  35: f10->f1: 1 [O(1)]
  5: f14->f23: max{22, 11+11*D} [O(n)]
  6: f14->f23: max{20, 2+18*D} [O(n)]
  2: f2->f10: 1 [O(1)]
  7: f23->f27: max{0, -8+I+max{0, 8*C}+max{18, 18*D}} [O(n)]
  8: f23->f27: max{0, 2*I+max{0, 2*C}+max{3, 3*D}} [O(n)]
  9: f23->f27: max{2, -1+3*D} [O(n)]
  10: f23->f27: max{0, 4*C} [O(n)]
  11: f27->f42: max{0, I+max{12, 12*D}}+max{0, (-1+C+D)*max{13, 1+12*D}} [O(n^2)]
  12: f27->f42: max{0, I+max{13, 13*D}}+max{0, (-1+C+D)*(max{14, 1+13*D}+max{0, -13*(max{10, 10*D}+max{8, 8*D})})} [O(n^2)]
  32: f27->f23: max{0, max{-9, -9+2*C}+max{10, 10*D}} [O(n)]
  13: f42->f44: max{0, I+max{13, 13*D}}+max{0, (-1+C+D)*(max{14, 1+13*D}+max{0, -11*(max{10, 10*D}+max{8, 8*D})})} [O(n^2)]
  14: f42->f44: max{0, I+max{18, 18*D}}+max{0, (-1+C+D)*(max{19, 1+18*D}+max{0, -18*(max{10, 10*D}+max{8, 8*D})})} [O(n^2)]
  15: f42->f48: max{0, I+max{15, 15*D}}+max{0, (-1+C+D)*(max{16, 1+15*D}+max{0, -15*(max{10, 10*D}+max{8, 8*D})})} [O(n^2)]
  22: f42->f59: max{15, 15*D}+max{0, (-1+C+D)*(max{15, 15*D}+max{0, -15*(max{10, 10*D}+max{8, 8*D})})} [O(n^2)]
  23: f42->f59: max{16, 16*D}+max{0, (-1+C+D)*(max{16, 16*D}+max{0, -12*(max{10, 10*D}+max{8, 8*D})})} [O(n^2)]
  16: f44->f46: max{16, 16*D}+max{0, (-1+C+D)*(max{16, 16*D}+max{0, -12*(max{10, 10*D}+max{8, 8*D})})} [O(n^2)]
  17: f44->f48: max{11, 11*D}+max{0, (-1+C+D)*(max{11, 11*D}+max{0, -11*(max{10, 10*D}+max{8, 8*D})})} [O(n^2)]
  18: f44->f48: max{13, 13*D}+max{0, (-1+C+D)*(max{13, 13*D}+max{0, -13*(max{10, 10*D}+max{8, 8*D})})} [O(n^2)]
  24: f46->f59: max{11, 11*D}+max{0, (-1+C+D)*(max{11, 11*D}+max{0, -11*(max{10, 10*D}+max{8, 8*D})})} [O(n^2)]
  25: f46->f59: max{3, 3*D}+max{0, (-1+C+D)*(max{3, 3*D}+max{0, -3*(max{10, 10*D}+max{8, 8*D})})} [O(n^2)]
  0: f48->f52: max{15, 15*D}+max{0, (-1+C+D)*(max{15, 15*D}+max{0, -15*(max{10, 10*D}+max{8, 8*D})})} [O(n^2)]
  19: f48->f46: max{12, 12*D}+max{0, (-1+C+D)*(max{12, 12*D}+max{0, -12*(max{10, 10*D}+max{8, 8*D})})} [O(n^2)]
  20: f48->f52: max{15, 15*D}+max{0, (-1+C+D)*max{15, 15*D}} [O(n^2)]
  1: f52->f46: max{13, 13*D}+max{0, (-1+C+D)*(max{13, 13*D}+max{0, -12*(max{10, 10*D}+max{8, 8*D})})} [O(n^2)]
  21: f52->f46: max{11, 11*D}+max{0, (-1+C+D)*(max{11, 11*D}+max{0, -11*(max{10, 10*D}+max{8, 8*D})})} [O(n^2)]
  26: f59->f63: max{9, 9*D} [O(n)]
  27: f59->f63: max{13, 13*D} [O(n)]
  28: f59->f63: max{0, I+C+max{2, 2*D}} [O(n)]
  29: f59->f63: max{0, 5*C} [O(n)]
  30: f63->f23: max{0, -1+C+D} [O(n)]
  33: f63->f10: max{8, 8*D} [O(n)]
  34: f63->f10: max{10, 10*D} [O(n)]

Sizebounds:
`Lower:
  3: f10->f14, A: -max{0, -A} [O(n)]
  3: f10->f14, B: -max{0, -B} [O(n)]
  3: f10->f14, C: 0 [O(1)]
  3: f10->f14, D: 1 [O(1)]
  3: f10->f14, E: 0 [O(1)]
  3: f10->f14, F: 1 [O(1)]
  3: f10->f14, G: 0 [O(1)]
  3: f10->f14, H: 1 [O(1)]
  3: f10->f14, I: -max{-1, -I} [O(n)]
  3: f10->f14, J: -max{0, -J} [O(n)]
  3: f10->f14, K: -max{-1, 0, max{-L, -K}} [O(n)]
  3: f10->f14, L: -max{0, -L} [O(n)]
  3: f10->f14, M: -max{-1, -M} [O(n)]
  3: f10->f14, N: -max{-1, 0, max{-L, -N}} [O(n)]
  3: f10->f14, O: -max{0, -1, max{-L, -O}} [O(n)]
  3: f10->f14, P: -max{-1, -P} [O(n)]
  3: f10->f14, Q: -max{-1, -Q} [O(n)]
  4: f10->f14, A: -max{0, -A} [O(n)]
  4: f10->f14, B: -max{0, -B} [O(n)]
  4: f10->f14, C: 0 [O(1)]
  4: f10->f14, D: 2 [O(1)]
  4: f10->f14, E: 0 [O(1)]
  4: f10->f14, F: 1 [O(1)]
  4: f10->f14, G: 1 [O(1)]
  4: f10->f14, H: 0 [O(1)]
  4: f10->f14, I: -max{-1, -I} [O(n)]
  4: f10->f14, J: -max{0, -J} [O(n)]
  4: f10->f14, K: -max{-1, 0, max{-L, -K}} [O(n)]
  4: f10->f14, L: -max{0, -L} [O(n)]
  4: f10->f14, M: -max{-1, -M} [O(n)]
  4: f10->f14, N: -max{-1, 0, max{-L, -N}} [O(n)]
  4: f10->f14, O: -max{0, -1, max{-L, -O}} [O(n)]
  4: f10->f14, P: -max{-1, -P} [O(n)]
  4: f10->f14, Q: -max{-1, -Q} [O(n)]
  35: f10->f1, A: -max{0, -A} [O(n)]
  35: f10->f1, B: -max{0, -B} [O(n)]
  35: f10->f1, C: 0 [O(1)]
  35: f10->f1, D: 1 [O(1)]
  35: f10->f1, E: 0 [O(1)]
  35: f10->f1, F: 1 [O(1)]
  35: f10->f1, G: 1 [O(1)]
  35: f10->f1, H: -max{0, -H} [O(n)]
  35: f10->f1, I: -max{-1, -I} [O(n)]
  35: f10->f1, J: -max{0, -J} [O(n)]
  35: f10->f1, K: -max{-1, 0, max{-L, -K}} [O(n)]
  35: f10->f1, L: -max{0, -L} [O(n)]
  35: f10->f1, M: -max{-1, -M} [O(n)]
  35: f10->f1, N: -max{-1, 0, max{-L, -N}} [O(n)]
  35: f10->f1, O: -max{-1, 0, max{-L, -O}} [O(n)]
  35: f10->f1, P: -max{-1, -P} [O(n)]
  35: f10->f1, Q: -max{-1, -Q} [O(n)]
  5: f14->f23, A: -max{0, -A} [O(n)]
  5: f14->f23, B: -max{0, -B} [O(n)]
  5: f14->f23, C: 0 [O(1)]
  5: f14->f23, D: 1 [O(1)]
  5: f14->f23, E: 0 [O(1)]
  5: f14->f23, F: 1 [O(1)]
  5: f14->f23, G: 0 [O(1)]
  5: f14->f23, H: 0 [O(1)]
  5: f14->f23, I: 0 [O(1)]
  5: f14->f23, J: 1 [O(1)]
  5: f14->f23, K: -max{0, -L} [O(n)]
  5: f14->f23, L: -max{0, -L} [O(n)]
  5: f14->f23, M: -max{-1, -M} [O(n)]
  5: f14->f23, N: -max{-1, 0, max{-L, -N}} [O(n)]
  5: f14->f23, O: -max{0, -1, max{-L, -O}} [O(n)]
  5: f14->f23, P: -max{-1, -P} [O(n)]
  5: f14->f23, Q: -max{-1, -Q} [O(n)]
  6: f14->f23, A: -max{0, -A} [O(n)]
  6: f14->f23, B: -max{0, -B} [O(n)]
  6: f14->f23, C: 0 [O(1)]
  6: f14->f23, D: 2 [O(1)]
  6: f14->f23, E: 0 [O(1)]
  6: f14->f23, F: 1 [O(1)]
  6: f14->f23, G: 0 [O(1)]
  6: f14->f23, H: 0 [O(1)]
  6: f14->f23, I: 0 [O(1)]
  6: f14->f23, J: 0 [O(1)]
  6: f14->f23, K: -max{0, -L} [O(n)]
  6: f14->f23, L: -max{0, -L} [O(n)]
  6: f14->f23, M: -max{-1, -M} [O(n)]
  6: f14->f23, N: -max{-1, 0, max{-L, -N}} [O(n)]
  6: f14->f23, O: -max{0, -1, max{-L, -O}} [O(n)]
  6: f14->f23, P: -max{-1, -P} [O(n)]
  6: f14->f23, Q: -max{-1, -Q} [O(n)]
  2: f2->f10, A: A [O(n)]
  2: f2->f10, B: B [O(n)]
  2: f2->f10, C: 0 [O(1)]
  2: f2->f10, D: 1 [O(1)]
  2: f2->f10, E: 0 [O(1)]
  2: f2->f10, F: 1 [O(1)]
  2: f2->f10, G: 0 [O(1)]
  2: f2->f10, H: H [O(n)]
  2: f2->f10, I: I [O(n)]
  2: f2->f10, J: J [O(n)]
  2: f2->f10, K: K [O(n)]
  2: f2->f10, L: L [O(n)]
  2: f2->f10, M: M [O(n)]
  2: f2->f10, N: N [O(n)]
  2: f2->f10, O: O [O(n)]
  2: f2->f10, P: P [O(n)]
  2: f2->f10, Q: Q [O(n)]
  7: f23->f27, A: -max{0, -A} [O(n)]
  7: f23->f27, B: -max{0, -B} [O(n)]
  7: f23->f27, C: 0 [O(1)]
  7: f23->f27, D: 1 [O(1)]
  7: f23->f27, E: 0 [O(1)]
  7: f23->f27, F: 1 [O(1)]
  7: f23->f27, G: 0 [O(1)]
  7: f23->f27, H: 0 [O(1)]
  7: f23->f27, I: 1 [O(1)]
  7: f23->f27, J: 0 [O(1)]
  7: f23->f27, K: -max{0, -1, -L} [O(n)]
  7: f23->f27, L: -max{0, -1, -L} [O(n)]
  7: f23->f27, M: -max{-1, -M} [O(n)]
  7: f23->f27, N: -max{-1, 0, max{-1, -1, max{-1, -1, max{-1, -1, max{-1, -1, max{-1, -1, max{-L, -L, max{-L, -L, max{-L, -L, max{-L, -N, max{-L, -N, max{-L, -N, max{-L, -N, -L}}}}}}}}}}}}} [O(n)]
  7: f23->f27, O: -max{0, -1, max{-L, -O}} [O(n)]
  7: f23->f27, P: -max{-1, -P} [O(n)]
  7: f23->f27, Q: -max{-1, 0, max{-1, -Q}} [O(n)]
  8: f23->f27, A: -max{0, -A} [O(n)]
  8: f23->f27, B: -max{0, -B} [O(n)]
  8: f23->f27, C: 0 [O(1)]
  8: f23->f27, D: 1 [O(1)]
  8: f23->f27, E: 2 [O(1)]
  8: f23->f27, F: 1 [O(1)]
  8: f23->f27, G: 0 [O(1)]
  8: f23->f27, H: 0 [O(1)]
  8: f23->f27, I: 1 [O(1)]
  8: f23->f27, J: 0 [O(1)]
  8: f23->f27, K: -max{0, -1, -L} [O(n)]
  8: f23->f27, L: -max{0, -1, -L} [O(n)]
  8: f23->f27, M: -max{-1, -M} [O(n)]
  8: f23->f27, N: -max{-1, 0, max{-1, -1, max{-1, -1, max{-1, -1, max{-1, -1, max{-1, -1, max{-L, -L, max{-L, -L, max{-L, -L, max{-L, -N, max{-L, -N, max{-L, -N, max{-L, -N, -L}}}}}}}}}}}}} [O(n)]
  8: f23->f27, O: -max{0, -1, max{-L, -O}} [O(n)]
  8: f23->f27, P: -max{-1, -P} [O(n)]
  8: f23->f27, Q: -max{-1, 0, max{-1, -Q}} [O(n)]
  9: f23->f27, A: -max{0, -A} [O(n)]
  9: f23->f27, B: -max{0, -B} [O(n)]
  9: f23->f27, C: 0 [O(1)]
  9: f23->f27, D: 1 [O(1)]
  9: f23->f27, E: 0 [O(1)]
  9: f23->f27, F: 2 [O(1)]
  9: f23->f27, G: 0 [O(1)]
  9: f23->f27, H: 0 [O(1)]
  9: f23->f27, I: 0 [O(1)]
  9: f23->f27, J: 0 [O(1)]
  9: f23->f27, K: -max{0, -1, -L} [O(n)]
  9: f23->f27, L: -max{0, -1, -L} [O(n)]
  9: f23->f27, M: -max{-1, -M} [O(n)]
  9: f23->f27, N: -max{-1, 0, max{-1, -1, max{-1, -1, max{-1, -1, max{-1, -1, max{-1, -1, max{-L, -L, max{-L, -L, max{-L, -L, max{-L, -N, max{-L, -N, max{-L, -N, max{-L, -N, -L}}}}}}}}}}}}} [O(n)]
  9: f23->f27, O: -max{0, -1, max{-L, -O}} [O(n)]
  9: f23->f27, P: -max{-1, -P} [O(n)]
  9: f23->f27, Q: -max{-1, 0, max{-1, -Q}} [O(n)]
  10: f23->f27, A: -max{0, -A} [O(n)]
  10: f23->f27, B: -max{0, -B} [O(n)]
  10: f23->f27, C: 0 [O(1)]
  10: f23->f27, D: 1 [O(1)]
  10: f23->f27, E: 0 [O(1)]
  10: f23->f27, F: 1 [O(1)]
  10: f23->f27, G: 0 [O(1)]
  10: f23->f27, H: 0 [O(1)]
  10: f23->f27, I: 0 [O(1)]
  10: f23->f27, J: 0 [O(1)]
  10: f23->f27, K: -max{0, -1, -L} [O(n)]
  10: f23->f27, L: -max{0, -1, -L} [O(n)]
  10: f23->f27, M: -max{-1, -M} [O(n)]
  10: f23->f27, N: -max{-1, 0, max{-1, -1, max{-1, -1, max{-1, -1, max{-1, -1, max{-1, -1, max{-L, -L, max{-L, -L, max{-L, -L, max{-L, -N, max{-L, -N, max{-L, -N, max{-L, -N, -L}}}}}}}}}}}}} [O(n)]
  10: f23->f27, O: -max{0, -1, max{-L, -O}} [O(n)]
  10: f23->f27, P: -max{-1, -P} [O(n)]
  10: f23->f27, Q: -max{-1, 0, max{-1, -Q}} [O(n)]
  11: f27->f42, A: 0 [O(1)]
  11: f27->f42, B: 0 [O(1)]
  11: f27->f42, C: 0 [O(1)]
  11: f27->f42, D: 1 [O(1)]
  11: f27->f42, E: 0 [O(1)]
  11: f27->f42, F: 1 [O(1)]
  11: f27->f42, G: 0 [O(1)]
  11: f27->f42, H: 0 [O(1)]
  11: f27->f42, I: 1 [O(1)]
  11: f27->f42, J: 0 [O(1)]
  11: f27->f42, K: -max{0, -1, -L} [O(n)]
  11: f27->f42, L: -max{0, -1, -L} [O(n)]
  11: f27->f42, M: 1 [O(1)]
  11: f27->f42, N: -max{0, -1, -L} [O(n)]
  11: f27->f42, O: -max{0, -1, max{-L, -O}} [O(n)]
  11: f27->f42, P: -max{-1, -P} [O(n)]
  11: f27->f42, Q: -max{-1, 0, max{-1, -Q}} [O(n)]
  12: f27->f42, A: 0 [O(1)]
  12: f27->f42, B: 0 [O(1)]
  12: f27->f42, C: 0 [O(1)]
  12: f27->f42, D: 1 [O(1)]
  12: f27->f42, E: 0 [O(1)]
  12: f27->f42, F: 1 [O(1)]
  12: f27->f42, G: 0 [O(1)]
  12: f27->f42, H: 0 [O(1)]
  12: f27->f42, I: 1 [O(1)]
  12: f27->f42, J: 0 [O(1)]
  12: f27->f42, K: -max{0, -1, -L} [O(n)]
  12: f27->f42, L: -max{0, -1, -L} [O(n)]
  12: f27->f42, M: 1 [O(1)]
  12: f27->f42, N: -max{0, -1, -L} [O(n)]
  12: f27->f42, O: -max{0, -1, -L} [O(n)]
  12: f27->f42, P: -max{-1, -P} [O(n)]
  12: f27->f42, Q: -max{-1, 0, max{-1, -Q}} [O(n)]
  32: f27->f23, A: -max{0, -A} [O(n)]
  32: f27->f23, B: -max{0, -B} [O(n)]
  32: f27->f23, C: 0 [O(1)]
  32: f27->f23, D: 1 [O(1)]
  32: f27->f23, E: 0 [O(1)]
  32: f27->f23, F: 1 [O(1)]
  32: f27->f23, G: 0 [O(1)]
  32: f27->f23, H: 0 [O(1)]
  32: f27->f23, I: 0 [O(1)]
  32: f27->f23, J: 0 [O(1)]
  32: f27->f23, K: -max{0, -1, -L} [O(n)]
  32: f27->f23, L: -max{0, -1, -L} [O(n)]
  32: f27->f23, M: -max{-1, -M} [O(n)]
  32: f27->f23, N: -max{-1, 0, max{-1, -1, max{-1, -1, max{-1, -1, max{-1, -1, max{-1, -1, max{-L, -L, max{-L, -L, max{-L, -L, max{-L, -N, max{-L, -N, max{-L, -N, max{-L, -N, -L}}}}}}}}}}}}} [O(n)]
  32: f27->f23, O: -max{0, -1, max{-L, -O}} [O(n)]
  32: f27->f23, P: -max{-1, -P} [O(n)]
  32: f27->f23, Q: -max{-1, 0, max{-1, -Q}} [O(n)]
  13: f42->f44, A: 0 [O(1)]
  13: f42->f44, B: 0 [O(1)]
  13: f42->f44, C: 0 [O(1)]
  13: f42->f44, D: 3 [O(1)]
  13: f42->f44, E: 0 [O(1)]
  13: f42->f44, F: 1 [O(1)]
  13: f42->f44, G: 2 [O(1)]
  13: f42->f44, H: 0 [O(1)]
  13: f42->f44, I: 1 [O(1)]
  13: f42->f44, J: 0 [O(1)]
  13: f42->f44, K: -max{0, -1, -L} [O(n)]
  13: f42->f44, L: -max{0, -1, -L} [O(n)]
  13: f42->f44, M: 1 [O(1)]
  13: f42->f44, N: -max{0, -1, -L} [O(n)]
  13: f42->f44, O: -max{0, -1, -L} [O(n)]
  13: f42->f44, P: -max{-1, -P} [O(n)]
  13: f42->f44, Q: -max{-1, 0, max{-1, -Q}} [O(n)]
  14: f42->f44, A: 1 [O(1)]
  14: f42->f44, B: 0 [O(1)]
  14: f42->f44, C: 0 [O(1)]
  14: f42->f44, D: 1 [O(1)]
  14: f42->f44, E: 0 [O(1)]
  14: f42->f44, F: 1 [O(1)]
  14: f42->f44, G: 0 [O(1)]
  14: f42->f44, H: 1 [O(1)]
  14: f42->f44, I: 1 [O(1)]
  14: f42->f44, J: 0 [O(1)]
  14: f42->f44, K: -max{0, -1, -L} [O(n)]
  14: f42->f44, L: -max{0, -1, -L} [O(n)]
  14: f42->f44, M: 1 [O(1)]
  14: f42->f44, N: -max{0, -1, -L} [O(n)]
  14: f42->f44, O: -max{0, -1, -L} [O(n)]
  14: f42->f44, P: -max{-1, -P} [O(n)]
  14: f42->f44, Q: -max{-1, 0, max{-1, -Q}} [O(n)]
  15: f42->f48, A: 0 [O(1)]
  15: f42->f48, B: 0 [O(1)]
  15: f42->f48, C: 0 [O(1)]
  15: f42->f48, D: 2 [O(1)]
  15: f42->f48, E: 0 [O(1)]
  15: f42->f48, F: 1 [O(1)]
  15: f42->f48, G: 1 [O(1)]
  15: f42->f48, H: 0 [O(1)]
  15: f42->f48, I: 1 [O(1)]
  15: f42->f48, J: 0 [O(1)]
  15: f42->f48, K: -max{0, -1, -L} [O(n)]
  15: f42->f48, L: -max{0, -1, -L} [O(n)]
  15: f42->f48, M: 1 [O(1)]
  15: f42->f48, N: -max{0, -1, -L} [O(n)]
  15: f42->f48, O: -max{0, -1, -L} [O(n)]
  15: f42->f48, P: -max{-1, -P} [O(n)]
  15: f42->f48, Q: -max{-1, 0, max{-1, -Q}} [O(n)]
  22: f42->f59, A: 0 [O(1)]
  22: f42->f59, B: 0 [O(1)]
  22: f42->f59, C: 0 [O(1)]
  22: f42->f59, D: 1 [O(1)]
  22: f42->f59, E: 0 [O(1)]
  22: f42->f59, F: 1 [O(1)]
  22: f42->f59, G: 0 [O(1)]
  22: f42->f59, H: 0 [O(1)]
  22: f42->f59, I: 1 [O(1)]
  22: f42->f59, J: 0 [O(1)]
  22: f42->f59, K: -max{0, -1, -L} [O(n)]
  22: f42->f59, L: -max{0, -1, -L} [O(n)]
  22: f42->f59, M: 1 [O(1)]
  22: f42->f59, N: -max{0, -1, -L} [O(n)]
  22: f42->f59, O: -max{0, -1, max{-L, -O}} [O(n)]
  22: f42->f59, P: -max{-1, -P} [O(n)]
  22: f42->f59, Q: 0 [O(1)]
  23: f42->f59, A: 0 [O(1)]
  23: f42->f59, B: 0 [O(1)]
  23: f42->f59, C: 0 [O(1)]
  23: f42->f59, D: 1 [O(1)]
  23: f42->f59, E: 0 [O(1)]
  23: f42->f59, F: 1 [O(1)]
  23: f42->f59, G: 0 [O(1)]
  23: f42->f59, H: 0 [O(1)]
  23: f42->f59, I: 1 [O(1)]
  23: f42->f59, J: 0 [O(1)]
  23: f42->f59, K: -max{0, -1, -L} [O(n)]
  23: f42->f59, L: -max{0, -1, -L} [O(n)]
  23: f42->f59, M: 1 [O(1)]
  23: f42->f59, N: -max{0, -1, -L} [O(n)]
  23: f42->f59, O: -max{0, -1, max{-L, -O}} [O(n)]
  23: f42->f59, P: -max{-1, -P} [O(n)]
  23: f42->f59, Q: 0 [O(1)]
  16: f44->f46, A: 0 [O(1)]
  16: f44->f46, B: 0 [O(1)]
  16: f44->f46, C: 0 [O(1)]
  16: f44->f46, D: 2 [O(1)]
  16: f44->f46, E: 0 [O(1)]
  16: f44->f46, F: 1 [O(1)]
  16: f44->f46, G: 0 [O(1)]
  16: f44->f46, H: 0 [O(1)]
  16: f44->f46, I: 1 [O(1)]
  16: f44->f46, J: 0 [O(1)]
  16: f44->f46, K: -max{0, -1, -L} [O(n)]
  16: f44->f46, L: -max{0, -1, -L} [O(n)]
  16: f44->f46, M: 1 [O(1)]
  16: f44->f46, N: -max{0, -1, -L} [O(n)]
  16: f44->f46, O: -max{0, -1, -L} [O(n)]
  16: f44->f46, P: 1 [O(1)]
  16: f44->f46, Q: -max{-1, 0, max{-1, -Q}} [O(n)]
  17: f44->f48, A: 0 [O(1)]
  17: f44->f48, B: 0 [O(1)]
  17: f44->f48, C: 0 [O(1)]
  17: f44->f48, D: 3 [O(1)]
  17: f44->f48, E: 0 [O(1)]
  17: f44->f48, F: 1 [O(1)]
  17: f44->f48, G: 0 [O(1)]
  17: f44->f48, H: 0 [O(1)]
  17: f44->f48, I: 1 [O(1)]
  17: f44->f48, J: 0 [O(1)]
  17: f44->f48, K: -max{0, -1, -L} [O(n)]
  17: f44->f48, L: -max{0, -1, -L} [O(n)]
  17: f44->f48, M: 1 [O(1)]
  17: f44->f48, N: -max{0, -1, -L} [O(n)]
  17: f44->f48, O: -max{0, -1, -L} [O(n)]
  17: f44->f48, P: -max{-1, -P} [O(n)]
  17: f44->f48, Q: -max{-1, 0, max{-1, -Q}} [O(n)]
  18: f44->f48, A: 0 [O(1)]
  18: f44->f48, B: 1 [O(1)]
  18: f44->f48, C: 0 [O(1)]
  18: f44->f48, D: 1 [O(1)]
  18: f44->f48, E: 0 [O(1)]
  18: f44->f48, F: 1 [O(1)]
  18: f44->f48, G: 0 [O(1)]
  18: f44->f48, H: 0 [O(1)]
  18: f44->f48, I: 1 [O(1)]
  18: f44->f48, J: 1 [O(1)]
  18: f44->f48, K: -max{0, -1, -L} [O(n)]
  18: f44->f48, L: -max{0, -1, -L} [O(n)]
  18: f44->f48, M: 1 [O(1)]
  18: f44->f48, N: -max{0, -1, -L} [O(n)]
  18: f44->f48, O: -max{0, -1, -L} [O(n)]
  18: f44->f48, P: -max{-1, -P} [O(n)]
  18: f44->f48, Q: -max{-1, 0, max{-1, -Q}} [O(n)]
  24: f46->f59, A: 0 [O(1)]
  24: f46->f59, B: 0 [O(1)]
  24: f46->f59, C: 0 [O(1)]
  24: f46->f59, D: 1 [O(1)]
  24: f46->f59, E: 0 [O(1)]
  24: f46->f59, F: 1 [O(1)]
  24: f46->f59, G: 0 [O(1)]
  24: f46->f59, H: 0 [O(1)]
  24: f46->f59, I: 1 [O(1)]
  24: f46->f59, J: 0 [O(1)]
  24: f46->f59, K: 1 [O(1)]
  24: f46->f59, L: 1 [O(1)]
  24: f46->f59, M: 1 [O(1)]
  24: f46->f59, N: 1 [O(1)]
  24: f46->f59, O: 0 [O(1)]
  24: f46->f59, P: -max{-1, -P} [O(n)]
  24: f46->f59, Q: 0 [O(1)]
  25: f46->f59, A: 0 [O(1)]
  25: f46->f59, B: 0 [O(1)]
  25: f46->f59, C: 0 [O(1)]
  25: f46->f59, D: 1 [O(1)]
  25: f46->f59, E: 0 [O(1)]
  25: f46->f59, F: 1 [O(1)]
  25: f46->f59, G: 0 [O(1)]
  25: f46->f59, H: 0 [O(1)]
  25: f46->f59, I: 1 [O(1)]
  25: f46->f59, J: 0 [O(1)]
  25: f46->f59, K: -max{0, -1, -L} [O(n)]
  25: f46->f59, L: -max{0, -1, -L} [O(n)]
  25: f46->f59, M: 1 [O(1)]
  25: f46->f59, N: -max{0, -1, -L} [O(n)]
  25: f46->f59, O: 1 [O(1)]
  25: f46->f59, P: -max{-1, -P} [O(n)]
  25: f46->f59, Q: 0 [O(1)]
  0: f48->f52, A: 1 [O(1)]
  0: f48->f52, B: 0 [O(1)]
  0: f48->f52, C: 0 [O(1)]
  0: f48->f52, D: 1 [O(1)]
  0: f48->f52, E: 0 [O(1)]
  0: f48->f52, F: 1 [O(1)]
  0: f48->f52, G: 0 [O(1)]
  0: f48->f52, H: 1 [O(1)]
  0: f48->f52, I: 1 [O(1)]
  0: f48->f52, J: 0 [O(1)]
  0: f48->f52, K: -max{0, -1, -L} [O(n)]
  0: f48->f52, L: -max{0, -1, -L} [O(n)]
  0: f48->f52, M: 1 [O(1)]
  0: f48->f52, N: -max{0, -1, -L} [O(n)]
  0: f48->f52, O: -max{0, -1, -L} [O(n)]
  0: f48->f52, P: -max{-1, -P} [O(n)]
  0: f48->f52, Q: -max{-1, 0, max{-1, -Q}} [O(n)]
  19: f48->f46, A: 0 [O(1)]
  19: f48->f46, B: 0 [O(1)]
  19: f48->f46, C: 0 [O(1)]
  19: f48->f46, D: 2 [O(1)]
  19: f48->f46, E: 0 [O(1)]
  19: f48->f46, F: 1 [O(1)]
  19: f48->f46, G: 1 [O(1)]
  19: f48->f46, H: 0 [O(1)]
  19: f48->f46, I: 1 [O(1)]
  19: f48->f46, J: 0 [O(1)]
  19: f48->f46, K: -max{0, -1, -L} [O(n)]
  19: f48->f46, L: -max{0, -1, -L} [O(n)]
  19: f48->f46, M: 1 [O(1)]
  19: f48->f46, N: -max{0, -1, -L} [O(n)]
  19: f48->f46, O: -max{0, -1, -L} [O(n)]
  19: f48->f46, P: 2 [O(1)]
  19: f48->f46, Q: -max{-1, 0, max{-1, -Q}} [O(n)]
  20: f48->f52, A: 0 [O(1)]
  20: f48->f52, B: 1 [O(1)]
  20: f48->f52, C: 0 [O(1)]
  20: f48->f52, D: 2 [O(1)]
  20: f48->f52, E: 0 [O(1)]
  20: f48->f52, F: 1 [O(1)]
  20: f48->f52, G: 1 [O(1)]
  20: f48->f52, H: 0 [O(1)]
  20: f48->f52, I: 1 [O(1)]
  20: f48->f52, J: 1 [O(1)]
  20: f48->f52, K: -max{0, -1, -L} [O(n)]
  20: f48->f52, L: -max{0, -1, -L} [O(n)]
  20: f48->f52, M: 1 [O(1)]
  20: f48->f52, N: -max{0, -1, -L} [O(n)]
  20: f48->f52, O: -max{0, -1, -L} [O(n)]
  20: f48->f52, P: -max{-1, -P} [O(n)]
  20: f48->f52, Q: -max{-1, 0, max{-1, -Q}} [O(n)]
  1: f52->f46, A: 0 [O(1)]
  1: f52->f46, B: 0 [O(1)]
  1: f52->f46, C: 0 [O(1)]
  1: f52->f46, D: 2 [O(1)]
  1: f52->f46, E: 0 [O(1)]
  1: f52->f46, F: 1 [O(1)]
  1: f52->f46, G: 0 [O(1)]
  1: f52->f46, H: 0 [O(1)]
  1: f52->f46, I: 1 [O(1)]
  1: f52->f46, J: 0 [O(1)]
  1: f52->f46, K: -max{0, -1, -L} [O(n)]
  1: f52->f46, L: -max{0, -1, -L} [O(n)]
  1: f52->f46, M: 1 [O(1)]
  1: f52->f46, N: -max{0, -1, -L} [O(n)]
  1: f52->f46, O: -max{0, -1, -L} [O(n)]
  1: f52->f46, P: -max{-1, -P} [O(n)]
  1: f52->f46, Q: -max{-1, 0, max{-1, -Q}} [O(n)]
  21: f52->f46, A: 0 [O(1)]
  21: f52->f46, B: 1 [O(1)]
  21: f52->f46, C: 0 [O(1)]
  21: f52->f46, D: 1 [O(1)]
  21: f52->f46, E: 0 [O(1)]
  21: f52->f46, F: 1 [O(1)]
  21: f52->f46, G: 0 [O(1)]
  21: f52->f46, H: 0 [O(1)]
  21: f52->f46, I: 1 [O(1)]
  21: f52->f46, J: 1 [O(1)]
  21: f52->f46, K: -max{0, -1, -L} [O(n)]
  21: f52->f46, L: -max{0, -1, -L} [O(n)]
  21: f52->f46, M: 1 [O(1)]
  21: f52->f46, N: -max{0, -1, -L} [O(n)]
  21: f52->f46, O: -max{0, -1, -L} [O(n)]
  21: f52->f46, P: 3 [O(1)]
  21: f52->f46, Q: -max{-1, 0, max{-1, -Q}} [O(n)]
  26: f59->f63, A: 0 [O(1)]
  26: f59->f63, B: 0 [O(1)]
  26: f59->f63, C: 0 [O(1)]
  26: f59->f63, D: 1 [O(1)]
  26: f59->f63, E: 0 [O(1)]
  26: f59->f63, F: 1 [O(1)]
  26: f59->f63, G: 0 [O(1)]
  26: f59->f63, H: 0 [O(1)]
  26: f59->f63, I: 1 [O(1)]
  26: f59->f63, J: 0 [O(1)]
  26: f59->f63, K: -max{0, -1, -L} [O(n)]
  26: f59->f63, L: -max{0, -1, -L} [O(n)]
  26: f59->f63, M: 1 [O(1)]
  26: f59->f63, N: -max{0, -1, -L} [O(n)]
  26: f59->f63, O: -max{0, -1, max{-L, -O}} [O(n)]
  26: f59->f63, P: -max{-1, -P} [O(n)]
  26: f59->f63, Q: 1 [O(1)]
  27: f59->f63, A: 0 [O(1)]
  27: f59->f63, B: 0 [O(1)]
  27: f59->f63, C: 0 [O(1)]
  27: f59->f63, D: 1 [O(1)]
  27: f59->f63, E: 2 [O(1)]
  27: f59->f63, F: 1 [O(1)]
  27: f59->f63, G: 0 [O(1)]
  27: f59->f63, H: 0 [O(1)]
  27: f59->f63, I: 1 [O(1)]
  27: f59->f63, J: 0 [O(1)]
  27: f59->f63, K: -max{0, -1, -L} [O(n)]
  27: f59->f63, L: -max{0, -1, -L} [O(n)]
  27: f59->f63, M: 1 [O(1)]
  27: f59->f63, N: -max{0, -1, -L} [O(n)]
  27: f59->f63, O: -max{0, -1, max{-L, -O}} [O(n)]
  27: f59->f63, P: -max{-1, -P} [O(n)]
  27: f59->f63, Q: 1 [O(1)]
  28: f59->f63, A: 0 [O(1)]
  28: f59->f63, B: 0 [O(1)]
  28: f59->f63, C: 0 [O(1)]
  28: f59->f63, D: 1 [O(1)]
  28: f59->f63, E: 0 [O(1)]
  28: f59->f63, F: 2 [O(1)]
  28: f59->f63, G: 0 [O(1)]
  28: f59->f63, H: 0 [O(1)]
  28: f59->f63, I: 1 [O(1)]
  28: f59->f63, J: 0 [O(1)]
  28: f59->f63, K: -max{0, -1, -L} [O(n)]
  28: f59->f63, L: -max{0, -1, -L} [O(n)]
  28: f59->f63, M: 1 [O(1)]
  28: f59->f63, N: -max{0, -1, -L} [O(n)]
  28: f59->f63, O: -max{0, -1, max{-L, -O}} [O(n)]
  28: f59->f63, P: -max{-1, -P} [O(n)]
  28: f59->f63, Q: 0 [O(1)]
  29: f59->f63, A: 0 [O(1)]
  29: f59->f63, B: 0 [O(1)]
  29: f59->f63, C: 0 [O(1)]
  29: f59->f63, D: 1 [O(1)]
  29: f59->f63, E: 0 [O(1)]
  29: f59->f63, F: 1 [O(1)]
  29: f59->f63, G: 0 [O(1)]
  29: f59->f63, H: 0 [O(1)]
  29: f59->f63, I: 1 [O(1)]
  29: f59->f63, J: 0 [O(1)]
  29: f59->f63, K: -max{0, -1, -L} [O(n)]
  29: f59->f63, L: -max{0, -1, -L} [O(n)]
  29: f59->f63, M: 1 [O(1)]
  29: f59->f63, N: -max{0, -1, -L} [O(n)]
  29: f59->f63, O: -max{0, -1, max{-L, -O}} [O(n)]
  29: f59->f63, P: -max{-1, -P} [O(n)]
  29: f59->f63, Q: 0 [O(1)]
  30: f63->f23, A: 0 [O(1)]
  30: f63->f23, B: 0 [O(1)]
  30: f63->f23, C: 0 [O(1)]
  30: f63->f23, D: 1 [O(1)]
  30: f63->f23, E: 0 [O(1)]
  30: f63->f23, F: 1 [O(1)]
  30: f63->f23, G: 0 [O(1)]
  30: f63->f23, H: 0 [O(1)]
  30: f63->f23, I: 1 [O(1)]
  30: f63->f23, J: 0 [O(1)]
  30: f63->f23, K: -max{0, -1, -L} [O(n)]
  30: f63->f23, L: -max{0, -1, -L} [O(n)]
  30: f63->f23, M: 1 [O(1)]
  30: f63->f23, N: -max{0, -1, -L} [O(n)]
  30: f63->f23, O: -max{0, -1, max{-L, -O}} [O(n)]
  30: f63->f23, P: -max{-1, -P} [O(n)]
  30: f63->f23, Q: 0 [O(1)]
  33: f63->f10, A: 0 [O(1)]
  33: f63->f10, B: 0 [O(1)]
  33: f63->f10, C: 0 [O(1)]
  33: f63->f10, D: 1 [O(1)]
  33: f63->f10, E: 0 [O(1)]
  33: f63->f10, F: 1 [O(1)]
  33: f63->f10, G: 1 [O(1)]
  33: f63->f10, H: 0 [O(1)]
  33: f63->f10, I: 1 [O(1)]
  33: f63->f10, J: 0 [O(1)]
  33: f63->f10, K: 1 [O(1)]
  33: f63->f10, L: 0 [O(1)]
  33: f63->f10, M: 1 [O(1)]
  33: f63->f10, N: 1 [O(1)]
  33: f63->f10, O: -max{0, -1, max{-L, -O}} [O(n)]
  33: f63->f10, P: -max{-1, -P} [O(n)]
  33: f63->f10, Q: 1 [O(1)]
  34: f63->f10, A: 0 [O(1)]
  34: f63->f10, B: 0 [O(1)]
  34: f63->f10, C: 0 [O(1)]
  34: f63->f10, D: 1 [O(1)]
  34: f63->f10, E: 0 [O(1)]
  34: f63->f10, F: 1 [O(1)]
  34: f63->f10, G: 1 [O(1)]
  34: f63->f10, H: 0 [O(1)]
  34: f63->f10, I: 1 [O(1)]
  34: f63->f10, J: 0 [O(1)]
  34: f63->f10, K: -max{0, -1, -L} [O(n)]
  34: f63->f10, L: 1 [O(1)]
  34: f63->f10, M: 1 [O(1)]
  34: f63->f10, N: -max{0, -1, -L} [O(n)]
  34: f63->f10, O: -max{0, -1, max{-L, -O}} [O(n)]
  34: f63->f10, P: -max{-1, -P} [O(n)]
  34: f63->f10, Q: 1 [O(1)]
`Upper:
  3: f10->f14, A: max{1, A} [O(n)]
  3: f10->f14, B: max{1, B} [O(n)]
  3: f10->f14, C: max{0, C} [O(n)]
  3: f10->f14, D: D [O(n)]
  3: f10->f14, E: 2 [O(1)]
  3: f10->f14, F: 1+max{0, I+C+max{2, 2*D}}+max{2, -1+3*D} [O(n)]
  3: f10->f14, G: 0 [O(1)]
  3: f10->f14, H: 1 [O(1)]
  3: f10->f14, I: max{1, I} [O(n)]
  3: f10->f14, J: max{1, J} [O(n)]
  3: f10->f14, K: max{1, K, L} [O(n)]
  3: f10->f14, L: max{1, L} [O(n)]
  3: f10->f14, M: max{1, M} [O(n)]
  3: f10->f14, N: max{1, N, L} [O(n)]
  3: f10->f14, O: max{1, 1, max{L, O}} [O(n)]
  3: f10->f14, P: max{3, P} [O(n)]
  3: f10->f14, Q: max{1, Q} [O(n)]
  4: f10->f14, A: max{1, A} [O(n)]
  4: f10->f14, B: max{1, B} [O(n)]
  4: f10->f14, C: max{0, C} [O(n)]
  4: f10->f14, D: D [O(n)]
  4: f10->f14, E: 2 [O(1)]
  4: f10->f14, F: 1+max{0, I+C+max{2, 2*D}}+max{2, -1+3*D} [O(n)]
  4: f10->f14, G: max{10, 10*D}+max{8, 8*D} [O(n)]
  4: f10->f14, H: 0 [O(1)]
  4: f10->f14, I: max{1, I} [O(n)]
  4: f10->f14, J: max{1, J} [O(n)]
  4: f10->f14, K: max{1, K, L} [O(n)]
  4: f10->f14, L: max{1, L} [O(n)]
  4: f10->f14, M: max{1, M} [O(n)]
  4: f10->f14, N: max{1, N, L} [O(n)]
  4: f10->f14, O: max{1, 1, max{L, O}} [O(n)]
  4: f10->f14, P: max{3, P} [O(n)]
  4: f10->f14, Q: max{1, Q} [O(n)]
  35: f10->f1, A: max{1, A} [O(n)]
  35: f10->f1, B: max{1, B} [O(n)]
  35: f10->f1, C: max{0, C} [O(n)]
  35: f10->f1, D: D [O(n)]
  35: f10->f1, E: 2 [O(1)]
  35: f10->f1, F: max{1, 1+max{0, I+C+max{2, 2*D}}+max{2, -1+3*D}} [O(n)]
  35: f10->f1, G: max{0, max{10, 10*D}+max{8, 8*D}} [O(n)]
  35: f10->f1, H: max{1, H} [O(n)]
  35: f10->f1, I: max{1, I} [O(n)]
  35: f10->f1, J: max{1, J} [O(n)]
  35: f10->f1, K: max{1, K, L} [O(n)]
  35: f10->f1, L: max{1, L} [O(n)]
  35: f10->f1, M: max{1, M} [O(n)]
  35: f10->f1, N: max{1, N, L} [O(n)]
  35: f10->f1, O: max{1, 1, max{L, O}} [O(n)]
  35: f10->f1, P: max{3, P} [O(n)]
  35: f10->f1, Q: max{1, Q} [O(n)]
  5: f14->f23, A: max{1, A} [O(n)]
  5: f14->f23, B: max{1, B} [O(n)]
  5: f14->f23, C: max{0, C} [O(n)]
  5: f14->f23, D: D [O(n)]
  5: f14->f23, E: 2 [O(1)]
  5: f14->f23, F: 1+max{0, I+C+max{2, 2*D}}+max{2, -1+3*D} [O(n)]
  5: f14->f23, G: max{10, 10*D}+max{8, 8*D} [O(n)]
  5: f14->f23, H: 1 [O(1)]
  5: f14->f23, I: 1 [O(1)]
  5: f14->f23, J: 1 [O(1)]
  5: f14->f23, K: max{1, L} [O(n)]
  5: f14->f23, L: max{1, L} [O(n)]
  5: f14->f23, M: max{1, M} [O(n)]
  5: f14->f23, N: max{1, N, L} [O(n)]
  5: f14->f23, O: max{1, 1, max{L, O}} [O(n)]
  5: f14->f23, P: max{3, P} [O(n)]
  5: f14->f23, Q: max{1, Q} [O(n)]
  6: f14->f23, A: max{1, A} [O(n)]
  6: f14->f23, B: max{1, B} [O(n)]
  6: f14->f23, C: max{0, C} [O(n)]
  6: f14->f23, D: D [O(n)]
  6: f14->f23, E: 2 [O(1)]
  6: f14->f23, F: 1+max{0, I+C+max{2, 2*D}}+max{2, -1+3*D} [O(n)]
  6: f14->f23, G: max{10, 10*D}+max{8, 8*D} [O(n)]
  6: f14->f23, H: 1 [O(1)]
  6: f14->f23, I: 1 [O(1)]
  6: f14->f23, J: 0 [O(1)]
  6: f14->f23, K: max{1, L} [O(n)]
  6: f14->f23, L: max{1, L} [O(n)]
  6: f14->f23, M: max{1, M} [O(n)]
  6: f14->f23, N: max{1, N, L} [O(n)]
  6: f14->f23, O: max{1, 1, max{L, O}} [O(n)]
  6: f14->f23, P: max{3, P} [O(n)]
  6: f14->f23, Q: max{1, Q} [O(n)]
  2: f2->f10, A: A [O(n)]
  2: f2->f10, B: B [O(n)]
  2: f2->f10, C: C [O(n)]
  2: f2->f10, D: D [O(n)]
  2: f2->f10, E: 0 [O(1)]
  2: f2->f10, F: 1 [O(1)]
  2: f2->f10, G: 0 [O(1)]
  2: f2->f10, H: H [O(n)]
  2: f2->f10, I: I [O(n)]
  2: f2->f10, J: J [O(n)]
  2: f2->f10, K: K [O(n)]
  2: f2->f10, L: L [O(n)]
  2: f2->f10, M: M [O(n)]
  2: f2->f10, N: N [O(n)]
  2: f2->f10, O: O [O(n)]
  2: f2->f10, P: P [O(n)]
  2: f2->f10, Q: Q [O(n)]
  7: f23->f27, A: max{1, A} [O(n)]
  7: f23->f27, B: max{1, B} [O(n)]
  7: f23->f27, C: 0 [O(1)]
  7: f23->f27, D: D [O(n)]
  7: f23->f27, E: 1 [O(1)]
  7: f23->f27, F: 1+max{0, I+C+max{2, 2*D}}+max{2, -1+3*D} [O(n)]
  7: f23->f27, G: max{10, 10*D}+max{8, 8*D} [O(n)]
  7: f23->f27, H: 1 [O(1)]
  7: f23->f27, I: 1 [O(1)]
  7: f23->f27, J: 1 [O(1)]
  7: f23->f27, K: max{1, L} [O(n)]
  7: f23->f27, L: max{1, L} [O(n)]
  7: f23->f27, M: max{1, M} [O(n)]
  7: f23->f27, N: max{1, 1, max{1, 1, max{1, 1, max{1, 1, max{1, 1, max{1, N, max{N, N, max{N, N, max{N, N, L}}}}}}}}} [O(n)]
  7: f23->f27, O: max{1, 1, max{L, O}} [O(n)]
  7: f23->f27, P: max{3, P} [O(n)]
  7: f23->f27, Q: max{1, Q} [O(n)]
  8: f23->f27, A: max{1, A} [O(n)]
  8: f23->f27, B: max{1, B} [O(n)]
  8: f23->f27, C: 0 [O(1)]
  8: f23->f27, D: D [O(n)]
  8: f23->f27, E: 2 [O(1)]
  8: f23->f27, F: 1+max{0, I+C+max{2, 2*D}}+max{2, -1+3*D} [O(n)]
  8: f23->f27, G: max{10, 10*D}+max{8, 8*D} [O(n)]
  8: f23->f27, H: 1 [O(1)]
  8: f23->f27, I: 1 [O(1)]
  8: f23->f27, J: 1 [O(1)]
  8: f23->f27, K: max{1, L} [O(n)]
  8: f23->f27, L: max{1, L} [O(n)]
  8: f23->f27, M: max{1, M} [O(n)]
  8: f23->f27, N: max{1, 1, max{1, 1, max{1, 1, max{1, 1, max{1, 1, max{1, N, max{N, N, max{N, N, max{N, N, L}}}}}}}}} [O(n)]
  8: f23->f27, O: max{1, 1, max{L, O}} [O(n)]
  8: f23->f27, P: max{3, P} [O(n)]
  8: f23->f27, Q: max{1, Q} [O(n)]
  9: f23->f27, A: max{1, A} [O(n)]
  9: f23->f27, B: max{1, B} [O(n)]
  9: f23->f27, C: 0 [O(1)]
  9: f23->f27, D: D [O(n)]
  9: f23->f27, E: 0 [O(1)]
  9: f23->f27, F: 1+max{0, I+C+max{2, 2*D}}+max{2, -1+3*D} [O(n)]
  9: f23->f27, G: max{10, 10*D}+max{8, 8*D} [O(n)]
  9: f23->f27, H: 1 [O(1)]
  9: f23->f27, I: 1 [O(1)]
  9: f23->f27, J: 1 [O(1)]
  9: f23->f27, K: max{1, L} [O(n)]
  9: f23->f27, L: max{1, L} [O(n)]
  9: f23->f27, M: max{1, M} [O(n)]
  9: f23->f27, N: max{1, 1, max{1, 1, max{1, 1, max{1, 1, max{1, 1, max{1, N, max{N, N, max{N, N, max{N, N, L}}}}}}}}} [O(n)]
  9: f23->f27, O: max{1, 1, max{L, O}} [O(n)]
  9: f23->f27, P: max{3, P} [O(n)]
  9: f23->f27, Q: max{1, Q} [O(n)]
  10: f23->f27, A: max{1, A} [O(n)]
  10: f23->f27, B: max{1, B} [O(n)]
  10: f23->f27, C: max{0, C} [O(n)]
  10: f23->f27, D: D [O(n)]
  10: f23->f27, E: 2 [O(1)]
  10: f23->f27, F: 1+max{0, I+C+max{2, 2*D}}+max{2, -1+3*D} [O(n)]
  10: f23->f27, G: max{10, 10*D}+max{8, 8*D} [O(n)]
  10: f23->f27, H: 1 [O(1)]
  10: f23->f27, I: 1 [O(1)]
  10: f23->f27, J: 1 [O(1)]
  10: f23->f27, K: max{1, L} [O(n)]
  10: f23->f27, L: max{1, L} [O(n)]
  10: f23->f27, M: max{1, M} [O(n)]
  10: f23->f27, N: max{1, 1, max{1, 1, max{1, 1, max{1, 1, max{1, 1, max{1, N, max{N, N, max{N, N, max{N, N, L}}}}}}}}} [O(n)]
  10: f23->f27, O: max{1, 1, max{L, O}} [O(n)]
  10: f23->f27, P: max{3, P} [O(n)]
  10: f23->f27, Q: max{1, Q} [O(n)]
  11: f27->f42, A: 1 [O(1)]
  11: f27->f42, B: 1 [O(1)]
  11: f27->f42, C: max{0, C} [O(n)]
  11: f27->f42, D: D [O(n)]
  11: f27->f42, E: 2 [O(1)]
  11: f27->f42, F: 1+max{0, I+C+max{2, 2*D}}+max{2, -1+3*D} [O(n)]
  11: f27->f42, G: max{10, 10*D}+max{8, 8*D} [O(n)]
  11: f27->f42, H: 1 [O(1)]
  11: f27->f42, I: 1 [O(1)]
  11: f27->f42, J: 1 [O(1)]
  11: f27->f42, K: max{1, L} [O(n)]
  11: f27->f42, L: max{1, L} [O(n)]
  11: f27->f42, M: 1 [O(1)]
  11: f27->f42, N: max{1, L} [O(n)]
  11: f27->f42, O: max{1, 1, max{L, O}} [O(n)]
  11: f27->f42, P: max{3, P} [O(n)]
  11: f27->f42, Q: max{1, Q} [O(n)]
  12: f27->f42, A: 1 [O(1)]
  12: f27->f42, B: 1 [O(1)]
  12: f27->f42, C: max{0, C} [O(n)]
  12: f27->f42, D: D [O(n)]
  12: f27->f42, E: 2 [O(1)]
  12: f27->f42, F: 1+max{0, I+C+max{2, 2*D}}+max{2, -1+3*D} [O(n)]
  12: f27->f42, G: max{10, 10*D}+max{8, 8*D} [O(n)]
  12: f27->f42, H: 1 [O(1)]
  12: f27->f42, I: 1 [O(1)]
  12: f27->f42, J: 1 [O(1)]
  12: f27->f42, K: max{1, L} [O(n)]
  12: f27->f42, L: max{1, L} [O(n)]
  12: f27->f42, M: 1 [O(1)]
  12: f27->f42, N: max{1, L} [O(n)]
  12: f27->f42, O: max{1, L} [O(n)]
  12: f27->f42, P: max{3, P} [O(n)]
  12: f27->f42, Q: max{1, Q} [O(n)]
  32: f27->f23, A: max{1, A} [O(n)]
  32: f27->f23, B: max{1, B} [O(n)]
  32: f27->f23, C: max{0, C} [O(n)]
  32: f27->f23, D: D [O(n)]
  32: f27->f23, E: 2 [O(1)]
  32: f27->f23, F: 1+max{0, I+C+max{2, 2*D}}+max{2, -1+3*D} [O(n)]
  32: f27->f23, G: max{10, 10*D}+max{8, 8*D} [O(n)]
  32: f27->f23, H: 1 [O(1)]
  32: f27->f23, I: 0 [O(1)]
  32: f27->f23, J: 1 [O(1)]
  32: f27->f23, K: max{1, L} [O(n)]
  32: f27->f23, L: max{1, L} [O(n)]
  32: f27->f23, M: max{1, M} [O(n)]
  32: f27->f23, N: max{1, 1, max{1, 1, max{1, 1, max{1, 1, max{1, 1, max{1, N, max{N, N, max{N, N, max{N, N, L}}}}}}}}} [O(n)]
  32: f27->f23, O: max{1, 1, max{L, O}} [O(n)]
  32: f27->f23, P: max{3, P} [O(n)]
  32: f27->f23, Q: max{1, Q} [O(n)]
  13: f42->f44, A: -1 [O(1)]
  13: f42->f44, B: 1 [O(1)]
  13: f42->f44, C: max{0, C} [O(n)]
  13: f42->f44, D: D [O(n)]
  13: f42->f44, E: 2 [O(1)]
  13: f42->f44, F: 1+max{0, I+C+max{2, 2*D}}+max{2, -1+3*D} [O(n)]
  13: f42->f44, G: max{10, 10*D}+max{8, 8*D} [O(n)]
  13: f42->f44, H: -1 [O(1)]
  13: f42->f44, I: 1 [O(1)]
  13: f42->f44, J: 1 [O(1)]
  13: f42->f44, K: max{1, L} [O(n)]
  13: f42->f44, L: max{1, L} [O(n)]
  13: f42->f44, M: 1 [O(1)]
  13: f42->f44, N: max{1, L} [O(n)]
  13: f42->f44, O: max{1, L} [O(n)]
  13: f42->f44, P: max{3, P} [O(n)]
  13: f42->f44, Q: max{1, Q} [O(n)]
  14: f42->f44, A: 1 [O(1)]
  14: f42->f44, B: 1 [O(1)]
  14: f42->f44, C: max{0, C} [O(n)]
  14: f42->f44, D: D [O(n)]
  14: f42->f44, E: 2 [O(1)]
  14: f42->f44, F: 1+max{0, I+C+max{2, 2*D}}+max{2, -1+3*D} [O(n)]
  14: f42->f44, G: max{10, 10*D}+max{8, 8*D} [O(n)]
  14: f42->f44, H: 1 [O(1)]
  14: f42->f44, I: 1 [O(1)]
  14: f42->f44, J: 1 [O(1)]
  14: f42->f44, K: max{1, L} [O(n)]
  14: f42->f44, L: max{1, L} [O(n)]
  14: f42->f44, M: 1 [O(1)]
  14: f42->f44, N: max{1, L} [O(n)]
  14: f42->f44, O: max{1, L} [O(n)]
  14: f42->f44, P: max{3, P} [O(n)]
  14: f42->f44, Q: max{1, Q} [O(n)]
  15: f42->f48, A: 0 [O(1)]
  15: f42->f48, B: 1 [O(1)]
  15: f42->f48, C: max{0, C} [O(n)]
  15: f42->f48, D: D [O(n)]
  15: f42->f48, E: 2 [O(1)]
  15: f42->f48, F: 1+max{0, I+C+max{2, 2*D}}+max{2, -1+3*D} [O(n)]
  15: f42->f48, G: max{10, 10*D}+max{8, 8*D} [O(n)]
  15: f42->f48, H: 0 [O(1)]
  15: f42->f48, I: 1 [O(1)]
  15: f42->f48, J: 1 [O(1)]
  15: f42->f48, K: max{1, L} [O(n)]
  15: f42->f48, L: max{1, L} [O(n)]
  15: f42->f48, M: 1 [O(1)]
  15: f42->f48, N: max{1, L} [O(n)]
  15: f42->f48, O: max{1, L} [O(n)]
  15: f42->f48, P: max{3, P} [O(n)]
  15: f42->f48, Q: max{1, Q} [O(n)]
  22: f42->f59, A: 1 [O(1)]
  22: f42->f59, B: 1 [O(1)]
  22: f42->f59, C: max{0, C} [O(n)]
  22: f42->f59, D: D [O(n)]
  22: f42->f59, E: 2 [O(1)]
  22: f42->f59, F: 1+max{0, I+C+max{2, 2*D}}+max{2, -1+3*D} [O(n)]
  22: f42->f59, G: max{10, 10*D}+max{8, 8*D} [O(n)]
  22: f42->f59, H: 1 [O(1)]
  22: f42->f59, I: 1 [O(1)]
  22: f42->f59, J: 1 [O(1)]
  22: f42->f59, K: max{1, L} [O(n)]
  22: f42->f59, L: max{1, L} [O(n)]
  22: f42->f59, M: 1 [O(1)]
  22: f42->f59, N: max{1, L} [O(n)]
  22: f42->f59, O: max{1, 1, max{L, O}} [O(n)]
  22: f42->f59, P: max{3, P} [O(n)]
  22: f42->f59, Q: 1 [O(1)]
  23: f42->f59, A: 1 [O(1)]
  23: f42->f59, B: 1 [O(1)]
  23: f42->f59, C: max{0, C} [O(n)]
  23: f42->f59, D: D [O(n)]
  23: f42->f59, E: 2 [O(1)]
  23: f42->f59, F: 1+max{0, I+C+max{2, 2*D}}+max{2, -1+3*D} [O(n)]
  23: f42->f59, G: max{10, 10*D}+max{8, 8*D} [O(n)]
  23: f42->f59, H: 1 [O(1)]
  23: f42->f59, I: 1 [O(1)]
  23: f42->f59, J: 1 [O(1)]
  23: f42->f59, K: max{1, L} [O(n)]
  23: f42->f59, L: max{1, L} [O(n)]
  23: f42->f59, M: 1 [O(1)]
  23: f42->f59, N: max{1, L} [O(n)]
  23: f42->f59, O: max{1, 1, max{L, O}} [O(n)]
  23: f42->f59, P: max{3, P} [O(n)]
  23: f42->f59, Q: 1 [O(1)]
  16: f44->f46, A: 1 [O(1)]
  16: f44->f46, B: 0 [O(1)]
  16: f44->f46, C: max{0, C} [O(n)]
  16: f44->f46, D: D [O(n)]
  16: f44->f46, E: 2 [O(1)]
  16: f44->f46, F: 1+max{0, I+C+max{2, 2*D}}+max{2, -1+3*D} [O(n)]
  16: f44->f46, G: max{10, 10*D}+max{8, 8*D} [O(n)]
  16: f44->f46, H: 1 [O(1)]
  16: f44->f46, I: 1 [O(1)]
  16: f44->f46, J: 0 [O(1)]
  16: f44->f46, K: max{1, L} [O(n)]
  16: f44->f46, L: max{1, L} [O(n)]
  16: f44->f46, M: 1 [O(1)]
  16: f44->f46, N: max{1, L} [O(n)]
  16: f44->f46, O: max{1, L} [O(n)]
  16: f44->f46, P: 1 [O(1)]
  16: f44->f46, Q: max{1, Q} [O(n)]
  17: f44->f48, A: 1 [O(1)]
  17: f44->f48, B: -1 [O(1)]
  17: f44->f48, C: max{0, C} [O(n)]
  17: f44->f48, D: D [O(n)]
  17: f44->f48, E: 2 [O(1)]
  17: f44->f48, F: 1+max{0, I+C+max{2, 2*D}}+max{2, -1+3*D} [O(n)]
  17: f44->f48, G: max{10, 10*D}+max{8, 8*D} [O(n)]
  17: f44->f48, H: 1 [O(1)]
  17: f44->f48, I: 1 [O(1)]
  17: f44->f48, J: -1 [O(1)]
  17: f44->f48, K: max{1, L} [O(n)]
  17: f44->f48, L: max{1, L} [O(n)]
  17: f44->f48, M: 1 [O(1)]
  17: f44->f48, N: max{1, L} [O(n)]
  17: f44->f48, O: max{1, L} [O(n)]
  17: f44->f48, P: max{3, P} [O(n)]
  17: f44->f48, Q: max{1, Q} [O(n)]
  18: f44->f48, A: 1 [O(1)]
  18: f44->f48, B: 1 [O(1)]
  18: f44->f48, C: max{0, C} [O(n)]
  18: f44->f48, D: D [O(n)]
  18: f44->f48, E: 2 [O(1)]
  18: f44->f48, F: 1+max{0, I+C+max{2, 2*D}}+max{2, -1+3*D} [O(n)]
  18: f44->f48, G: max{10, 10*D}+max{8, 8*D} [O(n)]
  18: f44->f48, H: 1 [O(1)]
  18: f44->f48, I: 1 [O(1)]
  18: f44->f48, J: 1 [O(1)]
  18: f44->f48, K: max{1, L} [O(n)]
  18: f44->f48, L: max{1, L} [O(n)]
  18: f44->f48, M: 1 [O(1)]
  18: f44->f48, N: max{1, L} [O(n)]
  18: f44->f48, O: max{1, L} [O(n)]
  18: f44->f48, P: max{3, P} [O(n)]
  18: f44->f48, Q: max{1, Q} [O(n)]
  24: f46->f59, A: 1 [O(1)]
  24: f46->f59, B: 1 [O(1)]
  24: f46->f59, C: max{0, C} [O(n)]
  24: f46->f59, D: D [O(n)]
  24: f46->f59, E: 2 [O(1)]
  24: f46->f59, F: 1+max{0, I+C+max{2, 2*D}}+max{2, -1+3*D} [O(n)]
  24: f46->f59, G: max{10, 10*D}+max{8, 8*D} [O(n)]
  24: f46->f59, H: 1 [O(1)]
  24: f46->f59, I: 1 [O(1)]
  24: f46->f59, J: 1 [O(1)]
  24: f46->f59, K: max{1, L} [O(n)]
  24: f46->f59, L: max{1, L} [O(n)]
  24: f46->f59, M: 1 [O(1)]
  24: f46->f59, N: max{1, L} [O(n)]
  24: f46->f59, O: 0 [O(1)]
  24: f46->f59, P: max{3, P} [O(n)]
  24: f46->f59, Q: 1 [O(1)]
  25: f46->f59, A: 1 [O(1)]
  25: f46->f59, B: 1 [O(1)]
  25: f46->f59, C: max{0, C} [O(n)]
  25: f46->f59, D: D [O(n)]
  25: f46->f59, E: 2 [O(1)]
  25: f46->f59, F: 1+max{0, I+C+max{2, 2*D}}+max{2, -1+3*D} [O(n)]
  25: f46->f59, G: max{10, 10*D}+max{8, 8*D} [O(n)]
  25: f46->f59, H: 1 [O(1)]
  25: f46->f59, I: 1 [O(1)]
  25: f46->f59, J: 1 [O(1)]
  25: f46->f59, K: 0 [O(1)]
  25: f46->f59, L: 0 [O(1)]
  25: f46->f59, M: 1 [O(1)]
  25: f46->f59, N: 0 [O(1)]
  25: f46->f59, O: 1 [O(1)]
  25: f46->f59, P: max{3, P} [O(n)]
  25: f46->f59, Q: 1 [O(1)]
  0: f48->f52, A: 1 [O(1)]
  0: f48->f52, B: 1 [O(1)]
  0: f48->f52, C: max{0, C} [O(n)]
  0: f48->f52, D: D [O(n)]
  0: f48->f52, E: 2 [O(1)]
  0: f48->f52, F: 1+max{0, I+C+max{2, 2*D}}+max{2, -1+3*D} [O(n)]
  0: f48->f52, G: max{10, 10*D}+max{8, 8*D} [O(n)]
  0: f48->f52, H: 1 [O(1)]
  0: f48->f52, I: 1 [O(1)]
  0: f48->f52, J: 1 [O(1)]
  0: f48->f52, K: max{1, L} [O(n)]
  0: f48->f52, L: max{1, L} [O(n)]
  0: f48->f52, M: 1 [O(1)]
  0: f48->f52, N: max{1, L} [O(n)]
  0: f48->f52, O: max{1, L} [O(n)]
  0: f48->f52, P: max{3, P} [O(n)]
  0: f48->f52, Q: max{1, Q} [O(n)]
  19: f48->f46, A: 0 [O(1)]
  19: f48->f46, B: 0 [O(1)]
  19: f48->f46, C: max{0, C} [O(n)]
  19: f48->f46, D: D [O(n)]
  19: f48->f46, E: 2 [O(1)]
  19: f48->f46, F: 1+max{0, I+C+max{2, 2*D}}+max{2, -1+3*D} [O(n)]
  19: f48->f46, G: max{10, 10*D}+max{8, 8*D} [O(n)]
  19: f48->f46, H: 0 [O(1)]
  19: f48->f46, I: 1 [O(1)]
  19: f48->f46, J: 0 [O(1)]
  19: f48->f46, K: max{1, L} [O(n)]
  19: f48->f46, L: max{1, L} [O(n)]
  19: f48->f46, M: 1 [O(1)]
  19: f48->f46, N: max{1, L} [O(n)]
  19: f48->f46, O: max{1, L} [O(n)]
  19: f48->f46, P: 2 [O(1)]
  19: f48->f46, Q: max{1, Q} [O(n)]
  20: f48->f52, A: 0 [O(1)]
  20: f48->f52, B: 1 [O(1)]
  20: f48->f52, C: max{0, C} [O(n)]
  20: f48->f52, D: D [O(n)]
  20: f48->f52, E: 2 [O(1)]
  20: f48->f52, F: 1+max{0, I+C+max{2, 2*D}}+max{2, -1+3*D} [O(n)]
  20: f48->f52, G: max{10, 10*D}+max{8, 8*D} [O(n)]
  20: f48->f52, H: 0 [O(1)]
  20: f48->f52, I: 1 [O(1)]
  20: f48->f52, J: 1 [O(1)]
  20: f48->f52, K: max{1, L} [O(n)]
  20: f48->f52, L: max{1, L} [O(n)]
  20: f48->f52, M: 1 [O(1)]
  20: f48->f52, N: max{1, L} [O(n)]
  20: f48->f52, O: max{1, L} [O(n)]
  20: f48->f52, P: max{3, P} [O(n)]
  20: f48->f52, Q: max{1, Q} [O(n)]
  1: f52->f46, A: 1 [O(1)]
  1: f52->f46, B: 0 [O(1)]
  1: f52->f46, C: max{0, C} [O(n)]
  1: f52->f46, D: D [O(n)]
  1: f52->f46, E: 2 [O(1)]
  1: f52->f46, F: 1+max{0, I+C+max{2, 2*D}}+max{2, -1+3*D} [O(n)]
  1: f52->f46, G: max{10, 10*D}+max{8, 8*D} [O(n)]
  1: f52->f46, H: 1 [O(1)]
  1: f52->f46, I: 1 [O(1)]
  1: f52->f46, J: 0 [O(1)]
  1: f52->f46, K: max{1, L} [O(n)]
  1: f52->f46, L: max{1, L} [O(n)]
  1: f52->f46, M: 1 [O(1)]
  1: f52->f46, N: max{1, L} [O(n)]
  1: f52->f46, O: max{1, L} [O(n)]
  1: f52->f46, P: max{3, P} [O(n)]
  1: f52->f46, Q: max{1, Q} [O(n)]
  21: f52->f46, A: 1 [O(1)]
  21: f52->f46, B: 1 [O(1)]
  21: f52->f46, C: max{0, C} [O(n)]
  21: f52->f46, D: D [O(n)]
  21: f52->f46, E: 2 [O(1)]
  21: f52->f46, F: 1+max{0, I+C+max{2, 2*D}}+max{2, -1+3*D} [O(n)]
  21: f52->f46, G: max{10, 10*D}+max{8, 8*D} [O(n)]
  21: f52->f46, H: 1 [O(1)]
  21: f52->f46, I: 1 [O(1)]
  21: f52->f46, J: 1 [O(1)]
  21: f52->f46, K: max{1, L} [O(n)]
  21: f52->f46, L: max{1, L} [O(n)]
  21: f52->f46, M: 1 [O(1)]
  21: f52->f46, N: max{1, L} [O(n)]
  21: f52->f46, O: max{1, L} [O(n)]
  21: f52->f46, P: 3 [O(1)]
  21: f52->f46, Q: max{1, Q} [O(n)]
  26: f59->f63, A: 1 [O(1)]
  26: f59->f63, B: 1 [O(1)]
  26: f59->f63, C: 0 [O(1)]
  26: f59->f63, D: D [O(n)]
  26: f59->f63, E: 1 [O(1)]
  26: f59->f63, F: 1+max{0, I+C+max{2, 2*D}}+max{2, -1+3*D} [O(n)]
  26: f59->f63, G: max{10, 10*D}+max{8, 8*D} [O(n)]
  26: f59->f63, H: 1 [O(1)]
  26: f59->f63, I: 1 [O(1)]
  26: f59->f63, J: 1 [O(1)]
  26: f59->f63, K: max{1, L} [O(n)]
  26: f59->f63, L: max{1, L} [O(n)]
  26: f59->f63, M: 1 [O(1)]
  26: f59->f63, N: max{1, L} [O(n)]
  26: f59->f63, O: max{1, 1, max{L, O}} [O(n)]
  26: f59->f63, P: max{3, P} [O(n)]
  26: f59->f63, Q: 1 [O(1)]
  27: f59->f63, A: 1 [O(1)]
  27: f59->f63, B: 1 [O(1)]
  27: f59->f63, C: 0 [O(1)]
  27: f59->f63, D: D [O(n)]
  27: f59->f63, E: 2 [O(1)]
  27: f59->f63, F: 1+max{0, I+C+max{2, 2*D}}+max{2, -1+3*D} [O(n)]
  27: f59->f63, G: max{10, 10*D}+max{8, 8*D} [O(n)]
  27: f59->f63, H: 1 [O(1)]
  27: f59->f63, I: 1 [O(1)]
  27: f59->f63, J: 1 [O(1)]
  27: f59->f63, K: max{1, L} [O(n)]
  27: f59->f63, L: max{1, L} [O(n)]
  27: f59->f63, M: 1 [O(1)]
  27: f59->f63, N: max{1, L} [O(n)]
  27: f59->f63, O: max{1, 1, max{L, O}} [O(n)]
  27: f59->f63, P: max{3, P} [O(n)]
  27: f59->f63, Q: 1 [O(1)]
  28: f59->f63, A: 1 [O(1)]
  28: f59->f63, B: 1 [O(1)]
  28: f59->f63, C: 0 [O(1)]
  28: f59->f63, D: D [O(n)]
  28: f59->f63, E: 0 [O(1)]
  28: f59->f63, F: 1+max{0, I+C+max{2, 2*D}}+max{2, -1+3*D} [O(n)]
  28: f59->f63, G: max{10, 10*D}+max{8, 8*D} [O(n)]
  28: f59->f63, H: 1 [O(1)]
  28: f59->f63, I: 1 [O(1)]
  28: f59->f63, J: 1 [O(1)]
  28: f59->f63, K: max{1, L} [O(n)]
  28: f59->f63, L: max{1, L} [O(n)]
  28: f59->f63, M: 1 [O(1)]
  28: f59->f63, N: max{1, L} [O(n)]
  28: f59->f63, O: max{1, 1, max{L, O}} [O(n)]
  28: f59->f63, P: max{3, P} [O(n)]
  28: f59->f63, Q: 1 [O(1)]
  29: f59->f63, A: 1 [O(1)]
  29: f59->f63, B: 1 [O(1)]
  29: f59->f63, C: max{0, C} [O(n)]
  29: f59->f63, D: D [O(n)]
  29: f59->f63, E: 2 [O(1)]
  29: f59->f63, F: 1+max{0, I+C+max{2, 2*D}}+max{2, -1+3*D} [O(n)]
  29: f59->f63, G: max{10, 10*D}+max{8, 8*D} [O(n)]
  29: f59->f63, H: 1 [O(1)]
  29: f59->f63, I: 1 [O(1)]
  29: f59->f63, J: 1 [O(1)]
  29: f59->f63, K: max{1, L} [O(n)]
  29: f59->f63, L: max{1, L} [O(n)]
  29: f59->f63, M: 1 [O(1)]
  29: f59->f63, N: max{1, L} [O(n)]
  29: f59->f63, O: max{1, 1, max{L, O}} [O(n)]
  29: f59->f63, P: max{3, P} [O(n)]
  29: f59->f63, Q: 1 [O(1)]
  30: f63->f23, A: 1 [O(1)]
  30: f63->f23, B: 1 [O(1)]
  30: f63->f23, C: max{0, C} [O(n)]
  30: f63->f23, D: D [O(n)]
  30: f63->f23, E: 2 [O(1)]
  30: f63->f23, F: 1+max{0, I+C+max{2, 2*D}}+max{2, -1+3*D} [O(n)]
  30: f63->f23, G: max{10, 10*D}+max{8, 8*D} [O(n)]
  30: f63->f23, H: 1 [O(1)]
  30: f63->f23, I: 1 [O(1)]
  30: f63->f23, J: 1 [O(1)]
  30: f63->f23, K: max{1, L} [O(n)]
  30: f63->f23, L: max{1, L} [O(n)]
  30: f63->f23, M: 1 [O(1)]
  30: f63->f23, N: max{1, L} [O(n)]
  30: f63->f23, O: max{1, 1, max{L, O}} [O(n)]
  30: f63->f23, P: max{3, P} [O(n)]
  30: f63->f23, Q: 0 [O(1)]
  33: f63->f10, A: 1 [O(1)]
  33: f63->f10, B: 1 [O(1)]
  33: f63->f10, C: max{0, C} [O(n)]
  33: f63->f10, D: D [O(n)]
  33: f63->f10, E: 2 [O(1)]
  33: f63->f10, F: 1+max{0, I+C+max{2, 2*D}}+max{2, -1+3*D} [O(n)]
  33: f63->f10, G: max{10, 10*D}+max{8, 8*D} [O(n)]
  33: f63->f10, H: 1 [O(1)]
  33: f63->f10, I: 1 [O(1)]
  33: f63->f10, J: 1 [O(1)]
  33: f63->f10, K: max{1, L} [O(n)]
  33: f63->f10, L: 0 [O(1)]
  33: f63->f10, M: 1 [O(1)]
  33: f63->f10, N: max{1, L} [O(n)]
  33: f63->f10, O: max{1, 1, max{L, O}} [O(n)]
  33: f63->f10, P: max{3, P} [O(n)]
  33: f63->f10, Q: 1 [O(1)]
  34: f63->f10, A: 1 [O(1)]
  34: f63->f10, B: 1 [O(1)]
  34: f63->f10, C: max{0, C} [O(n)]
  34: f63->f10, D: D [O(n)]
  34: f63->f10, E: 2 [O(1)]
  34: f63->f10, F: 1+max{0, I+C+max{2, 2*D}}+max{2, -1+3*D} [O(n)]
  34: f63->f10, G: max{10, 10*D}+max{8, 8*D} [O(n)]
  34: f63->f10, H: 1 [O(1)]
  34: f63->f10, I: 1 [O(1)]
  34: f63->f10, J: 1 [O(1)]
  34: f63->f10, K: 0 [O(1)]
  34: f63->f10, L: 1 [O(1)]
  34: f63->f10, M: 1 [O(1)]
  34: f63->f10, N: 0 [O(1)]
  34: f63->f10, O: max{1, 1, max{L, O}} [O(n)]
  34: f63->f10, P: max{3, P} [O(n)]
  34: f63->f10, Q: 1 [O(1)]
