Timebounds: 
  Overall timebound: inf [Infinity]
  1: f5->f0: 1 [O(1)]
  2: f5->f5: inf [Infinity]
  3: f5->f12: 1 [O(1)]
  5: f6->f9: 1 [O(1)]
  0: f9->f9: 560 [O(1)]
  4: f9->f5: 1 [O(1)]

Costbounds:
  Overall costbound: inf [Infinity]
  1: f5->f0: 1 [O(1)]
  2: f5->f5: inf [Infinity]
  3: f5->f12: 1 [O(1)]
  5: f6->f9: 1 [O(1)]
  0: f9->f9: 560 [O(1)]
  4: f9->f5: 1 [O(1)]

Sizebounds:
`Lower:
  1: f5->f0, A: 17 [O(1)]
  1: f5->f0, A1: -inf [Infinity]
  1: f5->f0, B: 17 [O(1)]
  1: f5->f0, C: 16 [O(1)]
  1: f5->f0, D: -inf [Infinity]
  1: f5->f0, E: 1 [O(1)]
  1: f5->f0, F: 0 [O(1)]
  1: f5->f0, G: -inf [Infinity]
  1: f5->f0, H: -inf [Infinity]
  1: f5->f0, I: -inf [Infinity]
  1: f5->f0, J: -inf [Infinity]
  1: f5->f0, K: -inf [Infinity]
  1: f5->f0, L: -inf [Infinity]
  1: f5->f0, M: -inf [Infinity]
  1: f5->f0, N: -inf [Infinity]
  1: f5->f0, O: -inf [Infinity]
  1: f5->f0, P: -max{-1, -P} [O(n)]
  1: f5->f0, Q: -inf [Infinity]
  1: f5->f0, R: 14 [O(1)]
  1: f5->f0, S: -inf [Infinity]
  1: f5->f0, T: -inf [Infinity]
  1: f5->f0, U: -inf [Infinity]
  1: f5->f0, V: -inf [Infinity]
  1: f5->f0, W: -inf [Infinity]
  1: f5->f0, X: -inf [Infinity]
  1: f5->f0, Y: -inf [Infinity]
  1: f5->f0, Z: -inf [Infinity]
  2: f5->f5, A: 17 [O(1)]
  2: f5->f5, A1: -inf [Infinity]
  2: f5->f5, B: 17 [O(1)]
  2: f5->f5, C: 16 [O(1)]
  2: f5->f5, D: -inf [Infinity]
  2: f5->f5, E: 1 [O(1)]
  2: f5->f5, F: -inf [Infinity]
  2: f5->f5, G: -inf [Infinity]
  2: f5->f5, H: 0 [O(1)]
  2: f5->f5, I: -inf [Infinity]
  2: f5->f5, J: -inf [Infinity]
  2: f5->f5, K: K [O(n)]
  2: f5->f5, L: -inf [Infinity]
  2: f5->f5, M: -inf [Infinity]
  2: f5->f5, N: -inf [Infinity]
  2: f5->f5, O: -inf [Infinity]
  2: f5->f5, P: 1 [O(1)]
  2: f5->f5, Q: -inf [Infinity]
  2: f5->f5, R: 14 [O(1)]
  2: f5->f5, S: -inf [Infinity]
  2: f5->f5, T: -inf [Infinity]
  2: f5->f5, U: -inf [Infinity]
  2: f5->f5, V: -inf [Infinity]
  2: f5->f5, W: -inf [Infinity]
  2: f5->f5, X: -inf [Infinity]
  2: f5->f5, Y: -inf [Infinity]
  2: f5->f5, Z: -inf [Infinity]
  3: f5->f12, A: 17 [O(1)]
  3: f5->f12, A1: -inf [Infinity]
  3: f5->f12, B: 17 [O(1)]
  3: f5->f12, C: 16 [O(1)]
  3: f5->f12, D: -inf [Infinity]
  3: f5->f12, E: 1 [O(1)]
  3: f5->f12, F: 0 [O(1)]
  3: f5->f12, G: -inf [Infinity]
  3: f5->f12, H: 0 [O(1)]
  3: f5->f12, I: -inf [Infinity]
  3: f5->f12, J: -inf [Infinity]
  3: f5->f12, K: K [O(n)]
  3: f5->f12, L: -inf [Infinity]
  3: f5->f12, M: -inf [Infinity]
  3: f5->f12, N: 0 [O(1)]
  3: f5->f12, O: -inf [Infinity]
  3: f5->f12, P: 1 [O(1)]
  3: f5->f12, Q: -inf [Infinity]
  3: f5->f12, R: 14 [O(1)]
  3: f5->f12, S: -inf [Infinity]
  3: f5->f12, T: -inf [Infinity]
  3: f5->f12, U: -inf [Infinity]
  3: f5->f12, V: -inf [Infinity]
  3: f5->f12, W: -inf [Infinity]
  3: f5->f12, X: -inf [Infinity]
  3: f5->f12, Y: -inf [Infinity]
  3: f5->f12, Z: -inf [Infinity]
  5: f6->f9, A: 17 [O(1)]
  5: f6->f9, A1: -inf [Infinity]
  5: f6->f9, B: 1 [O(1)]
  5: f6->f9, C: 0 [O(1)]
  5: f6->f9, D: S [O(n)]
  5: f6->f9, E: E [O(n)]
  5: f6->f9, F: F [O(n)]
  5: f6->f9, G: G [O(n)]
  5: f6->f9, H: H [O(n)]
  5: f6->f9, I: I [O(n)]
  5: f6->f9, J: J [O(n)]
  5: f6->f9, K: K [O(n)]
  5: f6->f9, L: V [O(n)]
  5: f6->f9, M: M [O(n)]
  5: f6->f9, N: N [O(n)]
  5: f6->f9, O: O [O(n)]
  5: f6->f9, P: P [O(n)]
  5: f6->f9, Q: Q [O(n)]
  5: f6->f9, R: R [O(n)]
  5: f6->f9, S: -inf [Infinity]
  5: f6->f9, T: -inf [Infinity]
  5: f6->f9, U: -inf [Infinity]
  5: f6->f9, V: -inf [Infinity]
  5: f6->f9, W: -inf [Infinity]
  5: f6->f9, X: -inf [Infinity]
  5: f6->f9, Y: -inf [Infinity]
  5: f6->f9, Z: -inf [Infinity]
  0: f9->f9, A: 17 [O(1)]
  0: f9->f9, A1: -inf [Infinity]
  0: f9->f9, B: 2 [O(1)]
  0: f9->f9, C: 1 [O(1)]
  0: f9->f9, D: -inf [Infinity]
  0: f9->f9, E: E [O(n)]
  0: f9->f9, F: F [O(n)]
  0: f9->f9, G: G [O(n)]
  0: f9->f9, H: H [O(n)]
  0: f9->f9, I: I [O(n)]
  0: f9->f9, J: J [O(n)]
  0: f9->f9, K: K [O(n)]
  0: f9->f9, L: V [O(n)]
  0: f9->f9, M: M [O(n)]
  0: f9->f9, N: N [O(n)]
  0: f9->f9, O: O [O(n)]
  0: f9->f9, P: P [O(n)]
  0: f9->f9, Q: Q [O(n)]
  0: f9->f9, R: R [O(n)]
  0: f9->f9, S: -inf [Infinity]
  0: f9->f9, T: -inf [Infinity]
  0: f9->f9, U: -inf [Infinity]
  0: f9->f9, V: -inf [Infinity]
  0: f9->f9, W: -inf [Infinity]
  0: f9->f9, X: -inf [Infinity]
  0: f9->f9, Y: -inf [Infinity]
  0: f9->f9, Z: -inf [Infinity]
  4: f9->f5, A: 17 [O(1)]
  4: f9->f5, A1: -inf [Infinity]
  4: f9->f5, B: 17 [O(1)]
  4: f9->f5, C: 16 [O(1)]
  4: f9->f5, D: -inf [Infinity]
  4: f9->f5, E: 1 [O(1)]
  4: f9->f5, F: -inf [Infinity]
  4: f9->f5, G: -inf [Infinity]
  4: f9->f5, H: 0 [O(1)]
  4: f9->f5, I: -inf [Infinity]
  4: f9->f5, J: -inf [Infinity]
  4: f9->f5, K: K [O(n)]
  4: f9->f5, L: -inf [Infinity]
  4: f9->f5, M: -inf [Infinity]
  4: f9->f5, N: -inf [Infinity]
  4: f9->f5, O: -inf [Infinity]
  4: f9->f5, P: P [O(n)]
  4: f9->f5, Q: -inf [Infinity]
  4: f9->f5, R: 14 [O(1)]
  4: f9->f5, S: -inf [Infinity]
  4: f9->f5, T: -inf [Infinity]
  4: f9->f5, U: -inf [Infinity]
  4: f9->f5, V: -inf [Infinity]
  4: f9->f5, W: -inf [Infinity]
  4: f9->f5, X: -inf [Infinity]
  4: f9->f5, Y: -inf [Infinity]
  4: f9->f5, Z: -inf [Infinity]
`Upper:
  1: f5->f0, A: 17 [O(1)]
  1: f5->f0, A1: inf [Infinity]
  1: f5->f0, B: 17 [O(1)]
  1: f5->f0, C: 16 [O(1)]
  1: f5->f0, D: inf [Infinity]
  1: f5->f0, E: inf [Infinity]
  1: f5->f0, F: inf [Infinity]
  1: f5->f0, G: inf [Infinity]
  1: f5->f0, H: inf [Infinity]
  1: f5->f0, I: inf [Infinity]
  1: f5->f0, J: inf [Infinity]
  1: f5->f0, K: inf [Infinity]
  1: f5->f0, L: inf [Infinity]
  1: f5->f0, M: inf [Infinity]
  1: f5->f0, N: inf [Infinity]
  1: f5->f0, O: inf [Infinity]
  1: f5->f0, P: inf [Infinity]
  1: f5->f0, Q: inf [Infinity]
  1: f5->f0, R: 14 [O(1)]
  1: f5->f0, S: inf [Infinity]
  1: f5->f0, T: inf [Infinity]
  1: f5->f0, U: inf [Infinity]
  1: f5->f0, V: inf [Infinity]
  1: f5->f0, W: inf [Infinity]
  1: f5->f0, X: inf [Infinity]
  1: f5->f0, Y: inf [Infinity]
  1: f5->f0, Z: inf [Infinity]
  2: f5->f5, A: 17 [O(1)]
  2: f5->f5, A1: inf [Infinity]
  2: f5->f5, B: 17 [O(1)]
  2: f5->f5, C: 16 [O(1)]
  2: f5->f5, D: inf [Infinity]
  2: f5->f5, E: inf [Infinity]
  2: f5->f5, F: inf [Infinity]
  2: f5->f5, G: inf [Infinity]
  2: f5->f5, H: 0 [O(1)]
  2: f5->f5, I: inf [Infinity]
  2: f5->f5, J: inf [Infinity]
  2: f5->f5, K: K [O(n)]
  2: f5->f5, L: inf [Infinity]
  2: f5->f5, M: inf [Infinity]
  2: f5->f5, N: inf [Infinity]
  2: f5->f5, O: inf [Infinity]
  2: f5->f5, P: inf [Infinity]
  2: f5->f5, Q: inf [Infinity]
  2: f5->f5, R: 14 [O(1)]
  2: f5->f5, S: inf [Infinity]
  2: f5->f5, T: inf [Infinity]
  2: f5->f5, U: inf [Infinity]
  2: f5->f5, V: inf [Infinity]
  2: f5->f5, W: inf [Infinity]
  2: f5->f5, X: inf [Infinity]
  2: f5->f5, Y: inf [Infinity]
  2: f5->f5, Z: inf [Infinity]
  3: f5->f12, A: 17 [O(1)]
  3: f5->f12, A1: inf [Infinity]
  3: f5->f12, B: 17 [O(1)]
  3: f5->f12, C: 16 [O(1)]
  3: f5->f12, D: inf [Infinity]
  3: f5->f12, E: inf [Infinity]
  3: f5->f12, F: inf [Infinity]
  3: f5->f12, G: inf [Infinity]
  3: f5->f12, H: 0 [O(1)]
  3: f5->f12, I: inf [Infinity]
  3: f5->f12, J: inf [Infinity]
  3: f5->f12, K: K [O(n)]
  3: f5->f12, L: inf [Infinity]
  3: f5->f12, M: inf [Infinity]
  3: f5->f12, N: 0 [O(1)]
  3: f5->f12, O: inf [Infinity]
  3: f5->f12, P: inf [Infinity]
  3: f5->f12, Q: inf [Infinity]
  3: f5->f12, R: 14 [O(1)]
  3: f5->f12, S: inf [Infinity]
  3: f5->f12, T: inf [Infinity]
  3: f5->f12, U: inf [Infinity]
  3: f5->f12, V: inf [Infinity]
  3: f5->f12, W: inf [Infinity]
  3: f5->f12, X: inf [Infinity]
  3: f5->f12, Y: inf [Infinity]
  3: f5->f12, Z: inf [Infinity]
  5: f6->f9, A: 17 [O(1)]
  5: f6->f9, A1: inf [Infinity]
  5: f6->f9, B: 1 [O(1)]
  5: f6->f9, C: 0 [O(1)]
  5: f6->f9, D: S [O(n)]
  5: f6->f9, E: E [O(n)]
  5: f6->f9, F: F [O(n)]
  5: f6->f9, G: G [O(n)]
  5: f6->f9, H: H [O(n)]
  5: f6->f9, I: I [O(n)]
  5: f6->f9, J: J [O(n)]
  5: f6->f9, K: K [O(n)]
  5: f6->f9, L: V [O(n)]
  5: f6->f9, M: M [O(n)]
  5: f6->f9, N: N [O(n)]
  5: f6->f9, O: O [O(n)]
  5: f6->f9, P: P [O(n)]
  5: f6->f9, Q: Q [O(n)]
  5: f6->f9, R: R [O(n)]
  5: f6->f9, S: inf [Infinity]
  5: f6->f9, T: inf [Infinity]
  5: f6->f9, U: inf [Infinity]
  5: f6->f9, V: inf [Infinity]
  5: f6->f9, W: inf [Infinity]
  5: f6->f9, X: inf [Infinity]
  5: f6->f9, Y: inf [Infinity]
  5: f6->f9, Z: inf [Infinity]
  0: f9->f9, A: 17 [O(1)]
  0: f9->f9, A1: inf [Infinity]
  0: f9->f9, B: 17 [O(1)]
  0: f9->f9, C: 16 [O(1)]
  0: f9->f9, D: inf [Infinity]
  0: f9->f9, E: E [O(n)]
  0: f9->f9, F: F [O(n)]
  0: f9->f9, G: G [O(n)]
  0: f9->f9, H: H [O(n)]
  0: f9->f9, I: I [O(n)]
  0: f9->f9, J: J [O(n)]
  0: f9->f9, K: K [O(n)]
  0: f9->f9, L: V [O(n)]
  0: f9->f9, M: M [O(n)]
  0: f9->f9, N: N [O(n)]
  0: f9->f9, O: O [O(n)]
  0: f9->f9, P: P [O(n)]
  0: f9->f9, Q: Q [O(n)]
  0: f9->f9, R: R [O(n)]
  0: f9->f9, S: inf [Infinity]
  0: f9->f9, T: inf [Infinity]
  0: f9->f9, U: inf [Infinity]
  0: f9->f9, V: inf [Infinity]
  0: f9->f9, W: inf [Infinity]
  0: f9->f9, X: inf [Infinity]
  0: f9->f9, Y: inf [Infinity]
  0: f9->f9, Z: inf [Infinity]
  4: f9->f5, A: 17 [O(1)]
  4: f9->f5, A1: inf [Infinity]
  4: f9->f5, B: 17 [O(1)]
  4: f9->f5, C: 16 [O(1)]
  4: f9->f5, D: inf [Infinity]
  4: f9->f5, E: 1 [O(1)]
  4: f9->f5, F: inf [Infinity]
  4: f9->f5, G: inf [Infinity]
  4: f9->f5, H: 0 [O(1)]
  4: f9->f5, I: inf [Infinity]
  4: f9->f5, J: inf [Infinity]
  4: f9->f5, K: K [O(n)]
  4: f9->f5, L: inf [Infinity]
  4: f9->f5, M: inf [Infinity]
  4: f9->f5, N: inf [Infinity]
  4: f9->f5, O: inf [Infinity]
  4: f9->f5, P: P [O(n)]
  4: f9->f5, Q: inf [Infinity]
  4: f9->f5, R: 14 [O(1)]
  4: f9->f5, S: inf [Infinity]
  4: f9->f5, T: inf [Infinity]
  4: f9->f5, U: inf [Infinity]
  4: f9->f5, V: inf [Infinity]
  4: f9->f5, W: inf [Infinity]
  4: f9->f5, X: inf [Infinity]
  4: f9->f5, Y: inf [Infinity]
  4: f9->f5, Z: inf [Infinity]
