Timebounds: 
  Overall timebound: inf [Infinity]
  0: f0->f15: 1 [O(1)]
  1: f15->f18: 9 [O(1)]
  4: f15->f28: 1 [O(1)]
  2: f18->f18: inf [Infinity]
  3: f18->f15: 90 [O(1)]

Costbounds:
  Overall costbound: inf [Infinity]
  0: f0->f15: 1 [O(1)]
  1: f15->f18: 9 [O(1)]
  4: f15->f28: 1 [O(1)]
  2: f18->f18: inf [Infinity]
  3: f18->f15: 90 [O(1)]

Sizebounds:
`Lower:
  0: f0->f15, A: 2 [O(1)]
  0: f0->f15, B: B [O(n)]
  0: f0->f15, C: C [O(n)]
  0: f0->f15, D: -inf [Infinity]
  0: f0->f15, E: -inf [Infinity]
  0: f0->f15, F: -inf [Infinity]
  1: f15->f18, A: 2 [O(1)]
  1: f15->f18, B: 2 [O(1)]
  1: f15->f18, C: -inf [Infinity]
  1: f15->f18, D: -inf [Infinity]
  1: f15->f18, E: -inf [Infinity]
  1: f15->f18, F: -inf [Infinity]
  4: f15->f28, A: 11 [O(1)]
  4: f15->f28, B: -inf [Infinity]
  4: f15->f28, C: -inf [Infinity]
  4: f15->f28, D: -inf [Infinity]
  4: f15->f28, E: -inf [Infinity]
  4: f15->f28, F: -inf [Infinity]
  2: f18->f18, A: 2 [O(1)]
  2: f18->f18, B: -inf [Infinity]
  2: f18->f18, C: -inf [Infinity]
  2: f18->f18, D: -inf [Infinity]
  2: f18->f18, E: -inf [Infinity]
  2: f18->f18, F: -inf [Infinity]
  3: f18->f15, A: 3 [O(1)]
  3: f18->f15, B: -inf [Infinity]
  3: f18->f15, C: -inf [Infinity]
  3: f18->f15, D: -inf [Infinity]
  3: f18->f15, E: -inf [Infinity]
  3: f18->f15, F: -inf [Infinity]
`Upper:
  0: f0->f15, A: 2 [O(1)]
  0: f0->f15, B: B [O(n)]
  0: f0->f15, C: C [O(n)]
  0: f0->f15, D: inf [Infinity]
  0: f0->f15, E: inf [Infinity]
  0: f0->f15, F: inf [Infinity]
  1: f15->f18, A: 10 [O(1)]
  1: f15->f18, B: 10 [O(1)]
  1: f15->f18, C: inf [Infinity]
  1: f15->f18, D: inf [Infinity]
  1: f15->f18, E: inf [Infinity]
  1: f15->f18, F: inf [Infinity]
  4: f15->f28, A: 11 [O(1)]
  4: f15->f28, B: max{10, B} [O(n)]
  4: f15->f28, C: inf [Infinity]
  4: f15->f28, D: inf [Infinity]
  4: f15->f28, E: inf [Infinity]
  4: f15->f28, F: inf [Infinity]
  2: f18->f18, A: 10 [O(1)]
  2: f18->f18, B: 9 [O(1)]
  2: f18->f18, C: inf [Infinity]
  2: f18->f18, D: inf [Infinity]
  2: f18->f18, E: inf [Infinity]
  2: f18->f18, F: inf [Infinity]
  3: f18->f15, A: 11 [O(1)]
  3: f18->f15, B: 10 [O(1)]
  3: f18->f15, C: inf [Infinity]
  3: f18->f15, D: inf [Infinity]
  3: f18->f15, E: inf [Infinity]
  3: f18->f15, F: inf [Infinity]
