Timebounds: 
  Overall timebound: max{0, 1+A-B}+max{6, 7+A-B}+max{0, 1+A-C} [O(n)]
  39: f17->f27: 1 [O(1)]
  0: f2->f5: 1 [O(1)]
  4: f27->f31: 1 [O(1)]
  38: f27->f1: 1 [O(1)]
  37: f31->f1: 1 [O(1)]
  1: f5->f8: max{0, 1+A-B} [O(n)]
  41: f5->f17: 1 [O(1)]
  2: f8->f8: max{0, 1+A-C} [O(n)]
  40: f8->f5: max{0, 1+A-B} [O(n)]

Costbounds:
  Overall costbound: max{0, 1+A-B}+max{6, 7+A-B}+max{0, 1+A-C} [O(n)]
  39: f17->f27: 1 [O(1)]
  0: f2->f5: 1 [O(1)]
  4: f27->f31: 1 [O(1)]
  38: f27->f1: 1 [O(1)]
  37: f31->f1: 1 [O(1)]
  1: f5->f8: max{0, 1+A-B} [O(n)]
  41: f5->f17: 1 [O(1)]
  2: f8->f8: max{0, 1+A-C} [O(n)]
  40: f8->f5: max{0, 1+A-B} [O(n)]

Sizebounds:
`Lower:
  39: f17->f27, A: -max{0, -A} [O(n)]
  39: f17->f27, A1: -max{0, -A1} [O(n)]
  39: f17->f27, B: 1-max{0, -A} [O(n)]
  39: f17->f27, D: -max{0, -D} [O(n)]
  39: f17->f27, E: -max{0, -E} [O(n)]
  39: f17->f27, F: -max{0, -F} [O(n)]
  39: f17->f27, G: -max{0, -G} [O(n)]
  39: f17->f27, H: -max{0, -H} [O(n)]
  39: f17->f27, I: -max{0, -I} [O(n)]
  39: f17->f27, J: -max{0, -J} [O(n)]
  39: f17->f27, K: -max{0, -K} [O(n)]
  39: f17->f27, L: -max{0, -L} [O(n)]
  39: f17->f27, M: -max{0, -M} [O(n)]
  39: f17->f27, N: -max{0, -N} [O(n)]
  39: f17->f27, O: -max{0, -O} [O(n)]
  39: f17->f27, P: -max{0, -P} [O(n)]
  39: f17->f27, Q: -max{0, -Q} [O(n)]
  39: f17->f27, R: -max{0, -R} [O(n)]
  39: f17->f27, S: -max{0, -S} [O(n)]
  39: f17->f27, T: -max{0, -T} [O(n)]
  39: f17->f27, U: -max{0, -U} [O(n)]
  39: f17->f27, V: -max{0, -V} [O(n)]
  39: f17->f27, W: -max{0, -W} [O(n)]
  39: f17->f27, X: -max{0, -X} [O(n)]
  39: f17->f27, Y: -max{0, -Y} [O(n)]
  39: f17->f27, Z: -max{0, -Z} [O(n)]
  0: f2->f5, A: A [O(n)]
  0: f2->f5, A1: A1 [O(n)]
  0: f2->f5, B: B [O(n)]
  0: f2->f5, C: C [O(n)]
  0: f2->f5, D: D [O(n)]
  0: f2->f5, E: E [O(n)]
  0: f2->f5, F: F [O(n)]
  0: f2->f5, G: G [O(n)]
  0: f2->f5, H: H [O(n)]
  0: f2->f5, I: I [O(n)]
  0: f2->f5, J: J [O(n)]
  0: f2->f5, K: K [O(n)]
  0: f2->f5, L: L [O(n)]
  0: f2->f5, M: M [O(n)]
  0: f2->f5, N: N [O(n)]
  0: f2->f5, O: O [O(n)]
  0: f2->f5, P: P [O(n)]
  0: f2->f5, Q: Q [O(n)]
  0: f2->f5, R: R [O(n)]
  0: f2->f5, S: S [O(n)]
  0: f2->f5, T: T [O(n)]
  0: f2->f5, U: U [O(n)]
  0: f2->f5, V: V [O(n)]
  0: f2->f5, W: W [O(n)]
  0: f2->f5, X: X [O(n)]
  0: f2->f5, Y: Y [O(n)]
  0: f2->f5, Z: Z [O(n)]
  4: f27->f31, A: -max{0, -A} [O(n)]
  4: f27->f31, A1: -max{0, -A1} [O(n)]
  4: f27->f31, B: 1-max{0, -A} [O(n)]
  4: f27->f31, D: -max{0, -D} [O(n)]
  4: f27->f31, E: -max{0, -E} [O(n)]
  4: f27->f31, F: 0 [O(1)]
  4: f27->f31, G: -max{0, -G} [O(n)]
  4: f27->f31, H: -max{0, -H} [O(n)]
  4: f27->f31, I: -max{0, -I} [O(n)]
  4: f27->f31, J: -max{0, -J} [O(n)]
  4: f27->f31, K: -max{0, -K} [O(n)]
  4: f27->f31, L: -max{0, -L} [O(n)]
  4: f27->f31, M: -max{0, -M} [O(n)]
  4: f27->f31, N: -max{0, -N} [O(n)]
  4: f27->f31, O: -max{0, -O} [O(n)]
  4: f27->f31, P: -max{0, -P} [O(n)]
  4: f27->f31, Q: -max{0, -Q} [O(n)]
  4: f27->f31, R: -max{0, -R} [O(n)]
  4: f27->f31, S: -max{0, -S} [O(n)]
  4: f27->f31, T: -max{0, -T} [O(n)]
  4: f27->f31, U: -max{0, -U} [O(n)]
  4: f27->f31, V: -max{0, -V} [O(n)]
  4: f27->f31, W: -max{0, -W} [O(n)]
  4: f27->f31, X: -max{0, -X} [O(n)]
  4: f27->f31, Y: -max{0, -Y} [O(n)]
  4: f27->f31, Z: -max{0, -Z} [O(n)]
  38: f27->f1, A: -max{0, -A} [O(n)]
  38: f27->f1, A1: -max{0, -A1} [O(n)]
  38: f27->f1, B: 1-max{0, -A} [O(n)]
  38: f27->f1, D: -max{0, -D} [O(n)]
  38: f27->f1, E: 51 [O(1)]
  38: f27->f1, F: -max{0, -F} [O(n)]
  38: f27->f1, G: -max{0, -G} [O(n)]
  38: f27->f1, H: -max{0, -H} [O(n)]
  38: f27->f1, I: -max{0, -I} [O(n)]
  38: f27->f1, J: -max{0, -J} [O(n)]
  38: f27->f1, K: -max{0, -K} [O(n)]
  38: f27->f1, L: -max{0, -L} [O(n)]
  38: f27->f1, M: -max{0, -M} [O(n)]
  38: f27->f1, N: -max{0, -N} [O(n)]
  38: f27->f1, O: -max{0, -O} [O(n)]
  38: f27->f1, P: -max{0, -P} [O(n)]
  38: f27->f1, Q: -max{0, -Q} [O(n)]
  38: f27->f1, R: -max{0, -R} [O(n)]
  38: f27->f1, S: -max{0, -S} [O(n)]
  38: f27->f1, T: -max{0, -T} [O(n)]
  38: f27->f1, U: -max{0, -U} [O(n)]
  38: f27->f1, V: -max{0, -V} [O(n)]
  38: f27->f1, W: -max{0, -W} [O(n)]
  38: f27->f1, X: -max{0, -X} [O(n)]
  38: f27->f1, Y: -max{0, -Y} [O(n)]
  38: f27->f1, Z: -max{0, -Z} [O(n)]
  37: f31->f1, A: -max{0, -A} [O(n)]
  37: f31->f1, A1: -max{0, -A1} [O(n)]
  37: f31->f1, B: 1-max{0, -A} [O(n)]
  37: f31->f1, D: -max{0, -D} [O(n)]
  37: f31->f1, F: 0 [O(1)]
  37: f31->f1, G: -max{0, -G} [O(n)]
  37: f31->f1, H: -max{0, -H} [O(n)]
  37: f31->f1, I: -max{0, -I} [O(n)]
  37: f31->f1, J: -max{0, -J} [O(n)]
  37: f31->f1, K: -max{0, -K} [O(n)]
  37: f31->f1, L: -max{0, -L} [O(n)]
  37: f31->f1, M: -max{0, -M} [O(n)]
  37: f31->f1, N: -max{0, -N} [O(n)]
  37: f31->f1, O: -max{0, -O} [O(n)]
  37: f31->f1, P: -max{0, -P} [O(n)]
  37: f31->f1, Q: -max{0, -Q} [O(n)]
  37: f31->f1, R: -max{0, -R} [O(n)]
  37: f31->f1, S: -max{0, -S} [O(n)]
  37: f31->f1, T: -max{0, -T} [O(n)]
  37: f31->f1, U: -max{0, -U} [O(n)]
  37: f31->f1, V: -max{0, -V} [O(n)]
  37: f31->f1, W: -max{0, -W} [O(n)]
  37: f31->f1, X: -max{0, -X} [O(n)]
  37: f31->f1, Y: -max{0, -Y} [O(n)]
  37: f31->f1, Z: -max{0, -Z} [O(n)]
  1: f5->f8, A: -max{0, -A} [O(n)]
  1: f5->f8, A1: -max{0, -A1} [O(n)]
  1: f5->f8, D: -max{0, -D} [O(n)]
  1: f5->f8, E: -max{0, -E} [O(n)]
  1: f5->f8, F: -max{0, -F} [O(n)]
  1: f5->f8, G: -max{0, -G} [O(n)]
  1: f5->f8, H: -max{0, -H} [O(n)]
  1: f5->f8, I: -max{0, -I} [O(n)]
  1: f5->f8, J: -max{0, -J} [O(n)]
  1: f5->f8, K: -max{0, -K} [O(n)]
  1: f5->f8, L: -max{0, -L} [O(n)]
  1: f5->f8, M: -max{0, -M} [O(n)]
  1: f5->f8, N: -max{0, -N} [O(n)]
  1: f5->f8, O: -max{0, -O} [O(n)]
  1: f5->f8, P: -max{0, -P} [O(n)]
  1: f5->f8, Q: -max{0, -Q} [O(n)]
  1: f5->f8, R: -max{0, -R} [O(n)]
  1: f5->f8, S: -max{0, -S} [O(n)]
  1: f5->f8, T: -max{0, -T} [O(n)]
  1: f5->f8, U: -max{0, -U} [O(n)]
  1: f5->f8, V: -max{0, -V} [O(n)]
  1: f5->f8, W: -max{0, -W} [O(n)]
  1: f5->f8, X: -max{0, -X} [O(n)]
  1: f5->f8, Y: -max{0, -Y} [O(n)]
  1: f5->f8, Z: -max{0, -Z} [O(n)]
  41: f5->f17, A: -max{0, -A} [O(n)]
  41: f5->f17, A1: -max{0, -A1} [O(n)]
  41: f5->f17, B: -max{-1, -1-A} [O(n)]
  41: f5->f17, D: -max{0, -D} [O(n)]
  41: f5->f17, E: -max{0, -E} [O(n)]
  41: f5->f17, F: -max{0, -F} [O(n)]
  41: f5->f17, G: -max{0, -G} [O(n)]
  41: f5->f17, H: -max{0, -H} [O(n)]
  41: f5->f17, I: -max{0, -I} [O(n)]
  41: f5->f17, J: -max{0, -J} [O(n)]
  41: f5->f17, K: -max{0, -K} [O(n)]
  41: f5->f17, L: -max{0, -L} [O(n)]
  41: f5->f17, M: -max{0, -M} [O(n)]
  41: f5->f17, N: -max{0, -N} [O(n)]
  41: f5->f17, O: -max{0, -O} [O(n)]
  41: f5->f17, P: -max{0, -P} [O(n)]
  41: f5->f17, Q: -max{0, -Q} [O(n)]
  41: f5->f17, R: -max{0, -R} [O(n)]
  41: f5->f17, S: -max{0, -S} [O(n)]
  41: f5->f17, T: -max{0, -T} [O(n)]
  41: f5->f17, U: -max{0, -U} [O(n)]
  41: f5->f17, V: -max{0, -V} [O(n)]
  41: f5->f17, W: -max{0, -W} [O(n)]
  41: f5->f17, X: -max{0, -X} [O(n)]
  41: f5->f17, Y: -max{0, -Y} [O(n)]
  41: f5->f17, Z: -max{0, -Z} [O(n)]
  2: f8->f8, A: -max{0, -A} [O(n)]
  2: f8->f8, A1: -max{0, -A1} [O(n)]
  2: f8->f8, D: -max{0, -D} [O(n)]
  2: f8->f8, E: -max{0, -E} [O(n)]
  2: f8->f8, F: -max{0, -F} [O(n)]
  2: f8->f8, G: -max{0, -G} [O(n)]
  2: f8->f8, H: -max{0, -H} [O(n)]
  2: f8->f8, I: -max{0, -I} [O(n)]
  2: f8->f8, J: -max{0, -J} [O(n)]
  2: f8->f8, K: -max{0, -K} [O(n)]
  2: f8->f8, L: -max{0, -L} [O(n)]
  2: f8->f8, M: -max{0, -M} [O(n)]
  2: f8->f8, N: -max{0, -N} [O(n)]
  2: f8->f8, O: -max{0, -O} [O(n)]
  2: f8->f8, P: -max{0, -P} [O(n)]
  2: f8->f8, Q: -max{0, -Q} [O(n)]
  2: f8->f8, R: -max{0, -R} [O(n)]
  2: f8->f8, S: -max{0, -S} [O(n)]
  2: f8->f8, T: -max{0, -T} [O(n)]
  2: f8->f8, U: -max{0, -U} [O(n)]
  2: f8->f8, V: -max{0, -V} [O(n)]
  2: f8->f8, W: -max{0, -W} [O(n)]
  2: f8->f8, X: -max{0, -X} [O(n)]
  2: f8->f8, Y: -max{0, -Y} [O(n)]
  2: f8->f8, Z: -max{0, -Z} [O(n)]
  40: f8->f5, A: -max{0, -A} [O(n)]
  40: f8->f5, A1: -max{0, -A1} [O(n)]
  40: f8->f5, D: -max{0, -D} [O(n)]
  40: f8->f5, E: -max{0, -E} [O(n)]
  40: f8->f5, F: -max{0, -F} [O(n)]
  40: f8->f5, G: -max{0, -G} [O(n)]
  40: f8->f5, H: -max{0, -H} [O(n)]
  40: f8->f5, I: -max{0, -I} [O(n)]
  40: f8->f5, J: -max{0, -J} [O(n)]
  40: f8->f5, K: -max{0, -K} [O(n)]
  40: f8->f5, L: -max{0, -L} [O(n)]
  40: f8->f5, M: -max{0, -M} [O(n)]
  40: f8->f5, N: -max{0, -N} [O(n)]
  40: f8->f5, O: -max{0, -O} [O(n)]
  40: f8->f5, P: -max{0, -P} [O(n)]
  40: f8->f5, Q: -max{0, -Q} [O(n)]
  40: f8->f5, R: -max{0, -R} [O(n)]
  40: f8->f5, S: -max{0, -S} [O(n)]
  40: f8->f5, T: -max{0, -T} [O(n)]
  40: f8->f5, U: -max{0, -U} [O(n)]
  40: f8->f5, V: -max{0, -V} [O(n)]
  40: f8->f5, W: -max{0, -W} [O(n)]
  40: f8->f5, X: -max{0, -X} [O(n)]
  40: f8->f5, Y: -max{0, -Y} [O(n)]
  40: f8->f5, Z: -max{0, -Z} [O(n)]
`Upper:
  39: f17->f27, A: max{0, A} [O(n)]
  39: f17->f27, A1: max{0, A1} [O(n)]
  39: f17->f27, B: max{1, B, 1+A} [O(n)]
  39: f17->f27, C: max{1, C, max{C, 1+A}} [O(n)]
  39: f17->f27, D: max{0, D} [O(n)]
  39: f17->f27, E: max{0, E} [O(n)]
  39: f17->f27, F: max{0, F} [O(n)]
  39: f17->f27, G: max{0, G} [O(n)]
  39: f17->f27, H: max{0, H} [O(n)]
  39: f17->f27, I: max{0, I} [O(n)]
  39: f17->f27, J: max{0, J} [O(n)]
  39: f17->f27, K: max{0, K} [O(n)]
  39: f17->f27, L: max{0, L} [O(n)]
  39: f17->f27, M: max{0, M} [O(n)]
  39: f17->f27, N: max{0, N} [O(n)]
  39: f17->f27, O: max{0, O} [O(n)]
  39: f17->f27, P: max{0, P} [O(n)]
  39: f17->f27, Q: max{0, Q} [O(n)]
  39: f17->f27, R: max{0, R} [O(n)]
  39: f17->f27, S: max{0, S} [O(n)]
  39: f17->f27, T: max{0, T} [O(n)]
  39: f17->f27, U: max{0, U} [O(n)]
  39: f17->f27, V: max{0, V} [O(n)]
  39: f17->f27, W: max{0, W} [O(n)]
  39: f17->f27, X: max{0, X} [O(n)]
  39: f17->f27, Y: max{0, Y} [O(n)]
  39: f17->f27, Z: max{0, Z} [O(n)]
  0: f2->f5, A: A [O(n)]
  0: f2->f5, A1: A1 [O(n)]
  0: f2->f5, B: B [O(n)]
  0: f2->f5, C: C [O(n)]
  0: f2->f5, D: D [O(n)]
  0: f2->f5, E: E [O(n)]
  0: f2->f5, F: F [O(n)]
  0: f2->f5, G: G [O(n)]
  0: f2->f5, H: H [O(n)]
  0: f2->f5, I: I [O(n)]
  0: f2->f5, J: J [O(n)]
  0: f2->f5, K: K [O(n)]
  0: f2->f5, L: L [O(n)]
  0: f2->f5, M: M [O(n)]
  0: f2->f5, N: N [O(n)]
  0: f2->f5, O: O [O(n)]
  0: f2->f5, P: P [O(n)]
  0: f2->f5, Q: Q [O(n)]
  0: f2->f5, R: R [O(n)]
  0: f2->f5, S: S [O(n)]
  0: f2->f5, T: T [O(n)]
  0: f2->f5, U: U [O(n)]
  0: f2->f5, V: V [O(n)]
  0: f2->f5, W: W [O(n)]
  0: f2->f5, X: X [O(n)]
  0: f2->f5, Y: Y [O(n)]
  0: f2->f5, Z: Z [O(n)]
  4: f27->f31, A: max{0, A} [O(n)]
  4: f27->f31, A1: max{0, A1} [O(n)]
  4: f27->f31, B: max{1, B, 1+A} [O(n)]
  4: f27->f31, C: max{1, C, max{C, 1+A}} [O(n)]
  4: f27->f31, D: max{0, D} [O(n)]
  4: f27->f31, E: 50 [O(1)]
  4: f27->f31, F: 0 [O(1)]
  4: f27->f31, G: max{0, G} [O(n)]
  4: f27->f31, H: max{0, H} [O(n)]
  4: f27->f31, I: max{0, I} [O(n)]
  4: f27->f31, J: max{0, J} [O(n)]
  4: f27->f31, K: max{0, K} [O(n)]
  4: f27->f31, L: max{0, L} [O(n)]
  4: f27->f31, M: max{0, M} [O(n)]
  4: f27->f31, N: max{0, N} [O(n)]
  4: f27->f31, O: max{0, O} [O(n)]
  4: f27->f31, P: max{0, P} [O(n)]
  4: f27->f31, Q: max{0, Q} [O(n)]
  4: f27->f31, R: max{0, R} [O(n)]
  4: f27->f31, S: max{0, S} [O(n)]
  4: f27->f31, T: max{0, T} [O(n)]
  4: f27->f31, U: max{0, U} [O(n)]
  4: f27->f31, V: max{0, V} [O(n)]
  4: f27->f31, W: max{0, W} [O(n)]
  4: f27->f31, X: max{0, X} [O(n)]
  4: f27->f31, Y: max{0, Y} [O(n)]
  4: f27->f31, Z: max{0, Z} [O(n)]
  38: f27->f1, A: max{0, A} [O(n)]
  38: f27->f1, A1: max{0, A1} [O(n)]
  38: f27->f1, B: max{1, B, 1+A} [O(n)]
  38: f27->f1, C: max{1, C, max{C, 1+A}} [O(n)]
  38: f27->f1, D: max{0, D} [O(n)]
  38: f27->f1, E: max{0, E} [O(n)]
  38: f27->f1, F: max{0, F} [O(n)]
  38: f27->f1, G: max{0, G} [O(n)]
  38: f27->f1, H: max{0, H} [O(n)]
  38: f27->f1, I: max{0, I} [O(n)]
  38: f27->f1, J: max{0, J} [O(n)]
  38: f27->f1, K: max{0, K} [O(n)]
  38: f27->f1, L: max{0, L} [O(n)]
  38: f27->f1, M: max{0, M} [O(n)]
  38: f27->f1, N: max{0, N} [O(n)]
  38: f27->f1, O: max{0, O} [O(n)]
  38: f27->f1, P: max{0, P} [O(n)]
  38: f27->f1, Q: max{0, Q} [O(n)]
  38: f27->f1, R: max{0, R} [O(n)]
  38: f27->f1, S: max{0, S} [O(n)]
  38: f27->f1, T: max{0, T} [O(n)]
  38: f27->f1, U: max{0, U} [O(n)]
  38: f27->f1, V: max{0, V} [O(n)]
  38: f27->f1, W: max{0, W} [O(n)]
  38: f27->f1, X: max{0, X} [O(n)]
  38: f27->f1, Y: max{0, Y} [O(n)]
  38: f27->f1, Z: max{0, Z} [O(n)]
  37: f31->f1, A: max{0, A} [O(n)]
  37: f31->f1, A1: max{0, A1} [O(n)]
  37: f31->f1, B: max{1, B, 1+A} [O(n)]
  37: f31->f1, C: max{1, C, max{C, 1+A}} [O(n)]
  37: f31->f1, D: max{0, D} [O(n)]
  37: f31->f1, E: 50 [O(1)]
  37: f31->f1, F: 0 [O(1)]
  37: f31->f1, G: max{0, G} [O(n)]
  37: f31->f1, H: max{0, H} [O(n)]
  37: f31->f1, I: max{0, I} [O(n)]
  37: f31->f1, J: max{0, J} [O(n)]
  37: f31->f1, K: max{0, K} [O(n)]
  37: f31->f1, L: max{0, L} [O(n)]
  37: f31->f1, M: max{0, M} [O(n)]
  37: f31->f1, N: max{0, N} [O(n)]
  37: f31->f1, O: max{0, O} [O(n)]
  37: f31->f1, P: max{0, P} [O(n)]
  37: f31->f1, Q: max{0, Q} [O(n)]
  37: f31->f1, R: max{0, R} [O(n)]
  37: f31->f1, S: max{0, S} [O(n)]
  37: f31->f1, T: max{0, T} [O(n)]
  37: f31->f1, U: max{0, U} [O(n)]
  37: f31->f1, V: max{0, V} [O(n)]
  37: f31->f1, W: max{0, W} [O(n)]
  37: f31->f1, X: max{0, X} [O(n)]
  37: f31->f1, Y: max{0, Y} [O(n)]
  37: f31->f1, Z: max{0, Z} [O(n)]
  1: f5->f8, A: max{0, A} [O(n)]
  1: f5->f8, A1: max{0, A1} [O(n)]
  1: f5->f8, B: max{0, A} [O(n)]
  1: f5->f8, C: max{1, C, 1+A} [O(n)]
  1: f5->f8, D: max{0, D} [O(n)]
  1: f5->f8, E: max{0, E} [O(n)]
  1: f5->f8, F: max{0, F} [O(n)]
  1: f5->f8, G: max{0, G} [O(n)]
  1: f5->f8, H: max{0, H} [O(n)]
  1: f5->f8, I: max{0, I} [O(n)]
  1: f5->f8, J: max{0, J} [O(n)]
  1: f5->f8, K: max{0, K} [O(n)]
  1: f5->f8, L: max{0, L} [O(n)]
  1: f5->f8, M: max{0, M} [O(n)]
  1: f5->f8, N: max{0, N} [O(n)]
  1: f5->f8, O: max{0, O} [O(n)]
  1: f5->f8, P: max{0, P} [O(n)]
  1: f5->f8, Q: max{0, Q} [O(n)]
  1: f5->f8, R: max{0, R} [O(n)]
  1: f5->f8, S: max{0, S} [O(n)]
  1: f5->f8, T: max{0, T} [O(n)]
  1: f5->f8, U: max{0, U} [O(n)]
  1: f5->f8, V: max{0, V} [O(n)]
  1: f5->f8, W: max{0, W} [O(n)]
  1: f5->f8, X: max{0, X} [O(n)]
  1: f5->f8, Y: max{0, Y} [O(n)]
  1: f5->f8, Z: max{0, Z} [O(n)]
  41: f5->f17, A: max{0, A} [O(n)]
  41: f5->f17, A1: max{0, A1} [O(n)]
  41: f5->f17, B: max{1, B, 1+A} [O(n)]
  41: f5->f17, C: max{1, C, max{C, 1+A}} [O(n)]
  41: f5->f17, D: max{0, D} [O(n)]
  41: f5->f17, E: max{0, E} [O(n)]
  41: f5->f17, F: max{0, F} [O(n)]
  41: f5->f17, G: max{0, G} [O(n)]
  41: f5->f17, H: max{0, H} [O(n)]
  41: f5->f17, I: max{0, I} [O(n)]
  41: f5->f17, J: max{0, J} [O(n)]
  41: f5->f17, K: max{0, K} [O(n)]
  41: f5->f17, L: max{0, L} [O(n)]
  41: f5->f17, M: max{0, M} [O(n)]
  41: f5->f17, N: max{0, N} [O(n)]
  41: f5->f17, O: max{0, O} [O(n)]
  41: f5->f17, P: max{0, P} [O(n)]
  41: f5->f17, Q: max{0, Q} [O(n)]
  41: f5->f17, R: max{0, R} [O(n)]
  41: f5->f17, S: max{0, S} [O(n)]
  41: f5->f17, T: max{0, T} [O(n)]
  41: f5->f17, U: max{0, U} [O(n)]
  41: f5->f17, V: max{0, V} [O(n)]
  41: f5->f17, W: max{0, W} [O(n)]
  41: f5->f17, X: max{0, X} [O(n)]
  41: f5->f17, Y: max{0, Y} [O(n)]
  41: f5->f17, Z: max{0, Z} [O(n)]
  2: f8->f8, A: max{0, A} [O(n)]
  2: f8->f8, A1: max{0, A1} [O(n)]
  2: f8->f8, B: max{0, A} [O(n)]
  2: f8->f8, C: max{1, 1+A} [O(n)]
  2: f8->f8, D: max{0, D} [O(n)]
  2: f8->f8, E: max{0, E} [O(n)]
  2: f8->f8, F: max{0, F} [O(n)]
  2: f8->f8, G: max{0, G} [O(n)]
  2: f8->f8, H: max{0, H} [O(n)]
  2: f8->f8, I: max{0, I} [O(n)]
  2: f8->f8, J: max{0, J} [O(n)]
  2: f8->f8, K: max{0, K} [O(n)]
  2: f8->f8, L: max{0, L} [O(n)]
  2: f8->f8, M: max{0, M} [O(n)]
  2: f8->f8, N: max{0, N} [O(n)]
  2: f8->f8, O: max{0, O} [O(n)]
  2: f8->f8, P: max{0, P} [O(n)]
  2: f8->f8, Q: max{0, Q} [O(n)]
  2: f8->f8, R: max{0, R} [O(n)]
  2: f8->f8, S: max{0, S} [O(n)]
  2: f8->f8, T: max{0, T} [O(n)]
  2: f8->f8, U: max{0, U} [O(n)]
  2: f8->f8, V: max{0, V} [O(n)]
  2: f8->f8, W: max{0, W} [O(n)]
  2: f8->f8, X: max{0, X} [O(n)]
  2: f8->f8, Y: max{0, Y} [O(n)]
  2: f8->f8, Z: max{0, Z} [O(n)]
  40: f8->f5, A: max{0, A} [O(n)]
  40: f8->f5, A1: max{0, A1} [O(n)]
  40: f8->f5, B: max{1, 1+A} [O(n)]
  40: f8->f5, C: max{1, C, 1+A} [O(n)]
  40: f8->f5, D: max{0, D} [O(n)]
  40: f8->f5, E: max{0, E} [O(n)]
  40: f8->f5, F: max{0, F} [O(n)]
  40: f8->f5, G: max{0, G} [O(n)]
  40: f8->f5, H: max{0, H} [O(n)]
  40: f8->f5, I: max{0, I} [O(n)]
  40: f8->f5, J: max{0, J} [O(n)]
  40: f8->f5, K: max{0, K} [O(n)]
  40: f8->f5, L: max{0, L} [O(n)]
  40: f8->f5, M: max{0, M} [O(n)]
  40: f8->f5, N: max{0, N} [O(n)]
  40: f8->f5, O: max{0, O} [O(n)]
  40: f8->f5, P: max{0, P} [O(n)]
  40: f8->f5, Q: max{0, Q} [O(n)]
  40: f8->f5, R: max{0, R} [O(n)]
  40: f8->f5, S: max{0, S} [O(n)]
  40: f8->f5, T: max{0, T} [O(n)]
  40: f8->f5, U: max{0, U} [O(n)]
  40: f8->f5, V: max{0, V} [O(n)]
  40: f8->f5, W: max{0, W} [O(n)]
  40: f8->f5, X: max{0, X} [O(n)]
  40: f8->f5, Y: max{0, Y} [O(n)]
  40: f8->f5, Z: max{0, Z} [O(n)]
