Timebounds: 
  Overall timebound: max{0, 1+A-B}+max{6, 7+A-B}+max{0, 1+A-C} [O(n)]
  39: f17->f27: 1 [O(1)]
  0: f2->f5: 1 [O(1)]
  4: f27->f31: 1 [O(1)]
  38: f27->f1: 1 [O(1)]
  37: f31->f1: 1 [O(1)]
  1: f5->f8: max{0, 1+A-B} [O(n)]
  41: f5->f17: 1 [O(1)]
  2: f8->f8: max{0, 1+A-C} [O(n)]
  40: f8->f5: max{0, 1+A-B} [O(n)]

Costbounds:
  Overall costbound: max{0, 1+A-B}+max{6, 7+A-B}+max{0, 1+A-C} [O(n)]
  39: f17->f27: 1 [O(1)]
  0: f2->f5: 1 [O(1)]
  4: f27->f31: 1 [O(1)]
  38: f27->f1: 1 [O(1)]
  37: f31->f1: 1 [O(1)]
  1: f5->f8: max{0, 1+A-B} [O(n)]
  41: f5->f17: 1 [O(1)]
  2: f8->f8: max{0, 1+A-C} [O(n)]
  40: f8->f5: max{0, 1+A-B} [O(n)]

Sizebounds:
`Lower:
  39: f17->f27, A: A [O(n)]
  39: f17->f27, A1: A1 [O(n)]
  39: f17->f27, A2: -inf [Infinity]
  39: f17->f27, B: 1+A [O(n)]
  39: f17->f27, B1: -inf [Infinity]
  39: f17->f27, B2: -inf [Infinity]
  39: f17->f27, C: -inf [Infinity]
  39: f17->f27, C1: -inf [Infinity]
  39: f17->f27, C2: -inf [Infinity]
  39: f17->f27, D: D [O(n)]
  39: f17->f27, D1: -inf [Infinity]
  39: f17->f27, D2: -inf [Infinity]
  39: f17->f27, E: E [O(n)]
  39: f17->f27, E1: -inf [Infinity]
  39: f17->f27, E2: -inf [Infinity]
  39: f17->f27, F: F [O(n)]
  39: f17->f27, F1: -inf [Infinity]
  39: f17->f27, F2: -inf [Infinity]
  39: f17->f27, G: G [O(n)]
  39: f17->f27, G1: -inf [Infinity]
  39: f17->f27, G2: -inf [Infinity]
  39: f17->f27, H: H [O(n)]
  39: f17->f27, H1: -inf [Infinity]
  39: f17->f27, H2: -inf [Infinity]
  39: f17->f27, I: I [O(n)]
  39: f17->f27, I1: -inf [Infinity]
  39: f17->f27, I2: -inf [Infinity]
  39: f17->f27, J: J [O(n)]
  39: f17->f27, J1: -inf [Infinity]
  39: f17->f27, J2: -inf [Infinity]
  39: f17->f27, K: K [O(n)]
  39: f17->f27, K1: -inf [Infinity]
  39: f17->f27, K2: -inf [Infinity]
  39: f17->f27, L: L [O(n)]
  39: f17->f27, L1: -inf [Infinity]
  39: f17->f27, L2: -inf [Infinity]
  39: f17->f27, M: M [O(n)]
  39: f17->f27, M1: -inf [Infinity]
  39: f17->f27, N: N [O(n)]
  39: f17->f27, N1: -inf [Infinity]
  39: f17->f27, O: O [O(n)]
  39: f17->f27, O1: -inf [Infinity]
  39: f17->f27, P: P [O(n)]
  39: f17->f27, P1: -inf [Infinity]
  39: f17->f27, Q: Q [O(n)]
  39: f17->f27, Q1: -inf [Infinity]
  39: f17->f27, R: R [O(n)]
  39: f17->f27, R1: -inf [Infinity]
  39: f17->f27, S: S [O(n)]
  39: f17->f27, S1: -inf [Infinity]
  39: f17->f27, T: T [O(n)]
  39: f17->f27, T1: -inf [Infinity]
  39: f17->f27, U: U [O(n)]
  39: f17->f27, U1: -inf [Infinity]
  39: f17->f27, V: V [O(n)]
  39: f17->f27, V1: -inf [Infinity]
  39: f17->f27, W: W [O(n)]
  39: f17->f27, W1: -inf [Infinity]
  39: f17->f27, X: X [O(n)]
  39: f17->f27, X1: -inf [Infinity]
  39: f17->f27, Y: Y [O(n)]
  39: f17->f27, Y1: -inf [Infinity]
  39: f17->f27, Z: Z [O(n)]
  39: f17->f27, Z1: -inf [Infinity]
  0: f2->f5, A: A [O(n)]
  0: f2->f5, A1: A1 [O(n)]
  0: f2->f5, A2: -inf [Infinity]
  0: f2->f5, B: B [O(n)]
  0: f2->f5, B1: -inf [Infinity]
  0: f2->f5, B2: -inf [Infinity]
  0: f2->f5, C: C [O(n)]
  0: f2->f5, C1: -inf [Infinity]
  0: f2->f5, C2: -inf [Infinity]
  0: f2->f5, D: D [O(n)]
  0: f2->f5, D1: -inf [Infinity]
  0: f2->f5, D2: -inf [Infinity]
  0: f2->f5, E: E [O(n)]
  0: f2->f5, E1: -inf [Infinity]
  0: f2->f5, E2: -inf [Infinity]
  0: f2->f5, F: F [O(n)]
  0: f2->f5, F1: -inf [Infinity]
  0: f2->f5, F2: -inf [Infinity]
  0: f2->f5, G: G [O(n)]
  0: f2->f5, G1: -inf [Infinity]
  0: f2->f5, G2: -inf [Infinity]
  0: f2->f5, H: H [O(n)]
  0: f2->f5, H1: -inf [Infinity]
  0: f2->f5, H2: -inf [Infinity]
  0: f2->f5, I: I [O(n)]
  0: f2->f5, I1: -inf [Infinity]
  0: f2->f5, I2: -inf [Infinity]
  0: f2->f5, J: J [O(n)]
  0: f2->f5, J1: -inf [Infinity]
  0: f2->f5, J2: -inf [Infinity]
  0: f2->f5, K: K [O(n)]
  0: f2->f5, K1: -inf [Infinity]
  0: f2->f5, K2: -inf [Infinity]
  0: f2->f5, L: L [O(n)]
  0: f2->f5, L1: -inf [Infinity]
  0: f2->f5, L2: -inf [Infinity]
  0: f2->f5, M: M [O(n)]
  0: f2->f5, M1: -inf [Infinity]
  0: f2->f5, N: N [O(n)]
  0: f2->f5, N1: -inf [Infinity]
  0: f2->f5, O: O [O(n)]
  0: f2->f5, O1: -inf [Infinity]
  0: f2->f5, P: P [O(n)]
  0: f2->f5, P1: -inf [Infinity]
  0: f2->f5, Q: Q [O(n)]
  0: f2->f5, Q1: -inf [Infinity]
  0: f2->f5, R: R [O(n)]
  0: f2->f5, R1: -inf [Infinity]
  0: f2->f5, S: S [O(n)]
  0: f2->f5, S1: -inf [Infinity]
  0: f2->f5, T: T [O(n)]
  0: f2->f5, T1: -inf [Infinity]
  0: f2->f5, U: U [O(n)]
  0: f2->f5, U1: -inf [Infinity]
  0: f2->f5, V: V [O(n)]
  0: f2->f5, V1: -inf [Infinity]
  0: f2->f5, W: W [O(n)]
  0: f2->f5, W1: -inf [Infinity]
  0: f2->f5, X: X [O(n)]
  0: f2->f5, X1: -inf [Infinity]
  0: f2->f5, Y: Y [O(n)]
  0: f2->f5, Y1: -inf [Infinity]
  0: f2->f5, Z: Z [O(n)]
  0: f2->f5, Z1: -inf [Infinity]
  4: f27->f31, A: A [O(n)]
  4: f27->f31, A1: A1 [O(n)]
  4: f27->f31, A2: -inf [Infinity]
  4: f27->f31, B: 1+A [O(n)]
  4: f27->f31, B1: -inf [Infinity]
  4: f27->f31, B2: -inf [Infinity]
  4: f27->f31, C: -inf [Infinity]
  4: f27->f31, C1: -inf [Infinity]
  4: f27->f31, C2: -inf [Infinity]
  4: f27->f31, D: D [O(n)]
  4: f27->f31, D1: -inf [Infinity]
  4: f27->f31, D2: -inf [Infinity]
  4: f27->f31, E: E [O(n)]
  4: f27->f31, E1: -inf [Infinity]
  4: f27->f31, E2: -inf [Infinity]
  4: f27->f31, F: 0 [O(1)]
  4: f27->f31, F1: -inf [Infinity]
  4: f27->f31, F2: -inf [Infinity]
  4: f27->f31, G: G [O(n)]
  4: f27->f31, G1: -inf [Infinity]
  4: f27->f31, G2: -inf [Infinity]
  4: f27->f31, H: H [O(n)]
  4: f27->f31, H1: -inf [Infinity]
  4: f27->f31, H2: -inf [Infinity]
  4: f27->f31, I: I [O(n)]
  4: f27->f31, I1: -inf [Infinity]
  4: f27->f31, I2: -inf [Infinity]
  4: f27->f31, J: J [O(n)]
  4: f27->f31, J1: -inf [Infinity]
  4: f27->f31, J2: -inf [Infinity]
  4: f27->f31, K: K [O(n)]
  4: f27->f31, K1: -inf [Infinity]
  4: f27->f31, K2: -inf [Infinity]
  4: f27->f31, L: L [O(n)]
  4: f27->f31, L1: -inf [Infinity]
  4: f27->f31, L2: -inf [Infinity]
  4: f27->f31, M: M [O(n)]
  4: f27->f31, M1: -inf [Infinity]
  4: f27->f31, N: N [O(n)]
  4: f27->f31, N1: -inf [Infinity]
  4: f27->f31, O: O [O(n)]
  4: f27->f31, O1: -inf [Infinity]
  4: f27->f31, P: P [O(n)]
  4: f27->f31, P1: -inf [Infinity]
  4: f27->f31, Q: Q [O(n)]
  4: f27->f31, Q1: -inf [Infinity]
  4: f27->f31, R: R [O(n)]
  4: f27->f31, R1: -inf [Infinity]
  4: f27->f31, S: S [O(n)]
  4: f27->f31, S1: -inf [Infinity]
  4: f27->f31, T: T [O(n)]
  4: f27->f31, T1: -inf [Infinity]
  4: f27->f31, U: U [O(n)]
  4: f27->f31, U1: -inf [Infinity]
  4: f27->f31, V: V [O(n)]
  4: f27->f31, V1: -inf [Infinity]
  4: f27->f31, W: W [O(n)]
  4: f27->f31, W1: -inf [Infinity]
  4: f27->f31, X: X [O(n)]
  4: f27->f31, X1: -inf [Infinity]
  4: f27->f31, Y: Y [O(n)]
  4: f27->f31, Y1: -inf [Infinity]
  4: f27->f31, Z: Z [O(n)]
  4: f27->f31, Z1: -inf [Infinity]
  38: f27->f1, A: A [O(n)]
  38: f27->f1, A1: A1 [O(n)]
  38: f27->f1, A2: -inf [Infinity]
  38: f27->f1, B: 1+A [O(n)]
  38: f27->f1, B1: -inf [Infinity]
  38: f27->f1, B2: -inf [Infinity]
  38: f27->f1, C: -inf [Infinity]
  38: f27->f1, C1: -inf [Infinity]
  38: f27->f1, C2: -inf [Infinity]
  38: f27->f1, D: D [O(n)]
  38: f27->f1, D1: -inf [Infinity]
  38: f27->f1, D2: -inf [Infinity]
  38: f27->f1, E: 51 [O(1)]
  38: f27->f1, E1: -inf [Infinity]
  38: f27->f1, E2: -inf [Infinity]
  38: f27->f1, F: F [O(n)]
  38: f27->f1, F1: -inf [Infinity]
  38: f27->f1, F2: -inf [Infinity]
  38: f27->f1, G: G [O(n)]
  38: f27->f1, G1: -inf [Infinity]
  38: f27->f1, G2: -inf [Infinity]
  38: f27->f1, H: H [O(n)]
  38: f27->f1, H1: -inf [Infinity]
  38: f27->f1, H2: -inf [Infinity]
  38: f27->f1, I: I [O(n)]
  38: f27->f1, I1: -inf [Infinity]
  38: f27->f1, I2: -inf [Infinity]
  38: f27->f1, J: J [O(n)]
  38: f27->f1, J1: -inf [Infinity]
  38: f27->f1, J2: -inf [Infinity]
  38: f27->f1, K: K [O(n)]
  38: f27->f1, K1: -inf [Infinity]
  38: f27->f1, K2: -inf [Infinity]
  38: f27->f1, L: L [O(n)]
  38: f27->f1, L1: -inf [Infinity]
  38: f27->f1, L2: -inf [Infinity]
  38: f27->f1, M: M [O(n)]
  38: f27->f1, M1: -inf [Infinity]
  38: f27->f1, N: N [O(n)]
  38: f27->f1, N1: -inf [Infinity]
  38: f27->f1, O: O [O(n)]
  38: f27->f1, O1: -inf [Infinity]
  38: f27->f1, P: P [O(n)]
  38: f27->f1, P1: -inf [Infinity]
  38: f27->f1, Q: Q [O(n)]
  38: f27->f1, Q1: -inf [Infinity]
  38: f27->f1, R: R [O(n)]
  38: f27->f1, R1: -inf [Infinity]
  38: f27->f1, S: S [O(n)]
  38: f27->f1, S1: -inf [Infinity]
  38: f27->f1, T: T [O(n)]
  38: f27->f1, T1: -inf [Infinity]
  38: f27->f1, U: U [O(n)]
  38: f27->f1, U1: -inf [Infinity]
  38: f27->f1, V: V [O(n)]
  38: f27->f1, V1: -inf [Infinity]
  38: f27->f1, W: W [O(n)]
  38: f27->f1, W1: -inf [Infinity]
  38: f27->f1, X: X [O(n)]
  38: f27->f1, X1: -inf [Infinity]
  38: f27->f1, Y: Y [O(n)]
  38: f27->f1, Y1: -inf [Infinity]
  38: f27->f1, Z: Z [O(n)]
  38: f27->f1, Z1: -inf [Infinity]
  37: f31->f1, A: A [O(n)]
  37: f31->f1, A1: A1 [O(n)]
  37: f31->f1, A2: -inf [Infinity]
  37: f31->f1, B: 1+A [O(n)]
  37: f31->f1, B1: -inf [Infinity]
  37: f31->f1, B2: -inf [Infinity]
  37: f31->f1, C: -inf [Infinity]
  37: f31->f1, C1: -inf [Infinity]
  37: f31->f1, C2: -inf [Infinity]
  37: f31->f1, D: D [O(n)]
  37: f31->f1, D1: -inf [Infinity]
  37: f31->f1, D2: -inf [Infinity]
  37: f31->f1, E: -inf [Infinity]
  37: f31->f1, E1: -inf [Infinity]
  37: f31->f1, E2: -inf [Infinity]
  37: f31->f1, F: 0 [O(1)]
  37: f31->f1, F1: -inf [Infinity]
  37: f31->f1, F2: -inf [Infinity]
  37: f31->f1, G: G [O(n)]
  37: f31->f1, G1: -inf [Infinity]
  37: f31->f1, G2: -inf [Infinity]
  37: f31->f1, H: H [O(n)]
  37: f31->f1, H1: -inf [Infinity]
  37: f31->f1, H2: -inf [Infinity]
  37: f31->f1, I: I [O(n)]
  37: f31->f1, I1: -inf [Infinity]
  37: f31->f1, I2: -inf [Infinity]
  37: f31->f1, J: J [O(n)]
  37: f31->f1, J1: -inf [Infinity]
  37: f31->f1, J2: -inf [Infinity]
  37: f31->f1, K: K [O(n)]
  37: f31->f1, K1: -inf [Infinity]
  37: f31->f1, K2: -inf [Infinity]
  37: f31->f1, L: L [O(n)]
  37: f31->f1, L1: -inf [Infinity]
  37: f31->f1, L2: -inf [Infinity]
  37: f31->f1, M: M [O(n)]
  37: f31->f1, M1: -inf [Infinity]
  37: f31->f1, N: N [O(n)]
  37: f31->f1, N1: -inf [Infinity]
  37: f31->f1, O: O [O(n)]
  37: f31->f1, O1: -inf [Infinity]
  37: f31->f1, P: P [O(n)]
  37: f31->f1, P1: -inf [Infinity]
  37: f31->f1, Q: Q [O(n)]
  37: f31->f1, Q1: -inf [Infinity]
  37: f31->f1, R: R [O(n)]
  37: f31->f1, R1: -inf [Infinity]
  37: f31->f1, S: S [O(n)]
  37: f31->f1, S1: -inf [Infinity]
  37: f31->f1, T: T [O(n)]
  37: f31->f1, T1: -inf [Infinity]
  37: f31->f1, U: U [O(n)]
  37: f31->f1, U1: -inf [Infinity]
  37: f31->f1, V: V [O(n)]
  37: f31->f1, V1: -inf [Infinity]
  37: f31->f1, W: W [O(n)]
  37: f31->f1, W1: -inf [Infinity]
  37: f31->f1, X: X [O(n)]
  37: f31->f1, X1: -inf [Infinity]
  37: f31->f1, Y: Y [O(n)]
  37: f31->f1, Y1: -inf [Infinity]
  37: f31->f1, Z: Z [O(n)]
  37: f31->f1, Z1: -inf [Infinity]
  1: f5->f8, A: A [O(n)]
  1: f5->f8, A1: A1 [O(n)]
  1: f5->f8, A2: -inf [Infinity]
  1: f5->f8, B: -inf [Infinity]
  1: f5->f8, B1: -inf [Infinity]
  1: f5->f8, B2: -inf [Infinity]
  1: f5->f8, C: -inf [Infinity]
  1: f5->f8, C1: -inf [Infinity]
  1: f5->f8, C2: -inf [Infinity]
  1: f5->f8, D: D [O(n)]
  1: f5->f8, D1: -inf [Infinity]
  1: f5->f8, D2: -inf [Infinity]
  1: f5->f8, E: E [O(n)]
  1: f5->f8, E1: -inf [Infinity]
  1: f5->f8, E2: -inf [Infinity]
  1: f5->f8, F: F [O(n)]
  1: f5->f8, F1: -inf [Infinity]
  1: f5->f8, F2: -inf [Infinity]
  1: f5->f8, G: G [O(n)]
  1: f5->f8, G1: -inf [Infinity]
  1: f5->f8, G2: -inf [Infinity]
  1: f5->f8, H: H [O(n)]
  1: f5->f8, H1: -inf [Infinity]
  1: f5->f8, H2: -inf [Infinity]
  1: f5->f8, I: I [O(n)]
  1: f5->f8, I1: -inf [Infinity]
  1: f5->f8, I2: -inf [Infinity]
  1: f5->f8, J: J [O(n)]
  1: f5->f8, J1: -inf [Infinity]
  1: f5->f8, J2: -inf [Infinity]
  1: f5->f8, K: K [O(n)]
  1: f5->f8, K1: -inf [Infinity]
  1: f5->f8, K2: -inf [Infinity]
  1: f5->f8, L: L [O(n)]
  1: f5->f8, L1: -inf [Infinity]
  1: f5->f8, L2: -inf [Infinity]
  1: f5->f8, M: M [O(n)]
  1: f5->f8, M1: -inf [Infinity]
  1: f5->f8, N: N [O(n)]
  1: f5->f8, N1: -inf [Infinity]
  1: f5->f8, O: O [O(n)]
  1: f5->f8, O1: -inf [Infinity]
  1: f5->f8, P: P [O(n)]
  1: f5->f8, P1: -inf [Infinity]
  1: f5->f8, Q: Q [O(n)]
  1: f5->f8, Q1: -inf [Infinity]
  1: f5->f8, R: R [O(n)]
  1: f5->f8, R1: -inf [Infinity]
  1: f5->f8, S: S [O(n)]
  1: f5->f8, S1: -inf [Infinity]
  1: f5->f8, T: T [O(n)]
  1: f5->f8, T1: -inf [Infinity]
  1: f5->f8, U: U [O(n)]
  1: f5->f8, U1: -inf [Infinity]
  1: f5->f8, V: V [O(n)]
  1: f5->f8, V1: -inf [Infinity]
  1: f5->f8, W: W [O(n)]
  1: f5->f8, W1: -inf [Infinity]
  1: f5->f8, X: X [O(n)]
  1: f5->f8, X1: -inf [Infinity]
  1: f5->f8, Y: Y [O(n)]
  1: f5->f8, Y1: -inf [Infinity]
  1: f5->f8, Z: Z [O(n)]
  1: f5->f8, Z1: -inf [Infinity]
  41: f5->f17, A: A [O(n)]
  41: f5->f17, A1: A1 [O(n)]
  41: f5->f17, A2: -inf [Infinity]
  41: f5->f17, B: 1+A [O(n)]
  41: f5->f17, B1: -inf [Infinity]
  41: f5->f17, B2: -inf [Infinity]
  41: f5->f17, C: -inf [Infinity]
  41: f5->f17, C1: -inf [Infinity]
  41: f5->f17, C2: -inf [Infinity]
  41: f5->f17, D: D [O(n)]
  41: f5->f17, D1: -inf [Infinity]
  41: f5->f17, D2: -inf [Infinity]
  41: f5->f17, E: E [O(n)]
  41: f5->f17, E1: -inf [Infinity]
  41: f5->f17, E2: -inf [Infinity]
  41: f5->f17, F: F [O(n)]
  41: f5->f17, F1: -inf [Infinity]
  41: f5->f17, F2: -inf [Infinity]
  41: f5->f17, G: G [O(n)]
  41: f5->f17, G1: -inf [Infinity]
  41: f5->f17, G2: -inf [Infinity]
  41: f5->f17, H: H [O(n)]
  41: f5->f17, H1: -inf [Infinity]
  41: f5->f17, H2: -inf [Infinity]
  41: f5->f17, I: I [O(n)]
  41: f5->f17, I1: -inf [Infinity]
  41: f5->f17, I2: -inf [Infinity]
  41: f5->f17, J: J [O(n)]
  41: f5->f17, J1: -inf [Infinity]
  41: f5->f17, J2: -inf [Infinity]
  41: f5->f17, K: K [O(n)]
  41: f5->f17, K1: -inf [Infinity]
  41: f5->f17, K2: -inf [Infinity]
  41: f5->f17, L: L [O(n)]
  41: f5->f17, L1: -inf [Infinity]
  41: f5->f17, L2: -inf [Infinity]
  41: f5->f17, M: M [O(n)]
  41: f5->f17, M1: -inf [Infinity]
  41: f5->f17, N: N [O(n)]
  41: f5->f17, N1: -inf [Infinity]
  41: f5->f17, O: O [O(n)]
  41: f5->f17, O1: -inf [Infinity]
  41: f5->f17, P: P [O(n)]
  41: f5->f17, P1: -inf [Infinity]
  41: f5->f17, Q: Q [O(n)]
  41: f5->f17, Q1: -inf [Infinity]
  41: f5->f17, R: R [O(n)]
  41: f5->f17, R1: -inf [Infinity]
  41: f5->f17, S: S [O(n)]
  41: f5->f17, S1: -inf [Infinity]
  41: f5->f17, T: T [O(n)]
  41: f5->f17, T1: -inf [Infinity]
  41: f5->f17, U: U [O(n)]
  41: f5->f17, U1: -inf [Infinity]
  41: f5->f17, V: V [O(n)]
  41: f5->f17, V1: -inf [Infinity]
  41: f5->f17, W: W [O(n)]
  41: f5->f17, W1: -inf [Infinity]
  41: f5->f17, X: X [O(n)]
  41: f5->f17, X1: -inf [Infinity]
  41: f5->f17, Y: Y [O(n)]
  41: f5->f17, Y1: -inf [Infinity]
  41: f5->f17, Z: Z [O(n)]
  41: f5->f17, Z1: -inf [Infinity]
  2: f8->f8, A: A [O(n)]
  2: f8->f8, A1: A1 [O(n)]
  2: f8->f8, A2: -inf [Infinity]
  2: f8->f8, B: -inf [Infinity]
  2: f8->f8, B1: -inf [Infinity]
  2: f8->f8, B2: -inf [Infinity]
  2: f8->f8, C: -inf [Infinity]
  2: f8->f8, C1: -inf [Infinity]
  2: f8->f8, C2: -inf [Infinity]
  2: f8->f8, D: D [O(n)]
  2: f8->f8, D1: -inf [Infinity]
  2: f8->f8, D2: -inf [Infinity]
  2: f8->f8, E: E [O(n)]
  2: f8->f8, E1: -inf [Infinity]
  2: f8->f8, E2: -inf [Infinity]
  2: f8->f8, F: F [O(n)]
  2: f8->f8, F1: -inf [Infinity]
  2: f8->f8, F2: -inf [Infinity]
  2: f8->f8, G: G [O(n)]
  2: f8->f8, G1: -inf [Infinity]
  2: f8->f8, G2: -inf [Infinity]
  2: f8->f8, H: H [O(n)]
  2: f8->f8, H1: -inf [Infinity]
  2: f8->f8, H2: -inf [Infinity]
  2: f8->f8, I: I [O(n)]
  2: f8->f8, I1: -inf [Infinity]
  2: f8->f8, I2: -inf [Infinity]
  2: f8->f8, J: J [O(n)]
  2: f8->f8, J1: -inf [Infinity]
  2: f8->f8, J2: -inf [Infinity]
  2: f8->f8, K: K [O(n)]
  2: f8->f8, K1: -inf [Infinity]
  2: f8->f8, K2: -inf [Infinity]
  2: f8->f8, L: L [O(n)]
  2: f8->f8, L1: -inf [Infinity]
  2: f8->f8, L2: -inf [Infinity]
  2: f8->f8, M: M [O(n)]
  2: f8->f8, M1: -inf [Infinity]
  2: f8->f8, N: N [O(n)]
  2: f8->f8, N1: -inf [Infinity]
  2: f8->f8, O: O [O(n)]
  2: f8->f8, O1: -inf [Infinity]
  2: f8->f8, P: P [O(n)]
  2: f8->f8, P1: -inf [Infinity]
  2: f8->f8, Q: Q [O(n)]
  2: f8->f8, Q1: -inf [Infinity]
  2: f8->f8, R: R [O(n)]
  2: f8->f8, R1: -inf [Infinity]
  2: f8->f8, S: S [O(n)]
  2: f8->f8, S1: -inf [Infinity]
  2: f8->f8, T: T [O(n)]
  2: f8->f8, T1: -inf [Infinity]
  2: f8->f8, U: U [O(n)]
  2: f8->f8, U1: -inf [Infinity]
  2: f8->f8, V: V [O(n)]
  2: f8->f8, V1: -inf [Infinity]
  2: f8->f8, W: W [O(n)]
  2: f8->f8, W1: -inf [Infinity]
  2: f8->f8, X: X [O(n)]
  2: f8->f8, X1: -inf [Infinity]
  2: f8->f8, Y: Y [O(n)]
  2: f8->f8, Y1: -inf [Infinity]
  2: f8->f8, Z: Z [O(n)]
  2: f8->f8, Z1: -inf [Infinity]
  40: f8->f5, A: A [O(n)]
  40: f8->f5, A1: A1 [O(n)]
  40: f8->f5, A2: -inf [Infinity]
  40: f8->f5, B: -inf [Infinity]
  40: f8->f5, B1: -inf [Infinity]
  40: f8->f5, B2: -inf [Infinity]
  40: f8->f5, C: -inf [Infinity]
  40: f8->f5, C1: -inf [Infinity]
  40: f8->f5, C2: -inf [Infinity]
  40: f8->f5, D: D [O(n)]
  40: f8->f5, D1: -inf [Infinity]
  40: f8->f5, D2: -inf [Infinity]
  40: f8->f5, E: E [O(n)]
  40: f8->f5, E1: -inf [Infinity]
  40: f8->f5, E2: -inf [Infinity]
  40: f8->f5, F: F [O(n)]
  40: f8->f5, F1: -inf [Infinity]
  40: f8->f5, F2: -inf [Infinity]
  40: f8->f5, G: G [O(n)]
  40: f8->f5, G1: -inf [Infinity]
  40: f8->f5, G2: -inf [Infinity]
  40: f8->f5, H: H [O(n)]
  40: f8->f5, H1: -inf [Infinity]
  40: f8->f5, H2: -inf [Infinity]
  40: f8->f5, I: I [O(n)]
  40: f8->f5, I1: -inf [Infinity]
  40: f8->f5, I2: -inf [Infinity]
  40: f8->f5, J: J [O(n)]
  40: f8->f5, J1: -inf [Infinity]
  40: f8->f5, J2: -inf [Infinity]
  40: f8->f5, K: K [O(n)]
  40: f8->f5, K1: -inf [Infinity]
  40: f8->f5, K2: -inf [Infinity]
  40: f8->f5, L: L [O(n)]
  40: f8->f5, L1: -inf [Infinity]
  40: f8->f5, L2: -inf [Infinity]
  40: f8->f5, M: M [O(n)]
  40: f8->f5, M1: -inf [Infinity]
  40: f8->f5, N: N [O(n)]
  40: f8->f5, N1: -inf [Infinity]
  40: f8->f5, O: O [O(n)]
  40: f8->f5, O1: -inf [Infinity]
  40: f8->f5, P: P [O(n)]
  40: f8->f5, P1: -inf [Infinity]
  40: f8->f5, Q: Q [O(n)]
  40: f8->f5, Q1: -inf [Infinity]
  40: f8->f5, R: R [O(n)]
  40: f8->f5, R1: -inf [Infinity]
  40: f8->f5, S: S [O(n)]
  40: f8->f5, S1: -inf [Infinity]
  40: f8->f5, T: T [O(n)]
  40: f8->f5, T1: -inf [Infinity]
  40: f8->f5, U: U [O(n)]
  40: f8->f5, U1: -inf [Infinity]
  40: f8->f5, V: V [O(n)]
  40: f8->f5, V1: -inf [Infinity]
  40: f8->f5, W: W [O(n)]
  40: f8->f5, W1: -inf [Infinity]
  40: f8->f5, X: X [O(n)]
  40: f8->f5, X1: -inf [Infinity]
  40: f8->f5, Y: Y [O(n)]
  40: f8->f5, Y1: -inf [Infinity]
  40: f8->f5, Z: Z [O(n)]
  40: f8->f5, Z1: -inf [Infinity]
`Upper:
  39: f17->f27, A: A [O(n)]
  39: f17->f27, A1: A1 [O(n)]
  39: f17->f27, A2: inf [Infinity]
  39: f17->f27, B: max{B, 1+A} [O(n)]
  39: f17->f27, B1: inf [Infinity]
  39: f17->f27, B2: inf [Infinity]
  39: f17->f27, C: max{C, 1+A} [O(n)]
  39: f17->f27, C1: inf [Infinity]
  39: f17->f27, C2: inf [Infinity]
  39: f17->f27, D: D [O(n)]
  39: f17->f27, D1: inf [Infinity]
  39: f17->f27, D2: inf [Infinity]
  39: f17->f27, E: E [O(n)]
  39: f17->f27, E1: inf [Infinity]
  39: f17->f27, E2: inf [Infinity]
  39: f17->f27, F: F [O(n)]
  39: f17->f27, F1: inf [Infinity]
  39: f17->f27, F2: inf [Infinity]
  39: f17->f27, G: G [O(n)]
  39: f17->f27, G1: inf [Infinity]
  39: f17->f27, G2: inf [Infinity]
  39: f17->f27, H: H [O(n)]
  39: f17->f27, H1: inf [Infinity]
  39: f17->f27, H2: inf [Infinity]
  39: f17->f27, I: I [O(n)]
  39: f17->f27, I1: inf [Infinity]
  39: f17->f27, I2: inf [Infinity]
  39: f17->f27, J: J [O(n)]
  39: f17->f27, J1: inf [Infinity]
  39: f17->f27, J2: inf [Infinity]
  39: f17->f27, K: K [O(n)]
  39: f17->f27, K1: inf [Infinity]
  39: f17->f27, K2: inf [Infinity]
  39: f17->f27, L: L [O(n)]
  39: f17->f27, L1: inf [Infinity]
  39: f17->f27, L2: inf [Infinity]
  39: f17->f27, M: M [O(n)]
  39: f17->f27, M1: inf [Infinity]
  39: f17->f27, N: N [O(n)]
  39: f17->f27, N1: inf [Infinity]
  39: f17->f27, O: O [O(n)]
  39: f17->f27, O1: inf [Infinity]
  39: f17->f27, P: P [O(n)]
  39: f17->f27, P1: inf [Infinity]
  39: f17->f27, Q: Q [O(n)]
  39: f17->f27, Q1: inf [Infinity]
  39: f17->f27, R: R [O(n)]
  39: f17->f27, R1: inf [Infinity]
  39: f17->f27, S: S [O(n)]
  39: f17->f27, S1: inf [Infinity]
  39: f17->f27, T: T [O(n)]
  39: f17->f27, T1: inf [Infinity]
  39: f17->f27, U: U [O(n)]
  39: f17->f27, U1: inf [Infinity]
  39: f17->f27, V: V [O(n)]
  39: f17->f27, V1: inf [Infinity]
  39: f17->f27, W: W [O(n)]
  39: f17->f27, W1: inf [Infinity]
  39: f17->f27, X: X [O(n)]
  39: f17->f27, X1: inf [Infinity]
  39: f17->f27, Y: Y [O(n)]
  39: f17->f27, Y1: inf [Infinity]
  39: f17->f27, Z: Z [O(n)]
  39: f17->f27, Z1: inf [Infinity]
  0: f2->f5, A: A [O(n)]
  0: f2->f5, A1: A1 [O(n)]
  0: f2->f5, A2: inf [Infinity]
  0: f2->f5, B: B [O(n)]
  0: f2->f5, B1: inf [Infinity]
  0: f2->f5, B2: inf [Infinity]
  0: f2->f5, C: C [O(n)]
  0: f2->f5, C1: inf [Infinity]
  0: f2->f5, C2: inf [Infinity]
  0: f2->f5, D: D [O(n)]
  0: f2->f5, D1: inf [Infinity]
  0: f2->f5, D2: inf [Infinity]
  0: f2->f5, E: E [O(n)]
  0: f2->f5, E1: inf [Infinity]
  0: f2->f5, E2: inf [Infinity]
  0: f2->f5, F: F [O(n)]
  0: f2->f5, F1: inf [Infinity]
  0: f2->f5, F2: inf [Infinity]
  0: f2->f5, G: G [O(n)]
  0: f2->f5, G1: inf [Infinity]
  0: f2->f5, G2: inf [Infinity]
  0: f2->f5, H: H [O(n)]
  0: f2->f5, H1: inf [Infinity]
  0: f2->f5, H2: inf [Infinity]
  0: f2->f5, I: I [O(n)]
  0: f2->f5, I1: inf [Infinity]
  0: f2->f5, I2: inf [Infinity]
  0: f2->f5, J: J [O(n)]
  0: f2->f5, J1: inf [Infinity]
  0: f2->f5, J2: inf [Infinity]
  0: f2->f5, K: K [O(n)]
  0: f2->f5, K1: inf [Infinity]
  0: f2->f5, K2: inf [Infinity]
  0: f2->f5, L: L [O(n)]
  0: f2->f5, L1: inf [Infinity]
  0: f2->f5, L2: inf [Infinity]
  0: f2->f5, M: M [O(n)]
  0: f2->f5, M1: inf [Infinity]
  0: f2->f5, N: N [O(n)]
  0: f2->f5, N1: inf [Infinity]
  0: f2->f5, O: O [O(n)]
  0: f2->f5, O1: inf [Infinity]
  0: f2->f5, P: P [O(n)]
  0: f2->f5, P1: inf [Infinity]
  0: f2->f5, Q: Q [O(n)]
  0: f2->f5, Q1: inf [Infinity]
  0: f2->f5, R: R [O(n)]
  0: f2->f5, R1: inf [Infinity]
  0: f2->f5, S: S [O(n)]
  0: f2->f5, S1: inf [Infinity]
  0: f2->f5, T: T [O(n)]
  0: f2->f5, T1: inf [Infinity]
  0: f2->f5, U: U [O(n)]
  0: f2->f5, U1: inf [Infinity]
  0: f2->f5, V: V [O(n)]
  0: f2->f5, V1: inf [Infinity]
  0: f2->f5, W: W [O(n)]
  0: f2->f5, W1: inf [Infinity]
  0: f2->f5, X: X [O(n)]
  0: f2->f5, X1: inf [Infinity]
  0: f2->f5, Y: Y [O(n)]
  0: f2->f5, Y1: inf [Infinity]
  0: f2->f5, Z: Z [O(n)]
  0: f2->f5, Z1: inf [Infinity]
  4: f27->f31, A: A [O(n)]
  4: f27->f31, A1: A1 [O(n)]
  4: f27->f31, A2: inf [Infinity]
  4: f27->f31, B: max{B, 1+A} [O(n)]
  4: f27->f31, B1: inf [Infinity]
  4: f27->f31, B2: inf [Infinity]
  4: f27->f31, C: max{C, 1+A} [O(n)]
  4: f27->f31, C1: inf [Infinity]
  4: f27->f31, C2: inf [Infinity]
  4: f27->f31, D: D [O(n)]
  4: f27->f31, D1: inf [Infinity]
  4: f27->f31, D2: inf [Infinity]
  4: f27->f31, E: 50 [O(1)]
  4: f27->f31, E1: inf [Infinity]
  4: f27->f31, E2: inf [Infinity]
  4: f27->f31, F: 0 [O(1)]
  4: f27->f31, F1: inf [Infinity]
  4: f27->f31, F2: inf [Infinity]
  4: f27->f31, G: G [O(n)]
  4: f27->f31, G1: inf [Infinity]
  4: f27->f31, G2: inf [Infinity]
  4: f27->f31, H: H [O(n)]
  4: f27->f31, H1: inf [Infinity]
  4: f27->f31, H2: inf [Infinity]
  4: f27->f31, I: I [O(n)]
  4: f27->f31, I1: inf [Infinity]
  4: f27->f31, I2: inf [Infinity]
  4: f27->f31, J: J [O(n)]
  4: f27->f31, J1: inf [Infinity]
  4: f27->f31, J2: inf [Infinity]
  4: f27->f31, K: K [O(n)]
  4: f27->f31, K1: inf [Infinity]
  4: f27->f31, K2: inf [Infinity]
  4: f27->f31, L: L [O(n)]
  4: f27->f31, L1: inf [Infinity]
  4: f27->f31, L2: inf [Infinity]
  4: f27->f31, M: M [O(n)]
  4: f27->f31, M1: inf [Infinity]
  4: f27->f31, N: N [O(n)]
  4: f27->f31, N1: inf [Infinity]
  4: f27->f31, O: O [O(n)]
  4: f27->f31, O1: inf [Infinity]
  4: f27->f31, P: P [O(n)]
  4: f27->f31, P1: inf [Infinity]
  4: f27->f31, Q: Q [O(n)]
  4: f27->f31, Q1: inf [Infinity]
  4: f27->f31, R: R [O(n)]
  4: f27->f31, R1: inf [Infinity]
  4: f27->f31, S: S [O(n)]
  4: f27->f31, S1: inf [Infinity]
  4: f27->f31, T: T [O(n)]
  4: f27->f31, T1: inf [Infinity]
  4: f27->f31, U: U [O(n)]
  4: f27->f31, U1: inf [Infinity]
  4: f27->f31, V: V [O(n)]
  4: f27->f31, V1: inf [Infinity]
  4: f27->f31, W: W [O(n)]
  4: f27->f31, W1: inf [Infinity]
  4: f27->f31, X: X [O(n)]
  4: f27->f31, X1: inf [Infinity]
  4: f27->f31, Y: Y [O(n)]
  4: f27->f31, Y1: inf [Infinity]
  4: f27->f31, Z: Z [O(n)]
  4: f27->f31, Z1: inf [Infinity]
  38: f27->f1, A: A [O(n)]
  38: f27->f1, A1: A1 [O(n)]
  38: f27->f1, A2: inf [Infinity]
  38: f27->f1, B: max{B, 1+A} [O(n)]
  38: f27->f1, B1: inf [Infinity]
  38: f27->f1, B2: inf [Infinity]
  38: f27->f1, C: max{C, 1+A} [O(n)]
  38: f27->f1, C1: inf [Infinity]
  38: f27->f1, C2: inf [Infinity]
  38: f27->f1, D: D [O(n)]
  38: f27->f1, D1: inf [Infinity]
  38: f27->f1, D2: inf [Infinity]
  38: f27->f1, E: E [O(n)]
  38: f27->f1, E1: inf [Infinity]
  38: f27->f1, E2: inf [Infinity]
  38: f27->f1, F: F [O(n)]
  38: f27->f1, F1: inf [Infinity]
  38: f27->f1, F2: inf [Infinity]
  38: f27->f1, G: G [O(n)]
  38: f27->f1, G1: inf [Infinity]
  38: f27->f1, G2: inf [Infinity]
  38: f27->f1, H: H [O(n)]
  38: f27->f1, H1: inf [Infinity]
  38: f27->f1, H2: inf [Infinity]
  38: f27->f1, I: I [O(n)]
  38: f27->f1, I1: inf [Infinity]
  38: f27->f1, I2: inf [Infinity]
  38: f27->f1, J: J [O(n)]
  38: f27->f1, J1: inf [Infinity]
  38: f27->f1, J2: inf [Infinity]
  38: f27->f1, K: K [O(n)]
  38: f27->f1, K1: inf [Infinity]
  38: f27->f1, K2: inf [Infinity]
  38: f27->f1, L: L [O(n)]
  38: f27->f1, L1: inf [Infinity]
  38: f27->f1, L2: inf [Infinity]
  38: f27->f1, M: M [O(n)]
  38: f27->f1, M1: inf [Infinity]
  38: f27->f1, N: N [O(n)]
  38: f27->f1, N1: inf [Infinity]
  38: f27->f1, O: O [O(n)]
  38: f27->f1, O1: inf [Infinity]
  38: f27->f1, P: P [O(n)]
  38: f27->f1, P1: inf [Infinity]
  38: f27->f1, Q: Q [O(n)]
  38: f27->f1, Q1: inf [Infinity]
  38: f27->f1, R: R [O(n)]
  38: f27->f1, R1: inf [Infinity]
  38: f27->f1, S: S [O(n)]
  38: f27->f1, S1: inf [Infinity]
  38: f27->f1, T: T [O(n)]
  38: f27->f1, T1: inf [Infinity]
  38: f27->f1, U: U [O(n)]
  38: f27->f1, U1: inf [Infinity]
  38: f27->f1, V: V [O(n)]
  38: f27->f1, V1: inf [Infinity]
  38: f27->f1, W: W [O(n)]
  38: f27->f1, W1: inf [Infinity]
  38: f27->f1, X: X [O(n)]
  38: f27->f1, X1: inf [Infinity]
  38: f27->f1, Y: Y [O(n)]
  38: f27->f1, Y1: inf [Infinity]
  38: f27->f1, Z: Z [O(n)]
  38: f27->f1, Z1: inf [Infinity]
  37: f31->f1, A: A [O(n)]
  37: f31->f1, A1: A1 [O(n)]
  37: f31->f1, A2: inf [Infinity]
  37: f31->f1, B: max{B, 1+A} [O(n)]
  37: f31->f1, B1: inf [Infinity]
  37: f31->f1, B2: inf [Infinity]
  37: f31->f1, C: max{C, 1+A} [O(n)]
  37: f31->f1, C1: inf [Infinity]
  37: f31->f1, C2: inf [Infinity]
  37: f31->f1, D: D [O(n)]
  37: f31->f1, D1: inf [Infinity]
  37: f31->f1, D2: inf [Infinity]
  37: f31->f1, E: 50 [O(1)]
  37: f31->f1, E1: inf [Infinity]
  37: f31->f1, E2: inf [Infinity]
  37: f31->f1, F: 0 [O(1)]
  37: f31->f1, F1: inf [Infinity]
  37: f31->f1, F2: inf [Infinity]
  37: f31->f1, G: G [O(n)]
  37: f31->f1, G1: inf [Infinity]
  37: f31->f1, G2: inf [Infinity]
  37: f31->f1, H: H [O(n)]
  37: f31->f1, H1: inf [Infinity]
  37: f31->f1, H2: inf [Infinity]
  37: f31->f1, I: I [O(n)]
  37: f31->f1, I1: inf [Infinity]
  37: f31->f1, I2: inf [Infinity]
  37: f31->f1, J: J [O(n)]
  37: f31->f1, J1: inf [Infinity]
  37: f31->f1, J2: inf [Infinity]
  37: f31->f1, K: K [O(n)]
  37: f31->f1, K1: inf [Infinity]
  37: f31->f1, K2: inf [Infinity]
  37: f31->f1, L: L [O(n)]
  37: f31->f1, L1: inf [Infinity]
  37: f31->f1, L2: inf [Infinity]
  37: f31->f1, M: M [O(n)]
  37: f31->f1, M1: inf [Infinity]
  37: f31->f1, N: N [O(n)]
  37: f31->f1, N1: inf [Infinity]
  37: f31->f1, O: O [O(n)]
  37: f31->f1, O1: inf [Infinity]
  37: f31->f1, P: P [O(n)]
  37: f31->f1, P1: inf [Infinity]
  37: f31->f1, Q: Q [O(n)]
  37: f31->f1, Q1: inf [Infinity]
  37: f31->f1, R: R [O(n)]
  37: f31->f1, R1: inf [Infinity]
  37: f31->f1, S: S [O(n)]
  37: f31->f1, S1: inf [Infinity]
  37: f31->f1, T: T [O(n)]
  37: f31->f1, T1: inf [Infinity]
  37: f31->f1, U: U [O(n)]
  37: f31->f1, U1: inf [Infinity]
  37: f31->f1, V: V [O(n)]
  37: f31->f1, V1: inf [Infinity]
  37: f31->f1, W: W [O(n)]
  37: f31->f1, W1: inf [Infinity]
  37: f31->f1, X: X [O(n)]
  37: f31->f1, X1: inf [Infinity]
  37: f31->f1, Y: Y [O(n)]
  37: f31->f1, Y1: inf [Infinity]
  37: f31->f1, Z: Z [O(n)]
  37: f31->f1, Z1: inf [Infinity]
  1: f5->f8, A: A [O(n)]
  1: f5->f8, A1: A1 [O(n)]
  1: f5->f8, A2: inf [Infinity]
  1: f5->f8, B: A [O(n)]
  1: f5->f8, B1: inf [Infinity]
  1: f5->f8, B2: inf [Infinity]
  1: f5->f8, C: max{C, 1+A} [O(n)]
  1: f5->f8, C1: inf [Infinity]
  1: f5->f8, C2: inf [Infinity]
  1: f5->f8, D: D [O(n)]
  1: f5->f8, D1: inf [Infinity]
  1: f5->f8, D2: inf [Infinity]
  1: f5->f8, E: E [O(n)]
  1: f5->f8, E1: inf [Infinity]
  1: f5->f8, E2: inf [Infinity]
  1: f5->f8, F: F [O(n)]
  1: f5->f8, F1: inf [Infinity]
  1: f5->f8, F2: inf [Infinity]
  1: f5->f8, G: G [O(n)]
  1: f5->f8, G1: inf [Infinity]
  1: f5->f8, G2: inf [Infinity]
  1: f5->f8, H: H [O(n)]
  1: f5->f8, H1: inf [Infinity]
  1: f5->f8, H2: inf [Infinity]
  1: f5->f8, I: I [O(n)]
  1: f5->f8, I1: inf [Infinity]
  1: f5->f8, I2: inf [Infinity]
  1: f5->f8, J: J [O(n)]
  1: f5->f8, J1: inf [Infinity]
  1: f5->f8, J2: inf [Infinity]
  1: f5->f8, K: K [O(n)]
  1: f5->f8, K1: inf [Infinity]
  1: f5->f8, K2: inf [Infinity]
  1: f5->f8, L: L [O(n)]
  1: f5->f8, L1: inf [Infinity]
  1: f5->f8, L2: inf [Infinity]
  1: f5->f8, M: M [O(n)]
  1: f5->f8, M1: inf [Infinity]
  1: f5->f8, N: N [O(n)]
  1: f5->f8, N1: inf [Infinity]
  1: f5->f8, O: O [O(n)]
  1: f5->f8, O1: inf [Infinity]
  1: f5->f8, P: P [O(n)]
  1: f5->f8, P1: inf [Infinity]
  1: f5->f8, Q: Q [O(n)]
  1: f5->f8, Q1: inf [Infinity]
  1: f5->f8, R: R [O(n)]
  1: f5->f8, R1: inf [Infinity]
  1: f5->f8, S: S [O(n)]
  1: f5->f8, S1: inf [Infinity]
  1: f5->f8, T: T [O(n)]
  1: f5->f8, T1: inf [Infinity]
  1: f5->f8, U: U [O(n)]
  1: f5->f8, U1: inf [Infinity]
  1: f5->f8, V: V [O(n)]
  1: f5->f8, V1: inf [Infinity]
  1: f5->f8, W: W [O(n)]
  1: f5->f8, W1: inf [Infinity]
  1: f5->f8, X: X [O(n)]
  1: f5->f8, X1: inf [Infinity]
  1: f5->f8, Y: Y [O(n)]
  1: f5->f8, Y1: inf [Infinity]
  1: f5->f8, Z: Z [O(n)]
  1: f5->f8, Z1: inf [Infinity]
  41: f5->f17, A: A [O(n)]
  41: f5->f17, A1: A1 [O(n)]
  41: f5->f17, A2: inf [Infinity]
  41: f5->f17, B: max{B, 1+A} [O(n)]
  41: f5->f17, B1: inf [Infinity]
  41: f5->f17, B2: inf [Infinity]
  41: f5->f17, C: max{C, 1+A} [O(n)]
  41: f5->f17, C1: inf [Infinity]
  41: f5->f17, C2: inf [Infinity]
  41: f5->f17, D: D [O(n)]
  41: f5->f17, D1: inf [Infinity]
  41: f5->f17, D2: inf [Infinity]
  41: f5->f17, E: E [O(n)]
  41: f5->f17, E1: inf [Infinity]
  41: f5->f17, E2: inf [Infinity]
  41: f5->f17, F: F [O(n)]
  41: f5->f17, F1: inf [Infinity]
  41: f5->f17, F2: inf [Infinity]
  41: f5->f17, G: G [O(n)]
  41: f5->f17, G1: inf [Infinity]
  41: f5->f17, G2: inf [Infinity]
  41: f5->f17, H: H [O(n)]
  41: f5->f17, H1: inf [Infinity]
  41: f5->f17, H2: inf [Infinity]
  41: f5->f17, I: I [O(n)]
  41: f5->f17, I1: inf [Infinity]
  41: f5->f17, I2: inf [Infinity]
  41: f5->f17, J: J [O(n)]
  41: f5->f17, J1: inf [Infinity]
  41: f5->f17, J2: inf [Infinity]
  41: f5->f17, K: K [O(n)]
  41: f5->f17, K1: inf [Infinity]
  41: f5->f17, K2: inf [Infinity]
  41: f5->f17, L: L [O(n)]
  41: f5->f17, L1: inf [Infinity]
  41: f5->f17, L2: inf [Infinity]
  41: f5->f17, M: M [O(n)]
  41: f5->f17, M1: inf [Infinity]
  41: f5->f17, N: N [O(n)]
  41: f5->f17, N1: inf [Infinity]
  41: f5->f17, O: O [O(n)]
  41: f5->f17, O1: inf [Infinity]
  41: f5->f17, P: P [O(n)]
  41: f5->f17, P1: inf [Infinity]
  41: f5->f17, Q: Q [O(n)]
  41: f5->f17, Q1: inf [Infinity]
  41: f5->f17, R: R [O(n)]
  41: f5->f17, R1: inf [Infinity]
  41: f5->f17, S: S [O(n)]
  41: f5->f17, S1: inf [Infinity]
  41: f5->f17, T: T [O(n)]
  41: f5->f17, T1: inf [Infinity]
  41: f5->f17, U: U [O(n)]
  41: f5->f17, U1: inf [Infinity]
  41: f5->f17, V: V [O(n)]
  41: f5->f17, V1: inf [Infinity]
  41: f5->f17, W: W [O(n)]
  41: f5->f17, W1: inf [Infinity]
  41: f5->f17, X: X [O(n)]
  41: f5->f17, X1: inf [Infinity]
  41: f5->f17, Y: Y [O(n)]
  41: f5->f17, Y1: inf [Infinity]
  41: f5->f17, Z: Z [O(n)]
  41: f5->f17, Z1: inf [Infinity]
  2: f8->f8, A: A [O(n)]
  2: f8->f8, A1: A1 [O(n)]
  2: f8->f8, A2: inf [Infinity]
  2: f8->f8, B: A [O(n)]
  2: f8->f8, B1: inf [Infinity]
  2: f8->f8, B2: inf [Infinity]
  2: f8->f8, C: 1+A [O(n)]
  2: f8->f8, C1: inf [Infinity]
  2: f8->f8, C2: inf [Infinity]
  2: f8->f8, D: D [O(n)]
  2: f8->f8, D1: inf [Infinity]
  2: f8->f8, D2: inf [Infinity]
  2: f8->f8, E: E [O(n)]
  2: f8->f8, E1: inf [Infinity]
  2: f8->f8, E2: inf [Infinity]
  2: f8->f8, F: F [O(n)]
  2: f8->f8, F1: inf [Infinity]
  2: f8->f8, F2: inf [Infinity]
  2: f8->f8, G: G [O(n)]
  2: f8->f8, G1: inf [Infinity]
  2: f8->f8, G2: inf [Infinity]
  2: f8->f8, H: H [O(n)]
  2: f8->f8, H1: inf [Infinity]
  2: f8->f8, H2: inf [Infinity]
  2: f8->f8, I: I [O(n)]
  2: f8->f8, I1: inf [Infinity]
  2: f8->f8, I2: inf [Infinity]
  2: f8->f8, J: J [O(n)]
  2: f8->f8, J1: inf [Infinity]
  2: f8->f8, J2: inf [Infinity]
  2: f8->f8, K: K [O(n)]
  2: f8->f8, K1: inf [Infinity]
  2: f8->f8, K2: inf [Infinity]
  2: f8->f8, L: L [O(n)]
  2: f8->f8, L1: inf [Infinity]
  2: f8->f8, L2: inf [Infinity]
  2: f8->f8, M: M [O(n)]
  2: f8->f8, M1: inf [Infinity]
  2: f8->f8, N: N [O(n)]
  2: f8->f8, N1: inf [Infinity]
  2: f8->f8, O: O [O(n)]
  2: f8->f8, O1: inf [Infinity]
  2: f8->f8, P: P [O(n)]
  2: f8->f8, P1: inf [Infinity]
  2: f8->f8, Q: Q [O(n)]
  2: f8->f8, Q1: inf [Infinity]
  2: f8->f8, R: R [O(n)]
  2: f8->f8, R1: inf [Infinity]
  2: f8->f8, S: S [O(n)]
  2: f8->f8, S1: inf [Infinity]
  2: f8->f8, T: T [O(n)]
  2: f8->f8, T1: inf [Infinity]
  2: f8->f8, U: U [O(n)]
  2: f8->f8, U1: inf [Infinity]
  2: f8->f8, V: V [O(n)]
  2: f8->f8, V1: inf [Infinity]
  2: f8->f8, W: W [O(n)]
  2: f8->f8, W1: inf [Infinity]
  2: f8->f8, X: X [O(n)]
  2: f8->f8, X1: inf [Infinity]
  2: f8->f8, Y: Y [O(n)]
  2: f8->f8, Y1: inf [Infinity]
  2: f8->f8, Z: Z [O(n)]
  2: f8->f8, Z1: inf [Infinity]
  40: f8->f5, A: A [O(n)]
  40: f8->f5, A1: A1 [O(n)]
  40: f8->f5, A2: inf [Infinity]
  40: f8->f5, B: 1+A [O(n)]
  40: f8->f5, B1: inf [Infinity]
  40: f8->f5, B2: inf [Infinity]
  40: f8->f5, C: max{C, 1+A} [O(n)]
  40: f8->f5, C1: inf [Infinity]
  40: f8->f5, C2: inf [Infinity]
  40: f8->f5, D: D [O(n)]
  40: f8->f5, D1: inf [Infinity]
  40: f8->f5, D2: inf [Infinity]
  40: f8->f5, E: E [O(n)]
  40: f8->f5, E1: inf [Infinity]
  40: f8->f5, E2: inf [Infinity]
  40: f8->f5, F: F [O(n)]
  40: f8->f5, F1: inf [Infinity]
  40: f8->f5, F2: inf [Infinity]
  40: f8->f5, G: G [O(n)]
  40: f8->f5, G1: inf [Infinity]
  40: f8->f5, G2: inf [Infinity]
  40: f8->f5, H: H [O(n)]
  40: f8->f5, H1: inf [Infinity]
  40: f8->f5, H2: inf [Infinity]
  40: f8->f5, I: I [O(n)]
  40: f8->f5, I1: inf [Infinity]
  40: f8->f5, I2: inf [Infinity]
  40: f8->f5, J: J [O(n)]
  40: f8->f5, J1: inf [Infinity]
  40: f8->f5, J2: inf [Infinity]
  40: f8->f5, K: K [O(n)]
  40: f8->f5, K1: inf [Infinity]
  40: f8->f5, K2: inf [Infinity]
  40: f8->f5, L: L [O(n)]
  40: f8->f5, L1: inf [Infinity]
  40: f8->f5, L2: inf [Infinity]
  40: f8->f5, M: M [O(n)]
  40: f8->f5, M1: inf [Infinity]
  40: f8->f5, N: N [O(n)]
  40: f8->f5, N1: inf [Infinity]
  40: f8->f5, O: O [O(n)]
  40: f8->f5, O1: inf [Infinity]
  40: f8->f5, P: P [O(n)]
  40: f8->f5, P1: inf [Infinity]
  40: f8->f5, Q: Q [O(n)]
  40: f8->f5, Q1: inf [Infinity]
  40: f8->f5, R: R [O(n)]
  40: f8->f5, R1: inf [Infinity]
  40: f8->f5, S: S [O(n)]
  40: f8->f5, S1: inf [Infinity]
  40: f8->f5, T: T [O(n)]
  40: f8->f5, T1: inf [Infinity]
  40: f8->f5, U: U [O(n)]
  40: f8->f5, U1: inf [Infinity]
  40: f8->f5, V: V [O(n)]
  40: f8->f5, V1: inf [Infinity]
  40: f8->f5, W: W [O(n)]
  40: f8->f5, W1: inf [Infinity]
  40: f8->f5, X: X [O(n)]
  40: f8->f5, X1: inf [Infinity]
  40: f8->f5, Y: Y [O(n)]
  40: f8->f5, Y1: inf [Infinity]
  40: f8->f5, Z: Z [O(n)]
  40: f8->f5, Z1: inf [Infinity]
