Timebounds: 
  Overall timebound: 4+max{0, 1+A-B}+max{2, 3+A-B}+max{0, 1+A-C} [O(n)]
  0: f0->f16: 1 [O(1)]
  1: f16->f18: max{0, 1+A-B} [O(n)]
  41: f16->f26: 1 [O(1)]
  2: f18->f18: max{0, 1+A-C} [O(n)]
  40: f18->f16: max{0, 1+A-B} [O(n)]
  39: f26->f35: 1 [O(1)]
  4: f35->f38: 1 [O(1)]
  38: f35->f52: 1 [O(1)]
  37: f38->f52: 1 [O(1)]

Costbounds:
  Overall costbound: 4+max{0, 1+A-B}+max{2, 3+A-B}+max{0, 1+A-C} [O(n)]
  0: f0->f16: 1 [O(1)]
  1: f16->f18: max{0, 1+A-B} [O(n)]
  41: f16->f26: 1 [O(1)]
  2: f18->f18: max{0, 1+A-C} [O(n)]
  40: f18->f16: max{0, 1+A-B} [O(n)]
  39: f26->f35: 1 [O(1)]
  4: f35->f38: 1 [O(1)]
  38: f35->f52: 1 [O(1)]
  37: f38->f52: 1 [O(1)]

Sizebounds:
`Lower:
  0: f0->f16, A: A [O(n)]
  0: f0->f16, A1: A1 [O(n)]
  0: f0->f16, B: B [O(n)]
  0: f0->f16, C: C [O(n)]
  0: f0->f16, D: D [O(n)]
  0: f0->f16, E: E [O(n)]
  0: f0->f16, F: F [O(n)]
  0: f0->f16, G: G [O(n)]
  0: f0->f16, H: H [O(n)]
  0: f0->f16, I: I [O(n)]
  0: f0->f16, J: J [O(n)]
  0: f0->f16, K: K [O(n)]
  0: f0->f16, L: L [O(n)]
  0: f0->f16, M: M [O(n)]
  0: f0->f16, N: N [O(n)]
  0: f0->f16, O: O [O(n)]
  0: f0->f16, P: P [O(n)]
  0: f0->f16, Q: Q [O(n)]
  0: f0->f16, R: R [O(n)]
  0: f0->f16, S: S [O(n)]
  0: f0->f16, T: T [O(n)]
  0: f0->f16, U: U [O(n)]
  0: f0->f16, V: V [O(n)]
  0: f0->f16, W: W [O(n)]
  0: f0->f16, X: X [O(n)]
  0: f0->f16, Y: Y [O(n)]
  0: f0->f16, Z: Z [O(n)]
  1: f16->f18, A: -max{0, -A} [O(n)]
  1: f16->f18, A1: -max{0, -A1} [O(n)]
  1: f16->f18, D: -max{0, -D} [O(n)]
  1: f16->f18, E: -max{0, -E} [O(n)]
  1: f16->f18, F: -max{0, -F} [O(n)]
  1: f16->f18, G: -max{0, -G} [O(n)]
  1: f16->f18, H: -max{0, -H} [O(n)]
  1: f16->f18, I: -max{0, -I} [O(n)]
  1: f16->f18, J: -max{0, -J} [O(n)]
  1: f16->f18, K: -max{0, -K} [O(n)]
  1: f16->f18, L: -max{0, -L} [O(n)]
  1: f16->f18, M: -max{0, -M} [O(n)]
  1: f16->f18, N: -max{0, -N} [O(n)]
  1: f16->f18, O: -max{0, -O} [O(n)]
  1: f16->f18, P: -max{0, -P} [O(n)]
  1: f16->f18, Q: -max{0, -Q} [O(n)]
  1: f16->f18, R: -max{0, -R} [O(n)]
  1: f16->f18, S: -max{0, -S} [O(n)]
  1: f16->f18, T: -max{0, -T} [O(n)]
  1: f16->f18, U: -max{0, -U} [O(n)]
  1: f16->f18, V: -max{0, -V} [O(n)]
  1: f16->f18, W: -max{0, -W} [O(n)]
  1: f16->f18, X: -max{0, -X} [O(n)]
  1: f16->f18, Y: -max{0, -Y} [O(n)]
  1: f16->f18, Z: -max{0, -Z} [O(n)]
  41: f16->f26, A: -max{0, -A} [O(n)]
  41: f16->f26, A1: -max{0, -A1} [O(n)]
  41: f16->f26, B: -max{-1, -1-A} [O(n)]
  41: f16->f26, D: -max{0, -D} [O(n)]
  41: f16->f26, E: -max{0, -E} [O(n)]
  41: f16->f26, F: -max{0, -F} [O(n)]
  41: f16->f26, G: -max{0, -G} [O(n)]
  41: f16->f26, H: -max{0, -H} [O(n)]
  41: f16->f26, I: -max{0, -I} [O(n)]
  41: f16->f26, J: -max{0, -J} [O(n)]
  41: f16->f26, K: -max{0, -K} [O(n)]
  41: f16->f26, L: -max{0, -L} [O(n)]
  41: f16->f26, M: -max{0, -M} [O(n)]
  41: f16->f26, N: -max{0, -N} [O(n)]
  41: f16->f26, O: -max{0, -O} [O(n)]
  41: f16->f26, P: -max{0, -P} [O(n)]
  41: f16->f26, Q: -max{0, -Q} [O(n)]
  41: f16->f26, R: -max{0, -R} [O(n)]
  41: f16->f26, S: -max{0, -S} [O(n)]
  41: f16->f26, T: -max{0, -T} [O(n)]
  41: f16->f26, U: -max{0, -U} [O(n)]
  41: f16->f26, V: -max{0, -V} [O(n)]
  41: f16->f26, W: -max{0, -W} [O(n)]
  41: f16->f26, X: -max{0, -X} [O(n)]
  41: f16->f26, Y: -max{0, -Y} [O(n)]
  41: f16->f26, Z: -max{0, -Z} [O(n)]
  2: f18->f18, A: -max{0, -A} [O(n)]
  2: f18->f18, A1: -max{0, -A1} [O(n)]
  2: f18->f18, D: -max{0, -D} [O(n)]
  2: f18->f18, E: -max{0, -E} [O(n)]
  2: f18->f18, F: -max{0, -F} [O(n)]
  2: f18->f18, G: -max{0, -G} [O(n)]
  2: f18->f18, H: -max{0, -H} [O(n)]
  2: f18->f18, I: -max{0, -I} [O(n)]
  2: f18->f18, J: -max{0, -J} [O(n)]
  2: f18->f18, K: -max{0, -K} [O(n)]
  2: f18->f18, L: -max{0, -L} [O(n)]
  2: f18->f18, M: -max{0, -M} [O(n)]
  2: f18->f18, N: -max{0, -N} [O(n)]
  2: f18->f18, O: -max{0, -O} [O(n)]
  2: f18->f18, P: -max{0, -P} [O(n)]
  2: f18->f18, Q: -max{0, -Q} [O(n)]
  2: f18->f18, R: -max{0, -R} [O(n)]
  2: f18->f18, S: -max{0, -S} [O(n)]
  2: f18->f18, T: -max{0, -T} [O(n)]
  2: f18->f18, U: -max{0, -U} [O(n)]
  2: f18->f18, V: -max{0, -V} [O(n)]
  2: f18->f18, W: -max{0, -W} [O(n)]
  2: f18->f18, X: -max{0, -X} [O(n)]
  2: f18->f18, Y: -max{0, -Y} [O(n)]
  2: f18->f18, Z: -max{0, -Z} [O(n)]
  40: f18->f16, A: -max{0, -A} [O(n)]
  40: f18->f16, A1: -max{0, -A1} [O(n)]
  40: f18->f16, D: -max{0, -D} [O(n)]
  40: f18->f16, E: -max{0, -E} [O(n)]
  40: f18->f16, F: -max{0, -F} [O(n)]
  40: f18->f16, G: -max{0, -G} [O(n)]
  40: f18->f16, H: -max{0, -H} [O(n)]
  40: f18->f16, I: -max{0, -I} [O(n)]
  40: f18->f16, J: -max{0, -J} [O(n)]
  40: f18->f16, K: -max{0, -K} [O(n)]
  40: f18->f16, L: -max{0, -L} [O(n)]
  40: f18->f16, M: -max{0, -M} [O(n)]
  40: f18->f16, N: -max{0, -N} [O(n)]
  40: f18->f16, O: -max{0, -O} [O(n)]
  40: f18->f16, P: -max{0, -P} [O(n)]
  40: f18->f16, Q: -max{0, -Q} [O(n)]
  40: f18->f16, R: -max{0, -R} [O(n)]
  40: f18->f16, S: -max{0, -S} [O(n)]
  40: f18->f16, T: -max{0, -T} [O(n)]
  40: f18->f16, U: -max{0, -U} [O(n)]
  40: f18->f16, V: -max{0, -V} [O(n)]
  40: f18->f16, W: -max{0, -W} [O(n)]
  40: f18->f16, X: -max{0, -X} [O(n)]
  40: f18->f16, Y: -max{0, -Y} [O(n)]
  40: f18->f16, Z: -max{0, -Z} [O(n)]
  39: f26->f35, A: -max{0, -A} [O(n)]
  39: f26->f35, A1: -max{0, -A1} [O(n)]
  39: f26->f35, B: 1-max{0, -A} [O(n)]
  39: f26->f35, D: -max{0, -D} [O(n)]
  39: f26->f35, E: -max{0, -E} [O(n)]
  39: f26->f35, F: -max{0, -F} [O(n)]
  39: f26->f35, G: -max{0, -G} [O(n)]
  39: f26->f35, H: -max{0, -H} [O(n)]
  39: f26->f35, I: -max{0, -I} [O(n)]
  39: f26->f35, J: -max{0, -J} [O(n)]
  39: f26->f35, K: -max{0, -K} [O(n)]
  39: f26->f35, L: -max{0, -L} [O(n)]
  39: f26->f35, M: -max{0, -M} [O(n)]
  39: f26->f35, N: -max{0, -N} [O(n)]
  39: f26->f35, O: -max{0, -O} [O(n)]
  39: f26->f35, P: -max{0, -P} [O(n)]
  39: f26->f35, Q: -max{0, -Q} [O(n)]
  39: f26->f35, R: -max{0, -R} [O(n)]
  39: f26->f35, S: -max{0, -S} [O(n)]
  39: f26->f35, T: -max{0, -T} [O(n)]
  39: f26->f35, U: -max{0, -U} [O(n)]
  39: f26->f35, V: -max{0, -V} [O(n)]
  39: f26->f35, W: -max{0, -W} [O(n)]
  39: f26->f35, X: -max{0, -X} [O(n)]
  39: f26->f35, Y: -max{0, -Y} [O(n)]
  39: f26->f35, Z: -max{0, -Z} [O(n)]
  4: f35->f38, A: -max{0, -A} [O(n)]
  4: f35->f38, A1: -max{0, -A1} [O(n)]
  4: f35->f38, B: 1-max{0, -A} [O(n)]
  4: f35->f38, D: -max{0, -D} [O(n)]
  4: f35->f38, E: -max{0, -E} [O(n)]
  4: f35->f38, F: 0 [O(1)]
  4: f35->f38, G: -max{0, -G} [O(n)]
  4: f35->f38, H: -max{0, -H} [O(n)]
  4: f35->f38, I: -max{0, -I} [O(n)]
  4: f35->f38, J: -max{0, -J} [O(n)]
  4: f35->f38, K: -max{0, -K} [O(n)]
  4: f35->f38, L: -max{0, -L} [O(n)]
  4: f35->f38, M: -max{0, -M} [O(n)]
  4: f35->f38, N: -max{0, -N} [O(n)]
  4: f35->f38, O: -max{0, -O} [O(n)]
  4: f35->f38, P: -max{0, -P} [O(n)]
  4: f35->f38, Q: -max{0, -Q} [O(n)]
  4: f35->f38, R: -max{0, -R} [O(n)]
  4: f35->f38, S: -max{0, -S} [O(n)]
  4: f35->f38, T: -max{0, -T} [O(n)]
  4: f35->f38, U: -max{0, -U} [O(n)]
  4: f35->f38, V: -max{0, -V} [O(n)]
  4: f35->f38, W: -max{0, -W} [O(n)]
  4: f35->f38, X: -max{0, -X} [O(n)]
  4: f35->f38, Y: -max{0, -Y} [O(n)]
  4: f35->f38, Z: -max{0, -Z} [O(n)]
  38: f35->f52, A: -max{0, -A} [O(n)]
  38: f35->f52, A1: -max{0, -A1} [O(n)]
  38: f35->f52, B: 1-max{0, -A} [O(n)]
  38: f35->f52, D: -max{0, -D} [O(n)]
  38: f35->f52, E: 51 [O(1)]
  38: f35->f52, F: -max{0, -F} [O(n)]
  38: f35->f52, G: -max{0, -G} [O(n)]
  38: f35->f52, H: -max{0, -H} [O(n)]
  38: f35->f52, I: -max{0, -I} [O(n)]
  38: f35->f52, J: -max{0, -J} [O(n)]
  38: f35->f52, K: -max{0, -K} [O(n)]
  38: f35->f52, L: -max{0, -L} [O(n)]
  38: f35->f52, M: -max{0, -M} [O(n)]
  38: f35->f52, N: -max{0, -N} [O(n)]
  38: f35->f52, O: -max{0, -O} [O(n)]
  38: f35->f52, P: -max{0, -P} [O(n)]
  38: f35->f52, Q: -max{0, -Q} [O(n)]
  38: f35->f52, R: -max{0, -R} [O(n)]
  38: f35->f52, S: -max{0, -S} [O(n)]
  38: f35->f52, T: -max{0, -T} [O(n)]
  38: f35->f52, U: -max{0, -U} [O(n)]
  38: f35->f52, V: -max{0, -V} [O(n)]
  38: f35->f52, W: -max{0, -W} [O(n)]
  38: f35->f52, X: -max{0, -X} [O(n)]
  38: f35->f52, Y: -max{0, -Y} [O(n)]
  38: f35->f52, Z: -max{0, -Z} [O(n)]
  37: f38->f52, A: -max{0, -A} [O(n)]
  37: f38->f52, A1: -max{0, -A1} [O(n)]
  37: f38->f52, B: 1-max{0, -A} [O(n)]
  37: f38->f52, D: -max{0, -D} [O(n)]
  37: f38->f52, F: 0 [O(1)]
  37: f38->f52, G: -max{0, -G} [O(n)]
  37: f38->f52, H: -max{0, -H} [O(n)]
  37: f38->f52, I: -max{0, -I} [O(n)]
  37: f38->f52, J: -max{0, -J} [O(n)]
  37: f38->f52, K: -max{0, -K} [O(n)]
  37: f38->f52, L: -max{0, -L} [O(n)]
  37: f38->f52, M: -max{0, -M} [O(n)]
  37: f38->f52, N: -max{0, -N} [O(n)]
  37: f38->f52, O: -max{0, -O} [O(n)]
  37: f38->f52, P: -max{0, -P} [O(n)]
  37: f38->f52, Q: -max{0, -Q} [O(n)]
  37: f38->f52, R: -max{0, -R} [O(n)]
  37: f38->f52, S: -max{0, -S} [O(n)]
  37: f38->f52, T: -max{0, -T} [O(n)]
  37: f38->f52, U: -max{0, -U} [O(n)]
  37: f38->f52, V: -max{0, -V} [O(n)]
  37: f38->f52, W: -max{0, -W} [O(n)]
  37: f38->f52, X: -max{0, -X} [O(n)]
  37: f38->f52, Y: -max{0, -Y} [O(n)]
  37: f38->f52, Z: -max{0, -Z} [O(n)]
`Upper:
  0: f0->f16, A: A [O(n)]
  0: f0->f16, A1: A1 [O(n)]
  0: f0->f16, B: B [O(n)]
  0: f0->f16, C: C [O(n)]
  0: f0->f16, D: D [O(n)]
  0: f0->f16, E: E [O(n)]
  0: f0->f16, F: F [O(n)]
  0: f0->f16, G: G [O(n)]
  0: f0->f16, H: H [O(n)]
  0: f0->f16, I: I [O(n)]
  0: f0->f16, J: J [O(n)]
  0: f0->f16, K: K [O(n)]
  0: f0->f16, L: L [O(n)]
  0: f0->f16, M: M [O(n)]
  0: f0->f16, N: N [O(n)]
  0: f0->f16, O: O [O(n)]
  0: f0->f16, P: P [O(n)]
  0: f0->f16, Q: Q [O(n)]
  0: f0->f16, R: R [O(n)]
  0: f0->f16, S: S [O(n)]
  0: f0->f16, T: T [O(n)]
  0: f0->f16, U: U [O(n)]
  0: f0->f16, V: V [O(n)]
  0: f0->f16, W: W [O(n)]
  0: f0->f16, X: X [O(n)]
  0: f0->f16, Y: Y [O(n)]
  0: f0->f16, Z: Z [O(n)]
  1: f16->f18, A: max{0, A} [O(n)]
  1: f16->f18, A1: max{0, A1} [O(n)]
  1: f16->f18, B: max{0, A} [O(n)]
  1: f16->f18, C: max{1, C, 1+A} [O(n)]
  1: f16->f18, D: max{0, D} [O(n)]
  1: f16->f18, E: max{0, E} [O(n)]
  1: f16->f18, F: max{0, F} [O(n)]
  1: f16->f18, G: max{0, G} [O(n)]
  1: f16->f18, H: max{0, H} [O(n)]
  1: f16->f18, I: max{0, I} [O(n)]
  1: f16->f18, J: max{0, J} [O(n)]
  1: f16->f18, K: max{0, K} [O(n)]
  1: f16->f18, L: max{0, L} [O(n)]
  1: f16->f18, M: max{0, M} [O(n)]
  1: f16->f18, N: max{0, N} [O(n)]
  1: f16->f18, O: max{0, O} [O(n)]
  1: f16->f18, P: max{0, P} [O(n)]
  1: f16->f18, Q: max{0, Q} [O(n)]
  1: f16->f18, R: max{0, R} [O(n)]
  1: f16->f18, S: max{0, S} [O(n)]
  1: f16->f18, T: max{0, T} [O(n)]
  1: f16->f18, U: max{0, U} [O(n)]
  1: f16->f18, V: max{0, V} [O(n)]
  1: f16->f18, W: max{0, W} [O(n)]
  1: f16->f18, X: max{0, X} [O(n)]
  1: f16->f18, Y: max{0, Y} [O(n)]
  1: f16->f18, Z: max{0, Z} [O(n)]
  41: f16->f26, A: max{0, A} [O(n)]
  41: f16->f26, A1: max{0, A1} [O(n)]
  41: f16->f26, B: max{1, B, 1+A} [O(n)]
  41: f16->f26, C: max{1, C, max{C, 1+A}} [O(n)]
  41: f16->f26, D: max{0, D} [O(n)]
  41: f16->f26, E: max{0, E} [O(n)]
  41: f16->f26, F: max{0, F} [O(n)]
  41: f16->f26, G: max{0, G} [O(n)]
  41: f16->f26, H: max{0, H} [O(n)]
  41: f16->f26, I: max{0, I} [O(n)]
  41: f16->f26, J: max{0, J} [O(n)]
  41: f16->f26, K: max{0, K} [O(n)]
  41: f16->f26, L: max{0, L} [O(n)]
  41: f16->f26, M: max{0, M} [O(n)]
  41: f16->f26, N: max{0, N} [O(n)]
  41: f16->f26, O: max{0, O} [O(n)]
  41: f16->f26, P: max{0, P} [O(n)]
  41: f16->f26, Q: max{0, Q} [O(n)]
  41: f16->f26, R: max{0, R} [O(n)]
  41: f16->f26, S: max{0, S} [O(n)]
  41: f16->f26, T: max{0, T} [O(n)]
  41: f16->f26, U: max{0, U} [O(n)]
  41: f16->f26, V: max{0, V} [O(n)]
  41: f16->f26, W: max{0, W} [O(n)]
  41: f16->f26, X: max{0, X} [O(n)]
  41: f16->f26, Y: max{0, Y} [O(n)]
  41: f16->f26, Z: max{0, Z} [O(n)]
  2: f18->f18, A: max{0, A} [O(n)]
  2: f18->f18, A1: max{0, A1} [O(n)]
  2: f18->f18, B: max{0, A} [O(n)]
  2: f18->f18, C: max{1, 1+A} [O(n)]
  2: f18->f18, D: max{0, D} [O(n)]
  2: f18->f18, E: max{0, E} [O(n)]
  2: f18->f18, F: max{0, F} [O(n)]
  2: f18->f18, G: max{0, G} [O(n)]
  2: f18->f18, H: max{0, H} [O(n)]
  2: f18->f18, I: max{0, I} [O(n)]
  2: f18->f18, J: max{0, J} [O(n)]
  2: f18->f18, K: max{0, K} [O(n)]
  2: f18->f18, L: max{0, L} [O(n)]
  2: f18->f18, M: max{0, M} [O(n)]
  2: f18->f18, N: max{0, N} [O(n)]
  2: f18->f18, O: max{0, O} [O(n)]
  2: f18->f18, P: max{0, P} [O(n)]
  2: f18->f18, Q: max{0, Q} [O(n)]
  2: f18->f18, R: max{0, R} [O(n)]
  2: f18->f18, S: max{0, S} [O(n)]
  2: f18->f18, T: max{0, T} [O(n)]
  2: f18->f18, U: max{0, U} [O(n)]
  2: f18->f18, V: max{0, V} [O(n)]
  2: f18->f18, W: max{0, W} [O(n)]
  2: f18->f18, X: max{0, X} [O(n)]
  2: f18->f18, Y: max{0, Y} [O(n)]
  2: f18->f18, Z: max{0, Z} [O(n)]
  40: f18->f16, A: max{0, A} [O(n)]
  40: f18->f16, A1: max{0, A1} [O(n)]
  40: f18->f16, B: max{1, 1+A} [O(n)]
  40: f18->f16, C: max{1, C, 1+A} [O(n)]
  40: f18->f16, D: max{0, D} [O(n)]
  40: f18->f16, E: max{0, E} [O(n)]
  40: f18->f16, F: max{0, F} [O(n)]
  40: f18->f16, G: max{0, G} [O(n)]
  40: f18->f16, H: max{0, H} [O(n)]
  40: f18->f16, I: max{0, I} [O(n)]
  40: f18->f16, J: max{0, J} [O(n)]
  40: f18->f16, K: max{0, K} [O(n)]
  40: f18->f16, L: max{0, L} [O(n)]
  40: f18->f16, M: max{0, M} [O(n)]
  40: f18->f16, N: max{0, N} [O(n)]
  40: f18->f16, O: max{0, O} [O(n)]
  40: f18->f16, P: max{0, P} [O(n)]
  40: f18->f16, Q: max{0, Q} [O(n)]
  40: f18->f16, R: max{0, R} [O(n)]
  40: f18->f16, S: max{0, S} [O(n)]
  40: f18->f16, T: max{0, T} [O(n)]
  40: f18->f16, U: max{0, U} [O(n)]
  40: f18->f16, V: max{0, V} [O(n)]
  40: f18->f16, W: max{0, W} [O(n)]
  40: f18->f16, X: max{0, X} [O(n)]
  40: f18->f16, Y: max{0, Y} [O(n)]
  40: f18->f16, Z: max{0, Z} [O(n)]
  39: f26->f35, A: max{0, A} [O(n)]
  39: f26->f35, A1: max{0, A1} [O(n)]
  39: f26->f35, B: max{1, B, 1+A} [O(n)]
  39: f26->f35, C: max{1, C, max{C, 1+A}} [O(n)]
  39: f26->f35, D: max{0, D} [O(n)]
  39: f26->f35, E: max{0, E} [O(n)]
  39: f26->f35, F: max{0, F} [O(n)]
  39: f26->f35, G: max{0, G} [O(n)]
  39: f26->f35, H: max{0, H} [O(n)]
  39: f26->f35, I: max{0, I} [O(n)]
  39: f26->f35, J: max{0, J} [O(n)]
  39: f26->f35, K: max{0, K} [O(n)]
  39: f26->f35, L: max{0, L} [O(n)]
  39: f26->f35, M: max{0, M} [O(n)]
  39: f26->f35, N: max{0, N} [O(n)]
  39: f26->f35, O: max{0, O} [O(n)]
  39: f26->f35, P: max{0, P} [O(n)]
  39: f26->f35, Q: max{0, Q} [O(n)]
  39: f26->f35, R: max{0, R} [O(n)]
  39: f26->f35, S: max{0, S} [O(n)]
  39: f26->f35, T: max{0, T} [O(n)]
  39: f26->f35, U: max{0, U} [O(n)]
  39: f26->f35, V: max{0, V} [O(n)]
  39: f26->f35, W: max{0, W} [O(n)]
  39: f26->f35, X: max{0, X} [O(n)]
  39: f26->f35, Y: max{0, Y} [O(n)]
  39: f26->f35, Z: max{0, Z} [O(n)]
  4: f35->f38, A: max{0, A} [O(n)]
  4: f35->f38, A1: max{0, A1} [O(n)]
  4: f35->f38, B: max{1, B, 1+A} [O(n)]
  4: f35->f38, C: max{1, C, max{C, 1+A}} [O(n)]
  4: f35->f38, D: max{0, D} [O(n)]
  4: f35->f38, E: 50 [O(1)]
  4: f35->f38, F: 0 [O(1)]
  4: f35->f38, G: max{0, G} [O(n)]
  4: f35->f38, H: max{0, H} [O(n)]
  4: f35->f38, I: max{0, I} [O(n)]
  4: f35->f38, J: max{0, J} [O(n)]
  4: f35->f38, K: max{0, K} [O(n)]
  4: f35->f38, L: max{0, L} [O(n)]
  4: f35->f38, M: max{0, M} [O(n)]
  4: f35->f38, N: max{0, N} [O(n)]
  4: f35->f38, O: max{0, O} [O(n)]
  4: f35->f38, P: max{0, P} [O(n)]
  4: f35->f38, Q: max{0, Q} [O(n)]
  4: f35->f38, R: max{0, R} [O(n)]
  4: f35->f38, S: max{0, S} [O(n)]
  4: f35->f38, T: max{0, T} [O(n)]
  4: f35->f38, U: max{0, U} [O(n)]
  4: f35->f38, V: max{0, V} [O(n)]
  4: f35->f38, W: max{0, W} [O(n)]
  4: f35->f38, X: max{0, X} [O(n)]
  4: f35->f38, Y: max{0, Y} [O(n)]
  4: f35->f38, Z: max{0, Z} [O(n)]
  38: f35->f52, A: max{0, A} [O(n)]
  38: f35->f52, A1: max{0, A1} [O(n)]
  38: f35->f52, B: max{1, B, 1+A} [O(n)]
  38: f35->f52, C: max{1, C, max{C, 1+A}} [O(n)]
  38: f35->f52, D: max{0, D} [O(n)]
  38: f35->f52, E: max{0, E} [O(n)]
  38: f35->f52, F: max{0, F} [O(n)]
  38: f35->f52, G: max{0, G} [O(n)]
  38: f35->f52, H: max{0, H} [O(n)]
  38: f35->f52, I: max{0, I} [O(n)]
  38: f35->f52, J: max{0, J} [O(n)]
  38: f35->f52, K: max{0, K} [O(n)]
  38: f35->f52, L: max{0, L} [O(n)]
  38: f35->f52, M: max{0, M} [O(n)]
  38: f35->f52, N: max{0, N} [O(n)]
  38: f35->f52, O: max{0, O} [O(n)]
  38: f35->f52, P: max{0, P} [O(n)]
  38: f35->f52, Q: max{0, Q} [O(n)]
  38: f35->f52, R: max{0, R} [O(n)]
  38: f35->f52, S: max{0, S} [O(n)]
  38: f35->f52, T: max{0, T} [O(n)]
  38: f35->f52, U: max{0, U} [O(n)]
  38: f35->f52, V: max{0, V} [O(n)]
  38: f35->f52, W: max{0, W} [O(n)]
  38: f35->f52, X: max{0, X} [O(n)]
  38: f35->f52, Y: max{0, Y} [O(n)]
  38: f35->f52, Z: max{0, Z} [O(n)]
  37: f38->f52, A: max{0, A} [O(n)]
  37: f38->f52, A1: max{0, A1} [O(n)]
  37: f38->f52, B: max{1, B, 1+A} [O(n)]
  37: f38->f52, C: max{1, C, max{C, 1+A}} [O(n)]
  37: f38->f52, D: max{0, D} [O(n)]
  37: f38->f52, E: 50 [O(1)]
  37: f38->f52, F: 0 [O(1)]
  37: f38->f52, G: max{0, G} [O(n)]
  37: f38->f52, H: max{0, H} [O(n)]
  37: f38->f52, I: max{0, I} [O(n)]
  37: f38->f52, J: max{0, J} [O(n)]
  37: f38->f52, K: max{0, K} [O(n)]
  37: f38->f52, L: max{0, L} [O(n)]
  37: f38->f52, M: max{0, M} [O(n)]
  37: f38->f52, N: max{0, N} [O(n)]
  37: f38->f52, O: max{0, O} [O(n)]
  37: f38->f52, P: max{0, P} [O(n)]
  37: f38->f52, Q: max{0, Q} [O(n)]
  37: f38->f52, R: max{0, R} [O(n)]
  37: f38->f52, S: max{0, S} [O(n)]
  37: f38->f52, T: max{0, T} [O(n)]
  37: f38->f52, U: max{0, U} [O(n)]
  37: f38->f52, V: max{0, V} [O(n)]
  37: f38->f52, W: max{0, W} [O(n)]
  37: f38->f52, X: max{0, X} [O(n)]
  37: f38->f52, Y: max{0, Y} [O(n)]
  37: f38->f52, Z: max{0, Z} [O(n)]
