Timebounds: 
  Overall timebound: inf [Infinity]
  0: f0->f8: 1 [O(1)]
  2: f10->f14: inf [Infinity]
  3: f10->f14: inf [Infinity]
  7: f10->f8: 29 [O(1)]
  4: f14->f10: inf [Infinity]
  5: f14->f10: inf [Infinity]
  6: f14->f10: inf [Infinity]
  1: f8->f10: 29 [O(1)]
  8: f8->f28: 1 [O(1)]

Costbounds:
  Overall costbound: inf [Infinity]
  0: f0->f8: 1 [O(1)]
  2: f10->f14: inf [Infinity]
  3: f10->f14: inf [Infinity]
  7: f10->f8: 29 [O(1)]
  4: f14->f10: inf [Infinity]
  5: f14->f10: inf [Infinity]
  6: f14->f10: inf [Infinity]
  1: f8->f10: 29 [O(1)]
  8: f8->f28: 1 [O(1)]

Sizebounds:
`Lower:
  0: f0->f8, A: 1 [O(1)]
  0: f0->f8, B: 1 [O(1)]
  0: f0->f8, C: 0 [O(1)]
  0: f0->f8, D: 1 [O(1)]
  0: f0->f8, E: 1 [O(1)]
  0: f0->f8, F: F [O(n)]
  2: f10->f14, A: 1 [O(1)]
  2: f10->f14, B: 1 [O(1)]
  2: f10->f14, C: 0 [O(1)]
  2: f10->f14, D: 7 [O(1)]
  2: f10->f14, F: F [O(n)]
  3: f10->f14, A: 1 [O(1)]
  3: f10->f14, B: 1 [O(1)]
  3: f10->f14, C: 0 [O(1)]
  3: f10->f14, D: 1 [O(1)]
  3: f10->f14, F: F [O(n)]
  7: f10->f8, A: 1 [O(1)]
  7: f10->f8, B: 1 [O(1)]
  7: f10->f8, C: 0 [O(1)]
  7: f10->f8, D: 3 [O(1)]
  7: f10->f8, E: -9 [O(1)]
  7: f10->f8, F: F [O(n)]
  4: f14->f10, A: 1 [O(1)]
  4: f14->f10, B: 1 [O(1)]
  4: f14->f10, C: 0 [O(1)]
  4: f14->f10, D: 11 [O(1)]
  4: f14->f10, E: 10 [O(1)]
  4: f14->f10, F: F [O(n)]
  5: f14->f10, A: 1 [O(1)]
  5: f14->f10, B: 1 [O(1)]
  5: f14->f10, C: 0 [O(1)]
  5: f14->f10, D: 2 [O(1)]
  5: f14->f10, E: 13 [O(1)]
  5: f14->f10, F: F [O(n)]
  6: f14->f10, A: 1 [O(1)]
  6: f14->f10, B: 1 [O(1)]
  6: f14->f10, C: 0 [O(1)]
  6: f14->f10, D: 2 [O(1)]
  6: f14->f10, F: F [O(n)]
  1: f8->f10, A: 1 [O(1)]
  1: f8->f10, B: 1 [O(1)]
  1: f8->f10, C: 0 [O(1)]
  1: f8->f10, D: 1 [O(1)]
  1: f8->f10, E: -9 [O(1)]
  1: f8->f10, F: F [O(n)]
  8: f8->f28, A: 1 [O(1)]
  8: f8->f28, B: 1 [O(1)]
  8: f8->f28, C: 1 [O(1)]
  8: f8->f28, D: 30 [O(1)]
  8: f8->f28, E: -9 [O(1)]
  8: f8->f28, F: 1 [O(1)]
`Upper:
  0: f0->f8, A: 1 [O(1)]
  0: f0->f8, B: 1 [O(1)]
  0: f0->f8, C: 0 [O(1)]
  0: f0->f8, D: 1 [O(1)]
  0: f0->f8, E: 1 [O(1)]
  0: f0->f8, F: F [O(n)]
  2: f10->f14, A: 1 [O(1)]
  2: f10->f14, B: 1 [O(1)]
  2: f10->f14, C: 0 [O(1)]
  2: f10->f14, F: F [O(n)]
  3: f10->f14, A: 1 [O(1)]
  3: f10->f14, B: 1 [O(1)]
  3: f10->f14, C: 0 [O(1)]
  3: f10->f14, E: 7 [O(1)]
  3: f10->f14, F: F [O(n)]
  7: f10->f8, A: 1 [O(1)]
  7: f10->f8, B: 1 [O(1)]
  7: f10->f8, C: 0 [O(1)]
  7: f10->f8, F: F [O(n)]
  4: f14->f10, A: 1 [O(1)]
  4: f14->f10, B: 1 [O(1)]
  4: f14->f10, C: 0 [O(1)]
  4: f14->f10, E: 12 [O(1)]
  4: f14->f10, F: F [O(n)]
  5: f14->f10, A: 1 [O(1)]
  5: f14->f10, B: 1 [O(1)]
  5: f14->f10, C: 0 [O(1)]
  5: f14->f10, F: F [O(n)]
  6: f14->f10, A: 1 [O(1)]
  6: f14->f10, B: 1 [O(1)]
  6: f14->f10, C: 0 [O(1)]
  6: f14->f10, E: 9 [O(1)]
  6: f14->f10, F: F [O(n)]
  1: f8->f10, A: 1 [O(1)]
  1: f8->f10, B: 1 [O(1)]
  1: f8->f10, C: 0 [O(1)]
  1: f8->f10, D: 29 [O(1)]
  1: f8->f10, F: F [O(n)]
  8: f8->f28, A: 1 [O(1)]
  8: f8->f28, B: 1 [O(1)]
  8: f8->f28, C: 1 [O(1)]
  8: f8->f28, F: 1 [O(1)]
