Timebounds: 
  Overall timebound: 210 [O(1)]
  0: f0->f6: 1 [O(1)]
  2: f14->f14: 71 [O(1)]
  5: f14->f57: 1 [O(1)]
  3: f57->f57: 71 [O(1)]
  4: f57->f101: 1 [O(1)]
  1: f6->f6: 64 [O(1)]
  6: f6->f14: 1 [O(1)]

Costbounds:
  Overall costbound: 210 [O(1)]
  0: f0->f6: 1 [O(1)]
  2: f14->f14: 71 [O(1)]
  5: f14->f57: 1 [O(1)]
  3: f57->f57: 71 [O(1)]
  4: f57->f101: 1 [O(1)]
  1: f6->f6: 64 [O(1)]
  6: f6->f14: 1 [O(1)]

Sizebounds:
`Lower:
  0: f0->f6, A: 0 [O(1)]
  0: f0->f6, B: 0 [O(1)]
  0: f0->f6, C: C [O(n)]
  0: f0->f6, D: D [O(n)]
  0: f0->f6, E: E [O(n)]
  0: f0->f6, F: F [O(n)]
  0: f0->f6, G: G [O(n)]
  0: f0->f6, H: H [O(n)]
  0: f0->f6, I: I [O(n)]
  0: f0->f6, J: J [O(n)]
  0: f0->f6, K: K [O(n)]
  0: f0->f6, L: L [O(n)]
  0: f0->f6, M: M [O(n)]
  0: f0->f6, N: N [O(n)]
  0: f0->f6, O: O [O(n)]
  0: f0->f6, P: P [O(n)]
  0: f0->f6, Q: Q [O(n)]
  0: f0->f6, R: R [O(n)]
  0: f0->f6, S: S [O(n)]
  0: f0->f6, T: T [O(n)]
  2: f14->f14, B: 64 [O(1)]
  2: f14->f14, C: -1 [O(1)]
  5: f14->f57, B: 64 [O(1)]
  5: f14->f57, C: 7 [O(1)]
  3: f57->f57, B: 64 [O(1)]
  3: f57->f57, C: -1 [O(1)]
  4: f57->f101, B: 64 [O(1)]
  4: f57->f101, C: -1 [O(1)]
  1: f6->f6, B: 1 [O(1)]
  1: f6->f6, C: C [O(n)]
  1: f6->f6, D: D [O(n)]
  1: f6->f6, E: E [O(n)]
  1: f6->f6, F: F [O(n)]
  1: f6->f6, G: G [O(n)]
  1: f6->f6, H: H [O(n)]
  1: f6->f6, I: I [O(n)]
  1: f6->f6, J: J [O(n)]
  1: f6->f6, K: K [O(n)]
  1: f6->f6, L: L [O(n)]
  1: f6->f6, M: M [O(n)]
  1: f6->f6, N: N [O(n)]
  1: f6->f6, O: O [O(n)]
  1: f6->f6, P: P [O(n)]
  1: f6->f6, Q: Q [O(n)]
  1: f6->f6, R: R [O(n)]
  1: f6->f6, S: S [O(n)]
  1: f6->f6, T: T [O(n)]
  6: f6->f14, B: 64 [O(1)]
  6: f6->f14, C: 7 [O(1)]
  6: f6->f14, D: D [O(n)]
  6: f6->f14, E: E [O(n)]
  6: f6->f14, F: F [O(n)]
  6: f6->f14, G: G [O(n)]
  6: f6->f14, H: H [O(n)]
  6: f6->f14, I: I [O(n)]
  6: f6->f14, J: J [O(n)]
  6: f6->f14, K: K [O(n)]
  6: f6->f14, L: L [O(n)]
  6: f6->f14, M: M [O(n)]
  6: f6->f14, N: N [O(n)]
  6: f6->f14, O: O [O(n)]
  6: f6->f14, P: P [O(n)]
  6: f6->f14, Q: Q [O(n)]
  6: f6->f14, R: R [O(n)]
  6: f6->f14, S: S [O(n)]
  6: f6->f14, T: T [O(n)]
`Upper:
  0: f0->f6, A: 0 [O(1)]
  0: f0->f6, B: 0 [O(1)]
  0: f0->f6, C: C [O(n)]
  0: f0->f6, D: D [O(n)]
  0: f0->f6, E: E [O(n)]
  0: f0->f6, F: F [O(n)]
  0: f0->f6, G: G [O(n)]
  0: f0->f6, H: H [O(n)]
  0: f0->f6, I: I [O(n)]
  0: f0->f6, J: J [O(n)]
  0: f0->f6, K: K [O(n)]
  0: f0->f6, L: L [O(n)]
  0: f0->f6, M: M [O(n)]
  0: f0->f6, N: N [O(n)]
  0: f0->f6, O: O [O(n)]
  0: f0->f6, P: P [O(n)]
  0: f0->f6, Q: Q [O(n)]
  0: f0->f6, R: R [O(n)]
  0: f0->f6, S: S [O(n)]
  0: f0->f6, T: T [O(n)]
  2: f14->f14, B: 64 [O(1)]
  2: f14->f14, C: 6 [O(1)]
  5: f14->f57, B: 64 [O(1)]
  5: f14->f57, C: 7 [O(1)]
  3: f57->f57, B: 64 [O(1)]
  3: f57->f57, C: 6 [O(1)]
  4: f57->f101, B: 64 [O(1)]
  4: f57->f101, C: -1 [O(1)]
  1: f6->f6, B: 64 [O(1)]
  1: f6->f6, C: C [O(n)]
  1: f6->f6, D: D [O(n)]
  1: f6->f6, E: E [O(n)]
  1: f6->f6, F: F [O(n)]
  1: f6->f6, G: G [O(n)]
  1: f6->f6, H: H [O(n)]
  1: f6->f6, I: I [O(n)]
  1: f6->f6, J: J [O(n)]
  1: f6->f6, K: K [O(n)]
  1: f6->f6, L: L [O(n)]
  1: f6->f6, M: M [O(n)]
  1: f6->f6, N: N [O(n)]
  1: f6->f6, O: O [O(n)]
  1: f6->f6, P: P [O(n)]
  1: f6->f6, Q: Q [O(n)]
  1: f6->f6, R: R [O(n)]
  1: f6->f6, S: S [O(n)]
  1: f6->f6, T: T [O(n)]
  6: f6->f14, B: 64 [O(1)]
  6: f6->f14, C: 7 [O(1)]
  6: f6->f14, D: D [O(n)]
  6: f6->f14, E: E [O(n)]
  6: f6->f14, F: F [O(n)]
  6: f6->f14, G: G [O(n)]
  6: f6->f14, H: H [O(n)]
  6: f6->f14, I: I [O(n)]
  6: f6->f14, J: J [O(n)]
  6: f6->f14, K: K [O(n)]
  6: f6->f14, L: L [O(n)]
  6: f6->f14, M: M [O(n)]
  6: f6->f14, N: N [O(n)]
  6: f6->f14, O: O [O(n)]
  6: f6->f14, P: P [O(n)]
  6: f6->f14, Q: Q [O(n)]
  6: f6->f14, R: R [O(n)]
  6: f6->f14, S: S [O(n)]
  6: f6->f14, T: T [O(n)]
