Timebounds: 
  Overall timebound: max{0, 1-B}+max{2, 6-B} [O(n)]
  0: f0->f4: 1 [O(1)]
  1: f4->f4: max{0, 4-B} [O(n)]
  2: f4->f4: max{0, 1-B} [O(n)]
  3: f4->f12: 1 [O(1)]

Costbounds:
  Overall costbound: max{0, 1-B}+max{2, 6-B} [O(n)]
  0: f0->f4: 1 [O(1)]
  1: f4->f4: max{0, 4-B} [O(n)]
  2: f4->f4: max{0, 1-B} [O(n)]
  3: f4->f12: 1 [O(1)]

Sizebounds:
`Lower:
  0: f0->f4, A: B [O(n)]
  0: f0->f4, B: -inf [Infinity]
  1: f4->f4, A: 2 [O(1)]
  1: f4->f4, B: -inf [Infinity]
  2: f4->f4, A: 1 [O(1)]
  2: f4->f4, B: -inf [Infinity]
  3: f4->f12, A: 4 [O(1)]
  3: f4->f12, B: -inf [Infinity]
`Upper:
  0: f0->f4, A: B [O(n)]
  0: f0->f4, B: inf [Infinity]
  1: f4->f4, A: 4 [O(1)]
  1: f4->f4, B: inf [Infinity]
  2: f4->f4, A: 1 [O(1)]
  2: f4->f4, B: inf [Infinity]
  3: f4->f12, A: max{4, B} [O(n)]
  3: f4->f12, B: inf [Infinity]
