Timebounds: 
  Overall timebound: 1644 [O(1)]
  0: f0->f154: 1 [O(1)]
  1: f154->f154: 4 [O(1)]
  240: f154->f160: 1 [O(1)]
  2: f160->f160: 4 [O(1)]
  239: f160->f166: 1 [O(1)]
  3: f166->f166: 4 [O(1)]
  238: f166->f172: 1 [O(1)]
  4: f172->f172: 4 [O(1)]
  237: f172->f180: 1 [O(1)]
  5: f180->f180: 1 [O(1)]
  236: f180->f186: 1 [O(1)]
  6: f186->f186: 3 [O(1)]
  235: f186->f192: 1 [O(1)]
  7: f192->f192: 45 [O(1)]
  234: f192->f198: 1 [O(1)]
  8: f198->f198: 269 [O(1)]
  233: f198->f206: 1 [O(1)]
  9: f206->f206: 12 [O(1)]
  232: f206->f212: 1 [O(1)]
  10: f212->f212: 3 [O(1)]
  231: f212->f218: 1 [O(1)]
  11: f218->f218: 12 [O(1)]
  230: f218->f224: 1 [O(1)]
  12: f224->f224: 3 [O(1)]
  229: f224->f232: 1 [O(1)]
  13: f232->f232: 4 [O(1)]
  228: f232->f238: 1 [O(1)]
  14: f238->f238: 4 [O(1)]
  227: f238->f244: 1 [O(1)]
  15: f244->f244: 8 [O(1)]
  226: f244->f250: 1 [O(1)]
  16: f250->f250: 4 [O(1)]
  225: f250->f258: 1 [O(1)]
  17: f258->f258: 5 [O(1)]
  224: f258->f264: 1 [O(1)]
  18: f264->f264: 7 [O(1)]
  223: f264->f270: 1 [O(1)]
  19: f270->f270: 5 [O(1)]
  222: f270->f276: 1 [O(1)]
  20: f276->f276: 7 [O(1)]
  221: f276->f284: 1 [O(1)]
  21: f284->f284: 10 [O(1)]
  220: f284->f290: 1 [O(1)]
  22: f290->f290: 12 [O(1)]
  219: f290->f296: 1 [O(1)]
  23: f296->f296: 10 [O(1)]
  218: f296->f302: 1 [O(1)]
  24: f302->f302: 12 [O(1)]
  217: f302->f310: 1 [O(1)]
  25: f310->f310: 4 [O(1)]
  216: f310->f316: 1 [O(1)]
  26: f316->f316: 6 [O(1)]
  215: f316->f322: 1 [O(1)]
  27: f322->f322: 4 [O(1)]
  214: f322->f328: 1 [O(1)]
  28: f328->f328: 8 [O(1)]
  213: f328->f336: 1 [O(1)]
  29: f336->f336: 1 [O(1)]
  212: f336->f342: 1 [O(1)]
  30: f342->f342: 3 [O(1)]
  211: f342->f348: 1 [O(1)]
  31: f348->f348: 1 [O(1)]
  210: f348->f354: 1 [O(1)]
  32: f354->f354: 3 [O(1)]
  209: f354->f362: 1 [O(1)]
  33: f362->f362: 12 [O(1)]
  208: f362->f368: 1 [O(1)]
  34: f368->f368: 3 [O(1)]
  207: f368->f374: 1 [O(1)]
  35: f374->f374: 12 [O(1)]
  206: f374->f380: 1 [O(1)]
  36: f380->f380: 6 [O(1)]
  205: f380->f388: 1 [O(1)]
  37: f388->f388: 8 [O(1)]
  204: f388->f394: 1 [O(1)]
  38: f394->f394: 16 [O(1)]
  203: f394->f400: 1 [O(1)]
  39: f400->f400: 8 [O(1)]
  202: f400->f406: 1 [O(1)]
  40: f406->f406: 4 [O(1)]
  201: f406->f414: 1 [O(1)]
  41: f414->f414: 20 [O(1)]
  200: f414->f420: 1 [O(1)]
  42: f420->f420: 7 [O(1)]
  199: f420->f426: 1 [O(1)]
  43: f426->f426: 20 [O(1)]
  198: f426->f432: 1 [O(1)]
  44: f432->f432: 7 [O(1)]
  197: f432->f440: 1 [O(1)]
  45: f440->f440: 20 [O(1)]
  196: f440->f446: 1 [O(1)]
  46: f446->f446: 12 [O(1)]
  195: f446->f452: 1 [O(1)]
  47: f452->f452: 20 [O(1)]
  194: f452->f458: 1 [O(1)]
  48: f458->f458: 12 [O(1)]
  193: f458->f466: 1 [O(1)]
  49: f466->f466: 15 [O(1)]
  192: f466->f472: 1 [O(1)]
  50: f472->f472: 5 [O(1)]
  191: f472->f478: 1 [O(1)]
  51: f478->f478: 15 [O(1)]
  190: f478->f484: 1 [O(1)]
  52: f484->f484: 5 [O(1)]
  189: f484->f492: 1 [O(1)]
  53: f492->f492: 6 [O(1)]
  188: f492->f498: 1 [O(1)]
  54: f498->f498: 6 [O(1)]
  187: f498->f504: 1 [O(1)]
  55: f504->f504: 6 [O(1)]
  186: f504->f510: 1 [O(1)]
  56: f510->f510: 6 [O(1)]
  185: f510->f518: 1 [O(1)]
  57: f518->f518: 7 [O(1)]
  184: f518->f524: 1 [O(1)]
  58: f524->f524: 9 [O(1)]
  183: f524->f530: 1 [O(1)]
  59: f530->f530: 7 [O(1)]
  182: f530->f536: 1 [O(1)]
  60: f536->f536: 9 [O(1)]
  181: f536->f544: 1 [O(1)]
  61: f544->f544: 10 [O(1)]
  180: f544->f550: 1 [O(1)]
  62: f550->f550: 10 [O(1)]
  179: f550->f556: 1 [O(1)]
  63: f556->f556: 10 [O(1)]
  178: f556->f562: 1 [O(1)]
  64: f562->f562: 10 [O(1)]
  177: f562->f570: 1 [O(1)]
  65: f570->f570: 11 [O(1)]
  176: f570->f576: 1 [O(1)]
  66: f576->f576: 13 [O(1)]
  175: f576->f582: 1 [O(1)]
  67: f582->f582: 11 [O(1)]
  174: f582->f588: 1 [O(1)]
  68: f588->f588: 13 [O(1)]
  173: f588->f596: 1 [O(1)]
  69: f596->f596: 4 [O(1)]
  172: f596->f602: 1 [O(1)]
  70: f602->f602: 4 [O(1)]
  171: f602->f608: 1 [O(1)]
  71: f608->f608: 4 [O(1)]
  170: f608->f614: 1 [O(1)]
  72: f614->f614: 4 [O(1)]
  169: f614->f622: 1 [O(1)]
  73: f622->f622: 5 [O(1)]
  168: f622->f628: 1 [O(1)]
  74: f628->f628: 5 [O(1)]
  167: f628->f634: 1 [O(1)]
  75: f634->f634: 5 [O(1)]
  166: f634->f640: 1 [O(1)]
  76: f640->f640: 5 [O(1)]
  165: f640->f648: 1 [O(1)]
  77: f648->f648: 6 [O(1)]
  164: f648->f654: 1 [O(1)]
  78: f654->f654: 6 [O(1)]
  163: f654->f660: 1 [O(1)]
  79: f660->f660: 6 [O(1)]
  162: f660->f666: 1 [O(1)]
  80: f666->f666: 6 [O(1)]
  161: f666->f674: 1 [O(1)]
  81: f674->f674: 24 [O(1)]
  160: f674->f680: 1 [O(1)]
  82: f680->f680: 26 [O(1)]
  159: f680->f686: 1 [O(1)]
  83: f686->f686: 24 [O(1)]
  158: f686->f692: 1 [O(1)]
  84: f692->f692: 26 [O(1)]
  157: f692->f700: 1 [O(1)]
  85: f700->f700: 15 [O(1)]
  156: f700->f706: 1 [O(1)]
  86: f706->f706: 10 [O(1)]
  155: f706->f712: 1 [O(1)]
  87: f712->f712: 15 [O(1)]
  154: f712->f718: 1 [O(1)]
  88: f718->f718: 10 [O(1)]
  153: f718->f726: 1 [O(1)]
  89: f726->f726: 12 [O(1)]
  152: f726->f732: 1 [O(1)]
  90: f732->f732: 6 [O(1)]
  151: f732->f738: 1 [O(1)]
  91: f738->f738: 12 [O(1)]
  150: f738->f744: 1 [O(1)]
  92: f744->f744: 24 [O(1)]
  149: f744->f752: 1 [O(1)]
  93: f752->f752: 28 [O(1)]
  148: f752->f758: 1 [O(1)]
  94: f758->f758: 9 [O(1)]
  147: f758->f764: 1 [O(1)]
  95: f764->f764: 28 [O(1)]
  146: f764->f770: 1 [O(1)]
  96: f770->f770: 9 [O(1)]
  145: f770->f778: 1 [O(1)]
  97: f778->f778: 10 [O(1)]
  144: f778->f784: 1 [O(1)]
  98: f784->f784: 20 [O(1)]
  143: f784->f790: 1 [O(1)]
  99: f790->f790: 10 [O(1)]
  142: f790->f796: 1 [O(1)]
  100: f796->f796: 20 [O(1)]
  141: f796->f804: 1 [O(1)]
  101: f804->f804: 22 [O(1)]
  140: f804->f810: 1 [O(1)]
  102: f810->f810: 13 [O(1)]
  139: f810->f816: 1 [O(1)]
  103: f816->f816: 22 [O(1)]
  138: f816->f822: 1 [O(1)]
  104: f822->f822: 13 [O(1)]
  137: f822->f830: 1 [O(1)]
  105: f830->f830: 4 [O(1)]
  136: f830->f836: 1 [O(1)]
  106: f836->f836: 8 [O(1)]
  135: f836->f842: 1 [O(1)]
  107: f842->f842: 4 [O(1)]
  134: f842->f848: 1 [O(1)]
  108: f848->f848: 8 [O(1)]
  133: f848->f856: 1 [O(1)]
  109: f856->f856: 5 [O(1)]
  132: f856->f862: 1 [O(1)]
  110: f862->f862: 10 [O(1)]
  131: f862->f868: 1 [O(1)]
  111: f868->f868: 5 [O(1)]
  130: f868->f874: 1 [O(1)]
  112: f874->f874: 10 [O(1)]
  129: f874->f882: 1 [O(1)]
  113: f882->f882: 6 [O(1)]
  128: f882->f888: 1 [O(1)]
  114: f888->f888: 12 [O(1)]
  127: f888->f894: 1 [O(1)]
  115: f894->f894: 6 [O(1)]
  126: f894->f900: 1 [O(1)]
  116: f900->f900: 12 [O(1)]
  125: f900->f908: 1 [O(1)]
  117: f908->f908: 30 [O(1)]
  124: f908->f914: 1 [O(1)]
  118: f914->f914: 26 [O(1)]
  123: f914->f920: 1 [O(1)]
  119: f920->f920: 30 [O(1)]
  122: f920->f926: 1 [O(1)]
  120: f926->f926: 26 [O(1)]
  121: f926->f934: 1 [O(1)]

Costbounds:
  Overall costbound: 1644 [O(1)]
  0: f0->f154: 1 [O(1)]
  1: f154->f154: 4 [O(1)]
  240: f154->f160: 1 [O(1)]
  2: f160->f160: 4 [O(1)]
  239: f160->f166: 1 [O(1)]
  3: f166->f166: 4 [O(1)]
  238: f166->f172: 1 [O(1)]
  4: f172->f172: 4 [O(1)]
  237: f172->f180: 1 [O(1)]
  5: f180->f180: 1 [O(1)]
  236: f180->f186: 1 [O(1)]
  6: f186->f186: 3 [O(1)]
  235: f186->f192: 1 [O(1)]
  7: f192->f192: 45 [O(1)]
  234: f192->f198: 1 [O(1)]
  8: f198->f198: 269 [O(1)]
  233: f198->f206: 1 [O(1)]
  9: f206->f206: 12 [O(1)]
  232: f206->f212: 1 [O(1)]
  10: f212->f212: 3 [O(1)]
  231: f212->f218: 1 [O(1)]
  11: f218->f218: 12 [O(1)]
  230: f218->f224: 1 [O(1)]
  12: f224->f224: 3 [O(1)]
  229: f224->f232: 1 [O(1)]
  13: f232->f232: 4 [O(1)]
  228: f232->f238: 1 [O(1)]
  14: f238->f238: 4 [O(1)]
  227: f238->f244: 1 [O(1)]
  15: f244->f244: 8 [O(1)]
  226: f244->f250: 1 [O(1)]
  16: f250->f250: 4 [O(1)]
  225: f250->f258: 1 [O(1)]
  17: f258->f258: 5 [O(1)]
  224: f258->f264: 1 [O(1)]
  18: f264->f264: 7 [O(1)]
  223: f264->f270: 1 [O(1)]
  19: f270->f270: 5 [O(1)]
  222: f270->f276: 1 [O(1)]
  20: f276->f276: 7 [O(1)]
  221: f276->f284: 1 [O(1)]
  21: f284->f284: 10 [O(1)]
  220: f284->f290: 1 [O(1)]
  22: f290->f290: 12 [O(1)]
  219: f290->f296: 1 [O(1)]
  23: f296->f296: 10 [O(1)]
  218: f296->f302: 1 [O(1)]
  24: f302->f302: 12 [O(1)]
  217: f302->f310: 1 [O(1)]
  25: f310->f310: 4 [O(1)]
  216: f310->f316: 1 [O(1)]
  26: f316->f316: 6 [O(1)]
  215: f316->f322: 1 [O(1)]
  27: f322->f322: 4 [O(1)]
  214: f322->f328: 1 [O(1)]
  28: f328->f328: 8 [O(1)]
  213: f328->f336: 1 [O(1)]
  29: f336->f336: 1 [O(1)]
  212: f336->f342: 1 [O(1)]
  30: f342->f342: 3 [O(1)]
  211: f342->f348: 1 [O(1)]
  31: f348->f348: 1 [O(1)]
  210: f348->f354: 1 [O(1)]
  32: f354->f354: 3 [O(1)]
  209: f354->f362: 1 [O(1)]
  33: f362->f362: 12 [O(1)]
  208: f362->f368: 1 [O(1)]
  34: f368->f368: 3 [O(1)]
  207: f368->f374: 1 [O(1)]
  35: f374->f374: 12 [O(1)]
  206: f374->f380: 1 [O(1)]
  36: f380->f380: 6 [O(1)]
  205: f380->f388: 1 [O(1)]
  37: f388->f388: 8 [O(1)]
  204: f388->f394: 1 [O(1)]
  38: f394->f394: 16 [O(1)]
  203: f394->f400: 1 [O(1)]
  39: f400->f400: 8 [O(1)]
  202: f400->f406: 1 [O(1)]
  40: f406->f406: 4 [O(1)]
  201: f406->f414: 1 [O(1)]
  41: f414->f414: 20 [O(1)]
  200: f414->f420: 1 [O(1)]
  42: f420->f420: 7 [O(1)]
  199: f420->f426: 1 [O(1)]
  43: f426->f426: 20 [O(1)]
  198: f426->f432: 1 [O(1)]
  44: f432->f432: 7 [O(1)]
  197: f432->f440: 1 [O(1)]
  45: f440->f440: 20 [O(1)]
  196: f440->f446: 1 [O(1)]
  46: f446->f446: 12 [O(1)]
  195: f446->f452: 1 [O(1)]
  47: f452->f452: 20 [O(1)]
  194: f452->f458: 1 [O(1)]
  48: f458->f458: 12 [O(1)]
  193: f458->f466: 1 [O(1)]
  49: f466->f466: 15 [O(1)]
  192: f466->f472: 1 [O(1)]
  50: f472->f472: 5 [O(1)]
  191: f472->f478: 1 [O(1)]
  51: f478->f478: 15 [O(1)]
  190: f478->f484: 1 [O(1)]
  52: f484->f484: 5 [O(1)]
  189: f484->f492: 1 [O(1)]
  53: f492->f492: 6 [O(1)]
  188: f492->f498: 1 [O(1)]
  54: f498->f498: 6 [O(1)]
  187: f498->f504: 1 [O(1)]
  55: f504->f504: 6 [O(1)]
  186: f504->f510: 1 [O(1)]
  56: f510->f510: 6 [O(1)]
  185: f510->f518: 1 [O(1)]
  57: f518->f518: 7 [O(1)]
  184: f518->f524: 1 [O(1)]
  58: f524->f524: 9 [O(1)]
  183: f524->f530: 1 [O(1)]
  59: f530->f530: 7 [O(1)]
  182: f530->f536: 1 [O(1)]
  60: f536->f536: 9 [O(1)]
  181: f536->f544: 1 [O(1)]
  61: f544->f544: 10 [O(1)]
  180: f544->f550: 1 [O(1)]
  62: f550->f550: 10 [O(1)]
  179: f550->f556: 1 [O(1)]
  63: f556->f556: 10 [O(1)]
  178: f556->f562: 1 [O(1)]
  64: f562->f562: 10 [O(1)]
  177: f562->f570: 1 [O(1)]
  65: f570->f570: 11 [O(1)]
  176: f570->f576: 1 [O(1)]
  66: f576->f576: 13 [O(1)]
  175: f576->f582: 1 [O(1)]
  67: f582->f582: 11 [O(1)]
  174: f582->f588: 1 [O(1)]
  68: f588->f588: 13 [O(1)]
  173: f588->f596: 1 [O(1)]
  69: f596->f596: 4 [O(1)]
  172: f596->f602: 1 [O(1)]
  70: f602->f602: 4 [O(1)]
  171: f602->f608: 1 [O(1)]
  71: f608->f608: 4 [O(1)]
  170: f608->f614: 1 [O(1)]
  72: f614->f614: 4 [O(1)]
  169: f614->f622: 1 [O(1)]
  73: f622->f622: 5 [O(1)]
  168: f622->f628: 1 [O(1)]
  74: f628->f628: 5 [O(1)]
  167: f628->f634: 1 [O(1)]
  75: f634->f634: 5 [O(1)]
  166: f634->f640: 1 [O(1)]
  76: f640->f640: 5 [O(1)]
  165: f640->f648: 1 [O(1)]
  77: f648->f648: 6 [O(1)]
  164: f648->f654: 1 [O(1)]
  78: f654->f654: 6 [O(1)]
  163: f654->f660: 1 [O(1)]
  79: f660->f660: 6 [O(1)]
  162: f660->f666: 1 [O(1)]
  80: f666->f666: 6 [O(1)]
  161: f666->f674: 1 [O(1)]
  81: f674->f674: 24 [O(1)]
  160: f674->f680: 1 [O(1)]
  82: f680->f680: 26 [O(1)]
  159: f680->f686: 1 [O(1)]
  83: f686->f686: 24 [O(1)]
  158: f686->f692: 1 [O(1)]
  84: f692->f692: 26 [O(1)]
  157: f692->f700: 1 [O(1)]
  85: f700->f700: 15 [O(1)]
  156: f700->f706: 1 [O(1)]
  86: f706->f706: 10 [O(1)]
  155: f706->f712: 1 [O(1)]
  87: f712->f712: 15 [O(1)]
  154: f712->f718: 1 [O(1)]
  88: f718->f718: 10 [O(1)]
  153: f718->f726: 1 [O(1)]
  89: f726->f726: 12 [O(1)]
  152: f726->f732: 1 [O(1)]
  90: f732->f732: 6 [O(1)]
  151: f732->f738: 1 [O(1)]
  91: f738->f738: 12 [O(1)]
  150: f738->f744: 1 [O(1)]
  92: f744->f744: 24 [O(1)]
  149: f744->f752: 1 [O(1)]
  93: f752->f752: 28 [O(1)]
  148: f752->f758: 1 [O(1)]
  94: f758->f758: 9 [O(1)]
  147: f758->f764: 1 [O(1)]
  95: f764->f764: 28 [O(1)]
  146: f764->f770: 1 [O(1)]
  96: f770->f770: 9 [O(1)]
  145: f770->f778: 1 [O(1)]
  97: f778->f778: 10 [O(1)]
  144: f778->f784: 1 [O(1)]
  98: f784->f784: 20 [O(1)]
  143: f784->f790: 1 [O(1)]
  99: f790->f790: 10 [O(1)]
  142: f790->f796: 1 [O(1)]
  100: f796->f796: 20 [O(1)]
  141: f796->f804: 1 [O(1)]
  101: f804->f804: 22 [O(1)]
  140: f804->f810: 1 [O(1)]
  102: f810->f810: 13 [O(1)]
  139: f810->f816: 1 [O(1)]
  103: f816->f816: 22 [O(1)]
  138: f816->f822: 1 [O(1)]
  104: f822->f822: 13 [O(1)]
  137: f822->f830: 1 [O(1)]
  105: f830->f830: 4 [O(1)]
  136: f830->f836: 1 [O(1)]
  106: f836->f836: 8 [O(1)]
  135: f836->f842: 1 [O(1)]
  107: f842->f842: 4 [O(1)]
  134: f842->f848: 1 [O(1)]
  108: f848->f848: 8 [O(1)]
  133: f848->f856: 1 [O(1)]
  109: f856->f856: 5 [O(1)]
  132: f856->f862: 1 [O(1)]
  110: f862->f862: 10 [O(1)]
  131: f862->f868: 1 [O(1)]
  111: f868->f868: 5 [O(1)]
  130: f868->f874: 1 [O(1)]
  112: f874->f874: 10 [O(1)]
  129: f874->f882: 1 [O(1)]
  113: f882->f882: 6 [O(1)]
  128: f882->f888: 1 [O(1)]
  114: f888->f888: 12 [O(1)]
  127: f888->f894: 1 [O(1)]
  115: f894->f894: 6 [O(1)]
  126: f894->f900: 1 [O(1)]
  116: f900->f900: 12 [O(1)]
  125: f900->f908: 1 [O(1)]
  117: f908->f908: 30 [O(1)]
  124: f908->f914: 1 [O(1)]
  118: f914->f914: 26 [O(1)]
  123: f914->f920: 1 [O(1)]
  119: f920->f920: 30 [O(1)]
  122: f920->f926: 1 [O(1)]
  120: f926->f926: 26 [O(1)]
  121: f926->f934: 1 [O(1)]

Sizebounds:
`Lower:
  0: f0->f154, A: 0 [O(1)]
  0: f0->f154, B: 2 [O(1)]
  0: f0->f154, C: 0 [O(1)]
  1: f154->f154, A: 0 [O(1)]
  1: f154->f154, B: 2 [O(1)]
  1: f154->f154, C: 1 [O(1)]
  240: f154->f160, A: 0 [O(1)]
  240: f154->f160, B: 2 [O(1)]
  240: f154->f160, C: 0 [O(1)]
  2: f160->f160, A: 0 [O(1)]
  2: f160->f160, B: 2 [O(1)]
  2: f160->f160, C: 1 [O(1)]
  239: f160->f166, A: 0 [O(1)]
  239: f160->f166, B: 2 [O(1)]
  239: f160->f166, C: 0 [O(1)]
  3: f166->f166, A: 0 [O(1)]
  3: f166->f166, B: 2 [O(1)]
  3: f166->f166, C: 1 [O(1)]
  238: f166->f172, A: 0 [O(1)]
  238: f166->f172, B: 2 [O(1)]
  238: f166->f172, C: 0 [O(1)]
  4: f172->f172, A: 0 [O(1)]
  4: f172->f172, B: 2 [O(1)]
  4: f172->f172, C: 1 [O(1)]
  237: f172->f180, A: 0 [O(1)]
  237: f172->f180, B: 2 [O(1)]
  237: f172->f180, C: 1 [O(1)]
  5: f180->f180, A: 1 [O(1)]
  5: f180->f180, B: 2 [O(1)]
  5: f180->f180, C: 2 [O(1)]
  236: f180->f186, A: 1 [O(1)]
  236: f180->f186, B: 2 [O(1)]
  236: f180->f186, C: 1 [O(1)]
  6: f186->f186, A: 2 [O(1)]
  6: f186->f186, B: 2 [O(1)]
  6: f186->f186, C: 2 [O(1)]
  235: f186->f192, A: 3 [O(1)]
  235: f186->f192, B: 2 [O(1)]
  235: f186->f192, C: 1 [O(1)]
  7: f192->f192, A: 4 [O(1)]
  7: f192->f192, B: 2 [O(1)]
  7: f192->f192, C: 2 [O(1)]
  234: f192->f198, A: 4 [O(1)]
  234: f192->f198, B: 2 [O(1)]
  234: f192->f198, C: 1 [O(1)]
  8: f198->f198, A: 5 [O(1)]
  8: f198->f198, B: 2 [O(1)]
  8: f198->f198, C: 2 [O(1)]
  233: f198->f206, A: 6 [O(1)]
  233: f198->f206, B: 2 [O(1)]
  233: f198->f206, C: -3 [O(1)]
  9: f206->f206, A: -30 [O(1)]
  9: f206->f206, B: 2 [O(1)]
  9: f206->f206, C: -2 [O(1)]
  232: f206->f212, A: -30 [O(1)]
  232: f206->f212, B: 2 [O(1)]
  232: f206->f212, C: -3 [O(1)]
  10: f212->f212, A: -39 [O(1)]
  10: f212->f212, B: 2 [O(1)]
  10: f212->f212, C: -2 [O(1)]
  231: f212->f218, A: -39 [O(1)]
  231: f212->f218, B: 2 [O(1)]
  231: f212->f218, C: -3 [O(1)]
  11: f218->f218, A: -75 [O(1)]
  11: f218->f218, B: 2 [O(1)]
  11: f218->f218, C: -2 [O(1)]
  230: f218->f224, A: -75 [O(1)]
  230: f218->f224, B: 2 [O(1)]
  230: f218->f224, C: -3 [O(1)]
  12: f224->f224, A: -84 [O(1)]
  12: f224->f224, B: 2 [O(1)]
  12: f224->f224, C: -2 [O(1)]
  229: f224->f232, A: -84 [O(1)]
  229: f224->f232, B: 2 [O(1)]
  229: f224->f232, C: -4 [O(1)]
  13: f232->f232, A: -100 [O(1)]
  13: f232->f232, B: 2 [O(1)]
  13: f232->f232, C: -3 [O(1)]
  228: f232->f238, A: -100 [O(1)]
  228: f232->f238, B: 2 [O(1)]
  228: f232->f238, C: -4 [O(1)]
  14: f238->f238, A: -116 [O(1)]
  14: f238->f238, B: 2 [O(1)]
  14: f238->f238, C: -3 [O(1)]
  227: f238->f244, A: -116 [O(1)]
  227: f238->f244, B: 2 [O(1)]
  227: f238->f244, C: -4 [O(1)]
  15: f244->f244, A: -148 [O(1)]
  15: f244->f244, B: 2 [O(1)]
  15: f244->f244, C: -3 [O(1)]
  226: f244->f250, A: -148 [O(1)]
  226: f244->f250, B: 2 [O(1)]
  226: f244->f250, C: -4 [O(1)]
  16: f250->f250, A: -164 [O(1)]
  16: f250->f250, B: 2 [O(1)]
  16: f250->f250, C: -3 [O(1)]
  225: f250->f258, A: -164 [O(1)]
  225: f250->f258, B: 2 [O(1)]
  225: f250->f258, C: -5 [O(1)]
  17: f258->f258, A: -189 [O(1)]
  17: f258->f258, B: 2 [O(1)]
  17: f258->f258, C: -4 [O(1)]
  224: f258->f264, A: -189 [O(1)]
  224: f258->f264, B: 2 [O(1)]
  224: f258->f264, C: -5 [O(1)]
  18: f264->f264, A: -224 [O(1)]
  18: f264->f264, B: 2 [O(1)]
  18: f264->f264, C: -4 [O(1)]
  223: f264->f270, A: -224 [O(1)]
  223: f264->f270, B: 2 [O(1)]
  223: f264->f270, C: -5 [O(1)]
  19: f270->f270, A: -249 [O(1)]
  19: f270->f270, B: 2 [O(1)]
  19: f270->f270, C: -4 [O(1)]
  222: f270->f276, A: -249 [O(1)]
  222: f270->f276, B: 2 [O(1)]
  222: f270->f276, C: -5 [O(1)]
  20: f276->f276, A: -284 [O(1)]
  20: f276->f276, B: 2 [O(1)]
  20: f276->f276, C: -4 [O(1)]
  221: f276->f284, A: -284 [O(1)]
  221: f276->f284, B: 2 [O(1)]
  221: f276->f284, C: -6 [O(1)]
  21: f284->f284, A: -344 [O(1)]
  21: f284->f284, B: 2 [O(1)]
  21: f284->f284, C: -5 [O(1)]
  220: f284->f290, A: -344 [O(1)]
  220: f284->f290, B: 2 [O(1)]
  220: f284->f290, C: -6 [O(1)]
  22: f290->f290, A: -416 [O(1)]
  22: f290->f290, B: 2 [O(1)]
  22: f290->f290, C: -5 [O(1)]
  219: f290->f296, A: -416 [O(1)]
  219: f290->f296, B: 2 [O(1)]
  219: f290->f296, C: -6 [O(1)]
  23: f296->f296, A: -476 [O(1)]
  23: f296->f296, B: 2 [O(1)]
  23: f296->f296, C: -5 [O(1)]
  218: f296->f302, A: -476 [O(1)]
  218: f296->f302, B: 2 [O(1)]
  218: f296->f302, C: -6 [O(1)]
  24: f302->f302, A: -548 [O(1)]
  24: f302->f302, B: 2 [O(1)]
  24: f302->f302, C: -5 [O(1)]
  217: f302->f310, A: -548 [O(1)]
  217: f302->f310, B: 2 [O(1)]
  217: f302->f310, C: 0 [O(1)]
  25: f310->f310, A: -548 [O(1)]
  25: f310->f310, B: 2 [O(1)]
  25: f310->f310, C: 2 [O(1)]
  216: f310->f316, A: -548 [O(1)]
  216: f310->f316, B: 2 [O(1)]
  216: f310->f316, C: 0 [O(1)]
  26: f316->f316, A: -548 [O(1)]
  26: f316->f316, B: 2 [O(1)]
  26: f316->f316, C: 2 [O(1)]
  215: f316->f322, A: -548 [O(1)]
  215: f316->f322, B: 2 [O(1)]
  215: f316->f322, C: 0 [O(1)]
  27: f322->f322, A: -548 [O(1)]
  27: f322->f322, B: 2 [O(1)]
  27: f322->f322, C: 2 [O(1)]
  214: f322->f328, A: -548 [O(1)]
  214: f322->f328, B: 2 [O(1)]
  214: f322->f328, C: 0 [O(1)]
  28: f328->f328, A: -548 [O(1)]
  28: f328->f328, B: 2 [O(1)]
  28: f328->f328, C: 2 [O(1)]
  213: f328->f336, A: -548 [O(1)]
  213: f328->f336, B: 2 [O(1)]
  213: f328->f336, C: 1 [O(1)]
  29: f336->f336, A: -548 [O(1)]
  29: f336->f336, B: 2 [O(1)]
  29: f336->f336, C: 3 [O(1)]
  212: f336->f342, A: -548 [O(1)]
  212: f336->f342, B: 2 [O(1)]
  212: f336->f342, C: 1 [O(1)]
  30: f342->f342, A: -548 [O(1)]
  30: f342->f342, B: 2 [O(1)]
  30: f342->f342, C: 3 [O(1)]
  211: f342->f348, A: -548 [O(1)]
  211: f342->f348, B: 2 [O(1)]
  211: f342->f348, C: 1 [O(1)]
  31: f348->f348, A: -548 [O(1)]
  31: f348->f348, B: 2 [O(1)]
  31: f348->f348, C: 3 [O(1)]
  210: f348->f354, A: -548 [O(1)]
  210: f348->f354, B: 2 [O(1)]
  210: f348->f354, C: 1 [O(1)]
  32: f354->f354, A: -548 [O(1)]
  32: f354->f354, B: 2 [O(1)]
  32: f354->f354, C: 3 [O(1)]
  209: f354->f362, A: -548 [O(1)]
  209: f354->f362, B: 2 [O(1)]
  209: f354->f362, C: -3 [O(1)]
  33: f362->f362, A: -584 [O(1)]
  33: f362->f362, B: 2 [O(1)]
  33: f362->f362, C: -1 [O(1)]
  208: f362->f368, A: -584 [O(1)]
  208: f362->f368, B: 2 [O(1)]
  208: f362->f368, C: -3 [O(1)]
  34: f368->f368, A: -593 [O(1)]
  34: f368->f368, B: 2 [O(1)]
  34: f368->f368, C: -1 [O(1)]
  207: f368->f374, A: -593 [O(1)]
  207: f368->f374, B: 2 [O(1)]
  207: f368->f374, C: -3 [O(1)]
  35: f374->f374, A: -629 [O(1)]
  35: f374->f374, B: 2 [O(1)]
  35: f374->f374, C: -1 [O(1)]
  206: f374->f380, A: -629 [O(1)]
  206: f374->f380, B: 2 [O(1)]
  206: f374->f380, C: -3 [O(1)]
  36: f380->f380, A: -647 [O(1)]
  36: f380->f380, B: 2 [O(1)]
  36: f380->f380, C: -1 [O(1)]
  205: f380->f388, A: -647 [O(1)]
  205: f380->f388, B: 2 [O(1)]
  205: f380->f388, C: -4 [O(1)]
  37: f388->f388, A: -679 [O(1)]
  37: f388->f388, B: 2 [O(1)]
  37: f388->f388, C: -2 [O(1)]
  204: f388->f394, A: -679 [O(1)]
  204: f388->f394, B: 2 [O(1)]
  204: f388->f394, C: -4 [O(1)]
  38: f394->f394, A: -743 [O(1)]
  38: f394->f394, B: 2 [O(1)]
  38: f394->f394, C: -2 [O(1)]
  203: f394->f400, A: -743 [O(1)]
  203: f394->f400, B: 2 [O(1)]
  203: f394->f400, C: -4 [O(1)]
  39: f400->f400, A: -775 [O(1)]
  39: f400->f400, B: 2 [O(1)]
  39: f400->f400, C: -2 [O(1)]
  202: f400->f406, A: -775 [O(1)]
  202: f400->f406, B: 2 [O(1)]
  202: f400->f406, C: -4 [O(1)]
  40: f406->f406, A: -791 [O(1)]
  40: f406->f406, B: 2 [O(1)]
  40: f406->f406, C: -2 [O(1)]
  201: f406->f414, A: -791 [O(1)]
  201: f406->f414, B: 2 [O(1)]
  201: f406->f414, C: -5 [O(1)]
  41: f414->f414, A: -891 [O(1)]
  41: f414->f414, B: 2 [O(1)]
  41: f414->f414, C: -3 [O(1)]
  200: f414->f420, A: -891 [O(1)]
  200: f414->f420, B: 2 [O(1)]
  200: f414->f420, C: -5 [O(1)]
  42: f420->f420, A: -926 [O(1)]
  42: f420->f420, B: 2 [O(1)]
  42: f420->f420, C: -3 [O(1)]
  199: f420->f426, A: -926 [O(1)]
  199: f420->f426, B: 2 [O(1)]
  199: f420->f426, C: -5 [O(1)]
  43: f426->f426, A: -1026 [O(1)]
  43: f426->f426, B: 2 [O(1)]
  43: f426->f426, C: -3 [O(1)]
  198: f426->f432, A: -1026 [O(1)]
  198: f426->f432, B: 2 [O(1)]
  198: f426->f432, C: -5 [O(1)]
  44: f432->f432, A: -1061 [O(1)]
  44: f432->f432, B: 2 [O(1)]
  44: f432->f432, C: -3 [O(1)]
  197: f432->f440, A: -1061 [O(1)]
  197: f432->f440, B: 2 [O(1)]
  197: f432->f440, C: -6 [O(1)]
  45: f440->f440, A: -1181 [O(1)]
  45: f440->f440, B: 2 [O(1)]
  45: f440->f440, C: -4 [O(1)]
  196: f440->f446, A: -1181 [O(1)]
  196: f440->f446, B: 2 [O(1)]
  196: f440->f446, C: -6 [O(1)]
  46: f446->f446, A: -1253 [O(1)]
  46: f446->f446, B: 2 [O(1)]
  46: f446->f446, C: -4 [O(1)]
  195: f446->f452, A: -1253 [O(1)]
  195: f446->f452, B: 2 [O(1)]
  195: f446->f452, C: -6 [O(1)]
  47: f452->f452, A: -1373 [O(1)]
  47: f452->f452, B: 2 [O(1)]
  47: f452->f452, C: -4 [O(1)]
  194: f452->f458, A: -1373 [O(1)]
  194: f452->f458, B: 2 [O(1)]
  194: f452->f458, C: -6 [O(1)]
  48: f458->f458, A: -1445 [O(1)]
  48: f458->f458, B: 2 [O(1)]
  48: f458->f458, C: -4 [O(1)]
  193: f458->f466, A: -1445 [O(1)]
  193: f458->f466, B: 2 [O(1)]
  193: f458->f466, C: 5 [O(1)]
  49: f466->f466, A: -1445 [O(1)]
  49: f466->f466, B: 2 [O(1)]
  49: f466->f466, C: 2 [O(1)]
  192: f466->f472, A: -1445 [O(1)]
  192: f466->f472, B: 2 [O(1)]
  192: f466->f472, C: 5 [O(1)]
  50: f472->f472, A: -1445 [O(1)]
  50: f472->f472, B: 2 [O(1)]
  50: f472->f472, C: 1 [O(1)]
  191: f472->f478, A: -1445 [O(1)]
  191: f472->f478, B: 2 [O(1)]
  191: f472->f478, C: 5 [O(1)]
  51: f478->f478, A: -1445 [O(1)]
  51: f478->f478, B: 2 [O(1)]
  51: f478->f478, C: 2 [O(1)]
  190: f478->f484, A: -1445 [O(1)]
  190: f478->f484, B: 2 [O(1)]
  190: f478->f484, C: 5 [O(1)]
  52: f484->f484, A: -1445 [O(1)]
  52: f484->f484, B: 2 [O(1)]
  52: f484->f484, C: 1 [O(1)]
  189: f484->f492, A: -1445 [O(1)]
  189: f484->f492, B: 2 [O(1)]
  189: f484->f492, C: 6 [O(1)]
  53: f492->f492, A: -1445 [O(1)]
  53: f492->f492, B: 2 [O(1)]
  53: f492->f492, C: 1 [O(1)]
  188: f492->f498, A: -1445 [O(1)]
  188: f492->f498, B: 2 [O(1)]
  188: f492->f498, C: 6 [O(1)]
  54: f498->f498, A: -1445 [O(1)]
  54: f498->f498, B: 2 [O(1)]
  54: f498->f498, C: 0 [O(1)]
  187: f498->f504, A: -1445 [O(1)]
  187: f498->f504, B: 2 [O(1)]
  187: f498->f504, C: 6 [O(1)]
  55: f504->f504, A: -1445 [O(1)]
  55: f504->f504, B: 2 [O(1)]
  55: f504->f504, C: 1 [O(1)]
  186: f504->f510, A: -1445 [O(1)]
  186: f504->f510, B: 2 [O(1)]
  186: f504->f510, C: 6 [O(1)]
  56: f510->f510, A: -1445 [O(1)]
  56: f510->f510, B: 2 [O(1)]
  56: f510->f510, C: 0 [O(1)]
  185: f510->f518, A: -1445 [O(1)]
  185: f510->f518, B: 2 [O(1)]
  185: f510->f518, C: 7 [O(1)]
  57: f518->f518, A: -1445 [O(1)]
  57: f518->f518, B: 2 [O(1)]
  57: f518->f518, C: 0 [O(1)]
  184: f518->f524, A: -1445 [O(1)]
  184: f518->f524, B: 2 [O(1)]
  184: f518->f524, C: 7 [O(1)]
  58: f524->f524, A: -1445 [O(1)]
  58: f524->f524, B: 2 [O(1)]
  58: f524->f524, C: -1 [O(1)]
  183: f524->f530, A: -1445 [O(1)]
  183: f524->f530, B: 2 [O(1)]
  183: f524->f530, C: 7 [O(1)]
  59: f530->f530, A: -1445 [O(1)]
  59: f530->f530, B: 2 [O(1)]
  59: f530->f530, C: 0 [O(1)]
  182: f530->f536, A: -1445 [O(1)]
  182: f530->f536, B: 2 [O(1)]
  182: f530->f536, C: 7 [O(1)]
  60: f536->f536, A: -1445 [O(1)]
  60: f536->f536, B: 2 [O(1)]
  60: f536->f536, C: -1 [O(1)]
  181: f536->f544, A: -1445 [O(1)]
  181: f536->f544, B: 2 [O(1)]
  181: f536->f544, C: 8 [O(1)]
  61: f544->f544, A: -1445 [O(1)]
  61: f544->f544, B: 2 [O(1)]
  61: f544->f544, C: -1 [O(1)]
  180: f544->f550, A: -1445 [O(1)]
  180: f544->f550, B: 2 [O(1)]
  180: f544->f550, C: 8 [O(1)]
  62: f550->f550, A: -1455 [O(1)]
  62: f550->f550, B: 2 [O(1)]
  62: f550->f550, C: -2 [O(1)]
  179: f550->f556, A: -1455 [O(1)]
  179: f550->f556, B: 2 [O(1)]
  179: f550->f556, C: 8 [O(1)]
  63: f556->f556, A: -1455 [O(1)]
  63: f556->f556, B: 2 [O(1)]
  63: f556->f556, C: -1 [O(1)]
  178: f556->f562, A: -1455 [O(1)]
  178: f556->f562, B: 2 [O(1)]
  178: f556->f562, C: 8 [O(1)]
  64: f562->f562, A: -1465 [O(1)]
  64: f562->f562, B: 2 [O(1)]
  64: f562->f562, C: -2 [O(1)]
  177: f562->f570, A: -1465 [O(1)]
  177: f562->f570, B: 2 [O(1)]
  177: f562->f570, C: 9 [O(1)]
  65: f570->f570, A: -1476 [O(1)]
  65: f570->f570, B: 2 [O(1)]
  65: f570->f570, C: -2 [O(1)]
  176: f570->f576, A: -1476 [O(1)]
  176: f570->f576, B: 2 [O(1)]
  176: f570->f576, C: 9 [O(1)]
  66: f576->f576, A: -1502 [O(1)]
  66: f576->f576, B: 2 [O(1)]
  66: f576->f576, C: -3 [O(1)]
  175: f576->f582, A: -1502 [O(1)]
  175: f576->f582, B: 2 [O(1)]
  175: f576->f582, C: 9 [O(1)]
  67: f582->f582, A: -1513 [O(1)]
  67: f582->f582, B: 2 [O(1)]
  67: f582->f582, C: -2 [O(1)]
  174: f582->f588, A: -1513 [O(1)]
  174: f582->f588, B: 2 [O(1)]
  174: f582->f588, C: 9 [O(1)]
  68: f588->f588, A: -1539 [O(1)]
  68: f588->f588, B: 2 [O(1)]
  68: f588->f588, C: -3 [O(1)]
  173: f588->f596, A: -1539 [O(1)]
  173: f588->f596, B: 2 [O(1)]
  173: f588->f596, C: 0 [O(1)]
  69: f596->f596, A: -1547 [O(1)]
  69: f596->f596, B: 2 [O(1)]
  69: f596->f596, C: -3 [O(1)]
  172: f596->f602, A: -1547 [O(1)]
  172: f596->f602, B: 2 [O(1)]
  172: f596->f602, C: 0 [O(1)]
  70: f602->f602, A: -1559 [O(1)]
  70: f602->f602, B: 2 [O(1)]
  70: f602->f602, C: -4 [O(1)]
  171: f602->f608, A: -1559 [O(1)]
  171: f602->f608, B: 2 [O(1)]
  171: f602->f608, C: 0 [O(1)]
  71: f608->f608, A: -1567 [O(1)]
  71: f608->f608, B: 2 [O(1)]
  71: f608->f608, C: -3 [O(1)]
  170: f608->f614, A: -1567 [O(1)]
  170: f608->f614, B: 2 [O(1)]
  170: f608->f614, C: 0 [O(1)]
  72: f614->f614, A: -1579 [O(1)]
  72: f614->f614, B: 2 [O(1)]
  72: f614->f614, C: -4 [O(1)]
  169: f614->f622, A: -1579 [O(1)]
  169: f614->f622, B: 2 [O(1)]
  169: f614->f622, C: -1 [O(1)]
  73: f622->f622, A: -1599 [O(1)]
  73: f622->f622, B: 2 [O(1)]
  73: f622->f622, C: -5 [O(1)]
  168: f622->f628, A: -1599 [O(1)]
  168: f622->f628, B: 2 [O(1)]
  168: f622->f628, C: -1 [O(1)]
  74: f628->f628, A: -1624 [O(1)]
  74: f628->f628, B: 2 [O(1)]
  74: f628->f628, C: -6 [O(1)]
  167: f628->f634, A: -1624 [O(1)]
  167: f628->f634, B: 2 [O(1)]
  167: f628->f634, C: -1 [O(1)]
  75: f634->f634, A: -1644 [O(1)]
  75: f634->f634, B: 2 [O(1)]
  75: f634->f634, C: -5 [O(1)]
  166: f634->f640, A: -1644 [O(1)]
  166: f634->f640, B: 2 [O(1)]
  166: f634->f640, C: -1 [O(1)]
  76: f640->f640, A: -1669 [O(1)]
  76: f640->f640, B: 2 [O(1)]
  76: f640->f640, C: -6 [O(1)]
  165: f640->f648, A: -1669 [O(1)]
  165: f640->f648, B: 2 [O(1)]
  165: f640->f648, C: -2 [O(1)]
  77: f648->f648, A: -1705 [O(1)]
  77: f648->f648, B: 2 [O(1)]
  77: f648->f648, C: -7 [O(1)]
  164: f648->f654, A: -1705 [O(1)]
  164: f648->f654, B: 2 [O(1)]
  164: f648->f654, C: -2 [O(1)]
  78: f654->f654, A: -1747 [O(1)]
  78: f654->f654, B: 2 [O(1)]
  78: f654->f654, C: -8 [O(1)]
  163: f654->f660, A: -1747 [O(1)]
  163: f654->f660, B: 2 [O(1)]
  163: f654->f660, C: -2 [O(1)]
  79: f660->f660, A: -1783 [O(1)]
  79: f660->f660, B: 2 [O(1)]
  79: f660->f660, C: -7 [O(1)]
  162: f660->f666, A: -1783 [O(1)]
  162: f660->f666, B: 2 [O(1)]
  162: f660->f666, C: -2 [O(1)]
  80: f666->f666, A: -1825 [O(1)]
  80: f666->f666, B: 2 [O(1)]
  80: f666->f666, C: -8 [O(1)]
  161: f666->f674, A: -1825 [O(1)]
  161: f666->f674, B: 2 [O(1)]
  161: f666->f674, C: 16 [O(1)]
  81: f674->f674, A: -1993 [O(1)]
  81: f674->f674, B: 2 [O(1)]
  81: f674->f674, C: -8 [O(1)]
  160: f674->f680, A: -1993 [O(1)]
  160: f674->f680, B: 2 [O(1)]
  160: f674->f680, C: 16 [O(1)]
  82: f680->f680, A: -2201 [O(1)]
  82: f680->f680, B: 2 [O(1)]
  82: f680->f680, C: -9 [O(1)]
  159: f680->f686, A: -2201 [O(1)]
  159: f680->f686, B: 2 [O(1)]
  159: f680->f686, C: 16 [O(1)]
  83: f686->f686, A: -2369 [O(1)]
  83: f686->f686, B: 2 [O(1)]
  83: f686->f686, C: -8 [O(1)]
  158: f686->f692, A: -2369 [O(1)]
  158: f686->f692, B: 2 [O(1)]
  158: f686->f692, C: 16 [O(1)]
  84: f692->f692, A: -2577 [O(1)]
  84: f692->f692, B: 2 [O(1)]
  84: f692->f692, C: -9 [O(1)]
  157: f692->f700, A: -2577 [O(1)]
  157: f692->f700, B: 2 [O(1)]
  157: f692->f700, C: 5 [O(1)]
  85: f700->f700, A: -2577 [O(1)]
  85: f700->f700, B: 2 [O(1)]
  85: f700->f700, C: 1 [O(1)]
  156: f700->f706, A: -2577 [O(1)]
  156: f700->f706, B: 2 [O(1)]
  156: f700->f706, C: 5 [O(1)]
  86: f706->f706, A: -2577 [O(1)]
  86: f706->f706, B: 2 [O(1)]
  86: f706->f706, C: 0 [O(1)]
  155: f706->f712, A: -2577 [O(1)]
  155: f706->f712, B: 2 [O(1)]
  155: f706->f712, C: 5 [O(1)]
  87: f712->f712, A: -2577 [O(1)]
  87: f712->f712, B: 2 [O(1)]
  87: f712->f712, C: 1 [O(1)]
  154: f712->f718, A: -2577 [O(1)]
  154: f712->f718, B: 2 [O(1)]
  154: f712->f718, C: 5 [O(1)]
  88: f718->f718, A: -2577 [O(1)]
  88: f718->f718, B: 2 [O(1)]
  88: f718->f718, C: 0 [O(1)]
  153: f718->f726, A: -2577 [O(1)]
  153: f718->f726, B: 2 [O(1)]
  153: f718->f726, C: 6 [O(1)]
  89: f726->f726, A: -2577 [O(1)]
  89: f726->f726, B: 2 [O(1)]
  89: f726->f726, C: 0 [O(1)]
  152: f726->f732, A: -2577 [O(1)]
  152: f726->f732, B: 2 [O(1)]
  152: f726->f732, C: 6 [O(1)]
  90: f732->f732, A: -2577 [O(1)]
  90: f732->f732, B: 2 [O(1)]
  90: f732->f732, C: -1 [O(1)]
  151: f732->f738, A: -2577 [O(1)]
  151: f732->f738, B: 2 [O(1)]
  151: f732->f738, C: 6 [O(1)]
  91: f738->f738, A: -2577 [O(1)]
  91: f738->f738, B: 2 [O(1)]
  91: f738->f738, C: 0 [O(1)]
  150: f738->f744, A: -2577 [O(1)]
  150: f738->f744, B: 2 [O(1)]
  150: f738->f744, C: 6 [O(1)]
  92: f744->f744, A: -2577 [O(1)]
  92: f744->f744, B: 2 [O(1)]
  92: f744->f744, C: -1 [O(1)]
  149: f744->f752, A: -2577 [O(1)]
  149: f744->f752, B: 2 [O(1)]
  149: f744->f752, C: 7 [O(1)]
  93: f752->f752, A: -2577 [O(1)]
  93: f752->f752, B: 2 [O(1)]
  93: f752->f752, C: -1 [O(1)]
  148: f752->f758, A: -2577 [O(1)]
  148: f752->f758, B: 2 [O(1)]
  148: f752->f758, C: 7 [O(1)]
  94: f758->f758, A: -2577 [O(1)]
  94: f758->f758, B: 2 [O(1)]
  94: f758->f758, C: -2 [O(1)]
  147: f758->f764, A: -2577 [O(1)]
  147: f758->f764, B: 2 [O(1)]
  147: f758->f764, C: 7 [O(1)]
  95: f764->f764, A: -2577 [O(1)]
  95: f764->f764, B: 2 [O(1)]
  95: f764->f764, C: -1 [O(1)]
  146: f764->f770, A: -2577 [O(1)]
  146: f764->f770, B: 2 [O(1)]
  146: f764->f770, C: 7 [O(1)]
  96: f770->f770, A: -2577 [O(1)]
  96: f770->f770, B: 2 [O(1)]
  96: f770->f770, C: -2 [O(1)]
  145: f770->f778, A: -2577 [O(1)]
  145: f770->f778, B: 2 [O(1)]
  145: f770->f778, C: 8 [O(1)]
  97: f778->f778, A: -2577 [O(1)]
  97: f778->f778, B: 2 [O(1)]
  97: f778->f778, C: -2 [O(1)]
  144: f778->f784, A: -2577 [O(1)]
  144: f778->f784, B: 2 [O(1)]
  144: f778->f784, C: 8 [O(1)]
  98: f784->f784, A: -2597 [O(1)]
  98: f784->f784, B: 2 [O(1)]
  98: f784->f784, C: -3 [O(1)]
  143: f784->f790, A: -2597 [O(1)]
  143: f784->f790, B: 2 [O(1)]
  143: f784->f790, C: 8 [O(1)]
  99: f790->f790, A: -2597 [O(1)]
  99: f790->f790, B: 2 [O(1)]
  99: f790->f790, C: -2 [O(1)]
  142: f790->f796, A: -2597 [O(1)]
  142: f790->f796, B: 2 [O(1)]
  142: f790->f796, C: 8 [O(1)]
  100: f796->f796, A: -2617 [O(1)]
  100: f796->f796, B: 2 [O(1)]
  100: f796->f796, C: -3 [O(1)]
  141: f796->f804, A: -2617 [O(1)]
  141: f796->f804, B: 2 [O(1)]
  141: f796->f804, C: 9 [O(1)]
  101: f804->f804, A: -2639 [O(1)]
  101: f804->f804, B: 2 [O(1)]
  101: f804->f804, C: -3 [O(1)]
  140: f804->f810, A: -2639 [O(1)]
  140: f804->f810, B: 2 [O(1)]
  140: f804->f810, C: 9 [O(1)]
  102: f810->f810, A: -2665 [O(1)]
  102: f810->f810, B: 2 [O(1)]
  102: f810->f810, C: -4 [O(1)]
  139: f810->f816, A: -2665 [O(1)]
  139: f810->f816, B: 2 [O(1)]
  139: f810->f816, C: 9 [O(1)]
  103: f816->f816, A: -2687 [O(1)]
  103: f816->f816, B: 2 [O(1)]
  103: f816->f816, C: -3 [O(1)]
  138: f816->f822, A: -2687 [O(1)]
  138: f816->f822, B: 2 [O(1)]
  138: f816->f822, C: 9 [O(1)]
  104: f822->f822, A: -2713 [O(1)]
  104: f822->f822, B: 2 [O(1)]
  104: f822->f822, C: -4 [O(1)]
  137: f822->f830, A: -2713 [O(1)]
  137: f822->f830, B: 2 [O(1)]
  137: f822->f830, C: 0 [O(1)]
  105: f830->f830, A: -2721 [O(1)]
  105: f830->f830, B: 2 [O(1)]
  105: f830->f830, C: -4 [O(1)]
  136: f830->f836, A: -2721 [O(1)]
  136: f830->f836, B: 2 [O(1)]
  136: f830->f836, C: 0 [O(1)]
  106: f836->f836, A: -2745 [O(1)]
  106: f836->f836, B: 2 [O(1)]
  106: f836->f836, C: -5 [O(1)]
  135: f836->f842, A: -2745 [O(1)]
  135: f836->f842, B: 2 [O(1)]
  135: f836->f842, C: 0 [O(1)]
  107: f842->f842, A: -2753 [O(1)]
  107: f842->f842, B: 2 [O(1)]
  107: f842->f842, C: -4 [O(1)]
  134: f842->f848, A: -2753 [O(1)]
  134: f842->f848, B: 2 [O(1)]
  134: f842->f848, C: 0 [O(1)]
  108: f848->f848, A: -2777 [O(1)]
  108: f848->f848, B: 2 [O(1)]
  108: f848->f848, C: -5 [O(1)]
  133: f848->f856, A: -2777 [O(1)]
  133: f848->f856, B: 2 [O(1)]
  133: f848->f856, C: -1 [O(1)]
  109: f856->f856, A: -2797 [O(1)]
  109: f856->f856, B: 2 [O(1)]
  109: f856->f856, C: -6 [O(1)]
  132: f856->f862, A: -2797 [O(1)]
  132: f856->f862, B: 2 [O(1)]
  132: f856->f862, C: -1 [O(1)]
  110: f862->f862, A: -2847 [O(1)]
  110: f862->f862, B: 2 [O(1)]
  110: f862->f862, C: -7 [O(1)]
  131: f862->f868, A: -2847 [O(1)]
  131: f862->f868, B: 2 [O(1)]
  131: f862->f868, C: -1 [O(1)]
  111: f868->f868, A: -2867 [O(1)]
  111: f868->f868, B: 2 [O(1)]
  111: f868->f868, C: -6 [O(1)]
  130: f868->f874, A: -2867 [O(1)]
  130: f868->f874, B: 2 [O(1)]
  130: f868->f874, C: -1 [O(1)]
  112: f874->f874, A: -2917 [O(1)]
  112: f874->f874, B: 2 [O(1)]
  112: f874->f874, C: -7 [O(1)]
  129: f874->f882, A: -2917 [O(1)]
  129: f874->f882, B: 2 [O(1)]
  129: f874->f882, C: -2 [O(1)]
  113: f882->f882, A: -2953 [O(1)]
  113: f882->f882, B: 2 [O(1)]
  113: f882->f882, C: -8 [O(1)]
  128: f882->f888, A: -2953 [O(1)]
  128: f882->f888, B: 2 [O(1)]
  128: f882->f888, C: -2 [O(1)]
  114: f888->f888, A: -3037 [O(1)]
  114: f888->f888, B: 2 [O(1)]
  114: f888->f888, C: -9 [O(1)]
  127: f888->f894, A: -3037 [O(1)]
  127: f888->f894, B: 2 [O(1)]
  127: f888->f894, C: -2 [O(1)]
  115: f894->f894, A: -3073 [O(1)]
  115: f894->f894, B: 2 [O(1)]
  115: f894->f894, C: -8 [O(1)]
  126: f894->f900, A: -3073 [O(1)]
  126: f894->f900, B: 2 [O(1)]
  126: f894->f900, C: -2 [O(1)]
  116: f900->f900, A: -3157 [O(1)]
  116: f900->f900, B: 2 [O(1)]
  116: f900->f900, C: -9 [O(1)]
  125: f900->f908, A: -3157 [O(1)]
  125: f900->f908, B: 2 [O(1)]
  125: f900->f908, C: 16 [O(1)]
  117: f908->f908, A: -3367 [O(1)]
  117: f908->f908, B: 2 [O(1)]
  117: f908->f908, C: -9 [O(1)]
  124: f908->f914, A: -3367 [O(1)]
  124: f908->f914, B: 2 [O(1)]
  124: f908->f914, C: 16 [O(1)]
  118: f914->f914, A: -3575 [O(1)]
  118: f914->f914, B: 2 [O(1)]
  118: f914->f914, C: -10 [O(1)]
  123: f914->f920, A: -3575 [O(1)]
  123: f914->f920, B: 2 [O(1)]
  123: f914->f920, C: 16 [O(1)]
  119: f920->f920, A: -3785 [O(1)]
  119: f920->f920, B: 2 [O(1)]
  119: f920->f920, C: -9 [O(1)]
  122: f920->f926, A: -3785 [O(1)]
  122: f920->f926, B: 2 [O(1)]
  122: f920->f926, C: 16 [O(1)]
  120: f926->f926, A: -3993 [O(1)]
  120: f926->f926, B: 2 [O(1)]
  120: f926->f926, C: -10 [O(1)]
  121: f926->f934, A: -3993 [O(1)]
  121: f926->f934, B: 2 [O(1)]
  121: f926->f934, C: -10 [O(1)]
`Upper:
  0: f0->f154, A: 0 [O(1)]
  0: f0->f154, B: 2 [O(1)]
  0: f0->f154, C: 0 [O(1)]
  1: f154->f154, A: 8 [O(1)]
  1: f154->f154, B: 2 [O(1)]
  1: f154->f154, C: 3 [O(1)]
  240: f154->f160, A: 8 [O(1)]
  240: f154->f160, B: 2 [O(1)]
  240: f154->f160, C: 0 [O(1)]
  2: f160->f160, A: 20 [O(1)]
  2: f160->f160, B: 2 [O(1)]
  2: f160->f160, C: 4 [O(1)]
  239: f160->f166, A: 20 [O(1)]
  239: f160->f166, B: 2 [O(1)]
  239: f160->f166, C: 0 [O(1)]
  3: f166->f166, A: 28 [O(1)]
  3: f166->f166, B: 2 [O(1)]
  3: f166->f166, C: 3 [O(1)]
  238: f166->f172, A: 28 [O(1)]
  238: f166->f172, B: 2 [O(1)]
  238: f166->f172, C: 0 [O(1)]
  4: f172->f172, A: 40 [O(1)]
  4: f172->f172, B: 2 [O(1)]
  4: f172->f172, C: 4 [O(1)]
  237: f172->f180, A: 40 [O(1)]
  237: f172->f180, B: 2 [O(1)]
  237: f172->f180, C: 1 [O(1)]
  5: f180->f180, A: 41 [O(1)]
  5: f180->f180, B: 2 [O(1)]
  5: f180->f180, C: 2 [O(1)]
  236: f180->f186, A: 41 [O(1)]
  236: f180->f186, B: 2 [O(1)]
  236: f180->f186, C: 1 [O(1)]
  6: f186->f186, A: 47 [O(1)]
  6: f186->f186, B: 2 [O(1)]
  6: f186->f186, C: 3 [O(1)]
  235: f186->f192, A: 47 [O(1)]
  235: f186->f192, B: 2 [O(1)]
  235: f186->f192, C: 1 [O(1)]
  7: f192->f192, A: 92 [O(1)]
  7: f192->f192, B: 2 [O(1)]
  7: f192->f192, C: 2 [O(1)]
  234: f192->f198, A: 92 [O(1)]
  234: f192->f198, B: 2 [O(1)]
  234: f192->f198, C: 1 [O(1)]
  8: f198->f198, A: 630 [O(1)]
  8: f198->f198, B: 2 [O(1)]
  8: f198->f198, C: 3 [O(1)]
  233: f198->f206, A: 630 [O(1)]
  233: f198->f206, B: 2 [O(1)]
  233: f198->f206, C: -3 [O(1)]
  9: f206->f206, A: 630 [O(1)]
  9: f206->f206, B: 2 [O(1)]
  9: f206->f206, C: -2 [O(1)]
  232: f206->f212, A: 630 [O(1)]
  232: f206->f212, B: 2 [O(1)]
  232: f206->f212, C: -3 [O(1)]
  10: f212->f212, A: 630 [O(1)]
  10: f212->f212, B: 2 [O(1)]
  10: f212->f212, C: -1 [O(1)]
  231: f212->f218, A: 630 [O(1)]
  231: f212->f218, B: 2 [O(1)]
  231: f212->f218, C: -3 [O(1)]
  11: f218->f218, A: 630 [O(1)]
  11: f218->f218, B: 2 [O(1)]
  11: f218->f218, C: -2 [O(1)]
  230: f218->f224, A: 630 [O(1)]
  230: f218->f224, B: 2 [O(1)]
  230: f218->f224, C: -3 [O(1)]
  12: f224->f224, A: 630 [O(1)]
  12: f224->f224, B: 2 [O(1)]
  12: f224->f224, C: -1 [O(1)]
  229: f224->f232, A: 630 [O(1)]
  229: f224->f232, B: 2 [O(1)]
  229: f224->f232, C: -4 [O(1)]
  13: f232->f232, A: 630 [O(1)]
  13: f232->f232, B: 2 [O(1)]
  13: f232->f232, C: -1 [O(1)]
  228: f232->f238, A: 630 [O(1)]
  228: f232->f238, B: 2 [O(1)]
  228: f232->f238, C: -4 [O(1)]
  14: f238->f238, A: 630 [O(1)]
  14: f238->f238, B: 2 [O(1)]
  14: f238->f238, C: 0 [O(1)]
  227: f238->f244, A: 630 [O(1)]
  227: f238->f244, B: 2 [O(1)]
  227: f238->f244, C: -4 [O(1)]
  15: f244->f244, A: 630 [O(1)]
  15: f244->f244, B: 2 [O(1)]
  15: f244->f244, C: -1 [O(1)]
  226: f244->f250, A: 630 [O(1)]
  226: f244->f250, B: 2 [O(1)]
  226: f244->f250, C: -4 [O(1)]
  16: f250->f250, A: 630 [O(1)]
  16: f250->f250, B: 2 [O(1)]
  16: f250->f250, C: 0 [O(1)]
  225: f250->f258, A: 630 [O(1)]
  225: f250->f258, B: 2 [O(1)]
  225: f250->f258, C: -5 [O(1)]
  17: f258->f258, A: 630 [O(1)]
  17: f258->f258, B: 2 [O(1)]
  17: f258->f258, C: 0 [O(1)]
  224: f258->f264, A: 630 [O(1)]
  224: f258->f264, B: 2 [O(1)]
  224: f258->f264, C: -5 [O(1)]
  18: f264->f264, A: 630 [O(1)]
  18: f264->f264, B: 2 [O(1)]
  18: f264->f264, C: 1 [O(1)]
  223: f264->f270, A: 630 [O(1)]
  223: f264->f270, B: 2 [O(1)]
  223: f264->f270, C: -5 [O(1)]
  19: f270->f270, A: 630 [O(1)]
  19: f270->f270, B: 2 [O(1)]
  19: f270->f270, C: 0 [O(1)]
  222: f270->f276, A: 630 [O(1)]
  222: f270->f276, B: 2 [O(1)]
  222: f270->f276, C: -5 [O(1)]
  20: f276->f276, A: 630 [O(1)]
  20: f276->f276, B: 2 [O(1)]
  20: f276->f276, C: 1 [O(1)]
  221: f276->f284, A: 630 [O(1)]
  221: f276->f284, B: 2 [O(1)]
  221: f276->f284, C: -6 [O(1)]
  21: f284->f284, A: 660 [O(1)]
  21: f284->f284, B: 2 [O(1)]
  21: f284->f284, C: 4 [O(1)]
  220: f284->f290, A: 660 [O(1)]
  220: f284->f290, B: 2 [O(1)]
  220: f284->f290, C: -6 [O(1)]
  22: f290->f290, A: 708 [O(1)]
  22: f290->f290, B: 2 [O(1)]
  22: f290->f290, C: 5 [O(1)]
  219: f290->f296, A: 708 [O(1)]
  219: f290->f296, B: 2 [O(1)]
  219: f290->f296, C: -6 [O(1)]
  23: f296->f296, A: 738 [O(1)]
  23: f296->f296, B: 2 [O(1)]
  23: f296->f296, C: 4 [O(1)]
  218: f296->f302, A: 738 [O(1)]
  218: f296->f302, B: 2 [O(1)]
  218: f296->f302, C: -6 [O(1)]
  24: f302->f302, A: 786 [O(1)]
  24: f302->f302, B: 2 [O(1)]
  24: f302->f302, C: 5 [O(1)]
  217: f302->f310, A: 786 [O(1)]
  217: f302->f310, B: 2 [O(1)]
  217: f302->f310, C: 0 [O(1)]
  25: f310->f310, A: 794 [O(1)]
  25: f310->f310, B: 2 [O(1)]
  25: f310->f310, C: 4 [O(1)]
  216: f310->f316, A: 794 [O(1)]
  216: f310->f316, B: 2 [O(1)]
  216: f310->f316, C: 0 [O(1)]
  26: f316->f316, A: 812 [O(1)]
  26: f316->f316, B: 2 [O(1)]
  26: f316->f316, C: 5 [O(1)]
  215: f316->f322, A: 812 [O(1)]
  215: f316->f322, B: 2 [O(1)]
  215: f316->f322, C: 0 [O(1)]
  27: f322->f322, A: 820 [O(1)]
  27: f322->f322, B: 2 [O(1)]
  27: f322->f322, C: 4 [O(1)]
  214: f322->f328, A: 820 [O(1)]
  214: f322->f328, B: 2 [O(1)]
  214: f322->f328, C: 0 [O(1)]
  28: f328->f328, A: 844 [O(1)]
  28: f328->f328, B: 2 [O(1)]
  28: f328->f328, C: 5 [O(1)]
  213: f328->f336, A: 844 [O(1)]
  213: f328->f336, B: 2 [O(1)]
  213: f328->f336, C: 1 [O(1)]
  29: f336->f336, A: 845 [O(1)]
  29: f336->f336, B: 2 [O(1)]
  29: f336->f336, C: 3 [O(1)]
  212: f336->f342, A: 845 [O(1)]
  212: f336->f342, B: 2 [O(1)]
  212: f336->f342, C: 1 [O(1)]
  30: f342->f342, A: 851 [O(1)]
  30: f342->f342, B: 2 [O(1)]
  30: f342->f342, C: 4 [O(1)]
  211: f342->f348, A: 851 [O(1)]
  211: f342->f348, B: 2 [O(1)]
  211: f342->f348, C: 1 [O(1)]
  31: f348->f348, A: 852 [O(1)]
  31: f348->f348, B: 2 [O(1)]
  31: f348->f348, C: 3 [O(1)]
  210: f348->f354, A: 852 [O(1)]
  210: f348->f354, B: 2 [O(1)]
  210: f348->f354, C: 1 [O(1)]
  32: f354->f354, A: 858 [O(1)]
  32: f354->f354, B: 2 [O(1)]
  32: f354->f354, C: 4 [O(1)]
  209: f354->f362, A: 858 [O(1)]
  209: f354->f362, B: 2 [O(1)]
  209: f354->f362, C: -3 [O(1)]
  33: f362->f362, A: 858 [O(1)]
  33: f362->f362, B: 2 [O(1)]
  33: f362->f362, C: -1 [O(1)]
  208: f362->f368, A: 858 [O(1)]
  208: f362->f368, B: 2 [O(1)]
  208: f362->f368, C: -3 [O(1)]
  34: f368->f368, A: 858 [O(1)]
  34: f368->f368, B: 2 [O(1)]
  34: f368->f368, C: 0 [O(1)]
  207: f368->f374, A: 858 [O(1)]
  207: f368->f374, B: 2 [O(1)]
  207: f368->f374, C: -3 [O(1)]
  35: f374->f374, A: 858 [O(1)]
  35: f374->f374, B: 2 [O(1)]
  35: f374->f374, C: -1 [O(1)]
  206: f374->f380, A: 858 [O(1)]
  206: f374->f380, B: 2 [O(1)]
  206: f374->f380, C: -3 [O(1)]
  36: f380->f380, A: 858 [O(1)]
  36: f380->f380, B: 2 [O(1)]
  36: f380->f380, C: 0 [O(1)]
  205: f380->f388, A: 858 [O(1)]
  205: f380->f388, B: 2 [O(1)]
  205: f380->f388, C: -4 [O(1)]
  37: f388->f388, A: 858 [O(1)]
  37: f388->f388, B: 2 [O(1)]
  37: f388->f388, C: 0 [O(1)]
  204: f388->f394, A: 858 [O(1)]
  204: f388->f394, B: 2 [O(1)]
  204: f388->f394, C: -4 [O(1)]
  38: f394->f394, A: 858 [O(1)]
  38: f394->f394, B: 2 [O(1)]
  38: f394->f394, C: 1 [O(1)]
  203: f394->f400, A: 858 [O(1)]
  203: f394->f400, B: 2 [O(1)]
  203: f394->f400, C: -4 [O(1)]
  39: f400->f400, A: 858 [O(1)]
  39: f400->f400, B: 2 [O(1)]
  39: f400->f400, C: 0 [O(1)]
  202: f400->f406, A: 858 [O(1)]
  202: f400->f406, B: 2 [O(1)]
  202: f400->f406, C: -4 [O(1)]
  40: f406->f406, A: 858 [O(1)]
  40: f406->f406, B: 2 [O(1)]
  40: f406->f406, C: 1 [O(1)]
  201: f406->f414, A: 858 [O(1)]
  201: f406->f414, B: 2 [O(1)]
  201: f406->f414, C: -5 [O(1)]
  41: f414->f414, A: 858 [O(1)]
  41: f414->f414, B: 2 [O(1)]
  41: f414->f414, C: 1 [O(1)]
  200: f414->f420, A: 858 [O(1)]
  200: f414->f420, B: 2 [O(1)]
  200: f414->f420, C: -5 [O(1)]
  42: f420->f420, A: 858 [O(1)]
  42: f420->f420, B: 2 [O(1)]
  42: f420->f420, C: 2 [O(1)]
  199: f420->f426, A: 858 [O(1)]
  199: f420->f426, B: 2 [O(1)]
  199: f420->f426, C: -5 [O(1)]
  43: f426->f426, A: 858 [O(1)]
  43: f426->f426, B: 2 [O(1)]
  43: f426->f426, C: 1 [O(1)]
  198: f426->f432, A: 858 [O(1)]
  198: f426->f432, B: 2 [O(1)]
  198: f426->f432, C: -5 [O(1)]
  44: f432->f432, A: 858 [O(1)]
  44: f432->f432, B: 2 [O(1)]
  44: f432->f432, C: 2 [O(1)]
  197: f432->f440, A: 858 [O(1)]
  197: f432->f440, B: 2 [O(1)]
  197: f432->f440, C: -6 [O(1)]
  45: f440->f440, A: 918 [O(1)]
  45: f440->f440, B: 2 [O(1)]
  45: f440->f440, C: 5 [O(1)]
  196: f440->f446, A: 918 [O(1)]
  196: f440->f446, B: 2 [O(1)]
  196: f440->f446, C: -6 [O(1)]
  46: f446->f446, A: 966 [O(1)]
  46: f446->f446, B: 2 [O(1)]
  46: f446->f446, C: 6 [O(1)]
  195: f446->f452, A: 966 [O(1)]
  195: f446->f452, B: 2 [O(1)]
  195: f446->f452, C: -6 [O(1)]
  47: f452->f452, A: 1026 [O(1)]
  47: f452->f452, B: 2 [O(1)]
  47: f452->f452, C: 5 [O(1)]
  194: f452->f458, A: 1026 [O(1)]
  194: f452->f458, B: 2 [O(1)]
  194: f452->f458, C: -6 [O(1)]
  48: f458->f458, A: 1074 [O(1)]
  48: f458->f458, B: 2 [O(1)]
  48: f458->f458, C: 6 [O(1)]
  193: f458->f466, A: 1074 [O(1)]
  193: f458->f466, B: 2 [O(1)]
  193: f458->f466, C: 5 [O(1)]
  49: f466->f466, A: 1149 [O(1)]
  49: f466->f466, B: 2 [O(1)]
  49: f466->f466, C: 4 [O(1)]
  192: f466->f472, A: 1149 [O(1)]
  192: f466->f472, B: 2 [O(1)]
  192: f466->f472, C: 5 [O(1)]
  50: f472->f472, A: 1174 [O(1)]
  50: f472->f472, B: 2 [O(1)]
  50: f472->f472, C: 4 [O(1)]
  191: f472->f478, A: 1174 [O(1)]
  191: f472->f478, B: 2 [O(1)]
  191: f472->f478, C: 5 [O(1)]
  51: f478->f478, A: 1249 [O(1)]
  51: f478->f478, B: 2 [O(1)]
  51: f478->f478, C: 4 [O(1)]
  190: f478->f484, A: 1249 [O(1)]
  190: f478->f484, B: 2 [O(1)]
  190: f478->f484, C: 5 [O(1)]
  52: f484->f484, A: 1274 [O(1)]
  52: f484->f484, B: 2 [O(1)]
  52: f484->f484, C: 4 [O(1)]
  189: f484->f492, A: 1274 [O(1)]
  189: f484->f492, B: 2 [O(1)]
  189: f484->f492, C: 6 [O(1)]
  53: f492->f492, A: 1310 [O(1)]
  53: f492->f492, B: 2 [O(1)]
  53: f492->f492, C: 5 [O(1)]
  188: f492->f498, A: 1310 [O(1)]
  188: f492->f498, B: 2 [O(1)]
  188: f492->f498, C: 6 [O(1)]
  54: f498->f498, A: 1346 [O(1)]
  54: f498->f498, B: 2 [O(1)]
  54: f498->f498, C: 5 [O(1)]
  187: f498->f504, A: 1346 [O(1)]
  187: f498->f504, B: 2 [O(1)]
  187: f498->f504, C: 6 [O(1)]
  55: f504->f504, A: 1382 [O(1)]
  55: f504->f504, B: 2 [O(1)]
  55: f504->f504, C: 5 [O(1)]
  186: f504->f510, A: 1382 [O(1)]
  186: f504->f510, B: 2 [O(1)]
  186: f504->f510, C: 6 [O(1)]
  56: f510->f510, A: 1418 [O(1)]
  56: f510->f510, B: 2 [O(1)]
  56: f510->f510, C: 5 [O(1)]
  185: f510->f518, A: 1418 [O(1)]
  185: f510->f518, B: 2 [O(1)]
  185: f510->f518, C: 7 [O(1)]
  57: f518->f518, A: 1467 [O(1)]
  57: f518->f518, B: 2 [O(1)]
  57: f518->f518, C: 6 [O(1)]
  184: f518->f524, A: 1467 [O(1)]
  184: f518->f524, B: 2 [O(1)]
  184: f518->f524, C: 7 [O(1)]
  58: f524->f524, A: 1530 [O(1)]
  58: f524->f524, B: 2 [O(1)]
  58: f524->f524, C: 6 [O(1)]
  183: f524->f530, A: 1530 [O(1)]
  183: f524->f530, B: 2 [O(1)]
  183: f524->f530, C: 7 [O(1)]
  59: f530->f530, A: 1579 [O(1)]
  59: f530->f530, B: 2 [O(1)]
  59: f530->f530, C: 6 [O(1)]
  182: f530->f536, A: 1579 [O(1)]
  182: f530->f536, B: 2 [O(1)]
  182: f530->f536, C: 7 [O(1)]
  60: f536->f536, A: 1642 [O(1)]
  60: f536->f536, B: 2 [O(1)]
  60: f536->f536, C: 6 [O(1)]
  181: f536->f544, A: 1642 [O(1)]
  181: f536->f544, B: 2 [O(1)]
  181: f536->f544, C: 8 [O(1)]
  61: f544->f544, A: 1722 [O(1)]
  61: f544->f544, B: 2 [O(1)]
  61: f544->f544, C: 7 [O(1)]
  180: f544->f550, A: 1722 [O(1)]
  180: f544->f550, B: 2 [O(1)]
  180: f544->f550, C: 8 [O(1)]
  62: f550->f550, A: 1802 [O(1)]
  62: f550->f550, B: 2 [O(1)]
  62: f550->f550, C: 7 [O(1)]
  179: f550->f556, A: 1802 [O(1)]
  179: f550->f556, B: 2 [O(1)]
  179: f550->f556, C: 8 [O(1)]
  63: f556->f556, A: 1882 [O(1)]
  63: f556->f556, B: 2 [O(1)]
  63: f556->f556, C: 7 [O(1)]
  178: f556->f562, A: 1882 [O(1)]
  178: f556->f562, B: 2 [O(1)]
  178: f556->f562, C: 8 [O(1)]
  64: f562->f562, A: 1962 [O(1)]
  64: f562->f562, B: 2 [O(1)]
  64: f562->f562, C: 7 [O(1)]
  177: f562->f570, A: 1962 [O(1)]
  177: f562->f570, B: 2 [O(1)]
  177: f562->f570, C: 9 [O(1)]
  65: f570->f570, A: 2061 [O(1)]
  65: f570->f570, B: 2 [O(1)]
  65: f570->f570, C: 8 [O(1)]
  176: f570->f576, A: 2061 [O(1)]
  176: f570->f576, B: 2 [O(1)]
  176: f570->f576, C: 9 [O(1)]
  66: f576->f576, A: 2178 [O(1)]
  66: f576->f576, B: 2 [O(1)]
  66: f576->f576, C: 8 [O(1)]
  175: f576->f582, A: 2178 [O(1)]
  175: f576->f582, B: 2 [O(1)]
  175: f576->f582, C: 9 [O(1)]
  67: f582->f582, A: 2277 [O(1)]
  67: f582->f582, B: 2 [O(1)]
  67: f582->f582, C: 8 [O(1)]
  174: f582->f588, A: 2277 [O(1)]
  174: f582->f588, B: 2 [O(1)]
  174: f582->f588, C: 9 [O(1)]
  68: f588->f588, A: 2394 [O(1)]
  68: f588->f588, B: 2 [O(1)]
  68: f588->f588, C: 8 [O(1)]
  173: f588->f596, A: 2394 [O(1)]
  173: f588->f596, B: 2 [O(1)]
  173: f588->f596, C: 0 [O(1)]
  69: f596->f596, A: 2394 [O(1)]
  69: f596->f596, B: 2 [O(1)]
  69: f596->f596, C: -1 [O(1)]
  172: f596->f602, A: 2394 [O(1)]
  172: f596->f602, B: 2 [O(1)]
  172: f596->f602, C: 0 [O(1)]
  70: f602->f602, A: 2394 [O(1)]
  70: f602->f602, B: 2 [O(1)]
  70: f602->f602, C: -1 [O(1)]
  171: f602->f608, A: 2394 [O(1)]
  171: f602->f608, B: 2 [O(1)]
  171: f602->f608, C: 0 [O(1)]
  71: f608->f608, A: 2394 [O(1)]
  71: f608->f608, B: 2 [O(1)]
  71: f608->f608, C: -1 [O(1)]
  170: f608->f614, A: 2394 [O(1)]
  170: f608->f614, B: 2 [O(1)]
  170: f608->f614, C: 0 [O(1)]
  72: f614->f614, A: 2394 [O(1)]
  72: f614->f614, B: 2 [O(1)]
  72: f614->f614, C: -1 [O(1)]
  169: f614->f622, A: 2394 [O(1)]
  169: f614->f622, B: 2 [O(1)]
  169: f614->f622, C: -1 [O(1)]
  73: f622->f622, A: 2394 [O(1)]
  73: f622->f622, B: 2 [O(1)]
  73: f622->f622, C: -2 [O(1)]
  168: f622->f628, A: 2394 [O(1)]
  168: f622->f628, B: 2 [O(1)]
  168: f622->f628, C: -1 [O(1)]
  74: f628->f628, A: 2394 [O(1)]
  74: f628->f628, B: 2 [O(1)]
  74: f628->f628, C: -2 [O(1)]
  167: f628->f634, A: 2394 [O(1)]
  167: f628->f634, B: 2 [O(1)]
  167: f628->f634, C: -1 [O(1)]
  75: f634->f634, A: 2394 [O(1)]
  75: f634->f634, B: 2 [O(1)]
  75: f634->f634, C: -2 [O(1)]
  166: f634->f640, A: 2394 [O(1)]
  166: f634->f640, B: 2 [O(1)]
  166: f634->f640, C: -1 [O(1)]
  76: f640->f640, A: 2394 [O(1)]
  76: f640->f640, B: 2 [O(1)]
  76: f640->f640, C: -2 [O(1)]
  165: f640->f648, A: 2394 [O(1)]
  165: f640->f648, B: 2 [O(1)]
  165: f640->f648, C: -2 [O(1)]
  77: f648->f648, A: 2394 [O(1)]
  77: f648->f648, B: 2 [O(1)]
  77: f648->f648, C: -3 [O(1)]
  164: f648->f654, A: 2394 [O(1)]
  164: f648->f654, B: 2 [O(1)]
  164: f648->f654, C: -2 [O(1)]
  78: f654->f654, A: 2394 [O(1)]
  78: f654->f654, B: 2 [O(1)]
  78: f654->f654, C: -3 [O(1)]
  163: f654->f660, A: 2394 [O(1)]
  163: f654->f660, B: 2 [O(1)]
  163: f654->f660, C: -2 [O(1)]
  79: f660->f660, A: 2394 [O(1)]
  79: f660->f660, B: 2 [O(1)]
  79: f660->f660, C: -3 [O(1)]
  162: f660->f666, A: 2394 [O(1)]
  162: f660->f666, B: 2 [O(1)]
  162: f660->f666, C: -2 [O(1)]
  80: f666->f666, A: 2394 [O(1)]
  80: f666->f666, B: 2 [O(1)]
  80: f666->f666, C: -3 [O(1)]
  161: f666->f674, A: 2394 [O(1)]
  161: f666->f674, B: 2 [O(1)]
  161: f666->f674, C: 16 [O(1)]
  81: f674->f674, A: 2778 [O(1)]
  81: f674->f674, B: 2 [O(1)]
  81: f674->f674, C: 15 [O(1)]
  160: f674->f680, A: 2778 [O(1)]
  160: f674->f680, B: 2 [O(1)]
  160: f674->f680, C: 16 [O(1)]
  82: f680->f680, A: 3194 [O(1)]
  82: f680->f680, B: 2 [O(1)]
  82: f680->f680, C: 15 [O(1)]
  159: f680->f686, A: 3194 [O(1)]
  159: f680->f686, B: 2 [O(1)]
  159: f680->f686, C: 16 [O(1)]
  83: f686->f686, A: 3578 [O(1)]
  83: f686->f686, B: 2 [O(1)]
  83: f686->f686, C: 15 [O(1)]
  158: f686->f692, A: 3578 [O(1)]
  158: f686->f692, B: 2 [O(1)]
  158: f686->f692, C: 16 [O(1)]
  84: f692->f692, A: 3994 [O(1)]
  84: f692->f692, B: 2 [O(1)]
  84: f692->f692, C: 15 [O(1)]
  157: f692->f700, A: 3994 [O(1)]
  157: f692->f700, B: 2 [O(1)]
  157: f692->f700, C: 5 [O(1)]
  85: f700->f700, A: 4069 [O(1)]
  85: f700->f700, B: 2 [O(1)]
  85: f700->f700, C: 3 [O(1)]
  156: f700->f706, A: 4069 [O(1)]
  156: f700->f706, B: 2 [O(1)]
  156: f700->f706, C: 5 [O(1)]
  86: f706->f706, A: 4119 [O(1)]
  86: f706->f706, B: 2 [O(1)]
  86: f706->f706, C: 3 [O(1)]
  155: f706->f712, A: 4119 [O(1)]
  155: f706->f712, B: 2 [O(1)]
  155: f706->f712, C: 5 [O(1)]
  87: f712->f712, A: 4194 [O(1)]
  87: f712->f712, B: 2 [O(1)]
  87: f712->f712, C: 3 [O(1)]
  154: f712->f718, A: 4194 [O(1)]
  154: f712->f718, B: 2 [O(1)]
  154: f712->f718, C: 5 [O(1)]
  88: f718->f718, A: 4244 [O(1)]
  88: f718->f718, B: 2 [O(1)]
  88: f718->f718, C: 3 [O(1)]
  153: f718->f726, A: 4244 [O(1)]
  153: f718->f726, B: 2 [O(1)]
  153: f718->f726, C: 6 [O(1)]
  89: f726->f726, A: 4316 [O(1)]
  89: f726->f726, B: 2 [O(1)]
  89: f726->f726, C: 4 [O(1)]
  152: f726->f732, A: 4316 [O(1)]
  152: f726->f732, B: 2 [O(1)]
  152: f726->f732, C: 6 [O(1)]
  90: f732->f732, A: 4352 [O(1)]
  90: f732->f732, B: 2 [O(1)]
  90: f732->f732, C: 4 [O(1)]
  151: f732->f738, A: 4352 [O(1)]
  151: f732->f738, B: 2 [O(1)]
  151: f732->f738, C: 6 [O(1)]
  91: f738->f738, A: 4424 [O(1)]
  91: f738->f738, B: 2 [O(1)]
  91: f738->f738, C: 4 [O(1)]
  150: f738->f744, A: 4424 [O(1)]
  150: f738->f744, B: 2 [O(1)]
  150: f738->f744, C: 6 [O(1)]
  92: f744->f744, A: 4568 [O(1)]
  92: f744->f744, B: 2 [O(1)]
  92: f744->f744, C: 4 [O(1)]
  149: f744->f752, A: 4568 [O(1)]
  149: f744->f752, B: 2 [O(1)]
  149: f744->f752, C: 7 [O(1)]
  93: f752->f752, A: 4764 [O(1)]
  93: f752->f752, B: 2 [O(1)]
  93: f752->f752, C: 5 [O(1)]
  148: f752->f758, A: 4764 [O(1)]
  148: f752->f758, B: 2 [O(1)]
  148: f752->f758, C: 7 [O(1)]
  94: f758->f758, A: 4827 [O(1)]
  94: f758->f758, B: 2 [O(1)]
  94: f758->f758, C: 5 [O(1)]
  147: f758->f764, A: 4827 [O(1)]
  147: f758->f764, B: 2 [O(1)]
  147: f758->f764, C: 7 [O(1)]
  95: f764->f764, A: 5023 [O(1)]
  95: f764->f764, B: 2 [O(1)]
  95: f764->f764, C: 5 [O(1)]
  146: f764->f770, A: 5023 [O(1)]
  146: f764->f770, B: 2 [O(1)]
  146: f764->f770, C: 7 [O(1)]
  96: f770->f770, A: 5086 [O(1)]
  96: f770->f770, B: 2 [O(1)]
  96: f770->f770, C: 5 [O(1)]
  145: f770->f778, A: 5086 [O(1)]
  145: f770->f778, B: 2 [O(1)]
  145: f770->f778, C: 8 [O(1)]
  97: f778->f778, A: 5166 [O(1)]
  97: f778->f778, B: 2 [O(1)]
  97: f778->f778, C: 6 [O(1)]
  144: f778->f784, A: 5166 [O(1)]
  144: f778->f784, B: 2 [O(1)]
  144: f778->f784, C: 8 [O(1)]
  98: f784->f784, A: 5326 [O(1)]
  98: f784->f784, B: 2 [O(1)]
  98: f784->f784, C: 6 [O(1)]
  143: f784->f790, A: 5326 [O(1)]
  143: f784->f790, B: 2 [O(1)]
  143: f784->f790, C: 8 [O(1)]
  99: f790->f790, A: 5406 [O(1)]
  99: f790->f790, B: 2 [O(1)]
  99: f790->f790, C: 6 [O(1)]
  142: f790->f796, A: 5406 [O(1)]
  142: f790->f796, B: 2 [O(1)]
  142: f790->f796, C: 8 [O(1)]
  100: f796->f796, A: 5566 [O(1)]
  100: f796->f796, B: 2 [O(1)]
  100: f796->f796, C: 6 [O(1)]
  141: f796->f804, A: 5566 [O(1)]
  141: f796->f804, B: 2 [O(1)]
  141: f796->f804, C: 9 [O(1)]
  101: f804->f804, A: 5764 [O(1)]
  101: f804->f804, B: 2 [O(1)]
  101: f804->f804, C: 7 [O(1)]
  140: f804->f810, A: 5764 [O(1)]
  140: f804->f810, B: 2 [O(1)]
  140: f804->f810, C: 9 [O(1)]
  102: f810->f810, A: 5881 [O(1)]
  102: f810->f810, B: 2 [O(1)]
  102: f810->f810, C: 7 [O(1)]
  139: f810->f816, A: 5881 [O(1)]
  139: f810->f816, B: 2 [O(1)]
  139: f810->f816, C: 9 [O(1)]
  103: f816->f816, A: 6079 [O(1)]
  103: f816->f816, B: 2 [O(1)]
  103: f816->f816, C: 7 [O(1)]
  138: f816->f822, A: 6079 [O(1)]
  138: f816->f822, B: 2 [O(1)]
  138: f816->f822, C: 9 [O(1)]
  104: f822->f822, A: 6196 [O(1)]
  104: f822->f822, B: 2 [O(1)]
  104: f822->f822, C: 7 [O(1)]
  137: f822->f830, A: 6196 [O(1)]
  137: f822->f830, B: 2 [O(1)]
  137: f822->f830, C: 0 [O(1)]
  105: f830->f830, A: 6196 [O(1)]
  105: f830->f830, B: 2 [O(1)]
  105: f830->f830, C: -2 [O(1)]
  136: f830->f836, A: 6196 [O(1)]
  136: f830->f836, B: 2 [O(1)]
  136: f830->f836, C: 0 [O(1)]
  106: f836->f836, A: 6196 [O(1)]
  106: f836->f836, B: 2 [O(1)]
  106: f836->f836, C: -2 [O(1)]
  135: f836->f842, A: 6196 [O(1)]
  135: f836->f842, B: 2 [O(1)]
  135: f836->f842, C: 0 [O(1)]
  107: f842->f842, A: 6196 [O(1)]
  107: f842->f842, B: 2 [O(1)]
  107: f842->f842, C: -2 [O(1)]
  134: f842->f848, A: 6196 [O(1)]
  134: f842->f848, B: 2 [O(1)]
  134: f842->f848, C: 0 [O(1)]
  108: f848->f848, A: 6196 [O(1)]
  108: f848->f848, B: 2 [O(1)]
  108: f848->f848, C: -2 [O(1)]
  133: f848->f856, A: 6196 [O(1)]
  133: f848->f856, B: 2 [O(1)]
  133: f848->f856, C: -1 [O(1)]
  109: f856->f856, A: 6196 [O(1)]
  109: f856->f856, B: 2 [O(1)]
  109: f856->f856, C: -3 [O(1)]
  132: f856->f862, A: 6196 [O(1)]
  132: f856->f862, B: 2 [O(1)]
  132: f856->f862, C: -1 [O(1)]
  110: f862->f862, A: 6196 [O(1)]
  110: f862->f862, B: 2 [O(1)]
  110: f862->f862, C: -3 [O(1)]
  131: f862->f868, A: 6196 [O(1)]
  131: f862->f868, B: 2 [O(1)]
  131: f862->f868, C: -1 [O(1)]
  111: f868->f868, A: 6196 [O(1)]
  111: f868->f868, B: 2 [O(1)]
  111: f868->f868, C: -3 [O(1)]
  130: f868->f874, A: 6196 [O(1)]
  130: f868->f874, B: 2 [O(1)]
  130: f868->f874, C: -1 [O(1)]
  112: f874->f874, A: 6196 [O(1)]
  112: f874->f874, B: 2 [O(1)]
  112: f874->f874, C: -3 [O(1)]
  129: f874->f882, A: 6196 [O(1)]
  129: f874->f882, B: 2 [O(1)]
  129: f874->f882, C: -2 [O(1)]
  113: f882->f882, A: 6196 [O(1)]
  113: f882->f882, B: 2 [O(1)]
  113: f882->f882, C: -4 [O(1)]
  128: f882->f888, A: 6196 [O(1)]
  128: f882->f888, B: 2 [O(1)]
  128: f882->f888, C: -2 [O(1)]
  114: f888->f888, A: 6196 [O(1)]
  114: f888->f888, B: 2 [O(1)]
  114: f888->f888, C: -4 [O(1)]
  127: f888->f894, A: 6196 [O(1)]
  127: f888->f894, B: 2 [O(1)]
  127: f888->f894, C: -2 [O(1)]
  115: f894->f894, A: 6196 [O(1)]
  115: f894->f894, B: 2 [O(1)]
  115: f894->f894, C: -4 [O(1)]
  126: f894->f900, A: 6196 [O(1)]
  126: f894->f900, B: 2 [O(1)]
  126: f894->f900, C: -2 [O(1)]
  116: f900->f900, A: 6196 [O(1)]
  116: f900->f900, B: 2 [O(1)]
  116: f900->f900, C: -4 [O(1)]
  125: f900->f908, A: 6196 [O(1)]
  125: f900->f908, B: 2 [O(1)]
  125: f900->f908, C: 16 [O(1)]
  117: f908->f908, A: 6676 [O(1)]
  117: f908->f908, B: 2 [O(1)]
  117: f908->f908, C: 14 [O(1)]
  124: f908->f914, A: 6676 [O(1)]
  124: f908->f914, B: 2 [O(1)]
  124: f908->f914, C: 16 [O(1)]
  118: f914->f914, A: 7092 [O(1)]
  118: f914->f914, B: 2 [O(1)]
  118: f914->f914, C: 14 [O(1)]
  123: f914->f920, A: 7092 [O(1)]
  123: f914->f920, B: 2 [O(1)]
  123: f914->f920, C: 16 [O(1)]
  119: f920->f920, A: 7572 [O(1)]
  119: f920->f920, B: 2 [O(1)]
  119: f920->f920, C: 14 [O(1)]
  122: f920->f926, A: 7572 [O(1)]
  122: f920->f926, B: 2 [O(1)]
  122: f920->f926, C: 16 [O(1)]
  120: f926->f926, A: 7988 [O(1)]
  120: f926->f926, B: 2 [O(1)]
  120: f926->f926, C: 14 [O(1)]
  121: f926->f934, A: 7988 [O(1)]
  121: f926->f934, B: 2 [O(1)]
  121: f926->f934, C: -9 [O(1)]
