Timebounds: 
  Overall timebound: inf [Infinity]
  2: f2->f5: 1 [O(1)]
  6: f23->f26: inf [Infinity]
  26: f23->f1: 1 [O(1)]
  25: f26->f40: inf [Infinity]
  21: f40->f59: inf [Infinity]
  22: f40->f59: inf [Infinity]
  23: f40->f69: inf [Infinity]
  3: f5->f9: max{0, 1+A-B} [O(n)]
  30: f5->f23: 1 [O(1)]
  11: f59->f59: max{0, -H+max{B, 1+A}} [O(n)]
  18: f59->f69: inf [Infinity]
  0: f69->f71: inf [Infinity]
  1: f69->f71: inf [Infinity]
  12: f69->f71: inf [Infinity]
  13: f71->f74: inf [Infinity]
  16: f71->f23: inf [Infinity]
  17: f74->f23: inf [Infinity]
  4: f9->f9: max{0, 1+A-D} [O(n)]
  5: f9->f9: inf [Infinity]
  28: f9->f5: max{0, 1+A-B} [O(n)]
  29: f9->f5: max{0, 1+A-B} [O(n)]

Costbounds:
  Overall costbound: inf [Infinity]
  2: f2->f5: 1 [O(1)]
  6: f23->f26: inf [Infinity]
  26: f23->f1: 1 [O(1)]
  25: f26->f40: inf [Infinity]
  21: f40->f59: inf [Infinity]
  22: f40->f59: inf [Infinity]
  23: f40->f69: inf [Infinity]
  3: f5->f9: max{0, 1+A-B} [O(n)]
  30: f5->f23: 1 [O(1)]
  11: f59->f59: max{0, -H+max{B, 1+A}} [O(n)]
  18: f59->f69: inf [Infinity]
  0: f69->f71: inf [Infinity]
  1: f69->f71: inf [Infinity]
  12: f69->f71: inf [Infinity]
  13: f71->f74: inf [Infinity]
  16: f71->f23: inf [Infinity]
  17: f74->f23: inf [Infinity]
  4: f9->f9: max{0, 1+A-D} [O(n)]
  5: f9->f9: inf [Infinity]
  28: f9->f5: max{0, 1+A-B} [O(n)]
  29: f9->f5: max{0, 1+A-B} [O(n)]

Sizebounds:
`Lower:
  2: f2->f5, A: A [O(n)]
  2: f2->f5, B: B [O(n)]
  2: f2->f5, C: C [O(n)]
  2: f2->f5, D: D [O(n)]
  2: f2->f5, E: E [O(n)]
  2: f2->f5, F: F [O(n)]
  2: f2->f5, G: G [O(n)]
  2: f2->f5, H: H [O(n)]
  2: f2->f5, I: I [O(n)]
  2: f2->f5, J: J [O(n)]
  2: f2->f5, K: K [O(n)]
  2: f2->f5, L: -inf [Infinity]
  2: f2->f5, M: -inf [Infinity]
  6: f23->f26, A: A [O(n)]
  6: f23->f26, B: 1+A [O(n)]
  6: f23->f26, C: -inf [Infinity]
  6: f23->f26, D: -inf [Infinity]
  6: f23->f26, E: -inf [Infinity]
  6: f23->f26, F: -inf [Infinity]
  6: f23->f26, G: G [O(n)]
  6: f23->f26, H: -inf [Infinity]
  6: f23->f26, I: -inf [Infinity]
  6: f23->f26, J: J [O(n)]
  6: f23->f26, K: -inf [Infinity]
  6: f23->f26, L: -inf [Infinity]
  6: f23->f26, M: -inf [Infinity]
  26: f23->f1, A: A [O(n)]
  26: f23->f1, B: 1+A [O(n)]
  26: f23->f1, C: -inf [Infinity]
  26: f23->f1, D: 1+A [O(n)]
  26: f23->f1, E: -inf [Infinity]
  26: f23->f1, F: -inf [Infinity]
  26: f23->f1, G: G [O(n)]
  26: f23->f1, H: -inf [Infinity]
  26: f23->f1, I: -inf [Infinity]
  26: f23->f1, J: J [O(n)]
  26: f23->f1, K: -inf [Infinity]
  26: f23->f1, L: -inf [Infinity]
  26: f23->f1, M: -inf [Infinity]
  25: f26->f40, A: A [O(n)]
  25: f26->f40, B: 1+A [O(n)]
  25: f26->f40, C: 0 [O(1)]
  25: f26->f40, D: -inf [Infinity]
  25: f26->f40, E: -inf [Infinity]
  25: f26->f40, F: -inf [Infinity]
  25: f26->f40, G: G [O(n)]
  25: f26->f40, H: -inf [Infinity]
  25: f26->f40, I: -inf [Infinity]
  25: f26->f40, J: J [O(n)]
  25: f26->f40, K: -inf [Infinity]
  25: f26->f40, L: -inf [Infinity]
  25: f26->f40, M: -inf [Infinity]
  21: f40->f59, A: A [O(n)]
  21: f40->f59, B: 1+A [O(n)]
  21: f40->f59, C: 0 [O(1)]
  21: f40->f59, D: -inf [Infinity]
  21: f40->f59, E: -inf [Infinity]
  21: f40->f59, F: -inf [Infinity]
  21: f40->f59, G: G [O(n)]
  21: f40->f59, H: -inf [Infinity]
  21: f40->f59, I: -inf [Infinity]
  21: f40->f59, J: J [O(n)]
  21: f40->f59, K: -inf [Infinity]
  21: f40->f59, L: -inf [Infinity]
  21: f40->f59, M: -inf [Infinity]
  22: f40->f59, A: A [O(n)]
  22: f40->f59, B: 1+A [O(n)]
  22: f40->f59, C: 0 [O(1)]
  22: f40->f59, D: -inf [Infinity]
  22: f40->f59, E: -inf [Infinity]
  22: f40->f59, F: -inf [Infinity]
  22: f40->f59, G: G [O(n)]
  22: f40->f59, H: -inf [Infinity]
  22: f40->f59, I: -inf [Infinity]
  22: f40->f59, J: J [O(n)]
  22: f40->f59, K: -inf [Infinity]
  22: f40->f59, L: -inf [Infinity]
  22: f40->f59, M: -inf [Infinity]
  23: f40->f69, A: A [O(n)]
  23: f40->f69, B: 1+A [O(n)]
  23: f40->f69, C: 0 [O(1)]
  23: f40->f69, D: -inf [Infinity]
  23: f40->f69, E: -inf [Infinity]
  23: f40->f69, F: -inf [Infinity]
  23: f40->f69, G: G [O(n)]
  23: f40->f69, H: -inf [Infinity]
  23: f40->f69, I: -inf [Infinity]
  23: f40->f69, J: J [O(n)]
  23: f40->f69, K: -inf [Infinity]
  23: f40->f69, L: -inf [Infinity]
  23: f40->f69, M: -inf [Infinity]
  3: f5->f9, A: A [O(n)]
  3: f5->f9, B: -inf [Infinity]
  3: f5->f9, C: 0 [O(1)]
  3: f5->f9, D: -inf [Infinity]
  3: f5->f9, E: -inf [Infinity]
  3: f5->f9, F: -inf [Infinity]
  3: f5->f9, G: G [O(n)]
  3: f5->f9, H: H [O(n)]
  3: f5->f9, I: I [O(n)]
  3: f5->f9, J: J [O(n)]
  3: f5->f9, K: K [O(n)]
  3: f5->f9, L: -inf [Infinity]
  3: f5->f9, M: -inf [Infinity]
  30: f5->f23, A: A [O(n)]
  30: f5->f23, B: 1+A [O(n)]
  30: f5->f23, C: -inf [Infinity]
  30: f5->f23, D: -inf [Infinity]
  30: f5->f23, E: -inf [Infinity]
  30: f5->f23, F: -inf [Infinity]
  30: f5->f23, G: G [O(n)]
  30: f5->f23, H: H [O(n)]
  30: f5->f23, I: I [O(n)]
  30: f5->f23, J: J [O(n)]
  30: f5->f23, K: K [O(n)]
  30: f5->f23, L: -inf [Infinity]
  30: f5->f23, M: -inf [Infinity]
  11: f59->f59, A: A [O(n)]
  11: f59->f59, B: 1+A [O(n)]
  11: f59->f59, C: 0 [O(1)]
  11: f59->f59, D: -inf [Infinity]
  11: f59->f59, E: -inf [Infinity]
  11: f59->f59, F: -inf [Infinity]
  11: f59->f59, G: G [O(n)]
  11: f59->f59, H: -inf [Infinity]
  11: f59->f59, I: -inf [Infinity]
  11: f59->f59, J: J [O(n)]
  11: f59->f59, K: -inf [Infinity]
  11: f59->f59, L: -inf [Infinity]
  11: f59->f59, M: -inf [Infinity]
  18: f59->f69, A: A [O(n)]
  18: f59->f69, B: 1+A [O(n)]
  18: f59->f69, C: 0 [O(1)]
  18: f59->f69, D: -inf [Infinity]
  18: f59->f69, E: -inf [Infinity]
  18: f59->f69, F: -inf [Infinity]
  18: f59->f69, G: G [O(n)]
  18: f59->f69, H: -inf [Infinity]
  18: f59->f69, I: -inf [Infinity]
  18: f59->f69, J: J [O(n)]
  18: f59->f69, K: -inf [Infinity]
  18: f59->f69, L: -inf [Infinity]
  18: f59->f69, M: -inf [Infinity]
  0: f69->f71, A: A [O(n)]
  0: f69->f71, B: 1+A [O(n)]
  0: f69->f71, C: 0 [O(1)]
  0: f69->f71, D: -inf [Infinity]
  0: f69->f71, E: -inf [Infinity]
  0: f69->f71, F: -inf [Infinity]
  0: f69->f71, G: G [O(n)]
  0: f69->f71, H: -inf [Infinity]
  0: f69->f71, I: -inf [Infinity]
  0: f69->f71, J: J [O(n)]
  0: f69->f71, K: -inf [Infinity]
  0: f69->f71, L: -inf [Infinity]
  0: f69->f71, M: -inf [Infinity]
  1: f69->f71, A: A [O(n)]
  1: f69->f71, B: 1+A [O(n)]
  1: f69->f71, C: 0 [O(1)]
  1: f69->f71, D: -inf [Infinity]
  1: f69->f71, E: -inf [Infinity]
  1: f69->f71, F: -inf [Infinity]
  1: f69->f71, G: G [O(n)]
  1: f69->f71, H: -inf [Infinity]
  1: f69->f71, I: -inf [Infinity]
  1: f69->f71, J: J [O(n)]
  1: f69->f71, K: -inf [Infinity]
  1: f69->f71, L: -inf [Infinity]
  1: f69->f71, M: -inf [Infinity]
  12: f69->f71, A: A [O(n)]
  12: f69->f71, B: 1+A [O(n)]
  12: f69->f71, C: 0 [O(1)]
  12: f69->f71, D: -inf [Infinity]
  12: f69->f71, E: -inf [Infinity]
  12: f69->f71, F: -inf [Infinity]
  12: f69->f71, G: G [O(n)]
  12: f69->f71, H: -inf [Infinity]
  12: f69->f71, I: -inf [Infinity]
  12: f69->f71, J: J [O(n)]
  12: f69->f71, K: -inf [Infinity]
  12: f69->f71, L: -inf [Infinity]
  12: f69->f71, M: -inf [Infinity]
  13: f71->f74, A: A [O(n)]
  13: f71->f74, B: 1+A [O(n)]
  13: f71->f74, C: 0 [O(1)]
  13: f71->f74, D: -inf [Infinity]
  13: f71->f74, E: -inf [Infinity]
  13: f71->f74, F: -inf [Infinity]
  13: f71->f74, G: G [O(n)]
  13: f71->f74, H: -inf [Infinity]
  13: f71->f74, I: -inf [Infinity]
  13: f71->f74, J: J [O(n)]
  13: f71->f74, K: -inf [Infinity]
  13: f71->f74, L: -inf [Infinity]
  13: f71->f74, M: -inf [Infinity]
  16: f71->f23, A: A [O(n)]
  16: f71->f23, B: 1+A [O(n)]
  16: f71->f23, C: 0 [O(1)]
  16: f71->f23, D: 1+A [O(n)]
  16: f71->f23, E: -inf [Infinity]
  16: f71->f23, F: -inf [Infinity]
  16: f71->f23, G: G [O(n)]
  16: f71->f23, H: -inf [Infinity]
  16: f71->f23, I: -inf [Infinity]
  16: f71->f23, J: J [O(n)]
  16: f71->f23, K: -inf [Infinity]
  16: f71->f23, L: -inf [Infinity]
  16: f71->f23, M: -inf [Infinity]
  17: f74->f23, A: A [O(n)]
  17: f74->f23, B: 1+A [O(n)]
  17: f74->f23, C: 0 [O(1)]
  17: f74->f23, D: -inf [Infinity]
  17: f74->f23, E: -inf [Infinity]
  17: f74->f23, F: -inf [Infinity]
  17: f74->f23, G: G [O(n)]
  17: f74->f23, H: -inf [Infinity]
  17: f74->f23, I: -inf [Infinity]
  17: f74->f23, J: J [O(n)]
  17: f74->f23, K: -inf [Infinity]
  17: f74->f23, L: -inf [Infinity]
  17: f74->f23, M: -inf [Infinity]
  4: f9->f9, A: A [O(n)]
  4: f9->f9, B: -inf [Infinity]
  4: f9->f9, C: -inf [Infinity]
  4: f9->f9, D: -inf [Infinity]
  4: f9->f9, E: -inf [Infinity]
  4: f9->f9, F: -inf [Infinity]
  4: f9->f9, G: G [O(n)]
  4: f9->f9, H: H [O(n)]
  4: f9->f9, I: I [O(n)]
  4: f9->f9, J: J [O(n)]
  4: f9->f9, K: K [O(n)]
  4: f9->f9, L: -inf [Infinity]
  4: f9->f9, M: -inf [Infinity]
  5: f9->f9, A: A [O(n)]
  5: f9->f9, B: -inf [Infinity]
  5: f9->f9, C: -inf [Infinity]
  5: f9->f9, D: -inf [Infinity]
  5: f9->f9, E: -inf [Infinity]
  5: f9->f9, F: -inf [Infinity]
  5: f9->f9, G: G [O(n)]
  5: f9->f9, H: H [O(n)]
  5: f9->f9, I: I [O(n)]
  5: f9->f9, J: J [O(n)]
  5: f9->f9, K: K [O(n)]
  5: f9->f9, L: -inf [Infinity]
  5: f9->f9, M: -inf [Infinity]
  28: f9->f5, A: A [O(n)]
  28: f9->f5, B: -inf [Infinity]
  28: f9->f5, C: -inf [Infinity]
  28: f9->f5, D: -inf [Infinity]
  28: f9->f5, E: -inf [Infinity]
  28: f9->f5, F: -inf [Infinity]
  28: f9->f5, G: G [O(n)]
  28: f9->f5, H: H [O(n)]
  28: f9->f5, I: I [O(n)]
  28: f9->f5, J: J [O(n)]
  28: f9->f5, K: K [O(n)]
  28: f9->f5, L: -inf [Infinity]
  28: f9->f5, M: -inf [Infinity]
  29: f9->f5, A: A [O(n)]
  29: f9->f5, B: -inf [Infinity]
  29: f9->f5, C: 0 [O(1)]
  29: f9->f5, D: -inf [Infinity]
  29: f9->f5, E: -inf [Infinity]
  29: f9->f5, F: -inf [Infinity]
  29: f9->f5, G: G [O(n)]
  29: f9->f5, H: H [O(n)]
  29: f9->f5, I: I [O(n)]
  29: f9->f5, J: J [O(n)]
  29: f9->f5, K: K [O(n)]
  29: f9->f5, L: -inf [Infinity]
  29: f9->f5, M: -inf [Infinity]
`Upper:
  2: f2->f5, A: A [O(n)]
  2: f2->f5, B: B [O(n)]
  2: f2->f5, C: C [O(n)]
  2: f2->f5, D: D [O(n)]
  2: f2->f5, E: E [O(n)]
  2: f2->f5, F: F [O(n)]
  2: f2->f5, G: G [O(n)]
  2: f2->f5, H: H [O(n)]
  2: f2->f5, I: I [O(n)]
  2: f2->f5, J: J [O(n)]
  2: f2->f5, K: K [O(n)]
  2: f2->f5, L: inf [Infinity]
  2: f2->f5, M: inf [Infinity]
  6: f23->f26, A: A [O(n)]
  6: f23->f26, B: max{B, 1+A} [O(n)]
  6: f23->f26, C: inf [Infinity]
  6: f23->f26, D: A [O(n)]
  6: f23->f26, E: inf [Infinity]
  6: f23->f26, F: inf [Infinity]
  6: f23->f26, G: G [O(n)]
  6: f23->f26, H: max{H, 1+A} [O(n)]
  6: f23->f26, I: inf [Infinity]
  6: f23->f26, J: J [O(n)]
  6: f23->f26, K: max{A, K, -1+A} [O(n)]
  6: f23->f26, L: inf [Infinity]
  6: f23->f26, M: inf [Infinity]
  26: f23->f1, A: A [O(n)]
  26: f23->f1, B: max{B, 1+A} [O(n)]
  26: f23->f1, C: inf [Infinity]
  26: f23->f1, D: max{D, A, 1+A} [O(n)]
  26: f23->f1, E: inf [Infinity]
  26: f23->f1, F: inf [Infinity]
  26: f23->f1, G: G [O(n)]
  26: f23->f1, H: max{H, 1+A} [O(n)]
  26: f23->f1, I: inf [Infinity]
  26: f23->f1, J: J [O(n)]
  26: f23->f1, K: max{K, A, max{K, -1+A}} [O(n)]
  26: f23->f1, L: inf [Infinity]
  26: f23->f1, M: inf [Infinity]
  25: f26->f40, A: A [O(n)]
  25: f26->f40, B: max{B, 1+A} [O(n)]
  25: f26->f40, C: 0 [O(1)]
  25: f26->f40, D: A [O(n)]
  25: f26->f40, E: inf [Infinity]
  25: f26->f40, F: inf [Infinity]
  25: f26->f40, G: G [O(n)]
  25: f26->f40, H: max{H, 1+A} [O(n)]
  25: f26->f40, I: inf [Infinity]
  25: f26->f40, J: J [O(n)]
  25: f26->f40, K: max{A, K, -1+A} [O(n)]
  25: f26->f40, L: inf [Infinity]
  25: f26->f40, M: inf [Infinity]
  21: f40->f59, A: A [O(n)]
  21: f40->f59, B: max{B, 1+A} [O(n)]
  21: f40->f59, C: 0 [O(1)]
  21: f40->f59, D: A [O(n)]
  21: f40->f59, E: inf [Infinity]
  21: f40->f59, F: inf [Infinity]
  21: f40->f59, G: G [O(n)]
  21: f40->f59, H: max{H, 1+A} [O(n)]
  21: f40->f59, I: inf [Infinity]
  21: f40->f59, J: J [O(n)]
  21: f40->f59, K: max{A, K, -1+A} [O(n)]
  21: f40->f59, L: inf [Infinity]
  21: f40->f59, M: inf [Infinity]
  22: f40->f59, A: A [O(n)]
  22: f40->f59, B: max{B, 1+A} [O(n)]
  22: f40->f59, C: 0 [O(1)]
  22: f40->f59, D: A [O(n)]
  22: f40->f59, E: inf [Infinity]
  22: f40->f59, F: inf [Infinity]
  22: f40->f59, G: G [O(n)]
  22: f40->f59, H: max{H, 1+A} [O(n)]
  22: f40->f59, I: inf [Infinity]
  22: f40->f59, J: J [O(n)]
  22: f40->f59, K: -1+A [O(n)]
  22: f40->f59, L: inf [Infinity]
  22: f40->f59, M: inf [Infinity]
  23: f40->f69, A: A [O(n)]
  23: f40->f69, B: max{B, 1+A} [O(n)]
  23: f40->f69, C: 0 [O(1)]
  23: f40->f69, D: A [O(n)]
  23: f40->f69, E: inf [Infinity]
  23: f40->f69, F: inf [Infinity]
  23: f40->f69, G: G [O(n)]
  23: f40->f69, H: max{H, 1+A} [O(n)]
  23: f40->f69, I: inf [Infinity]
  23: f40->f69, J: J [O(n)]
  23: f40->f69, K: A [O(n)]
  23: f40->f69, L: inf [Infinity]
  23: f40->f69, M: inf [Infinity]
  3: f5->f9, A: A [O(n)]
  3: f5->f9, B: A [O(n)]
  3: f5->f9, C: 0 [O(1)]
  3: f5->f9, D: max{D, 1+A} [O(n)]
  3: f5->f9, E: inf [Infinity]
  3: f5->f9, F: inf [Infinity]
  3: f5->f9, G: G [O(n)]
  3: f5->f9, H: H [O(n)]
  3: f5->f9, I: I [O(n)]
  3: f5->f9, J: J [O(n)]
  3: f5->f9, K: K [O(n)]
  3: f5->f9, L: inf [Infinity]
  3: f5->f9, M: inf [Infinity]
  30: f5->f23, A: A [O(n)]
  30: f5->f23, B: max{B, 1+A} [O(n)]
  30: f5->f23, C: inf [Infinity]
  30: f5->f23, D: max{D, 1+A} [O(n)]
  30: f5->f23, E: inf [Infinity]
  30: f5->f23, F: inf [Infinity]
  30: f5->f23, G: G [O(n)]
  30: f5->f23, H: H [O(n)]
  30: f5->f23, I: I [O(n)]
  30: f5->f23, J: J [O(n)]
  30: f5->f23, K: K [O(n)]
  30: f5->f23, L: inf [Infinity]
  30: f5->f23, M: inf [Infinity]
  11: f59->f59, A: A [O(n)]
  11: f59->f59, B: max{B, 1+A} [O(n)]
  11: f59->f59, C: 0 [O(1)]
  11: f59->f59, D: A [O(n)]
  11: f59->f59, E: inf [Infinity]
  11: f59->f59, F: inf [Infinity]
  11: f59->f59, G: G [O(n)]
  11: f59->f59, H: 1+A [O(n)]
  11: f59->f59, I: inf [Infinity]
  11: f59->f59, J: J [O(n)]
  11: f59->f59, K: max{A, K, -1+A} [O(n)]
  11: f59->f59, L: inf [Infinity]
  11: f59->f59, M: inf [Infinity]
  18: f59->f69, A: A [O(n)]
  18: f59->f69, B: max{B, 1+A} [O(n)]
  18: f59->f69, C: 0 [O(1)]
  18: f59->f69, D: A [O(n)]
  18: f59->f69, E: inf [Infinity]
  18: f59->f69, F: inf [Infinity]
  18: f59->f69, G: G [O(n)]
  18: f59->f69, H: max{H, 1+A} [O(n)]
  18: f59->f69, I: inf [Infinity]
  18: f59->f69, J: J [O(n)]
  18: f59->f69, K: max{A, K, -1+A} [O(n)]
  18: f59->f69, L: inf [Infinity]
  18: f59->f69, M: inf [Infinity]
  0: f69->f71, A: A [O(n)]
  0: f69->f71, B: max{B, 1+A} [O(n)]
  0: f69->f71, C: 0 [O(1)]
  0: f69->f71, D: A [O(n)]
  0: f69->f71, E: inf [Infinity]
  0: f69->f71, F: inf [Infinity]
  0: f69->f71, G: G [O(n)]
  0: f69->f71, H: max{H, 1+A} [O(n)]
  0: f69->f71, I: inf [Infinity]
  0: f69->f71, J: J [O(n)]
  0: f69->f71, K: max{A, K, -1+A} [O(n)]
  0: f69->f71, L: inf [Infinity]
  0: f69->f71, M: inf [Infinity]
  1: f69->f71, A: A [O(n)]
  1: f69->f71, B: max{B, 1+A} [O(n)]
  1: f69->f71, C: 0 [O(1)]
  1: f69->f71, D: A [O(n)]
  1: f69->f71, E: inf [Infinity]
  1: f69->f71, F: inf [Infinity]
  1: f69->f71, G: G [O(n)]
  1: f69->f71, H: max{H, 1+A} [O(n)]
  1: f69->f71, I: inf [Infinity]
  1: f69->f71, J: J [O(n)]
  1: f69->f71, K: max{A, K, -1+A} [O(n)]
  1: f69->f71, L: inf [Infinity]
  1: f69->f71, M: inf [Infinity]
  12: f69->f71, A: A [O(n)]
  12: f69->f71, B: max{B, 1+A} [O(n)]
  12: f69->f71, C: 0 [O(1)]
  12: f69->f71, D: A [O(n)]
  12: f69->f71, E: inf [Infinity]
  12: f69->f71, F: inf [Infinity]
  12: f69->f71, G: G [O(n)]
  12: f69->f71, H: max{H, 1+A} [O(n)]
  12: f69->f71, I: inf [Infinity]
  12: f69->f71, J: J [O(n)]
  12: f69->f71, K: max{A, K, -1+A} [O(n)]
  12: f69->f71, L: inf [Infinity]
  12: f69->f71, M: inf [Infinity]
  13: f71->f74, A: A [O(n)]
  13: f71->f74, B: max{B, 1+A} [O(n)]
  13: f71->f74, C: 0 [O(1)]
  13: f71->f74, D: -1+A [O(n)]
  13: f71->f74, E: inf [Infinity]
  13: f71->f74, F: inf [Infinity]
  13: f71->f74, G: G [O(n)]
  13: f71->f74, H: max{H, 1+A} [O(n)]
  13: f71->f74, I: inf [Infinity]
  13: f71->f74, J: J [O(n)]
  13: f71->f74, K: max{A, K, -1+A} [O(n)]
  13: f71->f74, L: inf [Infinity]
  13: f71->f74, M: inf [Infinity]
  16: f71->f23, A: A [O(n)]
  16: f71->f23, B: max{B, 1+A} [O(n)]
  16: f71->f23, C: 0 [O(1)]
  16: f71->f23, D: 1+A [O(n)]
  16: f71->f23, E: inf [Infinity]
  16: f71->f23, F: inf [Infinity]
  16: f71->f23, G: G [O(n)]
  16: f71->f23, H: max{H, 1+A} [O(n)]
  16: f71->f23, I: inf [Infinity]
  16: f71->f23, J: J [O(n)]
  16: f71->f23, K: max{A, K, -1+A} [O(n)]
  16: f71->f23, L: inf [Infinity]
  16: f71->f23, M: inf [Infinity]
  17: f74->f23, A: A [O(n)]
  17: f74->f23, B: max{B, 1+A} [O(n)]
  17: f74->f23, C: 0 [O(1)]
  17: f74->f23, D: A [O(n)]
  17: f74->f23, E: inf [Infinity]
  17: f74->f23, F: inf [Infinity]
  17: f74->f23, G: G [O(n)]
  17: f74->f23, H: max{H, 1+A} [O(n)]
  17: f74->f23, I: inf [Infinity]
  17: f74->f23, J: J [O(n)]
  17: f74->f23, K: max{A, K, -1+A} [O(n)]
  17: f74->f23, L: inf [Infinity]
  17: f74->f23, M: inf [Infinity]
  4: f9->f9, A: A [O(n)]
  4: f9->f9, B: A [O(n)]
  4: f9->f9, C: inf [Infinity]
  4: f9->f9, D: 1+A [O(n)]
  4: f9->f9, E: inf [Infinity]
  4: f9->f9, F: inf [Infinity]
  4: f9->f9, G: G [O(n)]
  4: f9->f9, H: H [O(n)]
  4: f9->f9, I: I [O(n)]
  4: f9->f9, J: J [O(n)]
  4: f9->f9, K: K [O(n)]
  4: f9->f9, L: inf [Infinity]
  4: f9->f9, M: inf [Infinity]
  5: f9->f9, A: A [O(n)]
  5: f9->f9, B: A [O(n)]
  5: f9->f9, C: inf [Infinity]
  5: f9->f9, D: 1+A [O(n)]
  5: f9->f9, E: inf [Infinity]
  5: f9->f9, F: inf [Infinity]
  5: f9->f9, G: G [O(n)]
  5: f9->f9, H: H [O(n)]
  5: f9->f9, I: I [O(n)]
  5: f9->f9, J: J [O(n)]
  5: f9->f9, K: K [O(n)]
  5: f9->f9, L: inf [Infinity]
  5: f9->f9, M: inf [Infinity]
  28: f9->f5, A: A [O(n)]
  28: f9->f5, B: 1+A [O(n)]
  28: f9->f5, C: inf [Infinity]
  28: f9->f5, D: max{D, 1+A} [O(n)]
  28: f9->f5, E: inf [Infinity]
  28: f9->f5, F: inf [Infinity]
  28: f9->f5, G: G [O(n)]
  28: f9->f5, H: H [O(n)]
  28: f9->f5, I: I [O(n)]
  28: f9->f5, J: J [O(n)]
  28: f9->f5, K: K [O(n)]
  28: f9->f5, L: inf [Infinity]
  28: f9->f5, M: inf [Infinity]
  29: f9->f5, A: A [O(n)]
  29: f9->f5, B: 1+A [O(n)]
  29: f9->f5, C: 0 [O(1)]
  29: f9->f5, D: max{D, 1+A} [O(n)]
  29: f9->f5, E: inf [Infinity]
  29: f9->f5, F: inf [Infinity]
  29: f9->f5, G: G [O(n)]
  29: f9->f5, H: H [O(n)]
  29: f9->f5, I: I [O(n)]
  29: f9->f5, J: J [O(n)]
  29: f9->f5, K: K [O(n)]
  29: f9->f5, L: inf [Infinity]
  29: f9->f5, M: inf [Infinity]
