Timebounds: 
  Overall timebound: inf [Infinity]
  2: f2->f5: 1 [O(1)]
  6: f23->f26: inf [Infinity]
  26: f23->f1: 1 [O(1)]
  25: f26->f40: inf [Infinity]
  21: f40->f59: max{0, 1+A-D} [O(n)]
  22: f40->f59: inf [Infinity]
  23: f40->f69: inf [Infinity]
  3: f5->f9: max{0, 1+A-B} [O(n)]
  30: f5->f23: 1 [O(1)]
  11: f59->f59: max{0, -H+max{B, B+2*max{0, 1+A-B}}} [O(n)]
  18: f59->f69: max{0, -D+max{B, B+2*max{0, 1+A-B}}} [O(n)]
  0: f69->f71: max{0, -D+max{B, B+2*max{0, 1+A-B}}} [O(n)]
  1: f69->f71: max{0, -D+max{B, B+2*max{0, 1+A-B}}} [O(n)]
  12: f69->f71: max{0, -D+max{B, B+2*max{0, 1+A-B}}} [O(n)]
  13: f71->f74: inf [Infinity]
  16: f71->f23: max{0, -D+max{B, B+2*max{0, 1+A-B}}} [O(n)]
  17: f74->f23: max{0, A-D} [O(n)]
  4: f9->f9: max{0, 1+A-D} [O(n)]
  5: f9->f9: inf [Infinity]
  28: f9->f5: max{0, 1+A-B} [O(n)]
  29: f9->f5: max{0, 1+A-B} [O(n)]

Costbounds:
  Overall costbound: inf [Infinity]
  2: f2->f5: 1 [O(1)]
  6: f23->f26: inf [Infinity]
  26: f23->f1: 1 [O(1)]
  25: f26->f40: inf [Infinity]
  21: f40->f59: max{0, 1+A-D} [O(n)]
  22: f40->f59: inf [Infinity]
  23: f40->f69: inf [Infinity]
  3: f5->f9: max{0, 1+A-B} [O(n)]
  30: f5->f23: 1 [O(1)]
  11: f59->f59: max{0, -H+max{B, B+2*max{0, 1+A-B}}} [O(n)]
  18: f59->f69: max{0, -D+max{B, B+2*max{0, 1+A-B}}} [O(n)]
  0: f69->f71: max{0, -D+max{B, B+2*max{0, 1+A-B}}} [O(n)]
  1: f69->f71: max{0, -D+max{B, B+2*max{0, 1+A-B}}} [O(n)]
  12: f69->f71: max{0, -D+max{B, B+2*max{0, 1+A-B}}} [O(n)]
  13: f71->f74: inf [Infinity]
  16: f71->f23: max{0, -D+max{B, B+2*max{0, 1+A-B}}} [O(n)]
  17: f74->f23: max{0, A-D} [O(n)]
  4: f9->f9: max{0, 1+A-D} [O(n)]
  5: f9->f9: inf [Infinity]
  28: f9->f5: max{0, 1+A-B} [O(n)]
  29: f9->f5: max{0, 1+A-B} [O(n)]

Sizebounds:
`Lower:
  2: f2->f5, A: A [O(n)]
  2: f2->f5, B: B [O(n)]
  2: f2->f5, C: C [O(n)]
  2: f2->f5, D: D [O(n)]
  2: f2->f5, E: E [O(n)]
  2: f2->f5, F: F [O(n)]
  2: f2->f5, G: G [O(n)]
  2: f2->f5, H: H [O(n)]
  2: f2->f5, I: I [O(n)]
  2: f2->f5, J: J [O(n)]
  2: f2->f5, K: K [O(n)]
  6: f23->f26, A: A [O(n)]
  6: f23->f26, B: B [O(n)]
  6: f23->f26, C: -max{0, -C} [O(n)]
  6: f23->f26, D: -max{-D, -1-A} [O(n)]
  6: f23->f26, G: G [O(n)]
  6: f23->f26, H: H [O(n)]
  6: f23->f26, J: J [O(n)]
  6: f23->f26, K: -max{-D, -K, -1-A} [O(n)]
  26: f23->f1, A: A [O(n)]
  26: f23->f1, B: B [O(n)]
  26: f23->f1, C: -max{0, -C} [O(n)]
  26: f23->f1, D: -max{-D, -1-A} [O(n)]
  26: f23->f1, G: G [O(n)]
  26: f23->f1, H: H [O(n)]
  26: f23->f1, J: J [O(n)]
  26: f23->f1, K: -max{-K, -D, max{-K, -1-A}} [O(n)]
  25: f26->f40, A: A [O(n)]
  25: f26->f40, B: B [O(n)]
  25: f26->f40, C: 0 [O(1)]
  25: f26->f40, D: -max{-D, -1-A} [O(n)]
  25: f26->f40, G: G [O(n)]
  25: f26->f40, H: H [O(n)]
  25: f26->f40, J: J [O(n)]
  25: f26->f40, K: -max{-D, -K, -1-A} [O(n)]
  21: f40->f59, A: A [O(n)]
  21: f40->f59, B: B [O(n)]
  21: f40->f59, C: 0 [O(1)]
  21: f40->f59, D: -max{-D, -1-A} [O(n)]
  21: f40->f59, G: G [O(n)]
  21: f40->f59, H: H [O(n)]
  21: f40->f59, J: J [O(n)]
  21: f40->f59, K: -max{-D, -K, -1-A} [O(n)]
  22: f40->f59, A: A [O(n)]
  22: f40->f59, B: B [O(n)]
  22: f40->f59, C: 0 [O(1)]
  22: f40->f59, D: -max{-D, -1-A} [O(n)]
  22: f40->f59, G: G [O(n)]
  22: f40->f59, H: H [O(n)]
  22: f40->f59, J: J [O(n)]
  22: f40->f59, K: -max{-D, -K, -1-A} [O(n)]
  23: f40->f69, A: A [O(n)]
  23: f40->f69, B: B [O(n)]
  23: f40->f69, C: 0 [O(1)]
  23: f40->f69, D: -max{-D, -1-A} [O(n)]
  23: f40->f69, G: G [O(n)]
  23: f40->f69, H: H [O(n)]
  23: f40->f69, J: J [O(n)]
  23: f40->f69, K: -max{-D, -1-A} [O(n)]
  3: f5->f9, A: A [O(n)]
  3: f5->f9, B: B [O(n)]
  3: f5->f9, C: 0 [O(1)]
  3: f5->f9, D: D [O(n)]
  3: f5->f9, G: G [O(n)]
  3: f5->f9, H: H [O(n)]
  3: f5->f9, I: I [O(n)]
  3: f5->f9, J: J [O(n)]
  3: f5->f9, K: K [O(n)]
  30: f5->f23, A: A [O(n)]
  30: f5->f23, B: B [O(n)]
  30: f5->f23, C: -max{0, -C} [O(n)]
  30: f5->f23, D: D [O(n)]
  30: f5->f23, G: G [O(n)]
  30: f5->f23, H: H [O(n)]
  30: f5->f23, I: I [O(n)]
  30: f5->f23, J: J [O(n)]
  30: f5->f23, K: K [O(n)]
  11: f59->f59, A: A [O(n)]
  11: f59->f59, B: B [O(n)]
  11: f59->f59, C: 0 [O(1)]
  11: f59->f59, D: -max{-D, -1-A} [O(n)]
  11: f59->f59, G: G [O(n)]
  11: f59->f59, H: H [O(n)]
  11: f59->f59, J: J [O(n)]
  11: f59->f59, K: -max{-D, -K, -1-A} [O(n)]
  18: f59->f69, A: A [O(n)]
  18: f59->f69, B: B [O(n)]
  18: f59->f69, C: 0 [O(1)]
  18: f59->f69, D: -max{-D, -1-A} [O(n)]
  18: f59->f69, G: G [O(n)]
  18: f59->f69, H: H [O(n)]
  18: f59->f69, J: J [O(n)]
  18: f59->f69, K: -max{-D, -K, -1-A} [O(n)]
  0: f69->f71, A: A [O(n)]
  0: f69->f71, B: B [O(n)]
  0: f69->f71, C: 0 [O(1)]
  0: f69->f71, D: -max{-D, -1-A} [O(n)]
  0: f69->f71, G: G [O(n)]
  0: f69->f71, H: H [O(n)]
  0: f69->f71, J: J [O(n)]
  0: f69->f71, K: -max{-D, -K, -1-A} [O(n)]
  1: f69->f71, A: A [O(n)]
  1: f69->f71, B: B [O(n)]
  1: f69->f71, C: 0 [O(1)]
  1: f69->f71, D: -max{-D, -1-A} [O(n)]
  1: f69->f71, G: G [O(n)]
  1: f69->f71, H: H [O(n)]
  1: f69->f71, J: J [O(n)]
  1: f69->f71, K: -max{-D, -K, -1-A} [O(n)]
  12: f69->f71, A: A [O(n)]
  12: f69->f71, B: B [O(n)]
  12: f69->f71, C: 0 [O(1)]
  12: f69->f71, D: -max{-D, -1-A} [O(n)]
  12: f69->f71, G: G [O(n)]
  12: f69->f71, H: H [O(n)]
  12: f69->f71, J: J [O(n)]
  12: f69->f71, K: -max{-D, -K, -1-A} [O(n)]
  13: f71->f74, A: A [O(n)]
  13: f71->f74, B: B [O(n)]
  13: f71->f74, C: 0 [O(1)]
  13: f71->f74, D: -max{-D, -1-A} [O(n)]
  13: f71->f74, G: G [O(n)]
  13: f71->f74, H: H [O(n)]
  13: f71->f74, J: J [O(n)]
  13: f71->f74, K: -max{-D, -K, -1-A} [O(n)]
  16: f71->f23, A: A [O(n)]
  16: f71->f23, B: B [O(n)]
  16: f71->f23, C: 0 [O(1)]
  16: f71->f23, D: 1+A [O(n)]
  16: f71->f23, G: G [O(n)]
  16: f71->f23, H: H [O(n)]
  16: f71->f23, J: J [O(n)]
  16: f71->f23, K: -max{-D, -K, -1-A} [O(n)]
  17: f74->f23, A: A [O(n)]
  17: f74->f23, B: B [O(n)]
  17: f74->f23, C: 0 [O(1)]
  17: f74->f23, D: -max{-D, -1-A} [O(n)]
  17: f74->f23, G: G [O(n)]
  17: f74->f23, H: H [O(n)]
  17: f74->f23, J: J [O(n)]
  17: f74->f23, K: -max{-D, -K, -1-A} [O(n)]
  4: f9->f9, A: A [O(n)]
  4: f9->f9, B: B [O(n)]
  4: f9->f9, C: 0 [O(1)]
  4: f9->f9, D: D [O(n)]
  4: f9->f9, G: G [O(n)]
  4: f9->f9, H: H [O(n)]
  4: f9->f9, I: I [O(n)]
  4: f9->f9, J: J [O(n)]
  4: f9->f9, K: K [O(n)]
  5: f9->f9, A: A [O(n)]
  5: f9->f9, B: B [O(n)]
  5: f9->f9, C: 1 [O(1)]
  5: f9->f9, D: D [O(n)]
  5: f9->f9, E: 1 [O(1)]
  5: f9->f9, F: 1 [O(1)]
  5: f9->f9, G: G [O(n)]
  5: f9->f9, H: H [O(n)]
  5: f9->f9, I: I [O(n)]
  5: f9->f9, J: J [O(n)]
  5: f9->f9, K: K [O(n)]
  28: f9->f5, A: A [O(n)]
  28: f9->f5, B: B [O(n)]
  28: f9->f5, C: 1 [O(1)]
  28: f9->f5, D: D [O(n)]
  28: f9->f5, G: G [O(n)]
  28: f9->f5, H: H [O(n)]
  28: f9->f5, I: I [O(n)]
  28: f9->f5, J: J [O(n)]
  28: f9->f5, K: K [O(n)]
  29: f9->f5, A: A [O(n)]
  29: f9->f5, B: B [O(n)]
  29: f9->f5, C: 0 [O(1)]
  29: f9->f5, D: D [O(n)]
  29: f9->f5, G: G [O(n)]
  29: f9->f5, H: H [O(n)]
  29: f9->f5, I: I [O(n)]
  29: f9->f5, J: J [O(n)]
  29: f9->f5, K: K [O(n)]
`Upper:
  2: f2->f5, A: A [O(n)]
  2: f2->f5, B: B [O(n)]
  2: f2->f5, C: C [O(n)]
  2: f2->f5, D: D [O(n)]
  2: f2->f5, E: E [O(n)]
  2: f2->f5, F: F [O(n)]
  2: f2->f5, G: G [O(n)]
  2: f2->f5, H: H [O(n)]
  2: f2->f5, I: I [O(n)]
  2: f2->f5, J: J [O(n)]
  2: f2->f5, K: K [O(n)]
  6: f23->f26, A: A [O(n)]
  6: f23->f26, B: max{B, B+2*max{0, 1+A-B}} [O(n)]
  6: f23->f26, G: G [O(n)]
  6: f23->f26, H: H+max{0, -H+max{B, B+2*max{0, 1+A-B}}} [O(n)]
  6: f23->f26, J: J [O(n)]
  26: f23->f1, A: A [O(n)]
  26: f23->f1, B: max{B, B+2*max{0, 1+A-B}} [O(n)]
  26: f23->f1, G: G [O(n)]
  26: f23->f1, H: max{H, H+max{0, -H+max{B, B+2*max{0, 1+A-B}}}} [O(n)]
  26: f23->f1, J: J [O(n)]
  25: f26->f40, A: A [O(n)]
  25: f26->f40, B: max{B, B+2*max{0, 1+A-B}} [O(n)]
  25: f26->f40, C: 0 [O(1)]
  25: f26->f40, G: G [O(n)]
  25: f26->f40, H: H+max{0, -H+max{B, B+2*max{0, 1+A-B}}} [O(n)]
  25: f26->f40, J: J [O(n)]
  21: f40->f59, A: A [O(n)]
  21: f40->f59, B: max{B, B+2*max{0, 1+A-B}} [O(n)]
  21: f40->f59, C: 0 [O(1)]
  21: f40->f59, G: G [O(n)]
  21: f40->f59, H: H+max{0, -H+max{B, B+2*max{0, 1+A-B}}} [O(n)]
  21: f40->f59, J: J [O(n)]
  22: f40->f59, A: A [O(n)]
  22: f40->f59, B: max{B, B+2*max{0, 1+A-B}} [O(n)]
  22: f40->f59, C: 0 [O(1)]
  22: f40->f59, G: G [O(n)]
  22: f40->f59, H: H+max{0, -H+max{B, B+2*max{0, 1+A-B}}} [O(n)]
  22: f40->f59, J: J [O(n)]
  23: f40->f69, A: A [O(n)]
  23: f40->f69, B: max{B, B+2*max{0, 1+A-B}} [O(n)]
  23: f40->f69, C: 0 [O(1)]
  23: f40->f69, G: G [O(n)]
  23: f40->f69, H: H+max{0, -H+max{B, B+2*max{0, 1+A-B}}} [O(n)]
  23: f40->f69, J: J [O(n)]
  3: f5->f9, A: A [O(n)]
  3: f5->f9, B: B+2*max{0, 1+A-B} [O(n)]
  3: f5->f9, C: 0 [O(1)]
  3: f5->f9, G: G [O(n)]
  3: f5->f9, H: H [O(n)]
  3: f5->f9, I: I [O(n)]
  3: f5->f9, J: J [O(n)]
  3: f5->f9, K: K [O(n)]
  30: f5->f23, A: A [O(n)]
  30: f5->f23, B: max{B, B+2*max{0, 1+A-B}} [O(n)]
  30: f5->f23, G: G [O(n)]
  30: f5->f23, H: H [O(n)]
  30: f5->f23, I: I [O(n)]
  30: f5->f23, J: J [O(n)]
  30: f5->f23, K: K [O(n)]
  11: f59->f59, A: A [O(n)]
  11: f59->f59, B: max{B, B+2*max{0, 1+A-B}} [O(n)]
  11: f59->f59, C: 0 [O(1)]
  11: f59->f59, G: G [O(n)]
  11: f59->f59, H: H+max{0, -H+max{B, B+2*max{0, 1+A-B}}} [O(n)]
  11: f59->f59, J: J [O(n)]
  18: f59->f69, A: A [O(n)]
  18: f59->f69, B: max{B, B+2*max{0, 1+A-B}} [O(n)]
  18: f59->f69, C: 0 [O(1)]
  18: f59->f69, G: G [O(n)]
  18: f59->f69, H: H+max{0, -H+max{B, B+2*max{0, 1+A-B}}} [O(n)]
  18: f59->f69, J: J [O(n)]
  0: f69->f71, A: A [O(n)]
  0: f69->f71, B: max{B, B+2*max{0, 1+A-B}} [O(n)]
  0: f69->f71, C: 0 [O(1)]
  0: f69->f71, G: G [O(n)]
  0: f69->f71, H: H+max{0, -H+max{B, B+2*max{0, 1+A-B}}} [O(n)]
  0: f69->f71, J: J [O(n)]
  1: f69->f71, A: A [O(n)]
  1: f69->f71, B: max{B, B+2*max{0, 1+A-B}} [O(n)]
  1: f69->f71, C: 0 [O(1)]
  1: f69->f71, G: G [O(n)]
  1: f69->f71, H: H+max{0, -H+max{B, B+2*max{0, 1+A-B}}} [O(n)]
  1: f69->f71, J: J [O(n)]
  12: f69->f71, A: A [O(n)]
  12: f69->f71, B: max{B, B+2*max{0, 1+A-B}} [O(n)]
  12: f69->f71, C: 0 [O(1)]
  12: f69->f71, G: G [O(n)]
  12: f69->f71, H: H+max{0, -H+max{B, B+2*max{0, 1+A-B}}} [O(n)]
  12: f69->f71, J: J [O(n)]
  13: f71->f74, A: A [O(n)]
  13: f71->f74, B: max{B, B+2*max{0, 1+A-B}} [O(n)]
  13: f71->f74, C: 0 [O(1)]
  13: f71->f74, G: G [O(n)]
  13: f71->f74, H: H+max{0, -H+max{B, B+2*max{0, 1+A-B}}} [O(n)]
  13: f71->f74, J: J [O(n)]
  16: f71->f23, A: A [O(n)]
  16: f71->f23, B: max{B, B+2*max{0, 1+A-B}} [O(n)]
  16: f71->f23, C: 0 [O(1)]
  16: f71->f23, D: 1+A [O(n)]
  16: f71->f23, G: G [O(n)]
  16: f71->f23, H: H+max{0, -H+max{B, B+2*max{0, 1+A-B}}} [O(n)]
  16: f71->f23, J: J [O(n)]
  17: f74->f23, A: A [O(n)]
  17: f74->f23, B: max{B, B+2*max{0, 1+A-B}} [O(n)]
  17: f74->f23, C: 0 [O(1)]
  17: f74->f23, G: G [O(n)]
  17: f74->f23, H: H+max{0, -H+max{B, B+2*max{0, 1+A-B}}} [O(n)]
  17: f74->f23, J: J [O(n)]
  4: f9->f9, A: A [O(n)]
  4: f9->f9, B: B+2*max{0, 1+A-B} [O(n)]
  4: f9->f9, G: G [O(n)]
  4: f9->f9, H: H [O(n)]
  4: f9->f9, I: I [O(n)]
  4: f9->f9, J: J [O(n)]
  4: f9->f9, K: K [O(n)]
  5: f9->f9, A: A [O(n)]
  5: f9->f9, B: B+2*max{0, 1+A-B} [O(n)]
  5: f9->f9, G: G [O(n)]
  5: f9->f9, H: H [O(n)]
  5: f9->f9, I: I [O(n)]
  5: f9->f9, J: J [O(n)]
  5: f9->f9, K: K [O(n)]
  28: f9->f5, A: A [O(n)]
  28: f9->f5, B: B+2*max{0, 1+A-B} [O(n)]
  28: f9->f5, G: G [O(n)]
  28: f9->f5, H: H [O(n)]
  28: f9->f5, I: I [O(n)]
  28: f9->f5, J: J [O(n)]
  28: f9->f5, K: K [O(n)]
  29: f9->f5, A: A [O(n)]
  29: f9->f5, B: B+2*max{0, 1+A-B} [O(n)]
  29: f9->f5, C: 0 [O(1)]
  29: f9->f5, G: G [O(n)]
  29: f9->f5, H: H [O(n)]
  29: f9->f5, I: I [O(n)]
  29: f9->f5, J: J [O(n)]
  29: f9->f5, K: K [O(n)]
