Timebounds: 
  Overall timebound: inf [Infinity]
  2: f0->f12: 1 [O(1)]
  3: f12->f15: max{0, 1+A-B} [O(n)]
  29: f12->f28: 1 [O(1)]
  4: f15->f15: max{0, 1+A-D} [O(n)]
  27: f15->f12: max{0, 1+A-B} [O(n)]
  28: f15->f12: max{0, 1+A-B} [O(n)]
  25: f28->f82: 1 [O(1)]
  11: f59->f59: max{0, max{1, B, 1+A}+max{0, -H}} [O(n)]

Costbounds:
  Overall costbound: inf [Infinity]
  2: f0->f12: 1 [O(1)]
  3: f12->f15: max{0, 1+A-B} [O(n)]
  29: f12->f28: 1 [O(1)]
  4: f15->f15: max{0, 1+A-D} [O(n)]
  5: f15->f15: inf [Infinity]
  27: f15->f12: max{0, 1+A-B} [O(n)]
  28: f15->f12: max{0, 1+A-B} [O(n)]
  6: f28->f30: inf [Infinity]
  25: f28->f82: 1 [O(1)]
  24: f30->f42: inf [Infinity]
  20: f42->f59: inf [Infinity]
  21: f42->f59: inf [Infinity]
  22: f42->f69: inf [Infinity]
  11: f59->f59: max{0, max{1, B, 1+A}+max{0, -H}} [O(n)]
  17: f59->f69: inf [Infinity]
  0: f69->f71: inf [Infinity]
  1: f69->f71: inf [Infinity]
  12: f71->f73: inf [Infinity]
  15: f71->f28: inf [Infinity]
  16: f73->f28: inf [Infinity]

Sizebounds:
`Lower:
  2: f0->f12, A: A [O(n)]
  2: f0->f12, B: B [O(n)]
  2: f0->f12, C: C [O(n)]
  2: f0->f12, D: D [O(n)]
  2: f0->f12, E: E [O(n)]
  2: f0->f12, F: F [O(n)]
  2: f0->f12, G: G [O(n)]
  2: f0->f12, H: H [O(n)]
  2: f0->f12, I: I [O(n)]
  2: f0->f12, J: J [O(n)]
  2: f0->f12, K: K [O(n)]
  3: f12->f15, A: -max{0, -A} [O(n)]
  3: f12->f15, C: 0 [O(1)]
  3: f12->f15, G: -max{0, -G} [O(n)]
  3: f12->f15, H: -max{0, -H} [O(n)]
  3: f12->f15, I: -max{0, -I} [O(n)]
  3: f12->f15, J: -max{0, -J} [O(n)]
  3: f12->f15, K: -max{0, -K} [O(n)]
  29: f12->f28, A: -max{0, -A} [O(n)]
  29: f12->f28, B: -max{-1, -1-A} [O(n)]
  29: f12->f28, G: -max{0, -G} [O(n)]
  29: f12->f28, H: -max{0, -H} [O(n)]
  29: f12->f28, I: -max{0, -I} [O(n)]
  29: f12->f28, J: -max{0, -J} [O(n)]
  29: f12->f28, K: -max{0, -K} [O(n)]
  4: f15->f15, A: -max{0, -A} [O(n)]
  4: f15->f15, G: -max{0, -G} [O(n)]
  4: f15->f15, H: -max{0, -H} [O(n)]
  4: f15->f15, I: -max{0, -I} [O(n)]
  4: f15->f15, J: -max{0, -J} [O(n)]
  4: f15->f15, K: -max{0, -K} [O(n)]
  5: f15->f15, A: -max{0, -A} [O(n)]
  5: f15->f15, G: -max{0, -G} [O(n)]
  5: f15->f15, H: -max{0, -H} [O(n)]
  5: f15->f15, I: -max{0, -I} [O(n)]
  5: f15->f15, J: -max{0, -J} [O(n)]
  5: f15->f15, K: -max{0, -K} [O(n)]
  27: f15->f12, A: -max{0, -A} [O(n)]
  27: f15->f12, G: -max{0, -G} [O(n)]
  27: f15->f12, H: -max{0, -H} [O(n)]
  27: f15->f12, I: -max{0, -I} [O(n)]
  27: f15->f12, J: -max{0, -J} [O(n)]
  27: f15->f12, K: -max{0, -K} [O(n)]
  28: f15->f12, A: -max{0, -A} [O(n)]
  28: f15->f12, C: 0 [O(1)]
  28: f15->f12, G: -max{0, -G} [O(n)]
  28: f15->f12, H: -max{0, -H} [O(n)]
  28: f15->f12, I: -max{0, -I} [O(n)]
  28: f15->f12, J: -max{0, -J} [O(n)]
  28: f15->f12, K: -max{0, -K} [O(n)]
  6: f28->f30, A: -max{0, -A} [O(n)]
  6: f28->f30, B: -max{0, -1, -1-A} [O(n)]
  6: f28->f30, G: -max{0, -G} [O(n)]
  6: f28->f30, J: -max{0, -J} [O(n)]
  25: f28->f82, A: -max{0, -A} [O(n)]
  25: f28->f82, B: -max{-1, -1-A} [O(n)]
  25: f28->f82, D: -max{-1, -1-A} [O(n)]
  25: f28->f82, G: -max{0, -G} [O(n)]
  25: f28->f82, J: -max{0, -J} [O(n)]
  24: f30->f42, A: -max{0, -A} [O(n)]
  24: f30->f42, B: -max{0, -1, -1-A} [O(n)]
  24: f30->f42, C: 0 [O(1)]
  24: f30->f42, G: -max{0, -G} [O(n)]
  24: f30->f42, J: -max{0, -J} [O(n)]
  20: f42->f59, A: -max{0, -A} [O(n)]
  20: f42->f59, B: -max{0, -1, -1-A} [O(n)]
  20: f42->f59, C: 0 [O(1)]
  20: f42->f59, G: -max{0, -G} [O(n)]
  20: f42->f59, J: -max{0, -J} [O(n)]
  21: f42->f59, A: -max{0, -A} [O(n)]
  21: f42->f59, B: -max{0, -1, -1-A} [O(n)]
  21: f42->f59, C: 0 [O(1)]
  21: f42->f59, G: -max{0, -G} [O(n)]
  21: f42->f59, J: -max{0, -J} [O(n)]
  22: f42->f69, A: -max{0, -A} [O(n)]
  22: f42->f69, B: -max{0, -1, -1-A} [O(n)]
  22: f42->f69, C: 0 [O(1)]
  22: f42->f69, G: -max{0, -G} [O(n)]
  22: f42->f69, J: -max{0, -J} [O(n)]
  11: f59->f59, A: -max{0, -A} [O(n)]
  11: f59->f59, B: -max{0, -1, -1-A} [O(n)]
  11: f59->f59, C: 0 [O(1)]
  11: f59->f59, G: -max{0, -G} [O(n)]
  11: f59->f59, J: -max{0, -J} [O(n)]
  17: f59->f69, A: -max{0, -A} [O(n)]
  17: f59->f69, B: -max{0, -1, -1-A} [O(n)]
  17: f59->f69, C: 0 [O(1)]
  17: f59->f69, G: -max{0, -G} [O(n)]
  17: f59->f69, J: -max{0, -J} [O(n)]
  0: f69->f71, A: -max{0, -A} [O(n)]
  0: f69->f71, B: -max{0, -1, -1-A} [O(n)]
  0: f69->f71, C: 0 [O(1)]
  0: f69->f71, G: -max{0, -G} [O(n)]
  0: f69->f71, J: -max{0, -J} [O(n)]
  1: f69->f71, A: -max{0, -A} [O(n)]
  1: f69->f71, B: -max{0, -1, -1-A} [O(n)]
  1: f69->f71, C: 0 [O(1)]
  1: f69->f71, G: -max{0, -G} [O(n)]
  1: f69->f71, J: -max{0, -J} [O(n)]
  12: f71->f73, A: -max{0, -A} [O(n)]
  12: f71->f73, B: -max{0, -1, -1-A} [O(n)]
  12: f71->f73, C: 0 [O(1)]
  12: f71->f73, G: -max{0, -G} [O(n)]
  12: f71->f73, J: -max{0, -J} [O(n)]
  15: f71->f28, A: -max{0, -A} [O(n)]
  15: f71->f28, B: -max{0, -1, -1-A} [O(n)]
  15: f71->f28, C: 0 [O(1)]
  15: f71->f28, D: -max{-1, -1-A} [O(n)]
  15: f71->f28, G: -max{0, -G} [O(n)]
  15: f71->f28, J: -max{0, -J} [O(n)]
  16: f73->f28, A: -max{0, -A} [O(n)]
  16: f73->f28, B: -max{0, -1, -1-A} [O(n)]
  16: f73->f28, C: 0 [O(1)]
  16: f73->f28, G: -max{0, -G} [O(n)]
  16: f73->f28, J: -max{0, -J} [O(n)]
`Upper:
  2: f0->f12, A: A [O(n)]
  2: f0->f12, B: B [O(n)]
  2: f0->f12, C: C [O(n)]
  2: f0->f12, D: D [O(n)]
  2: f0->f12, E: E [O(n)]
  2: f0->f12, F: F [O(n)]
  2: f0->f12, G: G [O(n)]
  2: f0->f12, H: H [O(n)]
  2: f0->f12, I: I [O(n)]
  2: f0->f12, J: J [O(n)]
  2: f0->f12, K: K [O(n)]
  3: f12->f15, A: max{0, A} [O(n)]
  3: f12->f15, B: max{0, A} [O(n)]
  3: f12->f15, C: 0 [O(1)]
  3: f12->f15, D: max{1, D, 1+A} [O(n)]
  3: f12->f15, G: max{0, G} [O(n)]
  3: f12->f15, H: max{0, H} [O(n)]
  3: f12->f15, I: max{0, I} [O(n)]
  3: f12->f15, J: max{0, J} [O(n)]
  3: f12->f15, K: max{0, K} [O(n)]
  29: f12->f28, A: max{0, A} [O(n)]
  29: f12->f28, B: max{1, B, 1+A} [O(n)]
  29: f12->f28, D: max{1, D, max{D, 1+A}} [O(n)]
  29: f12->f28, G: max{0, G} [O(n)]
  29: f12->f28, H: max{0, H} [O(n)]
  29: f12->f28, I: max{0, I} [O(n)]
  29: f12->f28, J: max{0, J} [O(n)]
  29: f12->f28, K: max{0, K} [O(n)]
  4: f15->f15, A: max{0, A} [O(n)]
  4: f15->f15, B: max{0, A} [O(n)]
  4: f15->f15, D: max{1, 1+A} [O(n)]
  4: f15->f15, G: max{0, G} [O(n)]
  4: f15->f15, H: max{0, H} [O(n)]
  4: f15->f15, I: max{0, I} [O(n)]
  4: f15->f15, J: max{0, J} [O(n)]
  4: f15->f15, K: max{0, K} [O(n)]
  5: f15->f15, A: max{0, A} [O(n)]
  5: f15->f15, B: max{0, A} [O(n)]
  5: f15->f15, D: max{1, 1+A} [O(n)]
  5: f15->f15, G: max{0, G} [O(n)]
  5: f15->f15, H: max{0, H} [O(n)]
  5: f15->f15, I: max{0, I} [O(n)]
  5: f15->f15, J: max{0, J} [O(n)]
  5: f15->f15, K: max{0, K} [O(n)]
  27: f15->f12, A: max{0, A} [O(n)]
  27: f15->f12, B: max{1, 1+A} [O(n)]
  27: f15->f12, D: max{1, D, 1+A} [O(n)]
  27: f15->f12, G: max{0, G} [O(n)]
  27: f15->f12, H: max{0, H} [O(n)]
  27: f15->f12, I: max{0, I} [O(n)]
  27: f15->f12, J: max{0, J} [O(n)]
  27: f15->f12, K: max{0, K} [O(n)]
  28: f15->f12, A: max{0, A} [O(n)]
  28: f15->f12, B: max{1, 1+A} [O(n)]
  28: f15->f12, C: 0 [O(1)]
  28: f15->f12, D: max{1, D, 1+A} [O(n)]
  28: f15->f12, G: max{0, G} [O(n)]
  28: f15->f12, H: max{0, H} [O(n)]
  28: f15->f12, I: max{0, I} [O(n)]
  28: f15->f12, J: max{0, J} [O(n)]
  28: f15->f12, K: max{0, K} [O(n)]
  6: f28->f30, A: max{0, A} [O(n)]
  6: f28->f30, B: max{1, B, 1+A} [O(n)]
  6: f28->f30, D: max{0, A} [O(n)]
  6: f28->f30, G: max{0, G} [O(n)]
  6: f28->f30, H: max{1, H, 1+A} [O(n)]
  6: f28->f30, J: max{0, J} [O(n)]
  6: f28->f30, K: max{0, -1, max{-1, A, max{K, -1+A}}} [O(n)]
  25: f28->f82, A: max{0, A} [O(n)]
  25: f28->f82, B: max{1, B, 1+A} [O(n)]
  25: f28->f82, D: max{1, 1, max{D, D, max{A, 1+A}}} [O(n)]
  25: f28->f82, G: max{0, G} [O(n)]
  25: f28->f82, H: max{1, H, max{H, 1+A}} [O(n)]
  25: f28->f82, J: max{0, J} [O(n)]
  25: f28->f82, K: max{-1, -1, max{0, A, max{K, K, -1+A}}} [O(n)]
  24: f30->f42, A: max{0, A} [O(n)]
  24: f30->f42, B: max{1, B, 1+A} [O(n)]
  24: f30->f42, C: 0 [O(1)]
  24: f30->f42, D: max{0, A} [O(n)]
  24: f30->f42, G: max{0, G} [O(n)]
  24: f30->f42, H: max{1, H, 1+A} [O(n)]
  24: f30->f42, J: max{0, J} [O(n)]
  24: f30->f42, K: max{0, -1, max{-1, A, max{K, -1+A}}} [O(n)]
  20: f42->f59, A: max{0, A} [O(n)]
  20: f42->f59, B: max{1, B, 1+A} [O(n)]
  20: f42->f59, C: 0 [O(1)]
  20: f42->f59, D: max{0, A} [O(n)]
  20: f42->f59, G: max{0, G} [O(n)]
  20: f42->f59, H: max{1, H, 1+A} [O(n)]
  20: f42->f59, J: max{0, J} [O(n)]
  20: f42->f59, K: max{0, -1, max{-1, A, max{K, -1+A}}} [O(n)]
  21: f42->f59, A: max{0, A} [O(n)]
  21: f42->f59, B: max{1, B, 1+A} [O(n)]
  21: f42->f59, C: 0 [O(1)]
  21: f42->f59, D: max{0, A} [O(n)]
  21: f42->f59, G: max{0, G} [O(n)]
  21: f42->f59, H: max{1, H, 1+A} [O(n)]
  21: f42->f59, J: max{0, J} [O(n)]
  21: f42->f59, K: max{-1, -1+A} [O(n)]
  22: f42->f69, A: max{0, A} [O(n)]
  22: f42->f69, B: max{1, B, 1+A} [O(n)]
  22: f42->f69, C: 0 [O(1)]
  22: f42->f69, D: max{0, A} [O(n)]
  22: f42->f69, G: max{0, G} [O(n)]
  22: f42->f69, H: max{1, H, 1+A} [O(n)]
  22: f42->f69, J: max{0, J} [O(n)]
  22: f42->f69, K: max{0, A} [O(n)]
  11: f59->f59, A: max{0, A} [O(n)]
  11: f59->f59, B: max{1, B, 1+A} [O(n)]
  11: f59->f59, C: 0 [O(1)]
  11: f59->f59, D: max{0, A} [O(n)]
  11: f59->f59, G: max{0, G} [O(n)]
  11: f59->f59, H: max{1, 1+A} [O(n)]
  11: f59->f59, J: max{0, J} [O(n)]
  11: f59->f59, K: max{0, -1, max{-1, A, max{K, -1+A}}} [O(n)]
  17: f59->f69, A: max{0, A} [O(n)]
  17: f59->f69, B: max{1, B, 1+A} [O(n)]
  17: f59->f69, C: 0 [O(1)]
  17: f59->f69, D: max{0, A} [O(n)]
  17: f59->f69, G: max{0, G} [O(n)]
  17: f59->f69, H: max{1, H, 1+A} [O(n)]
  17: f59->f69, J: max{0, J} [O(n)]
  17: f59->f69, K: max{0, -1, max{-1, A, max{K, -1+A}}} [O(n)]
  0: f69->f71, A: max{0, A} [O(n)]
  0: f69->f71, B: max{1, B, 1+A} [O(n)]
  0: f69->f71, C: 0 [O(1)]
  0: f69->f71, D: max{0, A} [O(n)]
  0: f69->f71, G: max{0, G} [O(n)]
  0: f69->f71, H: max{1, H, 1+A} [O(n)]
  0: f69->f71, J: max{0, J} [O(n)]
  0: f69->f71, K: max{0, -1, max{-1, A, max{K, -1+A}}} [O(n)]
  1: f69->f71, A: max{0, A} [O(n)]
  1: f69->f71, B: max{1, B, 1+A} [O(n)]
  1: f69->f71, C: 0 [O(1)]
  1: f69->f71, D: max{0, A} [O(n)]
  1: f69->f71, G: max{0, G} [O(n)]
  1: f69->f71, H: max{1, H, 1+A} [O(n)]
  1: f69->f71, J: max{0, J} [O(n)]
  1: f69->f71, K: max{0, -1, max{-1, A, max{K, -1+A}}} [O(n)]
  12: f71->f73, A: max{0, A} [O(n)]
  12: f71->f73, B: max{1, B, 1+A} [O(n)]
  12: f71->f73, C: 0 [O(1)]
  12: f71->f73, D: max{-1, -1+A} [O(n)]
  12: f71->f73, G: max{0, G} [O(n)]
  12: f71->f73, H: max{1, H, 1+A} [O(n)]
  12: f71->f73, J: max{0, J} [O(n)]
  12: f71->f73, K: max{0, -1, max{-1, A, max{K, -1+A}}} [O(n)]
  15: f71->f28, A: max{0, A} [O(n)]
  15: f71->f28, B: max{1, B, 1+A} [O(n)]
  15: f71->f28, C: 0 [O(1)]
  15: f71->f28, D: max{1, 1+A} [O(n)]
  15: f71->f28, G: max{0, G} [O(n)]
  15: f71->f28, H: max{1, H, 1+A} [O(n)]
  15: f71->f28, J: max{0, J} [O(n)]
  15: f71->f28, K: max{0, -1, max{-1, A, max{K, -1+A}}} [O(n)]
  16: f73->f28, A: max{0, A} [O(n)]
  16: f73->f28, B: max{1, B, 1+A} [O(n)]
  16: f73->f28, C: 0 [O(1)]
  16: f73->f28, D: max{0, A} [O(n)]
  16: f73->f28, G: max{0, G} [O(n)]
  16: f73->f28, H: max{1, H, 1+A} [O(n)]
  16: f73->f28, J: max{0, J} [O(n)]
  16: f73->f28, K: max{0, -1, max{-1, A, max{K, -1+A}}} [O(n)]
