Timebounds: 
  Overall timebound: inf [Infinity]
  14: f0->f16: 1 [O(1)]
  0: f16->f19: 20 [O(1)]
  13: f16->f33: 1 [O(1)]
  11: f19->f19: inf [Infinity]
  12: f19->f16: inf [Infinity]
  1: f33->f36: 58 [O(1)]
  10: f33->f52: 1 [O(1)]
  8: f36->f36: inf [Infinity]
  9: f36->f33: inf [Infinity]
  2: f52->f55: 20 [O(1)]
  7: f52->f73: 1 [O(1)]
  3: f55->f59: inf [Infinity]
  6: f55->f52: inf [Infinity]
  4: f59->f59: inf [Infinity]
  5: f59->f55: inf [Infinity]

Costbounds:
  Overall costbound: inf [Infinity]
  14: f0->f16: 1 [O(1)]
  0: f16->f19: 20 [O(1)]
  13: f16->f33: 1 [O(1)]
  11: f19->f19: inf [Infinity]
  12: f19->f16: inf [Infinity]
  1: f33->f36: 58 [O(1)]
  10: f33->f52: 1 [O(1)]
  8: f36->f36: inf [Infinity]
  9: f36->f33: inf [Infinity]
  2: f52->f55: 20 [O(1)]
  7: f52->f73: 1 [O(1)]
  3: f55->f59: inf [Infinity]
  6: f55->f52: inf [Infinity]
  4: f59->f59: inf [Infinity]
  5: f59->f55: inf [Infinity]

Sizebounds:
`Lower:
  14: f0->f16, A: 0 [O(1)]
  14: f0->f16, B: B [O(n)]
  14: f0->f16, C: C [O(n)]
  14: f0->f16, D: D [O(n)]
  14: f0->f16, E: E [O(n)]
  14: f0->f16, F: F [O(n)]
  14: f0->f16, G: G [O(n)]
  14: f0->f16, H: 0 [O(1)]
  14: f0->f16, I: I [O(n)]
  14: f0->f16, J: J [O(n)]
  0: f16->f19, A: 0 [O(1)]
  0: f16->f19, B: 0 [O(1)]
  0: f16->f19, C: C [O(n)]
  0: f16->f19, D: D [O(n)]
  0: f16->f19, E: E [O(n)]
  0: f16->f19, F: F [O(n)]
  0: f16->f19, G: G [O(n)]
  0: f16->f19, I: I [O(n)]
  13: f16->f33, A: 20 [O(1)]
  13: f16->f33, B: 20 [O(1)]
  13: f16->f33, C: 0 [O(1)]
  13: f16->f33, D: D [O(n)]
  13: f16->f33, E: E [O(n)]
  13: f16->f33, F: F [O(n)]
  13: f16->f33, G: G [O(n)]
  13: f16->f33, I: I [O(n)]
  11: f19->f19, A: 0 [O(1)]
  11: f19->f19, B: 1 [O(1)]
  11: f19->f19, C: C [O(n)]
  11: f19->f19, D: D [O(n)]
  11: f19->f19, E: E [O(n)]
  11: f19->f19, F: F [O(n)]
  11: f19->f19, G: G [O(n)]
  11: f19->f19, I: I [O(n)]
  12: f19->f16, A: 1 [O(1)]
  12: f19->f16, B: 20 [O(1)]
  12: f19->f16, C: C [O(n)]
  12: f19->f16, D: D [O(n)]
  12: f19->f16, E: E [O(n)]
  12: f19->f16, F: F [O(n)]
  12: f19->f16, G: G [O(n)]
  12: f19->f16, I: I [O(n)]
  1: f33->f36, A: 20 [O(1)]
  1: f33->f36, B: 20 [O(1)]
  1: f33->f36, C: 0 [O(1)]
  1: f33->f36, D: 0 [O(1)]
  1: f33->f36, E: E [O(n)]
  1: f33->f36, F: F [O(n)]
  1: f33->f36, G: G [O(n)]
  10: f33->f52, A: 20 [O(1)]
  10: f33->f52, B: 20 [O(1)]
  10: f33->f52, C: 20 [O(1)]
  10: f33->f52, D: 20 [O(1)]
  10: f33->f52, E: 0 [O(1)]
  10: f33->f52, F: F [O(n)]
  10: f33->f52, G: G [O(n)]
  8: f36->f36, A: 20 [O(1)]
  8: f36->f36, B: 20 [O(1)]
  8: f36->f36, C: 0 [O(1)]
  8: f36->f36, D: 1 [O(1)]
  8: f36->f36, E: E [O(n)]
  8: f36->f36, F: F [O(n)]
  8: f36->f36, G: G [O(n)]
  9: f36->f33, A: 20 [O(1)]
  9: f36->f33, B: 20 [O(1)]
  9: f36->f33, C: 1 [O(1)]
  9: f36->f33, D: 20 [O(1)]
  9: f36->f33, E: E [O(n)]
  9: f36->f33, F: F [O(n)]
  9: f36->f33, G: G [O(n)]
  2: f52->f55, A: 20 [O(1)]
  2: f52->f55, B: 20 [O(1)]
  2: f52->f55, C: 20 [O(1)]
  2: f52->f55, D: 20 [O(1)]
  2: f52->f55, E: 0 [O(1)]
  2: f52->f55, F: 0 [O(1)]
  2: f52->f55, G: -max{-20, -G} [O(n)]
  7: f52->f73, A: 20 [O(1)]
  7: f52->f73, B: 20 [O(1)]
  7: f52->f73, C: 20 [O(1)]
  7: f52->f73, D: 20 [O(1)]
  7: f52->f73, E: 20 [O(1)]
  7: f52->f73, F: 20 [O(1)]
  7: f52->f73, G: 20 [O(1)]
  3: f55->f59, A: 20 [O(1)]
  3: f55->f59, B: 20 [O(1)]
  3: f55->f59, C: 20 [O(1)]
  3: f55->f59, D: 20 [O(1)]
  3: f55->f59, E: 0 [O(1)]
  3: f55->f59, F: 0 [O(1)]
  3: f55->f59, G: 0 [O(1)]
  6: f55->f52, A: 20 [O(1)]
  6: f55->f52, B: 20 [O(1)]
  6: f55->f52, C: 20 [O(1)]
  6: f55->f52, D: 20 [O(1)]
  6: f55->f52, E: 1 [O(1)]
  6: f55->f52, F: 20 [O(1)]
  6: f55->f52, G: 20 [O(1)]
  4: f59->f59, A: 20 [O(1)]
  4: f59->f59, B: 20 [O(1)]
  4: f59->f59, C: 20 [O(1)]
  4: f59->f59, D: 20 [O(1)]
  4: f59->f59, E: 0 [O(1)]
  4: f59->f59, F: 0 [O(1)]
  4: f59->f59, G: 1 [O(1)]
  5: f59->f55, A: 20 [O(1)]
  5: f59->f55, B: 20 [O(1)]
  5: f59->f55, C: 20 [O(1)]
  5: f59->f55, D: 20 [O(1)]
  5: f59->f55, E: 0 [O(1)]
  5: f59->f55, F: 1 [O(1)]
  5: f59->f55, G: 20 [O(1)]
`Upper:
  14: f0->f16, A: 0 [O(1)]
  14: f0->f16, B: B [O(n)]
  14: f0->f16, C: C [O(n)]
  14: f0->f16, D: D [O(n)]
  14: f0->f16, E: E [O(n)]
  14: f0->f16, F: F [O(n)]
  14: f0->f16, G: G [O(n)]
  14: f0->f16, H: 0 [O(1)]
  14: f0->f16, I: I [O(n)]
  14: f0->f16, J: J [O(n)]
  0: f16->f19, A: 19 [O(1)]
  0: f16->f19, B: 0 [O(1)]
  0: f16->f19, C: C [O(n)]
  0: f16->f19, D: D [O(n)]
  0: f16->f19, E: E [O(n)]
  0: f16->f19, F: F [O(n)]
  0: f16->f19, G: G [O(n)]
  0: f16->f19, I: I [O(n)]
  13: f16->f33, A: 20 [O(1)]
  13: f16->f33, B: 20 [O(1)]
  13: f16->f33, C: 0 [O(1)]
  13: f16->f33, D: D [O(n)]
  13: f16->f33, E: E [O(n)]
  13: f16->f33, F: F [O(n)]
  13: f16->f33, G: G [O(n)]
  13: f16->f33, I: I [O(n)]
  11: f19->f19, A: 19 [O(1)]
  11: f19->f19, B: 20 [O(1)]
  11: f19->f19, C: C [O(n)]
  11: f19->f19, D: D [O(n)]
  11: f19->f19, E: E [O(n)]
  11: f19->f19, F: F [O(n)]
  11: f19->f19, G: G [O(n)]
  11: f19->f19, I: I [O(n)]
  12: f19->f16, A: 20 [O(1)]
  12: f19->f16, B: 20 [O(1)]
  12: f19->f16, C: C [O(n)]
  12: f19->f16, D: D [O(n)]
  12: f19->f16, E: E [O(n)]
  12: f19->f16, F: F [O(n)]
  12: f19->f16, G: G [O(n)]
  12: f19->f16, I: I [O(n)]
  1: f33->f36, A: 20 [O(1)]
  1: f33->f36, B: 20 [O(1)]
  1: f33->f36, C: 19 [O(1)]
  1: f33->f36, D: 0 [O(1)]
  1: f33->f36, E: E [O(n)]
  1: f33->f36, F: F [O(n)]
  1: f33->f36, G: G [O(n)]
  10: f33->f52, A: 20 [O(1)]
  10: f33->f52, B: 20 [O(1)]
  10: f33->f52, C: 20 [O(1)]
  10: f33->f52, D: 20 [O(1)]
  10: f33->f52, E: 0 [O(1)]
  10: f33->f52, F: F [O(n)]
  10: f33->f52, G: G [O(n)]
  8: f36->f36, A: 20 [O(1)]
  8: f36->f36, B: 20 [O(1)]
  8: f36->f36, C: 19 [O(1)]
  8: f36->f36, D: 20 [O(1)]
  8: f36->f36, E: E [O(n)]
  8: f36->f36, F: F [O(n)]
  8: f36->f36, G: G [O(n)]
  9: f36->f33, A: 20 [O(1)]
  9: f36->f33, B: 20 [O(1)]
  9: f36->f33, C: 20 [O(1)]
  9: f36->f33, D: 20 [O(1)]
  9: f36->f33, E: E [O(n)]
  9: f36->f33, F: F [O(n)]
  9: f36->f33, G: G [O(n)]
  2: f52->f55, A: 20 [O(1)]
  2: f52->f55, B: 20 [O(1)]
  2: f52->f55, C: 20 [O(1)]
  2: f52->f55, D: 20 [O(1)]
  2: f52->f55, E: 19 [O(1)]
  2: f52->f55, F: 0 [O(1)]
  2: f52->f55, G: max{20, G} [O(n)]
  7: f52->f73, A: 20 [O(1)]
  7: f52->f73, B: 20 [O(1)]
  7: f52->f73, C: 20 [O(1)]
  7: f52->f73, D: 20 [O(1)]
  7: f52->f73, E: 20 [O(1)]
  7: f52->f73, F: 20 [O(1)]
  7: f52->f73, G: 20 [O(1)]
  3: f55->f59, A: 20 [O(1)]
  3: f55->f59, B: 20 [O(1)]
  3: f55->f59, C: 20 [O(1)]
  3: f55->f59, D: 20 [O(1)]
  3: f55->f59, E: 19 [O(1)]
  3: f55->f59, F: 19 [O(1)]
  3: f55->f59, G: 0 [O(1)]
  6: f55->f52, A: 20 [O(1)]
  6: f55->f52, B: 20 [O(1)]
  6: f55->f52, C: 20 [O(1)]
  6: f55->f52, D: 20 [O(1)]
  6: f55->f52, E: 20 [O(1)]
  6: f55->f52, F: 20 [O(1)]
  6: f55->f52, G: 20 [O(1)]
  4: f59->f59, A: 20 [O(1)]
  4: f59->f59, B: 20 [O(1)]
  4: f59->f59, C: 20 [O(1)]
  4: f59->f59, D: 20 [O(1)]
  4: f59->f59, E: 19 [O(1)]
  4: f59->f59, F: 19 [O(1)]
  4: f59->f59, G: 20 [O(1)]
  5: f59->f55, A: 20 [O(1)]
  5: f59->f55, B: 20 [O(1)]
  5: f59->f55, C: 20 [O(1)]
  5: f59->f55, D: 20 [O(1)]
  5: f59->f55, E: 19 [O(1)]
  5: f59->f55, F: 20 [O(1)]
  5: f59->f55, G: 20 [O(1)]
