Timebounds: 
  Overall timebound: inf [Infinity]
  0: f0->f10: 1 [O(1)]
  1: f10->f13: 5 [O(1)]
  10: f10->f21: 1 [O(1)]
  2: f13->f13: inf [Infinity]
  9: f13->f10: inf [Infinity]
  3: f21->f24: 5 [O(1)]
  8: f21->f39: 1 [O(1)]
  4: f24->f27: inf [Infinity]
  7: f24->f21: inf [Infinity]
  5: f27->f27: inf [Infinity]
  6: f27->f24: inf [Infinity]

Costbounds:
  Overall costbound: inf [Infinity]
  0: f0->f10: 1 [O(1)]
  1: f10->f13: 5 [O(1)]
  10: f10->f21: 1 [O(1)]
  2: f13->f13: inf [Infinity]
  9: f13->f10: inf [Infinity]
  3: f21->f24: 5 [O(1)]
  8: f21->f39: 1 [O(1)]
  4: f24->f27: inf [Infinity]
  7: f24->f21: inf [Infinity]
  5: f27->f27: inf [Infinity]
  6: f27->f24: inf [Infinity]

Sizebounds:
`Lower:
  0: f0->f10, A: 1 [O(1)]
  0: f0->f10, B: B [O(n)]
  0: f0->f10, C: C [O(n)]
  1: f10->f13, A: 1 [O(1)]
  1: f10->f13, B: 1 [O(1)]
  1: f10->f13, C: C [O(n)]
  10: f10->f21, A: 1 [O(1)]
  10: f10->f21, B: 6 [O(1)]
  10: f10->f21, C: C [O(n)]
  2: f13->f13, A: 1 [O(1)]
  2: f13->f13, B: 2 [O(1)]
  2: f13->f13, C: C [O(n)]
  9: f13->f10, A: 2 [O(1)]
  9: f13->f10, B: 6 [O(1)]
  9: f13->f10, C: C [O(n)]
  3: f21->f24, A: 1 [O(1)]
  3: f21->f24, B: 1 [O(1)]
  3: f21->f24, C: -max{-6, -C} [O(n)]
  8: f21->f39, A: 6 [O(1)]
  8: f21->f39, B: 6 [O(1)]
  8: f21->f39, C: 6 [O(1)]
  4: f24->f27, A: 1 [O(1)]
  4: f24->f27, B: 1 [O(1)]
  4: f24->f27, C: 1 [O(1)]
  7: f24->f21, A: 2 [O(1)]
  7: f24->f21, B: 6 [O(1)]
  7: f24->f21, C: 6 [O(1)]
  5: f27->f27, A: 1 [O(1)]
  5: f27->f27, B: 1 [O(1)]
  5: f27->f27, C: 2 [O(1)]
  6: f27->f24, A: 1 [O(1)]
  6: f27->f24, B: 2 [O(1)]
  6: f27->f24, C: 6 [O(1)]
`Upper:
  0: f0->f10, A: 1 [O(1)]
  0: f0->f10, B: B [O(n)]
  0: f0->f10, C: C [O(n)]
  1: f10->f13, A: 5 [O(1)]
  1: f10->f13, B: 1 [O(1)]
  1: f10->f13, C: C [O(n)]
  10: f10->f21, A: 1 [O(1)]
  10: f10->f21, B: 6 [O(1)]
  10: f10->f21, C: C [O(n)]
  2: f13->f13, A: 5 [O(1)]
  2: f13->f13, B: 6 [O(1)]
  2: f13->f13, C: C [O(n)]
  9: f13->f10, A: 6 [O(1)]
  9: f13->f10, B: 6 [O(1)]
  9: f13->f10, C: C [O(n)]
  3: f21->f24, A: 5 [O(1)]
  3: f21->f24, B: 1 [O(1)]
  3: f21->f24, C: max{6, C} [O(n)]
  8: f21->f39, A: 6 [O(1)]
  8: f21->f39, B: 6 [O(1)]
  8: f21->f39, C: 6 [O(1)]
  4: f24->f27, A: 5 [O(1)]
  4: f24->f27, B: 5 [O(1)]
  4: f24->f27, C: 1 [O(1)]
  7: f24->f21, A: 6 [O(1)]
  7: f24->f21, B: 6 [O(1)]
  7: f24->f21, C: 6 [O(1)]
  5: f27->f27, A: 5 [O(1)]
  5: f27->f27, B: 5 [O(1)]
  5: f27->f27, C: 6 [O(1)]
  6: f27->f24, A: 5 [O(1)]
  6: f27->f24, B: 6 [O(1)]
  6: f27->f24, C: 6 [O(1)]
