Timebounds: 
  Overall timebound: inf [Infinity]
  0: f0->f12: 1 [O(1)]
  1: f12->f15: 4 [O(1)]
  15: f12->f23: 1 [O(1)]
  2: f15->f15: inf [Infinity]
  14: f15->f12: inf [Infinity]
  3: f23->f26: 6 [O(1)]
  8: f23->f52: 1 [O(1)]
  9: f23->f52: 1 [O(1)]
  10: f23->f52: 1 [O(1)]
  11: f23->f52: 1 [O(1)]
  12: f23->f52: 1 [O(1)]
  13: f23->f52: 1 [O(1)]
  4: f26->f30: inf [Infinity]
  7: f26->f23: inf [Infinity]
  5: f30->f30: inf [Infinity]
  6: f30->f26: inf [Infinity]

Costbounds:
  Overall costbound: inf [Infinity]
  0: f0->f12: 1 [O(1)]
  1: f12->f15: 4 [O(1)]
  15: f12->f23: 1 [O(1)]
  2: f15->f15: inf [Infinity]
  14: f15->f12: inf [Infinity]
  3: f23->f26: 6 [O(1)]
  8: f23->f52: 1 [O(1)]
  9: f23->f52: 1 [O(1)]
  10: f23->f52: 1 [O(1)]
  11: f23->f52: 1 [O(1)]
  12: f23->f52: 1 [O(1)]
  13: f23->f52: 1 [O(1)]
  4: f26->f30: inf [Infinity]
  7: f26->f23: inf [Infinity]
  5: f30->f30: inf [Infinity]
  6: f30->f26: inf [Infinity]

Sizebounds:
`Lower:
  0: f0->f12, A: 2 [O(1)]
  0: f0->f12, B: H [O(n)]
  0: f0->f12, C: I [O(n)]
  0: f0->f12, D: 0 [O(1)]
  0: f0->f12, E: E [O(n)]
  0: f0->f12, F: F [O(n)]
  0: f0->f12, G: G [O(n)]
  1: f12->f15, A: 2 [O(1)]
  1: f12->f15, B: H [O(n)]
  1: f12->f15, C: I [O(n)]
  1: f12->f15, D: 0 [O(1)]
  1: f12->f15, E: 0 [O(1)]
  1: f12->f15, F: F [O(n)]
  1: f12->f15, G: G [O(n)]
  15: f12->f23, A: 2 [O(1)]
  15: f12->f23, B: H [O(n)]
  15: f12->f23, C: I [O(n)]
  15: f12->f23, D: 0 [O(1)]
  15: f12->f23, E: 2 [O(1)]
  15: f12->f23, F: F [O(n)]
  15: f12->f23, G: G [O(n)]
  2: f15->f15, A: 2 [O(1)]
  2: f15->f15, B: H [O(n)]
  2: f15->f15, C: I [O(n)]
  2: f15->f15, D: 0 [O(1)]
  2: f15->f15, E: 1 [O(1)]
  2: f15->f15, F: F [O(n)]
  2: f15->f15, G: G [O(n)]
  14: f15->f12, A: 2 [O(1)]
  14: f15->f12, B: H [O(n)]
  14: f15->f12, C: I [O(n)]
  14: f15->f12, D: 1 [O(1)]
  14: f15->f12, E: 2 [O(1)]
  14: f15->f12, F: F [O(n)]
  14: f15->f12, G: G [O(n)]
  3: f23->f26, A: 2 [O(1)]
  3: f23->f26, B: H [O(n)]
  3: f23->f26, C: I [O(n)]
  3: f23->f26, D: 0 [O(1)]
  3: f23->f26, E: 0 [O(1)]
  3: f23->f26, F: -max{-2, -F} [O(n)]
  3: f23->f26, G: G [O(n)]
  8: f23->f52, A: 2 [O(1)]
  8: f23->f52, B: H [O(n)]
  8: f23->f52, C: I [O(n)]
  8: f23->f52, D: 2 [O(1)]
  8: f23->f52, E: 2 [O(1)]
  8: f23->f52, F: 2 [O(1)]
  8: f23->f52, G: 0 [O(1)]
  9: f23->f52, A: 2 [O(1)]
  9: f23->f52, B: H [O(n)]
  9: f23->f52, C: I [O(n)]
  9: f23->f52, D: 2 [O(1)]
  9: f23->f52, E: 2 [O(1)]
  9: f23->f52, F: 2 [O(1)]
  9: f23->f52, G: 1 [O(1)]
  10: f23->f52, A: 2 [O(1)]
  10: f23->f52, B: H [O(n)]
  10: f23->f52, C: I [O(n)]
  10: f23->f52, D: 2 [O(1)]
  10: f23->f52, E: 2 [O(1)]
  10: f23->f52, F: 2 [O(1)]
  10: f23->f52, G: 1 [O(1)]
  11: f23->f52, A: 2 [O(1)]
  11: f23->f52, B: H [O(n)]
  11: f23->f52, C: I [O(n)]
  11: f23->f52, D: 2 [O(1)]
  11: f23->f52, E: 2 [O(1)]
  11: f23->f52, F: 2 [O(1)]
  11: f23->f52, G: 1 [O(1)]
  12: f23->f52, A: 2 [O(1)]
  12: f23->f52, B: H [O(n)]
  12: f23->f52, C: I [O(n)]
  12: f23->f52, D: 2 [O(1)]
  12: f23->f52, E: 2 [O(1)]
  12: f23->f52, F: 2 [O(1)]
  12: f23->f52, G: 1 [O(1)]
  13: f23->f52, A: 2 [O(1)]
  13: f23->f52, B: H [O(n)]
  13: f23->f52, C: I [O(n)]
  13: f23->f52, D: 2 [O(1)]
  13: f23->f52, E: 2 [O(1)]
  13: f23->f52, F: 2 [O(1)]
  13: f23->f52, G: 1 [O(1)]
  4: f26->f30, A: 2 [O(1)]
  4: f26->f30, B: H [O(n)]
  4: f26->f30, C: I [O(n)]
  4: f26->f30, D: 0 [O(1)]
  4: f26->f30, E: 0 [O(1)]
  4: f26->f30, F: 0 [O(1)]
  4: f26->f30, G: G [O(n)]
  7: f26->f23, A: 2 [O(1)]
  7: f26->f23, B: H [O(n)]
  7: f26->f23, C: I [O(n)]
  7: f26->f23, D: 1 [O(1)]
  7: f26->f23, E: 2 [O(1)]
  7: f26->f23, F: 2 [O(1)]
  7: f26->f23, G: G [O(n)]
  5: f30->f30, A: 2 [O(1)]
  5: f30->f30, B: H [O(n)]
  5: f30->f30, C: I [O(n)]
  5: f30->f30, D: 0 [O(1)]
  5: f30->f30, E: 0 [O(1)]
  5: f30->f30, F: 1 [O(1)]
  5: f30->f30, G: G [O(n)]
  6: f30->f26, A: 2 [O(1)]
  6: f30->f26, B: H [O(n)]
  6: f30->f26, C: I [O(n)]
  6: f30->f26, D: 0 [O(1)]
  6: f30->f26, E: 1 [O(1)]
  6: f30->f26, F: 2 [O(1)]
  6: f30->f26, G: G [O(n)]
`Upper:
  0: f0->f12, A: 2 [O(1)]
  0: f0->f12, B: H [O(n)]
  0: f0->f12, C: I [O(n)]
  0: f0->f12, D: 0 [O(1)]
  0: f0->f12, E: E [O(n)]
  0: f0->f12, F: F [O(n)]
  0: f0->f12, G: G [O(n)]
  1: f12->f15, A: 2 [O(1)]
  1: f12->f15, B: H [O(n)]
  1: f12->f15, C: I [O(n)]
  1: f12->f15, D: 1 [O(1)]
  1: f12->f15, E: 0 [O(1)]
  1: f12->f15, F: F [O(n)]
  1: f12->f15, G: G [O(n)]
  15: f12->f23, A: 2 [O(1)]
  15: f12->f23, B: H [O(n)]
  15: f12->f23, C: I [O(n)]
  15: f12->f23, D: 0 [O(1)]
  15: f12->f23, E: 2 [O(1)]
  15: f12->f23, F: F [O(n)]
  15: f12->f23, G: G [O(n)]
  2: f15->f15, A: 2 [O(1)]
  2: f15->f15, B: H [O(n)]
  2: f15->f15, C: I [O(n)]
  2: f15->f15, D: 1 [O(1)]
  2: f15->f15, E: 2 [O(1)]
  2: f15->f15, F: F [O(n)]
  2: f15->f15, G: G [O(n)]
  14: f15->f12, A: 2 [O(1)]
  14: f15->f12, B: H [O(n)]
  14: f15->f12, C: I [O(n)]
  14: f15->f12, D: 2 [O(1)]
  14: f15->f12, E: 2 [O(1)]
  14: f15->f12, F: F [O(n)]
  14: f15->f12, G: G [O(n)]
  3: f23->f26, A: 2 [O(1)]
  3: f23->f26, B: H [O(n)]
  3: f23->f26, C: I [O(n)]
  3: f23->f26, D: 1 [O(1)]
  3: f23->f26, E: 0 [O(1)]
  3: f23->f26, F: max{2, F} [O(n)]
  3: f23->f26, G: G [O(n)]
  8: f23->f52, A: 2 [O(1)]
  8: f23->f52, B: H [O(n)]
  8: f23->f52, C: I [O(n)]
  8: f23->f52, D: 2 [O(1)]
  8: f23->f52, E: 2 [O(1)]
  8: f23->f52, F: 2 [O(1)]
  8: f23->f52, G: 0 [O(1)]
  9: f23->f52, A: 2 [O(1)]
  9: f23->f52, B: H [O(n)]
  9: f23->f52, C: I [O(n)]
  9: f23->f52, D: 2 [O(1)]
  9: f23->f52, E: 2 [O(1)]
  9: f23->f52, F: 2 [O(1)]
  9: f23->f52, G: 1 [O(1)]
  10: f23->f52, A: 2 [O(1)]
  10: f23->f52, B: H [O(n)]
  10: f23->f52, C: I [O(n)]
  10: f23->f52, D: 2 [O(1)]
  10: f23->f52, E: 2 [O(1)]
  10: f23->f52, F: 2 [O(1)]
  10: f23->f52, G: 1 [O(1)]
  11: f23->f52, A: 2 [O(1)]
  11: f23->f52, B: H [O(n)]
  11: f23->f52, C: I [O(n)]
  11: f23->f52, D: 2 [O(1)]
  11: f23->f52, E: 2 [O(1)]
  11: f23->f52, F: 2 [O(1)]
  11: f23->f52, G: 1 [O(1)]
  12: f23->f52, A: 2 [O(1)]
  12: f23->f52, B: H [O(n)]
  12: f23->f52, C: I [O(n)]
  12: f23->f52, D: 2 [O(1)]
  12: f23->f52, E: 2 [O(1)]
  12: f23->f52, F: 2 [O(1)]
  12: f23->f52, G: 1 [O(1)]
  13: f23->f52, A: 2 [O(1)]
  13: f23->f52, B: H [O(n)]
  13: f23->f52, C: I [O(n)]
  13: f23->f52, D: 2 [O(1)]
  13: f23->f52, E: 2 [O(1)]
  13: f23->f52, F: 2 [O(1)]
  13: f23->f52, G: 1 [O(1)]
  4: f26->f30, A: 2 [O(1)]
  4: f26->f30, B: H [O(n)]
  4: f26->f30, C: I [O(n)]
  4: f26->f30, D: 1 [O(1)]
  4: f26->f30, E: 1 [O(1)]
  4: f26->f30, F: 0 [O(1)]
  4: f26->f30, G: G [O(n)]
  7: f26->f23, A: 2 [O(1)]
  7: f26->f23, B: H [O(n)]
  7: f26->f23, C: I [O(n)]
  7: f26->f23, D: 2 [O(1)]
  7: f26->f23, E: 2 [O(1)]
  7: f26->f23, F: 2 [O(1)]
  7: f26->f23, G: G [O(n)]
  5: f30->f30, A: 2 [O(1)]
  5: f30->f30, B: H [O(n)]
  5: f30->f30, C: I [O(n)]
  5: f30->f30, D: 1 [O(1)]
  5: f30->f30, E: 1 [O(1)]
  5: f30->f30, F: 2 [O(1)]
  5: f30->f30, G: G [O(n)]
  6: f30->f26, A: 2 [O(1)]
  6: f30->f26, B: H [O(n)]
  6: f30->f26, C: I [O(n)]
  6: f30->f26, D: 1 [O(1)]
  6: f30->f26, E: 2 [O(1)]
  6: f30->f26, F: 2 [O(1)]
  6: f30->f26, G: G [O(n)]
