Timebounds: 
  Overall timebound: max{1, 1+C}+max{0, 111*(101-C)}+max{0, 101-C} [O(n)]
  0: f0->f1: 1 [O(1)]
  1: f1->f1: max{0, C}+max{0, 111*(101-C)} [O(n)]
  2: f1->f1: max{0, 101-C} [O(n)]

Costbounds:
  Overall costbound: max{1, 1+C}+max{0, 111*(101-C)}+max{0, 101-C} [O(n)]
  0: f0->f1: 1 [O(1)]
  1: f1->f1: max{0, C}+max{0, 111*(101-C)} [O(n)]
  2: f1->f1: max{0, 101-C} [O(n)]

Sizebounds:
`Lower:
  0: f0->f1, A: C [O(n)]
  0: f0->f1, B: 1 [O(1)]
  0: f0->f1, C: -inf [Infinity]
  1: f1->f1, A: -inf [Infinity]
  1: f1->f1, B: 1 [O(1)]
  1: f1->f1, C: -inf [Infinity]
  2: f1->f1, A: -inf [Infinity]
  2: f1->f1, B: 1 [O(1)]
  2: f1->f1, C: -inf [Infinity]
`Upper:
  0: f0->f1, A: C [O(n)]
  0: f0->f1, B: 1 [O(1)]
  0: f0->f1, C: inf [Infinity]
  1: f1->f1, A: max{111, C} [O(n)]
  1: f1->f1, B: max{1, 102-C} [O(n)]
  1: f1->f1, C: inf [Infinity]
  2: f1->f1, A: 111 [O(1)]
  2: f1->f1, B: max{1, 102-C} [O(n)]
  2: f1->f1, C: inf [Infinity]
