Timebounds: 
  Overall timebound: 4 [O(1)]
  4: f0->f38: 1 [O(1)]
  0: f11->f54: 1 [O(1)]
  1: f11->f54: 1 [O(1)]
  3: f38->f11: 1 [O(1)]

Costbounds:
  Overall costbound: 4 [O(1)]
  4: f0->f38: 1 [O(1)]
  0: f11->f54: 1 [O(1)]
  1: f11->f54: 1 [O(1)]
  3: f38->f11: 1 [O(1)]

Sizebounds:
`Lower:
  4: f0->f38, A: 1 [O(1)]
  4: f0->f38, B: 2 [O(1)]
  4: f0->f38, C: C [O(n)]
  4: f0->f38, D: 1 [O(1)]
  4: f0->f38, E: 10 [O(1)]
  4: f0->f38, F: F [O(n)]
  4: f0->f38, G: G [O(n)]
  4: f0->f38, H: H [O(n)]
  4: f0->f38, I: 10 [O(1)]
  4: f0->f38, J: 2 [O(1)]
  4: f0->f38, K: L [O(n)]
  4: f0->f38, L: -inf [Infinity]
  4: f0->f38, M: -inf [Infinity]
  0: f11->f54, A: 2 [O(1)]
  0: f11->f54, B: 2 [O(1)]
  0: f11->f54, C: 4 [O(1)]
  0: f11->f54, D: 1 [O(1)]
  0: f11->f54, E: 10 [O(1)]
  0: f11->f54, F: 1 [O(1)]
  0: f11->f54, G: 1 [O(1)]
  0: f11->f54, H: -inf [Infinity]
  0: f11->f54, I: 10 [O(1)]
  0: f11->f54, J: 2 [O(1)]
  0: f11->f54, K: L [O(n)]
  0: f11->f54, L: -inf [Infinity]
  0: f11->f54, M: -inf [Infinity]
  1: f11->f54, A: -inf [Infinity]
  1: f11->f54, B: 2 [O(1)]
  1: f11->f54, C: 1 [O(1)]
  1: f11->f54, D: 1 [O(1)]
  1: f11->f54, E: 10 [O(1)]
  1: f11->f54, F: 1 [O(1)]
  1: f11->f54, G: 1 [O(1)]
  1: f11->f54, H: -inf [Infinity]
  1: f11->f54, I: 10 [O(1)]
  1: f11->f54, J: 2 [O(1)]
  1: f11->f54, K: L [O(n)]
  1: f11->f54, L: -inf [Infinity]
  1: f11->f54, M: -inf [Infinity]
  3: f38->f11, A: -inf [Infinity]
  3: f38->f11, B: 2 [O(1)]
  3: f38->f11, C: C [O(n)]
  3: f38->f11, D: 1 [O(1)]
  3: f38->f11, E: 10 [O(1)]
  3: f38->f11, F: 1 [O(1)]
  3: f38->f11, G: 1 [O(1)]
  3: f38->f11, H: -inf [Infinity]
  3: f38->f11, I: 10 [O(1)]
  3: f38->f11, J: 2 [O(1)]
  3: f38->f11, K: L [O(n)]
  3: f38->f11, L: -inf [Infinity]
  3: f38->f11, M: -inf [Infinity]
`Upper:
  4: f0->f38, A: 1 [O(1)]
  4: f0->f38, B: 2 [O(1)]
  4: f0->f38, C: C [O(n)]
  4: f0->f38, D: 1 [O(1)]
  4: f0->f38, E: 10 [O(1)]
  4: f0->f38, F: F [O(n)]
  4: f0->f38, G: G [O(n)]
  4: f0->f38, H: H [O(n)]
  4: f0->f38, I: 10 [O(1)]
  4: f0->f38, J: 2 [O(1)]
  4: f0->f38, K: L [O(n)]
  4: f0->f38, L: inf [Infinity]
  4: f0->f38, M: inf [Infinity]
  0: f11->f54, A: inf [Infinity]
  0: f11->f54, B: 2 [O(1)]
  0: f11->f54, C: inf [Infinity]
  0: f11->f54, D: 1 [O(1)]
  0: f11->f54, E: 10 [O(1)]
  0: f11->f54, F: 1 [O(1)]
  0: f11->f54, G: 1 [O(1)]
  0: f11->f54, H: inf [Infinity]
  0: f11->f54, I: 10 [O(1)]
  0: f11->f54, J: 2 [O(1)]
  0: f11->f54, K: L [O(n)]
  0: f11->f54, L: inf [Infinity]
  0: f11->f54, M: inf [Infinity]
  1: f11->f54, A: 1 [O(1)]
  1: f11->f54, B: 2 [O(1)]
  1: f11->f54, C: inf [Infinity]
  1: f11->f54, D: 1 [O(1)]
  1: f11->f54, E: 10 [O(1)]
  1: f11->f54, F: 1 [O(1)]
  1: f11->f54, G: 1 [O(1)]
  1: f11->f54, H: inf [Infinity]
  1: f11->f54, I: 10 [O(1)]
  1: f11->f54, J: 2 [O(1)]
  1: f11->f54, K: L [O(n)]
  1: f11->f54, L: inf [Infinity]
  1: f11->f54, M: inf [Infinity]
  3: f38->f11, A: inf [Infinity]
  3: f38->f11, B: 2 [O(1)]
  3: f38->f11, C: C [O(n)]
  3: f38->f11, D: 1 [O(1)]
  3: f38->f11, E: 10 [O(1)]
  3: f38->f11, F: 1 [O(1)]
  3: f38->f11, G: 1 [O(1)]
  3: f38->f11, H: inf [Infinity]
  3: f38->f11, I: 10 [O(1)]
  3: f38->f11, J: 2 [O(1)]
  3: f38->f11, K: L [O(n)]
  3: f38->f11, L: inf [Infinity]
  3: f38->f11, M: inf [Infinity]
