Timebounds: 
  Overall timebound: inf [Infinity]
  0: f1->f1: inf [Infinity]
  1: f1->f1: inf [Infinity]
  2: f1->f300: 1 [O(1)]
  3: f2->f1: 1 [O(1)]

Costbounds:
  Overall costbound: inf [Infinity]
  0: f1->f1: inf [Infinity]
  1: f1->f1: inf [Infinity]
  2: f1->f300: 1 [O(1)]
  3: f2->f1: 1 [O(1)]

Sizebounds:
`Lower:
  0: f1->f1, A: A [O(n)]
  0: f1->f1, B: B [O(n)]
  0: f1->f1, F: F [O(n)]
  0: f1->f1, G: I [O(n)]
  0: f1->f1, H: J [O(n)]
  1: f1->f1, A: A [O(n)]
  1: f1->f1, B: B [O(n)]
  1: f1->f1, F: F [O(n)]
  1: f1->f1, G: I [O(n)]
  1: f1->f1, H: J [O(n)]
  2: f1->f300, A: A [O(n)]
  2: f1->f300, B: A [O(n)]
  2: f1->f300, E: E [O(n)]
  2: f1->f300, G: I [O(n)]
  2: f1->f300, H: J [O(n)]
  3: f2->f1, A: A [O(n)]
  3: f2->f1, B: B [O(n)]
  3: f2->f1, C: C [O(n)]
  3: f2->f1, D: D [O(n)]
  3: f2->f1, E: E [O(n)]
  3: f2->f1, F: F [O(n)]
  3: f2->f1, G: I [O(n)]
  3: f2->f1, H: J [O(n)]
`Upper:
  0: f1->f1, A: A [O(n)]
  0: f1->f1, B: B [O(n)]
  0: f1->f1, F: F [O(n)]
  0: f1->f1, G: I [O(n)]
  0: f1->f1, H: J [O(n)]
  1: f1->f1, A: A [O(n)]
  1: f1->f1, B: B [O(n)]
  1: f1->f1, F: F [O(n)]
  1: f1->f1, G: I [O(n)]
  1: f1->f1, H: J [O(n)]
  2: f1->f300, A: A [O(n)]
  2: f1->f300, B: A [O(n)]
  2: f1->f300, E: E [O(n)]
  2: f1->f300, G: I [O(n)]
  2: f1->f300, H: J [O(n)]
  3: f2->f1, A: A [O(n)]
  3: f2->f1, B: B [O(n)]
  3: f2->f1, C: C [O(n)]
  3: f2->f1, D: D [O(n)]
  3: f2->f1, E: E [O(n)]
  3: f2->f1, F: F [O(n)]
  3: f2->f1, G: I [O(n)]
  3: f2->f1, H: J [O(n)]
