Timebounds: 
  Overall timebound: inf [Infinity]
  4: f1->f2: 1 [O(1)]
  0: f2->f2: inf [Infinity]
  1: f2->f2: inf [Infinity]
  2: f2->f2: inf [Infinity]
  3: f2->f300: 1 [O(1)]

Costbounds:
  Overall costbound: inf [Infinity]
  4: f1->f2: 1 [O(1)]
  0: f2->f2: inf [Infinity]
  1: f2->f2: inf [Infinity]
  2: f2->f2: inf [Infinity]
  3: f2->f300: 1 [O(1)]

Sizebounds:
`Lower:
  4: f1->f2, A: A [O(n)]
  4: f1->f2, B: B [O(n)]
  4: f1->f2, C: C [O(n)]
  4: f1->f2, D: D [O(n)]
  4: f1->f2, E: E [O(n)]
  4: f1->f2, F: F [O(n)]
  4: f1->f2, G: G [O(n)]
  4: f1->f2, H: M [O(n)]
  4: f1->f2, I: N [O(n)]
  4: f1->f2, J: N [O(n)]
  4: f1->f2, K: M [O(n)]
  4: f1->f2, L: -inf [Infinity]
  4: f1->f2, M: -inf [Infinity]
  4: f1->f2, N: -inf [Infinity]
  4: f1->f2, O: -inf [Infinity]
  0: f2->f2, A: A [O(n)]
  0: f2->f2, B: B [O(n)]
  0: f2->f2, C: -inf [Infinity]
  0: f2->f2, D: -inf [Infinity]
  0: f2->f2, E: -inf [Infinity]
  0: f2->f2, F: -inf [Infinity]
  0: f2->f2, G: G [O(n)]
  0: f2->f2, H: M [O(n)]
  0: f2->f2, I: N [O(n)]
  0: f2->f2, J: N [O(n)]
  0: f2->f2, K: M [O(n)]
  0: f2->f2, L: -inf [Infinity]
  0: f2->f2, M: -inf [Infinity]
  0: f2->f2, N: -inf [Infinity]
  0: f2->f2, O: -inf [Infinity]
  1: f2->f2, A: A [O(n)]
  1: f2->f2, B: B [O(n)]
  1: f2->f2, C: -inf [Infinity]
  1: f2->f2, D: -inf [Infinity]
  1: f2->f2, E: -inf [Infinity]
  1: f2->f2, F: -inf [Infinity]
  1: f2->f2, G: G [O(n)]
  1: f2->f2, H: M [O(n)]
  1: f2->f2, I: N [O(n)]
  1: f2->f2, J: N [O(n)]
  1: f2->f2, K: M [O(n)]
  1: f2->f2, L: -inf [Infinity]
  1: f2->f2, M: -inf [Infinity]
  1: f2->f2, N: -inf [Infinity]
  1: f2->f2, O: -inf [Infinity]
  2: f2->f2, A: A [O(n)]
  2: f2->f2, B: B [O(n)]
  2: f2->f2, C: -inf [Infinity]
  2: f2->f2, D: -inf [Infinity]
  2: f2->f2, E: 0 [O(1)]
  2: f2->f2, F: -inf [Infinity]
  2: f2->f2, G: G [O(n)]
  2: f2->f2, H: M [O(n)]
  2: f2->f2, I: N [O(n)]
  2: f2->f2, J: N [O(n)]
  2: f2->f2, K: M [O(n)]
  2: f2->f2, L: -inf [Infinity]
  2: f2->f2, M: -inf [Infinity]
  2: f2->f2, N: -inf [Infinity]
  2: f2->f2, O: -inf [Infinity]
  3: f2->f300, A: A [O(n)]
  3: f2->f300, B: B [O(n)]
  3: f2->f300, C: -inf [Infinity]
  3: f2->f300, D: -inf [Infinity]
  3: f2->f300, E: -inf [Infinity]
  3: f2->f300, F: -inf [Infinity]
  3: f2->f300, G: -inf [Infinity]
  3: f2->f300, H: M [O(n)]
  3: f2->f300, I: N [O(n)]
  3: f2->f300, J: N [O(n)]
  3: f2->f300, K: M [O(n)]
  3: f2->f300, L: -inf [Infinity]
  3: f2->f300, M: -inf [Infinity]
  3: f2->f300, N: -inf [Infinity]
  3: f2->f300, O: -inf [Infinity]
`Upper:
  4: f1->f2, A: A [O(n)]
  4: f1->f2, B: B [O(n)]
  4: f1->f2, C: C [O(n)]
  4: f1->f2, D: D [O(n)]
  4: f1->f2, E: E [O(n)]
  4: f1->f2, F: F [O(n)]
  4: f1->f2, G: G [O(n)]
  4: f1->f2, H: M [O(n)]
  4: f1->f2, I: N [O(n)]
  4: f1->f2, J: N [O(n)]
  4: f1->f2, K: M [O(n)]
  4: f1->f2, L: inf [Infinity]
  4: f1->f2, M: inf [Infinity]
  4: f1->f2, N: inf [Infinity]
  4: f1->f2, O: inf [Infinity]
  0: f2->f2, A: A [O(n)]
  0: f2->f2, B: B [O(n)]
  0: f2->f2, C: inf [Infinity]
  0: f2->f2, D: inf [Infinity]
  0: f2->f2, E: inf [Infinity]
  0: f2->f2, F: inf [Infinity]
  0: f2->f2, G: G [O(n)]
  0: f2->f2, H: M [O(n)]
  0: f2->f2, I: N [O(n)]
  0: f2->f2, J: N [O(n)]
  0: f2->f2, K: M [O(n)]
  0: f2->f2, L: inf [Infinity]
  0: f2->f2, M: inf [Infinity]
  0: f2->f2, N: inf [Infinity]
  0: f2->f2, O: inf [Infinity]
  1: f2->f2, A: A [O(n)]
  1: f2->f2, B: B [O(n)]
  1: f2->f2, C: inf [Infinity]
  1: f2->f2, D: inf [Infinity]
  1: f2->f2, E: -1 [O(1)]
  1: f2->f2, F: inf [Infinity]
  1: f2->f2, G: G [O(n)]
  1: f2->f2, H: M [O(n)]
  1: f2->f2, I: N [O(n)]
  1: f2->f2, J: N [O(n)]
  1: f2->f2, K: M [O(n)]
  1: f2->f2, L: inf [Infinity]
  1: f2->f2, M: inf [Infinity]
  1: f2->f2, N: inf [Infinity]
  1: f2->f2, O: inf [Infinity]
  2: f2->f2, A: A [O(n)]
  2: f2->f2, B: B [O(n)]
  2: f2->f2, C: inf [Infinity]
  2: f2->f2, D: inf [Infinity]
  2: f2->f2, E: 0 [O(1)]
  2: f2->f2, F: inf [Infinity]
  2: f2->f2, G: G [O(n)]
  2: f2->f2, H: M [O(n)]
  2: f2->f2, I: N [O(n)]
  2: f2->f2, J: N [O(n)]
  2: f2->f2, K: M [O(n)]
  2: f2->f2, L: inf [Infinity]
  2: f2->f2, M: inf [Infinity]
  2: f2->f2, N: inf [Infinity]
  2: f2->f2, O: inf [Infinity]
  3: f2->f300, A: A [O(n)]
  3: f2->f300, B: A [O(n)]
  3: f2->f300, C: inf [Infinity]
  3: f2->f300, D: inf [Infinity]
  3: f2->f300, E: inf [Infinity]
  3: f2->f300, F: inf [Infinity]
  3: f2->f300, G: inf [Infinity]
  3: f2->f300, H: M [O(n)]
  3: f2->f300, I: N [O(n)]
  3: f2->f300, J: N [O(n)]
  3: f2->f300, K: M [O(n)]
  3: f2->f300, L: inf [Infinity]
  3: f2->f300, M: inf [Infinity]
  3: f2->f300, N: inf [Infinity]
  3: f2->f300, O: inf [Infinity]
