Timebounds: 
  Overall timebound: inf [Infinity]
  2: f2->f1: 1 [O(1)]
  1: f300->f2: 1 [O(1)]

Costbounds:
  Overall costbound: inf [Infinity]
  0: f2->f2: inf [Infinity]
  2: f2->f1: 1 [O(1)]
  1: f300->f2: 1 [O(1)]

Sizebounds:
`Lower:
  0: f2->f2, A: -max{0, -A} [O(n)]
  0: f2->f2, B: -max{0, -B} [O(n)]
  1: f300->f2, A: A [O(n)]
  1: f300->f2, B: B [O(n)]
`Upper:
  0: f2->f2, A: max{0, A} [O(n)]
  0: f2->f2, B: max{0, B} [O(n)]
  2: f2->f1, A: -1 [O(1)]
  1: f300->f2, A: A [O(n)]
  1: f300->f2, B: B [O(n)]
