Timebounds: 
  Overall timebound: inf [Infinity]
  1: f2->f2: inf [Infinity]
  2: f2->f2: inf [Infinity]
  3: f2->f2: inf [Infinity]
  4: f2->f300: 1 [O(1)]
  0: f3->f2: 1 [O(1)]

Costbounds:
  Overall costbound: inf [Infinity]
  1: f2->f2: inf [Infinity]
  2: f2->f2: inf [Infinity]
  3: f2->f2: inf [Infinity]
  4: f2->f300: 1 [O(1)]
  0: f3->f2: 1 [O(1)]

Sizebounds:
`Lower:
  1: f2->f2, A: -1 [O(1)]
  1: f2->f2, B: 1 [O(1)]
  1: f2->f2, C: C [O(n)]
  2: f2->f2, A: -1 [O(1)]
  2: f2->f2, C: C [O(n)]
  3: f2->f2, A: 0 [O(1)]
  3: f2->f2, B: 0 [O(1)]
  3: f2->f2, C: C [O(n)]
  4: f2->f300, A: -max{1, -A} [O(n)]
  0: f3->f2, A: A [O(n)]
  0: f3->f2, B: B [O(n)]
  0: f3->f2, C: C [O(n)]
`Upper:
  1: f2->f2, A: A [O(n)]
  1: f2->f2, C: C [O(n)]
  2: f2->f2, A: A [O(n)]
  2: f2->f2, B: -1 [O(1)]
  2: f2->f2, C: C [O(n)]
  3: f2->f2, A: A [O(n)]
  3: f2->f2, B: 0 [O(1)]
  3: f2->f2, C: C [O(n)]
  4: f2->f300, A: -1 [O(1)]
  0: f3->f2, A: A [O(n)]
  0: f3->f2, B: B [O(n)]
  0: f3->f2, C: C [O(n)]
