Timebounds: 
  Overall timebound: inf [Infinity]
  1: f1->f1: inf [Infinity]
  2: f1->f300: 1 [O(1)]
  0: f3->f1: 1 [O(1)]

Costbounds:
  Overall costbound: inf [Infinity]
  1: f1->f1: inf [Infinity]
  2: f1->f300: 1 [O(1)]
  0: f3->f1: 1 [O(1)]

Sizebounds:
`Lower:
  1: f1->f1, A: A [O(n)]
  1: f1->f1, B: B [O(n)]
  1: f1->f1, C: -inf [Infinity]
  2: f1->f300, A: -inf [Infinity]
  2: f1->f300, B: -inf [Infinity]
  2: f1->f300, C: -inf [Infinity]
  0: f3->f1, A: A [O(n)]
  0: f3->f1, B: B [O(n)]
  0: f3->f1, C: -inf [Infinity]
`Upper:
  1: f1->f1, A: inf [Infinity]
  1: f1->f1, B: B [O(n)]
  1: f1->f1, C: inf [Infinity]
  2: f1->f300, A: -1 [O(1)]
  2: f1->f300, B: inf [Infinity]
  2: f1->f300, C: inf [Infinity]
  0: f3->f1, A: A [O(n)]
  0: f3->f1, B: B [O(n)]
  0: f3->f1, C: inf [Infinity]
