Timebounds: 
  Overall timebound: inf [Infinity]
  0: f2->f2: max{0, A} [O(n)]
  1: f2->f2: max{0, A} [O(n)]
  2: f2->f1: 1 [O(1)]
  3: f2->f1: 1 [O(1)]
  5: f2->f1: 1 [O(1)]
  6: f300->f2: 1 [O(1)]

Costbounds:
  Overall costbound: inf [Infinity]
  0: f2->f2: max{0, A} [O(n)]
  1: f2->f2: max{0, A} [O(n)]
  2: f2->f1: 1 [O(1)]
  3: f2->f1: 1 [O(1)]
  4: f2->f2: inf [Infinity]
  5: f2->f1: 1 [O(1)]
  6: f300->f2: 1 [O(1)]

Sizebounds:
`Lower:
  0: f2->f2, A: -max{0, -A} [O(n)]
  0: f2->f2, C: -max{0, -C} [O(n)]
  1: f2->f2, A: -max{0, -A} [O(n)]
  1: f2->f2, C: -max{0, -C} [O(n)]
  2: f2->f1, A: -max{1, 1-A} [O(n)]
  2: f2->f1, B: 1 [O(1)]
  3: f2->f1, A: -max{1, 1-A} [O(n)]
  4: f2->f2, A: -max{0, -A} [O(n)]
  4: f2->f2, B: 0 [O(1)]
  4: f2->f2, C: -max{0, -C} [O(n)]
  5: f2->f1, A: -max{0, -A} [O(n)]
  5: f2->f1, B: 0 [O(1)]
  6: f300->f2, A: A [O(n)]
  6: f300->f2, B: B [O(n)]
  6: f300->f2, C: C [O(n)]
`Upper:
  0: f2->f2, A: max{0, A} [O(n)]
  0: f2->f2, C: max{0, C} [O(n)]
  1: f2->f2, A: max{0, A} [O(n)]
  1: f2->f2, B: -1 [O(1)]
  1: f2->f2, C: max{0, C} [O(n)]
  2: f2->f1, A: 0 [O(1)]
  3: f2->f1, A: 0 [O(1)]
  3: f2->f1, B: -1 [O(1)]
  4: f2->f2, A: max{0, A} [O(n)]
  4: f2->f2, B: 0 [O(1)]
  4: f2->f2, C: max{0, C} [O(n)]
  5: f2->f1, A: 0 [O(1)]
  5: f2->f1, B: 0 [O(1)]
  6: f300->f2, A: A [O(n)]
  6: f300->f2, B: B [O(n)]
  6: f300->f2, C: C [O(n)]
