Timebounds: 
  Overall timebound: inf [Infinity]
  0: f2->f1: 1 [O(1)]
  1: f2->f2: inf [Infinity]
  3: f2->f1: 1 [O(1)]
  4: f2->f2: inf [Infinity]
  5: f2->f2: inf [Infinity]
  6: f300->f2: 1 [O(1)]

Costbounds:
  Overall costbound: inf [Infinity]
  0: f2->f1: 1 [O(1)]
  1: f2->f2: inf [Infinity]
  3: f2->f1: 1 [O(1)]
  4: f2->f2: inf [Infinity]
  5: f2->f2: inf [Infinity]
  6: f300->f2: 1 [O(1)]

Sizebounds:
`Lower:
  0: f2->f1, A: -inf [Infinity]
  0: f2->f1, B: -inf [Infinity]
  0: f2->f1, C: -inf [Infinity]
  0: f2->f1, D: -inf [Infinity]
  1: f2->f2, A: -inf [Infinity]
  1: f2->f2, B: B [O(n)]
  1: f2->f2, C: -inf [Infinity]
  1: f2->f2, D: -inf [Infinity]
  3: f2->f1, A: -inf [Infinity]
  3: f2->f1, B: -inf [Infinity]
  3: f2->f1, C: -inf [Infinity]
  3: f2->f1, D: -inf [Infinity]
  4: f2->f2, A: -inf [Infinity]
  4: f2->f2, B: B [O(n)]
  4: f2->f2, C: -inf [Infinity]
  4: f2->f2, D: -inf [Infinity]
  5: f2->f2, A: 0 [O(1)]
  5: f2->f2, B: B [O(n)]
  5: f2->f2, C: -inf [Infinity]
  5: f2->f2, D: -inf [Infinity]
  6: f300->f2, A: A [O(n)]
  6: f300->f2, B: B [O(n)]
  6: f300->f2, C: -inf [Infinity]
  6: f300->f2, D: -inf [Infinity]
`Upper:
  0: f2->f1, A: -1 [O(1)]
  0: f2->f1, B: inf [Infinity]
  0: f2->f1, C: inf [Infinity]
  0: f2->f1, D: inf [Infinity]
  1: f2->f2, A: inf [Infinity]
  1: f2->f2, B: B [O(n)]
  1: f2->f2, C: inf [Infinity]
  1: f2->f2, D: inf [Infinity]
  3: f2->f1, A: -1 [O(1)]
  3: f2->f1, B: inf [Infinity]
  3: f2->f1, C: inf [Infinity]
  3: f2->f1, D: inf [Infinity]
  4: f2->f2, A: inf [Infinity]
  4: f2->f2, B: B [O(n)]
  4: f2->f2, C: inf [Infinity]
  4: f2->f2, D: inf [Infinity]
  5: f2->f2, A: 12 [O(1)]
  5: f2->f2, B: B [O(n)]
  5: f2->f2, C: inf [Infinity]
  5: f2->f2, D: inf [Infinity]
  6: f300->f2, A: A [O(n)]
  6: f300->f2, B: B [O(n)]
  6: f300->f2, C: inf [Infinity]
  6: f300->f2, D: inf [Infinity]
