Timebounds: 
  Overall timebound: inf [Infinity]
  2: f2->f300: 1 [O(1)]
  0: f3->f2: 1 [O(1)]

Costbounds:
  Overall costbound: inf [Infinity]
  1: f2->f2: inf [Infinity]
  2: f2->f300: 1 [O(1)]
  0: f3->f2: 1 [O(1)]

Sizebounds:
`Lower:
  1: f2->f2, B: -max{0, -B} [O(n)]
  2: f2->f300, A: 1 [O(1)]
  0: f3->f2, A: A [O(n)]
  0: f3->f2, B: B [O(n)]
`Upper:
  1: f2->f2, A: 0 [O(1)]
  1: f2->f2, B: max{0, B} [O(n)]
  2: f2->f300, A: max{-1, -1+A} [O(n)]
  0: f3->f2, A: A [O(n)]
  0: f3->f2, B: B [O(n)]
