Timebounds: 
  Overall timebound: inf [Infinity]
  0: f1->f1: inf [Infinity]
  1: f1->f1: inf [Infinity]
  2: f1->f1: inf [Infinity]
  3: f1->f300: 1 [O(1)]
  4: f2->f1: 1 [O(1)]

Costbounds:
  Overall costbound: inf [Infinity]
  0: f1->f1: inf [Infinity]
  1: f1->f1: inf [Infinity]
  2: f1->f1: inf [Infinity]
  3: f1->f300: 1 [O(1)]
  4: f2->f1: 1 [O(1)]

Sizebounds:
`Lower:
  0: f1->f1, A: A [O(n)]
  0: f1->f1, B: B [O(n)]
  0: f1->f1, C: -inf [Infinity]
  0: f1->f1, D: -inf [Infinity]
  0: f1->f1, E: -inf [Infinity]
  0: f1->f1, F: -inf [Infinity]
  0: f1->f1, G: G [O(n)]
  0: f1->f1, H: K [O(n)]
  0: f1->f1, I: L [O(n)]
  0: f1->f1, J: -inf [Infinity]
  0: f1->f1, K: -inf [Infinity]
  0: f1->f1, L: -inf [Infinity]
  0: f1->f1, M: -inf [Infinity]
  1: f1->f1, A: A [O(n)]
  1: f1->f1, B: B [O(n)]
  1: f1->f1, C: -inf [Infinity]
  1: f1->f1, D: -inf [Infinity]
  1: f1->f1, E: -inf [Infinity]
  1: f1->f1, F: -inf [Infinity]
  1: f1->f1, G: G [O(n)]
  1: f1->f1, H: K [O(n)]
  1: f1->f1, I: L [O(n)]
  1: f1->f1, J: -inf [Infinity]
  1: f1->f1, K: -inf [Infinity]
  1: f1->f1, L: -inf [Infinity]
  1: f1->f1, M: -inf [Infinity]
  2: f1->f1, A: A [O(n)]
  2: f1->f1, B: B [O(n)]
  2: f1->f1, C: -inf [Infinity]
  2: f1->f1, D: -inf [Infinity]
  2: f1->f1, E: 0 [O(1)]
  2: f1->f1, F: -inf [Infinity]
  2: f1->f1, G: G [O(n)]
  2: f1->f1, H: K [O(n)]
  2: f1->f1, I: L [O(n)]
  2: f1->f1, J: -inf [Infinity]
  2: f1->f1, K: -inf [Infinity]
  2: f1->f1, L: -inf [Infinity]
  2: f1->f1, M: -inf [Infinity]
  3: f1->f300, A: A [O(n)]
  3: f1->f300, B: B [O(n)]
  3: f1->f300, C: -inf [Infinity]
  3: f1->f300, D: -inf [Infinity]
  3: f1->f300, E: -inf [Infinity]
  3: f1->f300, F: -inf [Infinity]
  3: f1->f300, G: -inf [Infinity]
  3: f1->f300, H: K [O(n)]
  3: f1->f300, I: L [O(n)]
  3: f1->f300, J: -inf [Infinity]
  3: f1->f300, K: -inf [Infinity]
  3: f1->f300, L: -inf [Infinity]
  3: f1->f300, M: -inf [Infinity]
  4: f2->f1, A: A [O(n)]
  4: f2->f1, B: B [O(n)]
  4: f2->f1, C: C [O(n)]
  4: f2->f1, D: D [O(n)]
  4: f2->f1, E: E [O(n)]
  4: f2->f1, F: F [O(n)]
  4: f2->f1, G: G [O(n)]
  4: f2->f1, H: K [O(n)]
  4: f2->f1, I: L [O(n)]
  4: f2->f1, J: -inf [Infinity]
  4: f2->f1, K: -inf [Infinity]
  4: f2->f1, L: -inf [Infinity]
  4: f2->f1, M: -inf [Infinity]
`Upper:
  0: f1->f1, A: A [O(n)]
  0: f1->f1, B: B [O(n)]
  0: f1->f1, C: inf [Infinity]
  0: f1->f1, D: inf [Infinity]
  0: f1->f1, E: inf [Infinity]
  0: f1->f1, F: inf [Infinity]
  0: f1->f1, G: G [O(n)]
  0: f1->f1, H: K [O(n)]
  0: f1->f1, I: L [O(n)]
  0: f1->f1, J: inf [Infinity]
  0: f1->f1, K: inf [Infinity]
  0: f1->f1, L: inf [Infinity]
  0: f1->f1, M: inf [Infinity]
  1: f1->f1, A: A [O(n)]
  1: f1->f1, B: B [O(n)]
  1: f1->f1, C: inf [Infinity]
  1: f1->f1, D: inf [Infinity]
  1: f1->f1, E: -1 [O(1)]
  1: f1->f1, F: inf [Infinity]
  1: f1->f1, G: G [O(n)]
  1: f1->f1, H: K [O(n)]
  1: f1->f1, I: L [O(n)]
  1: f1->f1, J: inf [Infinity]
  1: f1->f1, K: inf [Infinity]
  1: f1->f1, L: inf [Infinity]
  1: f1->f1, M: inf [Infinity]
  2: f1->f1, A: A [O(n)]
  2: f1->f1, B: B [O(n)]
  2: f1->f1, C: inf [Infinity]
  2: f1->f1, D: inf [Infinity]
  2: f1->f1, E: 0 [O(1)]
  2: f1->f1, F: inf [Infinity]
  2: f1->f1, G: G [O(n)]
  2: f1->f1, H: K [O(n)]
  2: f1->f1, I: L [O(n)]
  2: f1->f1, J: inf [Infinity]
  2: f1->f1, K: inf [Infinity]
  2: f1->f1, L: inf [Infinity]
  2: f1->f1, M: inf [Infinity]
  3: f1->f300, A: A [O(n)]
  3: f1->f300, B: A [O(n)]
  3: f1->f300, C: inf [Infinity]
  3: f1->f300, D: inf [Infinity]
  3: f1->f300, E: inf [Infinity]
  3: f1->f300, F: inf [Infinity]
  3: f1->f300, G: inf [Infinity]
  3: f1->f300, H: K [O(n)]
  3: f1->f300, I: L [O(n)]
  3: f1->f300, J: inf [Infinity]
  3: f1->f300, K: inf [Infinity]
  3: f1->f300, L: inf [Infinity]
  3: f1->f300, M: inf [Infinity]
  4: f2->f1, A: A [O(n)]
  4: f2->f1, B: B [O(n)]
  4: f2->f1, C: C [O(n)]
  4: f2->f1, D: D [O(n)]
  4: f2->f1, E: E [O(n)]
  4: f2->f1, F: F [O(n)]
  4: f2->f1, G: G [O(n)]
  4: f2->f1, H: K [O(n)]
  4: f2->f1, I: L [O(n)]
  4: f2->f1, J: inf [Infinity]
  4: f2->f1, K: inf [Infinity]
  4: f2->f1, L: inf [Infinity]
  4: f2->f1, M: inf [Infinity]
