Timebounds: 
  Overall timebound: inf [Infinity]
  0: f2->f2: inf [Infinity]
  1: f300->f1: 1 [O(1)]
  2: f300->f2: 1 [O(1)]
  3: f300->f1: 1 [O(1)]

Costbounds:
  Overall costbound: inf [Infinity]
  0: f2->f2: inf [Infinity]
  1: f300->f1: 1 [O(1)]
  2: f300->f2: 1 [O(1)]
  3: f300->f1: 1 [O(1)]

Sizebounds:
`Lower:
  0: f2->f2, A: 1 [O(1)]
  0: f2->f2, B: N [O(n)]
  0: f2->f2, C: N [O(n)]
  0: f2->f2, G: 1 [O(1)]
  0: f2->f2, H: L [O(n)]
  0: f2->f2, I: M [O(n)]
  0: f2->f2, J: O [O(n)]
  0: f2->f2, K: K [O(n)]
  1: f300->f1, A: A [O(n)]
  1: f300->f1, B: L [O(n)]
  1: f300->f1, C: N [O(n)]
  1: f300->f1, D: P [O(n)]
  1: f300->f1, E: Q [O(n)]
  1: f300->f1, F: F [O(n)]
  1: f300->f1, G: G [O(n)]
  1: f300->f1, H: L [O(n)]
  1: f300->f1, I: M [O(n)]
  1: f300->f1, J: O [O(n)]
  1: f300->f1, K: R [O(n)]
  2: f300->f2, A: 1 [O(1)]
  2: f300->f2, B: N [O(n)]
  2: f300->f2, C: N [O(n)]
  2: f300->f2, D: P [O(n)]
  2: f300->f2, E: Q [O(n)]
  2: f300->f2, F: R [O(n)]
  2: f300->f2, G: 1 [O(1)]
  2: f300->f2, H: L [O(n)]
  2: f300->f2, I: M [O(n)]
  2: f300->f2, J: O [O(n)]
  2: f300->f2, K: K [O(n)]
  3: f300->f1, A: A [O(n)]
  3: f300->f1, B: N [O(n)]
  3: f300->f1, C: N [O(n)]
  3: f300->f1, D: P [O(n)]
  3: f300->f1, E: Q [O(n)]
  3: f300->f1, F: R [O(n)]
  3: f300->f1, G: 1 [O(1)]
  3: f300->f1, H: L [O(n)]
  3: f300->f1, I: M [O(n)]
  3: f300->f1, J: O [O(n)]
  3: f300->f1, K: S [O(n)]
`Upper:
  0: f2->f2, A: A [O(n)]
  0: f2->f2, B: N [O(n)]
  0: f2->f2, C: N [O(n)]
  0: f2->f2, G: G [O(n)]
  0: f2->f2, H: L [O(n)]
  0: f2->f2, I: M [O(n)]
  0: f2->f2, J: O [O(n)]
  0: f2->f2, K: K [O(n)]
  1: f300->f1, A: A [O(n)]
  1: f300->f1, B: L [O(n)]
  1: f300->f1, C: N [O(n)]
  1: f300->f1, D: P [O(n)]
  1: f300->f1, E: Q [O(n)]
  1: f300->f1, F: F [O(n)]
  1: f300->f1, G: 0 [O(1)]
  1: f300->f1, H: L [O(n)]
  1: f300->f1, I: M [O(n)]
  1: f300->f1, J: O [O(n)]
  1: f300->f1, K: R [O(n)]
  2: f300->f2, A: A [O(n)]
  2: f300->f2, B: N [O(n)]
  2: f300->f2, C: N [O(n)]
  2: f300->f2, D: P [O(n)]
  2: f300->f2, E: Q [O(n)]
  2: f300->f2, F: R [O(n)]
  2: f300->f2, G: G [O(n)]
  2: f300->f2, H: L [O(n)]
  2: f300->f2, I: M [O(n)]
  2: f300->f2, J: O [O(n)]
  2: f300->f2, K: K [O(n)]
  3: f300->f1, A: 0 [O(1)]
  3: f300->f1, B: N [O(n)]
  3: f300->f1, C: N [O(n)]
  3: f300->f1, D: P [O(n)]
  3: f300->f1, E: Q [O(n)]
  3: f300->f1, F: R [O(n)]
  3: f300->f1, G: G [O(n)]
  3: f300->f1, H: L [O(n)]
  3: f300->f1, I: M [O(n)]
  3: f300->f1, J: O [O(n)]
  3: f300->f1, K: S [O(n)]
