Timebounds: 
  Overall timebound: inf [Infinity]
  0: f2->f2: inf [Infinity]
  1: f2->f300: inf [Infinity]
  4: f3->f300: 1 [O(1)]
  2: f300->f2: inf [Infinity]
  3: f300->f1: 1 [O(1)]

Costbounds:
  Overall costbound: inf [Infinity]
  0: f2->f2: inf [Infinity]
  1: f2->f300: inf [Infinity]
  4: f3->f300: 1 [O(1)]
  2: f300->f2: inf [Infinity]
  3: f300->f1: 1 [O(1)]

Sizebounds:
`Lower:
  0: f2->f2, A: -inf [Infinity]
  0: f2->f2, B: -inf [Infinity]
  0: f2->f2, C: C [O(n)]
  0: f2->f2, D: -inf [Infinity]
  1: f2->f300, A: -inf [Infinity]
  1: f2->f300, B: -inf [Infinity]
  1: f2->f300, C: C [O(n)]
  1: f2->f300, D: -inf [Infinity]
  4: f3->f300, A: A [O(n)]
  4: f3->f300, B: B [O(n)]
  4: f3->f300, C: C [O(n)]
  4: f3->f300, D: -inf [Infinity]
  2: f300->f2, A: -inf [Infinity]
  2: f300->f2, B: -inf [Infinity]
  2: f300->f2, C: C [O(n)]
  2: f300->f2, D: -inf [Infinity]
  3: f300->f1, A: -inf [Infinity]
  3: f300->f1, B: 20 [O(1)]
  3: f300->f1, C: -inf [Infinity]
  3: f300->f1, D: -inf [Infinity]
`Upper:
  0: f2->f2, A: 29 [O(1)]
  0: f2->f2, B: 18 [O(1)]
  0: f2->f2, C: C [O(n)]
  0: f2->f2, D: inf [Infinity]
  1: f2->f300, A: max{29, A} [O(n)]
  1: f2->f300, B: 18 [O(1)]
  1: f2->f300, C: C [O(n)]
  1: f2->f300, D: inf [Infinity]
  4: f3->f300, A: A [O(n)]
  4: f3->f300, B: B [O(n)]
  4: f3->f300, C: C [O(n)]
  4: f3->f300, D: inf [Infinity]
  2: f300->f2, A: max{29, A} [O(n)]
  2: f300->f2, B: 19 [O(1)]
  2: f300->f2, C: C [O(n)]
  2: f300->f2, D: inf [Infinity]
  3: f300->f1, A: max{29, A} [O(n)]
  3: f300->f1, B: max{18, B} [O(n)]
  3: f300->f1, C: inf [Infinity]
  3: f300->f1, D: inf [Infinity]
