Timebounds: 
  Overall timebound: inf [Infinity]
  3: f1->f2: 1 [O(1)]
  0: f2->f2: max{0, B-A} [O(n)]
  1: f2->f2: inf [Infinity]
  2: f2->f300: 1 [O(1)]

Costbounds:
  Overall costbound: inf [Infinity]
  3: f1->f2: 1 [O(1)]
  0: f2->f2: max{0, B-A} [O(n)]
  1: f2->f2: inf [Infinity]
  2: f2->f300: 1 [O(1)]

Sizebounds:
`Lower:
  3: f1->f2, A: A [O(n)]
  3: f1->f2, B: B [O(n)]
  3: f1->f2, C: C [O(n)]
  3: f1->f2, D: -inf [Infinity]
  0: f2->f2, A: A [O(n)]
  0: f2->f2, B: -inf [Infinity]
  0: f2->f2, C: C [O(n)]
  0: f2->f2, D: -inf [Infinity]
  1: f2->f2, A: A [O(n)]
  1: f2->f2, B: -inf [Infinity]
  1: f2->f2, C: C [O(n)]
  1: f2->f2, D: -inf [Infinity]
  2: f2->f300, A: A [O(n)]
  2: f2->f300, B: A [O(n)]
  2: f2->f300, C: -inf [Infinity]
  2: f2->f300, D: -inf [Infinity]
`Upper:
  3: f1->f2, A: A [O(n)]
  3: f1->f2, B: B [O(n)]
  3: f1->f2, C: C [O(n)]
  3: f1->f2, D: inf [Infinity]
  0: f2->f2, A: inf [Infinity]
  0: f2->f2, B: inf [Infinity]
  0: f2->f2, C: C [O(n)]
  0: f2->f2, D: inf [Infinity]
  1: f2->f2, A: inf [Infinity]
  1: f2->f2, B: inf [Infinity]
  1: f2->f2, C: C [O(n)]
  1: f2->f2, D: inf [Infinity]
  2: f2->f300, A: inf [Infinity]
  2: f2->f300, B: inf [Infinity]
  2: f2->f300, C: inf [Infinity]
  2: f2->f300, D: inf [Infinity]
