Timebounds: 
  Overall timebound: inf [Infinity]
  1: f2->f2: inf [Infinity]
  2: f2->f2: inf [Infinity]
  3: f2->f2: inf [Infinity]
  4: f2->f2: inf [Infinity]
  5: f2->f2: inf [Infinity]
  6: f2->f2: inf [Infinity]
  7: f2->f300: 1 [O(1)]
  8: f2->f300: 1 [O(1)]
  9: f2->f300: 1 [O(1)]
  0: f3->f2: 1 [O(1)]

Costbounds:
  Overall costbound: inf [Infinity]
  1: f2->f2: inf [Infinity]
  2: f2->f2: inf [Infinity]
  3: f2->f2: inf [Infinity]
  4: f2->f2: inf [Infinity]
  5: f2->f2: inf [Infinity]
  6: f2->f2: inf [Infinity]
  7: f2->f300: 1 [O(1)]
  8: f2->f300: 1 [O(1)]
  9: f2->f300: 1 [O(1)]
  0: f3->f2: 1 [O(1)]

Sizebounds:
`Lower:
  1: f2->f2, A: -inf [Infinity]
  1: f2->f2, B: -inf [Infinity]
  1: f2->f2, C: C [O(n)]
  1: f2->f2, D: -inf [Infinity]
  1: f2->f2, E: -inf [Infinity]
  2: f2->f2, A: -inf [Infinity]
  2: f2->f2, B: -inf [Infinity]
  2: f2->f2, C: C [O(n)]
  2: f2->f2, D: -inf [Infinity]
  2: f2->f2, E: -inf [Infinity]
  3: f2->f2, A: -inf [Infinity]
  3: f2->f2, B: -inf [Infinity]
  3: f2->f2, C: C [O(n)]
  3: f2->f2, D: -inf [Infinity]
  3: f2->f2, E: -inf [Infinity]
  4: f2->f2, A: -inf [Infinity]
  4: f2->f2, B: -inf [Infinity]
  4: f2->f2, C: C [O(n)]
  4: f2->f2, D: -inf [Infinity]
  4: f2->f2, E: -inf [Infinity]
  5: f2->f2, A: -inf [Infinity]
  5: f2->f2, B: -inf [Infinity]
  5: f2->f2, C: C [O(n)]
  5: f2->f2, D: -inf [Infinity]
  5: f2->f2, E: -inf [Infinity]
  6: f2->f2, A: -inf [Infinity]
  6: f2->f2, B: -inf [Infinity]
  6: f2->f2, C: C [O(n)]
  6: f2->f2, D: -inf [Infinity]
  6: f2->f2, E: -inf [Infinity]
  7: f2->f300, A: 0 [O(1)]
  7: f2->f300, B: -inf [Infinity]
  7: f2->f300, C: -inf [Infinity]
  7: f2->f300, D: -inf [Infinity]
  7: f2->f300, E: -inf [Infinity]
  8: f2->f300, A: 0 [O(1)]
  8: f2->f300, B: -inf [Infinity]
  8: f2->f300, C: -inf [Infinity]
  8: f2->f300, D: -inf [Infinity]
  8: f2->f300, E: -inf [Infinity]
  9: f2->f300, A: 0 [O(1)]
  9: f2->f300, B: -inf [Infinity]
  9: f2->f300, C: -inf [Infinity]
  9: f2->f300, D: -inf [Infinity]
  9: f2->f300, E: -inf [Infinity]
  0: f3->f2, A: A [O(n)]
  0: f3->f2, B: B [O(n)]
  0: f3->f2, C: C [O(n)]
  0: f3->f2, D: -inf [Infinity]
  0: f3->f2, E: -inf [Infinity]
`Upper:
  1: f2->f2, A: inf [Infinity]
  1: f2->f2, B: max{0, B} [O(n)]
  1: f2->f2, C: C [O(n)]
  1: f2->f2, D: inf [Infinity]
  1: f2->f2, E: inf [Infinity]
  2: f2->f2, A: inf [Infinity]
  2: f2->f2, B: 0 [O(1)]
  2: f2->f2, C: C [O(n)]
  2: f2->f2, D: inf [Infinity]
  2: f2->f2, E: inf [Infinity]
  3: f2->f2, A: inf [Infinity]
  3: f2->f2, B: max{0, B} [O(n)]
  3: f2->f2, C: C [O(n)]
  3: f2->f2, D: inf [Infinity]
  3: f2->f2, E: inf [Infinity]
  4: f2->f2, A: inf [Infinity]
  4: f2->f2, B: max{0, B} [O(n)]
  4: f2->f2, C: C [O(n)]
  4: f2->f2, D: inf [Infinity]
  4: f2->f2, E: inf [Infinity]
  5: f2->f2, A: inf [Infinity]
  5: f2->f2, B: 0 [O(1)]
  5: f2->f2, C: C [O(n)]
  5: f2->f2, D: inf [Infinity]
  5: f2->f2, E: inf [Infinity]
  6: f2->f2, A: inf [Infinity]
  6: f2->f2, B: max{0, B} [O(n)]
  6: f2->f2, C: C [O(n)]
  6: f2->f2, D: inf [Infinity]
  6: f2->f2, E: inf [Infinity]
  7: f2->f300, A: 0 [O(1)]
  7: f2->f300, B: max{0, B} [O(n)]
  7: f2->f300, C: inf [Infinity]
  7: f2->f300, D: inf [Infinity]
  7: f2->f300, E: inf [Infinity]
  8: f2->f300, A: 0 [O(1)]
  8: f2->f300, B: max{0, B} [O(n)]
  8: f2->f300, C: inf [Infinity]
  8: f2->f300, D: inf [Infinity]
  8: f2->f300, E: inf [Infinity]
  9: f2->f300, A: 0 [O(1)]
  9: f2->f300, B: max{0, B} [O(n)]
  9: f2->f300, C: inf [Infinity]
  9: f2->f300, D: inf [Infinity]
  9: f2->f300, E: inf [Infinity]
  0: f3->f2, A: A [O(n)]
  0: f3->f2, B: B [O(n)]
  0: f3->f2, C: C [O(n)]
  0: f3->f2, D: inf [Infinity]
  0: f3->f2, E: inf [Infinity]
