Timebounds: 
  Overall timebound: inf [Infinity]
  5: f1->f2: 1 [O(1)]
  6: f1->f3: 1 [O(1)]
  7: f1->f3: 1 [O(1)]
  8: f1->f3: 1 [O(1)]
  9: f1->f3: 1 [O(1)]
  0: f300->f1: 1 [O(1)]

Costbounds:
  Overall costbound: inf [Infinity]
  1: f1->f1: inf [Infinity]
  2: f1->f1: inf [Infinity]
  3: f1->f1: inf [Infinity]
  4: f1->f1: inf [Infinity]
  5: f1->f2: 1 [O(1)]
  6: f1->f3: 1 [O(1)]
  7: f1->f3: 1 [O(1)]
  8: f1->f3: 1 [O(1)]
  9: f1->f3: 1 [O(1)]
  0: f300->f1: 1 [O(1)]

Sizebounds:
`Lower:
  1: f1->f1, A: -max{0, -V} [O(n)]
  1: f1->f1, B: -max{0, -W} [O(n)]
  1: f1->f1, C: -max{0, -X} [O(n)]
  1: f1->f1, D: -max{0, -Y} [O(n)]
  1: f1->f1, E: -max{0, -Z} [O(n)]
  1: f1->f1, F: -max{0, -F} [O(n)]
  1: f1->f1, G: -max{-1, -1-F} [O(n)]
  1: f1->f1, H: 256 [O(1)]
  1: f1->f1, R: -max{0, -R} [O(n)]
  1: f1->f1, S: -max{0, -S} [O(n)]
  1: f1->f1, T: -max{0, -T} [O(n)]
  1: f1->f1, U: -max{0, -U} [O(n)]
  2: f1->f1, A: -max{0, -V} [O(n)]
  2: f1->f1, B: -max{0, -W} [O(n)]
  2: f1->f1, C: -max{0, -X} [O(n)]
  2: f1->f1, D: -max{0, -Y} [O(n)]
  2: f1->f1, E: -max{0, -Z} [O(n)]
  2: f1->f1, F: -max{0, -F} [O(n)]
  2: f1->f1, G: -max{-1, -1-F} [O(n)]
  2: f1->f1, R: -max{0, -R} [O(n)]
  2: f1->f1, S: -max{0, -S} [O(n)]
  2: f1->f1, T: -max{0, -T} [O(n)]
  2: f1->f1, U: -max{0, -U} [O(n)]
  3: f1->f1, A: -max{0, -V} [O(n)]
  3: f1->f1, B: -max{0, -W} [O(n)]
  3: f1->f1, C: -max{0, -X} [O(n)]
  3: f1->f1, D: -max{0, -Y} [O(n)]
  3: f1->f1, E: -max{0, -Z} [O(n)]
  3: f1->f1, F: -max{0, -F} [O(n)]
  3: f1->f1, G: -max{0, -1, max{-1, -1, max{-G, -G, -1-F}}} [O(n)]
  3: f1->f1, Q: 256 [O(1)]
  3: f1->f1, R: -max{0, -R} [O(n)]
  3: f1->f1, S: -max{0, -S} [O(n)]
  3: f1->f1, T: -max{0, -T} [O(n)]
  3: f1->f1, U: -max{0, -U} [O(n)]
  4: f1->f1, A: -max{0, -V} [O(n)]
  4: f1->f1, B: -max{0, -W} [O(n)]
  4: f1->f1, C: -max{0, -X} [O(n)]
  4: f1->f1, D: -max{0, -Y} [O(n)]
  4: f1->f1, E: -max{0, -Z} [O(n)]
  4: f1->f1, F: -max{0, -F} [O(n)]
  4: f1->f1, G: -max{0, -1, max{-1, -1, max{-G, -G, -1-F}}} [O(n)]
  4: f1->f1, R: -max{0, -R} [O(n)]
  4: f1->f1, S: -max{0, -S} [O(n)]
  4: f1->f1, T: -max{0, -T} [O(n)]
  4: f1->f1, U: -max{0, -U} [O(n)]
  5: f1->f2, A: -max{0, -V} [O(n)]
  5: f1->f2, B: -max{0, -W} [O(n)]
  5: f1->f2, C: -max{0, -X} [O(n)]
  5: f1->f2, D: -max{0, -Y} [O(n)]
  5: f1->f2, E: -max{0, -Z} [O(n)]
  5: f1->f2, F: -max{0, -F} [O(n)]
  5: f1->f2, G: -max{-1, -1, max{-1, -1, max{-1, -1, max{0, -1, max{-1, -G, max{-G, -G, max{-G, -G, -1-F}}}}}}} [O(n)]
  5: f1->f2, R: 0 [O(1)]
  5: f1->f2, S: 0 [O(1)]
  5: f1->f2, T: 0 [O(1)]
  5: f1->f2, U: -max{0, -U} [O(n)]
  6: f1->f3, A: -max{0, -V} [O(n)]
  6: f1->f3, B: -max{0, -W} [O(n)]
  6: f1->f3, C: -max{0, -X} [O(n)]
  6: f1->f3, D: -max{0, -Y} [O(n)]
  6: f1->f3, E: -max{0, -Z} [O(n)]
  6: f1->f3, F: -max{0, -F} [O(n)]
  6: f1->f3, G: -max{-1, -1-F} [O(n)]
  6: f1->f3, H: 257 [O(1)]
  6: f1->f3, R: 257 [O(1)]
  6: f1->f3, S: 257 [O(1)]
  6: f1->f3, T: 257 [O(1)]
  7: f1->f3, A: -max{0, -V} [O(n)]
  7: f1->f3, B: -max{0, -W} [O(n)]
  7: f1->f3, C: -max{0, -X} [O(n)]
  7: f1->f3, D: -max{0, -Y} [O(n)]
  7: f1->f3, E: -max{0, -Z} [O(n)]
  7: f1->f3, F: -max{0, -F} [O(n)]
  7: f1->f3, G: -max{-1, -1-F} [O(n)]
  7: f1->f3, H: 1 [O(1)]
  7: f1->f3, R: 1 [O(1)]
  7: f1->f3, S: 1 [O(1)]
  7: f1->f3, T: 1 [O(1)]
  8: f1->f3, A: -max{0, -V} [O(n)]
  8: f1->f3, B: -max{0, -W} [O(n)]
  8: f1->f3, C: -max{0, -X} [O(n)]
  8: f1->f3, D: -max{0, -Y} [O(n)]
  8: f1->f3, E: -max{0, -Z} [O(n)]
  8: f1->f3, F: -max{0, -F} [O(n)]
  8: f1->f3, G: -max{-2, -2-F} [O(n)]
  8: f1->f3, Q: 257 [O(1)]
  8: f1->f3, R: 257 [O(1)]
  8: f1->f3, S: 257 [O(1)]
  8: f1->f3, T: 257 [O(1)]
  9: f1->f3, A: -max{0, -V} [O(n)]
  9: f1->f3, B: -max{0, -W} [O(n)]
  9: f1->f3, C: -max{0, -X} [O(n)]
  9: f1->f3, D: -max{0, -Y} [O(n)]
  9: f1->f3, E: -max{0, -Z} [O(n)]
  9: f1->f3, F: -max{0, -F} [O(n)]
  9: f1->f3, G: -max{-2, -2-F} [O(n)]
  9: f1->f3, Q: 1 [O(1)]
  9: f1->f3, R: 1 [O(1)]
  9: f1->f3, S: 1 [O(1)]
  9: f1->f3, T: 1 [O(1)]
  0: f300->f1, A: V [O(n)]
  0: f300->f1, B: W [O(n)]
  0: f300->f1, C: X [O(n)]
  0: f300->f1, D: Y [O(n)]
  0: f300->f1, E: Z [O(n)]
  0: f300->f1, F: F [O(n)]
  0: f300->f1, G: G [O(n)]
  0: f300->f1, H: H [O(n)]
  0: f300->f1, I: I [O(n)]
  0: f300->f1, J: J [O(n)]
  0: f300->f1, K: K [O(n)]
  0: f300->f1, L: L [O(n)]
  0: f300->f1, M: M [O(n)]
  0: f300->f1, N: N [O(n)]
  0: f300->f1, O: O [O(n)]
  0: f300->f1, P: P [O(n)]
  0: f300->f1, Q: Q [O(n)]
  0: f300->f1, R: R [O(n)]
  0: f300->f1, S: S [O(n)]
  0: f300->f1, T: T [O(n)]
  0: f300->f1, U: U [O(n)]
`Upper:
  1: f1->f1, A: max{0, V} [O(n)]
  1: f1->f1, B: max{0, W} [O(n)]
  1: f1->f1, C: max{0, X} [O(n)]
  1: f1->f1, D: max{0, Y} [O(n)]
  1: f1->f1, E: max{0, Z} [O(n)]
  1: f1->f1, F: max{0, F} [O(n)]
  1: f1->f1, G: max{1, 1+F} [O(n)]
  1: f1->f1, H: 256 [O(1)]
  1: f1->f1, Q: max{256, Q} [O(n)]
  1: f1->f1, R: max{0, R} [O(n)]
  1: f1->f1, S: max{0, S} [O(n)]
  1: f1->f1, T: max{0, T} [O(n)]
  1: f1->f1, U: max{0, U} [O(n)]
  2: f1->f1, A: max{0, V} [O(n)]
  2: f1->f1, B: max{0, W} [O(n)]
  2: f1->f1, C: max{0, X} [O(n)]
  2: f1->f1, D: max{0, Y} [O(n)]
  2: f1->f1, E: max{0, Z} [O(n)]
  2: f1->f1, F: max{0, F} [O(n)]
  2: f1->f1, G: max{1, 1+F} [O(n)]
  2: f1->f1, H: 0 [O(1)]
  2: f1->f1, Q: max{256, Q} [O(n)]
  2: f1->f1, R: max{0, R} [O(n)]
  2: f1->f1, S: max{0, S} [O(n)]
  2: f1->f1, T: max{0, T} [O(n)]
  2: f1->f1, U: max{0, U} [O(n)]
  3: f1->f1, A: max{0, V} [O(n)]
  3: f1->f1, B: max{0, W} [O(n)]
  3: f1->f1, C: max{0, X} [O(n)]
  3: f1->f1, D: max{0, Y} [O(n)]
  3: f1->f1, E: max{0, Z} [O(n)]
  3: f1->f1, F: max{0, F} [O(n)]
  3: f1->f1, G: max{1, 1, max{1, G, max{G, 1+F}}} [O(n)]
  3: f1->f1, H: max{256, H} [O(n)]
  3: f1->f1, Q: 256 [O(1)]
  3: f1->f1, R: max{0, R} [O(n)]
  3: f1->f1, S: max{0, S} [O(n)]
  3: f1->f1, T: max{0, T} [O(n)]
  3: f1->f1, U: max{0, U} [O(n)]
  4: f1->f1, A: max{0, V} [O(n)]
  4: f1->f1, B: max{0, W} [O(n)]
  4: f1->f1, C: max{0, X} [O(n)]
  4: f1->f1, D: max{0, Y} [O(n)]
  4: f1->f1, E: max{0, Z} [O(n)]
  4: f1->f1, F: max{0, F} [O(n)]
  4: f1->f1, G: max{1, 1, max{1, G, max{G, 1+F}}} [O(n)]
  4: f1->f1, H: max{256, H} [O(n)]
  4: f1->f1, Q: 0 [O(1)]
  4: f1->f1, R: max{0, R} [O(n)]
  4: f1->f1, S: max{0, S} [O(n)]
  4: f1->f1, T: max{0, T} [O(n)]
  4: f1->f1, U: max{0, U} [O(n)]
  5: f1->f2, A: max{0, V} [O(n)]
  5: f1->f2, B: max{0, W} [O(n)]
  5: f1->f2, C: max{0, X} [O(n)]
  5: f1->f2, D: max{0, Y} [O(n)]
  5: f1->f2, E: max{0, Z} [O(n)]
  5: f1->f2, F: max{0, F} [O(n)]
  5: f1->f2, G: max{0, F} [O(n)]
  5: f1->f2, H: max{256, H} [O(n)]
  5: f1->f2, Q: max{256, Q} [O(n)]
  5: f1->f2, R: 0 [O(1)]
  5: f1->f2, S: 0 [O(1)]
  5: f1->f2, T: 0 [O(1)]
  5: f1->f2, U: max{0, U} [O(n)]
  6: f1->f3, A: max{0, V} [O(n)]
  6: f1->f3, B: max{0, W} [O(n)]
  6: f1->f3, C: max{0, X} [O(n)]
  6: f1->f3, D: max{0, Y} [O(n)]
  6: f1->f3, E: max{0, Z} [O(n)]
  6: f1->f3, F: max{0, F} [O(n)]
  6: f1->f3, G: max{1, 1+F} [O(n)]
  6: f1->f3, H: max{256, H} [O(n)]
  6: f1->f3, Q: max{256, Q} [O(n)]
  6: f1->f3, R: max{256, H} [O(n)]
  6: f1->f3, S: max{256, H} [O(n)]
  6: f1->f3, T: max{256, H} [O(n)]
  7: f1->f3, A: max{0, V} [O(n)]
  7: f1->f3, B: max{0, W} [O(n)]
  7: f1->f3, C: max{0, X} [O(n)]
  7: f1->f3, D: max{0, Y} [O(n)]
  7: f1->f3, E: max{0, Z} [O(n)]
  7: f1->f3, F: max{0, F} [O(n)]
  7: f1->f3, G: max{1, 1+F} [O(n)]
  7: f1->f3, H: 255 [O(1)]
  7: f1->f3, Q: max{256, Q} [O(n)]
  7: f1->f3, R: 255 [O(1)]
  7: f1->f3, S: 255 [O(1)]
  7: f1->f3, T: 255 [O(1)]
  8: f1->f3, A: max{0, V} [O(n)]
  8: f1->f3, B: max{0, W} [O(n)]
  8: f1->f3, C: max{0, X} [O(n)]
  8: f1->f3, D: max{0, Y} [O(n)]
  8: f1->f3, E: max{0, Z} [O(n)]
  8: f1->f3, F: max{0, F} [O(n)]
  8: f1->f3, G: max{1, 1, max{1, 1, max{1, 1, max{1, 1, max{G, G, max{G, G, max{G, 1+F}}}}}}} [O(n)]
  8: f1->f3, H: max{256, H} [O(n)]
  8: f1->f3, Q: max{256, Q} [O(n)]
  8: f1->f3, R: max{256, Q} [O(n)]
  8: f1->f3, S: max{256, Q} [O(n)]
  8: f1->f3, T: max{256, Q} [O(n)]
  9: f1->f3, A: max{0, V} [O(n)]
  9: f1->f3, B: max{0, W} [O(n)]
  9: f1->f3, C: max{0, X} [O(n)]
  9: f1->f3, D: max{0, Y} [O(n)]
  9: f1->f3, E: max{0, Z} [O(n)]
  9: f1->f3, F: max{0, F} [O(n)]
  9: f1->f3, G: max{1, 1, max{1, 1, max{1, 1, max{1, 1, max{G, G, max{G, G, max{G, 1+F}}}}}}} [O(n)]
  9: f1->f3, H: max{256, H} [O(n)]
  9: f1->f3, Q: 255 [O(1)]
  9: f1->f3, R: 255 [O(1)]
  9: f1->f3, S: 255 [O(1)]
  9: f1->f3, T: 255 [O(1)]
  0: f300->f1, A: V [O(n)]
  0: f300->f1, B: W [O(n)]
  0: f300->f1, C: X [O(n)]
  0: f300->f1, D: Y [O(n)]
  0: f300->f1, E: Z [O(n)]
  0: f300->f1, F: F [O(n)]
  0: f300->f1, G: G [O(n)]
  0: f300->f1, H: H [O(n)]
  0: f300->f1, I: I [O(n)]
  0: f300->f1, J: J [O(n)]
  0: f300->f1, K: K [O(n)]
  0: f300->f1, L: L [O(n)]
  0: f300->f1, M: M [O(n)]
  0: f300->f1, N: N [O(n)]
  0: f300->f1, O: O [O(n)]
  0: f300->f1, P: P [O(n)]
  0: f300->f1, Q: Q [O(n)]
  0: f300->f1, R: R [O(n)]
  0: f300->f1, S: S [O(n)]
  0: f300->f1, T: T [O(n)]
  0: f300->f1, U: U [O(n)]
