Timebounds: 
  Overall timebound: inf [Infinity]
  0: f10->f4: 1 [O(1)]
  1: f4->f9: 1 [O(1)]
  3: f4->f4: inf [Infinity]

Costbounds:
  Overall costbound: inf [Infinity]
  0: f10->f4: 1 [O(1)]
  1: f4->f9: 1 [O(1)]
  3: f4->f4: inf [Infinity]

Sizebounds:
`Lower:
  0: f10->f4, A: 4 [O(1)]
  0: f10->f4, B: 0 [O(1)]
  0: f10->f4, C: 0 [O(1)]
  0: f10->f4, D: D [O(n)]
  0: f10->f4, E: E [O(n)]
  0: f10->f4, F: F [O(n)]
  0: f10->f4, G: -inf [Infinity]
  0: f10->f4, H: -inf [Infinity]
  1: f4->f9, A: 4 [O(1)]
  1: f4->f9, B: 0 [O(1)]
  1: f4->f9, C: -inf [Infinity]
  1: f4->f9, D: -inf [Infinity]
  1: f4->f9, E: -inf [Infinity]
  1: f4->f9, F: -inf [Infinity]
  1: f4->f9, G: -inf [Infinity]
  1: f4->f9, H: -inf [Infinity]
  3: f4->f4, A: 4 [O(1)]
  3: f4->f4, B: 0 [O(1)]
  3: f4->f4, C: -inf [Infinity]
  3: f4->f4, D: -inf [Infinity]
  3: f4->f4, E: E [O(n)]
  3: f4->f4, F: -inf [Infinity]
  3: f4->f4, G: -inf [Infinity]
  3: f4->f4, H: -inf [Infinity]
`Upper:
  0: f10->f4, A: 4 [O(1)]
  0: f10->f4, B: 0 [O(1)]
  0: f10->f4, C: 0 [O(1)]
  0: f10->f4, D: D [O(n)]
  0: f10->f4, E: E [O(n)]
  0: f10->f4, F: F [O(n)]
  0: f10->f4, G: inf [Infinity]
  0: f10->f4, H: inf [Infinity]
  1: f4->f9, A: 4 [O(1)]
  1: f4->f9, B: inf [Infinity]
  1: f4->f9, C: inf [Infinity]
  1: f4->f9, D: inf [Infinity]
  1: f4->f9, E: inf [Infinity]
  1: f4->f9, F: inf [Infinity]
  1: f4->f9, G: inf [Infinity]
  1: f4->f9, H: inf [Infinity]
  3: f4->f4, A: 4 [O(1)]
  3: f4->f4, B: inf [Infinity]
  3: f4->f4, C: inf [Infinity]
  3: f4->f4, D: inf [Infinity]
  3: f4->f4, E: E [O(n)]
  3: f4->f4, F: inf [Infinity]
  3: f4->f4, G: inf [Infinity]
  3: f4->f4, H: inf [Infinity]
