Timebounds: 
  Overall timebound: inf [Infinity]
  1: f1->f1: max{0, B-A} [O(n)]
  2: f1->f1: max{0, B-A} [O(n)]
  7: f1->f300: 1 [O(1)]
  0: f2->f1: 1 [O(1)]

Costbounds:
  Overall costbound: inf [Infinity]
  1: f1->f1: max{0, B-A} [O(n)]
  2: f1->f1: max{0, B-A} [O(n)]
  3: f1->f1: inf [Infinity]
  4: f1->f1: inf [Infinity]
  5: f1->f1: inf [Infinity]
  6: f1->f1: inf [Infinity]
  7: f1->f300: 1 [O(1)]
  0: f2->f1: 1 [O(1)]

Sizebounds:
`Lower:
  1: f1->f1, A: -max{0, -A} [O(n)]
  1: f1->f1, B: -max{0, -B, max{-A, -B, max{-A, -B}}} [O(n)]
  1: f1->f1, D: -max{0, -D} [O(n)]
  2: f1->f1, A: -max{0, -A} [O(n)]
  2: f1->f1, B: -max{0, -B, max{-A, -B, max{-A, -B}}} [O(n)]
  2: f1->f1, D: -max{0, -D} [O(n)]
  3: f1->f1, A: -max{0, -A} [O(n)]
  3: f1->f1, B: -max{0, -B, max{-A, -B, max{-A, -B}}} [O(n)]
  3: f1->f1, C: 0 [O(1)]
  3: f1->f1, D: -max{0, -D} [O(n)]
  4: f1->f1, A: -max{0, -A} [O(n)]
  4: f1->f1, B: -max{0, -A} [O(n)]
  4: f1->f1, D: -max{0, -D} [O(n)]
  5: f1->f1, A: -max{0, -A} [O(n)]
  5: f1->f1, B: -max{0, -A} [O(n)]
  5: f1->f1, D: -max{0, -D} [O(n)]
  6: f1->f1, A: -max{0, -A} [O(n)]
  6: f1->f1, B: -max{0, -A} [O(n)]
  6: f1->f1, C: 0 [O(1)]
  6: f1->f1, D: -max{0, -D} [O(n)]
  7: f1->f300, A: -max{0, -A} [O(n)]
  7: f1->f300, B: -max{0, -B, max{-A, -B, max{-A, -B, max{-A, -B, max{-A, -B, max{-A, -B, max{-A, -B, max{-A, -B}}}}}}}} [O(n)]
  0: f2->f1, A: A [O(n)]
  0: f2->f1, B: B [O(n)]
  0: f2->f1, C: C [O(n)]
  0: f2->f1, D: D [O(n)]
`Upper:
  1: f1->f1, D: max{0, D} [O(n)]
  2: f1->f1, C: -1 [O(1)]
  2: f1->f1, D: max{0, D} [O(n)]
  3: f1->f1, C: 0 [O(1)]
  3: f1->f1, D: max{0, D} [O(n)]
  4: f1->f1, D: max{0, D} [O(n)]
  5: f1->f1, C: -1 [O(1)]
  5: f1->f1, D: max{0, D} [O(n)]
  6: f1->f1, C: 0 [O(1)]
  6: f1->f1, D: max{0, D} [O(n)]
  0: f2->f1, A: A [O(n)]
  0: f2->f1, B: B [O(n)]
  0: f2->f1, C: C [O(n)]
  0: f2->f1, D: D [O(n)]
