Timebounds: 
  Overall timebound: inf [Infinity]
  5: f2->f4: max{0, B-A} [O(n)]
  6: f2->f4: max{0, B-A} [O(n)]
  8: f300->f1: 1 [O(1)]
  10: f300->f4: max{0, -3*A+3*B} [O(n)]
  11: f300->f4: max{0, -3*A+3*B} [O(n)]
  12: f300->f2: max{0, B-A} [O(n)]
  1: f4->f300: max{0, B-A} [O(n)]
  2: f4->f4: max{0, B-A} [O(n)]
  3: f4->f4: max{0, B-A} [O(n)]
  4: f4->f2: max{0, B-A} [O(n)]
  0: f5->f300: 1 [O(1)]

Costbounds:
  Overall costbound: inf [Infinity]
  5: f2->f4: max{0, B-A} [O(n)]
  6: f2->f4: max{0, B-A} [O(n)]
  7: f2->f2: inf [Infinity]
  8: f300->f1: 1 [O(1)]
  9: f300->f300: inf [Infinity]
  10: f300->f4: max{0, -3*A+3*B} [O(n)]
  11: f300->f4: max{0, -3*A+3*B} [O(n)]
  12: f300->f2: max{0, B-A} [O(n)]
  1: f4->f300: max{0, B-A} [O(n)]
  2: f4->f4: max{0, B-A} [O(n)]
  3: f4->f4: max{0, B-A} [O(n)]
  4: f4->f2: max{0, B-A} [O(n)]
  0: f5->f300: 1 [O(1)]

Sizebounds:
`Lower:
  5: f2->f4, A: -max{0, -A} [O(n)]
  5: f2->f4, B: -max{0, -1, -1-A} [O(n)]
  5: f2->f4, E: -max{0, -E} [O(n)]
  6: f2->f4, A: -max{0, -A} [O(n)]
  6: f2->f4, B: -max{0, -1, -1-A} [O(n)]
  6: f2->f4, E: -max{0, -E} [O(n)]
  7: f2->f2, A: -max{0, -A} [O(n)]
  7: f2->f2, B: -max{0, -1, -1-A} [O(n)]
  7: f2->f2, D: 0 [O(1)]
  7: f2->f2, E: -max{0, -E} [O(n)]
  8: f300->f1, A: -max{0, -A} [O(n)]
  8: f300->f1, C: -max{0, -A} [O(n)]
  9: f300->f300, A: -max{0, -A} [O(n)]
  9: f300->f300, E: -max{0, -E} [O(n)]
  10: f300->f4, A: -max{0, -A} [O(n)]
  10: f300->f4, B: -max{-1, -1-A} [O(n)]
  10: f300->f4, E: -max{0, -E} [O(n)]
  11: f300->f4, A: -max{0, -A} [O(n)]
  11: f300->f4, B: -max{-1, -1-A} [O(n)]
  11: f300->f4, E: -max{0, -E} [O(n)]
  12: f300->f2, A: -max{0, -A} [O(n)]
  12: f300->f2, B: -max{-1, -1-A} [O(n)]
  12: f300->f2, D: 0 [O(1)]
  12: f300->f2, E: -max{0, -E} [O(n)]
  1: f4->f300, A: -max{0, -A} [O(n)]
  1: f4->f300, B: -max{0, -A} [O(n)]
  1: f4->f300, E: -max{0, -E} [O(n)]
  2: f4->f4, A: -max{0, -A} [O(n)]
  2: f4->f4, B: -max{0, -1, -1-A} [O(n)]
  2: f4->f4, E: -max{0, -E} [O(n)]
  3: f4->f4, A: -max{0, -A} [O(n)]
  3: f4->f4, B: -max{0, -1, -1-A} [O(n)]
  3: f4->f4, E: -max{0, -E} [O(n)]
  4: f4->f2, A: -max{0, -A} [O(n)]
  4: f4->f2, B: -max{0, -1, -1-A} [O(n)]
  4: f4->f2, D: 0 [O(1)]
  4: f4->f2, E: -max{0, -E} [O(n)]
  0: f5->f300, A: A [O(n)]
  0: f5->f300, B: B [O(n)]
  0: f5->f300, C: C [O(n)]
  0: f5->f300, D: D [O(n)]
  0: f5->f300, E: E [O(n)]
`Upper:
  5: f2->f4, A: -2*-max{0, -3*A+3*B}+2*max{0, B-A}+2*max{0, B-A}+max{0, A} [O(n)]
  5: f2->f4, B: max{0, A, max{B, -2*-max{0, -3*A+3*B}+2*max{0, B-A}+2*max{0, B-A}+max{0, A}}} [O(n)]
  5: f2->f4, C: -1+-2*-max{0, -3*A+3*B}+2*max{0, B-A}+2*max{0, B-A}+max{0, A} [O(n)]
  5: f2->f4, E: max{0, E} [O(n)]
  6: f2->f4, A: -2*-max{0, -3*A+3*B}+2*max{0, B-A}+2*max{0, B-A}+max{0, A} [O(n)]
  6: f2->f4, B: max{0, A, max{B, -2*-max{0, -3*A+3*B}+2*max{0, B-A}+2*max{0, B-A}+max{0, A}}} [O(n)]
  6: f2->f4, C: -1+-2*-max{0, -3*A+3*B}+2*max{0, B-A}+2*max{0, B-A}+max{0, A} [O(n)]
  6: f2->f4, D: -1 [O(1)]
  6: f2->f4, E: max{0, E} [O(n)]
  7: f2->f2, A: -2*-max{0, -3*A+3*B}+2*max{0, B-A}+2*max{0, B-A}+max{0, A} [O(n)]
  7: f2->f2, B: max{0, A, max{B, -2*-max{0, -3*A+3*B}+2*max{0, B-A}+2*max{0, B-A}+max{0, A}}} [O(n)]
  7: f2->f2, C: -1+-2*-max{0, -3*A+3*B}+2*max{0, B-A}+2*max{0, B-A}+max{0, A} [O(n)]
  7: f2->f2, D: 0 [O(1)]
  7: f2->f2, E: max{0, E} [O(n)]
  8: f300->f1, A: max{A, -2*-max{0, -3*A+3*B}+2*max{0, B-A}+2*max{0, B-A}+max{0, A}} [O(n)]
  8: f300->f1, B: max{A, B, -2*-max{0, -3*A+3*B}+2*max{0, B-A}+2*max{0, B-A}+max{0, A}} [O(n)]
  8: f300->f1, C: max{A, C, max{-2*-max{0, -3*A+3*B}+2*max{0, B-A}+2*max{0, B-A}+max{0, A}, -1+-2*-max{0, -3*A+3*B}+2*max{0, B-A}+2*max{0, B-A}+max{0, A}}} [O(n)]
  9: f300->f300, A: -2*-max{0, -3*A+3*B}+2*max{0, B-A}+2*max{0, B-A}+max{0, A} [O(n)]
  9: f300->f300, B: max{A, -2*-max{0, -3*A+3*B}+2*max{0, B-A}+2*max{0, B-A}+max{0, A}} [O(n)]
  9: f300->f300, C: max{A, -2*-max{0, -3*A+3*B}+2*max{0, B-A}+2*max{0, B-A}+max{0, A}} [O(n)]
  9: f300->f300, E: max{0, E} [O(n)]
  10: f300->f4, A: -2*-max{0, -3*A+3*B}+2*max{0, B-A}+2*max{0, B-A}+max{0, A} [O(n)]
  10: f300->f4, B: max{A, B, -2*-max{0, -3*A+3*B}+2*max{0, B-A}+2*max{0, B-A}+max{0, A}} [O(n)]
  10: f300->f4, C: max{-1+-2*-max{0, -3*A+3*B}+2*max{0, B-A}+2*max{0, B-A}+max{0, A}, -1+A, -1+-2*-max{0, -3*A+3*B}+2*max{0, B-A}+2*max{0, B-A}+max{0, A}} [O(n)]
  10: f300->f4, E: max{0, E} [O(n)]
  11: f300->f4, A: -2*-max{0, -3*A+3*B}+2*max{0, B-A}+2*max{0, B-A}+max{0, A} [O(n)]
  11: f300->f4, B: max{A, B, -2*-max{0, -3*A+3*B}+2*max{0, B-A}+2*max{0, B-A}+max{0, A}} [O(n)]
  11: f300->f4, C: max{-1+-2*-max{0, -3*A+3*B}+2*max{0, B-A}+2*max{0, B-A}+max{0, A}, -1+A, -1+-2*-max{0, -3*A+3*B}+2*max{0, B-A}+2*max{0, B-A}+max{0, A}} [O(n)]
  11: f300->f4, D: -1 [O(1)]
  11: f300->f4, E: max{0, E} [O(n)]
  12: f300->f2, A: -2*-max{0, -3*A+3*B}+2*max{0, B-A}+2*max{0, B-A}+max{0, A} [O(n)]
  12: f300->f2, B: max{A, B, -2*-max{0, -3*A+3*B}+2*max{0, B-A}+2*max{0, B-A}+max{0, A}} [O(n)]
  12: f300->f2, C: max{-1+-2*-max{0, -3*A+3*B}+2*max{0, B-A}+2*max{0, B-A}+max{0, A}, -1+A, -1+-2*-max{0, -3*A+3*B}+2*max{0, B-A}+2*max{0, B-A}+max{0, A}} [O(n)]
  12: f300->f2, D: 0 [O(1)]
  12: f300->f2, E: max{0, E} [O(n)]
  1: f4->f300, A: -2*-max{0, -3*A+3*B}+2*max{0, B-A}+2*max{0, B-A}+max{0, A} [O(n)]
  1: f4->f300, B: -2*-max{0, -3*A+3*B}+2*max{0, B-A}+2*max{0, B-A}+max{0, A} [O(n)]
  1: f4->f300, C: -1+-2*-max{0, -3*A+3*B}+2*max{0, B-A}+2*max{0, B-A}+max{0, A} [O(n)]
  1: f4->f300, E: max{0, E} [O(n)]
  2: f4->f4, A: -2*-max{0, -3*A+3*B}+2*max{0, B-A}+2*max{0, B-A}+max{0, A} [O(n)]
  2: f4->f4, B: max{0, A, max{B, -2*-max{0, -3*A+3*B}+2*max{0, B-A}+2*max{0, B-A}+max{0, A}}} [O(n)]
  2: f4->f4, C: -2+-2*-max{0, -3*A+3*B}+2*max{0, B-A}+2*max{0, B-A}+max{0, A} [O(n)]
  2: f4->f4, E: max{0, E} [O(n)]
  3: f4->f4, A: -2*-max{0, -3*A+3*B}+2*max{0, B-A}+2*max{0, B-A}+max{0, A} [O(n)]
  3: f4->f4, B: max{0, A, max{B, -2*-max{0, -3*A+3*B}+2*max{0, B-A}+2*max{0, B-A}+max{0, A}}} [O(n)]
  3: f4->f4, C: -2+-2*-max{0, -3*A+3*B}+2*max{0, B-A}+2*max{0, B-A}+max{0, A} [O(n)]
  3: f4->f4, D: -1 [O(1)]
  3: f4->f4, E: max{0, E} [O(n)]
  4: f4->f2, A: -2*-max{0, -3*A+3*B}+2*max{0, B-A}+2*max{0, B-A}+max{0, A} [O(n)]
  4: f4->f2, B: max{0, A, max{B, -2*-max{0, -3*A+3*B}+2*max{0, B-A}+2*max{0, B-A}+max{0, A}}} [O(n)]
  4: f4->f2, C: -2+-2*-max{0, -3*A+3*B}+2*max{0, B-A}+2*max{0, B-A}+max{0, A} [O(n)]
  4: f4->f2, D: 0 [O(1)]
  4: f4->f2, E: max{0, E} [O(n)]
  0: f5->f300, A: A [O(n)]
  0: f5->f300, B: B [O(n)]
  0: f5->f300, C: C [O(n)]
  0: f5->f300, D: D [O(n)]
  0: f5->f300, E: E [O(n)]
