Timebounds: 
  Overall timebound: inf [Infinity]
  16: f1->f2: 1 [O(1)]
  0: f2->f300: 1 [O(1)]
  1: f2->f2: max{0, 2-B} [O(n)]
  2: f2->f2: max{0, 2*A+-3*B} [O(n)]
  3: f2->f2: max{0, 1-A} [O(n)]
  5: f2->f2: max{0, A-B} [O(n)]
  7: f2->f2: max{0, A+-2*B} [O(n)]
  9: f2->f2: max{0, 1-A} [O(n)]
  12: f2->f2: max{0, 3-A} [O(n)]
  14: f2->f2: max{0, 1-A} [O(n)]

Costbounds:
  Overall costbound: inf [Infinity]
  16: f1->f2: 1 [O(1)]
  0: f2->f300: 1 [O(1)]
  1: f2->f2: max{0, 2-B} [O(n)]
  2: f2->f2: max{0, 2*A+-3*B} [O(n)]
  3: f2->f2: max{0, 1-A} [O(n)]
  5: f2->f2: max{0, A-B} [O(n)]
  7: f2->f2: max{0, A+-2*B} [O(n)]
  9: f2->f2: max{0, 1-A} [O(n)]
  10: f2->f2: inf [Infinity]
  12: f2->f2: max{0, 3-A} [O(n)]
  14: f2->f2: max{0, 1-A} [O(n)]

Sizebounds:
`Lower:
  16: f1->f2, A: A [O(n)]
  16: f1->f2, B: B [O(n)]
  16: f1->f2, C: C [O(n)]
  0: f2->f300, A: 3 [O(1)]
  0: f2->f300, B: 2 [O(1)]
  1: f2->f2, A: 1 [O(1)]
  1: f2->f2, B: 2 [O(1)]
  1: f2->f2, C: -max{0, -C} [O(n)]
  2: f2->f2, B: 2 [O(1)]
  2: f2->f2, C: -max{0, -C} [O(n)]
  3: f2->f2, B: 2 [O(1)]
  3: f2->f2, C: -max{0, -C} [O(n)]
  5: f2->f2, A: 1 [O(1)]
  5: f2->f2, C: -max{0, -C} [O(n)]
  7: f2->f2, C: -max{0, -C} [O(n)]
  9: f2->f2, C: -max{0, -C} [O(n)]
  10: f2->f2, A: 1 [O(1)]
  10: f2->f2, C: -max{0, -C} [O(n)]
  12: f2->f2, A: 3 [O(1)]
  12: f2->f2, C: -max{0, -C} [O(n)]
  14: f2->f2, C: -max{0, -C} [O(n)]
`Upper:
  16: f1->f2, A: A [O(n)]
  16: f1->f2, B: B [O(n)]
  16: f1->f2, C: C [O(n)]
  0: f2->f300, A: max{3, A, max{0, A+-2*B}+max{0, 2*A+-3*B}+max{3, A}} [O(n)]
  1: f2->f2, A: 1 [O(1)]
  1: f2->f2, B: 2 [O(1)]
  1: f2->f2, C: max{0, C} [O(n)]
  2: f2->f2, A: max{0, A+-2*B}+max{0, 2*A+-3*B}+max{3, A} [O(n)]
  2: f2->f2, B: 2 [O(1)]
  2: f2->f2, C: max{0, C} [O(n)]
  3: f2->f2, A: 1 [O(1)]
  3: f2->f2, B: 2 [O(1)]
  3: f2->f2, C: max{0, C} [O(n)]
  5: f2->f2, A: 1 [O(1)]
  5: f2->f2, B: 1 [O(1)]
  5: f2->f2, C: max{0, C} [O(n)]
  7: f2->f2, A: max{0, A+-2*B}+max{0, 2*A+-3*B}+max{3, A} [O(n)]
  7: f2->f2, B: 1 [O(1)]
  7: f2->f2, C: max{0, C} [O(n)]
  9: f2->f2, A: 1 [O(1)]
  9: f2->f2, B: 1 [O(1)]
  9: f2->f2, C: max{0, C} [O(n)]
  10: f2->f2, A: 1 [O(1)]
  10: f2->f2, C: max{0, C} [O(n)]
  12: f2->f2, A: 3 [O(1)]
  12: f2->f2, C: max{0, C} [O(n)]
  14: f2->f2, A: 1 [O(1)]
  14: f2->f2, C: max{0, C} [O(n)]
