Timebounds: 
  Overall timebound: inf [Infinity]
  1: f1->f2: 1 [O(1)]
  2: f1->f300: 1 [O(1)]
  3: f1->f300: 1 [O(1)]
  4: f1->f300: 1 [O(1)]
  0: f2->f2: inf [Infinity]

Costbounds:
  Overall costbound: inf [Infinity]
  1: f1->f2: 1 [O(1)]
  2: f1->f300: 1 [O(1)]
  3: f1->f300: 1 [O(1)]
  4: f1->f300: 1 [O(1)]
  0: f2->f2: inf [Infinity]

Sizebounds:
`Lower:
  1: f1->f2, A: A [O(n)]
  1: f1->f2, B: A [O(n)]
  1: f1->f2, C: A [O(n)]
  1: f1->f2, D: D [O(n)]
  1: f1->f2, E: -inf [Infinity]
  2: f1->f300, A: A [O(n)]
  2: f1->f300, B: A [O(n)]
  2: f1->f300, C: 1+A [O(n)]
  2: f1->f300, D: E [O(n)]
  2: f1->f300, E: -inf [Infinity]
  3: f1->f300, A: A [O(n)]
  3: f1->f300, B: A [O(n)]
  3: f1->f300, C: C [O(n)]
  3: f1->f300, D: E [O(n)]
  3: f1->f300, E: -inf [Infinity]
  4: f1->f300, A: A [O(n)]
  4: f1->f300, B: B [O(n)]
  4: f1->f300, C: C [O(n)]
  4: f1->f300, D: E [O(n)]
  4: f1->f300, E: -inf [Infinity]
  0: f2->f2, A: A [O(n)]
  0: f2->f2, B: 1+A [O(n)]
  0: f2->f2, C: -inf [Infinity]
  0: f2->f2, D: D [O(n)]
  0: f2->f2, E: -inf [Infinity]
`Upper:
  1: f1->f2, A: A [O(n)]
  1: f1->f2, B: A [O(n)]
  1: f1->f2, C: A [O(n)]
  1: f1->f2, D: D [O(n)]
  1: f1->f2, E: inf [Infinity]
  2: f1->f300, A: A [O(n)]
  2: f1->f300, B: B [O(n)]
  2: f1->f300, C: C [O(n)]
  2: f1->f300, D: E [O(n)]
  2: f1->f300, E: inf [Infinity]
  3: f1->f300, A: A [O(n)]
  3: f1->f300, B: B [O(n)]
  3: f1->f300, C: -1+B [O(n)]
  3: f1->f300, D: E [O(n)]
  3: f1->f300, E: inf [Infinity]
  4: f1->f300, A: A [O(n)]
  4: f1->f300, B: -1+A [O(n)]
  4: f1->f300, C: C [O(n)]
  4: f1->f300, D: E [O(n)]
  4: f1->f300, E: inf [Infinity]
  0: f2->f2, A: inf [Infinity]
  0: f2->f2, B: inf [Infinity]
  0: f2->f2, C: inf [Infinity]
  0: f2->f2, D: D [O(n)]
  0: f2->f2, E: inf [Infinity]
