Timebounds: 
  Overall timebound: inf [Infinity]
  0: f2->f300: 1 [O(1)]
  1: f300->f300: inf [Infinity]
  2: f300->f300: inf [Infinity]
  3: f300->f300: inf [Infinity]
  4: f300->f1: 1 [O(1)]

Costbounds:
  Overall costbound: inf [Infinity]
  0: f2->f300: 1 [O(1)]
  1: f300->f300: inf [Infinity]
  2: f300->f300: inf [Infinity]
  3: f300->f300: inf [Infinity]
  4: f300->f1: 1 [O(1)]

Sizebounds:
`Lower:
  0: f2->f300, A: A [O(n)]
  0: f2->f300, B: B [O(n)]
  0: f2->f300, C: C [O(n)]
  0: f2->f300, D: D [O(n)]
  0: f2->f300, E: -inf [Infinity]
  1: f300->f300, A: A [O(n)]
  1: f300->f300, B: B [O(n)]
  1: f300->f300, C: -inf [Infinity]
  1: f300->f300, D: D [O(n)]
  1: f300->f300, E: -inf [Infinity]
  2: f300->f300, A: A [O(n)]
  2: f300->f300, B: B [O(n)]
  2: f300->f300, C: -inf [Infinity]
  2: f300->f300, D: D [O(n)]
  2: f300->f300, E: -inf [Infinity]
  3: f300->f300, A: A [O(n)]
  3: f300->f300, B: B [O(n)]
  3: f300->f300, C: 0 [O(1)]
  3: f300->f300, D: D [O(n)]
  3: f300->f300, E: -inf [Infinity]
  4: f300->f1, A: A [O(n)]
  4: f300->f1, B: B [O(n)]
  4: f300->f1, C: -inf [Infinity]
  4: f300->f1, D: -inf [Infinity]
  4: f300->f1, E: -inf [Infinity]
`Upper:
  0: f2->f300, A: A [O(n)]
  0: f2->f300, B: B [O(n)]
  0: f2->f300, C: C [O(n)]
  0: f2->f300, D: D [O(n)]
  0: f2->f300, E: inf [Infinity]
  1: f300->f300, A: inf [Infinity]
  1: f300->f300, B: inf [Infinity]
  1: f300->f300, C: inf [Infinity]
  1: f300->f300, D: D [O(n)]
  1: f300->f300, E: inf [Infinity]
  2: f300->f300, A: inf [Infinity]
  2: f300->f300, B: inf [Infinity]
  2: f300->f300, C: -1 [O(1)]
  2: f300->f300, D: D [O(n)]
  2: f300->f300, E: inf [Infinity]
  3: f300->f300, A: inf [Infinity]
  3: f300->f300, B: inf [Infinity]
  3: f300->f300, C: 0 [O(1)]
  3: f300->f300, D: D [O(n)]
  3: f300->f300, E: inf [Infinity]
  4: f300->f1, A: inf [Infinity]
  4: f300->f1, B: inf [Infinity]
  4: f300->f1, C: inf [Infinity]
  4: f300->f1, D: inf [Infinity]
  4: f300->f1, E: inf [Infinity]
