Timebounds: 
  Overall timebound: inf [Infinity]
  1: f1->f2: 1 [O(1)]
  2: f1->f2: 1 [O(1)]
  3: f1->f1: inf [Infinity]
  0: f3->f1: 1 [O(1)]

Costbounds:
  Overall costbound: inf [Infinity]
  1: f1->f2: 1 [O(1)]
  2: f1->f2: 1 [O(1)]
  3: f1->f1: inf [Infinity]
  0: f3->f1: 1 [O(1)]

Sizebounds:
`Lower:
  1: f1->f2, A: 0 [O(1)]
  1: f1->f2, B: B [O(n)]
  1: f1->f2, C: C [O(n)]
  1: f1->f2, D: -inf [Infinity]
  1: f1->f2, E: -inf [Infinity]
  2: f1->f2, A: 1 [O(1)]
  2: f1->f2, B: 1+B [O(n)]
  2: f1->f2, C: 1+B [O(n)]
  2: f1->f2, D: -inf [Infinity]
  2: f1->f2, E: -inf [Infinity]
  3: f1->f1, A: 0 [O(1)]
  3: f1->f1, B: B [O(n)]
  3: f1->f1, C: C [O(n)]
  3: f1->f1, D: D [O(n)]
  3: f1->f1, E: -inf [Infinity]
  0: f3->f1, A: 0 [O(1)]
  0: f3->f1, B: B [O(n)]
  0: f3->f1, C: C [O(n)]
  0: f3->f1, D: D [O(n)]
  0: f3->f1, E: -inf [Infinity]
`Upper:
  1: f1->f2, A: 0 [O(1)]
  1: f1->f2, B: inf [Infinity]
  1: f1->f2, C: inf [Infinity]
  1: f1->f2, D: inf [Infinity]
  1: f1->f2, E: inf [Infinity]
  2: f1->f2, A: 1 [O(1)]
  2: f1->f2, B: inf [Infinity]
  2: f1->f2, C: inf [Infinity]
  2: f1->f2, D: inf [Infinity]
  2: f1->f2, E: inf [Infinity]
  3: f1->f1, A: 0 [O(1)]
  3: f1->f1, B: inf [Infinity]
  3: f1->f1, C: inf [Infinity]
  3: f1->f1, D: D [O(n)]
  3: f1->f1, E: inf [Infinity]
  0: f3->f1, A: 0 [O(1)]
  0: f3->f1, B: B [O(n)]
  0: f3->f1, C: C [O(n)]
  0: f3->f1, D: D [O(n)]
  0: f3->f1, E: inf [Infinity]
