Timebounds: 
  Overall timebound: inf [Infinity]
  0: f1->f2: 1 [O(1)]
  2: f2->f300: 1 [O(1)]

Costbounds:
  Overall costbound: inf [Infinity]
  0: f1->f2: 1 [O(1)]
  1: f2->f2: inf [Infinity]
  2: f2->f300: 1 [O(1)]

Sizebounds:
`Lower:
  0: f1->f2, A: G [O(n)]
  0: f1->f2, B: G [O(n)]
  0: f1->f2, C: C [O(n)]
  0: f1->f2, D: D [O(n)]
  0: f1->f2, E: E [O(n)]
  0: f1->f2, F: F [O(n)]
  1: f2->f2, A: -max{0, -G} [O(n)]
  1: f2->f2, B: -max{0, -G} [O(n)]
  1: f2->f2, C: -max{0, -C} [O(n)]
  1: f2->f2, D: -max{0, -D} [O(n)]
  1: f2->f2, F: -max{0, -F} [O(n)]
  2: f2->f300, A: -max{0, -G} [O(n)]
  2: f2->f300, B: -max{0, -G} [O(n)]
  2: f2->f300, C: -max{0, -C} [O(n)]
  2: f2->f300, D: -max{0, -D} [O(n)]
`Upper:
  0: f1->f2, A: G [O(n)]
  0: f1->f2, B: G [O(n)]
  0: f1->f2, C: C [O(n)]
  0: f1->f2, D: D [O(n)]
  0: f1->f2, E: E [O(n)]
  0: f1->f2, F: F [O(n)]
  1: f2->f2, A: max{0, G} [O(n)]
  1: f2->f2, B: max{0, G} [O(n)]
  1: f2->f2, C: max{0, C} [O(n)]
  1: f2->f2, D: max{0, D} [O(n)]
  1: f2->f2, F: max{0, F} [O(n)]
  2: f2->f300, A: max{0, G} [O(n)]
  2: f2->f300, B: max{0, G} [O(n)]
  2: f2->f300, C: max{0, C} [O(n)]
  2: f2->f300, D: max{0, C} [O(n)]
