Timebounds: 
  Overall timebound: inf [Infinity]
  0: f0->f2: 1 [O(1)]
  1: f0->f0: inf [Infinity]
  2: f0->f0: inf [Infinity]
  3: f0->f0: inf [Infinity]
  4: f1->f0: 1 [O(1)]

Costbounds:
  Overall costbound: inf [Infinity]
  0: f0->f2: 1 [O(1)]
  1: f0->f0: inf [Infinity]
  2: f0->f0: inf [Infinity]
  3: f0->f0: inf [Infinity]
  4: f1->f0: 1 [O(1)]

Sizebounds:
`Lower:
  0: f0->f2, A: -inf [Infinity]
  0: f0->f2, B: B [O(n)]
  0: f0->f2, C: -inf [Infinity]
  0: f0->f2, D: -inf [Infinity]
  0: f0->f2, E: -inf [Infinity]
  0: f0->f2, F: -inf [Infinity]
  0: f0->f2, G: H [O(n)]
  0: f0->f2, H: -inf [Infinity]
  0: f0->f2, I: -inf [Infinity]
  0: f0->f2, J: -inf [Infinity]
  0: f0->f2, K: -inf [Infinity]
  1: f0->f0, A: -inf [Infinity]
  1: f0->f0, B: B [O(n)]
  1: f0->f0, C: C [O(n)]
  1: f0->f0, D: -inf [Infinity]
  1: f0->f0, E: 0 [O(1)]
  1: f0->f0, F: -inf [Infinity]
  1: f0->f0, G: H [O(n)]
  1: f0->f0, H: -inf [Infinity]
  1: f0->f0, I: -inf [Infinity]
  1: f0->f0, J: -inf [Infinity]
  1: f0->f0, K: -inf [Infinity]
  2: f0->f0, A: -inf [Infinity]
  2: f0->f0, B: B [O(n)]
  2: f0->f0, C: C [O(n)]
  2: f0->f0, D: -inf [Infinity]
  2: f0->f0, E: -inf [Infinity]
  2: f0->f0, F: -inf [Infinity]
  2: f0->f0, G: H [O(n)]
  2: f0->f0, H: -inf [Infinity]
  2: f0->f0, I: -inf [Infinity]
  2: f0->f0, J: -inf [Infinity]
  2: f0->f0, K: -inf [Infinity]
  3: f0->f0, A: -inf [Infinity]
  3: f0->f0, B: B [O(n)]
  3: f0->f0, C: C [O(n)]
  3: f0->f0, D: -inf [Infinity]
  3: f0->f0, E: -inf [Infinity]
  3: f0->f0, F: -inf [Infinity]
  3: f0->f0, G: H [O(n)]
  3: f0->f0, H: -inf [Infinity]
  3: f0->f0, I: -inf [Infinity]
  3: f0->f0, J: -inf [Infinity]
  3: f0->f0, K: -inf [Infinity]
  4: f1->f0, A: A [O(n)]
  4: f1->f0, B: B [O(n)]
  4: f1->f0, C: C [O(n)]
  4: f1->f0, D: D [O(n)]
  4: f1->f0, E: E [O(n)]
  4: f1->f0, F: F [O(n)]
  4: f1->f0, G: H [O(n)]
  4: f1->f0, H: -inf [Infinity]
  4: f1->f0, I: -inf [Infinity]
  4: f1->f0, J: -inf [Infinity]
  4: f1->f0, K: -inf [Infinity]
`Upper:
  0: f0->f2, A: inf [Infinity]
  0: f0->f2, B: inf [Infinity]
  0: f0->f2, C: inf [Infinity]
  0: f0->f2, D: inf [Infinity]
  0: f0->f2, E: inf [Infinity]
  0: f0->f2, F: inf [Infinity]
  0: f0->f2, G: H [O(n)]
  0: f0->f2, H: inf [Infinity]
  0: f0->f2, I: inf [Infinity]
  0: f0->f2, J: inf [Infinity]
  0: f0->f2, K: inf [Infinity]
  1: f0->f0, A: inf [Infinity]
  1: f0->f0, B: B [O(n)]
  1: f0->f0, C: C [O(n)]
  1: f0->f0, D: inf [Infinity]
  1: f0->f0, E: 0 [O(1)]
  1: f0->f0, F: inf [Infinity]
  1: f0->f0, G: H [O(n)]
  1: f0->f0, H: inf [Infinity]
  1: f0->f0, I: inf [Infinity]
  1: f0->f0, J: inf [Infinity]
  1: f0->f0, K: inf [Infinity]
  2: f0->f0, A: inf [Infinity]
  2: f0->f0, B: B [O(n)]
  2: f0->f0, C: C [O(n)]
  2: f0->f0, D: inf [Infinity]
  2: f0->f0, E: -1 [O(1)]
  2: f0->f0, F: inf [Infinity]
  2: f0->f0, G: H [O(n)]
  2: f0->f0, H: inf [Infinity]
  2: f0->f0, I: inf [Infinity]
  2: f0->f0, J: inf [Infinity]
  2: f0->f0, K: inf [Infinity]
  3: f0->f0, A: inf [Infinity]
  3: f0->f0, B: B [O(n)]
  3: f0->f0, C: C [O(n)]
  3: f0->f0, D: inf [Infinity]
  3: f0->f0, E: inf [Infinity]
  3: f0->f0, F: inf [Infinity]
  3: f0->f0, G: H [O(n)]
  3: f0->f0, H: inf [Infinity]
  3: f0->f0, I: inf [Infinity]
  3: f0->f0, J: inf [Infinity]
  3: f0->f0, K: inf [Infinity]
  4: f1->f0, A: A [O(n)]
  4: f1->f0, B: B [O(n)]
  4: f1->f0, C: C [O(n)]
  4: f1->f0, D: D [O(n)]
  4: f1->f0, E: E [O(n)]
  4: f1->f0, F: F [O(n)]
  4: f1->f0, G: H [O(n)]
  4: f1->f0, H: inf [Infinity]
  4: f1->f0, I: inf [Infinity]
  4: f1->f0, J: inf [Infinity]
  4: f1->f0, K: inf [Infinity]
