Timebounds: 
  Overall timebound: inf [Infinity]
  1: f0->f11: 1 [O(1)]
  2: f11->f34: inf [Infinity]
  3: f11->f34: inf [Infinity]
  4: f11->f34: inf [Infinity]
  5: f11->f34: inf [Infinity]
  6: f11->f34: inf [Infinity]
  14: f11->f53: 1 [O(1)]
  7: f34->f38: inf [Infinity]
  8: f34->f38: inf [Infinity]
  9: f34->f38: inf [Infinity]
  10: f34->f38: inf [Infinity]
  11: f34->f38: inf [Infinity]
  0: f38->f11: inf [Infinity]
  12: f38->f11: max{0, I} [O(n)]
  13: f38->f11: max{0, I} [O(n)]

Costbounds:
  Overall costbound: inf [Infinity]
  1: f0->f11: 1 [O(1)]
  2: f11->f34: inf [Infinity]
  3: f11->f34: inf [Infinity]
  4: f11->f34: inf [Infinity]
  5: f11->f34: inf [Infinity]
  6: f11->f34: inf [Infinity]
  14: f11->f53: 1 [O(1)]
  7: f34->f38: inf [Infinity]
  8: f34->f38: inf [Infinity]
  9: f34->f38: inf [Infinity]
  10: f34->f38: inf [Infinity]
  11: f34->f38: inf [Infinity]
  0: f38->f11: inf [Infinity]
  12: f38->f11: max{0, I} [O(n)]
  13: f38->f11: max{0, I} [O(n)]

Sizebounds:
`Lower:
  1: f0->f11, A: 0 [O(1)]
  1: f0->f11, B: 0 [O(1)]
  1: f0->f11, C: 0 [O(1)]
  1: f0->f11, D: 0 [O(1)]
  1: f0->f11, E: 1 [O(1)]
  1: f0->f11, F: 1 [O(1)]
  1: f0->f11, G: 1 [O(1)]
  1: f0->f11, H: -inf [Infinity]
  1: f0->f11, I: -inf [Infinity]
  1: f0->f11, J: -inf [Infinity]
  2: f11->f34, A: 0 [O(1)]
  2: f11->f34, B: 0 [O(1)]
  2: f11->f34, C: 0 [O(1)]
  2: f11->f34, D: -inf [Infinity]
  2: f11->f34, E: 1 [O(1)]
  2: f11->f34, F: 1 [O(1)]
  2: f11->f34, G: 1 [O(1)]
  2: f11->f34, H: -inf [Infinity]
  2: f11->f34, I: -inf [Infinity]
  2: f11->f34, J: -inf [Infinity]
  3: f11->f34, A: 1 [O(1)]
  3: f11->f34, B: 0 [O(1)]
  3: f11->f34, C: 0 [O(1)]
  3: f11->f34, D: 2 [O(1)]
  3: f11->f34, E: 1 [O(1)]
  3: f11->f34, F: 1 [O(1)]
  3: f11->f34, G: 1 [O(1)]
  3: f11->f34, H: -inf [Infinity]
  3: f11->f34, I: -inf [Infinity]
  3: f11->f34, J: -inf [Infinity]
  4: f11->f34, A: 0 [O(1)]
  4: f11->f34, B: 0 [O(1)]
  4: f11->f34, C: 0 [O(1)]
  4: f11->f34, D: 3 [O(1)]
  4: f11->f34, E: 1 [O(1)]
  4: f11->f34, F: 1 [O(1)]
  4: f11->f34, G: 1 [O(1)]
  4: f11->f34, H: -inf [Infinity]
  4: f11->f34, I: -inf [Infinity]
  4: f11->f34, J: -inf [Infinity]
  5: f11->f34, A: 0 [O(1)]
  5: f11->f34, B: 0 [O(1)]
  5: f11->f34, C: -inf [Infinity]
  5: f11->f34, D: 0 [O(1)]
  5: f11->f34, E: 1 [O(1)]
  5: f11->f34, F: 1 [O(1)]
  5: f11->f34, G: 1 [O(1)]
  5: f11->f34, H: -inf [Infinity]
  5: f11->f34, I: -inf [Infinity]
  5: f11->f34, J: -inf [Infinity]
  6: f11->f34, A: 0 [O(1)]
  6: f11->f34, B: 0 [O(1)]
  6: f11->f34, C: -inf [Infinity]
  6: f11->f34, D: -inf [Infinity]
  6: f11->f34, E: 1 [O(1)]
  6: f11->f34, F: 1 [O(1)]
  6: f11->f34, G: 1 [O(1)]
  6: f11->f34, H: -inf [Infinity]
  6: f11->f34, I: -inf [Infinity]
  6: f11->f34, J: -inf [Infinity]
  14: f11->f53, A: 0 [O(1)]
  14: f11->f53, B: 0 [O(1)]
  14: f11->f53, C: 0 [O(1)]
  14: f11->f53, D: -inf [Infinity]
  14: f11->f53, E: 1 [O(1)]
  14: f11->f53, F: 1 [O(1)]
  14: f11->f53, G: 0 [O(1)]
  14: f11->f53, H: -inf [Infinity]
  14: f11->f53, I: -inf [Infinity]
  14: f11->f53, J: -inf [Infinity]
  7: f34->f38, A: 0 [O(1)]
  7: f34->f38, B: 0 [O(1)]
  7: f34->f38, C: 0 [O(1)]
  7: f34->f38, D: -inf [Infinity]
  7: f34->f38, E: 1 [O(1)]
  7: f34->f38, F: 1 [O(1)]
  7: f34->f38, G: 1 [O(1)]
  7: f34->f38, H: -inf [Infinity]
  7: f34->f38, I: -inf [Infinity]
  7: f34->f38, J: -inf [Infinity]
  8: f34->f38, A: 0 [O(1)]
  8: f34->f38, B: 1 [O(1)]
  8: f34->f38, C: 0 [O(1)]
  8: f34->f38, D: 2 [O(1)]
  8: f34->f38, E: 1 [O(1)]
  8: f34->f38, F: 1 [O(1)]
  8: f34->f38, G: 1 [O(1)]
  8: f34->f38, H: -inf [Infinity]
  8: f34->f38, I: -inf [Infinity]
  8: f34->f38, J: -inf [Infinity]
  9: f34->f38, A: 0 [O(1)]
  9: f34->f38, B: 0 [O(1)]
  9: f34->f38, C: 0 [O(1)]
  9: f34->f38, D: 3 [O(1)]
  9: f34->f38, E: 1 [O(1)]
  9: f34->f38, F: 1 [O(1)]
  9: f34->f38, G: 1 [O(1)]
  9: f34->f38, H: -inf [Infinity]
  9: f34->f38, I: -inf [Infinity]
  9: f34->f38, J: -inf [Infinity]
  10: f34->f38, A: 0 [O(1)]
  10: f34->f38, B: 0 [O(1)]
  10: f34->f38, C: -inf [Infinity]
  10: f34->f38, D: 0 [O(1)]
  10: f34->f38, E: 1 [O(1)]
  10: f34->f38, F: 1 [O(1)]
  10: f34->f38, G: 1 [O(1)]
  10: f34->f38, H: -inf [Infinity]
  10: f34->f38, I: -inf [Infinity]
  10: f34->f38, J: -inf [Infinity]
  11: f34->f38, A: 0 [O(1)]
  11: f34->f38, B: 0 [O(1)]
  11: f34->f38, C: -inf [Infinity]
  11: f34->f38, D: -inf [Infinity]
  11: f34->f38, E: 1 [O(1)]
  11: f34->f38, F: 1 [O(1)]
  11: f34->f38, G: 1 [O(1)]
  11: f34->f38, H: -inf [Infinity]
  11: f34->f38, I: -inf [Infinity]
  11: f34->f38, J: -inf [Infinity]
  0: f38->f11, A: 0 [O(1)]
  0: f38->f11, B: 0 [O(1)]
  0: f38->f11, C: -inf [Infinity]
  0: f38->f11, D: -inf [Infinity]
  0: f38->f11, E: 1 [O(1)]
  0: f38->f11, F: 1 [O(1)]
  0: f38->f11, G: 1 [O(1)]
  0: f38->f11, H: -inf [Infinity]
  0: f38->f11, I: -inf [Infinity]
  0: f38->f11, J: -inf [Infinity]
  12: f38->f11, A: 0 [O(1)]
  12: f38->f11, B: 1 [O(1)]
  12: f38->f11, C: -inf [Infinity]
  12: f38->f11, D: -inf [Infinity]
  12: f38->f11, E: 1 [O(1)]
  12: f38->f11, F: 1 [O(1)]
  12: f38->f11, G: 0 [O(1)]
  12: f38->f11, H: -inf [Infinity]
  12: f38->f11, I: -inf [Infinity]
  12: f38->f11, J: -inf [Infinity]
  13: f38->f11, A: 0 [O(1)]
  13: f38->f11, B: 0 [O(1)]
  13: f38->f11, C: -inf [Infinity]
  13: f38->f11, D: -inf [Infinity]
  13: f38->f11, E: 1 [O(1)]
  13: f38->f11, F: 1 [O(1)]
  13: f38->f11, G: 0 [O(1)]
  13: f38->f11, H: -inf [Infinity]
  13: f38->f11, I: -inf [Infinity]
  13: f38->f11, J: -inf [Infinity]
`Upper:
  1: f0->f11, A: 0 [O(1)]
  1: f0->f11, B: 0 [O(1)]
  1: f0->f11, C: H [O(n)]
  1: f0->f11, D: 0 [O(1)]
  1: f0->f11, E: 1 [O(1)]
  1: f0->f11, F: I [O(n)]
  1: f0->f11, G: I [O(n)]
  1: f0->f11, H: inf [Infinity]
  1: f0->f11, I: inf [Infinity]
  1: f0->f11, J: inf [Infinity]
  2: f11->f34, A: 0 [O(1)]
  2: f11->f34, B: 1 [O(1)]
  2: f11->f34, C: 0 [O(1)]
  2: f11->f34, D: 1 [O(1)]
  2: f11->f34, E: inf [Infinity]
  2: f11->f34, F: I [O(n)]
  2: f11->f34, G: I [O(n)]
  2: f11->f34, H: inf [Infinity]
  2: f11->f34, I: inf [Infinity]
  2: f11->f34, J: inf [Infinity]
  3: f11->f34, A: 1 [O(1)]
  3: f11->f34, B: 1 [O(1)]
  3: f11->f34, C: 0 [O(1)]
  3: f11->f34, D: 2 [O(1)]
  3: f11->f34, E: inf [Infinity]
  3: f11->f34, F: I [O(n)]
  3: f11->f34, G: I [O(n)]
  3: f11->f34, H: inf [Infinity]
  3: f11->f34, I: inf [Infinity]
  3: f11->f34, J: inf [Infinity]
  4: f11->f34, A: 0 [O(1)]
  4: f11->f34, B: 1 [O(1)]
  4: f11->f34, C: 0 [O(1)]
  4: f11->f34, D: 3 [O(1)]
  4: f11->f34, E: inf [Infinity]
  4: f11->f34, F: I [O(n)]
  4: f11->f34, G: I [O(n)]
  4: f11->f34, H: inf [Infinity]
  4: f11->f34, I: inf [Infinity]
  4: f11->f34, J: inf [Infinity]
  5: f11->f34, A: 1 [O(1)]
  5: f11->f34, B: 1 [O(1)]
  5: f11->f34, C: inf [Infinity]
  5: f11->f34, D: 0 [O(1)]
  5: f11->f34, E: inf [Infinity]
  5: f11->f34, F: I [O(n)]
  5: f11->f34, G: I [O(n)]
  5: f11->f34, H: inf [Infinity]
  5: f11->f34, I: inf [Infinity]
  5: f11->f34, J: inf [Infinity]
  6: f11->f34, A: 1 [O(1)]
  6: f11->f34, B: 1 [O(1)]
  6: f11->f34, C: inf [Infinity]
  6: f11->f34, D: 3 [O(1)]
  6: f11->f34, E: inf [Infinity]
  6: f11->f34, F: I [O(n)]
  6: f11->f34, G: I [O(n)]
  6: f11->f34, H: inf [Infinity]
  6: f11->f34, I: inf [Infinity]
  6: f11->f34, J: inf [Infinity]
  14: f11->f53, A: 1 [O(1)]
  14: f11->f53, B: 1 [O(1)]
  14: f11->f53, C: inf [Infinity]
  14: f11->f53, D: 3 [O(1)]
  14: f11->f53, E: inf [Infinity]
  14: f11->f53, F: I [O(n)]
  14: f11->f53, G: 0 [O(1)]
  14: f11->f53, H: inf [Infinity]
  14: f11->f53, I: inf [Infinity]
  14: f11->f53, J: inf [Infinity]
  7: f34->f38, A: 1 [O(1)]
  7: f34->f38, B: 0 [O(1)]
  7: f34->f38, C: 0 [O(1)]
  7: f34->f38, D: 1 [O(1)]
  7: f34->f38, E: inf [Infinity]
  7: f34->f38, F: I [O(n)]
  7: f34->f38, G: I [O(n)]
  7: f34->f38, H: inf [Infinity]
  7: f34->f38, I: inf [Infinity]
  7: f34->f38, J: inf [Infinity]
  8: f34->f38, A: 1 [O(1)]
  8: f34->f38, B: 1 [O(1)]
  8: f34->f38, C: 0 [O(1)]
  8: f34->f38, D: 2 [O(1)]
  8: f34->f38, E: inf [Infinity]
  8: f34->f38, F: I [O(n)]
  8: f34->f38, G: I [O(n)]
  8: f34->f38, H: inf [Infinity]
  8: f34->f38, I: inf [Infinity]
  8: f34->f38, J: inf [Infinity]
  9: f34->f38, A: 1 [O(1)]
  9: f34->f38, B: 0 [O(1)]
  9: f34->f38, C: 0 [O(1)]
  9: f34->f38, D: 3 [O(1)]
  9: f34->f38, E: inf [Infinity]
  9: f34->f38, F: I [O(n)]
  9: f34->f38, G: I [O(n)]
  9: f34->f38, H: inf [Infinity]
  9: f34->f38, I: inf [Infinity]
  9: f34->f38, J: inf [Infinity]
  10: f34->f38, A: 1 [O(1)]
  10: f34->f38, B: 1 [O(1)]
  10: f34->f38, C: inf [Infinity]
  10: f34->f38, D: 0 [O(1)]
  10: f34->f38, E: inf [Infinity]
  10: f34->f38, F: I [O(n)]
  10: f34->f38, G: I [O(n)]
  10: f34->f38, H: inf [Infinity]
  10: f34->f38, I: inf [Infinity]
  10: f34->f38, J: inf [Infinity]
  11: f34->f38, A: 1 [O(1)]
  11: f34->f38, B: 1 [O(1)]
  11: f34->f38, C: inf [Infinity]
  11: f34->f38, D: 3 [O(1)]
  11: f34->f38, E: inf [Infinity]
  11: f34->f38, F: I [O(n)]
  11: f34->f38, G: I [O(n)]
  11: f34->f38, H: inf [Infinity]
  11: f34->f38, I: inf [Infinity]
  11: f34->f38, J: inf [Infinity]
  0: f38->f11, A: 1 [O(1)]
  0: f38->f11, B: 1 [O(1)]
  0: f38->f11, C: inf [Infinity]
  0: f38->f11, D: 3 [O(1)]
  0: f38->f11, E: inf [Infinity]
  0: f38->f11, F: I [O(n)]
  0: f38->f11, G: I [O(n)]
  0: f38->f11, H: inf [Infinity]
  0: f38->f11, I: inf [Infinity]
  0: f38->f11, J: inf [Infinity]
  12: f38->f11, A: 0 [O(1)]
  12: f38->f11, B: 1 [O(1)]
  12: f38->f11, C: inf [Infinity]
  12: f38->f11, D: 3 [O(1)]
  12: f38->f11, E: inf [Infinity]
  12: f38->f11, F: I [O(n)]
  12: f38->f11, G: -1+I [O(n)]
  12: f38->f11, H: inf [Infinity]
  12: f38->f11, I: inf [Infinity]
  12: f38->f11, J: inf [Infinity]
  13: f38->f11, A: 1 [O(1)]
  13: f38->f11, B: 1 [O(1)]
  13: f38->f11, C: inf [Infinity]
  13: f38->f11, D: 3 [O(1)]
  13: f38->f11, E: inf [Infinity]
  13: f38->f11, F: I [O(n)]
  13: f38->f11, G: -1+I [O(n)]
  13: f38->f11, H: inf [Infinity]
  13: f38->f11, I: inf [Infinity]
  13: f38->f11, J: inf [Infinity]
