Timebounds: 
  Overall timebound: inf [Infinity]
  12: f0->f11: 1 [O(1)]
  0: f11->f45: 1 [O(1)]
  8: f11->f45: 1 [O(1)]
  9: f11->f37: 1 [O(1)]
  10: f11->f37: 1 [O(1)]
  11: f11->f11: max{0, B-A} [O(n)]
  1: f37->f45: 1 [O(1)]
  2: f37->f45: 1 [O(1)]
  7: f37->f45: 1 [O(1)]
  5: f45->f53: 1 [O(1)]
  6: f45->f53: 1 [O(1)]
  3: f53->f53: inf [Infinity]

Costbounds:
  Overall costbound: inf [Infinity]
  12: f0->f11: 1 [O(1)]
  0: f11->f45: 1 [O(1)]
  8: f11->f45: 1 [O(1)]
  9: f11->f37: 1 [O(1)]
  10: f11->f37: 1 [O(1)]
  11: f11->f11: max{0, B-A} [O(n)]
  1: f37->f45: 1 [O(1)]
  2: f37->f45: 1 [O(1)]
  7: f37->f45: 1 [O(1)]
  5: f45->f53: 1 [O(1)]
  6: f45->f53: 1 [O(1)]
  3: f53->f53: inf [Infinity]

Sizebounds:
`Lower:
  12: f0->f11, A: A [O(n)]
  12: f0->f11, A1: -inf [Infinity]
  12: f0->f11, B: B [O(n)]
  12: f0->f11, B1: -inf [Infinity]
  12: f0->f11, C: C [O(n)]
  12: f0->f11, D: D [O(n)]
  12: f0->f11, E: E [O(n)]
  12: f0->f11, F: 0 [O(1)]
  12: f0->f11, G: G [O(n)]
  12: f0->f11, H: H [O(n)]
  12: f0->f11, I: I [O(n)]
  12: f0->f11, J: J [O(n)]
  12: f0->f11, K: K [O(n)]
  12: f0->f11, L: L [O(n)]
  12: f0->f11, M: M [O(n)]
  12: f0->f11, N: N [O(n)]
  12: f0->f11, O: O [O(n)]
  12: f0->f11, P: P [O(n)]
  12: f0->f11, Q: Q [O(n)]
  12: f0->f11, R: R [O(n)]
  12: f0->f11, S: S [O(n)]
  12: f0->f11, T: T [O(n)]
  12: f0->f11, U: U [O(n)]
  12: f0->f11, V: V [O(n)]
  12: f0->f11, W: 0 [O(1)]
  12: f0->f11, X: -inf [Infinity]
  12: f0->f11, Y: -inf [Infinity]
  12: f0->f11, Z: -inf [Infinity]
  0: f11->f45, A: A [O(n)]
  0: f11->f45, A1: -inf [Infinity]
  0: f11->f45, B: B [O(n)]
  0: f11->f45, B1: -inf [Infinity]
  0: f11->f45, C: -max{-1, -C} [O(n)]
  0: f11->f45, D: D [O(n)]
  0: f11->f45, E: E [O(n)]
  0: f11->f45, F: 0 [O(1)]
  0: f11->f45, G: G [O(n)]
  0: f11->f45, H: -inf [Infinity]
  0: f11->f45, I: -inf [Infinity]
  0: f11->f45, J: -inf [Infinity]
  0: f11->f45, K: -inf [Infinity]
  0: f11->f45, L: -max{-D, -L} [O(n)]
  0: f11->f45, M: -inf [Infinity]
  0: f11->f45, N: -inf [Infinity]
  0: f11->f45, O: -inf [Infinity]
  0: f11->f45, P: -inf [Infinity]
  0: f11->f45, Q: -max{-R, -Q} [O(n)]
  0: f11->f45, R: R [O(n)]
  0: f11->f45, S: -max{-1, -S} [O(n)]
  0: f11->f45, T: -max{-1, -T} [O(n)]
  0: f11->f45, U: -max{-1, -U} [O(n)]
  0: f11->f45, V: -max{0, -V} [O(n)]
  0: f11->f45, W: 0 [O(1)]
  0: f11->f45, X: -inf [Infinity]
  0: f11->f45, Y: -inf [Infinity]
  0: f11->f45, Z: -inf [Infinity]
  8: f11->f45, A: A [O(n)]
  8: f11->f45, A1: -inf [Infinity]
  8: f11->f45, B: 1+A [O(n)]
  8: f11->f45, B1: -inf [Infinity]
  8: f11->f45, C: -max{-1, -C} [O(n)]
  8: f11->f45, D: D [O(n)]
  8: f11->f45, E: E [O(n)]
  8: f11->f45, F: 0 [O(1)]
  8: f11->f45, G: G [O(n)]
  8: f11->f45, H: 1 [O(1)]
  8: f11->f45, I: -inf [Infinity]
  8: f11->f45, J: -inf [Infinity]
  8: f11->f45, K: -inf [Infinity]
  8: f11->f45, L: D [O(n)]
  8: f11->f45, M: 1 [O(1)]
  8: f11->f45, N: 1 [O(1)]
  8: f11->f45, O: 1 [O(1)]
  8: f11->f45, P: -inf [Infinity]
  8: f11->f45, Q: -max{-R, -Q} [O(n)]
  8: f11->f45, R: R [O(n)]
  8: f11->f45, S: -max{-1, -S} [O(n)]
  8: f11->f45, T: -max{-1, -T} [O(n)]
  8: f11->f45, U: -max{-1, -U} [O(n)]
  8: f11->f45, V: -max{0, -V} [O(n)]
  8: f11->f45, W: 0 [O(1)]
  8: f11->f45, X: -inf [Infinity]
  8: f11->f45, Y: -inf [Infinity]
  8: f11->f45, Z: -inf [Infinity]
  9: f11->f37, A: A [O(n)]
  9: f11->f37, A1: -inf [Infinity]
  9: f11->f37, B: 1+A [O(n)]
  9: f11->f37, B1: -inf [Infinity]
  9: f11->f37, C: 2 [O(1)]
  9: f11->f37, D: D [O(n)]
  9: f11->f37, E: E [O(n)]
  9: f11->f37, F: 0 [O(1)]
  9: f11->f37, G: G [O(n)]
  9: f11->f37, H: -inf [Infinity]
  9: f11->f37, I: -inf [Infinity]
  9: f11->f37, J: -inf [Infinity]
  9: f11->f37, K: -inf [Infinity]
  9: f11->f37, L: D [O(n)]
  9: f11->f37, M: -inf [Infinity]
  9: f11->f37, N: -inf [Infinity]
  9: f11->f37, O: -inf [Infinity]
  9: f11->f37, P: -inf [Infinity]
  9: f11->f37, Q: R [O(n)]
  9: f11->f37, R: 0 [O(1)]
  9: f11->f37, S: 2 [O(1)]
  9: f11->f37, T: 2 [O(1)]
  9: f11->f37, U: 2 [O(1)]
  9: f11->f37, V: 0 [O(1)]
  9: f11->f37, W: 0 [O(1)]
  9: f11->f37, X: -inf [Infinity]
  9: f11->f37, Y: -inf [Infinity]
  9: f11->f37, Z: -inf [Infinity]
  10: f11->f37, A: A [O(n)]
  10: f11->f37, A1: -inf [Infinity]
  10: f11->f37, B: 1+A [O(n)]
  10: f11->f37, B1: -inf [Infinity]
  10: f11->f37, C: -inf [Infinity]
  10: f11->f37, D: D [O(n)]
  10: f11->f37, E: E [O(n)]
  10: f11->f37, F: 0 [O(1)]
  10: f11->f37, G: G [O(n)]
  10: f11->f37, H: -inf [Infinity]
  10: f11->f37, I: -inf [Infinity]
  10: f11->f37, J: -inf [Infinity]
  10: f11->f37, K: -inf [Infinity]
  10: f11->f37, L: D [O(n)]
  10: f11->f37, M: -inf [Infinity]
  10: f11->f37, N: -inf [Infinity]
  10: f11->f37, O: -inf [Infinity]
  10: f11->f37, P: -inf [Infinity]
  10: f11->f37, Q: R [O(n)]
  10: f11->f37, R: 0 [O(1)]
  10: f11->f37, S: -inf [Infinity]
  10: f11->f37, T: -inf [Infinity]
  10: f11->f37, U: -inf [Infinity]
  10: f11->f37, V: 0 [O(1)]
  10: f11->f37, W: 0 [O(1)]
  10: f11->f37, X: -inf [Infinity]
  10: f11->f37, Y: -inf [Infinity]
  10: f11->f37, Z: -inf [Infinity]
  11: f11->f11, A: A [O(n)]
  11: f11->f11, A1: -inf [Infinity]
  11: f11->f11, B: B [O(n)]
  11: f11->f11, B1: -inf [Infinity]
  11: f11->f11, C: 1 [O(1)]
  11: f11->f11, D: D [O(n)]
  11: f11->f11, E: E [O(n)]
  11: f11->f11, F: 0 [O(1)]
  11: f11->f11, G: G [O(n)]
  11: f11->f11, H: -inf [Infinity]
  11: f11->f11, I: -inf [Infinity]
  11: f11->f11, J: -inf [Infinity]
  11: f11->f11, K: -inf [Infinity]
  11: f11->f11, L: D [O(n)]
  11: f11->f11, M: -inf [Infinity]
  11: f11->f11, N: -inf [Infinity]
  11: f11->f11, O: -inf [Infinity]
  11: f11->f11, P: -inf [Infinity]
  11: f11->f11, Q: R [O(n)]
  11: f11->f11, R: R [O(n)]
  11: f11->f11, S: 1 [O(1)]
  11: f11->f11, T: 1 [O(1)]
  11: f11->f11, U: 1 [O(1)]
  11: f11->f11, V: 0 [O(1)]
  11: f11->f11, W: 0 [O(1)]
  11: f11->f11, X: -inf [Infinity]
  11: f11->f11, Y: -inf [Infinity]
  11: f11->f11, Z: -inf [Infinity]
  1: f37->f45, A: A [O(n)]
  1: f37->f45, A1: -inf [Infinity]
  1: f37->f45, B: 1+A [O(n)]
  1: f37->f45, B1: -inf [Infinity]
  1: f37->f45, C: 3 [O(1)]
  1: f37->f45, D: D [O(n)]
  1: f37->f45, E: E [O(n)]
  1: f37->f45, F: 0 [O(1)]
  1: f37->f45, G: G [O(n)]
  1: f37->f45, H: -inf [Infinity]
  1: f37->f45, I: -inf [Infinity]
  1: f37->f45, J: -inf [Infinity]
  1: f37->f45, K: -inf [Infinity]
  1: f37->f45, L: D [O(n)]
  1: f37->f45, M: -inf [Infinity]
  1: f37->f45, N: -inf [Infinity]
  1: f37->f45, O: -inf [Infinity]
  1: f37->f45, P: -inf [Infinity]
  1: f37->f45, Q: R [O(n)]
  1: f37->f45, R: 0 [O(1)]
  1: f37->f45, S: 3 [O(1)]
  1: f37->f45, T: 3 [O(1)]
  1: f37->f45, U: 3 [O(1)]
  1: f37->f45, V: 0 [O(1)]
  1: f37->f45, W: 0 [O(1)]
  1: f37->f45, X: -inf [Infinity]
  1: f37->f45, Y: -inf [Infinity]
  1: f37->f45, Z: -inf [Infinity]
  2: f37->f45, A: A [O(n)]
  2: f37->f45, A1: -inf [Infinity]
  2: f37->f45, B: 1+A [O(n)]
  2: f37->f45, B1: -inf [Infinity]
  2: f37->f45, C: -inf [Infinity]
  2: f37->f45, D: D [O(n)]
  2: f37->f45, E: E [O(n)]
  2: f37->f45, F: 0 [O(1)]
  2: f37->f45, G: G [O(n)]
  2: f37->f45, H: -inf [Infinity]
  2: f37->f45, I: -inf [Infinity]
  2: f37->f45, J: -inf [Infinity]
  2: f37->f45, K: -inf [Infinity]
  2: f37->f45, L: D [O(n)]
  2: f37->f45, M: -inf [Infinity]
  2: f37->f45, N: -inf [Infinity]
  2: f37->f45, O: -inf [Infinity]
  2: f37->f45, P: -inf [Infinity]
  2: f37->f45, Q: R [O(n)]
  2: f37->f45, R: 0 [O(1)]
  2: f37->f45, S: -inf [Infinity]
  2: f37->f45, T: -inf [Infinity]
  2: f37->f45, U: -inf [Infinity]
  2: f37->f45, V: 0 [O(1)]
  2: f37->f45, W: 0 [O(1)]
  2: f37->f45, X: -inf [Infinity]
  2: f37->f45, Y: -inf [Infinity]
  2: f37->f45, Z: -inf [Infinity]
  7: f37->f45, A: A [O(n)]
  7: f37->f45, A1: -inf [Infinity]
  7: f37->f45, B: 1+A [O(n)]
  7: f37->f45, B1: -inf [Infinity]
  7: f37->f45, C: 2 [O(1)]
  7: f37->f45, D: 1+D [O(n)]
  7: f37->f45, E: E [O(n)]
  7: f37->f45, F: 0 [O(1)]
  7: f37->f45, G: -inf [Infinity]
  7: f37->f45, H: -inf [Infinity]
  7: f37->f45, I: -inf [Infinity]
  7: f37->f45, J: -inf [Infinity]
  7: f37->f45, K: -inf [Infinity]
  7: f37->f45, L: D [O(n)]
  7: f37->f45, M: -inf [Infinity]
  7: f37->f45, N: -inf [Infinity]
  7: f37->f45, O: -inf [Infinity]
  7: f37->f45, P: -inf [Infinity]
  7: f37->f45, Q: R [O(n)]
  7: f37->f45, R: 0 [O(1)]
  7: f37->f45, S: 2 [O(1)]
  7: f37->f45, T: 2 [O(1)]
  7: f37->f45, U: 2 [O(1)]
  7: f37->f45, V: 0 [O(1)]
  7: f37->f45, W: 0 [O(1)]
  7: f37->f45, X: -inf [Infinity]
  7: f37->f45, Y: -inf [Infinity]
  7: f37->f45, Z: -inf [Infinity]
  5: f45->f53, A: A [O(n)]
  5: f45->f53, A1: -inf [Infinity]
  5: f45->f53, B: -max{-B, -1-A} [O(n)]
  5: f45->f53, B1: -inf [Infinity]
  5: f45->f53, C: -inf [Infinity]
  5: f45->f53, D: 0 [O(1)]
  5: f45->f53, E: -inf [Infinity]
  5: f45->f53, F: 0 [O(1)]
  5: f45->f53, G: -inf [Infinity]
  5: f45->f53, H: -inf [Infinity]
  5: f45->f53, I: -inf [Infinity]
  5: f45->f53, J: -inf [Infinity]
  5: f45->f53, K: -inf [Infinity]
  5: f45->f53, L: -max{-D, -D, -L} [O(n)]
  5: f45->f53, M: -inf [Infinity]
  5: f45->f53, N: -inf [Infinity]
  5: f45->f53, O: -inf [Infinity]
  5: f45->f53, P: -inf [Infinity]
  5: f45->f53, Q: -max{-R, -R, -Q} [O(n)]
  5: f45->f53, R: -max{0, -R} [O(n)]
  5: f45->f53, S: -inf [Infinity]
  5: f45->f53, T: -inf [Infinity]
  5: f45->f53, U: -inf [Infinity]
  5: f45->f53, V: -max{0, -V} [O(n)]
  5: f45->f53, W: 0 [O(1)]
  5: f45->f53, X: -inf [Infinity]
  5: f45->f53, Y: -inf [Infinity]
  5: f45->f53, Z: -inf [Infinity]
  6: f45->f53, A: A [O(n)]
  6: f45->f53, A1: -inf [Infinity]
  6: f45->f53, B: -max{-B, -1-A} [O(n)]
  6: f45->f53, B1: -inf [Infinity]
  6: f45->f53, C: -inf [Infinity]
  6: f45->f53, D: 0 [O(1)]
  6: f45->f53, E: 1 [O(1)]
  6: f45->f53, F: 0 [O(1)]
  6: f45->f53, G: -inf [Infinity]
  6: f45->f53, H: -inf [Infinity]
  6: f45->f53, I: -inf [Infinity]
  6: f45->f53, J: -inf [Infinity]
  6: f45->f53, K: -inf [Infinity]
  6: f45->f53, L: -max{-D, -D, -L} [O(n)]
  6: f45->f53, M: -inf [Infinity]
  6: f45->f53, N: -inf [Infinity]
  6: f45->f53, O: -inf [Infinity]
  6: f45->f53, P: -inf [Infinity]
  6: f45->f53, Q: -max{-R, -R, -Q} [O(n)]
  6: f45->f53, R: -max{0, -R} [O(n)]
  6: f45->f53, S: -inf [Infinity]
  6: f45->f53, T: -inf [Infinity]
  6: f45->f53, U: -inf [Infinity]
  6: f45->f53, V: -max{0, -V} [O(n)]
  6: f45->f53, W: 0 [O(1)]
  6: f45->f53, X: -inf [Infinity]
  6: f45->f53, Y: -inf [Infinity]
  6: f45->f53, Z: -inf [Infinity]
  3: f53->f53, A: A [O(n)]
  3: f53->f53, A1: -inf [Infinity]
  3: f53->f53, B: -max{-B, -1-A} [O(n)]
  3: f53->f53, B1: -inf [Infinity]
  3: f53->f53, C: -inf [Infinity]
  3: f53->f53, D: 0 [O(1)]
  3: f53->f53, E: -inf [Infinity]
  3: f53->f53, F: 0 [O(1)]
  3: f53->f53, G: -inf [Infinity]
  3: f53->f53, H: -inf [Infinity]
  3: f53->f53, I: -inf [Infinity]
  3: f53->f53, J: -inf [Infinity]
  3: f53->f53, K: -inf [Infinity]
  3: f53->f53, L: -max{-D, -D, -L} [O(n)]
  3: f53->f53, M: -inf [Infinity]
  3: f53->f53, N: -inf [Infinity]
  3: f53->f53, O: -inf [Infinity]
  3: f53->f53, P: -inf [Infinity]
  3: f53->f53, Q: -max{-R, -R, -Q} [O(n)]
  3: f53->f53, R: -max{0, -R} [O(n)]
  3: f53->f53, S: -inf [Infinity]
  3: f53->f53, T: -inf [Infinity]
  3: f53->f53, U: -inf [Infinity]
  3: f53->f53, V: -max{0, -V} [O(n)]
  3: f53->f53, W: 0 [O(1)]
  3: f53->f53, X: -inf [Infinity]
  3: f53->f53, Y: -inf [Infinity]
  3: f53->f53, Z: -inf [Infinity]
`Upper:
  12: f0->f11, A: A [O(n)]
  12: f0->f11, A1: inf [Infinity]
  12: f0->f11, B: B [O(n)]
  12: f0->f11, B1: inf [Infinity]
  12: f0->f11, C: C [O(n)]
  12: f0->f11, D: D [O(n)]
  12: f0->f11, E: E [O(n)]
  12: f0->f11, F: 0 [O(1)]
  12: f0->f11, G: G [O(n)]
  12: f0->f11, H: H [O(n)]
  12: f0->f11, I: I [O(n)]
  12: f0->f11, J: J [O(n)]
  12: f0->f11, K: K [O(n)]
  12: f0->f11, L: L [O(n)]
  12: f0->f11, M: M [O(n)]
  12: f0->f11, N: N [O(n)]
  12: f0->f11, O: O [O(n)]
  12: f0->f11, P: P [O(n)]
  12: f0->f11, Q: Q [O(n)]
  12: f0->f11, R: R [O(n)]
  12: f0->f11, S: S [O(n)]
  12: f0->f11, T: T [O(n)]
  12: f0->f11, U: U [O(n)]
  12: f0->f11, V: V [O(n)]
  12: f0->f11, W: 0 [O(1)]
  12: f0->f11, X: inf [Infinity]
  12: f0->f11, Y: inf [Infinity]
  12: f0->f11, Z: inf [Infinity]
  0: f11->f45, A: max{A, A+max{0, B-A}} [O(n)]
  0: f11->f45, A1: inf [Infinity]
  0: f11->f45, B: max{A, A+max{0, B-A}} [O(n)]
  0: f11->f45, B1: inf [Infinity]
  0: f11->f45, C: max{1, C} [O(n)]
  0: f11->f45, D: D [O(n)]
  0: f11->f45, E: E [O(n)]
  0: f11->f45, F: 0 [O(1)]
  0: f11->f45, G: G [O(n)]
  0: f11->f45, H: max{0, H} [O(n)]
  0: f11->f45, I: inf [Infinity]
  0: f11->f45, J: inf [Infinity]
  0: f11->f45, K: inf [Infinity]
  0: f11->f45, L: max{D, L} [O(n)]
  0: f11->f45, M: max{0, M} [O(n)]
  0: f11->f45, N: max{0, N} [O(n)]
  0: f11->f45, O: max{0, O} [O(n)]
  0: f11->f45, P: max{0, P} [O(n)]
  0: f11->f45, Q: max{R, Q} [O(n)]
  0: f11->f45, R: R [O(n)]
  0: f11->f45, S: max{1, S} [O(n)]
  0: f11->f45, T: max{1, T} [O(n)]
  0: f11->f45, U: max{1, U} [O(n)]
  0: f11->f45, V: max{0, V} [O(n)]
  0: f11->f45, W: 0 [O(1)]
  0: f11->f45, X: inf [Infinity]
  0: f11->f45, Y: inf [Infinity]
  0: f11->f45, Z: inf [Infinity]
  8: f11->f45, A: max{A, A+max{0, B-A}} [O(n)]
  8: f11->f45, A1: inf [Infinity]
  8: f11->f45, B: B [O(n)]
  8: f11->f45, B1: inf [Infinity]
  8: f11->f45, C: max{1, C} [O(n)]
  8: f11->f45, D: D [O(n)]
  8: f11->f45, E: E [O(n)]
  8: f11->f45, F: 0 [O(1)]
  8: f11->f45, G: G [O(n)]
  8: f11->f45, H: inf [Infinity]
  8: f11->f45, I: inf [Infinity]
  8: f11->f45, J: inf [Infinity]
  8: f11->f45, K: inf [Infinity]
  8: f11->f45, L: D [O(n)]
  8: f11->f45, M: inf [Infinity]
  8: f11->f45, N: inf [Infinity]
  8: f11->f45, O: inf [Infinity]
  8: f11->f45, P: max{0, P} [O(n)]
  8: f11->f45, Q: max{R, Q} [O(n)]
  8: f11->f45, R: R [O(n)]
  8: f11->f45, S: max{1, S} [O(n)]
  8: f11->f45, T: max{1, T} [O(n)]
  8: f11->f45, U: max{1, U} [O(n)]
  8: f11->f45, V: max{0, V} [O(n)]
  8: f11->f45, W: 0 [O(1)]
  8: f11->f45, X: inf [Infinity]
  8: f11->f45, Y: inf [Infinity]
  8: f11->f45, Z: inf [Infinity]
  9: f11->f37, A: max{A, A+max{0, B-A}} [O(n)]
  9: f11->f37, A1: inf [Infinity]
  9: f11->f37, B: B [O(n)]
  9: f11->f37, B1: inf [Infinity]
  9: f11->f37, C: inf [Infinity]
  9: f11->f37, D: D [O(n)]
  9: f11->f37, E: E [O(n)]
  9: f11->f37, F: 0 [O(1)]
  9: f11->f37, G: G [O(n)]
  9: f11->f37, H: 0 [O(1)]
  9: f11->f37, I: inf [Infinity]
  9: f11->f37, J: inf [Infinity]
  9: f11->f37, K: inf [Infinity]
  9: f11->f37, L: D [O(n)]
  9: f11->f37, M: 0 [O(1)]
  9: f11->f37, N: 0 [O(1)]
  9: f11->f37, O: 0 [O(1)]
  9: f11->f37, P: 0 [O(1)]
  9: f11->f37, Q: R [O(n)]
  9: f11->f37, R: 0 [O(1)]
  9: f11->f37, S: inf [Infinity]
  9: f11->f37, T: inf [Infinity]
  9: f11->f37, U: inf [Infinity]
  9: f11->f37, V: 0 [O(1)]
  9: f11->f37, W: 0 [O(1)]
  9: f11->f37, X: inf [Infinity]
  9: f11->f37, Y: inf [Infinity]
  9: f11->f37, Z: inf [Infinity]
  10: f11->f37, A: max{A, A+max{0, B-A}} [O(n)]
  10: f11->f37, A1: inf [Infinity]
  10: f11->f37, B: B [O(n)]
  10: f11->f37, B1: inf [Infinity]
  10: f11->f37, C: 0 [O(1)]
  10: f11->f37, D: D [O(n)]
  10: f11->f37, E: E [O(n)]
  10: f11->f37, F: 0 [O(1)]
  10: f11->f37, G: G [O(n)]
  10: f11->f37, H: 0 [O(1)]
  10: f11->f37, I: inf [Infinity]
  10: f11->f37, J: inf [Infinity]
  10: f11->f37, K: inf [Infinity]
  10: f11->f37, L: D [O(n)]
  10: f11->f37, M: 0 [O(1)]
  10: f11->f37, N: 0 [O(1)]
  10: f11->f37, O: 0 [O(1)]
  10: f11->f37, P: 0 [O(1)]
  10: f11->f37, Q: R [O(n)]
  10: f11->f37, R: 0 [O(1)]
  10: f11->f37, S: 0 [O(1)]
  10: f11->f37, T: 0 [O(1)]
  10: f11->f37, U: 0 [O(1)]
  10: f11->f37, V: 0 [O(1)]
  10: f11->f37, W: 0 [O(1)]
  10: f11->f37, X: inf [Infinity]
  10: f11->f37, Y: inf [Infinity]
  10: f11->f37, Z: inf [Infinity]
  11: f11->f11, A: A+max{0, B-A} [O(n)]
  11: f11->f11, A1: inf [Infinity]
  11: f11->f11, B: B [O(n)]
  11: f11->f11, B1: inf [Infinity]
  11: f11->f11, C: 1 [O(1)]
  11: f11->f11, D: D [O(n)]
  11: f11->f11, E: E [O(n)]
  11: f11->f11, F: 0 [O(1)]
  11: f11->f11, G: G [O(n)]
  11: f11->f11, H: 0 [O(1)]
  11: f11->f11, I: inf [Infinity]
  11: f11->f11, J: inf [Infinity]
  11: f11->f11, K: inf [Infinity]
  11: f11->f11, L: D [O(n)]
  11: f11->f11, M: 0 [O(1)]
  11: f11->f11, N: 0 [O(1)]
  11: f11->f11, O: 0 [O(1)]
  11: f11->f11, P: 0 [O(1)]
  11: f11->f11, Q: R [O(n)]
  11: f11->f11, R: R [O(n)]
  11: f11->f11, S: 1 [O(1)]
  11: f11->f11, T: 1 [O(1)]
  11: f11->f11, U: 1 [O(1)]
  11: f11->f11, V: 0 [O(1)]
  11: f11->f11, W: 0 [O(1)]
  11: f11->f11, X: inf [Infinity]
  11: f11->f11, Y: inf [Infinity]
  11: f11->f11, Z: inf [Infinity]
  1: f37->f45, A: max{A, A+max{0, B-A}} [O(n)]
  1: f37->f45, A1: inf [Infinity]
  1: f37->f45, B: B [O(n)]
  1: f37->f45, B1: inf [Infinity]
  1: f37->f45, C: inf [Infinity]
  1: f37->f45, D: D [O(n)]
  1: f37->f45, E: E [O(n)]
  1: f37->f45, F: 0 [O(1)]
  1: f37->f45, G: G [O(n)]
  1: f37->f45, H: 0 [O(1)]
  1: f37->f45, I: inf [Infinity]
  1: f37->f45, J: inf [Infinity]
  1: f37->f45, K: inf [Infinity]
  1: f37->f45, L: D [O(n)]
  1: f37->f45, M: 0 [O(1)]
  1: f37->f45, N: 0 [O(1)]
  1: f37->f45, O: 0 [O(1)]
  1: f37->f45, P: 0 [O(1)]
  1: f37->f45, Q: R [O(n)]
  1: f37->f45, R: 0 [O(1)]
  1: f37->f45, S: inf [Infinity]
  1: f37->f45, T: inf [Infinity]
  1: f37->f45, U: inf [Infinity]
  1: f37->f45, V: 0 [O(1)]
  1: f37->f45, W: 0 [O(1)]
  1: f37->f45, X: inf [Infinity]
  1: f37->f45, Y: inf [Infinity]
  1: f37->f45, Z: inf [Infinity]
  2: f37->f45, A: max{A, A+max{0, B-A}} [O(n)]
  2: f37->f45, A1: inf [Infinity]
  2: f37->f45, B: B [O(n)]
  2: f37->f45, B1: inf [Infinity]
  2: f37->f45, C: 1 [O(1)]
  2: f37->f45, D: D [O(n)]
  2: f37->f45, E: E [O(n)]
  2: f37->f45, F: 0 [O(1)]
  2: f37->f45, G: G [O(n)]
  2: f37->f45, H: 0 [O(1)]
  2: f37->f45, I: inf [Infinity]
  2: f37->f45, J: inf [Infinity]
  2: f37->f45, K: inf [Infinity]
  2: f37->f45, L: D [O(n)]
  2: f37->f45, M: 0 [O(1)]
  2: f37->f45, N: 0 [O(1)]
  2: f37->f45, O: 0 [O(1)]
  2: f37->f45, P: 0 [O(1)]
  2: f37->f45, Q: R [O(n)]
  2: f37->f45, R: 0 [O(1)]
  2: f37->f45, S: 1 [O(1)]
  2: f37->f45, T: 1 [O(1)]
  2: f37->f45, U: 1 [O(1)]
  2: f37->f45, V: 0 [O(1)]
  2: f37->f45, W: 0 [O(1)]
  2: f37->f45, X: inf [Infinity]
  2: f37->f45, Y: inf [Infinity]
  2: f37->f45, Z: inf [Infinity]
  7: f37->f45, A: max{A, A+max{0, B-A}} [O(n)]
  7: f37->f45, A1: inf [Infinity]
  7: f37->f45, B: B [O(n)]
  7: f37->f45, B1: inf [Infinity]
  7: f37->f45, C: 2 [O(1)]
  7: f37->f45, D: 1+D [O(n)]
  7: f37->f45, E: E [O(n)]
  7: f37->f45, F: 0 [O(1)]
  7: f37->f45, G: 0 [O(1)]
  7: f37->f45, H: 0 [O(1)]
  7: f37->f45, I: inf [Infinity]
  7: f37->f45, J: inf [Infinity]
  7: f37->f45, K: inf [Infinity]
  7: f37->f45, L: D [O(n)]
  7: f37->f45, M: 0 [O(1)]
  7: f37->f45, N: 0 [O(1)]
  7: f37->f45, O: 0 [O(1)]
  7: f37->f45, P: 0 [O(1)]
  7: f37->f45, Q: R [O(n)]
  7: f37->f45, R: 0 [O(1)]
  7: f37->f45, S: 2 [O(1)]
  7: f37->f45, T: 2 [O(1)]
  7: f37->f45, U: 2 [O(1)]
  7: f37->f45, V: 0 [O(1)]
  7: f37->f45, W: 0 [O(1)]
  7: f37->f45, X: inf [Infinity]
  7: f37->f45, Y: inf [Infinity]
  7: f37->f45, Z: inf [Infinity]
  5: f45->f53, A: max{A, A+max{0, B-A}} [O(n)]
  5: f45->f53, A1: inf [Infinity]
  5: f45->f53, B: max{B, A, A+max{0, B-A}} [O(n)]
  5: f45->f53, B1: inf [Infinity]
  5: f45->f53, C: inf [Infinity]
  5: f45->f53, D: 0 [O(1)]
  5: f45->f53, E: 0 [O(1)]
  5: f45->f53, F: 0 [O(1)]
  5: f45->f53, G: max{0, G} [O(n)]
  5: f45->f53, H: inf [Infinity]
  5: f45->f53, I: inf [Infinity]
  5: f45->f53, J: inf [Infinity]
  5: f45->f53, K: inf [Infinity]
  5: f45->f53, L: max{D, D, L} [O(n)]
  5: f45->f53, M: inf [Infinity]
  5: f45->f53, N: inf [Infinity]
  5: f45->f53, O: inf [Infinity]
  5: f45->f53, P: max{0, P} [O(n)]
  5: f45->f53, Q: max{R, R, Q} [O(n)]
  5: f45->f53, R: max{0, R} [O(n)]
  5: f45->f53, S: inf [Infinity]
  5: f45->f53, T: inf [Infinity]
  5: f45->f53, U: inf [Infinity]
  5: f45->f53, V: max{0, V} [O(n)]
  5: f45->f53, W: 0 [O(1)]
  5: f45->f53, X: inf [Infinity]
  5: f45->f53, Y: inf [Infinity]
  5: f45->f53, Z: inf [Infinity]
  6: f45->f53, A: max{A, A+max{0, B-A}} [O(n)]
  6: f45->f53, A1: inf [Infinity]
  6: f45->f53, B: max{B, A, A+max{0, B-A}} [O(n)]
  6: f45->f53, B1: inf [Infinity]
  6: f45->f53, C: inf [Infinity]
  6: f45->f53, D: 0 [O(1)]
  6: f45->f53, E: inf [Infinity]
  6: f45->f53, F: 0 [O(1)]
  6: f45->f53, G: max{0, G} [O(n)]
  6: f45->f53, H: inf [Infinity]
  6: f45->f53, I: inf [Infinity]
  6: f45->f53, J: inf [Infinity]
  6: f45->f53, K: inf [Infinity]
  6: f45->f53, L: max{D, D, L} [O(n)]
  6: f45->f53, M: inf [Infinity]
  6: f45->f53, N: inf [Infinity]
  6: f45->f53, O: inf [Infinity]
  6: f45->f53, P: max{0, P} [O(n)]
  6: f45->f53, Q: max{R, R, Q} [O(n)]
  6: f45->f53, R: max{0, R} [O(n)]
  6: f45->f53, S: inf [Infinity]
  6: f45->f53, T: inf [Infinity]
  6: f45->f53, U: inf [Infinity]
  6: f45->f53, V: max{0, V} [O(n)]
  6: f45->f53, W: 0 [O(1)]
  6: f45->f53, X: inf [Infinity]
  6: f45->f53, Y: inf [Infinity]
  6: f45->f53, Z: inf [Infinity]
  3: f53->f53, A: max{A, A+max{0, B-A}} [O(n)]
  3: f53->f53, A1: inf [Infinity]
  3: f53->f53, B: max{B, A, A+max{0, B-A}} [O(n)]
  3: f53->f53, B1: inf [Infinity]
  3: f53->f53, C: inf [Infinity]
  3: f53->f53, D: 0 [O(1)]
  3: f53->f53, E: inf [Infinity]
  3: f53->f53, F: 0 [O(1)]
  3: f53->f53, G: max{0, G} [O(n)]
  3: f53->f53, H: inf [Infinity]
  3: f53->f53, I: inf [Infinity]
  3: f53->f53, J: inf [Infinity]
  3: f53->f53, K: inf [Infinity]
  3: f53->f53, L: max{D, D, L} [O(n)]
  3: f53->f53, M: inf [Infinity]
  3: f53->f53, N: inf [Infinity]
  3: f53->f53, O: inf [Infinity]
  3: f53->f53, P: max{0, P} [O(n)]
  3: f53->f53, Q: max{R, R, Q} [O(n)]
  3: f53->f53, R: max{0, R} [O(n)]
  3: f53->f53, S: inf [Infinity]
  3: f53->f53, T: inf [Infinity]
  3: f53->f53, U: inf [Infinity]
  3: f53->f53, V: max{0, V} [O(n)]
  3: f53->f53, W: 0 [O(1)]
  3: f53->f53, X: inf [Infinity]
  3: f53->f53, Y: inf [Infinity]
  3: f53->f53, Z: inf [Infinity]
