Timebounds: 
  Overall timebound: inf [Infinity]
  28: f0->f34: 1 [O(1)]
  29: f0->f34: 1 [O(1)]
  17: f100->f130: 1 [O(1)]
  18: f100->f100: inf [Infinity]
  12: f130->f191: 1 [O(1)]
  15: f130->f130: inf [Infinity]
  16: f130->f130: inf [Infinity]
  8: f191->f191: inf [Infinity]
  10: f191->f213: 1 [O(1)]
  6: f213->f213: inf [Infinity]
  1: f34->f34: max{0, M2}+max{0, O2} [O(n)]
  2: f34->f44: max{0, M2}+max{0, O2} [O(n)]
  26: f34->f44: max{0, M2}+max{0, O2} [O(n)]
  27: f34->f65: 1 [O(1)]
  24: f44->f34: max{0, M2}+max{0, O2} [O(n)]
  25: f44->f34: max{0, M2}+max{0, O2} [O(n)]
  4: f65->f75: inf [Infinity]
  22: f65->f75: inf [Infinity]
  23: f65->f100: 1 [O(1)]
  5: f75->f79: inf [Infinity]
  21: f75->f79: inf [Infinity]
  0: f79->f81: inf [Infinity]
  20: f79->f81: inf [Infinity]
  3: f81->f65: inf [Infinity]
  19: f81->f65: inf [Infinity]

Costbounds:
  Overall costbound: inf [Infinity]
  28: f0->f34: 1 [O(1)]
  29: f0->f34: 1 [O(1)]
  17: f100->f130: 1 [O(1)]
  18: f100->f100: inf [Infinity]
  12: f130->f191: 1 [O(1)]
  15: f130->f130: inf [Infinity]
  16: f130->f130: inf [Infinity]
  8: f191->f191: inf [Infinity]
  10: f191->f213: 1 [O(1)]
  6: f213->f213: inf [Infinity]
  1: f34->f34: max{0, M2}+max{0, O2} [O(n)]
  2: f34->f44: max{0, M2}+max{0, O2} [O(n)]
  26: f34->f44: max{0, M2}+max{0, O2} [O(n)]
  27: f34->f65: 1 [O(1)]
  24: f44->f34: max{0, M2}+max{0, O2} [O(n)]
  25: f44->f34: max{0, M2}+max{0, O2} [O(n)]
  4: f65->f75: inf [Infinity]
  22: f65->f75: inf [Infinity]
  23: f65->f100: 1 [O(1)]
  5: f75->f79: inf [Infinity]
  21: f75->f79: inf [Infinity]
  0: f79->f81: inf [Infinity]
  20: f79->f81: inf [Infinity]
  3: f81->f65: inf [Infinity]
  19: f81->f65: inf [Infinity]

Sizebounds:
`Lower:
  28: f0->f34, A: A [O(n)]
  28: f0->f34, A1: A1 [O(n)]
  28: f0->f34, A2: A2 [O(n)]
  28: f0->f34, B: M2 [O(n)]
  28: f0->f34, B1: B1 [O(n)]
  28: f0->f34, B2: 0 [O(1)]
  28: f0->f34, C: C [O(n)]
  28: f0->f34, C1: C1 [O(n)]
  28: f0->f34, C2: 0 [O(1)]
  28: f0->f34, D: D [O(n)]
  28: f0->f34, D1: D1 [O(n)]
  28: f0->f34, D2: K2 [O(n)]
  28: f0->f34, E: E [O(n)]
  28: f0->f34, E1: E1 [O(n)]
  28: f0->f34, E2: L2 [O(n)]
  28: f0->f34, F: F [O(n)]
  28: f0->f34, F1: F1 [O(n)]
  28: f0->f34, F2: 0 [O(1)]
  28: f0->f34, G: G [O(n)]
  28: f0->f34, G1: G1 [O(n)]
  28: f0->f34, G2: M2 [O(n)]
  28: f0->f34, H: H [O(n)]
  28: f0->f34, H1: H1 [O(n)]
  28: f0->f34, H2: H2 [O(n)]
  28: f0->f34, I: I [O(n)]
  28: f0->f34, I1: I1 [O(n)]
  28: f0->f34, I2: I2 [O(n)]
  28: f0->f34, J: J [O(n)]
  28: f0->f34, J1: J1 [O(n)]
  28: f0->f34, J2: J2 [O(n)]
  28: f0->f34, K: 0 [O(1)]
  28: f0->f34, K1: K1 [O(n)]
  28: f0->f34, L: L [O(n)]
  28: f0->f34, L1: L1 [O(n)]
  28: f0->f34, M: M [O(n)]
  28: f0->f34, M1: M1 [O(n)]
  28: f0->f34, N: N [O(n)]
  28: f0->f34, N1: N1 [O(n)]
  28: f0->f34, O: O [O(n)]
  28: f0->f34, O1: O1 [O(n)]
  28: f0->f34, P: P [O(n)]
  28: f0->f34, P1: P1 [O(n)]
  28: f0->f34, Q: 0 [O(1)]
  28: f0->f34, Q1: Q1 [O(n)]
  28: f0->f34, R: 0 [O(1)]
  28: f0->f34, R1: R1 [O(n)]
  28: f0->f34, S: S [O(n)]
  28: f0->f34, S1: S1 [O(n)]
  28: f0->f34, T: 0 [O(1)]
  28: f0->f34, T1: T1 [O(n)]
  28: f0->f34, U: 0 [O(1)]
  28: f0->f34, U1: U1 [O(n)]
  28: f0->f34, V: V [O(n)]
  28: f0->f34, V1: V1 [O(n)]
  28: f0->f34, W: W [O(n)]
  28: f0->f34, W1: W1 [O(n)]
  28: f0->f34, X: X [O(n)]
  28: f0->f34, X1: X1 [O(n)]
  28: f0->f34, Y: Y [O(n)]
  28: f0->f34, Y1: Y1 [O(n)]
  28: f0->f34, Z: Z [O(n)]
  28: f0->f34, Z1: Z1 [O(n)]
  29: f0->f34, A: A [O(n)]
  29: f0->f34, A1: A1 [O(n)]
  29: f0->f34, A2: A2 [O(n)]
  29: f0->f34, B: O2 [O(n)]
  29: f0->f34, B1: B1 [O(n)]
  29: f0->f34, B2: 0 [O(1)]
  29: f0->f34, C: C [O(n)]
  29: f0->f34, C1: C1 [O(n)]
  29: f0->f34, C2: 0 [O(1)]
  29: f0->f34, D: D [O(n)]
  29: f0->f34, D1: D1 [O(n)]
  29: f0->f34, D2: K2 [O(n)]
  29: f0->f34, E: E [O(n)]
  29: f0->f34, E1: E1 [O(n)]
  29: f0->f34, E2: 1 [O(1)]
  29: f0->f34, F: F [O(n)]
  29: f0->f34, F1: F1 [O(n)]
  29: f0->f34, F2: 0 [O(1)]
  29: f0->f34, G: G [O(n)]
  29: f0->f34, G1: G1 [O(n)]
  29: f0->f34, G2: O2 [O(n)]
  29: f0->f34, H: H [O(n)]
  29: f0->f34, H1: H1 [O(n)]
  29: f0->f34, H2: M2 [O(n)]
  29: f0->f34, I: I [O(n)]
  29: f0->f34, I1: I1 [O(n)]
  29: f0->f34, I2: N2 [O(n)]
  29: f0->f34, J: J [O(n)]
  29: f0->f34, J1: J1 [O(n)]
  29: f0->f34, J2: 0 [O(1)]
  29: f0->f34, K: 0 [O(1)]
  29: f0->f34, K1: K1 [O(n)]
  29: f0->f34, L: L [O(n)]
  29: f0->f34, L1: L1 [O(n)]
  29: f0->f34, M: M [O(n)]
  29: f0->f34, M1: M1 [O(n)]
  29: f0->f34, N: N [O(n)]
  29: f0->f34, N1: N1 [O(n)]
  29: f0->f34, O: O [O(n)]
  29: f0->f34, O1: O1 [O(n)]
  29: f0->f34, P: P [O(n)]
  29: f0->f34, P1: P1 [O(n)]
  29: f0->f34, Q: 0 [O(1)]
  29: f0->f34, Q1: Q1 [O(n)]
  29: f0->f34, R: 0 [O(1)]
  29: f0->f34, R1: R1 [O(n)]
  29: f0->f34, S: S [O(n)]
  29: f0->f34, S1: S1 [O(n)]
  29: f0->f34, T: 0 [O(1)]
  29: f0->f34, T1: T1 [O(n)]
  29: f0->f34, U: 0 [O(1)]
  29: f0->f34, U1: U1 [O(n)]
  29: f0->f34, V: V [O(n)]
  29: f0->f34, V1: V1 [O(n)]
  29: f0->f34, W: W [O(n)]
  29: f0->f34, W1: W1 [O(n)]
  29: f0->f34, X: X [O(n)]
  29: f0->f34, X1: X1 [O(n)]
  29: f0->f34, Y: Y [O(n)]
  29: f0->f34, Y1: Y1 [O(n)]
  29: f0->f34, Z: Z [O(n)]
  29: f0->f34, Z1: Z1 [O(n)]
  17: f100->f130, A1: A1 [O(n)]
  17: f100->f130, B: -max{0, -M2, -O2} [O(n)]
  17: f100->f130, B1: B1 [O(n)]
  17: f100->f130, B2: 0 [O(1)]
  17: f100->f130, C1: C1 [O(n)]
  17: f100->f130, C2: 0 [O(1)]
  17: f100->f130, D1: D1 [O(n)]
  17: f100->f130, D2: K2 [O(n)]
  17: f100->f130, E1: E1 [O(n)]
  17: f100->f130, E2: -max{-1, -L2} [O(n)]
  17: f100->f130, F1: F1 [O(n)]
  17: f100->f130, F2: 0 [O(1)]
  17: f100->f130, G1: G1 [O(n)]
  17: f100->f130, G2: -max{-1, -M2, -O2} [O(n)]
  17: f100->f130, H1: H1 [O(n)]
  17: f100->f130, H2: -max{-H2, -M2, max{-M2, -H2}} [O(n)]
  17: f100->f130, I1: I1 [O(n)]
  17: f100->f130, I2: -max{-I2, -N2, max{-N2, -I2}} [O(n)]
  17: f100->f130, J: J [O(n)]
  17: f100->f130, J1: J1 [O(n)]
  17: f100->f130, J2: -max{0, -J2} [O(n)]
  17: f100->f130, K: 0 [O(1)]
  17: f100->f130, K1: K1 [O(n)]
  17: f100->f130, L: L [O(n)]
  17: f100->f130, L1: L1 [O(n)]
  17: f100->f130, M: M [O(n)]
  17: f100->f130, M1: M1 [O(n)]
  17: f100->f130, N: N [O(n)]
  17: f100->f130, N1: N1 [O(n)]
  17: f100->f130, O: O [O(n)]
  17: f100->f130, O1: O1 [O(n)]
  17: f100->f130, P: P [O(n)]
  17: f100->f130, P1: P1 [O(n)]
  17: f100->f130, Q: 0 [O(1)]
  17: f100->f130, R: 0 [O(1)]
  17: f100->f130, S: S [O(n)]
  17: f100->f130, T: 0 [O(1)]
  17: f100->f130, U: 0 [O(1)]
  17: f100->f130, V: V [O(n)]
  17: f100->f130, W: W [O(n)]
  17: f100->f130, X: X [O(n)]
  17: f100->f130, Y: Y [O(n)]
  17: f100->f130, Y1: -max{-1, -Y1} [O(n)]
  17: f100->f130, Z: Z [O(n)]
  18: f100->f100, A1: A1 [O(n)]
  18: f100->f100, B: -max{0, -M2, -O2} [O(n)]
  18: f100->f100, B1: B1 [O(n)]
  18: f100->f100, B2: 0 [O(1)]
  18: f100->f100, C1: C1 [O(n)]
  18: f100->f100, C2: 0 [O(1)]
  18: f100->f100, D1: D1 [O(n)]
  18: f100->f100, D2: K2 [O(n)]
  18: f100->f100, E1: E1 [O(n)]
  18: f100->f100, E2: -max{-1, -L2} [O(n)]
  18: f100->f100, F1: F1 [O(n)]
  18: f100->f100, F2: 0 [O(1)]
  18: f100->f100, G1: G1 [O(n)]
  18: f100->f100, G2: -max{-1, -M2, -O2} [O(n)]
  18: f100->f100, H1: H1 [O(n)]
  18: f100->f100, H2: -max{-H2, -M2, max{-M2, -H2}} [O(n)]
  18: f100->f100, I1: I1 [O(n)]
  18: f100->f100, I2: -max{-I2, -N2, max{-N2, -I2}} [O(n)]
  18: f100->f100, J: J [O(n)]
  18: f100->f100, J1: J1 [O(n)]
  18: f100->f100, J2: -max{0, -J2} [O(n)]
  18: f100->f100, K: 0 [O(1)]
  18: f100->f100, K1: K1 [O(n)]
  18: f100->f100, L: L [O(n)]
  18: f100->f100, L1: L1 [O(n)]
  18: f100->f100, M: M [O(n)]
  18: f100->f100, M1: M1 [O(n)]
  18: f100->f100, N: N [O(n)]
  18: f100->f100, N1: N1 [O(n)]
  18: f100->f100, O: O [O(n)]
  18: f100->f100, O1: O1 [O(n)]
  18: f100->f100, P: P [O(n)]
  18: f100->f100, P1: P1 [O(n)]
  18: f100->f100, Q: 0 [O(1)]
  18: f100->f100, Q1: 0 [O(1)]
  18: f100->f100, R: 0 [O(1)]
  18: f100->f100, R1: R1 [O(n)]
  18: f100->f100, S: S [O(n)]
  18: f100->f100, T: 0 [O(1)]
  18: f100->f100, U: 0 [O(1)]
  18: f100->f100, V: V [O(n)]
  18: f100->f100, W: W [O(n)]
  18: f100->f100, X: X [O(n)]
  18: f100->f100, X1: 1 [O(1)]
  18: f100->f100, Y: Y [O(n)]
  18: f100->f100, Y1: -max{-1, -Y1} [O(n)]
  18: f100->f100, Z: Z [O(n)]
  12: f130->f191, B: -max{0, -M2, -O2} [O(n)]
  12: f130->f191, B1: B1 [O(n)]
  12: f130->f191, B2: 0 [O(1)]
  12: f130->f191, C1: C1 [O(n)]
  12: f130->f191, C2: 0 [O(1)]
  12: f130->f191, D1: D1 [O(n)]
  12: f130->f191, D2: K2 [O(n)]
  12: f130->f191, E1: -max{0, -E1} [O(n)]
  12: f130->f191, E2: -max{-1, -L2} [O(n)]
  12: f130->f191, F1: F1 [O(n)]
  12: f130->f191, F2: 0 [O(1)]
  12: f130->f191, G1: G1 [O(n)]
  12: f130->f191, G2: -max{-1, -M2, -O2} [O(n)]
  12: f130->f191, H1: H1 [O(n)]
  12: f130->f191, H2: -max{-H2, -M2, max{-M2, -H2}} [O(n)]
  12: f130->f191, I1: I1 [O(n)]
  12: f130->f191, I2: -max{-I2, -N2, max{-N2, -I2}} [O(n)]
  12: f130->f191, J1: J1 [O(n)]
  12: f130->f191, J2: -max{0, -J2} [O(n)]
  12: f130->f191, K: 0 [O(1)]
  12: f130->f191, L: L [O(n)]
  12: f130->f191, M: M [O(n)]
  12: f130->f191, N: N [O(n)]
  12: f130->f191, O: O [O(n)]
  12: f130->f191, O1: -max{0, -O1} [O(n)]
  12: f130->f191, P: P [O(n)]
  12: f130->f191, P1: -max{0, -P1} [O(n)]
  12: f130->f191, Q: 0 [O(1)]
  12: f130->f191, R: 0 [O(1)]
  12: f130->f191, S: S [O(n)]
  12: f130->f191, T: 0 [O(1)]
  12: f130->f191, U: 0 [O(1)]
  12: f130->f191, Y1: -max{-1, -Y1} [O(n)]
  12: f130->f191, Z: Z [O(n)]
  15: f130->f130, B: -max{0, -M2, -O2} [O(n)]
  15: f130->f130, B1: B1 [O(n)]
  15: f130->f130, B2: 0 [O(1)]
  15: f130->f130, C1: C1 [O(n)]
  15: f130->f130, C2: 0 [O(1)]
  15: f130->f130, D1: D1 [O(n)]
  15: f130->f130, D2: K2 [O(n)]
  15: f130->f130, E1: -max{0, -E1} [O(n)]
  15: f130->f130, E2: -max{-1, -L2} [O(n)]
  15: f130->f130, F1: F1 [O(n)]
  15: f130->f130, F2: 0 [O(1)]
  15: f130->f130, G1: G1 [O(n)]
  15: f130->f130, G2: -max{-1, -M2, -O2} [O(n)]
  15: f130->f130, H1: H1 [O(n)]
  15: f130->f130, H2: -max{-H2, -M2, max{-M2, -H2}} [O(n)]
  15: f130->f130, I1: I1 [O(n)]
  15: f130->f130, I2: -max{-I2, -N2, max{-N2, -I2}} [O(n)]
  15: f130->f130, J: J [O(n)]
  15: f130->f130, J1: J1 [O(n)]
  15: f130->f130, J2: -max{0, -J2} [O(n)]
  15: f130->f130, K: 0 [O(1)]
  15: f130->f130, L: L [O(n)]
  15: f130->f130, M: M [O(n)]
  15: f130->f130, N: N [O(n)]
  15: f130->f130, O: O [O(n)]
  15: f130->f130, O1: -max{0, -O1} [O(n)]
  15: f130->f130, P: P [O(n)]
  15: f130->f130, P1: -max{0, -P1} [O(n)]
  15: f130->f130, Q: 0 [O(1)]
  15: f130->f130, R: 0 [O(1)]
  15: f130->f130, S: S [O(n)]
  15: f130->f130, T: 0 [O(1)]
  15: f130->f130, U: 0 [O(1)]
  15: f130->f130, V: 1 [O(1)]
  15: f130->f130, W: 0 [O(1)]
  15: f130->f130, X: X [O(n)]
  15: f130->f130, Y: Y [O(n)]
  15: f130->f130, Y1: -max{-1, -Y1} [O(n)]
  15: f130->f130, Z: Z [O(n)]
  16: f130->f130, B: -max{0, -M2, -O2} [O(n)]
  16: f130->f130, B1: B1 [O(n)]
  16: f130->f130, B2: 0 [O(1)]
  16: f130->f130, C1: C1 [O(n)]
  16: f130->f130, C2: 0 [O(1)]
  16: f130->f130, D1: D1 [O(n)]
  16: f130->f130, D2: K2 [O(n)]
  16: f130->f130, E1: 0 [O(1)]
  16: f130->f130, E2: -max{-1, -L2} [O(n)]
  16: f130->f130, F1: F1 [O(n)]
  16: f130->f130, F2: 0 [O(1)]
  16: f130->f130, G1: G1 [O(n)]
  16: f130->f130, G2: -max{-1, -M2, -O2} [O(n)]
  16: f130->f130, H1: H1 [O(n)]
  16: f130->f130, H2: -max{-H2, -M2, max{-M2, -H2}} [O(n)]
  16: f130->f130, I1: I1 [O(n)]
  16: f130->f130, I2: -max{-I2, -N2, max{-N2, -I2}} [O(n)]
  16: f130->f130, J: J [O(n)]
  16: f130->f130, J1: J1 [O(n)]
  16: f130->f130, J2: -max{0, -J2} [O(n)]
  16: f130->f130, K: 0 [O(1)]
  16: f130->f130, K1: 1 [O(1)]
  16: f130->f130, L: L [O(n)]
  16: f130->f130, M: M [O(n)]
  16: f130->f130, N: N [O(n)]
  16: f130->f130, O: O [O(n)]
  16: f130->f130, O1: 0 [O(1)]
  16: f130->f130, P: P [O(n)]
  16: f130->f130, P1: 0 [O(1)]
  16: f130->f130, Q: 0 [O(1)]
  16: f130->f130, R: 0 [O(1)]
  16: f130->f130, S: S [O(n)]
  16: f130->f130, T: 0 [O(1)]
  16: f130->f130, U: 0 [O(1)]
  16: f130->f130, V: 1 [O(1)]
  16: f130->f130, W: 0 [O(1)]
  16: f130->f130, X: X [O(n)]
  16: f130->f130, Y: Y [O(n)]
  16: f130->f130, Y1: -max{-1, -Y1} [O(n)]
  16: f130->f130, Z: Z [O(n)]
  8: f191->f191, B: -max{0, -M2, -O2} [O(n)]
  8: f191->f191, B1: B1 [O(n)]
  8: f191->f191, B2: 0 [O(1)]
  8: f191->f191, C1: C1 [O(n)]
  8: f191->f191, C2: 0 [O(1)]
  8: f191->f191, D1: D1 [O(n)]
  8: f191->f191, D2: K2 [O(n)]
  8: f191->f191, E1: -max{0, -E1} [O(n)]
  8: f191->f191, E2: -max{-1, -L2} [O(n)]
  8: f191->f191, F1: F1 [O(n)]
  8: f191->f191, F2: 0 [O(1)]
  8: f191->f191, G1: G1 [O(n)]
  8: f191->f191, G2: -max{-1, -M2, -O2} [O(n)]
  8: f191->f191, H1: H1 [O(n)]
  8: f191->f191, H2: -max{-H2, -M2, max{-M2, -H2}} [O(n)]
  8: f191->f191, I1: I1 [O(n)]
  8: f191->f191, I2: -max{-I2, -N2, max{-N2, -I2}} [O(n)]
  8: f191->f191, J: 0 [O(1)]
  8: f191->f191, J1: J1 [O(n)]
  8: f191->f191, J2: -max{0, -J2} [O(n)]
  8: f191->f191, K: 1 [O(1)]
  8: f191->f191, L: 0 [O(1)]
  8: f191->f191, N: 0 [O(1)]
  8: f191->f191, O: 0 [O(1)]
  8: f191->f191, O1: -max{0, -O1} [O(n)]
  8: f191->f191, P1: -max{0, -P1} [O(n)]
  8: f191->f191, Q: 0 [O(1)]
  8: f191->f191, R: 0 [O(1)]
  8: f191->f191, S: S [O(n)]
  8: f191->f191, T: 0 [O(1)]
  8: f191->f191, U: 0 [O(1)]
  8: f191->f191, Y: 1 [O(1)]
  8: f191->f191, Y1: -max{-1, -Y1} [O(n)]
  8: f191->f191, Z: Z [O(n)]
  10: f191->f213, B: -max{0, -M2, -O2} [O(n)]
  10: f191->f213, B1: B1 [O(n)]
  10: f191->f213, B2: 0 [O(1)]
  10: f191->f213, C1: C1 [O(n)]
  10: f191->f213, C2: 0 [O(1)]
  10: f191->f213, D1: D1 [O(n)]
  10: f191->f213, D2: K2 [O(n)]
  10: f191->f213, E1: -max{0, -E1} [O(n)]
  10: f191->f213, E2: -max{-1, -L2} [O(n)]
  10: f191->f213, F1: F1 [O(n)]
  10: f191->f213, F2: 0 [O(1)]
  10: f191->f213, G1: G1 [O(n)]
  10: f191->f213, G2: -max{-1, -M2, -O2} [O(n)]
  10: f191->f213, H1: H1 [O(n)]
  10: f191->f213, H2: -max{-H2, -M2, max{-M2, -H2}} [O(n)]
  10: f191->f213, I1: I1 [O(n)]
  10: f191->f213, I2: -max{-I2, -N2, max{-N2, -I2}} [O(n)]
  10: f191->f213, J1: J1 [O(n)]
  10: f191->f213, J2: -max{0, -J2} [O(n)]
  10: f191->f213, K: 0 [O(1)]
  10: f191->f213, L: -max{0, -L} [O(n)]
  10: f191->f213, N: -max{0, -N} [O(n)]
  10: f191->f213, O: -max{0, -O} [O(n)]
  10: f191->f213, O1: -max{0, -O1} [O(n)]
  10: f191->f213, P1: -max{0, -P1} [O(n)]
  10: f191->f213, Q: 0 [O(1)]
  10: f191->f213, R: 0 [O(1)]
  10: f191->f213, T: 1 [O(1)]
  10: f191->f213, U: 0 [O(1)]
  10: f191->f213, Y1: -max{-1, -Y1} [O(n)]
  10: f191->f213, Z: Z [O(n)]
  6: f213->f213, B: -max{0, -M2, -O2} [O(n)]
  6: f213->f213, B1: B1 [O(n)]
  6: f213->f213, B2: 0 [O(1)]
  6: f213->f213, C1: C1 [O(n)]
  6: f213->f213, C2: 0 [O(1)]
  6: f213->f213, D1: D1 [O(n)]
  6: f213->f213, D2: K2 [O(n)]
  6: f213->f213, E1: -max{0, -E1} [O(n)]
  6: f213->f213, E2: -max{-1, -L2} [O(n)]
  6: f213->f213, F1: F1 [O(n)]
  6: f213->f213, F2: 0 [O(1)]
  6: f213->f213, G1: G1 [O(n)]
  6: f213->f213, G2: -max{-1, -M2, -O2} [O(n)]
  6: f213->f213, H1: H1 [O(n)]
  6: f213->f213, H2: -max{-H2, -M2, max{-M2, -H2}} [O(n)]
  6: f213->f213, I1: I1 [O(n)]
  6: f213->f213, I2: -max{-I2, -N2, max{-N2, -I2}} [O(n)]
  6: f213->f213, J1: J1 [O(n)]
  6: f213->f213, J2: -max{0, -J2} [O(n)]
  6: f213->f213, K: 0 [O(1)]
  6: f213->f213, L: -max{0, -L} [O(n)]
  6: f213->f213, N: -max{0, -N} [O(n)]
  6: f213->f213, O: -max{0, -O} [O(n)]
  6: f213->f213, O1: -max{0, -O1} [O(n)]
  6: f213->f213, P1: -max{0, -P1} [O(n)]
  6: f213->f213, Q: 0 [O(1)]
  6: f213->f213, R: 0 [O(1)]
  6: f213->f213, T: 1 [O(1)]
  6: f213->f213, U: 0 [O(1)]
  6: f213->f213, Y1: -max{-1, -Y1} [O(n)]
  6: f213->f213, Z: Z [O(n)]
  1: f34->f34, A: A [O(n)]
  1: f34->f34, A1: A1 [O(n)]
  1: f34->f34, A2: A2 [O(n)]
  1: f34->f34, B: 0 [O(1)]
  1: f34->f34, B1: B1 [O(n)]
  1: f34->f34, B2: 0 [O(1)]
  1: f34->f34, C1: C1 [O(n)]
  1: f34->f34, C2: 0 [O(1)]
  1: f34->f34, D1: D1 [O(n)]
  1: f34->f34, D2: K2 [O(n)]
  1: f34->f34, E1: E1 [O(n)]
  1: f34->f34, E2: -max{-1, -L2} [O(n)]
  1: f34->f34, F: F [O(n)]
  1: f34->f34, F1: F1 [O(n)]
  1: f34->f34, F2: 0 [O(1)]
  1: f34->f34, G: G [O(n)]
  1: f34->f34, G1: G1 [O(n)]
  1: f34->f34, G2: 1 [O(1)]
  1: f34->f34, H: H [O(n)]
  1: f34->f34, H1: H1 [O(n)]
  1: f34->f34, H2: -max{-H2, -M2} [O(n)]
  1: f34->f34, I: I [O(n)]
  1: f34->f34, I1: I1 [O(n)]
  1: f34->f34, I2: -max{-I2, -N2} [O(n)]
  1: f34->f34, J: J [O(n)]
  1: f34->f34, J1: J1 [O(n)]
  1: f34->f34, J2: -max{0, -J2} [O(n)]
  1: f34->f34, K: 0 [O(1)]
  1: f34->f34, K1: K1 [O(n)]
  1: f34->f34, L: L [O(n)]
  1: f34->f34, L1: L1 [O(n)]
  1: f34->f34, M: M [O(n)]
  1: f34->f34, M1: M1 [O(n)]
  1: f34->f34, N: N [O(n)]
  1: f34->f34, N1: N1 [O(n)]
  1: f34->f34, O: O [O(n)]
  1: f34->f34, O1: O1 [O(n)]
  1: f34->f34, P: P [O(n)]
  1: f34->f34, P1: P1 [O(n)]
  1: f34->f34, Q: 0 [O(1)]
  1: f34->f34, Q1: Q1 [O(n)]
  1: f34->f34, R: 0 [O(1)]
  1: f34->f34, R1: R1 [O(n)]
  1: f34->f34, S: S [O(n)]
  1: f34->f34, S1: S1 [O(n)]
  1: f34->f34, T: 0 [O(1)]
  1: f34->f34, T1: T1 [O(n)]
  1: f34->f34, U: 0 [O(1)]
  1: f34->f34, U1: U1 [O(n)]
  1: f34->f34, V: V [O(n)]
  1: f34->f34, V1: V1 [O(n)]
  1: f34->f34, W: W [O(n)]
  1: f34->f34, W1: W1 [O(n)]
  1: f34->f34, X: X [O(n)]
  1: f34->f34, X1: X1 [O(n)]
  1: f34->f34, Y: Y [O(n)]
  1: f34->f34, Y1: -max{-1, -Y1} [O(n)]
  1: f34->f34, Z: Z [O(n)]
  1: f34->f34, Z1: Z1 [O(n)]
  2: f34->f44, A: A [O(n)]
  2: f34->f44, A1: A1 [O(n)]
  2: f34->f44, A2: A2 [O(n)]
  2: f34->f44, B: 0 [O(1)]
  2: f34->f44, B1: B1 [O(n)]
  2: f34->f44, B2: 0 [O(1)]
  2: f34->f44, C: 1 [O(1)]
  2: f34->f44, C1: C1 [O(n)]
  2: f34->f44, C2: 0 [O(1)]
  2: f34->f44, D1: D1 [O(n)]
  2: f34->f44, D2: K2 [O(n)]
  2: f34->f44, E1: E1 [O(n)]
  2: f34->f44, E2: -max{-1, -L2} [O(n)]
  2: f34->f44, F: F [O(n)]
  2: f34->f44, F1: F1 [O(n)]
  2: f34->f44, F2: 0 [O(1)]
  2: f34->f44, G: G [O(n)]
  2: f34->f44, G1: G1 [O(n)]
  2: f34->f44, G2: 1 [O(1)]
  2: f34->f44, H: H [O(n)]
  2: f34->f44, H1: H1 [O(n)]
  2: f34->f44, H2: -max{-H2, -M2} [O(n)]
  2: f34->f44, I: I [O(n)]
  2: f34->f44, I1: I1 [O(n)]
  2: f34->f44, I2: -max{-I2, -N2} [O(n)]
  2: f34->f44, J: J [O(n)]
  2: f34->f44, J1: J1 [O(n)]
  2: f34->f44, J2: -max{0, -J2} [O(n)]
  2: f34->f44, K: 0 [O(1)]
  2: f34->f44, K1: K1 [O(n)]
  2: f34->f44, L: L [O(n)]
  2: f34->f44, L1: L1 [O(n)]
  2: f34->f44, M: M [O(n)]
  2: f34->f44, M1: M1 [O(n)]
  2: f34->f44, N: N [O(n)]
  2: f34->f44, N1: N1 [O(n)]
  2: f34->f44, O: O [O(n)]
  2: f34->f44, O1: O1 [O(n)]
  2: f34->f44, P: P [O(n)]
  2: f34->f44, P1: P1 [O(n)]
  2: f34->f44, Q: 0 [O(1)]
  2: f34->f44, Q1: Q1 [O(n)]
  2: f34->f44, R: 0 [O(1)]
  2: f34->f44, R1: R1 [O(n)]
  2: f34->f44, S: S [O(n)]
  2: f34->f44, S1: S1 [O(n)]
  2: f34->f44, T: 0 [O(1)]
  2: f34->f44, T1: T1 [O(n)]
  2: f34->f44, U: 0 [O(1)]
  2: f34->f44, U1: U1 [O(n)]
  2: f34->f44, V: V [O(n)]
  2: f34->f44, V1: V1 [O(n)]
  2: f34->f44, W: W [O(n)]
  2: f34->f44, W1: W1 [O(n)]
  2: f34->f44, X: X [O(n)]
  2: f34->f44, X1: X1 [O(n)]
  2: f34->f44, Y: Y [O(n)]
  2: f34->f44, Y1: -max{-1, -Y1} [O(n)]
  2: f34->f44, Z: Z [O(n)]
  2: f34->f44, Z1: Z1 [O(n)]
  26: f34->f44, A: A [O(n)]
  26: f34->f44, A1: A1 [O(n)]
  26: f34->f44, A2: A2 [O(n)]
  26: f34->f44, B: 0 [O(1)]
  26: f34->f44, B1: B1 [O(n)]
  26: f34->f44, B2: 0 [O(1)]
  26: f34->f44, C: 1 [O(1)]
  26: f34->f44, C1: C1 [O(n)]
  26: f34->f44, C2: 0 [O(1)]
  26: f34->f44, D: 1 [O(1)]
  26: f34->f44, D1: D1 [O(n)]
  26: f34->f44, D2: K2 [O(n)]
  26: f34->f44, E1: E1 [O(n)]
  26: f34->f44, E2: -max{-1, -L2} [O(n)]
  26: f34->f44, F: F [O(n)]
  26: f34->f44, F1: F1 [O(n)]
  26: f34->f44, F2: 0 [O(1)]
  26: f34->f44, G: G [O(n)]
  26: f34->f44, G1: G1 [O(n)]
  26: f34->f44, G2: 1 [O(1)]
  26: f34->f44, H: H [O(n)]
  26: f34->f44, H1: H1 [O(n)]
  26: f34->f44, H2: -max{-H2, -M2} [O(n)]
  26: f34->f44, I: I [O(n)]
  26: f34->f44, I1: I1 [O(n)]
  26: f34->f44, I2: -max{-I2, -N2} [O(n)]
  26: f34->f44, J: J [O(n)]
  26: f34->f44, J1: J1 [O(n)]
  26: f34->f44, J2: -max{0, -J2} [O(n)]
  26: f34->f44, K: 0 [O(1)]
  26: f34->f44, K1: K1 [O(n)]
  26: f34->f44, L: L [O(n)]
  26: f34->f44, L1: L1 [O(n)]
  26: f34->f44, M: M [O(n)]
  26: f34->f44, M1: M1 [O(n)]
  26: f34->f44, N: N [O(n)]
  26: f34->f44, N1: N1 [O(n)]
  26: f34->f44, O: O [O(n)]
  26: f34->f44, O1: O1 [O(n)]
  26: f34->f44, P: P [O(n)]
  26: f34->f44, P1: P1 [O(n)]
  26: f34->f44, Q: 0 [O(1)]
  26: f34->f44, Q1: Q1 [O(n)]
  26: f34->f44, R: 0 [O(1)]
  26: f34->f44, R1: R1 [O(n)]
  26: f34->f44, S: S [O(n)]
  26: f34->f44, S1: S1 [O(n)]
  26: f34->f44, T: 0 [O(1)]
  26: f34->f44, T1: T1 [O(n)]
  26: f34->f44, U: 0 [O(1)]
  26: f34->f44, U1: U1 [O(n)]
  26: f34->f44, V: V [O(n)]
  26: f34->f44, V1: V1 [O(n)]
  26: f34->f44, W: W [O(n)]
  26: f34->f44, W1: W1 [O(n)]
  26: f34->f44, X: X [O(n)]
  26: f34->f44, X1: X1 [O(n)]
  26: f34->f44, Y: Y [O(n)]
  26: f34->f44, Y1: -max{-1, -Y1} [O(n)]
  26: f34->f44, Z: Z [O(n)]
  26: f34->f44, Z1: Z1 [O(n)]
  27: f34->f65, A: A [O(n)]
  27: f34->f65, A1: A1 [O(n)]
  27: f34->f65, B: -max{0, -M2, -O2} [O(n)]
  27: f34->f65, B1: B1 [O(n)]
  27: f34->f65, B2: 0 [O(1)]
  27: f34->f65, C1: C1 [O(n)]
  27: f34->f65, C2: 0 [O(1)]
  27: f34->f65, D1: D1 [O(n)]
  27: f34->f65, D2: K2 [O(n)]
  27: f34->f65, E1: E1 [O(n)]
  27: f34->f65, E2: -max{-1, -L2} [O(n)]
  27: f34->f65, F: F [O(n)]
  27: f34->f65, F1: F1 [O(n)]
  27: f34->f65, F2: 0 [O(1)]
  27: f34->f65, G1: G1 [O(n)]
  27: f34->f65, G2: -max{-1, -M2, -O2} [O(n)]
  27: f34->f65, H: H [O(n)]
  27: f34->f65, H1: H1 [O(n)]
  27: f34->f65, H2: -max{-H2, -M2, max{-M2, -H2}} [O(n)]
  27: f34->f65, I: I [O(n)]
  27: f34->f65, I1: I1 [O(n)]
  27: f34->f65, I2: -max{-I2, -N2, max{-N2, -I2}} [O(n)]
  27: f34->f65, J: J [O(n)]
  27: f34->f65, J1: J1 [O(n)]
  27: f34->f65, J2: -max{0, -J2} [O(n)]
  27: f34->f65, K: 0 [O(1)]
  27: f34->f65, K1: K1 [O(n)]
  27: f34->f65, L: L [O(n)]
  27: f34->f65, L1: L1 [O(n)]
  27: f34->f65, M: M [O(n)]
  27: f34->f65, M1: M1 [O(n)]
  27: f34->f65, N: N [O(n)]
  27: f34->f65, N1: N1 [O(n)]
  27: f34->f65, O: O [O(n)]
  27: f34->f65, O1: O1 [O(n)]
  27: f34->f65, P: P [O(n)]
  27: f34->f65, P1: P1 [O(n)]
  27: f34->f65, Q: 0 [O(1)]
  27: f34->f65, Q1: Q1 [O(n)]
  27: f34->f65, R: 0 [O(1)]
  27: f34->f65, R1: R1 [O(n)]
  27: f34->f65, S: S [O(n)]
  27: f34->f65, S1: S1 [O(n)]
  27: f34->f65, T: 0 [O(1)]
  27: f34->f65, T1: T1 [O(n)]
  27: f34->f65, U: 0 [O(1)]
  27: f34->f65, U1: U1 [O(n)]
  27: f34->f65, V: V [O(n)]
  27: f34->f65, V1: V1 [O(n)]
  27: f34->f65, W: W [O(n)]
  27: f34->f65, W1: W1 [O(n)]
  27: f34->f65, X: X [O(n)]
  27: f34->f65, X1: X1 [O(n)]
  27: f34->f65, Y: Y [O(n)]
  27: f34->f65, Y1: -max{-1, -Y1} [O(n)]
  27: f34->f65, Z: Z [O(n)]
  24: f44->f34, A: A [O(n)]
  24: f44->f34, A1: A1 [O(n)]
  24: f44->f34, A2: A2 [O(n)]
  24: f44->f34, B: 0 [O(1)]
  24: f44->f34, B1: B1 [O(n)]
  24: f44->f34, B2: 0 [O(1)]
  24: f44->f34, C: 1 [O(1)]
  24: f44->f34, C1: C1 [O(n)]
  24: f44->f34, C2: 0 [O(1)]
  24: f44->f34, D1: D1 [O(n)]
  24: f44->f34, D2: K2 [O(n)]
  24: f44->f34, E1: E1 [O(n)]
  24: f44->f34, E2: -max{-1, -L2} [O(n)]
  24: f44->f34, F: F [O(n)]
  24: f44->f34, F1: F1 [O(n)]
  24: f44->f34, F2: 0 [O(1)]
  24: f44->f34, G: G [O(n)]
  24: f44->f34, G1: G1 [O(n)]
  24: f44->f34, G2: 1 [O(1)]
  24: f44->f34, H: H [O(n)]
  24: f44->f34, H1: H1 [O(n)]
  24: f44->f34, H2: -max{-H2, -M2} [O(n)]
  24: f44->f34, I: I [O(n)]
  24: f44->f34, I1: I1 [O(n)]
  24: f44->f34, I2: -max{-I2, -N2} [O(n)]
  24: f44->f34, J: J [O(n)]
  24: f44->f34, J1: J1 [O(n)]
  24: f44->f34, J2: -max{0, -J2} [O(n)]
  24: f44->f34, K: 0 [O(1)]
  24: f44->f34, K1: K1 [O(n)]
  24: f44->f34, L: L [O(n)]
  24: f44->f34, L1: L1 [O(n)]
  24: f44->f34, M: M [O(n)]
  24: f44->f34, M1: M1 [O(n)]
  24: f44->f34, N: N [O(n)]
  24: f44->f34, N1: N1 [O(n)]
  24: f44->f34, O: O [O(n)]
  24: f44->f34, O1: O1 [O(n)]
  24: f44->f34, P: P [O(n)]
  24: f44->f34, P1: P1 [O(n)]
  24: f44->f34, Q: 0 [O(1)]
  24: f44->f34, Q1: Q1 [O(n)]
  24: f44->f34, R: 0 [O(1)]
  24: f44->f34, R1: R1 [O(n)]
  24: f44->f34, S: S [O(n)]
  24: f44->f34, S1: S1 [O(n)]
  24: f44->f34, T: 0 [O(1)]
  24: f44->f34, T1: T1 [O(n)]
  24: f44->f34, U: 0 [O(1)]
  24: f44->f34, U1: U1 [O(n)]
  24: f44->f34, V: V [O(n)]
  24: f44->f34, V1: V1 [O(n)]
  24: f44->f34, W: W [O(n)]
  24: f44->f34, W1: W1 [O(n)]
  24: f44->f34, X: X [O(n)]
  24: f44->f34, X1: X1 [O(n)]
  24: f44->f34, Y: Y [O(n)]
  24: f44->f34, Y1: 1 [O(1)]
  24: f44->f34, Z: Z [O(n)]
  24: f44->f34, Z1: Z1 [O(n)]
  25: f44->f34, A: A [O(n)]
  25: f44->f34, A1: A1 [O(n)]
  25: f44->f34, A2: A2 [O(n)]
  25: f44->f34, B: 0 [O(1)]
  25: f44->f34, B1: B1 [O(n)]
  25: f44->f34, B2: 0 [O(1)]
  25: f44->f34, C: 1 [O(1)]
  25: f44->f34, C1: C1 [O(n)]
  25: f44->f34, C2: 0 [O(1)]
  25: f44->f34, D1: D1 [O(n)]
  25: f44->f34, D2: K2 [O(n)]
  25: f44->f34, E: 1 [O(1)]
  25: f44->f34, E1: E1 [O(n)]
  25: f44->f34, E2: -max{-1, -L2} [O(n)]
  25: f44->f34, F: F [O(n)]
  25: f44->f34, F1: F1 [O(n)]
  25: f44->f34, F2: 0 [O(1)]
  25: f44->f34, G: G [O(n)]
  25: f44->f34, G1: G1 [O(n)]
  25: f44->f34, G2: 1 [O(1)]
  25: f44->f34, H: H [O(n)]
  25: f44->f34, H1: H1 [O(n)]
  25: f44->f34, H2: -max{-H2, -M2} [O(n)]
  25: f44->f34, I: I [O(n)]
  25: f44->f34, I1: I1 [O(n)]
  25: f44->f34, I2: -max{-I2, -N2} [O(n)]
  25: f44->f34, J: J [O(n)]
  25: f44->f34, J1: J1 [O(n)]
  25: f44->f34, J2: -max{0, -J2} [O(n)]
  25: f44->f34, K: 0 [O(1)]
  25: f44->f34, K1: K1 [O(n)]
  25: f44->f34, L: L [O(n)]
  25: f44->f34, L1: L1 [O(n)]
  25: f44->f34, M: M [O(n)]
  25: f44->f34, M1: M1 [O(n)]
  25: f44->f34, N: N [O(n)]
  25: f44->f34, N1: N1 [O(n)]
  25: f44->f34, O: O [O(n)]
  25: f44->f34, O1: O1 [O(n)]
  25: f44->f34, P: P [O(n)]
  25: f44->f34, P1: P1 [O(n)]
  25: f44->f34, Q: 0 [O(1)]
  25: f44->f34, Q1: Q1 [O(n)]
  25: f44->f34, R: 0 [O(1)]
  25: f44->f34, R1: R1 [O(n)]
  25: f44->f34, S: S [O(n)]
  25: f44->f34, S1: S1 [O(n)]
  25: f44->f34, T: 0 [O(1)]
  25: f44->f34, T1: T1 [O(n)]
  25: f44->f34, U: 0 [O(1)]
  25: f44->f34, U1: U1 [O(n)]
  25: f44->f34, V: V [O(n)]
  25: f44->f34, V1: V1 [O(n)]
  25: f44->f34, W: W [O(n)]
  25: f44->f34, W1: W1 [O(n)]
  25: f44->f34, X: X [O(n)]
  25: f44->f34, X1: X1 [O(n)]
  25: f44->f34, Y: Y [O(n)]
  25: f44->f34, Y1: 1 [O(1)]
  25: f44->f34, Z: Z [O(n)]
  25: f44->f34, Z1: Z1 [O(n)]
  4: f65->f75, A1: A1 [O(n)]
  4: f65->f75, A2: 1 [O(1)]
  4: f65->f75, B: -max{0, -M2, -O2} [O(n)]
  4: f65->f75, B1: B1 [O(n)]
  4: f65->f75, B2: 0 [O(1)]
  4: f65->f75, C1: C1 [O(n)]
  4: f65->f75, C2: 0 [O(1)]
  4: f65->f75, D1: D1 [O(n)]
  4: f65->f75, D2: K2 [O(n)]
  4: f65->f75, E1: E1 [O(n)]
  4: f65->f75, E2: -max{-1, -L2} [O(n)]
  4: f65->f75, F1: F1 [O(n)]
  4: f65->f75, F2: 0 [O(1)]
  4: f65->f75, G: 0 [O(1)]
  4: f65->f75, G1: G1 [O(n)]
  4: f65->f75, G2: -max{-1, -M2, -O2} [O(n)]
  4: f65->f75, H1: H1 [O(n)]
  4: f65->f75, H2: -max{-H2, -M2, max{-M2, -H2}} [O(n)]
  4: f65->f75, I1: I1 [O(n)]
  4: f65->f75, I2: -max{-I2, -N2, max{-N2, -I2}} [O(n)]
  4: f65->f75, J: J [O(n)]
  4: f65->f75, J1: J1 [O(n)]
  4: f65->f75, J2: -max{0, -J2} [O(n)]
  4: f65->f75, K: 0 [O(1)]
  4: f65->f75, K1: K1 [O(n)]
  4: f65->f75, L: L [O(n)]
  4: f65->f75, L1: L1 [O(n)]
  4: f65->f75, M: M [O(n)]
  4: f65->f75, M1: M1 [O(n)]
  4: f65->f75, N: N [O(n)]
  4: f65->f75, N1: N1 [O(n)]
  4: f65->f75, O: O [O(n)]
  4: f65->f75, O1: O1 [O(n)]
  4: f65->f75, P: P [O(n)]
  4: f65->f75, P1: P1 [O(n)]
  4: f65->f75, Q: 0 [O(1)]
  4: f65->f75, Q1: Q1 [O(n)]
  4: f65->f75, R: 0 [O(1)]
  4: f65->f75, R1: R1 [O(n)]
  4: f65->f75, S: S [O(n)]
  4: f65->f75, S1: S1 [O(n)]
  4: f65->f75, T: 0 [O(1)]
  4: f65->f75, T1: T1 [O(n)]
  4: f65->f75, U: 0 [O(1)]
  4: f65->f75, U1: U1 [O(n)]
  4: f65->f75, V: V [O(n)]
  4: f65->f75, V1: V1 [O(n)]
  4: f65->f75, W: W [O(n)]
  4: f65->f75, W1: W1 [O(n)]
  4: f65->f75, X: X [O(n)]
  4: f65->f75, X1: X1 [O(n)]
  4: f65->f75, Y: Y [O(n)]
  4: f65->f75, Y1: -max{-1, -Y1} [O(n)]
  4: f65->f75, Z: Z [O(n)]
  22: f65->f75, A1: A1 [O(n)]
  22: f65->f75, A2: 1 [O(1)]
  22: f65->f75, B: -max{0, -M2, -O2} [O(n)]
  22: f65->f75, B1: B1 [O(n)]
  22: f65->f75, B2: 0 [O(1)]
  22: f65->f75, C1: C1 [O(n)]
  22: f65->f75, C2: 0 [O(1)]
  22: f65->f75, D1: D1 [O(n)]
  22: f65->f75, D2: K2 [O(n)]
  22: f65->f75, E1: E1 [O(n)]
  22: f65->f75, E2: -max{-1, -L2} [O(n)]
  22: f65->f75, F1: F1 [O(n)]
  22: f65->f75, F2: 0 [O(1)]
  22: f65->f75, G: 0 [O(1)]
  22: f65->f75, G1: G1 [O(n)]
  22: f65->f75, G2: -max{-1, -M2, -O2} [O(n)]
  22: f65->f75, H: 1 [O(1)]
  22: f65->f75, H1: H1 [O(n)]
  22: f65->f75, H2: -max{-H2, -M2, max{-M2, -H2}} [O(n)]
  22: f65->f75, I1: I1 [O(n)]
  22: f65->f75, I2: -max{-I2, -N2, max{-N2, -I2}} [O(n)]
  22: f65->f75, J: J [O(n)]
  22: f65->f75, J1: J1 [O(n)]
  22: f65->f75, J2: -max{0, -J2} [O(n)]
  22: f65->f75, K: 0 [O(1)]
  22: f65->f75, K1: K1 [O(n)]
  22: f65->f75, L: L [O(n)]
  22: f65->f75, L1: L1 [O(n)]
  22: f65->f75, M: M [O(n)]
  22: f65->f75, M1: M1 [O(n)]
  22: f65->f75, N: N [O(n)]
  22: f65->f75, N1: N1 [O(n)]
  22: f65->f75, O: O [O(n)]
  22: f65->f75, O1: O1 [O(n)]
  22: f65->f75, P: P [O(n)]
  22: f65->f75, P1: P1 [O(n)]
  22: f65->f75, Q: 0 [O(1)]
  22: f65->f75, Q1: Q1 [O(n)]
  22: f65->f75, R: 0 [O(1)]
  22: f65->f75, R1: R1 [O(n)]
  22: f65->f75, S: S [O(n)]
  22: f65->f75, S1: S1 [O(n)]
  22: f65->f75, T: 0 [O(1)]
  22: f65->f75, T1: T1 [O(n)]
  22: f65->f75, U: 0 [O(1)]
  22: f65->f75, U1: U1 [O(n)]
  22: f65->f75, V: V [O(n)]
  22: f65->f75, V1: V1 [O(n)]
  22: f65->f75, W: W [O(n)]
  22: f65->f75, W1: W1 [O(n)]
  22: f65->f75, X: X [O(n)]
  22: f65->f75, X1: X1 [O(n)]
  22: f65->f75, Y: Y [O(n)]
  22: f65->f75, Y1: -max{-1, -Y1} [O(n)]
  22: f65->f75, Z: Z [O(n)]
  23: f65->f100, A1: A1 [O(n)]
  23: f65->f100, B: -max{0, -M2, -O2} [O(n)]
  23: f65->f100, B1: B1 [O(n)]
  23: f65->f100, B2: 0 [O(1)]
  23: f65->f100, C1: C1 [O(n)]
  23: f65->f100, C2: 0 [O(1)]
  23: f65->f100, D1: D1 [O(n)]
  23: f65->f100, D2: K2 [O(n)]
  23: f65->f100, E1: E1 [O(n)]
  23: f65->f100, E2: -max{-1, -L2} [O(n)]
  23: f65->f100, F1: F1 [O(n)]
  23: f65->f100, F2: 0 [O(1)]
  23: f65->f100, G1: G1 [O(n)]
  23: f65->f100, G2: -max{-1, -M2, -O2} [O(n)]
  23: f65->f100, H1: H1 [O(n)]
  23: f65->f100, H2: -max{-H2, -M2, max{-M2, -H2}} [O(n)]
  23: f65->f100, I1: I1 [O(n)]
  23: f65->f100, I2: -max{-I2, -N2, max{-N2, -I2}} [O(n)]
  23: f65->f100, J: J [O(n)]
  23: f65->f100, J1: J1 [O(n)]
  23: f65->f100, J2: -max{0, -J2} [O(n)]
  23: f65->f100, K: 0 [O(1)]
  23: f65->f100, K1: K1 [O(n)]
  23: f65->f100, L: L [O(n)]
  23: f65->f100, L1: L1 [O(n)]
  23: f65->f100, M: M [O(n)]
  23: f65->f100, M1: M1 [O(n)]
  23: f65->f100, N: N [O(n)]
  23: f65->f100, N1: N1 [O(n)]
  23: f65->f100, O: O [O(n)]
  23: f65->f100, O1: O1 [O(n)]
  23: f65->f100, P: P [O(n)]
  23: f65->f100, P1: P1 [O(n)]
  23: f65->f100, Q: 0 [O(1)]
  23: f65->f100, R: 0 [O(1)]
  23: f65->f100, R1: R1 [O(n)]
  23: f65->f100, S: S [O(n)]
  23: f65->f100, S1: S1 [O(n)]
  23: f65->f100, T: 0 [O(1)]
  23: f65->f100, T1: T1 [O(n)]
  23: f65->f100, U: 0 [O(1)]
  23: f65->f100, U1: U1 [O(n)]
  23: f65->f100, V: V [O(n)]
  23: f65->f100, V1: V1 [O(n)]
  23: f65->f100, W: W [O(n)]
  23: f65->f100, X: X [O(n)]
  23: f65->f100, Y: Y [O(n)]
  23: f65->f100, Y1: -max{-1, -Y1} [O(n)]
  23: f65->f100, Z: Z [O(n)]
  5: f75->f79, A1: A1 [O(n)]
  5: f75->f79, A2: 1 [O(1)]
  5: f75->f79, B: -max{0, -M2, -O2} [O(n)]
  5: f75->f79, B1: B1 [O(n)]
  5: f75->f79, B2: 0 [O(1)]
  5: f75->f79, C1: C1 [O(n)]
  5: f75->f79, C2: 0 [O(1)]
  5: f75->f79, D1: D1 [O(n)]
  5: f75->f79, D2: K2 [O(n)]
  5: f75->f79, E1: E1 [O(n)]
  5: f75->f79, E2: -max{-1, -L2} [O(n)]
  5: f75->f79, F1: F1 [O(n)]
  5: f75->f79, F2: 0 [O(1)]
  5: f75->f79, G: 0 [O(1)]
  5: f75->f79, G1: G1 [O(n)]
  5: f75->f79, G2: -max{-1, -M2, -O2} [O(n)]
  5: f75->f79, H1: H1 [O(n)]
  5: f75->f79, H2: -max{-H2, -M2, max{-M2, -H2}} [O(n)]
  5: f75->f79, I1: I1 [O(n)]
  5: f75->f79, I2: -max{-I2, -N2, max{-N2, -I2}} [O(n)]
  5: f75->f79, J: J [O(n)]
  5: f75->f79, J1: J1 [O(n)]
  5: f75->f79, J2: -max{0, -J2} [O(n)]
  5: f75->f79, K: 0 [O(1)]
  5: f75->f79, K1: K1 [O(n)]
  5: f75->f79, L: L [O(n)]
  5: f75->f79, L1: L1 [O(n)]
  5: f75->f79, M: M [O(n)]
  5: f75->f79, M1: M1 [O(n)]
  5: f75->f79, N: N [O(n)]
  5: f75->f79, N1: N1 [O(n)]
  5: f75->f79, O: O [O(n)]
  5: f75->f79, O1: O1 [O(n)]
  5: f75->f79, P: P [O(n)]
  5: f75->f79, P1: P1 [O(n)]
  5: f75->f79, Q: 0 [O(1)]
  5: f75->f79, Q1: Q1 [O(n)]
  5: f75->f79, R: 0 [O(1)]
  5: f75->f79, R1: R1 [O(n)]
  5: f75->f79, S: S [O(n)]
  5: f75->f79, S1: S1 [O(n)]
  5: f75->f79, T: 0 [O(1)]
  5: f75->f79, T1: T1 [O(n)]
  5: f75->f79, U: 0 [O(1)]
  5: f75->f79, U1: U1 [O(n)]
  5: f75->f79, V: V [O(n)]
  5: f75->f79, V1: V1 [O(n)]
  5: f75->f79, W: W [O(n)]
  5: f75->f79, W1: W1 [O(n)]
  5: f75->f79, X: X [O(n)]
  5: f75->f79, X1: X1 [O(n)]
  5: f75->f79, Y: Y [O(n)]
  5: f75->f79, Y1: -max{-1, -Y1} [O(n)]
  5: f75->f79, Z: Z [O(n)]
  21: f75->f79, A1: A1 [O(n)]
  21: f75->f79, A2: 1 [O(1)]
  21: f75->f79, B: -max{0, -M2, -O2} [O(n)]
  21: f75->f79, B1: B1 [O(n)]
  21: f75->f79, B2: 0 [O(1)]
  21: f75->f79, C1: C1 [O(n)]
  21: f75->f79, C2: 0 [O(1)]
  21: f75->f79, D1: D1 [O(n)]
  21: f75->f79, D2: K2 [O(n)]
  21: f75->f79, E1: E1 [O(n)]
  21: f75->f79, E2: -max{-1, -L2} [O(n)]
  21: f75->f79, F1: F1 [O(n)]
  21: f75->f79, F2: 0 [O(1)]
  21: f75->f79, G: 0 [O(1)]
  21: f75->f79, G1: G1 [O(n)]
  21: f75->f79, G2: -max{-1, -M2, -O2} [O(n)]
  21: f75->f79, H1: H1 [O(n)]
  21: f75->f79, H2: -max{-H2, -M2, max{-M2, -H2}} [O(n)]
  21: f75->f79, I: 1 [O(1)]
  21: f75->f79, I1: I1 [O(n)]
  21: f75->f79, I2: -max{-I2, -N2, max{-N2, -I2}} [O(n)]
  21: f75->f79, J: J [O(n)]
  21: f75->f79, J1: J1 [O(n)]
  21: f75->f79, J2: -max{0, -J2} [O(n)]
  21: f75->f79, K: 0 [O(1)]
  21: f75->f79, K1: K1 [O(n)]
  21: f75->f79, L: L [O(n)]
  21: f75->f79, L1: L1 [O(n)]
  21: f75->f79, M: M [O(n)]
  21: f75->f79, M1: M1 [O(n)]
  21: f75->f79, N: N [O(n)]
  21: f75->f79, N1: N1 [O(n)]
  21: f75->f79, O: O [O(n)]
  21: f75->f79, O1: O1 [O(n)]
  21: f75->f79, P: P [O(n)]
  21: f75->f79, P1: P1 [O(n)]
  21: f75->f79, Q: 0 [O(1)]
  21: f75->f79, Q1: Q1 [O(n)]
  21: f75->f79, R: 0 [O(1)]
  21: f75->f79, R1: R1 [O(n)]
  21: f75->f79, S: S [O(n)]
  21: f75->f79, S1: S1 [O(n)]
  21: f75->f79, T: 0 [O(1)]
  21: f75->f79, T1: T1 [O(n)]
  21: f75->f79, U: 0 [O(1)]
  21: f75->f79, U1: U1 [O(n)]
  21: f75->f79, V: V [O(n)]
  21: f75->f79, V1: V1 [O(n)]
  21: f75->f79, W: W [O(n)]
  21: f75->f79, W1: W1 [O(n)]
  21: f75->f79, X: X [O(n)]
  21: f75->f79, X1: X1 [O(n)]
  21: f75->f79, Y: Y [O(n)]
  21: f75->f79, Y1: -max{-1, -Y1} [O(n)]
  21: f75->f79, Z: Z [O(n)]
  0: f79->f81, A1: A1 [O(n)]
  0: f79->f81, A2: 1 [O(1)]
  0: f79->f81, B: -max{0, -M2, -O2} [O(n)]
  0: f79->f81, B1: B1 [O(n)]
  0: f79->f81, B2: 0 [O(1)]
  0: f79->f81, C1: C1 [O(n)]
  0: f79->f81, C2: 0 [O(1)]
  0: f79->f81, D1: D1 [O(n)]
  0: f79->f81, D2: K2 [O(n)]
  0: f79->f81, E1: E1 [O(n)]
  0: f79->f81, E2: -max{-1, -L2} [O(n)]
  0: f79->f81, F1: F1 [O(n)]
  0: f79->f81, F2: 0 [O(1)]
  0: f79->f81, G: 0 [O(1)]
  0: f79->f81, G1: G1 [O(n)]
  0: f79->f81, G2: -max{-1, -M2, -O2} [O(n)]
  0: f79->f81, H1: H1 [O(n)]
  0: f79->f81, H2: -max{-H2, -M2, max{-M2, -H2}} [O(n)]
  0: f79->f81, I1: I1 [O(n)]
  0: f79->f81, I2: -max{-I2, -N2, max{-N2, -I2}} [O(n)]
  0: f79->f81, J: J [O(n)]
  0: f79->f81, J1: J1 [O(n)]
  0: f79->f81, J2: -max{0, -J2} [O(n)]
  0: f79->f81, K: 0 [O(1)]
  0: f79->f81, K1: K1 [O(n)]
  0: f79->f81, L: L [O(n)]
  0: f79->f81, L1: L1 [O(n)]
  0: f79->f81, M: M [O(n)]
  0: f79->f81, M1: M1 [O(n)]
  0: f79->f81, N: N [O(n)]
  0: f79->f81, N1: N1 [O(n)]
  0: f79->f81, O: O [O(n)]
  0: f79->f81, O1: O1 [O(n)]
  0: f79->f81, P: P [O(n)]
  0: f79->f81, P1: P1 [O(n)]
  0: f79->f81, Q: 0 [O(1)]
  0: f79->f81, Q1: Q1 [O(n)]
  0: f79->f81, R: 0 [O(1)]
  0: f79->f81, R1: R1 [O(n)]
  0: f79->f81, S: S [O(n)]
  0: f79->f81, S1: S1 [O(n)]
  0: f79->f81, T: 0 [O(1)]
  0: f79->f81, T1: T1 [O(n)]
  0: f79->f81, U: 0 [O(1)]
  0: f79->f81, U1: U1 [O(n)]
  0: f79->f81, V: V [O(n)]
  0: f79->f81, V1: V1 [O(n)]
  0: f79->f81, W: W [O(n)]
  0: f79->f81, W1: W1 [O(n)]
  0: f79->f81, X: X [O(n)]
  0: f79->f81, X1: X1 [O(n)]
  0: f79->f81, Y: Y [O(n)]
  0: f79->f81, Y1: -max{-1, -Y1} [O(n)]
  0: f79->f81, Z: Z [O(n)]
  20: f79->f81, A: 1 [O(1)]
  20: f79->f81, A1: A1 [O(n)]
  20: f79->f81, A2: 1 [O(1)]
  20: f79->f81, B: -max{0, -M2, -O2} [O(n)]
  20: f79->f81, B1: B1 [O(n)]
  20: f79->f81, B2: 0 [O(1)]
  20: f79->f81, C1: C1 [O(n)]
  20: f79->f81, C2: 0 [O(1)]
  20: f79->f81, D1: D1 [O(n)]
  20: f79->f81, D2: K2 [O(n)]
  20: f79->f81, E1: E1 [O(n)]
  20: f79->f81, E2: -max{-1, -L2} [O(n)]
  20: f79->f81, F1: F1 [O(n)]
  20: f79->f81, F2: 0 [O(1)]
  20: f79->f81, G: 0 [O(1)]
  20: f79->f81, G1: G1 [O(n)]
  20: f79->f81, G2: -max{-1, -M2, -O2} [O(n)]
  20: f79->f81, H1: H1 [O(n)]
  20: f79->f81, H2: -max{-H2, -M2, max{-M2, -H2}} [O(n)]
  20: f79->f81, I1: I1 [O(n)]
  20: f79->f81, I2: -max{-I2, -N2, max{-N2, -I2}} [O(n)]
  20: f79->f81, J: J [O(n)]
  20: f79->f81, J1: J1 [O(n)]
  20: f79->f81, J2: -max{0, -J2} [O(n)]
  20: f79->f81, K: 0 [O(1)]
  20: f79->f81, K1: K1 [O(n)]
  20: f79->f81, L: L [O(n)]
  20: f79->f81, L1: L1 [O(n)]
  20: f79->f81, M: M [O(n)]
  20: f79->f81, M1: M1 [O(n)]
  20: f79->f81, N: N [O(n)]
  20: f79->f81, N1: N1 [O(n)]
  20: f79->f81, O: O [O(n)]
  20: f79->f81, O1: O1 [O(n)]
  20: f79->f81, P: P [O(n)]
  20: f79->f81, P1: P1 [O(n)]
  20: f79->f81, Q: 0 [O(1)]
  20: f79->f81, Q1: Q1 [O(n)]
  20: f79->f81, R: 0 [O(1)]
  20: f79->f81, R1: R1 [O(n)]
  20: f79->f81, S: S [O(n)]
  20: f79->f81, S1: S1 [O(n)]
  20: f79->f81, T: 0 [O(1)]
  20: f79->f81, T1: T1 [O(n)]
  20: f79->f81, U: 0 [O(1)]
  20: f79->f81, U1: U1 [O(n)]
  20: f79->f81, V: V [O(n)]
  20: f79->f81, V1: V1 [O(n)]
  20: f79->f81, W: W [O(n)]
  20: f79->f81, W1: W1 [O(n)]
  20: f79->f81, X: X [O(n)]
  20: f79->f81, X1: X1 [O(n)]
  20: f79->f81, Y: Y [O(n)]
  20: f79->f81, Y1: -max{-1, -Y1} [O(n)]
  20: f79->f81, Z: Z [O(n)]
  3: f81->f65, A1: A1 [O(n)]
  3: f81->f65, A2: 1 [O(1)]
  3: f81->f65, B: -max{0, -M2, -O2} [O(n)]
  3: f81->f65, B1: B1 [O(n)]
  3: f81->f65, B2: 0 [O(1)]
  3: f81->f65, C1: C1 [O(n)]
  3: f81->f65, C2: 0 [O(1)]
  3: f81->f65, D1: D1 [O(n)]
  3: f81->f65, D2: K2 [O(n)]
  3: f81->f65, E1: E1 [O(n)]
  3: f81->f65, E2: -max{-1, -L2} [O(n)]
  3: f81->f65, F1: F1 [O(n)]
  3: f81->f65, F2: 0 [O(1)]
  3: f81->f65, G: 0 [O(1)]
  3: f81->f65, G1: G1 [O(n)]
  3: f81->f65, G2: -max{-1, -M2, -O2} [O(n)]
  3: f81->f65, H1: H1 [O(n)]
  3: f81->f65, H2: -max{-H2, -M2, max{-M2, -H2}} [O(n)]
  3: f81->f65, I1: I1 [O(n)]
  3: f81->f65, I2: -max{-I2, -N2, max{-N2, -I2}} [O(n)]
  3: f81->f65, J: J [O(n)]
  3: f81->f65, J1: J1 [O(n)]
  3: f81->f65, J2: -max{0, -J2} [O(n)]
  3: f81->f65, K: 0 [O(1)]
  3: f81->f65, K1: K1 [O(n)]
  3: f81->f65, L: L [O(n)]
  3: f81->f65, L1: L1 [O(n)]
  3: f81->f65, M: M [O(n)]
  3: f81->f65, M1: M1 [O(n)]
  3: f81->f65, N: N [O(n)]
  3: f81->f65, N1: N1 [O(n)]
  3: f81->f65, O: O [O(n)]
  3: f81->f65, O1: O1 [O(n)]
  3: f81->f65, P: P [O(n)]
  3: f81->f65, P1: P1 [O(n)]
  3: f81->f65, Q: 0 [O(1)]
  3: f81->f65, Q1: Q1 [O(n)]
  3: f81->f65, R: 0 [O(1)]
  3: f81->f65, R1: R1 [O(n)]
  3: f81->f65, S: S [O(n)]
  3: f81->f65, S1: S1 [O(n)]
  3: f81->f65, T: 0 [O(1)]
  3: f81->f65, T1: T1 [O(n)]
  3: f81->f65, U: 0 [O(1)]
  3: f81->f65, U1: U1 [O(n)]
  3: f81->f65, V: V [O(n)]
  3: f81->f65, V1: V1 [O(n)]
  3: f81->f65, W: W [O(n)]
  3: f81->f65, W1: W1 [O(n)]
  3: f81->f65, X: X [O(n)]
  3: f81->f65, X1: X1 [O(n)]
  3: f81->f65, Y: Y [O(n)]
  3: f81->f65, Y1: -max{-1, -Y1} [O(n)]
  3: f81->f65, Z: Z [O(n)]
  19: f81->f65, A1: A1 [O(n)]
  19: f81->f65, A2: 1 [O(1)]
  19: f81->f65, B: -max{0, -M2, -O2} [O(n)]
  19: f81->f65, B1: B1 [O(n)]
  19: f81->f65, B2: 0 [O(1)]
  19: f81->f65, C1: C1 [O(n)]
  19: f81->f65, C2: 0 [O(1)]
  19: f81->f65, D1: D1 [O(n)]
  19: f81->f65, D2: K2 [O(n)]
  19: f81->f65, E1: E1 [O(n)]
  19: f81->f65, E2: -max{-1, -L2} [O(n)]
  19: f81->f65, F: 1 [O(1)]
  19: f81->f65, F1: F1 [O(n)]
  19: f81->f65, F2: 0 [O(1)]
  19: f81->f65, G: 0 [O(1)]
  19: f81->f65, G1: G1 [O(n)]
  19: f81->f65, G2: -max{-1, -M2, -O2} [O(n)]
  19: f81->f65, H1: H1 [O(n)]
  19: f81->f65, H2: -max{-H2, -M2, max{-M2, -H2}} [O(n)]
  19: f81->f65, I1: I1 [O(n)]
  19: f81->f65, I2: -max{-I2, -N2, max{-N2, -I2}} [O(n)]
  19: f81->f65, J: J [O(n)]
  19: f81->f65, J1: J1 [O(n)]
  19: f81->f65, J2: -max{0, -J2} [O(n)]
  19: f81->f65, K: 0 [O(1)]
  19: f81->f65, K1: K1 [O(n)]
  19: f81->f65, L: L [O(n)]
  19: f81->f65, L1: L1 [O(n)]
  19: f81->f65, M: M [O(n)]
  19: f81->f65, M1: M1 [O(n)]
  19: f81->f65, N: N [O(n)]
  19: f81->f65, N1: N1 [O(n)]
  19: f81->f65, O: O [O(n)]
  19: f81->f65, O1: O1 [O(n)]
  19: f81->f65, P: P [O(n)]
  19: f81->f65, P1: P1 [O(n)]
  19: f81->f65, Q: 0 [O(1)]
  19: f81->f65, Q1: Q1 [O(n)]
  19: f81->f65, R: 0 [O(1)]
  19: f81->f65, R1: R1 [O(n)]
  19: f81->f65, S: S [O(n)]
  19: f81->f65, S1: S1 [O(n)]
  19: f81->f65, T: 0 [O(1)]
  19: f81->f65, T1: T1 [O(n)]
  19: f81->f65, U: 0 [O(1)]
  19: f81->f65, U1: U1 [O(n)]
  19: f81->f65, V: V [O(n)]
  19: f81->f65, V1: V1 [O(n)]
  19: f81->f65, W: W [O(n)]
  19: f81->f65, W1: W1 [O(n)]
  19: f81->f65, X: X [O(n)]
  19: f81->f65, X1: X1 [O(n)]
  19: f81->f65, Y: Y [O(n)]
  19: f81->f65, Y1: -max{-1, -Y1} [O(n)]
  19: f81->f65, Z: Z [O(n)]
`Upper:
  28: f0->f34, A: A [O(n)]
  28: f0->f34, A1: A1 [O(n)]
  28: f0->f34, A2: A2 [O(n)]
  28: f0->f34, B: M2 [O(n)]
  28: f0->f34, B1: B1 [O(n)]
  28: f0->f34, B2: 0 [O(1)]
  28: f0->f34, C: C [O(n)]
  28: f0->f34, C1: C1 [O(n)]
  28: f0->f34, C2: 0 [O(1)]
  28: f0->f34, D: D [O(n)]
  28: f0->f34, D1: D1 [O(n)]
  28: f0->f34, D2: K2 [O(n)]
  28: f0->f34, E: E [O(n)]
  28: f0->f34, E1: E1 [O(n)]
  28: f0->f34, E2: 0 [O(1)]
  28: f0->f34, F: F [O(n)]
  28: f0->f34, F1: F1 [O(n)]
  28: f0->f34, F2: 0 [O(1)]
  28: f0->f34, G: G [O(n)]
  28: f0->f34, G1: G1 [O(n)]
  28: f0->f34, G2: M2 [O(n)]
  28: f0->f34, H: H [O(n)]
  28: f0->f34, H1: H1 [O(n)]
  28: f0->f34, H2: H2 [O(n)]
  28: f0->f34, I: I [O(n)]
  28: f0->f34, I1: I1 [O(n)]
  28: f0->f34, I2: I2 [O(n)]
  28: f0->f34, J: J [O(n)]
  28: f0->f34, J1: J1 [O(n)]
  28: f0->f34, J2: J2 [O(n)]
  28: f0->f34, K: 0 [O(1)]
  28: f0->f34, K1: K1 [O(n)]
  28: f0->f34, L: L [O(n)]
  28: f0->f34, L1: L1 [O(n)]
  28: f0->f34, M: M [O(n)]
  28: f0->f34, M1: M1 [O(n)]
  28: f0->f34, N: N [O(n)]
  28: f0->f34, N1: N1 [O(n)]
  28: f0->f34, O: O [O(n)]
  28: f0->f34, O1: O1 [O(n)]
  28: f0->f34, P: P [O(n)]
  28: f0->f34, P1: P1 [O(n)]
  28: f0->f34, Q: 0 [O(1)]
  28: f0->f34, Q1: Q1 [O(n)]
  28: f0->f34, R: 0 [O(1)]
  28: f0->f34, R1: R1 [O(n)]
  28: f0->f34, S: S [O(n)]
  28: f0->f34, S1: S1 [O(n)]
  28: f0->f34, T: 0 [O(1)]
  28: f0->f34, T1: T1 [O(n)]
  28: f0->f34, U: 0 [O(1)]
  28: f0->f34, U1: U1 [O(n)]
  28: f0->f34, V: V [O(n)]
  28: f0->f34, V1: V1 [O(n)]
  28: f0->f34, W: W [O(n)]
  28: f0->f34, W1: W1 [O(n)]
  28: f0->f34, X: X [O(n)]
  28: f0->f34, X1: X1 [O(n)]
  28: f0->f34, Y: Y [O(n)]
  28: f0->f34, Y1: Y1 [O(n)]
  28: f0->f34, Z: Z [O(n)]
  28: f0->f34, Z1: Z1 [O(n)]
  29: f0->f34, A: A [O(n)]
  29: f0->f34, A1: A1 [O(n)]
  29: f0->f34, A2: A2 [O(n)]
  29: f0->f34, B: O2 [O(n)]
  29: f0->f34, B1: B1 [O(n)]
  29: f0->f34, B2: 0 [O(1)]
  29: f0->f34, C: C [O(n)]
  29: f0->f34, C1: C1 [O(n)]
  29: f0->f34, C2: 0 [O(1)]
  29: f0->f34, D: D [O(n)]
  29: f0->f34, D1: D1 [O(n)]
  29: f0->f34, D2: K2 [O(n)]
  29: f0->f34, E: E [O(n)]
  29: f0->f34, E1: E1 [O(n)]
  29: f0->f34, E2: L2 [O(n)]
  29: f0->f34, F: F [O(n)]
  29: f0->f34, F1: F1 [O(n)]
  29: f0->f34, F2: 0 [O(1)]
  29: f0->f34, G: G [O(n)]
  29: f0->f34, G1: G1 [O(n)]
  29: f0->f34, G2: O2 [O(n)]
  29: f0->f34, H: H [O(n)]
  29: f0->f34, H1: H1 [O(n)]
  29: f0->f34, H2: M2 [O(n)]
  29: f0->f34, I: I [O(n)]
  29: f0->f34, I1: I1 [O(n)]
  29: f0->f34, I2: N2 [O(n)]
  29: f0->f34, J: J [O(n)]
  29: f0->f34, J1: J1 [O(n)]
  29: f0->f34, J2: 0 [O(1)]
  29: f0->f34, K: 0 [O(1)]
  29: f0->f34, K1: K1 [O(n)]
  29: f0->f34, L: L [O(n)]
  29: f0->f34, L1: L1 [O(n)]
  29: f0->f34, M: M [O(n)]
  29: f0->f34, M1: M1 [O(n)]
  29: f0->f34, N: N [O(n)]
  29: f0->f34, N1: N1 [O(n)]
  29: f0->f34, O: O [O(n)]
  29: f0->f34, O1: O1 [O(n)]
  29: f0->f34, P: P [O(n)]
  29: f0->f34, P1: P1 [O(n)]
  29: f0->f34, Q: 0 [O(1)]
  29: f0->f34, Q1: Q1 [O(n)]
  29: f0->f34, R: 0 [O(1)]
  29: f0->f34, R1: R1 [O(n)]
  29: f0->f34, S: S [O(n)]
  29: f0->f34, S1: S1 [O(n)]
  29: f0->f34, T: 0 [O(1)]
  29: f0->f34, T1: T1 [O(n)]
  29: f0->f34, U: 0 [O(1)]
  29: f0->f34, U1: U1 [O(n)]
  29: f0->f34, V: V [O(n)]
  29: f0->f34, V1: V1 [O(n)]
  29: f0->f34, W: W [O(n)]
  29: f0->f34, W1: W1 [O(n)]
  29: f0->f34, X: X [O(n)]
  29: f0->f34, X1: X1 [O(n)]
  29: f0->f34, Y: Y [O(n)]
  29: f0->f34, Y1: Y1 [O(n)]
  29: f0->f34, Z: Z [O(n)]
  29: f0->f34, Z1: Z1 [O(n)]
  17: f100->f130, A1: A1 [O(n)]
  17: f100->f130, B: 0 [O(1)]
  17: f100->f130, B1: B1 [O(n)]
  17: f100->f130, B2: 0 [O(1)]
  17: f100->f130, C1: C1 [O(n)]
  17: f100->f130, C2: 0 [O(1)]
  17: f100->f130, D1: D1 [O(n)]
  17: f100->f130, D2: K2 [O(n)]
  17: f100->f130, E1: E1 [O(n)]
  17: f100->f130, E2: max{0, L2} [O(n)]
  17: f100->f130, F1: F1 [O(n)]
  17: f100->f130, F2: 0 [O(1)]
  17: f100->f130, G: 0 [O(1)]
  17: f100->f130, G1: G1 [O(n)]
  17: f100->f130, G2: max{M2, O2, max{O2, M2}} [O(n)]
  17: f100->f130, H1: H1 [O(n)]
  17: f100->f130, H2: max{H2, M2, max{M2, H2}} [O(n)]
  17: f100->f130, I1: I1 [O(n)]
  17: f100->f130, I2: max{I2, N2, max{N2, I2}} [O(n)]
  17: f100->f130, J: J [O(n)]
  17: f100->f130, J1: J1 [O(n)]
  17: f100->f130, J2: max{0, J2} [O(n)]
  17: f100->f130, K: 0 [O(1)]
  17: f100->f130, K1: K1 [O(n)]
  17: f100->f130, L: L [O(n)]
  17: f100->f130, L1: L1 [O(n)]
  17: f100->f130, M: M [O(n)]
  17: f100->f130, M1: M1 [O(n)]
  17: f100->f130, N: N [O(n)]
  17: f100->f130, N1: N1 [O(n)]
  17: f100->f130, O: O [O(n)]
  17: f100->f130, O1: O1 [O(n)]
  17: f100->f130, P: P [O(n)]
  17: f100->f130, P1: P1 [O(n)]
  17: f100->f130, Q: 0 [O(1)]
  17: f100->f130, Q1: 0 [O(1)]
  17: f100->f130, R: 0 [O(1)]
  17: f100->f130, S: S [O(n)]
  17: f100->f130, T: 0 [O(1)]
  17: f100->f130, U: 0 [O(1)]
  17: f100->f130, V: V [O(n)]
  17: f100->f130, W: W [O(n)]
  17: f100->f130, X: X [O(n)]
  17: f100->f130, Y: Y [O(n)]
  17: f100->f130, Z: Z [O(n)]
  18: f100->f100, A1: A1 [O(n)]
  18: f100->f100, B: 0 [O(1)]
  18: f100->f100, B1: B1 [O(n)]
  18: f100->f100, B2: 0 [O(1)]
  18: f100->f100, C1: C1 [O(n)]
  18: f100->f100, C2: 0 [O(1)]
  18: f100->f100, D1: D1 [O(n)]
  18: f100->f100, D2: K2 [O(n)]
  18: f100->f100, E1: E1 [O(n)]
  18: f100->f100, E2: max{0, L2} [O(n)]
  18: f100->f100, F1: F1 [O(n)]
  18: f100->f100, F2: 0 [O(1)]
  18: f100->f100, G: 0 [O(1)]
  18: f100->f100, G1: G1 [O(n)]
  18: f100->f100, G2: max{M2, O2, max{O2, M2}} [O(n)]
  18: f100->f100, H1: H1 [O(n)]
  18: f100->f100, H2: max{H2, M2, max{M2, H2}} [O(n)]
  18: f100->f100, I1: I1 [O(n)]
  18: f100->f100, I2: max{I2, N2, max{N2, I2}} [O(n)]
  18: f100->f100, J: J [O(n)]
  18: f100->f100, J1: J1 [O(n)]
  18: f100->f100, J2: max{0, J2} [O(n)]
  18: f100->f100, K: 0 [O(1)]
  18: f100->f100, K1: K1 [O(n)]
  18: f100->f100, L: L [O(n)]
  18: f100->f100, L1: L1 [O(n)]
  18: f100->f100, M: M [O(n)]
  18: f100->f100, M1: M1 [O(n)]
  18: f100->f100, N: N [O(n)]
  18: f100->f100, N1: N1 [O(n)]
  18: f100->f100, O: O [O(n)]
  18: f100->f100, O1: O1 [O(n)]
  18: f100->f100, P: P [O(n)]
  18: f100->f100, P1: P1 [O(n)]
  18: f100->f100, Q: 0 [O(1)]
  18: f100->f100, R: 0 [O(1)]
  18: f100->f100, R1: R1 [O(n)]
  18: f100->f100, S: S [O(n)]
  18: f100->f100, T: 0 [O(1)]
  18: f100->f100, U: 0 [O(1)]
  18: f100->f100, V: V [O(n)]
  18: f100->f100, W: W [O(n)]
  18: f100->f100, X: X [O(n)]
  18: f100->f100, Y: Y [O(n)]
  18: f100->f100, Z: Z [O(n)]
  12: f130->f191, B: 0 [O(1)]
  12: f130->f191, B1: B1 [O(n)]
  12: f130->f191, B2: 0 [O(1)]
  12: f130->f191, C1: C1 [O(n)]
  12: f130->f191, C2: 0 [O(1)]
  12: f130->f191, D1: D1 [O(n)]
  12: f130->f191, D2: K2 [O(n)]
  12: f130->f191, E1: max{0, E1} [O(n)]
  12: f130->f191, E2: max{0, L2} [O(n)]
  12: f130->f191, F1: F1 [O(n)]
  12: f130->f191, F2: 0 [O(1)]
  12: f130->f191, G: 0 [O(1)]
  12: f130->f191, G1: G1 [O(n)]
  12: f130->f191, G2: max{M2, O2, max{O2, M2}} [O(n)]
  12: f130->f191, H1: H1 [O(n)]
  12: f130->f191, H2: max{H2, M2, max{M2, H2}} [O(n)]
  12: f130->f191, I1: I1 [O(n)]
  12: f130->f191, I2: max{I2, N2, max{N2, I2}} [O(n)]
  12: f130->f191, J1: J1 [O(n)]
  12: f130->f191, J2: max{0, J2} [O(n)]
  12: f130->f191, K: 0 [O(1)]
  12: f130->f191, L: L [O(n)]
  12: f130->f191, M: M [O(n)]
  12: f130->f191, N: N [O(n)]
  12: f130->f191, O: O [O(n)]
  12: f130->f191, O1: max{0, O1} [O(n)]
  12: f130->f191, P: P [O(n)]
  12: f130->f191, P1: max{0, P1} [O(n)]
  12: f130->f191, Q: 0 [O(1)]
  12: f130->f191, Q1: 0 [O(1)]
  12: f130->f191, R: 0 [O(1)]
  12: f130->f191, S: S [O(n)]
  12: f130->f191, T: 0 [O(1)]
  12: f130->f191, U: 0 [O(1)]
  12: f130->f191, V: 0 [O(1)]
  12: f130->f191, W: 0 [O(1)]
  12: f130->f191, Z: Z [O(n)]
  15: f130->f130, B: 0 [O(1)]
  15: f130->f130, B1: B1 [O(n)]
  15: f130->f130, B2: 0 [O(1)]
  15: f130->f130, C1: C1 [O(n)]
  15: f130->f130, C2: 0 [O(1)]
  15: f130->f130, D1: D1 [O(n)]
  15: f130->f130, D2: K2 [O(n)]
  15: f130->f130, E1: max{0, E1} [O(n)]
  15: f130->f130, E2: max{0, L2} [O(n)]
  15: f130->f130, F1: F1 [O(n)]
  15: f130->f130, F2: 0 [O(1)]
  15: f130->f130, G: 0 [O(1)]
  15: f130->f130, G1: G1 [O(n)]
  15: f130->f130, G2: max{M2, O2, max{O2, M2}} [O(n)]
  15: f130->f130, H1: H1 [O(n)]
  15: f130->f130, H2: max{H2, M2, max{M2, H2}} [O(n)]
  15: f130->f130, I1: I1 [O(n)]
  15: f130->f130, I2: max{I2, N2, max{N2, I2}} [O(n)]
  15: f130->f130, J: J [O(n)]
  15: f130->f130, J1: J1 [O(n)]
  15: f130->f130, J2: max{0, J2} [O(n)]
  15: f130->f130, K: 0 [O(1)]
  15: f130->f130, K1: 0 [O(1)]
  15: f130->f130, L: L [O(n)]
  15: f130->f130, M: M [O(n)]
  15: f130->f130, N: N [O(n)]
  15: f130->f130, O: O [O(n)]
  15: f130->f130, O1: max{0, O1} [O(n)]
  15: f130->f130, P: P [O(n)]
  15: f130->f130, P1: max{0, P1} [O(n)]
  15: f130->f130, Q: 0 [O(1)]
  15: f130->f130, Q1: 0 [O(1)]
  15: f130->f130, R: 0 [O(1)]
  15: f130->f130, S: S [O(n)]
  15: f130->f130, T: 0 [O(1)]
  15: f130->f130, U: 0 [O(1)]
  15: f130->f130, X: X [O(n)]
  15: f130->f130, Y: Y [O(n)]
  15: f130->f130, Z: Z [O(n)]
  16: f130->f130, B: 0 [O(1)]
  16: f130->f130, B1: B1 [O(n)]
  16: f130->f130, B2: 0 [O(1)]
  16: f130->f130, C1: C1 [O(n)]
  16: f130->f130, C2: 0 [O(1)]
  16: f130->f130, D1: D1 [O(n)]
  16: f130->f130, D2: K2 [O(n)]
  16: f130->f130, E1: 0 [O(1)]
  16: f130->f130, E2: max{0, L2} [O(n)]
  16: f130->f130, F1: F1 [O(n)]
  16: f130->f130, F2: 0 [O(1)]
  16: f130->f130, G: 0 [O(1)]
  16: f130->f130, G1: G1 [O(n)]
  16: f130->f130, G2: max{M2, O2, max{O2, M2}} [O(n)]
  16: f130->f130, H1: H1 [O(n)]
  16: f130->f130, H2: max{H2, M2, max{M2, H2}} [O(n)]
  16: f130->f130, I1: I1 [O(n)]
  16: f130->f130, I2: max{I2, N2, max{N2, I2}} [O(n)]
  16: f130->f130, J: J [O(n)]
  16: f130->f130, J1: J1 [O(n)]
  16: f130->f130, J2: max{0, J2} [O(n)]
  16: f130->f130, K: 0 [O(1)]
  16: f130->f130, L: L [O(n)]
  16: f130->f130, M: M [O(n)]
  16: f130->f130, N: N [O(n)]
  16: f130->f130, O: O [O(n)]
  16: f130->f130, O1: 0 [O(1)]
  16: f130->f130, P: P [O(n)]
  16: f130->f130, P1: 0 [O(1)]
  16: f130->f130, Q: 0 [O(1)]
  16: f130->f130, Q1: 0 [O(1)]
  16: f130->f130, R: 0 [O(1)]
  16: f130->f130, S: S [O(n)]
  16: f130->f130, T: 0 [O(1)]
  16: f130->f130, U: 0 [O(1)]
  16: f130->f130, X: X [O(n)]
  16: f130->f130, Y: Y [O(n)]
  16: f130->f130, Z: Z [O(n)]
  8: f191->f191, B: 0 [O(1)]
  8: f191->f191, B1: B1 [O(n)]
  8: f191->f191, B2: 0 [O(1)]
  8: f191->f191, C1: C1 [O(n)]
  8: f191->f191, C2: 0 [O(1)]
  8: f191->f191, D1: D1 [O(n)]
  8: f191->f191, D2: K2 [O(n)]
  8: f191->f191, E1: max{0, E1} [O(n)]
  8: f191->f191, E2: max{0, L2} [O(n)]
  8: f191->f191, F1: F1 [O(n)]
  8: f191->f191, F2: 0 [O(1)]
  8: f191->f191, G: 0 [O(1)]
  8: f191->f191, G1: G1 [O(n)]
  8: f191->f191, G2: max{M2, O2, max{O2, M2}} [O(n)]
  8: f191->f191, H1: H1 [O(n)]
  8: f191->f191, H2: max{H2, M2, max{M2, H2}} [O(n)]
  8: f191->f191, I1: I1 [O(n)]
  8: f191->f191, I2: max{I2, N2, max{N2, I2}} [O(n)]
  8: f191->f191, J1: J1 [O(n)]
  8: f191->f191, J2: max{0, J2} [O(n)]
  8: f191->f191, K: 1 [O(1)]
  8: f191->f191, L: 0 [O(1)]
  8: f191->f191, N: 0 [O(1)]
  8: f191->f191, O: 0 [O(1)]
  8: f191->f191, O1: max{0, O1} [O(n)]
  8: f191->f191, P1: max{0, P1} [O(n)]
  8: f191->f191, Q: 0 [O(1)]
  8: f191->f191, Q1: 0 [O(1)]
  8: f191->f191, R: 0 [O(1)]
  8: f191->f191, S: S [O(n)]
  8: f191->f191, T: 0 [O(1)]
  8: f191->f191, U: 0 [O(1)]
  8: f191->f191, V: 0 [O(1)]
  8: f191->f191, W: 0 [O(1)]
  8: f191->f191, Z: Z [O(n)]
  10: f191->f213, B: 0 [O(1)]
  10: f191->f213, B1: B1 [O(n)]
  10: f191->f213, B2: 0 [O(1)]
  10: f191->f213, C1: C1 [O(n)]
  10: f191->f213, C2: 0 [O(1)]
  10: f191->f213, D1: D1 [O(n)]
  10: f191->f213, D2: K2 [O(n)]
  10: f191->f213, E1: max{0, E1} [O(n)]
  10: f191->f213, E2: max{0, L2} [O(n)]
  10: f191->f213, F1: F1 [O(n)]
  10: f191->f213, F2: 0 [O(1)]
  10: f191->f213, G: 0 [O(1)]
  10: f191->f213, G1: G1 [O(n)]
  10: f191->f213, G2: max{M2, O2, max{O2, M2}} [O(n)]
  10: f191->f213, H1: H1 [O(n)]
  10: f191->f213, H2: max{H2, M2, max{M2, H2}} [O(n)]
  10: f191->f213, I1: I1 [O(n)]
  10: f191->f213, I2: max{I2, N2, max{N2, I2}} [O(n)]
  10: f191->f213, J: 0 [O(1)]
  10: f191->f213, J1: J1 [O(n)]
  10: f191->f213, J2: max{0, J2} [O(n)]
  10: f191->f213, K: 1 [O(1)]
  10: f191->f213, L: max{0, L} [O(n)]
  10: f191->f213, N: max{0, N} [O(n)]
  10: f191->f213, O: max{0, O} [O(n)]
  10: f191->f213, O1: max{0, O1} [O(n)]
  10: f191->f213, P1: max{0, P1} [O(n)]
  10: f191->f213, Q: 0 [O(1)]
  10: f191->f213, Q1: 0 [O(1)]
  10: f191->f213, R: 0 [O(1)]
  10: f191->f213, T: 1 [O(1)]
  10: f191->f213, U: 0 [O(1)]
  10: f191->f213, V: 0 [O(1)]
  10: f191->f213, W: 0 [O(1)]
  10: f191->f213, Z: Z [O(n)]
  6: f213->f213, B: 0 [O(1)]
  6: f213->f213, B1: B1 [O(n)]
  6: f213->f213, B2: 0 [O(1)]
  6: f213->f213, C1: C1 [O(n)]
  6: f213->f213, C2: 0 [O(1)]
  6: f213->f213, D1: D1 [O(n)]
  6: f213->f213, D2: K2 [O(n)]
  6: f213->f213, E1: max{0, E1} [O(n)]
  6: f213->f213, E2: max{0, L2} [O(n)]
  6: f213->f213, F1: F1 [O(n)]
  6: f213->f213, F2: 0 [O(1)]
  6: f213->f213, G: 0 [O(1)]
  6: f213->f213, G1: G1 [O(n)]
  6: f213->f213, G2: max{M2, O2, max{O2, M2}} [O(n)]
  6: f213->f213, H1: H1 [O(n)]
  6: f213->f213, H2: max{H2, M2, max{M2, H2}} [O(n)]
  6: f213->f213, I1: I1 [O(n)]
  6: f213->f213, I2: max{I2, N2, max{N2, I2}} [O(n)]
  6: f213->f213, J: 0 [O(1)]
  6: f213->f213, J1: J1 [O(n)]
  6: f213->f213, J2: max{0, J2} [O(n)]
  6: f213->f213, K: 1 [O(1)]
  6: f213->f213, L: max{0, L} [O(n)]
  6: f213->f213, N: max{0, N} [O(n)]
  6: f213->f213, O: max{0, O} [O(n)]
  6: f213->f213, O1: max{0, O1} [O(n)]
  6: f213->f213, P1: max{0, P1} [O(n)]
  6: f213->f213, Q: 0 [O(1)]
  6: f213->f213, Q1: 0 [O(1)]
  6: f213->f213, R: 0 [O(1)]
  6: f213->f213, T: 1 [O(1)]
  6: f213->f213, U: 0 [O(1)]
  6: f213->f213, V: 0 [O(1)]
  6: f213->f213, W: 0 [O(1)]
  6: f213->f213, Z: Z [O(n)]
  1: f34->f34, A: A [O(n)]
  1: f34->f34, A1: A1 [O(n)]
  1: f34->f34, A2: A2 [O(n)]
  1: f34->f34, B: max{M2, O2} [O(n)]
  1: f34->f34, B1: B1 [O(n)]
  1: f34->f34, B2: 0 [O(1)]
  1: f34->f34, C: 0 [O(1)]
  1: f34->f34, C1: C1 [O(n)]
  1: f34->f34, C2: 0 [O(1)]
  1: f34->f34, D1: D1 [O(n)]
  1: f34->f34, D2: K2 [O(n)]
  1: f34->f34, E1: E1 [O(n)]
  1: f34->f34, E2: max{0, L2} [O(n)]
  1: f34->f34, F: F [O(n)]
  1: f34->f34, F1: F1 [O(n)]
  1: f34->f34, F2: 0 [O(1)]
  1: f34->f34, G: G [O(n)]
  1: f34->f34, G1: G1 [O(n)]
  1: f34->f34, G2: max{M2, O2} [O(n)]
  1: f34->f34, H: H [O(n)]
  1: f34->f34, H1: H1 [O(n)]
  1: f34->f34, H2: max{H2, M2} [O(n)]
  1: f34->f34, I: I [O(n)]
  1: f34->f34, I1: I1 [O(n)]
  1: f34->f34, I2: max{I2, N2} [O(n)]
  1: f34->f34, J: J [O(n)]
  1: f34->f34, J1: J1 [O(n)]
  1: f34->f34, J2: max{0, J2} [O(n)]
  1: f34->f34, K: 0 [O(1)]
  1: f34->f34, K1: K1 [O(n)]
  1: f34->f34, L: L [O(n)]
  1: f34->f34, L1: L1 [O(n)]
  1: f34->f34, M: M [O(n)]
  1: f34->f34, M1: M1 [O(n)]
  1: f34->f34, N: N [O(n)]
  1: f34->f34, N1: N1 [O(n)]
  1: f34->f34, O: O [O(n)]
  1: f34->f34, O1: O1 [O(n)]
  1: f34->f34, P: P [O(n)]
  1: f34->f34, P1: P1 [O(n)]
  1: f34->f34, Q: 0 [O(1)]
  1: f34->f34, Q1: Q1 [O(n)]
  1: f34->f34, R: 0 [O(1)]
  1: f34->f34, R1: R1 [O(n)]
  1: f34->f34, S: S [O(n)]
  1: f34->f34, S1: S1 [O(n)]
  1: f34->f34, T: 0 [O(1)]
  1: f34->f34, T1: T1 [O(n)]
  1: f34->f34, U: 0 [O(1)]
  1: f34->f34, U1: U1 [O(n)]
  1: f34->f34, V: V [O(n)]
  1: f34->f34, V1: V1 [O(n)]
  1: f34->f34, W: W [O(n)]
  1: f34->f34, W1: W1 [O(n)]
  1: f34->f34, X: X [O(n)]
  1: f34->f34, X1: X1 [O(n)]
  1: f34->f34, Y: Y [O(n)]
  1: f34->f34, Z: Z [O(n)]
  1: f34->f34, Z1: Z1 [O(n)]
  2: f34->f44, A: A [O(n)]
  2: f34->f44, A1: A1 [O(n)]
  2: f34->f44, A2: A2 [O(n)]
  2: f34->f44, B: max{M2, O2} [O(n)]
  2: f34->f44, B1: B1 [O(n)]
  2: f34->f44, B2: 0 [O(1)]
  2: f34->f44, C1: C1 [O(n)]
  2: f34->f44, C2: 0 [O(1)]
  2: f34->f44, D: 0 [O(1)]
  2: f34->f44, D1: D1 [O(n)]
  2: f34->f44, D2: K2 [O(n)]
  2: f34->f44, E1: E1 [O(n)]
  2: f34->f44, E2: max{0, L2} [O(n)]
  2: f34->f44, F: F [O(n)]
  2: f34->f44, F1: F1 [O(n)]
  2: f34->f44, F2: 0 [O(1)]
  2: f34->f44, G: G [O(n)]
  2: f34->f44, G1: G1 [O(n)]
  2: f34->f44, G2: max{M2, O2} [O(n)]
  2: f34->f44, H: H [O(n)]
  2: f34->f44, H1: H1 [O(n)]
  2: f34->f44, H2: max{H2, M2} [O(n)]
  2: f34->f44, I: I [O(n)]
  2: f34->f44, I1: I1 [O(n)]
  2: f34->f44, I2: max{I2, N2} [O(n)]
  2: f34->f44, J: J [O(n)]
  2: f34->f44, J1: J1 [O(n)]
  2: f34->f44, J2: max{0, J2} [O(n)]
  2: f34->f44, K: 0 [O(1)]
  2: f34->f44, K1: K1 [O(n)]
  2: f34->f44, L: L [O(n)]
  2: f34->f44, L1: L1 [O(n)]
  2: f34->f44, M: M [O(n)]
  2: f34->f44, M1: M1 [O(n)]
  2: f34->f44, N: N [O(n)]
  2: f34->f44, N1: N1 [O(n)]
  2: f34->f44, O: O [O(n)]
  2: f34->f44, O1: O1 [O(n)]
  2: f34->f44, P: P [O(n)]
  2: f34->f44, P1: P1 [O(n)]
  2: f34->f44, Q: 0 [O(1)]
  2: f34->f44, Q1: Q1 [O(n)]
  2: f34->f44, R: 0 [O(1)]
  2: f34->f44, R1: R1 [O(n)]
  2: f34->f44, S: S [O(n)]
  2: f34->f44, S1: S1 [O(n)]
  2: f34->f44, T: 0 [O(1)]
  2: f34->f44, T1: T1 [O(n)]
  2: f34->f44, U: 0 [O(1)]
  2: f34->f44, U1: U1 [O(n)]
  2: f34->f44, V: V [O(n)]
  2: f34->f44, V1: V1 [O(n)]
  2: f34->f44, W: W [O(n)]
  2: f34->f44, W1: W1 [O(n)]
  2: f34->f44, X: X [O(n)]
  2: f34->f44, X1: X1 [O(n)]
  2: f34->f44, Y: Y [O(n)]
  2: f34->f44, Z: Z [O(n)]
  2: f34->f44, Z1: Z1 [O(n)]
  26: f34->f44, A: A [O(n)]
  26: f34->f44, A1: A1 [O(n)]
  26: f34->f44, A2: A2 [O(n)]
  26: f34->f44, B: max{M2, O2} [O(n)]
  26: f34->f44, B1: B1 [O(n)]
  26: f34->f44, B2: 0 [O(1)]
  26: f34->f44, C1: C1 [O(n)]
  26: f34->f44, C2: 0 [O(1)]
  26: f34->f44, D1: D1 [O(n)]
  26: f34->f44, D2: K2 [O(n)]
  26: f34->f44, E1: E1 [O(n)]
  26: f34->f44, E2: max{0, L2} [O(n)]
  26: f34->f44, F: F [O(n)]
  26: f34->f44, F1: F1 [O(n)]
  26: f34->f44, F2: 0 [O(1)]
  26: f34->f44, G: G [O(n)]
  26: f34->f44, G1: G1 [O(n)]
  26: f34->f44, G2: max{M2, O2} [O(n)]
  26: f34->f44, H: H [O(n)]
  26: f34->f44, H1: H1 [O(n)]
  26: f34->f44, H2: max{H2, M2} [O(n)]
  26: f34->f44, I: I [O(n)]
  26: f34->f44, I1: I1 [O(n)]
  26: f34->f44, I2: max{I2, N2} [O(n)]
  26: f34->f44, J: J [O(n)]
  26: f34->f44, J1: J1 [O(n)]
  26: f34->f44, J2: max{0, J2} [O(n)]
  26: f34->f44, K: 0 [O(1)]
  26: f34->f44, K1: K1 [O(n)]
  26: f34->f44, L: L [O(n)]
  26: f34->f44, L1: L1 [O(n)]
  26: f34->f44, M: M [O(n)]
  26: f34->f44, M1: M1 [O(n)]
  26: f34->f44, N: N [O(n)]
  26: f34->f44, N1: N1 [O(n)]
  26: f34->f44, O: O [O(n)]
  26: f34->f44, O1: O1 [O(n)]
  26: f34->f44, P: P [O(n)]
  26: f34->f44, P1: P1 [O(n)]
  26: f34->f44, Q: 0 [O(1)]
  26: f34->f44, Q1: Q1 [O(n)]
  26: f34->f44, R: 0 [O(1)]
  26: f34->f44, R1: R1 [O(n)]
  26: f34->f44, S: S [O(n)]
  26: f34->f44, S1: S1 [O(n)]
  26: f34->f44, T: 0 [O(1)]
  26: f34->f44, T1: T1 [O(n)]
  26: f34->f44, U: 0 [O(1)]
  26: f34->f44, U1: U1 [O(n)]
  26: f34->f44, V: V [O(n)]
  26: f34->f44, V1: V1 [O(n)]
  26: f34->f44, W: W [O(n)]
  26: f34->f44, W1: W1 [O(n)]
  26: f34->f44, X: X [O(n)]
  26: f34->f44, X1: X1 [O(n)]
  26: f34->f44, Y: Y [O(n)]
  26: f34->f44, Z: Z [O(n)]
  26: f34->f44, Z1: Z1 [O(n)]
  27: f34->f65, A: A [O(n)]
  27: f34->f65, A1: A1 [O(n)]
  27: f34->f65, B: 0 [O(1)]
  27: f34->f65, B1: B1 [O(n)]
  27: f34->f65, B2: 0 [O(1)]
  27: f34->f65, C1: C1 [O(n)]
  27: f34->f65, C2: 0 [O(1)]
  27: f34->f65, D1: D1 [O(n)]
  27: f34->f65, D2: K2 [O(n)]
  27: f34->f65, E1: E1 [O(n)]
  27: f34->f65, E2: max{0, L2} [O(n)]
  27: f34->f65, F: F [O(n)]
  27: f34->f65, F1: F1 [O(n)]
  27: f34->f65, F2: 0 [O(1)]
  27: f34->f65, G1: G1 [O(n)]
  27: f34->f65, G2: max{M2, O2, max{O2, M2}} [O(n)]
  27: f34->f65, H: H [O(n)]
  27: f34->f65, H1: H1 [O(n)]
  27: f34->f65, H2: max{H2, M2, max{M2, H2}} [O(n)]
  27: f34->f65, I: I [O(n)]
  27: f34->f65, I1: I1 [O(n)]
  27: f34->f65, I2: max{I2, N2, max{N2, I2}} [O(n)]
  27: f34->f65, J: J [O(n)]
  27: f34->f65, J1: J1 [O(n)]
  27: f34->f65, J2: max{0, J2} [O(n)]
  27: f34->f65, K: 0 [O(1)]
  27: f34->f65, K1: K1 [O(n)]
  27: f34->f65, L: L [O(n)]
  27: f34->f65, L1: L1 [O(n)]
  27: f34->f65, M: M [O(n)]
  27: f34->f65, M1: M1 [O(n)]
  27: f34->f65, N: N [O(n)]
  27: f34->f65, N1: N1 [O(n)]
  27: f34->f65, O: O [O(n)]
  27: f34->f65, O1: O1 [O(n)]
  27: f34->f65, P: P [O(n)]
  27: f34->f65, P1: P1 [O(n)]
  27: f34->f65, Q: 0 [O(1)]
  27: f34->f65, Q1: Q1 [O(n)]
  27: f34->f65, R: 0 [O(1)]
  27: f34->f65, R1: R1 [O(n)]
  27: f34->f65, S: S [O(n)]
  27: f34->f65, S1: S1 [O(n)]
  27: f34->f65, T: 0 [O(1)]
  27: f34->f65, T1: T1 [O(n)]
  27: f34->f65, U: 0 [O(1)]
  27: f34->f65, U1: U1 [O(n)]
  27: f34->f65, V: V [O(n)]
  27: f34->f65, V1: V1 [O(n)]
  27: f34->f65, W: W [O(n)]
  27: f34->f65, W1: W1 [O(n)]
  27: f34->f65, X: X [O(n)]
  27: f34->f65, X1: X1 [O(n)]
  27: f34->f65, Y: Y [O(n)]
  27: f34->f65, Z: Z [O(n)]
  24: f44->f34, A: A [O(n)]
  24: f44->f34, A1: A1 [O(n)]
  24: f44->f34, A2: A2 [O(n)]
  24: f44->f34, B: max{M2, O2} [O(n)]
  24: f44->f34, B1: B1 [O(n)]
  24: f44->f34, B2: 0 [O(1)]
  24: f44->f34, C1: C1 [O(n)]
  24: f44->f34, C2: 0 [O(1)]
  24: f44->f34, D1: D1 [O(n)]
  24: f44->f34, D2: K2 [O(n)]
  24: f44->f34, E: 0 [O(1)]
  24: f44->f34, E1: E1 [O(n)]
  24: f44->f34, E2: max{0, L2} [O(n)]
  24: f44->f34, F: F [O(n)]
  24: f44->f34, F1: F1 [O(n)]
  24: f44->f34, F2: 0 [O(1)]
  24: f44->f34, G: G [O(n)]
  24: f44->f34, G1: G1 [O(n)]
  24: f44->f34, G2: max{M2, O2} [O(n)]
  24: f44->f34, H: H [O(n)]
  24: f44->f34, H1: H1 [O(n)]
  24: f44->f34, H2: max{H2, M2} [O(n)]
  24: f44->f34, I: I [O(n)]
  24: f44->f34, I1: I1 [O(n)]
  24: f44->f34, I2: max{I2, N2} [O(n)]
  24: f44->f34, J: J [O(n)]
  24: f44->f34, J1: J1 [O(n)]
  24: f44->f34, J2: max{0, J2} [O(n)]
  24: f44->f34, K: 0 [O(1)]
  24: f44->f34, K1: K1 [O(n)]
  24: f44->f34, L: L [O(n)]
  24: f44->f34, L1: L1 [O(n)]
  24: f44->f34, M: M [O(n)]
  24: f44->f34, M1: M1 [O(n)]
  24: f44->f34, N: N [O(n)]
  24: f44->f34, N1: N1 [O(n)]
  24: f44->f34, O: O [O(n)]
  24: f44->f34, O1: O1 [O(n)]
  24: f44->f34, P: P [O(n)]
  24: f44->f34, P1: P1 [O(n)]
  24: f44->f34, Q: 0 [O(1)]
  24: f44->f34, Q1: Q1 [O(n)]
  24: f44->f34, R: 0 [O(1)]
  24: f44->f34, R1: R1 [O(n)]
  24: f44->f34, S: S [O(n)]
  24: f44->f34, S1: S1 [O(n)]
  24: f44->f34, T: 0 [O(1)]
  24: f44->f34, T1: T1 [O(n)]
  24: f44->f34, U: 0 [O(1)]
  24: f44->f34, U1: U1 [O(n)]
  24: f44->f34, V: V [O(n)]
  24: f44->f34, V1: V1 [O(n)]
  24: f44->f34, W: W [O(n)]
  24: f44->f34, W1: W1 [O(n)]
  24: f44->f34, X: X [O(n)]
  24: f44->f34, X1: X1 [O(n)]
  24: f44->f34, Y: Y [O(n)]
  24: f44->f34, Z: Z [O(n)]
  24: f44->f34, Z1: Z1 [O(n)]
  25: f44->f34, A: A [O(n)]
  25: f44->f34, A1: A1 [O(n)]
  25: f44->f34, A2: A2 [O(n)]
  25: f44->f34, B: max{M2, O2} [O(n)]
  25: f44->f34, B1: B1 [O(n)]
  25: f44->f34, B2: 0 [O(1)]
  25: f44->f34, C1: C1 [O(n)]
  25: f44->f34, C2: 0 [O(1)]
  25: f44->f34, D1: D1 [O(n)]
  25: f44->f34, D2: K2 [O(n)]
  25: f44->f34, E1: E1 [O(n)]
  25: f44->f34, E2: max{0, L2} [O(n)]
  25: f44->f34, F: F [O(n)]
  25: f44->f34, F1: F1 [O(n)]
  25: f44->f34, F2: 0 [O(1)]
  25: f44->f34, G: G [O(n)]
  25: f44->f34, G1: G1 [O(n)]
  25: f44->f34, G2: max{M2, O2} [O(n)]
  25: f44->f34, H: H [O(n)]
  25: f44->f34, H1: H1 [O(n)]
  25: f44->f34, H2: max{H2, M2} [O(n)]
  25: f44->f34, I: I [O(n)]
  25: f44->f34, I1: I1 [O(n)]
  25: f44->f34, I2: max{I2, N2} [O(n)]
  25: f44->f34, J: J [O(n)]
  25: f44->f34, J1: J1 [O(n)]
  25: f44->f34, J2: max{0, J2} [O(n)]
  25: f44->f34, K: 0 [O(1)]
  25: f44->f34, K1: K1 [O(n)]
  25: f44->f34, L: L [O(n)]
  25: f44->f34, L1: L1 [O(n)]
  25: f44->f34, M: M [O(n)]
  25: f44->f34, M1: M1 [O(n)]
  25: f44->f34, N: N [O(n)]
  25: f44->f34, N1: N1 [O(n)]
  25: f44->f34, O: O [O(n)]
  25: f44->f34, O1: O1 [O(n)]
  25: f44->f34, P: P [O(n)]
  25: f44->f34, P1: P1 [O(n)]
  25: f44->f34, Q: 0 [O(1)]
  25: f44->f34, Q1: Q1 [O(n)]
  25: f44->f34, R: 0 [O(1)]
  25: f44->f34, R1: R1 [O(n)]
  25: f44->f34, S: S [O(n)]
  25: f44->f34, S1: S1 [O(n)]
  25: f44->f34, T: 0 [O(1)]
  25: f44->f34, T1: T1 [O(n)]
  25: f44->f34, U: 0 [O(1)]
  25: f44->f34, U1: U1 [O(n)]
  25: f44->f34, V: V [O(n)]
  25: f44->f34, V1: V1 [O(n)]
  25: f44->f34, W: W [O(n)]
  25: f44->f34, W1: W1 [O(n)]
  25: f44->f34, X: X [O(n)]
  25: f44->f34, X1: X1 [O(n)]
  25: f44->f34, Y: Y [O(n)]
  25: f44->f34, Z: Z [O(n)]
  25: f44->f34, Z1: Z1 [O(n)]
  4: f65->f75, A1: A1 [O(n)]
  4: f65->f75, B: 0 [O(1)]
  4: f65->f75, B1: B1 [O(n)]
  4: f65->f75, B2: 0 [O(1)]
  4: f65->f75, C1: C1 [O(n)]
  4: f65->f75, C2: 0 [O(1)]
  4: f65->f75, D1: D1 [O(n)]
  4: f65->f75, D2: K2 [O(n)]
  4: f65->f75, E1: E1 [O(n)]
  4: f65->f75, E2: max{0, L2} [O(n)]
  4: f65->f75, F1: F1 [O(n)]
  4: f65->f75, F2: 0 [O(1)]
  4: f65->f75, G1: G1 [O(n)]
  4: f65->f75, G2: max{M2, O2, max{O2, M2}} [O(n)]
  4: f65->f75, H: 0 [O(1)]
  4: f65->f75, H1: H1 [O(n)]
  4: f65->f75, H2: max{H2, M2, max{M2, H2}} [O(n)]
  4: f65->f75, I1: I1 [O(n)]
  4: f65->f75, I2: max{I2, N2, max{N2, I2}} [O(n)]
  4: f65->f75, J: J [O(n)]
  4: f65->f75, J1: J1 [O(n)]
  4: f65->f75, J2: max{0, J2} [O(n)]
  4: f65->f75, K: 0 [O(1)]
  4: f65->f75, K1: K1 [O(n)]
  4: f65->f75, L: L [O(n)]
  4: f65->f75, L1: L1 [O(n)]
  4: f65->f75, M: M [O(n)]
  4: f65->f75, M1: M1 [O(n)]
  4: f65->f75, N: N [O(n)]
  4: f65->f75, N1: N1 [O(n)]
  4: f65->f75, O: O [O(n)]
  4: f65->f75, O1: O1 [O(n)]
  4: f65->f75, P: P [O(n)]
  4: f65->f75, P1: P1 [O(n)]
  4: f65->f75, Q: 0 [O(1)]
  4: f65->f75, Q1: Q1 [O(n)]
  4: f65->f75, R: 0 [O(1)]
  4: f65->f75, R1: R1 [O(n)]
  4: f65->f75, S: S [O(n)]
  4: f65->f75, S1: S1 [O(n)]
  4: f65->f75, T: 0 [O(1)]
  4: f65->f75, T1: T1 [O(n)]
  4: f65->f75, U: 0 [O(1)]
  4: f65->f75, U1: U1 [O(n)]
  4: f65->f75, V: V [O(n)]
  4: f65->f75, V1: V1 [O(n)]
  4: f65->f75, W: W [O(n)]
  4: f65->f75, W1: W1 [O(n)]
  4: f65->f75, X: X [O(n)]
  4: f65->f75, X1: X1 [O(n)]
  4: f65->f75, Y: Y [O(n)]
  4: f65->f75, Z: Z [O(n)]
  22: f65->f75, A1: A1 [O(n)]
  22: f65->f75, B: 0 [O(1)]
  22: f65->f75, B1: B1 [O(n)]
  22: f65->f75, B2: 0 [O(1)]
  22: f65->f75, C1: C1 [O(n)]
  22: f65->f75, C2: 0 [O(1)]
  22: f65->f75, D1: D1 [O(n)]
  22: f65->f75, D2: K2 [O(n)]
  22: f65->f75, E1: E1 [O(n)]
  22: f65->f75, E2: max{0, L2} [O(n)]
  22: f65->f75, F1: F1 [O(n)]
  22: f65->f75, F2: 0 [O(1)]
  22: f65->f75, G1: G1 [O(n)]
  22: f65->f75, G2: max{M2, O2, max{O2, M2}} [O(n)]
  22: f65->f75, H1: H1 [O(n)]
  22: f65->f75, H2: max{H2, M2, max{M2, H2}} [O(n)]
  22: f65->f75, I1: I1 [O(n)]
  22: f65->f75, I2: max{I2, N2, max{N2, I2}} [O(n)]
  22: f65->f75, J: J [O(n)]
  22: f65->f75, J1: J1 [O(n)]
  22: f65->f75, J2: max{0, J2} [O(n)]
  22: f65->f75, K: 0 [O(1)]
  22: f65->f75, K1: K1 [O(n)]
  22: f65->f75, L: L [O(n)]
  22: f65->f75, L1: L1 [O(n)]
  22: f65->f75, M: M [O(n)]
  22: f65->f75, M1: M1 [O(n)]
  22: f65->f75, N: N [O(n)]
  22: f65->f75, N1: N1 [O(n)]
  22: f65->f75, O: O [O(n)]
  22: f65->f75, O1: O1 [O(n)]
  22: f65->f75, P: P [O(n)]
  22: f65->f75, P1: P1 [O(n)]
  22: f65->f75, Q: 0 [O(1)]
  22: f65->f75, Q1: Q1 [O(n)]
  22: f65->f75, R: 0 [O(1)]
  22: f65->f75, R1: R1 [O(n)]
  22: f65->f75, S: S [O(n)]
  22: f65->f75, S1: S1 [O(n)]
  22: f65->f75, T: 0 [O(1)]
  22: f65->f75, T1: T1 [O(n)]
  22: f65->f75, U: 0 [O(1)]
  22: f65->f75, U1: U1 [O(n)]
  22: f65->f75, V: V [O(n)]
  22: f65->f75, V1: V1 [O(n)]
  22: f65->f75, W: W [O(n)]
  22: f65->f75, W1: W1 [O(n)]
  22: f65->f75, X: X [O(n)]
  22: f65->f75, X1: X1 [O(n)]
  22: f65->f75, Y: Y [O(n)]
  22: f65->f75, Z: Z [O(n)]
  23: f65->f100, A1: A1 [O(n)]
  23: f65->f100, B: 0 [O(1)]
  23: f65->f100, B1: B1 [O(n)]
  23: f65->f100, B2: 0 [O(1)]
  23: f65->f100, C1: C1 [O(n)]
  23: f65->f100, C2: 0 [O(1)]
  23: f65->f100, D1: D1 [O(n)]
  23: f65->f100, D2: K2 [O(n)]
  23: f65->f100, E1: E1 [O(n)]
  23: f65->f100, E2: max{0, L2} [O(n)]
  23: f65->f100, F1: F1 [O(n)]
  23: f65->f100, F2: 0 [O(1)]
  23: f65->f100, G: 0 [O(1)]
  23: f65->f100, G1: G1 [O(n)]
  23: f65->f100, G2: max{M2, O2, max{O2, M2}} [O(n)]
  23: f65->f100, H1: H1 [O(n)]
  23: f65->f100, H2: max{H2, M2, max{M2, H2}} [O(n)]
  23: f65->f100, I1: I1 [O(n)]
  23: f65->f100, I2: max{I2, N2, max{N2, I2}} [O(n)]
  23: f65->f100, J: J [O(n)]
  23: f65->f100, J1: J1 [O(n)]
  23: f65->f100, J2: max{0, J2} [O(n)]
  23: f65->f100, K: 0 [O(1)]
  23: f65->f100, K1: K1 [O(n)]
  23: f65->f100, L: L [O(n)]
  23: f65->f100, L1: L1 [O(n)]
  23: f65->f100, M: M [O(n)]
  23: f65->f100, M1: M1 [O(n)]
  23: f65->f100, N: N [O(n)]
  23: f65->f100, N1: N1 [O(n)]
  23: f65->f100, O: O [O(n)]
  23: f65->f100, O1: O1 [O(n)]
  23: f65->f100, P: P [O(n)]
  23: f65->f100, P1: P1 [O(n)]
  23: f65->f100, Q: 0 [O(1)]
  23: f65->f100, R: 0 [O(1)]
  23: f65->f100, R1: R1 [O(n)]
  23: f65->f100, S: S [O(n)]
  23: f65->f100, S1: S1 [O(n)]
  23: f65->f100, T: 0 [O(1)]
  23: f65->f100, T1: T1 [O(n)]
  23: f65->f100, U: 0 [O(1)]
  23: f65->f100, U1: U1 [O(n)]
  23: f65->f100, V: V [O(n)]
  23: f65->f100, V1: V1 [O(n)]
  23: f65->f100, W: W [O(n)]
  23: f65->f100, X: X [O(n)]
  23: f65->f100, Y: Y [O(n)]
  23: f65->f100, Z: Z [O(n)]
  5: f75->f79, A1: A1 [O(n)]
  5: f75->f79, B: 0 [O(1)]
  5: f75->f79, B1: B1 [O(n)]
  5: f75->f79, B2: 0 [O(1)]
  5: f75->f79, C1: C1 [O(n)]
  5: f75->f79, C2: 0 [O(1)]
  5: f75->f79, D1: D1 [O(n)]
  5: f75->f79, D2: K2 [O(n)]
  5: f75->f79, E1: E1 [O(n)]
  5: f75->f79, E2: max{0, L2} [O(n)]
  5: f75->f79, F1: F1 [O(n)]
  5: f75->f79, F2: 0 [O(1)]
  5: f75->f79, G1: G1 [O(n)]
  5: f75->f79, G2: max{M2, O2, max{O2, M2}} [O(n)]
  5: f75->f79, H1: H1 [O(n)]
  5: f75->f79, H2: max{H2, M2, max{M2, H2}} [O(n)]
  5: f75->f79, I: 0 [O(1)]
  5: f75->f79, I1: I1 [O(n)]
  5: f75->f79, I2: max{I2, N2, max{N2, I2}} [O(n)]
  5: f75->f79, J: J [O(n)]
  5: f75->f79, J1: J1 [O(n)]
  5: f75->f79, J2: max{0, J2} [O(n)]
  5: f75->f79, K: 0 [O(1)]
  5: f75->f79, K1: K1 [O(n)]
  5: f75->f79, L: L [O(n)]
  5: f75->f79, L1: L1 [O(n)]
  5: f75->f79, M: M [O(n)]
  5: f75->f79, M1: M1 [O(n)]
  5: f75->f79, N: N [O(n)]
  5: f75->f79, N1: N1 [O(n)]
  5: f75->f79, O: O [O(n)]
  5: f75->f79, O1: O1 [O(n)]
  5: f75->f79, P: P [O(n)]
  5: f75->f79, P1: P1 [O(n)]
  5: f75->f79, Q: 0 [O(1)]
  5: f75->f79, Q1: Q1 [O(n)]
  5: f75->f79, R: 0 [O(1)]
  5: f75->f79, R1: R1 [O(n)]
  5: f75->f79, S: S [O(n)]
  5: f75->f79, S1: S1 [O(n)]
  5: f75->f79, T: 0 [O(1)]
  5: f75->f79, T1: T1 [O(n)]
  5: f75->f79, U: 0 [O(1)]
  5: f75->f79, U1: U1 [O(n)]
  5: f75->f79, V: V [O(n)]
  5: f75->f79, V1: V1 [O(n)]
  5: f75->f79, W: W [O(n)]
  5: f75->f79, W1: W1 [O(n)]
  5: f75->f79, X: X [O(n)]
  5: f75->f79, X1: X1 [O(n)]
  5: f75->f79, Y: Y [O(n)]
  5: f75->f79, Z: Z [O(n)]
  21: f75->f79, A1: A1 [O(n)]
  21: f75->f79, B: 0 [O(1)]
  21: f75->f79, B1: B1 [O(n)]
  21: f75->f79, B2: 0 [O(1)]
  21: f75->f79, C1: C1 [O(n)]
  21: f75->f79, C2: 0 [O(1)]
  21: f75->f79, D1: D1 [O(n)]
  21: f75->f79, D2: K2 [O(n)]
  21: f75->f79, E1: E1 [O(n)]
  21: f75->f79, E2: max{0, L2} [O(n)]
  21: f75->f79, F1: F1 [O(n)]
  21: f75->f79, F2: 0 [O(1)]
  21: f75->f79, G1: G1 [O(n)]
  21: f75->f79, G2: max{M2, O2, max{O2, M2}} [O(n)]
  21: f75->f79, H1: H1 [O(n)]
  21: f75->f79, H2: max{H2, M2, max{M2, H2}} [O(n)]
  21: f75->f79, I1: I1 [O(n)]
  21: f75->f79, I2: max{I2, N2, max{N2, I2}} [O(n)]
  21: f75->f79, J: J [O(n)]
  21: f75->f79, J1: J1 [O(n)]
  21: f75->f79, J2: max{0, J2} [O(n)]
  21: f75->f79, K: 0 [O(1)]
  21: f75->f79, K1: K1 [O(n)]
  21: f75->f79, L: L [O(n)]
  21: f75->f79, L1: L1 [O(n)]
  21: f75->f79, M: M [O(n)]
  21: f75->f79, M1: M1 [O(n)]
  21: f75->f79, N: N [O(n)]
  21: f75->f79, N1: N1 [O(n)]
  21: f75->f79, O: O [O(n)]
  21: f75->f79, O1: O1 [O(n)]
  21: f75->f79, P: P [O(n)]
  21: f75->f79, P1: P1 [O(n)]
  21: f75->f79, Q: 0 [O(1)]
  21: f75->f79, Q1: Q1 [O(n)]
  21: f75->f79, R: 0 [O(1)]
  21: f75->f79, R1: R1 [O(n)]
  21: f75->f79, S: S [O(n)]
  21: f75->f79, S1: S1 [O(n)]
  21: f75->f79, T: 0 [O(1)]
  21: f75->f79, T1: T1 [O(n)]
  21: f75->f79, U: 0 [O(1)]
  21: f75->f79, U1: U1 [O(n)]
  21: f75->f79, V: V [O(n)]
  21: f75->f79, V1: V1 [O(n)]
  21: f75->f79, W: W [O(n)]
  21: f75->f79, W1: W1 [O(n)]
  21: f75->f79, X: X [O(n)]
  21: f75->f79, X1: X1 [O(n)]
  21: f75->f79, Y: Y [O(n)]
  21: f75->f79, Z: Z [O(n)]
  0: f79->f81, A: 0 [O(1)]
  0: f79->f81, A1: A1 [O(n)]
  0: f79->f81, B: 0 [O(1)]
  0: f79->f81, B1: B1 [O(n)]
  0: f79->f81, B2: 0 [O(1)]
  0: f79->f81, C1: C1 [O(n)]
  0: f79->f81, C2: 0 [O(1)]
  0: f79->f81, D1: D1 [O(n)]
  0: f79->f81, D2: K2 [O(n)]
  0: f79->f81, E1: E1 [O(n)]
  0: f79->f81, E2: max{0, L2} [O(n)]
  0: f79->f81, F1: F1 [O(n)]
  0: f79->f81, F2: 0 [O(1)]
  0: f79->f81, G1: G1 [O(n)]
  0: f79->f81, G2: max{M2, O2, max{O2, M2}} [O(n)]
  0: f79->f81, H1: H1 [O(n)]
  0: f79->f81, H2: max{H2, M2, max{M2, H2}} [O(n)]
  0: f79->f81, I1: I1 [O(n)]
  0: f79->f81, I2: max{I2, N2, max{N2, I2}} [O(n)]
  0: f79->f81, J: J [O(n)]
  0: f79->f81, J1: J1 [O(n)]
  0: f79->f81, J2: max{0, J2} [O(n)]
  0: f79->f81, K: 0 [O(1)]
  0: f79->f81, K1: K1 [O(n)]
  0: f79->f81, L: L [O(n)]
  0: f79->f81, L1: L1 [O(n)]
  0: f79->f81, M: M [O(n)]
  0: f79->f81, M1: M1 [O(n)]
  0: f79->f81, N: N [O(n)]
  0: f79->f81, N1: N1 [O(n)]
  0: f79->f81, O: O [O(n)]
  0: f79->f81, O1: O1 [O(n)]
  0: f79->f81, P: P [O(n)]
  0: f79->f81, P1: P1 [O(n)]
  0: f79->f81, Q: 0 [O(1)]
  0: f79->f81, Q1: Q1 [O(n)]
  0: f79->f81, R: 0 [O(1)]
  0: f79->f81, R1: R1 [O(n)]
  0: f79->f81, S: S [O(n)]
  0: f79->f81, S1: S1 [O(n)]
  0: f79->f81, T: 0 [O(1)]
  0: f79->f81, T1: T1 [O(n)]
  0: f79->f81, U: 0 [O(1)]
  0: f79->f81, U1: U1 [O(n)]
  0: f79->f81, V: V [O(n)]
  0: f79->f81, V1: V1 [O(n)]
  0: f79->f81, W: W [O(n)]
  0: f79->f81, W1: W1 [O(n)]
  0: f79->f81, X: X [O(n)]
  0: f79->f81, X1: X1 [O(n)]
  0: f79->f81, Y: Y [O(n)]
  0: f79->f81, Z: Z [O(n)]
  20: f79->f81, A1: A1 [O(n)]
  20: f79->f81, B: 0 [O(1)]
  20: f79->f81, B1: B1 [O(n)]
  20: f79->f81, B2: 0 [O(1)]
  20: f79->f81, C1: C1 [O(n)]
  20: f79->f81, C2: 0 [O(1)]
  20: f79->f81, D1: D1 [O(n)]
  20: f79->f81, D2: K2 [O(n)]
  20: f79->f81, E1: E1 [O(n)]
  20: f79->f81, E2: max{0, L2} [O(n)]
  20: f79->f81, F1: F1 [O(n)]
  20: f79->f81, F2: 0 [O(1)]
  20: f79->f81, G1: G1 [O(n)]
  20: f79->f81, G2: max{M2, O2, max{O2, M2}} [O(n)]
  20: f79->f81, H1: H1 [O(n)]
  20: f79->f81, H2: max{H2, M2, max{M2, H2}} [O(n)]
  20: f79->f81, I1: I1 [O(n)]
  20: f79->f81, I2: max{I2, N2, max{N2, I2}} [O(n)]
  20: f79->f81, J: J [O(n)]
  20: f79->f81, J1: J1 [O(n)]
  20: f79->f81, J2: max{0, J2} [O(n)]
  20: f79->f81, K: 0 [O(1)]
  20: f79->f81, K1: K1 [O(n)]
  20: f79->f81, L: L [O(n)]
  20: f79->f81, L1: L1 [O(n)]
  20: f79->f81, M: M [O(n)]
  20: f79->f81, M1: M1 [O(n)]
  20: f79->f81, N: N [O(n)]
  20: f79->f81, N1: N1 [O(n)]
  20: f79->f81, O: O [O(n)]
  20: f79->f81, O1: O1 [O(n)]
  20: f79->f81, P: P [O(n)]
  20: f79->f81, P1: P1 [O(n)]
  20: f79->f81, Q: 0 [O(1)]
  20: f79->f81, Q1: Q1 [O(n)]
  20: f79->f81, R: 0 [O(1)]
  20: f79->f81, R1: R1 [O(n)]
  20: f79->f81, S: S [O(n)]
  20: f79->f81, S1: S1 [O(n)]
  20: f79->f81, T: 0 [O(1)]
  20: f79->f81, T1: T1 [O(n)]
  20: f79->f81, U: 0 [O(1)]
  20: f79->f81, U1: U1 [O(n)]
  20: f79->f81, V: V [O(n)]
  20: f79->f81, V1: V1 [O(n)]
  20: f79->f81, W: W [O(n)]
  20: f79->f81, W1: W1 [O(n)]
  20: f79->f81, X: X [O(n)]
  20: f79->f81, X1: X1 [O(n)]
  20: f79->f81, Y: Y [O(n)]
  20: f79->f81, Z: Z [O(n)]
  3: f81->f65, A1: A1 [O(n)]
  3: f81->f65, B: 0 [O(1)]
  3: f81->f65, B1: B1 [O(n)]
  3: f81->f65, B2: 0 [O(1)]
  3: f81->f65, C1: C1 [O(n)]
  3: f81->f65, C2: 0 [O(1)]
  3: f81->f65, D1: D1 [O(n)]
  3: f81->f65, D2: K2 [O(n)]
  3: f81->f65, E1: E1 [O(n)]
  3: f81->f65, E2: max{0, L2} [O(n)]
  3: f81->f65, F: 0 [O(1)]
  3: f81->f65, F1: F1 [O(n)]
  3: f81->f65, F2: 0 [O(1)]
  3: f81->f65, G1: G1 [O(n)]
  3: f81->f65, G2: max{M2, O2, max{O2, M2}} [O(n)]
  3: f81->f65, H1: H1 [O(n)]
  3: f81->f65, H2: max{H2, M2, max{M2, H2}} [O(n)]
  3: f81->f65, I1: I1 [O(n)]
  3: f81->f65, I2: max{I2, N2, max{N2, I2}} [O(n)]
  3: f81->f65, J: J [O(n)]
  3: f81->f65, J1: J1 [O(n)]
  3: f81->f65, J2: max{0, J2} [O(n)]
  3: f81->f65, K: 0 [O(1)]
  3: f81->f65, K1: K1 [O(n)]
  3: f81->f65, L: L [O(n)]
  3: f81->f65, L1: L1 [O(n)]
  3: f81->f65, M: M [O(n)]
  3: f81->f65, M1: M1 [O(n)]
  3: f81->f65, N: N [O(n)]
  3: f81->f65, N1: N1 [O(n)]
  3: f81->f65, O: O [O(n)]
  3: f81->f65, O1: O1 [O(n)]
  3: f81->f65, P: P [O(n)]
  3: f81->f65, P1: P1 [O(n)]
  3: f81->f65, Q: 0 [O(1)]
  3: f81->f65, Q1: Q1 [O(n)]
  3: f81->f65, R: 0 [O(1)]
  3: f81->f65, R1: R1 [O(n)]
  3: f81->f65, S: S [O(n)]
  3: f81->f65, S1: S1 [O(n)]
  3: f81->f65, T: 0 [O(1)]
  3: f81->f65, T1: T1 [O(n)]
  3: f81->f65, U: 0 [O(1)]
  3: f81->f65, U1: U1 [O(n)]
  3: f81->f65, V: V [O(n)]
  3: f81->f65, V1: V1 [O(n)]
  3: f81->f65, W: W [O(n)]
  3: f81->f65, W1: W1 [O(n)]
  3: f81->f65, X: X [O(n)]
  3: f81->f65, X1: X1 [O(n)]
  3: f81->f65, Y: Y [O(n)]
  3: f81->f65, Z: Z [O(n)]
  19: f81->f65, A1: A1 [O(n)]
  19: f81->f65, B: 0 [O(1)]
  19: f81->f65, B1: B1 [O(n)]
  19: f81->f65, B2: 0 [O(1)]
  19: f81->f65, C1: C1 [O(n)]
  19: f81->f65, C2: 0 [O(1)]
  19: f81->f65, D1: D1 [O(n)]
  19: f81->f65, D2: K2 [O(n)]
  19: f81->f65, E1: E1 [O(n)]
  19: f81->f65, E2: max{0, L2} [O(n)]
  19: f81->f65, F1: F1 [O(n)]
  19: f81->f65, F2: 0 [O(1)]
  19: f81->f65, G1: G1 [O(n)]
  19: f81->f65, G2: max{M2, O2, max{O2, M2}} [O(n)]
  19: f81->f65, H1: H1 [O(n)]
  19: f81->f65, H2: max{H2, M2, max{M2, H2}} [O(n)]
  19: f81->f65, I1: I1 [O(n)]
  19: f81->f65, I2: max{I2, N2, max{N2, I2}} [O(n)]
  19: f81->f65, J: J [O(n)]
  19: f81->f65, J1: J1 [O(n)]
  19: f81->f65, J2: max{0, J2} [O(n)]
  19: f81->f65, K: 0 [O(1)]
  19: f81->f65, K1: K1 [O(n)]
  19: f81->f65, L: L [O(n)]
  19: f81->f65, L1: L1 [O(n)]
  19: f81->f65, M: M [O(n)]
  19: f81->f65, M1: M1 [O(n)]
  19: f81->f65, N: N [O(n)]
  19: f81->f65, N1: N1 [O(n)]
  19: f81->f65, O: O [O(n)]
  19: f81->f65, O1: O1 [O(n)]
  19: f81->f65, P: P [O(n)]
  19: f81->f65, P1: P1 [O(n)]
  19: f81->f65, Q: 0 [O(1)]
  19: f81->f65, Q1: Q1 [O(n)]
  19: f81->f65, R: 0 [O(1)]
  19: f81->f65, R1: R1 [O(n)]
  19: f81->f65, S: S [O(n)]
  19: f81->f65, S1: S1 [O(n)]
  19: f81->f65, T: 0 [O(1)]
  19: f81->f65, T1: T1 [O(n)]
  19: f81->f65, U: 0 [O(1)]
  19: f81->f65, U1: U1 [O(n)]
  19: f81->f65, V: V [O(n)]
  19: f81->f65, V1: V1 [O(n)]
  19: f81->f65, W: W [O(n)]
  19: f81->f65, W1: W1 [O(n)]
  19: f81->f65, X: X [O(n)]
  19: f81->f65, X1: X1 [O(n)]
  19: f81->f65, Y: Y [O(n)]
  19: f81->f65, Z: Z [O(n)]
