Timebounds: 
  Overall timebound: inf [Infinity]
  7: f0->f18: 1 [O(1)]
  8: f0->f18: 1 [O(1)]
  9: f0->f31: 1 [O(1)]
  6: f18->f24: 1 [O(1)]
  4: f24->f31: 1 [O(1)]
  5: f24->f31: 1 [O(1)]

Costbounds:
  Overall costbound: inf [Infinity]
  7: f0->f18: 1 [O(1)]
  8: f0->f18: 1 [O(1)]
  9: f0->f31: 1 [O(1)]
  6: f18->f24: 1 [O(1)]
  4: f24->f31: 1 [O(1)]
  5: f24->f31: 1 [O(1)]
  1: f31->f31: inf [Infinity]

Sizebounds:
`Lower:
  7: f0->f18, A: 1 [O(1)]
  7: f0->f18, B: B [O(n)]
  7: f0->f18, C: C [O(n)]
  7: f0->f18, D: D [O(n)]
  7: f0->f18, E: E [O(n)]
  7: f0->f18, F: K [O(n)]
  7: f0->f18, G: K [O(n)]
  7: f0->f18, H: H [O(n)]
  7: f0->f18, I: I [O(n)]
  7: f0->f18, J: J [O(n)]
  8: f0->f18, A: 1 [O(1)]
  8: f0->f18, B: B [O(n)]
  8: f0->f18, C: C [O(n)]
  8: f0->f18, D: D [O(n)]
  8: f0->f18, E: E [O(n)]
  8: f0->f18, F: 1 [O(1)]
  8: f0->f18, G: 0 [O(1)]
  8: f0->f18, H: 1 [O(1)]
  8: f0->f18, I: 1 [O(1)]
  8: f0->f18, J: 1 [O(1)]
  9: f0->f31, A: 1 [O(1)]
  9: f0->f31, B: B [O(n)]
  9: f0->f31, C: C [O(n)]
  9: f0->f31, D: D [O(n)]
  9: f0->f31, E: E [O(n)]
  9: f0->f31, F: 1 [O(1)]
  9: f0->f31, G: 0 [O(1)]
  9: f0->f31, H: 1 [O(1)]
  9: f0->f31, I: L [O(n)]
  9: f0->f31, J: L [O(n)]
  6: f18->f24, A: 0 [O(1)]
  6: f18->f24, B: B [O(n)]
  6: f18->f24, D: D [O(n)]
  6: f18->f24, F: -max{-1, -K} [O(n)]
  6: f18->f24, H: -max{-1, -H} [O(n)]
  6: f18->f24, I: -max{-1, -I} [O(n)]
  6: f18->f24, J: -max{-1, -J} [O(n)]
  4: f24->f31, A: 0 [O(1)]
  4: f24->f31, F: -max{-1, -K} [O(n)]
  4: f24->f31, H: -max{-1, -H} [O(n)]
  4: f24->f31, I: -max{-1, -I} [O(n)]
  4: f24->f31, J: -max{-1, -J} [O(n)]
  5: f24->f31, A: 1 [O(1)]
  5: f24->f31, F: -max{-1, -K} [O(n)]
  5: f24->f31, H: -max{-1, -H} [O(n)]
  5: f24->f31, I: -max{-1, -I} [O(n)]
  5: f24->f31, J: -max{-1, -J} [O(n)]
  1: f31->f31, F: -max{0, -1, max{-1, -K}} [O(n)]
  1: f31->f31, H: -max{0, -1, max{-1, -H}} [O(n)]
  1: f31->f31, I: -max{0, -1, max{-1, -L, -I}} [O(n)]
  1: f31->f31, J: -max{0, -1, max{-1, -L, -J}} [O(n)]
`Upper:
  7: f0->f18, A: 1 [O(1)]
  7: f0->f18, B: B [O(n)]
  7: f0->f18, C: C [O(n)]
  7: f0->f18, D: D [O(n)]
  7: f0->f18, E: E [O(n)]
  7: f0->f18, F: 0 [O(1)]
  7: f0->f18, G: 0 [O(1)]
  7: f0->f18, H: H [O(n)]
  7: f0->f18, I: I [O(n)]
  7: f0->f18, J: J [O(n)]
  8: f0->f18, A: 1 [O(1)]
  8: f0->f18, B: B [O(n)]
  8: f0->f18, C: C [O(n)]
  8: f0->f18, D: D [O(n)]
  8: f0->f18, E: E [O(n)]
  8: f0->f18, F: K [O(n)]
  8: f0->f18, G: 0 [O(1)]
  8: f0->f18, H: 1 [O(1)]
  8: f0->f18, I: L [O(n)]
  8: f0->f18, J: L [O(n)]
  9: f0->f31, A: 1 [O(1)]
  9: f0->f31, B: B [O(n)]
  9: f0->f31, C: C [O(n)]
  9: f0->f31, D: D [O(n)]
  9: f0->f31, E: E [O(n)]
  9: f0->f31, F: K [O(n)]
  9: f0->f31, G: 0 [O(1)]
  9: f0->f31, H: 1 [O(1)]
  9: f0->f31, I: 0 [O(1)]
  9: f0->f31, J: 0 [O(1)]
  6: f18->f24, A: 0 [O(1)]
  6: f18->f24, B: B [O(n)]
  6: f18->f24, D: D [O(n)]
  6: f18->f24, F: max{0, K} [O(n)]
  6: f18->f24, G: 0 [O(1)]
  6: f18->f24, H: max{1, H} [O(n)]
  6: f18->f24, I: max{L, I} [O(n)]
  6: f18->f24, J: max{L, J} [O(n)]
  4: f24->f31, A: 0 [O(1)]
  4: f24->f31, F: max{0, K} [O(n)]
  4: f24->f31, G: 0 [O(1)]
  4: f24->f31, H: max{1, H} [O(n)]
  4: f24->f31, I: max{L, I} [O(n)]
  4: f24->f31, J: max{L, J} [O(n)]
  5: f24->f31, A: 1 [O(1)]
  5: f24->f31, F: max{0, K} [O(n)]
  5: f24->f31, G: 0 [O(1)]
  5: f24->f31, H: max{1, H} [O(n)]
  5: f24->f31, I: max{L, I} [O(n)]
  5: f24->f31, J: max{L, J} [O(n)]
  1: f31->f31, A: 1 [O(1)]
  1: f31->f31, F: max{0, K} [O(n)]
  1: f31->f31, G: 0 [O(1)]
  1: f31->f31, H: max{1, 1, H} [O(n)]
  1: f31->f31, I: max{0, L, max{L, I}} [O(n)]
  1: f31->f31, J: max{0, L, max{L, J}} [O(n)]
