Timebounds: 
  Overall timebound: inf [Infinity]
  5: f0->f12: 1 [O(1)]
  0: f12->f12: max{0, 3+G} [O(n)]
  1: f12->f12: 4 [O(1)]
  4: f12->f22: 1 [O(1)]

Costbounds:
  Overall costbound: inf [Infinity]
  5: f0->f12: 1 [O(1)]
  0: f12->f12: max{0, 3+G} [O(n)]
  1: f12->f12: 4 [O(1)]
  4: f12->f22: 1 [O(1)]
  2: f22->f22: inf [Infinity]

Sizebounds:
`Lower:
  5: f0->f12, A: 4 [O(1)]
  5: f0->f12, B: 1 [O(1)]
  5: f0->f12, C: 0 [O(1)]
  5: f0->f12, D: D [O(n)]
  5: f0->f12, E: 1 [O(1)]
  5: f0->f12, F: 4 [O(1)]
  0: f12->f12, A: 0 [O(1)]
  0: f12->f12, B: -max{2, 2+3*(3+G)} [O(n)]
  0: f12->f12, C: 1 [O(1)]
  0: f12->f12, E: 0 [O(1)]
  0: f12->f12, F: 4 [O(1)]
  1: f12->f12, A: 0 [O(1)]
  1: f12->f12, B: -2 [O(1)]
  1: f12->f12, C: 0 [O(1)]
  1: f12->f12, E: 0 [O(1)]
  1: f12->f12, F: 4 [O(1)]
  4: f12->f22, A: 0 [O(1)]
  4: f12->f22, B: -3 [O(1)]
  4: f12->f22, C: 0 [O(1)]
  4: f12->f22, E: 1 [O(1)]
  4: f12->f22, F: 4 [O(1)]
  2: f22->f22, C: 0 [O(1)]
  2: f22->f22, E: 0 [O(1)]
  2: f22->f22, F: 4 [O(1)]
`Upper:
  5: f0->f12, A: 4 [O(1)]
  5: f0->f12, B: G [O(n)]
  5: f0->f12, C: 0 [O(1)]
  5: f0->f12, D: D [O(n)]
  5: f0->f12, E: G [O(n)]
  5: f0->f12, F: 4 [O(1)]
  0: f12->f12, A: 3 [O(1)]
  0: f12->f12, B: max{3, G} [O(n)]
  0: f12->f12, C: 4 [O(1)]
  0: f12->f12, E: max{0, G} [O(n)]
  0: f12->f12, F: 4 [O(1)]
  1: f12->f12, A: 3 [O(1)]
  1: f12->f12, B: 3 [O(1)]
  1: f12->f12, C: 3 [O(1)]
  1: f12->f12, D: 0 [O(1)]
  1: f12->f12, E: max{0, G} [O(n)]
  1: f12->f12, F: 4 [O(1)]
  4: f12->f22, A: 0 [O(1)]
  4: f12->f22, B: max{3, G} [O(n)]
  4: f12->f22, C: 4 [O(1)]
  4: f12->f22, E: max{0, G} [O(n)]
  4: f12->f22, F: 4 [O(1)]
  2: f22->f22, A: 0 [O(1)]
  2: f22->f22, B: max{3, G} [O(n)]
  2: f22->f22, E: max{0, G} [O(n)]
  2: f22->f22, F: 4 [O(1)]
