Timebounds: 
  Overall timebound: inf [Infinity]
  7: f0->f21: 1 [O(1)]
  8: f0->f21: 1 [O(1)]
  9: f0->f41: 1 [O(1)]
  6: f21->f29: 1 [O(1)]
  4: f29->f41: 1 [O(1)]
  5: f29->f41: 1 [O(1)]
  1: f41->f41: inf [Infinity]

Costbounds:
  Overall costbound: inf [Infinity]
  7: f0->f21: 1 [O(1)]
  8: f0->f21: 1 [O(1)]
  9: f0->f41: 1 [O(1)]
  6: f21->f29: 1 [O(1)]
  4: f29->f41: 1 [O(1)]
  5: f29->f41: 1 [O(1)]
  1: f41->f41: inf [Infinity]

Sizebounds:
`Lower:
  7: f0->f21, A: 1 [O(1)]
  7: f0->f21, B: B [O(n)]
  7: f0->f21, C: C [O(n)]
  7: f0->f21, D: D [O(n)]
  7: f0->f21, E: E [O(n)]
  7: f0->f21, F: F [O(n)]
  7: f0->f21, G: G [O(n)]
  7: f0->f21, H: H [O(n)]
  7: f0->f21, I: P [O(n)]
  7: f0->f21, J: P [O(n)]
  7: f0->f21, K: K [O(n)]
  7: f0->f21, L: L [O(n)]
  7: f0->f21, M: M [O(n)]
  7: f0->f21, N: N [O(n)]
  7: f0->f21, O: O [O(n)]
  7: f0->f21, P: -inf [Infinity]
  7: f0->f21, Q: -inf [Infinity]
  8: f0->f21, A: 1 [O(1)]
  8: f0->f21, B: B [O(n)]
  8: f0->f21, C: C [O(n)]
  8: f0->f21, D: D [O(n)]
  8: f0->f21, E: E [O(n)]
  8: f0->f21, F: F [O(n)]
  8: f0->f21, G: G [O(n)]
  8: f0->f21, H: H [O(n)]
  8: f0->f21, I: 1 [O(1)]
  8: f0->f21, J: 0 [O(1)]
  8: f0->f21, K: 1 [O(1)]
  8: f0->f21, L: 1 [O(1)]
  8: f0->f21, M: 1 [O(1)]
  8: f0->f21, N: 1 [O(1)]
  8: f0->f21, O: 1 [O(1)]
  8: f0->f21, P: -inf [Infinity]
  8: f0->f21, Q: -inf [Infinity]
  9: f0->f41, A: 1 [O(1)]
  9: f0->f41, B: B [O(n)]
  9: f0->f41, C: C [O(n)]
  9: f0->f41, D: D [O(n)]
  9: f0->f41, E: E [O(n)]
  9: f0->f41, F: F [O(n)]
  9: f0->f41, G: G [O(n)]
  9: f0->f41, H: H [O(n)]
  9: f0->f41, I: 1 [O(1)]
  9: f0->f41, J: 0 [O(1)]
  9: f0->f41, K: 1 [O(1)]
  9: f0->f41, L: Q [O(n)]
  9: f0->f41, M: Q [O(n)]
  9: f0->f41, N: Q [O(n)]
  9: f0->f41, O: Q [O(n)]
  9: f0->f41, P: -inf [Infinity]
  9: f0->f41, Q: -inf [Infinity]
  6: f21->f29, A: 0 [O(1)]
  6: f21->f29, B: -inf [Infinity]
  6: f21->f29, C: -inf [Infinity]
  6: f21->f29, D: D [O(n)]
  6: f21->f29, E: E [O(n)]
  6: f21->f29, F: F [O(n)]
  6: f21->f29, G: 0 [O(1)]
  6: f21->f29, H: -inf [Infinity]
  6: f21->f29, I: -max{-1, -P} [O(n)]
  6: f21->f29, J: -inf [Infinity]
  6: f21->f29, K: -max{-1, -K} [O(n)]
  6: f21->f29, L: -max{-1, -L} [O(n)]
  6: f21->f29, M: -max{-1, -M} [O(n)]
  6: f21->f29, N: -max{-1, -N} [O(n)]
  6: f21->f29, O: -max{-1, -O} [O(n)]
  6: f21->f29, P: -inf [Infinity]
  6: f21->f29, Q: -inf [Infinity]
  4: f29->f41, A: 0 [O(1)]
  4: f29->f41, B: -inf [Infinity]
  4: f29->f41, C: -inf [Infinity]
  4: f29->f41, D: 0 [O(1)]
  4: f29->f41, E: -inf [Infinity]
  4: f29->f41, F: -inf [Infinity]
  4: f29->f41, G: 0 [O(1)]
  4: f29->f41, H: -inf [Infinity]
  4: f29->f41, I: -max{-1, -P} [O(n)]
  4: f29->f41, J: -inf [Infinity]
  4: f29->f41, K: -max{-1, -K} [O(n)]
  4: f29->f41, L: -max{-1, -L} [O(n)]
  4: f29->f41, M: -max{-1, -M} [O(n)]
  4: f29->f41, N: -max{-1, -N} [O(n)]
  4: f29->f41, O: -max{-1, -O} [O(n)]
  4: f29->f41, P: -inf [Infinity]
  4: f29->f41, Q: -inf [Infinity]
  5: f29->f41, A: 1 [O(1)]
  5: f29->f41, B: -inf [Infinity]
  5: f29->f41, C: -inf [Infinity]
  5: f29->f41, D: 0 [O(1)]
  5: f29->f41, E: -inf [Infinity]
  5: f29->f41, F: -inf [Infinity]
  5: f29->f41, G: 0 [O(1)]
  5: f29->f41, H: -inf [Infinity]
  5: f29->f41, I: -max{-1, -P} [O(n)]
  5: f29->f41, J: -inf [Infinity]
  5: f29->f41, K: -max{-1, -K} [O(n)]
  5: f29->f41, L: -max{-1, -L} [O(n)]
  5: f29->f41, M: -max{-1, -M} [O(n)]
  5: f29->f41, N: -max{-1, -N} [O(n)]
  5: f29->f41, O: -max{-1, -O} [O(n)]
  5: f29->f41, P: -inf [Infinity]
  5: f29->f41, Q: -inf [Infinity]
  1: f41->f41, A: -inf [Infinity]
  1: f41->f41, B: -inf [Infinity]
  1: f41->f41, C: -inf [Infinity]
  1: f41->f41, D: -max{0, -D} [O(n)]
  1: f41->f41, E: -inf [Infinity]
  1: f41->f41, F: -inf [Infinity]
  1: f41->f41, G: -max{0, -G} [O(n)]
  1: f41->f41, H: -inf [Infinity]
  1: f41->f41, I: -max{-1, -1, -P} [O(n)]
  1: f41->f41, J: -inf [Infinity]
  1: f41->f41, K: -max{-1, -1, -K} [O(n)]
  1: f41->f41, L: -max{-1, -1, max{-Q, -L}} [O(n)]
  1: f41->f41, M: -max{-1, -1, max{-Q, -M}} [O(n)]
  1: f41->f41, N: -max{-1, -1, max{-Q, -N}} [O(n)]
  1: f41->f41, O: -max{-1, -1, max{-Q, -O}} [O(n)]
  1: f41->f41, P: -inf [Infinity]
  1: f41->f41, Q: -inf [Infinity]
`Upper:
  7: f0->f21, A: 1 [O(1)]
  7: f0->f21, B: B [O(n)]
  7: f0->f21, C: C [O(n)]
  7: f0->f21, D: D [O(n)]
  7: f0->f21, E: E [O(n)]
  7: f0->f21, F: F [O(n)]
  7: f0->f21, G: G [O(n)]
  7: f0->f21, H: H [O(n)]
  7: f0->f21, I: 0 [O(1)]
  7: f0->f21, J: 0 [O(1)]
  7: f0->f21, K: K [O(n)]
  7: f0->f21, L: L [O(n)]
  7: f0->f21, M: M [O(n)]
  7: f0->f21, N: N [O(n)]
  7: f0->f21, O: O [O(n)]
  7: f0->f21, P: inf [Infinity]
  7: f0->f21, Q: inf [Infinity]
  8: f0->f21, A: 1 [O(1)]
  8: f0->f21, B: B [O(n)]
  8: f0->f21, C: C [O(n)]
  8: f0->f21, D: D [O(n)]
  8: f0->f21, E: E [O(n)]
  8: f0->f21, F: F [O(n)]
  8: f0->f21, G: G [O(n)]
  8: f0->f21, H: H [O(n)]
  8: f0->f21, I: P [O(n)]
  8: f0->f21, J: 0 [O(1)]
  8: f0->f21, K: 1 [O(1)]
  8: f0->f21, L: Q [O(n)]
  8: f0->f21, M: Q [O(n)]
  8: f0->f21, N: Q [O(n)]
  8: f0->f21, O: Q [O(n)]
  8: f0->f21, P: inf [Infinity]
  8: f0->f21, Q: inf [Infinity]
  9: f0->f41, A: 1 [O(1)]
  9: f0->f41, B: B [O(n)]
  9: f0->f41, C: C [O(n)]
  9: f0->f41, D: D [O(n)]
  9: f0->f41, E: E [O(n)]
  9: f0->f41, F: F [O(n)]
  9: f0->f41, G: G [O(n)]
  9: f0->f41, H: H [O(n)]
  9: f0->f41, I: P [O(n)]
  9: f0->f41, J: 0 [O(1)]
  9: f0->f41, K: 1 [O(1)]
  9: f0->f41, L: 0 [O(1)]
  9: f0->f41, M: 0 [O(1)]
  9: f0->f41, N: 0 [O(1)]
  9: f0->f41, O: 0 [O(1)]
  9: f0->f41, P: inf [Infinity]
  9: f0->f41, Q: inf [Infinity]
  6: f21->f29, A: 0 [O(1)]
  6: f21->f29, B: inf [Infinity]
  6: f21->f29, C: inf [Infinity]
  6: f21->f29, D: D [O(n)]
  6: f21->f29, E: E [O(n)]
  6: f21->f29, F: F [O(n)]
  6: f21->f29, G: 0 [O(1)]
  6: f21->f29, H: inf [Infinity]
  6: f21->f29, I: max{0, P} [O(n)]
  6: f21->f29, J: 0 [O(1)]
  6: f21->f29, K: max{1, K} [O(n)]
  6: f21->f29, L: max{Q, L} [O(n)]
  6: f21->f29, M: max{Q, M} [O(n)]
  6: f21->f29, N: max{Q, N} [O(n)]
  6: f21->f29, O: max{Q, O} [O(n)]
  6: f21->f29, P: inf [Infinity]
  6: f21->f29, Q: inf [Infinity]
  4: f29->f41, A: 0 [O(1)]
  4: f29->f41, B: inf [Infinity]
  4: f29->f41, C: inf [Infinity]
  4: f29->f41, D: 0 [O(1)]
  4: f29->f41, E: inf [Infinity]
  4: f29->f41, F: inf [Infinity]
  4: f29->f41, G: 0 [O(1)]
  4: f29->f41, H: inf [Infinity]
  4: f29->f41, I: max{0, P} [O(n)]
  4: f29->f41, J: 0 [O(1)]
  4: f29->f41, K: max{1, K} [O(n)]
  4: f29->f41, L: max{Q, L} [O(n)]
  4: f29->f41, M: max{Q, M} [O(n)]
  4: f29->f41, N: max{Q, N} [O(n)]
  4: f29->f41, O: max{Q, O} [O(n)]
  4: f29->f41, P: inf [Infinity]
  4: f29->f41, Q: inf [Infinity]
  5: f29->f41, A: 1 [O(1)]
  5: f29->f41, B: inf [Infinity]
  5: f29->f41, C: inf [Infinity]
  5: f29->f41, D: 0 [O(1)]
  5: f29->f41, E: inf [Infinity]
  5: f29->f41, F: inf [Infinity]
  5: f29->f41, G: 0 [O(1)]
  5: f29->f41, H: inf [Infinity]
  5: f29->f41, I: max{0, P} [O(n)]
  5: f29->f41, J: 0 [O(1)]
  5: f29->f41, K: max{1, K} [O(n)]
  5: f29->f41, L: max{Q, L} [O(n)]
  5: f29->f41, M: max{Q, M} [O(n)]
  5: f29->f41, N: max{Q, N} [O(n)]
  5: f29->f41, O: max{Q, O} [O(n)]
  5: f29->f41, P: inf [Infinity]
  5: f29->f41, Q: inf [Infinity]
  1: f41->f41, A: 1 [O(1)]
  1: f41->f41, B: inf [Infinity]
  1: f41->f41, C: inf [Infinity]
  1: f41->f41, D: max{0, D} [O(n)]
  1: f41->f41, E: inf [Infinity]
  1: f41->f41, F: inf [Infinity]
  1: f41->f41, G: max{0, G} [O(n)]
  1: f41->f41, H: inf [Infinity]
  1: f41->f41, I: max{0, P} [O(n)]
  1: f41->f41, J: 0 [O(1)]
  1: f41->f41, K: max{1, 1, K} [O(n)]
  1: f41->f41, L: max{0, Q, max{Q, L}} [O(n)]
  1: f41->f41, M: max{0, Q, max{Q, M}} [O(n)]
  1: f41->f41, N: max{0, Q, max{Q, N}} [O(n)]
  1: f41->f41, O: max{0, Q, max{Q, O}} [O(n)]
  1: f41->f41, P: inf [Infinity]
  1: f41->f41, Q: inf [Infinity]
