Timebounds: 
  Overall timebound: inf [Infinity]
  7: f0->f18: 1 [O(1)]
  8: f0->f18: 1 [O(1)]
  9: f0->f32: 1 [O(1)]
  6: f18->f24: 1 [O(1)]
  4: f24->f32: 1 [O(1)]
  5: f24->f32: 1 [O(1)]
  1: f32->f32: inf [Infinity]

Costbounds:
  Overall costbound: inf [Infinity]
  7: f0->f18: 1 [O(1)]
  8: f0->f18: 1 [O(1)]
  9: f0->f32: 1 [O(1)]
  6: f18->f24: 1 [O(1)]
  4: f24->f32: 1 [O(1)]
  5: f24->f32: 1 [O(1)]
  1: f32->f32: inf [Infinity]

Sizebounds:
`Lower:
  7: f0->f18, A: 1 [O(1)]
  7: f0->f18, B: B [O(n)]
  7: f0->f18, C: C [O(n)]
  7: f0->f18, D: D [O(n)]
  7: f0->f18, E: E [O(n)]
  7: f0->f18, F: F [O(n)]
  7: f0->f18, G: L [O(n)]
  7: f0->f18, H: M [O(n)]
  7: f0->f18, I: I [O(n)]
  7: f0->f18, J: J [O(n)]
  7: f0->f18, K: K [O(n)]
  7: f0->f18, L: -inf [Infinity]
  7: f0->f18, M: -inf [Infinity]
  7: f0->f18, N: -inf [Infinity]
  8: f0->f18, A: 1 [O(1)]
  8: f0->f18, B: B [O(n)]
  8: f0->f18, C: C [O(n)]
  8: f0->f18, D: D [O(n)]
  8: f0->f18, E: E [O(n)]
  8: f0->f18, F: F [O(n)]
  8: f0->f18, G: L [O(n)]
  8: f0->f18, H: 0 [O(1)]
  8: f0->f18, I: 1 [O(1)]
  8: f0->f18, J: 1 [O(1)]
  8: f0->f18, K: 1 [O(1)]
  8: f0->f18, L: -inf [Infinity]
  8: f0->f18, M: -inf [Infinity]
  8: f0->f18, N: -inf [Infinity]
  9: f0->f32, A: 1 [O(1)]
  9: f0->f32, B: B [O(n)]
  9: f0->f32, C: C [O(n)]
  9: f0->f32, D: D [O(n)]
  9: f0->f32, E: E [O(n)]
  9: f0->f32, F: F [O(n)]
  9: f0->f32, G: L [O(n)]
  9: f0->f32, H: 0 [O(1)]
  9: f0->f32, I: 1 [O(1)]
  9: f0->f32, J: M [O(n)]
  9: f0->f32, K: M [O(n)]
  9: f0->f32, L: -inf [Infinity]
  9: f0->f32, M: -inf [Infinity]
  9: f0->f32, N: -inf [Infinity]
  6: f18->f24, A: 0 [O(1)]
  6: f18->f24, B: B [O(n)]
  6: f18->f24, C: -inf [Infinity]
  6: f18->f24, D: D [O(n)]
  6: f18->f24, E: E [O(n)]
  6: f18->f24, F: -inf [Infinity]
  6: f18->f24, G: L [O(n)]
  6: f18->f24, H: -inf [Infinity]
  6: f18->f24, I: -max{-1, -I} [O(n)]
  6: f18->f24, J: -max{-1, -J} [O(n)]
  6: f18->f24, K: -max{-1, -K} [O(n)]
  6: f18->f24, L: -inf [Infinity]
  6: f18->f24, M: -inf [Infinity]
  6: f18->f24, N: -inf [Infinity]
  4: f24->f32, A: 0 [O(1)]
  4: f24->f32, B: -inf [Infinity]
  4: f24->f32, C: -inf [Infinity]
  4: f24->f32, D: -inf [Infinity]
  4: f24->f32, E: -inf [Infinity]
  4: f24->f32, F: -inf [Infinity]
  4: f24->f32, G: L [O(n)]
  4: f24->f32, H: -inf [Infinity]
  4: f24->f32, I: -max{-1, -I} [O(n)]
  4: f24->f32, J: -max{-1, -J} [O(n)]
  4: f24->f32, K: -max{-1, -K} [O(n)]
  4: f24->f32, L: -inf [Infinity]
  4: f24->f32, M: -inf [Infinity]
  4: f24->f32, N: -inf [Infinity]
  5: f24->f32, A: 1 [O(1)]
  5: f24->f32, B: -inf [Infinity]
  5: f24->f32, C: -inf [Infinity]
  5: f24->f32, D: -inf [Infinity]
  5: f24->f32, E: -inf [Infinity]
  5: f24->f32, F: -inf [Infinity]
  5: f24->f32, G: L [O(n)]
  5: f24->f32, H: -inf [Infinity]
  5: f24->f32, I: -max{-1, -I} [O(n)]
  5: f24->f32, J: -max{-1, -J} [O(n)]
  5: f24->f32, K: -max{-1, -K} [O(n)]
  5: f24->f32, L: -inf [Infinity]
  5: f24->f32, M: -inf [Infinity]
  5: f24->f32, N: -inf [Infinity]
  1: f32->f32, A: -inf [Infinity]
  1: f32->f32, B: -inf [Infinity]
  1: f32->f32, C: -inf [Infinity]
  1: f32->f32, D: -inf [Infinity]
  1: f32->f32, E: -inf [Infinity]
  1: f32->f32, F: -inf [Infinity]
  1: f32->f32, G: L [O(n)]
  1: f32->f32, H: -inf [Infinity]
  1: f32->f32, I: -max{-1, -1, -I} [O(n)]
  1: f32->f32, J: -max{-1, -1, max{-M, -J}} [O(n)]
  1: f32->f32, K: -max{-1, -1, max{-M, -K}} [O(n)]
  1: f32->f32, L: -inf [Infinity]
  1: f32->f32, M: -inf [Infinity]
  1: f32->f32, N: -inf [Infinity]
`Upper:
  7: f0->f18, A: 1 [O(1)]
  7: f0->f18, B: B [O(n)]
  7: f0->f18, C: C [O(n)]
  7: f0->f18, D: D [O(n)]
  7: f0->f18, E: E [O(n)]
  7: f0->f18, F: F [O(n)]
  7: f0->f18, G: L [O(n)]
  7: f0->f18, H: 0 [O(1)]
  7: f0->f18, I: I [O(n)]
  7: f0->f18, J: J [O(n)]
  7: f0->f18, K: K [O(n)]
  7: f0->f18, L: inf [Infinity]
  7: f0->f18, M: inf [Infinity]
  7: f0->f18, N: inf [Infinity]
  8: f0->f18, A: 1 [O(1)]
  8: f0->f18, B: B [O(n)]
  8: f0->f18, C: C [O(n)]
  8: f0->f18, D: D [O(n)]
  8: f0->f18, E: E [O(n)]
  8: f0->f18, F: F [O(n)]
  8: f0->f18, G: L [O(n)]
  8: f0->f18, H: 0 [O(1)]
  8: f0->f18, I: 1 [O(1)]
  8: f0->f18, J: M [O(n)]
  8: f0->f18, K: M [O(n)]
  8: f0->f18, L: inf [Infinity]
  8: f0->f18, M: inf [Infinity]
  8: f0->f18, N: inf [Infinity]
  9: f0->f32, A: 1 [O(1)]
  9: f0->f32, B: B [O(n)]
  9: f0->f32, C: C [O(n)]
  9: f0->f32, D: D [O(n)]
  9: f0->f32, E: E [O(n)]
  9: f0->f32, F: F [O(n)]
  9: f0->f32, G: L [O(n)]
  9: f0->f32, H: 0 [O(1)]
  9: f0->f32, I: 1 [O(1)]
  9: f0->f32, J: 0 [O(1)]
  9: f0->f32, K: 0 [O(1)]
  9: f0->f32, L: inf [Infinity]
  9: f0->f32, M: inf [Infinity]
  9: f0->f32, N: inf [Infinity]
  6: f18->f24, A: 0 [O(1)]
  6: f18->f24, B: B [O(n)]
  6: f18->f24, C: inf [Infinity]
  6: f18->f24, D: D [O(n)]
  6: f18->f24, E: E [O(n)]
  6: f18->f24, F: inf [Infinity]
  6: f18->f24, G: L [O(n)]
  6: f18->f24, H: 0 [O(1)]
  6: f18->f24, I: max{1, I} [O(n)]
  6: f18->f24, J: max{M, J} [O(n)]
  6: f18->f24, K: max{M, K} [O(n)]
  6: f18->f24, L: inf [Infinity]
  6: f18->f24, M: inf [Infinity]
  6: f18->f24, N: inf [Infinity]
  4: f24->f32, A: 0 [O(1)]
  4: f24->f32, B: inf [Infinity]
  4: f24->f32, C: inf [Infinity]
  4: f24->f32, D: inf [Infinity]
  4: f24->f32, E: inf [Infinity]
  4: f24->f32, F: inf [Infinity]
  4: f24->f32, G: L [O(n)]
  4: f24->f32, H: 0 [O(1)]
  4: f24->f32, I: max{1, I} [O(n)]
  4: f24->f32, J: max{M, J} [O(n)]
  4: f24->f32, K: max{M, K} [O(n)]
  4: f24->f32, L: inf [Infinity]
  4: f24->f32, M: inf [Infinity]
  4: f24->f32, N: inf [Infinity]
  5: f24->f32, A: 1 [O(1)]
  5: f24->f32, B: inf [Infinity]
  5: f24->f32, C: inf [Infinity]
  5: f24->f32, D: inf [Infinity]
  5: f24->f32, E: inf [Infinity]
  5: f24->f32, F: inf [Infinity]
  5: f24->f32, G: L [O(n)]
  5: f24->f32, H: 0 [O(1)]
  5: f24->f32, I: max{1, I} [O(n)]
  5: f24->f32, J: max{M, J} [O(n)]
  5: f24->f32, K: max{M, K} [O(n)]
  5: f24->f32, L: inf [Infinity]
  5: f24->f32, M: inf [Infinity]
  5: f24->f32, N: inf [Infinity]
  1: f32->f32, A: 1 [O(1)]
  1: f32->f32, B: inf [Infinity]
  1: f32->f32, C: inf [Infinity]
  1: f32->f32, D: inf [Infinity]
  1: f32->f32, E: inf [Infinity]
  1: f32->f32, F: inf [Infinity]
  1: f32->f32, G: L [O(n)]
  1: f32->f32, H: 0 [O(1)]
  1: f32->f32, I: max{1, 1, I} [O(n)]
  1: f32->f32, J: max{0, M, max{M, J}} [O(n)]
  1: f32->f32, K: max{0, M, max{M, K}} [O(n)]
  1: f32->f32, L: inf [Infinity]
  1: f32->f32, M: inf [Infinity]
  1: f32->f32, N: inf [Infinity]
