Timebounds: 
  Overall timebound: inf [Infinity]
  10: f0->f11: 1 [O(1)]
  2: f11->f51: 1 [O(1)]
  6: f11->f51: 1 [O(1)]
  7: f11->f37: 1 [O(1)]
  8: f11->f37: 1 [O(1)]
  9: f11->f11: max{0, B-A} [O(n)]
  3: f37->f51: 1 [O(1)]
  4: f37->f51: 1 [O(1)]
  5: f37->f51: 1 [O(1)]
  0: f51->f51: inf [Infinity]

Costbounds:
  Overall costbound: inf [Infinity]
  10: f0->f11: 1 [O(1)]
  2: f11->f51: 1 [O(1)]
  6: f11->f51: 1 [O(1)]
  7: f11->f37: 1 [O(1)]
  8: f11->f37: 1 [O(1)]
  9: f11->f11: max{0, B-A} [O(n)]
  3: f37->f51: 1 [O(1)]
  4: f37->f51: 1 [O(1)]
  5: f37->f51: 1 [O(1)]
  0: f51->f51: inf [Infinity]

Sizebounds:
`Lower:
  10: f0->f11, A: A [O(n)]
  10: f0->f11, B: B [O(n)]
  10: f0->f11, C: 0 [O(1)]
  10: f0->f11, D: D [O(n)]
  10: f0->f11, E: E [O(n)]
  10: f0->f11, F: F [O(n)]
  10: f0->f11, G: G [O(n)]
  10: f0->f11, H: H [O(n)]
  10: f0->f11, I: I [O(n)]
  10: f0->f11, J: J [O(n)]
  10: f0->f11, K: K [O(n)]
  10: f0->f11, L: L [O(n)]
  10: f0->f11, M: M [O(n)]
  10: f0->f11, N: N [O(n)]
  10: f0->f11, O: O [O(n)]
  10: f0->f11, P: P [O(n)]
  10: f0->f11, Q: Q [O(n)]
  10: f0->f11, R: R [O(n)]
  10: f0->f11, S: S [O(n)]
  10: f0->f11, T: T [O(n)]
  10: f0->f11, U: U [O(n)]
  10: f0->f11, V: 0 [O(1)]
  2: f11->f51, A: A [O(n)]
  2: f11->f51, B: B [O(n)]
  2: f11->f51, C: 0 [O(1)]
  2: f11->f51, D: 0 [O(1)]
  2: f11->f51, E: -max{-1, -E} [O(n)]
  2: f11->f51, F: F [O(n)]
  2: f11->f51, K: -max{-D, -K} [O(n)]
  2: f11->f51, P: -max{-Q, -P} [O(n)]
  2: f11->f51, Q: Q [O(n)]
  2: f11->f51, R: -max{-1, -R} [O(n)]
  2: f11->f51, S: -max{-1, -S} [O(n)]
  2: f11->f51, T: -max{-1, -T} [O(n)]
  2: f11->f51, U: -max{0, -U} [O(n)]
  2: f11->f51, V: 0 [O(1)]
  6: f11->f51, A: A [O(n)]
  6: f11->f51, B: B [O(n)]
  6: f11->f51, C: 0 [O(1)]
  6: f11->f51, D: 0 [O(1)]
  6: f11->f51, E: -max{-1, -E} [O(n)]
  6: f11->f51, F: F [O(n)]
  6: f11->f51, G: 1 [O(1)]
  6: f11->f51, K: D [O(n)]
  6: f11->f51, L: 1 [O(1)]
  6: f11->f51, M: 1 [O(1)]
  6: f11->f51, N: 1 [O(1)]
  6: f11->f51, P: -max{-Q, -P} [O(n)]
  6: f11->f51, Q: Q [O(n)]
  6: f11->f51, R: -max{-1, -R} [O(n)]
  6: f11->f51, S: -max{-1, -S} [O(n)]
  6: f11->f51, T: -max{-1, -T} [O(n)]
  6: f11->f51, U: -max{0, -U} [O(n)]
  6: f11->f51, V: 0 [O(1)]
  7: f11->f37, A: A [O(n)]
  7: f11->f37, B: B [O(n)]
  7: f11->f37, C: 0 [O(1)]
  7: f11->f37, D: D [O(n)]
  7: f11->f37, E: 2 [O(1)]
  7: f11->f37, F: F [O(n)]
  7: f11->f37, K: D [O(n)]
  7: f11->f37, P: Q [O(n)]
  7: f11->f37, Q: 0 [O(1)]
  7: f11->f37, R: 2 [O(1)]
  7: f11->f37, S: 2 [O(1)]
  7: f11->f37, T: 2 [O(1)]
  7: f11->f37, U: 0 [O(1)]
  7: f11->f37, V: 0 [O(1)]
  8: f11->f37, A: A [O(n)]
  8: f11->f37, B: B [O(n)]
  8: f11->f37, C: 0 [O(1)]
  8: f11->f37, D: D [O(n)]
  8: f11->f37, F: F [O(n)]
  8: f11->f37, K: D [O(n)]
  8: f11->f37, P: Q [O(n)]
  8: f11->f37, Q: 0 [O(1)]
  8: f11->f37, U: 0 [O(1)]
  8: f11->f37, V: 0 [O(1)]
  9: f11->f11, A: A [O(n)]
  9: f11->f11, B: B [O(n)]
  9: f11->f11, C: 0 [O(1)]
  9: f11->f11, D: D [O(n)]
  9: f11->f11, E: 1 [O(1)]
  9: f11->f11, F: F [O(n)]
  9: f11->f11, K: D [O(n)]
  9: f11->f11, P: Q [O(n)]
  9: f11->f11, Q: Q [O(n)]
  9: f11->f11, R: 1 [O(1)]
  9: f11->f11, S: 1 [O(1)]
  9: f11->f11, T: 1 [O(1)]
  9: f11->f11, U: 0 [O(1)]
  9: f11->f11, V: 0 [O(1)]
  3: f37->f51, A: A [O(n)]
  3: f37->f51, B: B [O(n)]
  3: f37->f51, C: 0 [O(1)]
  3: f37->f51, D: 0 [O(1)]
  3: f37->f51, E: 3 [O(1)]
  3: f37->f51, F: F [O(n)]
  3: f37->f51, K: D [O(n)]
  3: f37->f51, P: Q [O(n)]
  3: f37->f51, Q: 0 [O(1)]
  3: f37->f51, R: 3 [O(1)]
  3: f37->f51, S: 3 [O(1)]
  3: f37->f51, T: 3 [O(1)]
  3: f37->f51, U: 0 [O(1)]
  3: f37->f51, V: 0 [O(1)]
  4: f37->f51, A: A [O(n)]
  4: f37->f51, B: B [O(n)]
  4: f37->f51, C: 0 [O(1)]
  4: f37->f51, D: 0 [O(1)]
  4: f37->f51, F: F [O(n)]
  4: f37->f51, K: D [O(n)]
  4: f37->f51, P: Q [O(n)]
  4: f37->f51, Q: 0 [O(1)]
  4: f37->f51, U: 0 [O(1)]
  4: f37->f51, V: 0 [O(1)]
  5: f37->f51, A: A [O(n)]
  5: f37->f51, B: B [O(n)]
  5: f37->f51, C: 0 [O(1)]
  5: f37->f51, D: 0 [O(1)]
  5: f37->f51, E: 2 [O(1)]
  5: f37->f51, K: D [O(n)]
  5: f37->f51, P: Q [O(n)]
  5: f37->f51, Q: 0 [O(1)]
  5: f37->f51, R: 2 [O(1)]
  5: f37->f51, S: 2 [O(1)]
  5: f37->f51, T: 2 [O(1)]
  5: f37->f51, U: 0 [O(1)]
  5: f37->f51, V: 0 [O(1)]
  0: f51->f51, A: A [O(n)]
  0: f51->f51, B: B [O(n)]
  0: f51->f51, C: 0 [O(1)]
  0: f51->f51, D: 0 [O(1)]
  0: f51->f51, K: -max{-D, -D, -K} [O(n)]
  0: f51->f51, P: -max{-Q, -Q, -P} [O(n)]
  0: f51->f51, Q: -max{0, -Q} [O(n)]
  0: f51->f51, U: -max{0, -U} [O(n)]
  0: f51->f51, V: 0 [O(1)]
`Upper:
  10: f0->f11, A: A [O(n)]
  10: f0->f11, B: B [O(n)]
  10: f0->f11, C: 0 [O(1)]
  10: f0->f11, D: D [O(n)]
  10: f0->f11, E: E [O(n)]
  10: f0->f11, F: F [O(n)]
  10: f0->f11, G: G [O(n)]
  10: f0->f11, H: H [O(n)]
  10: f0->f11, I: I [O(n)]
  10: f0->f11, J: J [O(n)]
  10: f0->f11, K: K [O(n)]
  10: f0->f11, L: L [O(n)]
  10: f0->f11, M: M [O(n)]
  10: f0->f11, N: N [O(n)]
  10: f0->f11, O: O [O(n)]
  10: f0->f11, P: P [O(n)]
  10: f0->f11, Q: Q [O(n)]
  10: f0->f11, R: R [O(n)]
  10: f0->f11, S: S [O(n)]
  10: f0->f11, T: T [O(n)]
  10: f0->f11, U: U [O(n)]
  10: f0->f11, V: 0 [O(1)]
  2: f11->f51, A: max{A, A+max{0, B-A}} [O(n)]
  2: f11->f51, B: B [O(n)]
  2: f11->f51, C: 0 [O(1)]
  2: f11->f51, D: 0 [O(1)]
  2: f11->f51, E: max{1, E} [O(n)]
  2: f11->f51, F: F [O(n)]
  2: f11->f51, G: max{0, G} [O(n)]
  2: f11->f51, K: max{D, K} [O(n)]
  2: f11->f51, L: max{0, L} [O(n)]
  2: f11->f51, M: max{0, M} [O(n)]
  2: f11->f51, N: max{0, N} [O(n)]
  2: f11->f51, O: max{0, O} [O(n)]
  2: f11->f51, P: max{Q, P} [O(n)]
  2: f11->f51, Q: Q [O(n)]
  2: f11->f51, R: max{1, R} [O(n)]
  2: f11->f51, S: max{1, S} [O(n)]
  2: f11->f51, T: max{1, T} [O(n)]
  2: f11->f51, U: max{0, U} [O(n)]
  2: f11->f51, V: 0 [O(1)]
  6: f11->f51, A: max{A, A+max{0, B-A}} [O(n)]
  6: f11->f51, B: B [O(n)]
  6: f11->f51, C: 0 [O(1)]
  6: f11->f51, D: 0 [O(1)]
  6: f11->f51, E: max{1, E} [O(n)]
  6: f11->f51, F: F [O(n)]
  6: f11->f51, K: D [O(n)]
  6: f11->f51, O: max{0, O} [O(n)]
  6: f11->f51, P: max{Q, P} [O(n)]
  6: f11->f51, Q: Q [O(n)]
  6: f11->f51, R: max{1, R} [O(n)]
  6: f11->f51, S: max{1, S} [O(n)]
  6: f11->f51, T: max{1, T} [O(n)]
  6: f11->f51, U: max{0, U} [O(n)]
  6: f11->f51, V: 0 [O(1)]
  7: f11->f37, A: max{A, A+max{0, B-A}} [O(n)]
  7: f11->f37, B: B [O(n)]
  7: f11->f37, C: 0 [O(1)]
  7: f11->f37, D: D [O(n)]
  7: f11->f37, F: F [O(n)]
  7: f11->f37, G: 0 [O(1)]
  7: f11->f37, K: D [O(n)]
  7: f11->f37, L: 0 [O(1)]
  7: f11->f37, M: 0 [O(1)]
  7: f11->f37, N: 0 [O(1)]
  7: f11->f37, O: 0 [O(1)]
  7: f11->f37, P: Q [O(n)]
  7: f11->f37, Q: 0 [O(1)]
  7: f11->f37, U: 0 [O(1)]
  7: f11->f37, V: 0 [O(1)]
  8: f11->f37, A: max{A, A+max{0, B-A}} [O(n)]
  8: f11->f37, B: B [O(n)]
  8: f11->f37, C: 0 [O(1)]
  8: f11->f37, D: D [O(n)]
  8: f11->f37, E: 0 [O(1)]
  8: f11->f37, F: F [O(n)]
  8: f11->f37, G: 0 [O(1)]
  8: f11->f37, K: D [O(n)]
  8: f11->f37, L: 0 [O(1)]
  8: f11->f37, M: 0 [O(1)]
  8: f11->f37, N: 0 [O(1)]
  8: f11->f37, O: 0 [O(1)]
  8: f11->f37, P: Q [O(n)]
  8: f11->f37, Q: 0 [O(1)]
  8: f11->f37, R: 0 [O(1)]
  8: f11->f37, S: 0 [O(1)]
  8: f11->f37, T: 0 [O(1)]
  8: f11->f37, U: 0 [O(1)]
  8: f11->f37, V: 0 [O(1)]
  9: f11->f11, A: A+max{0, B-A} [O(n)]
  9: f11->f11, B: B [O(n)]
  9: f11->f11, C: 0 [O(1)]
  9: f11->f11, D: D [O(n)]
  9: f11->f11, E: 1 [O(1)]
  9: f11->f11, F: F [O(n)]
  9: f11->f11, G: 0 [O(1)]
  9: f11->f11, K: D [O(n)]
  9: f11->f11, L: 0 [O(1)]
  9: f11->f11, M: 0 [O(1)]
  9: f11->f11, N: 0 [O(1)]
  9: f11->f11, O: 0 [O(1)]
  9: f11->f11, P: Q [O(n)]
  9: f11->f11, Q: Q [O(n)]
  9: f11->f11, R: 1 [O(1)]
  9: f11->f11, S: 1 [O(1)]
  9: f11->f11, T: 1 [O(1)]
  9: f11->f11, U: 0 [O(1)]
  9: f11->f11, V: 0 [O(1)]
  3: f37->f51, A: max{A, A+max{0, B-A}} [O(n)]
  3: f37->f51, B: B [O(n)]
  3: f37->f51, C: 0 [O(1)]
  3: f37->f51, D: 0 [O(1)]
  3: f37->f51, F: F [O(n)]
  3: f37->f51, G: 0 [O(1)]
  3: f37->f51, K: D [O(n)]
  3: f37->f51, L: 0 [O(1)]
  3: f37->f51, M: 0 [O(1)]
  3: f37->f51, N: 0 [O(1)]
  3: f37->f51, O: 0 [O(1)]
  3: f37->f51, P: Q [O(n)]
  3: f37->f51, Q: 0 [O(1)]
  3: f37->f51, U: 0 [O(1)]
  3: f37->f51, V: 0 [O(1)]
  4: f37->f51, A: max{A, A+max{0, B-A}} [O(n)]
  4: f37->f51, B: B [O(n)]
  4: f37->f51, C: 0 [O(1)]
  4: f37->f51, D: 0 [O(1)]
  4: f37->f51, E: 1 [O(1)]
  4: f37->f51, F: F [O(n)]
  4: f37->f51, G: 0 [O(1)]
  4: f37->f51, K: D [O(n)]
  4: f37->f51, L: 0 [O(1)]
  4: f37->f51, M: 0 [O(1)]
  4: f37->f51, N: 0 [O(1)]
  4: f37->f51, O: 0 [O(1)]
  4: f37->f51, P: Q [O(n)]
  4: f37->f51, Q: 0 [O(1)]
  4: f37->f51, R: 1 [O(1)]
  4: f37->f51, S: 1 [O(1)]
  4: f37->f51, T: 1 [O(1)]
  4: f37->f51, U: 0 [O(1)]
  4: f37->f51, V: 0 [O(1)]
  5: f37->f51, A: max{A, A+max{0, B-A}} [O(n)]
  5: f37->f51, B: B [O(n)]
  5: f37->f51, C: 0 [O(1)]
  5: f37->f51, D: 0 [O(1)]
  5: f37->f51, E: 2 [O(1)]
  5: f37->f51, F: 0 [O(1)]
  5: f37->f51, G: 0 [O(1)]
  5: f37->f51, K: D [O(n)]
  5: f37->f51, L: 0 [O(1)]
  5: f37->f51, M: 0 [O(1)]
  5: f37->f51, N: 0 [O(1)]
  5: f37->f51, O: 0 [O(1)]
  5: f37->f51, P: Q [O(n)]
  5: f37->f51, Q: 0 [O(1)]
  5: f37->f51, R: 2 [O(1)]
  5: f37->f51, S: 2 [O(1)]
  5: f37->f51, T: 2 [O(1)]
  5: f37->f51, U: 0 [O(1)]
  5: f37->f51, V: 0 [O(1)]
  0: f51->f51, A: max{A, A+max{0, B-A}} [O(n)]
  0: f51->f51, B: B [O(n)]
  0: f51->f51, C: 0 [O(1)]
  0: f51->f51, D: 0 [O(1)]
  0: f51->f51, F: max{0, F} [O(n)]
  0: f51->f51, K: max{D, D, K} [O(n)]
  0: f51->f51, O: max{0, O} [O(n)]
  0: f51->f51, P: max{Q, Q, P} [O(n)]
  0: f51->f51, Q: max{0, Q} [O(n)]
  0: f51->f51, U: max{0, U} [O(n)]
  0: f51->f51, V: 0 [O(1)]
