Timebounds: 
  Overall timebound: inf [Infinity]
  12: f0->f13: 1 [O(1)]
  13: f0->f13: 1 [O(1)]
  0: f13->f45: 1 [O(1)]
  8: f13->f45: 1 [O(1)]
  9: f13->f37: 1 [O(1)]
  10: f13->f37: 1 [O(1)]
  11: f13->f13: 2*max{0, B-A} [O(n)]
  1: f37->f45: 1 [O(1)]
  2: f37->f45: 1 [O(1)]
  7: f37->f45: 1 [O(1)]
  5: f45->f52: 1 [O(1)]
  6: f45->f52: 1 [O(1)]
  3: f52->f52: inf [Infinity]

Costbounds:
  Overall costbound: inf [Infinity]
  12: f0->f13: 1 [O(1)]
  13: f0->f13: 1 [O(1)]
  0: f13->f45: 1 [O(1)]
  8: f13->f45: 1 [O(1)]
  9: f13->f37: 1 [O(1)]
  10: f13->f37: 1 [O(1)]
  11: f13->f13: 2*max{0, B-A} [O(n)]
  1: f37->f45: 1 [O(1)]
  2: f37->f45: 1 [O(1)]
  7: f37->f45: 1 [O(1)]
  5: f45->f52: 1 [O(1)]
  6: f45->f52: 1 [O(1)]
  3: f52->f52: inf [Infinity]

Sizebounds:
`Lower:
  12: f0->f13, A: A [O(n)]
  12: f0->f13, B: B [O(n)]
  12: f0->f13, C: C [O(n)]
  12: f0->f13, D: W [O(n)]
  12: f0->f13, E: E [O(n)]
  12: f0->f13, F: 0 [O(1)]
  12: f0->f13, G: G [O(n)]
  12: f0->f13, H: H [O(n)]
  12: f0->f13, I: I [O(n)]
  12: f0->f13, J: J [O(n)]
  12: f0->f13, K: K [O(n)]
  12: f0->f13, L: L [O(n)]
  12: f0->f13, M: M [O(n)]
  12: f0->f13, N: N [O(n)]
  12: f0->f13, O: O [O(n)]
  12: f0->f13, P: P [O(n)]
  12: f0->f13, Q: Q [O(n)]
  12: f0->f13, R: R [O(n)]
  12: f0->f13, S: S [O(n)]
  12: f0->f13, T: T [O(n)]
  12: f0->f13, U: 0 [O(1)]
  12: f0->f13, V: -inf [Infinity]
  12: f0->f13, W: -inf [Infinity]
  12: f0->f13, X: -inf [Infinity]
  12: f0->f13, Y: -inf [Infinity]
  12: f0->f13, Z: -inf [Infinity]
  13: f0->f13, A: A [O(n)]
  13: f0->f13, B: B [O(n)]
  13: f0->f13, C: C [O(n)]
  13: f0->f13, D: 1 [O(1)]
  13: f0->f13, E: E [O(n)]
  13: f0->f13, F: 0 [O(1)]
  13: f0->f13, G: G [O(n)]
  13: f0->f13, H: H [O(n)]
  13: f0->f13, I: I [O(n)]
  13: f0->f13, J: J [O(n)]
  13: f0->f13, K: K [O(n)]
  13: f0->f13, L: L [O(n)]
  13: f0->f13, M: M [O(n)]
  13: f0->f13, N: N [O(n)]
  13: f0->f13, O: O [O(n)]
  13: f0->f13, P: P [O(n)]
  13: f0->f13, Q: Q [O(n)]
  13: f0->f13, R: R [O(n)]
  13: f0->f13, S: S [O(n)]
  13: f0->f13, T: T [O(n)]
  13: f0->f13, U: 0 [O(1)]
  13: f0->f13, V: -inf [Infinity]
  13: f0->f13, W: -inf [Infinity]
  13: f0->f13, X: -inf [Infinity]
  13: f0->f13, Y: -inf [Infinity]
  13: f0->f13, Z: -inf [Infinity]
  0: f13->f45, A: A [O(n)]
  0: f13->f45, B: B [O(n)]
  0: f13->f45, C: -max{-1, -C} [O(n)]
  0: f13->f45, D: -max{-1, -W} [O(n)]
  0: f13->f45, E: E [O(n)]
  0: f13->f45, F: 0 [O(1)]
  0: f13->f45, G: G [O(n)]
  0: f13->f45, H: -inf [Infinity]
  0: f13->f45, I: -inf [Infinity]
  0: f13->f45, J: -inf [Infinity]
  0: f13->f45, K: -inf [Infinity]
  0: f13->f45, L: -max{-L, -E, -L} [O(n)]
  0: f13->f45, M: -inf [Infinity]
  0: f13->f45, N: -inf [Infinity]
  0: f13->f45, O: -inf [Infinity]
  0: f13->f45, P: -max{-P, -Q, -P} [O(n)]
  0: f13->f45, Q: Q [O(n)]
  0: f13->f45, R: -max{-1, -R} [O(n)]
  0: f13->f45, S: -max{-1, -S} [O(n)]
  0: f13->f45, T: -max{0, -T} [O(n)]
  0: f13->f45, U: 0 [O(1)]
  0: f13->f45, V: -inf [Infinity]
  0: f13->f45, W: -inf [Infinity]
  0: f13->f45, X: -inf [Infinity]
  0: f13->f45, Y: -inf [Infinity]
  0: f13->f45, Z: -inf [Infinity]
  8: f13->f45, A: A [O(n)]
  8: f13->f45, B: 1+A [O(n)]
  8: f13->f45, C: -max{-1, -C} [O(n)]
  8: f13->f45, D: -max{-1, -W} [O(n)]
  8: f13->f45, E: E [O(n)]
  8: f13->f45, F: 0 [O(1)]
  8: f13->f45, G: G [O(n)]
  8: f13->f45, H: 1 [O(1)]
  8: f13->f45, I: -inf [Infinity]
  8: f13->f45, J: -inf [Infinity]
  8: f13->f45, K: -inf [Infinity]
  8: f13->f45, L: E [O(n)]
  8: f13->f45, M: 1 [O(1)]
  8: f13->f45, N: 1 [O(1)]
  8: f13->f45, O: -inf [Infinity]
  8: f13->f45, P: -max{-P, -Q, -P} [O(n)]
  8: f13->f45, Q: Q [O(n)]
  8: f13->f45, R: -max{-1, -R} [O(n)]
  8: f13->f45, S: -max{-1, -S} [O(n)]
  8: f13->f45, T: -max{0, -T} [O(n)]
  8: f13->f45, U: 0 [O(1)]
  8: f13->f45, V: -inf [Infinity]
  8: f13->f45, W: -inf [Infinity]
  8: f13->f45, X: -inf [Infinity]
  8: f13->f45, Y: -inf [Infinity]
  8: f13->f45, Z: -inf [Infinity]
  9: f13->f37, A: A [O(n)]
  9: f13->f37, B: 1+A [O(n)]
  9: f13->f37, C: 2 [O(1)]
  9: f13->f37, D: -max{-1, -W} [O(n)]
  9: f13->f37, E: E [O(n)]
  9: f13->f37, F: 0 [O(1)]
  9: f13->f37, G: G [O(n)]
  9: f13->f37, H: -inf [Infinity]
  9: f13->f37, I: -inf [Infinity]
  9: f13->f37, J: -inf [Infinity]
  9: f13->f37, K: -inf [Infinity]
  9: f13->f37, L: E [O(n)]
  9: f13->f37, M: -inf [Infinity]
  9: f13->f37, N: -inf [Infinity]
  9: f13->f37, O: -inf [Infinity]
  9: f13->f37, P: Q [O(n)]
  9: f13->f37, Q: 0 [O(1)]
  9: f13->f37, R: 2 [O(1)]
  9: f13->f37, S: 2 [O(1)]
  9: f13->f37, T: 0 [O(1)]
  9: f13->f37, U: 0 [O(1)]
  9: f13->f37, V: -inf [Infinity]
  9: f13->f37, W: -inf [Infinity]
  9: f13->f37, X: -inf [Infinity]
  9: f13->f37, Y: -inf [Infinity]
  9: f13->f37, Z: -inf [Infinity]
  10: f13->f37, A: A [O(n)]
  10: f13->f37, B: 1+A [O(n)]
  10: f13->f37, C: -inf [Infinity]
  10: f13->f37, D: -max{-1, -W} [O(n)]
  10: f13->f37, E: E [O(n)]
  10: f13->f37, F: 0 [O(1)]
  10: f13->f37, G: G [O(n)]
  10: f13->f37, H: -inf [Infinity]
  10: f13->f37, I: -inf [Infinity]
  10: f13->f37, J: -inf [Infinity]
  10: f13->f37, K: -inf [Infinity]
  10: f13->f37, L: E [O(n)]
  10: f13->f37, M: -inf [Infinity]
  10: f13->f37, N: -inf [Infinity]
  10: f13->f37, O: -inf [Infinity]
  10: f13->f37, P: Q [O(n)]
  10: f13->f37, Q: 0 [O(1)]
  10: f13->f37, R: -inf [Infinity]
  10: f13->f37, S: -inf [Infinity]
  10: f13->f37, T: 0 [O(1)]
  10: f13->f37, U: 0 [O(1)]
  10: f13->f37, V: -inf [Infinity]
  10: f13->f37, W: -inf [Infinity]
  10: f13->f37, X: -inf [Infinity]
  10: f13->f37, Y: -inf [Infinity]
  10: f13->f37, Z: -inf [Infinity]
  11: f13->f13, A: A [O(n)]
  11: f13->f13, B: B [O(n)]
  11: f13->f13, C: 1 [O(1)]
  11: f13->f13, D: -max{-1, -W} [O(n)]
  11: f13->f13, E: E [O(n)]
  11: f13->f13, F: 0 [O(1)]
  11: f13->f13, G: G [O(n)]
  11: f13->f13, H: -inf [Infinity]
  11: f13->f13, I: -inf [Infinity]
  11: f13->f13, J: -inf [Infinity]
  11: f13->f13, K: -inf [Infinity]
  11: f13->f13, L: E [O(n)]
  11: f13->f13, M: -inf [Infinity]
  11: f13->f13, N: -inf [Infinity]
  11: f13->f13, O: -inf [Infinity]
  11: f13->f13, P: Q [O(n)]
  11: f13->f13, Q: Q [O(n)]
  11: f13->f13, R: 1 [O(1)]
  11: f13->f13, S: 1 [O(1)]
  11: f13->f13, T: 0 [O(1)]
  11: f13->f13, U: 0 [O(1)]
  11: f13->f13, V: -inf [Infinity]
  11: f13->f13, W: -inf [Infinity]
  11: f13->f13, X: -inf [Infinity]
  11: f13->f13, Y: -inf [Infinity]
  11: f13->f13, Z: -inf [Infinity]
  1: f37->f45, A: A [O(n)]
  1: f37->f45, B: 1+A [O(n)]
  1: f37->f45, C: 3 [O(1)]
  1: f37->f45, D: -max{-1, -W} [O(n)]
  1: f37->f45, E: E [O(n)]
  1: f37->f45, F: 0 [O(1)]
  1: f37->f45, G: G [O(n)]
  1: f37->f45, H: -inf [Infinity]
  1: f37->f45, I: -inf [Infinity]
  1: f37->f45, J: -inf [Infinity]
  1: f37->f45, K: -inf [Infinity]
  1: f37->f45, L: E [O(n)]
  1: f37->f45, M: -inf [Infinity]
  1: f37->f45, N: -inf [Infinity]
  1: f37->f45, O: -inf [Infinity]
  1: f37->f45, P: Q [O(n)]
  1: f37->f45, Q: 0 [O(1)]
  1: f37->f45, R: 3 [O(1)]
  1: f37->f45, S: 3 [O(1)]
  1: f37->f45, T: 0 [O(1)]
  1: f37->f45, U: 0 [O(1)]
  1: f37->f45, V: -inf [Infinity]
  1: f37->f45, W: -inf [Infinity]
  1: f37->f45, X: -inf [Infinity]
  1: f37->f45, Y: -inf [Infinity]
  1: f37->f45, Z: -inf [Infinity]
  2: f37->f45, A: A [O(n)]
  2: f37->f45, B: 1+A [O(n)]
  2: f37->f45, C: -inf [Infinity]
  2: f37->f45, D: -max{-1, -W} [O(n)]
  2: f37->f45, E: E [O(n)]
  2: f37->f45, F: 0 [O(1)]
  2: f37->f45, G: G [O(n)]
  2: f37->f45, H: -inf [Infinity]
  2: f37->f45, I: -inf [Infinity]
  2: f37->f45, J: -inf [Infinity]
  2: f37->f45, K: -inf [Infinity]
  2: f37->f45, L: E [O(n)]
  2: f37->f45, M: -inf [Infinity]
  2: f37->f45, N: -inf [Infinity]
  2: f37->f45, O: -inf [Infinity]
  2: f37->f45, P: Q [O(n)]
  2: f37->f45, Q: 0 [O(1)]
  2: f37->f45, R: -inf [Infinity]
  2: f37->f45, S: -inf [Infinity]
  2: f37->f45, T: 0 [O(1)]
  2: f37->f45, U: 0 [O(1)]
  2: f37->f45, V: -inf [Infinity]
  2: f37->f45, W: -inf [Infinity]
  2: f37->f45, X: -inf [Infinity]
  2: f37->f45, Y: -inf [Infinity]
  2: f37->f45, Z: -inf [Infinity]
  7: f37->f45, A: A [O(n)]
  7: f37->f45, B: 1+A [O(n)]
  7: f37->f45, C: 2 [O(1)]
  7: f37->f45, D: -max{-1, -W} [O(n)]
  7: f37->f45, E: 1+E [O(n)]
  7: f37->f45, F: 0 [O(1)]
  7: f37->f45, G: -inf [Infinity]
  7: f37->f45, H: -inf [Infinity]
  7: f37->f45, I: -inf [Infinity]
  7: f37->f45, J: -inf [Infinity]
  7: f37->f45, K: -inf [Infinity]
  7: f37->f45, L: E [O(n)]
  7: f37->f45, M: -inf [Infinity]
  7: f37->f45, N: -inf [Infinity]
  7: f37->f45, O: -inf [Infinity]
  7: f37->f45, P: Q [O(n)]
  7: f37->f45, Q: 0 [O(1)]
  7: f37->f45, R: 2 [O(1)]
  7: f37->f45, S: 2 [O(1)]
  7: f37->f45, T: 0 [O(1)]
  7: f37->f45, U: 0 [O(1)]
  7: f37->f45, V: -inf [Infinity]
  7: f37->f45, W: -inf [Infinity]
  7: f37->f45, X: -inf [Infinity]
  7: f37->f45, Y: -inf [Infinity]
  7: f37->f45, Z: -inf [Infinity]
  5: f45->f52, A: A [O(n)]
  5: f45->f52, B: -max{-B, -1-A} [O(n)]
  5: f45->f52, C: -inf [Infinity]
  5: f45->f52, D: 1 [O(1)]
  5: f45->f52, E: 0 [O(1)]
  5: f45->f52, F: 0 [O(1)]
  5: f45->f52, G: -inf [Infinity]
  5: f45->f52, H: -inf [Infinity]
  5: f45->f52, I: -inf [Infinity]
  5: f45->f52, J: -inf [Infinity]
  5: f45->f52, K: -inf [Infinity]
  5: f45->f52, L: -max{-E, -L, max{-E, -L}} [O(n)]
  5: f45->f52, M: -inf [Infinity]
  5: f45->f52, N: -inf [Infinity]
  5: f45->f52, O: -inf [Infinity]
  5: f45->f52, P: -max{-P, -Q, max{-P, -Q, -P}} [O(n)]
  5: f45->f52, Q: -max{0, -Q} [O(n)]
  5: f45->f52, R: -inf [Infinity]
  5: f45->f52, S: -inf [Infinity]
  5: f45->f52, T: -max{0, -T} [O(n)]
  5: f45->f52, U: 0 [O(1)]
  5: f45->f52, V: -inf [Infinity]
  5: f45->f52, W: -inf [Infinity]
  5: f45->f52, X: -inf [Infinity]
  5: f45->f52, Y: -inf [Infinity]
  5: f45->f52, Z: -inf [Infinity]
  6: f45->f52, A: A [O(n)]
  6: f45->f52, B: -max{-B, -1-A} [O(n)]
  6: f45->f52, C: -inf [Infinity]
  6: f45->f52, D: -max{-1, -W} [O(n)]
  6: f45->f52, E: 0 [O(1)]
  6: f45->f52, F: 0 [O(1)]
  6: f45->f52, G: -inf [Infinity]
  6: f45->f52, H: -inf [Infinity]
  6: f45->f52, I: -inf [Infinity]
  6: f45->f52, J: -inf [Infinity]
  6: f45->f52, K: -inf [Infinity]
  6: f45->f52, L: -max{-E, -L, max{-E, -L}} [O(n)]
  6: f45->f52, M: -inf [Infinity]
  6: f45->f52, N: -inf [Infinity]
  6: f45->f52, O: -inf [Infinity]
  6: f45->f52, P: -max{-P, -Q, max{-P, -Q, -P}} [O(n)]
  6: f45->f52, Q: -max{0, -Q} [O(n)]
  6: f45->f52, R: -inf [Infinity]
  6: f45->f52, S: -inf [Infinity]
  6: f45->f52, T: -max{0, -T} [O(n)]
  6: f45->f52, U: 0 [O(1)]
  6: f45->f52, V: -inf [Infinity]
  6: f45->f52, W: -inf [Infinity]
  6: f45->f52, X: -inf [Infinity]
  6: f45->f52, Y: -inf [Infinity]
  6: f45->f52, Z: -inf [Infinity]
  3: f52->f52, A: A [O(n)]
  3: f52->f52, B: -max{-B, -1-A} [O(n)]
  3: f52->f52, C: -inf [Infinity]
  3: f52->f52, D: -max{-1, -1, -W} [O(n)]
  3: f52->f52, E: 0 [O(1)]
  3: f52->f52, F: 0 [O(1)]
  3: f52->f52, G: -inf [Infinity]
  3: f52->f52, H: -inf [Infinity]
  3: f52->f52, I: -inf [Infinity]
  3: f52->f52, J: -inf [Infinity]
  3: f52->f52, K: -inf [Infinity]
  3: f52->f52, L: -max{-E, -L, max{-E, -L}} [O(n)]
  3: f52->f52, M: -inf [Infinity]
  3: f52->f52, N: -inf [Infinity]
  3: f52->f52, O: -inf [Infinity]
  3: f52->f52, P: -max{-P, -Q, max{-P, -Q, -P}} [O(n)]
  3: f52->f52, Q: -max{0, -Q} [O(n)]
  3: f52->f52, R: -inf [Infinity]
  3: f52->f52, S: -inf [Infinity]
  3: f52->f52, T: -max{0, -T} [O(n)]
  3: f52->f52, U: 0 [O(1)]
  3: f52->f52, V: -inf [Infinity]
  3: f52->f52, W: -inf [Infinity]
  3: f52->f52, X: -inf [Infinity]
  3: f52->f52, Y: -inf [Infinity]
  3: f52->f52, Z: -inf [Infinity]
`Upper:
  12: f0->f13, A: A [O(n)]
  12: f0->f13, B: B [O(n)]
  12: f0->f13, C: C [O(n)]
  12: f0->f13, D: 0 [O(1)]
  12: f0->f13, E: E [O(n)]
  12: f0->f13, F: 0 [O(1)]
  12: f0->f13, G: G [O(n)]
  12: f0->f13, H: H [O(n)]
  12: f0->f13, I: I [O(n)]
  12: f0->f13, J: J [O(n)]
  12: f0->f13, K: K [O(n)]
  12: f0->f13, L: L [O(n)]
  12: f0->f13, M: M [O(n)]
  12: f0->f13, N: N [O(n)]
  12: f0->f13, O: O [O(n)]
  12: f0->f13, P: P [O(n)]
  12: f0->f13, Q: Q [O(n)]
  12: f0->f13, R: R [O(n)]
  12: f0->f13, S: S [O(n)]
  12: f0->f13, T: T [O(n)]
  12: f0->f13, U: 0 [O(1)]
  12: f0->f13, V: inf [Infinity]
  12: f0->f13, W: inf [Infinity]
  12: f0->f13, X: inf [Infinity]
  12: f0->f13, Y: inf [Infinity]
  12: f0->f13, Z: inf [Infinity]
  13: f0->f13, A: A [O(n)]
  13: f0->f13, B: B [O(n)]
  13: f0->f13, C: C [O(n)]
  13: f0->f13, D: W [O(n)]
  13: f0->f13, E: E [O(n)]
  13: f0->f13, F: 0 [O(1)]
  13: f0->f13, G: G [O(n)]
  13: f0->f13, H: H [O(n)]
  13: f0->f13, I: I [O(n)]
  13: f0->f13, J: J [O(n)]
  13: f0->f13, K: K [O(n)]
  13: f0->f13, L: L [O(n)]
  13: f0->f13, M: M [O(n)]
  13: f0->f13, N: N [O(n)]
  13: f0->f13, O: O [O(n)]
  13: f0->f13, P: P [O(n)]
  13: f0->f13, Q: Q [O(n)]
  13: f0->f13, R: R [O(n)]
  13: f0->f13, S: S [O(n)]
  13: f0->f13, T: T [O(n)]
  13: f0->f13, U: 0 [O(1)]
  13: f0->f13, V: inf [Infinity]
  13: f0->f13, W: inf [Infinity]
  13: f0->f13, X: inf [Infinity]
  13: f0->f13, Y: inf [Infinity]
  13: f0->f13, Z: inf [Infinity]
  0: f13->f45, A: max{A, A+2*max{0, B-A}} [O(n)]
  0: f13->f45, B: max{A, A+2*max{0, B-A}} [O(n)]
  0: f13->f45, C: max{1, C} [O(n)]
  0: f13->f45, D: max{0, W} [O(n)]
  0: f13->f45, E: E [O(n)]
  0: f13->f45, F: 0 [O(1)]
  0: f13->f45, G: G [O(n)]
  0: f13->f45, H: max{0, H} [O(n)]
  0: f13->f45, I: inf [Infinity]
  0: f13->f45, J: inf [Infinity]
  0: f13->f45, K: inf [Infinity]
  0: f13->f45, L: max{L, E, L} [O(n)]
  0: f13->f45, M: max{0, M} [O(n)]
  0: f13->f45, N: max{0, N} [O(n)]
  0: f13->f45, O: max{0, O} [O(n)]
  0: f13->f45, P: max{P, Q, P} [O(n)]
  0: f13->f45, Q: Q [O(n)]
  0: f13->f45, R: max{1, R} [O(n)]
  0: f13->f45, S: max{1, S} [O(n)]
  0: f13->f45, T: max{0, T} [O(n)]
  0: f13->f45, U: 0 [O(1)]
  0: f13->f45, V: inf [Infinity]
  0: f13->f45, W: inf [Infinity]
  0: f13->f45, X: inf [Infinity]
  0: f13->f45, Y: inf [Infinity]
  0: f13->f45, Z: inf [Infinity]
  8: f13->f45, A: max{A, A+2*max{0, B-A}} [O(n)]
  8: f13->f45, B: B [O(n)]
  8: f13->f45, C: max{1, C} [O(n)]
  8: f13->f45, D: max{0, W} [O(n)]
  8: f13->f45, E: E [O(n)]
  8: f13->f45, F: 0 [O(1)]
  8: f13->f45, G: G [O(n)]
  8: f13->f45, H: inf [Infinity]
  8: f13->f45, I: inf [Infinity]
  8: f13->f45, J: inf [Infinity]
  8: f13->f45, K: inf [Infinity]
  8: f13->f45, L: E [O(n)]
  8: f13->f45, M: inf [Infinity]
  8: f13->f45, N: inf [Infinity]
  8: f13->f45, O: max{0, O} [O(n)]
  8: f13->f45, P: max{P, Q, P} [O(n)]
  8: f13->f45, Q: Q [O(n)]
  8: f13->f45, R: max{1, R} [O(n)]
  8: f13->f45, S: max{1, S} [O(n)]
  8: f13->f45, T: max{0, T} [O(n)]
  8: f13->f45, U: 0 [O(1)]
  8: f13->f45, V: inf [Infinity]
  8: f13->f45, W: inf [Infinity]
  8: f13->f45, X: inf [Infinity]
  8: f13->f45, Y: inf [Infinity]
  8: f13->f45, Z: inf [Infinity]
  9: f13->f37, A: max{A, A+2*max{0, B-A}} [O(n)]
  9: f13->f37, B: B [O(n)]
  9: f13->f37, C: inf [Infinity]
  9: f13->f37, D: max{0, W} [O(n)]
  9: f13->f37, E: E [O(n)]
  9: f13->f37, F: 0 [O(1)]
  9: f13->f37, G: G [O(n)]
  9: f13->f37, H: 0 [O(1)]
  9: f13->f37, I: inf [Infinity]
  9: f13->f37, J: inf [Infinity]
  9: f13->f37, K: inf [Infinity]
  9: f13->f37, L: E [O(n)]
  9: f13->f37, M: 0 [O(1)]
  9: f13->f37, N: 0 [O(1)]
  9: f13->f37, O: 0 [O(1)]
  9: f13->f37, P: Q [O(n)]
  9: f13->f37, Q: 0 [O(1)]
  9: f13->f37, R: inf [Infinity]
  9: f13->f37, S: inf [Infinity]
  9: f13->f37, T: 0 [O(1)]
  9: f13->f37, U: 0 [O(1)]
  9: f13->f37, V: inf [Infinity]
  9: f13->f37, W: inf [Infinity]
  9: f13->f37, X: inf [Infinity]
  9: f13->f37, Y: inf [Infinity]
  9: f13->f37, Z: inf [Infinity]
  10: f13->f37, A: max{A, A+2*max{0, B-A}} [O(n)]
  10: f13->f37, B: B [O(n)]
  10: f13->f37, C: 0 [O(1)]
  10: f13->f37, D: max{0, W} [O(n)]
  10: f13->f37, E: E [O(n)]
  10: f13->f37, F: 0 [O(1)]
  10: f13->f37, G: G [O(n)]
  10: f13->f37, H: 0 [O(1)]
  10: f13->f37, I: inf [Infinity]
  10: f13->f37, J: inf [Infinity]
  10: f13->f37, K: inf [Infinity]
  10: f13->f37, L: E [O(n)]
  10: f13->f37, M: 0 [O(1)]
  10: f13->f37, N: 0 [O(1)]
  10: f13->f37, O: 0 [O(1)]
  10: f13->f37, P: Q [O(n)]
  10: f13->f37, Q: 0 [O(1)]
  10: f13->f37, R: 0 [O(1)]
  10: f13->f37, S: 0 [O(1)]
  10: f13->f37, T: 0 [O(1)]
  10: f13->f37, U: 0 [O(1)]
  10: f13->f37, V: inf [Infinity]
  10: f13->f37, W: inf [Infinity]
  10: f13->f37, X: inf [Infinity]
  10: f13->f37, Y: inf [Infinity]
  10: f13->f37, Z: inf [Infinity]
  11: f13->f13, A: A+2*max{0, B-A} [O(n)]
  11: f13->f13, B: B [O(n)]
  11: f13->f13, C: 1 [O(1)]
  11: f13->f13, D: max{0, W} [O(n)]
  11: f13->f13, E: E [O(n)]
  11: f13->f13, F: 0 [O(1)]
  11: f13->f13, G: G [O(n)]
  11: f13->f13, H: 0 [O(1)]
  11: f13->f13, I: inf [Infinity]
  11: f13->f13, J: inf [Infinity]
  11: f13->f13, K: inf [Infinity]
  11: f13->f13, L: E [O(n)]
  11: f13->f13, M: 0 [O(1)]
  11: f13->f13, N: 0 [O(1)]
  11: f13->f13, O: 0 [O(1)]
  11: f13->f13, P: Q [O(n)]
  11: f13->f13, Q: Q [O(n)]
  11: f13->f13, R: 1 [O(1)]
  11: f13->f13, S: 1 [O(1)]
  11: f13->f13, T: 0 [O(1)]
  11: f13->f13, U: 0 [O(1)]
  11: f13->f13, V: inf [Infinity]
  11: f13->f13, W: inf [Infinity]
  11: f13->f13, X: inf [Infinity]
  11: f13->f13, Y: inf [Infinity]
  11: f13->f13, Z: inf [Infinity]
  1: f37->f45, A: max{A, A+2*max{0, B-A}} [O(n)]
  1: f37->f45, B: B [O(n)]
  1: f37->f45, C: inf [Infinity]
  1: f37->f45, D: max{0, W} [O(n)]
  1: f37->f45, E: E [O(n)]
  1: f37->f45, F: 0 [O(1)]
  1: f37->f45, G: G [O(n)]
  1: f37->f45, H: 0 [O(1)]
  1: f37->f45, I: inf [Infinity]
  1: f37->f45, J: inf [Infinity]
  1: f37->f45, K: inf [Infinity]
  1: f37->f45, L: E [O(n)]
  1: f37->f45, M: 0 [O(1)]
  1: f37->f45, N: 0 [O(1)]
  1: f37->f45, O: 0 [O(1)]
  1: f37->f45, P: Q [O(n)]
  1: f37->f45, Q: 0 [O(1)]
  1: f37->f45, R: inf [Infinity]
  1: f37->f45, S: inf [Infinity]
  1: f37->f45, T: 0 [O(1)]
  1: f37->f45, U: 0 [O(1)]
  1: f37->f45, V: inf [Infinity]
  1: f37->f45, W: inf [Infinity]
  1: f37->f45, X: inf [Infinity]
  1: f37->f45, Y: inf [Infinity]
  1: f37->f45, Z: inf [Infinity]
  2: f37->f45, A: max{A, A+2*max{0, B-A}} [O(n)]
  2: f37->f45, B: B [O(n)]
  2: f37->f45, C: 1 [O(1)]
  2: f37->f45, D: max{0, W} [O(n)]
  2: f37->f45, E: E [O(n)]
  2: f37->f45, F: 0 [O(1)]
  2: f37->f45, G: G [O(n)]
  2: f37->f45, H: 0 [O(1)]
  2: f37->f45, I: inf [Infinity]
  2: f37->f45, J: inf [Infinity]
  2: f37->f45, K: inf [Infinity]
  2: f37->f45, L: E [O(n)]
  2: f37->f45, M: 0 [O(1)]
  2: f37->f45, N: 0 [O(1)]
  2: f37->f45, O: 0 [O(1)]
  2: f37->f45, P: Q [O(n)]
  2: f37->f45, Q: 0 [O(1)]
  2: f37->f45, R: 1 [O(1)]
  2: f37->f45, S: 1 [O(1)]
  2: f37->f45, T: 0 [O(1)]
  2: f37->f45, U: 0 [O(1)]
  2: f37->f45, V: inf [Infinity]
  2: f37->f45, W: inf [Infinity]
  2: f37->f45, X: inf [Infinity]
  2: f37->f45, Y: inf [Infinity]
  2: f37->f45, Z: inf [Infinity]
  7: f37->f45, A: max{A, A+2*max{0, B-A}} [O(n)]
  7: f37->f45, B: B [O(n)]
  7: f37->f45, C: 2 [O(1)]
  7: f37->f45, D: max{0, W} [O(n)]
  7: f37->f45, E: 1+E [O(n)]
  7: f37->f45, F: 0 [O(1)]
  7: f37->f45, G: 0 [O(1)]
  7: f37->f45, H: 0 [O(1)]
  7: f37->f45, I: inf [Infinity]
  7: f37->f45, J: inf [Infinity]
  7: f37->f45, K: inf [Infinity]
  7: f37->f45, L: E [O(n)]
  7: f37->f45, M: 0 [O(1)]
  7: f37->f45, N: 0 [O(1)]
  7: f37->f45, O: 0 [O(1)]
  7: f37->f45, P: Q [O(n)]
  7: f37->f45, Q: 0 [O(1)]
  7: f37->f45, R: 2 [O(1)]
  7: f37->f45, S: 2 [O(1)]
  7: f37->f45, T: 0 [O(1)]
  7: f37->f45, U: 0 [O(1)]
  7: f37->f45, V: inf [Infinity]
  7: f37->f45, W: inf [Infinity]
  7: f37->f45, X: inf [Infinity]
  7: f37->f45, Y: inf [Infinity]
  7: f37->f45, Z: inf [Infinity]
  5: f45->f52, A: max{A, A+2*max{0, B-A}} [O(n)]
  5: f45->f52, B: max{B, A, A+2*max{0, B-A}} [O(n)]
  5: f45->f52, C: inf [Infinity]
  5: f45->f52, D: max{0, W} [O(n)]
  5: f45->f52, E: 0 [O(1)]
  5: f45->f52, F: 0 [O(1)]
  5: f45->f52, G: max{0, G} [O(n)]
  5: f45->f52, H: inf [Infinity]
  5: f45->f52, I: inf [Infinity]
  5: f45->f52, J: inf [Infinity]
  5: f45->f52, K: inf [Infinity]
  5: f45->f52, L: max{E, L, max{E, L}} [O(n)]
  5: f45->f52, M: inf [Infinity]
  5: f45->f52, N: inf [Infinity]
  5: f45->f52, O: max{0, O} [O(n)]
  5: f45->f52, P: max{P, Q, max{P, Q, P}} [O(n)]
  5: f45->f52, Q: max{0, Q} [O(n)]
  5: f45->f52, R: inf [Infinity]
  5: f45->f52, S: inf [Infinity]
  5: f45->f52, T: max{0, T} [O(n)]
  5: f45->f52, U: 0 [O(1)]
  5: f45->f52, V: inf [Infinity]
  5: f45->f52, W: inf [Infinity]
  5: f45->f52, X: inf [Infinity]
  5: f45->f52, Y: inf [Infinity]
  5: f45->f52, Z: inf [Infinity]
  6: f45->f52, A: max{A, A+2*max{0, B-A}} [O(n)]
  6: f45->f52, B: max{B, A, A+2*max{0, B-A}} [O(n)]
  6: f45->f52, C: inf [Infinity]
  6: f45->f52, D: 0 [O(1)]
  6: f45->f52, E: 0 [O(1)]
  6: f45->f52, F: 0 [O(1)]
  6: f45->f52, G: max{0, G} [O(n)]
  6: f45->f52, H: inf [Infinity]
  6: f45->f52, I: inf [Infinity]
  6: f45->f52, J: inf [Infinity]
  6: f45->f52, K: inf [Infinity]
  6: f45->f52, L: max{E, L, max{E, L}} [O(n)]
  6: f45->f52, M: inf [Infinity]
  6: f45->f52, N: inf [Infinity]
  6: f45->f52, O: max{0, O} [O(n)]
  6: f45->f52, P: max{P, Q, max{P, Q, P}} [O(n)]
  6: f45->f52, Q: max{0, Q} [O(n)]
  6: f45->f52, R: inf [Infinity]
  6: f45->f52, S: inf [Infinity]
  6: f45->f52, T: max{0, T} [O(n)]
  6: f45->f52, U: 0 [O(1)]
  6: f45->f52, V: inf [Infinity]
  6: f45->f52, W: inf [Infinity]
  6: f45->f52, X: inf [Infinity]
  6: f45->f52, Y: inf [Infinity]
  6: f45->f52, Z: inf [Infinity]
  3: f52->f52, A: max{A, A+2*max{0, B-A}} [O(n)]
  3: f52->f52, B: max{B, A, A+2*max{0, B-A}} [O(n)]
  3: f52->f52, C: inf [Infinity]
  3: f52->f52, D: max{0, W} [O(n)]
  3: f52->f52, E: 0 [O(1)]
  3: f52->f52, F: 0 [O(1)]
  3: f52->f52, G: max{0, G} [O(n)]
  3: f52->f52, H: inf [Infinity]
  3: f52->f52, I: inf [Infinity]
  3: f52->f52, J: inf [Infinity]
  3: f52->f52, K: inf [Infinity]
  3: f52->f52, L: max{E, L, max{E, L}} [O(n)]
  3: f52->f52, M: inf [Infinity]
  3: f52->f52, N: inf [Infinity]
  3: f52->f52, O: max{0, O} [O(n)]
  3: f52->f52, P: max{P, Q, max{P, Q, P}} [O(n)]
  3: f52->f52, Q: max{0, Q} [O(n)]
  3: f52->f52, R: inf [Infinity]
  3: f52->f52, S: inf [Infinity]
  3: f52->f52, T: max{0, T} [O(n)]
  3: f52->f52, U: 0 [O(1)]
  3: f52->f52, V: inf [Infinity]
  3: f52->f52, W: inf [Infinity]
  3: f52->f52, X: inf [Infinity]
  3: f52->f52, Y: inf [Infinity]
  3: f52->f52, Z: inf [Infinity]
