Timebounds: 
  Overall timebound: inf [Infinity]
  6: f0->f10: 1 [O(1)]
  0: f10->f16: 1 [O(1)]
  5: f10->f25: 1 [O(1)]
  1: f16->f16: inf [Infinity]
  2: f25->f25: inf [Infinity]

Costbounds:
  Overall costbound: inf [Infinity]
  6: f0->f10: 1 [O(1)]
  0: f10->f16: 1 [O(1)]
  5: f10->f25: 1 [O(1)]
  1: f16->f16: inf [Infinity]
  2: f25->f25: inf [Infinity]

Sizebounds:
`Lower:
  6: f0->f10, A: F [O(n)]
  6: f0->f10, B: 0 [O(1)]
  6: f0->f10, C: C [O(n)]
  6: f0->f10, D: 0 [O(1)]
  6: f0->f10, E: F [O(n)]
  6: f0->f10, F: -inf [Infinity]
  0: f10->f16, A: -inf [Infinity]
  0: f10->f16, B: 0 [O(1)]
  0: f10->f16, C: 1 [O(1)]
  0: f10->f16, D: 0 [O(1)]
  0: f10->f16, E: -inf [Infinity]
  0: f10->f16, F: -inf [Infinity]
  5: f10->f25, A: 1 [O(1)]
  5: f10->f25, B: 0 [O(1)]
  5: f10->f25, C: C [O(n)]
  5: f10->f25, D: 0 [O(1)]
  5: f10->f25, E: 1 [O(1)]
  5: f10->f25, F: -inf [Infinity]
  1: f16->f16, A: -inf [Infinity]
  1: f16->f16, B: 0 [O(1)]
  1: f16->f16, C: 1 [O(1)]
  1: f16->f16, D: 0 [O(1)]
  1: f16->f16, E: -inf [Infinity]
  1: f16->f16, F: -inf [Infinity]
  2: f25->f25, A: 1 [O(1)]
  2: f25->f25, B: 0 [O(1)]
  2: f25->f25, C: C [O(n)]
  2: f25->f25, D: 0 [O(1)]
  2: f25->f25, E: 1 [O(1)]
  2: f25->f25, F: -inf [Infinity]
`Upper:
  6: f0->f10, A: F [O(n)]
  6: f0->f10, B: 0 [O(1)]
  6: f0->f10, C: C [O(n)]
  6: f0->f10, D: 0 [O(1)]
  6: f0->f10, E: F [O(n)]
  6: f0->f10, F: inf [Infinity]
  0: f10->f16, A: 0 [O(1)]
  0: f10->f16, B: 0 [O(1)]
  0: f10->f16, C: inf [Infinity]
  0: f10->f16, D: 0 [O(1)]
  0: f10->f16, E: 0 [O(1)]
  0: f10->f16, F: inf [Infinity]
  5: f10->f25, A: F [O(n)]
  5: f10->f25, B: 0 [O(1)]
  5: f10->f25, C: C [O(n)]
  5: f10->f25, D: 0 [O(1)]
  5: f10->f25, E: F [O(n)]
  5: f10->f25, F: inf [Infinity]
  1: f16->f16, A: 0 [O(1)]
  1: f16->f16, B: 0 [O(1)]
  1: f16->f16, C: inf [Infinity]
  1: f16->f16, D: 0 [O(1)]
  1: f16->f16, E: 0 [O(1)]
  1: f16->f16, F: inf [Infinity]
  2: f25->f25, A: F [O(n)]
  2: f25->f25, B: 0 [O(1)]
  2: f25->f25, C: C [O(n)]
  2: f25->f25, D: 0 [O(1)]
  2: f25->f25, E: F [O(n)]
  2: f25->f25, F: inf [Infinity]
