Timebounds: 
  Overall timebound: inf [Infinity]
  5: f0->f11: 1 [O(1)]
  0: f11->f11: 8 [O(1)]
  1: f11->f11: 8 [O(1)]
  4: f11->f21: 1 [O(1)]

Costbounds:
  Overall costbound: inf [Infinity]
  5: f0->f11: 1 [O(1)]
  0: f11->f11: 8 [O(1)]
  1: f11->f11: 8 [O(1)]
  4: f11->f21: 1 [O(1)]
  2: f21->f21: inf [Infinity]

Sizebounds:
`Lower:
  5: f0->f11, A: 8 [O(1)]
  5: f0->f11, B: 1 [O(1)]
  5: f0->f11, C: 0 [O(1)]
  5: f0->f11, D: D [O(n)]
  5: f0->f11, E: 8 [O(1)]
  0: f11->f11, A: 0 [O(1)]
  0: f11->f11, B: -6+-8*7 [O(1)]
  0: f11->f11, C: 1 [O(1)]
  0: f11->f11, E: 8 [O(1)]
  1: f11->f11, A: 0 [O(1)]
  1: f11->f11, B: -6 [O(1)]
  1: f11->f11, C: 0 [O(1)]
  1: f11->f11, E: 8 [O(1)]
  4: f11->f21, A: 0 [O(1)]
  4: f11->f21, B: -7 [O(1)]
  4: f11->f21, C: 0 [O(1)]
  4: f11->f21, E: 8 [O(1)]
  2: f21->f21, C: 0 [O(1)]
  2: f21->f21, E: 8 [O(1)]
`Upper:
  5: f0->f11, A: 8 [O(1)]
  5: f0->f11, B: F [O(n)]
  5: f0->f11, C: 0 [O(1)]
  5: f0->f11, D: D [O(n)]
  5: f0->f11, E: 8 [O(1)]
  0: f11->f11, A: 7 [O(1)]
  0: f11->f11, B: max{7, F} [O(n)]
  0: f11->f11, C: 8 [O(1)]
  0: f11->f11, E: 8 [O(1)]
  1: f11->f11, A: 7 [O(1)]
  1: f11->f11, B: 7 [O(1)]
  1: f11->f11, C: 7 [O(1)]
  1: f11->f11, D: 0 [O(1)]
  1: f11->f11, E: 8 [O(1)]
  4: f11->f21, A: 0 [O(1)]
  4: f11->f21, B: max{7, F} [O(n)]
  4: f11->f21, C: 8 [O(1)]
  4: f11->f21, E: 8 [O(1)]
  2: f21->f21, A: 0 [O(1)]
  2: f21->f21, B: max{7, F} [O(n)]
  2: f21->f21, E: 8 [O(1)]
