Timebounds: 
  Overall timebound: inf [Infinity]
  6: f0->f10: 1 [O(1)]
  5: f10->f25: 1 [O(1)]

Costbounds:
  Overall costbound: inf [Infinity]
  6: f0->f10: 1 [O(1)]
  0: f10->f16: inf [Infinity]
  5: f10->f25: 1 [O(1)]
  1: f16->f16: inf [Infinity]
  4: f16->f10: 0 [O(1)]
  2: f25->f25: inf [Infinity]

Sizebounds:
`Lower:
  6: f0->f10, A: G [O(n)]
  6: f0->f10, B: 0 [O(1)]
  6: f0->f10, C: C [O(n)]
  6: f0->f10, D: D [O(n)]
  6: f0->f10, E: 0 [O(1)]
  6: f0->f10, F: G [O(n)]
  0: f10->f16, B: 0 [O(1)]
  0: f10->f16, E: 0 [O(1)]
  5: f10->f25, A: 1 [O(1)]
  5: f10->f25, B: 0 [O(1)]
  5: f10->f25, E: 0 [O(1)]
  5: f10->f25, F: 1 [O(1)]
  1: f16->f16, B: 0 [O(1)]
  1: f16->f16, E: 0 [O(1)]
  4: f16->f10, B: 0 [O(1)]
  4: f16->f10, E: 0 [O(1)]
  2: f25->f25, A: 0 [O(1)]
  2: f25->f25, B: 0 [O(1)]
  2: f25->f25, E: 0 [O(1)]
  2: f25->f25, F: 1 [O(1)]
`Upper:
  6: f0->f10, A: G [O(n)]
  6: f0->f10, B: 0 [O(1)]
  6: f0->f10, C: C [O(n)]
  6: f0->f10, D: D [O(n)]
  6: f0->f10, E: 0 [O(1)]
  6: f0->f10, F: G [O(n)]
  0: f10->f16, A: 0 [O(1)]
  0: f10->f16, B: 0 [O(1)]
  0: f10->f16, E: 0 [O(1)]
  0: f10->f16, F: 0 [O(1)]
  5: f10->f25, B: 0 [O(1)]
  5: f10->f25, C: max{0, C} [O(n)]
  5: f10->f25, D: max{0, D} [O(n)]
  5: f10->f25, E: 0 [O(1)]
  1: f16->f16, A: 0 [O(1)]
  1: f16->f16, B: 0 [O(1)]
  1: f16->f16, E: 0 [O(1)]
  1: f16->f16, F: 0 [O(1)]
  4: f16->f10, B: 0 [O(1)]
  4: f16->f10, C: 0 [O(1)]
  4: f16->f10, D: 0 [O(1)]
  4: f16->f10, E: 0 [O(1)]
  2: f25->f25, B: 0 [O(1)]
  2: f25->f25, C: max{0, C} [O(n)]
  2: f25->f25, D: max{0, D} [O(n)]
  2: f25->f25, E: 0 [O(1)]
