Timebounds: 
  Overall timebound: inf [Infinity]
  3: f2->f4: 1 [O(1)]
  4: f2->f0: max{0, I} [O(n)]
  5: f3->f2: 1 [O(1)]

Costbounds:
  Overall costbound: inf [Infinity]
  0: f0->f2: inf [Infinity]
  1: f0->f0: H [O(n)]
  3: f2->f4: 1 [O(1)]
  4: f2->f0: max{0, I} [O(n)]
  5: f3->f2: 1 [O(1)]

Sizebounds:
`Lower:
  0: f0->f2, E: -max{0, -E} [O(n)]
  0: f0->f2, F: -max{0, -F} [O(n)]
  0: f0->f2, G: -max{0, -G} [O(n)]
  1: f0->f0, E: -max{0, -E} [O(n)]
  1: f0->f0, F: -max{0, -F} [O(n)]
  1: f0->f0, G: -max{0, -G} [O(n)]
  3: f2->f4, E: -max{0, -E} [O(n)]
  3: f2->f4, F: -max{0, -F} [O(n)]
  4: f2->f0, E: -max{0, -E} [O(n)]
  4: f2->f0, F: -max{0, -F} [O(n)]
  4: f2->f0, G: -max{0, -G} [O(n)]
  5: f3->f2, A: H [O(n)]
  5: f3->f2, B: B [O(n)]
  5: f3->f2, C: I [O(n)]
  5: f3->f2, D: D [O(n)]
  5: f3->f2, E: E [O(n)]
  5: f3->f2, F: F [O(n)]
  5: f3->f2, G: G [O(n)]
`Upper:
  0: f0->f2, A: 0 [O(1)]
  0: f0->f2, B: max{0, B, I} [O(n)]
  0: f0->f2, C: max{0, I} [O(n)]
  0: f0->f2, E: max{0, E} [O(n)]
  0: f0->f2, F: max{0, F} [O(n)]
  0: f0->f2, G: max{0, G} [O(n)]
  1: f0->f0, B: max{0, I} [O(n)]
  1: f0->f0, C: max{0, I} [O(n)]
  1: f0->f0, E: max{0, E} [O(n)]
  1: f0->f0, F: max{0, F} [O(n)]
  1: f0->f0, G: max{0, G} [O(n)]
  3: f2->f4, A: max{0, H} [O(n)]
  3: f2->f4, B: max{0, B, max{B, I}} [O(n)]
  3: f2->f4, C: 0 [O(1)]
  3: f2->f4, E: max{0, E} [O(n)]
  3: f2->f4, F: max{0, F} [O(n)]
  4: f2->f0, B: max{0, B, I} [O(n)]
  4: f2->f0, C: max{0, I} [O(n)]
  4: f2->f0, E: max{0, E} [O(n)]
  4: f2->f0, F: max{0, F} [O(n)]
  4: f2->f0, G: max{0, G} [O(n)]
  5: f3->f2, A: H [O(n)]
  5: f3->f2, B: B [O(n)]
  5: f3->f2, C: I [O(n)]
  5: f3->f2, D: D [O(n)]
  5: f3->f2, E: E [O(n)]
  5: f3->f2, F: F [O(n)]
  5: f3->f2, G: G [O(n)]
