Timebounds: 
  Overall timebound: 1+max{0, -1024+G}+max{0, 4999+G} [O(n)]
  0: f0->f0: max{0, 4999+G} [O(n)]
  2: f0->f0: max{0, -1024+G} [O(n)]
  3: f3->f0: 1 [O(1)]

Costbounds:
  Overall costbound: 1+max{0, -1024+G}+max{0, 4999+G} [O(n)]
  0: f0->f0: max{0, 4999+G} [O(n)]
  2: f0->f0: max{0, -1024+G} [O(n)]
  3: f3->f0: 1 [O(1)]

Sizebounds:
`Lower:
  0: f0->f0, A: 0 [O(1)]
  0: f0->f0, B: -max{0, -1, 4999+G} [O(n)]
  0: f0->f0, C: -max{0, 4999+G} [O(n)]
  0: f0->f0, D: 1 [O(1)]
  0: f0->f0, E: -max{0, -E} [O(n)]
  0: f0->f0, F: -max{0, -F} [O(n)]
  2: f0->f0, A: 1024 [O(1)]
  2: f0->f0, B: -max{-1, 0, max{-B, 4999+G}} [O(n)]
  2: f0->f0, C: -max{0, 4999+G} [O(n)]
  2: f0->f0, D: -max{0, -1, -D} [O(n)]
  2: f0->f0, E: -max{0, -E} [O(n)]
  2: f0->f0, F: -max{0, -F} [O(n)]
  3: f3->f0, A: 1024 [O(1)]
  3: f3->f0, B: B [O(n)]
  3: f3->f0, C: 1 [O(1)]
  3: f3->f0, D: D [O(n)]
  3: f3->f0, E: E [O(n)]
  3: f3->f0, F: F [O(n)]
`Upper:
  0: f0->f0, A: max{0, 5*(999+G), max{5*max{999, 999+G}, 5*max{999, 999+G}, 5*(999+G)}} [O(n)]
  0: f0->f0, B: max{0, G} [O(n)]
  0: f0->f0, C: max{0, G} [O(n)]
  0: f0->f0, D: max{0, 5*(999+G), max{5*max{999, 999+G}, 5*max{999, 999+G}, max{5*(999+G), 5*max{999, 999+G}, max{5*(999+G), 5*max{999, 999+G}}}}} [O(n)]
  0: f0->f0, E: max{0, E} [O(n)]
  0: f0->f0, F: max{0, F} [O(n)]
  2: f0->f0, A: max{5*max{999, 999+G}, 5*(999+G), 5*max{999, 999+G}} [O(n)]
  2: f0->f0, B: max{0, B, G} [O(n)]
  2: f0->f0, C: max{0, G} [O(n)]
  2: f0->f0, D: max{0, D, max{5*(999+G), 5*max{999, 999+G}, max{5*max{999, 999+G}, 5*(999+G), max{5*max{999, 999+G}, 5*(999+G), 5*max{999, 999+G}}}}} [O(n)]
  2: f0->f0, E: max{0, E} [O(n)]
  2: f0->f0, F: max{0, F} [O(n)]
  3: f3->f0, A: 5*(999+G) [O(n)]
  3: f3->f0, B: B [O(n)]
  3: f3->f0, C: G [O(n)]
  3: f3->f0, D: D [O(n)]
  3: f3->f0, E: E [O(n)]
  3: f3->f0, F: F [O(n)]
