Timebounds: 
  Overall timebound: 1+2*max{0, E}+max{0, E}+max{0, 2*E}+max{0, E}+max{1, 1+E}+max{0, E*E}+max{0, E} [O(n^2)]
  0: f0->f6: 1 [O(1)]
  2: f10->f14: max{0, E} [O(n)]
  7: f10->f6: max{0, 2*E} [O(n)]
  3: f14->f14: max{0, E*E}+max{0, E} [O(n^2)]
  4: f14->f14: max{0, E} [O(n)]
  5: f14->f14: max{0, E} [O(n)]
  6: f14->f10: max{0, E} [O(n)]
  1: f6->f10: max{0, E} [O(n)]
  8: f6->f25: 1 [O(1)]

Costbounds:
  Overall costbound: 1+2*max{0, E}+max{0, E}+max{0, 2*E}+max{0, E}+max{1, 1+E}+max{0, E*E}+max{0, E} [O(n^2)]
  0: f0->f6: 1 [O(1)]
  2: f10->f14: max{0, E} [O(n)]
  7: f10->f6: max{0, 2*E} [O(n)]
  3: f14->f14: max{0, E*E}+max{0, E} [O(n^2)]
  4: f14->f14: max{0, E} [O(n)]
  5: f14->f14: max{0, E} [O(n)]
  6: f14->f10: max{0, E} [O(n)]
  1: f6->f10: max{0, E} [O(n)]
  8: f6->f25: 1 [O(1)]

Sizebounds:
`Lower:
  0: f0->f6, A: E [O(n)]
  0: f0->f6, B: 0 [O(1)]
  0: f0->f6, C: C [O(n)]
  0: f0->f6, D: D [O(n)]
  2: f10->f14, A: 0 [O(1)]
  2: f10->f14, B: 0 [O(1)]
  2: f10->f14, C: -1 [O(1)]
  7: f10->f6, A: 0 [O(1)]
  7: f10->f6, B: 0 [O(1)]
  7: f10->f6, C: -max{1, -C} [O(n)]
  3: f14->f14, A: 2 [O(1)]
  3: f14->f14, B: 0 [O(1)]
  3: f14->f14, C: 0 [O(1)]
  3: f14->f14, D: 0 [O(1)]
  4: f14->f14, A: 1 [O(1)]
  4: f14->f14, B: 1 [O(1)]
  4: f14->f14, C: 0 [O(1)]
  5: f14->f14, A: 1 [O(1)]
  5: f14->f14, B: 1 [O(1)]
  5: f14->f14, C: 0 [O(1)]
  5: f14->f14, D: 1 [O(1)]
  6: f14->f10, A: 0 [O(1)]
  6: f14->f10, B: 0 [O(1)]
  6: f14->f10, C: -1 [O(1)]
  1: f6->f10, A: 0 [O(1)]
  1: f6->f10, B: 0 [O(1)]
  1: f6->f10, C: -max{1, -C} [O(n)]
  8: f6->f25, A: -max{0, -E} [O(n)]
  8: f6->f25, B: 0 [O(1)]
  8: f6->f25, C: -max{1, -C} [O(n)]
`Upper:
  0: f0->f6, A: E [O(n)]
  0: f0->f6, B: 0 [O(1)]
  0: f0->f6, C: C [O(n)]
  0: f0->f6, D: D [O(n)]
  2: f10->f14, A: E [O(n)]
  2: f10->f14, B: 1+2*max{0, E} [O(n)]
  2: f10->f14, C: -1+E [O(n)]
  7: f10->f6, A: E [O(n)]
  7: f10->f6, B: 0 [O(1)]
  7: f10->f6, C: max{0, C} [O(n)]
  3: f14->f14, A: E [O(n)]
  3: f14->f14, B: 1+2*max{0, E} [O(n)]
  3: f14->f14, C: -1+E [O(n)]
  3: f14->f14, D: 0 [O(1)]
  4: f14->f14, A: E [O(n)]
  4: f14->f14, B: 1+2*max{0, E} [O(n)]
  4: f14->f14, C: -1+E [O(n)]
  4: f14->f14, D: -1 [O(1)]
  5: f14->f14, A: E [O(n)]
  5: f14->f14, B: 1+2*max{0, E} [O(n)]
  5: f14->f14, C: -1+E [O(n)]
  6: f14->f10, A: E [O(n)]
  6: f14->f10, B: 1+2*max{0, E} [O(n)]
  6: f14->f10, C: 0 [O(1)]
  1: f6->f10, A: E [O(n)]
  1: f6->f10, B: 1 [O(1)]
  1: f6->f10, C: max{0, C} [O(n)]
  8: f6->f25, A: 0 [O(1)]
  8: f6->f25, B: 0 [O(1)]
  8: f6->f25, C: max{0, C} [O(n)]
