Timebounds: 
  Overall timebound: inf [Infinity]
  0: f0->f7: 1 [O(1)]
  2: f10->f13: 4000000 [O(1)]
  9: f10->f7: 1600000 [O(1)]
  3: f13->f16: inf [Infinity]
  8: f13->f10: inf [Infinity]
  4: f16->f16: inf [Infinity]
  5: f16->f16: inf [Infinity]
  6: f16->f31: 1 [O(1)]
  7: f16->f13: inf [Infinity]
  1: f7->f10: 2000 [O(1)]
  10: f7->f31: 1 [O(1)]

Costbounds:
  Overall costbound: inf [Infinity]
  0: f0->f7: 1 [O(1)]
  2: f10->f13: 4000000 [O(1)]
  9: f10->f7: 1600000 [O(1)]
  3: f13->f16: inf [Infinity]
  8: f13->f10: inf [Infinity]
  4: f16->f16: inf [Infinity]
  5: f16->f16: inf [Infinity]
  6: f16->f31: 1 [O(1)]
  7: f16->f13: inf [Infinity]
  1: f7->f10: 2000 [O(1)]
  10: f7->f31: 1 [O(1)]

Sizebounds:
`Lower:
  0: f0->f7, A: 400 [O(1)]
  0: f0->f7, B: 0 [O(1)]
  0: f0->f7, C: C [O(n)]
  0: f0->f7, D: D [O(n)]
  0: f0->f7, E: E [O(n)]
  2: f10->f13, A: 400 [O(1)]
  2: f10->f13, B: 0 [O(1)]
  2: f10->f13, C: 0 [O(1)]
  2: f10->f13, D: 0 [O(1)]
  2: f10->f13, E: -max{-5, -E} [O(n)]
  9: f10->f7, A: 400 [O(1)]
  9: f10->f7, B: 1 [O(1)]
  9: f10->f7, C: 5 [O(1)]
  9: f10->f7, D: -max{-5, -D} [O(n)]
  9: f10->f7, E: -max{-5, -E} [O(n)]
  3: f13->f16, A: 400 [O(1)]
  3: f13->f16, B: 0 [O(1)]
  3: f13->f16, C: 0 [O(1)]
  3: f13->f16, D: 0 [O(1)]
  3: f13->f16, E: 0 [O(1)]
  8: f13->f10, A: 400 [O(1)]
  8: f13->f10, B: 0 [O(1)]
  8: f13->f10, C: 1 [O(1)]
  8: f13->f10, D: 5 [O(1)]
  8: f13->f10, E: -max{-5, -E} [O(n)]
  4: f16->f16, A: 400 [O(1)]
  4: f16->f16, B: 0 [O(1)]
  4: f16->f16, C: 0 [O(1)]
  4: f16->f16, D: 0 [O(1)]
  4: f16->f16, E: 1 [O(1)]
  5: f16->f16, A: 400 [O(1)]
  5: f16->f16, B: 0 [O(1)]
  5: f16->f16, C: 0 [O(1)]
  5: f16->f16, D: 0 [O(1)]
  5: f16->f16, E: 1 [O(1)]
  6: f16->f31, A: 400 [O(1)]
  6: f16->f31, B: 0 [O(1)]
  6: f16->f31, C: 0 [O(1)]
  6: f16->f31, D: 0 [O(1)]
  6: f16->f31, E: 0 [O(1)]
  7: f16->f13, A: 400 [O(1)]
  7: f16->f13, B: 0 [O(1)]
  7: f16->f13, C: 0 [O(1)]
  7: f16->f13, D: 1 [O(1)]
  7: f16->f13, E: 5 [O(1)]
  1: f7->f10, A: 400 [O(1)]
  1: f7->f10, B: 0 [O(1)]
  1: f7->f10, C: 0 [O(1)]
  1: f7->f10, D: -max{-5, -D} [O(n)]
  1: f7->f10, E: -max{-5, -E} [O(n)]
  10: f7->f31, A: 400 [O(1)]
  10: f7->f31, B: 5 [O(1)]
  10: f7->f31, C: -max{-5, -C} [O(n)]
  10: f7->f31, D: -max{-5, -D} [O(n)]
  10: f7->f31, E: -max{-5, -E} [O(n)]
`Upper:
  0: f0->f7, A: 400 [O(1)]
  0: f0->f7, B: 0 [O(1)]
  0: f0->f7, C: C [O(n)]
  0: f0->f7, D: D [O(n)]
  0: f0->f7, E: E [O(n)]
  2: f10->f13, A: 400 [O(1)]
  2: f10->f13, B: 4 [O(1)]
  2: f10->f13, C: 4 [O(1)]
  2: f10->f13, D: 0 [O(1)]
  2: f10->f13, E: max{5, E} [O(n)]
  9: f10->f7, A: 400 [O(1)]
  9: f10->f7, B: 5 [O(1)]
  9: f10->f7, C: 5 [O(1)]
  9: f10->f7, D: max{5, D} [O(n)]
  9: f10->f7, E: max{5, E} [O(n)]
  3: f13->f16, A: 400 [O(1)]
  3: f13->f16, B: 4 [O(1)]
  3: f13->f16, C: 4 [O(1)]
  3: f13->f16, D: 4 [O(1)]
  3: f13->f16, E: 0 [O(1)]
  8: f13->f10, A: 400 [O(1)]
  8: f13->f10, B: 4 [O(1)]
  8: f13->f10, C: 5 [O(1)]
  8: f13->f10, D: 5 [O(1)]
  8: f13->f10, E: max{5, E} [O(n)]
  4: f16->f16, A: 400 [O(1)]
  4: f16->f16, B: 4 [O(1)]
  4: f16->f16, C: 4 [O(1)]
  4: f16->f16, D: 4 [O(1)]
  4: f16->f16, E: 5 [O(1)]
  5: f16->f16, A: 400 [O(1)]
  5: f16->f16, B: 4 [O(1)]
  5: f16->f16, C: 4 [O(1)]
  5: f16->f16, D: 4 [O(1)]
  5: f16->f16, E: 5 [O(1)]
  6: f16->f31, A: 400 [O(1)]
  6: f16->f31, B: 4 [O(1)]
  6: f16->f31, C: 4 [O(1)]
  6: f16->f31, D: 4 [O(1)]
  6: f16->f31, E: 4 [O(1)]
  7: f16->f13, A: 400 [O(1)]
  7: f16->f13, B: 4 [O(1)]
  7: f16->f13, C: 4 [O(1)]
  7: f16->f13, D: 5 [O(1)]
  7: f16->f13, E: 5 [O(1)]
  1: f7->f10, A: 400 [O(1)]
  1: f7->f10, B: 4 [O(1)]
  1: f7->f10, C: 0 [O(1)]
  1: f7->f10, D: max{5, D} [O(n)]
  1: f7->f10, E: max{5, E} [O(n)]
  10: f7->f31, A: 400 [O(1)]
  10: f7->f31, B: 5 [O(1)]
  10: f7->f31, C: max{5, C} [O(n)]
  10: f7->f31, D: max{5, D} [O(n)]
  10: f7->f31, E: max{5, E} [O(n)]
