Timebounds: 
  Overall timebound: inf [Infinity]
  1: f1->f300: 1 [O(1)]
  2: f2->f1: 1 [O(1)]

Costbounds:
  Overall costbound: inf [Infinity]
  0: f1->f1: inf [Infinity]
  1: f1->f300: 1 [O(1)]
  2: f2->f1: 1 [O(1)]

Sizebounds:
`Lower:
  0: f1->f1, A: -max{0, -A} [O(n)]
  0: f1->f1, B: -max{0, -B} [O(n)]
  0: f1->f1, F: -max{0, -F} [O(n)]
  0: f1->f1, G: -max{0, -I} [O(n)]
  0: f1->f1, H: -max{0, -J} [O(n)]
  1: f1->f300, A: -max{0, -A} [O(n)]
  1: f1->f300, B: -max{0, -B} [O(n)]
  1: f1->f300, G: -max{0, -I} [O(n)]
  1: f1->f300, H: -max{0, -J} [O(n)]
  2: f2->f1, A: A [O(n)]
  2: f2->f1, B: B [O(n)]
  2: f2->f1, C: C [O(n)]
  2: f2->f1, D: D [O(n)]
  2: f2->f1, E: E [O(n)]
  2: f2->f1, F: F [O(n)]
  2: f2->f1, G: I [O(n)]
  2: f2->f1, H: J [O(n)]
`Upper:
  0: f1->f1, A: max{0, A} [O(n)]
  0: f1->f1, B: max{0, B} [O(n)]
  0: f1->f1, F: max{0, F} [O(n)]
  0: f1->f1, G: max{0, I} [O(n)]
  0: f1->f1, H: max{0, J} [O(n)]
  1: f1->f300, A: max{0, A} [O(n)]
  1: f1->f300, B: max{0, A} [O(n)]
  1: f1->f300, G: max{0, I} [O(n)]
  1: f1->f300, H: max{0, J} [O(n)]
  2: f2->f1, A: A [O(n)]
  2: f2->f1, B: B [O(n)]
  2: f2->f1, C: C [O(n)]
  2: f2->f1, D: D [O(n)]
  2: f2->f1, E: E [O(n)]
  2: f2->f1, F: F [O(n)]
  2: f2->f1, G: I [O(n)]
  2: f2->f1, H: J [O(n)]
