Timebounds: 
  Overall timebound: inf [Infinity]
  2: f1->f2: 1 [O(1)]
  0: f2->f2: inf [Infinity]
  1: f2->f300: 1 [O(1)]

Costbounds:
  Overall costbound: inf [Infinity]
  2: f1->f2: 1 [O(1)]
  0: f2->f2: inf [Infinity]
  1: f2->f300: 1 [O(1)]

Sizebounds:
`Lower:
  2: f1->f2, A: A [O(n)]
  2: f1->f2, B: B [O(n)]
  2: f1->f2, C: C [O(n)]
  2: f1->f2, D: D [O(n)]
  2: f1->f2, E: E [O(n)]
  2: f1->f2, F: F [O(n)]
  2: f1->f2, G: K [O(n)]
  2: f1->f2, H: L [O(n)]
  2: f1->f2, I: L [O(n)]
  2: f1->f2, J: K [O(n)]
  0: f2->f2, A: A [O(n)]
  0: f2->f2, B: B [O(n)]
  0: f2->f2, F: F [O(n)]
  0: f2->f2, G: K [O(n)]
  0: f2->f2, H: L [O(n)]
  0: f2->f2, I: L [O(n)]
  0: f2->f2, J: K [O(n)]
  1: f2->f300, A: A [O(n)]
  1: f2->f300, B: B [O(n)]
  1: f2->f300, G: K [O(n)]
  1: f2->f300, H: L [O(n)]
  1: f2->f300, I: L [O(n)]
  1: f2->f300, J: K [O(n)]
`Upper:
  2: f1->f2, A: A [O(n)]
  2: f1->f2, B: B [O(n)]
  2: f1->f2, C: C [O(n)]
  2: f1->f2, D: D [O(n)]
  2: f1->f2, E: E [O(n)]
  2: f1->f2, F: F [O(n)]
  2: f1->f2, G: K [O(n)]
  2: f1->f2, H: L [O(n)]
  2: f1->f2, I: L [O(n)]
  2: f1->f2, J: K [O(n)]
  0: f2->f2, A: A [O(n)]
  0: f2->f2, B: B [O(n)]
  0: f2->f2, F: F [O(n)]
  0: f2->f2, G: K [O(n)]
  0: f2->f2, H: L [O(n)]
  0: f2->f2, I: L [O(n)]
  0: f2->f2, J: K [O(n)]
  1: f2->f300, A: A [O(n)]
  1: f2->f300, B: B [O(n)]
  1: f2->f300, G: K [O(n)]
  1: f2->f300, H: L [O(n)]
  1: f2->f300, I: L [O(n)]
  1: f2->f300, J: K [O(n)]
