Timebounds: 
  Overall timebound: max{2, 1+2+A} [O(n)]
  1: f1->f1: max{0, 1+A} [O(n)]
  2: f1->f300: 1 [O(1)]
  0: f3->f1: 1 [O(1)]

Costbounds:
  Overall costbound: max{2, 1+2+A} [O(n)]
  1: f1->f1: max{0, 1+A} [O(n)]
  2: f1->f300: 1 [O(1)]
  0: f3->f1: 1 [O(1)]

Sizebounds:
`Lower:
  1: f1->f1, A: -max{0, -A}-max{0, 1+A} [O(n)]
  1: f1->f1, B: -max{0, -B} [O(n)]
  0: f3->f1, A: A [O(n)]
  0: f3->f1, B: B [O(n)]
`Upper:
  1: f1->f1, A: max{0, A} [O(n)]
  1: f1->f1, B: max{0, B} [O(n)]
  2: f1->f300, A: -1 [O(1)]
  0: f3->f1, A: A [O(n)]
  0: f3->f1, B: B [O(n)]
