Timebounds: 
  Overall timebound: max{2, 2+A} [O(n)]
  0: f2->f1: 1 [O(1)]
  1: f2->f2: max{0, A} [O(n)]
  2: f300->f2: 1 [O(1)]

Costbounds:
  Overall costbound: max{2, 2+A} [O(n)]
  0: f2->f1: 1 [O(1)]
  1: f2->f2: max{0, A} [O(n)]
  2: f300->f2: 1 [O(1)]

Sizebounds:
`Lower:
  0: f2->f1, A: -max{1, 1-A} [O(n)]
  1: f2->f2, A: 0 [O(1)]
  1: f2->f2, B: B [O(n)]
  2: f300->f2, A: A [O(n)]
  2: f300->f2, B: B [O(n)]
`Upper:
  0: f2->f1, A: -1 [O(1)]
  1: f2->f2, A: A [O(n)]
  1: f2->f2, B: B [O(n)]
  2: f300->f2, A: A [O(n)]
  2: f300->f2, B: B [O(n)]
