Timebounds: 
  Overall timebound: max{2, 1+1+A} [O(n)]
  1: f2->f2: max{0, A} [O(n)]
  2: f2->f300: 1 [O(1)]
  0: f3->f2: 1 [O(1)]

Costbounds:
  Overall costbound: max{2, 1+1+A} [O(n)]
  1: f2->f2: max{0, A} [O(n)]
  2: f2->f300: 1 [O(1)]
  0: f3->f2: 1 [O(1)]

Sizebounds:
`Lower:
  1: f2->f2, A: A [O(n)]
  1: f2->f2, B: B [O(n)]
  1: f2->f2, C: -inf [Infinity]
  2: f2->f300, A: -1+A [O(n)]
  2: f2->f300, B: -inf [Infinity]
  2: f2->f300, C: -inf [Infinity]
  0: f3->f2, A: A [O(n)]
  0: f3->f2, B: B [O(n)]
  0: f3->f2, C: -inf [Infinity]
`Upper:
  1: f2->f2, A: A [O(n)]
  1: f2->f2, B: B [O(n)]
  1: f2->f2, C: inf [Infinity]
  2: f2->f300, A: -1 [O(1)]
  2: f2->f300, B: inf [Infinity]
  2: f2->f300, C: inf [Infinity]
  0: f3->f2, A: A [O(n)]
  0: f3->f2, B: B [O(n)]
  0: f3->f2, C: inf [Infinity]
