Timebounds: 
  Overall timebound: inf [Infinity]
  2: f1->f2: 1 [O(1)]
  0: f2->f2: inf [Infinity]
  1: f2->f300: 1 [O(1)]

Costbounds:
  Overall costbound: inf [Infinity]
  2: f1->f2: 1 [O(1)]
  0: f2->f2: inf [Infinity]
  1: f2->f300: 1 [O(1)]

Sizebounds:
`Lower:
  2: f1->f2, A: A [O(n)]
  2: f1->f2, B: B [O(n)]
  2: f1->f2, C: C [O(n)]
  2: f1->f2, D: D [O(n)]
  2: f1->f2, E: E [O(n)]
  2: f1->f2, F: I [O(n)]
  2: f1->f2, G: J [O(n)]
  2: f1->f2, H: I [O(n)]
  2: f1->f2, I: -inf [Infinity]
  2: f1->f2, J: -inf [Infinity]
  2: f1->f2, K: -inf [Infinity]
  0: f2->f2, A: A [O(n)]
  0: f2->f2, B: -inf [Infinity]
  0: f2->f2, C: -inf [Infinity]
  0: f2->f2, D: -inf [Infinity]
  0: f2->f2, E: E [O(n)]
  0: f2->f2, F: I [O(n)]
  0: f2->f2, G: J [O(n)]
  0: f2->f2, H: I [O(n)]
  0: f2->f2, I: -inf [Infinity]
  0: f2->f2, J: -inf [Infinity]
  0: f2->f2, K: -inf [Infinity]
  1: f2->f300, A: -inf [Infinity]
  1: f2->f300, B: -inf [Infinity]
  1: f2->f300, C: -inf [Infinity]
  1: f2->f300, D: -inf [Infinity]
  1: f2->f300, E: -inf [Infinity]
  1: f2->f300, F: I [O(n)]
  1: f2->f300, G: J [O(n)]
  1: f2->f300, H: I [O(n)]
  1: f2->f300, I: -inf [Infinity]
  1: f2->f300, J: -inf [Infinity]
  1: f2->f300, K: -inf [Infinity]
`Upper:
  2: f1->f2, A: A [O(n)]
  2: f1->f2, B: B [O(n)]
  2: f1->f2, C: C [O(n)]
  2: f1->f2, D: D [O(n)]
  2: f1->f2, E: E [O(n)]
  2: f1->f2, F: I [O(n)]
  2: f1->f2, G: J [O(n)]
  2: f1->f2, H: I [O(n)]
  2: f1->f2, I: inf [Infinity]
  2: f1->f2, J: inf [Infinity]
  2: f1->f2, K: inf [Infinity]
  0: f2->f2, A: A [O(n)]
  0: f2->f2, B: inf [Infinity]
  0: f2->f2, C: inf [Infinity]
  0: f2->f2, D: inf [Infinity]
  0: f2->f2, E: E [O(n)]
  0: f2->f2, F: I [O(n)]
  0: f2->f2, G: J [O(n)]
  0: f2->f2, H: I [O(n)]
  0: f2->f2, I: inf [Infinity]
  0: f2->f2, J: inf [Infinity]
  0: f2->f2, K: inf [Infinity]
  1: f2->f300, A: 0 [O(1)]
  1: f2->f300, B: inf [Infinity]
  1: f2->f300, C: inf [Infinity]
  1: f2->f300, D: inf [Infinity]
  1: f2->f300, E: inf [Infinity]
  1: f2->f300, F: I [O(n)]
  1: f2->f300, G: J [O(n)]
  1: f2->f300, H: I [O(n)]
  1: f2->f300, I: inf [Infinity]
  1: f2->f300, J: inf [Infinity]
  1: f2->f300, K: inf [Infinity]
