Timebounds: 
  Overall timebound: max{2, 2+B-A} [O(n)]
  2: f2->f300: 1 [O(1)]
  0: f300->f300: max{0, B-A} [O(n)]
  1: f300->f1: 1 [O(1)]

Costbounds:
  Overall costbound: max{2, 2+B-A} [O(n)]
  2: f2->f300: 1 [O(1)]
  0: f300->f300: max{0, B-A} [O(n)]
  1: f300->f1: 1 [O(1)]

Sizebounds:
`Lower:
  2: f2->f300, A: A [O(n)]
  2: f2->f300, B: B [O(n)]
  2: f2->f300, C: C [O(n)]
  0: f300->f300, A: -max{0, -A} [O(n)]
  0: f300->f300, B: -max{0, -B} [O(n)]
  0: f300->f300, C: -max{0, -C} [O(n)]
  1: f300->f1, A: -max{0, -A} [O(n)]
  1: f300->f1, B: -max{0, -B} [O(n)]
`Upper:
  2: f2->f300, A: A [O(n)]
  2: f2->f300, B: B [O(n)]
  2: f2->f300, C: C [O(n)]
  0: f300->f300, A: max{0, A}+max{0, B-A} [O(n)]
  0: f300->f300, B: max{0, B} [O(n)]
  0: f300->f300, C: max{0, C} [O(n)]
  1: f300->f1, A: max{A, max{0, A}+max{0, B-A}} [O(n)]
  1: f300->f1, B: max{A, max{0, A}+max{0, B-A}} [O(n)]
