Timebounds: 
  Overall timebound: inf [Infinity]
  0: f2->f300: 1 [O(1)]
  1: f300->f300: inf [Infinity]
  2: f300->f1: 1 [O(1)]

Costbounds:
  Overall costbound: inf [Infinity]
  0: f2->f300: 1 [O(1)]
  1: f300->f300: inf [Infinity]
  2: f300->f1: 1 [O(1)]

Sizebounds:
`Lower:
  0: f2->f300, A: K [O(n)]
  0: f2->f300, B: L [O(n)]
  0: f2->f300, C: M [O(n)]
  0: f2->f300, D: N [O(n)]
  0: f2->f300, E: E [O(n)]
  0: f2->f300, F: F [O(n)]
  0: f2->f300, G: G [O(n)]
  0: f2->f300, H: H [O(n)]
  0: f2->f300, I: I [O(n)]
  0: f2->f300, J: J [O(n)]
  0: f2->f300, K: -inf [Infinity]
  0: f2->f300, L: -inf [Infinity]
  0: f2->f300, M: -inf [Infinity]
  0: f2->f300, N: -inf [Infinity]
  1: f300->f300, A: K [O(n)]
  1: f300->f300, B: L [O(n)]
  1: f300->f300, C: M [O(n)]
  1: f300->f300, D: N [O(n)]
  1: f300->f300, E: E [O(n)]
  1: f300->f300, F: F [O(n)]
  1: f300->f300, G: -inf [Infinity]
  1: f300->f300, H: -inf [Infinity]
  1: f300->f300, I: -inf [Infinity]
  1: f300->f300, J: J [O(n)]
  1: f300->f300, K: -inf [Infinity]
  1: f300->f300, L: -inf [Infinity]
  1: f300->f300, M: -inf [Infinity]
  1: f300->f300, N: -inf [Infinity]
  2: f300->f1, A: K [O(n)]
  2: f300->f1, B: L [O(n)]
  2: f300->f1, C: M [O(n)]
  2: f300->f1, D: N [O(n)]
  2: f300->f1, E: E [O(n)]
  2: f300->f1, F: F [O(n)]
  2: f300->f1, G: -inf [Infinity]
  2: f300->f1, H: -inf [Infinity]
  2: f300->f1, I: -inf [Infinity]
  2: f300->f1, J: -inf [Infinity]
  2: f300->f1, K: -inf [Infinity]
  2: f300->f1, L: -inf [Infinity]
  2: f300->f1, M: -inf [Infinity]
  2: f300->f1, N: -inf [Infinity]
`Upper:
  0: f2->f300, A: K [O(n)]
  0: f2->f300, B: L [O(n)]
  0: f2->f300, C: M [O(n)]
  0: f2->f300, D: N [O(n)]
  0: f2->f300, E: E [O(n)]
  0: f2->f300, F: F [O(n)]
  0: f2->f300, G: G [O(n)]
  0: f2->f300, H: H [O(n)]
  0: f2->f300, I: I [O(n)]
  0: f2->f300, J: J [O(n)]
  0: f2->f300, K: inf [Infinity]
  0: f2->f300, L: inf [Infinity]
  0: f2->f300, M: inf [Infinity]
  0: f2->f300, N: inf [Infinity]
  1: f300->f300, A: K [O(n)]
  1: f300->f300, B: L [O(n)]
  1: f300->f300, C: M [O(n)]
  1: f300->f300, D: N [O(n)]
  1: f300->f300, E: E [O(n)]
  1: f300->f300, F: F [O(n)]
  1: f300->f300, G: inf [Infinity]
  1: f300->f300, H: inf [Infinity]
  1: f300->f300, I: inf [Infinity]
  1: f300->f300, J: J [O(n)]
  1: f300->f300, K: inf [Infinity]
  1: f300->f300, L: inf [Infinity]
  1: f300->f300, M: inf [Infinity]
  1: f300->f300, N: inf [Infinity]
  2: f300->f1, A: K [O(n)]
  2: f300->f1, B: L [O(n)]
  2: f300->f1, C: M [O(n)]
  2: f300->f1, D: N [O(n)]
  2: f300->f1, E: E [O(n)]
  2: f300->f1, F: E [O(n)]
  2: f300->f1, G: inf [Infinity]
  2: f300->f1, H: inf [Infinity]
  2: f300->f1, I: inf [Infinity]
  2: f300->f1, J: inf [Infinity]
  2: f300->f1, K: inf [Infinity]
  2: f300->f1, L: inf [Infinity]
  2: f300->f1, M: inf [Infinity]
  2: f300->f1, N: inf [Infinity]
