Timebounds: 
  Overall timebound: inf [Infinity]
  0: f2->f2: inf [Infinity]
  1: f2->f1: 1 [O(1)]
  2: f300->f2: 1 [O(1)]
  3: f300->f1: 1 [O(1)]

Costbounds:
  Overall costbound: inf [Infinity]
  0: f2->f2: inf [Infinity]
  1: f2->f1: 1 [O(1)]
  2: f300->f2: 1 [O(1)]
  3: f300->f1: 1 [O(1)]

Sizebounds:
`Lower:
  0: f2->f2, A: A [O(n)]
  0: f2->f2, B: -inf [Infinity]
  0: f2->f2, C: -inf [Infinity]
  0: f2->f2, D: -inf [Infinity]
  0: f2->f2, E: O [O(n)]
  0: f2->f2, F: O [O(n)]
  0: f2->f2, G: G [O(n)]
  0: f2->f2, H: 1 [O(1)]
  0: f2->f2, I: P [O(n)]
  0: f2->f2, J: Q [O(n)]
  0: f2->f2, K: R [O(n)]
  0: f2->f2, L: -inf [Infinity]
  0: f2->f2, M: -inf [Infinity]
  0: f2->f2, N: -inf [Infinity]
  0: f2->f2, O: -inf [Infinity]
  0: f2->f2, P: -inf [Infinity]
  0: f2->f2, Q: -inf [Infinity]
  0: f2->f2, R: -inf [Infinity]
  1: f2->f1, A: -inf [Infinity]
  1: f2->f1, B: -inf [Infinity]
  1: f2->f1, C: -inf [Infinity]
  1: f2->f1, D: -inf [Infinity]
  1: f2->f1, E: O [O(n)]
  1: f2->f1, F: O [O(n)]
  1: f2->f1, G: -inf [Infinity]
  1: f2->f1, H: 1 [O(1)]
  1: f2->f1, I: P [O(n)]
  1: f2->f1, J: Q [O(n)]
  1: f2->f1, K: R [O(n)]
  1: f2->f1, L: -inf [Infinity]
  1: f2->f1, M: -inf [Infinity]
  1: f2->f1, N: -inf [Infinity]
  1: f2->f1, O: -inf [Infinity]
  1: f2->f1, P: -inf [Infinity]
  1: f2->f1, Q: -inf [Infinity]
  1: f2->f1, R: -inf [Infinity]
  2: f300->f2, A: A [O(n)]
  2: f300->f2, B: L [O(n)]
  2: f300->f2, C: M [O(n)]
  2: f300->f2, D: N [O(n)]
  2: f300->f2, E: O [O(n)]
  2: f300->f2, F: O [O(n)]
  2: f300->f2, G: G [O(n)]
  2: f300->f2, H: 1 [O(1)]
  2: f300->f2, I: P [O(n)]
  2: f300->f2, J: Q [O(n)]
  2: f300->f2, K: R [O(n)]
  2: f300->f2, L: -inf [Infinity]
  2: f300->f2, M: -inf [Infinity]
  2: f300->f2, N: -inf [Infinity]
  2: f300->f2, O: -inf [Infinity]
  2: f300->f2, P: -inf [Infinity]
  2: f300->f2, Q: -inf [Infinity]
  2: f300->f2, R: -inf [Infinity]
  3: f300->f1, A: A [O(n)]
  3: f300->f1, B: L [O(n)]
  3: f300->f1, C: M [O(n)]
  3: f300->f1, D: D [O(n)]
  3: f300->f1, E: N [O(n)]
  3: f300->f1, F: P [O(n)]
  3: f300->f1, G: O [O(n)]
  3: f300->f1, H: H [O(n)]
  3: f300->f1, I: Q [O(n)]
  3: f300->f1, J: N [O(n)]
  3: f300->f1, K: R [O(n)]
  3: f300->f1, L: -inf [Infinity]
  3: f300->f1, M: -inf [Infinity]
  3: f300->f1, N: -inf [Infinity]
  3: f300->f1, O: -inf [Infinity]
  3: f300->f1, P: -inf [Infinity]
  3: f300->f1, Q: -inf [Infinity]
  3: f300->f1, R: -inf [Infinity]
`Upper:
  0: f2->f2, A: A [O(n)]
  0: f2->f2, B: inf [Infinity]
  0: f2->f2, C: inf [Infinity]
  0: f2->f2, D: inf [Infinity]
  0: f2->f2, E: O [O(n)]
  0: f2->f2, F: O [O(n)]
  0: f2->f2, G: G [O(n)]
  0: f2->f2, H: H [O(n)]
  0: f2->f2, I: P [O(n)]
  0: f2->f2, J: Q [O(n)]
  0: f2->f2, K: R [O(n)]
  0: f2->f2, L: inf [Infinity]
  0: f2->f2, M: inf [Infinity]
  0: f2->f2, N: inf [Infinity]
  0: f2->f2, O: inf [Infinity]
  0: f2->f2, P: inf [Infinity]
  0: f2->f2, Q: inf [Infinity]
  0: f2->f2, R: inf [Infinity]
  1: f2->f1, A: 1 [O(1)]
  1: f2->f1, B: inf [Infinity]
  1: f2->f1, C: inf [Infinity]
  1: f2->f1, D: inf [Infinity]
  1: f2->f1, E: O [O(n)]
  1: f2->f1, F: O [O(n)]
  1: f2->f1, G: inf [Infinity]
  1: f2->f1, H: H [O(n)]
  1: f2->f1, I: P [O(n)]
  1: f2->f1, J: Q [O(n)]
  1: f2->f1, K: R [O(n)]
  1: f2->f1, L: inf [Infinity]
  1: f2->f1, M: inf [Infinity]
  1: f2->f1, N: inf [Infinity]
  1: f2->f1, O: inf [Infinity]
  1: f2->f1, P: inf [Infinity]
  1: f2->f1, Q: inf [Infinity]
  1: f2->f1, R: inf [Infinity]
  2: f300->f2, A: A [O(n)]
  2: f300->f2, B: L [O(n)]
  2: f300->f2, C: M [O(n)]
  2: f300->f2, D: N [O(n)]
  2: f300->f2, E: O [O(n)]
  2: f300->f2, F: O [O(n)]
  2: f300->f2, G: G [O(n)]
  2: f300->f2, H: H [O(n)]
  2: f300->f2, I: P [O(n)]
  2: f300->f2, J: Q [O(n)]
  2: f300->f2, K: R [O(n)]
  2: f300->f2, L: inf [Infinity]
  2: f300->f2, M: inf [Infinity]
  2: f300->f2, N: inf [Infinity]
  2: f300->f2, O: inf [Infinity]
  2: f300->f2, P: inf [Infinity]
  2: f300->f2, Q: inf [Infinity]
  2: f300->f2, R: inf [Infinity]
  3: f300->f1, A: A [O(n)]
  3: f300->f1, B: L [O(n)]
  3: f300->f1, C: M [O(n)]
  3: f300->f1, D: D [O(n)]
  3: f300->f1, E: N [O(n)]
  3: f300->f1, F: P [O(n)]
  3: f300->f1, G: O [O(n)]
  3: f300->f1, H: 0 [O(1)]
  3: f300->f1, I: Q [O(n)]
  3: f300->f1, J: N [O(n)]
  3: f300->f1, K: R [O(n)]
  3: f300->f1, L: inf [Infinity]
  3: f300->f1, M: inf [Infinity]
  3: f300->f1, N: inf [Infinity]
  3: f300->f1, O: inf [Infinity]
  3: f300->f1, P: inf [Infinity]
  3: f300->f1, Q: inf [Infinity]
  3: f300->f1, R: inf [Infinity]
