Timebounds: 
  Overall timebound: 2+max{0, B}+max{0, A}+max{0, B} [O(n)]
  0: f2->f2: max{0, A} [O(n)]
  1: f2->f300: max{0, B} [O(n)]
  4: f3->f300: 1 [O(1)]
  2: f300->f2: max{0, B} [O(n)]
  3: f300->f1: 1 [O(1)]

Costbounds:
  Overall costbound: 2+max{0, B}+max{0, A}+max{0, B} [O(n)]
  0: f2->f2: max{0, A} [O(n)]
  1: f2->f300: max{0, B} [O(n)]
  4: f3->f300: 1 [O(1)]
  2: f300->f2: max{0, B} [O(n)]
  3: f300->f1: 1 [O(1)]

Sizebounds:
`Lower:
  0: f2->f2, A: 30 [O(1)]
  0: f2->f2, B: 21 [O(1)]
  0: f2->f2, C: C [O(n)]
  1: f2->f300, A: -max{-30, -A} [O(n)]
  1: f2->f300, B: 20 [O(1)]
  1: f2->f300, C: C [O(n)]
  4: f3->f300, A: A [O(n)]
  4: f3->f300, B: B [O(n)]
  4: f3->f300, C: C [O(n)]
  2: f300->f2, A: -max{-30, -A} [O(n)]
  2: f300->f2, B: 21 [O(1)]
  2: f300->f2, C: C [O(n)]
  3: f300->f1, A: -max{-30, -A} [O(n)]
  3: f300->f1, B: -max{-20, -B} [O(n)]
`Upper:
  0: f2->f2, A: max{30, A} [O(n)]
  0: f2->f2, B: B [O(n)]
  0: f2->f2, C: C [O(n)]
  1: f2->f300, A: 30 [O(1)]
  1: f2->f300, B: B [O(n)]
  1: f2->f300, C: C [O(n)]
  4: f3->f300, A: A [O(n)]
  4: f3->f300, B: B [O(n)]
  4: f3->f300, C: C [O(n)]
  2: f300->f2, A: max{30, A} [O(n)]
  2: f300->f2, B: B [O(n)]
  2: f300->f2, C: C [O(n)]
  3: f300->f1, A: max{30, A} [O(n)]
  3: f300->f1, B: 20 [O(1)]
