Timebounds: 
  Overall timebound: max{3, 3+A} [O(n)]
  2: f300->f5: 1 [O(1)]
  3: f300->f1: 1 [O(1)]
  0: f5->f5: max{0, A} [O(n)]
  1: f5->f1: 1 [O(1)]

Costbounds:
  Overall costbound: max{3, 3+A} [O(n)]
  2: f300->f5: 1 [O(1)]
  3: f300->f1: 1 [O(1)]
  0: f5->f5: max{0, A} [O(n)]
  1: f5->f1: 1 [O(1)]

Sizebounds:
`Lower:
  2: f300->f5, A: 0 [O(1)]
  2: f300->f5, B: B [O(n)]
  3: f300->f1, A: A [O(n)]
  3: f300->f1, B: C [O(n)]
  0: f5->f5, A: 0 [O(1)]
  0: f5->f5, B: -max{0, -B} [O(n)]
  1: f5->f1, A: 0 [O(1)]
`Upper:
  2: f300->f5, A: -1+A [O(n)]
  2: f300->f5, B: B [O(n)]
  3: f300->f1, A: 0 [O(1)]
  3: f300->f1, B: C [O(n)]
  0: f5->f5, A: max{0, -1+A} [O(n)]
  0: f5->f5, B: max{0, B} [O(n)]
  1: f5->f1, A: 0 [O(1)]
