Timebounds: 
  Overall timebound: 2+max{0, 1+B-A}+max{0, B-A} [O(n)]
  1: f1->f1: max{0, B-A} [O(n)]
  2: f1->f1: max{0, 1+B-A} [O(n)]
  3: f1->f300: 1 [O(1)]
  0: f2->f1: 1 [O(1)]

Costbounds:
  Overall costbound: 2+max{0, 1+B-A}+max{0, B-A} [O(n)]
  1: f1->f1: max{0, B-A} [O(n)]
  2: f1->f1: max{0, 1+B-A} [O(n)]
  3: f1->f300: 1 [O(1)]
  0: f2->f1: 1 [O(1)]

Sizebounds:
`Lower:
  1: f1->f1, A: A [O(n)]
  1: f1->f1, B: -max{-A, -B} [O(n)]
  1: f1->f1, C: C [O(n)]
  1: f1->f1, D: -inf [Infinity]
  2: f1->f1, A: A [O(n)]
  2: f1->f1, B: A [O(n)]
  2: f1->f1, C: C [O(n)]
  2: f1->f1, D: -inf [Infinity]
  3: f1->f300, A: A [O(n)]
  3: f1->f300, B: -max{-A, -B, max{-B, -A}} [O(n)]
  3: f1->f300, C: -inf [Infinity]
  3: f1->f300, D: -inf [Infinity]
  0: f2->f1, A: A [O(n)]
  0: f2->f1, B: B [O(n)]
  0: f2->f1, C: C [O(n)]
  0: f2->f1, D: -inf [Infinity]
`Upper:
  1: f1->f1, A: A+max{0, 1+B-A}+max{0, B-A} [O(n)]
  1: f1->f1, B: max{A, B, A+max{0, 1+B-A}+max{0, B-A}} [O(n)]
  1: f1->f1, C: C [O(n)]
  1: f1->f1, D: inf [Infinity]
  2: f1->f1, A: A+max{0, 1+B-A}+max{0, B-A} [O(n)]
  2: f1->f1, B: max{A, A+max{0, 1+B-A}+max{0, B-A}} [O(n)]
  2: f1->f1, C: C [O(n)]
  2: f1->f1, D: inf [Infinity]
  3: f1->f300, A: max{A, A+max{0, 1+B-A}+max{0, B-A}} [O(n)]
  3: f1->f300, B: max{-1+A+max{0, 1+B-A}+max{0, B-A}, -1+A, -1+A+max{0, 1+B-A}+max{0, B-A}} [O(n)]
  3: f1->f300, C: inf [Infinity]
  3: f1->f300, D: inf [Infinity]
  0: f2->f1, A: A [O(n)]
  0: f2->f1, B: B [O(n)]
  0: f2->f1, C: C [O(n)]
  0: f2->f1, D: inf [Infinity]
