Timebounds: 
  Overall timebound: inf [Infinity]
  0: f2->f2: inf [Infinity]
  1: f2->f2: inf [Infinity]
  2: f2->f2: inf [Infinity]
  3: f2->f2: inf [Infinity]
  5: f2->f300: 1 [O(1)]
  6: f2->f300: 1 [O(1)]
  7: f2->f300: 1 [O(1)]
  4: f3->f2: 1 [O(1)]

Costbounds:
  Overall costbound: inf [Infinity]
  0: f2->f2: inf [Infinity]
  1: f2->f2: inf [Infinity]
  2: f2->f2: inf [Infinity]
  3: f2->f2: inf [Infinity]
  5: f2->f300: 1 [O(1)]
  6: f2->f300: 1 [O(1)]
  7: f2->f300: 1 [O(1)]
  4: f3->f2: 1 [O(1)]

Sizebounds:
`Lower:
  0: f2->f2, A: -inf [Infinity]
  0: f2->f2, B: B [O(n)]
  0: f2->f2, C: -inf [Infinity]
  0: f2->f2, D: -inf [Infinity]
  1: f2->f2, A: -inf [Infinity]
  1: f2->f2, B: B [O(n)]
  1: f2->f2, C: -inf [Infinity]
  1: f2->f2, D: -inf [Infinity]
  2: f2->f2, A: -inf [Infinity]
  2: f2->f2, B: B [O(n)]
  2: f2->f2, C: -inf [Infinity]
  2: f2->f2, D: -inf [Infinity]
  3: f2->f2, A: -inf [Infinity]
  3: f2->f2, B: B [O(n)]
  3: f2->f2, C: -inf [Infinity]
  3: f2->f2, D: -inf [Infinity]
  5: f2->f300, A: 0 [O(1)]
  5: f2->f300, B: -inf [Infinity]
  5: f2->f300, C: -inf [Infinity]
  5: f2->f300, D: -inf [Infinity]
  6: f2->f300, A: 0 [O(1)]
  6: f2->f300, B: -inf [Infinity]
  6: f2->f300, C: -inf [Infinity]
  6: f2->f300, D: -inf [Infinity]
  7: f2->f300, A: 0 [O(1)]
  7: f2->f300, B: -inf [Infinity]
  7: f2->f300, C: -inf [Infinity]
  7: f2->f300, D: -inf [Infinity]
  4: f3->f2, A: A [O(n)]
  4: f3->f2, B: B [O(n)]
  4: f3->f2, C: -inf [Infinity]
  4: f3->f2, D: -inf [Infinity]
`Upper:
  0: f2->f2, A: inf [Infinity]
  0: f2->f2, B: B [O(n)]
  0: f2->f2, C: inf [Infinity]
  0: f2->f2, D: inf [Infinity]
  1: f2->f2, A: inf [Infinity]
  1: f2->f2, B: B [O(n)]
  1: f2->f2, C: inf [Infinity]
  1: f2->f2, D: inf [Infinity]
  2: f2->f2, A: inf [Infinity]
  2: f2->f2, B: B [O(n)]
  2: f2->f2, C: inf [Infinity]
  2: f2->f2, D: inf [Infinity]
  3: f2->f2, A: inf [Infinity]
  3: f2->f2, B: B [O(n)]
  3: f2->f2, C: inf [Infinity]
  3: f2->f2, D: inf [Infinity]
  5: f2->f300, A: 0 [O(1)]
  5: f2->f300, B: inf [Infinity]
  5: f2->f300, C: inf [Infinity]
  5: f2->f300, D: inf [Infinity]
  6: f2->f300, A: 0 [O(1)]
  6: f2->f300, B: inf [Infinity]
  6: f2->f300, C: inf [Infinity]
  6: f2->f300, D: inf [Infinity]
  7: f2->f300, A: 0 [O(1)]
  7: f2->f300, B: inf [Infinity]
  7: f2->f300, C: inf [Infinity]
  7: f2->f300, D: inf [Infinity]
  4: f3->f2, A: A [O(n)]
  4: f3->f2, B: B [O(n)]
  4: f3->f2, C: inf [Infinity]
  4: f3->f2, D: inf [Infinity]
