Timebounds: 
  Overall timebound: inf [Infinity]
  1: f1->f1: inf [Infinity]
  2: f1->f1: inf [Infinity]
  3: f1->f1: inf [Infinity]
  4: f1->f1: inf [Infinity]
  5: f1->f300: 1 [O(1)]
  6: f1->f300: 1 [O(1)]
  7: f1->f300: 1 [O(1)]
  0: f2->f1: 1 [O(1)]

Costbounds:
  Overall costbound: inf [Infinity]
  1: f1->f1: inf [Infinity]
  2: f1->f1: inf [Infinity]
  3: f1->f1: inf [Infinity]
  4: f1->f1: inf [Infinity]
  5: f1->f300: 1 [O(1)]
  6: f1->f300: 1 [O(1)]
  7: f1->f300: 1 [O(1)]
  0: f2->f1: 1 [O(1)]

Sizebounds:
`Lower:
  1: f1->f1, A: X [O(n)]
  1: f1->f1, A1: -inf [Infinity]
  1: f1->f1, B: X [O(n)]
  1: f1->f1, B1: -inf [Infinity]
  1: f1->f1, C: X [O(n)]
  1: f1->f1, C1: -inf [Infinity]
  1: f1->f1, D: X [O(n)]
  1: f1->f1, D1: -inf [Infinity]
  1: f1->f1, E: X [O(n)]
  1: f1->f1, E1: -inf [Infinity]
  1: f1->f1, F: X [O(n)]
  1: f1->f1, F1: -inf [Infinity]
  1: f1->f1, G: X [O(n)]
  1: f1->f1, G1: -inf [Infinity]
  1: f1->f1, H: X [O(n)]
  1: f1->f1, I: X [O(n)]
  1: f1->f1, J: -inf [Infinity]
  1: f1->f1, K: -inf [Infinity]
  1: f1->f1, L: -inf [Infinity]
  1: f1->f1, M: -inf [Infinity]
  1: f1->f1, N: -inf [Infinity]
  1: f1->f1, O: -inf [Infinity]
  1: f1->f1, P: -inf [Infinity]
  1: f1->f1, Q: -inf [Infinity]
  1: f1->f1, R: -inf [Infinity]
  1: f1->f1, S: -inf [Infinity]
  1: f1->f1, T: -inf [Infinity]
  1: f1->f1, U: -inf [Infinity]
  1: f1->f1, V: -inf [Infinity]
  1: f1->f1, W: W [O(n)]
  1: f1->f1, X: -inf [Infinity]
  1: f1->f1, Y: -inf [Infinity]
  1: f1->f1, Z: -inf [Infinity]
  2: f1->f1, A: X [O(n)]
  2: f1->f1, A1: -inf [Infinity]
  2: f1->f1, B: X [O(n)]
  2: f1->f1, B1: -inf [Infinity]
  2: f1->f1, C: X [O(n)]
  2: f1->f1, C1: -inf [Infinity]
  2: f1->f1, D: X [O(n)]
  2: f1->f1, D1: -inf [Infinity]
  2: f1->f1, E: X [O(n)]
  2: f1->f1, E1: -inf [Infinity]
  2: f1->f1, F: X [O(n)]
  2: f1->f1, F1: -inf [Infinity]
  2: f1->f1, G: X [O(n)]
  2: f1->f1, G1: -inf [Infinity]
  2: f1->f1, H: X [O(n)]
  2: f1->f1, I: X [O(n)]
  2: f1->f1, J: -inf [Infinity]
  2: f1->f1, K: -inf [Infinity]
  2: f1->f1, L: -inf [Infinity]
  2: f1->f1, M: -inf [Infinity]
  2: f1->f1, N: -inf [Infinity]
  2: f1->f1, O: -inf [Infinity]
  2: f1->f1, P: -inf [Infinity]
  2: f1->f1, Q: -inf [Infinity]
  2: f1->f1, R: -inf [Infinity]
  2: f1->f1, S: -inf [Infinity]
  2: f1->f1, T: -inf [Infinity]
  2: f1->f1, U: -inf [Infinity]
  2: f1->f1, V: -inf [Infinity]
  2: f1->f1, W: W [O(n)]
  2: f1->f1, X: -inf [Infinity]
  2: f1->f1, Y: -inf [Infinity]
  2: f1->f1, Z: -inf [Infinity]
  3: f1->f1, A: X [O(n)]
  3: f1->f1, A1: -inf [Infinity]
  3: f1->f1, B: X [O(n)]
  3: f1->f1, B1: -inf [Infinity]
  3: f1->f1, C: X [O(n)]
  3: f1->f1, C1: -inf [Infinity]
  3: f1->f1, D: X [O(n)]
  3: f1->f1, D1: -inf [Infinity]
  3: f1->f1, E: X [O(n)]
  3: f1->f1, E1: -inf [Infinity]
  3: f1->f1, F: X [O(n)]
  3: f1->f1, F1: -inf [Infinity]
  3: f1->f1, G: X [O(n)]
  3: f1->f1, G1: -inf [Infinity]
  3: f1->f1, H: X [O(n)]
  3: f1->f1, I: X [O(n)]
  3: f1->f1, J: -inf [Infinity]
  3: f1->f1, K: -inf [Infinity]
  3: f1->f1, L: -inf [Infinity]
  3: f1->f1, M: -inf [Infinity]
  3: f1->f1, N: -inf [Infinity]
  3: f1->f1, O: -inf [Infinity]
  3: f1->f1, P: -inf [Infinity]
  3: f1->f1, Q: -inf [Infinity]
  3: f1->f1, R: -inf [Infinity]
  3: f1->f1, S: -inf [Infinity]
  3: f1->f1, T: -inf [Infinity]
  3: f1->f1, U: -inf [Infinity]
  3: f1->f1, V: -inf [Infinity]
  3: f1->f1, W: W [O(n)]
  3: f1->f1, X: -inf [Infinity]
  3: f1->f1, Y: -inf [Infinity]
  3: f1->f1, Z: -inf [Infinity]
  4: f1->f1, A: X [O(n)]
  4: f1->f1, A1: -inf [Infinity]
  4: f1->f1, B: X [O(n)]
  4: f1->f1, B1: -inf [Infinity]
  4: f1->f1, C: X [O(n)]
  4: f1->f1, C1: -inf [Infinity]
  4: f1->f1, D: X [O(n)]
  4: f1->f1, D1: -inf [Infinity]
  4: f1->f1, E: X [O(n)]
  4: f1->f1, E1: -inf [Infinity]
  4: f1->f1, F: X [O(n)]
  4: f1->f1, F1: -inf [Infinity]
  4: f1->f1, G: X [O(n)]
  4: f1->f1, G1: -inf [Infinity]
  4: f1->f1, H: X [O(n)]
  4: f1->f1, I: X [O(n)]
  4: f1->f1, J: -inf [Infinity]
  4: f1->f1, K: -inf [Infinity]
  4: f1->f1, L: -inf [Infinity]
  4: f1->f1, M: -inf [Infinity]
  4: f1->f1, N: -inf [Infinity]
  4: f1->f1, O: -inf [Infinity]
  4: f1->f1, P: -inf [Infinity]
  4: f1->f1, Q: -inf [Infinity]
  4: f1->f1, R: -inf [Infinity]
  4: f1->f1, S: -inf [Infinity]
  4: f1->f1, T: -inf [Infinity]
  4: f1->f1, U: -inf [Infinity]
  4: f1->f1, V: -inf [Infinity]
  4: f1->f1, W: W [O(n)]
  4: f1->f1, X: -inf [Infinity]
  4: f1->f1, Y: -inf [Infinity]
  4: f1->f1, Z: -inf [Infinity]
  5: f1->f300, A: X [O(n)]
  5: f1->f300, A1: -inf [Infinity]
  5: f1->f300, B: X [O(n)]
  5: f1->f300, B1: -inf [Infinity]
  5: f1->f300, C: X [O(n)]
  5: f1->f300, C1: -inf [Infinity]
  5: f1->f300, D: X [O(n)]
  5: f1->f300, D1: -inf [Infinity]
  5: f1->f300, E: X [O(n)]
  5: f1->f300, E1: -inf [Infinity]
  5: f1->f300, F: X [O(n)]
  5: f1->f300, F1: -inf [Infinity]
  5: f1->f300, G: X [O(n)]
  5: f1->f300, G1: -inf [Infinity]
  5: f1->f300, H: X [O(n)]
  5: f1->f300, I: X [O(n)]
  5: f1->f300, J: -inf [Infinity]
  5: f1->f300, K: -inf [Infinity]
  5: f1->f300, L: -inf [Infinity]
  5: f1->f300, M: -inf [Infinity]
  5: f1->f300, N: -inf [Infinity]
  5: f1->f300, O: -inf [Infinity]
  5: f1->f300, P: -inf [Infinity]
  5: f1->f300, Q: -inf [Infinity]
  5: f1->f300, R: -inf [Infinity]
  5: f1->f300, S: -inf [Infinity]
  5: f1->f300, T: -inf [Infinity]
  5: f1->f300, U: -inf [Infinity]
  5: f1->f300, V: -inf [Infinity]
  5: f1->f300, W: -inf [Infinity]
  5: f1->f300, X: -inf [Infinity]
  5: f1->f300, Y: -inf [Infinity]
  5: f1->f300, Z: -inf [Infinity]
  6: f1->f300, A: X [O(n)]
  6: f1->f300, A1: -inf [Infinity]
  6: f1->f300, B: X [O(n)]
  6: f1->f300, B1: -inf [Infinity]
  6: f1->f300, C: X [O(n)]
  6: f1->f300, C1: -inf [Infinity]
  6: f1->f300, D: X [O(n)]
  6: f1->f300, D1: -inf [Infinity]
  6: f1->f300, E: X [O(n)]
  6: f1->f300, E1: -inf [Infinity]
  6: f1->f300, F: X [O(n)]
  6: f1->f300, F1: -inf [Infinity]
  6: f1->f300, G: X [O(n)]
  6: f1->f300, G1: -inf [Infinity]
  6: f1->f300, H: X [O(n)]
  6: f1->f300, I: X [O(n)]
  6: f1->f300, J: 1 [O(1)]
  6: f1->f300, K: -inf [Infinity]
  6: f1->f300, L: -inf [Infinity]
  6: f1->f300, M: -inf [Infinity]
  6: f1->f300, N: -inf [Infinity]
  6: f1->f300, O: -inf [Infinity]
  6: f1->f300, P: -inf [Infinity]
  6: f1->f300, Q: -inf [Infinity]
  6: f1->f300, R: -inf [Infinity]
  6: f1->f300, S: -inf [Infinity]
  6: f1->f300, T: -inf [Infinity]
  6: f1->f300, U: -inf [Infinity]
  6: f1->f300, V: -inf [Infinity]
  6: f1->f300, W: -inf [Infinity]
  6: f1->f300, X: -inf [Infinity]
  6: f1->f300, Y: -inf [Infinity]
  6: f1->f300, Z: -inf [Infinity]
  7: f1->f300, A: X [O(n)]
  7: f1->f300, A1: -inf [Infinity]
  7: f1->f300, B: X [O(n)]
  7: f1->f300, B1: -inf [Infinity]
  7: f1->f300, C: X [O(n)]
  7: f1->f300, C1: -inf [Infinity]
  7: f1->f300, D: X [O(n)]
  7: f1->f300, D1: -inf [Infinity]
  7: f1->f300, E: X [O(n)]
  7: f1->f300, E1: -inf [Infinity]
  7: f1->f300, F: X [O(n)]
  7: f1->f300, F1: -inf [Infinity]
  7: f1->f300, G: X [O(n)]
  7: f1->f300, G1: -inf [Infinity]
  7: f1->f300, H: X [O(n)]
  7: f1->f300, I: X [O(n)]
  7: f1->f300, J: 0 [O(1)]
  7: f1->f300, K: -inf [Infinity]
  7: f1->f300, L: -inf [Infinity]
  7: f1->f300, M: -inf [Infinity]
  7: f1->f300, N: -inf [Infinity]
  7: f1->f300, O: -inf [Infinity]
  7: f1->f300, P: -inf [Infinity]
  7: f1->f300, Q: -inf [Infinity]
  7: f1->f300, R: -inf [Infinity]
  7: f1->f300, S: -inf [Infinity]
  7: f1->f300, T: -inf [Infinity]
  7: f1->f300, U: -inf [Infinity]
  7: f1->f300, V: -inf [Infinity]
  7: f1->f300, W: -inf [Infinity]
  7: f1->f300, X: -inf [Infinity]
  7: f1->f300, Y: -inf [Infinity]
  7: f1->f300, Z: -inf [Infinity]
  0: f2->f1, A: X [O(n)]
  0: f2->f1, A1: -inf [Infinity]
  0: f2->f1, B: X [O(n)]
  0: f2->f1, B1: -inf [Infinity]
  0: f2->f1, C: X [O(n)]
  0: f2->f1, C1: -inf [Infinity]
  0: f2->f1, D: X [O(n)]
  0: f2->f1, D1: -inf [Infinity]
  0: f2->f1, E: X [O(n)]
  0: f2->f1, E1: -inf [Infinity]
  0: f2->f1, F: X [O(n)]
  0: f2->f1, F1: -inf [Infinity]
  0: f2->f1, G: X [O(n)]
  0: f2->f1, G1: -inf [Infinity]
  0: f2->f1, H: X [O(n)]
  0: f2->f1, I: X [O(n)]
  0: f2->f1, J: J [O(n)]
  0: f2->f1, K: K [O(n)]
  0: f2->f1, L: L [O(n)]
  0: f2->f1, M: M [O(n)]
  0: f2->f1, N: N [O(n)]
  0: f2->f1, O: O [O(n)]
  0: f2->f1, P: P [O(n)]
  0: f2->f1, Q: Q [O(n)]
  0: f2->f1, R: R [O(n)]
  0: f2->f1, S: S [O(n)]
  0: f2->f1, T: T [O(n)]
  0: f2->f1, U: U [O(n)]
  0: f2->f1, V: V [O(n)]
  0: f2->f1, W: W [O(n)]
  0: f2->f1, X: -inf [Infinity]
  0: f2->f1, Y: -inf [Infinity]
  0: f2->f1, Z: -inf [Infinity]
`Upper:
  1: f1->f1, A: X [O(n)]
  1: f1->f1, A1: inf [Infinity]
  1: f1->f1, B: X [O(n)]
  1: f1->f1, B1: inf [Infinity]
  1: f1->f1, C: X [O(n)]
  1: f1->f1, C1: inf [Infinity]
  1: f1->f1, D: X [O(n)]
  1: f1->f1, D1: inf [Infinity]
  1: f1->f1, E: X [O(n)]
  1: f1->f1, E1: inf [Infinity]
  1: f1->f1, F: X [O(n)]
  1: f1->f1, F1: inf [Infinity]
  1: f1->f1, G: X [O(n)]
  1: f1->f1, G1: inf [Infinity]
  1: f1->f1, H: X [O(n)]
  1: f1->f1, I: X [O(n)]
  1: f1->f1, J: -1 [O(1)]
  1: f1->f1, K: inf [Infinity]
  1: f1->f1, L: inf [Infinity]
  1: f1->f1, M: inf [Infinity]
  1: f1->f1, N: inf [Infinity]
  1: f1->f1, O: inf [Infinity]
  1: f1->f1, P: inf [Infinity]
  1: f1->f1, Q: inf [Infinity]
  1: f1->f1, R: inf [Infinity]
  1: f1->f1, S: inf [Infinity]
  1: f1->f1, T: inf [Infinity]
  1: f1->f1, U: inf [Infinity]
  1: f1->f1, V: inf [Infinity]
  1: f1->f1, W: W [O(n)]
  1: f1->f1, X: inf [Infinity]
  1: f1->f1, Y: inf [Infinity]
  1: f1->f1, Z: inf [Infinity]
  2: f1->f1, A: X [O(n)]
  2: f1->f1, A1: inf [Infinity]
  2: f1->f1, B: X [O(n)]
  2: f1->f1, B1: inf [Infinity]
  2: f1->f1, C: X [O(n)]
  2: f1->f1, C1: inf [Infinity]
  2: f1->f1, D: X [O(n)]
  2: f1->f1, D1: inf [Infinity]
  2: f1->f1, E: X [O(n)]
  2: f1->f1, E1: inf [Infinity]
  2: f1->f1, F: X [O(n)]
  2: f1->f1, F1: inf [Infinity]
  2: f1->f1, G: X [O(n)]
  2: f1->f1, G1: inf [Infinity]
  2: f1->f1, H: X [O(n)]
  2: f1->f1, I: X [O(n)]
  2: f1->f1, J: -1 [O(1)]
  2: f1->f1, K: inf [Infinity]
  2: f1->f1, L: inf [Infinity]
  2: f1->f1, M: inf [Infinity]
  2: f1->f1, N: inf [Infinity]
  2: f1->f1, O: inf [Infinity]
  2: f1->f1, P: inf [Infinity]
  2: f1->f1, Q: inf [Infinity]
  2: f1->f1, R: inf [Infinity]
  2: f1->f1, S: inf [Infinity]
  2: f1->f1, T: inf [Infinity]
  2: f1->f1, U: inf [Infinity]
  2: f1->f1, V: inf [Infinity]
  2: f1->f1, W: W [O(n)]
  2: f1->f1, X: inf [Infinity]
  2: f1->f1, Y: inf [Infinity]
  2: f1->f1, Z: inf [Infinity]
  3: f1->f1, A: X [O(n)]
  3: f1->f1, A1: inf [Infinity]
  3: f1->f1, B: X [O(n)]
  3: f1->f1, B1: inf [Infinity]
  3: f1->f1, C: X [O(n)]
  3: f1->f1, C1: inf [Infinity]
  3: f1->f1, D: X [O(n)]
  3: f1->f1, D1: inf [Infinity]
  3: f1->f1, E: X [O(n)]
  3: f1->f1, E1: inf [Infinity]
  3: f1->f1, F: X [O(n)]
  3: f1->f1, F1: inf [Infinity]
  3: f1->f1, G: X [O(n)]
  3: f1->f1, G1: inf [Infinity]
  3: f1->f1, H: X [O(n)]
  3: f1->f1, I: X [O(n)]
  3: f1->f1, J: max{-1, J} [O(n)]
  3: f1->f1, K: inf [Infinity]
  3: f1->f1, L: inf [Infinity]
  3: f1->f1, M: inf [Infinity]
  3: f1->f1, N: inf [Infinity]
  3: f1->f1, O: inf [Infinity]
  3: f1->f1, P: inf [Infinity]
  3: f1->f1, Q: inf [Infinity]
  3: f1->f1, R: inf [Infinity]
  3: f1->f1, S: inf [Infinity]
  3: f1->f1, T: inf [Infinity]
  3: f1->f1, U: inf [Infinity]
  3: f1->f1, V: inf [Infinity]
  3: f1->f1, W: W [O(n)]
  3: f1->f1, X: inf [Infinity]
  3: f1->f1, Y: inf [Infinity]
  3: f1->f1, Z: inf [Infinity]
  4: f1->f1, A: X [O(n)]
  4: f1->f1, A1: inf [Infinity]
  4: f1->f1, B: X [O(n)]
  4: f1->f1, B1: inf [Infinity]
  4: f1->f1, C: X [O(n)]
  4: f1->f1, C1: inf [Infinity]
  4: f1->f1, D: X [O(n)]
  4: f1->f1, D1: inf [Infinity]
  4: f1->f1, E: X [O(n)]
  4: f1->f1, E1: inf [Infinity]
  4: f1->f1, F: X [O(n)]
  4: f1->f1, F1: inf [Infinity]
  4: f1->f1, G: X [O(n)]
  4: f1->f1, G1: inf [Infinity]
  4: f1->f1, H: X [O(n)]
  4: f1->f1, I: X [O(n)]
  4: f1->f1, J: max{-1, J} [O(n)]
  4: f1->f1, K: inf [Infinity]
  4: f1->f1, L: inf [Infinity]
  4: f1->f1, M: inf [Infinity]
  4: f1->f1, N: inf [Infinity]
  4: f1->f1, O: inf [Infinity]
  4: f1->f1, P: inf [Infinity]
  4: f1->f1, Q: inf [Infinity]
  4: f1->f1, R: inf [Infinity]
  4: f1->f1, S: inf [Infinity]
  4: f1->f1, T: inf [Infinity]
  4: f1->f1, U: inf [Infinity]
  4: f1->f1, V: inf [Infinity]
  4: f1->f1, W: W [O(n)]
  4: f1->f1, X: inf [Infinity]
  4: f1->f1, Y: inf [Infinity]
  4: f1->f1, Z: inf [Infinity]
  5: f1->f300, A: X [O(n)]
  5: f1->f300, A1: inf [Infinity]
  5: f1->f300, B: X [O(n)]
  5: f1->f300, B1: inf [Infinity]
  5: f1->f300, C: X [O(n)]
  5: f1->f300, C1: inf [Infinity]
  5: f1->f300, D: X [O(n)]
  5: f1->f300, D1: inf [Infinity]
  5: f1->f300, E: X [O(n)]
  5: f1->f300, E1: inf [Infinity]
  5: f1->f300, F: X [O(n)]
  5: f1->f300, F1: inf [Infinity]
  5: f1->f300, G: X [O(n)]
  5: f1->f300, G1: inf [Infinity]
  5: f1->f300, H: X [O(n)]
  5: f1->f300, I: X [O(n)]
  5: f1->f300, J: -1 [O(1)]
  5: f1->f300, K: inf [Infinity]
  5: f1->f300, L: inf [Infinity]
  5: f1->f300, M: inf [Infinity]
  5: f1->f300, N: inf [Infinity]
  5: f1->f300, O: inf [Infinity]
  5: f1->f300, P: inf [Infinity]
  5: f1->f300, Q: inf [Infinity]
  5: f1->f300, R: inf [Infinity]
  5: f1->f300, S: inf [Infinity]
  5: f1->f300, T: inf [Infinity]
  5: f1->f300, U: inf [Infinity]
  5: f1->f300, V: inf [Infinity]
  5: f1->f300, W: inf [Infinity]
  5: f1->f300, X: inf [Infinity]
  5: f1->f300, Y: inf [Infinity]
  5: f1->f300, Z: inf [Infinity]
  6: f1->f300, A: X [O(n)]
  6: f1->f300, A1: inf [Infinity]
  6: f1->f300, B: X [O(n)]
  6: f1->f300, B1: inf [Infinity]
  6: f1->f300, C: X [O(n)]
  6: f1->f300, C1: inf [Infinity]
  6: f1->f300, D: X [O(n)]
  6: f1->f300, D1: inf [Infinity]
  6: f1->f300, E: X [O(n)]
  6: f1->f300, E1: inf [Infinity]
  6: f1->f300, F: X [O(n)]
  6: f1->f300, F1: inf [Infinity]
  6: f1->f300, G: X [O(n)]
  6: f1->f300, G1: inf [Infinity]
  6: f1->f300, H: X [O(n)]
  6: f1->f300, I: X [O(n)]
  6: f1->f300, J: max{-1, J} [O(n)]
  6: f1->f300, K: inf [Infinity]
  6: f1->f300, L: inf [Infinity]
  6: f1->f300, M: inf [Infinity]
  6: f1->f300, N: inf [Infinity]
  6: f1->f300, O: inf [Infinity]
  6: f1->f300, P: inf [Infinity]
  6: f1->f300, Q: inf [Infinity]
  6: f1->f300, R: inf [Infinity]
  6: f1->f300, S: inf [Infinity]
  6: f1->f300, T: inf [Infinity]
  6: f1->f300, U: inf [Infinity]
  6: f1->f300, V: inf [Infinity]
  6: f1->f300, W: inf [Infinity]
  6: f1->f300, X: inf [Infinity]
  6: f1->f300, Y: inf [Infinity]
  6: f1->f300, Z: inf [Infinity]
  7: f1->f300, A: X [O(n)]
  7: f1->f300, A1: inf [Infinity]
  7: f1->f300, B: X [O(n)]
  7: f1->f300, B1: inf [Infinity]
  7: f1->f300, C: X [O(n)]
  7: f1->f300, C1: inf [Infinity]
  7: f1->f300, D: X [O(n)]
  7: f1->f300, D1: inf [Infinity]
  7: f1->f300, E: X [O(n)]
  7: f1->f300, E1: inf [Infinity]
  7: f1->f300, F: X [O(n)]
  7: f1->f300, F1: inf [Infinity]
  7: f1->f300, G: X [O(n)]
  7: f1->f300, G1: inf [Infinity]
  7: f1->f300, H: X [O(n)]
  7: f1->f300, I: X [O(n)]
  7: f1->f300, J: 0 [O(1)]
  7: f1->f300, K: inf [Infinity]
  7: f1->f300, L: inf [Infinity]
  7: f1->f300, M: inf [Infinity]
  7: f1->f300, N: inf [Infinity]
  7: f1->f300, O: inf [Infinity]
  7: f1->f300, P: inf [Infinity]
  7: f1->f300, Q: inf [Infinity]
  7: f1->f300, R: inf [Infinity]
  7: f1->f300, S: inf [Infinity]
  7: f1->f300, T: inf [Infinity]
  7: f1->f300, U: inf [Infinity]
  7: f1->f300, V: inf [Infinity]
  7: f1->f300, W: inf [Infinity]
  7: f1->f300, X: inf [Infinity]
  7: f1->f300, Y: inf [Infinity]
  7: f1->f300, Z: inf [Infinity]
  0: f2->f1, A: X [O(n)]
  0: f2->f1, A1: inf [Infinity]
  0: f2->f1, B: X [O(n)]
  0: f2->f1, B1: inf [Infinity]
  0: f2->f1, C: X [O(n)]
  0: f2->f1, C1: inf [Infinity]
  0: f2->f1, D: X [O(n)]
  0: f2->f1, D1: inf [Infinity]
  0: f2->f1, E: X [O(n)]
  0: f2->f1, E1: inf [Infinity]
  0: f2->f1, F: X [O(n)]
  0: f2->f1, F1: inf [Infinity]
  0: f2->f1, G: X [O(n)]
  0: f2->f1, G1: inf [Infinity]
  0: f2->f1, H: X [O(n)]
  0: f2->f1, I: X [O(n)]
  0: f2->f1, J: J [O(n)]
  0: f2->f1, K: K [O(n)]
  0: f2->f1, L: L [O(n)]
  0: f2->f1, M: M [O(n)]
  0: f2->f1, N: N [O(n)]
  0: f2->f1, O: O [O(n)]
  0: f2->f1, P: P [O(n)]
  0: f2->f1, Q: Q [O(n)]
  0: f2->f1, R: R [O(n)]
  0: f2->f1, S: S [O(n)]
  0: f2->f1, T: T [O(n)]
  0: f2->f1, U: U [O(n)]
  0: f2->f1, V: V [O(n)]
  0: f2->f1, W: W [O(n)]
  0: f2->f1, X: inf [Infinity]
  0: f2->f1, Y: inf [Infinity]
  0: f2->f1, Z: inf [Infinity]
