Timebounds: 
  Overall timebound: inf [Infinity]
  3: f1->f3: 1 [O(1)]
  4: f1->f2: 1 [O(1)]
  5: f1->f2: 1 [O(1)]
  0: f300->f1: 1 [O(1)]

Costbounds:
  Overall costbound: inf [Infinity]
  1: f1->f1: inf [Infinity]
  2: f1->f1: inf [Infinity]
  3: f1->f3: 1 [O(1)]
  4: f1->f2: 1 [O(1)]
  5: f1->f2: 1 [O(1)]
  0: f300->f1: 1 [O(1)]

Sizebounds:
`Lower:
  1: f1->f1, A: -max{0, -S} [O(n)]
  1: f1->f1, B: -max{0, -T} [O(n)]
  1: f1->f1, C: -max{0, -U} [O(n)]
  1: f1->f1, D: -max{0, -V} [O(n)]
  1: f1->f1, E: -max{0, -W} [O(n)]
  1: f1->f1, F: -max{0, -F} [O(n)]
  1: f1->f1, G: -max{0, -G} [O(n)]
  1: f1->f1, H: 256 [O(1)]
  1: f1->f1, O: -max{0, -O} [O(n)]
  1: f1->f1, P: -max{0, -P} [O(n)]
  1: f1->f1, Q: -max{0, -Q} [O(n)]
  1: f1->f1, R: -max{0, -R} [O(n)]
  2: f1->f1, A: -max{0, -S} [O(n)]
  2: f1->f1, B: -max{0, -T} [O(n)]
  2: f1->f1, C: -max{0, -U} [O(n)]
  2: f1->f1, D: -max{0, -V} [O(n)]
  2: f1->f1, E: -max{0, -W} [O(n)]
  2: f1->f1, F: -max{0, -F} [O(n)]
  2: f1->f1, G: -max{0, -G} [O(n)]
  2: f1->f1, O: -max{0, -O} [O(n)]
  2: f1->f1, P: -max{0, -P} [O(n)]
  2: f1->f1, Q: -max{0, -Q} [O(n)]
  2: f1->f1, R: -max{0, -R} [O(n)]
  3: f1->f3, A: -max{0, -S} [O(n)]
  3: f1->f3, B: -max{0, -T} [O(n)]
  3: f1->f3, C: -max{0, -U} [O(n)]
  3: f1->f3, D: -max{0, -V} [O(n)]
  3: f1->f3, E: -max{0, -W} [O(n)]
  3: f1->f3, F: -max{0, -F} [O(n)]
  3: f1->f3, G: -max{0, -G} [O(n)]
  3: f1->f3, O: 0 [O(1)]
  3: f1->f3, P: 0 [O(1)]
  3: f1->f3, Q: 0 [O(1)]
  3: f1->f3, R: -max{0, -R} [O(n)]
  4: f1->f2, A: -max{0, -S} [O(n)]
  4: f1->f2, B: -max{0, -T} [O(n)]
  4: f1->f2, C: -max{0, -U} [O(n)]
  4: f1->f2, D: -max{0, -V} [O(n)]
  4: f1->f2, E: -max{0, -W} [O(n)]
  4: f1->f2, F: -max{0, -F} [O(n)]
  4: f1->f2, H: 257 [O(1)]
  4: f1->f2, O: 257 [O(1)]
  4: f1->f2, P: 257 [O(1)]
  4: f1->f2, Q: 257 [O(1)]
  5: f1->f2, A: -max{0, -S} [O(n)]
  5: f1->f2, B: -max{0, -T} [O(n)]
  5: f1->f2, C: -max{0, -U} [O(n)]
  5: f1->f2, D: -max{0, -V} [O(n)]
  5: f1->f2, E: -max{0, -W} [O(n)]
  5: f1->f2, F: -max{0, -F} [O(n)]
  5: f1->f2, H: 1 [O(1)]
  5: f1->f2, O: 1 [O(1)]
  5: f1->f2, P: 1 [O(1)]
  5: f1->f2, Q: 1 [O(1)]
  0: f300->f1, A: S [O(n)]
  0: f300->f1, B: T [O(n)]
  0: f300->f1, C: U [O(n)]
  0: f300->f1, D: V [O(n)]
  0: f300->f1, E: W [O(n)]
  0: f300->f1, F: F [O(n)]
  0: f300->f1, G: G [O(n)]
  0: f300->f1, H: H [O(n)]
  0: f300->f1, I: I [O(n)]
  0: f300->f1, J: J [O(n)]
  0: f300->f1, K: K [O(n)]
  0: f300->f1, L: L [O(n)]
  0: f300->f1, M: M [O(n)]
  0: f300->f1, N: N [O(n)]
  0: f300->f1, O: O [O(n)]
  0: f300->f1, P: P [O(n)]
  0: f300->f1, Q: Q [O(n)]
  0: f300->f1, R: R [O(n)]
`Upper:
  1: f1->f1, A: max{0, S} [O(n)]
  1: f1->f1, B: max{0, T} [O(n)]
  1: f1->f1, C: max{0, U} [O(n)]
  1: f1->f1, D: max{0, V} [O(n)]
  1: f1->f1, E: max{0, W} [O(n)]
  1: f1->f1, F: max{0, F} [O(n)]
  1: f1->f1, G: max{0, G} [O(n)]
  1: f1->f1, H: 256 [O(1)]
  1: f1->f1, O: max{0, O} [O(n)]
  1: f1->f1, P: max{0, P} [O(n)]
  1: f1->f1, Q: max{0, Q} [O(n)]
  1: f1->f1, R: max{0, R} [O(n)]
  2: f1->f1, A: max{0, S} [O(n)]
  2: f1->f1, B: max{0, T} [O(n)]
  2: f1->f1, C: max{0, U} [O(n)]
  2: f1->f1, D: max{0, V} [O(n)]
  2: f1->f1, E: max{0, W} [O(n)]
  2: f1->f1, F: max{0, F} [O(n)]
  2: f1->f1, G: max{0, G} [O(n)]
  2: f1->f1, H: 0 [O(1)]
  2: f1->f1, O: max{0, O} [O(n)]
  2: f1->f1, P: max{0, P} [O(n)]
  2: f1->f1, Q: max{0, Q} [O(n)]
  2: f1->f1, R: max{0, R} [O(n)]
  3: f1->f3, A: max{0, S} [O(n)]
  3: f1->f3, B: max{0, T} [O(n)]
  3: f1->f3, C: max{0, U} [O(n)]
  3: f1->f3, D: max{0, V} [O(n)]
  3: f1->f3, E: max{0, W} [O(n)]
  3: f1->f3, F: max{0, F} [O(n)]
  3: f1->f3, G: max{0, F} [O(n)]
  3: f1->f3, H: max{256, H} [O(n)]
  3: f1->f3, O: 0 [O(1)]
  3: f1->f3, P: 0 [O(1)]
  3: f1->f3, Q: 0 [O(1)]
  3: f1->f3, R: max{0, R} [O(n)]
  4: f1->f2, A: max{0, S} [O(n)]
  4: f1->f2, B: max{0, T} [O(n)]
  4: f1->f2, C: max{0, U} [O(n)]
  4: f1->f2, D: max{0, V} [O(n)]
  4: f1->f2, E: max{0, W} [O(n)]
  4: f1->f2, F: max{0, F} [O(n)]
  4: f1->f2, G: max{0, G} [O(n)]
  4: f1->f2, H: max{256, H} [O(n)]
  4: f1->f2, O: max{256, H} [O(n)]
  4: f1->f2, P: max{256, H} [O(n)]
  4: f1->f2, Q: max{256, H} [O(n)]
  5: f1->f2, A: max{0, S} [O(n)]
  5: f1->f2, B: max{0, T} [O(n)]
  5: f1->f2, C: max{0, U} [O(n)]
  5: f1->f2, D: max{0, V} [O(n)]
  5: f1->f2, E: max{0, W} [O(n)]
  5: f1->f2, F: max{0, F} [O(n)]
  5: f1->f2, G: max{0, G} [O(n)]
  5: f1->f2, H: 255 [O(1)]
  5: f1->f2, O: 255 [O(1)]
  5: f1->f2, P: 255 [O(1)]
  5: f1->f2, Q: 255 [O(1)]
  0: f300->f1, A: S [O(n)]
  0: f300->f1, B: T [O(n)]
  0: f300->f1, C: U [O(n)]
  0: f300->f1, D: V [O(n)]
  0: f300->f1, E: W [O(n)]
  0: f300->f1, F: F [O(n)]
  0: f300->f1, G: G [O(n)]
  0: f300->f1, H: H [O(n)]
  0: f300->f1, I: I [O(n)]
  0: f300->f1, J: J [O(n)]
  0: f300->f1, K: K [O(n)]
  0: f300->f1, L: L [O(n)]
  0: f300->f1, M: M [O(n)]
  0: f300->f1, N: N [O(n)]
  0: f300->f1, O: O [O(n)]
  0: f300->f1, P: P [O(n)]
  0: f300->f1, Q: Q [O(n)]
  0: f300->f1, R: R [O(n)]
