Timebounds: 
  Overall timebound: 8 [O(1)]
  0: f12->f5: 1 [O(1)]
  1: f5->f11: 1 [O(1)]
  2: f5->f10: 1 [O(1)]
  3: f5->f10: 1 [O(1)]
  6: f5->f5: 4 [O(1)]

Costbounds:
  Overall costbound: 8 [O(1)]
  0: f12->f5: 1 [O(1)]
  1: f5->f11: 1 [O(1)]
  2: f5->f10: 1 [O(1)]
  3: f5->f10: 1 [O(1)]
  6: f5->f5: 4 [O(1)]

Sizebounds:
`Lower:
  0: f12->f5, A: 4 [O(1)]
  0: f12->f5, B: 0 [O(1)]
  0: f12->f5, C: 0 [O(1)]
  0: f12->f5, D: D [O(n)]
  0: f12->f5, E: E [O(n)]
  0: f12->f5, F: F [O(n)]
  0: f12->f5, G: -inf [Infinity]
  0: f12->f5, H: -inf [Infinity]
  1: f5->f11, A: 4 [O(1)]
  1: f5->f11, B: 4 [O(1)]
  1: f5->f11, C: 0 [O(1)]
  1: f5->f11, D: 0 [O(1)]
  1: f5->f11, E: 0 [O(1)]
  1: f5->f11, F: -inf [Infinity]
  1: f5->f11, G: -inf [Infinity]
  1: f5->f11, H: -inf [Infinity]
  2: f5->f10, A: 4 [O(1)]
  2: f5->f10, B: 0 [O(1)]
  2: f5->f10, C: 1 [O(1)]
  2: f5->f10, D: 1 [O(1)]
  2: f5->f10, E: 1 [O(1)]
  2: f5->f10, F: -inf [Infinity]
  2: f5->f10, G: -inf [Infinity]
  2: f5->f10, H: -inf [Infinity]
  3: f5->f10, A: 4 [O(1)]
  3: f5->f10, B: 0 [O(1)]
  3: f5->f10, C: -inf [Infinity]
  3: f5->f10, D: -inf [Infinity]
  3: f5->f10, E: -inf [Infinity]
  3: f5->f10, F: -inf [Infinity]
  3: f5->f10, G: -inf [Infinity]
  3: f5->f10, H: -inf [Infinity]
  6: f5->f5, A: 4 [O(1)]
  6: f5->f5, B: 1 [O(1)]
  6: f5->f5, C: -inf [Infinity]
  6: f5->f5, D: -inf [Infinity]
  6: f5->f5, E: E [O(n)]
  6: f5->f5, F: -inf [Infinity]
  6: f5->f5, G: -inf [Infinity]
  6: f5->f5, H: -inf [Infinity]
`Upper:
  0: f12->f5, A: 4 [O(1)]
  0: f12->f5, B: 0 [O(1)]
  0: f12->f5, C: 0 [O(1)]
  0: f12->f5, D: D [O(n)]
  0: f12->f5, E: E [O(n)]
  0: f12->f5, F: F [O(n)]
  0: f12->f5, G: inf [Infinity]
  0: f12->f5, H: inf [Infinity]
  1: f5->f11, A: 4 [O(1)]
  1: f5->f11, B: 4 [O(1)]
  1: f5->f11, C: 0 [O(1)]
  1: f5->f11, D: 0 [O(1)]
  1: f5->f11, E: 0 [O(1)]
  1: f5->f11, F: inf [Infinity]
  1: f5->f11, G: inf [Infinity]
  1: f5->f11, H: inf [Infinity]
  2: f5->f10, A: 4 [O(1)]
  2: f5->f10, B: 4 [O(1)]
  2: f5->f10, C: inf [Infinity]
  2: f5->f10, D: inf [Infinity]
  2: f5->f10, E: inf [Infinity]
  2: f5->f10, F: inf [Infinity]
  2: f5->f10, G: inf [Infinity]
  2: f5->f10, H: inf [Infinity]
  3: f5->f10, A: 4 [O(1)]
  3: f5->f10, B: 4 [O(1)]
  3: f5->f10, C: -1 [O(1)]
  3: f5->f10, D: -1 [O(1)]
  3: f5->f10, E: -1 [O(1)]
  3: f5->f10, F: inf [Infinity]
  3: f5->f10, G: inf [Infinity]
  3: f5->f10, H: inf [Infinity]
  6: f5->f5, A: 4 [O(1)]
  6: f5->f5, B: 4 [O(1)]
  6: f5->f5, C: inf [Infinity]
  6: f5->f5, D: inf [Infinity]
  6: f5->f5, E: E [O(n)]
  6: f5->f5, F: inf [Infinity]
  6: f5->f5, G: inf [Infinity]
  6: f5->f5, H: inf [Infinity]
