Timebounds: 
  Overall timebound: 1+max{0, (A-B)*(B-C+max{0, A-B})}+max{0, B-C}+max{0, A-B} [O(n^2)]
  0: f1->f1: max{0, A-B} [O(n)]
  2: f1->f1: max{0, (A-B)*(B-C+max{0, A-B})}+max{0, B-C} [O(n^2)]
  1: f3->f1: 1 [O(1)]

Costbounds:
  Overall costbound: 1+max{0, (A-B)*(B-C+max{0, A-B})}+max{0, B-C}+max{0, A-B} [O(n^2)]
  0: f1->f1: max{0, A-B} [O(n)]
  2: f1->f1: max{0, (A-B)*(B-C+max{0, A-B})}+max{0, B-C} [O(n^2)]
  1: f3->f1: 1 [O(1)]

Sizebounds:
`Lower:
  0: f1->f1, A: A [O(n)]
  0: f1->f1, B: B [O(n)]
  0: f1->f1, C: C [O(n)]
  2: f1->f1, A: A [O(n)]
  2: f1->f1, B: B [O(n)]
  2: f1->f1, C: C [O(n)]
  1: f3->f1, A: A [O(n)]
  1: f3->f1, B: B [O(n)]
  1: f3->f1, C: C [O(n)]
`Upper:
  0: f1->f1, A: A [O(n)]
  0: f1->f1, B: B+max{0, A-B} [O(n)]
  0: f1->f1, C: C+max{0, (A-B)*(B-C+max{0, A-B})}+max{0, B-C} [O(n^2)]
  2: f1->f1, A: A [O(n)]
  2: f1->f1, B: B+max{0, A-B} [O(n)]
  2: f1->f1, C: C+max{0, (A-B)*(B-C+max{0, A-B})}+max{0, B-C} [O(n^2)]
  1: f3->f1, A: A [O(n)]
  1: f3->f1, B: B [O(n)]
  1: f3->f1, C: C [O(n)]
