Timebounds: 
  Overall timebound: max{3, 1+501-D} [O(n)]
  0: f1->f3: 1 [O(1)]
  1: f1->f1: max{0, 499-D} [O(n)]
  2: f2->f3: 1 [O(1)]
  3: f2->f1: 1 [O(1)]

Costbounds:
  Overall costbound: max{3, 1+501-D} [O(n)]
  0: f1->f3: 1 [O(1)]
  1: f1->f1: max{0, 499-D} [O(n)]
  2: f2->f3: 1 [O(1)]
  3: f2->f1: 1 [O(1)]

Sizebounds:
`Lower:
  0: f1->f3, A: 500 [O(1)]
  0: f1->f3, B: -inf [Infinity]
  0: f1->f3, C: -inf [Infinity]
  0: f1->f3, D: -inf [Infinity]
  0: f1->f3, E: -inf [Infinity]
  1: f1->f1, A: -inf [Infinity]
  1: f1->f1, B: B [O(n)]
  1: f1->f1, C: -inf [Infinity]
  1: f1->f1, D: -inf [Infinity]
  1: f1->f1, E: -inf [Infinity]
  2: f2->f3, A: 500 [O(1)]
  2: f2->f3, B: D [O(n)]
  2: f2->f3, C: 500 [O(1)]
  2: f2->f3, D: -inf [Infinity]
  2: f2->f3, E: -inf [Infinity]
  3: f2->f1, A: 1+D [O(n)]
  3: f2->f1, B: B [O(n)]
  3: f2->f1, C: D [O(n)]
  3: f2->f1, D: -inf [Infinity]
  3: f2->f1, E: -inf [Infinity]
`Upper:
  0: f1->f3, A: 500 [O(1)]
  0: f1->f3, B: inf [Infinity]
  0: f1->f3, C: 499 [O(1)]
  0: f1->f3, D: inf [Infinity]
  0: f1->f3, E: inf [Infinity]
  1: f1->f1, A: 500 [O(1)]
  1: f1->f1, B: B [O(n)]
  1: f1->f1, C: 498 [O(1)]
  1: f1->f1, D: inf [Infinity]
  1: f1->f1, E: inf [Infinity]
  2: f2->f3, A: E [O(n)]
  2: f2->f3, B: D [O(n)]
  2: f2->f3, C: E [O(n)]
  2: f2->f3, D: inf [Infinity]
  2: f2->f3, E: inf [Infinity]
  3: f2->f1, A: 500 [O(1)]
  3: f2->f1, B: B [O(n)]
  3: f2->f1, C: 499 [O(1)]
  3: f2->f1, D: inf [Infinity]
  3: f2->f1, E: inf [Infinity]
