Timebounds: 
  Overall timebound: 1+max{0, 3-B}+max{1, 3-A} [O(n)]
  3: f1->f2: 1 [O(1)]
  0: f2->f2: max{0, 2-A} [O(n)]
  1: f2->f2: max{0, 3-B} [O(n)]
  2: f2->f300: 1 [O(1)]

Costbounds:
  Overall costbound: 1+max{0, 3-B}+max{1, 3-A} [O(n)]
  3: f1->f2: 1 [O(1)]
  0: f2->f2: max{0, 2-A} [O(n)]
  1: f2->f2: max{0, 3-B} [O(n)]
  2: f2->f300: 1 [O(1)]

Sizebounds:
`Lower:
  3: f1->f2, A: A [O(n)]
  3: f1->f2, B: B [O(n)]
  3: f1->f2, C: C [O(n)]
  3: f1->f2, D: -inf [Infinity]
  0: f2->f2, A: -inf [Infinity]
  0: f2->f2, B: -inf [Infinity]
  0: f2->f2, C: C [O(n)]
  0: f2->f2, D: -inf [Infinity]
  1: f2->f2, A: -inf [Infinity]
  1: f2->f2, B: -inf [Infinity]
  1: f2->f2, C: C [O(n)]
  1: f2->f2, D: -inf [Infinity]
  2: f2->f300, A: 2 [O(1)]
  2: f2->f300, B: 3 [O(1)]
  2: f2->f300, C: -inf [Infinity]
  2: f2->f300, D: -inf [Infinity]
`Upper:
  3: f1->f2, A: A [O(n)]
  3: f1->f2, B: B [O(n)]
  3: f1->f2, C: C [O(n)]
  3: f1->f2, D: inf [Infinity]
  0: f2->f2, A: 2 [O(1)]
  0: f2->f2, B: max{3, B}+max{0, 2-A} [O(n)]
  0: f2->f2, C: C [O(n)]
  0: f2->f2, D: inf [Infinity]
  1: f2->f2, A: max{2, A}+max{0, 3-B} [O(n)]
  1: f2->f2, B: 3 [O(1)]
  1: f2->f2, C: C [O(n)]
  1: f2->f2, D: inf [Infinity]
  2: f2->f300, A: max{2, A, max{2, A}+max{0, 3-B}} [O(n)]
  2: f2->f300, B: max{3, B, max{3, B}+max{0, 2-A}} [O(n)]
  2: f2->f300, C: inf [Infinity]
  2: f2->f300, D: inf [Infinity]
