Timebounds: 
  Overall timebound: max{3, 3+A} [O(n)]
  4: f2->f300: 1 [O(1)]
  0: f300->f300: max{0, A} [O(n)]
  2: f300->f1: 1 [O(1)]
  3: f300->f1: 1 [O(1)]

Costbounds:
  Overall costbound: max{3, 3+A} [O(n)]
  4: f2->f300: 1 [O(1)]
  0: f300->f300: max{0, A} [O(n)]
  2: f300->f1: 1 [O(1)]
  3: f300->f1: 1 [O(1)]

Sizebounds:
`Lower:
  4: f2->f300, A: A [O(n)]
  4: f2->f300, B: B [O(n)]
  4: f2->f300, C: C [O(n)]
  0: f300->f300, A: -max{0, -A} [O(n)]
  0: f300->f300, B: -1 [O(1)]
  0: f300->f300, C: -max{0, -C} [O(n)]
  2: f300->f1, A: -max{0, -A} [O(n)]
  2: f300->f1, B: 1 [O(1)]
  3: f300->f1, A: -max{0, -A} [O(n)]
  3: f300->f1, B: -max{1, -B} [O(n)]
`Upper:
  4: f2->f300, A: A [O(n)]
  4: f2->f300, B: B [O(n)]
  4: f2->f300, C: C [O(n)]
  0: f300->f300, A: max{0, A} [O(n)]
  0: f300->f300, B: max{-2, -2+A} [O(n)]
  0: f300->f300, C: max{0, C} [O(n)]
  2: f300->f1, A: 0 [O(1)]
  2: f300->f1, B: max{-2, B, -2+A} [O(n)]
  3: f300->f1, A: max{0, A} [O(n)]
  3: f300->f1, B: 0 [O(1)]
