Timebounds: 
  Overall timebound: max{3, 1+2+B} [O(n)]
  0: f2->f2: max{0, B} [O(n)]
  2: f2->f4: 1 [O(1)]
  3: f2->f4: 1 [O(1)]
  1: f3->f2: 1 [O(1)]

Costbounds:
  Overall costbound: max{3, 1+2+A} [O(n)]
  0: f2->f2: max{0, A} [O(n)]
  2: f2->f4: 1 [O(1)]
  3: f2->f4: 1 [O(1)]
  1: f3->f2: 1 [O(1)]

Sizebounds:
`Lower:
  0: f2->f2, A: -max{0, -A} [O(n)]
  0: f2->f2, B: -max{0, -B} [O(n)]
  0: f2->f2, C: 1 [O(1)]
  0: f2->f2, D: 1 [O(1)]
  0: f2->f2, E: -1 [O(1)]
  0: f2->f2, F: -max{0, -F} [O(n)]
  2: f2->f4, A: -max{0, -A} [O(n)]
  2: f2->f4, C: -max{-1, -C} [O(n)]
  2: f2->f4, D: -max{-1, -D} [O(n)]
  2: f2->f4, E: -max{1, -E} [O(n)]
  3: f2->f4, A: -max{0, -A} [O(n)]
  3: f2->f4, B: 1 [O(1)]
  3: f2->f4, C: -max{-1, -C} [O(n)]
  3: f2->f4, D: -max{-1, -D} [O(n)]
  3: f2->f4, E: -max{1, -E} [O(n)]
  1: f3->f2, A: A [O(n)]
  1: f3->f2, B: B [O(n)]
  1: f3->f2, C: C [O(n)]
  1: f3->f2, D: D [O(n)]
  1: f3->f2, E: E [O(n)]
  1: f3->f2, F: F [O(n)]
`Upper:
  0: f2->f2, A: max{0, A} [O(n)]
  0: f2->f2, B: max{0, B} [O(n)]
  0: f2->f2, C: max{0, A} [O(n)]
  0: f2->f2, D: max{0, B} [O(n)]
  0: f2->f2, E: max{-2, -2+A} [O(n)]
  0: f2->f2, F: max{0, F} [O(n)]
  2: f2->f4, A: max{0, A} [O(n)]
  2: f2->f4, B: 0 [O(1)]
  2: f2->f4, C: max{0, C, A} [O(n)]
  2: f2->f4, D: max{0, D, B} [O(n)]
  2: f2->f4, E: max{-2, E, -2+A} [O(n)]
  3: f2->f4, A: 0 [O(1)]
  3: f2->f4, B: max{0, B} [O(n)]
  3: f2->f4, C: max{0, C, A} [O(n)]
  3: f2->f4, D: max{0, D, B} [O(n)]
  3: f2->f4, E: max{-2, E, -2+A} [O(n)]
  1: f3->f2, A: A [O(n)]
  1: f3->f2, B: B [O(n)]
  1: f3->f2, C: C [O(n)]
  1: f3->f2, D: D [O(n)]
  1: f3->f2, E: E [O(n)]
  1: f3->f2, F: F [O(n)]
