Timebounds: 
  Overall timebound: max{2, 2+1+A} [O(n)]
  2: f2->f300: 1 [O(1)]
  0: f300->f1: 1 [O(1)]
  1: f300->f300: max{0, 1+A} [O(n)]

Costbounds:
  Overall costbound: max{2, 2+1+A} [O(n)]
  2: f2->f300: 1 [O(1)]
  0: f300->f1: 1 [O(1)]
  1: f300->f300: max{0, 1+A} [O(n)]

Sizebounds:
`Lower:
  2: f2->f300, A: A [O(n)]
  2: f2->f300, B: B [O(n)]
  0: f300->f1, A: -max{1, -A} [O(n)]
  1: f300->f300, A: -1 [O(1)]
  1: f300->f300, B: B [O(n)]
`Upper:
  2: f2->f300, A: A [O(n)]
  2: f2->f300, B: B [O(n)]
  0: f300->f1, A: -1 [O(1)]
  1: f300->f300, A: A [O(n)]
  1: f300->f300, B: B [O(n)]
