Timebounds: 
  Overall timebound: inf [Infinity]
  8: f1->f1: inf [Infinity]
  11: f1->f300: max{0, E-B} [O(n)]
  1: f15->f8: 1 [O(1)]
  2: f300->f8: max{0, E-B} [O(n)]
  9: f300->f1: max{0, -5*B+5*E} [O(n)]
  0: f8->f32: 1 [O(1)]
  3: f8->f8: max{0, (-2*B+2*E)*(E-A)}+max{0, B-A} [O(n^2)]
  7: f8->f1: max{0, -2*B+2*E} [O(n)]

Costbounds:
  Overall costbound: inf [Infinity]
  8: f1->f1: inf [Infinity]
  11: f1->f300: max{0, E-B} [O(n)]
  1: f15->f8: 1 [O(1)]
  2: f300->f8: max{0, E-B} [O(n)]
  9: f300->f1: max{0, -5*B+5*E} [O(n)]
  0: f8->f32: 1 [O(1)]
  3: f8->f8: max{0, (-2*B+2*E)*(E-A)}+max{0, B-A} [O(n^2)]
  7: f8->f1: max{0, -2*B+2*E} [O(n)]

Sizebounds:
`Lower:
  8: f1->f1, A: A [O(n)]
  8: f1->f1, B: B [O(n)]
  8: f1->f1, D: N [O(n)]
  8: f1->f1, E: E [O(n)]
  8: f1->f1, H: 0 [O(1)]
  8: f1->f1, I: I [O(n)]
  8: f1->f1, J: 0 [O(1)]
  8: f1->f1, K: 0 [O(1)]
  8: f1->f1, L: L [O(n)]
  8: f1->f1, M: -max{-5, -5, -M} [O(n)]
  11: f1->f300, A: A [O(n)]
  11: f1->f300, B: B [O(n)]
  11: f1->f300, D: N [O(n)]
  11: f1->f300, E: E [O(n)]
  11: f1->f300, H: 1 [O(1)]
  11: f1->f300, I: I [O(n)]
  11: f1->f300, J: 1 [O(1)]
  11: f1->f300, K: 1 [O(1)]
  11: f1->f300, L: L [O(n)]
  11: f1->f300, M: 5 [O(1)]
  1: f15->f8, A: A [O(n)]
  1: f15->f8, B: B [O(n)]
  1: f15->f8, C: C [O(n)]
  1: f15->f8, D: N [O(n)]
  1: f15->f8, E: E [O(n)]
  1: f15->f8, F: F [O(n)]
  1: f15->f8, G: G [O(n)]
  1: f15->f8, H: H [O(n)]
  1: f15->f8, I: I [O(n)]
  1: f15->f8, J: J [O(n)]
  1: f15->f8, K: K [O(n)]
  1: f15->f8, L: L [O(n)]
  1: f15->f8, M: M [O(n)]
  2: f300->f8, A: A [O(n)]
  2: f300->f8, B: B [O(n)]
  2: f300->f8, D: N [O(n)]
  2: f300->f8, E: E [O(n)]
  2: f300->f8, H: 1 [O(1)]
  2: f300->f8, I: I [O(n)]
  2: f300->f8, J: 1 [O(1)]
  2: f300->f8, K: 1 [O(1)]
  2: f300->f8, L: L [O(n)]
  2: f300->f8, M: 5 [O(1)]
  9: f300->f1, A: A [O(n)]
  9: f300->f1, B: B [O(n)]
  9: f300->f1, D: N [O(n)]
  9: f300->f1, E: E [O(n)]
  9: f300->f1, H: 0 [O(1)]
  9: f300->f1, I: I [O(n)]
  9: f300->f1, J: 0 [O(1)]
  9: f300->f1, K: 0 [O(1)]
  9: f300->f1, L: L [O(n)]
  9: f300->f1, M: 5 [O(1)]
  0: f8->f32, A: A [O(n)]
  0: f8->f32, B: B [O(n)]
  0: f8->f32, D: N [O(n)]
  0: f8->f32, E: E [O(n)]
  0: f8->f32, H: -max{-1, -H} [O(n)]
  0: f8->f32, I: I [O(n)]
  0: f8->f32, J: -max{-1, -J} [O(n)]
  0: f8->f32, K: -max{-1, -K} [O(n)]
  0: f8->f32, L: L [O(n)]
  0: f8->f32, M: -max{-5, -M} [O(n)]
  3: f8->f8, A: A [O(n)]
  3: f8->f8, B: B [O(n)]
  3: f8->f8, D: N [O(n)]
  3: f8->f8, E: E [O(n)]
  3: f8->f8, H: -max{-1, -H} [O(n)]
  3: f8->f8, I: I [O(n)]
  3: f8->f8, J: -max{-1, -J} [O(n)]
  3: f8->f8, K: -max{-1, -K} [O(n)]
  3: f8->f8, L: L [O(n)]
  3: f8->f8, M: -max{-5, -M} [O(n)]
  7: f8->f1, A: A [O(n)]
  7: f8->f1, B: B [O(n)]
  7: f8->f1, D: N [O(n)]
  7: f8->f1, E: E [O(n)]
  7: f8->f1, H: 0 [O(1)]
  7: f8->f1, I: I [O(n)]
  7: f8->f1, J: 0 [O(1)]
  7: f8->f1, K: 0 [O(1)]
  7: f8->f1, L: L [O(n)]
  7: f8->f1, M: -max{-5, -M} [O(n)]
`Upper:
  8: f1->f1, A: A+max{0, (-2*B+2*E)*(E-A)}+max{0, B-A}+max{0, E-B} [O(n^2)]
  8: f1->f1, B: B+max{0, E-B} [O(n)]
  8: f1->f1, D: N [O(n)]
  8: f1->f1, E: E [O(n)]
  8: f1->f1, H: 0 [O(1)]
  8: f1->f1, I: I [O(n)]
  8: f1->f1, J: 0 [O(1)]
  8: f1->f1, K: 0 [O(1)]
  8: f1->f1, L: L [O(n)]
  8: f1->f1, M: 4 [O(1)]
  11: f1->f300, A: A+max{0, (-2*B+2*E)*(E-A)}+max{0, B-A}+max{0, E-B} [O(n^2)]
  11: f1->f300, B: B+max{0, E-B} [O(n)]
  11: f1->f300, D: N [O(n)]
  11: f1->f300, E: E [O(n)]
  11: f1->f300, H: 1 [O(1)]
  11: f1->f300, I: I [O(n)]
  11: f1->f300, J: 1 [O(1)]
  11: f1->f300, K: 1 [O(1)]
  11: f1->f300, L: L [O(n)]
  11: f1->f300, M: max{4, M} [O(n)]
  1: f15->f8, A: A [O(n)]
  1: f15->f8, B: B [O(n)]
  1: f15->f8, C: C [O(n)]
  1: f15->f8, D: N [O(n)]
  1: f15->f8, E: E [O(n)]
  1: f15->f8, F: F [O(n)]
  1: f15->f8, G: G [O(n)]
  1: f15->f8, H: H [O(n)]
  1: f15->f8, I: I [O(n)]
  1: f15->f8, J: J [O(n)]
  1: f15->f8, K: K [O(n)]
  1: f15->f8, L: L [O(n)]
  1: f15->f8, M: M [O(n)]
  2: f300->f8, A: A+max{0, (-2*B+2*E)*(E-A)}+max{0, B-A}+max{0, E-B} [O(n^2)]
  2: f300->f8, B: B+max{0, E-B} [O(n)]
  2: f300->f8, D: N [O(n)]
  2: f300->f8, E: E [O(n)]
  2: f300->f8, H: 1 [O(1)]
  2: f300->f8, I: I [O(n)]
  2: f300->f8, J: 1 [O(1)]
  2: f300->f8, K: 1 [O(1)]
  2: f300->f8, L: L [O(n)]
  2: f300->f8, M: max{4, M} [O(n)]
  9: f300->f1, A: A+max{0, (-2*B+2*E)*(E-A)}+max{0, B-A}+max{0, E-B} [O(n^2)]
  9: f300->f1, B: B+max{0, E-B} [O(n)]
  9: f300->f1, D: N [O(n)]
  9: f300->f1, E: E [O(n)]
  9: f300->f1, H: 0 [O(1)]
  9: f300->f1, I: I [O(n)]
  9: f300->f1, J: 0 [O(1)]
  9: f300->f1, K: 0 [O(1)]
  9: f300->f1, L: L [O(n)]
  9: f300->f1, M: max{4, M} [O(n)]
  0: f8->f32, A: max{A, A+max{0, (-2*B+2*E)*(E-A)}+max{0, B-A}+max{0, E-B}} [O(n^2)]
  0: f8->f32, B: max{B, B+max{0, E-B}} [O(n)]
  0: f8->f32, D: N [O(n)]
  0: f8->f32, E: E [O(n)]
  0: f8->f32, H: max{1, H} [O(n)]
  0: f8->f32, I: I [O(n)]
  0: f8->f32, J: max{1, J} [O(n)]
  0: f8->f32, K: max{1, K} [O(n)]
  0: f8->f32, L: L [O(n)]
  0: f8->f32, M: max{4, M} [O(n)]
  3: f8->f8, A: A+max{0, (-2*B+2*E)*(E-A)}+max{0, B-A}+max{0, E-B} [O(n^2)]
  3: f8->f8, B: B+max{0, E-B} [O(n)]
  3: f8->f8, D: N [O(n)]
  3: f8->f8, E: E [O(n)]
  3: f8->f8, H: max{1, H} [O(n)]
  3: f8->f8, I: I [O(n)]
  3: f8->f8, J: max{1, J} [O(n)]
  3: f8->f8, K: max{1, K} [O(n)]
  3: f8->f8, L: L [O(n)]
  3: f8->f8, M: max{4, M} [O(n)]
  7: f8->f1, A: A+max{0, (-2*B+2*E)*(E-A)}+max{0, B-A}+max{0, E-B} [O(n^2)]
  7: f8->f1, B: B+max{0, E-B} [O(n)]
  7: f8->f1, D: N [O(n)]
  7: f8->f1, E: E [O(n)]
  7: f8->f1, H: 0 [O(1)]
  7: f8->f1, I: I [O(n)]
  7: f8->f1, J: 0 [O(1)]
  7: f8->f1, K: 0 [O(1)]
  7: f8->f1, L: L [O(n)]
  7: f8->f1, M: max{4, M} [O(n)]
