Timebounds: 
  Overall timebound: inf [Infinity]
  2: f1->f2: 1 [O(1)]
  0: f2->f300: 1 [O(1)]
  1: f2->f2: inf [Infinity]

Costbounds:
  Overall costbound: inf [Infinity]
  2: f1->f2: 1 [O(1)]
  0: f2->f300: 1 [O(1)]
  1: f2->f2: inf [Infinity]

Sizebounds:
`Lower:
  2: f1->f2, A: A [O(n)]
  2: f1->f2, B: B [O(n)]
  2: f1->f2, C: C [O(n)]
  2: f1->f2, D: D [O(n)]
  2: f1->f2, E: E [O(n)]
  2: f1->f2, F: K [O(n)]
  2: f1->f2, G: L [O(n)]
  2: f1->f2, H: M [O(n)]
  2: f1->f2, I: M [O(n)]
  2: f1->f2, J: K [O(n)]
  0: f2->f300, A: -max{-1, -A} [O(n)]
  0: f2->f300, F: K [O(n)]
  0: f2->f300, G: L [O(n)]
  0: f2->f300, H: M [O(n)]
  0: f2->f300, I: M [O(n)]
  0: f2->f300, J: K [O(n)]
  1: f2->f2, A: 1 [O(1)]
  1: f2->f2, D: D [O(n)]
  1: f2->f2, F: K [O(n)]
  1: f2->f2, G: L [O(n)]
  1: f2->f2, H: M [O(n)]
  1: f2->f2, I: M [O(n)]
  1: f2->f2, J: K [O(n)]
`Upper:
  2: f1->f2, A: A [O(n)]
  2: f1->f2, B: B [O(n)]
  2: f1->f2, C: C [O(n)]
  2: f1->f2, D: D [O(n)]
  2: f1->f2, E: E [O(n)]
  2: f1->f2, F: K [O(n)]
  2: f1->f2, G: L [O(n)]
  2: f1->f2, H: M [O(n)]
  2: f1->f2, I: M [O(n)]
  2: f1->f2, J: K [O(n)]
  0: f2->f300, A: 0 [O(1)]
  0: f2->f300, F: K [O(n)]
  0: f2->f300, G: L [O(n)]
  0: f2->f300, H: M [O(n)]
  0: f2->f300, I: M [O(n)]
  0: f2->f300, J: K [O(n)]
  1: f2->f2, A: A [O(n)]
  1: f2->f2, D: D [O(n)]
  1: f2->f2, F: K [O(n)]
  1: f2->f2, G: L [O(n)]
  1: f2->f2, H: M [O(n)]
  1: f2->f2, I: M [O(n)]
  1: f2->f2, J: K [O(n)]
