Timebounds: 
  Overall timebound: inf [Infinity]
  4: f2->f300: 1 [O(1)]
  0: f300->f300: max{0, -B} [O(n)]
  1: f300->f300: inf [Infinity]
  2: f300->f300: max{0, -99*B} [O(n)]
  3: f300->f1: 1 [O(1)]

Costbounds:
  Overall costbound: inf [Infinity]
  4: f2->f300: 1 [O(1)]
  0: f300->f300: max{0, -B} [O(n)]
  1: f300->f300: inf [Infinity]
  2: f300->f300: max{0, -99*B} [O(n)]
  3: f300->f1: 1 [O(1)]

Sizebounds:
`Lower:
  4: f2->f300, A: A [O(n)]
  4: f2->f300, B: B [O(n)]
  4: f2->f300, C: C [O(n)]
  4: f2->f300, D: -inf [Infinity]
  0: f300->f300, A: -inf [Infinity]
  0: f300->f300, B: 0 [O(1)]
  0: f300->f300, C: C [O(n)]
  0: f300->f300, D: -inf [Infinity]
  1: f300->f300, A: -inf [Infinity]
  1: f300->f300, B: -inf [Infinity]
  1: f300->f300, C: C [O(n)]
  1: f300->f300, D: -inf [Infinity]
  2: f300->f300, A: -inf [Infinity]
  2: f300->f300, B: -inf [Infinity]
  2: f300->f300, C: C [O(n)]
  2: f300->f300, D: -inf [Infinity]
  3: f300->f1, A: 0 [O(1)]
  3: f300->f1, B: -inf [Infinity]
  3: f300->f1, C: -inf [Infinity]
  3: f300->f1, D: -inf [Infinity]
`Upper:
  4: f2->f300, A: A [O(n)]
  4: f2->f300, B: B [O(n)]
  4: f2->f300, C: C [O(n)]
  4: f2->f300, D: inf [Infinity]
  0: f300->f300, A: -100 [O(1)]
  0: f300->f300, B: 0 [O(1)]
  0: f300->f300, C: C [O(n)]
  0: f300->f300, D: inf [Infinity]
  1: f300->f300, A: 0 [O(1)]
  1: f300->f300, B: inf [Infinity]
  1: f300->f300, C: C [O(n)]
  1: f300->f300, D: inf [Infinity]
  2: f300->f300, A: 0 [O(1)]
  2: f300->f300, B: -1 [O(1)]
  2: f300->f300, C: C [O(n)]
  2: f300->f300, D: inf [Infinity]
  3: f300->f1, A: max{0, A} [O(n)]
  3: f300->f1, B: inf [Infinity]
  3: f300->f1, C: inf [Infinity]
  3: f300->f1, D: inf [Infinity]
