Timebounds: 
  Overall timebound: max{0, -D}+max{3, 3-D} [O(n)]
  0: f2->f1: 1 [O(1)]
  1: f2->f300: 1 [O(1)]
  2: f300->f1: 1 [O(1)]
  3: f300->f300: max{0, -D} [O(n)]
  4: f300->f300: max{0, -D} [O(n)]

Costbounds:
  Overall costbound: max{0, -D}+max{3, 3-D} [O(n)]
  0: f2->f1: 1 [O(1)]
  1: f2->f300: 1 [O(1)]
  2: f300->f1: 1 [O(1)]
  3: f300->f300: max{0, -D} [O(n)]
  4: f300->f300: max{0, -D} [O(n)]

Sizebounds:
`Lower:
  0: f2->f1, A: A [O(n)]
  0: f2->f1, B: F [O(n)]
  0: f2->f1, C: C [O(n)]
  0: f2->f1, D: D [O(n)]
  0: f2->f1, E: E [O(n)]
  1: f2->f300, A: 2 [O(1)]
  1: f2->f300, B: B [O(n)]
  1: f2->f300, C: 2 [O(1)]
  1: f2->f300, D: D [O(n)]
  1: f2->f300, E: E [O(n)]
  2: f300->f1, A: 2 [O(1)]
  2: f300->f1, C: 2 [O(1)]
  2: f300->f1, D: -1 [O(1)]
  2: f300->f1, E: -max{-1, -E} [O(n)]
  3: f300->f300, A: 2 [O(1)]
  3: f300->f300, B: B [O(n)]
  3: f300->f300, C: 2 [O(1)]
  3: f300->f300, D: D [O(n)]
  3: f300->f300, E: 1 [O(1)]
  4: f300->f300, A: 2 [O(1)]
  4: f300->f300, B: B [O(n)]
  4: f300->f300, C: 2 [O(1)]
  4: f300->f300, D: D [O(n)]
  4: f300->f300, E: -max{-1, -E} [O(n)]
`Upper:
  0: f2->f1, A: 1 [O(1)]
  0: f2->f1, B: F [O(n)]
  0: f2->f1, C: C [O(n)]
  0: f2->f1, D: D [O(n)]
  0: f2->f1, E: E [O(n)]
  1: f2->f300, A: A [O(n)]
  1: f2->f300, B: B [O(n)]
  1: f2->f300, C: C [O(n)]
  1: f2->f300, D: D [O(n)]
  1: f2->f300, E: E [O(n)]
  2: f300->f1, A: A [O(n)]
  2: f300->f1, C: C [O(n)]
  2: f300->f1, D: max{-1, D} [O(n)]
  2: f300->f1, E: max{-1, E, max{-1, E}+max{0, -D}} [O(n)]
  3: f300->f300, A: A [O(n)]
  3: f300->f300, B: B [O(n)]
  3: f300->f300, C: C [O(n)]
  3: f300->f300, D: -1 [O(1)]
  3: f300->f300, E: max{-1, E}+max{0, -D} [O(n)]
  4: f300->f300, A: A [O(n)]
  4: f300->f300, B: B [O(n)]
  4: f300->f300, C: C [O(n)]
  4: f300->f300, D: -1 [O(1)]
  4: f300->f300, E: -1 [O(1)]
