Timebounds: 
  Overall timebound: 3 [O(1)]
  2: f1->f300: 1 [O(1)]
  3: f1->f300: 1 [O(1)]
  4: f1->f300: 1 [O(1)]

Costbounds:
  Overall costbound: 3 [O(1)]
  2: f1->f300: 1 [O(1)]
  3: f1->f300: 1 [O(1)]
  4: f1->f300: 1 [O(1)]

Sizebounds:
`Lower:
  2: f1->f300, A: A [O(n)]
  2: f1->f300, B: 1+A [O(n)]
  2: f1->f300, C: 2+A [O(n)]
  2: f1->f300, D: E [O(n)]
  3: f1->f300, A: A [O(n)]
  3: f1->f300, B: 1+A [O(n)]
  3: f1->f300, C: C [O(n)]
  3: f1->f300, D: E [O(n)]
  4: f1->f300, A: A [O(n)]
  4: f1->f300, B: B [O(n)]
  4: f1->f300, C: C [O(n)]
  4: f1->f300, D: E [O(n)]
`Upper:
  2: f1->f300, A: A [O(n)]
  2: f1->f300, B: B [O(n)]
  2: f1->f300, C: C [O(n)]
  2: f1->f300, D: E [O(n)]
  3: f1->f300, A: A [O(n)]
  3: f1->f300, B: B [O(n)]
  3: f1->f300, C: B [O(n)]
  3: f1->f300, D: E [O(n)]
  4: f1->f300, A: A [O(n)]
  4: f1->f300, B: A [O(n)]
  4: f1->f300, C: C [O(n)]
  4: f1->f300, D: E [O(n)]
