Timebounds: 
  Overall timebound: max{0, B-A}+max{2, 2+B-A}+max{0, B-A} [O(n)]
  0: f2->f300: 1 [O(1)]
  1: f300->f300: max{0, B-A} [O(n)]
  2: f300->f300: max{0, B-A} [O(n)]
  3: f300->f300: max{0, B-A} [O(n)]
  4: f300->f1: 1 [O(1)]

Costbounds:
  Overall costbound: max{0, B-A}+max{2, 2+B-A}+max{0, B-A} [O(n)]
  0: f2->f300: 1 [O(1)]
  1: f300->f300: max{0, B-A} [O(n)]
  2: f300->f300: max{0, B-A} [O(n)]
  3: f300->f300: max{0, B-A} [O(n)]
  4: f300->f1: 1 [O(1)]

Sizebounds:
`Lower:
  0: f2->f300, A: A [O(n)]
  0: f2->f300, B: B [O(n)]
  0: f2->f300, C: C [O(n)]
  0: f2->f300, D: D [O(n)]
  1: f300->f300, A: -max{0, -A} [O(n)]
  1: f300->f300, B: -max{0, -B} [O(n)]
  1: f300->f300, D: -max{0, -D} [O(n)]
  2: f300->f300, A: -max{0, -A} [O(n)]
  2: f300->f300, B: -max{0, -B} [O(n)]
  2: f300->f300, D: -max{0, -D} [O(n)]
  3: f300->f300, A: -max{0, -A} [O(n)]
  3: f300->f300, B: -max{0, -B} [O(n)]
  3: f300->f300, C: 0 [O(1)]
  3: f300->f300, D: -max{0, -D} [O(n)]
  4: f300->f1, A: -max{0, -A} [O(n)]
  4: f300->f1, B: -max{0, -B} [O(n)]
`Upper:
  0: f2->f300, A: A [O(n)]
  0: f2->f300, B: B [O(n)]
  0: f2->f300, C: C [O(n)]
  0: f2->f300, D: D [O(n)]
  1: f300->f300, A: 2*max{0, B-A}+max{0, A} [O(n)]
  1: f300->f300, B: max{0, B} [O(n)]
  1: f300->f300, D: max{0, D} [O(n)]
  2: f300->f300, A: 2*max{0, B-A}+max{0, A} [O(n)]
  2: f300->f300, B: max{0, B} [O(n)]
  2: f300->f300, C: -1 [O(1)]
  2: f300->f300, D: max{0, D} [O(n)]
  3: f300->f300, A: 2*max{0, B-A}+max{0, A} [O(n)]
  3: f300->f300, B: max{0, B} [O(n)]
  3: f300->f300, C: 0 [O(1)]
  3: f300->f300, D: max{0, D} [O(n)]
  4: f300->f1, A: max{A, 2*max{0, B-A}+max{0, A}} [O(n)]
  4: f300->f1, B: max{A, 2*max{0, B-A}+max{0, A}} [O(n)]
