Timebounds: 
  Overall timebound: 103 [O(1)]
  2: f2->f300: 1 [O(1)]
  3: f2->f3: 1 [O(1)]
  0: f300->f300: 100 [O(1)]
  1: f300->f3: 1 [O(1)]

Costbounds:
  Overall costbound: 103 [O(1)]
  2: f2->f300: 1 [O(1)]
  3: f2->f3: 1 [O(1)]
  0: f300->f300: 100 [O(1)]
  1: f300->f3: 1 [O(1)]

Sizebounds:
`Lower:
  2: f2->f300, A: 1 [O(1)]
  2: f2->f300, B: 1 [O(1)]
  2: f2->f300, C: C [O(n)]
  2: f2->f300, D: D [O(n)]
  2: f2->f300, E: E [O(n)]
  3: f2->f3, A: 0 [O(1)]
  3: f2->f3, B: B [O(n)]
  3: f2->f3, C: 0 [O(1)]
  3: f2->f3, D: 0 [O(1)]
  3: f2->f3, E: 0 [O(1)]
  0: f300->f300, A: 2 [O(1)]
  0: f300->f300, B: 0 [O(1)]
  0: f300->f300, C: -max{0, -C} [O(n)]
  0: f300->f300, D: -max{0, -D} [O(n)]
  0: f300->f300, E: -max{0, -E} [O(n)]
  1: f300->f3, A: 101 [O(1)]
  1: f300->f3, B: 1 [O(1)]
  1: f300->f3, C: 0 [O(1)]
  1: f300->f3, D: 0 [O(1)]
  1: f300->f3, E: 0 [O(1)]
`Upper:
  2: f2->f300, A: 1 [O(1)]
  2: f2->f300, B: B [O(n)]
  2: f2->f300, C: C [O(n)]
  2: f2->f300, D: D [O(n)]
  2: f2->f300, E: E [O(n)]
  3: f2->f3, A: 0 [O(1)]
  3: f2->f3, B: 0 [O(1)]
  3: f2->f3, C: 0 [O(1)]
  3: f2->f3, D: 0 [O(1)]
  3: f2->f3, E: 0 [O(1)]
  0: f300->f300, A: 101 [O(1)]
  0: f300->f300, B: max{0, B} [O(n)]
  0: f300->f300, C: max{0, C} [O(n)]
  0: f300->f300, D: max{0, D} [O(n)]
  0: f300->f300, E: max{0, E} [O(n)]
  1: f300->f3, A: 101 [O(1)]
  1: f300->f3, B: max{0, B} [O(n)]
  1: f300->f3, C: 0 [O(1)]
  1: f300->f3, D: 0 [O(1)]
  1: f300->f3, E: 0 [O(1)]
