Timebounds: 
  Overall timebound: 903 [O(1)]
  3: f1->f300: 1 [O(1)]
  0: f300->f300: 900 [O(1)]
  1: f300->f2: 1 [O(1)]
  2: f300->f2: 1 [O(1)]

Costbounds:
  Overall costbound: 903 [O(1)]
  3: f1->f300: 1 [O(1)]
  0: f300->f300: 900 [O(1)]
  1: f300->f2: 1 [O(1)]
  2: f300->f2: 1 [O(1)]

Sizebounds:
`Lower:
  3: f1->f300, A: 1000 [O(1)]
  3: f1->f300, B: B [O(n)]
  3: f1->f300, C: C [O(n)]
  3: f1->f300, D: D [O(n)]
  3: f1->f300, E: E [O(n)]
  0: f300->f300, A: 100 [O(1)]
  0: f300->f300, C: -max{0, -C} [O(n)]
  0: f300->f300, D: -max{0, -D} [O(n)]
  0: f300->f300, E: -max{0, -E} [O(n)]
  1: f300->f2, A: 100 [O(1)]
  1: f300->f2, C: 0 [O(1)]
  1: f300->f2, D: 0 [O(1)]
  1: f300->f2, E: 0 [O(1)]
  2: f300->f2, A: 100 [O(1)]
  2: f300->f2, B: 10 [O(1)]
  2: f300->f2, C: 0 [O(1)]
  2: f300->f2, D: 0 [O(1)]
  2: f300->f2, E: 0 [O(1)]
`Upper:
  3: f1->f300, A: 1000 [O(1)]
  3: f1->f300, B: B [O(n)]
  3: f1->f300, C: C [O(n)]
  3: f1->f300, D: D [O(n)]
  3: f1->f300, E: E [O(n)]
  0: f300->f300, A: 999 [O(1)]
  0: f300->f300, B: 9 [O(1)]
  0: f300->f300, C: max{0, C} [O(n)]
  0: f300->f300, D: max{0, D} [O(n)]
  0: f300->f300, E: max{0, E} [O(n)]
  1: f300->f2, A: 100 [O(1)]
  1: f300->f2, B: 9 [O(1)]
  1: f300->f2, C: 0 [O(1)]
  1: f300->f2, D: 0 [O(1)]
  1: f300->f2, E: 0 [O(1)]
  2: f300->f2, A: 1000 [O(1)]
  2: f300->f2, B: max{9, B} [O(n)]
  2: f300->f2, C: 0 [O(1)]
  2: f300->f2, D: 0 [O(1)]
  2: f300->f2, E: 0 [O(1)]
