Timebounds: 
  Overall timebound: max{3, 3+A-B} [O(n)]
  0: f4->f4: max{0, A-B} [O(n)]
  1: f4->f6: 1 [O(1)]
  2: f5->f4: 1 [O(1)]
  3: f5->f6: 1 [O(1)]

Costbounds:
  Overall costbound: max{3, 3+A-B} [O(n)]
  0: f4->f4: max{0, A-B} [O(n)]
  1: f4->f6: 1 [O(1)]
  2: f5->f4: 1 [O(1)]
  3: f5->f6: 1 [O(1)]

Sizebounds:
`Lower:
  0: f4->f4, A: B [O(n)]
  0: f4->f4, B: B [O(n)]
  0: f4->f4, C: C [O(n)]
  0: f4->f4, D: D [O(n)]
  0: f4->f4, E: E [O(n)]
  0: f4->f4, F: F [O(n)]
  0: f4->f4, G: G [O(n)]
  1: f4->f6, A: -max{-A, -B} [O(n)]
  1: f4->f6, B: B [O(n)]
  1: f4->f6, C: 0 [O(1)]
  1: f4->f6, D: 0 [O(1)]
  1: f4->f6, E: 0 [O(1)]
  1: f4->f6, F: 0 [O(1)]
  1: f4->f6, G: 0 [O(1)]
  2: f5->f4, A: A [O(n)]
  2: f5->f4, B: B [O(n)]
  2: f5->f4, C: C [O(n)]
  2: f5->f4, D: D [O(n)]
  2: f5->f4, E: E [O(n)]
  2: f5->f4, F: F [O(n)]
  2: f5->f4, G: G [O(n)]
  3: f5->f6, A: A [O(n)]
  3: f5->f6, B: 0 [O(1)]
  3: f5->f6, C: 0 [O(1)]
  3: f5->f6, D: 0 [O(1)]
  3: f5->f6, E: 0 [O(1)]
  3: f5->f6, F: 0 [O(1)]
  3: f5->f6, G: 0 [O(1)]
`Upper:
  0: f4->f4, A: A [O(n)]
  0: f4->f4, B: -1 [O(1)]
  0: f4->f4, C: C [O(n)]
  0: f4->f4, D: D [O(n)]
  0: f4->f4, E: E [O(n)]
  0: f4->f4, F: F [O(n)]
  0: f4->f4, G: G [O(n)]
  1: f4->f6, A: -1 [O(1)]
  1: f4->f6, B: -1 [O(1)]
  1: f4->f6, C: 0 [O(1)]
  1: f4->f6, D: 0 [O(1)]
  1: f4->f6, E: 0 [O(1)]
  1: f4->f6, F: 0 [O(1)]
  1: f4->f6, G: 0 [O(1)]
  2: f5->f4, A: A [O(n)]
  2: f5->f4, B: -1 [O(1)]
  2: f5->f4, C: C [O(n)]
  2: f5->f4, D: D [O(n)]
  2: f5->f4, E: E [O(n)]
  2: f5->f4, F: F [O(n)]
  2: f5->f4, G: G [O(n)]
  3: f5->f6, A: A [O(n)]
  3: f5->f6, B: B [O(n)]
  3: f5->f6, C: 0 [O(1)]
  3: f5->f6, D: 0 [O(1)]
  3: f5->f6, E: 0 [O(1)]
  3: f5->f6, F: 0 [O(1)]
  3: f5->f6, G: 0 [O(1)]
