Timebounds: 
  Overall timebound: inf [Infinity]
  1: f1->f300: 1 [O(1)]
  2: f2->f1: 1 [O(1)]

Costbounds:
  Overall costbound: inf [Infinity]
  0: f1->f1: inf [Infinity]
  1: f1->f300: 1 [O(1)]
  2: f2->f1: 1 [O(1)]

Sizebounds:
`Lower:
  0: f1->f1, A: -max{0, -A} [O(n)]
  0: f1->f1, E: -max{0, -E} [O(n)]
  0: f1->f1, F: -max{0, -H} [O(n)]
  0: f1->f1, G: -max{0, -H} [O(n)]
  1: f1->f300, A: -max{0, -A} [O(n)]
  1: f1->f300, B: -max{0, -A} [O(n)]
  1: f1->f300, F: -max{0, -H} [O(n)]
  1: f1->f300, G: -max{0, -H} [O(n)]
  2: f2->f1, A: A [O(n)]
  2: f2->f1, B: B [O(n)]
  2: f2->f1, C: C [O(n)]
  2: f2->f1, D: D [O(n)]
  2: f2->f1, E: E [O(n)]
  2: f2->f1, F: H [O(n)]
  2: f2->f1, G: H [O(n)]
`Upper:
  0: f1->f1, A: max{0, A} [O(n)]
  0: f1->f1, B: max{-1, -1+A} [O(n)]
  0: f1->f1, E: max{0, E} [O(n)]
  0: f1->f1, F: max{0, H} [O(n)]
  0: f1->f1, G: max{0, H} [O(n)]
  1: f1->f300, A: max{0, A} [O(n)]
  1: f1->f300, B: max{-1, B, -1+A} [O(n)]
  1: f1->f300, F: max{0, H} [O(n)]
  1: f1->f300, G: max{0, H} [O(n)]
  2: f2->f1, A: A [O(n)]
  2: f2->f1, B: B [O(n)]
  2: f2->f1, C: C [O(n)]
  2: f2->f1, D: D [O(n)]
  2: f2->f1, E: E [O(n)]
  2: f2->f1, F: H [O(n)]
  2: f2->f1, G: H [O(n)]
