Timebounds: 
  Overall timebound: 2+max{0, B, A}+max{0, max{0, A}+max{0, -A}}+max{0, B, A}+max{2, 2+A-B} [O(n)]
  0: f0->f1: 1 [O(1)]
  1: f1->f1: max{0, A-B} [O(n)]
  2: f1->f2: 1 [O(1)]
  3: f2->f2: max{0, B, A} [O(n)]
  4: f2->f3: 1 [O(1)]
  5: f3->f3: max{0, max{0, A}+max{0, -A}} [O(n)]
  6: f3->f4: 1 [O(1)]
  7: f4->f4: max{0, B, A} [O(n)]

Costbounds:
  Overall costbound: 2+max{0, B, A}+max{0, max{0, A}+max{0, -A}}+max{0, B, A}+max{2, 2+A-B} [O(n)]
  0: f0->f1: 1 [O(1)]
  1: f1->f1: max{0, A-B} [O(n)]
  2: f1->f2: 1 [O(1)]
  3: f2->f2: max{0, B, A} [O(n)]
  4: f2->f3: 1 [O(1)]
  5: f3->f3: max{0, max{0, A}+max{0, -A}} [O(n)]
  6: f3->f4: 1 [O(1)]
  7: f4->f4: max{0, B, A} [O(n)]

Sizebounds:
`Lower:
  0: f0->f1, A: A [O(n)]
  0: f0->f1, B: B [O(n)]
  0: f0->f1, C: C [O(n)]
  0: f0->f1, D: D [O(n)]
  0: f0->f1, E: E [O(n)]
  1: f1->f1, A: -max{0, -A} [O(n)]
  1: f1->f1, C: -max{0, -C} [O(n)]
  1: f1->f1, D: -max{0, -D} [O(n)]
  1: f1->f1, E: -max{0, -E} [O(n)]
  2: f1->f2, A: -max{0, -A} [O(n)]
  2: f1->f2, B: -max{0, -A} [O(n)]
  2: f1->f2, C: -max{0, -A} [O(n)]
  2: f1->f2, D: -max{0, -D} [O(n)]
  2: f1->f2, E: -max{0, -E} [O(n)]
  3: f2->f2, A: -max{0, -A} [O(n)]
  3: f2->f2, B: -max{0, -A} [O(n)]
  3: f2->f2, C: 0 [O(1)]
  3: f2->f2, D: -max{0, -D} [O(n)]
  3: f2->f2, E: -max{0, -E} [O(n)]
  4: f2->f3, A: -max{0, -A} [O(n)]
  4: f2->f3, B: -max{0, -A} [O(n)]
  4: f2->f3, C: -max{0, -A} [O(n)]
  4: f2->f3, D: -max{0, -A} [O(n)]
  4: f2->f3, E: -max{0, -E} [O(n)]
  5: f3->f3, A: -max{0, -A} [O(n)]
  5: f3->f3, B: -max{0, -A} [O(n)]
  5: f3->f3, E: -max{0, -E} [O(n)]
  6: f3->f4, A: -max{0, -A} [O(n)]
  6: f3->f4, B: -max{0, -A} [O(n)]
  6: f3->f4, D: -max{0, -A} [O(n)]
  6: f3->f4, E: -max{0, -A} [O(n)]
  7: f4->f4, A: -max{0, -A} [O(n)]
  7: f4->f4, B: -max{0, -A} [O(n)]
  7: f4->f4, D: 1 [O(1)]
  7: f4->f4, E: 0 [O(1)]
`Upper:
  0: f0->f1, A: A [O(n)]
  0: f0->f1, B: B [O(n)]
  0: f0->f1, C: C [O(n)]
  0: f0->f1, D: D [O(n)]
  0: f0->f1, E: E [O(n)]
  1: f1->f1, A: max{0, A} [O(n)]
  1: f1->f1, B: max{0, A} [O(n)]
  1: f1->f1, C: max{0, C} [O(n)]
  1: f1->f1, D: max{0, D} [O(n)]
  1: f1->f1, E: max{0, E} [O(n)]
  2: f1->f2, A: max{0, A} [O(n)]
  2: f1->f2, B: max{0, B, A} [O(n)]
  2: f1->f2, C: max{0, B, A} [O(n)]
  2: f1->f2, D: max{0, D} [O(n)]
  2: f1->f2, E: max{0, E} [O(n)]
  3: f2->f2, A: max{0, A} [O(n)]
  3: f2->f2, B: max{0, B, A} [O(n)]
  3: f2->f2, C: max{-1, -1+max{B, A}} [O(n)]
  3: f2->f2, D: max{0, D} [O(n)]
  3: f2->f2, E: max{0, E} [O(n)]
  4: f2->f3, A: max{0, A} [O(n)]
  4: f2->f3, B: max{0, B, A} [O(n)]
  4: f2->f3, C: 0 [O(1)]
  4: f2->f3, D: 0 [O(1)]
  4: f2->f3, E: max{0, E} [O(n)]
  5: f3->f3, A: max{0, A} [O(n)]
  5: f3->f3, B: max{0, B, A} [O(n)]
  5: f3->f3, C: 0 [O(1)]
  5: f3->f3, D: max{0, A} [O(n)]
  5: f3->f3, E: max{0, E} [O(n)]
  6: f3->f4, A: max{0, A} [O(n)]
  6: f3->f4, B: max{0, B, A} [O(n)]
  6: f3->f4, C: 0 [O(1)]
  6: f3->f4, D: max{0, B, A} [O(n)]
  6: f3->f4, E: max{0, B, A} [O(n)]
  7: f4->f4, A: max{0, A} [O(n)]
  7: f4->f4, B: max{0, B, A} [O(n)]
  7: f4->f4, C: 0 [O(1)]
  7: f4->f4, D: max{0, B, A} [O(n)]
  7: f4->f4, E: max{-1, -1+max{B, A}} [O(n)]
