Timebounds: 
  Overall timebound: max{0, B}+max{2, 2+B}+max{0, B}+max{0, B*B}+max{0, B} [O(n^2)]
  0: f0->f4: 1 [O(1)]
  1: f4->f7: max{0, B} [O(n)]
  6: f4->f19: 1 [O(1)]
  2: f7->f7: max{0, B*B} [O(n^2)]
  3: f7->f7: max{0, B} [O(n)]
  4: f7->f7: max{0, B} [O(n)]
  5: f7->f4: max{0, B} [O(n)]

Costbounds:
  Overall costbound: max{0, B}+max{2, 2+B}+max{0, B}+max{0, B*B}+max{0, B} [O(n^2)]
  0: f0->f4: 1 [O(1)]
  1: f4->f7: max{0, B} [O(n)]
  6: f4->f19: 1 [O(1)]
  2: f7->f7: max{0, B*B} [O(n^2)]
  3: f7->f7: max{0, B} [O(n)]
  4: f7->f7: max{0, B} [O(n)]
  5: f7->f4: max{0, B} [O(n)]

Sizebounds:
`Lower:
  0: f0->f4, A: 0 [O(1)]
  0: f0->f4, B: B [O(n)]
  0: f0->f4, C: C [O(n)]
  0: f0->f4, D: D [O(n)]
  1: f4->f7, A: 0 [O(1)]
  1: f4->f7, B: -max{0, -B} [O(n)]
  1: f4->f7, C: 1 [O(1)]
  6: f4->f19, A: 0 [O(1)]
  6: f4->f19, B: -max{0, -B} [O(n)]
  6: f4->f19, C: -max{-1, -C} [O(n)]
  2: f7->f7, A: 0 [O(1)]
  2: f7->f7, B: -max{0, -B} [O(n)]
  2: f7->f7, C: 2 [O(1)]
  2: f7->f7, D: 0 [O(1)]
  3: f7->f7, A: 0 [O(1)]
  3: f7->f7, B: -max{0, -B} [O(n)]
  3: f7->f7, C: 1 [O(1)]
  4: f7->f7, A: 0 [O(1)]
  4: f7->f7, B: -max{0, -B} [O(n)]
  4: f7->f7, C: 1 [O(1)]
  5: f7->f4, A: 0 [O(1)]
  5: f7->f4, B: -max{0, -B} [O(n)]
  5: f7->f4, C: 1 [O(1)]
`Upper:
  0: f0->f4, A: 0 [O(1)]
  0: f0->f4, B: B [O(n)]
  0: f0->f4, C: C [O(n)]
  0: f0->f4, D: D [O(n)]
  1: f4->f7, A: max{0, B} [O(n)]
  1: f4->f7, B: max{0, B} [O(n)]
  1: f4->f7, C: max{1, 1+B} [O(n)]
  6: f4->f19, A: max{0, B} [O(n)]
  6: f4->f19, B: max{0, B} [O(n)]
  6: f4->f19, C: max{0, C, B} [O(n)]
  2: f7->f7, A: max{0, B} [O(n)]
  2: f7->f7, B: max{0, B} [O(n)]
  2: f7->f7, C: max{0, B} [O(n)]
  2: f7->f7, D: 0 [O(1)]
  3: f7->f7, A: max{0, B} [O(n)]
  3: f7->f7, B: max{0, B} [O(n)]
  3: f7->f7, C: max{-1, -1+B} [O(n)]
  3: f7->f7, D: -1 [O(1)]
  4: f7->f7, A: max{0, B} [O(n)]
  4: f7->f7, B: max{0, B} [O(n)]
  4: f7->f7, C: max{-1, -1+B} [O(n)]
  5: f7->f4, A: max{0, B} [O(n)]
  5: f7->f4, B: max{0, B} [O(n)]
  5: f7->f4, C: max{0, B} [O(n)]
