Timebounds: 
  Overall timebound: inf [Infinity]
  0: f0->f2: 1 [O(1)]
  1: f2->f2: max{0, 1+A} [O(n)]

Costbounds:
  Overall costbound: inf [Infinity]
  0: f0->f2: 1 [O(1)]
  1: f2->f2: max{0, 1+A} [O(n)]
  2: f2->f2: inf [Infinity]

Sizebounds:
`Lower:
  0: f0->f2, A: 0 [O(1)]
  0: f0->f2, B: B [O(n)]
  0: f0->f2, C: C [O(n)]
  1: f2->f2, A: 0 [O(1)]
  2: f2->f2, A: 0 [O(1)]
`Upper:
  0: f0->f2, A: A [O(n)]
  0: f0->f2, B: B [O(n)]
  0: f0->f2, C: B [O(n)]
  1: f2->f2, A: max{0, A} [O(n)]
  2: f2->f2, A: max{0, A} [O(n)]
