Timebounds: 
  Overall timebound: inf [Infinity]
  10: f0->f11: 1 [O(1)]
  2: f11->f47: 1 [O(1)]
  6: f11->f47: 1 [O(1)]
  7: f11->f35: 1 [O(1)]
  8: f11->f35: 1 [O(1)]
  9: f11->f11: max{0, B-A} [O(n)]
  3: f35->f47: 1 [O(1)]
  4: f35->f47: 1 [O(1)]
  5: f35->f47: 1 [O(1)]
  0: f47->f47: inf [Infinity]

Costbounds:
  Overall costbound: inf [Infinity]
  10: f0->f11: 1 [O(1)]
  2: f11->f47: 1 [O(1)]
  6: f11->f47: 1 [O(1)]
  7: f11->f35: 1 [O(1)]
  8: f11->f35: 1 [O(1)]
  9: f11->f11: max{0, B-A} [O(n)]
  3: f35->f47: 1 [O(1)]
  4: f35->f47: 1 [O(1)]
  5: f35->f47: 1 [O(1)]
  0: f47->f47: inf [Infinity]

Sizebounds:
`Lower:
  10: f0->f11, A: A [O(n)]
  10: f0->f11, B: B [O(n)]
  10: f0->f11, C: C [O(n)]
  10: f0->f11, D: D [O(n)]
  10: f0->f11, E: E [O(n)]
  10: f0->f11, F: F [O(n)]
  10: f0->f11, G: G [O(n)]
  10: f0->f11, H: H [O(n)]
  10: f0->f11, I: I [O(n)]
  10: f0->f11, J: J [O(n)]
  10: f0->f11, K: K [O(n)]
  10: f0->f11, L: L [O(n)]
  10: f0->f11, M: M [O(n)]
  10: f0->f11, N: N [O(n)]
  10: f0->f11, O: O [O(n)]
  10: f0->f11, P: P [O(n)]
  10: f0->f11, Q: Q [O(n)]
  10: f0->f11, R: R [O(n)]
  10: f0->f11, S: 0 [O(1)]
  10: f0->f11, T: 0 [O(1)]
  10: f0->f11, U: -inf [Infinity]
  10: f0->f11, V: -inf [Infinity]
  10: f0->f11, W: -inf [Infinity]
  10: f0->f11, X: -inf [Infinity]
  10: f0->f11, Y: -inf [Infinity]
  2: f11->f47, A: A [O(n)]
  2: f11->f47, B: B [O(n)]
  2: f11->f47, C: 0 [O(1)]
  2: f11->f47, D: -max{-1, -D} [O(n)]
  2: f11->f47, E: E [O(n)]
  2: f11->f47, F: -inf [Infinity]
  2: f11->f47, G: -inf [Infinity]
  2: f11->f47, H: -inf [Infinity]
  2: f11->f47, I: -inf [Infinity]
  2: f11->f47, J: -max{-C, -J} [O(n)]
  2: f11->f47, K: -inf [Infinity]
  2: f11->f47, L: -inf [Infinity]
  2: f11->f47, M: -inf [Infinity]
  2: f11->f47, N: -max{-O, -N} [O(n)]
  2: f11->f47, O: O [O(n)]
  2: f11->f47, P: -max{-1, -P} [O(n)]
  2: f11->f47, Q: -max{-1, -Q} [O(n)]
  2: f11->f47, R: -max{0, -R} [O(n)]
  2: f11->f47, S: 0 [O(1)]
  2: f11->f47, T: 0 [O(1)]
  2: f11->f47, U: -inf [Infinity]
  2: f11->f47, V: -inf [Infinity]
  2: f11->f47, W: -inf [Infinity]
  2: f11->f47, X: -inf [Infinity]
  2: f11->f47, Y: -inf [Infinity]
  6: f11->f47, A: A [O(n)]
  6: f11->f47, B: 1+A [O(n)]
  6: f11->f47, C: 0 [O(1)]
  6: f11->f47, D: -max{-1, -D} [O(n)]
  6: f11->f47, E: E [O(n)]
  6: f11->f47, F: 1 [O(1)]
  6: f11->f47, G: -inf [Infinity]
  6: f11->f47, H: -inf [Infinity]
  6: f11->f47, I: -inf [Infinity]
  6: f11->f47, J: C [O(n)]
  6: f11->f47, K: 1 [O(1)]
  6: f11->f47, L: 1 [O(1)]
  6: f11->f47, M: -inf [Infinity]
  6: f11->f47, N: -max{-O, -N} [O(n)]
  6: f11->f47, O: O [O(n)]
  6: f11->f47, P: -max{-1, -P} [O(n)]
  6: f11->f47, Q: -max{-1, -Q} [O(n)]
  6: f11->f47, R: -max{0, -R} [O(n)]
  6: f11->f47, S: 0 [O(1)]
  6: f11->f47, T: 0 [O(1)]
  6: f11->f47, U: -inf [Infinity]
  6: f11->f47, V: -inf [Infinity]
  6: f11->f47, W: -inf [Infinity]
  6: f11->f47, X: -inf [Infinity]
  6: f11->f47, Y: -inf [Infinity]
  7: f11->f35, A: A [O(n)]
  7: f11->f35, B: 1+A [O(n)]
  7: f11->f35, C: C [O(n)]
  7: f11->f35, D: 2 [O(1)]
  7: f11->f35, E: E [O(n)]
  7: f11->f35, F: -inf [Infinity]
  7: f11->f35, G: -inf [Infinity]
  7: f11->f35, H: -inf [Infinity]
  7: f11->f35, I: -inf [Infinity]
  7: f11->f35, J: C [O(n)]
  7: f11->f35, K: -inf [Infinity]
  7: f11->f35, L: -inf [Infinity]
  7: f11->f35, M: -inf [Infinity]
  7: f11->f35, N: O [O(n)]
  7: f11->f35, O: 0 [O(1)]
  7: f11->f35, P: 2 [O(1)]
  7: f11->f35, Q: 2 [O(1)]
  7: f11->f35, R: 0 [O(1)]
  7: f11->f35, S: 0 [O(1)]
  7: f11->f35, T: 0 [O(1)]
  7: f11->f35, U: -inf [Infinity]
  7: f11->f35, V: -inf [Infinity]
  7: f11->f35, W: -inf [Infinity]
  7: f11->f35, X: -inf [Infinity]
  7: f11->f35, Y: -inf [Infinity]
  8: f11->f35, A: A [O(n)]
  8: f11->f35, B: 1+A [O(n)]
  8: f11->f35, C: C [O(n)]
  8: f11->f35, D: -inf [Infinity]
  8: f11->f35, E: E [O(n)]
  8: f11->f35, F: -inf [Infinity]
  8: f11->f35, G: -inf [Infinity]
  8: f11->f35, H: -inf [Infinity]
  8: f11->f35, I: -inf [Infinity]
  8: f11->f35, J: C [O(n)]
  8: f11->f35, K: -inf [Infinity]
  8: f11->f35, L: -inf [Infinity]
  8: f11->f35, M: -inf [Infinity]
  8: f11->f35, N: O [O(n)]
  8: f11->f35, O: 0 [O(1)]
  8: f11->f35, P: -inf [Infinity]
  8: f11->f35, Q: -inf [Infinity]
  8: f11->f35, R: 0 [O(1)]
  8: f11->f35, S: 0 [O(1)]
  8: f11->f35, T: 0 [O(1)]
  8: f11->f35, U: -inf [Infinity]
  8: f11->f35, V: -inf [Infinity]
  8: f11->f35, W: -inf [Infinity]
  8: f11->f35, X: -inf [Infinity]
  8: f11->f35, Y: -inf [Infinity]
  9: f11->f11, A: A [O(n)]
  9: f11->f11, B: B [O(n)]
  9: f11->f11, C: C [O(n)]
  9: f11->f11, D: 1 [O(1)]
  9: f11->f11, E: E [O(n)]
  9: f11->f11, F: -inf [Infinity]
  9: f11->f11, G: -inf [Infinity]
  9: f11->f11, H: -inf [Infinity]
  9: f11->f11, I: -inf [Infinity]
  9: f11->f11, J: C [O(n)]
  9: f11->f11, K: -inf [Infinity]
  9: f11->f11, L: -inf [Infinity]
  9: f11->f11, M: -inf [Infinity]
  9: f11->f11, N: O [O(n)]
  9: f11->f11, O: O [O(n)]
  9: f11->f11, P: 1 [O(1)]
  9: f11->f11, Q: 1 [O(1)]
  9: f11->f11, R: 0 [O(1)]
  9: f11->f11, S: 0 [O(1)]
  9: f11->f11, T: 0 [O(1)]
  9: f11->f11, U: -inf [Infinity]
  9: f11->f11, V: -inf [Infinity]
  9: f11->f11, W: -inf [Infinity]
  9: f11->f11, X: -inf [Infinity]
  9: f11->f11, Y: -inf [Infinity]
  3: f35->f47, A: A [O(n)]
  3: f35->f47, B: 1+A [O(n)]
  3: f35->f47, C: 0 [O(1)]
  3: f35->f47, D: 3 [O(1)]
  3: f35->f47, E: E [O(n)]
  3: f35->f47, F: -inf [Infinity]
  3: f35->f47, G: -inf [Infinity]
  3: f35->f47, H: -inf [Infinity]
  3: f35->f47, I: -inf [Infinity]
  3: f35->f47, J: C [O(n)]
  3: f35->f47, K: -inf [Infinity]
  3: f35->f47, L: -inf [Infinity]
  3: f35->f47, M: -inf [Infinity]
  3: f35->f47, N: O [O(n)]
  3: f35->f47, O: 0 [O(1)]
  3: f35->f47, P: 3 [O(1)]
  3: f35->f47, Q: 3 [O(1)]
  3: f35->f47, R: 0 [O(1)]
  3: f35->f47, S: 0 [O(1)]
  3: f35->f47, T: 0 [O(1)]
  3: f35->f47, U: -inf [Infinity]
  3: f35->f47, V: -inf [Infinity]
  3: f35->f47, W: -inf [Infinity]
  3: f35->f47, X: -inf [Infinity]
  3: f35->f47, Y: -inf [Infinity]
  4: f35->f47, A: A [O(n)]
  4: f35->f47, B: 1+A [O(n)]
  4: f35->f47, C: 0 [O(1)]
  4: f35->f47, D: -inf [Infinity]
  4: f35->f47, E: E [O(n)]
  4: f35->f47, F: -inf [Infinity]
  4: f35->f47, G: -inf [Infinity]
  4: f35->f47, H: -inf [Infinity]
  4: f35->f47, I: -inf [Infinity]
  4: f35->f47, J: C [O(n)]
  4: f35->f47, K: -inf [Infinity]
  4: f35->f47, L: -inf [Infinity]
  4: f35->f47, M: -inf [Infinity]
  4: f35->f47, N: O [O(n)]
  4: f35->f47, O: 0 [O(1)]
  4: f35->f47, P: -inf [Infinity]
  4: f35->f47, Q: -inf [Infinity]
  4: f35->f47, R: 0 [O(1)]
  4: f35->f47, S: 0 [O(1)]
  4: f35->f47, T: 0 [O(1)]
  4: f35->f47, U: -inf [Infinity]
  4: f35->f47, V: -inf [Infinity]
  4: f35->f47, W: -inf [Infinity]
  4: f35->f47, X: -inf [Infinity]
  4: f35->f47, Y: -inf [Infinity]
  5: f35->f47, A: A [O(n)]
  5: f35->f47, B: 1+A [O(n)]
  5: f35->f47, C: 0 [O(1)]
  5: f35->f47, D: 2 [O(1)]
  5: f35->f47, E: -inf [Infinity]
  5: f35->f47, F: -inf [Infinity]
  5: f35->f47, G: -inf [Infinity]
  5: f35->f47, H: -inf [Infinity]
  5: f35->f47, I: -inf [Infinity]
  5: f35->f47, J: C [O(n)]
  5: f35->f47, K: -inf [Infinity]
  5: f35->f47, L: -inf [Infinity]
  5: f35->f47, M: -inf [Infinity]
  5: f35->f47, N: O [O(n)]
  5: f35->f47, O: 0 [O(1)]
  5: f35->f47, P: 2 [O(1)]
  5: f35->f47, Q: 2 [O(1)]
  5: f35->f47, R: 0 [O(1)]
  5: f35->f47, S: 0 [O(1)]
  5: f35->f47, T: 0 [O(1)]
  5: f35->f47, U: -inf [Infinity]
  5: f35->f47, V: -inf [Infinity]
  5: f35->f47, W: -inf [Infinity]
  5: f35->f47, X: -inf [Infinity]
  5: f35->f47, Y: -inf [Infinity]
  0: f47->f47, A: A [O(n)]
  0: f47->f47, B: -max{-B, -1-A} [O(n)]
  0: f47->f47, C: 0 [O(1)]
  0: f47->f47, D: -inf [Infinity]
  0: f47->f47, E: -inf [Infinity]
  0: f47->f47, F: -inf [Infinity]
  0: f47->f47, G: -inf [Infinity]
  0: f47->f47, H: -inf [Infinity]
  0: f47->f47, I: -inf [Infinity]
  0: f47->f47, J: -max{-C, -C, -J} [O(n)]
  0: f47->f47, K: -inf [Infinity]
  0: f47->f47, L: -inf [Infinity]
  0: f47->f47, M: -inf [Infinity]
  0: f47->f47, N: -max{-O, -O, -N} [O(n)]
  0: f47->f47, O: -max{0, -O} [O(n)]
  0: f47->f47, P: -inf [Infinity]
  0: f47->f47, Q: -inf [Infinity]
  0: f47->f47, R: -max{0, -R} [O(n)]
  0: f47->f47, S: 0 [O(1)]
  0: f47->f47, T: 0 [O(1)]
  0: f47->f47, U: -inf [Infinity]
  0: f47->f47, V: -inf [Infinity]
  0: f47->f47, W: -inf [Infinity]
  0: f47->f47, X: -inf [Infinity]
  0: f47->f47, Y: -inf [Infinity]
`Upper:
  10: f0->f11, A: A [O(n)]
  10: f0->f11, B: B [O(n)]
  10: f0->f11, C: C [O(n)]
  10: f0->f11, D: D [O(n)]
  10: f0->f11, E: E [O(n)]
  10: f0->f11, F: F [O(n)]
  10: f0->f11, G: G [O(n)]
  10: f0->f11, H: H [O(n)]
  10: f0->f11, I: I [O(n)]
  10: f0->f11, J: J [O(n)]
  10: f0->f11, K: K [O(n)]
  10: f0->f11, L: L [O(n)]
  10: f0->f11, M: M [O(n)]
  10: f0->f11, N: N [O(n)]
  10: f0->f11, O: O [O(n)]
  10: f0->f11, P: P [O(n)]
  10: f0->f11, Q: Q [O(n)]
  10: f0->f11, R: R [O(n)]
  10: f0->f11, S: 0 [O(1)]
  10: f0->f11, T: 0 [O(1)]
  10: f0->f11, U: inf [Infinity]
  10: f0->f11, V: inf [Infinity]
  10: f0->f11, W: inf [Infinity]
  10: f0->f11, X: inf [Infinity]
  10: f0->f11, Y: inf [Infinity]
  2: f11->f47, A: max{A, A+max{0, B-A}} [O(n)]
  2: f11->f47, B: max{A, A+max{0, B-A}} [O(n)]
  2: f11->f47, C: 0 [O(1)]
  2: f11->f47, D: max{1, D} [O(n)]
  2: f11->f47, E: E [O(n)]
  2: f11->f47, F: max{0, F} [O(n)]
  2: f11->f47, G: inf [Infinity]
  2: f11->f47, H: inf [Infinity]
  2: f11->f47, I: inf [Infinity]
  2: f11->f47, J: max{C, J} [O(n)]
  2: f11->f47, K: max{0, K} [O(n)]
  2: f11->f47, L: max{0, L} [O(n)]
  2: f11->f47, M: max{0, M} [O(n)]
  2: f11->f47, N: max{O, N} [O(n)]
  2: f11->f47, O: O [O(n)]
  2: f11->f47, P: max{1, P} [O(n)]
  2: f11->f47, Q: max{1, Q} [O(n)]
  2: f11->f47, R: max{0, R} [O(n)]
  2: f11->f47, S: 0 [O(1)]
  2: f11->f47, T: 0 [O(1)]
  2: f11->f47, U: inf [Infinity]
  2: f11->f47, V: inf [Infinity]
  2: f11->f47, W: inf [Infinity]
  2: f11->f47, X: inf [Infinity]
  2: f11->f47, Y: inf [Infinity]
  6: f11->f47, A: max{A, A+max{0, B-A}} [O(n)]
  6: f11->f47, B: B [O(n)]
  6: f11->f47, C: 0 [O(1)]
  6: f11->f47, D: max{1, D} [O(n)]
  6: f11->f47, E: E [O(n)]
  6: f11->f47, F: inf [Infinity]
  6: f11->f47, G: inf [Infinity]
  6: f11->f47, H: inf [Infinity]
  6: f11->f47, I: inf [Infinity]
  6: f11->f47, J: C [O(n)]
  6: f11->f47, K: inf [Infinity]
  6: f11->f47, L: inf [Infinity]
  6: f11->f47, M: max{0, M} [O(n)]
  6: f11->f47, N: max{O, N} [O(n)]
  6: f11->f47, O: O [O(n)]
  6: f11->f47, P: max{1, P} [O(n)]
  6: f11->f47, Q: max{1, Q} [O(n)]
  6: f11->f47, R: max{0, R} [O(n)]
  6: f11->f47, S: 0 [O(1)]
  6: f11->f47, T: 0 [O(1)]
  6: f11->f47, U: inf [Infinity]
  6: f11->f47, V: inf [Infinity]
  6: f11->f47, W: inf [Infinity]
  6: f11->f47, X: inf [Infinity]
  6: f11->f47, Y: inf [Infinity]
  7: f11->f35, A: max{A, A+max{0, B-A}} [O(n)]
  7: f11->f35, B: B [O(n)]
  7: f11->f35, C: C [O(n)]
  7: f11->f35, D: inf [Infinity]
  7: f11->f35, E: E [O(n)]
  7: f11->f35, F: 0 [O(1)]
  7: f11->f35, G: inf [Infinity]
  7: f11->f35, H: inf [Infinity]
  7: f11->f35, I: inf [Infinity]
  7: f11->f35, J: C [O(n)]
  7: f11->f35, K: 0 [O(1)]
  7: f11->f35, L: 0 [O(1)]
  7: f11->f35, M: 0 [O(1)]
  7: f11->f35, N: O [O(n)]
  7: f11->f35, O: 0 [O(1)]
  7: f11->f35, P: inf [Infinity]
  7: f11->f35, Q: inf [Infinity]
  7: f11->f35, R: 0 [O(1)]
  7: f11->f35, S: 0 [O(1)]
  7: f11->f35, T: 0 [O(1)]
  7: f11->f35, U: inf [Infinity]
  7: f11->f35, V: inf [Infinity]
  7: f11->f35, W: inf [Infinity]
  7: f11->f35, X: inf [Infinity]
  7: f11->f35, Y: inf [Infinity]
  8: f11->f35, A: max{A, A+max{0, B-A}} [O(n)]
  8: f11->f35, B: B [O(n)]
  8: f11->f35, C: C [O(n)]
  8: f11->f35, D: 0 [O(1)]
  8: f11->f35, E: E [O(n)]
  8: f11->f35, F: 0 [O(1)]
  8: f11->f35, G: inf [Infinity]
  8: f11->f35, H: inf [Infinity]
  8: f11->f35, I: inf [Infinity]
  8: f11->f35, J: C [O(n)]
  8: f11->f35, K: 0 [O(1)]
  8: f11->f35, L: 0 [O(1)]
  8: f11->f35, M: 0 [O(1)]
  8: f11->f35, N: O [O(n)]
  8: f11->f35, O: 0 [O(1)]
  8: f11->f35, P: 0 [O(1)]
  8: f11->f35, Q: 0 [O(1)]
  8: f11->f35, R: 0 [O(1)]
  8: f11->f35, S: 0 [O(1)]
  8: f11->f35, T: 0 [O(1)]
  8: f11->f35, U: inf [Infinity]
  8: f11->f35, V: inf [Infinity]
  8: f11->f35, W: inf [Infinity]
  8: f11->f35, X: inf [Infinity]
  8: f11->f35, Y: inf [Infinity]
  9: f11->f11, A: A+max{0, B-A} [O(n)]
  9: f11->f11, B: B [O(n)]
  9: f11->f11, C: C [O(n)]
  9: f11->f11, D: 1 [O(1)]
  9: f11->f11, E: E [O(n)]
  9: f11->f11, F: 0 [O(1)]
  9: f11->f11, G: inf [Infinity]
  9: f11->f11, H: inf [Infinity]
  9: f11->f11, I: inf [Infinity]
  9: f11->f11, J: C [O(n)]
  9: f11->f11, K: 0 [O(1)]
  9: f11->f11, L: 0 [O(1)]
  9: f11->f11, M: 0 [O(1)]
  9: f11->f11, N: O [O(n)]
  9: f11->f11, O: O [O(n)]
  9: f11->f11, P: 1 [O(1)]
  9: f11->f11, Q: 1 [O(1)]
  9: f11->f11, R: 0 [O(1)]
  9: f11->f11, S: 0 [O(1)]
  9: f11->f11, T: 0 [O(1)]
  9: f11->f11, U: inf [Infinity]
  9: f11->f11, V: inf [Infinity]
  9: f11->f11, W: inf [Infinity]
  9: f11->f11, X: inf [Infinity]
  9: f11->f11, Y: inf [Infinity]
  3: f35->f47, A: max{A, A+max{0, B-A}} [O(n)]
  3: f35->f47, B: B [O(n)]
  3: f35->f47, C: 0 [O(1)]
  3: f35->f47, D: inf [Infinity]
  3: f35->f47, E: E [O(n)]
  3: f35->f47, F: 0 [O(1)]
  3: f35->f47, G: inf [Infinity]
  3: f35->f47, H: inf [Infinity]
  3: f35->f47, I: inf [Infinity]
  3: f35->f47, J: C [O(n)]
  3: f35->f47, K: 0 [O(1)]
  3: f35->f47, L: 0 [O(1)]
  3: f35->f47, M: 0 [O(1)]
  3: f35->f47, N: O [O(n)]
  3: f35->f47, O: 0 [O(1)]
  3: f35->f47, P: inf [Infinity]
  3: f35->f47, Q: inf [Infinity]
  3: f35->f47, R: 0 [O(1)]
  3: f35->f47, S: 0 [O(1)]
  3: f35->f47, T: 0 [O(1)]
  3: f35->f47, U: inf [Infinity]
  3: f35->f47, V: inf [Infinity]
  3: f35->f47, W: inf [Infinity]
  3: f35->f47, X: inf [Infinity]
  3: f35->f47, Y: inf [Infinity]
  4: f35->f47, A: max{A, A+max{0, B-A}} [O(n)]
  4: f35->f47, B: B [O(n)]
  4: f35->f47, C: 0 [O(1)]
  4: f35->f47, D: 1 [O(1)]
  4: f35->f47, E: E [O(n)]
  4: f35->f47, F: 0 [O(1)]
  4: f35->f47, G: inf [Infinity]
  4: f35->f47, H: inf [Infinity]
  4: f35->f47, I: inf [Infinity]
  4: f35->f47, J: C [O(n)]
  4: f35->f47, K: 0 [O(1)]
  4: f35->f47, L: 0 [O(1)]
  4: f35->f47, M: 0 [O(1)]
  4: f35->f47, N: O [O(n)]
  4: f35->f47, O: 0 [O(1)]
  4: f35->f47, P: 1 [O(1)]
  4: f35->f47, Q: 1 [O(1)]
  4: f35->f47, R: 0 [O(1)]
  4: f35->f47, S: 0 [O(1)]
  4: f35->f47, T: 0 [O(1)]
  4: f35->f47, U: inf [Infinity]
  4: f35->f47, V: inf [Infinity]
  4: f35->f47, W: inf [Infinity]
  4: f35->f47, X: inf [Infinity]
  4: f35->f47, Y: inf [Infinity]
  5: f35->f47, A: max{A, A+max{0, B-A}} [O(n)]
  5: f35->f47, B: B [O(n)]
  5: f35->f47, C: 0 [O(1)]
  5: f35->f47, D: 2 [O(1)]
  5: f35->f47, E: 0 [O(1)]
  5: f35->f47, F: 0 [O(1)]
  5: f35->f47, G: inf [Infinity]
  5: f35->f47, H: inf [Infinity]
  5: f35->f47, I: inf [Infinity]
  5: f35->f47, J: C [O(n)]
  5: f35->f47, K: 0 [O(1)]
  5: f35->f47, L: 0 [O(1)]
  5: f35->f47, M: 0 [O(1)]
  5: f35->f47, N: O [O(n)]
  5: f35->f47, O: 0 [O(1)]
  5: f35->f47, P: 2 [O(1)]
  5: f35->f47, Q: 2 [O(1)]
  5: f35->f47, R: 0 [O(1)]
  5: f35->f47, S: 0 [O(1)]
  5: f35->f47, T: 0 [O(1)]
  5: f35->f47, U: inf [Infinity]
  5: f35->f47, V: inf [Infinity]
  5: f35->f47, W: inf [Infinity]
  5: f35->f47, X: inf [Infinity]
  5: f35->f47, Y: inf [Infinity]
  0: f47->f47, A: max{A, A+max{0, B-A}} [O(n)]
  0: f47->f47, B: max{B, A, max{B, A+max{0, B-A}}} [O(n)]
  0: f47->f47, C: 0 [O(1)]
  0: f47->f47, D: inf [Infinity]
  0: f47->f47, E: max{0, E} [O(n)]
  0: f47->f47, F: inf [Infinity]
  0: f47->f47, G: inf [Infinity]
  0: f47->f47, H: inf [Infinity]
  0: f47->f47, I: inf [Infinity]
  0: f47->f47, J: max{C, C, J} [O(n)]
  0: f47->f47, K: inf [Infinity]
  0: f47->f47, L: inf [Infinity]
  0: f47->f47, M: max{0, M} [O(n)]
  0: f47->f47, N: max{O, O, N} [O(n)]
  0: f47->f47, O: max{0, O} [O(n)]
  0: f47->f47, P: inf [Infinity]
  0: f47->f47, Q: inf [Infinity]
  0: f47->f47, R: max{0, R} [O(n)]
  0: f47->f47, S: 0 [O(1)]
  0: f47->f47, T: 0 [O(1)]
  0: f47->f47, U: inf [Infinity]
  0: f47->f47, V: inf [Infinity]
  0: f47->f47, W: inf [Infinity]
  0: f47->f47, X: inf [Infinity]
  0: f47->f47, Y: inf [Infinity]
