Timebounds: 
  Overall timebound: inf [Infinity]
  10: f0->f11: 1 [O(1)]
  2: f11->f49: 1 [O(1)]
  6: f11->f49: 1 [O(1)]
  7: f11->f35: 1 [O(1)]
  8: f11->f35: 1 [O(1)]
  9: f11->f11: max{0, B-A} [O(n)]
  3: f35->f49: 1 [O(1)]
  4: f35->f49: 1 [O(1)]
  5: f35->f49: 1 [O(1)]

Costbounds:
  Overall costbound: inf [Infinity]
  10: f0->f11: 1 [O(1)]
  2: f11->f49: 1 [O(1)]
  6: f11->f49: 1 [O(1)]
  7: f11->f35: 1 [O(1)]
  8: f11->f35: 1 [O(1)]
  9: f11->f11: max{0, B-A} [O(n)]
  3: f35->f49: 1 [O(1)]
  4: f35->f49: 1 [O(1)]
  5: f35->f49: 1 [O(1)]
  0: f49->f49: inf [Infinity]

Sizebounds:
`Lower:
  10: f0->f11, A: A [O(n)]
  10: f0->f11, B: B [O(n)]
  10: f0->f11, C: 0 [O(1)]
  10: f0->f11, D: D [O(n)]
  10: f0->f11, E: E [O(n)]
  10: f0->f11, F: F [O(n)]
  10: f0->f11, G: G [O(n)]
  10: f0->f11, H: H [O(n)]
  10: f0->f11, I: I [O(n)]
  10: f0->f11, J: J [O(n)]
  10: f0->f11, K: K [O(n)]
  10: f0->f11, L: L [O(n)]
  10: f0->f11, M: M [O(n)]
  10: f0->f11, N: N [O(n)]
  10: f0->f11, O: O [O(n)]
  10: f0->f11, P: P [O(n)]
  10: f0->f11, Q: Q [O(n)]
  10: f0->f11, R: R [O(n)]
  10: f0->f11, S: S [O(n)]
  10: f0->f11, T: 0 [O(1)]
  2: f11->f49, A: -max{0, -A} [O(n)]
  2: f11->f49, B: -max{0, -B} [O(n)]
  2: f11->f49, C: 0 [O(1)]
  2: f11->f49, D: 0 [O(1)]
  2: f11->f49, E: -max{-1, -E} [O(n)]
  2: f11->f49, F: -max{0, -F} [O(n)]
  2: f11->f49, K: -max{0, -K, -D} [O(n)]
  2: f11->f49, O: -max{0, -O, -P} [O(n)]
  2: f11->f49, P: -max{0, -P} [O(n)]
  2: f11->f49, Q: -max{-1, -Q} [O(n)]
  2: f11->f49, R: -max{-1, -R} [O(n)]
  2: f11->f49, S: -max{0, -S} [O(n)]
  2: f11->f49, T: 0 [O(1)]
  6: f11->f49, A: -max{0, -A} [O(n)]
  6: f11->f49, B: -max{-1, -1-A} [O(n)]
  6: f11->f49, C: 0 [O(1)]
  6: f11->f49, D: 0 [O(1)]
  6: f11->f49, E: -max{-1, -E} [O(n)]
  6: f11->f49, F: -max{0, -F} [O(n)]
  6: f11->f49, G: 1 [O(1)]
  6: f11->f49, K: -max{0, -D} [O(n)]
  6: f11->f49, L: 1 [O(1)]
  6: f11->f49, M: 1 [O(1)]
  6: f11->f49, O: -max{0, -O, -P} [O(n)]
  6: f11->f49, P: -max{0, -P} [O(n)]
  6: f11->f49, Q: -max{-1, -Q} [O(n)]
  6: f11->f49, R: -max{-1, -R} [O(n)]
  6: f11->f49, S: -max{0, -S} [O(n)]
  6: f11->f49, T: 0 [O(1)]
  7: f11->f35, A: -max{0, -A} [O(n)]
  7: f11->f35, B: -max{-1, -1-A} [O(n)]
  7: f11->f35, C: 0 [O(1)]
  7: f11->f35, D: -max{0, -D} [O(n)]
  7: f11->f35, E: 2 [O(1)]
  7: f11->f35, F: -max{0, -F} [O(n)]
  7: f11->f35, K: -max{0, -D} [O(n)]
  7: f11->f35, O: -max{0, -P} [O(n)]
  7: f11->f35, P: 0 [O(1)]
  7: f11->f35, Q: 2 [O(1)]
  7: f11->f35, R: 2 [O(1)]
  7: f11->f35, S: 0 [O(1)]
  7: f11->f35, T: 0 [O(1)]
  8: f11->f35, A: -max{0, -A} [O(n)]
  8: f11->f35, B: -max{-1, -1-A} [O(n)]
  8: f11->f35, C: 0 [O(1)]
  8: f11->f35, D: -max{0, -D} [O(n)]
  8: f11->f35, F: -max{0, -F} [O(n)]
  8: f11->f35, K: -max{0, -D} [O(n)]
  8: f11->f35, O: -max{0, -P} [O(n)]
  8: f11->f35, P: 0 [O(1)]
  8: f11->f35, S: 0 [O(1)]
  8: f11->f35, T: 0 [O(1)]
  9: f11->f11, A: -max{0, -A} [O(n)]
  9: f11->f11, B: -max{0, -B} [O(n)]
  9: f11->f11, C: 0 [O(1)]
  9: f11->f11, D: -max{0, -D} [O(n)]
  9: f11->f11, E: 1 [O(1)]
  9: f11->f11, F: -max{0, -F} [O(n)]
  9: f11->f11, K: -max{0, -D} [O(n)]
  9: f11->f11, O: -max{0, -P} [O(n)]
  9: f11->f11, P: -max{0, -P} [O(n)]
  9: f11->f11, Q: 1 [O(1)]
  9: f11->f11, R: 1 [O(1)]
  9: f11->f11, S: 0 [O(1)]
  9: f11->f11, T: 0 [O(1)]
  3: f35->f49, A: -max{0, -A} [O(n)]
  3: f35->f49, B: -max{-1, -1-A} [O(n)]
  3: f35->f49, C: 0 [O(1)]
  3: f35->f49, D: 0 [O(1)]
  3: f35->f49, E: 3 [O(1)]
  3: f35->f49, F: -max{0, -F} [O(n)]
  3: f35->f49, K: -max{0, -D} [O(n)]
  3: f35->f49, O: -max{0, -P} [O(n)]
  3: f35->f49, P: 0 [O(1)]
  3: f35->f49, Q: 3 [O(1)]
  3: f35->f49, R: 3 [O(1)]
  3: f35->f49, S: 0 [O(1)]
  3: f35->f49, T: 0 [O(1)]
  4: f35->f49, A: -max{0, -A} [O(n)]
  4: f35->f49, B: -max{-1, -1-A} [O(n)]
  4: f35->f49, C: 0 [O(1)]
  4: f35->f49, D: 0 [O(1)]
  4: f35->f49, F: -max{0, -F} [O(n)]
  4: f35->f49, K: -max{0, -D} [O(n)]
  4: f35->f49, O: -max{0, -P} [O(n)]
  4: f35->f49, P: 0 [O(1)]
  4: f35->f49, S: 0 [O(1)]
  4: f35->f49, T: 0 [O(1)]
  5: f35->f49, A: -max{0, -A} [O(n)]
  5: f35->f49, B: -max{-1, -1-A} [O(n)]
  5: f35->f49, C: 0 [O(1)]
  5: f35->f49, D: 0 [O(1)]
  5: f35->f49, E: 2 [O(1)]
  5: f35->f49, K: -max{0, -D} [O(n)]
  5: f35->f49, O: -max{0, -P} [O(n)]
  5: f35->f49, P: 0 [O(1)]
  5: f35->f49, Q: 2 [O(1)]
  5: f35->f49, R: 2 [O(1)]
  5: f35->f49, S: 0 [O(1)]
  5: f35->f49, T: 0 [O(1)]
  0: f49->f49, A: -max{0, -A} [O(n)]
  0: f49->f49, B: -max{-1, 0, max{-1, -1, max{-1, -B, -1-A}}} [O(n)]
  0: f49->f49, C: 0 [O(1)]
  0: f49->f49, D: 0 [O(1)]
  0: f49->f49, K: -max{0, -K, -D} [O(n)]
  0: f49->f49, O: -max{0, -O, -P} [O(n)]
  0: f49->f49, P: -max{0, -P} [O(n)]
  0: f49->f49, S: -max{0, -S} [O(n)]
  0: f49->f49, T: 0 [O(1)]
`Upper:
  10: f0->f11, A: A [O(n)]
  10: f0->f11, B: B [O(n)]
  10: f0->f11, C: 0 [O(1)]
  10: f0->f11, D: D [O(n)]
  10: f0->f11, E: E [O(n)]
  10: f0->f11, F: F [O(n)]
  10: f0->f11, G: G [O(n)]
  10: f0->f11, H: H [O(n)]
  10: f0->f11, I: I [O(n)]
  10: f0->f11, J: J [O(n)]
  10: f0->f11, K: K [O(n)]
  10: f0->f11, L: L [O(n)]
  10: f0->f11, M: M [O(n)]
  10: f0->f11, N: N [O(n)]
  10: f0->f11, O: O [O(n)]
  10: f0->f11, P: P [O(n)]
  10: f0->f11, Q: Q [O(n)]
  10: f0->f11, R: R [O(n)]
  10: f0->f11, S: S [O(n)]
  10: f0->f11, T: 0 [O(1)]
  2: f11->f49, A: max{A, max{0, A}+max{0, B-A}} [O(n)]
  2: f11->f49, B: max{A, max{0, A}+max{0, B-A}} [O(n)]
  2: f11->f49, C: 0 [O(1)]
  2: f11->f49, D: 0 [O(1)]
  2: f11->f49, E: max{1, E} [O(n)]
  2: f11->f49, F: max{0, F} [O(n)]
  2: f11->f49, G: max{0, G} [O(n)]
  2: f11->f49, K: max{0, K, D} [O(n)]
  2: f11->f49, L: max{0, L} [O(n)]
  2: f11->f49, M: max{0, M} [O(n)]
  2: f11->f49, N: max{0, N} [O(n)]
  2: f11->f49, O: max{0, O, P} [O(n)]
  2: f11->f49, P: max{0, P} [O(n)]
  2: f11->f49, Q: max{1, Q} [O(n)]
  2: f11->f49, R: max{1, R} [O(n)]
  2: f11->f49, S: max{0, S} [O(n)]
  2: f11->f49, T: 0 [O(1)]
  6: f11->f49, A: max{A, max{0, A}+max{0, B-A}} [O(n)]
  6: f11->f49, B: max{0, B} [O(n)]
  6: f11->f49, C: 0 [O(1)]
  6: f11->f49, D: 0 [O(1)]
  6: f11->f49, E: max{1, E} [O(n)]
  6: f11->f49, F: max{0, F} [O(n)]
  6: f11->f49, K: max{0, D} [O(n)]
  6: f11->f49, N: max{0, N} [O(n)]
  6: f11->f49, O: max{0, O, P} [O(n)]
  6: f11->f49, P: max{0, P} [O(n)]
  6: f11->f49, Q: max{1, Q} [O(n)]
  6: f11->f49, R: max{1, R} [O(n)]
  6: f11->f49, S: max{0, S} [O(n)]
  6: f11->f49, T: 0 [O(1)]
  7: f11->f35, A: max{A, max{0, A}+max{0, B-A}} [O(n)]
  7: f11->f35, B: max{0, B} [O(n)]
  7: f11->f35, C: 0 [O(1)]
  7: f11->f35, D: max{0, D} [O(n)]
  7: f11->f35, F: max{0, F} [O(n)]
  7: f11->f35, G: 0 [O(1)]
  7: f11->f35, K: max{0, D} [O(n)]
  7: f11->f35, L: 0 [O(1)]
  7: f11->f35, M: 0 [O(1)]
  7: f11->f35, N: 0 [O(1)]
  7: f11->f35, O: max{0, P} [O(n)]
  7: f11->f35, P: 0 [O(1)]
  7: f11->f35, S: 0 [O(1)]
  7: f11->f35, T: 0 [O(1)]
  8: f11->f35, A: max{A, max{0, A}+max{0, B-A}} [O(n)]
  8: f11->f35, B: max{0, B} [O(n)]
  8: f11->f35, C: 0 [O(1)]
  8: f11->f35, D: max{0, D} [O(n)]
  8: f11->f35, E: 0 [O(1)]
  8: f11->f35, F: max{0, F} [O(n)]
  8: f11->f35, G: 0 [O(1)]
  8: f11->f35, K: max{0, D} [O(n)]
  8: f11->f35, L: 0 [O(1)]
  8: f11->f35, M: 0 [O(1)]
  8: f11->f35, N: 0 [O(1)]
  8: f11->f35, O: max{0, P} [O(n)]
  8: f11->f35, P: 0 [O(1)]
  8: f11->f35, Q: 0 [O(1)]
  8: f11->f35, R: 0 [O(1)]
  8: f11->f35, S: 0 [O(1)]
  8: f11->f35, T: 0 [O(1)]
  9: f11->f11, A: max{0, A}+max{0, B-A} [O(n)]
  9: f11->f11, B: max{0, B} [O(n)]
  9: f11->f11, C: 0 [O(1)]
  9: f11->f11, D: max{0, D} [O(n)]
  9: f11->f11, E: 1 [O(1)]
  9: f11->f11, F: max{0, F} [O(n)]
  9: f11->f11, G: 0 [O(1)]
  9: f11->f11, K: max{0, D} [O(n)]
  9: f11->f11, L: 0 [O(1)]
  9: f11->f11, M: 0 [O(1)]
  9: f11->f11, N: 0 [O(1)]
  9: f11->f11, O: max{0, P} [O(n)]
  9: f11->f11, P: max{0, P} [O(n)]
  9: f11->f11, Q: 1 [O(1)]
  9: f11->f11, R: 1 [O(1)]
  9: f11->f11, S: 0 [O(1)]
  9: f11->f11, T: 0 [O(1)]
  3: f35->f49, A: max{A, max{0, A}+max{0, B-A}} [O(n)]
  3: f35->f49, B: max{0, B} [O(n)]
  3: f35->f49, C: 0 [O(1)]
  3: f35->f49, D: 0 [O(1)]
  3: f35->f49, F: max{0, F} [O(n)]
  3: f35->f49, G: 0 [O(1)]
  3: f35->f49, K: max{0, D} [O(n)]
  3: f35->f49, L: 0 [O(1)]
  3: f35->f49, M: 0 [O(1)]
  3: f35->f49, N: 0 [O(1)]
  3: f35->f49, O: max{0, P} [O(n)]
  3: f35->f49, P: 0 [O(1)]
  3: f35->f49, S: 0 [O(1)]
  3: f35->f49, T: 0 [O(1)]
  4: f35->f49, A: max{A, max{0, A}+max{0, B-A}} [O(n)]
  4: f35->f49, B: max{0, B} [O(n)]
  4: f35->f49, C: 0 [O(1)]
  4: f35->f49, D: 0 [O(1)]
  4: f35->f49, E: 1 [O(1)]
  4: f35->f49, F: max{0, F} [O(n)]
  4: f35->f49, G: 0 [O(1)]
  4: f35->f49, K: max{0, D} [O(n)]
  4: f35->f49, L: 0 [O(1)]
  4: f35->f49, M: 0 [O(1)]
  4: f35->f49, N: 0 [O(1)]
  4: f35->f49, O: max{0, P} [O(n)]
  4: f35->f49, P: 0 [O(1)]
  4: f35->f49, Q: 1 [O(1)]
  4: f35->f49, R: 1 [O(1)]
  4: f35->f49, S: 0 [O(1)]
  4: f35->f49, T: 0 [O(1)]
  5: f35->f49, A: max{A, max{0, A}+max{0, B-A}} [O(n)]
  5: f35->f49, B: max{0, B} [O(n)]
  5: f35->f49, C: 0 [O(1)]
  5: f35->f49, D: 0 [O(1)]
  5: f35->f49, E: 2 [O(1)]
  5: f35->f49, F: 0 [O(1)]
  5: f35->f49, G: 0 [O(1)]
  5: f35->f49, K: max{0, D} [O(n)]
  5: f35->f49, L: 0 [O(1)]
  5: f35->f49, M: 0 [O(1)]
  5: f35->f49, N: 0 [O(1)]
  5: f35->f49, O: max{0, P} [O(n)]
  5: f35->f49, P: 0 [O(1)]
  5: f35->f49, Q: 2 [O(1)]
  5: f35->f49, R: 2 [O(1)]
  5: f35->f49, S: 0 [O(1)]
  5: f35->f49, T: 0 [O(1)]
  0: f49->f49, A: max{0, A, max{0, A}+max{0, B-A}} [O(n)]
  0: f49->f49, B: max{0, A, max{B, B, max{B, B, max{0, A}+max{0, B-A}}}} [O(n)]
  0: f49->f49, C: 0 [O(1)]
  0: f49->f49, D: 0 [O(1)]
  0: f49->f49, F: max{0, F} [O(n)]
  0: f49->f49, K: max{0, K, D} [O(n)]
  0: f49->f49, N: max{0, N} [O(n)]
  0: f49->f49, O: max{0, O, P} [O(n)]
  0: f49->f49, P: max{0, P} [O(n)]
  0: f49->f49, S: max{0, S} [O(n)]
  0: f49->f49, T: 0 [O(1)]
