Timebounds: 
  Overall timebound: max{0, -K+max{8, 4*A}}+max{0, -2*B+max{6, 2+2*A}}+max{0, -K+max{12, 6*A}}+max{0, -B+max{4, 2*A}}+max{0, -K+max{6, 3*A}}+max{0, -2*B+max{6, 2+2*A}}+max{0, -2*B+max{4, 2*A}}+max{3, 3+-2*B+max{5, 1+2*A}}+max{0, -2*B+max{4, 2*A}}+max{0, -D+max{4, 2*A}}+max{0, A-B}+max{0, -5*D+max{12, 6*A}} [O(n)]
  0: f0->f10: 1 [O(1)]
  1: f10->f13: max{0, -2*B+max{5, 1+2*A}} [O(n)]
  20: f10->f73: 1 [O(1)]
  21: f10->f73: 1 [O(1)]
  2: f13->f13: max{0, -5*D+max{12, 6*A}} [O(n)]
  3: f13->f13: max{0, -D+max{4, 2*A}} [O(n)]
  17: f13->f10: max{0, -B+max{4, 2*A}} [O(n)]
  19: f13->f29: max{0, -2*B+max{6, 2+2*A}} [O(n)]
  16: f29->f34: max{0, -2*B+max{6, 2+2*A}} [O(n)]
  14: f34->f53: max{0, A-B} [O(n)]
  15: f34->f53: max{0, -2*B+max{4, 2*A}} [O(n)]
  8: f53->f55: max{0, -K+max{6, 3*A}} [O(n)]
  13: f53->f10: max{0, -2*B+max{4, 2*A}} [O(n)]
  12: f55->f61: max{0, -K+max{12, 6*A}} [O(n)]
  11: f61->f53: max{0, -K+max{8, 4*A}} [O(n)]

Costbounds:
  Overall costbound: max{0, -K+max{8, 4*A}}+max{0, -2*B+max{6, 2+2*A}}+max{0, -K+max{12, 6*A}}+max{0, -B+max{4, 2*A}}+max{0, -K+max{6, 3*A}}+max{0, -2*B+max{6, 2+2*A}}+max{0, -2*B+max{4, 2*A}}+max{3, 3+-2*B+max{5, 1+2*A}}+max{0, -2*B+max{4, 2*A}}+max{0, -D+max{4, 2*A}}+max{0, A-B}+max{0, -5*D+max{12, 6*A}} [O(n)]
  0: f0->f10: 1 [O(1)]
  1: f10->f13: max{0, -2*B+max{5, 1+2*A}} [O(n)]
  20: f10->f73: 1 [O(1)]
  21: f10->f73: 1 [O(1)]
  2: f13->f13: max{0, -5*D+max{12, 6*A}} [O(n)]
  3: f13->f13: max{0, -D+max{4, 2*A}} [O(n)]
  17: f13->f10: max{0, -B+max{4, 2*A}} [O(n)]
  19: f13->f29: max{0, -2*B+max{6, 2+2*A}} [O(n)]
  16: f29->f34: max{0, -2*B+max{6, 2+2*A}} [O(n)]
  14: f34->f53: max{0, A-B} [O(n)]
  15: f34->f53: max{0, -2*B+max{4, 2*A}} [O(n)]
  8: f53->f55: max{0, -K+max{6, 3*A}} [O(n)]
  13: f53->f10: max{0, -2*B+max{4, 2*A}} [O(n)]
  12: f55->f61: max{0, -K+max{12, 6*A}} [O(n)]
  11: f61->f53: max{0, -K+max{8, 4*A}} [O(n)]

Sizebounds:
`Lower:
  0: f0->f10, A: 2 [O(1)]
  0: f0->f10, B: B [O(n)]
  0: f0->f10, C: C [O(n)]
  0: f0->f10, D: D [O(n)]
  0: f0->f10, E: E [O(n)]
  0: f0->f10, F: F [O(n)]
  0: f0->f10, G: G [O(n)]
  0: f0->f10, H: H [O(n)]
  0: f0->f10, I: I [O(n)]
  0: f0->f10, J: J [O(n)]
  0: f0->f10, K: K [O(n)]
  0: f0->f10, L: L [O(n)]
  0: f0->f10, M: M [O(n)]
  0: f0->f10, N: N [O(n)]
  0: f0->f10, O: O [O(n)]
  0: f0->f10, P: P [O(n)]
  0: f0->f10, Q: Q [O(n)]
  0: f0->f10, R: R [O(n)]
  0: f0->f10, S: -inf [Infinity]
  0: f0->f10, T: -inf [Infinity]
  0: f0->f10, U: -inf [Infinity]
  1: f10->f13, A: 2 [O(1)]
  1: f10->f13, B: -inf [Infinity]
  1: f10->f13, C: 0 [O(1)]
  1: f10->f13, D: -inf [Infinity]
  1: f10->f13, E: -inf [Infinity]
  1: f10->f13, F: -inf [Infinity]
  1: f10->f13, G: -inf [Infinity]
  1: f10->f13, H: H [O(n)]
  1: f10->f13, I: I [O(n)]
  1: f10->f13, J: J [O(n)]
  1: f10->f13, K: -inf [Infinity]
  1: f10->f13, L: -inf [Infinity]
  1: f10->f13, M: -inf [Infinity]
  1: f10->f13, N: -inf [Infinity]
  1: f10->f13, O: -inf [Infinity]
  1: f10->f13, P: -inf [Infinity]
  1: f10->f13, Q: -inf [Infinity]
  1: f10->f13, R: -max{0, -R} [O(n)]
  1: f10->f13, S: -inf [Infinity]
  1: f10->f13, T: -inf [Infinity]
  1: f10->f13, U: -inf [Infinity]
  20: f10->f73, A: 2 [O(1)]
  20: f10->f73, B: 2 [O(1)]
  20: f10->f73, C: -inf [Infinity]
  20: f10->f73, D: -inf [Infinity]
  20: f10->f73, E: -inf [Infinity]
  20: f10->f73, F: -inf [Infinity]
  20: f10->f73, G: -inf [Infinity]
  20: f10->f73, H: H [O(n)]
  20: f10->f73, I: I [O(n)]
  20: f10->f73, J: J [O(n)]
  20: f10->f73, K: -inf [Infinity]
  20: f10->f73, L: -inf [Infinity]
  20: f10->f73, M: -inf [Infinity]
  20: f10->f73, N: -inf [Infinity]
  20: f10->f73, O: -inf [Infinity]
  20: f10->f73, P: -inf [Infinity]
  20: f10->f73, Q: -inf [Infinity]
  20: f10->f73, R: -max{0, -R} [O(n)]
  20: f10->f73, S: -inf [Infinity]
  20: f10->f73, T: -inf [Infinity]
  20: f10->f73, U: -inf [Infinity]
  21: f10->f73, A: 2 [O(1)]
  21: f10->f73, B: 2 [O(1)]
  21: f10->f73, C: -inf [Infinity]
  21: f10->f73, D: -inf [Infinity]
  21: f10->f73, E: -inf [Infinity]
  21: f10->f73, F: -inf [Infinity]
  21: f10->f73, G: -inf [Infinity]
  21: f10->f73, H: H [O(n)]
  21: f10->f73, I: I [O(n)]
  21: f10->f73, J: J [O(n)]
  21: f10->f73, K: -inf [Infinity]
  21: f10->f73, L: -inf [Infinity]
  21: f10->f73, M: -inf [Infinity]
  21: f10->f73, N: -inf [Infinity]
  21: f10->f73, O: -inf [Infinity]
  21: f10->f73, P: -inf [Infinity]
  21: f10->f73, Q: -inf [Infinity]
  21: f10->f73, R: -max{0, -R} [O(n)]
  21: f10->f73, S: -inf [Infinity]
  21: f10->f73, T: -inf [Infinity]
  21: f10->f73, U: -inf [Infinity]
  2: f13->f13, A: 2 [O(1)]
  2: f13->f13, B: -inf [Infinity]
  2: f13->f13, C: -inf [Infinity]
  2: f13->f13, D: -inf [Infinity]
  2: f13->f13, E: -inf [Infinity]
  2: f13->f13, F: -inf [Infinity]
  2: f13->f13, G: -inf [Infinity]
  2: f13->f13, H: H [O(n)]
  2: f13->f13, I: I [O(n)]
  2: f13->f13, J: J [O(n)]
  2: f13->f13, K: -inf [Infinity]
  2: f13->f13, L: -inf [Infinity]
  2: f13->f13, M: -inf [Infinity]
  2: f13->f13, N: -inf [Infinity]
  2: f13->f13, O: -inf [Infinity]
  2: f13->f13, P: -inf [Infinity]
  2: f13->f13, Q: -inf [Infinity]
  2: f13->f13, R: -max{0, -R} [O(n)]
  2: f13->f13, S: -inf [Infinity]
  2: f13->f13, T: -inf [Infinity]
  2: f13->f13, U: -inf [Infinity]
  3: f13->f13, A: 2 [O(1)]
  3: f13->f13, B: -inf [Infinity]
  3: f13->f13, C: -inf [Infinity]
  3: f13->f13, D: -inf [Infinity]
  3: f13->f13, E: -inf [Infinity]
  3: f13->f13, F: -inf [Infinity]
  3: f13->f13, G: -inf [Infinity]
  3: f13->f13, H: H [O(n)]
  3: f13->f13, I: I [O(n)]
  3: f13->f13, J: J [O(n)]
  3: f13->f13, K: -inf [Infinity]
  3: f13->f13, L: -inf [Infinity]
  3: f13->f13, M: -inf [Infinity]
  3: f13->f13, N: -inf [Infinity]
  3: f13->f13, O: -inf [Infinity]
  3: f13->f13, P: -inf [Infinity]
  3: f13->f13, Q: -inf [Infinity]
  3: f13->f13, R: -max{0, -R} [O(n)]
  3: f13->f13, S: -inf [Infinity]
  3: f13->f13, T: -inf [Infinity]
  3: f13->f13, U: -inf [Infinity]
  17: f13->f10, A: 2 [O(1)]
  17: f13->f10, B: -inf [Infinity]
  17: f13->f10, C: 0 [O(1)]
  17: f13->f10, D: -inf [Infinity]
  17: f13->f10, E: -inf [Infinity]
  17: f13->f10, F: -inf [Infinity]
  17: f13->f10, G: -inf [Infinity]
  17: f13->f10, H: H [O(n)]
  17: f13->f10, I: I [O(n)]
  17: f13->f10, J: J [O(n)]
  17: f13->f10, K: -inf [Infinity]
  17: f13->f10, L: -inf [Infinity]
  17: f13->f10, M: -inf [Infinity]
  17: f13->f10, N: -inf [Infinity]
  17: f13->f10, O: -inf [Infinity]
  17: f13->f10, P: -inf [Infinity]
  17: f13->f10, Q: -inf [Infinity]
  17: f13->f10, R: 0 [O(1)]
  17: f13->f10, S: -inf [Infinity]
  17: f13->f10, T: -inf [Infinity]
  17: f13->f10, U: -inf [Infinity]
  19: f13->f29, A: 2 [O(1)]
  19: f13->f29, B: -inf [Infinity]
  19: f13->f29, C: -inf [Infinity]
  19: f13->f29, D: -inf [Infinity]
  19: f13->f29, E: -inf [Infinity]
  19: f13->f29, F: -inf [Infinity]
  19: f13->f29, G: -inf [Infinity]
  19: f13->f29, H: H [O(n)]
  19: f13->f29, I: I [O(n)]
  19: f13->f29, J: J [O(n)]
  19: f13->f29, K: -inf [Infinity]
  19: f13->f29, L: -inf [Infinity]
  19: f13->f29, M: -inf [Infinity]
  19: f13->f29, N: -inf [Infinity]
  19: f13->f29, O: -inf [Infinity]
  19: f13->f29, P: -inf [Infinity]
  19: f13->f29, Q: -inf [Infinity]
  19: f13->f29, R: -max{0, -R} [O(n)]
  19: f13->f29, S: -inf [Infinity]
  19: f13->f29, T: -inf [Infinity]
  19: f13->f29, U: -inf [Infinity]
  16: f29->f34, A: 2 [O(1)]
  16: f29->f34, B: -inf [Infinity]
  16: f29->f34, C: -inf [Infinity]
  16: f29->f34, D: -inf [Infinity]
  16: f29->f34, E: -inf [Infinity]
  16: f29->f34, F: -inf [Infinity]
  16: f29->f34, G: -inf [Infinity]
  16: f29->f34, H: H [O(n)]
  16: f29->f34, I: I [O(n)]
  16: f29->f34, J: J [O(n)]
  16: f29->f34, K: -inf [Infinity]
  16: f29->f34, L: -inf [Infinity]
  16: f29->f34, M: -inf [Infinity]
  16: f29->f34, N: -inf [Infinity]
  16: f29->f34, O: -inf [Infinity]
  16: f29->f34, P: -inf [Infinity]
  16: f29->f34, Q: -inf [Infinity]
  16: f29->f34, R: -max{0, -R} [O(n)]
  16: f29->f34, S: -inf [Infinity]
  16: f29->f34, T: -inf [Infinity]
  16: f29->f34, U: -inf [Infinity]
  14: f34->f53, A: 2 [O(1)]
  14: f34->f53, B: -inf [Infinity]
  14: f34->f53, C: -inf [Infinity]
  14: f34->f53, D: -inf [Infinity]
  14: f34->f53, E: -inf [Infinity]
  14: f34->f53, F: -inf [Infinity]
  14: f34->f53, G: -inf [Infinity]
  14: f34->f53, H: H [O(n)]
  14: f34->f53, I: I [O(n)]
  14: f34->f53, J: J [O(n)]
  14: f34->f53, K: -inf [Infinity]
  14: f34->f53, L: -inf [Infinity]
  14: f34->f53, M: -inf [Infinity]
  14: f34->f53, N: -inf [Infinity]
  14: f34->f53, O: -inf [Infinity]
  14: f34->f53, P: -inf [Infinity]
  14: f34->f53, Q: -inf [Infinity]
  14: f34->f53, R: -max{0, -R} [O(n)]
  14: f34->f53, S: -inf [Infinity]
  14: f34->f53, T: -inf [Infinity]
  14: f34->f53, U: -inf [Infinity]
  15: f34->f53, A: 2 [O(1)]
  15: f34->f53, B: -inf [Infinity]
  15: f34->f53, C: -inf [Infinity]
  15: f34->f53, D: -inf [Infinity]
  15: f34->f53, E: -inf [Infinity]
  15: f34->f53, F: -inf [Infinity]
  15: f34->f53, G: -inf [Infinity]
  15: f34->f53, H: H [O(n)]
  15: f34->f53, I: I [O(n)]
  15: f34->f53, J: J [O(n)]
  15: f34->f53, K: -inf [Infinity]
  15: f34->f53, L: -inf [Infinity]
  15: f34->f53, M: -inf [Infinity]
  15: f34->f53, N: -inf [Infinity]
  15: f34->f53, O: -inf [Infinity]
  15: f34->f53, P: -inf [Infinity]
  15: f34->f53, Q: -inf [Infinity]
  15: f34->f53, R: -max{0, -R} [O(n)]
  15: f34->f53, S: -inf [Infinity]
  15: f34->f53, T: -inf [Infinity]
  15: f34->f53, U: -inf [Infinity]
  8: f53->f55, A: 2 [O(1)]
  8: f53->f55, B: -inf [Infinity]
  8: f53->f55, C: -inf [Infinity]
  8: f53->f55, D: -inf [Infinity]
  8: f53->f55, E: -inf [Infinity]
  8: f53->f55, F: -inf [Infinity]
  8: f53->f55, G: -inf [Infinity]
  8: f53->f55, H: H [O(n)]
  8: f53->f55, I: I [O(n)]
  8: f53->f55, J: J [O(n)]
  8: f53->f55, K: -inf [Infinity]
  8: f53->f55, L: -inf [Infinity]
  8: f53->f55, M: -inf [Infinity]
  8: f53->f55, N: -inf [Infinity]
  8: f53->f55, O: -inf [Infinity]
  8: f53->f55, P: -inf [Infinity]
  8: f53->f55, Q: -inf [Infinity]
  8: f53->f55, R: -max{0, -R} [O(n)]
  8: f53->f55, S: -inf [Infinity]
  8: f53->f55, T: -inf [Infinity]
  8: f53->f55, U: -inf [Infinity]
  13: f53->f10, A: 2 [O(1)]
  13: f53->f10, B: -inf [Infinity]
  13: f53->f10, C: -inf [Infinity]
  13: f53->f10, D: -inf [Infinity]
  13: f53->f10, E: -inf [Infinity]
  13: f53->f10, F: -inf [Infinity]
  13: f53->f10, G: -inf [Infinity]
  13: f53->f10, H: H [O(n)]
  13: f53->f10, I: I [O(n)]
  13: f53->f10, J: J [O(n)]
  13: f53->f10, K: -inf [Infinity]
  13: f53->f10, L: -inf [Infinity]
  13: f53->f10, M: -inf [Infinity]
  13: f53->f10, N: -inf [Infinity]
  13: f53->f10, O: -inf [Infinity]
  13: f53->f10, P: -inf [Infinity]
  13: f53->f10, Q: -inf [Infinity]
  13: f53->f10, R: -max{0, -R} [O(n)]
  13: f53->f10, S: -inf [Infinity]
  13: f53->f10, T: -inf [Infinity]
  13: f53->f10, U: -inf [Infinity]
  12: f55->f61, A: 2 [O(1)]
  12: f55->f61, B: -inf [Infinity]
  12: f55->f61, C: -inf [Infinity]
  12: f55->f61, D: -inf [Infinity]
  12: f55->f61, E: -inf [Infinity]
  12: f55->f61, F: -inf [Infinity]
  12: f55->f61, G: -inf [Infinity]
  12: f55->f61, H: H [O(n)]
  12: f55->f61, I: I [O(n)]
  12: f55->f61, J: J [O(n)]
  12: f55->f61, K: -inf [Infinity]
  12: f55->f61, L: -inf [Infinity]
  12: f55->f61, M: -inf [Infinity]
  12: f55->f61, N: -inf [Infinity]
  12: f55->f61, O: -inf [Infinity]
  12: f55->f61, P: -inf [Infinity]
  12: f55->f61, Q: -inf [Infinity]
  12: f55->f61, R: -max{0, -R} [O(n)]
  12: f55->f61, S: -inf [Infinity]
  12: f55->f61, T: -inf [Infinity]
  12: f55->f61, U: -inf [Infinity]
  11: f61->f53, A: 2 [O(1)]
  11: f61->f53, B: -inf [Infinity]
  11: f61->f53, C: -inf [Infinity]
  11: f61->f53, D: -inf [Infinity]
  11: f61->f53, E: -inf [Infinity]
  11: f61->f53, F: -inf [Infinity]
  11: f61->f53, G: -inf [Infinity]
  11: f61->f53, H: H [O(n)]
  11: f61->f53, I: I [O(n)]
  11: f61->f53, J: J [O(n)]
  11: f61->f53, K: -inf [Infinity]
  11: f61->f53, L: -inf [Infinity]
  11: f61->f53, M: -inf [Infinity]
  11: f61->f53, N: -inf [Infinity]
  11: f61->f53, O: -inf [Infinity]
  11: f61->f53, P: -inf [Infinity]
  11: f61->f53, Q: -inf [Infinity]
  11: f61->f53, R: -max{0, -R} [O(n)]
  11: f61->f53, S: -inf [Infinity]
  11: f61->f53, T: -inf [Infinity]
  11: f61->f53, U: -inf [Infinity]
`Upper:
  0: f0->f10, A: A [O(n)]
  0: f0->f10, B: B [O(n)]
  0: f0->f10, C: C [O(n)]
  0: f0->f10, D: D [O(n)]
  0: f0->f10, E: E [O(n)]
  0: f0->f10, F: F [O(n)]
  0: f0->f10, G: G [O(n)]
  0: f0->f10, H: H [O(n)]
  0: f0->f10, I: I [O(n)]
  0: f0->f10, J: J [O(n)]
  0: f0->f10, K: K [O(n)]
  0: f0->f10, L: L [O(n)]
  0: f0->f10, M: M [O(n)]
  0: f0->f10, N: N [O(n)]
  0: f0->f10, O: O [O(n)]
  0: f0->f10, P: P [O(n)]
  0: f0->f10, Q: Q [O(n)]
  0: f0->f10, R: R [O(n)]
  0: f0->f10, S: inf [Infinity]
  0: f0->f10, T: inf [Infinity]
  0: f0->f10, U: inf [Infinity]
  1: f10->f13, A: A [O(n)]
  1: f10->f13, B: -1+A [O(n)]
  1: f10->f13, C: 0 [O(1)]
  1: f10->f13, D: max{D, 1+A} [O(n)]
  1: f10->f13, E: inf [Infinity]
  1: f10->f13, F: inf [Infinity]
  1: f10->f13, G: inf [Infinity]
  1: f10->f13, H: H [O(n)]
  1: f10->f13, I: I [O(n)]
  1: f10->f13, J: J [O(n)]
  1: f10->f13, K: max{K, 1+A} [O(n)]
  1: f10->f13, L: inf [Infinity]
  1: f10->f13, M: inf [Infinity]
  1: f10->f13, N: inf [Infinity]
  1: f10->f13, O: inf [Infinity]
  1: f10->f13, P: inf [Infinity]
  1: f10->f13, Q: inf [Infinity]
  1: f10->f13, R: max{0, R} [O(n)]
  1: f10->f13, S: inf [Infinity]
  1: f10->f13, T: inf [Infinity]
  1: f10->f13, U: inf [Infinity]
  20: f10->f73, A: A [O(n)]
  20: f10->f73, B: max{A, B} [O(n)]
  20: f10->f73, C: inf [Infinity]
  20: f10->f73, D: max{D, 1+A} [O(n)]
  20: f10->f73, E: inf [Infinity]
  20: f10->f73, F: inf [Infinity]
  20: f10->f73, G: inf [Infinity]
  20: f10->f73, H: H [O(n)]
  20: f10->f73, I: I [O(n)]
  20: f10->f73, J: J [O(n)]
  20: f10->f73, K: max{K, 1+A} [O(n)]
  20: f10->f73, L: inf [Infinity]
  20: f10->f73, M: inf [Infinity]
  20: f10->f73, N: inf [Infinity]
  20: f10->f73, O: inf [Infinity]
  20: f10->f73, P: inf [Infinity]
  20: f10->f73, Q: inf [Infinity]
  20: f10->f73, R: max{0, R} [O(n)]
  20: f10->f73, S: inf [Infinity]
  20: f10->f73, T: inf [Infinity]
  20: f10->f73, U: inf [Infinity]
  21: f10->f73, A: A [O(n)]
  21: f10->f73, B: max{A, B} [O(n)]
  21: f10->f73, C: inf [Infinity]
  21: f10->f73, D: max{D, 1+A} [O(n)]
  21: f10->f73, E: inf [Infinity]
  21: f10->f73, F: inf [Infinity]
  21: f10->f73, G: inf [Infinity]
  21: f10->f73, H: H [O(n)]
  21: f10->f73, I: I [O(n)]
  21: f10->f73, J: J [O(n)]
  21: f10->f73, K: max{K, 1+A} [O(n)]
  21: f10->f73, L: inf [Infinity]
  21: f10->f73, M: inf [Infinity]
  21: f10->f73, N: inf [Infinity]
  21: f10->f73, O: inf [Infinity]
  21: f10->f73, P: inf [Infinity]
  21: f10->f73, Q: inf [Infinity]
  21: f10->f73, R: max{0, R} [O(n)]
  21: f10->f73, S: inf [Infinity]
  21: f10->f73, T: inf [Infinity]
  21: f10->f73, U: inf [Infinity]
  2: f13->f13, A: A [O(n)]
  2: f13->f13, B: -1+A [O(n)]
  2: f13->f13, C: inf [Infinity]
  2: f13->f13, D: 1+A [O(n)]
  2: f13->f13, E: inf [Infinity]
  2: f13->f13, F: inf [Infinity]
  2: f13->f13, G: inf [Infinity]
  2: f13->f13, H: H [O(n)]
  2: f13->f13, I: I [O(n)]
  2: f13->f13, J: J [O(n)]
  2: f13->f13, K: max{K, 1+A} [O(n)]
  2: f13->f13, L: inf [Infinity]
  2: f13->f13, M: inf [Infinity]
  2: f13->f13, N: inf [Infinity]
  2: f13->f13, O: inf [Infinity]
  2: f13->f13, P: inf [Infinity]
  2: f13->f13, Q: inf [Infinity]
  2: f13->f13, R: max{0, R} [O(n)]
  2: f13->f13, S: inf [Infinity]
  2: f13->f13, T: inf [Infinity]
  2: f13->f13, U: inf [Infinity]
  3: f13->f13, A: A [O(n)]
  3: f13->f13, B: -1+A [O(n)]
  3: f13->f13, C: inf [Infinity]
  3: f13->f13, D: 1+A [O(n)]
  3: f13->f13, E: inf [Infinity]
  3: f13->f13, F: inf [Infinity]
  3: f13->f13, G: inf [Infinity]
  3: f13->f13, H: H [O(n)]
  3: f13->f13, I: I [O(n)]
  3: f13->f13, J: J [O(n)]
  3: f13->f13, K: max{K, 1+A} [O(n)]
  3: f13->f13, L: inf [Infinity]
  3: f13->f13, M: inf [Infinity]
  3: f13->f13, N: inf [Infinity]
  3: f13->f13, O: inf [Infinity]
  3: f13->f13, P: inf [Infinity]
  3: f13->f13, Q: inf [Infinity]
  3: f13->f13, R: max{0, R} [O(n)]
  3: f13->f13, S: inf [Infinity]
  3: f13->f13, T: inf [Infinity]
  3: f13->f13, U: inf [Infinity]
  17: f13->f10, A: A [O(n)]
  17: f13->f10, B: A [O(n)]
  17: f13->f10, C: 0 [O(1)]
  17: f13->f10, D: max{D, 1+A} [O(n)]
  17: f13->f10, E: inf [Infinity]
  17: f13->f10, F: inf [Infinity]
  17: f13->f10, G: inf [Infinity]
  17: f13->f10, H: H [O(n)]
  17: f13->f10, I: I [O(n)]
  17: f13->f10, J: J [O(n)]
  17: f13->f10, K: max{K, 1+A} [O(n)]
  17: f13->f10, L: inf [Infinity]
  17: f13->f10, M: inf [Infinity]
  17: f13->f10, N: inf [Infinity]
  17: f13->f10, O: inf [Infinity]
  17: f13->f10, P: inf [Infinity]
  17: f13->f10, Q: inf [Infinity]
  17: f13->f10, R: 0 [O(1)]
  17: f13->f10, S: inf [Infinity]
  17: f13->f10, T: inf [Infinity]
  17: f13->f10, U: inf [Infinity]
  19: f13->f29, A: A [O(n)]
  19: f13->f29, B: -1+A [O(n)]
  19: f13->f29, C: inf [Infinity]
  19: f13->f29, D: max{D, 1+A} [O(n)]
  19: f13->f29, E: inf [Infinity]
  19: f13->f29, F: inf [Infinity]
  19: f13->f29, G: inf [Infinity]
  19: f13->f29, H: H [O(n)]
  19: f13->f29, I: I [O(n)]
  19: f13->f29, J: J [O(n)]
  19: f13->f29, K: max{K, 1+A} [O(n)]
  19: f13->f29, L: inf [Infinity]
  19: f13->f29, M: inf [Infinity]
  19: f13->f29, N: inf [Infinity]
  19: f13->f29, O: inf [Infinity]
  19: f13->f29, P: inf [Infinity]
  19: f13->f29, Q: inf [Infinity]
  19: f13->f29, R: max{0, R} [O(n)]
  19: f13->f29, S: inf [Infinity]
  19: f13->f29, T: inf [Infinity]
  19: f13->f29, U: inf [Infinity]
  16: f29->f34, A: A [O(n)]
  16: f29->f34, B: -1+A [O(n)]
  16: f29->f34, C: inf [Infinity]
  16: f29->f34, D: max{D, 1+A} [O(n)]
  16: f29->f34, E: inf [Infinity]
  16: f29->f34, F: inf [Infinity]
  16: f29->f34, G: inf [Infinity]
  16: f29->f34, H: H [O(n)]
  16: f29->f34, I: I [O(n)]
  16: f29->f34, J: J [O(n)]
  16: f29->f34, K: max{K, 1+A} [O(n)]
  16: f29->f34, L: inf [Infinity]
  16: f29->f34, M: inf [Infinity]
  16: f29->f34, N: inf [Infinity]
  16: f29->f34, O: inf [Infinity]
  16: f29->f34, P: inf [Infinity]
  16: f29->f34, Q: inf [Infinity]
  16: f29->f34, R: max{0, R} [O(n)]
  16: f29->f34, S: inf [Infinity]
  16: f29->f34, T: inf [Infinity]
  16: f29->f34, U: inf [Infinity]
  14: f34->f53, A: A [O(n)]
  14: f34->f53, B: -1+A [O(n)]
  14: f34->f53, C: inf [Infinity]
  14: f34->f53, D: max{D, 1+A} [O(n)]
  14: f34->f53, E: inf [Infinity]
  14: f34->f53, F: inf [Infinity]
  14: f34->f53, G: inf [Infinity]
  14: f34->f53, H: H [O(n)]
  14: f34->f53, I: I [O(n)]
  14: f34->f53, J: J [O(n)]
  14: f34->f53, K: max{K, 1+A} [O(n)]
  14: f34->f53, L: inf [Infinity]
  14: f34->f53, M: inf [Infinity]
  14: f34->f53, N: inf [Infinity]
  14: f34->f53, O: inf [Infinity]
  14: f34->f53, P: inf [Infinity]
  14: f34->f53, Q: inf [Infinity]
  14: f34->f53, R: max{0, R} [O(n)]
  14: f34->f53, S: inf [Infinity]
  14: f34->f53, T: inf [Infinity]
  14: f34->f53, U: inf [Infinity]
  15: f34->f53, A: A [O(n)]
  15: f34->f53, B: -1+A [O(n)]
  15: f34->f53, C: inf [Infinity]
  15: f34->f53, D: max{D, 1+A} [O(n)]
  15: f34->f53, E: inf [Infinity]
  15: f34->f53, F: inf [Infinity]
  15: f34->f53, G: inf [Infinity]
  15: f34->f53, H: H [O(n)]
  15: f34->f53, I: I [O(n)]
  15: f34->f53, J: J [O(n)]
  15: f34->f53, K: max{K, 1+A} [O(n)]
  15: f34->f53, L: inf [Infinity]
  15: f34->f53, M: inf [Infinity]
  15: f34->f53, N: inf [Infinity]
  15: f34->f53, O: inf [Infinity]
  15: f34->f53, P: inf [Infinity]
  15: f34->f53, Q: inf [Infinity]
  15: f34->f53, R: max{0, R} [O(n)]
  15: f34->f53, S: inf [Infinity]
  15: f34->f53, T: inf [Infinity]
  15: f34->f53, U: inf [Infinity]
  8: f53->f55, A: A [O(n)]
  8: f53->f55, B: -1+A [O(n)]
  8: f53->f55, C: inf [Infinity]
  8: f53->f55, D: max{D, 1+A} [O(n)]
  8: f53->f55, E: inf [Infinity]
  8: f53->f55, F: inf [Infinity]
  8: f53->f55, G: inf [Infinity]
  8: f53->f55, H: H [O(n)]
  8: f53->f55, I: I [O(n)]
  8: f53->f55, J: J [O(n)]
  8: f53->f55, K: A [O(n)]
  8: f53->f55, L: inf [Infinity]
  8: f53->f55, M: inf [Infinity]
  8: f53->f55, N: inf [Infinity]
  8: f53->f55, O: inf [Infinity]
  8: f53->f55, P: inf [Infinity]
  8: f53->f55, Q: inf [Infinity]
  8: f53->f55, R: max{0, R} [O(n)]
  8: f53->f55, S: inf [Infinity]
  8: f53->f55, T: inf [Infinity]
  8: f53->f55, U: inf [Infinity]
  13: f53->f10, A: A [O(n)]
  13: f53->f10, B: A [O(n)]
  13: f53->f10, C: inf [Infinity]
  13: f53->f10, D: max{D, 1+A} [O(n)]
  13: f53->f10, E: inf [Infinity]
  13: f53->f10, F: inf [Infinity]
  13: f53->f10, G: inf [Infinity]
  13: f53->f10, H: H [O(n)]
  13: f53->f10, I: I [O(n)]
  13: f53->f10, J: J [O(n)]
  13: f53->f10, K: max{K, 1+A} [O(n)]
  13: f53->f10, L: inf [Infinity]
  13: f53->f10, M: inf [Infinity]
  13: f53->f10, N: inf [Infinity]
  13: f53->f10, O: inf [Infinity]
  13: f53->f10, P: inf [Infinity]
  13: f53->f10, Q: inf [Infinity]
  13: f53->f10, R: max{0, R} [O(n)]
  13: f53->f10, S: inf [Infinity]
  13: f53->f10, T: inf [Infinity]
  13: f53->f10, U: inf [Infinity]
  12: f55->f61, A: A [O(n)]
  12: f55->f61, B: -1+A [O(n)]
  12: f55->f61, C: inf [Infinity]
  12: f55->f61, D: max{D, 1+A} [O(n)]
  12: f55->f61, E: inf [Infinity]
  12: f55->f61, F: inf [Infinity]
  12: f55->f61, G: inf [Infinity]
  12: f55->f61, H: H [O(n)]
  12: f55->f61, I: I [O(n)]
  12: f55->f61, J: J [O(n)]
  12: f55->f61, K: A [O(n)]
  12: f55->f61, L: inf [Infinity]
  12: f55->f61, M: inf [Infinity]
  12: f55->f61, N: inf [Infinity]
  12: f55->f61, O: inf [Infinity]
  12: f55->f61, P: inf [Infinity]
  12: f55->f61, Q: inf [Infinity]
  12: f55->f61, R: max{0, R} [O(n)]
  12: f55->f61, S: inf [Infinity]
  12: f55->f61, T: inf [Infinity]
  12: f55->f61, U: inf [Infinity]
  11: f61->f53, A: A [O(n)]
  11: f61->f53, B: -1+A [O(n)]
  11: f61->f53, C: inf [Infinity]
  11: f61->f53, D: max{D, 1+A} [O(n)]
  11: f61->f53, E: inf [Infinity]
  11: f61->f53, F: inf [Infinity]
  11: f61->f53, G: inf [Infinity]
  11: f61->f53, H: H [O(n)]
  11: f61->f53, I: I [O(n)]
  11: f61->f53, J: J [O(n)]
  11: f61->f53, K: 1+A [O(n)]
  11: f61->f53, L: inf [Infinity]
  11: f61->f53, M: inf [Infinity]
  11: f61->f53, N: inf [Infinity]
  11: f61->f53, O: inf [Infinity]
  11: f61->f53, P: inf [Infinity]
  11: f61->f53, Q: inf [Infinity]
  11: f61->f53, R: max{0, R} [O(n)]
  11: f61->f53, S: inf [Infinity]
  11: f61->f53, T: inf [Infinity]
  11: f61->f53, U: inf [Infinity]
