Timebounds: 
  Overall timebound: 3+max{0, -D+max{4, 2*A}}+max{0, -K+max{6, 3*A}}+max{0, -D+max{4, 2*A}}+max{0, A-B}+max{0, -2*B+max{4, 2*A}}+max{0, -3*B+max{6, 3*A}}+max{0, 1-B+max{4, 2*A}}+max{1, 2+A-B}+max{0, -K+max{6, 3*A}}+max{0, 1+A-B}+max{0, -K+max{4, 2*A}}+max{0, -3*B+max{6, 3*A}} [O(n)]
  0: f2->f5: 1 [O(1)]
  16: f26->f32: max{0, 1+A-B} [O(n)]
  14: f32->f52: max{0, A-B} [O(n)]
  15: f32->f52: max{0, -3*B+max{6, 3*A}} [O(n)]
  1: f5->f9: max{0, 1+A-B} [O(n)]
  20: f5->f1: 1 [O(1)]
  21: f5->f1: 1 [O(1)]
  22: f5->f1: 1 [O(1)]
  8: f52->f55: max{0, -K+max{6, 3*A}} [O(n)]
  13: f52->f5: max{0, -3*B+max{6, 3*A}} [O(n)]
  12: f55->f62: max{0, -K+max{4, 2*A}} [O(n)]
  11: f62->f52: max{0, -K+max{6, 3*A}} [O(n)]
  2: f9->f9: max{0, -D+max{4, 2*A}} [O(n)]
  3: f9->f9: max{0, -D+max{4, 2*A}} [O(n)]
  17: f9->f5: max{0, -2*B+max{4, 2*A}} [O(n)]
  19: f9->f26: max{0, 1-B+max{4, 2*A}} [O(n)]

Costbounds:
  Overall costbound: 3+max{0, -D+max{4, 2*A}}+max{0, -K+max{6, 3*A}}+max{0, -D+max{4, 2*A}}+max{0, A-B}+max{0, -2*B+max{4, 2*A}}+max{0, -3*B+max{6, 3*A}}+max{0, 1-B+max{4, 2*A}}+max{1, 2+A-B}+max{0, -K+max{6, 3*A}}+max{0, 1+A-B}+max{0, -K+max{4, 2*A}}+max{0, -3*B+max{6, 3*A}} [O(n)]
  0: f2->f5: 1 [O(1)]
  16: f26->f32: max{0, 1+A-B} [O(n)]
  14: f32->f52: max{0, A-B} [O(n)]
  15: f32->f52: max{0, -3*B+max{6, 3*A}} [O(n)]
  1: f5->f9: max{0, 1+A-B} [O(n)]
  20: f5->f1: 1 [O(1)]
  21: f5->f1: 1 [O(1)]
  22: f5->f1: 1 [O(1)]
  8: f52->f55: max{0, -K+max{6, 3*A}} [O(n)]
  13: f52->f5: max{0, -3*B+max{6, 3*A}} [O(n)]
  12: f55->f62: max{0, -K+max{4, 2*A}} [O(n)]
  11: f62->f52: max{0, -K+max{6, 3*A}} [O(n)]
  2: f9->f9: max{0, -D+max{4, 2*A}} [O(n)]
  3: f9->f9: max{0, -D+max{4, 2*A}} [O(n)]
  17: f9->f5: max{0, -2*B+max{4, 2*A}} [O(n)]
  19: f9->f26: max{0, 1-B+max{4, 2*A}} [O(n)]

Sizebounds:
`Lower:
  0: f2->f5, A: 2 [O(1)]
  0: f2->f5, B: B [O(n)]
  0: f2->f5, C: C [O(n)]
  0: f2->f5, D: D [O(n)]
  0: f2->f5, E: E [O(n)]
  0: f2->f5, F: F [O(n)]
  0: f2->f5, G: G [O(n)]
  0: f2->f5, H: H [O(n)]
  0: f2->f5, I: I [O(n)]
  0: f2->f5, J: J [O(n)]
  0: f2->f5, K: K [O(n)]
  0: f2->f5, L: L [O(n)]
  0: f2->f5, M: M [O(n)]
  0: f2->f5, N: N [O(n)]
  0: f2->f5, O: O [O(n)]
  0: f2->f5, P: P [O(n)]
  0: f2->f5, Q: Q [O(n)]
  0: f2->f5, R: R [O(n)]
  16: f26->f32, A: 0 [O(1)]
  16: f26->f32, H: -max{0, -H} [O(n)]
  16: f26->f32, I: -max{0, -I} [O(n)]
  16: f26->f32, J: -max{0, -J} [O(n)]
  16: f26->f32, R: -max{0, -R} [O(n)]
  14: f32->f52, A: 0 [O(1)]
  14: f32->f52, H: -max{0, -H} [O(n)]
  14: f32->f52, I: -max{0, -I} [O(n)]
  14: f32->f52, J: -max{0, -J} [O(n)]
  14: f32->f52, R: -max{0, -R} [O(n)]
  15: f32->f52, A: 0 [O(1)]
  15: f32->f52, H: -max{0, -H} [O(n)]
  15: f32->f52, I: -max{0, -I} [O(n)]
  15: f32->f52, J: -max{0, -J} [O(n)]
  15: f32->f52, R: -max{0, -R} [O(n)]
  1: f5->f9, A: 0 [O(1)]
  1: f5->f9, C: 0 [O(1)]
  1: f5->f9, H: -max{0, -H} [O(n)]
  1: f5->f9, I: -max{0, -I} [O(n)]
  1: f5->f9, J: -max{0, -J} [O(n)]
  1: f5->f9, R: -max{0, -R} [O(n)]
  20: f5->f1, A: 2 [O(1)]
  20: f5->f1, B: 2 [O(1)]
  20: f5->f1, H: -max{0, -H} [O(n)]
  20: f5->f1, I: -max{0, -I} [O(n)]
  20: f5->f1, J: -max{0, -J} [O(n)]
  20: f5->f1, R: -max{0, -R} [O(n)]
  21: f5->f1, A: 2 [O(1)]
  21: f5->f1, B: 2 [O(1)]
  21: f5->f1, H: -max{0, -H} [O(n)]
  21: f5->f1, I: -max{0, -I} [O(n)]
  21: f5->f1, J: -max{0, -J} [O(n)]
  21: f5->f1, R: -max{0, -R} [O(n)]
  22: f5->f1, A: 2 [O(1)]
  22: f5->f1, B: 2 [O(1)]
  22: f5->f1, H: -max{0, -H} [O(n)]
  22: f5->f1, I: -max{0, -I} [O(n)]
  22: f5->f1, J: -max{0, -J} [O(n)]
  22: f5->f1, R: -max{0, -R} [O(n)]
  8: f52->f55, A: 0 [O(1)]
  8: f52->f55, H: -max{0, -H} [O(n)]
  8: f52->f55, I: -max{0, -I} [O(n)]
  8: f52->f55, J: -max{0, -J} [O(n)]
  8: f52->f55, R: -max{0, -R} [O(n)]
  13: f52->f5, A: 0 [O(1)]
  13: f52->f5, H: -max{0, -H} [O(n)]
  13: f52->f5, I: -max{0, -I} [O(n)]
  13: f52->f5, J: -max{0, -J} [O(n)]
  13: f52->f5, R: -max{0, -R} [O(n)]
  12: f55->f62, A: 0 [O(1)]
  12: f55->f62, H: -max{0, -H} [O(n)]
  12: f55->f62, I: -max{0, -I} [O(n)]
  12: f55->f62, J: -max{0, -J} [O(n)]
  12: f55->f62, R: -max{0, -R} [O(n)]
  11: f62->f52, A: 0 [O(1)]
  11: f62->f52, H: -max{0, -H} [O(n)]
  11: f62->f52, I: -max{0, -I} [O(n)]
  11: f62->f52, J: -max{0, -J} [O(n)]
  11: f62->f52, R: -max{0, -R} [O(n)]
  2: f9->f9, A: 0 [O(1)]
  2: f9->f9, H: -max{0, -H} [O(n)]
  2: f9->f9, I: -max{0, -I} [O(n)]
  2: f9->f9, J: -max{0, -J} [O(n)]
  2: f9->f9, R: -max{0, -R} [O(n)]
  3: f9->f9, A: 0 [O(1)]
  3: f9->f9, H: -max{0, -H} [O(n)]
  3: f9->f9, I: -max{0, -I} [O(n)]
  3: f9->f9, J: -max{0, -J} [O(n)]
  3: f9->f9, R: -max{0, -R} [O(n)]
  17: f9->f5, A: 0 [O(1)]
  17: f9->f5, C: 0 [O(1)]
  17: f9->f5, H: -max{0, -H} [O(n)]
  17: f9->f5, I: -max{0, -I} [O(n)]
  17: f9->f5, J: -max{0, -J} [O(n)]
  17: f9->f5, R: 0 [O(1)]
  19: f9->f26, A: 0 [O(1)]
  19: f9->f26, H: -max{0, -H} [O(n)]
  19: f9->f26, I: -max{0, -I} [O(n)]
  19: f9->f26, J: -max{0, -J} [O(n)]
  19: f9->f26, R: -max{0, -R} [O(n)]
`Upper:
  0: f2->f5, A: A [O(n)]
  0: f2->f5, B: B [O(n)]
  0: f2->f5, C: C [O(n)]
  0: f2->f5, D: D [O(n)]
  0: f2->f5, E: E [O(n)]
  0: f2->f5, F: F [O(n)]
  0: f2->f5, G: G [O(n)]
  0: f2->f5, H: H [O(n)]
  0: f2->f5, I: I [O(n)]
  0: f2->f5, J: J [O(n)]
  0: f2->f5, K: K [O(n)]
  0: f2->f5, L: L [O(n)]
  0: f2->f5, M: M [O(n)]
  0: f2->f5, N: N [O(n)]
  0: f2->f5, O: O [O(n)]
  0: f2->f5, P: P [O(n)]
  0: f2->f5, Q: Q [O(n)]
  0: f2->f5, R: R [O(n)]
  16: f26->f32, A: max{0, A} [O(n)]
  16: f26->f32, B: max{-1, -1+A} [O(n)]
  16: f26->f32, D: max{1, D, 1+A} [O(n)]
  16: f26->f32, H: max{0, H} [O(n)]
  16: f26->f32, I: max{0, I} [O(n)]
  16: f26->f32, J: max{0, J} [O(n)]
  16: f26->f32, K: max{1, K, 1+A} [O(n)]
  16: f26->f32, R: max{0, R} [O(n)]
  14: f32->f52, A: max{0, A} [O(n)]
  14: f32->f52, B: max{-1, -1+A} [O(n)]
  14: f32->f52, D: max{1, D, 1+A} [O(n)]
  14: f32->f52, H: max{0, H} [O(n)]
  14: f32->f52, I: max{0, I} [O(n)]
  14: f32->f52, J: max{0, J} [O(n)]
  14: f32->f52, K: max{1, K, 1+A} [O(n)]
  14: f32->f52, R: max{0, R} [O(n)]
  15: f32->f52, A: max{0, A} [O(n)]
  15: f32->f52, B: max{-1, -1+A} [O(n)]
  15: f32->f52, D: max{1, D, 1+A} [O(n)]
  15: f32->f52, H: max{0, H} [O(n)]
  15: f32->f52, I: max{0, I} [O(n)]
  15: f32->f52, J: max{0, J} [O(n)]
  15: f32->f52, K: max{1, K, 1+A} [O(n)]
  15: f32->f52, R: max{0, R} [O(n)]
  1: f5->f9, A: max{0, A} [O(n)]
  1: f5->f9, B: max{-1, -1+A} [O(n)]
  1: f5->f9, C: 0 [O(1)]
  1: f5->f9, D: max{1, D, 1+A} [O(n)]
  1: f5->f9, H: max{0, H} [O(n)]
  1: f5->f9, I: max{0, I} [O(n)]
  1: f5->f9, J: max{0, J} [O(n)]
  1: f5->f9, K: max{1, K, 1+A} [O(n)]
  1: f5->f9, R: max{0, R} [O(n)]
  20: f5->f1, A: max{0, A} [O(n)]
  20: f5->f1, B: max{0, B, A} [O(n)]
  20: f5->f1, D: max{1, D, max{D, 1+A}} [O(n)]
  20: f5->f1, H: max{0, H} [O(n)]
  20: f5->f1, I: max{0, I} [O(n)]
  20: f5->f1, J: max{0, J} [O(n)]
  20: f5->f1, K: max{1, K, max{K, 1+A}} [O(n)]
  20: f5->f1, R: max{0, R} [O(n)]
  21: f5->f1, A: max{0, A} [O(n)]
  21: f5->f1, B: max{0, B, A} [O(n)]
  21: f5->f1, D: max{1, D, max{D, 1+A}} [O(n)]
  21: f5->f1, H: max{0, H} [O(n)]
  21: f5->f1, I: max{0, I} [O(n)]
  21: f5->f1, J: max{0, J} [O(n)]
  21: f5->f1, K: max{1, K, max{K, 1+A}} [O(n)]
  21: f5->f1, R: max{0, R} [O(n)]
  22: f5->f1, A: max{0, A} [O(n)]
  22: f5->f1, B: max{0, B, A} [O(n)]
  22: f5->f1, D: max{1, D, max{D, 1+A}} [O(n)]
  22: f5->f1, H: max{0, H} [O(n)]
  22: f5->f1, I: max{0, I} [O(n)]
  22: f5->f1, J: max{0, J} [O(n)]
  22: f5->f1, K: max{1, K, max{K, 1+A}} [O(n)]
  22: f5->f1, R: max{0, R} [O(n)]
  8: f52->f55, A: max{0, A} [O(n)]
  8: f52->f55, B: max{-1, -1+A} [O(n)]
  8: f52->f55, D: max{1, D, 1+A} [O(n)]
  8: f52->f55, H: max{0, H} [O(n)]
  8: f52->f55, I: max{0, I} [O(n)]
  8: f52->f55, J: max{0, J} [O(n)]
  8: f52->f55, K: max{0, A} [O(n)]
  8: f52->f55, R: max{0, R} [O(n)]
  13: f52->f5, A: max{0, A} [O(n)]
  13: f52->f5, B: max{0, A} [O(n)]
  13: f52->f5, D: max{1, D, 1+A} [O(n)]
  13: f52->f5, H: max{0, H} [O(n)]
  13: f52->f5, I: max{0, I} [O(n)]
  13: f52->f5, J: max{0, J} [O(n)]
  13: f52->f5, K: max{1, K, 1+A} [O(n)]
  13: f52->f5, R: max{0, R} [O(n)]
  12: f55->f62, A: max{0, A} [O(n)]
  12: f55->f62, B: max{-1, -1+A} [O(n)]
  12: f55->f62, D: max{1, D, 1+A} [O(n)]
  12: f55->f62, H: max{0, H} [O(n)]
  12: f55->f62, I: max{0, I} [O(n)]
  12: f55->f62, J: max{0, J} [O(n)]
  12: f55->f62, K: max{0, A} [O(n)]
  12: f55->f62, R: max{0, R} [O(n)]
  11: f62->f52, A: max{0, A} [O(n)]
  11: f62->f52, B: max{-1, -1+A} [O(n)]
  11: f62->f52, D: max{1, D, 1+A} [O(n)]
  11: f62->f52, H: max{0, H} [O(n)]
  11: f62->f52, I: max{0, I} [O(n)]
  11: f62->f52, J: max{0, J} [O(n)]
  11: f62->f52, K: max{1, 1+A} [O(n)]
  11: f62->f52, R: max{0, R} [O(n)]
  2: f9->f9, A: max{0, A} [O(n)]
  2: f9->f9, B: max{-1, -1+A} [O(n)]
  2: f9->f9, D: max{1, 1+A} [O(n)]
  2: f9->f9, H: max{0, H} [O(n)]
  2: f9->f9, I: max{0, I} [O(n)]
  2: f9->f9, J: max{0, J} [O(n)]
  2: f9->f9, K: max{1, K, 1+A} [O(n)]
  2: f9->f9, R: max{0, R} [O(n)]
  3: f9->f9, A: max{0, A} [O(n)]
  3: f9->f9, B: max{-1, -1+A} [O(n)]
  3: f9->f9, D: max{1, 1+A} [O(n)]
  3: f9->f9, H: max{0, H} [O(n)]
  3: f9->f9, I: max{0, I} [O(n)]
  3: f9->f9, J: max{0, J} [O(n)]
  3: f9->f9, K: max{1, K, 1+A} [O(n)]
  3: f9->f9, R: max{0, R} [O(n)]
  17: f9->f5, A: max{0, A} [O(n)]
  17: f9->f5, B: max{0, A} [O(n)]
  17: f9->f5, C: 0 [O(1)]
  17: f9->f5, D: max{1, D, 1+A} [O(n)]
  17: f9->f5, H: max{0, H} [O(n)]
  17: f9->f5, I: max{0, I} [O(n)]
  17: f9->f5, J: max{0, J} [O(n)]
  17: f9->f5, K: max{1, K, 1+A} [O(n)]
  17: f9->f5, R: 0 [O(1)]
  19: f9->f26, A: max{0, A} [O(n)]
  19: f9->f26, B: max{-1, -1+A} [O(n)]
  19: f9->f26, D: max{1, D, 1+A} [O(n)]
  19: f9->f26, H: max{0, H} [O(n)]
  19: f9->f26, I: max{0, I} [O(n)]
  19: f9->f26, J: max{0, J} [O(n)]
  19: f9->f26, K: max{1, K, 1+A} [O(n)]
  19: f9->f26, R: max{0, R} [O(n)]
