Timebounds: 
  Overall timebound: 59914 [O(1)]
  0: f0->f8: 1 [O(1)]
  10: f14->f8: 19804 [O(1)]
  11: f14->f8: 19804 [O(1)]
  3: f23->f28: 199 [O(1)]
  4: f23->f28: 100 [O(1)]
  5: f23->f23: 100 [O(1)]
  8: f23->f38: 1 [O(1)]
  6: f28->f23: 100 [O(1)]
  7: f28->f23: 100 [O(1)]
  1: f8->f14: 100 [O(1)]
  2: f8->f14: 9802 [O(1)]
  9: f8->f8: 9802 [O(1)]
  12: f8->f23: 1 [O(1)]

Costbounds:
  Overall costbound: 59914 [O(1)]
  0: f0->f8: 1 [O(1)]
  10: f14->f8: 19804 [O(1)]
  11: f14->f8: 19804 [O(1)]
  3: f23->f28: 199 [O(1)]
  4: f23->f28: 100 [O(1)]
  5: f23->f23: 100 [O(1)]
  8: f23->f38: 1 [O(1)]
  6: f28->f23: 100 [O(1)]
  7: f28->f23: 100 [O(1)]
  1: f8->f14: 100 [O(1)]
  2: f8->f14: 9802 [O(1)]
  9: f8->f8: 9802 [O(1)]
  12: f8->f23: 1 [O(1)]

Sizebounds:
`Lower:
  0: f0->f8, A: 0 [O(1)]
  0: f0->f8, B: B [O(n)]
  0: f0->f8, C: C [O(n)]
  10: f14->f8, A: 1 [O(1)]
  10: f14->f8, B: 0 [O(1)]
  10: f14->f8, C: C [O(n)]
  11: f14->f8, A: 1 [O(1)]
  11: f14->f8, B: 0 [O(1)]
  11: f14->f8, C: C [O(n)]
  3: f23->f28, A: 0 [O(1)]
  3: f23->f28, B: 0 [O(1)]
  4: f23->f28, A: 0 [O(1)]
  4: f23->f28, B: 0 [O(1)]
  5: f23->f23, A: 1 [O(1)]
  5: f23->f23, B: 0 [O(1)]
  8: f23->f38, A: 100 [O(1)]
  8: f23->f38, B: 0 [O(1)]
  6: f28->f23, A: 1 [O(1)]
  6: f28->f23, B: 0 [O(1)]
  7: f28->f23, A: 1 [O(1)]
  7: f28->f23, B: 0 [O(1)]
  1: f8->f14, A: 0 [O(1)]
  1: f8->f14, B: 0 [O(1)]
  1: f8->f14, C: C [O(n)]
  2: f8->f14, A: 0 [O(1)]
  2: f8->f14, B: 0 [O(1)]
  2: f8->f14, C: C [O(n)]
  9: f8->f8, A: 1 [O(1)]
  9: f8->f8, B: 0 [O(1)]
  9: f8->f8, C: C [O(n)]
  12: f8->f23, A: 0 [O(1)]
  12: f8->f23, B: 0 [O(1)]
  12: f8->f23, C: C [O(n)]
`Upper:
  0: f0->f8, A: 0 [O(1)]
  0: f0->f8, B: B [O(n)]
  0: f0->f8, C: C [O(n)]
  10: f14->f8, A: 100 [O(1)]
  10: f14->f8, B: 99 [O(1)]
  10: f14->f8, C: C [O(n)]
  11: f14->f8, A: 100 [O(1)]
  11: f14->f8, B: 99 [O(1)]
  11: f14->f8, C: C [O(n)]
  3: f23->f28, A: 99 [O(1)]
  3: f23->f28, B: 99 [O(1)]
  4: f23->f28, A: 99 [O(1)]
  4: f23->f28, B: 99 [O(1)]
  5: f23->f23, A: 100 [O(1)]
  5: f23->f23, B: 99 [O(1)]
  8: f23->f38, A: 100 [O(1)]
  8: f23->f38, B: 99 [O(1)]
  6: f28->f23, A: 100 [O(1)]
  6: f28->f23, B: 99 [O(1)]
  7: f28->f23, A: 100 [O(1)]
  7: f28->f23, B: 99 [O(1)]
  1: f8->f14, A: 99 [O(1)]
  1: f8->f14, B: 99 [O(1)]
  1: f8->f14, C: C [O(n)]
  2: f8->f14, A: 99 [O(1)]
  2: f8->f14, B: 99 [O(1)]
  2: f8->f14, C: C [O(n)]
  9: f8->f8, A: 100 [O(1)]
  9: f8->f8, B: 99 [O(1)]
  9: f8->f8, C: C [O(n)]
  12: f8->f23, A: 0 [O(1)]
  12: f8->f23, B: 99 [O(1)]
  12: f8->f23, C: C [O(n)]
