Timebounds: 
  Overall timebound: 4001010 [O(1)]
  0: f0->f8: 1 [O(1)]
  10: f14->f8: 999002 [O(1)]
  11: f14->f8: 999002 [O(1)]
  3: f23->f28: 1999 [O(1)]
  4: f23->f28: 1000 [O(1)]
  5: f23->f23: 1000 [O(1)]
  8: f23->f38: 1 [O(1)]
  6: f28->f23: 1000 [O(1)]
  7: f28->f23: 1000 [O(1)]
  1: f8->f14: 1000 [O(1)]
  2: f8->f14: 998002 [O(1)]
  9: f8->f8: 998002 [O(1)]
  12: f8->f23: 1 [O(1)]

Costbounds:
  Overall costbound: 4001010 [O(1)]
  0: f0->f8: 1 [O(1)]
  10: f14->f8: 999002 [O(1)]
  11: f14->f8: 999002 [O(1)]
  3: f23->f28: 1999 [O(1)]
  4: f23->f28: 1000 [O(1)]
  5: f23->f23: 1000 [O(1)]
  8: f23->f38: 1 [O(1)]
  6: f28->f23: 1000 [O(1)]
  7: f28->f23: 1000 [O(1)]
  1: f8->f14: 1000 [O(1)]
  2: f8->f14: 998002 [O(1)]
  9: f8->f8: 998002 [O(1)]
  12: f8->f23: 1 [O(1)]

Sizebounds:
`Lower:
  0: f0->f8, A: 0 [O(1)]
  0: f0->f8, B: B [O(n)]
  0: f0->f8, C: C [O(n)]
  10: f14->f8, A: 1 [O(1)]
  10: f14->f8, B: 0 [O(1)]
  10: f14->f8, C: -max{0, -C} [O(n)]
  11: f14->f8, A: 1 [O(1)]
  11: f14->f8, B: 0 [O(1)]
  11: f14->f8, C: -max{0, -C} [O(n)]
  3: f23->f28, A: 0 [O(1)]
  3: f23->f28, B: -max{0, -B} [O(n)]
  4: f23->f28, A: 0 [O(1)]
  4: f23->f28, B: -max{0, -B} [O(n)]
  5: f23->f23, A: 1 [O(1)]
  5: f23->f23, B: -max{0, -B} [O(n)]
  8: f23->f38, A: 1000 [O(1)]
  8: f23->f38, B: -max{0, -B} [O(n)]
  6: f28->f23, A: 1 [O(1)]
  6: f28->f23, B: -max{0, -B} [O(n)]
  7: f28->f23, A: 1 [O(1)]
  7: f28->f23, B: -max{0, -B} [O(n)]
  1: f8->f14, A: 0 [O(1)]
  1: f8->f14, B: 0 [O(1)]
  1: f8->f14, C: -max{0, -C} [O(n)]
  2: f8->f14, A: 0 [O(1)]
  2: f8->f14, B: 0 [O(1)]
  2: f8->f14, C: -max{0, -C} [O(n)]
  9: f8->f8, A: 1 [O(1)]
  9: f8->f8, B: 0 [O(1)]
  9: f8->f8, C: -max{0, -C} [O(n)]
  12: f8->f23, A: 0 [O(1)]
  12: f8->f23, B: -max{0, -B} [O(n)]
  12: f8->f23, C: -max{0, -C} [O(n)]
`Upper:
  0: f0->f8, A: 0 [O(1)]
  0: f0->f8, B: B [O(n)]
  0: f0->f8, C: C [O(n)]
  10: f14->f8, A: 1000 [O(1)]
  10: f14->f8, B: 999 [O(1)]
  10: f14->f8, C: max{0, C} [O(n)]
  11: f14->f8, A: 1000 [O(1)]
  11: f14->f8, B: 999 [O(1)]
  11: f14->f8, C: max{0, C} [O(n)]
  3: f23->f28, A: 999 [O(1)]
  3: f23->f28, B: max{999, B} [O(n)]
  4: f23->f28, A: 999 [O(1)]
  4: f23->f28, B: max{999, B} [O(n)]
  5: f23->f23, A: 1000 [O(1)]
  5: f23->f23, B: max{999, B} [O(n)]
  8: f23->f38, A: 1000 [O(1)]
  8: f23->f38, B: max{999, B} [O(n)]
  6: f28->f23, A: 1000 [O(1)]
  6: f28->f23, B: max{999, B} [O(n)]
  7: f28->f23, A: 1000 [O(1)]
  7: f28->f23, B: max{999, B} [O(n)]
  1: f8->f14, A: 999 [O(1)]
  1: f8->f14, B: 999 [O(1)]
  1: f8->f14, C: max{0, C} [O(n)]
  2: f8->f14, A: 999 [O(1)]
  2: f8->f14, B: 999 [O(1)]
  2: f8->f14, C: max{0, C} [O(n)]
  9: f8->f8, A: 1000 [O(1)]
  9: f8->f8, B: 999 [O(1)]
  9: f8->f8, C: max{0, C} [O(n)]
  12: f8->f23, A: 0 [O(1)]
  12: f8->f23, B: max{999, B} [O(n)]
  12: f8->f23, C: max{0, C} [O(n)]
