Timebounds: 
  Overall timebound: 420 [O(1)]
  0: f0->f8: 1 [O(1)]
  10: f14->f8: 92 [O(1)]
  11: f14->f8: 92 [O(1)]
  3: f23->f28: 19 [O(1)]
  4: f23->f28: 10 [O(1)]
  5: f23->f23: 10 [O(1)]
  8: f23->f38: 1 [O(1)]
  6: f28->f23: 10 [O(1)]
  7: f28->f23: 10 [O(1)]
  1: f8->f14: 10 [O(1)]
  2: f8->f14: 82 [O(1)]
  9: f8->f8: 82 [O(1)]
  12: f8->f23: 1 [O(1)]

Costbounds:
  Overall costbound: 420 [O(1)]
  0: f0->f8: 1 [O(1)]
  10: f14->f8: 92 [O(1)]
  11: f14->f8: 92 [O(1)]
  3: f23->f28: 19 [O(1)]
  4: f23->f28: 10 [O(1)]
  5: f23->f23: 10 [O(1)]
  8: f23->f38: 1 [O(1)]
  6: f28->f23: 10 [O(1)]
  7: f28->f23: 10 [O(1)]
  1: f8->f14: 10 [O(1)]
  2: f8->f14: 82 [O(1)]
  9: f8->f8: 82 [O(1)]
  12: f8->f23: 1 [O(1)]

Sizebounds:
`Lower:
  0: f0->f8, A: 0 [O(1)]
  0: f0->f8, B: B [O(n)]
  0: f0->f8, C: C [O(n)]
  0: f0->f8, D: -inf [Infinity]
  0: f0->f8, E: -inf [Infinity]
  10: f14->f8, A: 1 [O(1)]
  10: f14->f8, B: 0 [O(1)]
  10: f14->f8, C: C [O(n)]
  10: f14->f8, D: -inf [Infinity]
  10: f14->f8, E: -inf [Infinity]
  11: f14->f8, A: 1 [O(1)]
  11: f14->f8, B: 0 [O(1)]
  11: f14->f8, C: C [O(n)]
  11: f14->f8, D: -inf [Infinity]
  11: f14->f8, E: -inf [Infinity]
  3: f23->f28, A: 0 [O(1)]
  3: f23->f28, B: -max{0, -B} [O(n)]
  3: f23->f28, C: -inf [Infinity]
  3: f23->f28, D: -inf [Infinity]
  3: f23->f28, E: -inf [Infinity]
  4: f23->f28, A: 0 [O(1)]
  4: f23->f28, B: -max{0, -B} [O(n)]
  4: f23->f28, C: -inf [Infinity]
  4: f23->f28, D: -inf [Infinity]
  4: f23->f28, E: -inf [Infinity]
  5: f23->f23, A: 1 [O(1)]
  5: f23->f23, B: -max{0, -B} [O(n)]
  5: f23->f23, C: -inf [Infinity]
  5: f23->f23, D: -inf [Infinity]
  5: f23->f23, E: -inf [Infinity]
  8: f23->f38, A: 10 [O(1)]
  8: f23->f38, B: -max{0, -B} [O(n)]
  8: f23->f38, C: -inf [Infinity]
  8: f23->f38, D: -inf [Infinity]
  8: f23->f38, E: -inf [Infinity]
  6: f28->f23, A: 1 [O(1)]
  6: f28->f23, B: -max{0, -B} [O(n)]
  6: f28->f23, C: -inf [Infinity]
  6: f28->f23, D: -inf [Infinity]
  6: f28->f23, E: -inf [Infinity]
  7: f28->f23, A: 1 [O(1)]
  7: f28->f23, B: -max{0, -B} [O(n)]
  7: f28->f23, C: -inf [Infinity]
  7: f28->f23, D: -inf [Infinity]
  7: f28->f23, E: -inf [Infinity]
  1: f8->f14, A: 0 [O(1)]
  1: f8->f14, B: 0 [O(1)]
  1: f8->f14, C: C [O(n)]
  1: f8->f14, D: -inf [Infinity]
  1: f8->f14, E: -inf [Infinity]
  2: f8->f14, A: 0 [O(1)]
  2: f8->f14, B: 0 [O(1)]
  2: f8->f14, C: C [O(n)]
  2: f8->f14, D: -inf [Infinity]
  2: f8->f14, E: -inf [Infinity]
  9: f8->f8, A: 1 [O(1)]
  9: f8->f8, B: 0 [O(1)]
  9: f8->f8, C: C [O(n)]
  9: f8->f8, D: -inf [Infinity]
  9: f8->f8, E: -inf [Infinity]
  12: f8->f23, A: 0 [O(1)]
  12: f8->f23, B: -max{0, -B} [O(n)]
  12: f8->f23, C: C [O(n)]
  12: f8->f23, D: -inf [Infinity]
  12: f8->f23, E: -inf [Infinity]
`Upper:
  0: f0->f8, A: 0 [O(1)]
  0: f0->f8, B: B [O(n)]
  0: f0->f8, C: C [O(n)]
  0: f0->f8, D: inf [Infinity]
  0: f0->f8, E: inf [Infinity]
  10: f14->f8, A: 10 [O(1)]
  10: f14->f8, B: 9 [O(1)]
  10: f14->f8, C: C [O(n)]
  10: f14->f8, D: inf [Infinity]
  10: f14->f8, E: inf [Infinity]
  11: f14->f8, A: 10 [O(1)]
  11: f14->f8, B: 9 [O(1)]
  11: f14->f8, C: C [O(n)]
  11: f14->f8, D: inf [Infinity]
  11: f14->f8, E: inf [Infinity]
  3: f23->f28, A: 9 [O(1)]
  3: f23->f28, B: max{9, B} [O(n)]
  3: f23->f28, C: inf [Infinity]
  3: f23->f28, D: inf [Infinity]
  3: f23->f28, E: inf [Infinity]
  4: f23->f28, A: 9 [O(1)]
  4: f23->f28, B: max{9, B} [O(n)]
  4: f23->f28, C: inf [Infinity]
  4: f23->f28, D: inf [Infinity]
  4: f23->f28, E: inf [Infinity]
  5: f23->f23, A: 10 [O(1)]
  5: f23->f23, B: max{9, B} [O(n)]
  5: f23->f23, C: inf [Infinity]
  5: f23->f23, D: inf [Infinity]
  5: f23->f23, E: inf [Infinity]
  8: f23->f38, A: 10 [O(1)]
  8: f23->f38, B: max{9, B} [O(n)]
  8: f23->f38, C: inf [Infinity]
  8: f23->f38, D: inf [Infinity]
  8: f23->f38, E: inf [Infinity]
  6: f28->f23, A: 10 [O(1)]
  6: f28->f23, B: max{9, B} [O(n)]
  6: f28->f23, C: inf [Infinity]
  6: f28->f23, D: inf [Infinity]
  6: f28->f23, E: inf [Infinity]
  7: f28->f23, A: 10 [O(1)]
  7: f28->f23, B: max{9, B} [O(n)]
  7: f28->f23, C: inf [Infinity]
  7: f28->f23, D: inf [Infinity]
  7: f28->f23, E: inf [Infinity]
  1: f8->f14, A: 9 [O(1)]
  1: f8->f14, B: 9 [O(1)]
  1: f8->f14, C: C [O(n)]
  1: f8->f14, D: inf [Infinity]
  1: f8->f14, E: inf [Infinity]
  2: f8->f14, A: 9 [O(1)]
  2: f8->f14, B: 9 [O(1)]
  2: f8->f14, C: C [O(n)]
  2: f8->f14, D: inf [Infinity]
  2: f8->f14, E: inf [Infinity]
  9: f8->f8, A: 10 [O(1)]
  9: f8->f8, B: 9 [O(1)]
  9: f8->f8, C: C [O(n)]
  9: f8->f8, D: inf [Infinity]
  9: f8->f8, E: inf [Infinity]
  12: f8->f23, A: 0 [O(1)]
  12: f8->f23, B: max{9, B} [O(n)]
  12: f8->f23, C: C [O(n)]
  12: f8->f23, D: inf [Infinity]
  12: f8->f23, E: inf [Infinity]
