Timebounds: 
  Overall timebound: inf [Infinity]
  0: f0->f10: 1 [O(1)]
  1: f10->f21: inf [Infinity]
  2: f10->f21: inf [Infinity]
  3: f10->f21: inf [Infinity]
  6: f10->f32: 1 [O(1)]
  7: f10->f32: 1 [O(1)]
  4: f21->f10: inf [Infinity]
  5: f21->f10: inf [Infinity]

Costbounds:
  Overall costbound: inf [Infinity]
  0: f0->f10: 1 [O(1)]
  1: f10->f21: inf [Infinity]
  2: f10->f21: inf [Infinity]
  3: f10->f21: inf [Infinity]
  6: f10->f32: 1 [O(1)]
  7: f10->f32: 1 [O(1)]
  4: f21->f10: inf [Infinity]
  5: f21->f10: inf [Infinity]

Sizebounds:
`Lower:
  0: f0->f10, A: 1 [O(1)]
  0: f0->f10, B: 1 [O(1)]
  0: f0->f10, C: 0 [O(1)]
  0: f0->f10, D: 0 [O(1)]
  0: f0->f10, E: 2 [O(1)]
  0: f0->f10, F: 1 [O(1)]
  0: f0->f10, G: G [O(n)]
  0: f0->f10, H: -inf [Infinity]
  0: f0->f10, I: -inf [Infinity]
  1: f10->f21, A: 1 [O(1)]
  1: f10->f21, B: 1 [O(1)]
  1: f10->f21, C: 0 [O(1)]
  1: f10->f21, D: 0 [O(1)]
  1: f10->f21, E: 2 [O(1)]
  1: f10->f21, F: 1 [O(1)]
  1: f10->f21, G: 0 [O(1)]
  1: f10->f21, H: -inf [Infinity]
  1: f10->f21, I: -inf [Infinity]
  2: f10->f21, A: 2 [O(1)]
  2: f10->f21, B: 2 [O(1)]
  2: f10->f21, C: -inf [Infinity]
  2: f10->f21, D: 0 [O(1)]
  2: f10->f21, E: 2 [O(1)]
  2: f10->f21, F: 1 [O(1)]
  2: f10->f21, G: 0 [O(1)]
  2: f10->f21, H: -inf [Infinity]
  2: f10->f21, I: -inf [Infinity]
  3: f10->f21, A: 1 [O(1)]
  3: f10->f21, B: 1 [O(1)]
  3: f10->f21, C: -inf [Infinity]
  3: f10->f21, D: 0 [O(1)]
  3: f10->f21, E: 2 [O(1)]
  3: f10->f21, F: 1 [O(1)]
  3: f10->f21, G: 0 [O(1)]
  3: f10->f21, H: -inf [Infinity]
  3: f10->f21, I: -inf [Infinity]
  6: f10->f32, A: 1 [O(1)]
  6: f10->f32, B: 1 [O(1)]
  6: f10->f32, C: 0 [O(1)]
  6: f10->f32, D: 0 [O(1)]
  6: f10->f32, E: 2 [O(1)]
  6: f10->f32, F: -inf [Infinity]
  6: f10->f32, G: -max{0, -G} [O(n)]
  6: f10->f32, H: -inf [Infinity]
  6: f10->f32, I: -inf [Infinity]
  7: f10->f32, A: 1 [O(1)]
  7: f10->f32, B: 1 [O(1)]
  7: f10->f32, C: 0 [O(1)]
  7: f10->f32, D: 0 [O(1)]
  7: f10->f32, E: 2 [O(1)]
  7: f10->f32, F: 3 [O(1)]
  7: f10->f32, G: -max{0, -G} [O(n)]
  7: f10->f32, H: -inf [Infinity]
  7: f10->f32, I: -inf [Infinity]
  4: f21->f10, A: 1 [O(1)]
  4: f21->f10, B: 1 [O(1)]
  4: f21->f10, C: -inf [Infinity]
  4: f21->f10, D: 0 [O(1)]
  4: f21->f10, E: 2 [O(1)]
  4: f21->f10, F: 0 [O(1)]
  4: f21->f10, G: 0 [O(1)]
  4: f21->f10, H: -inf [Infinity]
  4: f21->f10, I: -inf [Infinity]
  5: f21->f10, A: 1 [O(1)]
  5: f21->f10, B: 1 [O(1)]
  5: f21->f10, C: -inf [Infinity]
  5: f21->f10, D: 0 [O(1)]
  5: f21->f10, E: 2 [O(1)]
  5: f21->f10, F: 2 [O(1)]
  5: f21->f10, G: 1 [O(1)]
  5: f21->f10, H: -inf [Infinity]
  5: f21->f10, I: -inf [Infinity]
`Upper:
  0: f0->f10, A: 1 [O(1)]
  0: f0->f10, B: 1 [O(1)]
  0: f0->f10, C: H [O(n)]
  0: f0->f10, D: 0 [O(1)]
  0: f0->f10, E: 2 [O(1)]
  0: f0->f10, F: 1 [O(1)]
  0: f0->f10, G: G [O(n)]
  0: f0->f10, H: inf [Infinity]
  0: f0->f10, I: inf [Infinity]
  1: f10->f21, A: 3 [O(1)]
  1: f10->f21, B: 4 [O(1)]
  1: f10->f21, C: 0 [O(1)]
  1: f10->f21, D: 0 [O(1)]
  1: f10->f21, E: 2 [O(1)]
  1: f10->f21, F: 2 [O(1)]
  1: f10->f21, G: 0 [O(1)]
  1: f10->f21, H: inf [Infinity]
  1: f10->f21, I: inf [Infinity]
  2: f10->f21, A: 4 [O(1)]
  2: f10->f21, B: 4 [O(1)]
  2: f10->f21, C: inf [Infinity]
  2: f10->f21, D: 0 [O(1)]
  2: f10->f21, E: 2 [O(1)]
  2: f10->f21, F: 2 [O(1)]
  2: f10->f21, G: 1 [O(1)]
  2: f10->f21, H: inf [Infinity]
  2: f10->f21, I: inf [Infinity]
  3: f10->f21, A: 3 [O(1)]
  3: f10->f21, B: 4 [O(1)]
  3: f10->f21, C: inf [Infinity]
  3: f10->f21, D: 0 [O(1)]
  3: f10->f21, E: 2 [O(1)]
  3: f10->f21, F: 2 [O(1)]
  3: f10->f21, G: 1 [O(1)]
  3: f10->f21, H: inf [Infinity]
  3: f10->f21, I: inf [Infinity]
  6: f10->f32, A: 3 [O(1)]
  6: f10->f32, B: 4 [O(1)]
  6: f10->f32, C: inf [Infinity]
  6: f10->f32, D: 0 [O(1)]
  6: f10->f32, E: 2 [O(1)]
  6: f10->f32, F: 0 [O(1)]
  6: f10->f32, G: max{1, G} [O(n)]
  6: f10->f32, H: inf [Infinity]
  6: f10->f32, I: inf [Infinity]
  7: f10->f32, A: 3 [O(1)]
  7: f10->f32, B: 4 [O(1)]
  7: f10->f32, C: inf [Infinity]
  7: f10->f32, D: 0 [O(1)]
  7: f10->f32, E: 2 [O(1)]
  7: f10->f32, F: 3 [O(1)]
  7: f10->f32, G: max{1, G} [O(n)]
  7: f10->f32, H: inf [Infinity]
  7: f10->f32, I: inf [Infinity]
  4: f21->f10, A: 3 [O(1)]
  4: f21->f10, B: 4 [O(1)]
  4: f21->f10, C: inf [Infinity]
  4: f21->f10, D: 0 [O(1)]
  4: f21->f10, E: 2 [O(1)]
  4: f21->f10, F: 1 [O(1)]
  4: f21->f10, G: 0 [O(1)]
  4: f21->f10, H: inf [Infinity]
  4: f21->f10, I: inf [Infinity]
  5: f21->f10, A: 3 [O(1)]
  5: f21->f10, B: 4 [O(1)]
  5: f21->f10, C: inf [Infinity]
  5: f21->f10, D: 0 [O(1)]
  5: f21->f10, E: 2 [O(1)]
  5: f21->f10, F: 3 [O(1)]
  5: f21->f10, G: 1 [O(1)]
  5: f21->f10, H: inf [Infinity]
  5: f21->f10, I: inf [Infinity]
