Timebounds: 
  Overall timebound: inf [Infinity]
  0: f0->f10: 1 [O(1)]
  1: f10->f21: inf [Infinity]
  2: f10->f21: inf [Infinity]
  3: f10->f21: inf [Infinity]
  6: f10->f31: 1 [O(1)]
  7: f10->f31: 1 [O(1)]
  4: f21->f10: inf [Infinity]
  5: f21->f10: inf [Infinity]

Costbounds:
  Overall costbound: inf [Infinity]
  0: f0->f10: 1 [O(1)]
  1: f10->f21: inf [Infinity]
  2: f10->f21: inf [Infinity]
  3: f10->f21: inf [Infinity]
  6: f10->f31: 1 [O(1)]
  7: f10->f31: 1 [O(1)]
  4: f21->f10: inf [Infinity]
  5: f21->f10: inf [Infinity]

Sizebounds:
`Lower:
  0: f0->f10, A: 1 [O(1)]
  0: f0->f10, B: 1 [O(1)]
  0: f0->f10, C: 0 [O(1)]
  0: f0->f10, D: 0 [O(1)]
  0: f0->f10, E: 2 [O(1)]
  0: f0->f10, F: 1 [O(1)]
  0: f0->f10, G: G [O(n)]
  1: f10->f21, A: 1 [O(1)]
  1: f10->f21, B: 0 [O(1)]
  1: f10->f21, C: 0 [O(1)]
  1: f10->f21, D: 0 [O(1)]
  1: f10->f21, E: 2 [O(1)]
  1: f10->f21, F: 1 [O(1)]
  1: f10->f21, G: 0 [O(1)]
  2: f10->f21, A: 2 [O(1)]
  2: f10->f21, B: 2 [O(1)]
  2: f10->f21, C: 0 [O(1)]
  2: f10->f21, D: 0 [O(1)]
  2: f10->f21, E: 2 [O(1)]
  2: f10->f21, F: 1 [O(1)]
  2: f10->f21, G: 0 [O(1)]
  3: f10->f21, A: 1 [O(1)]
  3: f10->f21, B: 0 [O(1)]
  3: f10->f21, C: 0 [O(1)]
  3: f10->f21, D: 0 [O(1)]
  3: f10->f21, E: 2 [O(1)]
  3: f10->f21, F: 1 [O(1)]
  3: f10->f21, G: 0 [O(1)]
  6: f10->f31, A: 1 [O(1)]
  6: f10->f31, B: 0 [O(1)]
  6: f10->f31, C: 0 [O(1)]
  6: f10->f31, D: 0 [O(1)]
  6: f10->f31, E: 2 [O(1)]
  6: f10->f31, F: 0 [O(1)]
  6: f10->f31, G: 0 [O(1)]
  7: f10->f31, A: 1 [O(1)]
  7: f10->f31, B: 0 [O(1)]
  7: f10->f31, C: 0 [O(1)]
  7: f10->f31, D: 0 [O(1)]
  7: f10->f31, E: 2 [O(1)]
  7: f10->f31, F: 3 [O(1)]
  7: f10->f31, G: 0 [O(1)]
  4: f21->f10, A: 1 [O(1)]
  4: f21->f10, B: 0 [O(1)]
  4: f21->f10, C: 0 [O(1)]
  4: f21->f10, D: 0 [O(1)]
  4: f21->f10, E: 2 [O(1)]
  4: f21->f10, F: 0 [O(1)]
  4: f21->f10, G: 0 [O(1)]
  5: f21->f10, A: 1 [O(1)]
  5: f21->f10, B: 0 [O(1)]
  5: f21->f10, C: 0 [O(1)]
  5: f21->f10, D: 0 [O(1)]
  5: f21->f10, E: 2 [O(1)]
  5: f21->f10, F: 2 [O(1)]
  5: f21->f10, G: 1 [O(1)]
`Upper:
  0: f0->f10, A: 1 [O(1)]
  0: f0->f10, B: 1 [O(1)]
  0: f0->f10, C: H [O(n)]
  0: f0->f10, D: 0 [O(1)]
  0: f0->f10, E: 2 [O(1)]
  0: f0->f10, F: 1 [O(1)]
  0: f0->f10, G: G [O(n)]
  1: f10->f21, C: 0 [O(1)]
  1: f10->f21, D: 0 [O(1)]
  1: f10->f21, E: 2 [O(1)]
  1: f10->f21, F: 2 [O(1)]
  1: f10->f21, G: 0 [O(1)]
  2: f10->f21, D: 0 [O(1)]
  2: f10->f21, E: 2 [O(1)]
  2: f10->f21, F: 2 [O(1)]
  2: f10->f21, G: 1 [O(1)]
  3: f10->f21, D: 0 [O(1)]
  3: f10->f21, E: 2 [O(1)]
  3: f10->f21, F: 2 [O(1)]
  3: f10->f21, G: 1 [O(1)]
  6: f10->f31, D: 0 [O(1)]
  6: f10->f31, E: 2 [O(1)]
  6: f10->f31, F: 0 [O(1)]
  6: f10->f31, G: 0 [O(1)]
  7: f10->f31, D: 0 [O(1)]
  7: f10->f31, E: 2 [O(1)]
  7: f10->f31, F: 3 [O(1)]
  7: f10->f31, G: 1 [O(1)]
  4: f21->f10, D: 0 [O(1)]
  4: f21->f10, E: 2 [O(1)]
  4: f21->f10, F: 1 [O(1)]
  4: f21->f10, G: 0 [O(1)]
  5: f21->f10, D: 0 [O(1)]
  5: f21->f10, E: 2 [O(1)]
  5: f21->f10, F: 3 [O(1)]
  5: f21->f10, G: 1 [O(1)]
