Timebounds: 
  Overall timebound: inf [Infinity]
  1: f0->f0: inf [Infinity]
  2: f0->f0: inf [Infinity]
  0: f1->f0: 1 [O(1)]

Costbounds:
  Overall costbound: inf [Infinity]
  1: f0->f0: inf [Infinity]
  2: f0->f0: inf [Infinity]
  0: f1->f0: 1 [O(1)]

Sizebounds:
`Lower:
  1: f0->f0, A: 2 [O(1)]
  1: f0->f0, B: 1 [O(1)]
  2: f0->f0, A: -max{-2, -1-B} [O(n)]
  2: f0->f0, B: -max{-1, -B} [O(n)]
  0: f1->f0, A: A [O(n)]
  0: f1->f0, B: B [O(n)]
`Upper:
  1: f0->f0, B: max{-1, B} [O(n)]
  2: f0->f0, B: -1 [O(1)]
  0: f1->f0, A: A [O(n)]
  0: f1->f0, B: B [O(n)]
