Timebounds: 
  Overall timebound: inf [Infinity]
  2: f11->f11: inf [Infinity]
  3: f11->f11: inf [Infinity]
  0: f12->f11: 1 [O(1)]
  1: f12->f11: 1 [O(1)]
  6: f26->f6: 1 [O(1)]
  7: f26->f6: 1 [O(1)]
  4: f6->f6: 8 [O(1)]
  5: f6->f6: 8 [O(1)]
  8: f6->f12: 1 [O(1)]
  9: f6->f12: 1 [O(1)]

Costbounds:
  Overall costbound: inf [Infinity]
  2: f11->f11: inf [Infinity]
  3: f11->f11: inf [Infinity]
  0: f12->f11: 1 [O(1)]
  1: f12->f11: 1 [O(1)]
  6: f26->f6: 1 [O(1)]
  7: f26->f6: 1 [O(1)]
  4: f6->f6: 8 [O(1)]
  5: f6->f6: 8 [O(1)]
  8: f6->f12: 1 [O(1)]
  9: f6->f12: 1 [O(1)]

Sizebounds:
`Lower:
  2: f11->f11, A1: N1 [O(n)]
  2: f11->f11, B: B [O(n)]
  2: f11->f11, B1: O1 [O(n)]
  2: f11->f11, C1: P1 [O(n)]
  2: f11->f11, D1: 4 [O(1)]
  2: f11->f11, G: 1 [O(1)]
  2: f11->f11, H: 1 [O(1)]
  2: f11->f11, I: 1 [O(1)]
  2: f11->f11, J: 1 [O(1)]
  2: f11->f11, M: -max{0, -M} [O(n)]
  2: f11->f11, O: 2 [O(1)]
  2: f11->f11, P: 3 [O(1)]
  2: f11->f11, Q: G1 [O(n)]
  2: f11->f11, R: H1 [O(n)]
  2: f11->f11, S: 4 [O(1)]
  2: f11->f11, T: J1 [O(n)]
  2: f11->f11, U: 0 [O(1)]
  2: f11->f11, V: K1 [O(n)]
  2: f11->f11, W: M1 [O(n)]
  2: f11->f11, X: M1 [O(n)]
  2: f11->f11, Y: M1 [O(n)]
  3: f11->f11, A1: N1 [O(n)]
  3: f11->f11, B: B [O(n)]
  3: f11->f11, B1: O1 [O(n)]
  3: f11->f11, C1: P1 [O(n)]
  3: f11->f11, D1: 4 [O(1)]
  3: f11->f11, G: 1 [O(1)]
  3: f11->f11, H: 1 [O(1)]
  3: f11->f11, I: 1 [O(1)]
  3: f11->f11, J: 1 [O(1)]
  3: f11->f11, M: -max{0, -M} [O(n)]
  3: f11->f11, O: 2 [O(1)]
  3: f11->f11, P: 3 [O(1)]
  3: f11->f11, Q: G1 [O(n)]
  3: f11->f11, R: H1 [O(n)]
  3: f11->f11, S: 4 [O(1)]
  3: f11->f11, T: J1 [O(n)]
  3: f11->f11, U: 0 [O(1)]
  3: f11->f11, V: K1 [O(n)]
  3: f11->f11, W: M1 [O(n)]
  3: f11->f11, X: M1 [O(n)]
  3: f11->f11, Y: M1 [O(n)]
  0: f12->f11, A1: N1 [O(n)]
  0: f12->f11, B: B [O(n)]
  0: f12->f11, B1: O1 [O(n)]
  0: f12->f11, C1: P1 [O(n)]
  0: f12->f11, D1: 4 [O(1)]
  0: f12->f11, G: 1 [O(1)]
  0: f12->f11, H: 1 [O(1)]
  0: f12->f11, I: 1 [O(1)]
  0: f12->f11, J: 1 [O(1)]
  0: f12->f11, M: -max{0, -M} [O(n)]
  0: f12->f11, O: 2 [O(1)]
  0: f12->f11, P: 3 [O(1)]
  0: f12->f11, Q: G1 [O(n)]
  0: f12->f11, R: H1 [O(n)]
  0: f12->f11, S: 4 [O(1)]
  0: f12->f11, T: J1 [O(n)]
  0: f12->f11, U: 0 [O(1)]
  0: f12->f11, V: K1 [O(n)]
  0: f12->f11, W: M1 [O(n)]
  0: f12->f11, X: M1 [O(n)]
  0: f12->f11, Y: M1 [O(n)]
  1: f12->f11, A1: N1 [O(n)]
  1: f12->f11, B: B [O(n)]
  1: f12->f11, B1: O1 [O(n)]
  1: f12->f11, C1: P1 [O(n)]
  1: f12->f11, D1: 4 [O(1)]
  1: f12->f11, G: 1 [O(1)]
  1: f12->f11, H: 1 [O(1)]
  1: f12->f11, I: 1 [O(1)]
  1: f12->f11, J: 1 [O(1)]
  1: f12->f11, M: -max{0, -M} [O(n)]
  1: f12->f11, O: 2 [O(1)]
  1: f12->f11, P: 3 [O(1)]
  1: f12->f11, Q: G1 [O(n)]
  1: f12->f11, R: H1 [O(n)]
  1: f12->f11, S: 4 [O(1)]
  1: f12->f11, T: J1 [O(n)]
  1: f12->f11, U: 0 [O(1)]
  1: f12->f11, V: K1 [O(n)]
  1: f12->f11, W: M1 [O(n)]
  1: f12->f11, X: M1 [O(n)]
  1: f12->f11, Y: M1 [O(n)]
  6: f26->f6, A: A [O(n)]
  6: f26->f6, A1: N1 [O(n)]
  6: f26->f6, B: B [O(n)]
  6: f26->f6, B1: O1 [O(n)]
  6: f26->f6, C: C [O(n)]
  6: f26->f6, C1: P1 [O(n)]
  6: f26->f6, D: D [O(n)]
  6: f26->f6, D1: 4 [O(1)]
  6: f26->f6, E: L1 [O(n)]
  6: f26->f6, E1: E1 [O(n)]
  6: f26->f6, F: F [O(n)]
  6: f26->f6, G: 1 [O(1)]
  6: f26->f6, H: 4 [O(1)]
  6: f26->f6, I: 1 [O(1)]
  6: f26->f6, J: 4 [O(1)]
  6: f26->f6, K: K [O(n)]
  6: f26->f6, L: L [O(n)]
  6: f26->f6, M: M [O(n)]
  6: f26->f6, N: F1 [O(n)]
  6: f26->f6, O: 2 [O(1)]
  6: f26->f6, P: 3 [O(1)]
  6: f26->f6, Q: G1 [O(n)]
  6: f26->f6, R: H1 [O(n)]
  6: f26->f6, S: 4 [O(1)]
  6: f26->f6, T: J1 [O(n)]
  6: f26->f6, U: 0 [O(1)]
  6: f26->f6, V: K1 [O(n)]
  6: f26->f6, W: M1 [O(n)]
  6: f26->f6, X: M1 [O(n)]
  6: f26->f6, Y: M1 [O(n)]
  6: f26->f6, Z: M1 [O(n)]
  7: f26->f6, A: A [O(n)]
  7: f26->f6, A1: N1 [O(n)]
  7: f26->f6, B: B [O(n)]
  7: f26->f6, B1: O1 [O(n)]
  7: f26->f6, C: C [O(n)]
  7: f26->f6, C1: P1 [O(n)]
  7: f26->f6, D: D [O(n)]
  7: f26->f6, D1: 4 [O(1)]
  7: f26->f6, E: L1 [O(n)]
  7: f26->f6, E1: E1 [O(n)]
  7: f26->f6, F: F [O(n)]
  7: f26->f6, G: 1 [O(1)]
  7: f26->f6, H: 4 [O(1)]
  7: f26->f6, I: 1 [O(1)]
  7: f26->f6, J: 4 [O(1)]
  7: f26->f6, K: K [O(n)]
  7: f26->f6, L: L [O(n)]
  7: f26->f6, M: M [O(n)]
  7: f26->f6, N: F1 [O(n)]
  7: f26->f6, O: 2 [O(1)]
  7: f26->f6, P: 3 [O(1)]
  7: f26->f6, Q: G1 [O(n)]
  7: f26->f6, R: H1 [O(n)]
  7: f26->f6, S: 4 [O(1)]
  7: f26->f6, T: J1 [O(n)]
  7: f26->f6, U: 0 [O(1)]
  7: f26->f6, V: K1 [O(n)]
  7: f26->f6, W: M1 [O(n)]
  7: f26->f6, X: M1 [O(n)]
  7: f26->f6, Y: M1 [O(n)]
  7: f26->f6, Z: M1 [O(n)]
  4: f6->f6, A: A [O(n)]
  4: f6->f6, A1: N1 [O(n)]
  4: f6->f6, B: B [O(n)]
  4: f6->f6, B1: O1 [O(n)]
  4: f6->f6, C: C [O(n)]
  4: f6->f6, C1: P1 [O(n)]
  4: f6->f6, D: D [O(n)]
  4: f6->f6, D1: 4 [O(1)]
  4: f6->f6, E1: E1 [O(n)]
  4: f6->f6, F: F [O(n)]
  4: f6->f6, G: 2 [O(1)]
  4: f6->f6, H: 0 [O(1)]
  4: f6->f6, I: 2 [O(1)]
  4: f6->f6, J: 0 [O(1)]
  4: f6->f6, M: 0 [O(1)]
  4: f6->f6, N: F1 [O(n)]
  4: f6->f6, O: 2 [O(1)]
  4: f6->f6, P: 3 [O(1)]
  4: f6->f6, Q: G1 [O(n)]
  4: f6->f6, R: H1 [O(n)]
  4: f6->f6, S: 4 [O(1)]
  4: f6->f6, T: J1 [O(n)]
  4: f6->f6, U: 0 [O(1)]
  4: f6->f6, V: K1 [O(n)]
  4: f6->f6, W: M1 [O(n)]
  4: f6->f6, X: M1 [O(n)]
  4: f6->f6, Y: M1 [O(n)]
  4: f6->f6, Z: M1 [O(n)]
  5: f6->f6, A: A [O(n)]
  5: f6->f6, A1: N1 [O(n)]
  5: f6->f6, B: B [O(n)]
  5: f6->f6, B1: O1 [O(n)]
  5: f6->f6, C: C [O(n)]
  5: f6->f6, C1: P1 [O(n)]
  5: f6->f6, D: D [O(n)]
  5: f6->f6, D1: 4 [O(1)]
  5: f6->f6, E1: E1 [O(n)]
  5: f6->f6, F: F [O(n)]
  5: f6->f6, G: 2 [O(1)]
  5: f6->f6, H: 0 [O(1)]
  5: f6->f6, I: 2 [O(1)]
  5: f6->f6, J: 0 [O(1)]
  5: f6->f6, M: 0 [O(1)]
  5: f6->f6, N: F1 [O(n)]
  5: f6->f6, O: 2 [O(1)]
  5: f6->f6, P: 3 [O(1)]
  5: f6->f6, Q: G1 [O(n)]
  5: f6->f6, R: H1 [O(n)]
  5: f6->f6, S: 4 [O(1)]
  5: f6->f6, T: J1 [O(n)]
  5: f6->f6, U: 0 [O(1)]
  5: f6->f6, V: K1 [O(n)]
  5: f6->f6, W: M1 [O(n)]
  5: f6->f6, X: M1 [O(n)]
  5: f6->f6, Y: M1 [O(n)]
  5: f6->f6, Z: M1 [O(n)]
  8: f6->f12, A1: N1 [O(n)]
  8: f6->f12, B: B [O(n)]
  8: f6->f12, B1: O1 [O(n)]
  8: f6->f12, C1: P1 [O(n)]
  8: f6->f12, D1: 4 [O(1)]
  8: f6->f12, G: 1 [O(1)]
  8: f6->f12, H: 1 [O(1)]
  8: f6->f12, I: 1 [O(1)]
  8: f6->f12, J: 1 [O(1)]
  8: f6->f12, M: -max{0, -M} [O(n)]
  8: f6->f12, O: 2 [O(1)]
  8: f6->f12, P: 3 [O(1)]
  8: f6->f12, Q: G1 [O(n)]
  8: f6->f12, R: H1 [O(n)]
  8: f6->f12, S: 4 [O(1)]
  8: f6->f12, T: J1 [O(n)]
  8: f6->f12, U: 0 [O(1)]
  8: f6->f12, V: K1 [O(n)]
  8: f6->f12, W: M1 [O(n)]
  8: f6->f12, X: M1 [O(n)]
  8: f6->f12, Y: M1 [O(n)]
  9: f6->f12, A1: N1 [O(n)]
  9: f6->f12, B: B [O(n)]
  9: f6->f12, B1: O1 [O(n)]
  9: f6->f12, C1: P1 [O(n)]
  9: f6->f12, D1: 4 [O(1)]
  9: f6->f12, G: 1 [O(1)]
  9: f6->f12, H: 1 [O(1)]
  9: f6->f12, I: 1 [O(1)]
  9: f6->f12, J: 1 [O(1)]
  9: f6->f12, M: -max{0, -M} [O(n)]
  9: f6->f12, O: 2 [O(1)]
  9: f6->f12, P: 3 [O(1)]
  9: f6->f12, Q: G1 [O(n)]
  9: f6->f12, R: H1 [O(n)]
  9: f6->f12, S: 4 [O(1)]
  9: f6->f12, T: J1 [O(n)]
  9: f6->f12, U: 0 [O(1)]
  9: f6->f12, V: K1 [O(n)]
  9: f6->f12, W: M1 [O(n)]
  9: f6->f12, X: M1 [O(n)]
  9: f6->f12, Y: M1 [O(n)]
`Upper:
  2: f11->f11, A1: N1 [O(n)]
  2: f11->f11, B: B [O(n)]
  2: f11->f11, B1: O1 [O(n)]
  2: f11->f11, C1: P1 [O(n)]
  2: f11->f11, D1: 4 [O(1)]
  2: f11->f11, G: 4 [O(1)]
  2: f11->f11, H: 4 [O(1)]
  2: f11->f11, I: 4 [O(1)]
  2: f11->f11, J: 4 [O(1)]
  2: f11->f11, M: max{3, M} [O(n)]
  2: f11->f11, O: 2 [O(1)]
  2: f11->f11, P: 3 [O(1)]
  2: f11->f11, Q: G1 [O(n)]
  2: f11->f11, R: H1 [O(n)]
  2: f11->f11, S: 4 [O(1)]
  2: f11->f11, T: J1 [O(n)]
  2: f11->f11, U: 0 [O(1)]
  2: f11->f11, V: K1 [O(n)]
  2: f11->f11, W: M1 [O(n)]
  2: f11->f11, X: M1 [O(n)]
  2: f11->f11, Y: M1 [O(n)]
  3: f11->f11, A1: N1 [O(n)]
  3: f11->f11, B: B [O(n)]
  3: f11->f11, B1: O1 [O(n)]
  3: f11->f11, C1: P1 [O(n)]
  3: f11->f11, D1: 4 [O(1)]
  3: f11->f11, G: 4 [O(1)]
  3: f11->f11, H: 4 [O(1)]
  3: f11->f11, I: 4 [O(1)]
  3: f11->f11, J: 4 [O(1)]
  3: f11->f11, M: max{3, M} [O(n)]
  3: f11->f11, O: 2 [O(1)]
  3: f11->f11, P: 3 [O(1)]
  3: f11->f11, Q: G1 [O(n)]
  3: f11->f11, R: H1 [O(n)]
  3: f11->f11, S: 4 [O(1)]
  3: f11->f11, T: J1 [O(n)]
  3: f11->f11, U: 0 [O(1)]
  3: f11->f11, V: K1 [O(n)]
  3: f11->f11, W: M1 [O(n)]
  3: f11->f11, X: M1 [O(n)]
  3: f11->f11, Y: M1 [O(n)]
  0: f12->f11, A1: N1 [O(n)]
  0: f12->f11, B: B [O(n)]
  0: f12->f11, B1: O1 [O(n)]
  0: f12->f11, C1: P1 [O(n)]
  0: f12->f11, D1: 4 [O(1)]
  0: f12->f11, G: 4 [O(1)]
  0: f12->f11, H: 4 [O(1)]
  0: f12->f11, I: 4 [O(1)]
  0: f12->f11, J: 4 [O(1)]
  0: f12->f11, M: max{3, M} [O(n)]
  0: f12->f11, O: 2 [O(1)]
  0: f12->f11, P: 3 [O(1)]
  0: f12->f11, Q: G1 [O(n)]
  0: f12->f11, R: H1 [O(n)]
  0: f12->f11, S: 4 [O(1)]
  0: f12->f11, T: J1 [O(n)]
  0: f12->f11, U: 0 [O(1)]
  0: f12->f11, V: K1 [O(n)]
  0: f12->f11, W: M1 [O(n)]
  0: f12->f11, X: M1 [O(n)]
  0: f12->f11, Y: M1 [O(n)]
  1: f12->f11, A1: N1 [O(n)]
  1: f12->f11, B: B [O(n)]
  1: f12->f11, B1: O1 [O(n)]
  1: f12->f11, C1: P1 [O(n)]
  1: f12->f11, D1: 4 [O(1)]
  1: f12->f11, G: 4 [O(1)]
  1: f12->f11, H: 4 [O(1)]
  1: f12->f11, I: 4 [O(1)]
  1: f12->f11, J: 4 [O(1)]
  1: f12->f11, M: max{3, M} [O(n)]
  1: f12->f11, O: 2 [O(1)]
  1: f12->f11, P: 3 [O(1)]
  1: f12->f11, Q: G1 [O(n)]
  1: f12->f11, R: H1 [O(n)]
  1: f12->f11, S: 4 [O(1)]
  1: f12->f11, T: J1 [O(n)]
  1: f12->f11, U: 0 [O(1)]
  1: f12->f11, V: K1 [O(n)]
  1: f12->f11, W: M1 [O(n)]
  1: f12->f11, X: M1 [O(n)]
  1: f12->f11, Y: M1 [O(n)]
  6: f26->f6, A: A [O(n)]
  6: f26->f6, A1: N1 [O(n)]
  6: f26->f6, B: B [O(n)]
  6: f26->f6, B1: O1 [O(n)]
  6: f26->f6, C: C [O(n)]
  6: f26->f6, C1: P1 [O(n)]
  6: f26->f6, D: D [O(n)]
  6: f26->f6, D1: 4 [O(1)]
  6: f26->f6, E: L1 [O(n)]
  6: f26->f6, E1: E1 [O(n)]
  6: f26->f6, F: F [O(n)]
  6: f26->f6, G: 1 [O(1)]
  6: f26->f6, H: 4 [O(1)]
  6: f26->f6, I: 1 [O(1)]
  6: f26->f6, J: 4 [O(1)]
  6: f26->f6, K: K [O(n)]
  6: f26->f6, L: L [O(n)]
  6: f26->f6, M: M [O(n)]
  6: f26->f6, N: F1 [O(n)]
  6: f26->f6, O: 2 [O(1)]
  6: f26->f6, P: 3 [O(1)]
  6: f26->f6, Q: G1 [O(n)]
  6: f26->f6, R: H1 [O(n)]
  6: f26->f6, S: 4 [O(1)]
  6: f26->f6, T: J1 [O(n)]
  6: f26->f6, U: 0 [O(1)]
  6: f26->f6, V: K1 [O(n)]
  6: f26->f6, W: M1 [O(n)]
  6: f26->f6, X: M1 [O(n)]
  6: f26->f6, Y: M1 [O(n)]
  6: f26->f6, Z: M1 [O(n)]
  7: f26->f6, A: A [O(n)]
  7: f26->f6, A1: N1 [O(n)]
  7: f26->f6, B: B [O(n)]
  7: f26->f6, B1: O1 [O(n)]
  7: f26->f6, C: C [O(n)]
  7: f26->f6, C1: P1 [O(n)]
  7: f26->f6, D: D [O(n)]
  7: f26->f6, D1: 4 [O(1)]
  7: f26->f6, E: L1 [O(n)]
  7: f26->f6, E1: E1 [O(n)]
  7: f26->f6, F: F [O(n)]
  7: f26->f6, G: 1 [O(1)]
  7: f26->f6, H: 4 [O(1)]
  7: f26->f6, I: 1 [O(1)]
  7: f26->f6, J: 4 [O(1)]
  7: f26->f6, K: K [O(n)]
  7: f26->f6, L: L [O(n)]
  7: f26->f6, M: M [O(n)]
  7: f26->f6, N: F1 [O(n)]
  7: f26->f6, O: 2 [O(1)]
  7: f26->f6, P: 3 [O(1)]
  7: f26->f6, Q: G1 [O(n)]
  7: f26->f6, R: H1 [O(n)]
  7: f26->f6, S: 4 [O(1)]
  7: f26->f6, T: J1 [O(n)]
  7: f26->f6, U: 0 [O(1)]
  7: f26->f6, V: K1 [O(n)]
  7: f26->f6, W: M1 [O(n)]
  7: f26->f6, X: M1 [O(n)]
  7: f26->f6, Y: M1 [O(n)]
  7: f26->f6, Z: M1 [O(n)]
  4: f6->f6, A: A [O(n)]
  4: f6->f6, A1: N1 [O(n)]
  4: f6->f6, B: B [O(n)]
  4: f6->f6, B1: O1 [O(n)]
  4: f6->f6, C: C [O(n)]
  4: f6->f6, C1: P1 [O(n)]
  4: f6->f6, D: D [O(n)]
  4: f6->f6, D1: 4 [O(1)]
  4: f6->f6, E1: E1 [O(n)]
  4: f6->f6, F: F [O(n)]
  4: f6->f6, G: 5 [O(1)]
  4: f6->f6, H: 3 [O(1)]
  4: f6->f6, I: 5 [O(1)]
  4: f6->f6, J: 3 [O(1)]
  4: f6->f6, M: 3 [O(1)]
  4: f6->f6, N: F1 [O(n)]
  4: f6->f6, O: 2 [O(1)]
  4: f6->f6, P: 3 [O(1)]
  4: f6->f6, Q: G1 [O(n)]
  4: f6->f6, R: H1 [O(n)]
  4: f6->f6, S: 4 [O(1)]
  4: f6->f6, T: J1 [O(n)]
  4: f6->f6, U: 0 [O(1)]
  4: f6->f6, V: K1 [O(n)]
  4: f6->f6, W: M1 [O(n)]
  4: f6->f6, X: M1 [O(n)]
  4: f6->f6, Y: M1 [O(n)]
  4: f6->f6, Z: M1 [O(n)]
  5: f6->f6, A: A [O(n)]
  5: f6->f6, A1: N1 [O(n)]
  5: f6->f6, B: B [O(n)]
  5: f6->f6, B1: O1 [O(n)]
  5: f6->f6, C: C [O(n)]
  5: f6->f6, C1: P1 [O(n)]
  5: f6->f6, D: D [O(n)]
  5: f6->f6, D1: 4 [O(1)]
  5: f6->f6, E1: E1 [O(n)]
  5: f6->f6, F: F [O(n)]
  5: f6->f6, G: 5 [O(1)]
  5: f6->f6, H: 3 [O(1)]
  5: f6->f6, I: 5 [O(1)]
  5: f6->f6, J: 3 [O(1)]
  5: f6->f6, M: 3 [O(1)]
  5: f6->f6, N: F1 [O(n)]
  5: f6->f6, O: 2 [O(1)]
  5: f6->f6, P: 3 [O(1)]
  5: f6->f6, Q: G1 [O(n)]
  5: f6->f6, R: H1 [O(n)]
  5: f6->f6, S: 4 [O(1)]
  5: f6->f6, T: J1 [O(n)]
  5: f6->f6, U: 0 [O(1)]
  5: f6->f6, V: K1 [O(n)]
  5: f6->f6, W: M1 [O(n)]
  5: f6->f6, X: M1 [O(n)]
  5: f6->f6, Y: M1 [O(n)]
  5: f6->f6, Z: M1 [O(n)]
  8: f6->f12, A1: N1 [O(n)]
  8: f6->f12, B: B [O(n)]
  8: f6->f12, B1: O1 [O(n)]
  8: f6->f12, C1: P1 [O(n)]
  8: f6->f12, D1: 4 [O(1)]
  8: f6->f12, G: 4 [O(1)]
  8: f6->f12, H: 4 [O(1)]
  8: f6->f12, I: 4 [O(1)]
  8: f6->f12, J: 4 [O(1)]
  8: f6->f12, M: max{3, M} [O(n)]
  8: f6->f12, O: 2 [O(1)]
  8: f6->f12, P: 3 [O(1)]
  8: f6->f12, Q: G1 [O(n)]
  8: f6->f12, R: H1 [O(n)]
  8: f6->f12, S: 4 [O(1)]
  8: f6->f12, T: J1 [O(n)]
  8: f6->f12, U: 0 [O(1)]
  8: f6->f12, V: K1 [O(n)]
  8: f6->f12, W: M1 [O(n)]
  8: f6->f12, X: M1 [O(n)]
  8: f6->f12, Y: M1 [O(n)]
  9: f6->f12, A1: N1 [O(n)]
  9: f6->f12, B: B [O(n)]
  9: f6->f12, B1: O1 [O(n)]
  9: f6->f12, C1: P1 [O(n)]
  9: f6->f12, D1: 4 [O(1)]
  9: f6->f12, G: 4 [O(1)]
  9: f6->f12, H: 4 [O(1)]
  9: f6->f12, I: 4 [O(1)]
  9: f6->f12, J: 4 [O(1)]
  9: f6->f12, M: max{3, M} [O(n)]
  9: f6->f12, O: 2 [O(1)]
  9: f6->f12, P: 3 [O(1)]
  9: f6->f12, Q: G1 [O(n)]
  9: f6->f12, R: H1 [O(n)]
  9: f6->f12, S: 4 [O(1)]
  9: f6->f12, T: J1 [O(n)]
  9: f6->f12, U: 0 [O(1)]
  9: f6->f12, V: K1 [O(n)]
  9: f6->f12, W: M1 [O(n)]
  9: f6->f12, X: M1 [O(n)]
  9: f6->f12, Y: M1 [O(n)]
