Timebounds: 
  Overall timebound: inf [Infinity]
  5: f0->f11: 1 [O(1)]
  6: f0->f1: 1 [O(1)]
  7: f0->f5: 1 [O(1)]
  8: f0->f5: 1 [O(1)]
  0: f11->f11: max{2, -4+3*J1} [O(n)]
  9: f11->f2: 1 [O(1)]
  10: f11->f2: 1 [O(1)]
  1: f2->f2: inf [Infinity]
  2: f2->f2: inf [Infinity]
  3: f5->f5: inf [Infinity]
  4: f5->f5: inf [Infinity]

Costbounds:
  Overall costbound: inf [Infinity]
  5: f0->f11: 1 [O(1)]
  6: f0->f1: 1 [O(1)]
  7: f0->f5: 1 [O(1)]
  8: f0->f5: 1 [O(1)]
  0: f11->f11: max{2, -4+3*J1} [O(n)]
  9: f11->f2: 1 [O(1)]
  10: f11->f2: 1 [O(1)]
  1: f2->f2: inf [Infinity]
  2: f2->f2: inf [Infinity]
  3: f5->f5: inf [Infinity]
  4: f5->f5: inf [Infinity]

Sizebounds:
`Lower:
  5: f0->f11, A: 2 [O(1)]
  5: f0->f11, A1: A1 [O(n)]
  5: f0->f11, B: 2 [O(1)]
  5: f0->f11, B1: B1 [O(n)]
  5: f0->f11, C: K1 [O(n)]
  5: f0->f11, C1: C1 [O(n)]
  5: f0->f11, D: L1 [O(n)]
  5: f0->f11, D1: D1 [O(n)]
  5: f0->f11, E: K1 [O(n)]
  5: f0->f11, E1: E1 [O(n)]
  5: f0->f11, F: F [O(n)]
  5: f0->f11, F1: F1 [O(n)]
  5: f0->f11, G: G [O(n)]
  5: f0->f11, G1: G1 [O(n)]
  5: f0->f11, H: H [O(n)]
  5: f0->f11, H1: H1 [O(n)]
  5: f0->f11, I: I [O(n)]
  5: f0->f11, J: J [O(n)]
  5: f0->f11, K: 2 [O(1)]
  5: f0->f11, L: L [O(n)]
  5: f0->f11, M: M [O(n)]
  5: f0->f11, N: N [O(n)]
  5: f0->f11, O: O [O(n)]
  5: f0->f11, P: P [O(n)]
  5: f0->f11, Q: Q [O(n)]
  5: f0->f11, R: R [O(n)]
  5: f0->f11, S: S [O(n)]
  5: f0->f11, T: T [O(n)]
  5: f0->f11, U: U [O(n)]
  5: f0->f11, V: I1 [O(n)]
  5: f0->f11, W: K1 [O(n)]
  5: f0->f11, X: M1 [O(n)]
  5: f0->f11, Y: Y [O(n)]
  5: f0->f11, Z: Z [O(n)]
  6: f0->f1, A: K1 [O(n)]
  6: f0->f1, A1: R1 [O(n)]
  6: f0->f1, B: M1 [O(n)]
  6: f0->f1, B1: Y1 [O(n)]
  6: f0->f1, C: L1 [O(n)]
  6: f0->f1, C1: Z1 [O(n)]
  6: f0->f1, D: U1 [O(n)]
  6: f0->f1, D1: A2 [O(n)]
  6: f0->f1, E: T1 [O(n)]
  6: f0->f1, E1: B2 [O(n)]
  6: f0->f1, F: F [O(n)]
  6: f0->f1, F1: C2 [O(n)]
  6: f0->f1, G: G [O(n)]
  6: f0->f1, G1: E2 [O(n)]
  6: f0->f1, H: H [O(n)]
  6: f0->f1, H1: H1 [O(n)]
  6: f0->f1, I: I [O(n)]
  6: f0->f1, J: P1 [O(n)]
  6: f0->f1, K: J1 [O(n)]
  6: f0->f1, L: V1 [O(n)]
  6: f0->f1, M: W1 [O(n)]
  6: f0->f1, N: N [O(n)]
  6: f0->f1, O: X1 [O(n)]
  6: f0->f1, P: P [O(n)]
  6: f0->f1, Q: Q [O(n)]
  6: f0->f1, R: R [O(n)]
  6: f0->f1, S: S [O(n)]
  6: f0->f1, T: T [O(n)]
  6: f0->f1, U: U [O(n)]
  6: f0->f1, V: I1 [O(n)]
  6: f0->f1, W: S1 [O(n)]
  6: f0->f1, X: X [O(n)]
  6: f0->f1, Y: D2 [O(n)]
  6: f0->f1, Z: Q1 [O(n)]
  7: f0->f5, A: J1 [O(n)]
  7: f0->f5, A1: P1 [O(n)]
  7: f0->f5, B: L1 [O(n)]
  7: f0->f5, B1: B1 [O(n)]
  7: f0->f5, C: K1 [O(n)]
  7: f0->f5, C1: C1 [O(n)]
  7: f0->f5, D: S1 [O(n)]
  7: f0->f5, D1: D1 [O(n)]
  7: f0->f5, E: R1 [O(n)]
  7: f0->f5, E1: E1 [O(n)]
  7: f0->f5, F: F [O(n)]
  7: f0->f5, F1: F1 [O(n)]
  7: f0->f5, G: G [O(n)]
  7: f0->f5, G1: G1 [O(n)]
  7: f0->f5, H: H [O(n)]
  7: f0->f5, H1: H1 [O(n)]
  7: f0->f5, I: I [O(n)]
  7: f0->f5, J: J [O(n)]
  7: f0->f5, K: 1 [O(1)]
  7: f0->f5, L: T1 [O(n)]
  7: f0->f5, M: J [O(n)]
  7: f0->f5, N: T1 [O(n)]
  7: f0->f5, O: J [O(n)]
  7: f0->f5, P: P [O(n)]
  7: f0->f5, Q: Q [O(n)]
  7: f0->f5, R: R [O(n)]
  7: f0->f5, S: S [O(n)]
  7: f0->f5, T: T [O(n)]
  7: f0->f5, U: U [O(n)]
  7: f0->f5, V: I1 [O(n)]
  7: f0->f5, W: Q1 [O(n)]
  7: f0->f5, X: X [O(n)]
  7: f0->f5, Y: Y [O(n)]
  7: f0->f5, Z: M1 [O(n)]
  8: f0->f5, A: J1 [O(n)]
  8: f0->f5, A1: P1 [O(n)]
  8: f0->f5, B: L1 [O(n)]
  8: f0->f5, B1: B1 [O(n)]
  8: f0->f5, C: K1 [O(n)]
  8: f0->f5, C1: C1 [O(n)]
  8: f0->f5, D: S1 [O(n)]
  8: f0->f5, D1: D1 [O(n)]
  8: f0->f5, E: R1 [O(n)]
  8: f0->f5, E1: E1 [O(n)]
  8: f0->f5, F: F [O(n)]
  8: f0->f5, F1: F1 [O(n)]
  8: f0->f5, G: G [O(n)]
  8: f0->f5, G1: G1 [O(n)]
  8: f0->f5, H: H [O(n)]
  8: f0->f5, H1: H1 [O(n)]
  8: f0->f5, I: I [O(n)]
  8: f0->f5, J: 1 [O(1)]
  8: f0->f5, K: 1 [O(1)]
  8: f0->f5, L: T1 [O(n)]
  8: f0->f5, M: 1 [O(1)]
  8: f0->f5, N: T1 [O(n)]
  8: f0->f5, O: 1 [O(1)]
  8: f0->f5, P: P [O(n)]
  8: f0->f5, Q: Q [O(n)]
  8: f0->f5, R: R [O(n)]
  8: f0->f5, S: S [O(n)]
  8: f0->f5, T: T [O(n)]
  8: f0->f5, U: U [O(n)]
  8: f0->f5, V: I1 [O(n)]
  8: f0->f5, W: Q1 [O(n)]
  8: f0->f5, X: X [O(n)]
  8: f0->f5, Y: Y [O(n)]
  8: f0->f5, Z: M1 [O(n)]
  0: f11->f11, A: 3 [O(1)]
  0: f11->f11, A1: A1 [O(n)]
  0: f11->f11, B: 3 [O(1)]
  0: f11->f11, B1: B1 [O(n)]
  0: f11->f11, C1: C1 [O(n)]
  0: f11->f11, D1: D1 [O(n)]
  0: f11->f11, E1: E1 [O(n)]
  0: f11->f11, F1: F1 [O(n)]
  0: f11->f11, G: 2 [O(1)]
  0: f11->f11, G1: G1 [O(n)]
  0: f11->f11, H: I [O(n)]
  0: f11->f11, H1: H1 [O(n)]
  0: f11->f11, I: I [O(n)]
  0: f11->f11, J: J [O(n)]
  0: f11->f11, K: 3 [O(1)]
  0: f11->f11, L: L [O(n)]
  0: f11->f11, M: M [O(n)]
  0: f11->f11, N: N [O(n)]
  0: f11->f11, O: O [O(n)]
  0: f11->f11, P: P [O(n)]
  0: f11->f11, Q: Q [O(n)]
  0: f11->f11, R: R [O(n)]
  0: f11->f11, S: S [O(n)]
  0: f11->f11, T: T [O(n)]
  0: f11->f11, U: U [O(n)]
  0: f11->f11, V: I1 [O(n)]
  0: f11->f11, W: K1 [O(n)]
  0: f11->f11, X: M1 [O(n)]
  0: f11->f11, Y: Y [O(n)]
  0: f11->f11, Z: Z [O(n)]
  9: f11->f2, B1: B1 [O(n)]
  9: f11->f2, C1: C1 [O(n)]
  9: f11->f2, D1: D1 [O(n)]
  9: f11->f2, E1: E1 [O(n)]
  9: f11->f2, F1: F1 [O(n)]
  9: f11->f2, G: -max{-2, -G} [O(n)]
  9: f11->f2, G1: G1 [O(n)]
  9: f11->f2, H: -max{-I, -H} [O(n)]
  9: f11->f2, H1: 2 [O(1)]
  9: f11->f2, I: I [O(n)]
  9: f11->f2, J: J [O(n)]
  9: f11->f2, K: 2 [O(1)]
  9: f11->f2, M: J [O(n)]
  9: f11->f2, O: J [O(n)]
  9: f11->f2, P: P [O(n)]
  9: f11->f2, Q: Q [O(n)]
  9: f11->f2, R: R [O(n)]
  9: f11->f2, S: S [O(n)]
  9: f11->f2, T: T [O(n)]
  9: f11->f2, U: U [O(n)]
  9: f11->f2, V: I1 [O(n)]
  9: f11->f2, X: M1 [O(n)]
  9: f11->f2, Y: Y [O(n)]
  10: f11->f2, B1: B1 [O(n)]
  10: f11->f2, C1: C1 [O(n)]
  10: f11->f2, D1: D1 [O(n)]
  10: f11->f2, E1: E1 [O(n)]
  10: f11->f2, F1: F1 [O(n)]
  10: f11->f2, G: -max{-2, -G} [O(n)]
  10: f11->f2, G1: G1 [O(n)]
  10: f11->f2, H: -max{-I, -H} [O(n)]
  10: f11->f2, H1: 2 [O(1)]
  10: f11->f2, I: I [O(n)]
  10: f11->f2, J: 1 [O(1)]
  10: f11->f2, K: 2 [O(1)]
  10: f11->f2, M: 1 [O(1)]
  10: f11->f2, O: 1 [O(1)]
  10: f11->f2, P: P [O(n)]
  10: f11->f2, Q: Q [O(n)]
  10: f11->f2, R: R [O(n)]
  10: f11->f2, S: S [O(n)]
  10: f11->f2, T: T [O(n)]
  10: f11->f2, U: U [O(n)]
  10: f11->f2, V: I1 [O(n)]
  10: f11->f2, X: M1 [O(n)]
  10: f11->f2, Y: Y [O(n)]
  1: f2->f2, B1: B1 [O(n)]
  1: f2->f2, C1: C1 [O(n)]
  1: f2->f2, D1: D1 [O(n)]
  1: f2->f2, E1: E1 [O(n)]
  1: f2->f2, F1: F1 [O(n)]
  1: f2->f2, G: -max{-2, -G} [O(n)]
  1: f2->f2, G1: G1 [O(n)]
  1: f2->f2, H: -max{-I, -H} [O(n)]
  1: f2->f2, H1: 2 [O(1)]
  1: f2->f2, I: I [O(n)]
  1: f2->f2, J: J [O(n)]
  1: f2->f2, K: 2 [O(1)]
  1: f2->f2, M: J [O(n)]
  1: f2->f2, O: J [O(n)]
  1: f2->f2, P: Q [O(n)]
  1: f2->f2, Q: Q [O(n)]
  1: f2->f2, R: I [O(n)]
  1: f2->f2, S: S [O(n)]
  1: f2->f2, T: T [O(n)]
  1: f2->f2, U: U [O(n)]
  1: f2->f2, V: I1 [O(n)]
  1: f2->f2, X: M1 [O(n)]
  1: f2->f2, Y: Y [O(n)]
  2: f2->f2, B1: B1 [O(n)]
  2: f2->f2, C1: C1 [O(n)]
  2: f2->f2, D1: D1 [O(n)]
  2: f2->f2, E1: E1 [O(n)]
  2: f2->f2, F1: F1 [O(n)]
  2: f2->f2, G: -max{-2, -G} [O(n)]
  2: f2->f2, G1: G1 [O(n)]
  2: f2->f2, H: -max{-I, -H} [O(n)]
  2: f2->f2, H1: 2 [O(1)]
  2: f2->f2, I: I [O(n)]
  2: f2->f2, J: 1 [O(1)]
  2: f2->f2, K: 2 [O(1)]
  2: f2->f2, M: 1 [O(1)]
  2: f2->f2, O: 1 [O(1)]
  2: f2->f2, P: Q [O(n)]
  2: f2->f2, Q: Q [O(n)]
  2: f2->f2, R: I [O(n)]
  2: f2->f2, S: S [O(n)]
  2: f2->f2, T: T [O(n)]
  2: f2->f2, U: U [O(n)]
  2: f2->f2, V: I1 [O(n)]
  2: f2->f2, X: M1 [O(n)]
  2: f2->f2, Y: Y [O(n)]
  3: f5->f5, A: J1 [O(n)]
  3: f5->f5, A1: P1 [O(n)]
  3: f5->f5, B: L1 [O(n)]
  3: f5->f5, B1: B1 [O(n)]
  3: f5->f5, C: K1 [O(n)]
  3: f5->f5, C1: C1 [O(n)]
  3: f5->f5, D: S1 [O(n)]
  3: f5->f5, D1: D1 [O(n)]
  3: f5->f5, E: R1 [O(n)]
  3: f5->f5, E1: E1 [O(n)]
  3: f5->f5, F: F [O(n)]
  3: f5->f5, F1: F1 [O(n)]
  3: f5->f5, G: G [O(n)]
  3: f5->f5, G1: G1 [O(n)]
  3: f5->f5, H: H [O(n)]
  3: f5->f5, H1: H1 [O(n)]
  3: f5->f5, I: I [O(n)]
  3: f5->f5, J: J [O(n)]
  3: f5->f5, K: 1 [O(1)]
  3: f5->f5, M: J [O(n)]
  3: f5->f5, O: J [O(n)]
  3: f5->f5, P: P [O(n)]
  3: f5->f5, Q: Q [O(n)]
  3: f5->f5, R: R [O(n)]
  3: f5->f5, S: I [O(n)]
  3: f5->f5, T: U [O(n)]
  3: f5->f5, U: U [O(n)]
  3: f5->f5, V: I1 [O(n)]
  3: f5->f5, W: Q1 [O(n)]
  3: f5->f5, X: X [O(n)]
  3: f5->f5, Y: Y [O(n)]
  3: f5->f5, Z: M1 [O(n)]
  4: f5->f5, A: J1 [O(n)]
  4: f5->f5, A1: P1 [O(n)]
  4: f5->f5, B: L1 [O(n)]
  4: f5->f5, B1: B1 [O(n)]
  4: f5->f5, C: K1 [O(n)]
  4: f5->f5, C1: C1 [O(n)]
  4: f5->f5, D: S1 [O(n)]
  4: f5->f5, D1: D1 [O(n)]
  4: f5->f5, E: R1 [O(n)]
  4: f5->f5, E1: E1 [O(n)]
  4: f5->f5, F: F [O(n)]
  4: f5->f5, F1: F1 [O(n)]
  4: f5->f5, G: G [O(n)]
  4: f5->f5, G1: G1 [O(n)]
  4: f5->f5, H: H [O(n)]
  4: f5->f5, H1: H1 [O(n)]
  4: f5->f5, I: I [O(n)]
  4: f5->f5, J: 1 [O(1)]
  4: f5->f5, K: 1 [O(1)]
  4: f5->f5, M: 1 [O(1)]
  4: f5->f5, O: 1 [O(1)]
  4: f5->f5, P: P [O(n)]
  4: f5->f5, Q: Q [O(n)]
  4: f5->f5, R: R [O(n)]
  4: f5->f5, S: I [O(n)]
  4: f5->f5, T: U [O(n)]
  4: f5->f5, U: U [O(n)]
  4: f5->f5, V: I1 [O(n)]
  4: f5->f5, W: Q1 [O(n)]
  4: f5->f5, X: X [O(n)]
  4: f5->f5, Y: Y [O(n)]
  4: f5->f5, Z: M1 [O(n)]
`Upper:
  5: f0->f11, A: J1 [O(n)]
  5: f0->f11, A1: A1 [O(n)]
  5: f0->f11, B: 2 [O(1)]
  5: f0->f11, B1: B1 [O(n)]
  5: f0->f11, C: K1 [O(n)]
  5: f0->f11, C1: C1 [O(n)]
  5: f0->f11, D: L1 [O(n)]
  5: f0->f11, D1: D1 [O(n)]
  5: f0->f11, E: K1 [O(n)]
  5: f0->f11, E1: E1 [O(n)]
  5: f0->f11, F: F [O(n)]
  5: f0->f11, F1: F1 [O(n)]
  5: f0->f11, G: G [O(n)]
  5: f0->f11, G1: G1 [O(n)]
  5: f0->f11, H: H [O(n)]
  5: f0->f11, H1: H1 [O(n)]
  5: f0->f11, I: I [O(n)]
  5: f0->f11, J: J [O(n)]
  5: f0->f11, K: J1 [O(n)]
  5: f0->f11, L: L [O(n)]
  5: f0->f11, M: M [O(n)]
  5: f0->f11, N: N [O(n)]
  5: f0->f11, O: O [O(n)]
  5: f0->f11, P: P [O(n)]
  5: f0->f11, Q: Q [O(n)]
  5: f0->f11, R: R [O(n)]
  5: f0->f11, S: S [O(n)]
  5: f0->f11, T: T [O(n)]
  5: f0->f11, U: U [O(n)]
  5: f0->f11, V: I1 [O(n)]
  5: f0->f11, W: K1 [O(n)]
  5: f0->f11, X: M1 [O(n)]
  5: f0->f11, Y: Y [O(n)]
  5: f0->f11, Z: Z [O(n)]
  6: f0->f1, A: K1 [O(n)]
  6: f0->f1, A1: R1 [O(n)]
  6: f0->f1, B: M1 [O(n)]
  6: f0->f1, B1: Y1 [O(n)]
  6: f0->f1, C: L1 [O(n)]
  6: f0->f1, C1: Z1 [O(n)]
  6: f0->f1, D: U1 [O(n)]
  6: f0->f1, D1: A2 [O(n)]
  6: f0->f1, E: T1 [O(n)]
  6: f0->f1, E1: B2 [O(n)]
  6: f0->f1, F: F [O(n)]
  6: f0->f1, F1: C2 [O(n)]
  6: f0->f1, G: G [O(n)]
  6: f0->f1, G1: E2 [O(n)]
  6: f0->f1, H: H [O(n)]
  6: f0->f1, H1: H1 [O(n)]
  6: f0->f1, I: I [O(n)]
  6: f0->f1, J: P1 [O(n)]
  6: f0->f1, K: 0 [O(1)]
  6: f0->f1, L: V1 [O(n)]
  6: f0->f1, M: W1 [O(n)]
  6: f0->f1, N: N [O(n)]
  6: f0->f1, O: X1 [O(n)]
  6: f0->f1, P: P [O(n)]
  6: f0->f1, Q: Q [O(n)]
  6: f0->f1, R: R [O(n)]
  6: f0->f1, S: S [O(n)]
  6: f0->f1, T: T [O(n)]
  6: f0->f1, U: U [O(n)]
  6: f0->f1, V: I1 [O(n)]
  6: f0->f1, W: S1 [O(n)]
  6: f0->f1, X: X [O(n)]
  6: f0->f1, Y: D2 [O(n)]
  6: f0->f1, Z: Q1 [O(n)]
  7: f0->f5, A: J1 [O(n)]
  7: f0->f5, A1: P1 [O(n)]
  7: f0->f5, B: L1 [O(n)]
  7: f0->f5, B1: B1 [O(n)]
  7: f0->f5, C: K1 [O(n)]
  7: f0->f5, C1: C1 [O(n)]
  7: f0->f5, D: S1 [O(n)]
  7: f0->f5, D1: D1 [O(n)]
  7: f0->f5, E: R1 [O(n)]
  7: f0->f5, E1: E1 [O(n)]
  7: f0->f5, F: F [O(n)]
  7: f0->f5, F1: F1 [O(n)]
  7: f0->f5, G: G [O(n)]
  7: f0->f5, G1: G1 [O(n)]
  7: f0->f5, H: H [O(n)]
  7: f0->f5, H1: H1 [O(n)]
  7: f0->f5, I: I [O(n)]
  7: f0->f5, J: -1 [O(1)]
  7: f0->f5, K: 1 [O(1)]
  7: f0->f5, L: T1 [O(n)]
  7: f0->f5, M: -1 [O(1)]
  7: f0->f5, N: T1 [O(n)]
  7: f0->f5, O: -1 [O(1)]
  7: f0->f5, P: P [O(n)]
  7: f0->f5, Q: Q [O(n)]
  7: f0->f5, R: R [O(n)]
  7: f0->f5, S: S [O(n)]
  7: f0->f5, T: T [O(n)]
  7: f0->f5, U: U [O(n)]
  7: f0->f5, V: I1 [O(n)]
  7: f0->f5, W: Q1 [O(n)]
  7: f0->f5, X: X [O(n)]
  7: f0->f5, Y: Y [O(n)]
  7: f0->f5, Z: M1 [O(n)]
  8: f0->f5, A: J1 [O(n)]
  8: f0->f5, A1: P1 [O(n)]
  8: f0->f5, B: L1 [O(n)]
  8: f0->f5, B1: B1 [O(n)]
  8: f0->f5, C: K1 [O(n)]
  8: f0->f5, C1: C1 [O(n)]
  8: f0->f5, D: S1 [O(n)]
  8: f0->f5, D1: D1 [O(n)]
  8: f0->f5, E: R1 [O(n)]
  8: f0->f5, E1: E1 [O(n)]
  8: f0->f5, F: F [O(n)]
  8: f0->f5, F1: F1 [O(n)]
  8: f0->f5, G: G [O(n)]
  8: f0->f5, G1: G1 [O(n)]
  8: f0->f5, H: H [O(n)]
  8: f0->f5, H1: H1 [O(n)]
  8: f0->f5, I: I [O(n)]
  8: f0->f5, J: J [O(n)]
  8: f0->f5, K: 1 [O(1)]
  8: f0->f5, L: T1 [O(n)]
  8: f0->f5, M: J [O(n)]
  8: f0->f5, N: T1 [O(n)]
  8: f0->f5, O: J [O(n)]
  8: f0->f5, P: P [O(n)]
  8: f0->f5, Q: Q [O(n)]
  8: f0->f5, R: R [O(n)]
  8: f0->f5, S: S [O(n)]
  8: f0->f5, T: T [O(n)]
  8: f0->f5, U: U [O(n)]
  8: f0->f5, V: I1 [O(n)]
  8: f0->f5, W: Q1 [O(n)]
  8: f0->f5, X: X [O(n)]
  8: f0->f5, Y: Y [O(n)]
  8: f0->f5, Z: M1 [O(n)]
  0: f11->f11, A: J1 [O(n)]
  0: f11->f11, A1: A1 [O(n)]
  0: f11->f11, B: max{4, -2+3*J1} [O(n)]
  0: f11->f11, B1: B1 [O(n)]
  0: f11->f11, C1: C1 [O(n)]
  0: f11->f11, D1: D1 [O(n)]
  0: f11->f11, E1: E1 [O(n)]
  0: f11->f11, F1: F1 [O(n)]
  0: f11->f11, G: max{4, -2+3*J1} [O(n)]
  0: f11->f11, G1: G1 [O(n)]
  0: f11->f11, H: I [O(n)]
  0: f11->f11, H1: H1 [O(n)]
  0: f11->f11, I: I [O(n)]
  0: f11->f11, J: J [O(n)]
  0: f11->f11, K: J1 [O(n)]
  0: f11->f11, L: L [O(n)]
  0: f11->f11, M: M [O(n)]
  0: f11->f11, N: N [O(n)]
  0: f11->f11, O: O [O(n)]
  0: f11->f11, P: P [O(n)]
  0: f11->f11, Q: Q [O(n)]
  0: f11->f11, R: R [O(n)]
  0: f11->f11, S: S [O(n)]
  0: f11->f11, T: T [O(n)]
  0: f11->f11, U: U [O(n)]
  0: f11->f11, V: I1 [O(n)]
  0: f11->f11, W: K1 [O(n)]
  0: f11->f11, X: M1 [O(n)]
  0: f11->f11, Y: Y [O(n)]
  0: f11->f11, Z: Z [O(n)]
  9: f11->f2, B1: B1 [O(n)]
  9: f11->f2, C1: C1 [O(n)]
  9: f11->f2, D1: D1 [O(n)]
  9: f11->f2, E1: E1 [O(n)]
  9: f11->f2, F1: F1 [O(n)]
  9: f11->f2, G: max{4, G, -2+3*J1} [O(n)]
  9: f11->f2, G1: G1 [O(n)]
  9: f11->f2, H: max{I, H} [O(n)]
  9: f11->f2, H1: H1 [O(n)]
  9: f11->f2, I: I [O(n)]
  9: f11->f2, J: -1 [O(1)]
  9: f11->f2, M: -1 [O(1)]
  9: f11->f2, O: -1 [O(1)]
  9: f11->f2, P: P [O(n)]
  9: f11->f2, Q: Q [O(n)]
  9: f11->f2, R: R [O(n)]
  9: f11->f2, S: S [O(n)]
  9: f11->f2, T: T [O(n)]
  9: f11->f2, U: U [O(n)]
  9: f11->f2, V: I1 [O(n)]
  9: f11->f2, X: M1 [O(n)]
  9: f11->f2, Y: Y [O(n)]
  10: f11->f2, B1: B1 [O(n)]
  10: f11->f2, C1: C1 [O(n)]
  10: f11->f2, D1: D1 [O(n)]
  10: f11->f2, E1: E1 [O(n)]
  10: f11->f2, F1: F1 [O(n)]
  10: f11->f2, G: max{4, G, -2+3*J1} [O(n)]
  10: f11->f2, G1: G1 [O(n)]
  10: f11->f2, H: max{I, H} [O(n)]
  10: f11->f2, H1: H1 [O(n)]
  10: f11->f2, I: I [O(n)]
  10: f11->f2, J: J [O(n)]
  10: f11->f2, M: J [O(n)]
  10: f11->f2, O: J [O(n)]
  10: f11->f2, P: P [O(n)]
  10: f11->f2, Q: Q [O(n)]
  10: f11->f2, R: R [O(n)]
  10: f11->f2, S: S [O(n)]
  10: f11->f2, T: T [O(n)]
  10: f11->f2, U: U [O(n)]
  10: f11->f2, V: I1 [O(n)]
  10: f11->f2, X: M1 [O(n)]
  10: f11->f2, Y: Y [O(n)]
  1: f2->f2, B1: B1 [O(n)]
  1: f2->f2, C1: C1 [O(n)]
  1: f2->f2, D1: D1 [O(n)]
  1: f2->f2, E1: E1 [O(n)]
  1: f2->f2, F1: F1 [O(n)]
  1: f2->f2, G: max{4, G, -2+3*J1} [O(n)]
  1: f2->f2, G1: G1 [O(n)]
  1: f2->f2, H: max{I, H} [O(n)]
  1: f2->f2, H1: H1 [O(n)]
  1: f2->f2, I: I [O(n)]
  1: f2->f2, J: -1 [O(1)]
  1: f2->f2, M: -1 [O(1)]
  1: f2->f2, O: -1 [O(1)]
  1: f2->f2, P: Q [O(n)]
  1: f2->f2, Q: Q [O(n)]
  1: f2->f2, R: I [O(n)]
  1: f2->f2, S: S [O(n)]
  1: f2->f2, T: T [O(n)]
  1: f2->f2, U: U [O(n)]
  1: f2->f2, V: I1 [O(n)]
  1: f2->f2, X: M1 [O(n)]
  1: f2->f2, Y: Y [O(n)]
  2: f2->f2, B1: B1 [O(n)]
  2: f2->f2, C1: C1 [O(n)]
  2: f2->f2, D1: D1 [O(n)]
  2: f2->f2, E1: E1 [O(n)]
  2: f2->f2, F1: F1 [O(n)]
  2: f2->f2, G: max{4, G, -2+3*J1} [O(n)]
  2: f2->f2, G1: G1 [O(n)]
  2: f2->f2, H: max{I, H} [O(n)]
  2: f2->f2, H1: H1 [O(n)]
  2: f2->f2, I: I [O(n)]
  2: f2->f2, J: J [O(n)]
  2: f2->f2, M: J [O(n)]
  2: f2->f2, O: J [O(n)]
  2: f2->f2, P: Q [O(n)]
  2: f2->f2, Q: Q [O(n)]
  2: f2->f2, R: I [O(n)]
  2: f2->f2, S: S [O(n)]
  2: f2->f2, T: T [O(n)]
  2: f2->f2, U: U [O(n)]
  2: f2->f2, V: I1 [O(n)]
  2: f2->f2, X: M1 [O(n)]
  2: f2->f2, Y: Y [O(n)]
  3: f5->f5, A: J1 [O(n)]
  3: f5->f5, A1: P1 [O(n)]
  3: f5->f5, B: L1 [O(n)]
  3: f5->f5, B1: B1 [O(n)]
  3: f5->f5, C: K1 [O(n)]
  3: f5->f5, C1: C1 [O(n)]
  3: f5->f5, D: S1 [O(n)]
  3: f5->f5, D1: D1 [O(n)]
  3: f5->f5, E: R1 [O(n)]
  3: f5->f5, E1: E1 [O(n)]
  3: f5->f5, F: F [O(n)]
  3: f5->f5, F1: F1 [O(n)]
  3: f5->f5, G: G [O(n)]
  3: f5->f5, G1: G1 [O(n)]
  3: f5->f5, H: H [O(n)]
  3: f5->f5, H1: H1 [O(n)]
  3: f5->f5, I: I [O(n)]
  3: f5->f5, J: -1 [O(1)]
  3: f5->f5, K: 1 [O(1)]
  3: f5->f5, M: -1 [O(1)]
  3: f5->f5, O: -1 [O(1)]
  3: f5->f5, P: P [O(n)]
  3: f5->f5, Q: Q [O(n)]
  3: f5->f5, R: R [O(n)]
  3: f5->f5, S: I [O(n)]
  3: f5->f5, T: U [O(n)]
  3: f5->f5, U: U [O(n)]
  3: f5->f5, V: I1 [O(n)]
  3: f5->f5, W: Q1 [O(n)]
  3: f5->f5, X: X [O(n)]
  3: f5->f5, Y: Y [O(n)]
  3: f5->f5, Z: M1 [O(n)]
  4: f5->f5, A: J1 [O(n)]
  4: f5->f5, A1: P1 [O(n)]
  4: f5->f5, B: L1 [O(n)]
  4: f5->f5, B1: B1 [O(n)]
  4: f5->f5, C: K1 [O(n)]
  4: f5->f5, C1: C1 [O(n)]
  4: f5->f5, D: S1 [O(n)]
  4: f5->f5, D1: D1 [O(n)]
  4: f5->f5, E: R1 [O(n)]
  4: f5->f5, E1: E1 [O(n)]
  4: f5->f5, F: F [O(n)]
  4: f5->f5, F1: F1 [O(n)]
  4: f5->f5, G: G [O(n)]
  4: f5->f5, G1: G1 [O(n)]
  4: f5->f5, H: H [O(n)]
  4: f5->f5, H1: H1 [O(n)]
  4: f5->f5, I: I [O(n)]
  4: f5->f5, J: J [O(n)]
  4: f5->f5, K: 1 [O(1)]
  4: f5->f5, M: J [O(n)]
  4: f5->f5, O: J [O(n)]
  4: f5->f5, P: P [O(n)]
  4: f5->f5, Q: Q [O(n)]
  4: f5->f5, R: R [O(n)]
  4: f5->f5, S: I [O(n)]
  4: f5->f5, T: U [O(n)]
  4: f5->f5, U: U [O(n)]
  4: f5->f5, V: I1 [O(n)]
  4: f5->f5, W: Q1 [O(n)]
  4: f5->f5, X: X [O(n)]
  4: f5->f5, Y: Y [O(n)]
  4: f5->f5, Z: M1 [O(n)]
