Timebounds: 
  Overall timebound: inf [Infinity]
  0: f1->f1: max{4, -2+3*N} [O(n)]
  53: f1->f7: 1 [O(1)]
  54: f1->f7: 1 [O(1)]
  55: f1->f4: 1 [O(1)]
  51: f3->f4: 1 [O(1)]
  52: f3->f1: 1 [O(1)]
  56: f3->f4: 1 [O(1)]
  31: f7->f7: inf [Infinity]
  33: f7->f7: inf [Infinity]
  36: f7->f7: inf [Infinity]
  38: f7->f7: inf [Infinity]
  39: f7->f7: inf [Infinity]
  41: f7->f7: inf [Infinity]
  44: f7->f7: inf [Infinity]
  46: f7->f7: inf [Infinity]
  47: f7->f4: 1 [O(1)]
  48: f7->f4: 1 [O(1)]
  49: f7->f4: 1 [O(1)]
  50: f7->f4: 1 [O(1)]

Costbounds:
  Overall costbound: inf [Infinity]
  0: f1->f1: max{4, -2+3*N} [O(n)]
  53: f1->f7: 1 [O(1)]
  54: f1->f7: 1 [O(1)]
  55: f1->f4: 1 [O(1)]
  51: f3->f4: 1 [O(1)]
  52: f3->f1: 1 [O(1)]
  56: f3->f4: 1 [O(1)]
  31: f7->f7: inf [Infinity]
  33: f7->f7: inf [Infinity]
  36: f7->f7: inf [Infinity]
  38: f7->f7: inf [Infinity]
  39: f7->f7: inf [Infinity]
  41: f7->f7: inf [Infinity]
  44: f7->f7: inf [Infinity]
  46: f7->f7: inf [Infinity]
  47: f7->f4: 1 [O(1)]
  48: f7->f4: 1 [O(1)]
  49: f7->f4: 1 [O(1)]
  50: f7->f4: 1 [O(1)]

Sizebounds:
`Lower:
  0: f1->f1, A: 3 [O(1)]
  0: f1->f1, A1: A1 [O(n)]
  0: f1->f1, A2: A2 [O(n)]
  0: f1->f1, B: 3 [O(1)]
  0: f1->f1, B1: B1 [O(n)]
  0: f1->f1, B2: B2 [O(n)]
  0: f1->f1, C1: C1 [O(n)]
  0: f1->f1, D1: D1 [O(n)]
  0: f1->f1, E1: E1 [O(n)]
  0: f1->f1, F1: F1 [O(n)]
  0: f1->f1, G: 2 [O(1)]
  0: f1->f1, G1: G1 [O(n)]
  0: f1->f1, H: I [O(n)]
  0: f1->f1, H1: H1 [O(n)]
  0: f1->f1, I: I [O(n)]
  0: f1->f1, I1: I1 [O(n)]
  0: f1->f1, J: J [O(n)]
  0: f1->f1, J1: J1 [O(n)]
  0: f1->f1, K: K [O(n)]
  0: f1->f1, K1: K1 [O(n)]
  0: f1->f1, L: L [O(n)]
  0: f1->f1, L1: L1 [O(n)]
  0: f1->f1, M: M [O(n)]
  0: f1->f1, M1: M1 [O(n)]
  0: f1->f1, N: 3 [O(1)]
  0: f1->f1, N1: N1 [O(n)]
  0: f1->f1, O: C2 [O(n)]
  0: f1->f1, O1: O1 [O(n)]
  0: f1->f1, P: P [O(n)]
  0: f1->f1, P1: P1 [O(n)]
  0: f1->f1, Q: Q [O(n)]
  0: f1->f1, Q1: Q1 [O(n)]
  0: f1->f1, R: R [O(n)]
  0: f1->f1, R1: R1 [O(n)]
  0: f1->f1, S: S [O(n)]
  0: f1->f1, S1: C2 [O(n)]
  0: f1->f1, T: T [O(n)]
  0: f1->f1, T1: T1 [O(n)]
  0: f1->f1, U: U [O(n)]
  0: f1->f1, U1: D2 [O(n)]
  0: f1->f1, V: V [O(n)]
  0: f1->f1, V1: I2 [O(n)]
  0: f1->f1, W: W [O(n)]
  0: f1->f1, W1: W1 [O(n)]
  0: f1->f1, X: X [O(n)]
  0: f1->f1, X1: X1 [O(n)]
  0: f1->f1, Y: Y [O(n)]
  0: f1->f1, Y1: Y1 [O(n)]
  0: f1->f1, Z: Z [O(n)]
  0: f1->f1, Z1: Z1 [O(n)]
  53: f1->f7, A1: A1 [O(n)]
  53: f1->f7, B1: B1 [O(n)]
  53: f1->f7, B2: B2 [O(n)]
  53: f1->f7, C1: J [O(n)]
  53: f1->f7, D1: D1 [O(n)]
  53: f1->f7, E1: E1 [O(n)]
  53: f1->f7, G: -max{-2, -G} [O(n)]
  53: f1->f7, G1: G1 [O(n)]
  53: f1->f7, H: -max{-H, -I} [O(n)]
  53: f1->f7, H1: H1 [O(n)]
  53: f1->f7, I: I [O(n)]
  53: f1->f7, I1: I1 [O(n)]
  53: f1->f7, J: J [O(n)]
  53: f1->f7, J1: J1 [O(n)]
  53: f1->f7, K: J [O(n)]
  53: f1->f7, K1: K1 [O(n)]
  53: f1->f7, L: E1 [O(n)]
  53: f1->f7, L1: L1 [O(n)]
  53: f1->f7, M: 0 [O(1)]
  53: f1->f7, M1: M1 [O(n)]
  53: f1->f7, N: 2 [O(1)]
  53: f1->f7, N1: N1 [O(n)]
  53: f1->f7, O: C2 [O(n)]
  53: f1->f7, O1: O1 [O(n)]
  53: f1->f7, P: C2 [O(n)]
  53: f1->f7, P1: P1 [O(n)]
  53: f1->f7, Q1: Q1 [O(n)]
  53: f1->f7, R: J [O(n)]
  53: f1->f7, R1: R1 [O(n)]
  53: f1->f7, T: T [O(n)]
  53: f1->f7, U: U [O(n)]
  53: f1->f7, V: V [O(n)]
  53: f1->f7, V1: I2 [O(n)]
  53: f1->f7, W: W [O(n)]
  53: f1->f7, W1: 1+E1 [O(n)]
  53: f1->f7, X: X [O(n)]
  53: f1->f7, X1: V [O(n)]
  53: f1->f7, Y: Y [O(n)]
  53: f1->f7, Y1: I [O(n)]
  53: f1->f7, Z: Z [O(n)]
  54: f1->f7, A1: A1 [O(n)]
  54: f1->f7, B1: B1 [O(n)]
  54: f1->f7, B2: B2 [O(n)]
  54: f1->f7, C1: J [O(n)]
  54: f1->f7, D1: D1 [O(n)]
  54: f1->f7, E1: E1 [O(n)]
  54: f1->f7, G: -max{-2, -G} [O(n)]
  54: f1->f7, G1: G1 [O(n)]
  54: f1->f7, H: -max{-H, -I} [O(n)]
  54: f1->f7, H1: H1 [O(n)]
  54: f1->f7, I: I [O(n)]
  54: f1->f7, I1: I1 [O(n)]
  54: f1->f7, J: J [O(n)]
  54: f1->f7, J1: J1 [O(n)]
  54: f1->f7, K: J [O(n)]
  54: f1->f7, K1: K1 [O(n)]
  54: f1->f7, L: E1 [O(n)]
  54: f1->f7, L1: L1 [O(n)]
  54: f1->f7, M: 0 [O(1)]
  54: f1->f7, M1: M1 [O(n)]
  54: f1->f7, N: 2 [O(1)]
  54: f1->f7, N1: N1 [O(n)]
  54: f1->f7, O: C2 [O(n)]
  54: f1->f7, O1: O1 [O(n)]
  54: f1->f7, P: C2 [O(n)]
  54: f1->f7, P1: P1 [O(n)]
  54: f1->f7, Q1: Q1 [O(n)]
  54: f1->f7, R: J [O(n)]
  54: f1->f7, R1: R1 [O(n)]
  54: f1->f7, T: T [O(n)]
  54: f1->f7, U: U [O(n)]
  54: f1->f7, V: V [O(n)]
  54: f1->f7, V1: I2 [O(n)]
  54: f1->f7, W: W [O(n)]
  54: f1->f7, W1: 1+E1 [O(n)]
  54: f1->f7, X: X [O(n)]
  54: f1->f7, X1: V [O(n)]
  54: f1->f7, Y: Y [O(n)]
  54: f1->f7, Y1: I [O(n)]
  54: f1->f7, Z: Z [O(n)]
  55: f1->f4, A1: A1 [O(n)]
  55: f1->f4, A2: A2 [O(n)]
  55: f1->f4, B1: B1 [O(n)]
  55: f1->f4, B2: B2 [O(n)]
  55: f1->f4, D1: D1 [O(n)]
  55: f1->f4, E1: E1 [O(n)]
  55: f1->f4, G: -max{-2, -G} [O(n)]
  55: f1->f4, G1: G1 [O(n)]
  55: f1->f4, H: -max{-H, -I} [O(n)]
  55: f1->f4, H1: H1 [O(n)]
  55: f1->f4, I: I [O(n)]
  55: f1->f4, I1: I1 [O(n)]
  55: f1->f4, J1: J1 [O(n)]
  55: f1->f4, K: K [O(n)]
  55: f1->f4, K1: K1 [O(n)]
  55: f1->f4, L: L [O(n)]
  55: f1->f4, L1: L1 [O(n)]
  55: f1->f4, M: M [O(n)]
  55: f1->f4, M1: M1 [O(n)]
  55: f1->f4, N: 2 [O(1)]
  55: f1->f4, N1: N1 [O(n)]
  55: f1->f4, O: C2 [O(n)]
  55: f1->f4, O1: O1 [O(n)]
  55: f1->f4, P1: P1 [O(n)]
  55: f1->f4, Q1: Q1 [O(n)]
  55: f1->f4, R1: R1 [O(n)]
  55: f1->f4, S: S [O(n)]
  55: f1->f4, T: T [O(n)]
  55: f1->f4, U: U [O(n)]
  55: f1->f4, V: V [O(n)]
  55: f1->f4, V1: I2 [O(n)]
  55: f1->f4, W: W [O(n)]
  55: f1->f4, W1: 2 [O(1)]
  55: f1->f4, X: X [O(n)]
  55: f1->f4, X1: X1 [O(n)]
  55: f1->f4, Y: Y [O(n)]
  55: f1->f4, Y1: Y1 [O(n)]
  55: f1->f4, Z: Z [O(n)]
  55: f1->f4, Z1: Z1 [O(n)]
  51: f3->f4, A: C2 [O(n)]
  51: f3->f4, A1: A1 [O(n)]
  51: f3->f4, A2: A2 [O(n)]
  51: f3->f4, B: I2 [O(n)]
  51: f3->f4, B1: B1 [O(n)]
  51: f3->f4, B2: B2 [O(n)]
  51: f3->f4, C: H2 [O(n)]
  51: f3->f4, C1: R2 [O(n)]
  51: f3->f4, D: N2 [O(n)]
  51: f3->f4, D1: D1 [O(n)]
  51: f3->f4, E: M2 [O(n)]
  51: f3->f4, E1: E1 [O(n)]
  51: f3->f4, F: F [O(n)]
  51: f3->f4, F1: E2 [O(n)]
  51: f3->f4, G: G [O(n)]
  51: f3->f4, G1: G1 [O(n)]
  51: f3->f4, H: H [O(n)]
  51: f3->f4, H1: H1 [O(n)]
  51: f3->f4, I: I [O(n)]
  51: f3->f4, I1: I1 [O(n)]
  51: f3->f4, J: K2 [O(n)]
  51: f3->f4, J1: J1 [O(n)]
  51: f3->f4, K: K [O(n)]
  51: f3->f4, K1: K1 [O(n)]
  51: f3->f4, L: L [O(n)]
  51: f3->f4, L1: L1 [O(n)]
  51: f3->f4, M: M [O(n)]
  51: f3->f4, M1: M1 [O(n)]
  51: f3->f4, N: J2 [O(n)]
  51: f3->f4, N1: N1 [O(n)]
  51: f3->f4, O: O [O(n)]
  51: f3->f4, O1: O1 [O(n)]
  51: f3->f4, P: P2 [O(n)]
  51: f3->f4, P1: P1 [O(n)]
  51: f3->f4, Q: O2 [O(n)]
  51: f3->f4, Q1: Q1 [O(n)]
  51: f3->f4, R: Q2 [O(n)]
  51: f3->f4, R1: R1 [O(n)]
  51: f3->f4, S: S [O(n)]
  51: f3->f4, S1: D2 [O(n)]
  51: f3->f4, T: T [O(n)]
  51: f3->f4, T1: G2 [O(n)]
  51: f3->f4, U: U [O(n)]
  51: f3->f4, U1: F2 [O(n)]
  51: f3->f4, V: V [O(n)]
  51: f3->f4, V1: V1 [O(n)]
  51: f3->f4, W: W [O(n)]
  51: f3->f4, W1: W1 [O(n)]
  51: f3->f4, X: X [O(n)]
  51: f3->f4, X1: X1 [O(n)]
  51: f3->f4, Y: Y [O(n)]
  51: f3->f4, Y1: Y1 [O(n)]
  51: f3->f4, Z: Z [O(n)]
  51: f3->f4, Z1: Z1 [O(n)]
  52: f3->f1, A: 2 [O(1)]
  52: f3->f1, A1: A1 [O(n)]
  52: f3->f1, A2: A2 [O(n)]
  52: f3->f1, B: 2 [O(1)]
  52: f3->f1, B1: B1 [O(n)]
  52: f3->f1, B2: B2 [O(n)]
  52: f3->f1, C: D2 [O(n)]
  52: f3->f1, C1: C1 [O(n)]
  52: f3->f1, D: H2 [O(n)]
  52: f3->f1, D1: D1 [O(n)]
  52: f3->f1, E: D2 [O(n)]
  52: f3->f1, E1: E1 [O(n)]
  52: f3->f1, F: F [O(n)]
  52: f3->f1, F1: F1 [O(n)]
  52: f3->f1, G: G [O(n)]
  52: f3->f1, G1: G1 [O(n)]
  52: f3->f1, H: H [O(n)]
  52: f3->f1, H1: H1 [O(n)]
  52: f3->f1, I: I [O(n)]
  52: f3->f1, I1: I1 [O(n)]
  52: f3->f1, J: J [O(n)]
  52: f3->f1, J1: J1 [O(n)]
  52: f3->f1, K: K [O(n)]
  52: f3->f1, K1: K1 [O(n)]
  52: f3->f1, L: L [O(n)]
  52: f3->f1, L1: L1 [O(n)]
  52: f3->f1, M: M [O(n)]
  52: f3->f1, M1: M1 [O(n)]
  52: f3->f1, N: 2 [O(1)]
  52: f3->f1, N1: N1 [O(n)]
  52: f3->f1, O: C2 [O(n)]
  52: f3->f1, O1: O1 [O(n)]
  52: f3->f1, P: P [O(n)]
  52: f3->f1, P1: P1 [O(n)]
  52: f3->f1, Q: Q [O(n)]
  52: f3->f1, Q1: Q1 [O(n)]
  52: f3->f1, R: R [O(n)]
  52: f3->f1, R1: R1 [O(n)]
  52: f3->f1, S: S [O(n)]
  52: f3->f1, S1: C2 [O(n)]
  52: f3->f1, T: T [O(n)]
  52: f3->f1, T1: T1 [O(n)]
  52: f3->f1, U: U [O(n)]
  52: f3->f1, U1: D2 [O(n)]
  52: f3->f1, V: V [O(n)]
  52: f3->f1, V1: I2 [O(n)]
  52: f3->f1, W: W [O(n)]
  52: f3->f1, W1: W1 [O(n)]
  52: f3->f1, X: X [O(n)]
  52: f3->f1, X1: X1 [O(n)]
  52: f3->f1, Y: Y [O(n)]
  52: f3->f1, Y1: Y1 [O(n)]
  52: f3->f1, Z: Z [O(n)]
  52: f3->f1, Z1: Z1 [O(n)]
  56: f3->f4, A: C2 [O(n)]
  56: f3->f4, A1: A1 [O(n)]
  56: f3->f4, A2: A2 [O(n)]
  56: f3->f4, B: I2 [O(n)]
  56: f3->f4, B1: B1 [O(n)]
  56: f3->f4, B2: B2 [O(n)]
  56: f3->f4, C: H2 [O(n)]
  56: f3->f4, C1: Q2 [O(n)]
  56: f3->f4, D: M2 [O(n)]
  56: f3->f4, D1: D1 [O(n)]
  56: f3->f4, E: F2 [O(n)]
  56: f3->f4, E1: E1 [O(n)]
  56: f3->f4, F: F [O(n)]
  56: f3->f4, F1: G2 [O(n)]
  56: f3->f4, G: G [O(n)]
  56: f3->f4, G1: G1 [O(n)]
  56: f3->f4, H: H [O(n)]
  56: f3->f4, H1: H1 [O(n)]
  56: f3->f4, I: I [O(n)]
  56: f3->f4, I1: I1 [O(n)]
  56: f3->f4, J: J2 [O(n)]
  56: f3->f4, J1: J1 [O(n)]
  56: f3->f4, K: K [O(n)]
  56: f3->f4, K1: K1 [O(n)]
  56: f3->f4, L: L [O(n)]
  56: f3->f4, L1: L1 [O(n)]
  56: f3->f4, M: M [O(n)]
  56: f3->f4, M1: M1 [O(n)]
  56: f3->f4, N: 1 [O(1)]
  56: f3->f4, N1: N1 [O(n)]
  56: f3->f4, O: J [O(n)]
  56: f3->f4, O1: O1 [O(n)]
  56: f3->f4, P: O2 [O(n)]
  56: f3->f4, P1: P1 [O(n)]
  56: f3->f4, Q: N2 [O(n)]
  56: f3->f4, Q1: Q1 [O(n)]
  56: f3->f4, R: P2 [O(n)]
  56: f3->f4, R1: R1 [O(n)]
  56: f3->f4, S: S [O(n)]
  56: f3->f4, S1: D2 [O(n)]
  56: f3->f4, T: T [O(n)]
  56: f3->f4, T1: K2 [O(n)]
  56: f3->f4, U: U [O(n)]
  56: f3->f4, U1: E2 [O(n)]
  56: f3->f4, V: V [O(n)]
  56: f3->f4, V1: V1 [O(n)]
  56: f3->f4, W: W [O(n)]
  56: f3->f4, W1: W1 [O(n)]
  56: f3->f4, X: X [O(n)]
  56: f3->f4, X1: X1 [O(n)]
  56: f3->f4, Y: Y [O(n)]
  56: f3->f4, Y1: Y1 [O(n)]
  56: f3->f4, Z: Z [O(n)]
  56: f3->f4, Z1: Z1 [O(n)]
  31: f7->f7, A1: A1 [O(n)]
  31: f7->f7, B1: B1 [O(n)]
  31: f7->f7, B2: B2 [O(n)]
  31: f7->f7, C1: J [O(n)]
  31: f7->f7, D1: D1 [O(n)]
  31: f7->f7, E1: -1 [O(1)]
  31: f7->f7, G: -max{-2, -G} [O(n)]
  31: f7->f7, G1: G1 [O(n)]
  31: f7->f7, H: -max{-H, -I} [O(n)]
  31: f7->f7, H1: H1 [O(n)]
  31: f7->f7, I: I [O(n)]
  31: f7->f7, I1: I1 [O(n)]
  31: f7->f7, J: J [O(n)]
  31: f7->f7, J1: J1 [O(n)]
  31: f7->f7, K: J [O(n)]
  31: f7->f7, L: 0 [O(1)]
  31: f7->f7, M: 1 [O(1)]
  31: f7->f7, M1: V [O(n)]
  31: f7->f7, N: 2 [O(1)]
  31: f7->f7, N1: I [O(n)]
  31: f7->f7, O: C2 [O(n)]
  31: f7->f7, O1: J [O(n)]
  31: f7->f7, P: C2 [O(n)]
  31: f7->f7, P1: 1 [O(1)]
  31: f7->f7, Q1: -1 [O(1)]
  31: f7->f7, R: J [O(n)]
  31: f7->f7, R1: R1 [O(n)]
  31: f7->f7, T: T [O(n)]
  31: f7->f7, U: U [O(n)]
  31: f7->f7, V: V [O(n)]
  31: f7->f7, V1: I2 [O(n)]
  31: f7->f7, W: W [O(n)]
  31: f7->f7, W1: 1 [O(1)]
  31: f7->f7, X: X [O(n)]
  31: f7->f7, X1: V [O(n)]
  31: f7->f7, Y: Y [O(n)]
  31: f7->f7, Y1: I [O(n)]
  31: f7->f7, Z: Z [O(n)]
  33: f7->f7, A1: A1 [O(n)]
  33: f7->f7, B1: B1 [O(n)]
  33: f7->f7, B2: B2 [O(n)]
  33: f7->f7, C1: J [O(n)]
  33: f7->f7, D1: D1 [O(n)]
  33: f7->f7, E1: -1 [O(1)]
  33: f7->f7, G: -max{-2, -G} [O(n)]
  33: f7->f7, G1: G1 [O(n)]
  33: f7->f7, H: -max{-H, -I} [O(n)]
  33: f7->f7, H1: H1 [O(n)]
  33: f7->f7, I: I [O(n)]
  33: f7->f7, I1: I1 [O(n)]
  33: f7->f7, J: J [O(n)]
  33: f7->f7, J1: J1 [O(n)]
  33: f7->f7, K: J [O(n)]
  33: f7->f7, L: 0 [O(1)]
  33: f7->f7, M: 1 [O(1)]
  33: f7->f7, M1: V [O(n)]
  33: f7->f7, N: 2 [O(1)]
  33: f7->f7, N1: I [O(n)]
  33: f7->f7, O: C2 [O(n)]
  33: f7->f7, O1: J [O(n)]
  33: f7->f7, P: C2 [O(n)]
  33: f7->f7, P1: 1 [O(1)]
  33: f7->f7, Q1: -1 [O(1)]
  33: f7->f7, R: J [O(n)]
  33: f7->f7, R1: R1 [O(n)]
  33: f7->f7, T: T [O(n)]
  33: f7->f7, U: U [O(n)]
  33: f7->f7, V: V [O(n)]
  33: f7->f7, V1: I2 [O(n)]
  33: f7->f7, W: W [O(n)]
  33: f7->f7, W1: 1 [O(1)]
  33: f7->f7, X: X [O(n)]
  33: f7->f7, X1: V [O(n)]
  33: f7->f7, Y: Y [O(n)]
  33: f7->f7, Y1: I [O(n)]
  33: f7->f7, Z: Z [O(n)]
  36: f7->f7, A1: A1 [O(n)]
  36: f7->f7, B1: B1 [O(n)]
  36: f7->f7, B2: B2 [O(n)]
  36: f7->f7, C1: J [O(n)]
  36: f7->f7, D1: D1 [O(n)]
  36: f7->f7, E1: -1 [O(1)]
  36: f7->f7, G: -max{-2, -G} [O(n)]
  36: f7->f7, G1: G1 [O(n)]
  36: f7->f7, H: -max{-H, -I} [O(n)]
  36: f7->f7, H1: H1 [O(n)]
  36: f7->f7, I: I [O(n)]
  36: f7->f7, I1: I1 [O(n)]
  36: f7->f7, J: J [O(n)]
  36: f7->f7, J1: J1 [O(n)]
  36: f7->f7, K: J [O(n)]
  36: f7->f7, L: 0 [O(1)]
  36: f7->f7, M: 1 [O(1)]
  36: f7->f7, M1: V [O(n)]
  36: f7->f7, N: 2 [O(1)]
  36: f7->f7, N1: I [O(n)]
  36: f7->f7, O: C2 [O(n)]
  36: f7->f7, O1: J [O(n)]
  36: f7->f7, P: C2 [O(n)]
  36: f7->f7, P1: 1 [O(1)]
  36: f7->f7, Q1: -1 [O(1)]
  36: f7->f7, R: J [O(n)]
  36: f7->f7, R1: R1 [O(n)]
  36: f7->f7, T: T [O(n)]
  36: f7->f7, U: U [O(n)]
  36: f7->f7, V: V [O(n)]
  36: f7->f7, V1: I2 [O(n)]
  36: f7->f7, W: W [O(n)]
  36: f7->f7, W1: 1 [O(1)]
  36: f7->f7, X: X [O(n)]
  36: f7->f7, X1: V [O(n)]
  36: f7->f7, Y: Y [O(n)]
  36: f7->f7, Y1: I [O(n)]
  36: f7->f7, Z: Z [O(n)]
  38: f7->f7, A1: A1 [O(n)]
  38: f7->f7, B1: B1 [O(n)]
  38: f7->f7, B2: B2 [O(n)]
  38: f7->f7, C1: J [O(n)]
  38: f7->f7, D1: D1 [O(n)]
  38: f7->f7, E1: -1 [O(1)]
  38: f7->f7, G: -max{-2, -G} [O(n)]
  38: f7->f7, G1: G1 [O(n)]
  38: f7->f7, H: -max{-H, -I} [O(n)]
  38: f7->f7, H1: H1 [O(n)]
  38: f7->f7, I: I [O(n)]
  38: f7->f7, I1: I1 [O(n)]
  38: f7->f7, J: J [O(n)]
  38: f7->f7, J1: J1 [O(n)]
  38: f7->f7, K: J [O(n)]
  38: f7->f7, L: 0 [O(1)]
  38: f7->f7, M: 1 [O(1)]
  38: f7->f7, M1: V [O(n)]
  38: f7->f7, N: 2 [O(1)]
  38: f7->f7, N1: I [O(n)]
  38: f7->f7, O: C2 [O(n)]
  38: f7->f7, O1: J [O(n)]
  38: f7->f7, P: C2 [O(n)]
  38: f7->f7, P1: 1 [O(1)]
  38: f7->f7, Q1: -1 [O(1)]
  38: f7->f7, R: J [O(n)]
  38: f7->f7, R1: R1 [O(n)]
  38: f7->f7, T: T [O(n)]
  38: f7->f7, U: U [O(n)]
  38: f7->f7, V: V [O(n)]
  38: f7->f7, V1: I2 [O(n)]
  38: f7->f7, W: W [O(n)]
  38: f7->f7, W1: 1 [O(1)]
  38: f7->f7, X: X [O(n)]
  38: f7->f7, X1: V [O(n)]
  38: f7->f7, Y: Y [O(n)]
  38: f7->f7, Y1: I [O(n)]
  38: f7->f7, Z: Z [O(n)]
  39: f7->f7, A1: A1 [O(n)]
  39: f7->f7, B1: B1 [O(n)]
  39: f7->f7, B2: B2 [O(n)]
  39: f7->f7, C1: J [O(n)]
  39: f7->f7, D1: D1 [O(n)]
  39: f7->f7, E1: -1 [O(1)]
  39: f7->f7, G: -max{-2, -G} [O(n)]
  39: f7->f7, G1: G1 [O(n)]
  39: f7->f7, H: -max{-H, -I} [O(n)]
  39: f7->f7, H1: H1 [O(n)]
  39: f7->f7, I: I [O(n)]
  39: f7->f7, I1: I1 [O(n)]
  39: f7->f7, J: J [O(n)]
  39: f7->f7, J1: J1 [O(n)]
  39: f7->f7, K: J [O(n)]
  39: f7->f7, L: 0 [O(1)]
  39: f7->f7, M: 1 [O(1)]
  39: f7->f7, M1: V [O(n)]
  39: f7->f7, N: 2 [O(1)]
  39: f7->f7, N1: I [O(n)]
  39: f7->f7, O: C2 [O(n)]
  39: f7->f7, O1: J [O(n)]
  39: f7->f7, P: C2 [O(n)]
  39: f7->f7, P1: 1 [O(1)]
  39: f7->f7, Q1: -1 [O(1)]
  39: f7->f7, R: J [O(n)]
  39: f7->f7, R1: R1 [O(n)]
  39: f7->f7, T: T [O(n)]
  39: f7->f7, U: U [O(n)]
  39: f7->f7, V: V [O(n)]
  39: f7->f7, V1: I2 [O(n)]
  39: f7->f7, W: W [O(n)]
  39: f7->f7, W1: 1 [O(1)]
  39: f7->f7, X: X [O(n)]
  39: f7->f7, X1: V [O(n)]
  39: f7->f7, Y: Y [O(n)]
  39: f7->f7, Y1: I [O(n)]
  39: f7->f7, Z: Z [O(n)]
  41: f7->f7, A1: A1 [O(n)]
  41: f7->f7, B1: B1 [O(n)]
  41: f7->f7, B2: B2 [O(n)]
  41: f7->f7, C1: J [O(n)]
  41: f7->f7, D1: D1 [O(n)]
  41: f7->f7, E1: -1 [O(1)]
  41: f7->f7, G: -max{-2, -G} [O(n)]
  41: f7->f7, G1: G1 [O(n)]
  41: f7->f7, H: -max{-H, -I} [O(n)]
  41: f7->f7, H1: H1 [O(n)]
  41: f7->f7, I: I [O(n)]
  41: f7->f7, I1: I1 [O(n)]
  41: f7->f7, J: J [O(n)]
  41: f7->f7, J1: J1 [O(n)]
  41: f7->f7, K: J [O(n)]
  41: f7->f7, L: 0 [O(1)]
  41: f7->f7, M: 1 [O(1)]
  41: f7->f7, M1: V [O(n)]
  41: f7->f7, N: 2 [O(1)]
  41: f7->f7, N1: I [O(n)]
  41: f7->f7, O: C2 [O(n)]
  41: f7->f7, O1: J [O(n)]
  41: f7->f7, P: C2 [O(n)]
  41: f7->f7, P1: 1 [O(1)]
  41: f7->f7, Q1: -1 [O(1)]
  41: f7->f7, R: J [O(n)]
  41: f7->f7, R1: R1 [O(n)]
  41: f7->f7, T: T [O(n)]
  41: f7->f7, U: U [O(n)]
  41: f7->f7, V: V [O(n)]
  41: f7->f7, V1: I2 [O(n)]
  41: f7->f7, W: W [O(n)]
  41: f7->f7, W1: 1 [O(1)]
  41: f7->f7, X: X [O(n)]
  41: f7->f7, X1: V [O(n)]
  41: f7->f7, Y: Y [O(n)]
  41: f7->f7, Y1: I [O(n)]
  41: f7->f7, Z: Z [O(n)]
  44: f7->f7, A1: A1 [O(n)]
  44: f7->f7, B1: B1 [O(n)]
  44: f7->f7, B2: B2 [O(n)]
  44: f7->f7, C1: J [O(n)]
  44: f7->f7, D1: D1 [O(n)]
  44: f7->f7, E1: -1 [O(1)]
  44: f7->f7, G: -max{-2, -G} [O(n)]
  44: f7->f7, G1: G1 [O(n)]
  44: f7->f7, H: -max{-H, -I} [O(n)]
  44: f7->f7, H1: H1 [O(n)]
  44: f7->f7, I: I [O(n)]
  44: f7->f7, I1: I1 [O(n)]
  44: f7->f7, J: J [O(n)]
  44: f7->f7, J1: J1 [O(n)]
  44: f7->f7, K: J [O(n)]
  44: f7->f7, L: 0 [O(1)]
  44: f7->f7, M: 1 [O(1)]
  44: f7->f7, M1: V [O(n)]
  44: f7->f7, N: 2 [O(1)]
  44: f7->f7, N1: I [O(n)]
  44: f7->f7, O: C2 [O(n)]
  44: f7->f7, O1: J [O(n)]
  44: f7->f7, P: C2 [O(n)]
  44: f7->f7, P1: 1 [O(1)]
  44: f7->f7, Q1: -1 [O(1)]
  44: f7->f7, R: J [O(n)]
  44: f7->f7, R1: R1 [O(n)]
  44: f7->f7, T: T [O(n)]
  44: f7->f7, U: U [O(n)]
  44: f7->f7, V: V [O(n)]
  44: f7->f7, V1: I2 [O(n)]
  44: f7->f7, W: W [O(n)]
  44: f7->f7, W1: 1 [O(1)]
  44: f7->f7, X: X [O(n)]
  44: f7->f7, X1: V [O(n)]
  44: f7->f7, Y: Y [O(n)]
  44: f7->f7, Y1: I [O(n)]
  44: f7->f7, Z: Z [O(n)]
  46: f7->f7, A1: A1 [O(n)]
  46: f7->f7, B1: B1 [O(n)]
  46: f7->f7, B2: B2 [O(n)]
  46: f7->f7, C1: J [O(n)]
  46: f7->f7, D1: D1 [O(n)]
  46: f7->f7, E1: -1 [O(1)]
  46: f7->f7, G: -max{-2, -G} [O(n)]
  46: f7->f7, G1: G1 [O(n)]
  46: f7->f7, H: -max{-H, -I} [O(n)]
  46: f7->f7, H1: H1 [O(n)]
  46: f7->f7, I: I [O(n)]
  46: f7->f7, I1: I1 [O(n)]
  46: f7->f7, J: J [O(n)]
  46: f7->f7, J1: J1 [O(n)]
  46: f7->f7, K: J [O(n)]
  46: f7->f7, L: 0 [O(1)]
  46: f7->f7, M: 1 [O(1)]
  46: f7->f7, M1: V [O(n)]
  46: f7->f7, N: 2 [O(1)]
  46: f7->f7, N1: I [O(n)]
  46: f7->f7, O: C2 [O(n)]
  46: f7->f7, O1: J [O(n)]
  46: f7->f7, P: C2 [O(n)]
  46: f7->f7, P1: 1 [O(1)]
  46: f7->f7, Q1: -1 [O(1)]
  46: f7->f7, R: J [O(n)]
  46: f7->f7, R1: R1 [O(n)]
  46: f7->f7, T: T [O(n)]
  46: f7->f7, U: U [O(n)]
  46: f7->f7, V: V [O(n)]
  46: f7->f7, V1: I2 [O(n)]
  46: f7->f7, W: W [O(n)]
  46: f7->f7, W1: 1 [O(1)]
  46: f7->f7, X: X [O(n)]
  46: f7->f7, X1: V [O(n)]
  46: f7->f7, Y: Y [O(n)]
  46: f7->f7, Y1: I [O(n)]
  46: f7->f7, Z: Z [O(n)]
  47: f7->f4, A1: A1 [O(n)]
  47: f7->f4, B1: B1 [O(n)]
  47: f7->f4, B2: B2 [O(n)]
  47: f7->f4, D1: D1 [O(n)]
  47: f7->f4, E1: 0 [O(1)]
  47: f7->f4, G: -max{-2, -G} [O(n)]
  47: f7->f4, G1: G1 [O(n)]
  47: f7->f4, H: -max{-H, -I} [O(n)]
  47: f7->f4, H1: H1 [O(n)]
  47: f7->f4, I: I [O(n)]
  47: f7->f4, I1: I1 [O(n)]
  47: f7->f4, J1: J1 [O(n)]
  47: f7->f4, K: J [O(n)]
  47: f7->f4, L: 0 [O(1)]
  47: f7->f4, M: 0 [O(1)]
  47: f7->f4, M1: -max{-M1, -V, -M1} [O(n)]
  47: f7->f4, N: 2 [O(1)]
  47: f7->f4, N1: -max{-N1, -I, -N1} [O(n)]
  47: f7->f4, O1: -max{-O1, -J, -O1} [O(n)]
  47: f7->f4, P1: -max{-1, -P1} [O(n)]
  47: f7->f4, Q1: -max{1, -Q1} [O(n)]
  47: f7->f4, T: T [O(n)]
  47: f7->f4, U: U [O(n)]
  47: f7->f4, V: V [O(n)]
  47: f7->f4, V1: I2 [O(n)]
  47: f7->f4, W: W [O(n)]
  47: f7->f4, W1: 1 [O(1)]
  47: f7->f4, X: X [O(n)]
  47: f7->f4, X1: V [O(n)]
  47: f7->f4, Y: Y [O(n)]
  47: f7->f4, Y1: I [O(n)]
  47: f7->f4, Z: Z [O(n)]
  48: f7->f4, A1: A1 [O(n)]
  48: f7->f4, B1: B1 [O(n)]
  48: f7->f4, B2: B2 [O(n)]
  48: f7->f4, D1: D1 [O(n)]
  48: f7->f4, E1: 0 [O(1)]
  48: f7->f4, G: -max{-2, -G} [O(n)]
  48: f7->f4, G1: G1 [O(n)]
  48: f7->f4, H: -max{-H, -I} [O(n)]
  48: f7->f4, H1: H1 [O(n)]
  48: f7->f4, I: I [O(n)]
  48: f7->f4, I1: I1 [O(n)]
  48: f7->f4, J1: J1 [O(n)]
  48: f7->f4, K: J [O(n)]
  48: f7->f4, L: 0 [O(1)]
  48: f7->f4, M: 0 [O(1)]
  48: f7->f4, M1: -max{-M1, -V, -M1} [O(n)]
  48: f7->f4, N: 2 [O(1)]
  48: f7->f4, N1: -max{-N1, -I, -N1} [O(n)]
  48: f7->f4, O1: -max{-O1, -J, -O1} [O(n)]
  48: f7->f4, P1: -max{-1, -P1} [O(n)]
  48: f7->f4, Q1: -max{1, -Q1} [O(n)]
  48: f7->f4, T: T [O(n)]
  48: f7->f4, U: U [O(n)]
  48: f7->f4, V: V [O(n)]
  48: f7->f4, V1: I2 [O(n)]
  48: f7->f4, W: W [O(n)]
  48: f7->f4, W1: 1 [O(1)]
  48: f7->f4, X: X [O(n)]
  48: f7->f4, X1: V [O(n)]
  48: f7->f4, Y: Y [O(n)]
  48: f7->f4, Y1: I [O(n)]
  48: f7->f4, Z: Z [O(n)]
  49: f7->f4, A1: A1 [O(n)]
  49: f7->f4, B1: B1 [O(n)]
  49: f7->f4, B2: B2 [O(n)]
  49: f7->f4, D1: D1 [O(n)]
  49: f7->f4, E1: 0 [O(1)]
  49: f7->f4, G: -max{-2, -G} [O(n)]
  49: f7->f4, G1: G1 [O(n)]
  49: f7->f4, H: -max{-H, -I} [O(n)]
  49: f7->f4, H1: H1 [O(n)]
  49: f7->f4, I: I [O(n)]
  49: f7->f4, I1: I1 [O(n)]
  49: f7->f4, J1: J1 [O(n)]
  49: f7->f4, K: J [O(n)]
  49: f7->f4, L: 0 [O(1)]
  49: f7->f4, M: 0 [O(1)]
  49: f7->f4, M1: -max{-M1, -V, -M1} [O(n)]
  49: f7->f4, N: 2 [O(1)]
  49: f7->f4, N1: -max{-N1, -I, -N1} [O(n)]
  49: f7->f4, O1: -max{-O1, -J, -O1} [O(n)]
  49: f7->f4, P1: -max{-1, -P1} [O(n)]
  49: f7->f4, Q1: -max{1, -Q1} [O(n)]
  49: f7->f4, T: T [O(n)]
  49: f7->f4, U: U [O(n)]
  49: f7->f4, V: V [O(n)]
  49: f7->f4, V1: I2 [O(n)]
  49: f7->f4, W: W [O(n)]
  49: f7->f4, W1: 1 [O(1)]
  49: f7->f4, X: X [O(n)]
  49: f7->f4, X1: V [O(n)]
  49: f7->f4, Y: Y [O(n)]
  49: f7->f4, Y1: I [O(n)]
  49: f7->f4, Z: Z [O(n)]
  50: f7->f4, A1: A1 [O(n)]
  50: f7->f4, B1: B1 [O(n)]
  50: f7->f4, B2: B2 [O(n)]
  50: f7->f4, D1: D1 [O(n)]
  50: f7->f4, E1: 0 [O(1)]
  50: f7->f4, G: -max{-2, -G} [O(n)]
  50: f7->f4, G1: G1 [O(n)]
  50: f7->f4, H: -max{-H, -I} [O(n)]
  50: f7->f4, H1: H1 [O(n)]
  50: f7->f4, I: I [O(n)]
  50: f7->f4, I1: I1 [O(n)]
  50: f7->f4, J1: J1 [O(n)]
  50: f7->f4, K: J [O(n)]
  50: f7->f4, L: 0 [O(1)]
  50: f7->f4, M: 0 [O(1)]
  50: f7->f4, M1: -max{-M1, -V, -M1} [O(n)]
  50: f7->f4, N: 2 [O(1)]
  50: f7->f4, N1: -max{-N1, -I, -N1} [O(n)]
  50: f7->f4, O1: -max{-O1, -J, -O1} [O(n)]
  50: f7->f4, P1: -max{-1, -P1} [O(n)]
  50: f7->f4, Q1: -max{1, -Q1} [O(n)]
  50: f7->f4, T: T [O(n)]
  50: f7->f4, U: U [O(n)]
  50: f7->f4, V: V [O(n)]
  50: f7->f4, V1: I2 [O(n)]
  50: f7->f4, W: W [O(n)]
  50: f7->f4, W1: 1 [O(1)]
  50: f7->f4, X: X [O(n)]
  50: f7->f4, X1: V [O(n)]
  50: f7->f4, Y: Y [O(n)]
  50: f7->f4, Y1: I [O(n)]
  50: f7->f4, Z: Z [O(n)]
`Upper:
  0: f1->f1, A: N [O(n)]
  0: f1->f1, A1: A1 [O(n)]
  0: f1->f1, A2: A2 [O(n)]
  0: f1->f1, B: max{6, 0+3*N} [O(n)]
  0: f1->f1, B1: B1 [O(n)]
  0: f1->f1, B2: B2 [O(n)]
  0: f1->f1, C1: C1 [O(n)]
  0: f1->f1, D1: D1 [O(n)]
  0: f1->f1, E1: E1 [O(n)]
  0: f1->f1, F1: F1 [O(n)]
  0: f1->f1, G: max{2, 6, 3*N} [O(n)]
  0: f1->f1, G1: G1 [O(n)]
  0: f1->f1, H: I [O(n)]
  0: f1->f1, H1: H1 [O(n)]
  0: f1->f1, I: I [O(n)]
  0: f1->f1, I1: I1 [O(n)]
  0: f1->f1, J: J [O(n)]
  0: f1->f1, J1: J1 [O(n)]
  0: f1->f1, K: K [O(n)]
  0: f1->f1, K1: K1 [O(n)]
  0: f1->f1, L: L [O(n)]
  0: f1->f1, L1: L1 [O(n)]
  0: f1->f1, M: M [O(n)]
  0: f1->f1, M1: M1 [O(n)]
  0: f1->f1, N: N [O(n)]
  0: f1->f1, N1: N1 [O(n)]
  0: f1->f1, O: C2 [O(n)]
  0: f1->f1, O1: O1 [O(n)]
  0: f1->f1, P: P [O(n)]
  0: f1->f1, P1: P1 [O(n)]
  0: f1->f1, Q: Q [O(n)]
  0: f1->f1, Q1: Q1 [O(n)]
  0: f1->f1, R: R [O(n)]
  0: f1->f1, R1: R1 [O(n)]
  0: f1->f1, S: S [O(n)]
  0: f1->f1, S1: C2 [O(n)]
  0: f1->f1, T: T [O(n)]
  0: f1->f1, T1: T1 [O(n)]
  0: f1->f1, U: U [O(n)]
  0: f1->f1, U1: D2 [O(n)]
  0: f1->f1, V: V [O(n)]
  0: f1->f1, V1: I2 [O(n)]
  0: f1->f1, W: W [O(n)]
  0: f1->f1, W1: W1 [O(n)]
  0: f1->f1, X: X [O(n)]
  0: f1->f1, X1: X1 [O(n)]
  0: f1->f1, Y: Y [O(n)]
  0: f1->f1, Y1: Y1 [O(n)]
  0: f1->f1, Z: Z [O(n)]
  0: f1->f1, Z1: Z1 [O(n)]
  53: f1->f7, A1: A1 [O(n)]
  53: f1->f7, B1: B1 [O(n)]
  53: f1->f7, B2: B2 [O(n)]
  53: f1->f7, C1: J [O(n)]
  53: f1->f7, D1: D1 [O(n)]
  53: f1->f7, E1: E1 [O(n)]
  53: f1->f7, G: max{2, 6, max{G, 3*N}} [O(n)]
  53: f1->f7, G1: G1 [O(n)]
  53: f1->f7, H: max{H, I} [O(n)]
  53: f1->f7, H1: H1 [O(n)]
  53: f1->f7, I: I [O(n)]
  53: f1->f7, I1: I1 [O(n)]
  53: f1->f7, J: J [O(n)]
  53: f1->f7, J1: J1 [O(n)]
  53: f1->f7, K: J [O(n)]
  53: f1->f7, K1: K1 [O(n)]
  53: f1->f7, L: E1 [O(n)]
  53: f1->f7, L1: L1 [O(n)]
  53: f1->f7, M: 0 [O(1)]
  53: f1->f7, M1: M1 [O(n)]
  53: f1->f7, N1: N1 [O(n)]
  53: f1->f7, O: C2 [O(n)]
  53: f1->f7, O1: O1 [O(n)]
  53: f1->f7, P: C2 [O(n)]
  53: f1->f7, P1: P1 [O(n)]
  53: f1->f7, Q1: Q1 [O(n)]
  53: f1->f7, R: J [O(n)]
  53: f1->f7, R1: R1 [O(n)]
  53: f1->f7, T: T [O(n)]
  53: f1->f7, U: U [O(n)]
  53: f1->f7, V: V [O(n)]
  53: f1->f7, V1: I2 [O(n)]
  53: f1->f7, W: W [O(n)]
  53: f1->f7, W1: 1+E1 [O(n)]
  53: f1->f7, X: X [O(n)]
  53: f1->f7, X1: V [O(n)]
  53: f1->f7, Y: Y [O(n)]
  53: f1->f7, Y1: I [O(n)]
  53: f1->f7, Z: Z [O(n)]
  54: f1->f7, A1: A1 [O(n)]
  54: f1->f7, B1: B1 [O(n)]
  54: f1->f7, B2: B2 [O(n)]
  54: f1->f7, C1: J [O(n)]
  54: f1->f7, D1: D1 [O(n)]
  54: f1->f7, E1: E1 [O(n)]
  54: f1->f7, G: max{2, 6, max{G, 3*N}} [O(n)]
  54: f1->f7, G1: G1 [O(n)]
  54: f1->f7, H: max{H, I} [O(n)]
  54: f1->f7, H1: H1 [O(n)]
  54: f1->f7, I: I [O(n)]
  54: f1->f7, I1: I1 [O(n)]
  54: f1->f7, J: J [O(n)]
  54: f1->f7, J1: J1 [O(n)]
  54: f1->f7, K: J [O(n)]
  54: f1->f7, K1: K1 [O(n)]
  54: f1->f7, L: E1 [O(n)]
  54: f1->f7, L1: L1 [O(n)]
  54: f1->f7, M: 0 [O(1)]
  54: f1->f7, M1: M1 [O(n)]
  54: f1->f7, N1: N1 [O(n)]
  54: f1->f7, O: C2 [O(n)]
  54: f1->f7, O1: O1 [O(n)]
  54: f1->f7, P: C2 [O(n)]
  54: f1->f7, P1: P1 [O(n)]
  54: f1->f7, Q1: Q1 [O(n)]
  54: f1->f7, R: J [O(n)]
  54: f1->f7, R1: R1 [O(n)]
  54: f1->f7, T: T [O(n)]
  54: f1->f7, U: U [O(n)]
  54: f1->f7, V: V [O(n)]
  54: f1->f7, V1: I2 [O(n)]
  54: f1->f7, W: W [O(n)]
  54: f1->f7, W1: 1+E1 [O(n)]
  54: f1->f7, X: X [O(n)]
  54: f1->f7, X1: V [O(n)]
  54: f1->f7, Y: Y [O(n)]
  54: f1->f7, Y1: I [O(n)]
  54: f1->f7, Z: Z [O(n)]
  55: f1->f4, A1: A1 [O(n)]
  55: f1->f4, A2: A2 [O(n)]
  55: f1->f4, B1: B1 [O(n)]
  55: f1->f4, B2: B2 [O(n)]
  55: f1->f4, D1: D1 [O(n)]
  55: f1->f4, E1: E1 [O(n)]
  55: f1->f4, G: max{2, 6, max{G, 3*N}} [O(n)]
  55: f1->f4, G1: G1 [O(n)]
  55: f1->f4, H: max{H, I} [O(n)]
  55: f1->f4, H1: H1 [O(n)]
  55: f1->f4, I: I [O(n)]
  55: f1->f4, I1: I1 [O(n)]
  55: f1->f4, J1: J1 [O(n)]
  55: f1->f4, K: K [O(n)]
  55: f1->f4, K1: K1 [O(n)]
  55: f1->f4, L: L [O(n)]
  55: f1->f4, L1: L1 [O(n)]
  55: f1->f4, M: M [O(n)]
  55: f1->f4, M1: M1 [O(n)]
  55: f1->f4, N1: N1 [O(n)]
  55: f1->f4, O: C2 [O(n)]
  55: f1->f4, O1: O1 [O(n)]
  55: f1->f4, P1: P1 [O(n)]
  55: f1->f4, Q1: Q1 [O(n)]
  55: f1->f4, R1: R1 [O(n)]
  55: f1->f4, S: S [O(n)]
  55: f1->f4, T: T [O(n)]
  55: f1->f4, U: U [O(n)]
  55: f1->f4, V: V [O(n)]
  55: f1->f4, V1: I2 [O(n)]
  55: f1->f4, W: W [O(n)]
  55: f1->f4, W1: W1 [O(n)]
  55: f1->f4, X: X [O(n)]
  55: f1->f4, X1: X1 [O(n)]
  55: f1->f4, Y: Y [O(n)]
  55: f1->f4, Y1: Y1 [O(n)]
  55: f1->f4, Z: Z [O(n)]
  55: f1->f4, Z1: Z1 [O(n)]
  51: f3->f4, A: C2 [O(n)]
  51: f3->f4, A1: A1 [O(n)]
  51: f3->f4, A2: A2 [O(n)]
  51: f3->f4, B: I2 [O(n)]
  51: f3->f4, B1: B1 [O(n)]
  51: f3->f4, B2: B2 [O(n)]
  51: f3->f4, C: H2 [O(n)]
  51: f3->f4, C1: R2 [O(n)]
  51: f3->f4, D: N2 [O(n)]
  51: f3->f4, D1: D1 [O(n)]
  51: f3->f4, E: M2 [O(n)]
  51: f3->f4, E1: E1 [O(n)]
  51: f3->f4, F: F [O(n)]
  51: f3->f4, F1: E2 [O(n)]
  51: f3->f4, G: G [O(n)]
  51: f3->f4, G1: G1 [O(n)]
  51: f3->f4, H: H [O(n)]
  51: f3->f4, H1: H1 [O(n)]
  51: f3->f4, I: I [O(n)]
  51: f3->f4, I1: I1 [O(n)]
  51: f3->f4, J: K2 [O(n)]
  51: f3->f4, J1: J1 [O(n)]
  51: f3->f4, K: K [O(n)]
  51: f3->f4, K1: K1 [O(n)]
  51: f3->f4, L: L [O(n)]
  51: f3->f4, L1: L1 [O(n)]
  51: f3->f4, M: M [O(n)]
  51: f3->f4, M1: M1 [O(n)]
  51: f3->f4, N: 0 [O(1)]
  51: f3->f4, N1: N1 [O(n)]
  51: f3->f4, O: O [O(n)]
  51: f3->f4, O1: O1 [O(n)]
  51: f3->f4, P: P2 [O(n)]
  51: f3->f4, P1: P1 [O(n)]
  51: f3->f4, Q: O2 [O(n)]
  51: f3->f4, Q1: Q1 [O(n)]
  51: f3->f4, R: Q2 [O(n)]
  51: f3->f4, R1: R1 [O(n)]
  51: f3->f4, S: S [O(n)]
  51: f3->f4, S1: D2 [O(n)]
  51: f3->f4, T: T [O(n)]
  51: f3->f4, T1: G2 [O(n)]
  51: f3->f4, U: U [O(n)]
  51: f3->f4, U1: F2 [O(n)]
  51: f3->f4, V: V [O(n)]
  51: f3->f4, V1: V1 [O(n)]
  51: f3->f4, W: W [O(n)]
  51: f3->f4, W1: W1 [O(n)]
  51: f3->f4, X: X [O(n)]
  51: f3->f4, X1: X1 [O(n)]
  51: f3->f4, Y: Y [O(n)]
  51: f3->f4, Y1: Y1 [O(n)]
  51: f3->f4, Z: Z [O(n)]
  51: f3->f4, Z1: Z1 [O(n)]
  52: f3->f1, A: N [O(n)]
  52: f3->f1, A1: A1 [O(n)]
  52: f3->f1, A2: A2 [O(n)]
  52: f3->f1, B: 2 [O(1)]
  52: f3->f1, B1: B1 [O(n)]
  52: f3->f1, B2: B2 [O(n)]
  52: f3->f1, C: D2 [O(n)]
  52: f3->f1, C1: C1 [O(n)]
  52: f3->f1, D: H2 [O(n)]
  52: f3->f1, D1: D1 [O(n)]
  52: f3->f1, E: D2 [O(n)]
  52: f3->f1, E1: E1 [O(n)]
  52: f3->f1, F: F [O(n)]
  52: f3->f1, F1: F1 [O(n)]
  52: f3->f1, G: G [O(n)]
  52: f3->f1, G1: G1 [O(n)]
  52: f3->f1, H: H [O(n)]
  52: f3->f1, H1: H1 [O(n)]
  52: f3->f1, I: I [O(n)]
  52: f3->f1, I1: I1 [O(n)]
  52: f3->f1, J: J [O(n)]
  52: f3->f1, J1: J1 [O(n)]
  52: f3->f1, K: K [O(n)]
  52: f3->f1, K1: K1 [O(n)]
  52: f3->f1, L: L [O(n)]
  52: f3->f1, L1: L1 [O(n)]
  52: f3->f1, M: M [O(n)]
  52: f3->f1, M1: M1 [O(n)]
  52: f3->f1, N: N [O(n)]
  52: f3->f1, N1: N1 [O(n)]
  52: f3->f1, O: C2 [O(n)]
  52: f3->f1, O1: O1 [O(n)]
  52: f3->f1, P: P [O(n)]
  52: f3->f1, P1: P1 [O(n)]
  52: f3->f1, Q: Q [O(n)]
  52: f3->f1, Q1: Q1 [O(n)]
  52: f3->f1, R: R [O(n)]
  52: f3->f1, R1: R1 [O(n)]
  52: f3->f1, S: S [O(n)]
  52: f3->f1, S1: C2 [O(n)]
  52: f3->f1, T: T [O(n)]
  52: f3->f1, T1: T1 [O(n)]
  52: f3->f1, U: U [O(n)]
  52: f3->f1, U1: D2 [O(n)]
  52: f3->f1, V: V [O(n)]
  52: f3->f1, V1: I2 [O(n)]
  52: f3->f1, W: W [O(n)]
  52: f3->f1, W1: W1 [O(n)]
  52: f3->f1, X: X [O(n)]
  52: f3->f1, X1: X1 [O(n)]
  52: f3->f1, Y: Y [O(n)]
  52: f3->f1, Y1: Y1 [O(n)]
  52: f3->f1, Z: Z [O(n)]
  52: f3->f1, Z1: Z1 [O(n)]
  56: f3->f4, A: C2 [O(n)]
  56: f3->f4, A1: A1 [O(n)]
  56: f3->f4, A2: A2 [O(n)]
  56: f3->f4, B: I2 [O(n)]
  56: f3->f4, B1: B1 [O(n)]
  56: f3->f4, B2: B2 [O(n)]
  56: f3->f4, C: H2 [O(n)]
  56: f3->f4, C1: Q2 [O(n)]
  56: f3->f4, D: M2 [O(n)]
  56: f3->f4, D1: D1 [O(n)]
  56: f3->f4, E: F2 [O(n)]
  56: f3->f4, E1: E1 [O(n)]
  56: f3->f4, F: F [O(n)]
  56: f3->f4, F1: G2 [O(n)]
  56: f3->f4, G: G [O(n)]
  56: f3->f4, G1: G1 [O(n)]
  56: f3->f4, H: H [O(n)]
  56: f3->f4, H1: H1 [O(n)]
  56: f3->f4, I: I [O(n)]
  56: f3->f4, I1: I1 [O(n)]
  56: f3->f4, J: J2 [O(n)]
  56: f3->f4, J1: J1 [O(n)]
  56: f3->f4, K: K [O(n)]
  56: f3->f4, K1: K1 [O(n)]
  56: f3->f4, L: L [O(n)]
  56: f3->f4, L1: L1 [O(n)]
  56: f3->f4, M: M [O(n)]
  56: f3->f4, M1: M1 [O(n)]
  56: f3->f4, N: 1 [O(1)]
  56: f3->f4, N1: N1 [O(n)]
  56: f3->f4, O: J [O(n)]
  56: f3->f4, O1: O1 [O(n)]
  56: f3->f4, P: O2 [O(n)]
  56: f3->f4, P1: P1 [O(n)]
  56: f3->f4, Q: N2 [O(n)]
  56: f3->f4, Q1: Q1 [O(n)]
  56: f3->f4, R: P2 [O(n)]
  56: f3->f4, R1: R1 [O(n)]
  56: f3->f4, S: S [O(n)]
  56: f3->f4, S1: D2 [O(n)]
  56: f3->f4, T: T [O(n)]
  56: f3->f4, T1: K2 [O(n)]
  56: f3->f4, U: U [O(n)]
  56: f3->f4, U1: E2 [O(n)]
  56: f3->f4, V: V [O(n)]
  56: f3->f4, V1: V1 [O(n)]
  56: f3->f4, W: W [O(n)]
  56: f3->f4, W1: W1 [O(n)]
  56: f3->f4, X: X [O(n)]
  56: f3->f4, X1: X1 [O(n)]
  56: f3->f4, Y: Y [O(n)]
  56: f3->f4, Y1: Y1 [O(n)]
  56: f3->f4, Z: Z [O(n)]
  56: f3->f4, Z1: Z1 [O(n)]
  31: f7->f7, A1: A1 [O(n)]
  31: f7->f7, B1: B1 [O(n)]
  31: f7->f7, B2: B2 [O(n)]
  31: f7->f7, C1: J [O(n)]
  31: f7->f7, D1: D1 [O(n)]
  31: f7->f7, E1: E1 [O(n)]
  31: f7->f7, G: max{2, 6, max{G, 3*N}} [O(n)]
  31: f7->f7, G1: G1 [O(n)]
  31: f7->f7, H: max{H, I} [O(n)]
  31: f7->f7, H1: H1 [O(n)]
  31: f7->f7, I: I [O(n)]
  31: f7->f7, I1: I1 [O(n)]
  31: f7->f7, J: J [O(n)]
  31: f7->f7, J1: J1 [O(n)]
  31: f7->f7, K: J [O(n)]
  31: f7->f7, L: E1 [O(n)]
  31: f7->f7, M1: V [O(n)]
  31: f7->f7, N1: I [O(n)]
  31: f7->f7, O: C2 [O(n)]
  31: f7->f7, O1: J [O(n)]
  31: f7->f7, P: C2 [O(n)]
  31: f7->f7, Q1: -1+E1 [O(n)]
  31: f7->f7, R: J [O(n)]
  31: f7->f7, R1: R1 [O(n)]
  31: f7->f7, T: T [O(n)]
  31: f7->f7, U: U [O(n)]
  31: f7->f7, V: V [O(n)]
  31: f7->f7, V1: I2 [O(n)]
  31: f7->f7, W: W [O(n)]
  31: f7->f7, W1: 1+E1 [O(n)]
  31: f7->f7, X: X [O(n)]
  31: f7->f7, X1: V [O(n)]
  31: f7->f7, Y: Y [O(n)]
  31: f7->f7, Y1: I [O(n)]
  31: f7->f7, Z: Z [O(n)]
  33: f7->f7, A1: A1 [O(n)]
  33: f7->f7, B1: B1 [O(n)]
  33: f7->f7, B2: B2 [O(n)]
  33: f7->f7, C1: J [O(n)]
  33: f7->f7, D1: D1 [O(n)]
  33: f7->f7, E1: E1 [O(n)]
  33: f7->f7, G: max{2, 6, max{G, 3*N}} [O(n)]
  33: f7->f7, G1: G1 [O(n)]
  33: f7->f7, H: max{H, I} [O(n)]
  33: f7->f7, H1: H1 [O(n)]
  33: f7->f7, I: I [O(n)]
  33: f7->f7, I1: I1 [O(n)]
  33: f7->f7, J: J [O(n)]
  33: f7->f7, J1: J1 [O(n)]
  33: f7->f7, K: J [O(n)]
  33: f7->f7, L: E1 [O(n)]
  33: f7->f7, M1: V [O(n)]
  33: f7->f7, N1: I [O(n)]
  33: f7->f7, O: C2 [O(n)]
  33: f7->f7, O1: J [O(n)]
  33: f7->f7, P: C2 [O(n)]
  33: f7->f7, Q1: -1+E1 [O(n)]
  33: f7->f7, R: J [O(n)]
  33: f7->f7, R1: R1 [O(n)]
  33: f7->f7, T: T [O(n)]
  33: f7->f7, U: U [O(n)]
  33: f7->f7, V: V [O(n)]
  33: f7->f7, V1: I2 [O(n)]
  33: f7->f7, W: W [O(n)]
  33: f7->f7, W1: 1+E1 [O(n)]
  33: f7->f7, X: X [O(n)]
  33: f7->f7, X1: V [O(n)]
  33: f7->f7, Y: Y [O(n)]
  33: f7->f7, Y1: I [O(n)]
  33: f7->f7, Z: Z [O(n)]
  36: f7->f7, A1: A1 [O(n)]
  36: f7->f7, B1: B1 [O(n)]
  36: f7->f7, B2: B2 [O(n)]
  36: f7->f7, C1: J [O(n)]
  36: f7->f7, D1: D1 [O(n)]
  36: f7->f7, E1: E1 [O(n)]
  36: f7->f7, G: max{2, 6, max{G, 3*N}} [O(n)]
  36: f7->f7, G1: G1 [O(n)]
  36: f7->f7, H: max{H, I} [O(n)]
  36: f7->f7, H1: H1 [O(n)]
  36: f7->f7, I: I [O(n)]
  36: f7->f7, I1: I1 [O(n)]
  36: f7->f7, J: J [O(n)]
  36: f7->f7, J1: J1 [O(n)]
  36: f7->f7, K: J [O(n)]
  36: f7->f7, L: E1 [O(n)]
  36: f7->f7, M1: V [O(n)]
  36: f7->f7, N1: I [O(n)]
  36: f7->f7, O: C2 [O(n)]
  36: f7->f7, O1: J [O(n)]
  36: f7->f7, P: C2 [O(n)]
  36: f7->f7, Q1: -1+E1 [O(n)]
  36: f7->f7, R: J [O(n)]
  36: f7->f7, R1: R1 [O(n)]
  36: f7->f7, T: T [O(n)]
  36: f7->f7, U: U [O(n)]
  36: f7->f7, V: V [O(n)]
  36: f7->f7, V1: I2 [O(n)]
  36: f7->f7, W: W [O(n)]
  36: f7->f7, W1: 1+E1 [O(n)]
  36: f7->f7, X: X [O(n)]
  36: f7->f7, X1: V [O(n)]
  36: f7->f7, Y: Y [O(n)]
  36: f7->f7, Y1: I [O(n)]
  36: f7->f7, Z: Z [O(n)]
  38: f7->f7, A1: A1 [O(n)]
  38: f7->f7, B1: B1 [O(n)]
  38: f7->f7, B2: B2 [O(n)]
  38: f7->f7, C1: J [O(n)]
  38: f7->f7, D1: D1 [O(n)]
  38: f7->f7, E1: E1 [O(n)]
  38: f7->f7, G: max{2, 6, max{G, 3*N}} [O(n)]
  38: f7->f7, G1: G1 [O(n)]
  38: f7->f7, H: max{H, I} [O(n)]
  38: f7->f7, H1: H1 [O(n)]
  38: f7->f7, I: I [O(n)]
  38: f7->f7, I1: I1 [O(n)]
  38: f7->f7, J: J [O(n)]
  38: f7->f7, J1: J1 [O(n)]
  38: f7->f7, K: J [O(n)]
  38: f7->f7, L: E1 [O(n)]
  38: f7->f7, M1: V [O(n)]
  38: f7->f7, N1: I [O(n)]
  38: f7->f7, O: C2 [O(n)]
  38: f7->f7, O1: J [O(n)]
  38: f7->f7, P: C2 [O(n)]
  38: f7->f7, Q1: -1+E1 [O(n)]
  38: f7->f7, R: J [O(n)]
  38: f7->f7, R1: R1 [O(n)]
  38: f7->f7, T: T [O(n)]
  38: f7->f7, U: U [O(n)]
  38: f7->f7, V: V [O(n)]
  38: f7->f7, V1: I2 [O(n)]
  38: f7->f7, W: W [O(n)]
  38: f7->f7, W1: 1+E1 [O(n)]
  38: f7->f7, X: X [O(n)]
  38: f7->f7, X1: V [O(n)]
  38: f7->f7, Y: Y [O(n)]
  38: f7->f7, Y1: I [O(n)]
  38: f7->f7, Z: Z [O(n)]
  39: f7->f7, A1: A1 [O(n)]
  39: f7->f7, B1: B1 [O(n)]
  39: f7->f7, B2: B2 [O(n)]
  39: f7->f7, C1: J [O(n)]
  39: f7->f7, D1: D1 [O(n)]
  39: f7->f7, E1: E1 [O(n)]
  39: f7->f7, G: max{2, 6, max{G, 3*N}} [O(n)]
  39: f7->f7, G1: G1 [O(n)]
  39: f7->f7, H: max{H, I} [O(n)]
  39: f7->f7, H1: H1 [O(n)]
  39: f7->f7, I: I [O(n)]
  39: f7->f7, I1: I1 [O(n)]
  39: f7->f7, J: J [O(n)]
  39: f7->f7, J1: J1 [O(n)]
  39: f7->f7, K: J [O(n)]
  39: f7->f7, L: E1 [O(n)]
  39: f7->f7, M1: V [O(n)]
  39: f7->f7, N1: I [O(n)]
  39: f7->f7, O: C2 [O(n)]
  39: f7->f7, O1: J [O(n)]
  39: f7->f7, P: C2 [O(n)]
  39: f7->f7, Q1: -1+E1 [O(n)]
  39: f7->f7, R: J [O(n)]
  39: f7->f7, R1: R1 [O(n)]
  39: f7->f7, T: T [O(n)]
  39: f7->f7, U: U [O(n)]
  39: f7->f7, V: V [O(n)]
  39: f7->f7, V1: I2 [O(n)]
  39: f7->f7, W: W [O(n)]
  39: f7->f7, W1: 1+E1 [O(n)]
  39: f7->f7, X: X [O(n)]
  39: f7->f7, X1: V [O(n)]
  39: f7->f7, Y: Y [O(n)]
  39: f7->f7, Y1: I [O(n)]
  39: f7->f7, Z: Z [O(n)]
  41: f7->f7, A1: A1 [O(n)]
  41: f7->f7, B1: B1 [O(n)]
  41: f7->f7, B2: B2 [O(n)]
  41: f7->f7, C1: J [O(n)]
  41: f7->f7, D1: D1 [O(n)]
  41: f7->f7, E1: E1 [O(n)]
  41: f7->f7, G: max{2, 6, max{G, 3*N}} [O(n)]
  41: f7->f7, G1: G1 [O(n)]
  41: f7->f7, H: max{H, I} [O(n)]
  41: f7->f7, H1: H1 [O(n)]
  41: f7->f7, I: I [O(n)]
  41: f7->f7, I1: I1 [O(n)]
  41: f7->f7, J: J [O(n)]
  41: f7->f7, J1: J1 [O(n)]
  41: f7->f7, K: J [O(n)]
  41: f7->f7, L: E1 [O(n)]
  41: f7->f7, M1: V [O(n)]
  41: f7->f7, N1: I [O(n)]
  41: f7->f7, O: C2 [O(n)]
  41: f7->f7, O1: J [O(n)]
  41: f7->f7, P: C2 [O(n)]
  41: f7->f7, Q1: -1+E1 [O(n)]
  41: f7->f7, R: J [O(n)]
  41: f7->f7, R1: R1 [O(n)]
  41: f7->f7, T: T [O(n)]
  41: f7->f7, U: U [O(n)]
  41: f7->f7, V: V [O(n)]
  41: f7->f7, V1: I2 [O(n)]
  41: f7->f7, W: W [O(n)]
  41: f7->f7, W1: 1+E1 [O(n)]
  41: f7->f7, X: X [O(n)]
  41: f7->f7, X1: V [O(n)]
  41: f7->f7, Y: Y [O(n)]
  41: f7->f7, Y1: I [O(n)]
  41: f7->f7, Z: Z [O(n)]
  44: f7->f7, A1: A1 [O(n)]
  44: f7->f7, B1: B1 [O(n)]
  44: f7->f7, B2: B2 [O(n)]
  44: f7->f7, C1: J [O(n)]
  44: f7->f7, D1: D1 [O(n)]
  44: f7->f7, E1: E1 [O(n)]
  44: f7->f7, G: max{2, 6, max{G, 3*N}} [O(n)]
  44: f7->f7, G1: G1 [O(n)]
  44: f7->f7, H: max{H, I} [O(n)]
  44: f7->f7, H1: H1 [O(n)]
  44: f7->f7, I: I [O(n)]
  44: f7->f7, I1: I1 [O(n)]
  44: f7->f7, J: J [O(n)]
  44: f7->f7, J1: J1 [O(n)]
  44: f7->f7, K: J [O(n)]
  44: f7->f7, L: E1 [O(n)]
  44: f7->f7, M1: V [O(n)]
  44: f7->f7, N1: I [O(n)]
  44: f7->f7, O: C2 [O(n)]
  44: f7->f7, O1: J [O(n)]
  44: f7->f7, P: C2 [O(n)]
  44: f7->f7, Q1: -1+E1 [O(n)]
  44: f7->f7, R: J [O(n)]
  44: f7->f7, R1: R1 [O(n)]
  44: f7->f7, T: T [O(n)]
  44: f7->f7, U: U [O(n)]
  44: f7->f7, V: V [O(n)]
  44: f7->f7, V1: I2 [O(n)]
  44: f7->f7, W: W [O(n)]
  44: f7->f7, W1: 1+E1 [O(n)]
  44: f7->f7, X: X [O(n)]
  44: f7->f7, X1: V [O(n)]
  44: f7->f7, Y: Y [O(n)]
  44: f7->f7, Y1: I [O(n)]
  44: f7->f7, Z: Z [O(n)]
  46: f7->f7, A1: A1 [O(n)]
  46: f7->f7, B1: B1 [O(n)]
  46: f7->f7, B2: B2 [O(n)]
  46: f7->f7, C1: J [O(n)]
  46: f7->f7, D1: D1 [O(n)]
  46: f7->f7, E1: E1 [O(n)]
  46: f7->f7, G: max{2, 6, max{G, 3*N}} [O(n)]
  46: f7->f7, G1: G1 [O(n)]
  46: f7->f7, H: max{H, I} [O(n)]
  46: f7->f7, H1: H1 [O(n)]
  46: f7->f7, I: I [O(n)]
  46: f7->f7, I1: I1 [O(n)]
  46: f7->f7, J: J [O(n)]
  46: f7->f7, J1: J1 [O(n)]
  46: f7->f7, K: J [O(n)]
  46: f7->f7, L: E1 [O(n)]
  46: f7->f7, M1: V [O(n)]
  46: f7->f7, N1: I [O(n)]
  46: f7->f7, O: C2 [O(n)]
  46: f7->f7, O1: J [O(n)]
  46: f7->f7, P: C2 [O(n)]
  46: f7->f7, Q1: -1+E1 [O(n)]
  46: f7->f7, R: J [O(n)]
  46: f7->f7, R1: R1 [O(n)]
  46: f7->f7, T: T [O(n)]
  46: f7->f7, U: U [O(n)]
  46: f7->f7, V: V [O(n)]
  46: f7->f7, V1: I2 [O(n)]
  46: f7->f7, W: W [O(n)]
  46: f7->f7, W1: 1+E1 [O(n)]
  46: f7->f7, X: X [O(n)]
  46: f7->f7, X1: V [O(n)]
  46: f7->f7, Y: Y [O(n)]
  46: f7->f7, Y1: I [O(n)]
  46: f7->f7, Z: Z [O(n)]
  47: f7->f4, A1: A1 [O(n)]
  47: f7->f4, B1: B1 [O(n)]
  47: f7->f4, B2: B2 [O(n)]
  47: f7->f4, D1: D1 [O(n)]
  47: f7->f4, E1: E1 [O(n)]
  47: f7->f4, G: max{2, 6, max{G, 3*N}} [O(n)]
  47: f7->f4, G1: G1 [O(n)]
  47: f7->f4, H: max{H, I} [O(n)]
  47: f7->f4, H1: H1 [O(n)]
  47: f7->f4, I: I [O(n)]
  47: f7->f4, I1: I1 [O(n)]
  47: f7->f4, J1: J1 [O(n)]
  47: f7->f4, K: J [O(n)]
  47: f7->f4, L: E1 [O(n)]
  47: f7->f4, M1: max{M1, V, M1} [O(n)]
  47: f7->f4, N1: max{N1, I, N1} [O(n)]
  47: f7->f4, O1: max{O1, J, O1} [O(n)]
  47: f7->f4, Q1: max{Q1, -1+E1} [O(n)]
  47: f7->f4, T: T [O(n)]
  47: f7->f4, U: U [O(n)]
  47: f7->f4, V: V [O(n)]
  47: f7->f4, V1: I2 [O(n)]
  47: f7->f4, W: W [O(n)]
  47: f7->f4, W1: 1+E1 [O(n)]
  47: f7->f4, X: X [O(n)]
  47: f7->f4, X1: V [O(n)]
  47: f7->f4, Y: Y [O(n)]
  47: f7->f4, Y1: I [O(n)]
  47: f7->f4, Z: Z [O(n)]
  48: f7->f4, A1: A1 [O(n)]
  48: f7->f4, B1: B1 [O(n)]
  48: f7->f4, B2: B2 [O(n)]
  48: f7->f4, D1: D1 [O(n)]
  48: f7->f4, E1: E1 [O(n)]
  48: f7->f4, G: max{2, 6, max{G, 3*N}} [O(n)]
  48: f7->f4, G1: G1 [O(n)]
  48: f7->f4, H: max{H, I} [O(n)]
  48: f7->f4, H1: H1 [O(n)]
  48: f7->f4, I: I [O(n)]
  48: f7->f4, I1: I1 [O(n)]
  48: f7->f4, J1: J1 [O(n)]
  48: f7->f4, K: J [O(n)]
  48: f7->f4, L: E1 [O(n)]
  48: f7->f4, M1: max{M1, V, M1} [O(n)]
  48: f7->f4, N1: max{N1, I, N1} [O(n)]
  48: f7->f4, O1: max{O1, J, O1} [O(n)]
  48: f7->f4, Q1: max{Q1, -1+E1} [O(n)]
  48: f7->f4, T: T [O(n)]
  48: f7->f4, U: U [O(n)]
  48: f7->f4, V: V [O(n)]
  48: f7->f4, V1: I2 [O(n)]
  48: f7->f4, W: W [O(n)]
  48: f7->f4, W1: 1+E1 [O(n)]
  48: f7->f4, X: X [O(n)]
  48: f7->f4, X1: V [O(n)]
  48: f7->f4, Y: Y [O(n)]
  48: f7->f4, Y1: I [O(n)]
  48: f7->f4, Z: Z [O(n)]
  49: f7->f4, A1: A1 [O(n)]
  49: f7->f4, B1: B1 [O(n)]
  49: f7->f4, B2: B2 [O(n)]
  49: f7->f4, D1: D1 [O(n)]
  49: f7->f4, E1: E1 [O(n)]
  49: f7->f4, G: max{2, 6, max{G, 3*N}} [O(n)]
  49: f7->f4, G1: G1 [O(n)]
  49: f7->f4, H: max{H, I} [O(n)]
  49: f7->f4, H1: H1 [O(n)]
  49: f7->f4, I: I [O(n)]
  49: f7->f4, I1: I1 [O(n)]
  49: f7->f4, J1: J1 [O(n)]
  49: f7->f4, K: J [O(n)]
  49: f7->f4, L: E1 [O(n)]
  49: f7->f4, M1: max{M1, V, M1} [O(n)]
  49: f7->f4, N1: max{N1, I, N1} [O(n)]
  49: f7->f4, O1: max{O1, J, O1} [O(n)]
  49: f7->f4, Q1: max{Q1, -1+E1} [O(n)]
  49: f7->f4, T: T [O(n)]
  49: f7->f4, U: U [O(n)]
  49: f7->f4, V: V [O(n)]
  49: f7->f4, V1: I2 [O(n)]
  49: f7->f4, W: W [O(n)]
  49: f7->f4, W1: 1+E1 [O(n)]
  49: f7->f4, X: X [O(n)]
  49: f7->f4, X1: V [O(n)]
  49: f7->f4, Y: Y [O(n)]
  49: f7->f4, Y1: I [O(n)]
  49: f7->f4, Z: Z [O(n)]
  50: f7->f4, A1: A1 [O(n)]
  50: f7->f4, B1: B1 [O(n)]
  50: f7->f4, B2: B2 [O(n)]
  50: f7->f4, D1: D1 [O(n)]
  50: f7->f4, E1: E1 [O(n)]
  50: f7->f4, G: max{2, 6, max{G, 3*N}} [O(n)]
  50: f7->f4, G1: G1 [O(n)]
  50: f7->f4, H: max{H, I} [O(n)]
  50: f7->f4, H1: H1 [O(n)]
  50: f7->f4, I: I [O(n)]
  50: f7->f4, I1: I1 [O(n)]
  50: f7->f4, J1: J1 [O(n)]
  50: f7->f4, K: J [O(n)]
  50: f7->f4, L: E1 [O(n)]
  50: f7->f4, M1: max{M1, V, M1} [O(n)]
  50: f7->f4, N1: max{N1, I, N1} [O(n)]
  50: f7->f4, O1: max{O1, J, O1} [O(n)]
  50: f7->f4, Q1: max{Q1, -1+E1} [O(n)]
  50: f7->f4, T: T [O(n)]
  50: f7->f4, U: U [O(n)]
  50: f7->f4, V: V [O(n)]
  50: f7->f4, V1: I2 [O(n)]
  50: f7->f4, W: W [O(n)]
  50: f7->f4, W1: 1+E1 [O(n)]
  50: f7->f4, X: X [O(n)]
  50: f7->f4, X1: V [O(n)]
  50: f7->f4, Y: Y [O(n)]
  50: f7->f4, Y1: I [O(n)]
  50: f7->f4, Z: Z [O(n)]
