Timebounds: 
  Overall timebound: inf [Infinity]
  0: f0->f16: 1 [O(1)]
  3: f0->f28: 1 [O(1)]
  4: f0->f28: 1 [O(1)]
  1: f16->f18: max{0, 1+H-I} [O(n)]
  23: f16->f28: 1 [O(1)]
  2: f18->f18: max{0, 1+J-K} [O(n)]
  22: f18->f16: max{0, 1+H-I} [O(n)]
  5: f28->f35: 2*max{0, 1-I}+max{0, -H} [O(n)]
  6: f28->f35: 2*max{0, 1+2*H+-2*I}+max{0, 1+2*H+max{-2*(1+H), -2*max{I, 1+H}}} [O(n)]
  7: f28->f35: 2*max{0, 2-I}+max{0, 1-H} [O(n)]
  19: f28->f76: 1 [O(1)]
  20: f28->f76: 1 [O(1)]
  21: f28->f76: 1 [O(1)]
  8: f35->f37: 2*max{0, 1-Q+2*P}+max{0, 1-Q+2*P} [O(n)]
  18: f35->f28: 2*max{0, H+P-I}+max{0, -1+H+P-H} [O(n)]
  9: f37->f52: inf [Infinity]
  10: f37->f52: inf [Infinity]
  11: f37->f37: inf [Infinity]
  12: f37->f37: inf [Infinity]
  13: f37->f37: inf [Infinity]
  17: f37->f35: 2*max{0, 1-Q+2*P}+max{0, 1-Q+2*P} [O(n)]
  14: f52->f37: inf [Infinity]
  15: f52->f37: inf [Infinity]
  16: f52->f37: inf [Infinity]

Costbounds:
  Overall costbound: inf [Infinity]
  0: f0->f16: 1 [O(1)]
  3: f0->f28: 1 [O(1)]
  4: f0->f28: 1 [O(1)]
  1: f16->f18: max{0, 1+H-I} [O(n)]
  23: f16->f28: 1 [O(1)]
  2: f18->f18: max{0, 1+J-K} [O(n)]
  22: f18->f16: max{0, 1+H-I} [O(n)]
  5: f28->f35: 2*max{0, 1-I}+max{0, -H} [O(n)]
  6: f28->f35: 2*max{0, 1+2*H+-2*I}+max{0, 1+2*H+max{-2*(1+H), -2*max{I, 1+H}}} [O(n)]
  7: f28->f35: 2*max{0, 2-I}+max{0, 1-H} [O(n)]
  19: f28->f76: 1 [O(1)]
  20: f28->f76: 1 [O(1)]
  21: f28->f76: 1 [O(1)]
  8: f35->f37: 2*max{0, 1-Q+2*P}+max{0, 1-Q+2*P} [O(n)]
  18: f35->f28: 2*max{0, H+P-I}+max{0, -1+H+P-H} [O(n)]
  9: f37->f52: inf [Infinity]
  10: f37->f52: inf [Infinity]
  11: f37->f37: inf [Infinity]
  12: f37->f37: inf [Infinity]
  13: f37->f37: inf [Infinity]
  17: f37->f35: 2*max{0, 1-Q+2*P}+max{0, 1-Q+2*P} [O(n)]
  14: f52->f37: inf [Infinity]
  15: f52->f37: inf [Infinity]
  16: f52->f37: inf [Infinity]

Sizebounds:
`Lower:
  0: f0->f16, A: 1 [O(1)]
  0: f0->f16, A1: -inf [Infinity]
  0: f0->f16, B: X [O(n)]
  0: f0->f16, B1: -inf [Infinity]
  0: f0->f16, C: Y [O(n)]
  0: f0->f16, C1: -inf [Infinity]
  0: f0->f16, D: Z [O(n)]
  0: f0->f16, E: A1 [O(n)]
  0: f0->f16, F: B1 [O(n)]
  0: f0->f16, G: C1 [O(n)]
  0: f0->f16, H: H [O(n)]
  0: f0->f16, I: I [O(n)]
  0: f0->f16, J: J [O(n)]
  0: f0->f16, K: K [O(n)]
  0: f0->f16, L: L [O(n)]
  0: f0->f16, M: M [O(n)]
  0: f0->f16, N: N [O(n)]
  0: f0->f16, O: O [O(n)]
  0: f0->f16, P: P [O(n)]
  0: f0->f16, Q: Q [O(n)]
  0: f0->f16, R: R [O(n)]
  0: f0->f16, S: S [O(n)]
  0: f0->f16, T: T [O(n)]
  0: f0->f16, U: U [O(n)]
  0: f0->f16, V: V [O(n)]
  0: f0->f16, W: W [O(n)]
  0: f0->f16, X: -inf [Infinity]
  0: f0->f16, Y: -inf [Infinity]
  0: f0->f16, Z: -inf [Infinity]
  3: f0->f28, A: A [O(n)]
  3: f0->f28, A1: -inf [Infinity]
  3: f0->f28, B: X [O(n)]
  3: f0->f28, B1: -inf [Infinity]
  3: f0->f28, C: Y [O(n)]
  3: f0->f28, C1: -inf [Infinity]
  3: f0->f28, D: Z [O(n)]
  3: f0->f28, E: A1 [O(n)]
  3: f0->f28, F: B1 [O(n)]
  3: f0->f28, G: C1 [O(n)]
  3: f0->f28, H: H [O(n)]
  3: f0->f28, I: I [O(n)]
  3: f0->f28, J: J [O(n)]
  3: f0->f28, K: K [O(n)]
  3: f0->f28, L: L [O(n)]
  3: f0->f28, M: M [O(n)]
  3: f0->f28, N: N [O(n)]
  3: f0->f28, O: O [O(n)]
  3: f0->f28, P: P [O(n)]
  3: f0->f28, Q: Q [O(n)]
  3: f0->f28, R: R [O(n)]
  3: f0->f28, S: S [O(n)]
  3: f0->f28, T: T [O(n)]
  3: f0->f28, U: U [O(n)]
  3: f0->f28, V: V [O(n)]
  3: f0->f28, W: W [O(n)]
  3: f0->f28, X: -inf [Infinity]
  3: f0->f28, Y: -inf [Infinity]
  3: f0->f28, Z: -inf [Infinity]
  4: f0->f28, A: 2 [O(1)]
  4: f0->f28, A1: -inf [Infinity]
  4: f0->f28, B: X [O(n)]
  4: f0->f28, B1: -inf [Infinity]
  4: f0->f28, C: Y [O(n)]
  4: f0->f28, C1: -inf [Infinity]
  4: f0->f28, D: Z [O(n)]
  4: f0->f28, E: A1 [O(n)]
  4: f0->f28, F: B1 [O(n)]
  4: f0->f28, G: C1 [O(n)]
  4: f0->f28, H: H [O(n)]
  4: f0->f28, I: I [O(n)]
  4: f0->f28, J: J [O(n)]
  4: f0->f28, K: K [O(n)]
  4: f0->f28, L: L [O(n)]
  4: f0->f28, M: M [O(n)]
  4: f0->f28, N: N [O(n)]
  4: f0->f28, O: O [O(n)]
  4: f0->f28, P: P [O(n)]
  4: f0->f28, Q: Q [O(n)]
  4: f0->f28, R: R [O(n)]
  4: f0->f28, S: S [O(n)]
  4: f0->f28, T: T [O(n)]
  4: f0->f28, U: U [O(n)]
  4: f0->f28, V: V [O(n)]
  4: f0->f28, W: W [O(n)]
  4: f0->f28, X: -inf [Infinity]
  4: f0->f28, Y: -inf [Infinity]
  4: f0->f28, Z: -inf [Infinity]
  1: f16->f18, A: 1 [O(1)]
  1: f16->f18, A1: -inf [Infinity]
  1: f16->f18, B: X [O(n)]
  1: f16->f18, B1: -inf [Infinity]
  1: f16->f18, C: Y [O(n)]
  1: f16->f18, C1: -inf [Infinity]
  1: f16->f18, D: Z [O(n)]
  1: f16->f18, E: A1 [O(n)]
  1: f16->f18, F: B1 [O(n)]
  1: f16->f18, G: C1 [O(n)]
  1: f16->f18, H: H [O(n)]
  1: f16->f18, I: -inf [Infinity]
  1: f16->f18, J: J [O(n)]
  1: f16->f18, K: -inf [Infinity]
  1: f16->f18, L: L [O(n)]
  1: f16->f18, M: M [O(n)]
  1: f16->f18, N: N [O(n)]
  1: f16->f18, O: O [O(n)]
  1: f16->f18, P: P [O(n)]
  1: f16->f18, Q: Q [O(n)]
  1: f16->f18, R: R [O(n)]
  1: f16->f18, S: S [O(n)]
  1: f16->f18, T: T [O(n)]
  1: f16->f18, U: U [O(n)]
  1: f16->f18, V: V [O(n)]
  1: f16->f18, W: W [O(n)]
  1: f16->f18, X: -inf [Infinity]
  1: f16->f18, Y: -inf [Infinity]
  1: f16->f18, Z: -inf [Infinity]
  23: f16->f28, A: 1 [O(1)]
  23: f16->f28, A1: -inf [Infinity]
  23: f16->f28, B: X [O(n)]
  23: f16->f28, B1: -inf [Infinity]
  23: f16->f28, C: Y [O(n)]
  23: f16->f28, C1: -inf [Infinity]
  23: f16->f28, D: Z [O(n)]
  23: f16->f28, E: A1 [O(n)]
  23: f16->f28, F: B1 [O(n)]
  23: f16->f28, G: C1 [O(n)]
  23: f16->f28, H: H [O(n)]
  23: f16->f28, I: 1+H [O(n)]
  23: f16->f28, J: J [O(n)]
  23: f16->f28, K: -inf [Infinity]
  23: f16->f28, L: L [O(n)]
  23: f16->f28, M: M [O(n)]
  23: f16->f28, N: N [O(n)]
  23: f16->f28, O: O [O(n)]
  23: f16->f28, P: P [O(n)]
  23: f16->f28, Q: Q [O(n)]
  23: f16->f28, R: R [O(n)]
  23: f16->f28, S: S [O(n)]
  23: f16->f28, T: T [O(n)]
  23: f16->f28, U: U [O(n)]
  23: f16->f28, V: V [O(n)]
  23: f16->f28, W: W [O(n)]
  23: f16->f28, X: -inf [Infinity]
  23: f16->f28, Y: -inf [Infinity]
  23: f16->f28, Z: -inf [Infinity]
  2: f18->f18, A: 1 [O(1)]
  2: f18->f18, A1: -inf [Infinity]
  2: f18->f18, B: X [O(n)]
  2: f18->f18, B1: -inf [Infinity]
  2: f18->f18, C: Y [O(n)]
  2: f18->f18, C1: -inf [Infinity]
  2: f18->f18, D: Z [O(n)]
  2: f18->f18, E: A1 [O(n)]
  2: f18->f18, F: B1 [O(n)]
  2: f18->f18, G: C1 [O(n)]
  2: f18->f18, H: H [O(n)]
  2: f18->f18, I: -inf [Infinity]
  2: f18->f18, J: J [O(n)]
  2: f18->f18, K: -inf [Infinity]
  2: f18->f18, L: L [O(n)]
  2: f18->f18, M: M [O(n)]
  2: f18->f18, N: N [O(n)]
  2: f18->f18, O: O [O(n)]
  2: f18->f18, P: P [O(n)]
  2: f18->f18, Q: Q [O(n)]
  2: f18->f18, R: R [O(n)]
  2: f18->f18, S: S [O(n)]
  2: f18->f18, T: T [O(n)]
  2: f18->f18, U: U [O(n)]
  2: f18->f18, V: V [O(n)]
  2: f18->f18, W: W [O(n)]
  2: f18->f18, X: -inf [Infinity]
  2: f18->f18, Y: -inf [Infinity]
  2: f18->f18, Z: -inf [Infinity]
  22: f18->f16, A: 1 [O(1)]
  22: f18->f16, A1: -inf [Infinity]
  22: f18->f16, B: X [O(n)]
  22: f18->f16, B1: -inf [Infinity]
  22: f18->f16, C: Y [O(n)]
  22: f18->f16, C1: -inf [Infinity]
  22: f18->f16, D: Z [O(n)]
  22: f18->f16, E: A1 [O(n)]
  22: f18->f16, F: B1 [O(n)]
  22: f18->f16, G: C1 [O(n)]
  22: f18->f16, H: H [O(n)]
  22: f18->f16, I: -inf [Infinity]
  22: f18->f16, J: J [O(n)]
  22: f18->f16, K: -inf [Infinity]
  22: f18->f16, L: L [O(n)]
  22: f18->f16, M: M [O(n)]
  22: f18->f16, N: N [O(n)]
  22: f18->f16, O: O [O(n)]
  22: f18->f16, P: P [O(n)]
  22: f18->f16, Q: Q [O(n)]
  22: f18->f16, R: R [O(n)]
  22: f18->f16, S: S [O(n)]
  22: f18->f16, T: T [O(n)]
  22: f18->f16, U: U [O(n)]
  22: f18->f16, V: V [O(n)]
  22: f18->f16, W: W [O(n)]
  22: f18->f16, X: -inf [Infinity]
  22: f18->f16, Y: -inf [Infinity]
  22: f18->f16, Z: -inf [Infinity]
  5: f28->f35, A: -max{-1, -A} [O(n)]
  5: f28->f35, A1: -inf [Infinity]
  5: f28->f35, B: X [O(n)]
  5: f28->f35, B1: -inf [Infinity]
  5: f28->f35, C: Y [O(n)]
  5: f28->f35, C1: -inf [Infinity]
  5: f28->f35, D: Z [O(n)]
  5: f28->f35, E: -inf [Infinity]
  5: f28->f35, F: B1 [O(n)]
  5: f28->f35, G: C1 [O(n)]
  5: f28->f35, H: H [O(n)]
  5: f28->f35, I: -inf [Infinity]
  5: f28->f35, J: J [O(n)]
  5: f28->f35, K: -inf [Infinity]
  5: f28->f35, L: -inf [Infinity]
  5: f28->f35, M: 2 [O(1)]
  5: f28->f35, N: 1 [O(1)]
  5: f28->f35, O: 0 [O(1)]
  5: f28->f35, P: P [O(n)]
  5: f28->f35, Q: -inf [Infinity]
  5: f28->f35, R: -inf [Infinity]
  5: f28->f35, S: -inf [Infinity]
  5: f28->f35, T: -inf [Infinity]
  5: f28->f35, U: -inf [Infinity]
  5: f28->f35, V: -inf [Infinity]
  5: f28->f35, W: W [O(n)]
  5: f28->f35, X: -inf [Infinity]
  5: f28->f35, Y: -inf [Infinity]
  5: f28->f35, Z: -inf [Infinity]
  6: f28->f35, A: -max{-1, -A} [O(n)]
  6: f28->f35, A1: -inf [Infinity]
  6: f28->f35, B: X [O(n)]
  6: f28->f35, B1: -inf [Infinity]
  6: f28->f35, C: Y [O(n)]
  6: f28->f35, C1: -inf [Infinity]
  6: f28->f35, D: Z [O(n)]
  6: f28->f35, E: -inf [Infinity]
  6: f28->f35, F: B1 [O(n)]
  6: f28->f35, G: C1 [O(n)]
  6: f28->f35, H: H [O(n)]
  6: f28->f35, I: 2 [O(1)]
  6: f28->f35, J: J [O(n)]
  6: f28->f35, K: -inf [Infinity]
  6: f28->f35, L: -inf [Infinity]
  6: f28->f35, M: 2 [O(1)]
  6: f28->f35, N: 1 [O(1)]
  6: f28->f35, O: 0 [O(1)]
  6: f28->f35, P: P [O(n)]
  6: f28->f35, Q: -inf [Infinity]
  6: f28->f35, R: -inf [Infinity]
  6: f28->f35, S: -inf [Infinity]
  6: f28->f35, T: -inf [Infinity]
  6: f28->f35, U: -inf [Infinity]
  6: f28->f35, V: -inf [Infinity]
  6: f28->f35, W: W [O(n)]
  6: f28->f35, X: -inf [Infinity]
  6: f28->f35, Y: -inf [Infinity]
  6: f28->f35, Z: -inf [Infinity]
  7: f28->f35, A: -max{-1, -A} [O(n)]
  7: f28->f35, A1: -inf [Infinity]
  7: f28->f35, B: X [O(n)]
  7: f28->f35, B1: -inf [Infinity]
  7: f28->f35, C: Y [O(n)]
  7: f28->f35, C1: -inf [Infinity]
  7: f28->f35, D: Z [O(n)]
  7: f28->f35, E: -inf [Infinity]
  7: f28->f35, F: B1 [O(n)]
  7: f28->f35, G: C1 [O(n)]
  7: f28->f35, H: H [O(n)]
  7: f28->f35, I: 1 [O(1)]
  7: f28->f35, J: J [O(n)]
  7: f28->f35, K: -inf [Infinity]
  7: f28->f35, L: -inf [Infinity]
  7: f28->f35, M: 1 [O(1)]
  7: f28->f35, N: 1 [O(1)]
  7: f28->f35, O: 0 [O(1)]
  7: f28->f35, P: P [O(n)]
  7: f28->f35, Q: -inf [Infinity]
  7: f28->f35, R: -inf [Infinity]
  7: f28->f35, S: -inf [Infinity]
  7: f28->f35, T: -inf [Infinity]
  7: f28->f35, U: -inf [Infinity]
  7: f28->f35, V: -inf [Infinity]
  7: f28->f35, W: W [O(n)]
  7: f28->f35, X: -inf [Infinity]
  7: f28->f35, Y: -inf [Infinity]
  7: f28->f35, Z: -inf [Infinity]
  19: f28->f76, A: -max{-1, -A} [O(n)]
  19: f28->f76, A1: -inf [Infinity]
  19: f28->f76, B: X [O(n)]
  19: f28->f76, B1: -inf [Infinity]
  19: f28->f76, C: Y [O(n)]
  19: f28->f76, C1: -inf [Infinity]
  19: f28->f76, D: Z [O(n)]
  19: f28->f76, E: -inf [Infinity]
  19: f28->f76, F: B1 [O(n)]
  19: f28->f76, G: C1 [O(n)]
  19: f28->f76, H: H [O(n)]
  19: f28->f76, I: 1+H [O(n)]
  19: f28->f76, J: J [O(n)]
  19: f28->f76, K: -inf [Infinity]
  19: f28->f76, L: -inf [Infinity]
  19: f28->f76, M: -max{-1, -M} [O(n)]
  19: f28->f76, N: -inf [Infinity]
  19: f28->f76, O: -inf [Infinity]
  19: f28->f76, P: P [O(n)]
  19: f28->f76, Q: -inf [Infinity]
  19: f28->f76, R: -inf [Infinity]
  19: f28->f76, S: -inf [Infinity]
  19: f28->f76, T: -inf [Infinity]
  19: f28->f76, U: -inf [Infinity]
  19: f28->f76, V: -inf [Infinity]
  19: f28->f76, W: W [O(n)]
  19: f28->f76, X: -inf [Infinity]
  19: f28->f76, Y: -inf [Infinity]
  19: f28->f76, Z: -inf [Infinity]
  20: f28->f76, A: 0 [O(1)]
  20: f28->f76, A1: -inf [Infinity]
  20: f28->f76, B: X [O(n)]
  20: f28->f76, B1: -inf [Infinity]
  20: f28->f76, C: Y [O(n)]
  20: f28->f76, C1: -inf [Infinity]
  20: f28->f76, D: Z [O(n)]
  20: f28->f76, E: -inf [Infinity]
  20: f28->f76, F: B1 [O(n)]
  20: f28->f76, G: C1 [O(n)]
  20: f28->f76, H: H [O(n)]
  20: f28->f76, I: 1+H [O(n)]
  20: f28->f76, J: J [O(n)]
  20: f28->f76, K: -inf [Infinity]
  20: f28->f76, L: -inf [Infinity]
  20: f28->f76, M: -max{-1, -M} [O(n)]
  20: f28->f76, N: -inf [Infinity]
  20: f28->f76, O: -inf [Infinity]
  20: f28->f76, P: P [O(n)]
  20: f28->f76, Q: -inf [Infinity]
  20: f28->f76, R: -inf [Infinity]
  20: f28->f76, S: -inf [Infinity]
  20: f28->f76, T: -inf [Infinity]
  20: f28->f76, U: -inf [Infinity]
  20: f28->f76, V: -inf [Infinity]
  20: f28->f76, W: W [O(n)]
  20: f28->f76, X: -inf [Infinity]
  20: f28->f76, Y: -inf [Infinity]
  20: f28->f76, Z: -inf [Infinity]
  21: f28->f76, A: -1 [O(1)]
  21: f28->f76, A1: -inf [Infinity]
  21: f28->f76, B: X [O(n)]
  21: f28->f76, B1: -inf [Infinity]
  21: f28->f76, C: Y [O(n)]
  21: f28->f76, C1: -inf [Infinity]
  21: f28->f76, D: Z [O(n)]
  21: f28->f76, E: -inf [Infinity]
  21: f28->f76, F: B1 [O(n)]
  21: f28->f76, G: C1 [O(n)]
  21: f28->f76, H: H [O(n)]
  21: f28->f76, I: 1+H [O(n)]
  21: f28->f76, J: J [O(n)]
  21: f28->f76, K: -inf [Infinity]
  21: f28->f76, L: -inf [Infinity]
  21: f28->f76, M: -max{-1, -M} [O(n)]
  21: f28->f76, N: -inf [Infinity]
  21: f28->f76, O: -inf [Infinity]
  21: f28->f76, P: P [O(n)]
  21: f28->f76, Q: -inf [Infinity]
  21: f28->f76, R: -inf [Infinity]
  21: f28->f76, S: -inf [Infinity]
  21: f28->f76, T: -inf [Infinity]
  21: f28->f76, U: -inf [Infinity]
  21: f28->f76, V: -inf [Infinity]
  21: f28->f76, W: W [O(n)]
  21: f28->f76, X: -inf [Infinity]
  21: f28->f76, Y: -inf [Infinity]
  21: f28->f76, Z: -inf [Infinity]
  8: f35->f37, A: -max{-1, -A} [O(n)]
  8: f35->f37, A1: -inf [Infinity]
  8: f35->f37, B: X [O(n)]
  8: f35->f37, B1: -inf [Infinity]
  8: f35->f37, C: Y [O(n)]
  8: f35->f37, C1: -inf [Infinity]
  8: f35->f37, D: Z [O(n)]
  8: f35->f37, E: -inf [Infinity]
  8: f35->f37, F: B1 [O(n)]
  8: f35->f37, G: C1 [O(n)]
  8: f35->f37, H: H [O(n)]
  8: f35->f37, I: -inf [Infinity]
  8: f35->f37, J: J [O(n)]
  8: f35->f37, K: -inf [Infinity]
  8: f35->f37, L: -inf [Infinity]
  8: f35->f37, M: 1 [O(1)]
  8: f35->f37, N: -inf [Infinity]
  8: f35->f37, O: -inf [Infinity]
  8: f35->f37, P: P [O(n)]
  8: f35->f37, Q: -inf [Infinity]
  8: f35->f37, R: -inf [Infinity]
  8: f35->f37, S: -inf [Infinity]
  8: f35->f37, T: -inf [Infinity]
  8: f35->f37, U: -inf [Infinity]
  8: f35->f37, V: -inf [Infinity]
  8: f35->f37, W: W [O(n)]
  8: f35->f37, X: -inf [Infinity]
  8: f35->f37, Y: -inf [Infinity]
  8: f35->f37, Z: -inf [Infinity]
  18: f35->f28, A: -max{-1, -A} [O(n)]
  18: f35->f28, A1: -inf [Infinity]
  18: f35->f28, B: X [O(n)]
  18: f35->f28, B1: -inf [Infinity]
  18: f35->f28, C: Y [O(n)]
  18: f35->f28, C1: -inf [Infinity]
  18: f35->f28, D: Z [O(n)]
  18: f35->f28, E: -inf [Infinity]
  18: f35->f28, F: B1 [O(n)]
  18: f35->f28, G: C1 [O(n)]
  18: f35->f28, H: H [O(n)]
  18: f35->f28, I: -inf [Infinity]
  18: f35->f28, J: J [O(n)]
  18: f35->f28, K: -inf [Infinity]
  18: f35->f28, L: -inf [Infinity]
  18: f35->f28, M: 1 [O(1)]
  18: f35->f28, N: -inf [Infinity]
  18: f35->f28, O: -inf [Infinity]
  18: f35->f28, P: P [O(n)]
  18: f35->f28, Q: -inf [Infinity]
  18: f35->f28, R: -inf [Infinity]
  18: f35->f28, S: -inf [Infinity]
  18: f35->f28, T: -inf [Infinity]
  18: f35->f28, U: -inf [Infinity]
  18: f35->f28, V: -inf [Infinity]
  18: f35->f28, W: W [O(n)]
  18: f35->f28, X: -inf [Infinity]
  18: f35->f28, Y: -inf [Infinity]
  18: f35->f28, Z: -inf [Infinity]
  9: f37->f52, A: -max{-1, -A} [O(n)]
  9: f37->f52, A1: -inf [Infinity]
  9: f37->f52, B: X [O(n)]
  9: f37->f52, B1: -inf [Infinity]
  9: f37->f52, C: Y [O(n)]
  9: f37->f52, C1: -inf [Infinity]
  9: f37->f52, D: Z [O(n)]
  9: f37->f52, E: -inf [Infinity]
  9: f37->f52, F: B1 [O(n)]
  9: f37->f52, G: C1 [O(n)]
  9: f37->f52, H: H [O(n)]
  9: f37->f52, I: -inf [Infinity]
  9: f37->f52, J: J [O(n)]
  9: f37->f52, K: -inf [Infinity]
  9: f37->f52, L: -inf [Infinity]
  9: f37->f52, M: 1 [O(1)]
  9: f37->f52, N: -inf [Infinity]
  9: f37->f52, O: -inf [Infinity]
  9: f37->f52, P: P [O(n)]
  9: f37->f52, Q: -inf [Infinity]
  9: f37->f52, R: -inf [Infinity]
  9: f37->f52, S: -inf [Infinity]
  9: f37->f52, T: -inf [Infinity]
  9: f37->f52, U: -inf [Infinity]
  9: f37->f52, V: -inf [Infinity]
  9: f37->f52, W: W [O(n)]
  9: f37->f52, X: -inf [Infinity]
  9: f37->f52, Y: -inf [Infinity]
  9: f37->f52, Z: -inf [Infinity]
  10: f37->f52, A: -max{-1, -A} [O(n)]
  10: f37->f52, A1: -inf [Infinity]
  10: f37->f52, B: X [O(n)]
  10: f37->f52, B1: -inf [Infinity]
  10: f37->f52, C: Y [O(n)]
  10: f37->f52, C1: -inf [Infinity]
  10: f37->f52, D: Z [O(n)]
  10: f37->f52, E: -inf [Infinity]
  10: f37->f52, F: B1 [O(n)]
  10: f37->f52, G: C1 [O(n)]
  10: f37->f52, H: H [O(n)]
  10: f37->f52, I: -inf [Infinity]
  10: f37->f52, J: J [O(n)]
  10: f37->f52, K: -inf [Infinity]
  10: f37->f52, L: -inf [Infinity]
  10: f37->f52, M: 1 [O(1)]
  10: f37->f52, N: -inf [Infinity]
  10: f37->f52, O: -inf [Infinity]
  10: f37->f52, P: P [O(n)]
  10: f37->f52, Q: -inf [Infinity]
  10: f37->f52, R: -inf [Infinity]
  10: f37->f52, S: -inf [Infinity]
  10: f37->f52, T: -inf [Infinity]
  10: f37->f52, U: -inf [Infinity]
  10: f37->f52, V: -inf [Infinity]
  10: f37->f52, W: W [O(n)]
  10: f37->f52, X: -inf [Infinity]
  10: f37->f52, Y: -inf [Infinity]
  10: f37->f52, Z: -inf [Infinity]
  11: f37->f37, A: -max{-1, -A} [O(n)]
  11: f37->f37, A1: -inf [Infinity]
  11: f37->f37, B: X [O(n)]
  11: f37->f37, B1: -inf [Infinity]
  11: f37->f37, C: Y [O(n)]
  11: f37->f37, C1: -inf [Infinity]
  11: f37->f37, D: Z [O(n)]
  11: f37->f37, E: -inf [Infinity]
  11: f37->f37, F: B1 [O(n)]
  11: f37->f37, G: C1 [O(n)]
  11: f37->f37, H: H [O(n)]
  11: f37->f37, I: -inf [Infinity]
  11: f37->f37, J: J [O(n)]
  11: f37->f37, K: -inf [Infinity]
  11: f37->f37, L: -inf [Infinity]
  11: f37->f37, M: 1 [O(1)]
  11: f37->f37, N: -inf [Infinity]
  11: f37->f37, O: -inf [Infinity]
  11: f37->f37, P: P [O(n)]
  11: f37->f37, Q: 1 [O(1)]
  11: f37->f37, R: -inf [Infinity]
  11: f37->f37, S: -inf [Infinity]
  11: f37->f37, T: -inf [Infinity]
  11: f37->f37, U: -inf [Infinity]
  11: f37->f37, V: -inf [Infinity]
  11: f37->f37, W: W [O(n)]
  11: f37->f37, X: -inf [Infinity]
  11: f37->f37, Y: -inf [Infinity]
  11: f37->f37, Z: -inf [Infinity]
  12: f37->f37, A: -max{-1, -A} [O(n)]
  12: f37->f37, A1: -inf [Infinity]
  12: f37->f37, B: X [O(n)]
  12: f37->f37, B1: -inf [Infinity]
  12: f37->f37, C: Y [O(n)]
  12: f37->f37, C1: -inf [Infinity]
  12: f37->f37, D: Z [O(n)]
  12: f37->f37, E: -inf [Infinity]
  12: f37->f37, F: B1 [O(n)]
  12: f37->f37, G: C1 [O(n)]
  12: f37->f37, H: H [O(n)]
  12: f37->f37, I: -inf [Infinity]
  12: f37->f37, J: J [O(n)]
  12: f37->f37, K: 3 [O(1)]
  12: f37->f37, L: -inf [Infinity]
  12: f37->f37, M: 1 [O(1)]
  12: f37->f37, N: -inf [Infinity]
  12: f37->f37, O: -inf [Infinity]
  12: f37->f37, P: P [O(n)]
  12: f37->f37, Q: 1 [O(1)]
  12: f37->f37, R: -inf [Infinity]
  12: f37->f37, S: -inf [Infinity]
  12: f37->f37, T: -inf [Infinity]
  12: f37->f37, U: -inf [Infinity]
  12: f37->f37, V: -inf [Infinity]
  12: f37->f37, W: W [O(n)]
  12: f37->f37, X: -inf [Infinity]
  12: f37->f37, Y: -inf [Infinity]
  12: f37->f37, Z: -inf [Infinity]
  13: f37->f37, A: -max{-1, -A} [O(n)]
  13: f37->f37, A1: -inf [Infinity]
  13: f37->f37, B: X [O(n)]
  13: f37->f37, B1: -inf [Infinity]
  13: f37->f37, C: Y [O(n)]
  13: f37->f37, C1: -inf [Infinity]
  13: f37->f37, D: Z [O(n)]
  13: f37->f37, E: -inf [Infinity]
  13: f37->f37, F: B1 [O(n)]
  13: f37->f37, G: C1 [O(n)]
  13: f37->f37, H: H [O(n)]
  13: f37->f37, I: -inf [Infinity]
  13: f37->f37, J: J [O(n)]
  13: f37->f37, K: 2 [O(1)]
  13: f37->f37, L: 1 [O(1)]
  13: f37->f37, M: 1 [O(1)]
  13: f37->f37, N: -inf [Infinity]
  13: f37->f37, O: -inf [Infinity]
  13: f37->f37, P: P [O(n)]
  13: f37->f37, Q: 1 [O(1)]
  13: f37->f37, R: -inf [Infinity]
  13: f37->f37, S: -inf [Infinity]
  13: f37->f37, T: -inf [Infinity]
  13: f37->f37, U: -inf [Infinity]
  13: f37->f37, V: -inf [Infinity]
  13: f37->f37, W: W [O(n)]
  13: f37->f37, X: -inf [Infinity]
  13: f37->f37, Y: -inf [Infinity]
  13: f37->f37, Z: -inf [Infinity]
  17: f37->f35, A: -max{-1, -A} [O(n)]
  17: f37->f35, A1: -inf [Infinity]
  17: f37->f35, B: X [O(n)]
  17: f37->f35, B1: -inf [Infinity]
  17: f37->f35, C: Y [O(n)]
  17: f37->f35, C1: -inf [Infinity]
  17: f37->f35, D: Z [O(n)]
  17: f37->f35, E: -inf [Infinity]
  17: f37->f35, F: B1 [O(n)]
  17: f37->f35, G: C1 [O(n)]
  17: f37->f35, H: H [O(n)]
  17: f37->f35, I: -inf [Infinity]
  17: f37->f35, J: J [O(n)]
  17: f37->f35, K: -inf [Infinity]
  17: f37->f35, L: -inf [Infinity]
  17: f37->f35, M: 1 [O(1)]
  17: f37->f35, N: -inf [Infinity]
  17: f37->f35, O: -inf [Infinity]
  17: f37->f35, P: P [O(n)]
  17: f37->f35, Q: -inf [Infinity]
  17: f37->f35, R: -inf [Infinity]
  17: f37->f35, S: -inf [Infinity]
  17: f37->f35, T: -inf [Infinity]
  17: f37->f35, U: -inf [Infinity]
  17: f37->f35, V: -inf [Infinity]
  17: f37->f35, W: W [O(n)]
  17: f37->f35, X: -inf [Infinity]
  17: f37->f35, Y: -inf [Infinity]
  17: f37->f35, Z: -inf [Infinity]
  14: f52->f37, A: -max{-1, -A} [O(n)]
  14: f52->f37, A1: -inf [Infinity]
  14: f52->f37, B: X [O(n)]
  14: f52->f37, B1: -inf [Infinity]
  14: f52->f37, C: Y [O(n)]
  14: f52->f37, C1: -inf [Infinity]
  14: f52->f37, D: Z [O(n)]
  14: f52->f37, E: -inf [Infinity]
  14: f52->f37, F: B1 [O(n)]
  14: f52->f37, G: C1 [O(n)]
  14: f52->f37, H: H [O(n)]
  14: f52->f37, I: -inf [Infinity]
  14: f52->f37, J: J [O(n)]
  14: f52->f37, K: -inf [Infinity]
  14: f52->f37, L: 2 [O(1)]
  14: f52->f37, M: 1 [O(1)]
  14: f52->f37, N: -inf [Infinity]
  14: f52->f37, O: -inf [Infinity]
  14: f52->f37, P: P [O(n)]
  14: f52->f37, Q: -inf [Infinity]
  14: f52->f37, R: -inf [Infinity]
  14: f52->f37, S: -inf [Infinity]
  14: f52->f37, T: -inf [Infinity]
  14: f52->f37, U: -inf [Infinity]
  14: f52->f37, V: -inf [Infinity]
  14: f52->f37, W: W [O(n)]
  14: f52->f37, X: -inf [Infinity]
  14: f52->f37, Y: -inf [Infinity]
  14: f52->f37, Z: -inf [Infinity]
  15: f52->f37, A: -max{-1, -A} [O(n)]
  15: f52->f37, A1: -inf [Infinity]
  15: f52->f37, B: X [O(n)]
  15: f52->f37, B1: -inf [Infinity]
  15: f52->f37, C: Y [O(n)]
  15: f52->f37, C1: -inf [Infinity]
  15: f52->f37, D: Z [O(n)]
  15: f52->f37, E: -inf [Infinity]
  15: f52->f37, F: B1 [O(n)]
  15: f52->f37, G: C1 [O(n)]
  15: f52->f37, H: H [O(n)]
  15: f52->f37, I: -inf [Infinity]
  15: f52->f37, J: J [O(n)]
  15: f52->f37, K: 3 [O(1)]
  15: f52->f37, L: 2 [O(1)]
  15: f52->f37, M: 1 [O(1)]
  15: f52->f37, N: -inf [Infinity]
  15: f52->f37, O: -inf [Infinity]
  15: f52->f37, P: P [O(n)]
  15: f52->f37, Q: -inf [Infinity]
  15: f52->f37, R: -inf [Infinity]
  15: f52->f37, S: -inf [Infinity]
  15: f52->f37, T: -inf [Infinity]
  15: f52->f37, U: -inf [Infinity]
  15: f52->f37, V: -inf [Infinity]
  15: f52->f37, W: W [O(n)]
  15: f52->f37, X: -inf [Infinity]
  15: f52->f37, Y: -inf [Infinity]
  15: f52->f37, Z: -inf [Infinity]
  16: f52->f37, A: -max{-1, -A} [O(n)]
  16: f52->f37, A1: -inf [Infinity]
  16: f52->f37, B: X [O(n)]
  16: f52->f37, B1: -inf [Infinity]
  16: f52->f37, C: Y [O(n)]
  16: f52->f37, C1: -inf [Infinity]
  16: f52->f37, D: Z [O(n)]
  16: f52->f37, E: -inf [Infinity]
  16: f52->f37, F: B1 [O(n)]
  16: f52->f37, G: C1 [O(n)]
  16: f52->f37, H: H [O(n)]
  16: f52->f37, I: -inf [Infinity]
  16: f52->f37, J: J [O(n)]
  16: f52->f37, K: 2 [O(1)]
  16: f52->f37, L: 1 [O(1)]
  16: f52->f37, M: 1 [O(1)]
  16: f52->f37, N: -inf [Infinity]
  16: f52->f37, O: -inf [Infinity]
  16: f52->f37, P: P [O(n)]
  16: f52->f37, Q: -inf [Infinity]
  16: f52->f37, R: -inf [Infinity]
  16: f52->f37, S: -inf [Infinity]
  16: f52->f37, T: -inf [Infinity]
  16: f52->f37, U: -inf [Infinity]
  16: f52->f37, V: -inf [Infinity]
  16: f52->f37, W: W [O(n)]
  16: f52->f37, X: -inf [Infinity]
  16: f52->f37, Y: -inf [Infinity]
  16: f52->f37, Z: -inf [Infinity]
`Upper:
  0: f0->f16, A: 1 [O(1)]
  0: f0->f16, A1: inf [Infinity]
  0: f0->f16, B: X [O(n)]
  0: f0->f16, B1: inf [Infinity]
  0: f0->f16, C: Y [O(n)]
  0: f0->f16, C1: inf [Infinity]
  0: f0->f16, D: Z [O(n)]
  0: f0->f16, E: A1 [O(n)]
  0: f0->f16, F: B1 [O(n)]
  0: f0->f16, G: C1 [O(n)]
  0: f0->f16, H: H [O(n)]
  0: f0->f16, I: I [O(n)]
  0: f0->f16, J: J [O(n)]
  0: f0->f16, K: K [O(n)]
  0: f0->f16, L: L [O(n)]
  0: f0->f16, M: M [O(n)]
  0: f0->f16, N: N [O(n)]
  0: f0->f16, O: O [O(n)]
  0: f0->f16, P: P [O(n)]
  0: f0->f16, Q: Q [O(n)]
  0: f0->f16, R: R [O(n)]
  0: f0->f16, S: S [O(n)]
  0: f0->f16, T: T [O(n)]
  0: f0->f16, U: U [O(n)]
  0: f0->f16, V: V [O(n)]
  0: f0->f16, W: W [O(n)]
  0: f0->f16, X: inf [Infinity]
  0: f0->f16, Y: inf [Infinity]
  0: f0->f16, Z: inf [Infinity]
  3: f0->f28, A: 0 [O(1)]
  3: f0->f28, A1: inf [Infinity]
  3: f0->f28, B: X [O(n)]
  3: f0->f28, B1: inf [Infinity]
  3: f0->f28, C: Y [O(n)]
  3: f0->f28, C1: inf [Infinity]
  3: f0->f28, D: Z [O(n)]
  3: f0->f28, E: A1 [O(n)]
  3: f0->f28, F: B1 [O(n)]
  3: f0->f28, G: C1 [O(n)]
  3: f0->f28, H: H [O(n)]
  3: f0->f28, I: I [O(n)]
  3: f0->f28, J: J [O(n)]
  3: f0->f28, K: K [O(n)]
  3: f0->f28, L: L [O(n)]
  3: f0->f28, M: M [O(n)]
  3: f0->f28, N: N [O(n)]
  3: f0->f28, O: O [O(n)]
  3: f0->f28, P: P [O(n)]
  3: f0->f28, Q: Q [O(n)]
  3: f0->f28, R: R [O(n)]
  3: f0->f28, S: S [O(n)]
  3: f0->f28, T: T [O(n)]
  3: f0->f28, U: U [O(n)]
  3: f0->f28, V: V [O(n)]
  3: f0->f28, W: W [O(n)]
  3: f0->f28, X: inf [Infinity]
  3: f0->f28, Y: inf [Infinity]
  3: f0->f28, Z: inf [Infinity]
  4: f0->f28, A: A [O(n)]
  4: f0->f28, A1: inf [Infinity]
  4: f0->f28, B: X [O(n)]
  4: f0->f28, B1: inf [Infinity]
  4: f0->f28, C: Y [O(n)]
  4: f0->f28, C1: inf [Infinity]
  4: f0->f28, D: Z [O(n)]
  4: f0->f28, E: A1 [O(n)]
  4: f0->f28, F: B1 [O(n)]
  4: f0->f28, G: C1 [O(n)]
  4: f0->f28, H: H [O(n)]
  4: f0->f28, I: I [O(n)]
  4: f0->f28, J: J [O(n)]
  4: f0->f28, K: K [O(n)]
  4: f0->f28, L: L [O(n)]
  4: f0->f28, M: M [O(n)]
  4: f0->f28, N: N [O(n)]
  4: f0->f28, O: O [O(n)]
  4: f0->f28, P: P [O(n)]
  4: f0->f28, Q: Q [O(n)]
  4: f0->f28, R: R [O(n)]
  4: f0->f28, S: S [O(n)]
  4: f0->f28, T: T [O(n)]
  4: f0->f28, U: U [O(n)]
  4: f0->f28, V: V [O(n)]
  4: f0->f28, W: W [O(n)]
  4: f0->f28, X: inf [Infinity]
  4: f0->f28, Y: inf [Infinity]
  4: f0->f28, Z: inf [Infinity]
  1: f16->f18, A: 1 [O(1)]
  1: f16->f18, A1: inf [Infinity]
  1: f16->f18, B: X [O(n)]
  1: f16->f18, B1: inf [Infinity]
  1: f16->f18, C: Y [O(n)]
  1: f16->f18, C1: inf [Infinity]
  1: f16->f18, D: Z [O(n)]
  1: f16->f18, E: A1 [O(n)]
  1: f16->f18, F: B1 [O(n)]
  1: f16->f18, G: C1 [O(n)]
  1: f16->f18, H: H [O(n)]
  1: f16->f18, I: H [O(n)]
  1: f16->f18, J: J [O(n)]
  1: f16->f18, K: max{K, 1+J} [O(n)]
  1: f16->f18, L: L+max{0, 2*(1+J-K)} [O(n)]
  1: f16->f18, M: M [O(n)]
  1: f16->f18, N: N [O(n)]
  1: f16->f18, O: O [O(n)]
  1: f16->f18, P: P [O(n)]
  1: f16->f18, Q: Q [O(n)]
  1: f16->f18, R: R [O(n)]
  1: f16->f18, S: S [O(n)]
  1: f16->f18, T: T [O(n)]
  1: f16->f18, U: U [O(n)]
  1: f16->f18, V: V [O(n)]
  1: f16->f18, W: W [O(n)]
  1: f16->f18, X: inf [Infinity]
  1: f16->f18, Y: inf [Infinity]
  1: f16->f18, Z: inf [Infinity]
  23: f16->f28, A: 1 [O(1)]
  23: f16->f28, A1: inf [Infinity]
  23: f16->f28, B: X [O(n)]
  23: f16->f28, B1: inf [Infinity]
  23: f16->f28, C: Y [O(n)]
  23: f16->f28, C1: inf [Infinity]
  23: f16->f28, D: Z [O(n)]
  23: f16->f28, E: A1 [O(n)]
  23: f16->f28, F: B1 [O(n)]
  23: f16->f28, G: C1 [O(n)]
  23: f16->f28, H: H [O(n)]
  23: f16->f28, I: max{I, 1+H} [O(n)]
  23: f16->f28, J: J [O(n)]
  23: f16->f28, K: max{K, 1+J} [O(n)]
  23: f16->f28, L: max{L, L+max{0, 2*(1+J-K)}} [O(n)]
  23: f16->f28, M: M [O(n)]
  23: f16->f28, N: N [O(n)]
  23: f16->f28, O: O [O(n)]
  23: f16->f28, P: P [O(n)]
  23: f16->f28, Q: Q [O(n)]
  23: f16->f28, R: R [O(n)]
  23: f16->f28, S: S [O(n)]
  23: f16->f28, T: T [O(n)]
  23: f16->f28, U: U [O(n)]
  23: f16->f28, V: V [O(n)]
  23: f16->f28, W: W [O(n)]
  23: f16->f28, X: inf [Infinity]
  23: f16->f28, Y: inf [Infinity]
  23: f16->f28, Z: inf [Infinity]
  2: f18->f18, A: 1 [O(1)]
  2: f18->f18, A1: inf [Infinity]
  2: f18->f18, B: X [O(n)]
  2: f18->f18, B1: inf [Infinity]
  2: f18->f18, C: Y [O(n)]
  2: f18->f18, C1: inf [Infinity]
  2: f18->f18, D: Z [O(n)]
  2: f18->f18, E: A1 [O(n)]
  2: f18->f18, F: B1 [O(n)]
  2: f18->f18, G: C1 [O(n)]
  2: f18->f18, H: H [O(n)]
  2: f18->f18, I: H [O(n)]
  2: f18->f18, J: J [O(n)]
  2: f18->f18, K: 1+J [O(n)]
  2: f18->f18, L: L+max{0, 2*(1+J-K)} [O(n)]
  2: f18->f18, M: M [O(n)]
  2: f18->f18, N: N [O(n)]
  2: f18->f18, O: O [O(n)]
  2: f18->f18, P: P [O(n)]
  2: f18->f18, Q: Q [O(n)]
  2: f18->f18, R: R [O(n)]
  2: f18->f18, S: S [O(n)]
  2: f18->f18, T: T [O(n)]
  2: f18->f18, U: U [O(n)]
  2: f18->f18, V: V [O(n)]
  2: f18->f18, W: W [O(n)]
  2: f18->f18, X: inf [Infinity]
  2: f18->f18, Y: inf [Infinity]
  2: f18->f18, Z: inf [Infinity]
  22: f18->f16, A: 1 [O(1)]
  22: f18->f16, A1: inf [Infinity]
  22: f18->f16, B: X [O(n)]
  22: f18->f16, B1: inf [Infinity]
  22: f18->f16, C: Y [O(n)]
  22: f18->f16, C1: inf [Infinity]
  22: f18->f16, D: Z [O(n)]
  22: f18->f16, E: A1 [O(n)]
  22: f18->f16, F: B1 [O(n)]
  22: f18->f16, G: C1 [O(n)]
  22: f18->f16, H: H [O(n)]
  22: f18->f16, I: 1+H [O(n)]
  22: f18->f16, J: J [O(n)]
  22: f18->f16, K: max{K, 1+J} [O(n)]
  22: f18->f16, L: L+max{0, 2*(1+J-K)} [O(n)]
  22: f18->f16, M: M [O(n)]
  22: f18->f16, N: N [O(n)]
  22: f18->f16, O: O [O(n)]
  22: f18->f16, P: P [O(n)]
  22: f18->f16, Q: Q [O(n)]
  22: f18->f16, R: R [O(n)]
  22: f18->f16, S: S [O(n)]
  22: f18->f16, T: T [O(n)]
  22: f18->f16, U: U [O(n)]
  22: f18->f16, V: V [O(n)]
  22: f18->f16, W: W [O(n)]
  22: f18->f16, X: inf [Infinity]
  22: f18->f16, Y: inf [Infinity]
  22: f18->f16, Z: inf [Infinity]
  5: f28->f35, A: max{1, A} [O(n)]
  5: f28->f35, A1: inf [Infinity]
  5: f28->f35, B: X [O(n)]
  5: f28->f35, B1: inf [Infinity]
  5: f28->f35, C: Y [O(n)]
  5: f28->f35, C1: inf [Infinity]
  5: f28->f35, D: Z [O(n)]
  5: f28->f35, E: inf [Infinity]
  5: f28->f35, F: B1 [O(n)]
  5: f28->f35, G: C1 [O(n)]
  5: f28->f35, H: H [O(n)]
  5: f28->f35, I: 0 [O(1)]
  5: f28->f35, J: J [O(n)]
  5: f28->f35, K: max{2, K, max{K, K, max{K, K, max{K, K, max{K, K, 1+J}}}}} [O(n)]
  5: f28->f35, L: inf [Infinity]
  5: f28->f35, M: inf [Infinity]
  5: f28->f35, N: 1 [O(1)]
  5: f28->f35, O: 0 [O(1)]
  5: f28->f35, P: P [O(n)]
  5: f28->f35, Q: max{2, Q, max{Q, Q, max{Q, Q, max{Q, Q, max{Q, Q, 1+P}}}}} [O(n)]
  5: f28->f35, R: inf [Infinity]
  5: f28->f35, S: inf [Infinity]
  5: f28->f35, T: inf [Infinity]
  5: f28->f35, U: inf [Infinity]
  5: f28->f35, V: inf [Infinity]
  5: f28->f35, W: W+2*(2*max{0, 1-Q+2*P}+max{0, 1-Q+2*P}) [O(n)]
  5: f28->f35, X: inf [Infinity]
  5: f28->f35, Y: inf [Infinity]
  5: f28->f35, Z: inf [Infinity]
  6: f28->f35, A: max{1, A} [O(n)]
  6: f28->f35, A1: inf [Infinity]
  6: f28->f35, B: X [O(n)]
  6: f28->f35, B1: inf [Infinity]
  6: f28->f35, C: Y [O(n)]
  6: f28->f35, C1: inf [Infinity]
  6: f28->f35, D: Z [O(n)]
  6: f28->f35, E: inf [Infinity]
  6: f28->f35, F: B1 [O(n)]
  6: f28->f35, G: C1 [O(n)]
  6: f28->f35, H: H [O(n)]
  6: f28->f35, I: H [O(n)]
  6: f28->f35, J: J [O(n)]
  6: f28->f35, K: max{2, K, max{K, K, max{K, K, max{K, K, max{K, K, 1+J}}}}} [O(n)]
  6: f28->f35, L: inf [Infinity]
  6: f28->f35, M: H [O(n)]
  6: f28->f35, N: 1 [O(1)]
  6: f28->f35, O: 0 [O(1)]
  6: f28->f35, P: P [O(n)]
  6: f28->f35, Q: max{2, Q, max{Q, Q, max{Q, Q, max{Q, Q, max{Q, Q, 1+P}}}}} [O(n)]
  6: f28->f35, R: inf [Infinity]
  6: f28->f35, S: inf [Infinity]
  6: f28->f35, T: inf [Infinity]
  6: f28->f35, U: inf [Infinity]
  6: f28->f35, V: inf [Infinity]
  6: f28->f35, W: W+2*(2*max{0, 1-Q+2*P}+max{0, 1-Q+2*P}) [O(n)]
  6: f28->f35, X: inf [Infinity]
  6: f28->f35, Y: inf [Infinity]
  6: f28->f35, Z: inf [Infinity]
  7: f28->f35, A: max{1, A} [O(n)]
  7: f28->f35, A1: inf [Infinity]
  7: f28->f35, B: X [O(n)]
  7: f28->f35, B1: inf [Infinity]
  7: f28->f35, C: Y [O(n)]
  7: f28->f35, C1: inf [Infinity]
  7: f28->f35, D: Z [O(n)]
  7: f28->f35, E: inf [Infinity]
  7: f28->f35, F: B1 [O(n)]
  7: f28->f35, G: C1 [O(n)]
  7: f28->f35, H: H [O(n)]
  7: f28->f35, I: 1 [O(1)]
  7: f28->f35, J: J [O(n)]
  7: f28->f35, K: max{2, K, max{K, K, max{K, K, max{K, K, max{K, K, 1+J}}}}} [O(n)]
  7: f28->f35, L: inf [Infinity]
  7: f28->f35, M: 1 [O(1)]
  7: f28->f35, N: 1 [O(1)]
  7: f28->f35, O: 0 [O(1)]
  7: f28->f35, P: P [O(n)]
  7: f28->f35, Q: max{2, Q, max{Q, Q, max{Q, Q, max{Q, Q, max{Q, Q, 1+P}}}}} [O(n)]
  7: f28->f35, R: inf [Infinity]
  7: f28->f35, S: inf [Infinity]
  7: f28->f35, T: inf [Infinity]
  7: f28->f35, U: inf [Infinity]
  7: f28->f35, V: inf [Infinity]
  7: f28->f35, W: W+2*(2*max{0, 1-Q+2*P}+max{0, 1-Q+2*P}) [O(n)]
  7: f28->f35, X: inf [Infinity]
  7: f28->f35, Y: inf [Infinity]
  7: f28->f35, Z: inf [Infinity]
  19: f28->f76, A: -2 [O(1)]
  19: f28->f76, A1: inf [Infinity]
  19: f28->f76, B: X [O(n)]
  19: f28->f76, B1: inf [Infinity]
  19: f28->f76, C: Y [O(n)]
  19: f28->f76, C1: inf [Infinity]
  19: f28->f76, D: Z [O(n)]
  19: f28->f76, E: inf [Infinity]
  19: f28->f76, F: B1 [O(n)]
  19: f28->f76, G: C1 [O(n)]
  19: f28->f76, H: H [O(n)]
  19: f28->f76, I: max{I, 1+H} [O(n)]
  19: f28->f76, J: J [O(n)]
  19: f28->f76, K: max{2, K, max{K, K, max{K, K, max{K, K, max{K, K, max{K, K, max{K, 1+J}}}}}}} [O(n)]
  19: f28->f76, L: inf [Infinity]
  19: f28->f76, M: inf [Infinity]
  19: f28->f76, N: inf [Infinity]
  19: f28->f76, O: inf [Infinity]
  19: f28->f76, P: P [O(n)]
  19: f28->f76, Q: max{2, Q, max{Q, Q, max{Q, Q, max{Q, Q, max{Q, Q, max{Q, Q, max{Q, 1+P}}}}}}} [O(n)]
  19: f28->f76, R: inf [Infinity]
  19: f28->f76, S: inf [Infinity]
  19: f28->f76, T: inf [Infinity]
  19: f28->f76, U: inf [Infinity]
  19: f28->f76, V: inf [Infinity]
  19: f28->f76, W: max{W, W+2*(2*max{0, 1-Q+2*P}+max{0, 1-Q+2*P})} [O(n)]
  19: f28->f76, X: inf [Infinity]
  19: f28->f76, Y: inf [Infinity]
  19: f28->f76, Z: inf [Infinity]
  20: f28->f76, A: max{1, A} [O(n)]
  20: f28->f76, A1: inf [Infinity]
  20: f28->f76, B: X [O(n)]
  20: f28->f76, B1: inf [Infinity]
  20: f28->f76, C: Y [O(n)]
  20: f28->f76, C1: inf [Infinity]
  20: f28->f76, D: Z [O(n)]
  20: f28->f76, E: inf [Infinity]
  20: f28->f76, F: B1 [O(n)]
  20: f28->f76, G: C1 [O(n)]
  20: f28->f76, H: H [O(n)]
  20: f28->f76, I: max{I, 1+H} [O(n)]
  20: f28->f76, J: J [O(n)]
  20: f28->f76, K: max{2, K, max{K, K, max{K, K, max{K, K, max{K, K, max{K, K, max{K, 1+J}}}}}}} [O(n)]
  20: f28->f76, L: inf [Infinity]
  20: f28->f76, M: inf [Infinity]
  20: f28->f76, N: inf [Infinity]
  20: f28->f76, O: inf [Infinity]
  20: f28->f76, P: P [O(n)]
  20: f28->f76, Q: max{2, Q, max{Q, Q, max{Q, Q, max{Q, Q, max{Q, Q, max{Q, Q, max{Q, 1+P}}}}}}} [O(n)]
  20: f28->f76, R: inf [Infinity]
  20: f28->f76, S: inf [Infinity]
  20: f28->f76, T: inf [Infinity]
  20: f28->f76, U: inf [Infinity]
  20: f28->f76, V: inf [Infinity]
  20: f28->f76, W: max{W, W+2*(2*max{0, 1-Q+2*P}+max{0, 1-Q+2*P})} [O(n)]
  20: f28->f76, X: inf [Infinity]
  20: f28->f76, Y: inf [Infinity]
  20: f28->f76, Z: inf [Infinity]
  21: f28->f76, A: -1 [O(1)]
  21: f28->f76, A1: inf [Infinity]
  21: f28->f76, B: X [O(n)]
  21: f28->f76, B1: inf [Infinity]
  21: f28->f76, C: Y [O(n)]
  21: f28->f76, C1: inf [Infinity]
  21: f28->f76, D: Z [O(n)]
  21: f28->f76, E: inf [Infinity]
  21: f28->f76, F: B1 [O(n)]
  21: f28->f76, G: C1 [O(n)]
  21: f28->f76, H: H [O(n)]
  21: f28->f76, I: max{I, 1+H} [O(n)]
  21: f28->f76, J: J [O(n)]
  21: f28->f76, K: max{2, K, max{K, K, max{K, K, max{K, K, max{K, K, max{K, K, max{K, 1+J}}}}}}} [O(n)]
  21: f28->f76, L: inf [Infinity]
  21: f28->f76, M: inf [Infinity]
  21: f28->f76, N: inf [Infinity]
  21: f28->f76, O: inf [Infinity]
  21: f28->f76, P: P [O(n)]
  21: f28->f76, Q: max{2, Q, max{Q, Q, max{Q, Q, max{Q, Q, max{Q, Q, max{Q, Q, max{Q, 1+P}}}}}}} [O(n)]
  21: f28->f76, R: inf [Infinity]
  21: f28->f76, S: inf [Infinity]
  21: f28->f76, T: inf [Infinity]
  21: f28->f76, U: inf [Infinity]
  21: f28->f76, V: inf [Infinity]
  21: f28->f76, W: max{W, W+2*(2*max{0, 1-Q+2*P}+max{0, 1-Q+2*P})} [O(n)]
  21: f28->f76, X: inf [Infinity]
  21: f28->f76, Y: inf [Infinity]
  21: f28->f76, Z: inf [Infinity]
  8: f35->f37, A: max{1, A} [O(n)]
  8: f35->f37, A1: inf [Infinity]
  8: f35->f37, B: X [O(n)]
  8: f35->f37, B1: inf [Infinity]
  8: f35->f37, C: Y [O(n)]
  8: f35->f37, C1: inf [Infinity]
  8: f35->f37, D: Z [O(n)]
  8: f35->f37, E: inf [Infinity]
  8: f35->f37, F: B1 [O(n)]
  8: f35->f37, G: C1 [O(n)]
  8: f35->f37, H: H [O(n)]
  8: f35->f37, I: H [O(n)]
  8: f35->f37, J: J [O(n)]
  8: f35->f37, K: max{2, K, max{K, K, max{K, K, max{K, K, max{K, K, 1+J}}}}} [O(n)]
  8: f35->f37, L: inf [Infinity]
  8: f35->f37, M: inf [Infinity]
  8: f35->f37, N: inf [Infinity]
  8: f35->f37, O: inf [Infinity]
  8: f35->f37, P: P [O(n)]
  8: f35->f37, Q: P [O(n)]
  8: f35->f37, R: inf [Infinity]
  8: f35->f37, S: inf [Infinity]
  8: f35->f37, T: inf [Infinity]
  8: f35->f37, U: inf [Infinity]
  8: f35->f37, V: inf [Infinity]
  8: f35->f37, W: W+2*(2*max{0, 1-Q+2*P}+max{0, 1-Q+2*P}) [O(n)]
  8: f35->f37, X: inf [Infinity]
  8: f35->f37, Y: inf [Infinity]
  8: f35->f37, Z: inf [Infinity]
  18: f35->f28, A: max{1, A} [O(n)]
  18: f35->f28, A1: inf [Infinity]
  18: f35->f28, B: X [O(n)]
  18: f35->f28, B1: inf [Infinity]
  18: f35->f28, C: Y [O(n)]
  18: f35->f28, C1: inf [Infinity]
  18: f35->f28, D: Z [O(n)]
  18: f35->f28, E: inf [Infinity]
  18: f35->f28, F: B1 [O(n)]
  18: f35->f28, G: C1 [O(n)]
  18: f35->f28, H: H [O(n)]
  18: f35->f28, I: 1+H [O(n)]
  18: f35->f28, J: J [O(n)]
  18: f35->f28, K: max{2, K, max{K, K, max{K, K, max{K, K, max{K, K, 1+J}}}}} [O(n)]
  18: f35->f28, L: inf [Infinity]
  18: f35->f28, M: inf [Infinity]
  18: f35->f28, N: inf [Infinity]
  18: f35->f28, O: inf [Infinity]
  18: f35->f28, P: P [O(n)]
  18: f35->f28, Q: max{2, Q, max{Q, Q, max{Q, Q, max{Q, Q, max{Q, Q, 1+P}}}}} [O(n)]
  18: f35->f28, R: inf [Infinity]
  18: f35->f28, S: inf [Infinity]
  18: f35->f28, T: inf [Infinity]
  18: f35->f28, U: inf [Infinity]
  18: f35->f28, V: inf [Infinity]
  18: f35->f28, W: W+2*(2*max{0, 1-Q+2*P}+max{0, 1-Q+2*P}) [O(n)]
  18: f35->f28, X: inf [Infinity]
  18: f35->f28, Y: inf [Infinity]
  18: f35->f28, Z: inf [Infinity]
  9: f37->f52, A: max{1, A} [O(n)]
  9: f37->f52, A1: inf [Infinity]
  9: f37->f52, B: X [O(n)]
  9: f37->f52, B1: inf [Infinity]
  9: f37->f52, C: Y [O(n)]
  9: f37->f52, C1: inf [Infinity]
  9: f37->f52, D: Z [O(n)]
  9: f37->f52, E: inf [Infinity]
  9: f37->f52, F: B1 [O(n)]
  9: f37->f52, G: C1 [O(n)]
  9: f37->f52, H: H [O(n)]
  9: f37->f52, I: H [O(n)]
  9: f37->f52, J: J [O(n)]
  9: f37->f52, K: J [O(n)]
  9: f37->f52, L: inf [Infinity]
  9: f37->f52, M: inf [Infinity]
  9: f37->f52, N: inf [Infinity]
  9: f37->f52, O: inf [Infinity]
  9: f37->f52, P: P [O(n)]
  9: f37->f52, Q: 0 [O(1)]
  9: f37->f52, R: inf [Infinity]
  9: f37->f52, S: inf [Infinity]
  9: f37->f52, T: inf [Infinity]
  9: f37->f52, U: inf [Infinity]
  9: f37->f52, V: inf [Infinity]
  9: f37->f52, W: W+2*(2*max{0, 1-Q+2*P}+max{0, 1-Q+2*P}) [O(n)]
  9: f37->f52, X: inf [Infinity]
  9: f37->f52, Y: inf [Infinity]
  9: f37->f52, Z: inf [Infinity]
  10: f37->f52, A: max{1, A} [O(n)]
  10: f37->f52, A1: inf [Infinity]
  10: f37->f52, B: X [O(n)]
  10: f37->f52, B1: inf [Infinity]
  10: f37->f52, C: Y [O(n)]
  10: f37->f52, C1: inf [Infinity]
  10: f37->f52, D: Z [O(n)]
  10: f37->f52, E: inf [Infinity]
  10: f37->f52, F: B1 [O(n)]
  10: f37->f52, G: C1 [O(n)]
  10: f37->f52, H: H [O(n)]
  10: f37->f52, I: H [O(n)]
  10: f37->f52, J: J [O(n)]
  10: f37->f52, K: J [O(n)]
  10: f37->f52, L: inf [Infinity]
  10: f37->f52, M: inf [Infinity]
  10: f37->f52, N: inf [Infinity]
  10: f37->f52, O: inf [Infinity]
  10: f37->f52, P: P [O(n)]
  10: f37->f52, Q: max{1, P} [O(n)]
  10: f37->f52, R: inf [Infinity]
  10: f37->f52, S: inf [Infinity]
  10: f37->f52, T: inf [Infinity]
  10: f37->f52, U: inf [Infinity]
  10: f37->f52, V: inf [Infinity]
  10: f37->f52, W: W+2*(2*max{0, 1-Q+2*P}+max{0, 1-Q+2*P}) [O(n)]
  10: f37->f52, X: inf [Infinity]
  10: f37->f52, Y: inf [Infinity]
  10: f37->f52, Z: inf [Infinity]
  11: f37->f37, A: max{1, A} [O(n)]
  11: f37->f37, A1: inf [Infinity]
  11: f37->f37, B: X [O(n)]
  11: f37->f37, B1: inf [Infinity]
  11: f37->f37, C: Y [O(n)]
  11: f37->f37, C1: inf [Infinity]
  11: f37->f37, D: Z [O(n)]
  11: f37->f37, E: inf [Infinity]
  11: f37->f37, F: B1 [O(n)]
  11: f37->f37, G: C1 [O(n)]
  11: f37->f37, H: H [O(n)]
  11: f37->f37, I: H [O(n)]
  11: f37->f37, J: J [O(n)]
  11: f37->f37, K: 1 [O(1)]
  11: f37->f37, L: inf [Infinity]
  11: f37->f37, M: inf [Infinity]
  11: f37->f37, N: inf [Infinity]
  11: f37->f37, O: inf [Infinity]
  11: f37->f37, P: P [O(n)]
  11: f37->f37, Q: 1 [O(1)]
  11: f37->f37, R: inf [Infinity]
  11: f37->f37, S: inf [Infinity]
  11: f37->f37, T: inf [Infinity]
  11: f37->f37, U: inf [Infinity]
  11: f37->f37, V: inf [Infinity]
  11: f37->f37, W: W+2*(2*max{0, 1-Q+2*P}+max{0, 1-Q+2*P}) [O(n)]
  11: f37->f37, X: inf [Infinity]
  11: f37->f37, Y: inf [Infinity]
  11: f37->f37, Z: inf [Infinity]
  12: f37->f37, A: max{1, A} [O(n)]
  12: f37->f37, A1: inf [Infinity]
  12: f37->f37, B: X [O(n)]
  12: f37->f37, B1: inf [Infinity]
  12: f37->f37, C: Y [O(n)]
  12: f37->f37, C1: inf [Infinity]
  12: f37->f37, D: Z [O(n)]
  12: f37->f37, E: inf [Infinity]
  12: f37->f37, F: B1 [O(n)]
  12: f37->f37, G: C1 [O(n)]
  12: f37->f37, H: H [O(n)]
  12: f37->f37, I: H [O(n)]
  12: f37->f37, J: J [O(n)]
  12: f37->f37, K: 1+J [O(n)]
  12: f37->f37, L: inf [Infinity]
  12: f37->f37, M: inf [Infinity]
  12: f37->f37, N: inf [Infinity]
  12: f37->f37, O: inf [Infinity]
  12: f37->f37, P: P [O(n)]
  12: f37->f37, Q: 1 [O(1)]
  12: f37->f37, R: inf [Infinity]
  12: f37->f37, S: inf [Infinity]
  12: f37->f37, T: inf [Infinity]
  12: f37->f37, U: inf [Infinity]
  12: f37->f37, V: inf [Infinity]
  12: f37->f37, W: W+2*(2*max{0, 1-Q+2*P}+max{0, 1-Q+2*P}) [O(n)]
  12: f37->f37, X: inf [Infinity]
  12: f37->f37, Y: inf [Infinity]
  12: f37->f37, Z: inf [Infinity]
  13: f37->f37, A: max{1, A} [O(n)]
  13: f37->f37, A1: inf [Infinity]
  13: f37->f37, B: X [O(n)]
  13: f37->f37, B1: inf [Infinity]
  13: f37->f37, C: Y [O(n)]
  13: f37->f37, C1: inf [Infinity]
  13: f37->f37, D: Z [O(n)]
  13: f37->f37, E: inf [Infinity]
  13: f37->f37, F: B1 [O(n)]
  13: f37->f37, G: C1 [O(n)]
  13: f37->f37, H: H [O(n)]
  13: f37->f37, I: H [O(n)]
  13: f37->f37, J: J [O(n)]
  13: f37->f37, K: 2 [O(1)]
  13: f37->f37, L: 1 [O(1)]
  13: f37->f37, M: inf [Infinity]
  13: f37->f37, N: inf [Infinity]
  13: f37->f37, O: inf [Infinity]
  13: f37->f37, P: P [O(n)]
  13: f37->f37, Q: 1 [O(1)]
  13: f37->f37, R: inf [Infinity]
  13: f37->f37, S: inf [Infinity]
  13: f37->f37, T: inf [Infinity]
  13: f37->f37, U: inf [Infinity]
  13: f37->f37, V: inf [Infinity]
  13: f37->f37, W: W+2*(2*max{0, 1-Q+2*P}+max{0, 1-Q+2*P}) [O(n)]
  13: f37->f37, X: inf [Infinity]
  13: f37->f37, Y: inf [Infinity]
  13: f37->f37, Z: inf [Infinity]
  17: f37->f35, A: max{1, A} [O(n)]
  17: f37->f35, A1: inf [Infinity]
  17: f37->f35, B: X [O(n)]
  17: f37->f35, B1: inf [Infinity]
  17: f37->f35, C: Y [O(n)]
  17: f37->f35, C1: inf [Infinity]
  17: f37->f35, D: Z [O(n)]
  17: f37->f35, E: inf [Infinity]
  17: f37->f35, F: B1 [O(n)]
  17: f37->f35, G: C1 [O(n)]
  17: f37->f35, H: H [O(n)]
  17: f37->f35, I: H [O(n)]
  17: f37->f35, J: J [O(n)]
  17: f37->f35, K: max{2, K, max{K, K, max{K, K, max{K, K, max{K, K, 1+J}}}}} [O(n)]
  17: f37->f35, L: inf [Infinity]
  17: f37->f35, M: inf [Infinity]
  17: f37->f35, N: inf [Infinity]
  17: f37->f35, O: inf [Infinity]
  17: f37->f35, P: P [O(n)]
  17: f37->f35, Q: max{2, 1+P} [O(n)]
  17: f37->f35, R: inf [Infinity]
  17: f37->f35, S: inf [Infinity]
  17: f37->f35, T: inf [Infinity]
  17: f37->f35, U: inf [Infinity]
  17: f37->f35, V: inf [Infinity]
  17: f37->f35, W: W+2*(2*max{0, 1-Q+2*P}+max{0, 1-Q+2*P}) [O(n)]
  17: f37->f35, X: inf [Infinity]
  17: f37->f35, Y: inf [Infinity]
  17: f37->f35, Z: inf [Infinity]
  14: f52->f37, A: max{1, A} [O(n)]
  14: f52->f37, A1: inf [Infinity]
  14: f52->f37, B: X [O(n)]
  14: f52->f37, B1: inf [Infinity]
  14: f52->f37, C: Y [O(n)]
  14: f52->f37, C1: inf [Infinity]
  14: f52->f37, D: Z [O(n)]
  14: f52->f37, E: inf [Infinity]
  14: f52->f37, F: B1 [O(n)]
  14: f52->f37, G: C1 [O(n)]
  14: f52->f37, H: H [O(n)]
  14: f52->f37, I: H [O(n)]
  14: f52->f37, J: J [O(n)]
  14: f52->f37, K: 1 [O(1)]
  14: f52->f37, L: inf [Infinity]
  14: f52->f37, M: inf [Infinity]
  14: f52->f37, N: inf [Infinity]
  14: f52->f37, O: inf [Infinity]
  14: f52->f37, P: P [O(n)]
  14: f52->f37, Q: max{1, P} [O(n)]
  14: f52->f37, R: inf [Infinity]
  14: f52->f37, S: inf [Infinity]
  14: f52->f37, T: inf [Infinity]
  14: f52->f37, U: inf [Infinity]
  14: f52->f37, V: inf [Infinity]
  14: f52->f37, W: W+2*(2*max{0, 1-Q+2*P}+max{0, 1-Q+2*P}) [O(n)]
  14: f52->f37, X: inf [Infinity]
  14: f52->f37, Y: inf [Infinity]
  14: f52->f37, Z: inf [Infinity]
  15: f52->f37, A: max{1, A} [O(n)]
  15: f52->f37, A1: inf [Infinity]
  15: f52->f37, B: X [O(n)]
  15: f52->f37, B1: inf [Infinity]
  15: f52->f37, C: Y [O(n)]
  15: f52->f37, C1: inf [Infinity]
  15: f52->f37, D: Z [O(n)]
  15: f52->f37, E: inf [Infinity]
  15: f52->f37, F: B1 [O(n)]
  15: f52->f37, G: C1 [O(n)]
  15: f52->f37, H: H [O(n)]
  15: f52->f37, I: H [O(n)]
  15: f52->f37, J: J [O(n)]
  15: f52->f37, K: 1+J [O(n)]
  15: f52->f37, L: J [O(n)]
  15: f52->f37, M: inf [Infinity]
  15: f52->f37, N: inf [Infinity]
  15: f52->f37, O: inf [Infinity]
  15: f52->f37, P: P [O(n)]
  15: f52->f37, Q: max{1, P} [O(n)]
  15: f52->f37, R: inf [Infinity]
  15: f52->f37, S: inf [Infinity]
  15: f52->f37, T: inf [Infinity]
  15: f52->f37, U: inf [Infinity]
  15: f52->f37, V: inf [Infinity]
  15: f52->f37, W: W+2*(2*max{0, 1-Q+2*P}+max{0, 1-Q+2*P}) [O(n)]
  15: f52->f37, X: inf [Infinity]
  15: f52->f37, Y: inf [Infinity]
  15: f52->f37, Z: inf [Infinity]
  16: f52->f37, A: max{1, A} [O(n)]
  16: f52->f37, A1: inf [Infinity]
  16: f52->f37, B: X [O(n)]
  16: f52->f37, B1: inf [Infinity]
  16: f52->f37, C: Y [O(n)]
  16: f52->f37, C1: inf [Infinity]
  16: f52->f37, D: Z [O(n)]
  16: f52->f37, E: inf [Infinity]
  16: f52->f37, F: B1 [O(n)]
  16: f52->f37, G: C1 [O(n)]
  16: f52->f37, H: H [O(n)]
  16: f52->f37, I: H [O(n)]
  16: f52->f37, J: J [O(n)]
  16: f52->f37, K: 2 [O(1)]
  16: f52->f37, L: 1 [O(1)]
  16: f52->f37, M: inf [Infinity]
  16: f52->f37, N: inf [Infinity]
  16: f52->f37, O: inf [Infinity]
  16: f52->f37, P: P [O(n)]
  16: f52->f37, Q: max{1, P} [O(n)]
  16: f52->f37, R: inf [Infinity]
  16: f52->f37, S: inf [Infinity]
  16: f52->f37, T: inf [Infinity]
  16: f52->f37, U: inf [Infinity]
  16: f52->f37, V: inf [Infinity]
  16: f52->f37, W: W+2*(2*max{0, 1-Q+2*P}+max{0, 1-Q+2*P}) [O(n)]
  16: f52->f37, X: inf [Infinity]
  16: f52->f37, Y: inf [Infinity]
  16: f52->f37, Z: inf [Infinity]
