Timebounds: 
  Overall timebound: 1+2*max{0, (-1+B)*(2*max{0, -1+B}+max{0, 2*B})}+max{0, -1+B}+max{1, 1+B*(2*max{0, -1+B}+max{0, 2*B})}+max{0, -1+B}+max{0, 2*B}+max{0, 2*B}+max{0, 2*B*(2*max{0, -1+B}+max{0, 2*B})}+max{0, B} [O(n^2)]
  0: f0->f4: 1 [O(1)]
  6: f16->f4: max{0, B*(2*max{0, -1+B}+max{0, 2*B})}+max{0, 2*B*(2*max{0, -1+B}+max{0, 2*B})} [O(n^2)]
  7: f16->f4: 2*max{0, (-1+B)*(2*max{0, -1+B}+max{0, 2*B})} [O(n^2)]
  1: f4->f8: max{0, 2*B} [O(n)]
  8: f4->f20: 1 [O(1)]
  2: f8->f16: max{0, B} [O(n)]
  3: f8->f16: max{0, 2*B} [O(n)]
  4: f8->f8: max{0, -1+B} [O(n)]
  5: f8->f8: max{0, -1+B} [O(n)]

Costbounds:
  Overall costbound: 1+2*max{0, (-1+B)*(2*max{0, -1+B}+max{0, 2*B})}+max{0, -1+B}+max{1, 1+B*(2*max{0, -1+B}+max{0, 2*B})}+max{0, -1+B}+max{0, 2*B}+max{0, 2*B}+max{0, 2*B*(2*max{0, -1+B}+max{0, 2*B})}+max{0, B} [O(n^2)]
  0: f0->f4: 1 [O(1)]
  6: f16->f4: max{0, B*(2*max{0, -1+B}+max{0, 2*B})}+max{0, 2*B*(2*max{0, -1+B}+max{0, 2*B})} [O(n^2)]
  7: f16->f4: 2*max{0, (-1+B)*(2*max{0, -1+B}+max{0, 2*B})} [O(n^2)]
  1: f4->f8: max{0, 2*B} [O(n)]
  8: f4->f20: 1 [O(1)]
  2: f8->f16: max{0, B} [O(n)]
  3: f8->f16: max{0, 2*B} [O(n)]
  4: f8->f8: max{0, -1+B} [O(n)]
  5: f8->f8: max{0, -1+B} [O(n)]

Sizebounds:
`Lower:
  0: f0->f4, A: 0 [O(1)]
  0: f0->f4, B: B [O(n)]
  0: f0->f4, C: C [O(n)]
  0: f0->f4, D: D [O(n)]
  6: f16->f4, A: 0 [O(1)]
  6: f16->f4, B: -max{0, -1, -B} [O(n)]
  6: f16->f4, C: 0 [O(1)]
  7: f16->f4, A: 0 [O(1)]
  7: f16->f4, B: -max{0, -1, -B} [O(n)]
  7: f16->f4, C: 1 [O(1)]
  1: f4->f8, A: 0 [O(1)]
  1: f4->f8, B: -max{0, -1, -B} [O(n)]
  1: f4->f8, C: 0 [O(1)]
  8: f4->f20, A: 0 [O(1)]
  8: f4->f20, B: -max{-1, 0, -B} [O(n)]
  8: f4->f20, C: -max{0, -C} [O(n)]
  2: f8->f16, A: 0 [O(1)]
  2: f8->f16, B: -max{0, -1, -B} [O(n)]
  2: f8->f16, C: 0 [O(1)]
  2: f8->f16, D: 0 [O(1)]
  3: f8->f16, A: 0 [O(1)]
  3: f8->f16, B: 1 [O(1)]
  3: f8->f16, C: 0 [O(1)]
  4: f8->f8, A: 0 [O(1)]
  4: f8->f8, B: -max{0, -1, -B} [O(n)]
  4: f8->f8, C: 1 [O(1)]
  5: f8->f8, A: 0 [O(1)]
  5: f8->f8, B: -max{0, -1, -B} [O(n)]
  5: f8->f8, C: 1 [O(1)]
`Upper:
  0: f0->f4, A: 0 [O(1)]
  0: f0->f4, B: B [O(n)]
  0: f0->f4, C: C [O(n)]
  0: f0->f4, D: D [O(n)]
  6: f16->f4, A: 2*max{0, -1+B}+max{0, 2*B} [O(n)]
  6: f16->f4, B: max{0, B, 2*max{0, -1+B}+max{0, 2*B}} [O(n)]
  6: f16->f4, C: 0 [O(1)]
  7: f16->f4, A: 2*max{0, -1+B}+max{0, 2*B} [O(n)]
  7: f16->f4, B: max{0, B, 2*max{0, -1+B}+max{0, 2*B}} [O(n)]
  7: f16->f4, C: -1+2*max{0, -1+B}+max{0, 2*B} [O(n)]
  1: f4->f8, A: 2*max{0, -1+B}+max{0, 2*B} [O(n)]
  1: f4->f8, B: max{0, B, 2*max{0, -1+B}+max{0, 2*B}} [O(n)]
  1: f4->f8, C: 0 [O(1)]
  8: f4->f20, A: max{0, 2*max{0, -1+B}+max{0, 2*B}} [O(n)]
  8: f4->f20, B: max{0, 2*max{0, -1+B}+max{0, 2*B}} [O(n)]
  8: f4->f20, C: max{0, C, -1+2*max{0, -1+B}+max{0, 2*B}} [O(n)]
  2: f8->f16, A: 2*max{0, -1+B}+max{0, 2*B} [O(n)]
  2: f8->f16, B: max{0, B, 2*max{0, -1+B}+max{0, 2*B}} [O(n)]
  2: f8->f16, C: -1+2*max{0, -1+B}+max{0, 2*B} [O(n)]
  2: f8->f16, D: 0 [O(1)]
  3: f8->f16, A: 2*max{0, -1+B}+max{0, 2*B} [O(n)]
  3: f8->f16, B: 2*max{0, -1+B}+max{0, 2*B} [O(n)]
  3: f8->f16, C: -1+2*max{0, -1+B}+max{0, 2*B} [O(n)]
  4: f8->f8, A: 2*max{0, -1+B}+max{0, 2*B} [O(n)]
  4: f8->f8, B: max{0, B, 2*max{0, -1+B}+max{0, 2*B}} [O(n)]
  4: f8->f8, C: 2*max{0, -1+B}+max{0, 2*B} [O(n)]
  4: f8->f8, D: -1 [O(1)]
  5: f8->f8, A: 2*max{0, -1+B}+max{0, 2*B} [O(n)]
  5: f8->f8, B: max{0, B, 2*max{0, -1+B}+max{0, 2*B}} [O(n)]
  5: f8->f8, C: 2*max{0, -1+B}+max{0, 2*B} [O(n)]
