Timebounds: 
  Overall timebound: inf [Infinity]
  5: f0->f5: 1 [O(1)]
  19: f16->f30: 1 [O(1)]
  20: f25->f30: 1 [O(1)]
  18: f5->f30: 1 [O(1)]
  8: f9->f16: 1 [O(1)]
  12: f9->f16: 2 [O(1)]
  17: f9->f25: 2 [O(1)]
  21: f9->f30: 1 [O(1)]

Costbounds:
  Overall costbound: inf [Infinity]
  5: f0->f5: 1 [O(1)]
  3: f16->f5: inf [Infinity]
  19: f16->f30: 1 [O(1)]
  4: f25->f5: inf [Infinity]
  20: f25->f30: 1 [O(1)]
  0: f5->f7: inf [Infinity]
  1: f5->f7: inf [Infinity]
  18: f5->f30: 1 [O(1)]
  2: f7->f9: inf [Infinity]
  7: f7->f9: inf [Infinity]
  8: f9->f16: 1 [O(1)]
  9: f9->f16: inf [Infinity]
  11: f9->f16: inf [Infinity]
  12: f9->f16: 2 [O(1)]
  13: f9->f25: inf [Infinity]
  14: f9->f25: inf [Infinity]
  16: f9->f25: inf [Infinity]
  17: f9->f25: 2 [O(1)]
  21: f9->f30: 1 [O(1)]

Sizebounds:
`Lower:
  5: f0->f5, A: 4 [O(1)]
  5: f0->f5, B: 0 [O(1)]
  5: f0->f5, C: C [O(n)]
  5: f0->f5, D: G [O(n)]
  5: f0->f5, E: 0 [O(1)]
  5: f0->f5, F: F [O(n)]
  3: f16->f5, B: 0 [O(1)]
  3: f16->f5, E: 2 [O(1)]
  19: f16->f30, B: 0 [O(1)]
  19: f16->f30, C: 256 [O(1)]
  19: f16->f30, E: 2 [O(1)]
  4: f25->f5, B: 0 [O(1)]
  4: f25->f5, E: 1 [O(1)]
  20: f25->f30, B: 0 [O(1)]
  20: f25->f30, E: 1 [O(1)]
  0: f5->f7, B: 0 [O(1)]
  0: f5->f7, E: 0 [O(1)]
  1: f5->f7, A: 2 [O(1)]
  1: f5->f7, B: 0 [O(1)]
  1: f5->f7, E: 0 [O(1)]
  18: f5->f30, A: 1 [O(1)]
  18: f5->f30, B: 0 [O(1)]
  18: f5->f30, E: 0 [O(1)]
  2: f7->f9, B: 0 [O(1)]
  2: f7->f9, E: 0 [O(1)]
  7: f7->f9, B: 1 [O(1)]
  7: f7->f9, E: 0 [O(1)]
  8: f9->f16, B: 0 [O(1)]
  8: f9->f16, E: 2 [O(1)]
  9: f9->f16, B: 0 [O(1)]
  9: f9->f16, E: 2 [O(1)]
  11: f9->f16, B: 1 [O(1)]
  11: f9->f16, E: 2 [O(1)]
  12: f9->f16, B: 1 [O(1)]
  12: f9->f16, E: 2 [O(1)]
  13: f9->f25, B: 0 [O(1)]
  13: f9->f25, E: 1 [O(1)]
  14: f9->f25, B: 0 [O(1)]
  14: f9->f25, E: 1 [O(1)]
  16: f9->f25, B: 1 [O(1)]
  16: f9->f25, E: 1 [O(1)]
  17: f9->f25, B: 1 [O(1)]
  17: f9->f25, E: 1 [O(1)]
  21: f9->f30, B: 0 [O(1)]
  21: f9->f30, E: 0 [O(1)]
`Upper:
  5: f0->f5, A: 4 [O(1)]
  5: f0->f5, B: 0 [O(1)]
  5: f0->f5, C: C [O(n)]
  5: f0->f5, D: G [O(n)]
  5: f0->f5, E: 0 [O(1)]
  5: f0->f5, F: F [O(n)]
  3: f16->f5, A: 4 [O(1)]
  3: f16->f5, C: 255 [O(1)]
  3: f16->f5, E: 2 [O(1)]
  19: f16->f30, A: 4 [O(1)]
  19: f16->f30, E: 2 [O(1)]
  4: f25->f5, A: 4 [O(1)]
  4: f25->f5, E: 1 [O(1)]
  20: f25->f30, A: 4 [O(1)]
  20: f25->f30, C: -1 [O(1)]
  20: f25->f30, E: 1 [O(1)]
  0: f5->f7, A: 0 [O(1)]
  0: f5->f7, E: 2 [O(1)]
  1: f5->f7, A: 4 [O(1)]
  1: f5->f7, B: 2 [O(1)]
  1: f5->f7, E: 2 [O(1)]
  18: f5->f30, A: 1 [O(1)]
  18: f5->f30, B: 3 [O(1)]
  18: f5->f30, E: 2 [O(1)]
  2: f7->f9, A: 4 [O(1)]
  2: f7->f9, B: 0 [O(1)]
  2: f7->f9, E: 2 [O(1)]
  7: f7->f9, A: 2 [O(1)]
  7: f7->f9, E: 2 [O(1)]
  8: f9->f16, A: 4 [O(1)]
  8: f9->f16, E: 2 [O(1)]
  9: f9->f16, A: 4 [O(1)]
  9: f9->f16, E: 2 [O(1)]
  11: f9->f16, A: 3 [O(1)]
  11: f9->f16, E: 2 [O(1)]
  12: f9->f16, A: 3 [O(1)]
  12: f9->f16, B: 1 [O(1)]
  12: f9->f16, E: 2 [O(1)]
  13: f9->f25, A: 4 [O(1)]
  13: f9->f25, E: 1 [O(1)]
  14: f9->f25, A: 4 [O(1)]
  14: f9->f25, E: 1 [O(1)]
  16: f9->f25, A: 3 [O(1)]
  16: f9->f25, E: 1 [O(1)]
  17: f9->f25, A: 3 [O(1)]
  17: f9->f25, B: 1 [O(1)]
  17: f9->f25, E: 1 [O(1)]
  21: f9->f30, A: 4 [O(1)]
  21: f9->f30, E: 2 [O(1)]
