Timebounds: 
  Overall timebound: 2+max{0, -1, -1+C}+max{0, max{-3, -3-C}+max{3*-max{0, -C}, 3*max{0, C}}}+max{0, (max{-3, -3-C}+max{3*-max{0, -C}, 3*max{0, C}})*max{-1, -1+C}}+max{2, 2+C}+max{0, (max{-3, -3-C}+max{3*-max{0, -C}, 3*max{0, C}})*max{-1, -1+C}}+max{0, max{-1, -1-C}+max{2*-max{0, -C}, 2*max{0, C}}} [O(n^2)]
  0: f0->f10: 1 [O(1)]
  1: f10->f10: max{0, C} [O(n)]
  9: f10->f18: 1 [O(1)]
  2: f18->f22: max{0, max{-3, -3-C}+max{3*-max{0, -C}, 3*max{0, C}}} [O(n)]
  8: f18->f34: 1 [O(1)]
  3: f22->f22: max{0, (max{-3, -3-C}+max{3*-max{0, -C}, 3*max{0, C}})*max{-1, -1+C}} [O(n^2)]
  4: f22->f22: max{0, (max{-3, -3-C}+max{3*-max{0, -C}, 3*max{0, C}})*max{-1, -1+C}} [O(n^2)]
  7: f22->f18: max{0, max{-1, -1-C}+max{2*-max{0, -C}, 2*max{0, C}}} [O(n)]
  5: f34->f34: max{0, -1, -1+C} [O(n)]
  6: f34->f43: 1 [O(1)]

Costbounds:
  Overall costbound: 2+max{0, -1, -1+C}+max{0, max{-3, -3-C}+max{3*-max{0, -C}, 3*max{0, C}}}+max{0, (max{-3, -3-C}+max{3*-max{0, -C}, 3*max{0, C}})*max{-1, -1+C}}+max{2, 2+C}+max{0, (max{-3, -3-C}+max{3*-max{0, -C}, 3*max{0, C}})*max{-1, -1+C}}+max{0, max{-1, -1-C}+max{2*-max{0, -C}, 2*max{0, C}}} [O(n^2)]
  0: f0->f10: 1 [O(1)]
  1: f10->f10: max{0, C} [O(n)]
  9: f10->f18: 1 [O(1)]
  2: f18->f22: max{0, max{-3, -3-C}+max{3*-max{0, -C}, 3*max{0, C}}} [O(n)]
  8: f18->f34: 1 [O(1)]
  3: f22->f22: max{0, (max{-3, -3-C}+max{3*-max{0, -C}, 3*max{0, C}})*max{-1, -1+C}} [O(n^2)]
  4: f22->f22: max{0, (max{-3, -3-C}+max{3*-max{0, -C}, 3*max{0, C}})*max{-1, -1+C}} [O(n^2)]
  7: f22->f18: max{0, max{-1, -1-C}+max{2*-max{0, -C}, 2*max{0, C}}} [O(n)]
  5: f34->f34: max{0, -1, -1+C} [O(n)]
  6: f34->f43: 1 [O(1)]

Sizebounds:
`Lower:
  0: f0->f10, A: I [O(n)]
  0: f0->f10, B: 0 [O(1)]
  0: f0->f10, C: C [O(n)]
  0: f0->f10, D: D [O(n)]
  0: f0->f10, E: E [O(n)]
  0: f0->f10, F: F [O(n)]
  0: f0->f10, G: G [O(n)]
  0: f0->f10, H: H [O(n)]
  1: f10->f10, A: -max{0, -I} [O(n)]
  1: f10->f10, B: 0 [O(1)]
  1: f10->f10, C: -max{0, -C} [O(n)]
  1: f10->f10, D: -max{0, -D} [O(n)]
  1: f10->f10, E: -max{0, -E} [O(n)]
  1: f10->f10, F: -max{0, -F} [O(n)]
  1: f10->f10, G: -max{0, -G} [O(n)]
  1: f10->f10, H: -max{0, -H} [O(n)]
  9: f10->f18, A: -max{0, -I} [O(n)]
  9: f10->f18, B: 0 [O(1)]
  9: f10->f18, C: -max{0, -C} [O(n)]
  9: f10->f18, D: -max{0, -C} [O(n)]
  9: f10->f18, E: 0 [O(1)]
  9: f10->f18, F: -max{0, -F} [O(n)]
  9: f10->f18, G: -max{0, -G} [O(n)]
  9: f10->f18, H: -max{0, -H} [O(n)]
  2: f18->f22, A: -max{0, -I} [O(n)]
  2: f18->f22, B: 0 [O(1)]
  2: f18->f22, C: 2 [O(1)]
  2: f18->f22, D: 2 [O(1)]
  2: f18->f22, E: 0 [O(1)]
  2: f18->f22, F: 0 [O(1)]
  2: f18->f22, G: 1 [O(1)]
  8: f18->f34, A: -max{0, -I} [O(n)]
  8: f18->f34, B: 0 [O(1)]
  8: f18->f34, C: -max{-2, 0, -C} [O(n)]
  8: f18->f34, D: -max{-2, 0, -C} [O(n)]
  8: f18->f34, E: 0 [O(1)]
  8: f18->f34, F: -max{0, -F} [O(n)]
  8: f18->f34, G: -max{-2, 0, -G} [O(n)]
  3: f22->f22, A: -max{0, -I} [O(n)]
  3: f22->f22, B: 0 [O(1)]
  3: f22->f22, C: 2 [O(1)]
  3: f22->f22, D: 2 [O(1)]
  3: f22->f22, E: 0 [O(1)]
  3: f22->f22, F: 0 [O(1)]
  3: f22->f22, G: 2 [O(1)]
  4: f22->f22, A: -max{0, -I} [O(n)]
  4: f22->f22, B: 0 [O(1)]
  4: f22->f22, C: 2 [O(1)]
  4: f22->f22, D: 2 [O(1)]
  4: f22->f22, E: 0 [O(1)]
  4: f22->f22, F: 1 [O(1)]
  4: f22->f22, G: 2 [O(1)]
  7: f22->f18, A: -max{0, -I} [O(n)]
  7: f22->f18, B: 0 [O(1)]
  7: f22->f18, C: 2 [O(1)]
  7: f22->f18, D: 2 [O(1)]
  7: f22->f18, E: 1 [O(1)]
  7: f22->f18, F: 0 [O(1)]
  7: f22->f18, G: 2 [O(1)]
  5: f34->f34, A: -max{0, -I} [O(n)]
  5: f34->f34, B: 0 [O(1)]
  5: f34->f34, C: 2 [O(1)]
  5: f34->f34, D: 2 [O(1)]
  5: f34->f34, E: 1 [O(1)]
  5: f34->f34, F: -max{0, -F} [O(n)]
  5: f34->f34, G: -max{-2, 0, -G} [O(n)]
  6: f34->f43, A: -max{0, -I} [O(n)]
  6: f34->f43, B: 0 [O(1)]
  6: f34->f43, C: -max{-2, -2, max{0, -C}} [O(n)]
  6: f34->f43, D: -max{-2, -2, max{0, -C}} [O(n)]
  6: f34->f43, E: 0 [O(1)]
  6: f34->f43, F: -max{0, -F} [O(n)]
  6: f34->f43, G: -max{-2, 0, -G} [O(n)]
`Upper:
  0: f0->f10, A: I [O(n)]
  0: f0->f10, B: 0 [O(1)]
  0: f0->f10, C: C [O(n)]
  0: f0->f10, D: D [O(n)]
  0: f0->f10, E: E [O(n)]
  0: f0->f10, F: F [O(n)]
  0: f0->f10, G: G [O(n)]
  0: f0->f10, H: H [O(n)]
  1: f10->f10, A: max{0, I} [O(n)]
  1: f10->f10, B: max{0, C} [O(n)]
  1: f10->f10, C: max{0, C} [O(n)]
  1: f10->f10, D: max{0, D} [O(n)]
  1: f10->f10, E: max{0, E} [O(n)]
  1: f10->f10, F: max{0, F} [O(n)]
  1: f10->f10, G: max{0, G} [O(n)]
  1: f10->f10, H: max{0, H} [O(n)]
  9: f10->f18, A: max{0, I} [O(n)]
  9: f10->f18, B: max{0, C} [O(n)]
  9: f10->f18, C: max{0, C} [O(n)]
  9: f10->f18, D: max{0, C} [O(n)]
  9: f10->f18, E: 0 [O(1)]
  9: f10->f18, F: max{0, F} [O(n)]
  9: f10->f18, G: max{0, G} [O(n)]
  9: f10->f18, H: max{0, H} [O(n)]
  2: f18->f22, A: max{0, I} [O(n)]
  2: f18->f22, B: max{0, C} [O(n)]
  2: f18->f22, C: max{0, C} [O(n)]
  2: f18->f22, D: max{0, C} [O(n)]
  2: f18->f22, E: max{-2, -2+C} [O(n)]
  2: f18->f22, F: max{-2, -2+C} [O(n)]
  2: f18->f22, G: max{-1, -1+C} [O(n)]
  8: f18->f34, A: max{0, I} [O(n)]
  8: f18->f34, B: max{0, C} [O(n)]
  8: f18->f34, C: max{0, C} [O(n)]
  8: f18->f34, D: max{0, C} [O(n)]
  8: f18->f34, E: 0 [O(1)]
  8: f18->f34, F: max{0, -1, max{-2, -2, max{F, -2+C, max{-1+C, -2+C}}}} [O(n)]
  8: f18->f34, G: max{0, -1, max{C, G, -1+C}} [O(n)]
  3: f22->f22, A: max{0, I} [O(n)]
  3: f22->f22, B: max{0, C} [O(n)]
  3: f22->f22, C: max{0, C} [O(n)]
  3: f22->f22, D: max{0, C} [O(n)]
  3: f22->f22, E: max{-2, -2+C} [O(n)]
  3: f22->f22, F: max{-2, -2+C} [O(n)]
  3: f22->f22, G: max{0, C} [O(n)]
  4: f22->f22, A: max{0, I} [O(n)]
  4: f22->f22, B: max{0, C} [O(n)]
  4: f22->f22, C: max{0, C} [O(n)]
  4: f22->f22, D: max{0, C} [O(n)]
  4: f22->f22, E: max{-2, -2+C} [O(n)]
  4: f22->f22, F: max{-1, -1+C} [O(n)]
  4: f22->f22, G: max{0, C} [O(n)]
  7: f22->f18, A: max{0, I} [O(n)]
  7: f22->f18, B: max{0, C} [O(n)]
  7: f22->f18, C: max{0, C} [O(n)]
  7: f22->f18, D: max{0, C} [O(n)]
  7: f22->f18, E: max{-1, -1+C} [O(n)]
  7: f22->f18, F: max{-2, -1, max{-2, -2+C, max{-1+C, -2+C}}} [O(n)]
  7: f22->f18, G: max{-1, 0, max{C, -1+C}} [O(n)]
  5: f34->f34, A: max{0, I} [O(n)]
  5: f34->f34, B: max{0, C} [O(n)]
  5: f34->f34, C: max{0, C} [O(n)]
  5: f34->f34, D: max{0, C} [O(n)]
  5: f34->f34, E: max{-1, -1+C} [O(n)]
  5: f34->f34, F: max{0, -1, max{-2, -2, max{F, -2+C, max{-1+C, -2+C}}}} [O(n)]
  5: f34->f34, G: max{0, -1, max{C, G, -1+C}} [O(n)]
  6: f34->f43, A: max{0, I} [O(n)]
  6: f34->f43, B: max{0, C} [O(n)]
  6: f34->f43, C: max{0, C} [O(n)]
  6: f34->f43, D: max{0, C} [O(n)]
  6: f34->f43, E: max{0, C} [O(n)]
  6: f34->f43, F: max{0, -1, max{-2, -2, max{F, -2+C, max{-1+C, -2+C}}}} [O(n)]
  6: f34->f43, G: max{0, -1, max{C, G, -1+C}} [O(n)]
