Timebounds: 
  Overall timebound: 2 [O(1)]
  0: f0->f23: 1 [O(1)]
  1: f0->f23: 1 [O(1)]

Costbounds:
  Overall costbound: 2 [O(1)]
  0: f0->f23: 1 [O(1)]
  1: f0->f23: 1 [O(1)]

Sizebounds:
`Lower:
  0: f0->f23, A: 0 [O(1)]
  0: f0->f23, B: 1 [O(1)]
  0: f0->f23, C: G [O(n)]
  0: f0->f23, D: H [O(n)]
  0: f0->f23, E: I [O(n)]
  0: f0->f23, F: -inf [Infinity]
  0: f0->f23, G: -inf [Infinity]
  0: f0->f23, H: -inf [Infinity]
  0: f0->f23, I: -inf [Infinity]
  1: f0->f23, A: 0 [O(1)]
  1: f0->f23, B: 1 [O(1)]
  1: f0->f23, C: G [O(n)]
  1: f0->f23, D: H [O(n)]
  1: f0->f23, E: I [O(n)]
  1: f0->f23, F: -inf [Infinity]
  1: f0->f23, G: -inf [Infinity]
  1: f0->f23, H: -inf [Infinity]
  1: f0->f23, I: -inf [Infinity]
`Upper:
  0: f0->f23, A: 0 [O(1)]
  0: f0->f23, B: 1 [O(1)]
  0: f0->f23, C: G [O(n)]
  0: f0->f23, D: H [O(n)]
  0: f0->f23, E: I [O(n)]
  0: f0->f23, F: inf [Infinity]
  0: f0->f23, G: inf [Infinity]
  0: f0->f23, H: inf [Infinity]
  0: f0->f23, I: inf [Infinity]
  1: f0->f23, A: 0 [O(1)]
  1: f0->f23, B: 1 [O(1)]
  1: f0->f23, C: G [O(n)]
  1: f0->f23, D: H [O(n)]
  1: f0->f23, E: I [O(n)]
  1: f0->f23, F: inf [Infinity]
  1: f0->f23, G: inf [Infinity]
  1: f0->f23, H: inf [Infinity]
  1: f0->f23, I: inf [Infinity]
