Timebounds: 
  Overall timebound: 2 [O(1)]
  0: f0->f11: 1 [O(1)]
  1: f0->f11: 1 [O(1)]

Costbounds:
  Overall costbound: 2 [O(1)]
  0: f0->f11: 1 [O(1)]
  1: f0->f11: 1 [O(1)]

Sizebounds:
`Lower:
  0: f0->f11, A: 0 [O(1)]
  0: f0->f11, B: 1 [O(1)]
  0: f0->f11, C: E [O(n)]
  1: f0->f11, A: 0 [O(1)]
  1: f0->f11, B: 1 [O(1)]
  1: f0->f11, C: E [O(n)]
`Upper:
  0: f0->f11, A: 0 [O(1)]
  0: f0->f11, B: 1 [O(1)]
  0: f0->f11, C: E [O(n)]
  1: f0->f11, A: 0 [O(1)]
  1: f0->f11, B: 1 [O(1)]
  1: f0->f11, C: E [O(n)]
