Timebounds: 
  Overall timebound: 22 [O(1)]
  0: f0->f5: 1 [O(1)]
  2: f0->f12: 1 [O(1)]
  1: f5->f5: 19 [O(1)]
  3: f5->f12: 1 [O(1)]

Costbounds:
  Overall costbound: 22 [O(1)]
  0: f0->f5: 1 [O(1)]
  2: f0->f12: 1 [O(1)]
  1: f5->f5: 19 [O(1)]
  3: f5->f12: 1 [O(1)]

Sizebounds:
`Lower:
  0: f0->f5, A: 1 [O(1)]
  2: f0->f12, A: B [O(n)]
  1: f5->f5, A: 2 [O(1)]
  3: f5->f12, A: 20 [O(1)]
`Upper:
  0: f0->f5, A: B [O(n)]
  2: f0->f12, A: 0 [O(1)]
  1: f5->f5, A: 20 [O(1)]
  3: f5->f12, A: max{20, B} [O(n)]
