Timebounds: 
  Overall timebound: max{0, C}+max{7, 7+C} [O(n)]
  0: f0->f6: 1 [O(1)]
  3: f15->f19: 1 [O(1)]
  4: f15->f19: 1 [O(1)]
  5: f15->f19: 1 [O(1)]
  1: f6->f6: max{0, C} [O(n)]
  2: f6->f6: max{0, C} [O(n)]
  6: f6->f15: 1 [O(1)]
  7: f6->f15: 1 [O(1)]
  8: f6->f19: 1 [O(1)]

Costbounds:
  Overall costbound: max{0, C}+max{7, 7+C} [O(n)]
  0: f0->f6: 1 [O(1)]
  3: f15->f19: 1 [O(1)]
  4: f15->f19: 1 [O(1)]
  5: f15->f19: 1 [O(1)]
  1: f6->f6: max{0, C} [O(n)]
  2: f6->f6: max{0, C} [O(n)]
  6: f6->f15: 1 [O(1)]
  7: f6->f15: 1 [O(1)]
  8: f6->f19: 1 [O(1)]

Sizebounds:
`Lower:
  0: f0->f6, A: 0 [O(1)]
  0: f0->f6, B: 0 [O(1)]
  0: f0->f6, C: C [O(n)]
  0: f0->f6, D: D [O(n)]
  3: f15->f19, A: 0 [O(1)]
  3: f15->f19, B: 0 [O(1)]
  3: f15->f19, C: -1 [O(1)]
  3: f15->f19, D: 1 [O(1)]
  4: f15->f19, A: 0 [O(1)]
  4: f15->f19, B: 0 [O(1)]
  4: f15->f19, C: 0 [O(1)]
  4: f15->f19, D: 0 [O(1)]
  5: f15->f19, A: 0 [O(1)]
  5: f15->f19, B: 0 [O(1)]
  5: f15->f19, C: -max{-1, -C} [O(n)]
  5: f15->f19, D: 0 [O(1)]
  1: f6->f6, A: 0 [O(1)]
  1: f6->f6, B: 1 [O(1)]
  1: f6->f6, C: 1 [O(1)]
  1: f6->f6, D: D [O(n)]
  2: f6->f6, A: 2 [O(1)]
  2: f6->f6, B: 1 [O(1)]
  2: f6->f6, C: 1 [O(1)]
  2: f6->f6, D: D [O(n)]
  6: f6->f15, A: 0 [O(1)]
  6: f6->f15, B: 1 [O(1)]
  6: f6->f15, C: 1 [O(1)]
  6: f6->f15, D: D [O(n)]
  7: f6->f15, A: 0 [O(1)]
  7: f6->f15, B: 0 [O(1)]
  7: f6->f15, C: -max{-1, -C} [O(n)]
  7: f6->f15, D: D [O(n)]
  8: f6->f19, A: 0 [O(1)]
  8: f6->f19, B: 0 [O(1)]
  8: f6->f19, C: 0 [O(1)]
  8: f6->f19, D: 1 [O(1)]
`Upper:
  0: f0->f6, A: 0 [O(1)]
  0: f0->f6, B: 0 [O(1)]
  0: f0->f6, C: C [O(n)]
  0: f0->f6, D: D [O(n)]
  3: f15->f19, A: 1+C [O(n)]
  3: f15->f19, B: max{0, 2*max{0, C}} [O(n)]
  3: f15->f19, C: C [O(n)]
  3: f15->f19, D: 1 [O(1)]
  4: f15->f19, A: max{0, 2*C} [O(n)]
  4: f15->f19, B: max{0, 2*max{0, C}} [O(n)]
  4: f15->f19, C: C [O(n)]
  4: f15->f19, D: 0 [O(1)]
  5: f15->f19, A: max{0, 2*C} [O(n)]
  5: f15->f19, B: max{0, 2*max{0, C}} [O(n)]
  5: f15->f19, C: C [O(n)]
  5: f15->f19, D: 0 [O(1)]
  1: f6->f6, A: max{0, 2*C} [O(n)]
  1: f6->f6, B: 2*max{0, C} [O(n)]
  1: f6->f6, C: C [O(n)]
  1: f6->f6, D: D [O(n)]
  2: f6->f6, A: max{0, 2*C} [O(n)]
  2: f6->f6, B: 2*max{0, C} [O(n)]
  2: f6->f6, C: C [O(n)]
  2: f6->f6, D: D [O(n)]
  6: f6->f15, A: max{0, 2*C} [O(n)]
  6: f6->f15, B: max{0, 2*max{0, C}} [O(n)]
  6: f6->f15, C: C [O(n)]
  6: f6->f15, D: D [O(n)]
  7: f6->f15, A: max{0, 2*C} [O(n)]
  7: f6->f15, B: max{0, 2*max{0, C}} [O(n)]
  7: f6->f15, C: C [O(n)]
  7: f6->f15, D: D [O(n)]
  8: f6->f19, A: max{0, 2*C} [O(n)]
  8: f6->f19, B: max{0, 2*max{0, C}} [O(n)]
  8: f6->f19, C: max{0, 2*C} [O(n)]
  8: f6->f19, D: 1 [O(1)]
