Timebounds: 
  Overall timebound: 1 [O(1)]
  13: f6->f7: 1 [O(1)]

Costbounds:
  Overall costbound: 1 [O(1)]
  13: f6->f7: 1 [O(1)]

Sizebounds:
`Lower:
  13: f6->f7, A: M1 [O(n)]
  13: f6->f7, A1: S1 [O(n)]
  13: f6->f7, B: K1 [O(n)]
  13: f6->f7, B1: Q1 [O(n)]
  13: f6->f7, C: C [O(n)]
  13: f6->f7, C1: R1 [O(n)]
  13: f6->f7, D: D [O(n)]
  13: f6->f7, D1: L1 [O(n)]
  13: f6->f7, E: 100 [O(1)]
  13: f6->f7, E1: T1 [O(n)]
  13: f6->f7, F: F [O(n)]
  13: f6->f7, F1: F1 [O(n)]
  13: f6->f7, G: N1 [O(n)]
  13: f6->f7, G1: G1 [O(n)]
  13: f6->f7, H: H [O(n)]
  13: f6->f7, H1: H1 [O(n)]
  13: f6->f7, I: I [O(n)]
  13: f6->f7, I1: I1 [O(n)]
  13: f6->f7, J: J [O(n)]
  13: f6->f7, J1: J1 [O(n)]
  13: f6->f7, K: K [O(n)]
  13: f6->f7, L: L [O(n)]
  13: f6->f7, M: M [O(n)]
  13: f6->f7, N: N [O(n)]
  13: f6->f7, O: O [O(n)]
  13: f6->f7, P: P [O(n)]
  13: f6->f7, Q: 0 [O(1)]
  13: f6->f7, R: R [O(n)]
  13: f6->f7, S: S [O(n)]
  13: f6->f7, T: T [O(n)]
  13: f6->f7, U: U [O(n)]
  13: f6->f7, V: V [O(n)]
  13: f6->f7, W: W [O(n)]
  13: f6->f7, X: O1 [O(n)]
  13: f6->f7, Y: Y [O(n)]
  13: f6->f7, Z: P1 [O(n)]
`Upper:
  13: f6->f7, A: 0 [O(1)]
  13: f6->f7, A1: S1 [O(n)]
  13: f6->f7, B: K1 [O(n)]
  13: f6->f7, B1: Q1 [O(n)]
  13: f6->f7, C: C [O(n)]
  13: f6->f7, C1: R1 [O(n)]
  13: f6->f7, D: D [O(n)]
  13: f6->f7, D1: L1 [O(n)]
  13: f6->f7, E: 100 [O(1)]
  13: f6->f7, E1: T1 [O(n)]
  13: f6->f7, F: F [O(n)]
  13: f6->f7, F1: F1 [O(n)]
  13: f6->f7, G: N1 [O(n)]
  13: f6->f7, G1: G1 [O(n)]
  13: f6->f7, H: H [O(n)]
  13: f6->f7, H1: H1 [O(n)]
  13: f6->f7, I: I [O(n)]
  13: f6->f7, I1: I1 [O(n)]
  13: f6->f7, J: J [O(n)]
  13: f6->f7, J1: J1 [O(n)]
  13: f6->f7, K: K [O(n)]
  13: f6->f7, L: L [O(n)]
  13: f6->f7, M: M [O(n)]
  13: f6->f7, N: N [O(n)]
  13: f6->f7, O: O [O(n)]
  13: f6->f7, P: P [O(n)]
  13: f6->f7, Q: 0 [O(1)]
  13: f6->f7, R: R [O(n)]
  13: f6->f7, S: S [O(n)]
  13: f6->f7, T: T [O(n)]
  13: f6->f7, U: U [O(n)]
  13: f6->f7, V: V [O(n)]
  13: f6->f7, W: W [O(n)]
  13: f6->f7, X: O1 [O(n)]
  13: f6->f7, Y: Y [O(n)]
  13: f6->f7, Z: P1 [O(n)]
