Timebounds: 
  Overall timebound: inf [Infinity]
  8: f1->f1: max{4, -4+4*C1} [O(n)]
  11: f1->f12: 1 [O(1)]
  12: f1->f12: 1 [O(1)]
  13: f1->f12: 1 [O(1)]
  14: f1->f12: 1 [O(1)]
  0: f12->f12: inf [Infinity]
  1: f12->f12: inf [Infinity]
  2: f12->f12: inf [Infinity]
  3: f12->f12: inf [Infinity]
  4: f12->f12: inf [Infinity]
  5: f12->f12: inf [Infinity]
  6: f12->f12: inf [Infinity]
  7: f12->f12: inf [Infinity]
  9: f8->f1: 1 [O(1)]
  10: f8->f9: 1 [O(1)]

Costbounds:
  Overall costbound: inf [Infinity]
  8: f1->f1: max{4, -4+4*C1} [O(n)]
  11: f1->f12: 1 [O(1)]
  12: f1->f12: 1 [O(1)]
  13: f1->f12: 1 [O(1)]
  14: f1->f12: 1 [O(1)]
  0: f12->f12: inf [Infinity]
  1: f12->f12: inf [Infinity]
  2: f12->f12: inf [Infinity]
  3: f12->f12: inf [Infinity]
  4: f12->f12: inf [Infinity]
  5: f12->f12: inf [Infinity]
  6: f12->f12: inf [Infinity]
  7: f12->f12: inf [Infinity]
  9: f8->f1: 1 [O(1)]
  10: f8->f9: 1 [O(1)]

Sizebounds:
`Lower:
  8: f1->f1, A: A [O(n)]
  8: f1->f1, A1: A1 [O(n)]
  8: f1->f1, B: B [O(n)]
  8: f1->f1, B1: B1 [O(n)]
  8: f1->f1, C: 3 [O(1)]
  8: f1->f1, D: D [O(n)]
  8: f1->f1, E: E [O(n)]
  8: f1->f1, F: F [O(n)]
  8: f1->f1, G: G [O(n)]
  8: f1->f1, H: H [O(n)]
  8: f1->f1, I: 3 [O(1)]
  8: f1->f1, J: 3 [O(1)]
  8: f1->f1, O: 2 [O(1)]
  8: f1->f1, P: E1 [O(n)]
  8: f1->f1, Q: D1 [O(n)]
  8: f1->f1, R: G1 [O(n)]
  8: f1->f1, S: 2 [O(1)]
  8: f1->f1, T: T [O(n)]
  8: f1->f1, U: U [O(n)]
  8: f1->f1, V: V [O(n)]
  8: f1->f1, W: W [O(n)]
  8: f1->f1, X: X [O(n)]
  8: f1->f1, Y: Y [O(n)]
  8: f1->f1, Z: Z [O(n)]
  11: f1->f12, A: A [O(n)]
  11: f1->f12, A1: A1 [O(n)]
  11: f1->f12, B1: 2 [O(1)]
  11: f1->f12, C: 2 [O(1)]
  11: f1->f12, E: E [O(n)]
  11: f1->f12, F: F [O(n)]
  11: f1->f12, G: G [O(n)]
  11: f1->f12, H: H [O(n)]
  11: f1->f12, J: 2 [O(1)]
  11: f1->f12, O: -max{-2, -O} [O(n)]
  11: f1->f12, P: E1 [O(n)]
  11: f1->f12, R: G1 [O(n)]
  11: f1->f12, S: 2 [O(1)]
  11: f1->f12, T: T [O(n)]
  11: f1->f12, U: U [O(n)]
  11: f1->f12, V: V [O(n)]
  11: f1->f12, W: W [O(n)]
  11: f1->f12, X: X [O(n)]
  12: f1->f12, A: A [O(n)]
  12: f1->f12, A1: A1 [O(n)]
  12: f1->f12, B1: 2 [O(1)]
  12: f1->f12, C: 2 [O(1)]
  12: f1->f12, D: 1 [O(1)]
  12: f1->f12, E: E [O(n)]
  12: f1->f12, F: F [O(n)]
  12: f1->f12, G: G [O(n)]
  12: f1->f12, H: H [O(n)]
  12: f1->f12, J: 2 [O(1)]
  12: f1->f12, O: -max{-2, -O} [O(n)]
  12: f1->f12, P: E1 [O(n)]
  12: f1->f12, R: G1 [O(n)]
  12: f1->f12, S: 2 [O(1)]
  12: f1->f12, T: T [O(n)]
  12: f1->f12, U: U [O(n)]
  12: f1->f12, V: V [O(n)]
  12: f1->f12, W: W [O(n)]
  12: f1->f12, X: X [O(n)]
  13: f1->f12, A: A [O(n)]
  13: f1->f12, A1: A1 [O(n)]
  13: f1->f12, B: 1 [O(1)]
  13: f1->f12, B1: 2 [O(1)]
  13: f1->f12, C: 2 [O(1)]
  13: f1->f12, E: E [O(n)]
  13: f1->f12, F: F [O(n)]
  13: f1->f12, G: G [O(n)]
  13: f1->f12, H: H [O(n)]
  13: f1->f12, J: 2 [O(1)]
  13: f1->f12, O: -max{-2, -O} [O(n)]
  13: f1->f12, P: E1 [O(n)]
  13: f1->f12, R: G1 [O(n)]
  13: f1->f12, S: 2 [O(1)]
  13: f1->f12, T: T [O(n)]
  13: f1->f12, U: U [O(n)]
  13: f1->f12, V: V [O(n)]
  13: f1->f12, W: W [O(n)]
  13: f1->f12, X: X [O(n)]
  14: f1->f12, A: A [O(n)]
  14: f1->f12, A1: A1 [O(n)]
  14: f1->f12, B: 1 [O(1)]
  14: f1->f12, B1: 2 [O(1)]
  14: f1->f12, C: 2 [O(1)]
  14: f1->f12, D: 1 [O(1)]
  14: f1->f12, E: E [O(n)]
  14: f1->f12, F: F [O(n)]
  14: f1->f12, G: G [O(n)]
  14: f1->f12, H: H [O(n)]
  14: f1->f12, J: 2 [O(1)]
  14: f1->f12, O: -max{-2, -O} [O(n)]
  14: f1->f12, P: E1 [O(n)]
  14: f1->f12, R: G1 [O(n)]
  14: f1->f12, S: 2 [O(1)]
  14: f1->f12, T: T [O(n)]
  14: f1->f12, U: U [O(n)]
  14: f1->f12, V: V [O(n)]
  14: f1->f12, W: W [O(n)]
  14: f1->f12, X: X [O(n)]
  0: f12->f12, A: 0 [O(1)]
  0: f12->f12, A1: A1 [O(n)]
  0: f12->f12, B1: 2 [O(1)]
  0: f12->f12, C: 2 [O(1)]
  0: f12->f12, F: G [O(n)]
  0: f12->f12, G: G [O(n)]
  0: f12->f12, H: 0 [O(1)]
  0: f12->f12, J: 2 [O(1)]
  0: f12->f12, O: -max{-2, -O} [O(n)]
  0: f12->f12, P: E1 [O(n)]
  0: f12->f12, R: G1 [O(n)]
  0: f12->f12, S: 2 [O(1)]
  0: f12->f12, T: T [O(n)]
  0: f12->f12, U: U [O(n)]
  0: f12->f12, V: V [O(n)]
  0: f12->f12, W: W [O(n)]
  0: f12->f12, X: X [O(n)]
  1: f12->f12, A: 0 [O(1)]
  1: f12->f12, A1: A1 [O(n)]
  1: f12->f12, B: 1 [O(1)]
  1: f12->f12, B1: 2 [O(1)]
  1: f12->f12, C: 2 [O(1)]
  1: f12->f12, E: 1 [O(1)]
  1: f12->f12, F: G [O(n)]
  1: f12->f12, G: G [O(n)]
  1: f12->f12, H: 0 [O(1)]
  1: f12->f12, J: 2 [O(1)]
  1: f12->f12, O: -max{-2, -O} [O(n)]
  1: f12->f12, P: E1 [O(n)]
  1: f12->f12, R: G1 [O(n)]
  1: f12->f12, S: 2 [O(1)]
  1: f12->f12, T: T [O(n)]
  1: f12->f12, U: U [O(n)]
  1: f12->f12, V: V [O(n)]
  1: f12->f12, W: W [O(n)]
  1: f12->f12, X: X [O(n)]
  2: f12->f12, A: 0 [O(1)]
  2: f12->f12, A1: A1 [O(n)]
  2: f12->f12, B1: 2 [O(1)]
  2: f12->f12, C: 2 [O(1)]
  2: f12->f12, D: 1 [O(1)]
  2: f12->f12, F: G [O(n)]
  2: f12->f12, G: G [O(n)]
  2: f12->f12, H: 0 [O(1)]
  2: f12->f12, J: 2 [O(1)]
  2: f12->f12, O: -max{-2, -O} [O(n)]
  2: f12->f12, P: E1 [O(n)]
  2: f12->f12, R: G1 [O(n)]
  2: f12->f12, S: 2 [O(1)]
  2: f12->f12, T: T [O(n)]
  2: f12->f12, U: U [O(n)]
  2: f12->f12, V: V [O(n)]
  2: f12->f12, W: W [O(n)]
  2: f12->f12, X: X [O(n)]
  3: f12->f12, A: 0 [O(1)]
  3: f12->f12, A1: A1 [O(n)]
  3: f12->f12, B: 1 [O(1)]
  3: f12->f12, B1: 2 [O(1)]
  3: f12->f12, C: 2 [O(1)]
  3: f12->f12, D: 1 [O(1)]
  3: f12->f12, E: 1 [O(1)]
  3: f12->f12, F: G [O(n)]
  3: f12->f12, G: G [O(n)]
  3: f12->f12, H: 0 [O(1)]
  3: f12->f12, J: 2 [O(1)]
  3: f12->f12, O: -max{-2, -O} [O(n)]
  3: f12->f12, P: E1 [O(n)]
  3: f12->f12, R: G1 [O(n)]
  3: f12->f12, S: 2 [O(1)]
  3: f12->f12, T: T [O(n)]
  3: f12->f12, U: U [O(n)]
  3: f12->f12, V: V [O(n)]
  3: f12->f12, W: W [O(n)]
  3: f12->f12, X: X [O(n)]
  4: f12->f12, A: 0 [O(1)]
  4: f12->f12, A1: A1 [O(n)]
  4: f12->f12, B1: 2 [O(1)]
  4: f12->f12, C: 2 [O(1)]
  4: f12->f12, F: G [O(n)]
  4: f12->f12, G: G [O(n)]
  4: f12->f12, H: 0 [O(1)]
  4: f12->f12, J: 2 [O(1)]
  4: f12->f12, O: -max{-2, -O} [O(n)]
  4: f12->f12, P: E1 [O(n)]
  4: f12->f12, R: G1 [O(n)]
  4: f12->f12, S: 2 [O(1)]
  4: f12->f12, T: T [O(n)]
  4: f12->f12, U: U [O(n)]
  4: f12->f12, V: V [O(n)]
  4: f12->f12, W: W [O(n)]
  4: f12->f12, X: X [O(n)]
  5: f12->f12, A: 0 [O(1)]
  5: f12->f12, A1: A1 [O(n)]
  5: f12->f12, B: 1 [O(1)]
  5: f12->f12, B1: 2 [O(1)]
  5: f12->f12, C: 2 [O(1)]
  5: f12->f12, E: 1 [O(1)]
  5: f12->f12, F: G [O(n)]
  5: f12->f12, G: G [O(n)]
  5: f12->f12, H: 0 [O(1)]
  5: f12->f12, J: 2 [O(1)]
  5: f12->f12, O: -max{-2, -O} [O(n)]
  5: f12->f12, P: E1 [O(n)]
  5: f12->f12, R: G1 [O(n)]
  5: f12->f12, S: 2 [O(1)]
  5: f12->f12, T: T [O(n)]
  5: f12->f12, U: U [O(n)]
  5: f12->f12, V: V [O(n)]
  5: f12->f12, W: W [O(n)]
  5: f12->f12, X: X [O(n)]
  6: f12->f12, A: 0 [O(1)]
  6: f12->f12, A1: A1 [O(n)]
  6: f12->f12, B1: 2 [O(1)]
  6: f12->f12, C: 2 [O(1)]
  6: f12->f12, D: 1 [O(1)]
  6: f12->f12, F: G [O(n)]
  6: f12->f12, G: G [O(n)]
  6: f12->f12, H: 0 [O(1)]
  6: f12->f12, J: 2 [O(1)]
  6: f12->f12, O: -max{-2, -O} [O(n)]
  6: f12->f12, P: E1 [O(n)]
  6: f12->f12, R: G1 [O(n)]
  6: f12->f12, S: 2 [O(1)]
  6: f12->f12, T: T [O(n)]
  6: f12->f12, U: U [O(n)]
  6: f12->f12, V: V [O(n)]
  6: f12->f12, W: W [O(n)]
  6: f12->f12, X: X [O(n)]
  7: f12->f12, A: 0 [O(1)]
  7: f12->f12, A1: A1 [O(n)]
  7: f12->f12, B: 1 [O(1)]
  7: f12->f12, B1: 2 [O(1)]
  7: f12->f12, C: 2 [O(1)]
  7: f12->f12, D: 1 [O(1)]
  7: f12->f12, E: 1 [O(1)]
  7: f12->f12, F: G [O(n)]
  7: f12->f12, G: G [O(n)]
  7: f12->f12, H: 0 [O(1)]
  7: f12->f12, J: 2 [O(1)]
  7: f12->f12, O: -max{-2, -O} [O(n)]
  7: f12->f12, P: E1 [O(n)]
  7: f12->f12, R: G1 [O(n)]
  7: f12->f12, S: 2 [O(1)]
  7: f12->f12, T: T [O(n)]
  7: f12->f12, U: U [O(n)]
  7: f12->f12, V: V [O(n)]
  7: f12->f12, W: W [O(n)]
  7: f12->f12, X: X [O(n)]
  9: f8->f1, A: A [O(n)]
  9: f8->f1, A1: A1 [O(n)]
  9: f8->f1, B: B [O(n)]
  9: f8->f1, B1: B1 [O(n)]
  9: f8->f1, C: 2 [O(1)]
  9: f8->f1, D: D [O(n)]
  9: f8->f1, E: E [O(n)]
  9: f8->f1, F: F [O(n)]
  9: f8->f1, G: G [O(n)]
  9: f8->f1, H: H [O(n)]
  9: f8->f1, I: 2 [O(1)]
  9: f8->f1, J: 2 [O(1)]
  9: f8->f1, K: D1 [O(n)]
  9: f8->f1, L: F1 [O(n)]
  9: f8->f1, M: D1 [O(n)]
  9: f8->f1, N: N [O(n)]
  9: f8->f1, O: O [O(n)]
  9: f8->f1, P: E1 [O(n)]
  9: f8->f1, Q: D1 [O(n)]
  9: f8->f1, R: G1 [O(n)]
  9: f8->f1, S: 2 [O(1)]
  9: f8->f1, T: T [O(n)]
  9: f8->f1, U: U [O(n)]
  9: f8->f1, V: V [O(n)]
  9: f8->f1, W: W [O(n)]
  9: f8->f1, X: X [O(n)]
  9: f8->f1, Y: Y [O(n)]
  9: f8->f1, Z: Z [O(n)]
  10: f8->f9, A: A [O(n)]
  10: f8->f9, A1: U1 [O(n)]
  10: f8->f9, B: 0 [O(1)]
  10: f8->f9, B1: B1 [O(n)]
  10: f8->f9, C: C1 [O(n)]
  10: f8->f9, D: 0 [O(1)]
  10: f8->f9, E: E [O(n)]
  10: f8->f9, F: F [O(n)]
  10: f8->f9, G: G [O(n)]
  10: f8->f9, H: H [O(n)]
  10: f8->f9, I: N1 [O(n)]
  10: f8->f9, J: L1 [O(n)]
  10: f8->f9, K: O1 [O(n)]
  10: f8->f9, L: R1 [O(n)]
  10: f8->f9, M: Q1 [O(n)]
  10: f8->f9, N: N [O(n)]
  10: f8->f9, O: O [O(n)]
  10: f8->f9, P: M1 [O(n)]
  10: f8->f9, Q: P1 [O(n)]
  10: f8->f9, R: R [O(n)]
  10: f8->f9, S: S [O(n)]
  10: f8->f9, T: E1 [O(n)]
  10: f8->f9, U: D1 [O(n)]
  10: f8->f9, V: F1 [O(n)]
  10: f8->f9, W: G1 [O(n)]
  10: f8->f9, X: K1 [O(n)]
  10: f8->f9, Y: S1 [O(n)]
  10: f8->f9, Z: T1 [O(n)]
`Upper:
  8: f1->f1, A: A [O(n)]
  8: f1->f1, A1: A1 [O(n)]
  8: f1->f1, B: B [O(n)]
  8: f1->f1, B1: B1 [O(n)]
  8: f1->f1, C: C1 [O(n)]
  8: f1->f1, D: D [O(n)]
  8: f1->f1, E: E [O(n)]
  8: f1->f1, F: F [O(n)]
  8: f1->f1, G: G [O(n)]
  8: f1->f1, H: H [O(n)]
  8: f1->f1, I: C1 [O(n)]
  8: f1->f1, J: max{6, -2+4*C1} [O(n)]
  8: f1->f1, O: max{2, 6, -2+4*C1} [O(n)]
  8: f1->f1, P: E1 [O(n)]
  8: f1->f1, Q: D1 [O(n)]
  8: f1->f1, R: G1 [O(n)]
  8: f1->f1, S: 2 [O(1)]
  8: f1->f1, T: T [O(n)]
  8: f1->f1, U: U [O(n)]
  8: f1->f1, V: V [O(n)]
  8: f1->f1, W: W [O(n)]
  8: f1->f1, X: X [O(n)]
  8: f1->f1, Y: Y [O(n)]
  8: f1->f1, Z: Z [O(n)]
  11: f1->f12, A: A [O(n)]
  11: f1->f12, A1: A1 [O(n)]
  11: f1->f12, B: -1 [O(1)]
  11: f1->f12, D: -1 [O(1)]
  11: f1->f12, E: E [O(n)]
  11: f1->f12, F: F [O(n)]
  11: f1->f12, G: G [O(n)]
  11: f1->f12, H: H [O(n)]
  11: f1->f12, O: max{2, 6, max{O, -2+4*C1}} [O(n)]
  11: f1->f12, P: E1 [O(n)]
  11: f1->f12, R: G1 [O(n)]
  11: f1->f12, S: 2 [O(1)]
  11: f1->f12, T: T [O(n)]
  11: f1->f12, U: U [O(n)]
  11: f1->f12, V: V [O(n)]
  11: f1->f12, W: W [O(n)]
  11: f1->f12, X: X [O(n)]
  12: f1->f12, A: A [O(n)]
  12: f1->f12, A1: A1 [O(n)]
  12: f1->f12, B: -1 [O(1)]
  12: f1->f12, E: E [O(n)]
  12: f1->f12, F: F [O(n)]
  12: f1->f12, G: G [O(n)]
  12: f1->f12, H: H [O(n)]
  12: f1->f12, O: max{2, 6, max{O, -2+4*C1}} [O(n)]
  12: f1->f12, P: E1 [O(n)]
  12: f1->f12, R: G1 [O(n)]
  12: f1->f12, S: 2 [O(1)]
  12: f1->f12, T: T [O(n)]
  12: f1->f12, U: U [O(n)]
  12: f1->f12, V: V [O(n)]
  12: f1->f12, W: W [O(n)]
  12: f1->f12, X: X [O(n)]
  13: f1->f12, A: A [O(n)]
  13: f1->f12, A1: A1 [O(n)]
  13: f1->f12, D: -1 [O(1)]
  13: f1->f12, E: E [O(n)]
  13: f1->f12, F: F [O(n)]
  13: f1->f12, G: G [O(n)]
  13: f1->f12, H: H [O(n)]
  13: f1->f12, O: max{2, 6, max{O, -2+4*C1}} [O(n)]
  13: f1->f12, P: E1 [O(n)]
  13: f1->f12, R: G1 [O(n)]
  13: f1->f12, S: 2 [O(1)]
  13: f1->f12, T: T [O(n)]
  13: f1->f12, U: U [O(n)]
  13: f1->f12, V: V [O(n)]
  13: f1->f12, W: W [O(n)]
  13: f1->f12, X: X [O(n)]
  14: f1->f12, A: A [O(n)]
  14: f1->f12, A1: A1 [O(n)]
  14: f1->f12, E: E [O(n)]
  14: f1->f12, F: F [O(n)]
  14: f1->f12, G: G [O(n)]
  14: f1->f12, H: H [O(n)]
  14: f1->f12, O: max{2, 6, max{O, -2+4*C1}} [O(n)]
  14: f1->f12, P: E1 [O(n)]
  14: f1->f12, R: G1 [O(n)]
  14: f1->f12, S: 2 [O(1)]
  14: f1->f12, T: T [O(n)]
  14: f1->f12, U: U [O(n)]
  14: f1->f12, V: V [O(n)]
  14: f1->f12, W: W [O(n)]
  14: f1->f12, X: X [O(n)]
  0: f12->f12, A: A [O(n)]
  0: f12->f12, A1: A1 [O(n)]
  0: f12->f12, B: -1 [O(1)]
  0: f12->f12, D: -1 [O(1)]
  0: f12->f12, E: -1 [O(1)]
  0: f12->f12, F: G [O(n)]
  0: f12->f12, G: G [O(n)]
  0: f12->f12, H: A [O(n)]
  0: f12->f12, O: max{2, 6, max{O, -2+4*C1}} [O(n)]
  0: f12->f12, P: E1 [O(n)]
  0: f12->f12, R: G1 [O(n)]
  0: f12->f12, S: 2 [O(1)]
  0: f12->f12, T: T [O(n)]
  0: f12->f12, U: U [O(n)]
  0: f12->f12, V: V [O(n)]
  0: f12->f12, W: W [O(n)]
  0: f12->f12, X: X [O(n)]
  1: f12->f12, A: A [O(n)]
  1: f12->f12, A1: A1 [O(n)]
  1: f12->f12, D: -1 [O(1)]
  1: f12->f12, F: G [O(n)]
  1: f12->f12, G: G [O(n)]
  1: f12->f12, H: A [O(n)]
  1: f12->f12, O: max{2, 6, max{O, -2+4*C1}} [O(n)]
  1: f12->f12, P: E1 [O(n)]
  1: f12->f12, R: G1 [O(n)]
  1: f12->f12, S: 2 [O(1)]
  1: f12->f12, T: T [O(n)]
  1: f12->f12, U: U [O(n)]
  1: f12->f12, V: V [O(n)]
  1: f12->f12, W: W [O(n)]
  1: f12->f12, X: X [O(n)]
  2: f12->f12, A: A [O(n)]
  2: f12->f12, A1: A1 [O(n)]
  2: f12->f12, B: -1 [O(1)]
  2: f12->f12, E: -1 [O(1)]
  2: f12->f12, F: G [O(n)]
  2: f12->f12, G: G [O(n)]
  2: f12->f12, H: A [O(n)]
  2: f12->f12, O: max{2, 6, max{O, -2+4*C1}} [O(n)]
  2: f12->f12, P: E1 [O(n)]
  2: f12->f12, R: G1 [O(n)]
  2: f12->f12, S: 2 [O(1)]
  2: f12->f12, T: T [O(n)]
  2: f12->f12, U: U [O(n)]
  2: f12->f12, V: V [O(n)]
  2: f12->f12, W: W [O(n)]
  2: f12->f12, X: X [O(n)]
  3: f12->f12, A: A [O(n)]
  3: f12->f12, A1: A1 [O(n)]
  3: f12->f12, F: G [O(n)]
  3: f12->f12, G: G [O(n)]
  3: f12->f12, H: A [O(n)]
  3: f12->f12, O: max{2, 6, max{O, -2+4*C1}} [O(n)]
  3: f12->f12, P: E1 [O(n)]
  3: f12->f12, R: G1 [O(n)]
  3: f12->f12, S: 2 [O(1)]
  3: f12->f12, T: T [O(n)]
  3: f12->f12, U: U [O(n)]
  3: f12->f12, V: V [O(n)]
  3: f12->f12, W: W [O(n)]
  3: f12->f12, X: X [O(n)]
  4: f12->f12, A: A [O(n)]
  4: f12->f12, A1: A1 [O(n)]
  4: f12->f12, B: -1 [O(1)]
  4: f12->f12, D: -1 [O(1)]
  4: f12->f12, E: -1 [O(1)]
  4: f12->f12, F: G [O(n)]
  4: f12->f12, G: G [O(n)]
  4: f12->f12, H: A [O(n)]
  4: f12->f12, O: max{2, 6, max{O, -2+4*C1}} [O(n)]
  4: f12->f12, P: E1 [O(n)]
  4: f12->f12, R: G1 [O(n)]
  4: f12->f12, S: 2 [O(1)]
  4: f12->f12, T: T [O(n)]
  4: f12->f12, U: U [O(n)]
  4: f12->f12, V: V [O(n)]
  4: f12->f12, W: W [O(n)]
  4: f12->f12, X: X [O(n)]
  5: f12->f12, A: A [O(n)]
  5: f12->f12, A1: A1 [O(n)]
  5: f12->f12, D: -1 [O(1)]
  5: f12->f12, F: G [O(n)]
  5: f12->f12, G: G [O(n)]
  5: f12->f12, H: A [O(n)]
  5: f12->f12, O: max{2, 6, max{O, -2+4*C1}} [O(n)]
  5: f12->f12, P: E1 [O(n)]
  5: f12->f12, R: G1 [O(n)]
  5: f12->f12, S: 2 [O(1)]
  5: f12->f12, T: T [O(n)]
  5: f12->f12, U: U [O(n)]
  5: f12->f12, V: V [O(n)]
  5: f12->f12, W: W [O(n)]
  5: f12->f12, X: X [O(n)]
  6: f12->f12, A: A [O(n)]
  6: f12->f12, A1: A1 [O(n)]
  6: f12->f12, B: -1 [O(1)]
  6: f12->f12, E: -1 [O(1)]
  6: f12->f12, F: G [O(n)]
  6: f12->f12, G: G [O(n)]
  6: f12->f12, H: A [O(n)]
  6: f12->f12, O: max{2, 6, max{O, -2+4*C1}} [O(n)]
  6: f12->f12, P: E1 [O(n)]
  6: f12->f12, R: G1 [O(n)]
  6: f12->f12, S: 2 [O(1)]
  6: f12->f12, T: T [O(n)]
  6: f12->f12, U: U [O(n)]
  6: f12->f12, V: V [O(n)]
  6: f12->f12, W: W [O(n)]
  6: f12->f12, X: X [O(n)]
  7: f12->f12, A: A [O(n)]
  7: f12->f12, A1: A1 [O(n)]
  7: f12->f12, F: G [O(n)]
  7: f12->f12, G: G [O(n)]
  7: f12->f12, H: A [O(n)]
  7: f12->f12, O: max{2, 6, max{O, -2+4*C1}} [O(n)]
  7: f12->f12, P: E1 [O(n)]
  7: f12->f12, R: G1 [O(n)]
  7: f12->f12, S: 2 [O(1)]
  7: f12->f12, T: T [O(n)]
  7: f12->f12, U: U [O(n)]
  7: f12->f12, V: V [O(n)]
  7: f12->f12, W: W [O(n)]
  7: f12->f12, X: X [O(n)]
  9: f8->f1, A: A [O(n)]
  9: f8->f1, A1: A1 [O(n)]
  9: f8->f1, B: B [O(n)]
  9: f8->f1, B1: B1 [O(n)]
  9: f8->f1, C: C1 [O(n)]
  9: f8->f1, D: D [O(n)]
  9: f8->f1, E: E [O(n)]
  9: f8->f1, F: F [O(n)]
  9: f8->f1, G: G [O(n)]
  9: f8->f1, H: H [O(n)]
  9: f8->f1, I: C1 [O(n)]
  9: f8->f1, J: 2 [O(1)]
  9: f8->f1, K: D1 [O(n)]
  9: f8->f1, L: F1 [O(n)]
  9: f8->f1, M: D1 [O(n)]
  9: f8->f1, N: N [O(n)]
  9: f8->f1, O: O [O(n)]
  9: f8->f1, P: E1 [O(n)]
  9: f8->f1, Q: D1 [O(n)]
  9: f8->f1, R: G1 [O(n)]
  9: f8->f1, S: 2 [O(1)]
  9: f8->f1, T: T [O(n)]
  9: f8->f1, U: U [O(n)]
  9: f8->f1, V: V [O(n)]
  9: f8->f1, W: W [O(n)]
  9: f8->f1, X: X [O(n)]
  9: f8->f1, Y: Y [O(n)]
  9: f8->f1, Z: Z [O(n)]
  10: f8->f9, A: A [O(n)]
  10: f8->f9, A1: U1 [O(n)]
  10: f8->f9, B: 0 [O(1)]
  10: f8->f9, B1: B1 [O(n)]
  10: f8->f9, C: 0 [O(1)]
  10: f8->f9, D: 0 [O(1)]
  10: f8->f9, E: E [O(n)]
  10: f8->f9, F: F [O(n)]
  10: f8->f9, G: G [O(n)]
  10: f8->f9, H: H [O(n)]
  10: f8->f9, I: N1 [O(n)]
  10: f8->f9, J: L1 [O(n)]
  10: f8->f9, K: O1 [O(n)]
  10: f8->f9, L: R1 [O(n)]
  10: f8->f9, M: Q1 [O(n)]
  10: f8->f9, N: N [O(n)]
  10: f8->f9, O: O [O(n)]
  10: f8->f9, P: M1 [O(n)]
  10: f8->f9, Q: P1 [O(n)]
  10: f8->f9, R: R [O(n)]
  10: f8->f9, S: S [O(n)]
  10: f8->f9, T: E1 [O(n)]
  10: f8->f9, U: D1 [O(n)]
  10: f8->f9, V: F1 [O(n)]
  10: f8->f9, W: G1 [O(n)]
  10: f8->f9, X: K1 [O(n)]
  10: f8->f9, Y: S1 [O(n)]
  10: f8->f9, Z: T1 [O(n)]
