Timebounds: 
  Overall timebound: 12 [O(1)]
  0: f0->f4: 1 [O(1)]
  1: f0->f0: 10 [O(1)]
  4: f3->f0: 1 [O(1)]

Costbounds:
  Overall costbound: 12 [O(1)]
  0: f0->f4: 1 [O(1)]
  1: f0->f0: 10 [O(1)]
  4: f3->f0: 1 [O(1)]

Sizebounds:
`Lower:
  0: f0->f4, A: 10 [O(1)]
  0: f0->f4, C: -max{0, -C} [O(n)]
  0: f0->f4, D: -max{0, -D} [O(n)]
  1: f0->f0, A: 1 [O(1)]
  1: f0->f0, B: -max{0, -B} [O(n)]
  1: f0->f0, C: 0 [O(1)]
  1: f0->f0, D: -max{0, -D} [O(n)]
  4: f3->f0, A: 0 [O(1)]
  4: f3->f0, B: B [O(n)]
  4: f3->f0, C: C [O(n)]
  4: f3->f0, D: D [O(n)]
`Upper:
  0: f0->f4, A: 10 [O(1)]
  0: f0->f4, C: max{9, C} [O(n)]
  0: f0->f4, D: max{0, D} [O(n)]
  1: f0->f0, A: 10 [O(1)]
  1: f0->f0, B: max{0, B} [O(n)]
  1: f0->f0, C: 9 [O(1)]
  1: f0->f0, D: max{0, D} [O(n)]
  4: f3->f0, A: 0 [O(1)]
  4: f3->f0, B: B [O(n)]
  4: f3->f0, C: C [O(n)]
  4: f3->f0, D: D [O(n)]
