Timebounds: 
  Overall timebound: inf [Infinity]
  1: f1->f1: max{4, -4+4*C1} [O(n)]
  4: f1->f12: 1 [O(1)]
  0: f12->f12: inf [Infinity]
  5: f12->f9: 1 [O(1)]
  2: f8->f1: 1 [O(1)]
  3: f8->f9: 1 [O(1)]
  6: f8->f9: 1 [O(1)]

Costbounds:
  Overall costbound: inf [Infinity]
  1: f1->f1: max{4, -4+4*C1} [O(n)]
  4: f1->f12: 1 [O(1)]
  0: f12->f12: inf [Infinity]
  5: f12->f9: 1 [O(1)]
  2: f8->f1: 1 [O(1)]
  3: f8->f9: 1 [O(1)]
  6: f8->f9: 1 [O(1)]

Sizebounds:
`Lower:
  1: f1->f1, A: A [O(n)]
  1: f1->f1, A1: A1 [O(n)]
  1: f1->f1, B: 2 [O(1)]
  1: f1->f1, B1: B1 [O(n)]
  1: f1->f1, C: C [O(n)]
  1: f1->f1, C1: -inf [Infinity]
  1: f1->f1, D: D [O(n)]
  1: f1->f1, D1: -inf [Infinity]
  1: f1->f1, E: E [O(n)]
  1: f1->f1, E1: -inf [Infinity]
  1: f1->f1, F: F [O(n)]
  1: f1->f1, F1: -inf [Infinity]
  1: f1->f1, G: G [O(n)]
  1: f1->f1, G1: -inf [Infinity]
  1: f1->f1, H: H [O(n)]
  1: f1->f1, H1: -inf [Infinity]
  1: f1->f1, I: 3 [O(1)]
  1: f1->f1, I1: -inf [Infinity]
  1: f1->f1, J: 3 [O(1)]
  1: f1->f1, J1: -inf [Infinity]
  1: f1->f1, K: -inf [Infinity]
  1: f1->f1, K1: -inf [Infinity]
  1: f1->f1, L: -inf [Infinity]
  1: f1->f1, L1: -inf [Infinity]
  1: f1->f1, M: -inf [Infinity]
  1: f1->f1, M1: -inf [Infinity]
  1: f1->f1, N: -inf [Infinity]
  1: f1->f1, N1: -inf [Infinity]
  1: f1->f1, O: 2 [O(1)]
  1: f1->f1, O1: -inf [Infinity]
  1: f1->f1, P: D1 [O(n)]
  1: f1->f1, P1: -inf [Infinity]
  1: f1->f1, Q: E1 [O(n)]
  1: f1->f1, Q1: -inf [Infinity]
  1: f1->f1, R: G1 [O(n)]
  1: f1->f1, R1: -inf [Infinity]
  1: f1->f1, S: 2 [O(1)]
  1: f1->f1, S1: -inf [Infinity]
  1: f1->f1, T: T [O(n)]
  1: f1->f1, T1: -inf [Infinity]
  1: f1->f1, U: U [O(n)]
  1: f1->f1, U1: -inf [Infinity]
  1: f1->f1, V: V [O(n)]
  1: f1->f1, W: W [O(n)]
  1: f1->f1, X: X [O(n)]
  1: f1->f1, Y: Y [O(n)]
  1: f1->f1, Z: Z [O(n)]
  4: f1->f12, A: A [O(n)]
  4: f1->f12, A1: A1 [O(n)]
  4: f1->f12, B: 2 [O(1)]
  4: f1->f12, B1: 2 [O(1)]
  4: f1->f12, C: -inf [Infinity]
  4: f1->f12, C1: -inf [Infinity]
  4: f1->f12, D: D [O(n)]
  4: f1->f12, D1: -inf [Infinity]
  4: f1->f12, E: -inf [Infinity]
  4: f1->f12, E1: -inf [Infinity]
  4: f1->f12, F: F [O(n)]
  4: f1->f12, F1: -inf [Infinity]
  4: f1->f12, G: G [O(n)]
  4: f1->f12, G1: -inf [Infinity]
  4: f1->f12, H: H [O(n)]
  4: f1->f12, H1: -inf [Infinity]
  4: f1->f12, I: -inf [Infinity]
  4: f1->f12, I1: -inf [Infinity]
  4: f1->f12, J: 2 [O(1)]
  4: f1->f12, J1: -inf [Infinity]
  4: f1->f12, K: -inf [Infinity]
  4: f1->f12, K1: -inf [Infinity]
  4: f1->f12, L: -inf [Infinity]
  4: f1->f12, L1: -inf [Infinity]
  4: f1->f12, M: -inf [Infinity]
  4: f1->f12, M1: -inf [Infinity]
  4: f1->f12, N: -inf [Infinity]
  4: f1->f12, N1: -inf [Infinity]
  4: f1->f12, O: -max{-2, -O} [O(n)]
  4: f1->f12, O1: -inf [Infinity]
  4: f1->f12, P: D1 [O(n)]
  4: f1->f12, P1: -inf [Infinity]
  4: f1->f12, Q: -inf [Infinity]
  4: f1->f12, Q1: -inf [Infinity]
  4: f1->f12, R: G1 [O(n)]
  4: f1->f12, R1: -inf [Infinity]
  4: f1->f12, S: 2 [O(1)]
  4: f1->f12, S1: -inf [Infinity]
  4: f1->f12, T: T [O(n)]
  4: f1->f12, T1: -inf [Infinity]
  4: f1->f12, U: U [O(n)]
  4: f1->f12, U1: -inf [Infinity]
  4: f1->f12, V: V [O(n)]
  4: f1->f12, W: W [O(n)]
  4: f1->f12, X: X [O(n)]
  4: f1->f12, Y: -inf [Infinity]
  4: f1->f12, Z: -inf [Infinity]
  0: f12->f12, A: A [O(n)]
  0: f12->f12, A1: A1 [O(n)]
  0: f12->f12, B: -inf [Infinity]
  0: f12->f12, B1: 2 [O(1)]
  0: f12->f12, C: -inf [Infinity]
  0: f12->f12, C1: -inf [Infinity]
  0: f12->f12, D: -inf [Infinity]
  0: f12->f12, D1: -inf [Infinity]
  0: f12->f12, E: -inf [Infinity]
  0: f12->f12, E1: -inf [Infinity]
  0: f12->f12, F: G [O(n)]
  0: f12->f12, F1: -inf [Infinity]
  0: f12->f12, G: G [O(n)]
  0: f12->f12, G1: -inf [Infinity]
  0: f12->f12, H: 0 [O(1)]
  0: f12->f12, H1: -inf [Infinity]
  0: f12->f12, I: -inf [Infinity]
  0: f12->f12, I1: -inf [Infinity]
  0: f12->f12, J: 2 [O(1)]
  0: f12->f12, J1: -inf [Infinity]
  0: f12->f12, K: -inf [Infinity]
  0: f12->f12, K1: -inf [Infinity]
  0: f12->f12, L: -inf [Infinity]
  0: f12->f12, L1: -inf [Infinity]
  0: f12->f12, M: -inf [Infinity]
  0: f12->f12, M1: -inf [Infinity]
  0: f12->f12, N: -inf [Infinity]
  0: f12->f12, N1: -inf [Infinity]
  0: f12->f12, O: -max{-2, -O} [O(n)]
  0: f12->f12, O1: -inf [Infinity]
  0: f12->f12, P: D1 [O(n)]
  0: f12->f12, P1: -inf [Infinity]
  0: f12->f12, Q: -inf [Infinity]
  0: f12->f12, Q1: -inf [Infinity]
  0: f12->f12, R: G1 [O(n)]
  0: f12->f12, R1: -inf [Infinity]
  0: f12->f12, S: 2 [O(1)]
  0: f12->f12, S1: -inf [Infinity]
  0: f12->f12, T: T [O(n)]
  0: f12->f12, T1: -inf [Infinity]
  0: f12->f12, U: U [O(n)]
  0: f12->f12, U1: -inf [Infinity]
  0: f12->f12, V: V [O(n)]
  0: f12->f12, W: W [O(n)]
  0: f12->f12, X: X [O(n)]
  0: f12->f12, Y: -inf [Infinity]
  0: f12->f12, Z: -inf [Infinity]
  5: f12->f9, A: 0 [O(1)]
  5: f12->f9, A1: -inf [Infinity]
  5: f12->f9, B: 2 [O(1)]
  5: f12->f9, B1: 2 [O(1)]
  5: f12->f9, C: 0 [O(1)]
  5: f12->f9, C1: -inf [Infinity]
  5: f12->f9, D: -inf [Infinity]
  5: f12->f9, D1: -inf [Infinity]
  5: f12->f9, E: 0 [O(1)]
  5: f12->f9, E1: -inf [Infinity]
  5: f12->f9, F: -max{-G, -F} [O(n)]
  5: f12->f9, F1: -inf [Infinity]
  5: f12->f9, G: G [O(n)]
  5: f12->f9, G1: -inf [Infinity]
  5: f12->f9, H: -max{0, -H} [O(n)]
  5: f12->f9, H1: -inf [Infinity]
  5: f12->f9, I: -inf [Infinity]
  5: f12->f9, I1: -inf [Infinity]
  5: f12->f9, J: 2 [O(1)]
  5: f12->f9, J1: -inf [Infinity]
  5: f12->f9, K: -inf [Infinity]
  5: f12->f9, K1: -inf [Infinity]
  5: f12->f9, L: -inf [Infinity]
  5: f12->f9, L1: -inf [Infinity]
  5: f12->f9, M: -inf [Infinity]
  5: f12->f9, M1: -inf [Infinity]
  5: f12->f9, N: -inf [Infinity]
  5: f12->f9, N1: -inf [Infinity]
  5: f12->f9, O: -max{-2, -O} [O(n)]
  5: f12->f9, O1: -inf [Infinity]
  5: f12->f9, P: D1 [O(n)]
  5: f12->f9, P1: -inf [Infinity]
  5: f12->f9, Q: -inf [Infinity]
  5: f12->f9, Q1: -inf [Infinity]
  5: f12->f9, R: G1 [O(n)]
  5: f12->f9, R1: -inf [Infinity]
  5: f12->f9, S: 2 [O(1)]
  5: f12->f9, S1: -inf [Infinity]
  5: f12->f9, T: -inf [Infinity]
  5: f12->f9, T1: -inf [Infinity]
  5: f12->f9, U: -inf [Infinity]
  5: f12->f9, U1: -inf [Infinity]
  5: f12->f9, V: -inf [Infinity]
  5: f12->f9, W: -inf [Infinity]
  5: f12->f9, X: -inf [Infinity]
  5: f12->f9, Y: -inf [Infinity]
  5: f12->f9, Z: -inf [Infinity]
  2: f8->f1, A: A [O(n)]
  2: f8->f1, A1: A1 [O(n)]
  2: f8->f1, B: 2 [O(1)]
  2: f8->f1, B1: B1 [O(n)]
  2: f8->f1, C: C [O(n)]
  2: f8->f1, C1: -inf [Infinity]
  2: f8->f1, D: D [O(n)]
  2: f8->f1, D1: -inf [Infinity]
  2: f8->f1, E: E [O(n)]
  2: f8->f1, E1: -inf [Infinity]
  2: f8->f1, F: F [O(n)]
  2: f8->f1, F1: -inf [Infinity]
  2: f8->f1, G: G [O(n)]
  2: f8->f1, G1: -inf [Infinity]
  2: f8->f1, H: H [O(n)]
  2: f8->f1, H1: -inf [Infinity]
  2: f8->f1, I: 2 [O(1)]
  2: f8->f1, I1: -inf [Infinity]
  2: f8->f1, J: 2 [O(1)]
  2: f8->f1, J1: -inf [Infinity]
  2: f8->f1, K: E1 [O(n)]
  2: f8->f1, K1: -inf [Infinity]
  2: f8->f1, L: F1 [O(n)]
  2: f8->f1, L1: -inf [Infinity]
  2: f8->f1, M: E1 [O(n)]
  2: f8->f1, M1: -inf [Infinity]
  2: f8->f1, N: N [O(n)]
  2: f8->f1, N1: -inf [Infinity]
  2: f8->f1, O: O [O(n)]
  2: f8->f1, O1: -inf [Infinity]
  2: f8->f1, P: D1 [O(n)]
  2: f8->f1, P1: -inf [Infinity]
  2: f8->f1, Q: E1 [O(n)]
  2: f8->f1, Q1: -inf [Infinity]
  2: f8->f1, R: G1 [O(n)]
  2: f8->f1, R1: -inf [Infinity]
  2: f8->f1, S: 2 [O(1)]
  2: f8->f1, S1: -inf [Infinity]
  2: f8->f1, T: T [O(n)]
  2: f8->f1, T1: -inf [Infinity]
  2: f8->f1, U: U [O(n)]
  2: f8->f1, U1: -inf [Infinity]
  2: f8->f1, V: V [O(n)]
  2: f8->f1, W: W [O(n)]
  2: f8->f1, X: X [O(n)]
  2: f8->f1, Y: Y [O(n)]
  2: f8->f1, Z: Z [O(n)]
  3: f8->f9, A: A [O(n)]
  3: f8->f9, A1: U1 [O(n)]
  3: f8->f9, B: C1 [O(n)]
  3: f8->f9, B1: B1 [O(n)]
  3: f8->f9, C: 0 [O(1)]
  3: f8->f9, C1: -inf [Infinity]
  3: f8->f9, D: D [O(n)]
  3: f8->f9, D1: -inf [Infinity]
  3: f8->f9, E: 0 [O(1)]
  3: f8->f9, E1: -inf [Infinity]
  3: f8->f9, F: F [O(n)]
  3: f8->f9, F1: -inf [Infinity]
  3: f8->f9, G: G [O(n)]
  3: f8->f9, G1: -inf [Infinity]
  3: f8->f9, H: H [O(n)]
  3: f8->f9, H1: -inf [Infinity]
  3: f8->f9, I: N1 [O(n)]
  3: f8->f9, I1: -inf [Infinity]
  3: f8->f9, J: L1 [O(n)]
  3: f8->f9, J1: -inf [Infinity]
  3: f8->f9, K: O1 [O(n)]
  3: f8->f9, K1: -inf [Infinity]
  3: f8->f9, L: R1 [O(n)]
  3: f8->f9, L1: -inf [Infinity]
  3: f8->f9, M: Q1 [O(n)]
  3: f8->f9, M1: -inf [Infinity]
  3: f8->f9, N: N [O(n)]
  3: f8->f9, N1: -inf [Infinity]
  3: f8->f9, O: O [O(n)]
  3: f8->f9, O1: -inf [Infinity]
  3: f8->f9, P: M1 [O(n)]
  3: f8->f9, P1: -inf [Infinity]
  3: f8->f9, Q: P1 [O(n)]
  3: f8->f9, Q1: -inf [Infinity]
  3: f8->f9, R: R [O(n)]
  3: f8->f9, R1: -inf [Infinity]
  3: f8->f9, S: S [O(n)]
  3: f8->f9, S1: -inf [Infinity]
  3: f8->f9, T: D1 [O(n)]
  3: f8->f9, T1: -inf [Infinity]
  3: f8->f9, U: E1 [O(n)]
  3: f8->f9, U1: -inf [Infinity]
  3: f8->f9, V: F1 [O(n)]
  3: f8->f9, W: G1 [O(n)]
  3: f8->f9, X: K1 [O(n)]
  3: f8->f9, Y: S1 [O(n)]
  3: f8->f9, Z: T1 [O(n)]
  6: f8->f9, A: A [O(n)]
  6: f8->f9, A1: U1 [O(n)]
  6: f8->f9, B: 1 [O(1)]
  6: f8->f9, B1: B1 [O(n)]
  6: f8->f9, C: K1 [O(n)]
  6: f8->f9, C1: -inf [Infinity]
  6: f8->f9, D: D [O(n)]
  6: f8->f9, D1: -inf [Infinity]
  6: f8->f9, E: 0 [O(1)]
  6: f8->f9, E1: -inf [Infinity]
  6: f8->f9, F: F [O(n)]
  6: f8->f9, F1: -inf [Infinity]
  6: f8->f9, G: G [O(n)]
  6: f8->f9, G1: -inf [Infinity]
  6: f8->f9, H: H [O(n)]
  6: f8->f9, H1: -inf [Infinity]
  6: f8->f9, I: N1 [O(n)]
  6: f8->f9, I1: -inf [Infinity]
  6: f8->f9, J: L1 [O(n)]
  6: f8->f9, J1: -inf [Infinity]
  6: f8->f9, K: O1 [O(n)]
  6: f8->f9, K1: -inf [Infinity]
  6: f8->f9, L: R1 [O(n)]
  6: f8->f9, L1: -inf [Infinity]
  6: f8->f9, M: Q1 [O(n)]
  6: f8->f9, M1: -inf [Infinity]
  6: f8->f9, N: N [O(n)]
  6: f8->f9, N1: -inf [Infinity]
  6: f8->f9, O: O [O(n)]
  6: f8->f9, O1: -inf [Infinity]
  6: f8->f9, P: M1 [O(n)]
  6: f8->f9, P1: -inf [Infinity]
  6: f8->f9, Q: P1 [O(n)]
  6: f8->f9, Q1: -inf [Infinity]
  6: f8->f9, R: R [O(n)]
  6: f8->f9, R1: -inf [Infinity]
  6: f8->f9, S: S [O(n)]
  6: f8->f9, S1: -inf [Infinity]
  6: f8->f9, T: C1 [O(n)]
  6: f8->f9, T1: -inf [Infinity]
  6: f8->f9, U: D1 [O(n)]
  6: f8->f9, U1: -inf [Infinity]
  6: f8->f9, V: E1 [O(n)]
  6: f8->f9, W: F1 [O(n)]
  6: f8->f9, X: G1 [O(n)]
  6: f8->f9, Y: S1 [O(n)]
  6: f8->f9, Z: T1 [O(n)]
`Upper:
  1: f1->f1, A: A [O(n)]
  1: f1->f1, A1: A1 [O(n)]
  1: f1->f1, B: C1 [O(n)]
  1: f1->f1, B1: B1 [O(n)]
  1: f1->f1, C: C [O(n)]
  1: f1->f1, C1: inf [Infinity]
  1: f1->f1, D: D [O(n)]
  1: f1->f1, D1: inf [Infinity]
  1: f1->f1, E: E [O(n)]
  1: f1->f1, E1: inf [Infinity]
  1: f1->f1, F: F [O(n)]
  1: f1->f1, F1: inf [Infinity]
  1: f1->f1, G: G [O(n)]
  1: f1->f1, G1: inf [Infinity]
  1: f1->f1, H: H [O(n)]
  1: f1->f1, H1: inf [Infinity]
  1: f1->f1, I: C1 [O(n)]
  1: f1->f1, I1: inf [Infinity]
  1: f1->f1, J: C1 [O(n)]
  1: f1->f1, J1: inf [Infinity]
  1: f1->f1, K: inf [Infinity]
  1: f1->f1, K1: inf [Infinity]
  1: f1->f1, L: inf [Infinity]
  1: f1->f1, L1: inf [Infinity]
  1: f1->f1, M: inf [Infinity]
  1: f1->f1, M1: inf [Infinity]
  1: f1->f1, N: inf [Infinity]
  1: f1->f1, N1: inf [Infinity]
  1: f1->f1, O: -1+C1 [O(n)]
  1: f1->f1, O1: inf [Infinity]
  1: f1->f1, P: D1 [O(n)]
  1: f1->f1, P1: inf [Infinity]
  1: f1->f1, Q: E1 [O(n)]
  1: f1->f1, Q1: inf [Infinity]
  1: f1->f1, R: G1 [O(n)]
  1: f1->f1, R1: inf [Infinity]
  1: f1->f1, S: 2 [O(1)]
  1: f1->f1, S1: inf [Infinity]
  1: f1->f1, T: T [O(n)]
  1: f1->f1, T1: inf [Infinity]
  1: f1->f1, U: U [O(n)]
  1: f1->f1, U1: inf [Infinity]
  1: f1->f1, V: V [O(n)]
  1: f1->f1, W: W [O(n)]
  1: f1->f1, X: X [O(n)]
  1: f1->f1, Y: Y [O(n)]
  1: f1->f1, Z: Z [O(n)]
  4: f1->f12, A: A [O(n)]
  4: f1->f12, A1: A1 [O(n)]
  4: f1->f12, B: inf [Infinity]
  4: f1->f12, B1: inf [Infinity]
  4: f1->f12, C: inf [Infinity]
  4: f1->f12, C1: inf [Infinity]
  4: f1->f12, D: D [O(n)]
  4: f1->f12, D1: inf [Infinity]
  4: f1->f12, E: inf [Infinity]
  4: f1->f12, E1: inf [Infinity]
  4: f1->f12, F: F [O(n)]
  4: f1->f12, F1: inf [Infinity]
  4: f1->f12, G: G [O(n)]
  4: f1->f12, G1: inf [Infinity]
  4: f1->f12, H: H [O(n)]
  4: f1->f12, H1: inf [Infinity]
  4: f1->f12, I: inf [Infinity]
  4: f1->f12, I1: inf [Infinity]
  4: f1->f12, J: inf [Infinity]
  4: f1->f12, J1: inf [Infinity]
  4: f1->f12, K: inf [Infinity]
  4: f1->f12, K1: inf [Infinity]
  4: f1->f12, L: inf [Infinity]
  4: f1->f12, L1: inf [Infinity]
  4: f1->f12, M: inf [Infinity]
  4: f1->f12, M1: inf [Infinity]
  4: f1->f12, N: inf [Infinity]
  4: f1->f12, N1: inf [Infinity]
  4: f1->f12, O: max{O, -1+C1} [O(n)]
  4: f1->f12, O1: inf [Infinity]
  4: f1->f12, P: D1 [O(n)]
  4: f1->f12, P1: inf [Infinity]
  4: f1->f12, Q: inf [Infinity]
  4: f1->f12, Q1: inf [Infinity]
  4: f1->f12, R: G1 [O(n)]
  4: f1->f12, R1: inf [Infinity]
  4: f1->f12, S: 2 [O(1)]
  4: f1->f12, S1: inf [Infinity]
  4: f1->f12, T: T [O(n)]
  4: f1->f12, T1: inf [Infinity]
  4: f1->f12, U: U [O(n)]
  4: f1->f12, U1: inf [Infinity]
  4: f1->f12, V: V [O(n)]
  4: f1->f12, W: W [O(n)]
  4: f1->f12, X: X [O(n)]
  4: f1->f12, Y: inf [Infinity]
  4: f1->f12, Z: inf [Infinity]
  0: f12->f12, A: A [O(n)]
  0: f12->f12, A1: A1 [O(n)]
  0: f12->f12, B: inf [Infinity]
  0: f12->f12, B1: inf [Infinity]
  0: f12->f12, C: inf [Infinity]
  0: f12->f12, C1: inf [Infinity]
  0: f12->f12, D: inf [Infinity]
  0: f12->f12, D1: inf [Infinity]
  0: f12->f12, E: inf [Infinity]
  0: f12->f12, E1: inf [Infinity]
  0: f12->f12, F: G [O(n)]
  0: f12->f12, F1: inf [Infinity]
  0: f12->f12, G: G [O(n)]
  0: f12->f12, G1: inf [Infinity]
  0: f12->f12, H: A [O(n)]
  0: f12->f12, H1: inf [Infinity]
  0: f12->f12, I: inf [Infinity]
  0: f12->f12, I1: inf [Infinity]
  0: f12->f12, J: inf [Infinity]
  0: f12->f12, J1: inf [Infinity]
  0: f12->f12, K: inf [Infinity]
  0: f12->f12, K1: inf [Infinity]
  0: f12->f12, L: inf [Infinity]
  0: f12->f12, L1: inf [Infinity]
  0: f12->f12, M: inf [Infinity]
  0: f12->f12, M1: inf [Infinity]
  0: f12->f12, N: inf [Infinity]
  0: f12->f12, N1: inf [Infinity]
  0: f12->f12, O: max{O, -1+C1} [O(n)]
  0: f12->f12, O1: inf [Infinity]
  0: f12->f12, P: D1 [O(n)]
  0: f12->f12, P1: inf [Infinity]
  0: f12->f12, Q: inf [Infinity]
  0: f12->f12, Q1: inf [Infinity]
  0: f12->f12, R: G1 [O(n)]
  0: f12->f12, R1: inf [Infinity]
  0: f12->f12, S: 2 [O(1)]
  0: f12->f12, S1: inf [Infinity]
  0: f12->f12, T: T [O(n)]
  0: f12->f12, T1: inf [Infinity]
  0: f12->f12, U: U [O(n)]
  0: f12->f12, U1: inf [Infinity]
  0: f12->f12, V: V [O(n)]
  0: f12->f12, W: W [O(n)]
  0: f12->f12, X: X [O(n)]
  0: f12->f12, Y: inf [Infinity]
  0: f12->f12, Z: inf [Infinity]
  5: f12->f9, A: A [O(n)]
  5: f12->f9, A1: inf [Infinity]
  5: f12->f9, B: inf [Infinity]
  5: f12->f9, B1: inf [Infinity]
  5: f12->f9, C: 0 [O(1)]
  5: f12->f9, C1: inf [Infinity]
  5: f12->f9, D: inf [Infinity]
  5: f12->f9, D1: inf [Infinity]
  5: f12->f9, E: 0 [O(1)]
  5: f12->f9, E1: inf [Infinity]
  5: f12->f9, F: max{G, F} [O(n)]
  5: f12->f9, F1: inf [Infinity]
  5: f12->f9, G: G [O(n)]
  5: f12->f9, G1: inf [Infinity]
  5: f12->f9, H: max{A, H} [O(n)]
  5: f12->f9, H1: inf [Infinity]
  5: f12->f9, I: inf [Infinity]
  5: f12->f9, I1: inf [Infinity]
  5: f12->f9, J: inf [Infinity]
  5: f12->f9, J1: inf [Infinity]
  5: f12->f9, K: inf [Infinity]
  5: f12->f9, K1: inf [Infinity]
  5: f12->f9, L: inf [Infinity]
  5: f12->f9, L1: inf [Infinity]
  5: f12->f9, M: inf [Infinity]
  5: f12->f9, M1: inf [Infinity]
  5: f12->f9, N: inf [Infinity]
  5: f12->f9, N1: inf [Infinity]
  5: f12->f9, O: max{O, -1+C1} [O(n)]
  5: f12->f9, O1: inf [Infinity]
  5: f12->f9, P: D1 [O(n)]
  5: f12->f9, P1: inf [Infinity]
  5: f12->f9, Q: inf [Infinity]
  5: f12->f9, Q1: inf [Infinity]
  5: f12->f9, R: G1 [O(n)]
  5: f12->f9, R1: inf [Infinity]
  5: f12->f9, S: 2 [O(1)]
  5: f12->f9, S1: inf [Infinity]
  5: f12->f9, T: inf [Infinity]
  5: f12->f9, T1: inf [Infinity]
  5: f12->f9, U: inf [Infinity]
  5: f12->f9, U1: inf [Infinity]
  5: f12->f9, V: inf [Infinity]
  5: f12->f9, W: inf [Infinity]
  5: f12->f9, X: inf [Infinity]
  5: f12->f9, Y: inf [Infinity]
  5: f12->f9, Z: inf [Infinity]
  2: f8->f1, A: A [O(n)]
  2: f8->f1, A1: A1 [O(n)]
  2: f8->f1, B: C1 [O(n)]
  2: f8->f1, B1: B1 [O(n)]
  2: f8->f1, C: C [O(n)]
  2: f8->f1, C1: inf [Infinity]
  2: f8->f1, D: D [O(n)]
  2: f8->f1, D1: inf [Infinity]
  2: f8->f1, E: E [O(n)]
  2: f8->f1, E1: inf [Infinity]
  2: f8->f1, F: F [O(n)]
  2: f8->f1, F1: inf [Infinity]
  2: f8->f1, G: G [O(n)]
  2: f8->f1, G1: inf [Infinity]
  2: f8->f1, H: H [O(n)]
  2: f8->f1, H1: inf [Infinity]
  2: f8->f1, I: C1 [O(n)]
  2: f8->f1, I1: inf [Infinity]
  2: f8->f1, J: 2 [O(1)]
  2: f8->f1, J1: inf [Infinity]
  2: f8->f1, K: E1 [O(n)]
  2: f8->f1, K1: inf [Infinity]
  2: f8->f1, L: F1 [O(n)]
  2: f8->f1, L1: inf [Infinity]
  2: f8->f1, M: E1 [O(n)]
  2: f8->f1, M1: inf [Infinity]
  2: f8->f1, N: N [O(n)]
  2: f8->f1, N1: inf [Infinity]
  2: f8->f1, O: O [O(n)]
  2: f8->f1, O1: inf [Infinity]
  2: f8->f1, P: D1 [O(n)]
  2: f8->f1, P1: inf [Infinity]
  2: f8->f1, Q: E1 [O(n)]
  2: f8->f1, Q1: inf [Infinity]
  2: f8->f1, R: G1 [O(n)]
  2: f8->f1, R1: inf [Infinity]
  2: f8->f1, S: 2 [O(1)]
  2: f8->f1, S1: inf [Infinity]
  2: f8->f1, T: T [O(n)]
  2: f8->f1, T1: inf [Infinity]
  2: f8->f1, U: U [O(n)]
  2: f8->f1, U1: inf [Infinity]
  2: f8->f1, V: V [O(n)]
  2: f8->f1, W: W [O(n)]
  2: f8->f1, X: X [O(n)]
  2: f8->f1, Y: Y [O(n)]
  2: f8->f1, Z: Z [O(n)]
  3: f8->f9, A: A [O(n)]
  3: f8->f9, A1: U1 [O(n)]
  3: f8->f9, B: 0 [O(1)]
  3: f8->f9, B1: B1 [O(n)]
  3: f8->f9, C: 0 [O(1)]
  3: f8->f9, C1: inf [Infinity]
  3: f8->f9, D: D [O(n)]
  3: f8->f9, D1: inf [Infinity]
  3: f8->f9, E: 0 [O(1)]
  3: f8->f9, E1: inf [Infinity]
  3: f8->f9, F: F [O(n)]
  3: f8->f9, F1: inf [Infinity]
  3: f8->f9, G: G [O(n)]
  3: f8->f9, G1: inf [Infinity]
  3: f8->f9, H: H [O(n)]
  3: f8->f9, H1: inf [Infinity]
  3: f8->f9, I: N1 [O(n)]
  3: f8->f9, I1: inf [Infinity]
  3: f8->f9, J: L1 [O(n)]
  3: f8->f9, J1: inf [Infinity]
  3: f8->f9, K: O1 [O(n)]
  3: f8->f9, K1: inf [Infinity]
  3: f8->f9, L: R1 [O(n)]
  3: f8->f9, L1: inf [Infinity]
  3: f8->f9, M: Q1 [O(n)]
  3: f8->f9, M1: inf [Infinity]
  3: f8->f9, N: N [O(n)]
  3: f8->f9, N1: inf [Infinity]
  3: f8->f9, O: O [O(n)]
  3: f8->f9, O1: inf [Infinity]
  3: f8->f9, P: M1 [O(n)]
  3: f8->f9, P1: inf [Infinity]
  3: f8->f9, Q: P1 [O(n)]
  3: f8->f9, Q1: inf [Infinity]
  3: f8->f9, R: R [O(n)]
  3: f8->f9, R1: inf [Infinity]
  3: f8->f9, S: S [O(n)]
  3: f8->f9, S1: inf [Infinity]
  3: f8->f9, T: D1 [O(n)]
  3: f8->f9, T1: inf [Infinity]
  3: f8->f9, U: E1 [O(n)]
  3: f8->f9, U1: inf [Infinity]
  3: f8->f9, V: F1 [O(n)]
  3: f8->f9, W: G1 [O(n)]
  3: f8->f9, X: K1 [O(n)]
  3: f8->f9, Y: S1 [O(n)]
  3: f8->f9, Z: T1 [O(n)]
  6: f8->f9, A: A [O(n)]
  6: f8->f9, A1: U1 [O(n)]
  6: f8->f9, B: 1 [O(1)]
  6: f8->f9, B1: B1 [O(n)]
  6: f8->f9, C: K1 [O(n)]
  6: f8->f9, C1: inf [Infinity]
  6: f8->f9, D: D [O(n)]
  6: f8->f9, D1: inf [Infinity]
  6: f8->f9, E: 0 [O(1)]
  6: f8->f9, E1: inf [Infinity]
  6: f8->f9, F: F [O(n)]
  6: f8->f9, F1: inf [Infinity]
  6: f8->f9, G: G [O(n)]
  6: f8->f9, G1: inf [Infinity]
  6: f8->f9, H: H [O(n)]
  6: f8->f9, H1: inf [Infinity]
  6: f8->f9, I: N1 [O(n)]
  6: f8->f9, I1: inf [Infinity]
  6: f8->f9, J: L1 [O(n)]
  6: f8->f9, J1: inf [Infinity]
  6: f8->f9, K: O1 [O(n)]
  6: f8->f9, K1: inf [Infinity]
  6: f8->f9, L: R1 [O(n)]
  6: f8->f9, L1: inf [Infinity]
  6: f8->f9, M: Q1 [O(n)]
  6: f8->f9, M1: inf [Infinity]
  6: f8->f9, N: N [O(n)]
  6: f8->f9, N1: inf [Infinity]
  6: f8->f9, O: O [O(n)]
  6: f8->f9, O1: inf [Infinity]
  6: f8->f9, P: M1 [O(n)]
  6: f8->f9, P1: inf [Infinity]
  6: f8->f9, Q: P1 [O(n)]
  6: f8->f9, Q1: inf [Infinity]
  6: f8->f9, R: R [O(n)]
  6: f8->f9, R1: inf [Infinity]
  6: f8->f9, S: S [O(n)]
  6: f8->f9, S1: inf [Infinity]
  6: f8->f9, T: C1 [O(n)]
  6: f8->f9, T1: inf [Infinity]
  6: f8->f9, U: D1 [O(n)]
  6: f8->f9, U1: inf [Infinity]
  6: f8->f9, V: E1 [O(n)]
  6: f8->f9, W: F1 [O(n)]
  6: f8->f9, X: G1 [O(n)]
  6: f8->f9, Y: S1 [O(n)]
  6: f8->f9, Z: T1 [O(n)]
