Timebounds: 
  Overall timebound: 5+max{0, 2*G}+max{7, -1+4*M1}+max{0, G+H1} [O(n)]
  3: f1->f1: max{6, -2+4*M1} [O(n)]
  4: f1->f16: 1 [O(1)]
  2: f16->f16: max{0, 2*G} [O(n)]
  10: f16->f8: 1 [O(1)]
  7: f8->f8: max{0, G+H1} [O(n)]
  8: f8->f10: 1 [O(1)]
  11: f9->f1: 1 [O(1)]
  12: f9->f10: 1 [O(1)]
  13: f9->f10: 1 [O(1)]

Costbounds:
  Overall costbound: 5+max{0, 2*G}+max{7, -1+4*M1}+max{0, G+H1} [O(n)]
  3: f1->f1: max{6, -2+4*M1} [O(n)]
  4: f1->f16: 1 [O(1)]
  2: f16->f16: max{0, 2*G} [O(n)]
  10: f16->f8: 1 [O(1)]
  7: f8->f8: max{0, G+H1} [O(n)]
  8: f8->f10: 1 [O(1)]
  11: f9->f1: 1 [O(1)]
  12: f9->f10: 1 [O(1)]
  13: f9->f10: 1 [O(1)]

Sizebounds:
`Lower:
  3: f1->f1, A: 3 [O(1)]
  3: f1->f1, A1: A1 [O(n)]
  3: f1->f1, B: B [O(n)]
  3: f1->f1, B1: B1 [O(n)]
  3: f1->f1, C: 3 [O(1)]
  3: f1->f1, C1: C1 [O(n)]
  3: f1->f1, D: D [O(n)]
  3: f1->f1, D1: D1 [O(n)]
  3: f1->f1, E: E [O(n)]
  3: f1->f1, E1: E1 [O(n)]
  3: f1->f1, F: F [O(n)]
  3: f1->f1, F1: F1 [O(n)]
  3: f1->f1, G: G [O(n)]
  3: f1->f1, G1: G1 [O(n)]
  3: f1->f1, H: H [O(n)]
  3: f1->f1, H1: H1 [O(n)]
  3: f1->f1, I: I [O(n)]
  3: f1->f1, I1: I1 [O(n)]
  3: f1->f1, J: J [O(n)]
  3: f1->f1, J1: O1 [O(n)]
  3: f1->f1, K: K [O(n)]
  3: f1->f1, K1: N1 [O(n)]
  3: f1->f1, L: L [O(n)]
  3: f1->f1, L1: 2 [O(1)]
  3: f1->f1, M: M [O(n)]
  3: f1->f1, N: N [O(n)]
  3: f1->f1, O: O [O(n)]
  3: f1->f1, P: P [O(n)]
  3: f1->f1, Q: 3 [O(1)]
  3: f1->f1, V: 2 [O(1)]
  3: f1->f1, W: P1 [O(n)]
  3: f1->f1, X: X [O(n)]
  3: f1->f1, Y: Y [O(n)]
  3: f1->f1, Z: Z [O(n)]
  4: f1->f16, A: 2 [O(1)]
  4: f1->f16, A1: A1 [O(n)]
  4: f1->f16, B: 0 [O(1)]
  4: f1->f16, B1: B1 [O(n)]
  4: f1->f16, C: 2 [O(1)]
  4: f1->f16, C1: C1 [O(n)]
  4: f1->f16, D1: D1 [O(n)]
  4: f1->f16, E: E [O(n)]
  4: f1->f16, E1: E1 [O(n)]
  4: f1->f16, F: F [O(n)]
  4: f1->f16, F1: F1 [O(n)]
  4: f1->f16, G: 2 [O(1)]
  4: f1->f16, G1: G1 [O(n)]
  4: f1->f16, H: H [O(n)]
  4: f1->f16, H1: H1 [O(n)]
  4: f1->f16, I: I [O(n)]
  4: f1->f16, I1: I1 [O(n)]
  4: f1->f16, J: J [O(n)]
  4: f1->f16, J1: O1 [O(n)]
  4: f1->f16, K: K [O(n)]
  4: f1->f16, K1: N1 [O(n)]
  4: f1->f16, L: L [O(n)]
  4: f1->f16, L1: 2 [O(1)]
  4: f1->f16, N: N [O(n)]
  4: f1->f16, O: O [O(n)]
  4: f1->f16, P: P [O(n)]
  4: f1->f16, V: -max{-2, -V} [O(n)]
  4: f1->f16, Z: 2 [O(1)]
  2: f16->f16, A: 2 [O(1)]
  2: f16->f16, A1: A1 [O(n)]
  2: f16->f16, B: 1 [O(1)]
  2: f16->f16, B1: B1 [O(n)]
  2: f16->f16, C: 2 [O(1)]
  2: f16->f16, C1: C1 [O(n)]
  2: f16->f16, D1: D1 [O(n)]
  2: f16->f16, E1: E1 [O(n)]
  2: f16->f16, F: F [O(n)]
  2: f16->f16, F1: F1 [O(n)]
  2: f16->f16, G: -1 [O(1)]
  2: f16->f16, G1: G1 [O(n)]
  2: f16->f16, H: H [O(n)]
  2: f16->f16, H1: H1 [O(n)]
  2: f16->f16, I: I [O(n)]
  2: f16->f16, I1: I1 [O(n)]
  2: f16->f16, J: J [O(n)]
  2: f16->f16, J1: O1 [O(n)]
  2: f16->f16, K: K [O(n)]
  2: f16->f16, K1: N1 [O(n)]
  2: f16->f16, L1: 2 [O(1)]
  2: f16->f16, O: 1 [O(1)]
  2: f16->f16, P: -1 [O(1)]
  2: f16->f16, V: -max{-2, -V} [O(n)]
  2: f16->f16, Z: 2 [O(1)]
  10: f16->f8, A: 2 [O(1)]
  10: f16->f8, A1: H1 [O(n)]
  10: f16->f8, B: 1+H1 [O(n)]
  10: f16->f8, B1: 0 [O(1)]
  10: f16->f8, C: 2 [O(1)]
  10: f16->f8, D1: 0 [O(1)]
  10: f16->f8, F: F [O(n)]
  10: f16->f8, G: 0 [O(1)]
  10: f16->f8, H: H [O(n)]
  10: f16->f8, H1: H1 [O(n)]
  10: f16->f8, I: I [O(n)]
  10: f16->f8, I1: I1 [O(n)]
  10: f16->f8, J: J [O(n)]
  10: f16->f8, J1: O1 [O(n)]
  10: f16->f8, K: K [O(n)]
  10: f16->f8, K1: N1 [O(n)]
  10: f16->f8, L1: 2 [O(1)]
  10: f16->f8, M: 0 [O(1)]
  10: f16->f8, O: -max{-1, -O} [O(n)]
  10: f16->f8, P: -max{1, -P} [O(n)]
  10: f16->f8, V: -max{-2, -V} [O(n)]
  10: f16->f8, Z: 2 [O(1)]
  7: f8->f8, A: 2 [O(1)]
  7: f8->f8, A1: 0 [O(1)]
  7: f8->f8, B: 1 [O(1)]
  7: f8->f8, B1: 0 [O(1)]
  7: f8->f8, C: 2 [O(1)]
  7: f8->f8, D1: 0 [O(1)]
  7: f8->f8, F: F [O(n)]
  7: f8->f8, G: 0 [O(1)]
  7: f8->f8, H: H [O(n)]
  7: f8->f8, H1: -1 [O(1)]
  7: f8->f8, I: I [O(n)]
  7: f8->f8, I1: -1 [O(1)]
  7: f8->f8, J: J [O(n)]
  7: f8->f8, J1: O1 [O(n)]
  7: f8->f8, K: K [O(n)]
  7: f8->f8, K1: N1 [O(n)]
  7: f8->f8, L1: 2 [O(1)]
  7: f8->f8, M: 0 [O(1)]
  7: f8->f8, O: -max{-1, -O} [O(n)]
  7: f8->f8, P: -max{1, -P} [O(n)]
  7: f8->f8, V: -max{-2, -V} [O(n)]
  7: f8->f8, Z: 2 [O(1)]
  8: f8->f10, A: 2 [O(1)]
  8: f8->f10, A1: 0 [O(1)]
  8: f8->f10, B: 1 [O(1)]
  8: f8->f10, C: 2 [O(1)]
  8: f8->f10, F: F [O(n)]
  8: f8->f10, G: 0 [O(1)]
  8: f8->f10, H: H [O(n)]
  8: f8->f10, H1: 0 [O(1)]
  8: f8->f10, I: I [O(n)]
  8: f8->f10, I1: -max{1, -I1} [O(n)]
  8: f8->f10, J: J [O(n)]
  8: f8->f10, J1: O1 [O(n)]
  8: f8->f10, K: K [O(n)]
  8: f8->f10, K1: N1 [O(n)]
  8: f8->f10, L1: 2 [O(1)]
  8: f8->f10, M: 0 [O(1)]
  8: f8->f10, O: -max{-1, -O} [O(n)]
  8: f8->f10, P: -max{1, -P} [O(n)]
  8: f8->f10, V: -max{-2, -V} [O(n)]
  8: f8->f10, Z: 2 [O(1)]
  11: f9->f1, A: 2 [O(1)]
  11: f9->f1, A1: A1 [O(n)]
  11: f9->f1, B: B [O(n)]
  11: f9->f1, B1: B1 [O(n)]
  11: f9->f1, C: 2 [O(1)]
  11: f9->f1, C1: C1 [O(n)]
  11: f9->f1, D: D [O(n)]
  11: f9->f1, D1: D1 [O(n)]
  11: f9->f1, E: E [O(n)]
  11: f9->f1, E1: E1 [O(n)]
  11: f9->f1, F: F [O(n)]
  11: f9->f1, F1: F1 [O(n)]
  11: f9->f1, G: G [O(n)]
  11: f9->f1, G1: G1 [O(n)]
  11: f9->f1, H: H [O(n)]
  11: f9->f1, H1: H1 [O(n)]
  11: f9->f1, I: I [O(n)]
  11: f9->f1, I1: I1 [O(n)]
  11: f9->f1, J: J [O(n)]
  11: f9->f1, J1: O1 [O(n)]
  11: f9->f1, K: K [O(n)]
  11: f9->f1, K1: N1 [O(n)]
  11: f9->f1, L: L [O(n)]
  11: f9->f1, L1: 2 [O(1)]
  11: f9->f1, M: M [O(n)]
  11: f9->f1, N: N [O(n)]
  11: f9->f1, O: O [O(n)]
  11: f9->f1, P: P [O(n)]
  11: f9->f1, Q: 2 [O(1)]
  11: f9->f1, R: P1 [O(n)]
  11: f9->f1, S: Q1 [O(n)]
  11: f9->f1, T: P1 [O(n)]
  11: f9->f1, U: U [O(n)]
  11: f9->f1, V: V [O(n)]
  11: f9->f1, W: P1 [O(n)]
  11: f9->f1, X: X [O(n)]
  11: f9->f1, Y: Y [O(n)]
  11: f9->f1, Z: Z [O(n)]
  12: f9->f10, A: T1 [O(n)]
  12: f9->f10, A1: A1 [O(n)]
  12: f9->f10, B: B [O(n)]
  12: f9->f10, B1: N1 [O(n)]
  12: f9->f10, C: M1 [O(n)]
  12: f9->f10, C1: O1 [O(n)]
  12: f9->f10, D: 0 [O(1)]
  12: f9->f10, D1: P1 [O(n)]
  12: f9->f10, E: E [O(n)]
  12: f9->f10, E1: Q1 [O(n)]
  12: f9->f10, F: F [O(n)]
  12: f9->f10, F1: E2 [O(n)]
  12: f9->f10, G: G [O(n)]
  12: f9->f10, G1: S1 [O(n)]
  12: f9->f10, H: H [O(n)]
  12: f9->f10, H1: H1 [O(n)]
  12: f9->f10, I: I [O(n)]
  12: f9->f10, I1: I1 [O(n)]
  12: f9->f10, J: J [O(n)]
  12: f9->f10, J1: U1 [O(n)]
  12: f9->f10, K: K [O(n)]
  12: f9->f10, K1: K1 [O(n)]
  12: f9->f10, L: L [O(n)]
  12: f9->f10, L1: L1 [O(n)]
  12: f9->f10, M: 0 [O(1)]
  12: f9->f10, N: N [O(n)]
  12: f9->f10, O: O [O(n)]
  12: f9->f10, P: P [O(n)]
  12: f9->f10, Q: R1 [O(n)]
  12: f9->f10, R: Y1 [O(n)]
  12: f9->f10, S: B2 [O(n)]
  12: f9->f10, T: A2 [O(n)]
  12: f9->f10, U: U [O(n)]
  12: f9->f10, V: V [O(n)]
  12: f9->f10, W: Z1 [O(n)]
  12: f9->f10, X: C2 [O(n)]
  12: f9->f10, Y: D2 [O(n)]
  12: f9->f10, Z: Z [O(n)]
  13: f9->f10, A: T1 [O(n)]
  13: f9->f10, A1: A1 [O(n)]
  13: f9->f10, B: B [O(n)]
  13: f9->f10, B1: Q1 [O(n)]
  13: f9->f10, C: 1 [O(1)]
  13: f9->f10, C1: M1 [O(n)]
  13: f9->f10, D: S1 [O(n)]
  13: f9->f10, D1: O1 [O(n)]
  13: f9->f10, E: E [O(n)]
  13: f9->f10, E1: P1 [O(n)]
  13: f9->f10, F: F [O(n)]
  13: f9->f10, F1: E2 [O(n)]
  13: f9->f10, G: G [O(n)]
  13: f9->f10, G1: N1 [O(n)]
  13: f9->f10, H: H [O(n)]
  13: f9->f10, H1: H1 [O(n)]
  13: f9->f10, I: I [O(n)]
  13: f9->f10, I1: I1 [O(n)]
  13: f9->f10, J: J [O(n)]
  13: f9->f10, J1: U1 [O(n)]
  13: f9->f10, K: K [O(n)]
  13: f9->f10, K1: K1 [O(n)]
  13: f9->f10, L: L [O(n)]
  13: f9->f10, L1: L1 [O(n)]
  13: f9->f10, M: 0 [O(1)]
  13: f9->f10, N: N [O(n)]
  13: f9->f10, O: O [O(n)]
  13: f9->f10, P: P [O(n)]
  13: f9->f10, Q: R1 [O(n)]
  13: f9->f10, R: Y1 [O(n)]
  13: f9->f10, S: B2 [O(n)]
  13: f9->f10, T: A2 [O(n)]
  13: f9->f10, U: U [O(n)]
  13: f9->f10, V: V [O(n)]
  13: f9->f10, W: Z1 [O(n)]
  13: f9->f10, X: C2 [O(n)]
  13: f9->f10, Y: D2 [O(n)]
  13: f9->f10, Z: Z [O(n)]
`Upper:
  3: f1->f1, A: max{8, 4*M1} [O(n)]
  3: f1->f1, A1: A1 [O(n)]
  3: f1->f1, B: B [O(n)]
  3: f1->f1, B1: B1 [O(n)]
  3: f1->f1, C: M1 [O(n)]
  3: f1->f1, C1: C1 [O(n)]
  3: f1->f1, D: D [O(n)]
  3: f1->f1, D1: D1 [O(n)]
  3: f1->f1, E: E [O(n)]
  3: f1->f1, E1: E1 [O(n)]
  3: f1->f1, F: F [O(n)]
  3: f1->f1, F1: F1 [O(n)]
  3: f1->f1, G: G [O(n)]
  3: f1->f1, G1: G1 [O(n)]
  3: f1->f1, H: H [O(n)]
  3: f1->f1, H1: H1 [O(n)]
  3: f1->f1, I: I [O(n)]
  3: f1->f1, I1: I1 [O(n)]
  3: f1->f1, J: J [O(n)]
  3: f1->f1, J1: O1 [O(n)]
  3: f1->f1, K: K [O(n)]
  3: f1->f1, K1: N1 [O(n)]
  3: f1->f1, L: L [O(n)]
  3: f1->f1, L1: 2 [O(1)]
  3: f1->f1, M: M [O(n)]
  3: f1->f1, N: N [O(n)]
  3: f1->f1, O: O [O(n)]
  3: f1->f1, P: P [O(n)]
  3: f1->f1, Q: M1 [O(n)]
  3: f1->f1, V: max{2, 8, 4*M1} [O(n)]
  3: f1->f1, W: P1 [O(n)]
  3: f1->f1, X: X [O(n)]
  3: f1->f1, Y: Y [O(n)]
  3: f1->f1, Z: Z [O(n)]
  4: f1->f16, A: G [O(n)]
  4: f1->f16, A1: A1 [O(n)]
  4: f1->f16, B: 0 [O(1)]
  4: f1->f16, B1: B1 [O(n)]
  4: f1->f16, C1: C1 [O(n)]
  4: f1->f16, D1: D1 [O(n)]
  4: f1->f16, E: E [O(n)]
  4: f1->f16, E1: E1 [O(n)]
  4: f1->f16, F: F [O(n)]
  4: f1->f16, F1: F1 [O(n)]
  4: f1->f16, G: G [O(n)]
  4: f1->f16, G1: G1 [O(n)]
  4: f1->f16, H: H [O(n)]
  4: f1->f16, H1: H1 [O(n)]
  4: f1->f16, I: I [O(n)]
  4: f1->f16, I1: I1 [O(n)]
  4: f1->f16, J: J [O(n)]
  4: f1->f16, J1: O1 [O(n)]
  4: f1->f16, K: K [O(n)]
  4: f1->f16, K1: N1 [O(n)]
  4: f1->f16, L: L [O(n)]
  4: f1->f16, L1: 2 [O(1)]
  4: f1->f16, N: N [O(n)]
  4: f1->f16, O: O [O(n)]
  4: f1->f16, P: P [O(n)]
  4: f1->f16, V: max{2, 8, max{V, 4*M1}} [O(n)]
  2: f16->f16, A: G [O(n)]
  2: f16->f16, A1: A1 [O(n)]
  2: f16->f16, B: max{0, 2*G} [O(n)]
  2: f16->f16, B1: B1 [O(n)]
  2: f16->f16, C1: C1 [O(n)]
  2: f16->f16, D1: D1 [O(n)]
  2: f16->f16, E1: E1 [O(n)]
  2: f16->f16, F: F [O(n)]
  2: f16->f16, F1: F1 [O(n)]
  2: f16->f16, G: G [O(n)]
  2: f16->f16, G1: G1 [O(n)]
  2: f16->f16, H: H [O(n)]
  2: f16->f16, H1: H1 [O(n)]
  2: f16->f16, I: I [O(n)]
  2: f16->f16, I1: I1 [O(n)]
  2: f16->f16, J: J [O(n)]
  2: f16->f16, J1: O1 [O(n)]
  2: f16->f16, K: K [O(n)]
  2: f16->f16, K1: N1 [O(n)]
  2: f16->f16, L1: 2 [O(1)]
  2: f16->f16, O: max{1, 1+2*G} [O(n)]
  2: f16->f16, P: -1+G [O(n)]
  2: f16->f16, V: max{2, 8, max{V, 4*M1}} [O(n)]
  10: f16->f8, A: G [O(n)]
  10: f16->f8, A1: H1 [O(n)]
  10: f16->f8, B: 1+H1 [O(n)]
  10: f16->f8, B1: 0 [O(1)]
  10: f16->f8, D1: 0 [O(1)]
  10: f16->f8, F: F [O(n)]
  10: f16->f8, G: G [O(n)]
  10: f16->f8, H: H [O(n)]
  10: f16->f8, H1: H1 [O(n)]
  10: f16->f8, I: I [O(n)]
  10: f16->f8, I1: I1 [O(n)]
  10: f16->f8, J: J [O(n)]
  10: f16->f8, J1: O1 [O(n)]
  10: f16->f8, K: K [O(n)]
  10: f16->f8, K1: N1 [O(n)]
  10: f16->f8, L1: 2 [O(1)]
  10: f16->f8, M: 0 [O(1)]
  10: f16->f8, O: max{1, O, 1+2*G} [O(n)]
  10: f16->f8, P: max{P, -1+G} [O(n)]
  10: f16->f8, V: max{2, 8, max{V, 4*M1}} [O(n)]
  7: f8->f8, A: G [O(n)]
  7: f8->f8, A1: H1 [O(n)]
  7: f8->f8, B: 1+H1 [O(n)]
  7: f8->f8, B1: 0 [O(1)]
  7: f8->f8, D1: 0 [O(1)]
  7: f8->f8, F: F [O(n)]
  7: f8->f8, G: G [O(n)]
  7: f8->f8, H: H [O(n)]
  7: f8->f8, H1: H1 [O(n)]
  7: f8->f8, I: I [O(n)]
  7: f8->f8, I1: -1+H1 [O(n)]
  7: f8->f8, J: J [O(n)]
  7: f8->f8, J1: O1 [O(n)]
  7: f8->f8, K: K [O(n)]
  7: f8->f8, K1: N1 [O(n)]
  7: f8->f8, L1: 2 [O(1)]
  7: f8->f8, M: 0 [O(1)]
  7: f8->f8, O: max{1, O, 1+2*G} [O(n)]
  7: f8->f8, P: max{P, -1+G} [O(n)]
  7: f8->f8, V: max{2, 8, max{V, 4*M1}} [O(n)]
  8: f8->f10, A: G [O(n)]
  8: f8->f10, A1: H1 [O(n)]
  8: f8->f10, B: 1+H1 [O(n)]
  8: f8->f10, F: F [O(n)]
  8: f8->f10, G: G [O(n)]
  8: f8->f10, H: H [O(n)]
  8: f8->f10, H1: H1 [O(n)]
  8: f8->f10, I: I [O(n)]
  8: f8->f10, I1: max{I1, -1+H1} [O(n)]
  8: f8->f10, J: J [O(n)]
  8: f8->f10, J1: O1 [O(n)]
  8: f8->f10, K: K [O(n)]
  8: f8->f10, K1: N1 [O(n)]
  8: f8->f10, L1: 2 [O(1)]
  8: f8->f10, M: 0 [O(1)]
  8: f8->f10, O: max{1, O, 1+2*G} [O(n)]
  8: f8->f10, P: max{P, -1+G} [O(n)]
  8: f8->f10, V: max{2, 8, max{V, 4*M1}} [O(n)]
  11: f9->f1, A: 2 [O(1)]
  11: f9->f1, A1: A1 [O(n)]
  11: f9->f1, B: B [O(n)]
  11: f9->f1, B1: B1 [O(n)]
  11: f9->f1, C: M1 [O(n)]
  11: f9->f1, C1: C1 [O(n)]
  11: f9->f1, D: D [O(n)]
  11: f9->f1, D1: D1 [O(n)]
  11: f9->f1, E: E [O(n)]
  11: f9->f1, E1: E1 [O(n)]
  11: f9->f1, F: F [O(n)]
  11: f9->f1, F1: F1 [O(n)]
  11: f9->f1, G: G [O(n)]
  11: f9->f1, G1: G1 [O(n)]
  11: f9->f1, H: H [O(n)]
  11: f9->f1, H1: H1 [O(n)]
  11: f9->f1, I: I [O(n)]
  11: f9->f1, I1: I1 [O(n)]
  11: f9->f1, J: J [O(n)]
  11: f9->f1, J1: O1 [O(n)]
  11: f9->f1, K: K [O(n)]
  11: f9->f1, K1: N1 [O(n)]
  11: f9->f1, L: L [O(n)]
  11: f9->f1, L1: 2 [O(1)]
  11: f9->f1, M: M [O(n)]
  11: f9->f1, N: N [O(n)]
  11: f9->f1, O: O [O(n)]
  11: f9->f1, P: P [O(n)]
  11: f9->f1, Q: M1 [O(n)]
  11: f9->f1, R: P1 [O(n)]
  11: f9->f1, S: Q1 [O(n)]
  11: f9->f1, T: P1 [O(n)]
  11: f9->f1, U: U [O(n)]
  11: f9->f1, V: V [O(n)]
  11: f9->f1, W: P1 [O(n)]
  11: f9->f1, X: X [O(n)]
  11: f9->f1, Y: Y [O(n)]
  11: f9->f1, Z: Z [O(n)]
  12: f9->f10, A: T1 [O(n)]
  12: f9->f10, A1: A1 [O(n)]
  12: f9->f10, B: B [O(n)]
  12: f9->f10, B1: N1 [O(n)]
  12: f9->f10, C: 0 [O(1)]
  12: f9->f10, C1: O1 [O(n)]
  12: f9->f10, D: 0 [O(1)]
  12: f9->f10, D1: P1 [O(n)]
  12: f9->f10, E: E [O(n)]
  12: f9->f10, E1: Q1 [O(n)]
  12: f9->f10, F: F [O(n)]
  12: f9->f10, F1: E2 [O(n)]
  12: f9->f10, G: G [O(n)]
  12: f9->f10, G1: S1 [O(n)]
  12: f9->f10, H: H [O(n)]
  12: f9->f10, H1: H1 [O(n)]
  12: f9->f10, I: I [O(n)]
  12: f9->f10, I1: I1 [O(n)]
  12: f9->f10, J: J [O(n)]
  12: f9->f10, J1: U1 [O(n)]
  12: f9->f10, K: K [O(n)]
  12: f9->f10, K1: K1 [O(n)]
  12: f9->f10, L: L [O(n)]
  12: f9->f10, L1: L1 [O(n)]
  12: f9->f10, M: 0 [O(1)]
  12: f9->f10, N: N [O(n)]
  12: f9->f10, O: O [O(n)]
  12: f9->f10, P: P [O(n)]
  12: f9->f10, Q: R1 [O(n)]
  12: f9->f10, R: Y1 [O(n)]
  12: f9->f10, S: B2 [O(n)]
  12: f9->f10, T: A2 [O(n)]
  12: f9->f10, U: U [O(n)]
  12: f9->f10, V: V [O(n)]
  12: f9->f10, W: Z1 [O(n)]
  12: f9->f10, X: C2 [O(n)]
  12: f9->f10, Y: D2 [O(n)]
  12: f9->f10, Z: Z [O(n)]
  13: f9->f10, A: T1 [O(n)]
  13: f9->f10, A1: A1 [O(n)]
  13: f9->f10, B: B [O(n)]
  13: f9->f10, B1: Q1 [O(n)]
  13: f9->f10, C: 1 [O(1)]
  13: f9->f10, C1: M1 [O(n)]
  13: f9->f10, D: S1 [O(n)]
  13: f9->f10, D1: O1 [O(n)]
  13: f9->f10, E: E [O(n)]
  13: f9->f10, E1: P1 [O(n)]
  13: f9->f10, F: F [O(n)]
  13: f9->f10, F1: E2 [O(n)]
  13: f9->f10, G: G [O(n)]
  13: f9->f10, G1: N1 [O(n)]
  13: f9->f10, H: H [O(n)]
  13: f9->f10, H1: H1 [O(n)]
  13: f9->f10, I: I [O(n)]
  13: f9->f10, I1: I1 [O(n)]
  13: f9->f10, J: J [O(n)]
  13: f9->f10, J1: U1 [O(n)]
  13: f9->f10, K: K [O(n)]
  13: f9->f10, K1: K1 [O(n)]
  13: f9->f10, L: L [O(n)]
  13: f9->f10, L1: L1 [O(n)]
  13: f9->f10, M: 0 [O(1)]
  13: f9->f10, N: N [O(n)]
  13: f9->f10, O: O [O(n)]
  13: f9->f10, P: P [O(n)]
  13: f9->f10, Q: R1 [O(n)]
  13: f9->f10, R: Y1 [O(n)]
  13: f9->f10, S: B2 [O(n)]
  13: f9->f10, T: A2 [O(n)]
  13: f9->f10, U: U [O(n)]
  13: f9->f10, V: V [O(n)]
  13: f9->f10, W: Z1 [O(n)]
  13: f9->f10, X: C2 [O(n)]
  13: f9->f10, Y: D2 [O(n)]
  13: f9->f10, Z: Z [O(n)]
