Timebounds: 
  Overall timebound: 6+max{0, F}+max{3, -5+4*Z1}+max{0, Z1+E1} [O(n)]
  3: f1->f1: max{2, -6+4*Z1} [O(n)]
  4: f1->f116: 1 [O(1)]
  2: f116->f300: 1 [O(1)]
  10: f116->f116: max{0, F} [O(n)]
  11: f116->f8: 1 [O(1)]
  7: f8->f8: max{0, Z1+E1} [O(n)]
  8: f8->f10: 1 [O(1)]
  12: f9->f1: 1 [O(1)]
  13: f9->f10: 1 [O(1)]
  14: f9->f10: 1 [O(1)]

Costbounds:
  Overall costbound: 6+max{0, F}+max{3, -5+4*Z1}+max{0, Z1+E1} [O(n)]
  3: f1->f1: max{2, -6+4*Z1} [O(n)]
  4: f1->f116: 1 [O(1)]
  2: f116->f300: 1 [O(1)]
  10: f116->f116: max{0, F} [O(n)]
  11: f116->f8: 1 [O(1)]
  7: f8->f8: max{0, Z1+E1} [O(n)]
  8: f8->f10: 1 [O(1)]
  12: f9->f1: 1 [O(1)]
  13: f9->f10: 1 [O(1)]
  14: f9->f10: 1 [O(1)]

Sizebounds:
`Lower:
  3: f1->f1, A: 3 [O(1)]
  3: f1->f1, A1: A1 [O(n)]
  3: f1->f1, B: 3 [O(1)]
  3: f1->f1, B1: B1 [O(n)]
  3: f1->f1, C: C [O(n)]
  3: f1->f1, C1: C1 [O(n)]
  3: f1->f1, D: D [O(n)]
  3: f1->f1, D1: D1 [O(n)]
  3: f1->f1, E: E [O(n)]
  3: f1->f1, E1: E1 [O(n)]
  3: f1->f1, F: F [O(n)]
  3: f1->f1, F1: F1 [O(n)]
  3: f1->f1, G: G [O(n)]
  3: f1->f1, G1: G1 [O(n)]
  3: f1->f1, H: H [O(n)]
  3: f1->f1, H1: H1 [O(n)]
  3: f1->f1, I: I [O(n)]
  3: f1->f1, I1: I1 [O(n)]
  3: f1->f1, J: J [O(n)]
  3: f1->f1, J1: J1 [O(n)]
  3: f1->f1, K: K [O(n)]
  3: f1->f1, K1: K1 [O(n)]
  3: f1->f1, L: L [O(n)]
  3: f1->f1, L1: L1 [O(n)]
  3: f1->f1, M: M [O(n)]
  3: f1->f1, M1: M1 [O(n)]
  3: f1->f1, N: N [O(n)]
  3: f1->f1, N1: N1 [O(n)]
  3: f1->f1, O: O [O(n)]
  3: f1->f1, O1: O1 [O(n)]
  3: f1->f1, P: 0 [O(1)]
  3: f1->f1, P1: P1 [O(n)]
  3: f1->f1, Q: 3 [O(1)]
  3: f1->f1, Q1: A2 [O(n)]
  3: f1->f1, R1: Y1 [O(n)]
  3: f1->f1, S1: D2 [O(n)]
  3: f1->f1, T1: 2 [O(1)]
  3: f1->f1, U: U [O(n)]
  3: f1->f1, U1: E2 [O(n)]
  3: f1->f1, V: V [O(n)]
  3: f1->f1, V1: V1 [O(n)]
  3: f1->f1, W: S [O(n)]
  3: f1->f1, W1: W1 [O(n)]
  3: f1->f1, X: X [O(n)]
  3: f1->f1, X1: X1 [O(n)]
  3: f1->f1, Y: Y [O(n)]
  3: f1->f1, Z: Z [O(n)]
  4: f1->f116, A: 2 [O(1)]
  4: f1->f116, A1: 2 [O(1)]
  4: f1->f116, B1: B1 [O(n)]
  4: f1->f116, C: 0 [O(1)]
  4: f1->f116, C1: C1 [O(n)]
  4: f1->f116, D: D [O(n)]
  4: f1->f116, D1: D1 [O(n)]
  4: f1->f116, E: E [O(n)]
  4: f1->f116, E1: E1 [O(n)]
  4: f1->f116, F: 2 [O(1)]
  4: f1->f116, F1: F1 [O(n)]
  4: f1->f116, G: G [O(n)]
  4: f1->f116, G1: G1 [O(n)]
  4: f1->f116, H: H [O(n)]
  4: f1->f116, H1: H1 [O(n)]
  4: f1->f116, I: I [O(n)]
  4: f1->f116, I1: I1 [O(n)]
  4: f1->f116, J: J [O(n)]
  4: f1->f116, J1: J1 [O(n)]
  4: f1->f116, K: K [O(n)]
  4: f1->f116, K1: K1 [O(n)]
  4: f1->f116, L: L [O(n)]
  4: f1->f116, L1: L1 [O(n)]
  4: f1->f116, M: M [O(n)]
  4: f1->f116, M1: M1 [O(n)]
  4: f1->f116, N: N [O(n)]
  4: f1->f116, N1: N1 [O(n)]
  4: f1->f116, O: O [O(n)]
  4: f1->f116, O1: O1 [O(n)]
  4: f1->f116, P: 0 [O(1)]
  4: f1->f116, P1: P1 [O(n)]
  4: f1->f116, Q1: A2 [O(n)]
  4: f1->f116, R1: Y1 [O(n)]
  4: f1->f116, S1: D2 [O(n)]
  4: f1->f116, T1: 2 [O(1)]
  4: f1->f116, U1: E2 [O(n)]
  4: f1->f116, V1: V1 [O(n)]
  4: f1->f116, W1: W1 [O(n)]
  4: f1->f116, X1: X1 [O(n)]
  2: f116->f300, A: 2 [O(1)]
  2: f116->f300, A1: 2 [O(1)]
  2: f116->f300, B1: B1 [O(n)]
  2: f116->f300, C: 1 [O(1)]
  2: f116->f300, C1: C1 [O(n)]
  2: f116->f300, D: D [O(n)]
  2: f116->f300, D1: D1 [O(n)]
  2: f116->f300, E: E [O(n)]
  2: f116->f300, E1: E1 [O(n)]
  2: f116->f300, F: 1 [O(1)]
  2: f116->f300, F1: F1 [O(n)]
  2: f116->f300, G: G [O(n)]
  2: f116->f300, G1: G1 [O(n)]
  2: f116->f300, H: H [O(n)]
  2: f116->f300, H1: H1 [O(n)]
  2: f116->f300, I: I [O(n)]
  2: f116->f300, I1: I1 [O(n)]
  2: f116->f300, J: J [O(n)]
  2: f116->f300, J1: J1 [O(n)]
  2: f116->f300, K: K [O(n)]
  2: f116->f300, K1: K1 [O(n)]
  2: f116->f300, L: L [O(n)]
  2: f116->f300, L1: L1 [O(n)]
  2: f116->f300, M: M [O(n)]
  2: f116->f300, N: N [O(n)]
  2: f116->f300, N1: -max{-1, -N1} [O(n)]
  2: f116->f300, O: -max{-2, -O} [O(n)]
  2: f116->f300, O1: -max{-1, -O1} [O(n)]
  2: f116->f300, P: 1 [O(1)]
  2: f116->f300, P1: P1 [O(n)]
  2: f116->f300, Q1: A2 [O(n)]
  2: f116->f300, R1: Y1 [O(n)]
  2: f116->f300, S1: D2 [O(n)]
  2: f116->f300, T1: 2 [O(1)]
  2: f116->f300, U1: E2 [O(n)]
  2: f116->f300, V1: V1 [O(n)]
  2: f116->f300, W1: W1 [O(n)]
  2: f116->f300, X1: X1 [O(n)]
  10: f116->f116, A: 2 [O(1)]
  10: f116->f116, A1: 2 [O(1)]
  10: f116->f116, B1: B1 [O(n)]
  10: f116->f116, C: 1 [O(1)]
  10: f116->f116, C1: C1 [O(n)]
  10: f116->f116, D: D [O(n)]
  10: f116->f116, D1: D1 [O(n)]
  10: f116->f116, E: E [O(n)]
  10: f116->f116, E1: E1 [O(n)]
  10: f116->f116, F: 1 [O(1)]
  10: f116->f116, F1: F1 [O(n)]
  10: f116->f116, G: G [O(n)]
  10: f116->f116, G1: G1 [O(n)]
  10: f116->f116, H: H [O(n)]
  10: f116->f116, H1: H1 [O(n)]
  10: f116->f116, I: I [O(n)]
  10: f116->f116, I1: I1 [O(n)]
  10: f116->f116, J: J [O(n)]
  10: f116->f116, J1: J1 [O(n)]
  10: f116->f116, K: K [O(n)]
  10: f116->f116, K1: K1 [O(n)]
  10: f116->f116, L: L [O(n)]
  10: f116->f116, L1: L1 [O(n)]
  10: f116->f116, M: M [O(n)]
  10: f116->f116, N: N [O(n)]
  10: f116->f116, N1: 1 [O(1)]
  10: f116->f116, O: 2 [O(1)]
  10: f116->f116, O1: 1 [O(1)]
  10: f116->f116, P: 1 [O(1)]
  10: f116->f116, P1: P1 [O(n)]
  10: f116->f116, Q1: A2 [O(n)]
  10: f116->f116, R1: Y1 [O(n)]
  10: f116->f116, S1: D2 [O(n)]
  10: f116->f116, T1: 2 [O(1)]
  10: f116->f116, U1: E2 [O(n)]
  10: f116->f116, V1: V1 [O(n)]
  10: f116->f116, W1: W1 [O(n)]
  10: f116->f116, X1: X1 [O(n)]
  11: f116->f8, A: 2 [O(1)]
  11: f116->f8, A1: 2 [O(1)]
  11: f116->f8, B1: E1 [O(n)]
  11: f116->f8, C: 1+E1 [O(n)]
  11: f116->f8, C1: 0 [O(1)]
  11: f116->f8, D: D [O(n)]
  11: f116->f8, D1: 0 [O(1)]
  11: f116->f8, E: E [O(n)]
  11: f116->f8, E1: E1 [O(n)]
  11: f116->f8, F: 2 [O(1)]
  11: f116->f8, F1: F1 [O(n)]
  11: f116->f8, G: G [O(n)]
  11: f116->f8, G1: 0 [O(1)]
  11: f116->f8, H: H [O(n)]
  11: f116->f8, H1: 0 [O(1)]
  11: f116->f8, I: I [O(n)]
  11: f116->f8, I1: 0 [O(1)]
  11: f116->f8, J: J [O(n)]
  11: f116->f8, J1: 0 [O(1)]
  11: f116->f8, K: K [O(n)]
  11: f116->f8, K1: K1 [O(n)]
  11: f116->f8, L: L [O(n)]
  11: f116->f8, L1: -1 [O(1)]
  11: f116->f8, M: M [O(n)]
  11: f116->f8, N: N [O(n)]
  11: f116->f8, N1: -max{-1, -N1} [O(n)]
  11: f116->f8, O: 2 [O(1)]
  11: f116->f8, O1: -max{-1, -O1} [O(n)]
  11: f116->f8, P: 1 [O(1)]
  11: f116->f8, P1: 0 [O(1)]
  11: f116->f8, Q1: A2 [O(n)]
  11: f116->f8, R1: Y1 [O(n)]
  11: f116->f8, S1: D2 [O(n)]
  11: f116->f8, T1: 2 [O(1)]
  11: f116->f8, U: 0 [O(1)]
  11: f116->f8, U1: E2 [O(n)]
  11: f116->f8, V: 0 [O(1)]
  11: f116->f8, V1: V1 [O(n)]
  11: f116->f8, W1: W1 [O(n)]
  11: f116->f8, X1: X1 [O(n)]
  7: f8->f8, A: 2 [O(1)]
  7: f8->f8, A1: 2 [O(1)]
  7: f8->f8, B1: 0 [O(1)]
  7: f8->f8, C: 1 [O(1)]
  7: f8->f8, C1: 0 [O(1)]
  7: f8->f8, D: D [O(n)]
  7: f8->f8, D1: 0 [O(1)]
  7: f8->f8, E: E [O(n)]
  7: f8->f8, E1: -1 [O(1)]
  7: f8->f8, F: 2 [O(1)]
  7: f8->f8, F1: F1 [O(n)]
  7: f8->f8, G: G [O(n)]
  7: f8->f8, G1: 0 [O(1)]
  7: f8->f8, H: H [O(n)]
  7: f8->f8, H1: 0 [O(1)]
  7: f8->f8, I: I [O(n)]
  7: f8->f8, I1: 0 [O(1)]
  7: f8->f8, J: J [O(n)]
  7: f8->f8, J1: 0 [O(1)]
  7: f8->f8, K: K [O(n)]
  7: f8->f8, K1: -1 [O(1)]
  7: f8->f8, L: L [O(n)]
  7: f8->f8, L1: -1 [O(1)]
  7: f8->f8, M: M [O(n)]
  7: f8->f8, N: N [O(n)]
  7: f8->f8, N1: -max{-1, -N1} [O(n)]
  7: f8->f8, O: 2 [O(1)]
  7: f8->f8, O1: -max{-1, -O1} [O(n)]
  7: f8->f8, P: 1 [O(1)]
  7: f8->f8, P1: 0 [O(1)]
  7: f8->f8, Q1: A2 [O(n)]
  7: f8->f8, R1: Y1 [O(n)]
  7: f8->f8, S1: D2 [O(n)]
  7: f8->f8, T1: 2 [O(1)]
  7: f8->f8, U: 0 [O(1)]
  7: f8->f8, U1: E2 [O(n)]
  7: f8->f8, V: 0 [O(1)]
  7: f8->f8, V1: V1 [O(n)]
  7: f8->f8, W1: W1 [O(n)]
  7: f8->f8, X1: X1 [O(n)]
  8: f8->f10, A1: 2 [O(1)]
  8: f8->f10, B1: 0 [O(1)]
  8: f8->f10, C: 1 [O(1)]
  8: f8->f10, D: D [O(n)]
  8: f8->f10, E: E [O(n)]
  8: f8->f10, E1: 0 [O(1)]
  8: f8->f10, F: 2 [O(1)]
  8: f8->f10, F1: F1 [O(n)]
  8: f8->f10, G: G [O(n)]
  8: f8->f10, H: H [O(n)]
  8: f8->f10, I: I [O(n)]
  8: f8->f10, J: J [O(n)]
  8: f8->f10, K: K [O(n)]
  8: f8->f10, K1: -max{1, -K1} [O(n)]
  8: f8->f10, L: L [O(n)]
  8: f8->f10, L1: -1 [O(1)]
  8: f8->f10, M: M [O(n)]
  8: f8->f10, N: N [O(n)]
  8: f8->f10, N1: -max{-1, -N1} [O(n)]
  8: f8->f10, O: 2 [O(1)]
  8: f8->f10, O1: -max{-1, -O1} [O(n)]
  8: f8->f10, P: 1 [O(1)]
  8: f8->f10, P1: 0 [O(1)]
  8: f8->f10, Q1: A2 [O(n)]
  8: f8->f10, R1: Y1 [O(n)]
  8: f8->f10, S1: D2 [O(n)]
  8: f8->f10, T1: 2 [O(1)]
  8: f8->f10, U: 0 [O(1)]
  8: f8->f10, U1: E2 [O(n)]
  8: f8->f10, V: 0 [O(1)]
  8: f8->f10, V1: V1 [O(n)]
  8: f8->f10, W1: W1 [O(n)]
  8: f8->f10, X1: X1 [O(n)]
  12: f9->f1, A: 2 [O(1)]
  12: f9->f1, A1: A1 [O(n)]
  12: f9->f1, B: 2 [O(1)]
  12: f9->f1, B1: B1 [O(n)]
  12: f9->f1, C: C [O(n)]
  12: f9->f1, C1: C1 [O(n)]
  12: f9->f1, D: D [O(n)]
  12: f9->f1, D1: D1 [O(n)]
  12: f9->f1, E: E [O(n)]
  12: f9->f1, E1: E1 [O(n)]
  12: f9->f1, F: F [O(n)]
  12: f9->f1, F1: F1 [O(n)]
  12: f9->f1, G: G [O(n)]
  12: f9->f1, G1: G1 [O(n)]
  12: f9->f1, H: H [O(n)]
  12: f9->f1, H1: H1 [O(n)]
  12: f9->f1, I: I [O(n)]
  12: f9->f1, I1: I1 [O(n)]
  12: f9->f1, J: J [O(n)]
  12: f9->f1, J1: J1 [O(n)]
  12: f9->f1, K: K [O(n)]
  12: f9->f1, K1: K1 [O(n)]
  12: f9->f1, L: L [O(n)]
  12: f9->f1, L1: L1 [O(n)]
  12: f9->f1, M: M [O(n)]
  12: f9->f1, M1: M1 [O(n)]
  12: f9->f1, N: N [O(n)]
  12: f9->f1, N1: N1 [O(n)]
  12: f9->f1, O: O [O(n)]
  12: f9->f1, O1: O1 [O(n)]
  12: f9->f1, P: 0 [O(1)]
  12: f9->f1, P1: P1 [O(n)]
  12: f9->f1, Q: 2 [O(1)]
  12: f9->f1, Q1: A2 [O(n)]
  12: f9->f1, R: S [O(n)]
  12: f9->f1, R1: Y1 [O(n)]
  12: f9->f1, S: B2 [O(n)]
  12: f9->f1, S1: D2 [O(n)]
  12: f9->f1, T: S [O(n)]
  12: f9->f1, T1: 2 [O(1)]
  12: f9->f1, U: U [O(n)]
  12: f9->f1, U1: E2 [O(n)]
  12: f9->f1, V: V [O(n)]
  12: f9->f1, V1: V1 [O(n)]
  12: f9->f1, W: S [O(n)]
  12: f9->f1, W1: W1 [O(n)]
  12: f9->f1, X: X [O(n)]
  12: f9->f1, X1: X1 [O(n)]
  12: f9->f1, Y: Y [O(n)]
  12: f9->f1, Z: Z [O(n)]
  13: f9->f10, A: F2 [O(n)]
  13: f9->f10, A1: A1 [O(n)]
  13: f9->f10, B: E2 [O(n)]
  13: f9->f10, B1: B1 [O(n)]
  13: f9->f10, C: C [O(n)]
  13: f9->f10, C1: N2 [O(n)]
  13: f9->f10, D: D [O(n)]
  13: f9->f10, D1: D2 [O(n)]
  13: f9->f10, E: E [O(n)]
  13: f9->f10, E1: E1 [O(n)]
  13: f9->f10, F: F [O(n)]
  13: f9->f10, F1: F1 [O(n)]
  13: f9->f10, G: G [O(n)]
  13: f9->f10, G1: B2 [O(n)]
  13: f9->f10, H: H [O(n)]
  13: f9->f10, H1: Z1 [O(n)]
  13: f9->f10, I: I [O(n)]
  13: f9->f10, I1: A2 [O(n)]
  13: f9->f10, J: J [O(n)]
  13: f9->f10, J1: Y1 [O(n)]
  13: f9->f10, K: K [O(n)]
  13: f9->f10, K1: K1 [O(n)]
  13: f9->f10, L: L [O(n)]
  13: f9->f10, L1: L1 [O(n)]
  13: f9->f10, M: M [O(n)]
  13: f9->f10, M1: M1 [O(n)]
  13: f9->f10, N: N [O(n)]
  13: f9->f10, N1: N1 [O(n)]
  13: f9->f10, O: O [O(n)]
  13: f9->f10, O1: O1 [O(n)]
  13: f9->f10, P: 0 [O(1)]
  13: f9->f10, P1: P1 [O(n)]
  13: f9->f10, Q: C2 [O(n)]
  13: f9->f10, Q1: Q1 [O(n)]
  13: f9->f10, R: H2 [O(n)]
  13: f9->f10, R1: G2 [O(n)]
  13: f9->f10, S: J2 [O(n)]
  13: f9->f10, S1: S1 [O(n)]
  13: f9->f10, T: I2 [O(n)]
  13: f9->f10, T1: T1 [O(n)]
  13: f9->f10, U: 0 [O(1)]
  13: f9->f10, U1: U1 [O(n)]
  13: f9->f10, V: 0 [O(1)]
  13: f9->f10, V1: V1 [O(n)]
  13: f9->f10, W: K2 [O(n)]
  13: f9->f10, W1: W1 [O(n)]
  13: f9->f10, X: L2 [O(n)]
  13: f9->f10, X1: X1 [O(n)]
  13: f9->f10, Y: M2 [O(n)]
  13: f9->f10, Z: Z [O(n)]
  14: f9->f10, A: 1 [O(1)]
  14: f9->f10, A1: A1 [O(n)]
  14: f9->f10, B: E2 [O(n)]
  14: f9->f10, B1: B1 [O(n)]
  14: f9->f10, C: C [O(n)]
  14: f9->f10, C1: Q2 [O(n)]
  14: f9->f10, D: D [O(n)]
  14: f9->f10, D1: D2 [O(n)]
  14: f9->f10, E: E [O(n)]
  14: f9->f10, E1: E1 [O(n)]
  14: f9->f10, F: F [O(n)]
  14: f9->f10, F1: F1 [O(n)]
  14: f9->f10, G: G [O(n)]
  14: f9->f10, G1: B2 [O(n)]
  14: f9->f10, H: H [O(n)]
  14: f9->f10, H1: Z1 [O(n)]
  14: f9->f10, I: I [O(n)]
  14: f9->f10, I1: A2 [O(n)]
  14: f9->f10, J: J [O(n)]
  14: f9->f10, J1: Y1 [O(n)]
  14: f9->f10, K: K [O(n)]
  14: f9->f10, K1: K1 [O(n)]
  14: f9->f10, L: L [O(n)]
  14: f9->f10, L1: L1 [O(n)]
  14: f9->f10, M: M [O(n)]
  14: f9->f10, M1: M1 [O(n)]
  14: f9->f10, N: N [O(n)]
  14: f9->f10, N1: N1 [O(n)]
  14: f9->f10, O: O [O(n)]
  14: f9->f10, O1: O1 [O(n)]
  14: f9->f10, P: 0 [O(1)]
  14: f9->f10, P1: P1 [O(n)]
  14: f9->f10, Q: H2 [O(n)]
  14: f9->f10, Q1: G2 [O(n)]
  14: f9->f10, R: I2 [O(n)]
  14: f9->f10, R1: C2 [O(n)]
  14: f9->f10, S: K2 [O(n)]
  14: f9->f10, S1: L2 [O(n)]
  14: f9->f10, T: J2 [O(n)]
  14: f9->f10, T1: T1 [O(n)]
  14: f9->f10, U: 0 [O(1)]
  14: f9->f10, U1: U1 [O(n)]
  14: f9->f10, V: 0 [O(1)]
  14: f9->f10, V1: F2 [O(n)]
  14: f9->f10, W: M2 [O(n)]
  14: f9->f10, W1: G2 [O(n)]
  14: f9->f10, X: N2 [O(n)]
  14: f9->f10, X1: P2 [O(n)]
  14: f9->f10, Y: O2 [O(n)]
  14: f9->f10, Z: Z [O(n)]
`Upper:
  3: f1->f1, A: Z1 [O(n)]
  3: f1->f1, A1: A1 [O(n)]
  3: f1->f1, B: max{4, -4+4*Z1} [O(n)]
  3: f1->f1, B1: B1 [O(n)]
  3: f1->f1, C: C [O(n)]
  3: f1->f1, C1: C1 [O(n)]
  3: f1->f1, D: D [O(n)]
  3: f1->f1, D1: D1 [O(n)]
  3: f1->f1, E: E [O(n)]
  3: f1->f1, E1: E1 [O(n)]
  3: f1->f1, F: F [O(n)]
  3: f1->f1, F1: F1 [O(n)]
  3: f1->f1, G: G [O(n)]
  3: f1->f1, G1: G1 [O(n)]
  3: f1->f1, H: H [O(n)]
  3: f1->f1, H1: H1 [O(n)]
  3: f1->f1, I: I [O(n)]
  3: f1->f1, I1: I1 [O(n)]
  3: f1->f1, J: J [O(n)]
  3: f1->f1, J1: J1 [O(n)]
  3: f1->f1, K: K [O(n)]
  3: f1->f1, K1: K1 [O(n)]
  3: f1->f1, L: L [O(n)]
  3: f1->f1, L1: L1 [O(n)]
  3: f1->f1, M: M [O(n)]
  3: f1->f1, M1: M1 [O(n)]
  3: f1->f1, N: N [O(n)]
  3: f1->f1, N1: N1 [O(n)]
  3: f1->f1, O: O [O(n)]
  3: f1->f1, O1: O1 [O(n)]
  3: f1->f1, P: 0 [O(1)]
  3: f1->f1, P1: P1 [O(n)]
  3: f1->f1, Q: Z1 [O(n)]
  3: f1->f1, Q1: A2 [O(n)]
  3: f1->f1, R1: Y1 [O(n)]
  3: f1->f1, S1: D2 [O(n)]
  3: f1->f1, T1: 2 [O(1)]
  3: f1->f1, U: U [O(n)]
  3: f1->f1, U1: E2 [O(n)]
  3: f1->f1, V: V [O(n)]
  3: f1->f1, V1: V1 [O(n)]
  3: f1->f1, W: S [O(n)]
  3: f1->f1, W1: W1 [O(n)]
  3: f1->f1, X: X [O(n)]
  3: f1->f1, X1: X1 [O(n)]
  3: f1->f1, Y: Y [O(n)]
  3: f1->f1, Z: Z [O(n)]
  4: f1->f116, A: Z1 [O(n)]
  4: f1->f116, B1: B1 [O(n)]
  4: f1->f116, C: 0 [O(1)]
  4: f1->f116, C1: C1 [O(n)]
  4: f1->f116, D: D [O(n)]
  4: f1->f116, D1: D1 [O(n)]
  4: f1->f116, E: E [O(n)]
  4: f1->f116, E1: E1 [O(n)]
  4: f1->f116, F: F [O(n)]
  4: f1->f116, F1: F1 [O(n)]
  4: f1->f116, G: G [O(n)]
  4: f1->f116, G1: G1 [O(n)]
  4: f1->f116, H: H [O(n)]
  4: f1->f116, H1: H1 [O(n)]
  4: f1->f116, I: I [O(n)]
  4: f1->f116, I1: I1 [O(n)]
  4: f1->f116, J: J [O(n)]
  4: f1->f116, J1: J1 [O(n)]
  4: f1->f116, K: K [O(n)]
  4: f1->f116, K1: K1 [O(n)]
  4: f1->f116, L: L [O(n)]
  4: f1->f116, L1: L1 [O(n)]
  4: f1->f116, M: M [O(n)]
  4: f1->f116, M1: M1 [O(n)]
  4: f1->f116, N: N [O(n)]
  4: f1->f116, N1: N1 [O(n)]
  4: f1->f116, O: O [O(n)]
  4: f1->f116, O1: O1 [O(n)]
  4: f1->f116, P: 0 [O(1)]
  4: f1->f116, P1: P1 [O(n)]
  4: f1->f116, Q1: A2 [O(n)]
  4: f1->f116, R1: Y1 [O(n)]
  4: f1->f116, S1: D2 [O(n)]
  4: f1->f116, T1: 2 [O(1)]
  4: f1->f116, U1: E2 [O(n)]
  4: f1->f116, V1: V1 [O(n)]
  4: f1->f116, W1: W1 [O(n)]
  4: f1->f116, X1: X1 [O(n)]
  2: f116->f300, A: Z1 [O(n)]
  2: f116->f300, B1: B1 [O(n)]
  2: f116->f300, C: 1 [O(1)]
  2: f116->f300, C1: C1 [O(n)]
  2: f116->f300, D: D [O(n)]
  2: f116->f300, D1: D1 [O(n)]
  2: f116->f300, E: E [O(n)]
  2: f116->f300, E1: E1 [O(n)]
  2: f116->f300, F: F [O(n)]
  2: f116->f300, F1: F1 [O(n)]
  2: f116->f300, G: G [O(n)]
  2: f116->f300, G1: G1 [O(n)]
  2: f116->f300, H: H [O(n)]
  2: f116->f300, H1: H1 [O(n)]
  2: f116->f300, I: I [O(n)]
  2: f116->f300, I1: I1 [O(n)]
  2: f116->f300, J: J [O(n)]
  2: f116->f300, J1: J1 [O(n)]
  2: f116->f300, K: K [O(n)]
  2: f116->f300, K1: K1 [O(n)]
  2: f116->f300, L: L [O(n)]
  2: f116->f300, L1: L1 [O(n)]
  2: f116->f300, M: M [O(n)]
  2: f116->f300, N: N [O(n)]
  2: f116->f300, N1: max{1, N1} [O(n)]
  2: f116->f300, O: max{F, O} [O(n)]
  2: f116->f300, O1: max{O1, -1+F} [O(n)]
  2: f116->f300, P: 1 [O(1)]
  2: f116->f300, P1: P1 [O(n)]
  2: f116->f300, Q1: A2 [O(n)]
  2: f116->f300, R1: Y1 [O(n)]
  2: f116->f300, S1: D2 [O(n)]
  2: f116->f300, T1: 2 [O(1)]
  2: f116->f300, U1: E2 [O(n)]
  2: f116->f300, V1: V1 [O(n)]
  2: f116->f300, W1: W1 [O(n)]
  2: f116->f300, X1: X1 [O(n)]
  10: f116->f116, A: Z1 [O(n)]
  10: f116->f116, B1: B1 [O(n)]
  10: f116->f116, C: 1 [O(1)]
  10: f116->f116, C1: C1 [O(n)]
  10: f116->f116, D: D [O(n)]
  10: f116->f116, D1: D1 [O(n)]
  10: f116->f116, E: E [O(n)]
  10: f116->f116, E1: E1 [O(n)]
  10: f116->f116, F: F [O(n)]
  10: f116->f116, F1: F1 [O(n)]
  10: f116->f116, G: G [O(n)]
  10: f116->f116, G1: G1 [O(n)]
  10: f116->f116, H: H [O(n)]
  10: f116->f116, H1: H1 [O(n)]
  10: f116->f116, I: I [O(n)]
  10: f116->f116, I1: I1 [O(n)]
  10: f116->f116, J: J [O(n)]
  10: f116->f116, J1: J1 [O(n)]
  10: f116->f116, K: K [O(n)]
  10: f116->f116, K1: K1 [O(n)]
  10: f116->f116, L: L [O(n)]
  10: f116->f116, L1: L1 [O(n)]
  10: f116->f116, M: M [O(n)]
  10: f116->f116, N: N [O(n)]
  10: f116->f116, N1: 1 [O(1)]
  10: f116->f116, O: F [O(n)]
  10: f116->f116, O1: -1+F [O(n)]
  10: f116->f116, P: 1 [O(1)]
  10: f116->f116, P1: P1 [O(n)]
  10: f116->f116, Q1: A2 [O(n)]
  10: f116->f116, R1: Y1 [O(n)]
  10: f116->f116, S1: D2 [O(n)]
  10: f116->f116, T1: 2 [O(1)]
  10: f116->f116, U1: E2 [O(n)]
  10: f116->f116, V1: V1 [O(n)]
  10: f116->f116, W1: W1 [O(n)]
  10: f116->f116, X1: X1 [O(n)]
  11: f116->f8, A: Z1 [O(n)]
  11: f116->f8, B1: E1 [O(n)]
  11: f116->f8, C: 1+E1 [O(n)]
  11: f116->f8, C1: 0 [O(1)]
  11: f116->f8, D: D [O(n)]
  11: f116->f8, D1: 0 [O(1)]
  11: f116->f8, E: E [O(n)]
  11: f116->f8, E1: E1 [O(n)]
  11: f116->f8, F: F [O(n)]
  11: f116->f8, F1: F1 [O(n)]
  11: f116->f8, G: G [O(n)]
  11: f116->f8, G1: 0 [O(1)]
  11: f116->f8, H: H [O(n)]
  11: f116->f8, H1: 0 [O(1)]
  11: f116->f8, I: I [O(n)]
  11: f116->f8, I1: 0 [O(1)]
  11: f116->f8, J: J [O(n)]
  11: f116->f8, J1: 0 [O(1)]
  11: f116->f8, K: K [O(n)]
  11: f116->f8, K1: K1 [O(n)]
  11: f116->f8, L: L [O(n)]
  11: f116->f8, L1: -1 [O(1)]
  11: f116->f8, M: M [O(n)]
  11: f116->f8, N: N [O(n)]
  11: f116->f8, N1: max{1, N1} [O(n)]
  11: f116->f8, O: F [O(n)]
  11: f116->f8, O1: max{O1, -1+F} [O(n)]
  11: f116->f8, P: 1 [O(1)]
  11: f116->f8, Q1: A2 [O(n)]
  11: f116->f8, R1: Y1 [O(n)]
  11: f116->f8, S1: D2 [O(n)]
  11: f116->f8, T1: 2 [O(1)]
  11: f116->f8, U: 0 [O(1)]
  11: f116->f8, U1: E2 [O(n)]
  11: f116->f8, V: 0 [O(1)]
  11: f116->f8, V1: V1 [O(n)]
  11: f116->f8, W1: W1 [O(n)]
  11: f116->f8, X1: X1 [O(n)]
  7: f8->f8, A: Z1 [O(n)]
  7: f8->f8, B1: E1 [O(n)]
  7: f8->f8, C: 1+E1 [O(n)]
  7: f8->f8, C1: 0 [O(1)]
  7: f8->f8, D: D [O(n)]
  7: f8->f8, D1: 0 [O(1)]
  7: f8->f8, E: E [O(n)]
  7: f8->f8, E1: E1 [O(n)]
  7: f8->f8, F: F [O(n)]
  7: f8->f8, F1: F1 [O(n)]
  7: f8->f8, G: G [O(n)]
  7: f8->f8, G1: 0 [O(1)]
  7: f8->f8, H: H [O(n)]
  7: f8->f8, H1: 0 [O(1)]
  7: f8->f8, I: I [O(n)]
  7: f8->f8, I1: 0 [O(1)]
  7: f8->f8, J: J [O(n)]
  7: f8->f8, J1: 0 [O(1)]
  7: f8->f8, K: K [O(n)]
  7: f8->f8, K1: -1+E1 [O(n)]
  7: f8->f8, L: L [O(n)]
  7: f8->f8, L1: -1 [O(1)]
  7: f8->f8, M: M [O(n)]
  7: f8->f8, N: N [O(n)]
  7: f8->f8, N1: max{1, N1} [O(n)]
  7: f8->f8, O: F [O(n)]
  7: f8->f8, O1: max{O1, -1+F} [O(n)]
  7: f8->f8, P: 1 [O(1)]
  7: f8->f8, Q1: A2 [O(n)]
  7: f8->f8, R1: Y1 [O(n)]
  7: f8->f8, S1: D2 [O(n)]
  7: f8->f8, T1: 2 [O(1)]
  7: f8->f8, U: 0 [O(1)]
  7: f8->f8, U1: E2 [O(n)]
  7: f8->f8, V: 0 [O(1)]
  7: f8->f8, V1: V1 [O(n)]
  7: f8->f8, W1: W1 [O(n)]
  7: f8->f8, X1: X1 [O(n)]
  8: f8->f10, B1: E1 [O(n)]
  8: f8->f10, C: 1+E1 [O(n)]
  8: f8->f10, D: D [O(n)]
  8: f8->f10, E: E [O(n)]
  8: f8->f10, E1: E1 [O(n)]
  8: f8->f10, F: F [O(n)]
  8: f8->f10, F1: F1 [O(n)]
  8: f8->f10, G: G [O(n)]
  8: f8->f10, H: H [O(n)]
  8: f8->f10, I: I [O(n)]
  8: f8->f10, J: J [O(n)]
  8: f8->f10, K: K [O(n)]
  8: f8->f10, K1: max{K1, -1+E1} [O(n)]
  8: f8->f10, L: L [O(n)]
  8: f8->f10, L1: -1 [O(1)]
  8: f8->f10, M: M [O(n)]
  8: f8->f10, N: N [O(n)]
  8: f8->f10, N1: max{1, N1} [O(n)]
  8: f8->f10, O: F [O(n)]
  8: f8->f10, O1: max{O1, -1+F} [O(n)]
  8: f8->f10, P: 1 [O(1)]
  8: f8->f10, Q1: A2 [O(n)]
  8: f8->f10, R1: Y1 [O(n)]
  8: f8->f10, S1: D2 [O(n)]
  8: f8->f10, T1: 2 [O(1)]
  8: f8->f10, U: 0 [O(1)]
  8: f8->f10, U1: E2 [O(n)]
  8: f8->f10, V: 0 [O(1)]
  8: f8->f10, V1: V1 [O(n)]
  8: f8->f10, W1: W1 [O(n)]
  8: f8->f10, X1: X1 [O(n)]
  12: f9->f1, A: Z1 [O(n)]
  12: f9->f1, A1: A1 [O(n)]
  12: f9->f1, B: 2 [O(1)]
  12: f9->f1, B1: B1 [O(n)]
  12: f9->f1, C: C [O(n)]
  12: f9->f1, C1: C1 [O(n)]
  12: f9->f1, D: D [O(n)]
  12: f9->f1, D1: D1 [O(n)]
  12: f9->f1, E: E [O(n)]
  12: f9->f1, E1: E1 [O(n)]
  12: f9->f1, F: F [O(n)]
  12: f9->f1, F1: F1 [O(n)]
  12: f9->f1, G: G [O(n)]
  12: f9->f1, G1: G1 [O(n)]
  12: f9->f1, H: H [O(n)]
  12: f9->f1, H1: H1 [O(n)]
  12: f9->f1, I: I [O(n)]
  12: f9->f1, I1: I1 [O(n)]
  12: f9->f1, J: J [O(n)]
  12: f9->f1, J1: J1 [O(n)]
  12: f9->f1, K: K [O(n)]
  12: f9->f1, K1: K1 [O(n)]
  12: f9->f1, L: L [O(n)]
  12: f9->f1, L1: L1 [O(n)]
  12: f9->f1, M: M [O(n)]
  12: f9->f1, M1: M1 [O(n)]
  12: f9->f1, N: N [O(n)]
  12: f9->f1, N1: N1 [O(n)]
  12: f9->f1, O: O [O(n)]
  12: f9->f1, O1: O1 [O(n)]
  12: f9->f1, P: 0 [O(1)]
  12: f9->f1, P1: P1 [O(n)]
  12: f9->f1, Q: Z1 [O(n)]
  12: f9->f1, Q1: A2 [O(n)]
  12: f9->f1, R: S [O(n)]
  12: f9->f1, R1: Y1 [O(n)]
  12: f9->f1, S: B2 [O(n)]
  12: f9->f1, S1: D2 [O(n)]
  12: f9->f1, T: S [O(n)]
  12: f9->f1, T1: 2 [O(1)]
  12: f9->f1, U: U [O(n)]
  12: f9->f1, U1: E2 [O(n)]
  12: f9->f1, V: V [O(n)]
  12: f9->f1, V1: V1 [O(n)]
  12: f9->f1, W: S [O(n)]
  12: f9->f1, W1: W1 [O(n)]
  12: f9->f1, X: X [O(n)]
  12: f9->f1, X1: X1 [O(n)]
  12: f9->f1, Y: Y [O(n)]
  12: f9->f1, Z: Z [O(n)]
  13: f9->f10, A: 0 [O(1)]
  13: f9->f10, A1: A1 [O(n)]
  13: f9->f10, B: E2 [O(n)]
  13: f9->f10, B1: B1 [O(n)]
  13: f9->f10, C: C [O(n)]
  13: f9->f10, C1: N2 [O(n)]
  13: f9->f10, D: D [O(n)]
  13: f9->f10, D1: D2 [O(n)]
  13: f9->f10, E: E [O(n)]
  13: f9->f10, E1: E1 [O(n)]
  13: f9->f10, F: F [O(n)]
  13: f9->f10, F1: F1 [O(n)]
  13: f9->f10, G: G [O(n)]
  13: f9->f10, G1: B2 [O(n)]
  13: f9->f10, H: H [O(n)]
  13: f9->f10, H1: Z1 [O(n)]
  13: f9->f10, I: I [O(n)]
  13: f9->f10, I1: A2 [O(n)]
  13: f9->f10, J: J [O(n)]
  13: f9->f10, J1: Y1 [O(n)]
  13: f9->f10, K: K [O(n)]
  13: f9->f10, K1: K1 [O(n)]
  13: f9->f10, L: L [O(n)]
  13: f9->f10, L1: L1 [O(n)]
  13: f9->f10, M: M [O(n)]
  13: f9->f10, M1: M1 [O(n)]
  13: f9->f10, N: N [O(n)]
  13: f9->f10, N1: N1 [O(n)]
  13: f9->f10, O: O [O(n)]
  13: f9->f10, O1: O1 [O(n)]
  13: f9->f10, P: 0 [O(1)]
  13: f9->f10, P1: P1 [O(n)]
  13: f9->f10, Q: C2 [O(n)]
  13: f9->f10, Q1: Q1 [O(n)]
  13: f9->f10, R: H2 [O(n)]
  13: f9->f10, R1: G2 [O(n)]
  13: f9->f10, S: J2 [O(n)]
  13: f9->f10, S1: S1 [O(n)]
  13: f9->f10, T: I2 [O(n)]
  13: f9->f10, T1: T1 [O(n)]
  13: f9->f10, U: 0 [O(1)]
  13: f9->f10, U1: U1 [O(n)]
  13: f9->f10, V: 0 [O(1)]
  13: f9->f10, V1: V1 [O(n)]
  13: f9->f10, W: K2 [O(n)]
  13: f9->f10, W1: W1 [O(n)]
  13: f9->f10, X: L2 [O(n)]
  13: f9->f10, X1: X1 [O(n)]
  13: f9->f10, Y: M2 [O(n)]
  13: f9->f10, Z: Z [O(n)]
  14: f9->f10, A: 1 [O(1)]
  14: f9->f10, A1: A1 [O(n)]
  14: f9->f10, B: E2 [O(n)]
  14: f9->f10, B1: B1 [O(n)]
  14: f9->f10, C: C [O(n)]
  14: f9->f10, C1: Q2 [O(n)]
  14: f9->f10, D: D [O(n)]
  14: f9->f10, D1: D2 [O(n)]
  14: f9->f10, E: E [O(n)]
  14: f9->f10, E1: E1 [O(n)]
  14: f9->f10, F: F [O(n)]
  14: f9->f10, F1: F1 [O(n)]
  14: f9->f10, G: G [O(n)]
  14: f9->f10, G1: B2 [O(n)]
  14: f9->f10, H: H [O(n)]
  14: f9->f10, H1: Z1 [O(n)]
  14: f9->f10, I: I [O(n)]
  14: f9->f10, I1: A2 [O(n)]
  14: f9->f10, J: J [O(n)]
  14: f9->f10, J1: Y1 [O(n)]
  14: f9->f10, K: K [O(n)]
  14: f9->f10, K1: K1 [O(n)]
  14: f9->f10, L: L [O(n)]
  14: f9->f10, L1: L1 [O(n)]
  14: f9->f10, M: M [O(n)]
  14: f9->f10, M1: M1 [O(n)]
  14: f9->f10, N: N [O(n)]
  14: f9->f10, N1: N1 [O(n)]
  14: f9->f10, O: O [O(n)]
  14: f9->f10, O1: O1 [O(n)]
  14: f9->f10, P: 0 [O(1)]
  14: f9->f10, P1: P1 [O(n)]
  14: f9->f10, Q: H2 [O(n)]
  14: f9->f10, Q1: G2 [O(n)]
  14: f9->f10, R: I2 [O(n)]
  14: f9->f10, R1: C2 [O(n)]
  14: f9->f10, S: K2 [O(n)]
  14: f9->f10, S1: L2 [O(n)]
  14: f9->f10, T: J2 [O(n)]
  14: f9->f10, T1: T1 [O(n)]
  14: f9->f10, U: 0 [O(1)]
  14: f9->f10, U1: U1 [O(n)]
  14: f9->f10, V: 0 [O(1)]
  14: f9->f10, V1: F2 [O(n)]
  14: f9->f10, W: M2 [O(n)]
  14: f9->f10, W1: G2 [O(n)]
  14: f9->f10, X: N2 [O(n)]
  14: f9->f10, X1: P2 [O(n)]
  14: f9->f10, Y: O2 [O(n)]
  14: f9->f10, Z: Z [O(n)]
