Timebounds: 
  Overall timebound: inf [Infinity]
  6: f1->f1: max{2, -6+4*Y2} [O(n)]
  16: f1->f18: 1 [O(1)]
  9: f11->f11: max{0, Y2+J1} [O(n)]
  10: f11->f20: 1 [O(1)]
  13: f13->f13: max{0, Y2+U1} [O(n)]
  14: f13->f20: 1 [O(1)]
  17: f16->f16: inf [Infinity]
  24: f16->f20: 1 [O(1)]
  25: f16->f20: 1 [O(1)]
  3: f18->f27: inf [Infinity]
  4: f18->f18: inf [Infinity]
  19: f18->f11: 1 [O(1)]
  21: f19->f1: 1 [O(1)]
  22: f19->f16: 1 [O(1)]
  23: f19->f20: 1 [O(1)]
  5: f27->f18: inf [Infinity]
  20: f27->f13: 1 [O(1)]

Costbounds:
  Overall costbound: inf [Infinity]
  6: f1->f1: max{2, -6+4*Y2} [O(n)]
  16: f1->f18: 1 [O(1)]
  9: f11->f11: max{0, Y2+J1} [O(n)]
  10: f11->f20: 1 [O(1)]
  13: f13->f13: max{0, Y2+U1} [O(n)]
  14: f13->f20: 1 [O(1)]
  17: f16->f16: inf [Infinity]
  24: f16->f20: 1 [O(1)]
  25: f16->f20: 1 [O(1)]
  3: f18->f27: inf [Infinity]
  4: f18->f18: inf [Infinity]
  19: f18->f11: 1 [O(1)]
  21: f19->f1: 1 [O(1)]
  22: f19->f16: 1 [O(1)]
  23: f19->f20: 1 [O(1)]
  5: f27->f18: inf [Infinity]
  20: f27->f13: 1 [O(1)]

Sizebounds:
`Lower:
  6: f1->f1, A: 3 [O(1)]
  6: f1->f1, A1: A1 [O(n)]
  6: f1->f1, A2: E1 [O(n)]
  6: f1->f1, B: 3 [O(1)]
  6: f1->f1, B1: B1 [O(n)]
  6: f1->f1, B2: B2 [O(n)]
  6: f1->f1, C: C [O(n)]
  6: f1->f1, C1: 3 [O(1)]
  6: f1->f1, C2: C2 [O(n)]
  6: f1->f1, D: D [O(n)]
  6: f1->f1, D2: D2 [O(n)]
  6: f1->f1, E: E [O(n)]
  6: f1->f1, E2: Z2 [O(n)]
  6: f1->f1, F: F [O(n)]
  6: f1->f1, F2: F2 [O(n)]
  6: f1->f1, G: G [O(n)]
  6: f1->f1, G1: G1 [O(n)]
  6: f1->f1, G2: G2 [O(n)]
  6: f1->f1, H: H [O(n)]
  6: f1->f1, H1: H1 [O(n)]
  6: f1->f1, H2: H2 [O(n)]
  6: f1->f1, I: I [O(n)]
  6: f1->f1, I1: I1 [O(n)]
  6: f1->f1, I2: I2 [O(n)]
  6: f1->f1, J: J [O(n)]
  6: f1->f1, J1: J1 [O(n)]
  6: f1->f1, J2: J2 [O(n)]
  6: f1->f1, K: K [O(n)]
  6: f1->f1, K1: K1 [O(n)]
  6: f1->f1, K2: K2 [O(n)]
  6: f1->f1, L: L [O(n)]
  6: f1->f1, L1: L1 [O(n)]
  6: f1->f1, L2: X2 [O(n)]
  6: f1->f1, M: M [O(n)]
  6: f1->f1, M1: M1 [O(n)]
  6: f1->f1, M2: 2 [O(1)]
  6: f1->f1, N: N [O(n)]
  6: f1->f1, N1: N1 [O(n)]
  6: f1->f1, N2: C3 [O(n)]
  6: f1->f1, O: O [O(n)]
  6: f1->f1, O1: O1 [O(n)]
  6: f1->f1, O2: O2 [O(n)]
  6: f1->f1, P: P [O(n)]
  6: f1->f1, P1: P1 [O(n)]
  6: f1->f1, P2: P2 [O(n)]
  6: f1->f1, Q: Q [O(n)]
  6: f1->f1, Q1: Q1 [O(n)]
  6: f1->f1, Q2: Q2 [O(n)]
  6: f1->f1, R: R [O(n)]
  6: f1->f1, R1: R1 [O(n)]
  6: f1->f1, R2: R2 [O(n)]
  6: f1->f1, S: S [O(n)]
  6: f1->f1, S1: S1 [O(n)]
  6: f1->f1, S2: S2 [O(n)]
  6: f1->f1, T: T [O(n)]
  6: f1->f1, T1: T1 [O(n)]
  6: f1->f1, T2: T2 [O(n)]
  6: f1->f1, U: U [O(n)]
  6: f1->f1, U1: U1 [O(n)]
  6: f1->f1, U2: U2 [O(n)]
  6: f1->f1, V: V [O(n)]
  6: f1->f1, V1: V1 [O(n)]
  6: f1->f1, V2: V2 [O(n)]
  6: f1->f1, W: W [O(n)]
  6: f1->f1, W1: W1 [O(n)]
  6: f1->f1, W2: W2 [O(n)]
  6: f1->f1, X: X [O(n)]
  6: f1->f1, X1: X1 [O(n)]
  6: f1->f1, Y: Y [O(n)]
  6: f1->f1, Y1: Y1 [O(n)]
  6: f1->f1, Z: A3 [O(n)]
  6: f1->f1, Z1: Z1 [O(n)]
  16: f1->f18, A: 2 [O(1)]
  16: f1->f18, A1: A1 [O(n)]
  16: f1->f18, B1: B1 [O(n)]
  16: f1->f18, C2: 2 [O(1)]
  16: f1->f18, D: 0 [O(1)]
  16: f1->f18, D2: D2 [O(n)]
  16: f1->f18, E: E [O(n)]
  16: f1->f18, E2: Z2 [O(n)]
  16: f1->f18, F: F [O(n)]
  16: f1->f18, F2: F2 [O(n)]
  16: f1->f18, G: G [O(n)]
  16: f1->f18, G1: G1 [O(n)]
  16: f1->f18, G2: G2 [O(n)]
  16: f1->f18, H: 2 [O(1)]
  16: f1->f18, H1: H1 [O(n)]
  16: f1->f18, H2: H2 [O(n)]
  16: f1->f18, I: I [O(n)]
  16: f1->f18, I1: I1 [O(n)]
  16: f1->f18, I2: I2 [O(n)]
  16: f1->f18, J: J [O(n)]
  16: f1->f18, J1: J1 [O(n)]
  16: f1->f18, J2: J2 [O(n)]
  16: f1->f18, K: K [O(n)]
  16: f1->f18, K1: K1 [O(n)]
  16: f1->f18, K2: K2 [O(n)]
  16: f1->f18, L: L [O(n)]
  16: f1->f18, L1: L1 [O(n)]
  16: f1->f18, L2: X2 [O(n)]
  16: f1->f18, M: M [O(n)]
  16: f1->f18, M1: M1 [O(n)]
  16: f1->f18, M2: 2 [O(1)]
  16: f1->f18, N: N [O(n)]
  16: f1->f18, N1: N1 [O(n)]
  16: f1->f18, N2: C3 [O(n)]
  16: f1->f18, O: O [O(n)]
  16: f1->f18, O1: O1 [O(n)]
  16: f1->f18, O2: O2 [O(n)]
  16: f1->f18, P: P [O(n)]
  16: f1->f18, P2: P2 [O(n)]
  16: f1->f18, Q: Q [O(n)]
  16: f1->f18, Q2: Q2 [O(n)]
  16: f1->f18, R: R [O(n)]
  16: f1->f18, R2: R2 [O(n)]
  16: f1->f18, S: S [O(n)]
  16: f1->f18, S1: S1 [O(n)]
  16: f1->f18, S2: S2 [O(n)]
  16: f1->f18, T: T [O(n)]
  16: f1->f18, T1: T1 [O(n)]
  16: f1->f18, T2: T2 [O(n)]
  16: f1->f18, U: U [O(n)]
  16: f1->f18, U1: U1 [O(n)]
  16: f1->f18, U2: U2 [O(n)]
  16: f1->f18, V: V [O(n)]
  16: f1->f18, V1: V1 [O(n)]
  16: f1->f18, V2: V2 [O(n)]
  16: f1->f18, W: W [O(n)]
  16: f1->f18, W1: W1 [O(n)]
  16: f1->f18, W2: W2 [O(n)]
  16: f1->f18, X: X [O(n)]
  16: f1->f18, X1: X1 [O(n)]
  16: f1->f18, Y: Y [O(n)]
  16: f1->f18, Z1: 2 [O(1)]
  9: f11->f11, A: 2 [O(1)]
  9: f11->f11, A1: -max{0, -A1} [O(n)]
  9: f11->f11, B1: -max{0, -B1} [O(n)]
  9: f11->f11, C: 1 [O(1)]
  9: f11->f11, C2: 2 [O(1)]
  9: f11->f11, D: 1 [O(1)]
  9: f11->f11, D2: D2 [O(n)]
  9: f11->f11, E: E [O(n)]
  9: f11->f11, E2: Z2 [O(n)]
  9: f11->f11, F: F [O(n)]
  9: f11->f11, F2: F2 [O(n)]
  9: f11->f11, G: G [O(n)]
  9: f11->f11, G1: 0 [O(1)]
  9: f11->f11, G2: 0 [O(1)]
  9: f11->f11, H: 0 [O(1)]
  9: f11->f11, H1: 0 [O(1)]
  9: f11->f11, H2: -1 [O(1)]
  9: f11->f11, I: I [O(n)]
  9: f11->f11, I1: 0 [O(1)]
  9: f11->f11, I2: 0 [O(1)]
  9: f11->f11, J: J [O(n)]
  9: f11->f11, J1: -1 [O(1)]
  9: f11->f11, J2: J2 [O(n)]
  9: f11->f11, K: K [O(n)]
  9: f11->f11, K1: K1 [O(n)]
  9: f11->f11, K2: K2 [O(n)]
  9: f11->f11, L: L [O(n)]
  9: f11->f11, L1: 0 [O(1)]
  9: f11->f11, L2: X2 [O(n)]
  9: f11->f11, M: M [O(n)]
  9: f11->f11, M1: 0 [O(1)]
  9: f11->f11, M2: 2 [O(1)]
  9: f11->f11, N: N [O(n)]
  9: f11->f11, N1: 0 [O(1)]
  9: f11->f11, N2: C3 [O(n)]
  9: f11->f11, O: O [O(n)]
  9: f11->f11, O1: 0 [O(1)]
  9: f11->f11, O2: O2 [O(n)]
  9: f11->f11, P: P [O(n)]
  9: f11->f11, P2: P2 [O(n)]
  9: f11->f11, Q: Q [O(n)]
  9: f11->f11, Q1: 0 [O(1)]
  9: f11->f11, Q2: Q2 [O(n)]
  9: f11->f11, R: R [O(n)]
  9: f11->f11, R1: 0 [O(1)]
  9: f11->f11, R2: R2 [O(n)]
  9: f11->f11, S: S [O(n)]
  9: f11->f11, S1: -1 [O(1)]
  9: f11->f11, S2: S2 [O(n)]
  9: f11->f11, T: -max{0, -T} [O(n)]
  9: f11->f11, T1: T1 [O(n)]
  9: f11->f11, T2: T2 [O(n)]
  9: f11->f11, U: -max{0, -U} [O(n)]
  9: f11->f11, U1: U1 [O(n)]
  9: f11->f11, U2: U2 [O(n)]
  9: f11->f11, V: -max{-1, -V} [O(n)]
  9: f11->f11, V1: V1 [O(n)]
  9: f11->f11, V2: V2 [O(n)]
  9: f11->f11, W: -max{-1, -W} [O(n)]
  9: f11->f11, W1: W1 [O(n)]
  9: f11->f11, W2: W2 [O(n)]
  9: f11->f11, X: -max{1, -X} [O(n)]
  9: f11->f11, X1: X1 [O(n)]
  9: f11->f11, Y: Y [O(n)]
  9: f11->f11, Z1: 2 [O(1)]
  10: f11->f20, A1: -max{0, -A1} [O(n)]
  10: f11->f20, B1: -max{0, -B1} [O(n)]
  10: f11->f20, C: 1 [O(1)]
  10: f11->f20, C2: 2 [O(1)]
  10: f11->f20, D: 1 [O(1)]
  10: f11->f20, D2: D2 [O(n)]
  10: f11->f20, E: E [O(n)]
  10: f11->f20, E2: Z2 [O(n)]
  10: f11->f20, F: F [O(n)]
  10: f11->f20, F2: F2 [O(n)]
  10: f11->f20, G: G [O(n)]
  10: f11->f20, G1: 0 [O(1)]
  10: f11->f20, G2: 0 [O(1)]
  10: f11->f20, H: 0 [O(1)]
  10: f11->f20, H2: -1 [O(1)]
  10: f11->f20, I: I [O(n)]
  10: f11->f20, I2: 0 [O(1)]
  10: f11->f20, J: J [O(n)]
  10: f11->f20, J1: 0 [O(1)]
  10: f11->f20, J2: J2 [O(n)]
  10: f11->f20, K: K [O(n)]
  10: f11->f20, K1: K1 [O(n)]
  10: f11->f20, K2: K2 [O(n)]
  10: f11->f20, L: L [O(n)]
  10: f11->f20, L2: X2 [O(n)]
  10: f11->f20, M: M [O(n)]
  10: f11->f20, M2: 2 [O(1)]
  10: f11->f20, N: N [O(n)]
  10: f11->f20, N2: C3 [O(n)]
  10: f11->f20, O: O [O(n)]
  10: f11->f20, O2: O2 [O(n)]
  10: f11->f20, P: P [O(n)]
  10: f11->f20, P2: P2 [O(n)]
  10: f11->f20, Q: Q [O(n)]
  10: f11->f20, Q1: 0 [O(1)]
  10: f11->f20, Q2: Q2 [O(n)]
  10: f11->f20, R: R [O(n)]
  10: f11->f20, R1: 0 [O(1)]
  10: f11->f20, R2: R2 [O(n)]
  10: f11->f20, S: S [O(n)]
  10: f11->f20, S1: -max{1, -S1} [O(n)]
  10: f11->f20, S2: S2 [O(n)]
  10: f11->f20, T: -max{0, -T} [O(n)]
  10: f11->f20, T1: T1 [O(n)]
  10: f11->f20, T2: T2 [O(n)]
  10: f11->f20, U: -max{0, -U} [O(n)]
  10: f11->f20, U1: U1 [O(n)]
  10: f11->f20, U2: U2 [O(n)]
  10: f11->f20, V: -max{-1, -V} [O(n)]
  10: f11->f20, V1: V1 [O(n)]
  10: f11->f20, V2: V2 [O(n)]
  10: f11->f20, W: -max{-1, -W} [O(n)]
  10: f11->f20, W1: W1 [O(n)]
  10: f11->f20, W2: W2 [O(n)]
  10: f11->f20, X: -max{1, -X} [O(n)]
  10: f11->f20, X1: X1 [O(n)]
  10: f11->f20, Y: Y [O(n)]
  10: f11->f20, Z1: 2 [O(1)]
  13: f13->f13, A: 2 [O(1)]
  13: f13->f13, A1: -max{0, -A1} [O(n)]
  13: f13->f13, B1: -max{0, -B1} [O(n)]
  13: f13->f13, C2: 2 [O(1)]
  13: f13->f13, D: 1 [O(1)]
  13: f13->f13, D2: D2 [O(n)]
  13: f13->f13, E: E [O(n)]
  13: f13->f13, E2: Z2 [O(n)]
  13: f13->f13, F: F [O(n)]
  13: f13->f13, F2: F2 [O(n)]
  13: f13->f13, G: G [O(n)]
  13: f13->f13, G1: G1 [O(n)]
  13: f13->f13, G2: G2 [O(n)]
  13: f13->f13, H: 0 [O(1)]
  13: f13->f13, H1: 0 [O(1)]
  13: f13->f13, H2: H2 [O(n)]
  13: f13->f13, I: I [O(n)]
  13: f13->f13, I1: 0 [O(1)]
  13: f13->f13, I2: I2 [O(n)]
  13: f13->f13, J: J [O(n)]
  13: f13->f13, J1: J1 [O(n)]
  13: f13->f13, J2: 0 [O(1)]
  13: f13->f13, K: K [O(n)]
  13: f13->f13, K1: K1 [O(n)]
  13: f13->f13, K2: -1 [O(1)]
  13: f13->f13, L: L [O(n)]
  13: f13->f13, L1: 0 [O(1)]
  13: f13->f13, L2: X2 [O(n)]
  13: f13->f13, M: M [O(n)]
  13: f13->f13, M1: 0 [O(1)]
  13: f13->f13, M2: 2 [O(1)]
  13: f13->f13, N: N [O(n)]
  13: f13->f13, N1: 0 [O(1)]
  13: f13->f13, N2: C3 [O(n)]
  13: f13->f13, O: O [O(n)]
  13: f13->f13, O1: 0 [O(1)]
  13: f13->f13, O2: O2 [O(n)]
  13: f13->f13, P: P [O(n)]
  13: f13->f13, P2: P2 [O(n)]
  13: f13->f13, Q: Q [O(n)]
  13: f13->f13, Q1: 0 [O(1)]
  13: f13->f13, Q2: Q2 [O(n)]
  13: f13->f13, R: R [O(n)]
  13: f13->f13, R1: 0 [O(1)]
  13: f13->f13, R2: R2 [O(n)]
  13: f13->f13, S: S [O(n)]
  13: f13->f13, S1: S1 [O(n)]
  13: f13->f13, S2: S2 [O(n)]
  13: f13->f13, T: 0 [O(1)]
  13: f13->f13, T1: 0 [O(1)]
  13: f13->f13, T2: T2 [O(n)]
  13: f13->f13, U: 0 [O(1)]
  13: f13->f13, U1: -1 [O(1)]
  13: f13->f13, U2: U2 [O(n)]
  13: f13->f13, V: -max{-1, -V} [O(n)]
  13: f13->f13, V1: V1 [O(n)]
  13: f13->f13, V2: V2 [O(n)]
  13: f13->f13, W: -max{-1, -W} [O(n)]
  13: f13->f13, W1: -1 [O(1)]
  13: f13->f13, W2: W2 [O(n)]
  13: f13->f13, X: -max{1, -X} [O(n)]
  13: f13->f13, X1: X1 [O(n)]
  13: f13->f13, Y: Y [O(n)]
  13: f13->f13, Z1: 2 [O(1)]
  14: f13->f20, A: 2 [O(1)]
  14: f13->f20, A1: -max{0, -A1} [O(n)]
  14: f13->f20, B1: -max{0, -B1} [O(n)]
  14: f13->f20, C2: 2 [O(1)]
  14: f13->f20, D: 1 [O(1)]
  14: f13->f20, D2: D2 [O(n)]
  14: f13->f20, E: E [O(n)]
  14: f13->f20, E2: Z2 [O(n)]
  14: f13->f20, F: F [O(n)]
  14: f13->f20, F2: F2 [O(n)]
  14: f13->f20, G: G [O(n)]
  14: f13->f20, G1: G1 [O(n)]
  14: f13->f20, G2: G2 [O(n)]
  14: f13->f20, H: 0 [O(1)]
  14: f13->f20, H2: H2 [O(n)]
  14: f13->f20, I: I [O(n)]
  14: f13->f20, I2: I2 [O(n)]
  14: f13->f20, J: J [O(n)]
  14: f13->f20, J1: J1 [O(n)]
  14: f13->f20, J2: 0 [O(1)]
  14: f13->f20, K: K [O(n)]
  14: f13->f20, K1: K1 [O(n)]
  14: f13->f20, K2: -1 [O(1)]
  14: f13->f20, L: L [O(n)]
  14: f13->f20, L2: X2 [O(n)]
  14: f13->f20, M: M [O(n)]
  14: f13->f20, M2: 2 [O(1)]
  14: f13->f20, N: N [O(n)]
  14: f13->f20, N2: C3 [O(n)]
  14: f13->f20, O: O [O(n)]
  14: f13->f20, O2: O2 [O(n)]
  14: f13->f20, P: P [O(n)]
  14: f13->f20, P2: P2 [O(n)]
  14: f13->f20, Q: Q [O(n)]
  14: f13->f20, Q1: 0 [O(1)]
  14: f13->f20, Q2: Q2 [O(n)]
  14: f13->f20, R: R [O(n)]
  14: f13->f20, R1: 0 [O(1)]
  14: f13->f20, R2: R2 [O(n)]
  14: f13->f20, S: S [O(n)]
  14: f13->f20, S1: S1 [O(n)]
  14: f13->f20, S2: S2 [O(n)]
  14: f13->f20, T: 0 [O(1)]
  14: f13->f20, T1: 0 [O(1)]
  14: f13->f20, T2: T2 [O(n)]
  14: f13->f20, U: 0 [O(1)]
  14: f13->f20, U1: 0 [O(1)]
  14: f13->f20, U2: U2 [O(n)]
  14: f13->f20, V: -max{-1, -V} [O(n)]
  14: f13->f20, V1: V1 [O(n)]
  14: f13->f20, V2: V2 [O(n)]
  14: f13->f20, W: -max{-1, -W} [O(n)]
  14: f13->f20, W1: -max{1, -W1} [O(n)]
  14: f13->f20, W2: W2 [O(n)]
  14: f13->f20, X: -max{1, -X} [O(n)]
  14: f13->f20, X1: X1 [O(n)]
  14: f13->f20, Y: Y [O(n)]
  14: f13->f20, Z1: 2 [O(1)]
  17: f16->f16, A: 1 [O(1)]
  17: f16->f16, A1: A1 [O(n)]
  17: f16->f16, A2: H3 [O(n)]
  17: f16->f16, B: Y2 [O(n)]
  17: f16->f16, B1: B1 [O(n)]
  17: f16->f16, B2: I3 [O(n)]
  17: f16->f16, C1: X2 [O(n)]
  17: f16->f16, C2: C2 [O(n)]
  17: f16->f16, D: D [O(n)]
  17: f16->f16, D1: C3 [O(n)]
  17: f16->f16, E: E [O(n)]
  17: f16->f16, E1: E3 [O(n)]
  17: f16->f16, F: F [O(n)]
  17: f16->f16, F1: D3 [O(n)]
  17: f16->f16, G: G [O(n)]
  17: f16->f16, G1: G1 [O(n)]
  17: f16->f16, G2: G2 [O(n)]
  17: f16->f16, H: H [O(n)]
  17: f16->f16, H1: H1 [O(n)]
  17: f16->f16, H2: H2 [O(n)]
  17: f16->f16, I: I [O(n)]
  17: f16->f16, I1: I1 [O(n)]
  17: f16->f16, I2: I2 [O(n)]
  17: f16->f16, J: J [O(n)]
  17: f16->f16, J1: J1 [O(n)]
  17: f16->f16, J2: J2 [O(n)]
  17: f16->f16, K: K [O(n)]
  17: f16->f16, K1: K1 [O(n)]
  17: f16->f16, K2: K2 [O(n)]
  17: f16->f16, L: L [O(n)]
  17: f16->f16, L1: L1 [O(n)]
  17: f16->f16, L2: G3 [O(n)]
  17: f16->f16, M: M [O(n)]
  17: f16->f16, M1: M1 [O(n)]
  17: f16->f16, M2: M2 [O(n)]
  17: f16->f16, N: N [O(n)]
  17: f16->f16, N1: N1 [O(n)]
  17: f16->f16, N2: N2 [O(n)]
  17: f16->f16, O: O [O(n)]
  17: f16->f16, O1: O1 [O(n)]
  17: f16->f16, O2: J3 [O(n)]
  17: f16->f16, P: P [O(n)]
  17: f16->f16, P1: F3 [O(n)]
  17: f16->f16, P2: P2 [O(n)]
  17: f16->f16, Q: Q [O(n)]
  17: f16->f16, Q1: E1 [O(n)]
  17: f16->f16, Q2: Q2 [O(n)]
  17: f16->f16, R: R [O(n)]
  17: f16->f16, R1: E1 [O(n)]
  17: f16->f16, R2: R2 [O(n)]
  17: f16->f16, S: S [O(n)]
  17: f16->f16, S1: S1 [O(n)]
  17: f16->f16, S2: S2 [O(n)]
  17: f16->f16, T: T [O(n)]
  17: f16->f16, T1: T1 [O(n)]
  17: f16->f16, T2: T2 [O(n)]
  17: f16->f16, U: U [O(n)]
  17: f16->f16, U1: U1 [O(n)]
  17: f16->f16, U2: U2 [O(n)]
  17: f16->f16, V: V [O(n)]
  17: f16->f16, V1: V1 [O(n)]
  17: f16->f16, V2: V2 [O(n)]
  17: f16->f16, W: W [O(n)]
  17: f16->f16, W1: W1 [O(n)]
  17: f16->f16, W2: W2 [O(n)]
  17: f16->f16, X: X [O(n)]
  17: f16->f16, X1: X1 [O(n)]
  17: f16->f16, Y: Y [O(n)]
  17: f16->f16, Y1: Y1 [O(n)]
  17: f16->f16, Z1: Z1 [O(n)]
  24: f16->f20, A: 1 [O(1)]
  24: f16->f20, A1: A1 [O(n)]
  24: f16->f20, A2: H3 [O(n)]
  24: f16->f20, B: Y2 [O(n)]
  24: f16->f20, B1: B1 [O(n)]
  24: f16->f20, B2: I3 [O(n)]
  24: f16->f20, C: 1 [O(1)]
  24: f16->f20, C1: X2 [O(n)]
  24: f16->f20, C2: C2 [O(n)]
  24: f16->f20, D: D [O(n)]
  24: f16->f20, D1: C3 [O(n)]
  24: f16->f20, E: E [O(n)]
  24: f16->f20, E1: E3 [O(n)]
  24: f16->f20, F: F [O(n)]
  24: f16->f20, F1: D3 [O(n)]
  24: f16->f20, G: G [O(n)]
  24: f16->f20, G1: G1 [O(n)]
  24: f16->f20, G2: G2 [O(n)]
  24: f16->f20, H: H [O(n)]
  24: f16->f20, H2: H2 [O(n)]
  24: f16->f20, I: I [O(n)]
  24: f16->f20, I2: I2 [O(n)]
  24: f16->f20, J: J [O(n)]
  24: f16->f20, J1: J1 [O(n)]
  24: f16->f20, J2: J2 [O(n)]
  24: f16->f20, K: K [O(n)]
  24: f16->f20, K1: K1 [O(n)]
  24: f16->f20, K2: K2 [O(n)]
  24: f16->f20, L: L [O(n)]
  24: f16->f20, L2: G3 [O(n)]
  24: f16->f20, M: M [O(n)]
  24: f16->f20, M2: M2 [O(n)]
  24: f16->f20, N: N [O(n)]
  24: f16->f20, N2: N2 [O(n)]
  24: f16->f20, O: O [O(n)]
  24: f16->f20, O2: J3 [O(n)]
  24: f16->f20, P: P [O(n)]
  24: f16->f20, P2: -1 [O(1)]
  24: f16->f20, Q: Q [O(n)]
  24: f16->f20, Q1: 0 [O(1)]
  24: f16->f20, Q2: 1 [O(1)]
  24: f16->f20, R: R [O(n)]
  24: f16->f20, R1: 0 [O(1)]
  24: f16->f20, S: S [O(n)]
  24: f16->f20, S1: S1 [O(n)]
  24: f16->f20, T: T [O(n)]
  24: f16->f20, T1: T1 [O(n)]
  24: f16->f20, U: U [O(n)]
  24: f16->f20, U1: U1 [O(n)]
  24: f16->f20, V: V [O(n)]
  24: f16->f20, V1: V1 [O(n)]
  24: f16->f20, V2: V2 [O(n)]
  24: f16->f20, W: W [O(n)]
  24: f16->f20, W1: W1 [O(n)]
  24: f16->f20, W2: W2 [O(n)]
  24: f16->f20, X: X [O(n)]
  24: f16->f20, X1: X1 [O(n)]
  24: f16->f20, Y: Y [O(n)]
  24: f16->f20, Y1: Y1 [O(n)]
  24: f16->f20, Z1: Z1 [O(n)]
  25: f16->f20, A: 1 [O(1)]
  25: f16->f20, A1: A1 [O(n)]
  25: f16->f20, A2: H3 [O(n)]
  25: f16->f20, B: Y2 [O(n)]
  25: f16->f20, B1: B1 [O(n)]
  25: f16->f20, B2: I3 [O(n)]
  25: f16->f20, C: 0 [O(1)]
  25: f16->f20, C1: X2 [O(n)]
  25: f16->f20, C2: C2 [O(n)]
  25: f16->f20, D: D [O(n)]
  25: f16->f20, D1: C3 [O(n)]
  25: f16->f20, E: E [O(n)]
  25: f16->f20, E1: E3 [O(n)]
  25: f16->f20, F: F [O(n)]
  25: f16->f20, F1: D3 [O(n)]
  25: f16->f20, G: G [O(n)]
  25: f16->f20, G1: G1 [O(n)]
  25: f16->f20, G2: G2 [O(n)]
  25: f16->f20, H: H [O(n)]
  25: f16->f20, H2: H2 [O(n)]
  25: f16->f20, I: I [O(n)]
  25: f16->f20, I2: I2 [O(n)]
  25: f16->f20, J: J [O(n)]
  25: f16->f20, J1: J1 [O(n)]
  25: f16->f20, J2: J2 [O(n)]
  25: f16->f20, K: K [O(n)]
  25: f16->f20, K1: K1 [O(n)]
  25: f16->f20, K2: K2 [O(n)]
  25: f16->f20, L: L [O(n)]
  25: f16->f20, L2: G3 [O(n)]
  25: f16->f20, M: M [O(n)]
  25: f16->f20, M2: M2 [O(n)]
  25: f16->f20, N: N [O(n)]
  25: f16->f20, N2: N2 [O(n)]
  25: f16->f20, O: O [O(n)]
  25: f16->f20, O2: J3 [O(n)]
  25: f16->f20, P: P [O(n)]
  25: f16->f20, P2: -1 [O(1)]
  25: f16->f20, Q: Q [O(n)]
  25: f16->f20, Q1: 0 [O(1)]
  25: f16->f20, Q2: 0 [O(1)]
  25: f16->f20, R: R [O(n)]
  25: f16->f20, R1: 0 [O(1)]
  25: f16->f20, S: S [O(n)]
  25: f16->f20, S1: S1 [O(n)]
  25: f16->f20, T: T [O(n)]
  25: f16->f20, T1: T1 [O(n)]
  25: f16->f20, T2: T2 [O(n)]
  25: f16->f20, U: U [O(n)]
  25: f16->f20, U1: U1 [O(n)]
  25: f16->f20, U2: U2 [O(n)]
  25: f16->f20, V: V [O(n)]
  25: f16->f20, V1: V1 [O(n)]
  25: f16->f20, W: W [O(n)]
  25: f16->f20, W1: W1 [O(n)]
  25: f16->f20, X: X [O(n)]
  25: f16->f20, X1: X1 [O(n)]
  25: f16->f20, Y: Y [O(n)]
  25: f16->f20, Y1: Y1 [O(n)]
  25: f16->f20, Z1: Z1 [O(n)]
  3: f18->f27, A: 2 [O(1)]
  3: f18->f27, A1: -max{0, -A1} [O(n)]
  3: f18->f27, B1: -max{0, -B1} [O(n)]
  3: f18->f27, C2: 2 [O(1)]
  3: f18->f27, D2: D2 [O(n)]
  3: f18->f27, E: E [O(n)]
  3: f18->f27, E2: Z2 [O(n)]
  3: f18->f27, F: F [O(n)]
  3: f18->f27, F2: F2 [O(n)]
  3: f18->f27, G: G [O(n)]
  3: f18->f27, G1: G1 [O(n)]
  3: f18->f27, G2: G2 [O(n)]
  3: f18->f27, H1: H1 [O(n)]
  3: f18->f27, H2: H2 [O(n)]
  3: f18->f27, I: I [O(n)]
  3: f18->f27, I1: I1 [O(n)]
  3: f18->f27, I2: I2 [O(n)]
  3: f18->f27, J: J [O(n)]
  3: f18->f27, J1: J1 [O(n)]
  3: f18->f27, J2: J2 [O(n)]
  3: f18->f27, K: K [O(n)]
  3: f18->f27, K1: K1 [O(n)]
  3: f18->f27, K2: K2 [O(n)]
  3: f18->f27, L: L [O(n)]
  3: f18->f27, L1: L1 [O(n)]
  3: f18->f27, L2: X2 [O(n)]
  3: f18->f27, M: M [O(n)]
  3: f18->f27, M1: M1 [O(n)]
  3: f18->f27, M2: 2 [O(1)]
  3: f18->f27, N: N [O(n)]
  3: f18->f27, N1: N1 [O(n)]
  3: f18->f27, N2: C3 [O(n)]
  3: f18->f27, O: O [O(n)]
  3: f18->f27, O1: O1 [O(n)]
  3: f18->f27, O2: O2 [O(n)]
  3: f18->f27, P: P [O(n)]
  3: f18->f27, P2: P2 [O(n)]
  3: f18->f27, Q: Q [O(n)]
  3: f18->f27, Q2: Q2 [O(n)]
  3: f18->f27, R: R [O(n)]
  3: f18->f27, R2: R2 [O(n)]
  3: f18->f27, S: S [O(n)]
  3: f18->f27, S1: S1 [O(n)]
  3: f18->f27, S2: S2 [O(n)]
  3: f18->f27, T1: T1 [O(n)]
  3: f18->f27, T2: T2 [O(n)]
  3: f18->f27, U1: U1 [O(n)]
  3: f18->f27, U2: U2 [O(n)]
  3: f18->f27, V: -max{-1, -V} [O(n)]
  3: f18->f27, V1: V1 [O(n)]
  3: f18->f27, V2: V2 [O(n)]
  3: f18->f27, W: -max{-1, -W} [O(n)]
  3: f18->f27, W1: W1 [O(n)]
  3: f18->f27, W2: W2 [O(n)]
  3: f18->f27, X: -max{1, -X} [O(n)]
  3: f18->f27, X1: X1 [O(n)]
  3: f18->f27, Y: Y [O(n)]
  3: f18->f27, Z1: 2 [O(1)]
  4: f18->f18, A: 2 [O(1)]
  4: f18->f18, A1: -max{0, -A1} [O(n)]
  4: f18->f18, B1: -max{0, -B1} [O(n)]
  4: f18->f18, C: 0 [O(1)]
  4: f18->f18, C2: 2 [O(1)]
  4: f18->f18, D: 1 [O(1)]
  4: f18->f18, D2: D2 [O(n)]
  4: f18->f18, E: E [O(n)]
  4: f18->f18, E2: Z2 [O(n)]
  4: f18->f18, F: F [O(n)]
  4: f18->f18, F2: F2 [O(n)]
  4: f18->f18, G: G [O(n)]
  4: f18->f18, G1: G1 [O(n)]
  4: f18->f18, G2: G2 [O(n)]
  4: f18->f18, H: -1 [O(1)]
  4: f18->f18, H1: H1 [O(n)]
  4: f18->f18, H2: H2 [O(n)]
  4: f18->f18, I: I [O(n)]
  4: f18->f18, I1: I1 [O(n)]
  4: f18->f18, I2: I2 [O(n)]
  4: f18->f18, J: J [O(n)]
  4: f18->f18, J1: J1 [O(n)]
  4: f18->f18, J2: J2 [O(n)]
  4: f18->f18, K: K [O(n)]
  4: f18->f18, K1: K1 [O(n)]
  4: f18->f18, K2: K2 [O(n)]
  4: f18->f18, L: L [O(n)]
  4: f18->f18, L1: L1 [O(n)]
  4: f18->f18, L2: X2 [O(n)]
  4: f18->f18, M: M [O(n)]
  4: f18->f18, M1: M1 [O(n)]
  4: f18->f18, M2: 2 [O(1)]
  4: f18->f18, N: N [O(n)]
  4: f18->f18, N1: N1 [O(n)]
  4: f18->f18, N2: C3 [O(n)]
  4: f18->f18, O: O [O(n)]
  4: f18->f18, O1: O1 [O(n)]
  4: f18->f18, O2: O2 [O(n)]
  4: f18->f18, P: P [O(n)]
  4: f18->f18, P2: P2 [O(n)]
  4: f18->f18, Q: Q [O(n)]
  4: f18->f18, Q2: Q2 [O(n)]
  4: f18->f18, R: R [O(n)]
  4: f18->f18, R2: R2 [O(n)]
  4: f18->f18, S: S [O(n)]
  4: f18->f18, S1: S1 [O(n)]
  4: f18->f18, S2: S2 [O(n)]
  4: f18->f18, T: -max{0, -T} [O(n)]
  4: f18->f18, T1: T1 [O(n)]
  4: f18->f18, T2: T2 [O(n)]
  4: f18->f18, U: -max{0, -U} [O(n)]
  4: f18->f18, U1: U1 [O(n)]
  4: f18->f18, U2: U2 [O(n)]
  4: f18->f18, V: 1 [O(1)]
  4: f18->f18, V1: V1 [O(n)]
  4: f18->f18, V2: V2 [O(n)]
  4: f18->f18, W: 1 [O(1)]
  4: f18->f18, W1: W1 [O(n)]
  4: f18->f18, W2: W2 [O(n)]
  4: f18->f18, X: -1 [O(1)]
  4: f18->f18, X1: X1 [O(n)]
  4: f18->f18, Y: Y [O(n)]
  4: f18->f18, Z1: 2 [O(1)]
  19: f18->f11, A: 2 [O(1)]
  19: f18->f11, A1: -max{0, -A1} [O(n)]
  19: f18->f11, B1: -max{0, -B1} [O(n)]
  19: f18->f11, C: 1 [O(1)]
  19: f18->f11, C2: 2 [O(1)]
  19: f18->f11, D: 1+J1 [O(n)]
  19: f18->f11, D2: D2 [O(n)]
  19: f18->f11, E: E [O(n)]
  19: f18->f11, E2: Z2 [O(n)]
  19: f18->f11, F: F [O(n)]
  19: f18->f11, F2: F2 [O(n)]
  19: f18->f11, G: G [O(n)]
  19: f18->f11, G1: J1 [O(n)]
  19: f18->f11, G2: 0 [O(1)]
  19: f18->f11, H: 0 [O(1)]
  19: f18->f11, H1: 0 [O(1)]
  19: f18->f11, H2: -1 [O(1)]
  19: f18->f11, I: I [O(n)]
  19: f18->f11, I1: 0 [O(1)]
  19: f18->f11, I2: 0 [O(1)]
  19: f18->f11, J: J [O(n)]
  19: f18->f11, J1: J1 [O(n)]
  19: f18->f11, J2: J2 [O(n)]
  19: f18->f11, K: K [O(n)]
  19: f18->f11, K1: K1 [O(n)]
  19: f18->f11, K2: K2 [O(n)]
  19: f18->f11, L: L [O(n)]
  19: f18->f11, L1: 0 [O(1)]
  19: f18->f11, L2: X2 [O(n)]
  19: f18->f11, M: M [O(n)]
  19: f18->f11, M1: 0 [O(1)]
  19: f18->f11, M2: 2 [O(1)]
  19: f18->f11, N: N [O(n)]
  19: f18->f11, N1: 0 [O(1)]
  19: f18->f11, N2: C3 [O(n)]
  19: f18->f11, O: O [O(n)]
  19: f18->f11, O1: 0 [O(1)]
  19: f18->f11, O2: O2 [O(n)]
  19: f18->f11, P: P [O(n)]
  19: f18->f11, P2: P2 [O(n)]
  19: f18->f11, Q: Q [O(n)]
  19: f18->f11, Q1: 0 [O(1)]
  19: f18->f11, Q2: Q2 [O(n)]
  19: f18->f11, R: R [O(n)]
  19: f18->f11, R1: 0 [O(1)]
  19: f18->f11, R2: R2 [O(n)]
  19: f18->f11, S: S [O(n)]
  19: f18->f11, S1: S1 [O(n)]
  19: f18->f11, S2: S2 [O(n)]
  19: f18->f11, T: -max{0, -T} [O(n)]
  19: f18->f11, T1: T1 [O(n)]
  19: f18->f11, T2: T2 [O(n)]
  19: f18->f11, U: -max{0, -U} [O(n)]
  19: f18->f11, U1: U1 [O(n)]
  19: f18->f11, U2: U2 [O(n)]
  19: f18->f11, V: -max{-1, -V} [O(n)]
  19: f18->f11, V1: V1 [O(n)]
  19: f18->f11, V2: V2 [O(n)]
  19: f18->f11, W: -max{-1, -W} [O(n)]
  19: f18->f11, W1: W1 [O(n)]
  19: f18->f11, W2: W2 [O(n)]
  19: f18->f11, X: -max{1, -X} [O(n)]
  19: f18->f11, X1: X1 [O(n)]
  19: f18->f11, Y: Y [O(n)]
  19: f18->f11, Z1: 2 [O(1)]
  21: f19->f1, A: 2 [O(1)]
  21: f19->f1, A1: A1 [O(n)]
  21: f19->f1, A2: E1 [O(n)]
  21: f19->f1, B: 2 [O(1)]
  21: f19->f1, B1: B1 [O(n)]
  21: f19->f1, B2: B2 [O(n)]
  21: f19->f1, C: C [O(n)]
  21: f19->f1, C1: 2 [O(1)]
  21: f19->f1, C2: C2 [O(n)]
  21: f19->f1, D: D [O(n)]
  21: f19->f1, D1: E1 [O(n)]
  21: f19->f1, D2: D2 [O(n)]
  21: f19->f1, E: E [O(n)]
  21: f19->f1, E1: B3 [O(n)]
  21: f19->f1, E2: Z2 [O(n)]
  21: f19->f1, F: F [O(n)]
  21: f19->f1, F1: E1 [O(n)]
  21: f19->f1, F2: F2 [O(n)]
  21: f19->f1, G: G [O(n)]
  21: f19->f1, G1: G1 [O(n)]
  21: f19->f1, G2: G2 [O(n)]
  21: f19->f1, H: H [O(n)]
  21: f19->f1, H1: H1 [O(n)]
  21: f19->f1, H2: H2 [O(n)]
  21: f19->f1, I: I [O(n)]
  21: f19->f1, I1: I1 [O(n)]
  21: f19->f1, I2: I2 [O(n)]
  21: f19->f1, J: J [O(n)]
  21: f19->f1, J1: J1 [O(n)]
  21: f19->f1, J2: J2 [O(n)]
  21: f19->f1, K: K [O(n)]
  21: f19->f1, K1: K1 [O(n)]
  21: f19->f1, K2: K2 [O(n)]
  21: f19->f1, L: L [O(n)]
  21: f19->f1, L1: L1 [O(n)]
  21: f19->f1, L2: X2 [O(n)]
  21: f19->f1, M: M [O(n)]
  21: f19->f1, M1: M1 [O(n)]
  21: f19->f1, M2: 2 [O(1)]
  21: f19->f1, N: N [O(n)]
  21: f19->f1, N1: N1 [O(n)]
  21: f19->f1, N2: C3 [O(n)]
  21: f19->f1, O: O [O(n)]
  21: f19->f1, O1: O1 [O(n)]
  21: f19->f1, O2: O2 [O(n)]
  21: f19->f1, P: P [O(n)]
  21: f19->f1, P1: P1 [O(n)]
  21: f19->f1, P2: P2 [O(n)]
  21: f19->f1, Q: Q [O(n)]
  21: f19->f1, Q1: Q1 [O(n)]
  21: f19->f1, Q2: Q2 [O(n)]
  21: f19->f1, R: R [O(n)]
  21: f19->f1, R1: R1 [O(n)]
  21: f19->f1, R2: R2 [O(n)]
  21: f19->f1, S: S [O(n)]
  21: f19->f1, S1: S1 [O(n)]
  21: f19->f1, S2: S2 [O(n)]
  21: f19->f1, T: T [O(n)]
  21: f19->f1, T1: T1 [O(n)]
  21: f19->f1, T2: T2 [O(n)]
  21: f19->f1, U: U [O(n)]
  21: f19->f1, U1: U1 [O(n)]
  21: f19->f1, U2: U2 [O(n)]
  21: f19->f1, V: V [O(n)]
  21: f19->f1, V1: V1 [O(n)]
  21: f19->f1, V2: V2 [O(n)]
  21: f19->f1, W: W [O(n)]
  21: f19->f1, W1: W1 [O(n)]
  21: f19->f1, W2: W2 [O(n)]
  21: f19->f1, X: X [O(n)]
  21: f19->f1, X1: X1 [O(n)]
  21: f19->f1, Y: Y [O(n)]
  21: f19->f1, Y1: Y1 [O(n)]
  21: f19->f1, Z: A3 [O(n)]
  21: f19->f1, Z1: Z1 [O(n)]
  22: f19->f16, A: 1 [O(1)]
  22: f19->f16, A1: A1 [O(n)]
  22: f19->f16, A2: H3 [O(n)]
  22: f19->f16, B: Y2 [O(n)]
  22: f19->f16, B1: B1 [O(n)]
  22: f19->f16, B2: I3 [O(n)]
  22: f19->f16, C: Z2 [O(n)]
  22: f19->f16, C1: X2 [O(n)]
  22: f19->f16, C2: C2 [O(n)]
  22: f19->f16, D: D [O(n)]
  22: f19->f16, D1: C3 [O(n)]
  22: f19->f16, D2: D2 [O(n)]
  22: f19->f16, E: E [O(n)]
  22: f19->f16, E1: E3 [O(n)]
  22: f19->f16, E2: A3 [O(n)]
  22: f19->f16, F: F [O(n)]
  22: f19->f16, F1: D3 [O(n)]
  22: f19->f16, F2: A3 [O(n)]
  22: f19->f16, G: G [O(n)]
  22: f19->f16, G1: G1 [O(n)]
  22: f19->f16, G2: G2 [O(n)]
  22: f19->f16, H: H [O(n)]
  22: f19->f16, H1: H1 [O(n)]
  22: f19->f16, H2: H2 [O(n)]
  22: f19->f16, I: I [O(n)]
  22: f19->f16, I1: I1 [O(n)]
  22: f19->f16, I2: I2 [O(n)]
  22: f19->f16, J: J [O(n)]
  22: f19->f16, J1: J1 [O(n)]
  22: f19->f16, J2: J2 [O(n)]
  22: f19->f16, K: K [O(n)]
  22: f19->f16, K1: K1 [O(n)]
  22: f19->f16, K2: K2 [O(n)]
  22: f19->f16, L: L [O(n)]
  22: f19->f16, L1: L1 [O(n)]
  22: f19->f16, L2: G3 [O(n)]
  22: f19->f16, M: M [O(n)]
  22: f19->f16, M1: M1 [O(n)]
  22: f19->f16, M2: M2 [O(n)]
  22: f19->f16, N: N [O(n)]
  22: f19->f16, N1: N1 [O(n)]
  22: f19->f16, N2: N2 [O(n)]
  22: f19->f16, O: O [O(n)]
  22: f19->f16, O1: O1 [O(n)]
  22: f19->f16, O2: J3 [O(n)]
  22: f19->f16, P: P [O(n)]
  22: f19->f16, P1: F3 [O(n)]
  22: f19->f16, P2: P2 [O(n)]
  22: f19->f16, Q: Q [O(n)]
  22: f19->f16, Q1: E1 [O(n)]
  22: f19->f16, Q2: Q2 [O(n)]
  22: f19->f16, R: R [O(n)]
  22: f19->f16, R1: E1 [O(n)]
  22: f19->f16, R2: R2 [O(n)]
  22: f19->f16, S: S [O(n)]
  22: f19->f16, S1: S1 [O(n)]
  22: f19->f16, S2: S2 [O(n)]
  22: f19->f16, T: T [O(n)]
  22: f19->f16, T1: T1 [O(n)]
  22: f19->f16, T2: T2 [O(n)]
  22: f19->f16, U: U [O(n)]
  22: f19->f16, U1: U1 [O(n)]
  22: f19->f16, U2: U2 [O(n)]
  22: f19->f16, V: V [O(n)]
  22: f19->f16, V1: V1 [O(n)]
  22: f19->f16, V2: V2 [O(n)]
  22: f19->f16, W: W [O(n)]
  22: f19->f16, W1: W1 [O(n)]
  22: f19->f16, W2: W2 [O(n)]
  22: f19->f16, X: X [O(n)]
  22: f19->f16, X1: X1 [O(n)]
  22: f19->f16, Y: Y [O(n)]
  22: f19->f16, Y1: Y1 [O(n)]
  22: f19->f16, Z: B3 [O(n)]
  22: f19->f16, Z1: Z1 [O(n)]
  23: f19->f20, A: Z2 [O(n)]
  23: f19->f20, A1: A1 [O(n)]
  23: f19->f20, A2: J3 [O(n)]
  23: f19->f20, B: Y2 [O(n)]
  23: f19->f20, B1: B1 [O(n)]
  23: f19->f20, B2: K3 [O(n)]
  23: f19->f20, C: C [O(n)]
  23: f19->f20, C1: G3 [O(n)]
  23: f19->f20, C2: C2 [O(n)]
  23: f19->f20, D: D [O(n)]
  23: f19->f20, D1: H3 [O(n)]
  23: f19->f20, D2: D2 [O(n)]
  23: f19->f20, E: E [O(n)]
  23: f19->f20, E1: F3 [O(n)]
  23: f19->f20, E2: E2 [O(n)]
  23: f19->f20, F: F [O(n)]
  23: f19->f20, F1: I3 [O(n)]
  23: f19->f20, F2: F2 [O(n)]
  23: f19->f20, G: G [O(n)]
  23: f19->f20, G1: G1 [O(n)]
  23: f19->f20, G2: G2 [O(n)]
  23: f19->f20, H: H [O(n)]
  23: f19->f20, H1: M3 [O(n)]
  23: f19->f20, H2: H2 [O(n)]
  23: f19->f20, I: I [O(n)]
  23: f19->f20, I1: D3 [O(n)]
  23: f19->f20, I2: I2 [O(n)]
  23: f19->f20, J: J [O(n)]
  23: f19->f20, J1: J1 [O(n)]
  23: f19->f20, J2: J2 [O(n)]
  23: f19->f20, K: K [O(n)]
  23: f19->f20, K1: K1 [O(n)]
  23: f19->f20, K2: K2 [O(n)]
  23: f19->f20, L: L [O(n)]
  23: f19->f20, L1: C3 [O(n)]
  23: f19->f20, L2: L2 [O(n)]
  23: f19->f20, M: M [O(n)]
  23: f19->f20, M1: A3 [O(n)]
  23: f19->f20, M2: M2 [O(n)]
  23: f19->f20, N: N [O(n)]
  23: f19->f20, N1: B3 [O(n)]
  23: f19->f20, N2: N2 [O(n)]
  23: f19->f20, O: O [O(n)]
  23: f19->f20, O1: X2 [O(n)]
  23: f19->f20, O2: O2 [O(n)]
  23: f19->f20, P: P [O(n)]
  23: f19->f20, P1: L3 [O(n)]
  23: f19->f20, P2: P2 [O(n)]
  23: f19->f20, Q: Q [O(n)]
  23: f19->f20, Q1: 0 [O(1)]
  23: f19->f20, Q2: Q2 [O(n)]
  23: f19->f20, R: R [O(n)]
  23: f19->f20, R1: 0 [O(1)]
  23: f19->f20, R2: R2 [O(n)]
  23: f19->f20, S: S [O(n)]
  23: f19->f20, S1: S1 [O(n)]
  23: f19->f20, S2: S2 [O(n)]
  23: f19->f20, T: T [O(n)]
  23: f19->f20, T1: T1 [O(n)]
  23: f19->f20, T2: T2 [O(n)]
  23: f19->f20, U: U [O(n)]
  23: f19->f20, U1: U1 [O(n)]
  23: f19->f20, U2: U2 [O(n)]
  23: f19->f20, V: V [O(n)]
  23: f19->f20, V1: V1 [O(n)]
  23: f19->f20, V2: V2 [O(n)]
  23: f19->f20, W: W [O(n)]
  23: f19->f20, W1: W1 [O(n)]
  23: f19->f20, W2: W2 [O(n)]
  23: f19->f20, X: X [O(n)]
  23: f19->f20, X1: X1 [O(n)]
  23: f19->f20, Y: Y [O(n)]
  23: f19->f20, Y1: Y1 [O(n)]
  23: f19->f20, Z: E3 [O(n)]
  23: f19->f20, Z1: Z1 [O(n)]
  5: f27->f18, A: 2 [O(1)]
  5: f27->f18, A1: 0 [O(1)]
  5: f27->f18, B1: 0 [O(1)]
  5: f27->f18, C2: 2 [O(1)]
  5: f27->f18, D: 0 [O(1)]
  5: f27->f18, D2: D2 [O(n)]
  5: f27->f18, E: E [O(n)]
  5: f27->f18, E2: Z2 [O(n)]
  5: f27->f18, F: F [O(n)]
  5: f27->f18, F2: F2 [O(n)]
  5: f27->f18, G: G [O(n)]
  5: f27->f18, G1: G1 [O(n)]
  5: f27->f18, G2: G2 [O(n)]
  5: f27->f18, H: 0 [O(1)]
  5: f27->f18, H1: H1 [O(n)]
  5: f27->f18, H2: H2 [O(n)]
  5: f27->f18, I: I [O(n)]
  5: f27->f18, I1: I1 [O(n)]
  5: f27->f18, I2: I2 [O(n)]
  5: f27->f18, J: J [O(n)]
  5: f27->f18, J1: J1 [O(n)]
  5: f27->f18, J2: J2 [O(n)]
  5: f27->f18, K: K [O(n)]
  5: f27->f18, K1: K1 [O(n)]
  5: f27->f18, K2: K2 [O(n)]
  5: f27->f18, L: L [O(n)]
  5: f27->f18, L1: L1 [O(n)]
  5: f27->f18, L2: X2 [O(n)]
  5: f27->f18, M: M [O(n)]
  5: f27->f18, M1: M1 [O(n)]
  5: f27->f18, M2: 2 [O(1)]
  5: f27->f18, N: N [O(n)]
  5: f27->f18, N1: N1 [O(n)]
  5: f27->f18, N2: C3 [O(n)]
  5: f27->f18, O: O [O(n)]
  5: f27->f18, O1: O1 [O(n)]
  5: f27->f18, O2: O2 [O(n)]
  5: f27->f18, P: P [O(n)]
  5: f27->f18, P2: P2 [O(n)]
  5: f27->f18, Q: Q [O(n)]
  5: f27->f18, Q2: Q2 [O(n)]
  5: f27->f18, R: R [O(n)]
  5: f27->f18, R2: R2 [O(n)]
  5: f27->f18, S: S [O(n)]
  5: f27->f18, S1: S1 [O(n)]
  5: f27->f18, S2: S2 [O(n)]
  5: f27->f18, T: 0 [O(1)]
  5: f27->f18, T1: T1 [O(n)]
  5: f27->f18, T2: T2 [O(n)]
  5: f27->f18, U: 0 [O(1)]
  5: f27->f18, U1: U1 [O(n)]
  5: f27->f18, U2: U2 [O(n)]
  5: f27->f18, V: -max{-1, -V} [O(n)]
  5: f27->f18, V1: V1 [O(n)]
  5: f27->f18, V2: V2 [O(n)]
  5: f27->f18, W: -max{-1, -W} [O(n)]
  5: f27->f18, W1: W1 [O(n)]
  5: f27->f18, W2: W2 [O(n)]
  5: f27->f18, X: -max{1, -X} [O(n)]
  5: f27->f18, X1: X1 [O(n)]
  5: f27->f18, Y: Y [O(n)]
  5: f27->f18, Z1: 2 [O(1)]
  20: f27->f13, A: 2 [O(1)]
  20: f27->f13, A1: -max{0, -A1} [O(n)]
  20: f27->f13, B1: -max{0, -B1} [O(n)]
  20: f27->f13, C2: 2 [O(1)]
  20: f27->f13, D: 1+U1 [O(n)]
  20: f27->f13, D2: D2 [O(n)]
  20: f27->f13, E: E [O(n)]
  20: f27->f13, E2: Z2 [O(n)]
  20: f27->f13, F: F [O(n)]
  20: f27->f13, F2: F2 [O(n)]
  20: f27->f13, G: G [O(n)]
  20: f27->f13, G1: G1 [O(n)]
  20: f27->f13, G2: G2 [O(n)]
  20: f27->f13, H: 0 [O(1)]
  20: f27->f13, H1: 0 [O(1)]
  20: f27->f13, H2: H2 [O(n)]
  20: f27->f13, I: I [O(n)]
  20: f27->f13, I1: 0 [O(1)]
  20: f27->f13, I2: I2 [O(n)]
  20: f27->f13, J: J [O(n)]
  20: f27->f13, J1: J1 [O(n)]
  20: f27->f13, J2: 0 [O(1)]
  20: f27->f13, K: K [O(n)]
  20: f27->f13, K1: K1 [O(n)]
  20: f27->f13, K2: -1 [O(1)]
  20: f27->f13, L: L [O(n)]
  20: f27->f13, L1: 0 [O(1)]
  20: f27->f13, L2: X2 [O(n)]
  20: f27->f13, M: M [O(n)]
  20: f27->f13, M1: 0 [O(1)]
  20: f27->f13, M2: 2 [O(1)]
  20: f27->f13, N: N [O(n)]
  20: f27->f13, N1: 0 [O(1)]
  20: f27->f13, N2: C3 [O(n)]
  20: f27->f13, O: O [O(n)]
  20: f27->f13, O1: 0 [O(1)]
  20: f27->f13, O2: O2 [O(n)]
  20: f27->f13, P: P [O(n)]
  20: f27->f13, P2: P2 [O(n)]
  20: f27->f13, Q: Q [O(n)]
  20: f27->f13, Q1: 0 [O(1)]
  20: f27->f13, Q2: Q2 [O(n)]
  20: f27->f13, R: R [O(n)]
  20: f27->f13, R1: 0 [O(1)]
  20: f27->f13, R2: R2 [O(n)]
  20: f27->f13, S: S [O(n)]
  20: f27->f13, S1: S1 [O(n)]
  20: f27->f13, S2: S2 [O(n)]
  20: f27->f13, T: 0 [O(1)]
  20: f27->f13, T1: U1 [O(n)]
  20: f27->f13, T2: T2 [O(n)]
  20: f27->f13, U: 0 [O(1)]
  20: f27->f13, U1: U1 [O(n)]
  20: f27->f13, U2: U2 [O(n)]
  20: f27->f13, V: -max{-1, -V} [O(n)]
  20: f27->f13, V1: V1 [O(n)]
  20: f27->f13, V2: V2 [O(n)]
  20: f27->f13, W: -max{-1, -W} [O(n)]
  20: f27->f13, W1: W1 [O(n)]
  20: f27->f13, W2: W2 [O(n)]
  20: f27->f13, X: -max{1, -X} [O(n)]
  20: f27->f13, X1: X1 [O(n)]
  20: f27->f13, Y: Y [O(n)]
  20: f27->f13, Z1: 2 [O(1)]
`Upper:
  6: f1->f1, A: Y2 [O(n)]
  6: f1->f1, A1: A1 [O(n)]
  6: f1->f1, A2: E1 [O(n)]
  6: f1->f1, B: max{4, -4+4*Y2} [O(n)]
  6: f1->f1, B1: B1 [O(n)]
  6: f1->f1, B2: B2 [O(n)]
  6: f1->f1, C: C [O(n)]
  6: f1->f1, C1: Y2 [O(n)]
  6: f1->f1, C2: C2 [O(n)]
  6: f1->f1, D: D [O(n)]
  6: f1->f1, D2: D2 [O(n)]
  6: f1->f1, E: E [O(n)]
  6: f1->f1, E2: Z2 [O(n)]
  6: f1->f1, F: F [O(n)]
  6: f1->f1, F2: F2 [O(n)]
  6: f1->f1, G: G [O(n)]
  6: f1->f1, G1: G1 [O(n)]
  6: f1->f1, G2: G2 [O(n)]
  6: f1->f1, H: H [O(n)]
  6: f1->f1, H1: H1 [O(n)]
  6: f1->f1, H2: H2 [O(n)]
  6: f1->f1, I: I [O(n)]
  6: f1->f1, I1: I1 [O(n)]
  6: f1->f1, I2: I2 [O(n)]
  6: f1->f1, J: J [O(n)]
  6: f1->f1, J1: J1 [O(n)]
  6: f1->f1, J2: J2 [O(n)]
  6: f1->f1, K: K [O(n)]
  6: f1->f1, K1: K1 [O(n)]
  6: f1->f1, K2: K2 [O(n)]
  6: f1->f1, L: L [O(n)]
  6: f1->f1, L1: L1 [O(n)]
  6: f1->f1, L2: X2 [O(n)]
  6: f1->f1, M: M [O(n)]
  6: f1->f1, M1: M1 [O(n)]
  6: f1->f1, M2: 2 [O(1)]
  6: f1->f1, N: N [O(n)]
  6: f1->f1, N1: N1 [O(n)]
  6: f1->f1, N2: C3 [O(n)]
  6: f1->f1, O: O [O(n)]
  6: f1->f1, O1: O1 [O(n)]
  6: f1->f1, O2: O2 [O(n)]
  6: f1->f1, P: P [O(n)]
  6: f1->f1, P1: P1 [O(n)]
  6: f1->f1, P2: P2 [O(n)]
  6: f1->f1, Q: Q [O(n)]
  6: f1->f1, Q1: Q1 [O(n)]
  6: f1->f1, Q2: Q2 [O(n)]
  6: f1->f1, R: R [O(n)]
  6: f1->f1, R1: R1 [O(n)]
  6: f1->f1, R2: R2 [O(n)]
  6: f1->f1, S: S [O(n)]
  6: f1->f1, S1: S1 [O(n)]
  6: f1->f1, S2: S2 [O(n)]
  6: f1->f1, T: T [O(n)]
  6: f1->f1, T1: T1 [O(n)]
  6: f1->f1, T2: T2 [O(n)]
  6: f1->f1, U: U [O(n)]
  6: f1->f1, U1: U1 [O(n)]
  6: f1->f1, U2: U2 [O(n)]
  6: f1->f1, V: V [O(n)]
  6: f1->f1, V1: V1 [O(n)]
  6: f1->f1, V2: V2 [O(n)]
  6: f1->f1, W: W [O(n)]
  6: f1->f1, W1: W1 [O(n)]
  6: f1->f1, W2: W2 [O(n)]
  6: f1->f1, X: X [O(n)]
  6: f1->f1, X1: X1 [O(n)]
  6: f1->f1, Y: Y [O(n)]
  6: f1->f1, Y1: Y1 [O(n)]
  6: f1->f1, Z: A3 [O(n)]
  6: f1->f1, Z1: Z1 [O(n)]
  16: f1->f18, A: Y2 [O(n)]
  16: f1->f18, A1: A1 [O(n)]
  16: f1->f18, B1: B1 [O(n)]
  16: f1->f18, C2: H [O(n)]
  16: f1->f18, D: 0 [O(1)]
  16: f1->f18, D2: D2 [O(n)]
  16: f1->f18, E: E [O(n)]
  16: f1->f18, E2: Z2 [O(n)]
  16: f1->f18, F: F [O(n)]
  16: f1->f18, F2: F2 [O(n)]
  16: f1->f18, G: G [O(n)]
  16: f1->f18, G1: G1 [O(n)]
  16: f1->f18, G2: G2 [O(n)]
  16: f1->f18, H: H [O(n)]
  16: f1->f18, H1: H1 [O(n)]
  16: f1->f18, H2: H2 [O(n)]
  16: f1->f18, I: I [O(n)]
  16: f1->f18, I1: I1 [O(n)]
  16: f1->f18, I2: I2 [O(n)]
  16: f1->f18, J: J [O(n)]
  16: f1->f18, J1: J1 [O(n)]
  16: f1->f18, J2: J2 [O(n)]
  16: f1->f18, K: K [O(n)]
  16: f1->f18, K1: K1 [O(n)]
  16: f1->f18, K2: K2 [O(n)]
  16: f1->f18, L: L [O(n)]
  16: f1->f18, L1: L1 [O(n)]
  16: f1->f18, L2: X2 [O(n)]
  16: f1->f18, M: M [O(n)]
  16: f1->f18, M1: M1 [O(n)]
  16: f1->f18, M2: 2 [O(1)]
  16: f1->f18, N: N [O(n)]
  16: f1->f18, N1: N1 [O(n)]
  16: f1->f18, N2: C3 [O(n)]
  16: f1->f18, O: O [O(n)]
  16: f1->f18, O1: O1 [O(n)]
  16: f1->f18, O2: O2 [O(n)]
  16: f1->f18, P: P [O(n)]
  16: f1->f18, P2: P2 [O(n)]
  16: f1->f18, Q: Q [O(n)]
  16: f1->f18, Q2: Q2 [O(n)]
  16: f1->f18, R: R [O(n)]
  16: f1->f18, R2: R2 [O(n)]
  16: f1->f18, S: S [O(n)]
  16: f1->f18, S1: S1 [O(n)]
  16: f1->f18, S2: S2 [O(n)]
  16: f1->f18, T: T [O(n)]
  16: f1->f18, T1: T1 [O(n)]
  16: f1->f18, T2: T2 [O(n)]
  16: f1->f18, U: U [O(n)]
  16: f1->f18, U1: U1 [O(n)]
  16: f1->f18, U2: U2 [O(n)]
  16: f1->f18, V: V [O(n)]
  16: f1->f18, V1: V1 [O(n)]
  16: f1->f18, V2: V2 [O(n)]
  16: f1->f18, W: W [O(n)]
  16: f1->f18, W1: W1 [O(n)]
  16: f1->f18, W2: W2 [O(n)]
  16: f1->f18, X: X [O(n)]
  16: f1->f18, X1: X1 [O(n)]
  16: f1->f18, Y: Y [O(n)]
  9: f11->f11, A: Y2 [O(n)]
  9: f11->f11, C2: H [O(n)]
  9: f11->f11, D: 1+J1 [O(n)]
  9: f11->f11, D2: D2 [O(n)]
  9: f11->f11, E: E [O(n)]
  9: f11->f11, E2: Z2 [O(n)]
  9: f11->f11, F: F [O(n)]
  9: f11->f11, F2: F2 [O(n)]
  9: f11->f11, G: G [O(n)]
  9: f11->f11, G1: J1 [O(n)]
  9: f11->f11, H1: 0 [O(1)]
  9: f11->f11, H2: -1 [O(1)]
  9: f11->f11, I: I [O(n)]
  9: f11->f11, I1: 0 [O(1)]
  9: f11->f11, J: J [O(n)]
  9: f11->f11, J1: J1 [O(n)]
  9: f11->f11, J2: J2 [O(n)]
  9: f11->f11, K: K [O(n)]
  9: f11->f11, K1: K1 [O(n)]
  9: f11->f11, K2: K2 [O(n)]
  9: f11->f11, L: L [O(n)]
  9: f11->f11, L1: 0 [O(1)]
  9: f11->f11, L2: X2 [O(n)]
  9: f11->f11, M: M [O(n)]
  9: f11->f11, M1: 0 [O(1)]
  9: f11->f11, M2: 2 [O(1)]
  9: f11->f11, N: N [O(n)]
  9: f11->f11, N1: 0 [O(1)]
  9: f11->f11, N2: C3 [O(n)]
  9: f11->f11, O: O [O(n)]
  9: f11->f11, O1: 0 [O(1)]
  9: f11->f11, O2: O2 [O(n)]
  9: f11->f11, P: P [O(n)]
  9: f11->f11, P2: P2 [O(n)]
  9: f11->f11, Q: Q [O(n)]
  9: f11->f11, Q1: 0 [O(1)]
  9: f11->f11, Q2: Q2 [O(n)]
  9: f11->f11, R: R [O(n)]
  9: f11->f11, R1: 0 [O(1)]
  9: f11->f11, R2: R2 [O(n)]
  9: f11->f11, S: S [O(n)]
  9: f11->f11, S1: -1+J1 [O(n)]
  9: f11->f11, S2: S2 [O(n)]
  9: f11->f11, T1: T1 [O(n)]
  9: f11->f11, T2: T2 [O(n)]
  9: f11->f11, U1: U1 [O(n)]
  9: f11->f11, U2: U2 [O(n)]
  9: f11->f11, V: V [O(n)]
  9: f11->f11, V1: V1 [O(n)]
  9: f11->f11, V2: V2 [O(n)]
  9: f11->f11, W1: W1 [O(n)]
  9: f11->f11, W2: W2 [O(n)]
  9: f11->f11, X1: X1 [O(n)]
  9: f11->f11, Y: max{0, Y} [O(n)]
  10: f11->f20, C2: H [O(n)]
  10: f11->f20, D: 1+J1 [O(n)]
  10: f11->f20, D2: D2 [O(n)]
  10: f11->f20, E: E [O(n)]
  10: f11->f20, E2: Z2 [O(n)]
  10: f11->f20, F: F [O(n)]
  10: f11->f20, F2: F2 [O(n)]
  10: f11->f20, G: G [O(n)]
  10: f11->f20, G1: J1 [O(n)]
  10: f11->f20, H2: -1 [O(1)]
  10: f11->f20, I: I [O(n)]
  10: f11->f20, J: J [O(n)]
  10: f11->f20, J1: J1 [O(n)]
  10: f11->f20, J2: J2 [O(n)]
  10: f11->f20, K: K [O(n)]
  10: f11->f20, K1: K1 [O(n)]
  10: f11->f20, K2: K2 [O(n)]
  10: f11->f20, L: L [O(n)]
  10: f11->f20, L2: X2 [O(n)]
  10: f11->f20, M: M [O(n)]
  10: f11->f20, M2: 2 [O(1)]
  10: f11->f20, N: N [O(n)]
  10: f11->f20, N2: C3 [O(n)]
  10: f11->f20, O: O [O(n)]
  10: f11->f20, O2: O2 [O(n)]
  10: f11->f20, P: P [O(n)]
  10: f11->f20, P2: P2 [O(n)]
  10: f11->f20, Q: Q [O(n)]
  10: f11->f20, Q1: 0 [O(1)]
  10: f11->f20, Q2: Q2 [O(n)]
  10: f11->f20, R: R [O(n)]
  10: f11->f20, R1: 0 [O(1)]
  10: f11->f20, R2: R2 [O(n)]
  10: f11->f20, S: S [O(n)]
  10: f11->f20, S1: max{S1, -1+J1} [O(n)]
  10: f11->f20, S2: S2 [O(n)]
  10: f11->f20, T1: T1 [O(n)]
  10: f11->f20, T2: T2 [O(n)]
  10: f11->f20, U1: U1 [O(n)]
  10: f11->f20, U2: U2 [O(n)]
  10: f11->f20, V: V [O(n)]
  10: f11->f20, V1: V1 [O(n)]
  10: f11->f20, V2: V2 [O(n)]
  10: f11->f20, W1: W1 [O(n)]
  10: f11->f20, W2: W2 [O(n)]
  10: f11->f20, X1: X1 [O(n)]
  10: f11->f20, Y: max{0, Y} [O(n)]
  13: f13->f13, A: Y2 [O(n)]
  13: f13->f13, C: 0 [O(1)]
  13: f13->f13, C2: H [O(n)]
  13: f13->f13, D: 1+U1 [O(n)]
  13: f13->f13, D2: D2 [O(n)]
  13: f13->f13, E: E [O(n)]
  13: f13->f13, E2: Z2 [O(n)]
  13: f13->f13, F: F [O(n)]
  13: f13->f13, F2: F2 [O(n)]
  13: f13->f13, G: G [O(n)]
  13: f13->f13, G1: G1 [O(n)]
  13: f13->f13, G2: G2 [O(n)]
  13: f13->f13, H1: 0 [O(1)]
  13: f13->f13, H2: H2 [O(n)]
  13: f13->f13, I: I [O(n)]
  13: f13->f13, I1: 0 [O(1)]
  13: f13->f13, I2: I2 [O(n)]
  13: f13->f13, J: J [O(n)]
  13: f13->f13, J1: J1 [O(n)]
  13: f13->f13, K: K [O(n)]
  13: f13->f13, K1: K1 [O(n)]
  13: f13->f13, K2: -1 [O(1)]
  13: f13->f13, L: L [O(n)]
  13: f13->f13, L1: 0 [O(1)]
  13: f13->f13, L2: X2 [O(n)]
  13: f13->f13, M: M [O(n)]
  13: f13->f13, M1: 0 [O(1)]
  13: f13->f13, M2: 2 [O(1)]
  13: f13->f13, N: N [O(n)]
  13: f13->f13, N1: 0 [O(1)]
  13: f13->f13, N2: C3 [O(n)]
  13: f13->f13, O: O [O(n)]
  13: f13->f13, O1: 0 [O(1)]
  13: f13->f13, O2: O2 [O(n)]
  13: f13->f13, P: P [O(n)]
  13: f13->f13, P2: P2 [O(n)]
  13: f13->f13, Q: Q [O(n)]
  13: f13->f13, Q1: 0 [O(1)]
  13: f13->f13, Q2: Q2 [O(n)]
  13: f13->f13, R: R [O(n)]
  13: f13->f13, R1: 0 [O(1)]
  13: f13->f13, R2: R2 [O(n)]
  13: f13->f13, S: S [O(n)]
  13: f13->f13, S1: S1 [O(n)]
  13: f13->f13, S2: S2 [O(n)]
  13: f13->f13, T1: U1 [O(n)]
  13: f13->f13, T2: T2 [O(n)]
  13: f13->f13, U1: U1 [O(n)]
  13: f13->f13, U2: U2 [O(n)]
  13: f13->f13, V: V [O(n)]
  13: f13->f13, V1: V1 [O(n)]
  13: f13->f13, V2: V2 [O(n)]
  13: f13->f13, W1: -1+U1 [O(n)]
  13: f13->f13, W2: W2 [O(n)]
  13: f13->f13, X1: X1 [O(n)]
  13: f13->f13, Y: max{0, Y} [O(n)]
  14: f13->f20, A: Y2 [O(n)]
  14: f13->f20, C: 0 [O(1)]
  14: f13->f20, C2: H [O(n)]
  14: f13->f20, D: 1+U1 [O(n)]
  14: f13->f20, D2: D2 [O(n)]
  14: f13->f20, E: E [O(n)]
  14: f13->f20, E2: Z2 [O(n)]
  14: f13->f20, F: F [O(n)]
  14: f13->f20, F2: F2 [O(n)]
  14: f13->f20, G: G [O(n)]
  14: f13->f20, G1: G1 [O(n)]
  14: f13->f20, G2: G2 [O(n)]
  14: f13->f20, H2: H2 [O(n)]
  14: f13->f20, I: I [O(n)]
  14: f13->f20, I2: I2 [O(n)]
  14: f13->f20, J: J [O(n)]
  14: f13->f20, J1: J1 [O(n)]
  14: f13->f20, K: K [O(n)]
  14: f13->f20, K1: K1 [O(n)]
  14: f13->f20, K2: -1 [O(1)]
  14: f13->f20, L: L [O(n)]
  14: f13->f20, L2: X2 [O(n)]
  14: f13->f20, M: M [O(n)]
  14: f13->f20, M2: 2 [O(1)]
  14: f13->f20, N: N [O(n)]
  14: f13->f20, N2: C3 [O(n)]
  14: f13->f20, O: O [O(n)]
  14: f13->f20, O2: O2 [O(n)]
  14: f13->f20, P: P [O(n)]
  14: f13->f20, P2: P2 [O(n)]
  14: f13->f20, Q: Q [O(n)]
  14: f13->f20, Q1: 0 [O(1)]
  14: f13->f20, Q2: Q2 [O(n)]
  14: f13->f20, R: R [O(n)]
  14: f13->f20, R1: 0 [O(1)]
  14: f13->f20, R2: R2 [O(n)]
  14: f13->f20, S: S [O(n)]
  14: f13->f20, S1: S1 [O(n)]
  14: f13->f20, S2: S2 [O(n)]
  14: f13->f20, T1: U1 [O(n)]
  14: f13->f20, T2: T2 [O(n)]
  14: f13->f20, U1: U1 [O(n)]
  14: f13->f20, U2: U2 [O(n)]
  14: f13->f20, V: V [O(n)]
  14: f13->f20, V1: V1 [O(n)]
  14: f13->f20, V2: V2 [O(n)]
  14: f13->f20, W1: max{W1, -1+U1} [O(n)]
  14: f13->f20, W2: W2 [O(n)]
  14: f13->f20, X1: X1 [O(n)]
  14: f13->f20, Y: max{0, Y} [O(n)]
  17: f16->f16, A: 1 [O(1)]
  17: f16->f16, A1: A1 [O(n)]
  17: f16->f16, A2: H3 [O(n)]
  17: f16->f16, B: Y2 [O(n)]
  17: f16->f16, B1: B1 [O(n)]
  17: f16->f16, B2: I3 [O(n)]
  17: f16->f16, C1: X2 [O(n)]
  17: f16->f16, C2: C2 [O(n)]
  17: f16->f16, D: D [O(n)]
  17: f16->f16, D1: C3 [O(n)]
  17: f16->f16, E: E [O(n)]
  17: f16->f16, E1: E3 [O(n)]
  17: f16->f16, F: F [O(n)]
  17: f16->f16, F1: D3 [O(n)]
  17: f16->f16, G: G [O(n)]
  17: f16->f16, G1: G1 [O(n)]
  17: f16->f16, G2: G2 [O(n)]
  17: f16->f16, H: H [O(n)]
  17: f16->f16, H1: H1 [O(n)]
  17: f16->f16, H2: H2 [O(n)]
  17: f16->f16, I: I [O(n)]
  17: f16->f16, I1: I1 [O(n)]
  17: f16->f16, I2: I2 [O(n)]
  17: f16->f16, J: J [O(n)]
  17: f16->f16, J1: J1 [O(n)]
  17: f16->f16, J2: J2 [O(n)]
  17: f16->f16, K: K [O(n)]
  17: f16->f16, K1: K1 [O(n)]
  17: f16->f16, K2: K2 [O(n)]
  17: f16->f16, L: L [O(n)]
  17: f16->f16, L1: L1 [O(n)]
  17: f16->f16, L2: G3 [O(n)]
  17: f16->f16, M: M [O(n)]
  17: f16->f16, M1: M1 [O(n)]
  17: f16->f16, M2: M2 [O(n)]
  17: f16->f16, N: N [O(n)]
  17: f16->f16, N1: N1 [O(n)]
  17: f16->f16, N2: N2 [O(n)]
  17: f16->f16, O: O [O(n)]
  17: f16->f16, O1: O1 [O(n)]
  17: f16->f16, O2: J3 [O(n)]
  17: f16->f16, P: P [O(n)]
  17: f16->f16, P1: F3 [O(n)]
  17: f16->f16, P2: P2 [O(n)]
  17: f16->f16, Q: Q [O(n)]
  17: f16->f16, Q1: E1 [O(n)]
  17: f16->f16, Q2: Q2 [O(n)]
  17: f16->f16, R: R [O(n)]
  17: f16->f16, R1: E1 [O(n)]
  17: f16->f16, R2: R2 [O(n)]
  17: f16->f16, S: S [O(n)]
  17: f16->f16, S1: S1 [O(n)]
  17: f16->f16, S2: S2 [O(n)]
  17: f16->f16, T: T [O(n)]
  17: f16->f16, T1: T1 [O(n)]
  17: f16->f16, T2: T2 [O(n)]
  17: f16->f16, U: U [O(n)]
  17: f16->f16, U1: U1 [O(n)]
  17: f16->f16, U2: U2 [O(n)]
  17: f16->f16, V: V [O(n)]
  17: f16->f16, V1: V1 [O(n)]
  17: f16->f16, V2: V2 [O(n)]
  17: f16->f16, W: W [O(n)]
  17: f16->f16, W1: W1 [O(n)]
  17: f16->f16, W2: W2 [O(n)]
  17: f16->f16, X: X [O(n)]
  17: f16->f16, X1: X1 [O(n)]
  17: f16->f16, Y: Y [O(n)]
  17: f16->f16, Y1: Y1 [O(n)]
  17: f16->f16, Z1: Z1 [O(n)]
  24: f16->f20, A: 1 [O(1)]
  24: f16->f20, A1: A1 [O(n)]
  24: f16->f20, A2: H3 [O(n)]
  24: f16->f20, B: Y2 [O(n)]
  24: f16->f20, B1: B1 [O(n)]
  24: f16->f20, B2: I3 [O(n)]
  24: f16->f20, C1: X2 [O(n)]
  24: f16->f20, C2: C2 [O(n)]
  24: f16->f20, D: D [O(n)]
  24: f16->f20, D1: C3 [O(n)]
  24: f16->f20, E: E [O(n)]
  24: f16->f20, E1: E3 [O(n)]
  24: f16->f20, F: F [O(n)]
  24: f16->f20, F1: D3 [O(n)]
  24: f16->f20, G: G [O(n)]
  24: f16->f20, G1: G1 [O(n)]
  24: f16->f20, G2: G2 [O(n)]
  24: f16->f20, H: H [O(n)]
  24: f16->f20, H2: H2 [O(n)]
  24: f16->f20, I: I [O(n)]
  24: f16->f20, I2: I2 [O(n)]
  24: f16->f20, J: J [O(n)]
  24: f16->f20, J1: J1 [O(n)]
  24: f16->f20, J2: J2 [O(n)]
  24: f16->f20, K: K [O(n)]
  24: f16->f20, K1: K1 [O(n)]
  24: f16->f20, K2: K2 [O(n)]
  24: f16->f20, L: L [O(n)]
  24: f16->f20, L2: G3 [O(n)]
  24: f16->f20, M: M [O(n)]
  24: f16->f20, M2: M2 [O(n)]
  24: f16->f20, N: N [O(n)]
  24: f16->f20, N2: N2 [O(n)]
  24: f16->f20, O: O [O(n)]
  24: f16->f20, O2: J3 [O(n)]
  24: f16->f20, P: P [O(n)]
  24: f16->f20, P2: -1 [O(1)]
  24: f16->f20, Q: Q [O(n)]
  24: f16->f20, Q1: 0 [O(1)]
  24: f16->f20, R: R [O(n)]
  24: f16->f20, R1: 0 [O(1)]
  24: f16->f20, S: S [O(n)]
  24: f16->f20, S1: S1 [O(n)]
  24: f16->f20, T: T [O(n)]
  24: f16->f20, T1: T1 [O(n)]
  24: f16->f20, U: U [O(n)]
  24: f16->f20, U1: U1 [O(n)]
  24: f16->f20, V: V [O(n)]
  24: f16->f20, V1: V1 [O(n)]
  24: f16->f20, V2: V2 [O(n)]
  24: f16->f20, W: W [O(n)]
  24: f16->f20, W1: W1 [O(n)]
  24: f16->f20, W2: W2 [O(n)]
  24: f16->f20, X: X [O(n)]
  24: f16->f20, X1: X1 [O(n)]
  24: f16->f20, Y: Y [O(n)]
  24: f16->f20, Y1: Y1 [O(n)]
  24: f16->f20, Z1: Z1 [O(n)]
  25: f16->f20, A: 1 [O(1)]
  25: f16->f20, A1: A1 [O(n)]
  25: f16->f20, A2: H3 [O(n)]
  25: f16->f20, B: Y2 [O(n)]
  25: f16->f20, B1: B1 [O(n)]
  25: f16->f20, B2: I3 [O(n)]
  25: f16->f20, C: 0 [O(1)]
  25: f16->f20, C1: X2 [O(n)]
  25: f16->f20, C2: C2 [O(n)]
  25: f16->f20, D: D [O(n)]
  25: f16->f20, D1: C3 [O(n)]
  25: f16->f20, E: E [O(n)]
  25: f16->f20, E1: E3 [O(n)]
  25: f16->f20, F: F [O(n)]
  25: f16->f20, F1: D3 [O(n)]
  25: f16->f20, G: G [O(n)]
  25: f16->f20, G1: G1 [O(n)]
  25: f16->f20, G2: G2 [O(n)]
  25: f16->f20, H: H [O(n)]
  25: f16->f20, H2: H2 [O(n)]
  25: f16->f20, I: I [O(n)]
  25: f16->f20, I2: I2 [O(n)]
  25: f16->f20, J: J [O(n)]
  25: f16->f20, J1: J1 [O(n)]
  25: f16->f20, J2: J2 [O(n)]
  25: f16->f20, K: K [O(n)]
  25: f16->f20, K1: K1 [O(n)]
  25: f16->f20, K2: K2 [O(n)]
  25: f16->f20, L: L [O(n)]
  25: f16->f20, L2: G3 [O(n)]
  25: f16->f20, M: M [O(n)]
  25: f16->f20, M2: M2 [O(n)]
  25: f16->f20, N: N [O(n)]
  25: f16->f20, N2: N2 [O(n)]
  25: f16->f20, O: O [O(n)]
  25: f16->f20, O2: J3 [O(n)]
  25: f16->f20, P: P [O(n)]
  25: f16->f20, P2: -1 [O(1)]
  25: f16->f20, Q: Q [O(n)]
  25: f16->f20, Q1: 0 [O(1)]
  25: f16->f20, Q2: 0 [O(1)]
  25: f16->f20, R: R [O(n)]
  25: f16->f20, R1: 0 [O(1)]
  25: f16->f20, S: S [O(n)]
  25: f16->f20, S1: S1 [O(n)]
  25: f16->f20, T: T [O(n)]
  25: f16->f20, T1: T1 [O(n)]
  25: f16->f20, T2: T2 [O(n)]
  25: f16->f20, U: U [O(n)]
  25: f16->f20, U1: U1 [O(n)]
  25: f16->f20, U2: U2 [O(n)]
  25: f16->f20, V: V [O(n)]
  25: f16->f20, V1: V1 [O(n)]
  25: f16->f20, W: W [O(n)]
  25: f16->f20, W1: W1 [O(n)]
  25: f16->f20, X: X [O(n)]
  25: f16->f20, X1: X1 [O(n)]
  25: f16->f20, Y: Y [O(n)]
  25: f16->f20, Y1: Y1 [O(n)]
  25: f16->f20, Z1: Z1 [O(n)]
  3: f18->f27, A: Y2 [O(n)]
  3: f18->f27, C: 0 [O(1)]
  3: f18->f27, C2: H [O(n)]
  3: f18->f27, D2: D2 [O(n)]
  3: f18->f27, E: E [O(n)]
  3: f18->f27, E2: Z2 [O(n)]
  3: f18->f27, F: F [O(n)]
  3: f18->f27, F2: F2 [O(n)]
  3: f18->f27, G: G [O(n)]
  3: f18->f27, G1: G1 [O(n)]
  3: f18->f27, G2: G2 [O(n)]
  3: f18->f27, H1: H1 [O(n)]
  3: f18->f27, H2: H2 [O(n)]
  3: f18->f27, I: I [O(n)]
  3: f18->f27, I1: I1 [O(n)]
  3: f18->f27, I2: I2 [O(n)]
  3: f18->f27, J: J [O(n)]
  3: f18->f27, J1: J1 [O(n)]
  3: f18->f27, J2: J2 [O(n)]
  3: f18->f27, K: K [O(n)]
  3: f18->f27, K1: K1 [O(n)]
  3: f18->f27, K2: K2 [O(n)]
  3: f18->f27, L: L [O(n)]
  3: f18->f27, L1: L1 [O(n)]
  3: f18->f27, L2: X2 [O(n)]
  3: f18->f27, M: M [O(n)]
  3: f18->f27, M1: M1 [O(n)]
  3: f18->f27, M2: 2 [O(1)]
  3: f18->f27, N: N [O(n)]
  3: f18->f27, N1: N1 [O(n)]
  3: f18->f27, N2: C3 [O(n)]
  3: f18->f27, O: O [O(n)]
  3: f18->f27, O1: O1 [O(n)]
  3: f18->f27, O2: O2 [O(n)]
  3: f18->f27, P: P [O(n)]
  3: f18->f27, P2: P2 [O(n)]
  3: f18->f27, Q: Q [O(n)]
  3: f18->f27, Q2: Q2 [O(n)]
  3: f18->f27, R: R [O(n)]
  3: f18->f27, R2: R2 [O(n)]
  3: f18->f27, S: S [O(n)]
  3: f18->f27, S1: S1 [O(n)]
  3: f18->f27, S2: S2 [O(n)]
  3: f18->f27, T1: T1 [O(n)]
  3: f18->f27, T2: T2 [O(n)]
  3: f18->f27, U1: U1 [O(n)]
  3: f18->f27, U2: U2 [O(n)]
  3: f18->f27, V: V [O(n)]
  3: f18->f27, V1: V1 [O(n)]
  3: f18->f27, V2: V2 [O(n)]
  3: f18->f27, W1: W1 [O(n)]
  3: f18->f27, W2: W2 [O(n)]
  3: f18->f27, X1: X1 [O(n)]
  3: f18->f27, Y: max{0, Y} [O(n)]
  4: f18->f18, A: Y2 [O(n)]
  4: f18->f18, C2: H [O(n)]
  4: f18->f18, D2: D2 [O(n)]
  4: f18->f18, E: E [O(n)]
  4: f18->f18, E2: Z2 [O(n)]
  4: f18->f18, F: F [O(n)]
  4: f18->f18, F2: F2 [O(n)]
  4: f18->f18, G: G [O(n)]
  4: f18->f18, G1: G1 [O(n)]
  4: f18->f18, G2: G2 [O(n)]
  4: f18->f18, H1: H1 [O(n)]
  4: f18->f18, H2: H2 [O(n)]
  4: f18->f18, I: I [O(n)]
  4: f18->f18, I1: I1 [O(n)]
  4: f18->f18, I2: I2 [O(n)]
  4: f18->f18, J: J [O(n)]
  4: f18->f18, J1: J1 [O(n)]
  4: f18->f18, J2: J2 [O(n)]
  4: f18->f18, K: K [O(n)]
  4: f18->f18, K1: K1 [O(n)]
  4: f18->f18, K2: K2 [O(n)]
  4: f18->f18, L: L [O(n)]
  4: f18->f18, L1: L1 [O(n)]
  4: f18->f18, L2: X2 [O(n)]
  4: f18->f18, M: M [O(n)]
  4: f18->f18, M1: M1 [O(n)]
  4: f18->f18, M2: 2 [O(1)]
  4: f18->f18, N: N [O(n)]
  4: f18->f18, N1: N1 [O(n)]
  4: f18->f18, N2: C3 [O(n)]
  4: f18->f18, O: O [O(n)]
  4: f18->f18, O1: O1 [O(n)]
  4: f18->f18, O2: O2 [O(n)]
  4: f18->f18, P: P [O(n)]
  4: f18->f18, P2: P2 [O(n)]
  4: f18->f18, Q: Q [O(n)]
  4: f18->f18, Q2: Q2 [O(n)]
  4: f18->f18, R: R [O(n)]
  4: f18->f18, R2: R2 [O(n)]
  4: f18->f18, S: S [O(n)]
  4: f18->f18, S1: S1 [O(n)]
  4: f18->f18, S2: S2 [O(n)]
  4: f18->f18, T1: T1 [O(n)]
  4: f18->f18, T2: T2 [O(n)]
  4: f18->f18, U1: U1 [O(n)]
  4: f18->f18, U2: U2 [O(n)]
  4: f18->f18, V: V [O(n)]
  4: f18->f18, V1: V1 [O(n)]
  4: f18->f18, V2: V2 [O(n)]
  4: f18->f18, W1: W1 [O(n)]
  4: f18->f18, W2: W2 [O(n)]
  4: f18->f18, X1: X1 [O(n)]
  4: f18->f18, Y: max{0, Y} [O(n)]
  19: f18->f11, A: Y2 [O(n)]
  19: f18->f11, C2: H [O(n)]
  19: f18->f11, D: 1+J1 [O(n)]
  19: f18->f11, D2: D2 [O(n)]
  19: f18->f11, E: E [O(n)]
  19: f18->f11, E2: Z2 [O(n)]
  19: f18->f11, F: F [O(n)]
  19: f18->f11, F2: F2 [O(n)]
  19: f18->f11, G: G [O(n)]
  19: f18->f11, G1: J1 [O(n)]
  19: f18->f11, H1: 0 [O(1)]
  19: f18->f11, H2: -1 [O(1)]
  19: f18->f11, I: I [O(n)]
  19: f18->f11, I1: 0 [O(1)]
  19: f18->f11, J: J [O(n)]
  19: f18->f11, J1: J1 [O(n)]
  19: f18->f11, J2: J2 [O(n)]
  19: f18->f11, K: K [O(n)]
  19: f18->f11, K1: K1 [O(n)]
  19: f18->f11, K2: K2 [O(n)]
  19: f18->f11, L: L [O(n)]
  19: f18->f11, L1: 0 [O(1)]
  19: f18->f11, L2: X2 [O(n)]
  19: f18->f11, M: M [O(n)]
  19: f18->f11, M1: 0 [O(1)]
  19: f18->f11, M2: 2 [O(1)]
  19: f18->f11, N: N [O(n)]
  19: f18->f11, N1: 0 [O(1)]
  19: f18->f11, N2: C3 [O(n)]
  19: f18->f11, O: O [O(n)]
  19: f18->f11, O1: 0 [O(1)]
  19: f18->f11, O2: O2 [O(n)]
  19: f18->f11, P: P [O(n)]
  19: f18->f11, P2: P2 [O(n)]
  19: f18->f11, Q: Q [O(n)]
  19: f18->f11, Q1: 0 [O(1)]
  19: f18->f11, Q2: Q2 [O(n)]
  19: f18->f11, R: R [O(n)]
  19: f18->f11, R1: 0 [O(1)]
  19: f18->f11, R2: R2 [O(n)]
  19: f18->f11, S: S [O(n)]
  19: f18->f11, S1: S1 [O(n)]
  19: f18->f11, S2: S2 [O(n)]
  19: f18->f11, T1: T1 [O(n)]
  19: f18->f11, T2: T2 [O(n)]
  19: f18->f11, U1: U1 [O(n)]
  19: f18->f11, U2: U2 [O(n)]
  19: f18->f11, V: V [O(n)]
  19: f18->f11, V1: V1 [O(n)]
  19: f18->f11, V2: V2 [O(n)]
  19: f18->f11, W1: W1 [O(n)]
  19: f18->f11, W2: W2 [O(n)]
  19: f18->f11, X1: X1 [O(n)]
  19: f18->f11, Y: max{0, Y} [O(n)]
  21: f19->f1, A: Y2 [O(n)]
  21: f19->f1, A1: A1 [O(n)]
  21: f19->f1, A2: E1 [O(n)]
  21: f19->f1, B: 2 [O(1)]
  21: f19->f1, B1: B1 [O(n)]
  21: f19->f1, B2: B2 [O(n)]
  21: f19->f1, C: C [O(n)]
  21: f19->f1, C1: Y2 [O(n)]
  21: f19->f1, C2: C2 [O(n)]
  21: f19->f1, D: D [O(n)]
  21: f19->f1, D1: E1 [O(n)]
  21: f19->f1, D2: D2 [O(n)]
  21: f19->f1, E: E [O(n)]
  21: f19->f1, E1: B3 [O(n)]
  21: f19->f1, E2: Z2 [O(n)]
  21: f19->f1, F: F [O(n)]
  21: f19->f1, F1: E1 [O(n)]
  21: f19->f1, F2: F2 [O(n)]
  21: f19->f1, G: G [O(n)]
  21: f19->f1, G1: G1 [O(n)]
  21: f19->f1, G2: G2 [O(n)]
  21: f19->f1, H: H [O(n)]
  21: f19->f1, H1: H1 [O(n)]
  21: f19->f1, H2: H2 [O(n)]
  21: f19->f1, I: I [O(n)]
  21: f19->f1, I1: I1 [O(n)]
  21: f19->f1, I2: I2 [O(n)]
  21: f19->f1, J: J [O(n)]
  21: f19->f1, J1: J1 [O(n)]
  21: f19->f1, J2: J2 [O(n)]
  21: f19->f1, K: K [O(n)]
  21: f19->f1, K1: K1 [O(n)]
  21: f19->f1, K2: K2 [O(n)]
  21: f19->f1, L: L [O(n)]
  21: f19->f1, L1: L1 [O(n)]
  21: f19->f1, L2: X2 [O(n)]
  21: f19->f1, M: M [O(n)]
  21: f19->f1, M1: M1 [O(n)]
  21: f19->f1, M2: 2 [O(1)]
  21: f19->f1, N: N [O(n)]
  21: f19->f1, N1: N1 [O(n)]
  21: f19->f1, N2: C3 [O(n)]
  21: f19->f1, O: O [O(n)]
  21: f19->f1, O1: O1 [O(n)]
  21: f19->f1, O2: O2 [O(n)]
  21: f19->f1, P: P [O(n)]
  21: f19->f1, P1: P1 [O(n)]
  21: f19->f1, P2: P2 [O(n)]
  21: f19->f1, Q: Q [O(n)]
  21: f19->f1, Q1: Q1 [O(n)]
  21: f19->f1, Q2: Q2 [O(n)]
  21: f19->f1, R: R [O(n)]
  21: f19->f1, R1: R1 [O(n)]
  21: f19->f1, R2: R2 [O(n)]
  21: f19->f1, S: S [O(n)]
  21: f19->f1, S1: S1 [O(n)]
  21: f19->f1, S2: S2 [O(n)]
  21: f19->f1, T: T [O(n)]
  21: f19->f1, T1: T1 [O(n)]
  21: f19->f1, T2: T2 [O(n)]
  21: f19->f1, U: U [O(n)]
  21: f19->f1, U1: U1 [O(n)]
  21: f19->f1, U2: U2 [O(n)]
  21: f19->f1, V: V [O(n)]
  21: f19->f1, V1: V1 [O(n)]
  21: f19->f1, V2: V2 [O(n)]
  21: f19->f1, W: W [O(n)]
  21: f19->f1, W1: W1 [O(n)]
  21: f19->f1, W2: W2 [O(n)]
  21: f19->f1, X: X [O(n)]
  21: f19->f1, X1: X1 [O(n)]
  21: f19->f1, Y: Y [O(n)]
  21: f19->f1, Y1: Y1 [O(n)]
  21: f19->f1, Z: A3 [O(n)]
  21: f19->f1, Z1: Z1 [O(n)]
  22: f19->f16, A: 1 [O(1)]
  22: f19->f16, A1: A1 [O(n)]
  22: f19->f16, A2: H3 [O(n)]
  22: f19->f16, B: Y2 [O(n)]
  22: f19->f16, B1: B1 [O(n)]
  22: f19->f16, B2: I3 [O(n)]
  22: f19->f16, C: Z2 [O(n)]
  22: f19->f16, C1: X2 [O(n)]
  22: f19->f16, C2: C2 [O(n)]
  22: f19->f16, D: D [O(n)]
  22: f19->f16, D1: C3 [O(n)]
  22: f19->f16, D2: D2 [O(n)]
  22: f19->f16, E: E [O(n)]
  22: f19->f16, E1: E3 [O(n)]
  22: f19->f16, E2: A3 [O(n)]
  22: f19->f16, F: F [O(n)]
  22: f19->f16, F1: D3 [O(n)]
  22: f19->f16, F2: A3 [O(n)]
  22: f19->f16, G: G [O(n)]
  22: f19->f16, G1: G1 [O(n)]
  22: f19->f16, G2: G2 [O(n)]
  22: f19->f16, H: H [O(n)]
  22: f19->f16, H1: H1 [O(n)]
  22: f19->f16, H2: H2 [O(n)]
  22: f19->f16, I: I [O(n)]
  22: f19->f16, I1: I1 [O(n)]
  22: f19->f16, I2: I2 [O(n)]
  22: f19->f16, J: J [O(n)]
  22: f19->f16, J1: J1 [O(n)]
  22: f19->f16, J2: J2 [O(n)]
  22: f19->f16, K: K [O(n)]
  22: f19->f16, K1: K1 [O(n)]
  22: f19->f16, K2: K2 [O(n)]
  22: f19->f16, L: L [O(n)]
  22: f19->f16, L1: L1 [O(n)]
  22: f19->f16, L2: G3 [O(n)]
  22: f19->f16, M: M [O(n)]
  22: f19->f16, M1: M1 [O(n)]
  22: f19->f16, M2: M2 [O(n)]
  22: f19->f16, N: N [O(n)]
  22: f19->f16, N1: N1 [O(n)]
  22: f19->f16, N2: N2 [O(n)]
  22: f19->f16, O: O [O(n)]
  22: f19->f16, O1: O1 [O(n)]
  22: f19->f16, O2: J3 [O(n)]
  22: f19->f16, P: P [O(n)]
  22: f19->f16, P1: F3 [O(n)]
  22: f19->f16, P2: P2 [O(n)]
  22: f19->f16, Q: Q [O(n)]
  22: f19->f16, Q1: E1 [O(n)]
  22: f19->f16, Q2: Q2 [O(n)]
  22: f19->f16, R: R [O(n)]
  22: f19->f16, R1: E1 [O(n)]
  22: f19->f16, R2: R2 [O(n)]
  22: f19->f16, S: S [O(n)]
  22: f19->f16, S1: S1 [O(n)]
  22: f19->f16, S2: S2 [O(n)]
  22: f19->f16, T: T [O(n)]
  22: f19->f16, T1: T1 [O(n)]
  22: f19->f16, T2: T2 [O(n)]
  22: f19->f16, U: U [O(n)]
  22: f19->f16, U1: U1 [O(n)]
  22: f19->f16, U2: U2 [O(n)]
  22: f19->f16, V: V [O(n)]
  22: f19->f16, V1: V1 [O(n)]
  22: f19->f16, V2: V2 [O(n)]
  22: f19->f16, W: W [O(n)]
  22: f19->f16, W1: W1 [O(n)]
  22: f19->f16, W2: W2 [O(n)]
  22: f19->f16, X: X [O(n)]
  22: f19->f16, X1: X1 [O(n)]
  22: f19->f16, Y: Y [O(n)]
  22: f19->f16, Y1: Y1 [O(n)]
  22: f19->f16, Z: B3 [O(n)]
  22: f19->f16, Z1: Z1 [O(n)]
  23: f19->f20, A: 0 [O(1)]
  23: f19->f20, A1: A1 [O(n)]
  23: f19->f20, A2: J3 [O(n)]
  23: f19->f20, B: Y2 [O(n)]
  23: f19->f20, B1: B1 [O(n)]
  23: f19->f20, B2: K3 [O(n)]
  23: f19->f20, C: C [O(n)]
  23: f19->f20, C1: G3 [O(n)]
  23: f19->f20, C2: C2 [O(n)]
  23: f19->f20, D: D [O(n)]
  23: f19->f20, D1: H3 [O(n)]
  23: f19->f20, D2: D2 [O(n)]
  23: f19->f20, E: E [O(n)]
  23: f19->f20, E1: F3 [O(n)]
  23: f19->f20, E2: E2 [O(n)]
  23: f19->f20, F: F [O(n)]
  23: f19->f20, F1: I3 [O(n)]
  23: f19->f20, F2: F2 [O(n)]
  23: f19->f20, G: G [O(n)]
  23: f19->f20, G1: G1 [O(n)]
  23: f19->f20, G2: G2 [O(n)]
  23: f19->f20, H: H [O(n)]
  23: f19->f20, H1: M3 [O(n)]
  23: f19->f20, H2: H2 [O(n)]
  23: f19->f20, I: I [O(n)]
  23: f19->f20, I1: D3 [O(n)]
  23: f19->f20, I2: I2 [O(n)]
  23: f19->f20, J: J [O(n)]
  23: f19->f20, J1: J1 [O(n)]
  23: f19->f20, J2: J2 [O(n)]
  23: f19->f20, K: K [O(n)]
  23: f19->f20, K1: K1 [O(n)]
  23: f19->f20, K2: K2 [O(n)]
  23: f19->f20, L: L [O(n)]
  23: f19->f20, L1: C3 [O(n)]
  23: f19->f20, L2: L2 [O(n)]
  23: f19->f20, M: M [O(n)]
  23: f19->f20, M1: A3 [O(n)]
  23: f19->f20, M2: M2 [O(n)]
  23: f19->f20, N: N [O(n)]
  23: f19->f20, N1: B3 [O(n)]
  23: f19->f20, N2: N2 [O(n)]
  23: f19->f20, O: O [O(n)]
  23: f19->f20, O1: X2 [O(n)]
  23: f19->f20, O2: O2 [O(n)]
  23: f19->f20, P: P [O(n)]
  23: f19->f20, P1: L3 [O(n)]
  23: f19->f20, P2: P2 [O(n)]
  23: f19->f20, Q: Q [O(n)]
  23: f19->f20, Q1: 0 [O(1)]
  23: f19->f20, Q2: Q2 [O(n)]
  23: f19->f20, R: R [O(n)]
  23: f19->f20, R1: 0 [O(1)]
  23: f19->f20, R2: R2 [O(n)]
  23: f19->f20, S: S [O(n)]
  23: f19->f20, S1: S1 [O(n)]
  23: f19->f20, S2: S2 [O(n)]
  23: f19->f20, T: T [O(n)]
  23: f19->f20, T1: T1 [O(n)]
  23: f19->f20, T2: T2 [O(n)]
  23: f19->f20, U: U [O(n)]
  23: f19->f20, U1: U1 [O(n)]
  23: f19->f20, U2: U2 [O(n)]
  23: f19->f20, V: V [O(n)]
  23: f19->f20, V1: V1 [O(n)]
  23: f19->f20, V2: V2 [O(n)]
  23: f19->f20, W: W [O(n)]
  23: f19->f20, W1: W1 [O(n)]
  23: f19->f20, W2: W2 [O(n)]
  23: f19->f20, X: X [O(n)]
  23: f19->f20, X1: X1 [O(n)]
  23: f19->f20, Y: Y [O(n)]
  23: f19->f20, Y1: Y1 [O(n)]
  23: f19->f20, Z: E3 [O(n)]
  23: f19->f20, Z1: Z1 [O(n)]
  5: f27->f18, A: Y2 [O(n)]
  5: f27->f18, C2: H [O(n)]
  5: f27->f18, D2: D2 [O(n)]
  5: f27->f18, E: E [O(n)]
  5: f27->f18, E2: Z2 [O(n)]
  5: f27->f18, F: F [O(n)]
  5: f27->f18, F2: F2 [O(n)]
  5: f27->f18, G: G [O(n)]
  5: f27->f18, G1: G1 [O(n)]
  5: f27->f18, G2: G2 [O(n)]
  5: f27->f18, H1: H1 [O(n)]
  5: f27->f18, H2: H2 [O(n)]
  5: f27->f18, I: I [O(n)]
  5: f27->f18, I1: I1 [O(n)]
  5: f27->f18, I2: I2 [O(n)]
  5: f27->f18, J: J [O(n)]
  5: f27->f18, J1: J1 [O(n)]
  5: f27->f18, J2: J2 [O(n)]
  5: f27->f18, K: K [O(n)]
  5: f27->f18, K1: K1 [O(n)]
  5: f27->f18, K2: K2 [O(n)]
  5: f27->f18, L: L [O(n)]
  5: f27->f18, L1: L1 [O(n)]
  5: f27->f18, L2: X2 [O(n)]
  5: f27->f18, M: M [O(n)]
  5: f27->f18, M1: M1 [O(n)]
  5: f27->f18, M2: 2 [O(1)]
  5: f27->f18, N: N [O(n)]
  5: f27->f18, N1: N1 [O(n)]
  5: f27->f18, N2: C3 [O(n)]
  5: f27->f18, O: O [O(n)]
  5: f27->f18, O1: O1 [O(n)]
  5: f27->f18, O2: O2 [O(n)]
  5: f27->f18, P: P [O(n)]
  5: f27->f18, P2: P2 [O(n)]
  5: f27->f18, Q: Q [O(n)]
  5: f27->f18, Q2: Q2 [O(n)]
  5: f27->f18, R: R [O(n)]
  5: f27->f18, R2: R2 [O(n)]
  5: f27->f18, S: S [O(n)]
  5: f27->f18, S1: S1 [O(n)]
  5: f27->f18, S2: S2 [O(n)]
  5: f27->f18, T1: T1 [O(n)]
  5: f27->f18, T2: T2 [O(n)]
  5: f27->f18, U1: U1 [O(n)]
  5: f27->f18, U2: U2 [O(n)]
  5: f27->f18, V: V [O(n)]
  5: f27->f18, V1: V1 [O(n)]
  5: f27->f18, V2: V2 [O(n)]
  5: f27->f18, W1: W1 [O(n)]
  5: f27->f18, W2: W2 [O(n)]
  5: f27->f18, X1: X1 [O(n)]
  5: f27->f18, Y: 0 [O(1)]
  20: f27->f13, A: Y2 [O(n)]
  20: f27->f13, C: 0 [O(1)]
  20: f27->f13, C2: H [O(n)]
  20: f27->f13, D: 1+U1 [O(n)]
  20: f27->f13, D2: D2 [O(n)]
  20: f27->f13, E: E [O(n)]
  20: f27->f13, E2: Z2 [O(n)]
  20: f27->f13, F: F [O(n)]
  20: f27->f13, F2: F2 [O(n)]
  20: f27->f13, G: G [O(n)]
  20: f27->f13, G1: G1 [O(n)]
  20: f27->f13, G2: G2 [O(n)]
  20: f27->f13, H1: 0 [O(1)]
  20: f27->f13, H2: H2 [O(n)]
  20: f27->f13, I: I [O(n)]
  20: f27->f13, I1: 0 [O(1)]
  20: f27->f13, I2: I2 [O(n)]
  20: f27->f13, J: J [O(n)]
  20: f27->f13, J1: J1 [O(n)]
  20: f27->f13, K: K [O(n)]
  20: f27->f13, K1: K1 [O(n)]
  20: f27->f13, K2: -1 [O(1)]
  20: f27->f13, L: L [O(n)]
  20: f27->f13, L1: 0 [O(1)]
  20: f27->f13, L2: X2 [O(n)]
  20: f27->f13, M: M [O(n)]
  20: f27->f13, M1: 0 [O(1)]
  20: f27->f13, M2: 2 [O(1)]
  20: f27->f13, N: N [O(n)]
  20: f27->f13, N1: 0 [O(1)]
  20: f27->f13, N2: C3 [O(n)]
  20: f27->f13, O: O [O(n)]
  20: f27->f13, O1: 0 [O(1)]
  20: f27->f13, O2: O2 [O(n)]
  20: f27->f13, P: P [O(n)]
  20: f27->f13, P2: P2 [O(n)]
  20: f27->f13, Q: Q [O(n)]
  20: f27->f13, Q1: 0 [O(1)]
  20: f27->f13, Q2: Q2 [O(n)]
  20: f27->f13, R: R [O(n)]
  20: f27->f13, R1: 0 [O(1)]
  20: f27->f13, R2: R2 [O(n)]
  20: f27->f13, S: S [O(n)]
  20: f27->f13, S1: S1 [O(n)]
  20: f27->f13, S2: S2 [O(n)]
  20: f27->f13, T1: U1 [O(n)]
  20: f27->f13, T2: T2 [O(n)]
  20: f27->f13, U1: U1 [O(n)]
  20: f27->f13, U2: U2 [O(n)]
  20: f27->f13, V: V [O(n)]
  20: f27->f13, V1: V1 [O(n)]
  20: f27->f13, V2: V2 [O(n)]
  20: f27->f13, W1: W1 [O(n)]
  20: f27->f13, W2: W2 [O(n)]
  20: f27->f13, X1: X1 [O(n)]
  20: f27->f13, Y: max{0, Y} [O(n)]
