Timebounds: 
  Overall timebound: inf [Infinity]
  3: f2->f0: 1 [O(1)]

Costbounds:
  Overall costbound: inf [Infinity]
  1: f0->f0: inf [Infinity]
  3: f2->f0: 1 [O(1)]

Sizebounds:
`Lower:
  1: f0->f0, B: -max{0, -B} [O(n)]
  1: f0->f0, D: -max{0, -D} [O(n)]
  3: f2->f0, A: 0 [O(1)]
  3: f2->f0, B: B [O(n)]
  3: f2->f0, C: C [O(n)]
  3: f2->f0, D: D [O(n)]
`Upper:
  1: f0->f0, A: -1 [O(1)]
  1: f0->f0, B: max{0, B} [O(n)]
  1: f0->f0, C: 0 [O(1)]
  1: f0->f0, D: max{0, D} [O(n)]
  3: f2->f0, A: 0 [O(1)]
  3: f2->f0, B: B [O(n)]
  3: f2->f0, C: C [O(n)]
  3: f2->f0, D: D [O(n)]
