Timebounds: 
  Overall timebound: inf [Infinity]
  5: f0->f10: 1 [O(1)]
  0: f10->f10: 8 [O(1)]
  1: f10->f10: 8 [O(1)]
  4: f10->f20: 1 [O(1)]

Costbounds:
  Overall costbound: inf [Infinity]
  5: f0->f10: 1 [O(1)]
  0: f10->f10: 8 [O(1)]
  1: f10->f10: 8 [O(1)]
  4: f10->f20: 1 [O(1)]
  2: f20->f20: inf [Infinity]

Sizebounds:
`Lower:
  5: f0->f10, A: 8 [O(1)]
  5: f0->f10, B: 1 [O(1)]
  5: f0->f10, C: 0 [O(1)]
  5: f0->f10, D: D [O(n)]
  5: f0->f10, E: 8 [O(1)]
  0: f10->f10, A: 0 [O(1)]
  0: f10->f10, B: -62 [O(1)]
  0: f10->f10, C: 1 [O(1)]
  0: f10->f10, E: 8 [O(1)]
  1: f10->f10, A: 0 [O(1)]
  1: f10->f10, B: -6 [O(1)]
  1: f10->f10, C: 0 [O(1)]
  1: f10->f10, E: 8 [O(1)]
  4: f10->f20, A: 0 [O(1)]
  4: f10->f20, B: -7 [O(1)]
  4: f10->f20, C: 0 [O(1)]
  4: f10->f20, E: 8 [O(1)]
  2: f20->f20, C: 0 [O(1)]
  2: f20->f20, E: 8 [O(1)]
`Upper:
  5: f0->f10, A: 8 [O(1)]
  5: f0->f10, B: F [O(n)]
  5: f0->f10, C: 0 [O(1)]
  5: f0->f10, D: D [O(n)]
  5: f0->f10, E: 8 [O(1)]
  0: f10->f10, A: 7 [O(1)]
  0: f10->f10, B: max{7, F} [O(n)]
  0: f10->f10, C: 8 [O(1)]
  0: f10->f10, E: 8 [O(1)]
  1: f10->f10, A: 7 [O(1)]
  1: f10->f10, B: 7 [O(1)]
  1: f10->f10, C: 7 [O(1)]
  1: f10->f10, D: 0 [O(1)]
  1: f10->f10, E: 8 [O(1)]
  4: f10->f20, A: 0 [O(1)]
  4: f10->f20, B: max{7, F} [O(n)]
  4: f10->f20, C: 8 [O(1)]
  4: f10->f20, E: 8 [O(1)]
  2: f20->f20, A: 0 [O(1)]
  2: f20->f20, B: max{7, F} [O(n)]
  2: f20->f20, E: 8 [O(1)]
