Timebounds: 
  Overall timebound: inf [Infinity]
  5: f0->f11: 1 [O(1)]
  0: f11->f11: 4 [O(1)]
  1: f11->f11: 4 [O(1)]
  4: f11->f21: 1 [O(1)]
  2: f21->f21: inf [Infinity]

Costbounds:
  Overall costbound: inf [Infinity]
  5: f0->f11: 1 [O(1)]
  0: f11->f11: 4 [O(1)]
  1: f11->f11: 4 [O(1)]
  4: f11->f21: 1 [O(1)]
  2: f21->f21: inf [Infinity]

Sizebounds:
`Lower:
  5: f0->f11, A: 4 [O(1)]
  5: f0->f11, B: 1 [O(1)]
  5: f0->f11, C: 0 [O(1)]
  5: f0->f11, D: D [O(n)]
  5: f0->f11, E: 1 [O(1)]
  5: f0->f11, F: 4 [O(1)]
  0: f11->f11, A: -1 [O(1)]
  0: f11->f11, B: -3 [O(1)]
  0: f11->f11, C: 1 [O(1)]
  0: f11->f11, D: 1 [O(1)]
  0: f11->f11, E: 1 [O(1)]
  0: f11->f11, F: 4 [O(1)]
  1: f11->f11, A: -1 [O(1)]
  1: f11->f11, B: -2 [O(1)]
  1: f11->f11, C: 0 [O(1)]
  1: f11->f11, E: 1 [O(1)]
  1: f11->f11, F: 4 [O(1)]
  4: f11->f21, A: -1 [O(1)]
  4: f11->f21, B: -3 [O(1)]
  4: f11->f21, C: 0 [O(1)]
  4: f11->f21, E: 1 [O(1)]
  4: f11->f21, F: 4 [O(1)]
  2: f21->f21, A: -1 [O(1)]
  2: f21->f21, B: -3 [O(1)]
  2: f21->f21, C: 0 [O(1)]
  2: f21->f21, E: 1 [O(1)]
  2: f21->f21, F: 4 [O(1)]
`Upper:
  5: f0->f11, A: 4 [O(1)]
  5: f0->f11, B: G [O(n)]
  5: f0->f11, C: 0 [O(1)]
  5: f0->f11, D: D [O(n)]
  5: f0->f11, E: G [O(n)]
  5: f0->f11, F: 4 [O(1)]
  0: f11->f11, A: 2 [O(1)]
  0: f11->f11, B: max{3, G} [O(n)]
  0: f11->f11, C: 4 [O(1)]
  0: f11->f11, E: G [O(n)]
  0: f11->f11, F: 4 [O(1)]
  1: f11->f11, A: 2 [O(1)]
  1: f11->f11, B: 3 [O(1)]
  1: f11->f11, C: 3 [O(1)]
  1: f11->f11, D: 0 [O(1)]
  1: f11->f11, E: G [O(n)]
  1: f11->f11, F: 4 [O(1)]
  4: f11->f21, A: 0 [O(1)]
  4: f11->f21, B: max{3, G} [O(n)]
  4: f11->f21, C: 4 [O(1)]
  4: f11->f21, E: G [O(n)]
  4: f11->f21, F: 4 [O(1)]
  2: f21->f21, A: 0 [O(1)]
  2: f21->f21, B: max{3, G} [O(n)]
  2: f21->f21, C: 4 [O(1)]
  2: f21->f21, E: G [O(n)]
  2: f21->f21, F: 4 [O(1)]
