Timebounds: 
  Overall timebound: inf [Infinity]
  5: f0->f14: 1 [O(1)]
  0: f14->f14: max{0, 2*(H+I)} [O(n)]
  1: f14->f14: max{0, 2*(H+I)} [O(n)]
  4: f14->f24: 1 [O(1)]

Costbounds:
  Overall costbound: inf [Infinity]
  5: f0->f14: 1 [O(1)]
  0: f14->f14: max{0, 2*(H+I)} [O(n)]
  1: f14->f14: max{0, 2*(H+I)} [O(n)]
  4: f14->f24: 1 [O(1)]
  2: f24->f24: inf [Infinity]

Sizebounds:
`Lower:
  5: f0->f14, A: 1 [O(1)]
  5: f0->f14, B: 1 [O(1)]
  5: f0->f14, C: 0 [O(1)]
  5: f0->f14, D: D [O(n)]
  5: f0->f14, E: 1 [O(1)]
  5: f0->f14, F: 1 [O(1)]
  5: f0->f14, G: 0 [O(1)]
  0: f14->f14, A: 0 [O(1)]
  0: f14->f14, C: 0 [O(1)]
  0: f14->f14, E: 0 [O(1)]
  0: f14->f14, F: 0 [O(1)]
  0: f14->f14, G: 0 [O(1)]
  1: f14->f14, A: 0 [O(1)]
  1: f14->f14, C: 0 [O(1)]
  1: f14->f14, E: 0 [O(1)]
  1: f14->f14, F: 0 [O(1)]
  1: f14->f14, G: 0 [O(1)]
  4: f14->f24, A: 0 [O(1)]
  4: f14->f24, C: 1 [O(1)]
  4: f14->f24, E: 1 [O(1)]
  4: f14->f24, F: 1 [O(1)]
  4: f14->f24, G: 0 [O(1)]
  2: f24->f24, C: 0 [O(1)]
  2: f24->f24, E: 0 [O(1)]
  2: f24->f24, F: 0 [O(1)]
  2: f24->f24, G: 0 [O(1)]
`Upper:
  5: f0->f14, A: 2*(H+I) [O(n)]
  5: f0->f14, B: H [O(n)]
  5: f0->f14, C: 0 [O(1)]
  5: f0->f14, D: D [O(n)]
  5: f0->f14, E: H [O(n)]
  5: f0->f14, F: 2*(H+I) [O(n)]
  5: f0->f14, G: I [O(n)]
  0: f14->f14, A: max{0, 2*(H+I)} [O(n)]
  0: f14->f14, B: max{0, -1, max{H, -1+2*(H+I)}} [O(n)]
  0: f14->f14, C: max{0, 2*(H+I)} [O(n)]
  0: f14->f14, E: max{0, H} [O(n)]
  0: f14->f14, F: max{0, 2*(H+I)} [O(n)]
  0: f14->f14, G: max{-1, -1+2*(H+I)} [O(n)]
  1: f14->f14, A: max{0, 2*(H+I)} [O(n)]
  1: f14->f14, B: max{-1, -1+2*(H+I)} [O(n)]
  1: f14->f14, C: max{0, 2*(H+I)} [O(n)]
  1: f14->f14, D: 0 [O(1)]
  1: f14->f14, E: max{0, H} [O(n)]
  1: f14->f14, F: max{0, 2*(H+I)} [O(n)]
  1: f14->f14, G: max{-1, -1+2*(H+I)} [O(n)]
  4: f14->f24, A: 0 [O(1)]
  4: f14->f24, B: max{-1, -1, max{0, H, max{H, -1+2*(H+I)}}} [O(n)]
  4: f14->f24, C: max{0, 2*(H+I)} [O(n)]
  4: f14->f24, E: max{0, H} [O(n)]
  4: f14->f24, F: max{0, 2*(H+I)} [O(n)]
  4: f14->f24, G: max{-1, -1+2*(H+I)} [O(n)]
  2: f24->f24, A: 0 [O(1)]
  2: f24->f24, B: max{-1, -1, max{0, H, max{H, -1+2*(H+I)}}} [O(n)]
  2: f24->f24, C: max{0, 2*(H+I)} [O(n)]
  2: f24->f24, E: max{0, H} [O(n)]
  2: f24->f24, F: max{0, 2*(H+I)} [O(n)]
  2: f24->f24, G: max{-1, -1+2*(H+I)} [O(n)]
