Timebounds: 
  Overall timebound: inf [Infinity]
  0: f0->f23: 1 [O(1)]
  1: f23->f23: 10 [O(1)]
  26: f23->f29: 1 [O(1)]
  2: f29->f33: 100 [O(1)]
  25: f29->f52: 1 [O(1)]
  4: f33->f33: inf [Infinity]
  5: f33->f33: inf [Infinity]
  6: f33->f33: inf [Infinity]
  7: f33->f33: inf [Infinity]
  22: f33->f44: 0 [O(1)]
  23: f33->f44: inf [Infinity]
  24: f33->f29: inf [Infinity]
  9: f44->f29: inf [Infinity]
  10: f44->f29: inf [Infinity]
  11: f52->f55: 90 [O(1)]
  12: f52->f55: 100 [O(1)]
  15: f52->f52: 20 [O(1)]
  19: f52->f63: 1 [O(1)]
  20: f52->f63: 1 [O(1)]
  21: f52->f71: 1 [O(1)]
  13: f55->f52: 1000 [O(1)]
  14: f55->f52: 1000 [O(1)]
  16: f63->f71: 1 [O(1)]
  17: f63->f71: 1 [O(1)]
  18: f63->f71: 1 [O(1)]

Costbounds:
  Overall costbound: inf [Infinity]
  0: f0->f23: 1 [O(1)]
  1: f23->f23: 10 [O(1)]
  26: f23->f29: 1 [O(1)]
  2: f29->f33: 100 [O(1)]
  25: f29->f52: 1 [O(1)]
  4: f33->f33: inf [Infinity]
  5: f33->f33: inf [Infinity]
  6: f33->f33: inf [Infinity]
  7: f33->f33: inf [Infinity]
  22: f33->f44: 0 [O(1)]
  23: f33->f44: inf [Infinity]
  24: f33->f29: inf [Infinity]
  9: f44->f29: inf [Infinity]
  10: f44->f29: inf [Infinity]
  11: f52->f55: 90 [O(1)]
  12: f52->f55: 100 [O(1)]
  15: f52->f52: 20 [O(1)]
  19: f52->f63: 1 [O(1)]
  20: f52->f63: 1 [O(1)]
  21: f52->f71: 1 [O(1)]
  13: f55->f52: 1000 [O(1)]
  14: f55->f52: 1000 [O(1)]
  16: f63->f71: 1 [O(1)]
  17: f63->f71: 1 [O(1)]
  18: f63->f71: 1 [O(1)]

Sizebounds:
`Lower:
  0: f0->f23, A: 1 [O(1)]
  0: f0->f23, B: 1 [O(1)]
  0: f0->f23, C: 10 [O(1)]
  0: f0->f23, D: M [O(n)]
  0: f0->f23, E: N [O(n)]
  0: f0->f23, F: 0 [O(1)]
  0: f0->f23, G: G [O(n)]
  0: f0->f23, H: H [O(n)]
  0: f0->f23, I: I [O(n)]
  0: f0->f23, J: J [O(n)]
  0: f0->f23, K: K [O(n)]
  0: f0->f23, L: L [O(n)]
  0: f0->f23, M: -inf [Infinity]
  0: f0->f23, N: -inf [Infinity]
  1: f23->f23, A: 1 [O(1)]
  1: f23->f23, B: 1 [O(1)]
  1: f23->f23, C: 10 [O(1)]
  1: f23->f23, D: M [O(n)]
  1: f23->f23, E: N [O(n)]
  1: f23->f23, F: 1 [O(1)]
  1: f23->f23, G: G [O(n)]
  1: f23->f23, H: H [O(n)]
  1: f23->f23, I: I [O(n)]
  1: f23->f23, J: J [O(n)]
  1: f23->f23, K: K [O(n)]
  1: f23->f23, L: L [O(n)]
  1: f23->f23, M: -inf [Infinity]
  1: f23->f23, N: -inf [Infinity]
  26: f23->f29, A: 1 [O(1)]
  26: f23->f29, B: 1 [O(1)]
  26: f23->f29, C: 10 [O(1)]
  26: f23->f29, D: M [O(n)]
  26: f23->f29, E: N [O(n)]
  26: f23->f29, F: 0 [O(1)]
  26: f23->f29, G: G [O(n)]
  26: f23->f29, H: H [O(n)]
  26: f23->f29, I: I [O(n)]
  26: f23->f29, J: J [O(n)]
  26: f23->f29, K: K [O(n)]
  26: f23->f29, L: L [O(n)]
  26: f23->f29, M: -inf [Infinity]
  26: f23->f29, N: -inf [Infinity]
  2: f29->f33, A: -8 [O(1)]
  2: f29->f33, B: 1 [O(1)]
  2: f29->f33, C: 10 [O(1)]
  2: f29->f33, D: M [O(n)]
  2: f29->f33, E: N [O(n)]
  2: f29->f33, F: 0 [O(1)]
  2: f29->f33, G: 0 [O(1)]
  2: f29->f33, H: 0 [O(1)]
  2: f29->f33, I: -max{0, -I} [O(n)]
  2: f29->f33, J: -max{0, -J} [O(n)]
  2: f29->f33, K: K [O(n)]
  2: f29->f33, L: L [O(n)]
  2: f29->f33, M: -inf [Infinity]
  2: f29->f33, N: -inf [Infinity]
  25: f29->f52, A: 0 [O(1)]
  25: f29->f52, B: 1 [O(1)]
  25: f29->f52, C: 10 [O(1)]
  25: f29->f52, D: M [O(n)]
  25: f29->f52, E: N [O(n)]
  25: f29->f52, F: 0 [O(1)]
  25: f29->f52, G: -max{0, -G} [O(n)]
  25: f29->f52, H: -max{-10, -H} [O(n)]
  25: f29->f52, I: -max{0, -I} [O(n)]
  25: f29->f52, J: -max{0, -J} [O(n)]
  25: f29->f52, K: K [O(n)]
  25: f29->f52, L: L [O(n)]
  25: f29->f52, M: -inf [Infinity]
  25: f29->f52, N: -inf [Infinity]
  4: f33->f33, A: -inf [Infinity]
  4: f33->f33, B: 1 [O(1)]
  4: f33->f33, C: 10 [O(1)]
  4: f33->f33, D: M [O(n)]
  4: f33->f33, E: N [O(n)]
  4: f33->f33, F: 0 [O(1)]
  4: f33->f33, G: 1 [O(1)]
  4: f33->f33, H: 2 [O(1)]
  4: f33->f33, I: 1 [O(1)]
  4: f33->f33, J: -max{0, -J} [O(n)]
  4: f33->f33, K: K [O(n)]
  4: f33->f33, L: L [O(n)]
  4: f33->f33, M: -inf [Infinity]
  4: f33->f33, N: -inf [Infinity]
  5: f33->f33, A: -inf [Infinity]
  5: f33->f33, B: 1 [O(1)]
  5: f33->f33, C: 10 [O(1)]
  5: f33->f33, D: M [O(n)]
  5: f33->f33, E: N [O(n)]
  5: f33->f33, F: 0 [O(1)]
  5: f33->f33, G: 1 [O(1)]
  5: f33->f33, H: 1 [O(1)]
  5: f33->f33, I: 1 [O(1)]
  5: f33->f33, J: -max{0, -J} [O(n)]
  5: f33->f33, K: K [O(n)]
  5: f33->f33, L: L [O(n)]
  5: f33->f33, M: -inf [Infinity]
  5: f33->f33, N: -inf [Infinity]
  6: f33->f33, A: -inf [Infinity]
  6: f33->f33, B: 1 [O(1)]
  6: f33->f33, C: 10 [O(1)]
  6: f33->f33, D: M [O(n)]
  6: f33->f33, E: N [O(n)]
  6: f33->f33, F: 0 [O(1)]
  6: f33->f33, G: 0 [O(1)]
  6: f33->f33, H: 1 [O(1)]
  6: f33->f33, I: 0 [O(1)]
  6: f33->f33, J: -max{0, -J} [O(n)]
  6: f33->f33, K: K [O(n)]
  6: f33->f33, L: L [O(n)]
  6: f33->f33, M: -inf [Infinity]
  6: f33->f33, N: -inf [Infinity]
  7: f33->f33, A: -inf [Infinity]
  7: f33->f33, B: 1 [O(1)]
  7: f33->f33, C: 10 [O(1)]
  7: f33->f33, D: M [O(n)]
  7: f33->f33, E: N [O(n)]
  7: f33->f33, F: 0 [O(1)]
  7: f33->f33, G: 0 [O(1)]
  7: f33->f33, H: 1 [O(1)]
  7: f33->f33, I: 0 [O(1)]
  7: f33->f33, J: -max{0, -J} [O(n)]
  7: f33->f33, K: K [O(n)]
  7: f33->f33, L: L [O(n)]
  7: f33->f33, M: -inf [Infinity]
  7: f33->f33, N: -inf [Infinity]
  22: f33->f44, A: -inf [Infinity]
  22: f33->f44, B: 1 [O(1)]
  22: f33->f44, C: 10 [O(1)]
  22: f33->f44, D: M [O(n)]
  22: f33->f44, E: N [O(n)]
  22: f33->f44, F: 2 [O(1)]
  22: f33->f44, G: 0 [O(1)]
  22: f33->f44, H: 10 [O(1)]
  22: f33->f44, I: -max{0, -I} [O(n)]
  22: f33->f44, J: -max{0, -J} [O(n)]
  22: f33->f44, K: K [O(n)]
  22: f33->f44, L: L [O(n)]
  22: f33->f44, M: -inf [Infinity]
  22: f33->f44, N: -inf [Infinity]
  23: f33->f44, A: 1 [O(1)]
  23: f33->f44, B: 1 [O(1)]
  23: f33->f44, C: 10 [O(1)]
  23: f33->f44, D: M [O(n)]
  23: f33->f44, E: N [O(n)]
  23: f33->f44, F: 0 [O(1)]
  23: f33->f44, G: 0 [O(1)]
  23: f33->f44, H: 10 [O(1)]
  23: f33->f44, I: -max{0, -I} [O(n)]
  23: f33->f44, J: -max{0, -J} [O(n)]
  23: f33->f44, K: K [O(n)]
  23: f33->f44, L: L [O(n)]
  23: f33->f44, M: -inf [Infinity]
  23: f33->f44, N: -inf [Infinity]
  24: f33->f29, A: 0 [O(1)]
  24: f33->f29, B: 1 [O(1)]
  24: f33->f29, C: 10 [O(1)]
  24: f33->f29, D: M [O(n)]
  24: f33->f29, E: N [O(n)]
  24: f33->f29, F: 2 [O(1)]
  24: f33->f29, G: 0 [O(1)]
  24: f33->f29, H: 10 [O(1)]
  24: f33->f29, I: -max{0, -I} [O(n)]
  24: f33->f29, J: 0 [O(1)]
  24: f33->f29, K: K [O(n)]
  24: f33->f29, L: L [O(n)]
  24: f33->f29, M: -inf [Infinity]
  24: f33->f29, N: -inf [Infinity]
  9: f44->f29, A: 1 [O(1)]
  9: f44->f29, B: 1 [O(1)]
  9: f44->f29, C: 10 [O(1)]
  9: f44->f29, D: M [O(n)]
  9: f44->f29, E: N [O(n)]
  9: f44->f29, F: 1 [O(1)]
  9: f44->f29, G: 1 [O(1)]
  9: f44->f29, H: 10 [O(1)]
  9: f44->f29, I: -max{0, -I} [O(n)]
  9: f44->f29, J: 1 [O(1)]
  9: f44->f29, K: K [O(n)]
  9: f44->f29, L: L [O(n)]
  9: f44->f29, M: -inf [Infinity]
  9: f44->f29, N: -inf [Infinity]
  10: f44->f29, A: 0 [O(1)]
  10: f44->f29, B: 1 [O(1)]
  10: f44->f29, C: 10 [O(1)]
  10: f44->f29, D: M [O(n)]
  10: f44->f29, E: N [O(n)]
  10: f44->f29, F: 1 [O(1)]
  10: f44->f29, G: 0 [O(1)]
  10: f44->f29, H: 10 [O(1)]
  10: f44->f29, I: -max{0, -I} [O(n)]
  10: f44->f29, J: 0 [O(1)]
  10: f44->f29, K: K [O(n)]
  10: f44->f29, L: L [O(n)]
  10: f44->f29, M: -inf [Infinity]
  10: f44->f29, N: -inf [Infinity]
  11: f52->f55, A: -inf [Infinity]
  11: f52->f55, B: -7 [O(1)]
  11: f52->f55, C: 10 [O(1)]
  11: f52->f55, D: M [O(n)]
  11: f52->f55, E: N [O(n)]
  11: f52->f55, F: 2 [O(1)]
  11: f52->f55, G: -max{0, -G} [O(n)]
  11: f52->f55, H: -max{-10, -H} [O(n)]
  11: f52->f55, I: -max{0, -I} [O(n)]
  11: f52->f55, J: -max{0, -J} [O(n)]
  11: f52->f55, K: -max{0, -K} [O(n)]
  11: f52->f55, L: L [O(n)]
  11: f52->f55, M: -inf [Infinity]
  11: f52->f55, N: -inf [Infinity]
  12: f52->f55, A: -inf [Infinity]
  12: f52->f55, B: 1 [O(1)]
  12: f52->f55, C: 10 [O(1)]
  12: f52->f55, D: M [O(n)]
  12: f52->f55, E: N [O(n)]
  12: f52->f55, F: 0 [O(1)]
  12: f52->f55, G: -max{0, -G} [O(n)]
  12: f52->f55, H: -max{-10, -H} [O(n)]
  12: f52->f55, I: -max{0, -I} [O(n)]
  12: f52->f55, J: -max{0, -J} [O(n)]
  12: f52->f55, K: -max{0, -K} [O(n)]
  12: f52->f55, L: L [O(n)]
  12: f52->f55, M: -inf [Infinity]
  12: f52->f55, N: -inf [Infinity]
  15: f52->f52, A: -inf [Infinity]
  15: f52->f52, B: 0 [O(1)]
  15: f52->f52, C: 10 [O(1)]
  15: f52->f52, D: M [O(n)]
  15: f52->f52, E: N [O(n)]
  15: f52->f52, F: 2 [O(1)]
  15: f52->f52, G: -max{0, -G} [O(n)]
  15: f52->f52, H: -max{-10, -H} [O(n)]
  15: f52->f52, I: -max{0, -I} [O(n)]
  15: f52->f52, J: -max{0, -J} [O(n)]
  15: f52->f52, K: 0 [O(1)]
  15: f52->f52, L: L [O(n)]
  15: f52->f52, M: -inf [Infinity]
  15: f52->f52, N: -inf [Infinity]
  19: f52->f63, A: -inf [Infinity]
  19: f52->f63, B: 0 [O(1)]
  19: f52->f63, C: 10 [O(1)]
  19: f52->f63, D: M [O(n)]
  19: f52->f63, E: N [O(n)]
  19: f52->f63, F: 9 [O(1)]
  19: f52->f63, G: -max{0, -G} [O(n)]
  19: f52->f63, H: -max{-10, -H} [O(n)]
  19: f52->f63, I: -max{0, -I} [O(n)]
  19: f52->f63, J: -max{0, -J} [O(n)]
  19: f52->f63, K: -max{0, -K} [O(n)]
  19: f52->f63, L: L [O(n)]
  19: f52->f63, M: -inf [Infinity]
  19: f52->f63, N: -inf [Infinity]
  20: f52->f63, A: 1 [O(1)]
  20: f52->f63, B: 0 [O(1)]
  20: f52->f63, C: 10 [O(1)]
  20: f52->f63, D: M [O(n)]
  20: f52->f63, E: N [O(n)]
  20: f52->f63, F: 9 [O(1)]
  20: f52->f63, G: -max{0, -G} [O(n)]
  20: f52->f63, H: -max{-10, -H} [O(n)]
  20: f52->f63, I: -max{0, -I} [O(n)]
  20: f52->f63, J: -max{0, -J} [O(n)]
  20: f52->f63, K: -max{0, -K} [O(n)]
  20: f52->f63, L: L [O(n)]
  20: f52->f63, M: -inf [Infinity]
  20: f52->f63, N: -inf [Infinity]
  21: f52->f71, A: 0 [O(1)]
  21: f52->f71, B: 0 [O(1)]
  21: f52->f71, C: 10 [O(1)]
  21: f52->f71, D: M [O(n)]
  21: f52->f71, E: N [O(n)]
  21: f52->f71, F: 9 [O(1)]
  21: f52->f71, G: -max{0, -G} [O(n)]
  21: f52->f71, H: -max{-10, -H} [O(n)]
  21: f52->f71, I: -max{0, -I} [O(n)]
  21: f52->f71, J: -max{0, -J} [O(n)]
  21: f52->f71, K: -max{0, -K} [O(n)]
  21: f52->f71, L: 1 [O(1)]
  21: f52->f71, M: -inf [Infinity]
  21: f52->f71, N: -inf [Infinity]
  13: f55->f52, A: -inf [Infinity]
  13: f55->f52, B: 1 [O(1)]
  13: f55->f52, C: 10 [O(1)]
  13: f55->f52, D: M [O(n)]
  13: f55->f52, E: N [O(n)]
  13: f55->f52, F: 1 [O(1)]
  13: f55->f52, G: -max{0, -G} [O(n)]
  13: f55->f52, H: -max{-10, -H} [O(n)]
  13: f55->f52, I: -max{0, -I} [O(n)]
  13: f55->f52, J: -max{0, -J} [O(n)]
  13: f55->f52, K: 1 [O(1)]
  13: f55->f52, L: L [O(n)]
  13: f55->f52, M: -inf [Infinity]
  13: f55->f52, N: -inf [Infinity]
  14: f55->f52, A: -inf [Infinity]
  14: f55->f52, B: 0 [O(1)]
  14: f55->f52, C: 10 [O(1)]
  14: f55->f52, D: M [O(n)]
  14: f55->f52, E: N [O(n)]
  14: f55->f52, F: 1 [O(1)]
  14: f55->f52, G: -max{0, -G} [O(n)]
  14: f55->f52, H: -max{-10, -H} [O(n)]
  14: f55->f52, I: -max{0, -I} [O(n)]
  14: f55->f52, J: -max{0, -J} [O(n)]
  14: f55->f52, K: 0 [O(1)]
  14: f55->f52, L: L [O(n)]
  14: f55->f52, M: -inf [Infinity]
  14: f55->f52, N: -inf [Infinity]
  16: f63->f71, A: -inf [Infinity]
  16: f63->f71, B: -inf [Infinity]
  16: f63->f71, C: 10 [O(1)]
  16: f63->f71, D: M [O(n)]
  16: f63->f71, E: N [O(n)]
  16: f63->f71, F: 9 [O(1)]
  16: f63->f71, G: -max{0, -G} [O(n)]
  16: f63->f71, H: -max{-10, -H} [O(n)]
  16: f63->f71, I: -max{0, -I} [O(n)]
  16: f63->f71, J: -max{0, -J} [O(n)]
  16: f63->f71, K: -max{0, -K} [O(n)]
  16: f63->f71, L: 0 [O(1)]
  16: f63->f71, M: -inf [Infinity]
  16: f63->f71, N: -inf [Infinity]
  17: f63->f71, A: -inf [Infinity]
  17: f63->f71, B: 1 [O(1)]
  17: f63->f71, C: 10 [O(1)]
  17: f63->f71, D: M [O(n)]
  17: f63->f71, E: N [O(n)]
  17: f63->f71, F: 9 [O(1)]
  17: f63->f71, G: -max{0, -G} [O(n)]
  17: f63->f71, H: -max{-10, -H} [O(n)]
  17: f63->f71, I: -max{0, -I} [O(n)]
  17: f63->f71, J: -max{0, -J} [O(n)]
  17: f63->f71, K: -max{0, -K} [O(n)]
  17: f63->f71, L: 0 [O(1)]
  17: f63->f71, M: -inf [Infinity]
  17: f63->f71, N: -inf [Infinity]
  18: f63->f71, A: -inf [Infinity]
  18: f63->f71, B: 0 [O(1)]
  18: f63->f71, C: 10 [O(1)]
  18: f63->f71, D: M [O(n)]
  18: f63->f71, E: N [O(n)]
  18: f63->f71, F: 9 [O(1)]
  18: f63->f71, G: -max{0, -G} [O(n)]
  18: f63->f71, H: -max{-10, -H} [O(n)]
  18: f63->f71, I: -max{0, -I} [O(n)]
  18: f63->f71, J: -max{0, -J} [O(n)]
  18: f63->f71, K: -max{0, -K} [O(n)]
  18: f63->f71, L: 1 [O(1)]
  18: f63->f71, M: -inf [Infinity]
  18: f63->f71, N: -inf [Infinity]
`Upper:
  0: f0->f23, A: 1 [O(1)]
  0: f0->f23, B: 1 [O(1)]
  0: f0->f23, C: 10 [O(1)]
  0: f0->f23, D: M [O(n)]
  0: f0->f23, E: N [O(n)]
  0: f0->f23, F: 0 [O(1)]
  0: f0->f23, G: G [O(n)]
  0: f0->f23, H: H [O(n)]
  0: f0->f23, I: I [O(n)]
  0: f0->f23, J: J [O(n)]
  0: f0->f23, K: K [O(n)]
  0: f0->f23, L: L [O(n)]
  0: f0->f23, M: inf [Infinity]
  0: f0->f23, N: inf [Infinity]
  1: f23->f23, A: 1 [O(1)]
  1: f23->f23, B: 1 [O(1)]
  1: f23->f23, C: 10 [O(1)]
  1: f23->f23, D: M [O(n)]
  1: f23->f23, E: N [O(n)]
  1: f23->f23, F: 10 [O(1)]
  1: f23->f23, G: G [O(n)]
  1: f23->f23, H: H [O(n)]
  1: f23->f23, I: I [O(n)]
  1: f23->f23, J: J [O(n)]
  1: f23->f23, K: K [O(n)]
  1: f23->f23, L: L [O(n)]
  1: f23->f23, M: inf [Infinity]
  1: f23->f23, N: inf [Infinity]
  26: f23->f29, A: 1 [O(1)]
  26: f23->f29, B: 1 [O(1)]
  26: f23->f29, C: 10 [O(1)]
  26: f23->f29, D: M [O(n)]
  26: f23->f29, E: N [O(n)]
  26: f23->f29, F: 0 [O(1)]
  26: f23->f29, G: G [O(n)]
  26: f23->f29, H: H [O(n)]
  26: f23->f29, I: I [O(n)]
  26: f23->f29, J: J [O(n)]
  26: f23->f29, K: K [O(n)]
  26: f23->f29, L: L [O(n)]
  26: f23->f29, M: inf [Infinity]
  26: f23->f29, N: inf [Infinity]
  2: f29->f33, A: 1 [O(1)]
  2: f29->f33, B: 1 [O(1)]
  2: f29->f33, C: 10 [O(1)]
  2: f29->f33, D: M [O(n)]
  2: f29->f33, E: N [O(n)]
  2: f29->f33, F: 9 [O(1)]
  2: f29->f33, G: 0 [O(1)]
  2: f29->f33, H: 0 [O(1)]
  2: f29->f33, I: max{1, I} [O(n)]
  2: f29->f33, J: max{1, J} [O(n)]
  2: f29->f33, K: K [O(n)]
  2: f29->f33, L: L [O(n)]
  2: f29->f33, M: inf [Infinity]
  2: f29->f33, N: inf [Infinity]
  25: f29->f52, A: 1 [O(1)]
  25: f29->f52, B: 1 [O(1)]
  25: f29->f52, C: 10 [O(1)]
  25: f29->f52, D: M [O(n)]
  25: f29->f52, E: N [O(n)]
  25: f29->f52, F: 0 [O(1)]
  25: f29->f52, G: max{1, G} [O(n)]
  25: f29->f52, H: max{10, H} [O(n)]
  25: f29->f52, I: max{1, I} [O(n)]
  25: f29->f52, J: max{1, J} [O(n)]
  25: f29->f52, K: K [O(n)]
  25: f29->f52, L: L [O(n)]
  25: f29->f52, M: inf [Infinity]
  25: f29->f52, N: inf [Infinity]
  4: f33->f33, A: 1 [O(1)]
  4: f33->f33, B: 1 [O(1)]
  4: f33->f33, C: 10 [O(1)]
  4: f33->f33, D: M [O(n)]
  4: f33->f33, E: N [O(n)]
  4: f33->f33, F: 9 [O(1)]
  4: f33->f33, G: 1 [O(1)]
  4: f33->f33, H: 10 [O(1)]
  4: f33->f33, I: 1 [O(1)]
  4: f33->f33, J: max{1, J} [O(n)]
  4: f33->f33, K: K [O(n)]
  4: f33->f33, L: L [O(n)]
  4: f33->f33, M: inf [Infinity]
  4: f33->f33, N: inf [Infinity]
  5: f33->f33, A: 1 [O(1)]
  5: f33->f33, B: 1 [O(1)]
  5: f33->f33, C: 10 [O(1)]
  5: f33->f33, D: M [O(n)]
  5: f33->f33, E: N [O(n)]
  5: f33->f33, F: 9 [O(1)]
  5: f33->f33, G: 1 [O(1)]
  5: f33->f33, H: 10 [O(1)]
  5: f33->f33, I: 1 [O(1)]
  5: f33->f33, J: max{1, J} [O(n)]
  5: f33->f33, K: K [O(n)]
  5: f33->f33, L: L [O(n)]
  5: f33->f33, M: inf [Infinity]
  5: f33->f33, N: inf [Infinity]
  6: f33->f33, A: 1 [O(1)]
  6: f33->f33, B: 1 [O(1)]
  6: f33->f33, C: 10 [O(1)]
  6: f33->f33, D: M [O(n)]
  6: f33->f33, E: N [O(n)]
  6: f33->f33, F: 9 [O(1)]
  6: f33->f33, G: 0 [O(1)]
  6: f33->f33, H: 10 [O(1)]
  6: f33->f33, I: 0 [O(1)]
  6: f33->f33, J: max{1, J} [O(n)]
  6: f33->f33, K: K [O(n)]
  6: f33->f33, L: L [O(n)]
  6: f33->f33, M: inf [Infinity]
  6: f33->f33, N: inf [Infinity]
  7: f33->f33, A: 1 [O(1)]
  7: f33->f33, B: 1 [O(1)]
  7: f33->f33, C: 10 [O(1)]
  7: f33->f33, D: M [O(n)]
  7: f33->f33, E: N [O(n)]
  7: f33->f33, F: 9 [O(1)]
  7: f33->f33, G: 0 [O(1)]
  7: f33->f33, H: 10 [O(1)]
  7: f33->f33, I: 0 [O(1)]
  7: f33->f33, J: max{1, J} [O(n)]
  7: f33->f33, K: K [O(n)]
  7: f33->f33, L: L [O(n)]
  7: f33->f33, M: inf [Infinity]
  7: f33->f33, N: inf [Infinity]
  22: f33->f44, A: -1 [O(1)]
  22: f33->f44, B: 1 [O(1)]
  22: f33->f44, C: 10 [O(1)]
  22: f33->f44, D: M [O(n)]
  22: f33->f44, E: N [O(n)]
  22: f33->f44, F: 9 [O(1)]
  22: f33->f44, G: 1 [O(1)]
  22: f33->f44, H: 10 [O(1)]
  22: f33->f44, I: max{1, I} [O(n)]
  22: f33->f44, J: max{1, J} [O(n)]
  22: f33->f44, K: K [O(n)]
  22: f33->f44, L: L [O(n)]
  22: f33->f44, M: inf [Infinity]
  22: f33->f44, N: inf [Infinity]
  23: f33->f44, A: 1 [O(1)]
  23: f33->f44, B: 1 [O(1)]
  23: f33->f44, C: 10 [O(1)]
  23: f33->f44, D: M [O(n)]
  23: f33->f44, E: N [O(n)]
  23: f33->f44, F: 9 [O(1)]
  23: f33->f44, G: 1 [O(1)]
  23: f33->f44, H: 10 [O(1)]
  23: f33->f44, I: max{1, I} [O(n)]
  23: f33->f44, J: max{1, J} [O(n)]
  23: f33->f44, K: K [O(n)]
  23: f33->f44, L: L [O(n)]
  23: f33->f44, M: inf [Infinity]
  23: f33->f44, N: inf [Infinity]
  24: f33->f29, A: 0 [O(1)]
  24: f33->f29, B: 1 [O(1)]
  24: f33->f29, C: 10 [O(1)]
  24: f33->f29, D: M [O(n)]
  24: f33->f29, E: N [O(n)]
  24: f33->f29, F: 10 [O(1)]
  24: f33->f29, G: 1 [O(1)]
  24: f33->f29, H: 10 [O(1)]
  24: f33->f29, I: max{1, I} [O(n)]
  24: f33->f29, J: 0 [O(1)]
  24: f33->f29, K: K [O(n)]
  24: f33->f29, L: L [O(n)]
  24: f33->f29, M: inf [Infinity]
  24: f33->f29, N: inf [Infinity]
  9: f44->f29, A: 1 [O(1)]
  9: f44->f29, B: 1 [O(1)]
  9: f44->f29, C: 10 [O(1)]
  9: f44->f29, D: M [O(n)]
  9: f44->f29, E: N [O(n)]
  9: f44->f29, F: 10 [O(1)]
  9: f44->f29, G: 1 [O(1)]
  9: f44->f29, H: 10 [O(1)]
  9: f44->f29, I: max{1, I} [O(n)]
  9: f44->f29, J: 1 [O(1)]
  9: f44->f29, K: K [O(n)]
  9: f44->f29, L: L [O(n)]
  9: f44->f29, M: inf [Infinity]
  9: f44->f29, N: inf [Infinity]
  10: f44->f29, A: 0 [O(1)]
  10: f44->f29, B: 1 [O(1)]
  10: f44->f29, C: 10 [O(1)]
  10: f44->f29, D: M [O(n)]
  10: f44->f29, E: N [O(n)]
  10: f44->f29, F: 10 [O(1)]
  10: f44->f29, G: 0 [O(1)]
  10: f44->f29, H: 10 [O(1)]
  10: f44->f29, I: max{1, I} [O(n)]
  10: f44->f29, J: 0 [O(1)]
  10: f44->f29, K: K [O(n)]
  10: f44->f29, L: L [O(n)]
  10: f44->f29, M: inf [Infinity]
  10: f44->f29, N: inf [Infinity]
  11: f52->f55, A: 1 [O(1)]
  11: f52->f55, B: -1 [O(1)]
  11: f52->f55, C: 10 [O(1)]
  11: f52->f55, D: M [O(n)]
  11: f52->f55, E: N [O(n)]
  11: f52->f55, F: 8 [O(1)]
  11: f52->f55, G: max{1, G} [O(n)]
  11: f52->f55, H: max{10, H} [O(n)]
  11: f52->f55, I: max{1, I} [O(n)]
  11: f52->f55, J: max{1, J} [O(n)]
  11: f52->f55, K: max{1, K} [O(n)]
  11: f52->f55, L: L [O(n)]
  11: f52->f55, M: inf [Infinity]
  11: f52->f55, N: inf [Infinity]
  12: f52->f55, A: 1 [O(1)]
  12: f52->f55, B: 1 [O(1)]
  12: f52->f55, C: 10 [O(1)]
  12: f52->f55, D: M [O(n)]
  12: f52->f55, E: N [O(n)]
  12: f52->f55, F: 8 [O(1)]
  12: f52->f55, G: max{1, G} [O(n)]
  12: f52->f55, H: max{10, H} [O(n)]
  12: f52->f55, I: max{1, I} [O(n)]
  12: f52->f55, J: max{1, J} [O(n)]
  12: f52->f55, K: max{1, K} [O(n)]
  12: f52->f55, L: L [O(n)]
  12: f52->f55, M: inf [Infinity]
  12: f52->f55, N: inf [Infinity]
  15: f52->f52, A: 1 [O(1)]
  15: f52->f52, B: 0 [O(1)]
  15: f52->f52, C: 10 [O(1)]
  15: f52->f52, D: M [O(n)]
  15: f52->f52, E: N [O(n)]
  15: f52->f52, F: 9 [O(1)]
  15: f52->f52, G: max{1, G} [O(n)]
  15: f52->f52, H: max{10, H} [O(n)]
  15: f52->f52, I: max{1, I} [O(n)]
  15: f52->f52, J: max{1, J} [O(n)]
  15: f52->f52, K: 0 [O(1)]
  15: f52->f52, L: L [O(n)]
  15: f52->f52, M: inf [Infinity]
  15: f52->f52, N: inf [Infinity]
  19: f52->f63, A: -1 [O(1)]
  19: f52->f63, B: 1 [O(1)]
  19: f52->f63, C: 10 [O(1)]
  19: f52->f63, D: M [O(n)]
  19: f52->f63, E: N [O(n)]
  19: f52->f63, F: 9 [O(1)]
  19: f52->f63, G: max{1, G} [O(n)]
  19: f52->f63, H: max{10, H} [O(n)]
  19: f52->f63, I: max{1, I} [O(n)]
  19: f52->f63, J: max{1, J} [O(n)]
  19: f52->f63, K: max{1, K} [O(n)]
  19: f52->f63, L: L [O(n)]
  19: f52->f63, M: inf [Infinity]
  19: f52->f63, N: inf [Infinity]
  20: f52->f63, A: 1 [O(1)]
  20: f52->f63, B: 1 [O(1)]
  20: f52->f63, C: 10 [O(1)]
  20: f52->f63, D: M [O(n)]
  20: f52->f63, E: N [O(n)]
  20: f52->f63, F: 9 [O(1)]
  20: f52->f63, G: max{1, G} [O(n)]
  20: f52->f63, H: max{10, H} [O(n)]
  20: f52->f63, I: max{1, I} [O(n)]
  20: f52->f63, J: max{1, J} [O(n)]
  20: f52->f63, K: max{1, K} [O(n)]
  20: f52->f63, L: L [O(n)]
  20: f52->f63, M: inf [Infinity]
  20: f52->f63, N: inf [Infinity]
  21: f52->f71, A: 0 [O(1)]
  21: f52->f71, B: 1 [O(1)]
  21: f52->f71, C: 10 [O(1)]
  21: f52->f71, D: M [O(n)]
  21: f52->f71, E: N [O(n)]
  21: f52->f71, F: 9 [O(1)]
  21: f52->f71, G: max{1, G} [O(n)]
  21: f52->f71, H: max{10, H} [O(n)]
  21: f52->f71, I: max{1, I} [O(n)]
  21: f52->f71, J: max{1, J} [O(n)]
  21: f52->f71, K: max{1, K} [O(n)]
  21: f52->f71, L: 1 [O(1)]
  21: f52->f71, M: inf [Infinity]
  21: f52->f71, N: inf [Infinity]
  13: f55->f52, A: 1 [O(1)]
  13: f55->f52, B: 1 [O(1)]
  13: f55->f52, C: 10 [O(1)]
  13: f55->f52, D: M [O(n)]
  13: f55->f52, E: N [O(n)]
  13: f55->f52, F: 9 [O(1)]
  13: f55->f52, G: max{1, G} [O(n)]
  13: f55->f52, H: max{10, H} [O(n)]
  13: f55->f52, I: max{1, I} [O(n)]
  13: f55->f52, J: max{1, J} [O(n)]
  13: f55->f52, K: 1 [O(1)]
  13: f55->f52, L: L [O(n)]
  13: f55->f52, M: inf [Infinity]
  13: f55->f52, N: inf [Infinity]
  14: f55->f52, A: 1 [O(1)]
  14: f55->f52, B: 0 [O(1)]
  14: f55->f52, C: 10 [O(1)]
  14: f55->f52, D: M [O(n)]
  14: f55->f52, E: N [O(n)]
  14: f55->f52, F: 9 [O(1)]
  14: f55->f52, G: max{1, G} [O(n)]
  14: f55->f52, H: max{10, H} [O(n)]
  14: f55->f52, I: max{1, I} [O(n)]
  14: f55->f52, J: max{1, J} [O(n)]
  14: f55->f52, K: 0 [O(1)]
  14: f55->f52, L: L [O(n)]
  14: f55->f52, M: inf [Infinity]
  14: f55->f52, N: inf [Infinity]
  16: f63->f71, A: 1 [O(1)]
  16: f63->f71, B: -1 [O(1)]
  16: f63->f71, C: 10 [O(1)]
  16: f63->f71, D: M [O(n)]
  16: f63->f71, E: N [O(n)]
  16: f63->f71, F: 9 [O(1)]
  16: f63->f71, G: max{1, G} [O(n)]
  16: f63->f71, H: max{10, H} [O(n)]
  16: f63->f71, I: max{1, I} [O(n)]
  16: f63->f71, J: max{1, J} [O(n)]
  16: f63->f71, K: max{1, K} [O(n)]
  16: f63->f71, L: 0 [O(1)]
  16: f63->f71, M: inf [Infinity]
  16: f63->f71, N: inf [Infinity]
  17: f63->f71, A: 1 [O(1)]
  17: f63->f71, B: 1 [O(1)]
  17: f63->f71, C: 10 [O(1)]
  17: f63->f71, D: M [O(n)]
  17: f63->f71, E: N [O(n)]
  17: f63->f71, F: 9 [O(1)]
  17: f63->f71, G: max{1, G} [O(n)]
  17: f63->f71, H: max{10, H} [O(n)]
  17: f63->f71, I: max{1, I} [O(n)]
  17: f63->f71, J: max{1, J} [O(n)]
  17: f63->f71, K: max{1, K} [O(n)]
  17: f63->f71, L: 0 [O(1)]
  17: f63->f71, M: inf [Infinity]
  17: f63->f71, N: inf [Infinity]
  18: f63->f71, A: 1 [O(1)]
  18: f63->f71, B: 0 [O(1)]
  18: f63->f71, C: 10 [O(1)]
  18: f63->f71, D: M [O(n)]
  18: f63->f71, E: N [O(n)]
  18: f63->f71, F: 9 [O(1)]
  18: f63->f71, G: max{1, G} [O(n)]
  18: f63->f71, H: max{10, H} [O(n)]
  18: f63->f71, I: max{1, I} [O(n)]
  18: f63->f71, J: max{1, J} [O(n)]
  18: f63->f71, K: max{1, K} [O(n)]
  18: f63->f71, L: 1 [O(1)]
  18: f63->f71, M: inf [Infinity]
  18: f63->f71, N: inf [Infinity]
