Timebounds: 
  Overall timebound: inf [Infinity]
  31: f118->f1: 1 [O(1)]
  1: f13->f13: max{0, 1+-J+2*D} [O(n)]
  2: f13->f13: inf [Infinity]
  3: f13->f13: max{0, 1+-J+2*D} [O(n)]
  46: f13->f24: 1 [O(1)]
  0: f2->f13: 1 [O(1)]
  4: f24->f24: max{0, -J+-3*2*D+4*D} [O(n)]
  43: f24->f31: 1 [O(1)]
  44: f24->f31: 1 [O(1)]
  45: f24->f37: 1 [O(1)]
  42: f31->f37: 1 [O(1)]
  6: f37->f40: 2*max{0, 2+2*N+-2*O} [O(n)]
  41: f37->f118: 1 [O(1)]
  7: f40->f44: 2*max{0, 1-Q} [O(n)]
  8: f40->f44: 2*max{0, 1-Q} [O(n)]
  12: f40->f64: 2*max{0, 1-Q} [O(n)]
  40: f40->f71: 2*max{0, 1+N-O} [O(n)]
  39: f44->f50: 2*max{0, 1-Q} [O(n)]
  38: f50->f57: 2*max{0, 1-Q} [O(n)]
  37: f57->f40: 2*max{0, 1-Q} [O(n)]
  13: f64->f64: 2*max{0, -J+-2*D+2*4*D} [O(n)]
  36: f64->f40: 2*max{0, 1-Q} [O(n)]
  33: f71->f86: 2*max{0, 1+N-O} [O(n)]
  34: f71->f86: 2*max{0, 1+N-O} [O(n)]
  35: f71->f86: 2*max{0, 1+N-O} [O(n)]
  15: f86->f91: 2*max{0, 1+N-O} [O(n)]
  16: f86->f91: 2*max{0, 1+N-O} [O(n)]
  17: f86->f91: 2*max{0, 1+N-O} [O(n)]
  32: f91->f37: 2*max{0, 1+N-O} [O(n)]

Costbounds:
  Overall costbound: inf [Infinity]
  31: f118->f1: 1 [O(1)]
  1: f13->f13: max{0, 1+-J+2*D} [O(n)]
  2: f13->f13: inf [Infinity]
  3: f13->f13: max{0, 1+-J+2*D} [O(n)]
  46: f13->f24: 1 [O(1)]
  0: f2->f13: 1 [O(1)]
  4: f24->f24: max{0, -J+-3*2*D+4*D} [O(n)]
  43: f24->f31: 1 [O(1)]
  44: f24->f31: 1 [O(1)]
  45: f24->f37: 1 [O(1)]
  42: f31->f37: 1 [O(1)]
  6: f37->f40: 2*max{0, 2+2*N+-2*O} [O(n)]
  41: f37->f118: 1 [O(1)]
  7: f40->f44: 2*max{0, 1-Q} [O(n)]
  8: f40->f44: 2*max{0, 1-Q} [O(n)]
  12: f40->f64: 2*max{0, 1-Q} [O(n)]
  40: f40->f71: 2*max{0, 1+N-O} [O(n)]
  39: f44->f50: 2*max{0, 1-Q} [O(n)]
  38: f50->f57: 2*max{0, 1-Q} [O(n)]
  37: f57->f40: 2*max{0, 1-Q} [O(n)]
  13: f64->f64: 2*max{0, -J+-2*D+2*4*D} [O(n)]
  36: f64->f40: 2*max{0, 1-Q} [O(n)]
  33: f71->f86: 2*max{0, 1+N-O} [O(n)]
  34: f71->f86: 2*max{0, 1+N-O} [O(n)]
  35: f71->f86: 2*max{0, 1+N-O} [O(n)]
  15: f86->f91: 2*max{0, 1+N-O} [O(n)]
  16: f86->f91: 2*max{0, 1+N-O} [O(n)]
  17: f86->f91: 2*max{0, 1+N-O} [O(n)]
  32: f91->f37: 2*max{0, 1+N-O} [O(n)]

Sizebounds:
`Lower:
  31: f118->f1, A1: -max{-A1, -2*D+max{-1, -Q}} [O(n)]
  31: f118->f1, C: 2*D [O(n)]
  31: f118->f1, D: D [O(n)]
  31: f118->f1, E: 4*D [O(n)]
  31: f118->f1, F: 4*D [O(n)]
  31: f118->f1, G: 4*(1+D) [O(n)]
  31: f118->f1, H: D [O(n)]
  31: f118->f1, I: B1 [O(n)]
  31: f118->f1, J: J [O(n)]
  31: f118->f1, N: N [O(n)]
  31: f118->f1, O: O [O(n)]
  31: f118->f1, P: -max{-1, -1, max{0, -P}} [O(n)]
  31: f118->f1, Q: -max{-1, -Q} [O(n)]
  31: f118->f1, R: R [O(n)]
  31: f118->f1, S: S [O(n)]
  31: f118->f1, T: T [O(n)]
  31: f118->f1, V: V [O(n)]
  31: f118->f1, W: W [O(n)]
  31: f118->f1, X: X [O(n)]
  31: f118->f1, Y: Y [O(n)]
  1: f13->f13, A1: A1 [O(n)]
  1: f13->f13, B: 0 [O(1)]
  1: f13->f13, C: 2*D [O(n)]
  1: f13->f13, D: D [O(n)]
  1: f13->f13, E: 4*D [O(n)]
  1: f13->f13, F: 4*D [O(n)]
  1: f13->f13, G: 4*(1+D) [O(n)]
  1: f13->f13, H: D [O(n)]
  1: f13->f13, I: B1 [O(n)]
  1: f13->f13, J: J [O(n)]
  1: f13->f13, K: 1 [O(1)]
  1: f13->f13, L: 0 [O(1)]
  1: f13->f13, M: 0 [O(1)]
  1: f13->f13, N: N [O(n)]
  1: f13->f13, O: O [O(n)]
  1: f13->f13, P: P [O(n)]
  1: f13->f13, Q: Q [O(n)]
  1: f13->f13, R: R [O(n)]
  1: f13->f13, S: S [O(n)]
  1: f13->f13, T: T [O(n)]
  1: f13->f13, U: U [O(n)]
  1: f13->f13, V: V [O(n)]
  1: f13->f13, W: W [O(n)]
  1: f13->f13, X: X [O(n)]
  1: f13->f13, Y: Y [O(n)]
  1: f13->f13, Z: Z [O(n)]
  2: f13->f13, A1: A1 [O(n)]
  2: f13->f13, B: 0 [O(1)]
  2: f13->f13, C: 2*D [O(n)]
  2: f13->f13, D: D [O(n)]
  2: f13->f13, E: 4*D [O(n)]
  2: f13->f13, F: 4*D [O(n)]
  2: f13->f13, G: 4*(1+D) [O(n)]
  2: f13->f13, H: D [O(n)]
  2: f13->f13, I: B1 [O(n)]
  2: f13->f13, J: J [O(n)]
  2: f13->f13, K: 2 [O(1)]
  2: f13->f13, N: N [O(n)]
  2: f13->f13, O: O [O(n)]
  2: f13->f13, P: P [O(n)]
  2: f13->f13, Q: Q [O(n)]
  2: f13->f13, R: R [O(n)]
  2: f13->f13, S: S [O(n)]
  2: f13->f13, T: T [O(n)]
  2: f13->f13, U: U [O(n)]
  2: f13->f13, V: V [O(n)]
  2: f13->f13, W: W [O(n)]
  2: f13->f13, X: X [O(n)]
  2: f13->f13, Y: Y [O(n)]
  2: f13->f13, Z: Z [O(n)]
  3: f13->f13, A1: A1 [O(n)]
  3: f13->f13, B: 0 [O(1)]
  3: f13->f13, C: 2*D [O(n)]
  3: f13->f13, D: D [O(n)]
  3: f13->f13, E: 4*D [O(n)]
  3: f13->f13, F: 4*D [O(n)]
  3: f13->f13, G: 4*(1+D) [O(n)]
  3: f13->f13, H: D [O(n)]
  3: f13->f13, I: B1 [O(n)]
  3: f13->f13, J: J [O(n)]
  3: f13->f13, L: 1 [O(1)]
  3: f13->f13, N: N [O(n)]
  3: f13->f13, O: O [O(n)]
  3: f13->f13, P: P [O(n)]
  3: f13->f13, Q: Q [O(n)]
  3: f13->f13, R: R [O(n)]
  3: f13->f13, S: S [O(n)]
  3: f13->f13, T: T [O(n)]
  3: f13->f13, U: U [O(n)]
  3: f13->f13, V: V [O(n)]
  3: f13->f13, W: W [O(n)]
  3: f13->f13, X: X [O(n)]
  3: f13->f13, Y: Y [O(n)]
  3: f13->f13, Z: Z [O(n)]
  46: f13->f24, A1: A1 [O(n)]
  46: f13->f24, B: 0 [O(1)]
  46: f13->f24, C: 2*D [O(n)]
  46: f13->f24, D: D [O(n)]
  46: f13->f24, E: 4*D [O(n)]
  46: f13->f24, F: 4*D [O(n)]
  46: f13->f24, G: 4*(1+D) [O(n)]
  46: f13->f24, H: D [O(n)]
  46: f13->f24, I: B1 [O(n)]
  46: f13->f24, J: J [O(n)]
  46: f13->f24, N: N [O(n)]
  46: f13->f24, O: O [O(n)]
  46: f13->f24, P: P [O(n)]
  46: f13->f24, Q: Q [O(n)]
  46: f13->f24, R: R [O(n)]
  46: f13->f24, S: S [O(n)]
  46: f13->f24, T: T [O(n)]
  46: f13->f24, U: U [O(n)]
  46: f13->f24, V: V [O(n)]
  46: f13->f24, W: W [O(n)]
  46: f13->f24, X: X [O(n)]
  46: f13->f24, Y: Y [O(n)]
  46: f13->f24, Z: Z [O(n)]
  0: f2->f13, A: 0 [O(1)]
  0: f2->f13, A1: A1 [O(n)]
  0: f2->f13, B: 0 [O(1)]
  0: f2->f13, C: 2*D [O(n)]
  0: f2->f13, D: D [O(n)]
  0: f2->f13, E: 4*D [O(n)]
  0: f2->f13, F: 4*D [O(n)]
  0: f2->f13, G: 4*(1+D) [O(n)]
  0: f2->f13, H: D [O(n)]
  0: f2->f13, I: B1 [O(n)]
  0: f2->f13, J: J [O(n)]
  0: f2->f13, K: K [O(n)]
  0: f2->f13, L: L [O(n)]
  0: f2->f13, M: M [O(n)]
  0: f2->f13, N: N [O(n)]
  0: f2->f13, O: O [O(n)]
  0: f2->f13, P: P [O(n)]
  0: f2->f13, Q: Q [O(n)]
  0: f2->f13, R: R [O(n)]
  0: f2->f13, S: S [O(n)]
  0: f2->f13, T: T [O(n)]
  0: f2->f13, U: U [O(n)]
  0: f2->f13, V: V [O(n)]
  0: f2->f13, W: W [O(n)]
  0: f2->f13, X: X [O(n)]
  0: f2->f13, Y: Y [O(n)]
  0: f2->f13, Z: Z [O(n)]
  4: f24->f24, A1: A1 [O(n)]
  4: f24->f24, B: 0 [O(1)]
  4: f24->f24, C: 2*D [O(n)]
  4: f24->f24, D: D [O(n)]
  4: f24->f24, E: 4*D [O(n)]
  4: f24->f24, F: 4*D [O(n)]
  4: f24->f24, G: 4*(1+D) [O(n)]
  4: f24->f24, H: D [O(n)]
  4: f24->f24, I: B1 [O(n)]
  4: f24->f24, J: J [O(n)]
  4: f24->f24, N: N [O(n)]
  4: f24->f24, O: O [O(n)]
  4: f24->f24, P: P [O(n)]
  4: f24->f24, Q: Q [O(n)]
  4: f24->f24, R: R [O(n)]
  4: f24->f24, S: S [O(n)]
  4: f24->f24, T: T [O(n)]
  4: f24->f24, U: U [O(n)]
  4: f24->f24, V: V [O(n)]
  4: f24->f24, W: W [O(n)]
  4: f24->f24, X: X [O(n)]
  4: f24->f24, Y: Y [O(n)]
  4: f24->f24, Z: Z [O(n)]
  43: f24->f31, A1: A1 [O(n)]
  43: f24->f31, B: 0 [O(1)]
  43: f24->f31, C: 2*D [O(n)]
  43: f24->f31, D: D [O(n)]
  43: f24->f31, E: 4*D [O(n)]
  43: f24->f31, F: 4*D [O(n)]
  43: f24->f31, G: 4*(1+D) [O(n)]
  43: f24->f31, H: D [O(n)]
  43: f24->f31, I: B1 [O(n)]
  43: f24->f31, J: J [O(n)]
  43: f24->f31, N: N [O(n)]
  43: f24->f31, O: O [O(n)]
  43: f24->f31, P: P [O(n)]
  43: f24->f31, Q: Q [O(n)]
  43: f24->f31, R: R [O(n)]
  43: f24->f31, S: S [O(n)]
  43: f24->f31, T: T [O(n)]
  43: f24->f31, U: U [O(n)]
  43: f24->f31, V: V [O(n)]
  43: f24->f31, W: W [O(n)]
  43: f24->f31, X: X [O(n)]
  43: f24->f31, Y: Y [O(n)]
  43: f24->f31, Z: Z [O(n)]
  44: f24->f31, A1: A1 [O(n)]
  44: f24->f31, B: 0 [O(1)]
  44: f24->f31, C: 2*D [O(n)]
  44: f24->f31, D: D [O(n)]
  44: f24->f31, E: 4*D [O(n)]
  44: f24->f31, F: 4*D [O(n)]
  44: f24->f31, G: 4*(1+D) [O(n)]
  44: f24->f31, H: D [O(n)]
  44: f24->f31, I: B1 [O(n)]
  44: f24->f31, J: J [O(n)]
  44: f24->f31, N: N [O(n)]
  44: f24->f31, O: O [O(n)]
  44: f24->f31, P: 1 [O(1)]
  44: f24->f31, Q: Q [O(n)]
  44: f24->f31, R: R [O(n)]
  44: f24->f31, S: S [O(n)]
  44: f24->f31, T: T [O(n)]
  44: f24->f31, U: U [O(n)]
  44: f24->f31, V: V [O(n)]
  44: f24->f31, W: W [O(n)]
  44: f24->f31, X: X [O(n)]
  44: f24->f31, Y: Y [O(n)]
  44: f24->f31, Z: Z [O(n)]
  45: f24->f37, A1: A1 [O(n)]
  45: f24->f37, B: 0 [O(1)]
  45: f24->f37, C: 2*D [O(n)]
  45: f24->f37, D: D [O(n)]
  45: f24->f37, E: 4*D [O(n)]
  45: f24->f37, F: 4*D [O(n)]
  45: f24->f37, G: 4*(1+D) [O(n)]
  45: f24->f37, H: D [O(n)]
  45: f24->f37, I: B1 [O(n)]
  45: f24->f37, J: J [O(n)]
  45: f24->f37, N: N [O(n)]
  45: f24->f37, O: O [O(n)]
  45: f24->f37, P: 0 [O(1)]
  45: f24->f37, Q: Q [O(n)]
  45: f24->f37, R: R [O(n)]
  45: f24->f37, S: S [O(n)]
  45: f24->f37, T: T [O(n)]
  45: f24->f37, U: U [O(n)]
  45: f24->f37, V: V [O(n)]
  45: f24->f37, W: W [O(n)]
  45: f24->f37, X: X [O(n)]
  45: f24->f37, Y: Y [O(n)]
  45: f24->f37, Z: Z [O(n)]
  42: f31->f37, A1: A1 [O(n)]
  42: f31->f37, B: 0 [O(1)]
  42: f31->f37, C: 2*D [O(n)]
  42: f31->f37, D: D [O(n)]
  42: f31->f37, E: 4*D [O(n)]
  42: f31->f37, F: 4*D [O(n)]
  42: f31->f37, G: 4*(1+D) [O(n)]
  42: f31->f37, H: D [O(n)]
  42: f31->f37, I: B1 [O(n)]
  42: f31->f37, J: J [O(n)]
  42: f31->f37, N: N [O(n)]
  42: f31->f37, O: O [O(n)]
  42: f31->f37, P: -max{-1, -P} [O(n)]
  42: f31->f37, Q: Q [O(n)]
  42: f31->f37, R: R [O(n)]
  42: f31->f37, S: S [O(n)]
  42: f31->f37, T: T [O(n)]
  42: f31->f37, U: U [O(n)]
  42: f31->f37, V: V [O(n)]
  42: f31->f37, W: W [O(n)]
  42: f31->f37, X: X [O(n)]
  42: f31->f37, Y: Y [O(n)]
  42: f31->f37, Z: Z [O(n)]
  6: f37->f40, A1: -max{-A1, -2*D+max{-1, -Q}} [O(n)]
  6: f37->f40, C: 2*D [O(n)]
  6: f37->f40, D: D [O(n)]
  6: f37->f40, E: 4*D [O(n)]
  6: f37->f40, F: 4*D [O(n)]
  6: f37->f40, G: 4*(1+D) [O(n)]
  6: f37->f40, H: D [O(n)]
  6: f37->f40, I: B1 [O(n)]
  6: f37->f40, J: J [O(n)]
  6: f37->f40, N: N [O(n)]
  6: f37->f40, O: O [O(n)]
  6: f37->f40, P: -max{0, -1, -P} [O(n)]
  6: f37->f40, Q: -max{-1, -Q} [O(n)]
  6: f37->f40, R: R [O(n)]
  6: f37->f40, S: S [O(n)]
  6: f37->f40, T: T [O(n)]
  6: f37->f40, V: V [O(n)]
  6: f37->f40, W: W [O(n)]
  6: f37->f40, X: X [O(n)]
  6: f37->f40, Y: Y [O(n)]
  41: f37->f118, A1: -max{-A1, -2*D+max{-1, -Q}} [O(n)]
  41: f37->f118, C: 2*D [O(n)]
  41: f37->f118, D: D [O(n)]
  41: f37->f118, E: 4*D [O(n)]
  41: f37->f118, F: 4*D [O(n)]
  41: f37->f118, G: 4*(1+D) [O(n)]
  41: f37->f118, H: D [O(n)]
  41: f37->f118, I: B1 [O(n)]
  41: f37->f118, J: J [O(n)]
  41: f37->f118, N: N [O(n)]
  41: f37->f118, O: O [O(n)]
  41: f37->f118, P: -max{-1, -1, max{0, -P}} [O(n)]
  41: f37->f118, Q: -max{-1, -Q} [O(n)]
  41: f37->f118, R: R [O(n)]
  41: f37->f118, S: S [O(n)]
  41: f37->f118, T: T [O(n)]
  41: f37->f118, V: V [O(n)]
  41: f37->f118, W: W [O(n)]
  41: f37->f118, X: X [O(n)]
  41: f37->f118, Y: Y [O(n)]
  7: f40->f44, A1: -max{-A1, -2*D+max{-1, -Q}} [O(n)]
  7: f40->f44, C: 2*D [O(n)]
  7: f40->f44, D: D [O(n)]
  7: f40->f44, E: 4*D [O(n)]
  7: f40->f44, F: 4*D [O(n)]
  7: f40->f44, G: 4*(1+D) [O(n)]
  7: f40->f44, H: D [O(n)]
  7: f40->f44, I: B1 [O(n)]
  7: f40->f44, J: J [O(n)]
  7: f40->f44, N: N [O(n)]
  7: f40->f44, O: O [O(n)]
  7: f40->f44, P: -max{0, -1, -P} [O(n)]
  7: f40->f44, Q: -max{-1, -Q} [O(n)]
  7: f40->f44, R: R [O(n)]
  7: f40->f44, S: S [O(n)]
  7: f40->f44, T: T [O(n)]
  7: f40->f44, V: V [O(n)]
  7: f40->f44, W: W [O(n)]
  7: f40->f44, X: X [O(n)]
  7: f40->f44, Y: Y [O(n)]
  8: f40->f44, A1: -max{-A1, -2*D+max{-1, -Q}} [O(n)]
  8: f40->f44, C: 2*D [O(n)]
  8: f40->f44, D: D [O(n)]
  8: f40->f44, E: 4*D [O(n)]
  8: f40->f44, F: 4*D [O(n)]
  8: f40->f44, G: 4*(1+D) [O(n)]
  8: f40->f44, H: D [O(n)]
  8: f40->f44, I: B1 [O(n)]
  8: f40->f44, J: J [O(n)]
  8: f40->f44, N: N [O(n)]
  8: f40->f44, O: O [O(n)]
  8: f40->f44, P: 1 [O(1)]
  8: f40->f44, Q: -max{-1, -Q} [O(n)]
  8: f40->f44, R: R [O(n)]
  8: f40->f44, S: S [O(n)]
  8: f40->f44, T: T [O(n)]
  8: f40->f44, V: V [O(n)]
  8: f40->f44, W: W [O(n)]
  8: f40->f44, X: X [O(n)]
  8: f40->f44, Y: Y [O(n)]
  12: f40->f64, A1: -max{-A1, -2*D+max{-1, -Q}} [O(n)]
  12: f40->f64, C: 2*D [O(n)]
  12: f40->f64, D: D [O(n)]
  12: f40->f64, E: 4*D [O(n)]
  12: f40->f64, F: 4*D [O(n)]
  12: f40->f64, G: 4*(1+D) [O(n)]
  12: f40->f64, H: D [O(n)]
  12: f40->f64, I: B1 [O(n)]
  12: f40->f64, J: J [O(n)]
  12: f40->f64, N: N [O(n)]
  12: f40->f64, O: O [O(n)]
  12: f40->f64, P: 0 [O(1)]
  12: f40->f64, Q: -max{-1, -Q} [O(n)]
  12: f40->f64, R: R [O(n)]
  12: f40->f64, S: S [O(n)]
  12: f40->f64, T: T [O(n)]
  12: f40->f64, V: V [O(n)]
  12: f40->f64, W: W [O(n)]
  12: f40->f64, X: X [O(n)]
  12: f40->f64, Y: Y [O(n)]
  40: f40->f71, A1: -max{-A1, -2*D+max{-1, -Q}} [O(n)]
  40: f40->f71, C: 2*D [O(n)]
  40: f40->f71, D: D [O(n)]
  40: f40->f71, E: 4*D [O(n)]
  40: f40->f71, F: 4*D [O(n)]
  40: f40->f71, G: 4*(1+D) [O(n)]
  40: f40->f71, H: D [O(n)]
  40: f40->f71, I: B1 [O(n)]
  40: f40->f71, J: J [O(n)]
  40: f40->f71, N: N [O(n)]
  40: f40->f71, O: O [O(n)]
  40: f40->f71, P: -max{0, -1, -P} [O(n)]
  40: f40->f71, Q: 1 [O(1)]
  40: f40->f71, R: R [O(n)]
  40: f40->f71, S: S [O(n)]
  40: f40->f71, T: T [O(n)]
  40: f40->f71, V: V [O(n)]
  40: f40->f71, W: W [O(n)]
  40: f40->f71, X: X [O(n)]
  40: f40->f71, Y: Y [O(n)]
  39: f44->f50, A1: -max{-A1, -2*D+max{-1, -Q}} [O(n)]
  39: f44->f50, C: 2*D [O(n)]
  39: f44->f50, D: D [O(n)]
  39: f44->f50, E: 4*D [O(n)]
  39: f44->f50, F: 4*D [O(n)]
  39: f44->f50, G: 4*(1+D) [O(n)]
  39: f44->f50, H: D [O(n)]
  39: f44->f50, I: B1 [O(n)]
  39: f44->f50, J: J [O(n)]
  39: f44->f50, N: N [O(n)]
  39: f44->f50, O: O [O(n)]
  39: f44->f50, P: -max{0, -1, -P} [O(n)]
  39: f44->f50, Q: -max{-1, -Q} [O(n)]
  39: f44->f50, R: R [O(n)]
  39: f44->f50, S: S [O(n)]
  39: f44->f50, T: T [O(n)]
  39: f44->f50, V: V [O(n)]
  39: f44->f50, W: W [O(n)]
  39: f44->f50, X: X [O(n)]
  39: f44->f50, Y: Y [O(n)]
  38: f50->f57, A1: -max{-1, -Q}+2*D [O(n)]
  38: f50->f57, C: 2*D [O(n)]
  38: f50->f57, D: D [O(n)]
  38: f50->f57, E: 4*D [O(n)]
  38: f50->f57, F: 4*D [O(n)]
  38: f50->f57, G: 4*(1+D) [O(n)]
  38: f50->f57, H: D [O(n)]
  38: f50->f57, I: B1 [O(n)]
  38: f50->f57, J: J [O(n)]
  38: f50->f57, N: N [O(n)]
  38: f50->f57, O: O [O(n)]
  38: f50->f57, P: -max{0, -1, -P} [O(n)]
  38: f50->f57, Q: -max{-1, -Q} [O(n)]
  38: f50->f57, R: R [O(n)]
  38: f50->f57, S: S [O(n)]
  38: f50->f57, T: T [O(n)]
  38: f50->f57, V: V [O(n)]
  38: f50->f57, W: W [O(n)]
  38: f50->f57, X: X [O(n)]
  38: f50->f57, Y: Y [O(n)]
  37: f57->f40, A1: -max{-1, -Q}+2*D [O(n)]
  37: f57->f40, C: 2*D [O(n)]
  37: f57->f40, D: D [O(n)]
  37: f57->f40, E: 4*D [O(n)]
  37: f57->f40, F: 4*D [O(n)]
  37: f57->f40, G: 4*(1+D) [O(n)]
  37: f57->f40, H: D [O(n)]
  37: f57->f40, I: B1 [O(n)]
  37: f57->f40, J: J [O(n)]
  37: f57->f40, N: N [O(n)]
  37: f57->f40, O: O [O(n)]
  37: f57->f40, P: -max{0, -1, -P} [O(n)]
  37: f57->f40, Q: -max{-1, -Q} [O(n)]
  37: f57->f40, R: R [O(n)]
  37: f57->f40, S: S [O(n)]
  37: f57->f40, T: T [O(n)]
  37: f57->f40, V: V [O(n)]
  37: f57->f40, W: W [O(n)]
  37: f57->f40, X: X [O(n)]
  37: f57->f40, Y: Y [O(n)]
  13: f64->f64, A1: -max{-A1, -2*D+max{-1, -Q}} [O(n)]
  13: f64->f64, C: 2*D [O(n)]
  13: f64->f64, D: D [O(n)]
  13: f64->f64, E: 4*D [O(n)]
  13: f64->f64, F: 4*D [O(n)]
  13: f64->f64, G: 4*(1+D) [O(n)]
  13: f64->f64, H: D [O(n)]
  13: f64->f64, I: B1 [O(n)]
  13: f64->f64, J: J [O(n)]
  13: f64->f64, N: N [O(n)]
  13: f64->f64, O: O [O(n)]
  13: f64->f64, P: 0 [O(1)]
  13: f64->f64, Q: -max{-1, -Q} [O(n)]
  13: f64->f64, R: R [O(n)]
  13: f64->f64, S: S [O(n)]
  13: f64->f64, T: T [O(n)]
  13: f64->f64, V: V [O(n)]
  13: f64->f64, W: W [O(n)]
  13: f64->f64, X: X [O(n)]
  13: f64->f64, Y: Y [O(n)]
  36: f64->f40, A1: -max{-A1, -2*D+max{-1, -Q}} [O(n)]
  36: f64->f40, C: 2*D [O(n)]
  36: f64->f40, D: D [O(n)]
  36: f64->f40, E: 4*D [O(n)]
  36: f64->f40, F: 4*D [O(n)]
  36: f64->f40, G: 4*(1+D) [O(n)]
  36: f64->f40, H: D [O(n)]
  36: f64->f40, I: B1 [O(n)]
  36: f64->f40, J: J [O(n)]
  36: f64->f40, N: N [O(n)]
  36: f64->f40, O: O [O(n)]
  36: f64->f40, P: 0 [O(1)]
  36: f64->f40, Q: -max{-1, -Q} [O(n)]
  36: f64->f40, R: R [O(n)]
  36: f64->f40, S: S [O(n)]
  36: f64->f40, T: T [O(n)]
  36: f64->f40, V: V [O(n)]
  36: f64->f40, W: W [O(n)]
  36: f64->f40, X: X [O(n)]
  36: f64->f40, Y: Y [O(n)]
  33: f71->f86, A1: -max{-A1, -2*D+max{-1, -Q}} [O(n)]
  33: f71->f86, C: 2*D [O(n)]
  33: f71->f86, D: D [O(n)]
  33: f71->f86, E: 4*D [O(n)]
  33: f71->f86, F: 4*D [O(n)]
  33: f71->f86, G: 4*(1+D) [O(n)]
  33: f71->f86, H: D [O(n)]
  33: f71->f86, I: B1 [O(n)]
  33: f71->f86, J: J [O(n)]
  33: f71->f86, N: N [O(n)]
  33: f71->f86, O: O [O(n)]
  33: f71->f86, P: -max{0, -1, -P} [O(n)]
  33: f71->f86, Q: 1 [O(1)]
  33: f71->f86, R: R [O(n)]
  33: f71->f86, S: S [O(n)]
  33: f71->f86, T: T [O(n)]
  33: f71->f86, V: V [O(n)]
  33: f71->f86, W: W [O(n)]
  33: f71->f86, X: X [O(n)]
  33: f71->f86, Y: Y [O(n)]
  33: f71->f86, Z: 0 [O(1)]
  34: f71->f86, A1: -max{-A1, -2*D+max{-1, -Q}} [O(n)]
  34: f71->f86, C: 2*D [O(n)]
  34: f71->f86, D: D [O(n)]
  34: f71->f86, E: 4*D [O(n)]
  34: f71->f86, F: 4*D [O(n)]
  34: f71->f86, G: 4*(1+D) [O(n)]
  34: f71->f86, H: D [O(n)]
  34: f71->f86, I: B1 [O(n)]
  34: f71->f86, J: J [O(n)]
  34: f71->f86, N: N [O(n)]
  34: f71->f86, O: O [O(n)]
  34: f71->f86, P: -max{0, -1, -P} [O(n)]
  34: f71->f86, Q: 1 [O(1)]
  34: f71->f86, R: R [O(n)]
  34: f71->f86, S: S [O(n)]
  34: f71->f86, T: T [O(n)]
  34: f71->f86, V: V [O(n)]
  34: f71->f86, W: W [O(n)]
  34: f71->f86, X: X [O(n)]
  34: f71->f86, Y: Y [O(n)]
  35: f71->f86, A1: -max{-A1, -2*D+max{-1, -Q}} [O(n)]
  35: f71->f86, C: 2*D [O(n)]
  35: f71->f86, D: D [O(n)]
  35: f71->f86, E: 4*D [O(n)]
  35: f71->f86, F: 4*D [O(n)]
  35: f71->f86, G: 4*(1+D) [O(n)]
  35: f71->f86, H: D [O(n)]
  35: f71->f86, I: B1 [O(n)]
  35: f71->f86, J: J [O(n)]
  35: f71->f86, N: N [O(n)]
  35: f71->f86, O: O [O(n)]
  35: f71->f86, P: -max{0, -1, -P} [O(n)]
  35: f71->f86, Q: 1 [O(1)]
  35: f71->f86, R: R [O(n)]
  35: f71->f86, S: S [O(n)]
  35: f71->f86, T: T [O(n)]
  35: f71->f86, V: V [O(n)]
  35: f71->f86, W: W [O(n)]
  35: f71->f86, X: X [O(n)]
  35: f71->f86, Y: Y [O(n)]
  15: f86->f91, A1: -max{-A1, -2*D+max{-1, -Q}} [O(n)]
  15: f86->f91, C: 2*D [O(n)]
  15: f86->f91, D: D [O(n)]
  15: f86->f91, E: 4*D [O(n)]
  15: f86->f91, F: 4*D [O(n)]
  15: f86->f91, G: 4*(1+D) [O(n)]
  15: f86->f91, H: D [O(n)]
  15: f86->f91, I: B1 [O(n)]
  15: f86->f91, J: J [O(n)]
  15: f86->f91, L: 0 [O(1)]
  15: f86->f91, N: N [O(n)]
  15: f86->f91, O: O [O(n)]
  15: f86->f91, P: -max{0, -1, -P} [O(n)]
  15: f86->f91, Q: 1 [O(1)]
  15: f86->f91, R: R [O(n)]
  15: f86->f91, S: S [O(n)]
  15: f86->f91, T: T [O(n)]
  15: f86->f91, U: 0 [O(1)]
  15: f86->f91, V: V [O(n)]
  15: f86->f91, W: W [O(n)]
  15: f86->f91, X: X [O(n)]
  15: f86->f91, Y: Y [O(n)]
  16: f86->f91, A1: -max{-A1, -2*D+max{-1, -Q}} [O(n)]
  16: f86->f91, C: 2*D [O(n)]
  16: f86->f91, D: D [O(n)]
  16: f86->f91, E: 4*D [O(n)]
  16: f86->f91, F: 4*D [O(n)]
  16: f86->f91, G: 4*(1+D) [O(n)]
  16: f86->f91, H: D [O(n)]
  16: f86->f91, I: B1 [O(n)]
  16: f86->f91, J: J [O(n)]
  16: f86->f91, N: N [O(n)]
  16: f86->f91, O: O [O(n)]
  16: f86->f91, P: -max{0, -1, -P} [O(n)]
  16: f86->f91, Q: 1 [O(1)]
  16: f86->f91, R: R [O(n)]
  16: f86->f91, S: S [O(n)]
  16: f86->f91, T: T [O(n)]
  16: f86->f91, V: V [O(n)]
  16: f86->f91, W: W [O(n)]
  16: f86->f91, X: X [O(n)]
  16: f86->f91, Y: Y [O(n)]
  17: f86->f91, A1: -max{-A1, -2*D+max{-1, -Q}} [O(n)]
  17: f86->f91, C: 2*D [O(n)]
  17: f86->f91, D: D [O(n)]
  17: f86->f91, E: 4*D [O(n)]
  17: f86->f91, F: 4*D [O(n)]
  17: f86->f91, G: 4*(1+D) [O(n)]
  17: f86->f91, H: D [O(n)]
  17: f86->f91, I: B1 [O(n)]
  17: f86->f91, J: J [O(n)]
  17: f86->f91, L: 1 [O(1)]
  17: f86->f91, N: N [O(n)]
  17: f86->f91, O: O [O(n)]
  17: f86->f91, P: -max{0, -1, -P} [O(n)]
  17: f86->f91, Q: 1 [O(1)]
  17: f86->f91, R: R [O(n)]
  17: f86->f91, S: S [O(n)]
  17: f86->f91, T: T [O(n)]
  17: f86->f91, V: V [O(n)]
  17: f86->f91, W: W [O(n)]
  17: f86->f91, X: X [O(n)]
  17: f86->f91, Y: Y [O(n)]
  32: f91->f37, A1: -max{-A1, -2*D+max{-1, -Q}} [O(n)]
  32: f91->f37, C: 2*D [O(n)]
  32: f91->f37, D: D [O(n)]
  32: f91->f37, E: 4*D [O(n)]
  32: f91->f37, F: 4*D [O(n)]
  32: f91->f37, G: 4*(1+D) [O(n)]
  32: f91->f37, H: D [O(n)]
  32: f91->f37, I: B1 [O(n)]
  32: f91->f37, J: J [O(n)]
  32: f91->f37, N: N [O(n)]
  32: f91->f37, O: O [O(n)]
  32: f91->f37, P: -max{0, -1, -P} [O(n)]
  32: f91->f37, Q: 1 [O(1)]
  32: f91->f37, R: R [O(n)]
  32: f91->f37, S: S [O(n)]
  32: f91->f37, T: T [O(n)]
  32: f91->f37, V: V [O(n)]
  32: f91->f37, W: W [O(n)]
  32: f91->f37, X: X [O(n)]
  32: f91->f37, Y: Y [O(n)]
`Upper:
  31: f118->f1, A1: max{A1, 2*D} [O(n)]
  31: f118->f1, C: 2*D [O(n)]
  31: f118->f1, D: D [O(n)]
  31: f118->f1, E: 4*D [O(n)]
  31: f118->f1, F: 4*(1+D) [O(n)]
  31: f118->f1, G: 4*(1+D) [O(n)]
  31: f118->f1, H: D [O(n)]
  31: f118->f1, I: B1 [O(n)]
  31: f118->f1, N: N [O(n)]
  31: f118->f1, O: max{O, O+2*max{0, 1+N-O}} [O(n)]
  31: f118->f1, P: max{-1, -1, max{0, P}} [O(n)]
  31: f118->f1, Q: max{1, Q} [O(n)]
  31: f118->f1, R: R [O(n)]
  31: f118->f1, S: S [O(n)]
  31: f118->f1, T: T [O(n)]
  31: f118->f1, V: V [O(n)]
  31: f118->f1, W: W [O(n)]
  31: f118->f1, X: X [O(n)]
  31: f118->f1, Y: Y [O(n)]
  1: f13->f13, A1: A1 [O(n)]
  1: f13->f13, B: 0 [O(1)]
  1: f13->f13, C: 2*D [O(n)]
  1: f13->f13, D: D [O(n)]
  1: f13->f13, E: 4*D [O(n)]
  1: f13->f13, F: 4*(1+D) [O(n)]
  1: f13->f13, G: 4*(1+D) [O(n)]
  1: f13->f13, H: D [O(n)]
  1: f13->f13, I: B1 [O(n)]
  1: f13->f13, K: 1 [O(1)]
  1: f13->f13, L: 0 [O(1)]
  1: f13->f13, M: 0 [O(1)]
  1: f13->f13, N: N [O(n)]
  1: f13->f13, O: O [O(n)]
  1: f13->f13, P: P [O(n)]
  1: f13->f13, Q: Q [O(n)]
  1: f13->f13, R: R [O(n)]
  1: f13->f13, S: S [O(n)]
  1: f13->f13, T: T [O(n)]
  1: f13->f13, U: U [O(n)]
  1: f13->f13, V: V [O(n)]
  1: f13->f13, W: W [O(n)]
  1: f13->f13, X: X [O(n)]
  1: f13->f13, Y: Y [O(n)]
  1: f13->f13, Z: Z [O(n)]
  2: f13->f13, A1: A1 [O(n)]
  2: f13->f13, B: 0 [O(1)]
  2: f13->f13, C: 2*D [O(n)]
  2: f13->f13, D: D [O(n)]
  2: f13->f13, E: 4*D [O(n)]
  2: f13->f13, F: 4*(1+D) [O(n)]
  2: f13->f13, G: 4*(1+D) [O(n)]
  2: f13->f13, H: D [O(n)]
  2: f13->f13, I: B1 [O(n)]
  2: f13->f13, L: -1 [O(1)]
  2: f13->f13, N: N [O(n)]
  2: f13->f13, O: O [O(n)]
  2: f13->f13, P: P [O(n)]
  2: f13->f13, Q: Q [O(n)]
  2: f13->f13, R: R [O(n)]
  2: f13->f13, S: S [O(n)]
  2: f13->f13, T: T [O(n)]
  2: f13->f13, U: U [O(n)]
  2: f13->f13, V: V [O(n)]
  2: f13->f13, W: W [O(n)]
  2: f13->f13, X: X [O(n)]
  2: f13->f13, Y: Y [O(n)]
  2: f13->f13, Z: Z [O(n)]
  3: f13->f13, A1: A1 [O(n)]
  3: f13->f13, B: 0 [O(1)]
  3: f13->f13, C: 2*D [O(n)]
  3: f13->f13, D: D [O(n)]
  3: f13->f13, E: 4*D [O(n)]
  3: f13->f13, F: 4*(1+D) [O(n)]
  3: f13->f13, G: 4*(1+D) [O(n)]
  3: f13->f13, H: D [O(n)]
  3: f13->f13, I: B1 [O(n)]
  3: f13->f13, K: 0 [O(1)]
  3: f13->f13, N: N [O(n)]
  3: f13->f13, O: O [O(n)]
  3: f13->f13, P: P [O(n)]
  3: f13->f13, Q: Q [O(n)]
  3: f13->f13, R: R [O(n)]
  3: f13->f13, S: S [O(n)]
  3: f13->f13, T: T [O(n)]
  3: f13->f13, U: U [O(n)]
  3: f13->f13, V: V [O(n)]
  3: f13->f13, W: W [O(n)]
  3: f13->f13, X: X [O(n)]
  3: f13->f13, Y: Y [O(n)]
  3: f13->f13, Z: Z [O(n)]
  46: f13->f24, A1: A1 [O(n)]
  46: f13->f24, B: 0 [O(1)]
  46: f13->f24, C: 2*D [O(n)]
  46: f13->f24, D: D [O(n)]
  46: f13->f24, E: 4*D [O(n)]
  46: f13->f24, F: 4*(1+D) [O(n)]
  46: f13->f24, G: 4*(1+D) [O(n)]
  46: f13->f24, H: D [O(n)]
  46: f13->f24, I: B1 [O(n)]
  46: f13->f24, N: N [O(n)]
  46: f13->f24, O: O [O(n)]
  46: f13->f24, P: P [O(n)]
  46: f13->f24, Q: Q [O(n)]
  46: f13->f24, R: R [O(n)]
  46: f13->f24, S: S [O(n)]
  46: f13->f24, T: T [O(n)]
  46: f13->f24, U: U [O(n)]
  46: f13->f24, V: V [O(n)]
  46: f13->f24, W: W [O(n)]
  46: f13->f24, X: X [O(n)]
  46: f13->f24, Y: Y [O(n)]
  46: f13->f24, Z: Z [O(n)]
  0: f2->f13, A: 0 [O(1)]
  0: f2->f13, A1: A1 [O(n)]
  0: f2->f13, B: 0 [O(1)]
  0: f2->f13, C: 2*D [O(n)]
  0: f2->f13, D: D [O(n)]
  0: f2->f13, E: 4*D [O(n)]
  0: f2->f13, F: 4*(1+D) [O(n)]
  0: f2->f13, G: 4*(1+D) [O(n)]
  0: f2->f13, H: D [O(n)]
  0: f2->f13, I: B1 [O(n)]
  0: f2->f13, J: J [O(n)]
  0: f2->f13, K: K [O(n)]
  0: f2->f13, L: L [O(n)]
  0: f2->f13, M: M [O(n)]
  0: f2->f13, N: N [O(n)]
  0: f2->f13, O: O [O(n)]
  0: f2->f13, P: P [O(n)]
  0: f2->f13, Q: Q [O(n)]
  0: f2->f13, R: R [O(n)]
  0: f2->f13, S: S [O(n)]
  0: f2->f13, T: T [O(n)]
  0: f2->f13, U: U [O(n)]
  0: f2->f13, V: V [O(n)]
  0: f2->f13, W: W [O(n)]
  0: f2->f13, X: X [O(n)]
  0: f2->f13, Y: Y [O(n)]
  0: f2->f13, Z: Z [O(n)]
  4: f24->f24, A1: A1 [O(n)]
  4: f24->f24, B: 0 [O(1)]
  4: f24->f24, C: 2*D [O(n)]
  4: f24->f24, D: D [O(n)]
  4: f24->f24, E: 4*D [O(n)]
  4: f24->f24, F: 4*(1+D) [O(n)]
  4: f24->f24, G: 4*(1+D) [O(n)]
  4: f24->f24, H: D [O(n)]
  4: f24->f24, I: B1 [O(n)]
  4: f24->f24, N: N [O(n)]
  4: f24->f24, O: O [O(n)]
  4: f24->f24, P: P [O(n)]
  4: f24->f24, Q: Q [O(n)]
  4: f24->f24, R: R [O(n)]
  4: f24->f24, S: S [O(n)]
  4: f24->f24, T: T [O(n)]
  4: f24->f24, U: U [O(n)]
  4: f24->f24, V: V [O(n)]
  4: f24->f24, W: W [O(n)]
  4: f24->f24, X: X [O(n)]
  4: f24->f24, Y: Y [O(n)]
  4: f24->f24, Z: Z [O(n)]
  43: f24->f31, A1: A1 [O(n)]
  43: f24->f31, B: 0 [O(1)]
  43: f24->f31, C: 2*D [O(n)]
  43: f24->f31, D: D [O(n)]
  43: f24->f31, E: 4*D [O(n)]
  43: f24->f31, F: 4*(1+D) [O(n)]
  43: f24->f31, G: 4*(1+D) [O(n)]
  43: f24->f31, H: D [O(n)]
  43: f24->f31, I: B1 [O(n)]
  43: f24->f31, N: N [O(n)]
  43: f24->f31, O: O [O(n)]
  43: f24->f31, P: -1 [O(1)]
  43: f24->f31, Q: Q [O(n)]
  43: f24->f31, R: R [O(n)]
  43: f24->f31, S: S [O(n)]
  43: f24->f31, T: T [O(n)]
  43: f24->f31, U: U [O(n)]
  43: f24->f31, V: V [O(n)]
  43: f24->f31, W: W [O(n)]
  43: f24->f31, X: X [O(n)]
  43: f24->f31, Y: Y [O(n)]
  43: f24->f31, Z: Z [O(n)]
  44: f24->f31, A1: A1 [O(n)]
  44: f24->f31, B: 0 [O(1)]
  44: f24->f31, C: 2*D [O(n)]
  44: f24->f31, D: D [O(n)]
  44: f24->f31, E: 4*D [O(n)]
  44: f24->f31, F: 4*(1+D) [O(n)]
  44: f24->f31, G: 4*(1+D) [O(n)]
  44: f24->f31, H: D [O(n)]
  44: f24->f31, I: B1 [O(n)]
  44: f24->f31, N: N [O(n)]
  44: f24->f31, O: O [O(n)]
  44: f24->f31, P: P [O(n)]
  44: f24->f31, Q: Q [O(n)]
  44: f24->f31, R: R [O(n)]
  44: f24->f31, S: S [O(n)]
  44: f24->f31, T: T [O(n)]
  44: f24->f31, U: U [O(n)]
  44: f24->f31, V: V [O(n)]
  44: f24->f31, W: W [O(n)]
  44: f24->f31, X: X [O(n)]
  44: f24->f31, Y: Y [O(n)]
  44: f24->f31, Z: Z [O(n)]
  45: f24->f37, A1: A1 [O(n)]
  45: f24->f37, B: 0 [O(1)]
  45: f24->f37, C: 2*D [O(n)]
  45: f24->f37, D: D [O(n)]
  45: f24->f37, E: 4*D [O(n)]
  45: f24->f37, F: 4*(1+D) [O(n)]
  45: f24->f37, G: 4*(1+D) [O(n)]
  45: f24->f37, H: D [O(n)]
  45: f24->f37, I: B1 [O(n)]
  45: f24->f37, N: N [O(n)]
  45: f24->f37, O: O [O(n)]
  45: f24->f37, P: 0 [O(1)]
  45: f24->f37, Q: Q [O(n)]
  45: f24->f37, R: R [O(n)]
  45: f24->f37, S: S [O(n)]
  45: f24->f37, T: T [O(n)]
  45: f24->f37, U: U [O(n)]
  45: f24->f37, V: V [O(n)]
  45: f24->f37, W: W [O(n)]
  45: f24->f37, X: X [O(n)]
  45: f24->f37, Y: Y [O(n)]
  45: f24->f37, Z: Z [O(n)]
  42: f31->f37, A1: A1 [O(n)]
  42: f31->f37, B: 0 [O(1)]
  42: f31->f37, C: 2*D [O(n)]
  42: f31->f37, D: D [O(n)]
  42: f31->f37, E: 4*D [O(n)]
  42: f31->f37, F: 4*(1+D) [O(n)]
  42: f31->f37, G: 4*(1+D) [O(n)]
  42: f31->f37, H: D [O(n)]
  42: f31->f37, I: B1 [O(n)]
  42: f31->f37, N: N [O(n)]
  42: f31->f37, O: O [O(n)]
  42: f31->f37, P: max{-1, P} [O(n)]
  42: f31->f37, Q: Q [O(n)]
  42: f31->f37, R: R [O(n)]
  42: f31->f37, S: S [O(n)]
  42: f31->f37, T: T [O(n)]
  42: f31->f37, U: U [O(n)]
  42: f31->f37, V: V [O(n)]
  42: f31->f37, W: W [O(n)]
  42: f31->f37, X: X [O(n)]
  42: f31->f37, Y: Y [O(n)]
  42: f31->f37, Z: Z [O(n)]
  6: f37->f40, A1: max{A1, 2*D} [O(n)]
  6: f37->f40, C: 2*D [O(n)]
  6: f37->f40, D: D [O(n)]
  6: f37->f40, E: 4*D [O(n)]
  6: f37->f40, F: 4*(1+D) [O(n)]
  6: f37->f40, G: 4*(1+D) [O(n)]
  6: f37->f40, H: D [O(n)]
  6: f37->f40, I: B1 [O(n)]
  6: f37->f40, N: N [O(n)]
  6: f37->f40, O: O+2*max{0, 1+N-O} [O(n)]
  6: f37->f40, P: max{0, -1, P} [O(n)]
  6: f37->f40, Q: max{1, Q} [O(n)]
  6: f37->f40, R: R [O(n)]
  6: f37->f40, S: S [O(n)]
  6: f37->f40, T: T [O(n)]
  6: f37->f40, V: V [O(n)]
  6: f37->f40, W: W [O(n)]
  6: f37->f40, X: X [O(n)]
  6: f37->f40, Y: Y [O(n)]
  41: f37->f118, A1: max{A1, 2*D} [O(n)]
  41: f37->f118, C: 2*D [O(n)]
  41: f37->f118, D: D [O(n)]
  41: f37->f118, E: 4*D [O(n)]
  41: f37->f118, F: 4*(1+D) [O(n)]
  41: f37->f118, G: 4*(1+D) [O(n)]
  41: f37->f118, H: D [O(n)]
  41: f37->f118, I: B1 [O(n)]
  41: f37->f118, N: N [O(n)]
  41: f37->f118, O: max{O, O+2*max{0, 1+N-O}} [O(n)]
  41: f37->f118, P: max{-1, -1, max{0, P}} [O(n)]
  41: f37->f118, Q: max{1, Q} [O(n)]
  41: f37->f118, R: R [O(n)]
  41: f37->f118, S: S [O(n)]
  41: f37->f118, T: T [O(n)]
  41: f37->f118, V: V [O(n)]
  41: f37->f118, W: W [O(n)]
  41: f37->f118, X: X [O(n)]
  41: f37->f118, Y: Y [O(n)]
  7: f40->f44, A1: max{A1, 2*D} [O(n)]
  7: f40->f44, C: 2*D [O(n)]
  7: f40->f44, D: D [O(n)]
  7: f40->f44, E: 4*D [O(n)]
  7: f40->f44, F: 4*(1+D) [O(n)]
  7: f40->f44, G: 4*(1+D) [O(n)]
  7: f40->f44, H: D [O(n)]
  7: f40->f44, I: B1 [O(n)]
  7: f40->f44, N: N [O(n)]
  7: f40->f44, O: O+2*max{0, 1+N-O} [O(n)]
  7: f40->f44, P: -1 [O(1)]
  7: f40->f44, Q: 0 [O(1)]
  7: f40->f44, R: R [O(n)]
  7: f40->f44, S: S [O(n)]
  7: f40->f44, T: T [O(n)]
  7: f40->f44, V: V [O(n)]
  7: f40->f44, W: W [O(n)]
  7: f40->f44, X: X [O(n)]
  7: f40->f44, Y: Y [O(n)]
  8: f40->f44, A1: max{A1, 2*D} [O(n)]
  8: f40->f44, C: 2*D [O(n)]
  8: f40->f44, D: D [O(n)]
  8: f40->f44, E: 4*D [O(n)]
  8: f40->f44, F: 4*(1+D) [O(n)]
  8: f40->f44, G: 4*(1+D) [O(n)]
  8: f40->f44, H: D [O(n)]
  8: f40->f44, I: B1 [O(n)]
  8: f40->f44, N: N [O(n)]
  8: f40->f44, O: O+2*max{0, 1+N-O} [O(n)]
  8: f40->f44, P: max{0, -1, P} [O(n)]
  8: f40->f44, Q: 0 [O(1)]
  8: f40->f44, R: R [O(n)]
  8: f40->f44, S: S [O(n)]
  8: f40->f44, T: T [O(n)]
  8: f40->f44, V: V [O(n)]
  8: f40->f44, W: W [O(n)]
  8: f40->f44, X: X [O(n)]
  8: f40->f44, Y: Y [O(n)]
  12: f40->f64, A1: max{A1, 2*D} [O(n)]
  12: f40->f64, C: 2*D [O(n)]
  12: f40->f64, D: D [O(n)]
  12: f40->f64, E: 4*D [O(n)]
  12: f40->f64, F: 4*(1+D) [O(n)]
  12: f40->f64, G: 4*(1+D) [O(n)]
  12: f40->f64, H: D [O(n)]
  12: f40->f64, I: B1 [O(n)]
  12: f40->f64, N: N [O(n)]
  12: f40->f64, O: O+2*max{0, 1+N-O} [O(n)]
  12: f40->f64, P: 0 [O(1)]
  12: f40->f64, Q: 0 [O(1)]
  12: f40->f64, R: R [O(n)]
  12: f40->f64, S: S [O(n)]
  12: f40->f64, T: T [O(n)]
  12: f40->f64, V: V [O(n)]
  12: f40->f64, W: W [O(n)]
  12: f40->f64, X: X [O(n)]
  12: f40->f64, Y: Y [O(n)]
  40: f40->f71, A1: max{A1, 2*D} [O(n)]
  40: f40->f71, C: 2*D [O(n)]
  40: f40->f71, D: D [O(n)]
  40: f40->f71, E: 4*D [O(n)]
  40: f40->f71, F: 4*(1+D) [O(n)]
  40: f40->f71, G: 4*(1+D) [O(n)]
  40: f40->f71, H: D [O(n)]
  40: f40->f71, I: B1 [O(n)]
  40: f40->f71, N: N [O(n)]
  40: f40->f71, O: O+2*max{0, 1+N-O} [O(n)]
  40: f40->f71, P: max{0, -1, P} [O(n)]
  40: f40->f71, Q: max{1, Q} [O(n)]
  40: f40->f71, R: R [O(n)]
  40: f40->f71, S: S [O(n)]
  40: f40->f71, T: T [O(n)]
  40: f40->f71, V: V [O(n)]
  40: f40->f71, W: W [O(n)]
  40: f40->f71, X: X [O(n)]
  40: f40->f71, Y: Y [O(n)]
  39: f44->f50, A1: max{A1, 2*D} [O(n)]
  39: f44->f50, C: 2*D [O(n)]
  39: f44->f50, D: D [O(n)]
  39: f44->f50, E: 4*D [O(n)]
  39: f44->f50, F: 4*(1+D) [O(n)]
  39: f44->f50, G: 4*(1+D) [O(n)]
  39: f44->f50, H: D [O(n)]
  39: f44->f50, I: B1 [O(n)]
  39: f44->f50, N: N [O(n)]
  39: f44->f50, O: O+2*max{0, 1+N-O} [O(n)]
  39: f44->f50, P: max{0, -1, P} [O(n)]
  39: f44->f50, Q: 0 [O(1)]
  39: f44->f50, R: R [O(n)]
  39: f44->f50, S: S [O(n)]
  39: f44->f50, T: T [O(n)]
  39: f44->f50, V: V [O(n)]
  39: f44->f50, W: W [O(n)]
  39: f44->f50, X: X [O(n)]
  39: f44->f50, Y: Y [O(n)]
  38: f50->f57, A1: 2*D [O(n)]
  38: f50->f57, C: 2*D [O(n)]
  38: f50->f57, D: D [O(n)]
  38: f50->f57, E: 4*D [O(n)]
  38: f50->f57, F: 4*(1+D) [O(n)]
  38: f50->f57, G: 4*(1+D) [O(n)]
  38: f50->f57, H: D [O(n)]
  38: f50->f57, I: B1 [O(n)]
  38: f50->f57, N: N [O(n)]
  38: f50->f57, O: O+2*max{0, 1+N-O} [O(n)]
  38: f50->f57, P: max{0, -1, P} [O(n)]
  38: f50->f57, Q: 0 [O(1)]
  38: f50->f57, R: R [O(n)]
  38: f50->f57, S: S [O(n)]
  38: f50->f57, T: T [O(n)]
  38: f50->f57, V: V [O(n)]
  38: f50->f57, W: W [O(n)]
  38: f50->f57, X: X [O(n)]
  38: f50->f57, Y: Y [O(n)]
  37: f57->f40, A1: 2*D [O(n)]
  37: f57->f40, C: 2*D [O(n)]
  37: f57->f40, D: D [O(n)]
  37: f57->f40, E: 4*D [O(n)]
  37: f57->f40, F: 4*(1+D) [O(n)]
  37: f57->f40, G: 4*(1+D) [O(n)]
  37: f57->f40, H: D [O(n)]
  37: f57->f40, I: B1 [O(n)]
  37: f57->f40, N: N [O(n)]
  37: f57->f40, O: O+2*max{0, 1+N-O} [O(n)]
  37: f57->f40, P: max{0, -1, P} [O(n)]
  37: f57->f40, Q: 1 [O(1)]
  37: f57->f40, R: R [O(n)]
  37: f57->f40, S: S [O(n)]
  37: f57->f40, T: T [O(n)]
  37: f57->f40, V: V [O(n)]
  37: f57->f40, W: W [O(n)]
  37: f57->f40, X: X [O(n)]
  37: f57->f40, Y: Y [O(n)]
  13: f64->f64, A1: max{A1, 2*D} [O(n)]
  13: f64->f64, C: 2*D [O(n)]
  13: f64->f64, D: D [O(n)]
  13: f64->f64, E: 4*D [O(n)]
  13: f64->f64, F: 4*(1+D) [O(n)]
  13: f64->f64, G: 4*(1+D) [O(n)]
  13: f64->f64, H: D [O(n)]
  13: f64->f64, I: B1 [O(n)]
  13: f64->f64, N: N [O(n)]
  13: f64->f64, O: O+2*max{0, 1+N-O} [O(n)]
  13: f64->f64, P: 0 [O(1)]
  13: f64->f64, Q: 0 [O(1)]
  13: f64->f64, R: R [O(n)]
  13: f64->f64, S: S [O(n)]
  13: f64->f64, T: T [O(n)]
  13: f64->f64, V: V [O(n)]
  13: f64->f64, W: W [O(n)]
  13: f64->f64, X: X [O(n)]
  13: f64->f64, Y: Y [O(n)]
  36: f64->f40, A1: max{A1, 2*D} [O(n)]
  36: f64->f40, C: 2*D [O(n)]
  36: f64->f40, D: D [O(n)]
  36: f64->f40, E: 4*D [O(n)]
  36: f64->f40, F: 4*(1+D) [O(n)]
  36: f64->f40, G: 4*(1+D) [O(n)]
  36: f64->f40, H: D [O(n)]
  36: f64->f40, I: B1 [O(n)]
  36: f64->f40, N: N [O(n)]
  36: f64->f40, O: O+2*max{0, 1+N-O} [O(n)]
  36: f64->f40, P: 0 [O(1)]
  36: f64->f40, Q: 1 [O(1)]
  36: f64->f40, R: R [O(n)]
  36: f64->f40, S: S [O(n)]
  36: f64->f40, T: T [O(n)]
  36: f64->f40, V: V [O(n)]
  36: f64->f40, W: W [O(n)]
  36: f64->f40, X: X [O(n)]
  36: f64->f40, Y: Y [O(n)]
  33: f71->f86, A1: max{A1, 2*D} [O(n)]
  33: f71->f86, C: 2*D [O(n)]
  33: f71->f86, D: D [O(n)]
  33: f71->f86, E: 4*D [O(n)]
  33: f71->f86, F: 4*(1+D) [O(n)]
  33: f71->f86, G: 4*(1+D) [O(n)]
  33: f71->f86, H: D [O(n)]
  33: f71->f86, I: B1 [O(n)]
  33: f71->f86, N: N [O(n)]
  33: f71->f86, O: O+2*max{0, 1+N-O} [O(n)]
  33: f71->f86, P: max{0, -1, P} [O(n)]
  33: f71->f86, Q: max{1, Q} [O(n)]
  33: f71->f86, R: R [O(n)]
  33: f71->f86, S: S [O(n)]
  33: f71->f86, T: T [O(n)]
  33: f71->f86, V: V [O(n)]
  33: f71->f86, W: W [O(n)]
  33: f71->f86, X: X [O(n)]
  33: f71->f86, Y: Y [O(n)]
  33: f71->f86, Z: 0 [O(1)]
  34: f71->f86, A1: max{A1, 2*D} [O(n)]
  34: f71->f86, C: 2*D [O(n)]
  34: f71->f86, D: D [O(n)]
  34: f71->f86, E: 4*D [O(n)]
  34: f71->f86, F: 4*(1+D) [O(n)]
  34: f71->f86, G: 4*(1+D) [O(n)]
  34: f71->f86, H: D [O(n)]
  34: f71->f86, I: B1 [O(n)]
  34: f71->f86, N: N [O(n)]
  34: f71->f86, O: O+2*max{0, 1+N-O} [O(n)]
  34: f71->f86, P: max{0, -1, P} [O(n)]
  34: f71->f86, Q: max{1, Q} [O(n)]
  34: f71->f86, R: R [O(n)]
  34: f71->f86, S: S [O(n)]
  34: f71->f86, T: T [O(n)]
  34: f71->f86, V: V [O(n)]
  34: f71->f86, W: W [O(n)]
  34: f71->f86, X: X [O(n)]
  34: f71->f86, Y: Y [O(n)]
  35: f71->f86, A1: max{A1, 2*D} [O(n)]
  35: f71->f86, C: 2*D [O(n)]
  35: f71->f86, D: D [O(n)]
  35: f71->f86, E: 4*D [O(n)]
  35: f71->f86, F: 4*(1+D) [O(n)]
  35: f71->f86, G: 4*(1+D) [O(n)]
  35: f71->f86, H: D [O(n)]
  35: f71->f86, I: B1 [O(n)]
  35: f71->f86, N: N [O(n)]
  35: f71->f86, O: O+2*max{0, 1+N-O} [O(n)]
  35: f71->f86, P: max{0, -1, P} [O(n)]
  35: f71->f86, Q: max{1, Q} [O(n)]
  35: f71->f86, R: R [O(n)]
  35: f71->f86, S: S [O(n)]
  35: f71->f86, T: T [O(n)]
  35: f71->f86, V: V [O(n)]
  35: f71->f86, W: W [O(n)]
  35: f71->f86, X: X [O(n)]
  35: f71->f86, Y: Y [O(n)]
  15: f86->f91, A1: max{A1, 2*D} [O(n)]
  15: f86->f91, C: 2*D [O(n)]
  15: f86->f91, D: D [O(n)]
  15: f86->f91, E: 4*D [O(n)]
  15: f86->f91, F: 4*(1+D) [O(n)]
  15: f86->f91, G: 4*(1+D) [O(n)]
  15: f86->f91, H: D [O(n)]
  15: f86->f91, I: B1 [O(n)]
  15: f86->f91, L: 0 [O(1)]
  15: f86->f91, N: N [O(n)]
  15: f86->f91, O: O+2*max{0, 1+N-O} [O(n)]
  15: f86->f91, P: max{0, -1, P} [O(n)]
  15: f86->f91, Q: max{1, Q} [O(n)]
  15: f86->f91, R: R [O(n)]
  15: f86->f91, S: S [O(n)]
  15: f86->f91, T: T [O(n)]
  15: f86->f91, U: 0 [O(1)]
  15: f86->f91, V: V [O(n)]
  15: f86->f91, W: W [O(n)]
  15: f86->f91, X: X [O(n)]
  15: f86->f91, Y: Y [O(n)]
  16: f86->f91, A1: max{A1, 2*D} [O(n)]
  16: f86->f91, C: 2*D [O(n)]
  16: f86->f91, D: D [O(n)]
  16: f86->f91, E: 4*D [O(n)]
  16: f86->f91, F: 4*(1+D) [O(n)]
  16: f86->f91, G: 4*(1+D) [O(n)]
  16: f86->f91, H: D [O(n)]
  16: f86->f91, I: B1 [O(n)]
  16: f86->f91, L: -1 [O(1)]
  16: f86->f91, N: N [O(n)]
  16: f86->f91, O: O+2*max{0, 1+N-O} [O(n)]
  16: f86->f91, P: max{0, -1, P} [O(n)]
  16: f86->f91, Q: max{1, Q} [O(n)]
  16: f86->f91, R: R [O(n)]
  16: f86->f91, S: S [O(n)]
  16: f86->f91, T: T [O(n)]
  16: f86->f91, V: V [O(n)]
  16: f86->f91, W: W [O(n)]
  16: f86->f91, X: X [O(n)]
  16: f86->f91, Y: Y [O(n)]
  17: f86->f91, A1: max{A1, 2*D} [O(n)]
  17: f86->f91, C: 2*D [O(n)]
  17: f86->f91, D: D [O(n)]
  17: f86->f91, E: 4*D [O(n)]
  17: f86->f91, F: 4*(1+D) [O(n)]
  17: f86->f91, G: 4*(1+D) [O(n)]
  17: f86->f91, H: D [O(n)]
  17: f86->f91, I: B1 [O(n)]
  17: f86->f91, N: N [O(n)]
  17: f86->f91, O: O+2*max{0, 1+N-O} [O(n)]
  17: f86->f91, P: max{0, -1, P} [O(n)]
  17: f86->f91, Q: max{1, Q} [O(n)]
  17: f86->f91, R: R [O(n)]
  17: f86->f91, S: S [O(n)]
  17: f86->f91, T: T [O(n)]
  17: f86->f91, V: V [O(n)]
  17: f86->f91, W: W [O(n)]
  17: f86->f91, X: X [O(n)]
  17: f86->f91, Y: Y [O(n)]
  32: f91->f37, A1: max{A1, 2*D} [O(n)]
  32: f91->f37, C: 2*D [O(n)]
  32: f91->f37, D: D [O(n)]
  32: f91->f37, E: 4*D [O(n)]
  32: f91->f37, F: 4*(1+D) [O(n)]
  32: f91->f37, G: 4*(1+D) [O(n)]
  32: f91->f37, H: D [O(n)]
  32: f91->f37, I: B1 [O(n)]
  32: f91->f37, N: N [O(n)]
  32: f91->f37, O: O+2*max{0, 1+N-O} [O(n)]
  32: f91->f37, P: max{0, -1, P} [O(n)]
  32: f91->f37, Q: max{1, Q} [O(n)]
  32: f91->f37, R: R [O(n)]
  32: f91->f37, S: S [O(n)]
  32: f91->f37, T: T [O(n)]
  32: f91->f37, V: V [O(n)]
  32: f91->f37, W: W [O(n)]
  32: f91->f37, X: X [O(n)]
  32: f91->f37, Y: Y [O(n)]
