Timebounds: 
  Overall timebound: inf [Infinity]
  0: f0->f23: 1 [O(1)]
  31: f117->f125: 1 [O(1)]
  1: f23->f23: max{0, 1+-J+2*D} [O(n)]
  2: f23->f23: inf [Infinity]
  3: f23->f23: max{0, 1+-J+2*D} [O(n)]
  46: f23->f33: 1 [O(1)]
  4: f33->f33: max{0, -J+-3*2*D+4*D} [O(n)]
  43: f33->f39: 1 [O(1)]
  44: f33->f39: 1 [O(1)]
  45: f33->f44: 1 [O(1)]
  42: f39->f44: 1 [O(1)]
  6: f44->f46: 2*max{0, 2+2*N+-2*O} [O(n)]
  41: f44->f117: 1 [O(1)]
  7: f46->f49: 2*max{0, 1-Q} [O(n)]
  8: f46->f49: 2*max{0, 1-Q} [O(n)]
  12: f46->f66: 2*max{0, 1-Q} [O(n)]
  40: f46->f72: 2*max{0, 1+N-O} [O(n)]
  39: f49->f54: 2*max{0, 1-Q} [O(n)]
  38: f54->f60: 2*max{0, 1-Q} [O(n)]
  37: f60->f46: 2*max{0, 1-Q} [O(n)]
  13: f66->f66: inf [Infinity]
  36: f66->f46: 2*max{0, 1-Q} [O(n)]
  33: f72->f87: 2*max{0, 1+N-O} [O(n)]
  34: f72->f87: 2*max{0, 1+2*N+-2*O} [O(n)]
  35: f72->f87: 2*max{0, 1+N-O} [O(n)]
  15: f87->f91: 2*max{0, 1+N-O} [O(n)]
  16: f87->f91: 2*max{0, 1+N-O} [O(n)]
  17: f87->f91: 2*max{0, 1+N-O} [O(n)]
  32: f91->f44: 2*max{0, 1+N-O} [O(n)]

Costbounds:
  Overall costbound: inf [Infinity]
  0: f0->f23: 1 [O(1)]
  31: f117->f125: 1 [O(1)]
  1: f23->f23: max{0, 1+-J+2*D} [O(n)]
  2: f23->f23: inf [Infinity]
  3: f23->f23: max{0, 1+-J+2*D} [O(n)]
  46: f23->f33: 1 [O(1)]
  4: f33->f33: max{0, -J+-3*2*D+4*D} [O(n)]
  43: f33->f39: 1 [O(1)]
  44: f33->f39: 1 [O(1)]
  45: f33->f44: 1 [O(1)]
  42: f39->f44: 1 [O(1)]
  6: f44->f46: 2*max{0, 2+2*N+-2*O} [O(n)]
  41: f44->f117: 1 [O(1)]
  7: f46->f49: 2*max{0, 1-Q} [O(n)]
  8: f46->f49: 2*max{0, 1-Q} [O(n)]
  12: f46->f66: 2*max{0, 1-Q} [O(n)]
  40: f46->f72: 2*max{0, 1+N-O} [O(n)]
  39: f49->f54: 2*max{0, 1-Q} [O(n)]
  38: f54->f60: 2*max{0, 1-Q} [O(n)]
  37: f60->f46: 2*max{0, 1-Q} [O(n)]
  13: f66->f66: inf [Infinity]
  36: f66->f46: 2*max{0, 1-Q} [O(n)]
  33: f72->f87: 2*max{0, 1+N-O} [O(n)]
  34: f72->f87: 2*max{0, 1+2*N+-2*O} [O(n)]
  35: f72->f87: 2*max{0, 1+N-O} [O(n)]
  15: f87->f91: 2*max{0, 1+N-O} [O(n)]
  16: f87->f91: 2*max{0, 1+N-O} [O(n)]
  17: f87->f91: 2*max{0, 1+N-O} [O(n)]
  32: f91->f44: 2*max{0, 1+N-O} [O(n)]

Sizebounds:
`Lower:
  0: f0->f23, A: 0 [O(1)]
  0: f0->f23, A1: A1 [O(n)]
  0: f0->f23, B: 0 [O(1)]
  0: f0->f23, C: 2*D [O(n)]
  0: f0->f23, D: D [O(n)]
  0: f0->f23, E: 4*D [O(n)]
  0: f0->f23, F: 4*D [O(n)]
  0: f0->f23, G: 4*(1+D) [O(n)]
  0: f0->f23, H: D [O(n)]
  0: f0->f23, I: B1 [O(n)]
  0: f0->f23, J: J [O(n)]
  0: f0->f23, K: K [O(n)]
  0: f0->f23, L: L [O(n)]
  0: f0->f23, M: M [O(n)]
  0: f0->f23, N: N [O(n)]
  0: f0->f23, O: O [O(n)]
  0: f0->f23, P: P [O(n)]
  0: f0->f23, Q: Q [O(n)]
  0: f0->f23, R: R [O(n)]
  0: f0->f23, S: S [O(n)]
  0: f0->f23, T: T [O(n)]
  0: f0->f23, U: U [O(n)]
  0: f0->f23, V: V [O(n)]
  0: f0->f23, W: W [O(n)]
  0: f0->f23, X: X [O(n)]
  0: f0->f23, Y: Y [O(n)]
  0: f0->f23, Z: Z [O(n)]
  31: f117->f125, A1: -max{-A1, -2*D+max{-1, -Q}} [O(n)]
  31: f117->f125, C: 2*D [O(n)]
  31: f117->f125, D: D [O(n)]
  31: f117->f125, E: 4*D [O(n)]
  31: f117->f125, F: 4*D [O(n)]
  31: f117->f125, G: 4*(1+D) [O(n)]
  31: f117->f125, H: D [O(n)]
  31: f117->f125, I: B1 [O(n)]
  31: f117->f125, J: J [O(n)]
  31: f117->f125, N: N [O(n)]
  31: f117->f125, O: O [O(n)]
  31: f117->f125, P: -max{-1, -1, max{0, -P}} [O(n)]
  31: f117->f125, Q: -max{-1, -Q} [O(n)]
  31: f117->f125, R: R [O(n)]
  31: f117->f125, S: S [O(n)]
  31: f117->f125, T: T [O(n)]
  31: f117->f125, V: V [O(n)]
  31: f117->f125, W: W [O(n)]
  31: f117->f125, X: X [O(n)]
  31: f117->f125, Y: Y [O(n)]
  1: f23->f23, A1: A1 [O(n)]
  1: f23->f23, B: 0 [O(1)]
  1: f23->f23, C: 2*D [O(n)]
  1: f23->f23, D: D [O(n)]
  1: f23->f23, E: 4*D [O(n)]
  1: f23->f23, F: 4*D [O(n)]
  1: f23->f23, G: 4*(1+D) [O(n)]
  1: f23->f23, H: D [O(n)]
  1: f23->f23, I: B1 [O(n)]
  1: f23->f23, J: J [O(n)]
  1: f23->f23, K: 1 [O(1)]
  1: f23->f23, L: 0 [O(1)]
  1: f23->f23, M: 0 [O(1)]
  1: f23->f23, N: N [O(n)]
  1: f23->f23, O: O [O(n)]
  1: f23->f23, P: P [O(n)]
  1: f23->f23, Q: Q [O(n)]
  1: f23->f23, R: R [O(n)]
  1: f23->f23, S: S [O(n)]
  1: f23->f23, T: T [O(n)]
  1: f23->f23, U: U [O(n)]
  1: f23->f23, V: V [O(n)]
  1: f23->f23, W: W [O(n)]
  1: f23->f23, X: X [O(n)]
  1: f23->f23, Y: Y [O(n)]
  1: f23->f23, Z: Z [O(n)]
  2: f23->f23, A1: A1 [O(n)]
  2: f23->f23, B: 0 [O(1)]
  2: f23->f23, C: 2*D [O(n)]
  2: f23->f23, D: D [O(n)]
  2: f23->f23, E: 4*D [O(n)]
  2: f23->f23, F: 4*D [O(n)]
  2: f23->f23, G: 4*(1+D) [O(n)]
  2: f23->f23, H: D [O(n)]
  2: f23->f23, I: B1 [O(n)]
  2: f23->f23, J: J [O(n)]
  2: f23->f23, K: 2 [O(1)]
  2: f23->f23, N: N [O(n)]
  2: f23->f23, O: O [O(n)]
  2: f23->f23, P: P [O(n)]
  2: f23->f23, Q: Q [O(n)]
  2: f23->f23, R: R [O(n)]
  2: f23->f23, S: S [O(n)]
  2: f23->f23, T: T [O(n)]
  2: f23->f23, U: U [O(n)]
  2: f23->f23, V: V [O(n)]
  2: f23->f23, W: W [O(n)]
  2: f23->f23, X: X [O(n)]
  2: f23->f23, Y: Y [O(n)]
  2: f23->f23, Z: Z [O(n)]
  3: f23->f23, A1: A1 [O(n)]
  3: f23->f23, B: 0 [O(1)]
  3: f23->f23, C: 2*D [O(n)]
  3: f23->f23, D: D [O(n)]
  3: f23->f23, E: 4*D [O(n)]
  3: f23->f23, F: 4*D [O(n)]
  3: f23->f23, G: 4*(1+D) [O(n)]
  3: f23->f23, H: D [O(n)]
  3: f23->f23, I: B1 [O(n)]
  3: f23->f23, J: J [O(n)]
  3: f23->f23, L: 1 [O(1)]
  3: f23->f23, N: N [O(n)]
  3: f23->f23, O: O [O(n)]
  3: f23->f23, P: P [O(n)]
  3: f23->f23, Q: Q [O(n)]
  3: f23->f23, R: R [O(n)]
  3: f23->f23, S: S [O(n)]
  3: f23->f23, T: T [O(n)]
  3: f23->f23, U: U [O(n)]
  3: f23->f23, V: V [O(n)]
  3: f23->f23, W: W [O(n)]
  3: f23->f23, X: X [O(n)]
  3: f23->f23, Y: Y [O(n)]
  3: f23->f23, Z: Z [O(n)]
  46: f23->f33, A1: A1 [O(n)]
  46: f23->f33, B: 0 [O(1)]
  46: f23->f33, C: 2*D [O(n)]
  46: f23->f33, D: D [O(n)]
  46: f23->f33, E: 4*D [O(n)]
  46: f23->f33, F: 4*D [O(n)]
  46: f23->f33, G: 4*(1+D) [O(n)]
  46: f23->f33, H: D [O(n)]
  46: f23->f33, I: B1 [O(n)]
  46: f23->f33, J: J [O(n)]
  46: f23->f33, N: N [O(n)]
  46: f23->f33, O: O [O(n)]
  46: f23->f33, P: P [O(n)]
  46: f23->f33, Q: Q [O(n)]
  46: f23->f33, R: R [O(n)]
  46: f23->f33, S: S [O(n)]
  46: f23->f33, T: T [O(n)]
  46: f23->f33, U: U [O(n)]
  46: f23->f33, V: V [O(n)]
  46: f23->f33, W: W [O(n)]
  46: f23->f33, X: X [O(n)]
  46: f23->f33, Y: Y [O(n)]
  46: f23->f33, Z: Z [O(n)]
  4: f33->f33, A1: A1 [O(n)]
  4: f33->f33, B: 0 [O(1)]
  4: f33->f33, C: 2*D [O(n)]
  4: f33->f33, D: D [O(n)]
  4: f33->f33, E: 4*D [O(n)]
  4: f33->f33, F: 4*D [O(n)]
  4: f33->f33, G: 4*(1+D) [O(n)]
  4: f33->f33, H: D [O(n)]
  4: f33->f33, I: B1 [O(n)]
  4: f33->f33, J: J [O(n)]
  4: f33->f33, N: N [O(n)]
  4: f33->f33, O: O [O(n)]
  4: f33->f33, P: P [O(n)]
  4: f33->f33, Q: Q [O(n)]
  4: f33->f33, R: R [O(n)]
  4: f33->f33, S: S [O(n)]
  4: f33->f33, T: T [O(n)]
  4: f33->f33, U: U [O(n)]
  4: f33->f33, V: V [O(n)]
  4: f33->f33, W: W [O(n)]
  4: f33->f33, X: X [O(n)]
  4: f33->f33, Y: Y [O(n)]
  4: f33->f33, Z: Z [O(n)]
  43: f33->f39, A1: A1 [O(n)]
  43: f33->f39, B: 0 [O(1)]
  43: f33->f39, C: 2*D [O(n)]
  43: f33->f39, D: D [O(n)]
  43: f33->f39, E: 4*D [O(n)]
  43: f33->f39, F: 4*D [O(n)]
  43: f33->f39, G: 4*(1+D) [O(n)]
  43: f33->f39, H: D [O(n)]
  43: f33->f39, I: B1 [O(n)]
  43: f33->f39, J: J [O(n)]
  43: f33->f39, N: N [O(n)]
  43: f33->f39, O: O [O(n)]
  43: f33->f39, P: P [O(n)]
  43: f33->f39, Q: Q [O(n)]
  43: f33->f39, R: R [O(n)]
  43: f33->f39, S: S [O(n)]
  43: f33->f39, T: T [O(n)]
  43: f33->f39, U: U [O(n)]
  43: f33->f39, V: V [O(n)]
  43: f33->f39, W: W [O(n)]
  43: f33->f39, X: X [O(n)]
  43: f33->f39, Y: Y [O(n)]
  43: f33->f39, Z: Z [O(n)]
  44: f33->f39, A1: A1 [O(n)]
  44: f33->f39, B: 0 [O(1)]
  44: f33->f39, C: 2*D [O(n)]
  44: f33->f39, D: D [O(n)]
  44: f33->f39, E: 4*D [O(n)]
  44: f33->f39, F: 4*D [O(n)]
  44: f33->f39, G: 4*(1+D) [O(n)]
  44: f33->f39, H: D [O(n)]
  44: f33->f39, I: B1 [O(n)]
  44: f33->f39, J: J [O(n)]
  44: f33->f39, N: N [O(n)]
  44: f33->f39, O: O [O(n)]
  44: f33->f39, P: 1 [O(1)]
  44: f33->f39, Q: Q [O(n)]
  44: f33->f39, R: R [O(n)]
  44: f33->f39, S: S [O(n)]
  44: f33->f39, T: T [O(n)]
  44: f33->f39, U: U [O(n)]
  44: f33->f39, V: V [O(n)]
  44: f33->f39, W: W [O(n)]
  44: f33->f39, X: X [O(n)]
  44: f33->f39, Y: Y [O(n)]
  44: f33->f39, Z: Z [O(n)]
  45: f33->f44, A1: A1 [O(n)]
  45: f33->f44, B: 0 [O(1)]
  45: f33->f44, C: 2*D [O(n)]
  45: f33->f44, D: D [O(n)]
  45: f33->f44, E: 4*D [O(n)]
  45: f33->f44, F: 4*D [O(n)]
  45: f33->f44, G: 4*(1+D) [O(n)]
  45: f33->f44, H: D [O(n)]
  45: f33->f44, I: B1 [O(n)]
  45: f33->f44, J: J [O(n)]
  45: f33->f44, N: N [O(n)]
  45: f33->f44, O: O [O(n)]
  45: f33->f44, P: 0 [O(1)]
  45: f33->f44, Q: Q [O(n)]
  45: f33->f44, R: R [O(n)]
  45: f33->f44, S: S [O(n)]
  45: f33->f44, T: T [O(n)]
  45: f33->f44, U: U [O(n)]
  45: f33->f44, V: V [O(n)]
  45: f33->f44, W: W [O(n)]
  45: f33->f44, X: X [O(n)]
  45: f33->f44, Y: Y [O(n)]
  45: f33->f44, Z: Z [O(n)]
  42: f39->f44, A1: A1 [O(n)]
  42: f39->f44, B: 0 [O(1)]
  42: f39->f44, C: 2*D [O(n)]
  42: f39->f44, D: D [O(n)]
  42: f39->f44, E: 4*D [O(n)]
  42: f39->f44, F: 4*D [O(n)]
  42: f39->f44, G: 4*(1+D) [O(n)]
  42: f39->f44, H: D [O(n)]
  42: f39->f44, I: B1 [O(n)]
  42: f39->f44, J: J [O(n)]
  42: f39->f44, N: N [O(n)]
  42: f39->f44, O: O [O(n)]
  42: f39->f44, P: -max{-1, -P} [O(n)]
  42: f39->f44, Q: Q [O(n)]
  42: f39->f44, R: R [O(n)]
  42: f39->f44, S: S [O(n)]
  42: f39->f44, T: T [O(n)]
  42: f39->f44, U: U [O(n)]
  42: f39->f44, V: V [O(n)]
  42: f39->f44, W: W [O(n)]
  42: f39->f44, X: X [O(n)]
  42: f39->f44, Y: Y [O(n)]
  42: f39->f44, Z: Z [O(n)]
  6: f44->f46, A1: -max{-A1, -2*D+max{-1, -Q}} [O(n)]
  6: f44->f46, C: 2*D [O(n)]
  6: f44->f46, D: D [O(n)]
  6: f44->f46, E: 4*D [O(n)]
  6: f44->f46, F: 4*D [O(n)]
  6: f44->f46, G: 4*(1+D) [O(n)]
  6: f44->f46, H: D [O(n)]
  6: f44->f46, I: B1 [O(n)]
  6: f44->f46, J: J [O(n)]
  6: f44->f46, N: N [O(n)]
  6: f44->f46, O: O [O(n)]
  6: f44->f46, P: -max{0, -1, -P} [O(n)]
  6: f44->f46, Q: -max{-1, -Q} [O(n)]
  6: f44->f46, R: R [O(n)]
  6: f44->f46, S: S [O(n)]
  6: f44->f46, T: T [O(n)]
  6: f44->f46, V: V [O(n)]
  6: f44->f46, W: W [O(n)]
  6: f44->f46, X: X [O(n)]
  6: f44->f46, Y: Y [O(n)]
  41: f44->f117, A1: -max{-A1, -2*D+max{-1, -Q}} [O(n)]
  41: f44->f117, C: 2*D [O(n)]
  41: f44->f117, D: D [O(n)]
  41: f44->f117, E: 4*D [O(n)]
  41: f44->f117, F: 4*D [O(n)]
  41: f44->f117, G: 4*(1+D) [O(n)]
  41: f44->f117, H: D [O(n)]
  41: f44->f117, I: B1 [O(n)]
  41: f44->f117, J: J [O(n)]
  41: f44->f117, N: N [O(n)]
  41: f44->f117, O: O [O(n)]
  41: f44->f117, P: -max{-1, -1, max{0, -P}} [O(n)]
  41: f44->f117, Q: -max{-1, -Q} [O(n)]
  41: f44->f117, R: R [O(n)]
  41: f44->f117, S: S [O(n)]
  41: f44->f117, T: T [O(n)]
  41: f44->f117, V: V [O(n)]
  41: f44->f117, W: W [O(n)]
  41: f44->f117, X: X [O(n)]
  41: f44->f117, Y: Y [O(n)]
  7: f46->f49, A1: -max{-A1, -2*D+max{-1, -Q}} [O(n)]
  7: f46->f49, C: 2*D [O(n)]
  7: f46->f49, D: D [O(n)]
  7: f46->f49, E: 4*D [O(n)]
  7: f46->f49, F: 4*D [O(n)]
  7: f46->f49, G: 4*(1+D) [O(n)]
  7: f46->f49, H: D [O(n)]
  7: f46->f49, I: B1 [O(n)]
  7: f46->f49, J: J [O(n)]
  7: f46->f49, N: N [O(n)]
  7: f46->f49, O: O [O(n)]
  7: f46->f49, P: -max{0, -1, -P} [O(n)]
  7: f46->f49, Q: -max{-1, -Q} [O(n)]
  7: f46->f49, R: R [O(n)]
  7: f46->f49, S: S [O(n)]
  7: f46->f49, T: T [O(n)]
  7: f46->f49, V: V [O(n)]
  7: f46->f49, W: W [O(n)]
  7: f46->f49, X: X [O(n)]
  7: f46->f49, Y: Y [O(n)]
  8: f46->f49, A1: -max{-A1, -2*D+max{-1, -Q}} [O(n)]
  8: f46->f49, C: 2*D [O(n)]
  8: f46->f49, D: D [O(n)]
  8: f46->f49, E: 4*D [O(n)]
  8: f46->f49, F: 4*D [O(n)]
  8: f46->f49, G: 4*(1+D) [O(n)]
  8: f46->f49, H: D [O(n)]
  8: f46->f49, I: B1 [O(n)]
  8: f46->f49, J: J [O(n)]
  8: f46->f49, N: N [O(n)]
  8: f46->f49, O: O [O(n)]
  8: f46->f49, P: 1 [O(1)]
  8: f46->f49, Q: -max{-1, -Q} [O(n)]
  8: f46->f49, R: R [O(n)]
  8: f46->f49, S: S [O(n)]
  8: f46->f49, T: T [O(n)]
  8: f46->f49, V: V [O(n)]
  8: f46->f49, W: W [O(n)]
  8: f46->f49, X: X [O(n)]
  8: f46->f49, Y: Y [O(n)]
  12: f46->f66, A1: -max{-A1, -2*D+max{-1, -Q}} [O(n)]
  12: f46->f66, C: 2*D [O(n)]
  12: f46->f66, D: D [O(n)]
  12: f46->f66, E: 4*D [O(n)]
  12: f46->f66, F: 4*D [O(n)]
  12: f46->f66, G: 4*(1+D) [O(n)]
  12: f46->f66, H: D [O(n)]
  12: f46->f66, I: B1 [O(n)]
  12: f46->f66, J: J [O(n)]
  12: f46->f66, N: N [O(n)]
  12: f46->f66, O: O [O(n)]
  12: f46->f66, P: 0 [O(1)]
  12: f46->f66, Q: -max{-1, -Q} [O(n)]
  12: f46->f66, R: R [O(n)]
  12: f46->f66, S: S [O(n)]
  12: f46->f66, T: T [O(n)]
  12: f46->f66, V: V [O(n)]
  12: f46->f66, W: W [O(n)]
  12: f46->f66, X: X [O(n)]
  12: f46->f66, Y: Y [O(n)]
  40: f46->f72, A1: -max{-A1, -2*D+max{-1, -Q}} [O(n)]
  40: f46->f72, C: 2*D [O(n)]
  40: f46->f72, D: D [O(n)]
  40: f46->f72, E: 4*D [O(n)]
  40: f46->f72, F: 4*D [O(n)]
  40: f46->f72, G: 4*(1+D) [O(n)]
  40: f46->f72, H: D [O(n)]
  40: f46->f72, I: B1 [O(n)]
  40: f46->f72, J: J [O(n)]
  40: f46->f72, N: N [O(n)]
  40: f46->f72, O: O [O(n)]
  40: f46->f72, P: -max{0, -1, -P} [O(n)]
  40: f46->f72, Q: 1 [O(1)]
  40: f46->f72, R: R [O(n)]
  40: f46->f72, S: S [O(n)]
  40: f46->f72, T: T [O(n)]
  40: f46->f72, V: V [O(n)]
  40: f46->f72, W: W [O(n)]
  40: f46->f72, X: X [O(n)]
  40: f46->f72, Y: Y [O(n)]
  39: f49->f54, A1: -max{-A1, -2*D+max{-1, -Q}} [O(n)]
  39: f49->f54, C: 2*D [O(n)]
  39: f49->f54, D: D [O(n)]
  39: f49->f54, E: 4*D [O(n)]
  39: f49->f54, F: 4*D [O(n)]
  39: f49->f54, G: 4*(1+D) [O(n)]
  39: f49->f54, H: D [O(n)]
  39: f49->f54, I: B1 [O(n)]
  39: f49->f54, J: J [O(n)]
  39: f49->f54, N: N [O(n)]
  39: f49->f54, O: O [O(n)]
  39: f49->f54, P: -max{0, -1, -P} [O(n)]
  39: f49->f54, Q: -max{-1, -Q} [O(n)]
  39: f49->f54, R: R [O(n)]
  39: f49->f54, S: S [O(n)]
  39: f49->f54, T: T [O(n)]
  39: f49->f54, V: V [O(n)]
  39: f49->f54, W: W [O(n)]
  39: f49->f54, X: X [O(n)]
  39: f49->f54, Y: Y [O(n)]
  38: f54->f60, A1: -max{-1, -Q}+2*D [O(n)]
  38: f54->f60, C: 2*D [O(n)]
  38: f54->f60, D: D [O(n)]
  38: f54->f60, E: 4*D [O(n)]
  38: f54->f60, F: 4*D [O(n)]
  38: f54->f60, G: 4*(1+D) [O(n)]
  38: f54->f60, H: D [O(n)]
  38: f54->f60, I: B1 [O(n)]
  38: f54->f60, J: J [O(n)]
  38: f54->f60, N: N [O(n)]
  38: f54->f60, O: O [O(n)]
  38: f54->f60, P: -max{0, -1, -P} [O(n)]
  38: f54->f60, Q: -max{-1, -Q} [O(n)]
  38: f54->f60, R: R [O(n)]
  38: f54->f60, S: S [O(n)]
  38: f54->f60, T: T [O(n)]
  38: f54->f60, V: V [O(n)]
  38: f54->f60, W: W [O(n)]
  38: f54->f60, X: X [O(n)]
  38: f54->f60, Y: Y [O(n)]
  37: f60->f46, A1: -max{-1, -Q}+2*D [O(n)]
  37: f60->f46, C: 2*D [O(n)]
  37: f60->f46, D: D [O(n)]
  37: f60->f46, E: 4*D [O(n)]
  37: f60->f46, F: 4*D [O(n)]
  37: f60->f46, G: 4*(1+D) [O(n)]
  37: f60->f46, H: D [O(n)]
  37: f60->f46, I: B1 [O(n)]
  37: f60->f46, J: J [O(n)]
  37: f60->f46, N: N [O(n)]
  37: f60->f46, O: O [O(n)]
  37: f60->f46, P: -max{0, -1, -P} [O(n)]
  37: f60->f46, Q: -max{-1, -Q} [O(n)]
  37: f60->f46, R: R [O(n)]
  37: f60->f46, S: S [O(n)]
  37: f60->f46, T: T [O(n)]
  37: f60->f46, V: V [O(n)]
  37: f60->f46, W: W [O(n)]
  37: f60->f46, X: X [O(n)]
  37: f60->f46, Y: Y [O(n)]
  13: f66->f66, A1: -max{-A1, -2*D+max{-1, -Q}} [O(n)]
  13: f66->f66, C: 2*D [O(n)]
  13: f66->f66, D: D [O(n)]
  13: f66->f66, E: 4*D [O(n)]
  13: f66->f66, F: 4*D [O(n)]
  13: f66->f66, G: 4*(1+D) [O(n)]
  13: f66->f66, H: D [O(n)]
  13: f66->f66, I: B1 [O(n)]
  13: f66->f66, J: J [O(n)]
  13: f66->f66, N: N [O(n)]
  13: f66->f66, O: O [O(n)]
  13: f66->f66, P: 0 [O(1)]
  13: f66->f66, Q: -max{-1, -Q} [O(n)]
  13: f66->f66, R: R [O(n)]
  13: f66->f66, S: S [O(n)]
  13: f66->f66, T: T [O(n)]
  13: f66->f66, V: V [O(n)]
  13: f66->f66, W: W [O(n)]
  13: f66->f66, X: X [O(n)]
  13: f66->f66, Y: Y [O(n)]
  36: f66->f46, A1: -max{-A1, -2*D+max{-1, -Q}} [O(n)]
  36: f66->f46, C: 2*D [O(n)]
  36: f66->f46, D: D [O(n)]
  36: f66->f46, E: 4*D [O(n)]
  36: f66->f46, F: 4*D [O(n)]
  36: f66->f46, G: 4*(1+D) [O(n)]
  36: f66->f46, H: D [O(n)]
  36: f66->f46, I: B1 [O(n)]
  36: f66->f46, J: J [O(n)]
  36: f66->f46, N: N [O(n)]
  36: f66->f46, O: O [O(n)]
  36: f66->f46, P: 0 [O(1)]
  36: f66->f46, Q: -max{-1, -Q} [O(n)]
  36: f66->f46, R: R [O(n)]
  36: f66->f46, S: S [O(n)]
  36: f66->f46, T: T [O(n)]
  36: f66->f46, V: V [O(n)]
  36: f66->f46, W: W [O(n)]
  36: f66->f46, X: X [O(n)]
  36: f66->f46, Y: Y [O(n)]
  33: f72->f87, A1: -max{-A1, -2*D+max{-1, -Q}} [O(n)]
  33: f72->f87, C: 2*D [O(n)]
  33: f72->f87, D: D [O(n)]
  33: f72->f87, E: 4*D [O(n)]
  33: f72->f87, F: 4*D [O(n)]
  33: f72->f87, G: 4*(1+D) [O(n)]
  33: f72->f87, H: D [O(n)]
  33: f72->f87, I: B1 [O(n)]
  33: f72->f87, J: J [O(n)]
  33: f72->f87, N: N [O(n)]
  33: f72->f87, O: O [O(n)]
  33: f72->f87, P: -max{0, -1, -P} [O(n)]
  33: f72->f87, Q: 1 [O(1)]
  33: f72->f87, R: R [O(n)]
  33: f72->f87, S: S [O(n)]
  33: f72->f87, T: T [O(n)]
  33: f72->f87, V: V [O(n)]
  33: f72->f87, W: W [O(n)]
  33: f72->f87, X: X [O(n)]
  33: f72->f87, Y: Y [O(n)]
  33: f72->f87, Z: 0 [O(1)]
  34: f72->f87, A1: -max{-A1, -2*D+max{-1, -Q}} [O(n)]
  34: f72->f87, C: 2*D [O(n)]
  34: f72->f87, D: D [O(n)]
  34: f72->f87, E: 4*D [O(n)]
  34: f72->f87, F: 4*D [O(n)]
  34: f72->f87, G: 4*(1+D) [O(n)]
  34: f72->f87, H: D [O(n)]
  34: f72->f87, I: B1 [O(n)]
  34: f72->f87, J: J [O(n)]
  34: f72->f87, N: N [O(n)]
  34: f72->f87, O: O [O(n)]
  34: f72->f87, P: -max{0, -1, -P} [O(n)]
  34: f72->f87, Q: 1 [O(1)]
  34: f72->f87, R: R [O(n)]
  34: f72->f87, S: S [O(n)]
  34: f72->f87, T: T [O(n)]
  34: f72->f87, V: V [O(n)]
  34: f72->f87, W: W [O(n)]
  34: f72->f87, X: X [O(n)]
  34: f72->f87, Y: Y [O(n)]
  35: f72->f87, A1: -max{-A1, -2*D+max{-1, -Q}} [O(n)]
  35: f72->f87, C: 2*D [O(n)]
  35: f72->f87, D: D [O(n)]
  35: f72->f87, E: 4*D [O(n)]
  35: f72->f87, F: 4*D [O(n)]
  35: f72->f87, G: 4*(1+D) [O(n)]
  35: f72->f87, H: D [O(n)]
  35: f72->f87, I: B1 [O(n)]
  35: f72->f87, J: J [O(n)]
  35: f72->f87, N: N [O(n)]
  35: f72->f87, O: O [O(n)]
  35: f72->f87, P: -max{0, -1, -P} [O(n)]
  35: f72->f87, Q: 1 [O(1)]
  35: f72->f87, R: R [O(n)]
  35: f72->f87, S: S [O(n)]
  35: f72->f87, T: T [O(n)]
  35: f72->f87, V: V [O(n)]
  35: f72->f87, W: W [O(n)]
  35: f72->f87, X: X [O(n)]
  35: f72->f87, Y: Y [O(n)]
  15: f87->f91, A1: -max{-A1, -2*D+max{-1, -Q}} [O(n)]
  15: f87->f91, C: 2*D [O(n)]
  15: f87->f91, D: D [O(n)]
  15: f87->f91, E: 4*D [O(n)]
  15: f87->f91, F: 4*D [O(n)]
  15: f87->f91, G: 4*(1+D) [O(n)]
  15: f87->f91, H: D [O(n)]
  15: f87->f91, I: B1 [O(n)]
  15: f87->f91, J: J [O(n)]
  15: f87->f91, L: 0 [O(1)]
  15: f87->f91, N: N [O(n)]
  15: f87->f91, O: O [O(n)]
  15: f87->f91, P: -max{0, -1, -P} [O(n)]
  15: f87->f91, Q: 1 [O(1)]
  15: f87->f91, R: R [O(n)]
  15: f87->f91, S: S [O(n)]
  15: f87->f91, T: T [O(n)]
  15: f87->f91, U: 0 [O(1)]
  15: f87->f91, V: V [O(n)]
  15: f87->f91, W: W [O(n)]
  15: f87->f91, X: X [O(n)]
  15: f87->f91, Y: Y [O(n)]
  16: f87->f91, A1: -max{-A1, -2*D+max{-1, -Q}} [O(n)]
  16: f87->f91, C: 2*D [O(n)]
  16: f87->f91, D: D [O(n)]
  16: f87->f91, E: 4*D [O(n)]
  16: f87->f91, F: 4*D [O(n)]
  16: f87->f91, G: 4*(1+D) [O(n)]
  16: f87->f91, H: D [O(n)]
  16: f87->f91, I: B1 [O(n)]
  16: f87->f91, J: J [O(n)]
  16: f87->f91, N: N [O(n)]
  16: f87->f91, O: O [O(n)]
  16: f87->f91, P: -max{0, -1, -P} [O(n)]
  16: f87->f91, Q: 1 [O(1)]
  16: f87->f91, R: R [O(n)]
  16: f87->f91, S: S [O(n)]
  16: f87->f91, T: T [O(n)]
  16: f87->f91, V: V [O(n)]
  16: f87->f91, W: W [O(n)]
  16: f87->f91, X: X [O(n)]
  16: f87->f91, Y: Y [O(n)]
  17: f87->f91, A1: -max{-A1, -2*D+max{-1, -Q}} [O(n)]
  17: f87->f91, C: 2*D [O(n)]
  17: f87->f91, D: D [O(n)]
  17: f87->f91, E: 4*D [O(n)]
  17: f87->f91, F: 4*D [O(n)]
  17: f87->f91, G: 4*(1+D) [O(n)]
  17: f87->f91, H: D [O(n)]
  17: f87->f91, I: B1 [O(n)]
  17: f87->f91, J: J [O(n)]
  17: f87->f91, L: 1 [O(1)]
  17: f87->f91, N: N [O(n)]
  17: f87->f91, O: O [O(n)]
  17: f87->f91, P: -max{0, -1, -P} [O(n)]
  17: f87->f91, Q: 1 [O(1)]
  17: f87->f91, R: R [O(n)]
  17: f87->f91, S: S [O(n)]
  17: f87->f91, T: T [O(n)]
  17: f87->f91, V: V [O(n)]
  17: f87->f91, W: W [O(n)]
  17: f87->f91, X: X [O(n)]
  17: f87->f91, Y: Y [O(n)]
  32: f91->f44, A1: -max{-A1, -2*D+max{-1, -Q}} [O(n)]
  32: f91->f44, C: 2*D [O(n)]
  32: f91->f44, D: D [O(n)]
  32: f91->f44, E: 4*D [O(n)]
  32: f91->f44, F: 4*D [O(n)]
  32: f91->f44, G: 4*(1+D) [O(n)]
  32: f91->f44, H: D [O(n)]
  32: f91->f44, I: B1 [O(n)]
  32: f91->f44, J: J [O(n)]
  32: f91->f44, N: N [O(n)]
  32: f91->f44, O: O [O(n)]
  32: f91->f44, P: -max{0, -1, -P} [O(n)]
  32: f91->f44, Q: 1 [O(1)]
  32: f91->f44, R: R [O(n)]
  32: f91->f44, S: S [O(n)]
  32: f91->f44, T: T [O(n)]
  32: f91->f44, V: V [O(n)]
  32: f91->f44, W: W [O(n)]
  32: f91->f44, X: X [O(n)]
  32: f91->f44, Y: Y [O(n)]
`Upper:
  0: f0->f23, A: 0 [O(1)]
  0: f0->f23, A1: A1 [O(n)]
  0: f0->f23, B: 0 [O(1)]
  0: f0->f23, C: 2*D [O(n)]
  0: f0->f23, D: D [O(n)]
  0: f0->f23, E: 4*D [O(n)]
  0: f0->f23, F: 4*(1+D) [O(n)]
  0: f0->f23, G: 4*(1+D) [O(n)]
  0: f0->f23, H: D [O(n)]
  0: f0->f23, I: B1 [O(n)]
  0: f0->f23, J: J [O(n)]
  0: f0->f23, K: K [O(n)]
  0: f0->f23, L: L [O(n)]
  0: f0->f23, M: M [O(n)]
  0: f0->f23, N: N [O(n)]
  0: f0->f23, O: O [O(n)]
  0: f0->f23, P: P [O(n)]
  0: f0->f23, Q: Q [O(n)]
  0: f0->f23, R: R [O(n)]
  0: f0->f23, S: S [O(n)]
  0: f0->f23, T: T [O(n)]
  0: f0->f23, U: U [O(n)]
  0: f0->f23, V: V [O(n)]
  0: f0->f23, W: W [O(n)]
  0: f0->f23, X: X [O(n)]
  0: f0->f23, Y: Y [O(n)]
  0: f0->f23, Z: Z [O(n)]
  31: f117->f125, A1: max{A1, 2*D} [O(n)]
  31: f117->f125, C: 2*D [O(n)]
  31: f117->f125, D: D [O(n)]
  31: f117->f125, E: 4*D [O(n)]
  31: f117->f125, F: 4*(1+D) [O(n)]
  31: f117->f125, G: 4*(1+D) [O(n)]
  31: f117->f125, H: D [O(n)]
  31: f117->f125, I: B1 [O(n)]
  31: f117->f125, N: N [O(n)]
  31: f117->f125, O: max{O, O+2*max{0, 1+N-O}} [O(n)]
  31: f117->f125, P: max{-1, -1, max{0, P}} [O(n)]
  31: f117->f125, Q: max{1, Q} [O(n)]
  31: f117->f125, R: R [O(n)]
  31: f117->f125, S: S [O(n)]
  31: f117->f125, T: T [O(n)]
  31: f117->f125, V: V [O(n)]
  31: f117->f125, W: W [O(n)]
  31: f117->f125, X: X [O(n)]
  31: f117->f125, Y: Y [O(n)]
  1: f23->f23, A1: A1 [O(n)]
  1: f23->f23, B: 0 [O(1)]
  1: f23->f23, C: 2*D [O(n)]
  1: f23->f23, D: D [O(n)]
  1: f23->f23, E: 4*D [O(n)]
  1: f23->f23, F: 4*(1+D) [O(n)]
  1: f23->f23, G: 4*(1+D) [O(n)]
  1: f23->f23, H: D [O(n)]
  1: f23->f23, I: B1 [O(n)]
  1: f23->f23, K: 1 [O(1)]
  1: f23->f23, L: 0 [O(1)]
  1: f23->f23, M: 0 [O(1)]
  1: f23->f23, N: N [O(n)]
  1: f23->f23, O: O [O(n)]
  1: f23->f23, P: P [O(n)]
  1: f23->f23, Q: Q [O(n)]
  1: f23->f23, R: R [O(n)]
  1: f23->f23, S: S [O(n)]
  1: f23->f23, T: T [O(n)]
  1: f23->f23, U: U [O(n)]
  1: f23->f23, V: V [O(n)]
  1: f23->f23, W: W [O(n)]
  1: f23->f23, X: X [O(n)]
  1: f23->f23, Y: Y [O(n)]
  1: f23->f23, Z: Z [O(n)]
  2: f23->f23, A1: A1 [O(n)]
  2: f23->f23, B: 0 [O(1)]
  2: f23->f23, C: 2*D [O(n)]
  2: f23->f23, D: D [O(n)]
  2: f23->f23, E: 4*D [O(n)]
  2: f23->f23, F: 4*(1+D) [O(n)]
  2: f23->f23, G: 4*(1+D) [O(n)]
  2: f23->f23, H: D [O(n)]
  2: f23->f23, I: B1 [O(n)]
  2: f23->f23, L: -1 [O(1)]
  2: f23->f23, N: N [O(n)]
  2: f23->f23, O: O [O(n)]
  2: f23->f23, P: P [O(n)]
  2: f23->f23, Q: Q [O(n)]
  2: f23->f23, R: R [O(n)]
  2: f23->f23, S: S [O(n)]
  2: f23->f23, T: T [O(n)]
  2: f23->f23, U: U [O(n)]
  2: f23->f23, V: V [O(n)]
  2: f23->f23, W: W [O(n)]
  2: f23->f23, X: X [O(n)]
  2: f23->f23, Y: Y [O(n)]
  2: f23->f23, Z: Z [O(n)]
  3: f23->f23, A1: A1 [O(n)]
  3: f23->f23, B: 0 [O(1)]
  3: f23->f23, C: 2*D [O(n)]
  3: f23->f23, D: D [O(n)]
  3: f23->f23, E: 4*D [O(n)]
  3: f23->f23, F: 4*(1+D) [O(n)]
  3: f23->f23, G: 4*(1+D) [O(n)]
  3: f23->f23, H: D [O(n)]
  3: f23->f23, I: B1 [O(n)]
  3: f23->f23, K: 0 [O(1)]
  3: f23->f23, N: N [O(n)]
  3: f23->f23, O: O [O(n)]
  3: f23->f23, P: P [O(n)]
  3: f23->f23, Q: Q [O(n)]
  3: f23->f23, R: R [O(n)]
  3: f23->f23, S: S [O(n)]
  3: f23->f23, T: T [O(n)]
  3: f23->f23, U: U [O(n)]
  3: f23->f23, V: V [O(n)]
  3: f23->f23, W: W [O(n)]
  3: f23->f23, X: X [O(n)]
  3: f23->f23, Y: Y [O(n)]
  3: f23->f23, Z: Z [O(n)]
  46: f23->f33, A1: A1 [O(n)]
  46: f23->f33, B: 0 [O(1)]
  46: f23->f33, C: 2*D [O(n)]
  46: f23->f33, D: D [O(n)]
  46: f23->f33, E: 4*D [O(n)]
  46: f23->f33, F: 4*(1+D) [O(n)]
  46: f23->f33, G: 4*(1+D) [O(n)]
  46: f23->f33, H: D [O(n)]
  46: f23->f33, I: B1 [O(n)]
  46: f23->f33, N: N [O(n)]
  46: f23->f33, O: O [O(n)]
  46: f23->f33, P: P [O(n)]
  46: f23->f33, Q: Q [O(n)]
  46: f23->f33, R: R [O(n)]
  46: f23->f33, S: S [O(n)]
  46: f23->f33, T: T [O(n)]
  46: f23->f33, U: U [O(n)]
  46: f23->f33, V: V [O(n)]
  46: f23->f33, W: W [O(n)]
  46: f23->f33, X: X [O(n)]
  46: f23->f33, Y: Y [O(n)]
  46: f23->f33, Z: Z [O(n)]
  4: f33->f33, A1: A1 [O(n)]
  4: f33->f33, B: 0 [O(1)]
  4: f33->f33, C: 2*D [O(n)]
  4: f33->f33, D: D [O(n)]
  4: f33->f33, E: 4*D [O(n)]
  4: f33->f33, F: 4*(1+D) [O(n)]
  4: f33->f33, G: 4*(1+D) [O(n)]
  4: f33->f33, H: D [O(n)]
  4: f33->f33, I: B1 [O(n)]
  4: f33->f33, N: N [O(n)]
  4: f33->f33, O: O [O(n)]
  4: f33->f33, P: P [O(n)]
  4: f33->f33, Q: Q [O(n)]
  4: f33->f33, R: R [O(n)]
  4: f33->f33, S: S [O(n)]
  4: f33->f33, T: T [O(n)]
  4: f33->f33, U: U [O(n)]
  4: f33->f33, V: V [O(n)]
  4: f33->f33, W: W [O(n)]
  4: f33->f33, X: X [O(n)]
  4: f33->f33, Y: Y [O(n)]
  4: f33->f33, Z: Z [O(n)]
  43: f33->f39, A1: A1 [O(n)]
  43: f33->f39, B: 0 [O(1)]
  43: f33->f39, C: 2*D [O(n)]
  43: f33->f39, D: D [O(n)]
  43: f33->f39, E: 4*D [O(n)]
  43: f33->f39, F: 4*(1+D) [O(n)]
  43: f33->f39, G: 4*(1+D) [O(n)]
  43: f33->f39, H: D [O(n)]
  43: f33->f39, I: B1 [O(n)]
  43: f33->f39, N: N [O(n)]
  43: f33->f39, O: O [O(n)]
  43: f33->f39, P: -1 [O(1)]
  43: f33->f39, Q: Q [O(n)]
  43: f33->f39, R: R [O(n)]
  43: f33->f39, S: S [O(n)]
  43: f33->f39, T: T [O(n)]
  43: f33->f39, U: U [O(n)]
  43: f33->f39, V: V [O(n)]
  43: f33->f39, W: W [O(n)]
  43: f33->f39, X: X [O(n)]
  43: f33->f39, Y: Y [O(n)]
  43: f33->f39, Z: Z [O(n)]
  44: f33->f39, A1: A1 [O(n)]
  44: f33->f39, B: 0 [O(1)]
  44: f33->f39, C: 2*D [O(n)]
  44: f33->f39, D: D [O(n)]
  44: f33->f39, E: 4*D [O(n)]
  44: f33->f39, F: 4*(1+D) [O(n)]
  44: f33->f39, G: 4*(1+D) [O(n)]
  44: f33->f39, H: D [O(n)]
  44: f33->f39, I: B1 [O(n)]
  44: f33->f39, N: N [O(n)]
  44: f33->f39, O: O [O(n)]
  44: f33->f39, P: P [O(n)]
  44: f33->f39, Q: Q [O(n)]
  44: f33->f39, R: R [O(n)]
  44: f33->f39, S: S [O(n)]
  44: f33->f39, T: T [O(n)]
  44: f33->f39, U: U [O(n)]
  44: f33->f39, V: V [O(n)]
  44: f33->f39, W: W [O(n)]
  44: f33->f39, X: X [O(n)]
  44: f33->f39, Y: Y [O(n)]
  44: f33->f39, Z: Z [O(n)]
  45: f33->f44, A1: A1 [O(n)]
  45: f33->f44, B: 0 [O(1)]
  45: f33->f44, C: 2*D [O(n)]
  45: f33->f44, D: D [O(n)]
  45: f33->f44, E: 4*D [O(n)]
  45: f33->f44, F: 4*(1+D) [O(n)]
  45: f33->f44, G: 4*(1+D) [O(n)]
  45: f33->f44, H: D [O(n)]
  45: f33->f44, I: B1 [O(n)]
  45: f33->f44, N: N [O(n)]
  45: f33->f44, O: O [O(n)]
  45: f33->f44, P: 0 [O(1)]
  45: f33->f44, Q: Q [O(n)]
  45: f33->f44, R: R [O(n)]
  45: f33->f44, S: S [O(n)]
  45: f33->f44, T: T [O(n)]
  45: f33->f44, U: U [O(n)]
  45: f33->f44, V: V [O(n)]
  45: f33->f44, W: W [O(n)]
  45: f33->f44, X: X [O(n)]
  45: f33->f44, Y: Y [O(n)]
  45: f33->f44, Z: Z [O(n)]
  42: f39->f44, A1: A1 [O(n)]
  42: f39->f44, B: 0 [O(1)]
  42: f39->f44, C: 2*D [O(n)]
  42: f39->f44, D: D [O(n)]
  42: f39->f44, E: 4*D [O(n)]
  42: f39->f44, F: 4*(1+D) [O(n)]
  42: f39->f44, G: 4*(1+D) [O(n)]
  42: f39->f44, H: D [O(n)]
  42: f39->f44, I: B1 [O(n)]
  42: f39->f44, N: N [O(n)]
  42: f39->f44, O: O [O(n)]
  42: f39->f44, P: max{-1, P} [O(n)]
  42: f39->f44, Q: Q [O(n)]
  42: f39->f44, R: R [O(n)]
  42: f39->f44, S: S [O(n)]
  42: f39->f44, T: T [O(n)]
  42: f39->f44, U: U [O(n)]
  42: f39->f44, V: V [O(n)]
  42: f39->f44, W: W [O(n)]
  42: f39->f44, X: X [O(n)]
  42: f39->f44, Y: Y [O(n)]
  42: f39->f44, Z: Z [O(n)]
  6: f44->f46, A1: max{A1, 2*D} [O(n)]
  6: f44->f46, C: 2*D [O(n)]
  6: f44->f46, D: D [O(n)]
  6: f44->f46, E: 4*D [O(n)]
  6: f44->f46, F: 4*(1+D) [O(n)]
  6: f44->f46, G: 4*(1+D) [O(n)]
  6: f44->f46, H: D [O(n)]
  6: f44->f46, I: B1 [O(n)]
  6: f44->f46, N: N [O(n)]
  6: f44->f46, O: O+2*max{0, 1+N-O} [O(n)]
  6: f44->f46, P: max{0, -1, P} [O(n)]
  6: f44->f46, Q: max{1, Q} [O(n)]
  6: f44->f46, R: R [O(n)]
  6: f44->f46, S: S [O(n)]
  6: f44->f46, T: T [O(n)]
  6: f44->f46, V: V [O(n)]
  6: f44->f46, W: W [O(n)]
  6: f44->f46, X: X [O(n)]
  6: f44->f46, Y: Y [O(n)]
  41: f44->f117, A1: max{A1, 2*D} [O(n)]
  41: f44->f117, C: 2*D [O(n)]
  41: f44->f117, D: D [O(n)]
  41: f44->f117, E: 4*D [O(n)]
  41: f44->f117, F: 4*(1+D) [O(n)]
  41: f44->f117, G: 4*(1+D) [O(n)]
  41: f44->f117, H: D [O(n)]
  41: f44->f117, I: B1 [O(n)]
  41: f44->f117, N: N [O(n)]
  41: f44->f117, O: max{O, O+2*max{0, 1+N-O}} [O(n)]
  41: f44->f117, P: max{-1, -1, max{0, P}} [O(n)]
  41: f44->f117, Q: max{1, Q} [O(n)]
  41: f44->f117, R: R [O(n)]
  41: f44->f117, S: S [O(n)]
  41: f44->f117, T: T [O(n)]
  41: f44->f117, V: V [O(n)]
  41: f44->f117, W: W [O(n)]
  41: f44->f117, X: X [O(n)]
  41: f44->f117, Y: Y [O(n)]
  7: f46->f49, A1: max{A1, 2*D} [O(n)]
  7: f46->f49, C: 2*D [O(n)]
  7: f46->f49, D: D [O(n)]
  7: f46->f49, E: 4*D [O(n)]
  7: f46->f49, F: 4*(1+D) [O(n)]
  7: f46->f49, G: 4*(1+D) [O(n)]
  7: f46->f49, H: D [O(n)]
  7: f46->f49, I: B1 [O(n)]
  7: f46->f49, N: N [O(n)]
  7: f46->f49, O: O+2*max{0, 1+N-O} [O(n)]
  7: f46->f49, P: -1 [O(1)]
  7: f46->f49, Q: 0 [O(1)]
  7: f46->f49, R: R [O(n)]
  7: f46->f49, S: S [O(n)]
  7: f46->f49, T: T [O(n)]
  7: f46->f49, V: V [O(n)]
  7: f46->f49, W: W [O(n)]
  7: f46->f49, X: X [O(n)]
  7: f46->f49, Y: Y [O(n)]
  8: f46->f49, A1: max{A1, 2*D} [O(n)]
  8: f46->f49, C: 2*D [O(n)]
  8: f46->f49, D: D [O(n)]
  8: f46->f49, E: 4*D [O(n)]
  8: f46->f49, F: 4*(1+D) [O(n)]
  8: f46->f49, G: 4*(1+D) [O(n)]
  8: f46->f49, H: D [O(n)]
  8: f46->f49, I: B1 [O(n)]
  8: f46->f49, N: N [O(n)]
  8: f46->f49, O: O+2*max{0, 1+N-O} [O(n)]
  8: f46->f49, P: max{0, -1, P} [O(n)]
  8: f46->f49, Q: 0 [O(1)]
  8: f46->f49, R: R [O(n)]
  8: f46->f49, S: S [O(n)]
  8: f46->f49, T: T [O(n)]
  8: f46->f49, V: V [O(n)]
  8: f46->f49, W: W [O(n)]
  8: f46->f49, X: X [O(n)]
  8: f46->f49, Y: Y [O(n)]
  12: f46->f66, A1: max{A1, 2*D} [O(n)]
  12: f46->f66, C: 2*D [O(n)]
  12: f46->f66, D: D [O(n)]
  12: f46->f66, E: 4*D [O(n)]
  12: f46->f66, F: 4*(1+D) [O(n)]
  12: f46->f66, G: 4*(1+D) [O(n)]
  12: f46->f66, H: D [O(n)]
  12: f46->f66, I: B1 [O(n)]
  12: f46->f66, N: N [O(n)]
  12: f46->f66, O: O+2*max{0, 1+N-O} [O(n)]
  12: f46->f66, P: 0 [O(1)]
  12: f46->f66, Q: 0 [O(1)]
  12: f46->f66, R: R [O(n)]
  12: f46->f66, S: S [O(n)]
  12: f46->f66, T: T [O(n)]
  12: f46->f66, V: V [O(n)]
  12: f46->f66, W: W [O(n)]
  12: f46->f66, X: X [O(n)]
  12: f46->f66, Y: Y [O(n)]
  40: f46->f72, A1: max{A1, 2*D} [O(n)]
  40: f46->f72, C: 2*D [O(n)]
  40: f46->f72, D: D [O(n)]
  40: f46->f72, E: 4*D [O(n)]
  40: f46->f72, F: 4*(1+D) [O(n)]
  40: f46->f72, G: 4*(1+D) [O(n)]
  40: f46->f72, H: D [O(n)]
  40: f46->f72, I: B1 [O(n)]
  40: f46->f72, N: N [O(n)]
  40: f46->f72, O: O+2*max{0, 1+N-O} [O(n)]
  40: f46->f72, P: max{0, -1, P} [O(n)]
  40: f46->f72, Q: max{1, Q} [O(n)]
  40: f46->f72, R: R [O(n)]
  40: f46->f72, S: S [O(n)]
  40: f46->f72, T: T [O(n)]
  40: f46->f72, V: V [O(n)]
  40: f46->f72, W: W [O(n)]
  40: f46->f72, X: X [O(n)]
  40: f46->f72, Y: Y [O(n)]
  39: f49->f54, A1: max{A1, 2*D} [O(n)]
  39: f49->f54, C: 2*D [O(n)]
  39: f49->f54, D: D [O(n)]
  39: f49->f54, E: 4*D [O(n)]
  39: f49->f54, F: 4*(1+D) [O(n)]
  39: f49->f54, G: 4*(1+D) [O(n)]
  39: f49->f54, H: D [O(n)]
  39: f49->f54, I: B1 [O(n)]
  39: f49->f54, N: N [O(n)]
  39: f49->f54, O: O+2*max{0, 1+N-O} [O(n)]
  39: f49->f54, P: max{0, -1, P} [O(n)]
  39: f49->f54, Q: 0 [O(1)]
  39: f49->f54, R: R [O(n)]
  39: f49->f54, S: S [O(n)]
  39: f49->f54, T: T [O(n)]
  39: f49->f54, V: V [O(n)]
  39: f49->f54, W: W [O(n)]
  39: f49->f54, X: X [O(n)]
  39: f49->f54, Y: Y [O(n)]
  38: f54->f60, A1: 2*D [O(n)]
  38: f54->f60, C: 2*D [O(n)]
  38: f54->f60, D: D [O(n)]
  38: f54->f60, E: 4*D [O(n)]
  38: f54->f60, F: 4*(1+D) [O(n)]
  38: f54->f60, G: 4*(1+D) [O(n)]
  38: f54->f60, H: D [O(n)]
  38: f54->f60, I: B1 [O(n)]
  38: f54->f60, N: N [O(n)]
  38: f54->f60, O: O+2*max{0, 1+N-O} [O(n)]
  38: f54->f60, P: max{0, -1, P} [O(n)]
  38: f54->f60, Q: 0 [O(1)]
  38: f54->f60, R: R [O(n)]
  38: f54->f60, S: S [O(n)]
  38: f54->f60, T: T [O(n)]
  38: f54->f60, V: V [O(n)]
  38: f54->f60, W: W [O(n)]
  38: f54->f60, X: X [O(n)]
  38: f54->f60, Y: Y [O(n)]
  37: f60->f46, A1: 2*D [O(n)]
  37: f60->f46, C: 2*D [O(n)]
  37: f60->f46, D: D [O(n)]
  37: f60->f46, E: 4*D [O(n)]
  37: f60->f46, F: 4*(1+D) [O(n)]
  37: f60->f46, G: 4*(1+D) [O(n)]
  37: f60->f46, H: D [O(n)]
  37: f60->f46, I: B1 [O(n)]
  37: f60->f46, N: N [O(n)]
  37: f60->f46, O: O+2*max{0, 1+N-O} [O(n)]
  37: f60->f46, P: max{0, -1, P} [O(n)]
  37: f60->f46, Q: 1 [O(1)]
  37: f60->f46, R: R [O(n)]
  37: f60->f46, S: S [O(n)]
  37: f60->f46, T: T [O(n)]
  37: f60->f46, V: V [O(n)]
  37: f60->f46, W: W [O(n)]
  37: f60->f46, X: X [O(n)]
  37: f60->f46, Y: Y [O(n)]
  13: f66->f66, A1: max{A1, 2*D} [O(n)]
  13: f66->f66, C: 2*D [O(n)]
  13: f66->f66, D: D [O(n)]
  13: f66->f66, E: 4*D [O(n)]
  13: f66->f66, F: 4*(1+D) [O(n)]
  13: f66->f66, G: 4*(1+D) [O(n)]
  13: f66->f66, H: D [O(n)]
  13: f66->f66, I: B1 [O(n)]
  13: f66->f66, N: N [O(n)]
  13: f66->f66, O: O+2*max{0, 1+N-O} [O(n)]
  13: f66->f66, P: 0 [O(1)]
  13: f66->f66, Q: 0 [O(1)]
  13: f66->f66, R: R [O(n)]
  13: f66->f66, S: S [O(n)]
  13: f66->f66, T: T [O(n)]
  13: f66->f66, V: V [O(n)]
  13: f66->f66, W: W [O(n)]
  13: f66->f66, X: X [O(n)]
  13: f66->f66, Y: Y [O(n)]
  36: f66->f46, A1: max{A1, 2*D} [O(n)]
  36: f66->f46, C: 2*D [O(n)]
  36: f66->f46, D: D [O(n)]
  36: f66->f46, E: 4*D [O(n)]
  36: f66->f46, F: 4*(1+D) [O(n)]
  36: f66->f46, G: 4*(1+D) [O(n)]
  36: f66->f46, H: D [O(n)]
  36: f66->f46, I: B1 [O(n)]
  36: f66->f46, N: N [O(n)]
  36: f66->f46, O: O+2*max{0, 1+N-O} [O(n)]
  36: f66->f46, P: 0 [O(1)]
  36: f66->f46, Q: 1 [O(1)]
  36: f66->f46, R: R [O(n)]
  36: f66->f46, S: S [O(n)]
  36: f66->f46, T: T [O(n)]
  36: f66->f46, V: V [O(n)]
  36: f66->f46, W: W [O(n)]
  36: f66->f46, X: X [O(n)]
  36: f66->f46, Y: Y [O(n)]
  33: f72->f87, A1: max{A1, 2*D} [O(n)]
  33: f72->f87, C: 2*D [O(n)]
  33: f72->f87, D: D [O(n)]
  33: f72->f87, E: 4*D [O(n)]
  33: f72->f87, F: 4*(1+D) [O(n)]
  33: f72->f87, G: 4*(1+D) [O(n)]
  33: f72->f87, H: D [O(n)]
  33: f72->f87, I: B1 [O(n)]
  33: f72->f87, N: N [O(n)]
  33: f72->f87, O: O+2*max{0, 1+N-O} [O(n)]
  33: f72->f87, P: max{0, -1, P} [O(n)]
  33: f72->f87, Q: max{1, Q} [O(n)]
  33: f72->f87, R: R [O(n)]
  33: f72->f87, S: S [O(n)]
  33: f72->f87, T: T [O(n)]
  33: f72->f87, V: V [O(n)]
  33: f72->f87, W: W [O(n)]
  33: f72->f87, X: X [O(n)]
  33: f72->f87, Y: Y [O(n)]
  33: f72->f87, Z: 0 [O(1)]
  34: f72->f87, A1: max{A1, 2*D} [O(n)]
  34: f72->f87, C: 2*D [O(n)]
  34: f72->f87, D: D [O(n)]
  34: f72->f87, E: 4*D [O(n)]
  34: f72->f87, F: 4*(1+D) [O(n)]
  34: f72->f87, G: 4*(1+D) [O(n)]
  34: f72->f87, H: D [O(n)]
  34: f72->f87, I: B1 [O(n)]
  34: f72->f87, N: N [O(n)]
  34: f72->f87, O: O+2*max{0, 1+N-O} [O(n)]
  34: f72->f87, P: max{0, -1, P} [O(n)]
  34: f72->f87, Q: max{1, Q} [O(n)]
  34: f72->f87, R: R [O(n)]
  34: f72->f87, S: S [O(n)]
  34: f72->f87, T: T [O(n)]
  34: f72->f87, V: V [O(n)]
  34: f72->f87, W: W [O(n)]
  34: f72->f87, X: X [O(n)]
  34: f72->f87, Y: Y [O(n)]
  35: f72->f87, A1: max{A1, 2*D} [O(n)]
  35: f72->f87, C: 2*D [O(n)]
  35: f72->f87, D: D [O(n)]
  35: f72->f87, E: 4*D [O(n)]
  35: f72->f87, F: 4*(1+D) [O(n)]
  35: f72->f87, G: 4*(1+D) [O(n)]
  35: f72->f87, H: D [O(n)]
  35: f72->f87, I: B1 [O(n)]
  35: f72->f87, N: N [O(n)]
  35: f72->f87, O: O+2*max{0, 1+N-O} [O(n)]
  35: f72->f87, P: max{0, -1, P} [O(n)]
  35: f72->f87, Q: max{1, Q} [O(n)]
  35: f72->f87, R: R [O(n)]
  35: f72->f87, S: S [O(n)]
  35: f72->f87, T: T [O(n)]
  35: f72->f87, V: V [O(n)]
  35: f72->f87, W: W [O(n)]
  35: f72->f87, X: X [O(n)]
  35: f72->f87, Y: Y [O(n)]
  15: f87->f91, A1: max{A1, 2*D} [O(n)]
  15: f87->f91, C: 2*D [O(n)]
  15: f87->f91, D: D [O(n)]
  15: f87->f91, E: 4*D [O(n)]
  15: f87->f91, F: 4*(1+D) [O(n)]
  15: f87->f91, G: 4*(1+D) [O(n)]
  15: f87->f91, H: D [O(n)]
  15: f87->f91, I: B1 [O(n)]
  15: f87->f91, L: 0 [O(1)]
  15: f87->f91, N: N [O(n)]
  15: f87->f91, O: O+2*max{0, 1+N-O} [O(n)]
  15: f87->f91, P: max{0, -1, P} [O(n)]
  15: f87->f91, Q: max{1, Q} [O(n)]
  15: f87->f91, R: R [O(n)]
  15: f87->f91, S: S [O(n)]
  15: f87->f91, T: T [O(n)]
  15: f87->f91, U: 0 [O(1)]
  15: f87->f91, V: V [O(n)]
  15: f87->f91, W: W [O(n)]
  15: f87->f91, X: X [O(n)]
  15: f87->f91, Y: Y [O(n)]
  16: f87->f91, A1: max{A1, 2*D} [O(n)]
  16: f87->f91, C: 2*D [O(n)]
  16: f87->f91, D: D [O(n)]
  16: f87->f91, E: 4*D [O(n)]
  16: f87->f91, F: 4*(1+D) [O(n)]
  16: f87->f91, G: 4*(1+D) [O(n)]
  16: f87->f91, H: D [O(n)]
  16: f87->f91, I: B1 [O(n)]
  16: f87->f91, L: -1 [O(1)]
  16: f87->f91, N: N [O(n)]
  16: f87->f91, O: O+2*max{0, 1+N-O} [O(n)]
  16: f87->f91, P: max{0, -1, P} [O(n)]
  16: f87->f91, Q: max{1, Q} [O(n)]
  16: f87->f91, R: R [O(n)]
  16: f87->f91, S: S [O(n)]
  16: f87->f91, T: T [O(n)]
  16: f87->f91, V: V [O(n)]
  16: f87->f91, W: W [O(n)]
  16: f87->f91, X: X [O(n)]
  16: f87->f91, Y: Y [O(n)]
  17: f87->f91, A1: max{A1, 2*D} [O(n)]
  17: f87->f91, C: 2*D [O(n)]
  17: f87->f91, D: D [O(n)]
  17: f87->f91, E: 4*D [O(n)]
  17: f87->f91, F: 4*(1+D) [O(n)]
  17: f87->f91, G: 4*(1+D) [O(n)]
  17: f87->f91, H: D [O(n)]
  17: f87->f91, I: B1 [O(n)]
  17: f87->f91, N: N [O(n)]
  17: f87->f91, O: O+2*max{0, 1+N-O} [O(n)]
  17: f87->f91, P: max{0, -1, P} [O(n)]
  17: f87->f91, Q: max{1, Q} [O(n)]
  17: f87->f91, R: R [O(n)]
  17: f87->f91, S: S [O(n)]
  17: f87->f91, T: T [O(n)]
  17: f87->f91, V: V [O(n)]
  17: f87->f91, W: W [O(n)]
  17: f87->f91, X: X [O(n)]
  17: f87->f91, Y: Y [O(n)]
  32: f91->f44, A1: max{A1, 2*D} [O(n)]
  32: f91->f44, C: 2*D [O(n)]
  32: f91->f44, D: D [O(n)]
  32: f91->f44, E: 4*D [O(n)]
  32: f91->f44, F: 4*(1+D) [O(n)]
  32: f91->f44, G: 4*(1+D) [O(n)]
  32: f91->f44, H: D [O(n)]
  32: f91->f44, I: B1 [O(n)]
  32: f91->f44, N: N [O(n)]
  32: f91->f44, O: O+2*max{0, 1+N-O} [O(n)]
  32: f91->f44, P: max{0, -1, P} [O(n)]
  32: f91->f44, Q: max{1, Q} [O(n)]
  32: f91->f44, R: R [O(n)]
  32: f91->f44, S: S [O(n)]
  32: f91->f44, T: T [O(n)]
  32: f91->f44, V: V [O(n)]
  32: f91->f44, W: W [O(n)]
  32: f91->f44, X: X [O(n)]
  32: f91->f44, Y: Y [O(n)]
