Timebounds: 
  Overall timebound: inf [Infinity]
  0: f0->f2: 1 [O(1)]
  1: f0->f2: 1 [O(1)]
  2: f0->f2: 1 [O(1)]
  3: f0->f2: 1 [O(1)]
  4: f2->f2: inf [Infinity]
  6: f2->f2: inf [Infinity]
  9: f2->f2: inf [Infinity]
  11: f2->f2: inf [Infinity]
  13: f2->f2: inf [Infinity]
  15: f2->f2: inf [Infinity]
  16: f2->f2: inf [Infinity]
  18: f2->f2: inf [Infinity]

Costbounds:
  Overall costbound: inf [Infinity]
  0: f0->f2: 1 [O(1)]
  1: f0->f2: 1 [O(1)]
  2: f0->f2: 1 [O(1)]
  3: f0->f2: 1 [O(1)]
  4: f2->f2: inf [Infinity]
  6: f2->f2: inf [Infinity]
  9: f2->f2: inf [Infinity]
  11: f2->f2: inf [Infinity]
  13: f2->f2: inf [Infinity]
  15: f2->f2: inf [Infinity]
  16: f2->f2: inf [Infinity]
  18: f2->f2: inf [Infinity]

Sizebounds:
`Lower:
  0: f0->f2, A: 1 [O(1)]
  0: f0->f2, B: 1 [O(1)]
  1: f0->f2, A: 1 [O(1)]
  1: f0->f2, B: B [O(n)]
  2: f0->f2, A: A [O(n)]
  2: f0->f2, B: 1 [O(1)]
  3: f0->f2, A: A [O(n)]
  3: f0->f2, B: B [O(n)]
  4: f2->f2, A: -inf [Infinity]
  4: f2->f2, B: 1 [O(1)]
  6: f2->f2, A: -inf [Infinity]
  6: f2->f2, B: -inf [Infinity]
  9: f2->f2, A: -inf [Infinity]
  9: f2->f2, B: -inf [Infinity]
  11: f2->f2, A: -inf [Infinity]
  11: f2->f2, B: -inf [Infinity]
  13: f2->f2, A: -inf [Infinity]
  13: f2->f2, B: 1 [O(1)]
  15: f2->f2, A: -inf [Infinity]
  15: f2->f2, B: -inf [Infinity]
  16: f2->f2, A: -inf [Infinity]
  16: f2->f2, B: -inf [Infinity]
  18: f2->f2, A: -inf [Infinity]
  18: f2->f2, B: -inf [Infinity]
`Upper:
  0: f0->f2, A: A [O(n)]
  0: f0->f2, B: B [O(n)]
  1: f0->f2, A: A [O(n)]
  1: f0->f2, B: -1 [O(1)]
  2: f0->f2, A: -1 [O(1)]
  2: f0->f2, B: B [O(n)]
  3: f0->f2, A: -1 [O(1)]
  3: f0->f2, B: -1 [O(1)]
  4: f2->f2, A: inf [Infinity]
  4: f2->f2, B: inf [Infinity]
  6: f2->f2, A: inf [Infinity]
  6: f2->f2, B: -1 [O(1)]
  9: f2->f2, A: inf [Infinity]
  9: f2->f2, B: -1 [O(1)]
  11: f2->f2, A: -1 [O(1)]
  11: f2->f2, B: -1 [O(1)]
  13: f2->f2, A: -1 [O(1)]
  13: f2->f2, B: inf [Infinity]
  15: f2->f2, A: -2 [O(1)]
  15: f2->f2, B: -1 [O(1)]
  16: f2->f2, A: inf [Infinity]
  16: f2->f2, B: inf [Infinity]
  18: f2->f2, A: -1 [O(1)]
  18: f2->f2, B: inf [Infinity]
