Timebounds: 
  Overall timebound: inf [Infinity]
  11: f0->f9: 1 [O(1)]
  8: f12->f9: inf [Infinity]
  6: f20->f20: inf [Infinity]
  7: f20->f9: inf [Infinity]
  2: f9->f12: inf [Infinity]
  3: f9->f12: inf [Infinity]
  9: f9->f20: inf [Infinity]
  10: f9->f20: inf [Infinity]

Costbounds:
  Overall costbound: inf [Infinity]
  11: f0->f9: 1 [O(1)]
  8: f12->f9: inf [Infinity]
  6: f20->f20: inf [Infinity]
  7: f20->f9: inf [Infinity]
  2: f9->f12: inf [Infinity]
  3: f9->f12: inf [Infinity]
  9: f9->f20: inf [Infinity]
  10: f9->f20: inf [Infinity]

Sizebounds:
`Lower:
  11: f0->f9, A: C [O(n)]
  11: f0->f9, B: B [O(n)]
  11: f0->f9, C: -inf [Infinity]
  8: f12->f9, A: -inf [Infinity]
  8: f12->f9, B: -inf [Infinity]
  8: f12->f9, C: -inf [Infinity]
  6: f20->f20, A: -inf [Infinity]
  6: f20->f20, B: -inf [Infinity]
  6: f20->f20, C: -inf [Infinity]
  7: f20->f9, A: -inf [Infinity]
  7: f20->f9, B: -inf [Infinity]
  7: f20->f9, C: -inf [Infinity]
  2: f9->f12, A: -inf [Infinity]
  2: f9->f12, B: -inf [Infinity]
  2: f9->f12, C: -inf [Infinity]
  3: f9->f12, A: -inf [Infinity]
  3: f9->f12, B: -inf [Infinity]
  3: f9->f12, C: -inf [Infinity]
  9: f9->f20, A: -inf [Infinity]
  9: f9->f20, B: 0 [O(1)]
  9: f9->f20, C: -inf [Infinity]
  10: f9->f20, A: 6 [O(1)]
  10: f9->f20, B: -inf [Infinity]
  10: f9->f20, C: -inf [Infinity]
`Upper:
  11: f0->f9, A: C [O(n)]
  11: f0->f9, B: B [O(n)]
  11: f0->f9, C: inf [Infinity]
  8: f12->f9, A: 6 [O(1)]
  8: f12->f9, B: inf [Infinity]
  8: f12->f9, C: inf [Infinity]
  6: f20->f20, A: max{5, 6, C} [O(n)]
  6: f20->f20, B: inf [Infinity]
  6: f20->f20, C: inf [Infinity]
  7: f20->f9, A: 2 [O(1)]
  7: f20->f9, B: inf [Infinity]
  7: f20->f9, C: inf [Infinity]
  2: f9->f12, A: 5 [O(1)]
  2: f9->f12, B: -1 [O(1)]
  2: f9->f12, C: inf [Infinity]
  3: f9->f12, A: 5 [O(1)]
  3: f9->f12, B: inf [Infinity]
  3: f9->f12, C: inf [Infinity]
  9: f9->f20, A: 5 [O(1)]
  9: f9->f20, B: 0 [O(1)]
  9: f9->f20, C: inf [Infinity]
  10: f9->f20, A: max{6, C} [O(n)]
  10: f9->f20, B: inf [Infinity]
  10: f9->f20, C: inf [Infinity]
