Timebounds: 
  Overall timebound: inf [Infinity]
  11: f0->f9: 1 [O(1)]
  5: f10->f9: inf [Infinity]
  9: f10->f9: inf [Infinity]
  7: f19->f19: inf [Infinity]
  8: f19->f9: inf [Infinity]
  0: f9->f10: inf [Infinity]
  3: f9->f10: inf [Infinity]
  4: f9->f10: inf [Infinity]
  10: f9->f19: inf [Infinity]

Costbounds:
  Overall costbound: inf [Infinity]
  11: f0->f9: 1 [O(1)]
  5: f10->f9: inf [Infinity]
  9: f10->f9: inf [Infinity]
  7: f19->f19: inf [Infinity]
  8: f19->f9: inf [Infinity]
  0: f9->f10: inf [Infinity]
  3: f9->f10: inf [Infinity]
  4: f9->f10: inf [Infinity]
  10: f9->f19: inf [Infinity]

Sizebounds:
`Lower:
  11: f0->f9, A: C [O(n)]
  11: f0->f9, B: B [O(n)]
  11: f0->f9, C: -inf [Infinity]
  5: f10->f9, A: -inf [Infinity]
  5: f10->f9, B: -inf [Infinity]
  5: f10->f9, C: -inf [Infinity]
  9: f10->f9, A: -inf [Infinity]
  9: f10->f9, B: -inf [Infinity]
  9: f10->f9, C: -inf [Infinity]
  7: f19->f19, A: 6 [O(1)]
  7: f19->f19, B: 0 [O(1)]
  7: f19->f19, C: -inf [Infinity]
  8: f19->f9, A: -inf [Infinity]
  8: f19->f9, B: 0 [O(1)]
  8: f19->f9, C: -inf [Infinity]
  0: f9->f10, A: -inf [Infinity]
  0: f9->f10, B: -inf [Infinity]
  0: f9->f10, C: -inf [Infinity]
  3: f9->f10, A: -inf [Infinity]
  3: f9->f10, B: -inf [Infinity]
  3: f9->f10, C: -inf [Infinity]
  4: f9->f10, A: -inf [Infinity]
  4: f9->f10, B: -inf [Infinity]
  4: f9->f10, C: -inf [Infinity]
  10: f9->f19, A: 6 [O(1)]
  10: f9->f19, B: 0 [O(1)]
  10: f9->f19, C: -inf [Infinity]
`Upper:
  11: f0->f9, A: C [O(n)]
  11: f0->f9, B: B [O(n)]
  11: f0->f9, C: inf [Infinity]
  5: f10->f9, A: inf [Infinity]
  5: f10->f9, B: inf [Infinity]
  5: f10->f9, C: inf [Infinity]
  9: f10->f9, A: 6 [O(1)]
  9: f10->f9, B: inf [Infinity]
  9: f10->f9, C: inf [Infinity]
  7: f19->f19, A: inf [Infinity]
  7: f19->f19, B: 0 [O(1)]
  7: f19->f19, C: inf [Infinity]
  8: f19->f9, A: 2 [O(1)]
  8: f19->f9, B: 0 [O(1)]
  8: f19->f9, C: inf [Infinity]
  0: f9->f10, A: 5 [O(1)]
  0: f9->f10, B: inf [Infinity]
  0: f9->f10, C: inf [Infinity]
  3: f9->f10, A: inf [Infinity]
  3: f9->f10, B: -1 [O(1)]
  3: f9->f10, C: inf [Infinity]
  4: f9->f10, A: inf [Infinity]
  4: f9->f10, B: inf [Infinity]
  4: f9->f10, C: inf [Infinity]
  10: f9->f19, A: inf [Infinity]
  10: f9->f19, B: 0 [O(1)]
  10: f9->f19, C: inf [Infinity]
