Timebounds: 
  Overall timebound: inf [Infinity]
  9: f0->f6: 1 [O(1)]
  3: f17->f24: 1 [O(1)]
  4: f17->f24: 1 [O(1)]
  5: f17->f24: 1 [O(1)]
  2: f6->f17: 1 [O(1)]
  6: f9->f17: 1 [O(1)]

Costbounds:
  Overall costbound: inf [Infinity]
  9: f0->f6: 1 [O(1)]
  3: f17->f24: 1 [O(1)]
  4: f17->f24: 1 [O(1)]
  5: f17->f24: 1 [O(1)]
  0: f6->f9: inf [Infinity]
  1: f6->f9: inf [Infinity]
  2: f6->f17: 1 [O(1)]
  6: f9->f17: 1 [O(1)]
  7: f9->f6: 0 [O(1)]
  8: f9->f6: inf [Infinity]

Sizebounds:
`Lower:
  9: f0->f6, A: D [O(n)]
  9: f0->f6, B: B [O(n)]
  9: f0->f6, C: 0 [O(1)]
  3: f17->f24, C: 0 [O(1)]
  4: f17->f24, C: 2 [O(1)]
  5: f17->f24, C: 0 [O(1)]
  0: f6->f9, C: 0 [O(1)]
  1: f6->f9, C: 0 [O(1)]
  2: f6->f17, A: 0 [O(1)]
  2: f6->f17, C: 0 [O(1)]
  6: f9->f17, B: 0 [O(1)]
  6: f9->f17, C: 1 [O(1)]
  7: f9->f6, C: 0 [O(1)]
  8: f9->f6, C: 0 [O(1)]
`Upper:
  9: f0->f6, A: D [O(n)]
  9: f0->f6, B: B [O(n)]
  9: f0->f6, C: 0 [O(1)]
  3: f17->f24, C: 0 [O(1)]
  4: f17->f24, C: 1 [O(1)]
  5: f17->f24, C: 0 [O(1)]
  0: f6->f9, A: -1 [O(1)]
  0: f6->f9, C: 0 [O(1)]
  1: f6->f9, C: 0 [O(1)]
  2: f6->f17, A: 0 [O(1)]
  2: f6->f17, C: 0 [O(1)]
  6: f9->f17, B: 0 [O(1)]
  6: f9->f17, C: 1 [O(1)]
  7: f9->f6, B: -1 [O(1)]
  7: f9->f6, C: 0 [O(1)]
  8: f9->f6, C: 0 [O(1)]
