Timebounds: 
  Overall timebound: inf [Infinity]
  41: f0->f20: 1 [O(1)]
  42: f0->f20: 1 [O(1)]
  43: f0->f20: 1 [O(1)]
  0: f20->f26: 1 [O(1)]
  1: f20->f26: 1 [O(1)]
  2: f20->f26: 1 [O(1)]
  4: f20->f26: 1 [O(1)]
  5: f26->f69: 1 [O(1)]
  6: f26->f33: 2*max{0, 4+4*W+max{0, -4*X}}+max{0, 4+4*W}+max{0, 4+4*W+max{-4, -4*X}} [O(n)]
  7: f26->f33: 2*max{0, 1+7*W}+max{0, 1+7*W}+max{0, 7*W} [O(n)]
  8: f26->f33: 2*max{0, 6*W+max{1, 1+-6*X}}+max{0, 1+6*W}+max{0, 6*W+max{-5, 1+-6*X}} [O(n)]
  25: f26->f26: 2*max{0, W}+max{0, W}+max{0, -1+W} [O(n)]
  26: f26->f26: 2*max{0, 4*W+max{0, -4*X}}+max{0, 4*W}+max{0, 4*W+max{-4, -4*X}} [O(n)]
  9: f33->f39: 2*max{0, 2*W+max{1, 1+-2*X}}+max{0, 1+2*W}+max{0, 2*W+max{-1, 1+-2*X}} [O(n)]
  10: f33->f39: 2*max{0, 5+5*W+max{0, -5*X}}+max{0, 5+5*W}+max{0, 5+5*W+max{-5, -5*X}} [O(n)]
  11: f33->f33: 2*max{0, I}+max{0, I}+max{0, I} [O(n)]
  12: f33->f33: 2*max{0, I}+max{0, I}+max{0, I} [O(n)]
  13: f39->f69: 1 [O(1)]
  14: f39->f47: 2*max{0, 8*W+max{1, 1+-6*X}}+max{0, 1+8*W}+max{0, 8*W+max{-5, 1+-6*X}} [O(n)]
  15: f39->f47: 2*max{0, 5*W+max{1, 1+-5*X}}+max{0, 1+5*W}+max{0, 5*W+max{-4, 1+-5*X}} [O(n)]
  17: f39->f50: 2*max{0, 1+W}+max{0, 1+W}+max{0, W} [O(n)]
  27: f39->f26: 2*max{0, W}+max{0, W}+max{0, -1+W} [O(n)]
  28: f39->f26: 2*max{0, 5*W}+max{0, 5*W}+max{0, -1+5*W} [O(n)]
  16: f47->f50: 2*max{0, 6*W}+max{0, 6*W}+max{0, -1+6*W} [O(n)]
  29: f47->f26: 2*max{0, 7*W+max{0, -4*X}}+max{0, 7*W}+max{0, 7*W+max{-4, -4*X}} [O(n)]
  30: f47->f26: 2*max{0, W}+max{0, W}+max{0, -1+W} [O(n)]
  18: f50->f69: 1 [O(1)]
  19: f50->f69: 1 [O(1)]
  20: f50->f59: 2*max{0, 4*W+max{0, -4*X}}+max{0, 4*W}+max{0, 4*W+max{-4, -4*X}} [O(n)]
  21: f50->f59: 2*max{0, 6*W+max{0, -6*X}}+max{0, 6*W}+max{0, 6*W+max{-6, -6*X}} [O(n)]
  22: f50->f59: 2*max{0, W}+max{0, W}+max{0, -1+W} [O(n)]
  31: f50->f26: 2*max{0, 5*W+max{0, -5*X}}+max{0, 5*W}+max{0, 5*W+max{-5, -5*X}} [O(n)]
  23: f59->f62: 2*max{0, 8*W+max{0, -8*X}}+max{0, 8*W}+max{0, 8*W+max{-8, -8*X}} [O(n)]
  24: f59->f62: 2*max{0, 7*W}+max{0, 7*W}+max{0, -1+7*W} [O(n)]
  32: f62->f26: 2*max{0, 8*W}+max{0, 8*W}+max{0, -1+8*W} [O(n)]
  33: f62->f26: 2*max{0, W}+max{0, W}+max{0, -1+W} [O(n)]
  35: f69->f71: 1 [O(1)]
  39: f69->f74: 1 [O(1)]
  34: f71->f71: inf [Infinity]
  36: f74->f74: inf [Infinity]

Costbounds:
  Overall costbound: inf [Infinity]
  41: f0->f20: 1 [O(1)]
  42: f0->f20: 1 [O(1)]
  43: f0->f20: 1 [O(1)]
  0: f20->f26: 1 [O(1)]
  1: f20->f26: 1 [O(1)]
  2: f20->f26: 1 [O(1)]
  4: f20->f26: 1 [O(1)]
  5: f26->f69: 1 [O(1)]
  6: f26->f33: 2*max{0, 4+4*W+max{0, -4*X}}+max{0, 4+4*W}+max{0, 4+4*W+max{-4, -4*X}} [O(n)]
  7: f26->f33: 2*max{0, 1+7*W}+max{0, 1+7*W}+max{0, 7*W} [O(n)]
  8: f26->f33: 2*max{0, 6*W+max{1, 1+-6*X}}+max{0, 1+6*W}+max{0, 6*W+max{-5, 1+-6*X}} [O(n)]
  25: f26->f26: 2*max{0, W}+max{0, W}+max{0, -1+W} [O(n)]
  26: f26->f26: 2*max{0, 4*W+max{0, -4*X}}+max{0, 4*W}+max{0, 4*W+max{-4, -4*X}} [O(n)]
  9: f33->f39: 2*max{0, 2*W+max{1, 1+-2*X}}+max{0, 1+2*W}+max{0, 2*W+max{-1, 1+-2*X}} [O(n)]
  10: f33->f39: 2*max{0, 5+5*W+max{0, -5*X}}+max{0, 5+5*W}+max{0, 5+5*W+max{-5, -5*X}} [O(n)]
  11: f33->f33: 2*max{0, I}+max{0, I}+max{0, I} [O(n)]
  12: f33->f33: 2*max{0, I}+max{0, I}+max{0, I} [O(n)]
  13: f39->f69: 1 [O(1)]
  14: f39->f47: 2*max{0, 8*W+max{1, 1+-6*X}}+max{0, 1+8*W}+max{0, 8*W+max{-5, 1+-6*X}} [O(n)]
  15: f39->f47: 2*max{0, 5*W+max{1, 1+-5*X}}+max{0, 1+5*W}+max{0, 5*W+max{-4, 1+-5*X}} [O(n)]
  17: f39->f50: 2*max{0, 1+W}+max{0, 1+W}+max{0, W} [O(n)]
  27: f39->f26: 2*max{0, W}+max{0, W}+max{0, -1+W} [O(n)]
  28: f39->f26: 2*max{0, 5*W}+max{0, 5*W}+max{0, -1+5*W} [O(n)]
  16: f47->f50: 2*max{0, 6*W}+max{0, 6*W}+max{0, -1+6*W} [O(n)]
  29: f47->f26: 2*max{0, 7*W+max{0, -4*X}}+max{0, 7*W}+max{0, 7*W+max{-4, -4*X}} [O(n)]
  30: f47->f26: 2*max{0, W}+max{0, W}+max{0, -1+W} [O(n)]
  18: f50->f69: 1 [O(1)]
  19: f50->f69: 1 [O(1)]
  20: f50->f59: 2*max{0, 4*W+max{0, -4*X}}+max{0, 4*W}+max{0, 4*W+max{-4, -4*X}} [O(n)]
  21: f50->f59: 2*max{0, 6*W+max{0, -6*X}}+max{0, 6*W}+max{0, 6*W+max{-6, -6*X}} [O(n)]
  22: f50->f59: 2*max{0, W}+max{0, W}+max{0, -1+W} [O(n)]
  31: f50->f26: 2*max{0, 5*W+max{0, -5*X}}+max{0, 5*W}+max{0, 5*W+max{-5, -5*X}} [O(n)]
  23: f59->f62: 2*max{0, 8*W+max{0, -8*X}}+max{0, 8*W}+max{0, 8*W+max{-8, -8*X}} [O(n)]
  24: f59->f62: 2*max{0, 7*W}+max{0, 7*W}+max{0, -1+7*W} [O(n)]
  32: f62->f26: 2*max{0, 8*W}+max{0, 8*W}+max{0, -1+8*W} [O(n)]
  33: f62->f26: 2*max{0, W}+max{0, W}+max{0, -1+W} [O(n)]
  35: f69->f71: 1 [O(1)]
  39: f69->f74: 1 [O(1)]
  34: f71->f71: inf [Infinity]
  36: f74->f74: inf [Infinity]

Sizebounds:
`Lower:
  41: f0->f20, A: Z [O(n)]
  41: f0->f20, B: B [O(n)]
  41: f0->f20, C: C [O(n)]
  41: f0->f20, D: 0 [O(1)]
  41: f0->f20, E: W [O(n)]
  41: f0->f20, F: F [O(n)]
  41: f0->f20, G: G [O(n)]
  41: f0->f20, H: 0 [O(1)]
  41: f0->f20, I: I [O(n)]
  41: f0->f20, J: J [O(n)]
  41: f0->f20, K: K [O(n)]
  41: f0->f20, L: L [O(n)]
  41: f0->f20, M: M [O(n)]
  41: f0->f20, N: N [O(n)]
  41: f0->f20, O: O [O(n)]
  41: f0->f20, P: P [O(n)]
  41: f0->f20, Q: Q [O(n)]
  41: f0->f20, R: R [O(n)]
  41: f0->f20, S: 0 [O(1)]
  41: f0->f20, T: 3 [O(1)]
  41: f0->f20, U: 1 [O(1)]
  41: f0->f20, V: 1 [O(1)]
  42: f0->f20, A: Z [O(n)]
  42: f0->f20, B: B [O(n)]
  42: f0->f20, C: C [O(n)]
  42: f0->f20, D: 0 [O(1)]
  42: f0->f20, E: W [O(n)]
  42: f0->f20, F: F [O(n)]
  42: f0->f20, G: G [O(n)]
  42: f0->f20, H: 0 [O(1)]
  42: f0->f20, I: I [O(n)]
  42: f0->f20, J: J [O(n)]
  42: f0->f20, K: K [O(n)]
  42: f0->f20, L: L [O(n)]
  42: f0->f20, M: M [O(n)]
  42: f0->f20, N: N [O(n)]
  42: f0->f20, O: O [O(n)]
  42: f0->f20, P: P [O(n)]
  42: f0->f20, Q: Q [O(n)]
  42: f0->f20, R: R [O(n)]
  42: f0->f20, S: 0 [O(1)]
  42: f0->f20, T: T [O(n)]
  42: f0->f20, U: 1 [O(1)]
  42: f0->f20, V: 1 [O(1)]
  43: f0->f20, A: Z [O(n)]
  43: f0->f20, B: B [O(n)]
  43: f0->f20, C: C [O(n)]
  43: f0->f20, D: 0 [O(1)]
  43: f0->f20, E: W [O(n)]
  43: f0->f20, F: F [O(n)]
  43: f0->f20, G: G [O(n)]
  43: f0->f20, H: 0 [O(1)]
  43: f0->f20, I: I [O(n)]
  43: f0->f20, J: J [O(n)]
  43: f0->f20, K: K [O(n)]
  43: f0->f20, L: L [O(n)]
  43: f0->f20, M: M [O(n)]
  43: f0->f20, N: N [O(n)]
  43: f0->f20, O: O [O(n)]
  43: f0->f20, P: P [O(n)]
  43: f0->f20, Q: Q [O(n)]
  43: f0->f20, R: R [O(n)]
  43: f0->f20, S: 0 [O(1)]
  43: f0->f20, T: 4 [O(1)]
  43: f0->f20, U: 1 [O(1)]
  43: f0->f20, V: 1 [O(1)]
  0: f20->f26, A: Z [O(n)]
  0: f20->f26, B: 1 [O(1)]
  0: f20->f26, C: 0 [O(1)]
  0: f20->f26, D: 0 [O(1)]
  0: f20->f26, E: W [O(n)]
  0: f20->f26, F: F [O(n)]
  0: f20->f26, G: G [O(n)]
  0: f20->f26, H: 0 [O(1)]
  0: f20->f26, I: I [O(n)]
  0: f20->f26, J: J [O(n)]
  0: f20->f26, K: K [O(n)]
  0: f20->f26, L: L [O(n)]
  0: f20->f26, M: M [O(n)]
  0: f20->f26, N: N [O(n)]
  0: f20->f26, O: O [O(n)]
  0: f20->f26, P: P [O(n)]
  0: f20->f26, Q: Q [O(n)]
  0: f20->f26, R: R [O(n)]
  0: f20->f26, S: 0 [O(1)]
  0: f20->f26, T: -max{-3, -T} [O(n)]
  0: f20->f26, U: 1 [O(1)]
  0: f20->f26, V: 1 [O(1)]
  1: f20->f26, A: 1 [O(1)]
  1: f20->f26, B: 1 [O(1)]
  1: f20->f26, C: 0 [O(1)]
  1: f20->f26, D: 0 [O(1)]
  1: f20->f26, E: W [O(n)]
  1: f20->f26, F: F [O(n)]
  1: f20->f26, G: G [O(n)]
  1: f20->f26, H: 0 [O(1)]
  1: f20->f26, I: I [O(n)]
  1: f20->f26, J: J [O(n)]
  1: f20->f26, K: K [O(n)]
  1: f20->f26, L: L [O(n)]
  1: f20->f26, M: M [O(n)]
  1: f20->f26, N: N [O(n)]
  1: f20->f26, O: O [O(n)]
  1: f20->f26, P: P [O(n)]
  1: f20->f26, Q: Q [O(n)]
  1: f20->f26, R: R [O(n)]
  1: f20->f26, S: 0 [O(1)]
  1: f20->f26, T: -max{-3, -T} [O(n)]
  1: f20->f26, U: 1 [O(1)]
  1: f20->f26, V: 1 [O(1)]
  2: f20->f26, A: 0 [O(1)]
  2: f20->f26, B: 1 [O(1)]
  2: f20->f26, C: 0 [O(1)]
  2: f20->f26, D: 0 [O(1)]
  2: f20->f26, E: W [O(n)]
  2: f20->f26, F: F [O(n)]
  2: f20->f26, G: G [O(n)]
  2: f20->f26, H: 0 [O(1)]
  2: f20->f26, I: I [O(n)]
  2: f20->f26, J: J [O(n)]
  2: f20->f26, K: K [O(n)]
  2: f20->f26, L: L [O(n)]
  2: f20->f26, M: M [O(n)]
  2: f20->f26, N: N [O(n)]
  2: f20->f26, O: O [O(n)]
  2: f20->f26, P: P [O(n)]
  2: f20->f26, Q: Q [O(n)]
  2: f20->f26, R: R [O(n)]
  2: f20->f26, S: 0 [O(1)]
  2: f20->f26, T: -max{-3, -T} [O(n)]
  2: f20->f26, U: 1 [O(1)]
  2: f20->f26, V: 1 [O(1)]
  4: f20->f26, A: 0 [O(1)]
  4: f20->f26, B: 0 [O(1)]
  4: f20->f26, C: 1 [O(1)]
  4: f20->f26, D: 1 [O(1)]
  4: f20->f26, E: W [O(n)]
  4: f20->f26, F: F [O(n)]
  4: f20->f26, G: G [O(n)]
  4: f20->f26, H: 0 [O(1)]
  4: f20->f26, I: I [O(n)]
  4: f20->f26, J: J [O(n)]
  4: f20->f26, K: K [O(n)]
  4: f20->f26, L: L [O(n)]
  4: f20->f26, M: M [O(n)]
  4: f20->f26, N: N [O(n)]
  4: f20->f26, O: O [O(n)]
  4: f20->f26, P: P [O(n)]
  4: f20->f26, Q: Q [O(n)]
  4: f20->f26, R: R [O(n)]
  4: f20->f26, S: 0 [O(1)]
  4: f20->f26, T: -max{-3, -T} [O(n)]
  4: f20->f26, U: 1 [O(1)]
  4: f20->f26, V: 1 [O(1)]
  5: f26->f69, A: -max{0, -Z} [O(n)]
  5: f26->f69, B: 0 [O(1)]
  5: f26->f69, C: 0 [O(1)]
  5: f26->f69, D: 0 [O(1)]
  5: f26->f69, E: -max{-1, -W} [O(n)]
  5: f26->f69, H: 0 [O(1)]
  5: f26->f69, I: -max{-1, -I} [O(n)]
  5: f26->f69, J: -max{1, -J} [O(n)]
  5: f26->f69, O: -max{-3, -O} [O(n)]
  5: f26->f69, P: -max{-1, -P} [O(n)]
  5: f26->f69, Q: -max{-1, -Q} [O(n)]
  5: f26->f69, S: 0 [O(1)]
  5: f26->f69, T: -max{-3, -T} [O(n)]
  5: f26->f69, U: 1 [O(1)]
  5: f26->f69, V: 1 [O(1)]
  6: f26->f33, A: -max{0, -Z} [O(n)]
  6: f26->f33, B: 0 [O(1)]
  6: f26->f33, C: 0 [O(1)]
  6: f26->f33, D: 0 [O(1)]
  6: f26->f33, E: 1 [O(1)]
  6: f26->f33, H: 0 [O(1)]
  6: f26->f33, I: -max{-1, -I} [O(n)]
  6: f26->f33, J: -max{1, -J} [O(n)]
  6: f26->f33, O: -max{-3, -O} [O(n)]
  6: f26->f33, P: -max{-1, -P} [O(n)]
  6: f26->f33, Q: -max{-1, -Q} [O(n)]
  6: f26->f33, S: 0 [O(1)]
  6: f26->f33, T: -max{-3, -T} [O(n)]
  6: f26->f33, U: 1 [O(1)]
  6: f26->f33, V: 1 [O(1)]
  7: f26->f33, A: -max{0, -Z} [O(n)]
  7: f26->f33, B: 0 [O(1)]
  7: f26->f33, C: 0 [O(1)]
  7: f26->f33, D: 0 [O(1)]
  7: f26->f33, E: 1 [O(1)]
  7: f26->f33, F: 1 [O(1)]
  7: f26->f33, H: 0 [O(1)]
  7: f26->f33, I: -max{-1, -I} [O(n)]
  7: f26->f33, J: -max{1, -J} [O(n)]
  7: f26->f33, O: -max{-3, -O} [O(n)]
  7: f26->f33, P: -max{-1, -P} [O(n)]
  7: f26->f33, Q: -max{-1, -Q} [O(n)]
  7: f26->f33, S: 0 [O(1)]
  7: f26->f33, T: -max{-3, -T} [O(n)]
  7: f26->f33, U: 1 [O(1)]
  7: f26->f33, V: 1 [O(1)]
  8: f26->f33, A: -max{0, -Z} [O(n)]
  8: f26->f33, B: 0 [O(1)]
  8: f26->f33, C: 0 [O(1)]
  8: f26->f33, D: 0 [O(1)]
  8: f26->f33, E: 1 [O(1)]
  8: f26->f33, F: 0 [O(1)]
  8: f26->f33, G: 0 [O(1)]
  8: f26->f33, H: 0 [O(1)]
  8: f26->f33, I: -max{-1, -I} [O(n)]
  8: f26->f33, J: -max{1, -J} [O(n)]
  8: f26->f33, O: -max{-3, -O} [O(n)]
  8: f26->f33, P: -max{-1, -P} [O(n)]
  8: f26->f33, Q: -max{-1, -Q} [O(n)]
  8: f26->f33, S: 0 [O(1)]
  8: f26->f33, T: -max{-3, -T} [O(n)]
  8: f26->f33, U: 1 [O(1)]
  8: f26->f33, V: 1 [O(1)]
  25: f26->f26, A: -max{0, -Z} [O(n)]
  25: f26->f26, B: 0 [O(1)]
  25: f26->f26, C: 1 [O(1)]
  25: f26->f26, D: 0 [O(1)]
  25: f26->f26, E: 1 [O(1)]
  25: f26->f26, F: 0 [O(1)]
  25: f26->f26, H: 0 [O(1)]
  25: f26->f26, I: -max{-1, -I} [O(n)]
  25: f26->f26, J: -max{1, -J} [O(n)]
  25: f26->f26, O: -max{-3, -O} [O(n)]
  25: f26->f26, P: -max{-1, -P} [O(n)]
  25: f26->f26, Q: -max{-1, -Q} [O(n)]
  25: f26->f26, S: 0 [O(1)]
  25: f26->f26, T: -max{-3, -T} [O(n)]
  25: f26->f26, U: 1 [O(1)]
  25: f26->f26, V: 1 [O(1)]
  26: f26->f26, A: -max{0, -Z} [O(n)]
  26: f26->f26, B: 0 [O(1)]
  26: f26->f26, C: 1 [O(1)]
  26: f26->f26, D: 0 [O(1)]
  26: f26->f26, E: 1 [O(1)]
  26: f26->f26, F: 0 [O(1)]
  26: f26->f26, G: 1 [O(1)]
  26: f26->f26, H: 0 [O(1)]
  26: f26->f26, I: -max{-1, -I} [O(n)]
  26: f26->f26, J: -max{1, -J} [O(n)]
  26: f26->f26, O: -max{-3, -O} [O(n)]
  26: f26->f26, P: -max{-1, -P} [O(n)]
  26: f26->f26, Q: -max{-1, -Q} [O(n)]
  26: f26->f26, S: 0 [O(1)]
  26: f26->f26, T: -max{-3, -T} [O(n)]
  26: f26->f26, U: 1 [O(1)]
  26: f26->f26, V: 1 [O(1)]
  9: f33->f39, A: -max{0, -Z} [O(n)]
  9: f33->f39, B: 0 [O(1)]
  9: f33->f39, C: 0 [O(1)]
  9: f33->f39, D: 0 [O(1)]
  9: f33->f39, E: 1 [O(1)]
  9: f33->f39, H: 0 [O(1)]
  9: f33->f39, I: -max{-1, -1, -I} [O(n)]
  9: f33->f39, J: -max{1, -J} [O(n)]
  9: f33->f39, O: -max{-3, -O} [O(n)]
  9: f33->f39, P: -max{-1, -P} [O(n)]
  9: f33->f39, Q: -max{-1, -Q} [O(n)]
  9: f33->f39, S: 0 [O(1)]
  9: f33->f39, T: -max{-3, -T} [O(n)]
  9: f33->f39, U: 1 [O(1)]
  9: f33->f39, V: 1 [O(1)]
  10: f33->f39, A: -max{0, -Z} [O(n)]
  10: f33->f39, B: 0 [O(1)]
  10: f33->f39, C: 0 [O(1)]
  10: f33->f39, D: 0 [O(1)]
  10: f33->f39, E: 1 [O(1)]
  10: f33->f39, H: 0 [O(1)]
  10: f33->f39, I: 1 [O(1)]
  10: f33->f39, J: -1 [O(1)]
  10: f33->f39, O: -max{-3, -O} [O(n)]
  10: f33->f39, P: -max{-1, -P} [O(n)]
  10: f33->f39, Q: -max{-1, -Q} [O(n)]
  10: f33->f39, S: 0 [O(1)]
  10: f33->f39, T: -max{-3, -T} [O(n)]
  10: f33->f39, U: 1 [O(1)]
  10: f33->f39, V: 1 [O(1)]
  11: f33->f33, A: -max{0, -Z} [O(n)]
  11: f33->f33, B: 0 [O(1)]
  11: f33->f33, C: 0 [O(1)]
  11: f33->f33, D: 0 [O(1)]
  11: f33->f33, E: 1 [O(1)]
  11: f33->f33, H: 1 [O(1)]
  11: f33->f33, I: 1 [O(1)]
  11: f33->f33, J: -max{1, -J} [O(n)]
  11: f33->f33, O: -max{-3, -O} [O(n)]
  11: f33->f33, P: -max{-1, -P} [O(n)]
  11: f33->f33, Q: -max{-1, -Q} [O(n)]
  11: f33->f33, S: 0 [O(1)]
  11: f33->f33, T: -max{-3, -T} [O(n)]
  11: f33->f33, U: 1 [O(1)]
  11: f33->f33, V: 1 [O(1)]
  12: f33->f33, A: -max{0, -Z} [O(n)]
  12: f33->f33, B: 0 [O(1)]
  12: f33->f33, C: 0 [O(1)]
  12: f33->f33, D: 0 [O(1)]
  12: f33->f33, E: 1 [O(1)]
  12: f33->f33, H: 1 [O(1)]
  12: f33->f33, I: 1 [O(1)]
  12: f33->f33, J: 0 [O(1)]
  12: f33->f33, O: -max{-3, -O} [O(n)]
  12: f33->f33, P: -max{-1, -P} [O(n)]
  12: f33->f33, Q: -max{-1, -Q} [O(n)]
  12: f33->f33, S: 0 [O(1)]
  12: f33->f33, T: -max{-3, -T} [O(n)]
  12: f33->f33, U: 1 [O(1)]
  12: f33->f33, V: 1 [O(1)]
  13: f39->f69, A: -max{0, -Z} [O(n)]
  13: f39->f69, B: 0 [O(1)]
  13: f39->f69, C: 0 [O(1)]
  13: f39->f69, D: 0 [O(1)]
  13: f39->f69, E: 1 [O(1)]
  13: f39->f69, H: 0 [O(1)]
  13: f39->f69, I: -max{-1, -1, max{-1, -I}} [O(n)]
  13: f39->f69, J: -max{1, 1, -J} [O(n)]
  13: f39->f69, O: -max{-3, -O} [O(n)]
  13: f39->f69, P: -max{-1, -P} [O(n)]
  13: f39->f69, Q: -max{-1, -Q} [O(n)]
  13: f39->f69, S: 0 [O(1)]
  13: f39->f69, T: -max{-3, -T} [O(n)]
  13: f39->f69, U: 1 [O(1)]
  13: f39->f69, V: 1 [O(1)]
  14: f39->f47, A: -max{0, -Z} [O(n)]
  14: f39->f47, B: 0 [O(1)]
  14: f39->f47, C: 0 [O(1)]
  14: f39->f47, D: 0 [O(1)]
  14: f39->f47, E: 1 [O(1)]
  14: f39->f47, H: 0 [O(1)]
  14: f39->f47, I: 1 [O(1)]
  14: f39->f47, J: -max{1, -J} [O(n)]
  14: f39->f47, K: 0 [O(1)]
  14: f39->f47, O: -max{-3, -O} [O(n)]
  14: f39->f47, P: -max{-1, -P} [O(n)]
  14: f39->f47, Q: -max{-1, -Q} [O(n)]
  14: f39->f47, S: 0 [O(1)]
  14: f39->f47, T: -max{-3, -T} [O(n)]
  14: f39->f47, U: 1 [O(1)]
  14: f39->f47, V: 1 [O(1)]
  15: f39->f47, A: -max{0, -Z} [O(n)]
  15: f39->f47, B: 0 [O(1)]
  15: f39->f47, C: 0 [O(1)]
  15: f39->f47, D: 0 [O(1)]
  15: f39->f47, E: 1 [O(1)]
  15: f39->f47, H: 0 [O(1)]
  15: f39->f47, I: 1 [O(1)]
  15: f39->f47, J: -max{1, -J} [O(n)]
  15: f39->f47, K: 0 [O(1)]
  15: f39->f47, L: 1 [O(1)]
  15: f39->f47, O: -max{-3, -O} [O(n)]
  15: f39->f47, P: -max{-1, -P} [O(n)]
  15: f39->f47, Q: -max{-1, -Q} [O(n)]
  15: f39->f47, S: 0 [O(1)]
  15: f39->f47, T: -max{-3, -T} [O(n)]
  15: f39->f47, U: 1 [O(1)]
  15: f39->f47, V: 1 [O(1)]
  17: f39->f50, A: -max{0, -Z} [O(n)]
  17: f39->f50, B: 0 [O(1)]
  17: f39->f50, C: 0 [O(1)]
  17: f39->f50, D: 0 [O(1)]
  17: f39->f50, E: 1 [O(1)]
  17: f39->f50, H: 0 [O(1)]
  17: f39->f50, I: 1 [O(1)]
  17: f39->f50, J: -max{1, -J} [O(n)]
  17: f39->f50, K: 0 [O(1)]
  17: f39->f50, L: 0 [O(1)]
  17: f39->f50, O: -max{-3, -O} [O(n)]
  17: f39->f50, P: -max{-1, -P} [O(n)]
  17: f39->f50, Q: -max{-1, -Q} [O(n)]
  17: f39->f50, S: 0 [O(1)]
  17: f39->f50, T: -max{-3, -T} [O(n)]
  17: f39->f50, U: 1 [O(1)]
  17: f39->f50, V: 1 [O(1)]
  27: f39->f26, A: -max{0, -Z} [O(n)]
  27: f39->f26, B: 0 [O(1)]
  27: f39->f26, C: 1 [O(1)]
  27: f39->f26, D: 0 [O(1)]
  27: f39->f26, E: 1 [O(1)]
  27: f39->f26, H: 0 [O(1)]
  27: f39->f26, I: 1 [O(1)]
  27: f39->f26, J: -max{1, -J} [O(n)]
  27: f39->f26, O: -max{-3, -O} [O(n)]
  27: f39->f26, P: -max{-1, -P} [O(n)]
  27: f39->f26, Q: -max{-1, -Q} [O(n)]
  27: f39->f26, S: 0 [O(1)]
  27: f39->f26, T: -max{-3, -T} [O(n)]
  27: f39->f26, U: 1 [O(1)]
  27: f39->f26, V: 1 [O(1)]
  28: f39->f26, A: -max{0, -Z} [O(n)]
  28: f39->f26, B: 0 [O(1)]
  28: f39->f26, C: 1 [O(1)]
  28: f39->f26, D: 0 [O(1)]
  28: f39->f26, E: 1 [O(1)]
  28: f39->f26, H: 0 [O(1)]
  28: f39->f26, I: 1 [O(1)]
  28: f39->f26, J: -max{1, -J} [O(n)]
  28: f39->f26, K: 1 [O(1)]
  28: f39->f26, O: -max{-3, -O} [O(n)]
  28: f39->f26, P: -max{-1, -P} [O(n)]
  28: f39->f26, Q: -max{-1, -Q} [O(n)]
  28: f39->f26, S: 0 [O(1)]
  28: f39->f26, T: -max{-3, -T} [O(n)]
  28: f39->f26, U: 1 [O(1)]
  28: f39->f26, V: 1 [O(1)]
  16: f47->f50, A: -max{0, -Z} [O(n)]
  16: f47->f50, B: 0 [O(1)]
  16: f47->f50, C: 0 [O(1)]
  16: f47->f50, D: 0 [O(1)]
  16: f47->f50, E: 1 [O(1)]
  16: f47->f50, H: 0 [O(1)]
  16: f47->f50, I: 1 [O(1)]
  16: f47->f50, J: -max{1, -J} [O(n)]
  16: f47->f50, K: 0 [O(1)]
  16: f47->f50, M: 0 [O(1)]
  16: f47->f50, O: -max{-3, -O} [O(n)]
  16: f47->f50, P: -max{-1, -P} [O(n)]
  16: f47->f50, Q: -max{-1, -Q} [O(n)]
  16: f47->f50, S: 0 [O(1)]
  16: f47->f50, T: -max{-3, -T} [O(n)]
  16: f47->f50, U: 1 [O(1)]
  16: f47->f50, V: 1 [O(1)]
  29: f47->f26, A: -max{0, -Z} [O(n)]
  29: f47->f26, B: 0 [O(1)]
  29: f47->f26, C: 1 [O(1)]
  29: f47->f26, D: 0 [O(1)]
  29: f47->f26, E: 1 [O(1)]
  29: f47->f26, H: 0 [O(1)]
  29: f47->f26, I: 1 [O(1)]
  29: f47->f26, J: -max{1, -J} [O(n)]
  29: f47->f26, K: 0 [O(1)]
  29: f47->f26, O: -max{-3, -O} [O(n)]
  29: f47->f26, P: -max{-1, -P} [O(n)]
  29: f47->f26, Q: -max{-1, -Q} [O(n)]
  29: f47->f26, S: 0 [O(1)]
  29: f47->f26, T: -max{-3, -T} [O(n)]
  29: f47->f26, U: 1 [O(1)]
  29: f47->f26, V: 1 [O(1)]
  30: f47->f26, A: -max{0, -Z} [O(n)]
  30: f47->f26, B: 0 [O(1)]
  30: f47->f26, C: 1 [O(1)]
  30: f47->f26, D: 0 [O(1)]
  30: f47->f26, E: 1 [O(1)]
  30: f47->f26, H: 0 [O(1)]
  30: f47->f26, I: 1 [O(1)]
  30: f47->f26, J: -max{1, -J} [O(n)]
  30: f47->f26, K: 0 [O(1)]
  30: f47->f26, M: 1 [O(1)]
  30: f47->f26, O: -max{-3, -O} [O(n)]
  30: f47->f26, P: -max{-1, -P} [O(n)]
  30: f47->f26, Q: -max{-1, -Q} [O(n)]
  30: f47->f26, S: 0 [O(1)]
  30: f47->f26, T: -max{-3, -T} [O(n)]
  30: f47->f26, U: 1 [O(1)]
  30: f47->f26, V: 1 [O(1)]
  18: f50->f69, A: -max{0, -Z} [O(n)]
  18: f50->f69, B: 0 [O(1)]
  18: f50->f69, C: 0 [O(1)]
  18: f50->f69, D: 0 [O(1)]
  18: f50->f69, E: 1 [O(1)]
  18: f50->f69, H: 0 [O(1)]
  18: f50->f69, I: 1 [O(1)]
  18: f50->f69, J: -max{1, -J} [O(n)]
  18: f50->f69, K: 0 [O(1)]
  18: f50->f69, N: 0 [O(1)]
  18: f50->f69, O: 3 [O(1)]
  18: f50->f69, P: 1 [O(1)]
  18: f50->f69, S: 0 [O(1)]
  18: f50->f69, T: -max{-3, -T} [O(n)]
  18: f50->f69, U: 1 [O(1)]
  18: f50->f69, V: 1 [O(1)]
  19: f50->f69, A: -max{0, -Z} [O(n)]
  19: f50->f69, B: 0 [O(1)]
  19: f50->f69, C: 0 [O(1)]
  19: f50->f69, D: 0 [O(1)]
  19: f50->f69, E: 1 [O(1)]
  19: f50->f69, H: 0 [O(1)]
  19: f50->f69, I: 1 [O(1)]
  19: f50->f69, J: -max{1, -J} [O(n)]
  19: f50->f69, K: 0 [O(1)]
  19: f50->f69, N: 0 [O(1)]
  19: f50->f69, O: 3 [O(1)]
  19: f50->f69, P: 1 [O(1)]
  19: f50->f69, Q: 2 [O(1)]
  19: f50->f69, S: 0 [O(1)]
  19: f50->f69, T: -max{-3, -T} [O(n)]
  19: f50->f69, U: 1 [O(1)]
  19: f50->f69, V: 1 [O(1)]
  20: f50->f59, A: -max{0, -Z} [O(n)]
  20: f50->f59, B: 0 [O(1)]
  20: f50->f59, C: 0 [O(1)]
  20: f50->f59, D: 0 [O(1)]
  20: f50->f59, E: 1 [O(1)]
  20: f50->f59, H: 0 [O(1)]
  20: f50->f59, I: 1 [O(1)]
  20: f50->f59, J: -max{1, -J} [O(n)]
  20: f50->f59, K: 0 [O(1)]
  20: f50->f59, N: 0 [O(1)]
  20: f50->f59, O: -max{-3, -O} [O(n)]
  20: f50->f59, P: -max{-1, -P} [O(n)]
  20: f50->f59, Q: -max{-1, -Q} [O(n)]
  20: f50->f59, S: 0 [O(1)]
  20: f50->f59, T: -max{-3, -T} [O(n)]
  20: f50->f59, U: 1 [O(1)]
  20: f50->f59, V: 1 [O(1)]
  21: f50->f59, A: -max{0, -Z} [O(n)]
  21: f50->f59, B: 0 [O(1)]
  21: f50->f59, C: 0 [O(1)]
  21: f50->f59, D: 0 [O(1)]
  21: f50->f59, E: 1 [O(1)]
  21: f50->f59, H: 0 [O(1)]
  21: f50->f59, I: 1 [O(1)]
  21: f50->f59, J: -max{1, -J} [O(n)]
  21: f50->f59, K: 0 [O(1)]
  21: f50->f59, N: 0 [O(1)]
  21: f50->f59, O: 4 [O(1)]
  21: f50->f59, P: -max{-1, -P} [O(n)]
  21: f50->f59, Q: -max{-1, -Q} [O(n)]
  21: f50->f59, S: 0 [O(1)]
  21: f50->f59, T: -max{-3, -T} [O(n)]
  21: f50->f59, U: 1 [O(1)]
  21: f50->f59, V: 1 [O(1)]
  22: f50->f59, A: -max{0, -Z} [O(n)]
  22: f50->f59, B: 0 [O(1)]
  22: f50->f59, C: 0 [O(1)]
  22: f50->f59, D: 0 [O(1)]
  22: f50->f59, E: 1 [O(1)]
  22: f50->f59, H: 0 [O(1)]
  22: f50->f59, I: 1 [O(1)]
  22: f50->f59, J: -max{1, -J} [O(n)]
  22: f50->f59, K: 0 [O(1)]
  22: f50->f59, N: 0 [O(1)]
  22: f50->f59, O: 3 [O(1)]
  22: f50->f59, P: -max{-1, -P} [O(n)]
  22: f50->f59, Q: 1 [O(1)]
  22: f50->f59, S: 0 [O(1)]
  22: f50->f59, T: -max{-3, -T} [O(n)]
  22: f50->f59, U: 1 [O(1)]
  22: f50->f59, V: 1 [O(1)]
  31: f50->f26, A: -max{0, -Z} [O(n)]
  31: f50->f26, B: 0 [O(1)]
  31: f50->f26, C: 1 [O(1)]
  31: f50->f26, D: 0 [O(1)]
  31: f50->f26, E: 1 [O(1)]
  31: f50->f26, H: 0 [O(1)]
  31: f50->f26, I: 1 [O(1)]
  31: f50->f26, J: -max{1, -J} [O(n)]
  31: f50->f26, K: 0 [O(1)]
  31: f50->f26, O: -max{-3, -O} [O(n)]
  31: f50->f26, P: 1 [O(1)]
  31: f50->f26, Q: -max{-1, -Q} [O(n)]
  31: f50->f26, S: 0 [O(1)]
  31: f50->f26, T: -max{-3, -T} [O(n)]
  31: f50->f26, U: 1 [O(1)]
  31: f50->f26, V: 1 [O(1)]
  23: f59->f62, A: -max{0, -Z} [O(n)]
  23: f59->f62, B: 0 [O(1)]
  23: f59->f62, C: 0 [O(1)]
  23: f59->f62, D: 0 [O(1)]
  23: f59->f62, E: 1 [O(1)]
  23: f59->f62, H: 0 [O(1)]
  23: f59->f62, I: 1 [O(1)]
  23: f59->f62, J: -max{1, -J} [O(n)]
  23: f59->f62, K: 0 [O(1)]
  23: f59->f62, O: -max{-3, -O} [O(n)]
  23: f59->f62, P: -max{-1, -P} [O(n)]
  23: f59->f62, Q: -max{-1, -Q} [O(n)]
  23: f59->f62, S: 0 [O(1)]
  23: f59->f62, T: -max{-3, -T} [O(n)]
  23: f59->f62, U: 1 [O(1)]
  23: f59->f62, V: 1 [O(1)]
  24: f59->f62, A: -max{0, -Z} [O(n)]
  24: f59->f62, B: 0 [O(1)]
  24: f59->f62, C: 0 [O(1)]
  24: f59->f62, D: 0 [O(1)]
  24: f59->f62, E: 1 [O(1)]
  24: f59->f62, H: 0 [O(1)]
  24: f59->f62, I: 1 [O(1)]
  24: f59->f62, J: -max{1, -J} [O(n)]
  24: f59->f62, K: 0 [O(1)]
  24: f59->f62, O: -max{-3, -O} [O(n)]
  24: f59->f62, P: -max{-1, -P} [O(n)]
  24: f59->f62, Q: -max{-1, -Q} [O(n)]
  24: f59->f62, R: 10 [O(1)]
  24: f59->f62, S: 0 [O(1)]
  24: f59->f62, T: -max{-3, -T} [O(n)]
  24: f59->f62, U: 1 [O(1)]
  24: f59->f62, V: 1 [O(1)]
  32: f62->f26, A: -max{0, -Z} [O(n)]
  32: f62->f26, B: 0 [O(1)]
  32: f62->f26, C: 1 [O(1)]
  32: f62->f26, D: 0 [O(1)]
  32: f62->f26, E: 1 [O(1)]
  32: f62->f26, H: 0 [O(1)]
  32: f62->f26, I: 1 [O(1)]
  32: f62->f26, J: -max{1, -J} [O(n)]
  32: f62->f26, K: 0 [O(1)]
  32: f62->f26, O: -max{-3, -O} [O(n)]
  32: f62->f26, P: 1 [O(1)]
  32: f62->f26, Q: -max{-1, -Q} [O(n)]
  32: f62->f26, S: 0 [O(1)]
  32: f62->f26, T: -max{-3, -T} [O(n)]
  32: f62->f26, U: 1 [O(1)]
  32: f62->f26, V: 1 [O(1)]
  33: f62->f26, A: -max{0, -Z} [O(n)]
  33: f62->f26, B: 0 [O(1)]
  33: f62->f26, C: 1 [O(1)]
  33: f62->f26, D: 0 [O(1)]
  33: f62->f26, E: 1 [O(1)]
  33: f62->f26, H: 0 [O(1)]
  33: f62->f26, I: 1 [O(1)]
  33: f62->f26, J: 0 [O(1)]
  33: f62->f26, K: 0 [O(1)]
  33: f62->f26, N: 0 [O(1)]
  33: f62->f26, O: -max{-3, -O} [O(n)]
  33: f62->f26, P: -max{-1, -P} [O(n)]
  33: f62->f26, Q: -max{-1, -Q} [O(n)]
  33: f62->f26, S: 1 [O(1)]
  33: f62->f26, T: -max{-3, -T} [O(n)]
  33: f62->f26, U: 1 [O(1)]
  33: f62->f26, V: 1 [O(1)]
  35: f69->f71, A: 0 [O(1)]
  35: f69->f71, B: 0 [O(1)]
  35: f69->f71, C: 0 [O(1)]
  35: f69->f71, D: 0 [O(1)]
  35: f69->f71, E: -max{-1, -1, -W} [O(n)]
  35: f69->f71, H: 0 [O(1)]
  35: f69->f71, I: -max{-1, -1, max{-1, -1, -I}} [O(n)]
  35: f69->f71, J: -max{1, 1, -J} [O(n)]
  35: f69->f71, O: -max{-3, -3, -O} [O(n)]
  35: f69->f71, P: -max{-1, -1, -P} [O(n)]
  35: f69->f71, S: 0 [O(1)]
  35: f69->f71, T: -max{-3, -T} [O(n)]
  35: f69->f71, U: 1 [O(1)]
  35: f69->f71, V: 1 [O(1)]
  39: f69->f74, A: 0 [O(1)]
  39: f69->f74, B: 0 [O(1)]
  39: f69->f74, C: 1 [O(1)]
  39: f69->f74, D: 0 [O(1)]
  39: f69->f74, E: -max{-1, -1, -W} [O(n)]
  39: f69->f74, H: 0 [O(1)]
  39: f69->f74, I: -max{-1, -1, max{-1, -1, -I}} [O(n)]
  39: f69->f74, J: -max{1, 1, -J} [O(n)]
  39: f69->f74, O: -max{-3, -3, -O} [O(n)]
  39: f69->f74, P: -max{-1, -1, -P} [O(n)]
  39: f69->f74, S: 1 [O(1)]
  39: f69->f74, T: -max{-3, -T} [O(n)]
  39: f69->f74, U: 1 [O(1)]
  39: f69->f74, V: 1 [O(1)]
  34: f71->f71, A: 0 [O(1)]
  34: f71->f71, B: 0 [O(1)]
  34: f71->f71, C: 0 [O(1)]
  34: f71->f71, D: 0 [O(1)]
  34: f71->f71, E: -max{-1, -1, -W} [O(n)]
  34: f71->f71, H: 0 [O(1)]
  34: f71->f71, I: -max{-1, -1, max{-1, -1, -I}} [O(n)]
  34: f71->f71, J: -max{1, 1, -J} [O(n)]
  34: f71->f71, O: -max{-3, -3, -O} [O(n)]
  34: f71->f71, P: -max{-1, -1, -P} [O(n)]
  34: f71->f71, S: 0 [O(1)]
  34: f71->f71, T: -max{-3, -T} [O(n)]
  34: f71->f71, U: 1 [O(1)]
  34: f71->f71, V: 1 [O(1)]
  36: f74->f74, A: 0 [O(1)]
  36: f74->f74, B: 0 [O(1)]
  36: f74->f74, C: 1 [O(1)]
  36: f74->f74, D: 0 [O(1)]
  36: f74->f74, E: -max{-1, -1, -W} [O(n)]
  36: f74->f74, H: 0 [O(1)]
  36: f74->f74, I: -max{-1, -1, max{-1, -1, -I}} [O(n)]
  36: f74->f74, J: -max{1, 1, -J} [O(n)]
  36: f74->f74, O: -max{-3, -3, -O} [O(n)]
  36: f74->f74, P: -max{-1, -1, -P} [O(n)]
  36: f74->f74, S: 1 [O(1)]
  36: f74->f74, T: -max{-3, -T} [O(n)]
  36: f74->f74, U: 1 [O(1)]
  36: f74->f74, V: 1 [O(1)]
`Upper:
  41: f0->f20, A: Z [O(n)]
  41: f0->f20, B: B [O(n)]
  41: f0->f20, C: C [O(n)]
  41: f0->f20, D: X [O(n)]
  41: f0->f20, E: W [O(n)]
  41: f0->f20, F: F [O(n)]
  41: f0->f20, G: G [O(n)]
  41: f0->f20, H: 0 [O(1)]
  41: f0->f20, I: I [O(n)]
  41: f0->f20, J: J [O(n)]
  41: f0->f20, K: K [O(n)]
  41: f0->f20, L: L [O(n)]
  41: f0->f20, M: M [O(n)]
  41: f0->f20, N: N [O(n)]
  41: f0->f20, O: O [O(n)]
  41: f0->f20, P: P [O(n)]
  41: f0->f20, Q: Q [O(n)]
  41: f0->f20, R: R [O(n)]
  41: f0->f20, S: 0 [O(1)]
  41: f0->f20, T: 3 [O(1)]
  41: f0->f20, U: 1 [O(1)]
  41: f0->f20, V: Y [O(n)]
  42: f0->f20, A: Z [O(n)]
  42: f0->f20, B: B [O(n)]
  42: f0->f20, C: C [O(n)]
  42: f0->f20, D: X [O(n)]
  42: f0->f20, E: W [O(n)]
  42: f0->f20, F: F [O(n)]
  42: f0->f20, G: G [O(n)]
  42: f0->f20, H: 0 [O(1)]
  42: f0->f20, I: I [O(n)]
  42: f0->f20, J: J [O(n)]
  42: f0->f20, K: K [O(n)]
  42: f0->f20, L: L [O(n)]
  42: f0->f20, M: M [O(n)]
  42: f0->f20, N: N [O(n)]
  42: f0->f20, O: O [O(n)]
  42: f0->f20, P: P [O(n)]
  42: f0->f20, Q: Q [O(n)]
  42: f0->f20, R: R [O(n)]
  42: f0->f20, S: 0 [O(1)]
  42: f0->f20, T: 2 [O(1)]
  42: f0->f20, U: 1 [O(1)]
  42: f0->f20, V: Y [O(n)]
  43: f0->f20, A: Z [O(n)]
  43: f0->f20, B: B [O(n)]
  43: f0->f20, C: C [O(n)]
  43: f0->f20, D: X [O(n)]
  43: f0->f20, E: W [O(n)]
  43: f0->f20, F: F [O(n)]
  43: f0->f20, G: G [O(n)]
  43: f0->f20, H: 0 [O(1)]
  43: f0->f20, I: I [O(n)]
  43: f0->f20, J: J [O(n)]
  43: f0->f20, K: K [O(n)]
  43: f0->f20, L: L [O(n)]
  43: f0->f20, M: M [O(n)]
  43: f0->f20, N: N [O(n)]
  43: f0->f20, O: O [O(n)]
  43: f0->f20, P: P [O(n)]
  43: f0->f20, Q: Q [O(n)]
  43: f0->f20, R: R [O(n)]
  43: f0->f20, S: 0 [O(1)]
  43: f0->f20, T: T [O(n)]
  43: f0->f20, U: 1 [O(1)]
  43: f0->f20, V: Y [O(n)]
  0: f20->f26, A: -1 [O(1)]
  0: f20->f26, B: 1 [O(1)]
  0: f20->f26, C: X [O(n)]
  0: f20->f26, D: X [O(n)]
  0: f20->f26, E: W [O(n)]
  0: f20->f26, F: F [O(n)]
  0: f20->f26, G: G [O(n)]
  0: f20->f26, H: 0 [O(1)]
  0: f20->f26, I: I [O(n)]
  0: f20->f26, J: J [O(n)]
  0: f20->f26, K: K [O(n)]
  0: f20->f26, L: L [O(n)]
  0: f20->f26, M: M [O(n)]
  0: f20->f26, N: N [O(n)]
  0: f20->f26, O: O [O(n)]
  0: f20->f26, P: P [O(n)]
  0: f20->f26, Q: Q [O(n)]
  0: f20->f26, R: R [O(n)]
  0: f20->f26, S: 0 [O(1)]
  0: f20->f26, T: max{3, T} [O(n)]
  0: f20->f26, U: 1 [O(1)]
  0: f20->f26, V: Y [O(n)]
  1: f20->f26, A: Z [O(n)]
  1: f20->f26, B: 1 [O(1)]
  1: f20->f26, C: X [O(n)]
  1: f20->f26, D: X [O(n)]
  1: f20->f26, E: W [O(n)]
  1: f20->f26, F: F [O(n)]
  1: f20->f26, G: G [O(n)]
  1: f20->f26, H: 0 [O(1)]
  1: f20->f26, I: I [O(n)]
  1: f20->f26, J: J [O(n)]
  1: f20->f26, K: K [O(n)]
  1: f20->f26, L: L [O(n)]
  1: f20->f26, M: M [O(n)]
  1: f20->f26, N: N [O(n)]
  1: f20->f26, O: O [O(n)]
  1: f20->f26, P: P [O(n)]
  1: f20->f26, Q: Q [O(n)]
  1: f20->f26, R: R [O(n)]
  1: f20->f26, S: 0 [O(1)]
  1: f20->f26, T: max{3, T} [O(n)]
  1: f20->f26, U: 1 [O(1)]
  1: f20->f26, V: Y [O(n)]
  2: f20->f26, A: 0 [O(1)]
  2: f20->f26, B: 1 [O(1)]
  2: f20->f26, C: 0 [O(1)]
  2: f20->f26, D: 0 [O(1)]
  2: f20->f26, E: W [O(n)]
  2: f20->f26, F: F [O(n)]
  2: f20->f26, G: G [O(n)]
  2: f20->f26, H: 0 [O(1)]
  2: f20->f26, I: I [O(n)]
  2: f20->f26, J: J [O(n)]
  2: f20->f26, K: K [O(n)]
  2: f20->f26, L: L [O(n)]
  2: f20->f26, M: M [O(n)]
  2: f20->f26, N: N [O(n)]
  2: f20->f26, O: O [O(n)]
  2: f20->f26, P: P [O(n)]
  2: f20->f26, Q: Q [O(n)]
  2: f20->f26, R: R [O(n)]
  2: f20->f26, S: 0 [O(1)]
  2: f20->f26, T: max{3, T} [O(n)]
  2: f20->f26, U: 1 [O(1)]
  2: f20->f26, V: Y [O(n)]
  4: f20->f26, A: 0 [O(1)]
  4: f20->f26, B: 0 [O(1)]
  4: f20->f26, C: X [O(n)]
  4: f20->f26, D: X [O(n)]
  4: f20->f26, E: W [O(n)]
  4: f20->f26, F: F [O(n)]
  4: f20->f26, G: G [O(n)]
  4: f20->f26, H: 0 [O(1)]
  4: f20->f26, I: I [O(n)]
  4: f20->f26, J: J [O(n)]
  4: f20->f26, K: K [O(n)]
  4: f20->f26, L: L [O(n)]
  4: f20->f26, M: M [O(n)]
  4: f20->f26, N: N [O(n)]
  4: f20->f26, O: O [O(n)]
  4: f20->f26, P: P [O(n)]
  4: f20->f26, Q: Q [O(n)]
  4: f20->f26, R: R [O(n)]
  4: f20->f26, S: 0 [O(1)]
  4: f20->f26, T: max{3, T} [O(n)]
  4: f20->f26, U: 1 [O(1)]
  4: f20->f26, V: Y [O(n)]
  5: f26->f69, A: max{0, Z} [O(n)]
  5: f26->f69, B: 1 [O(1)]
  5: f26->f69, C: max{0, X, max{X, X, 2*2*max{0, W}+2*max{0, W}+2*max{0, 4*W+max{0, -4*X}}+2*max{0, W}+2*max{0, 5*W}+2*max{0, 7*W+max{0, -4*X}}+2*max{0, 5*W+max{0, -5*X}}+2*max{0, 8*W}+max{0, X}+max{0, -1+W}+max{0, -1+W}+max{0, W}+max{0, 4*W+max{-4, -4*X}}+max{0, 4*W}+max{0, -1+W}+max{0, W}+max{0, -1+5*W}+max{0, 5*W}+max{0, 7*W+max{-4, -4*X}}+max{0, 7*W}+max{0, -1+W}+max{0, W}+max{0, 5*W+max{-5, -5*X}}+max{0, 5*W}+max{0, -1+8*W}+max{0, 8*W}+max{0, W}}} [O(n)]
  5: f26->f69, D: max{0, X} [O(n)]
  5: f26->f69, E: W [O(n)]
  5: f26->f69, H: max{0, 2*(2*max{0, I}+max{0, I}+max{0, I})} [O(n)]
  5: f26->f69, I: I [O(n)]
  5: f26->f69, J: max{0, J} [O(n)]
  5: f26->f69, O: max{3, O} [O(n)]
  5: f26->f69, P: max{1, P} [O(n)]
  5: f26->f69, Q: max{1, Q} [O(n)]
  5: f26->f69, R: max{10, R} [O(n)]
  5: f26->f69, S: max{0, 2*max{0, W}+max{0, W}+max{0, -1+W}} [O(n)]
  5: f26->f69, T: max{3, T} [O(n)]
  5: f26->f69, U: 1 [O(1)]
  5: f26->f69, V: Y [O(n)]
  6: f26->f33, A: max{0, Z} [O(n)]
  6: f26->f33, B: 1 [O(1)]
  6: f26->f33, C: 2*2*max{0, W}+2*max{0, W}+2*max{0, 4*W+max{0, -4*X}}+2*max{0, W}+2*max{0, 5*W}+2*max{0, 7*W+max{0, -4*X}}+2*max{0, 5*W+max{0, -5*X}}+2*max{0, 8*W}+max{0, X}+max{0, -1+W}+max{0, -1+W}+max{0, W}+max{0, 4*W+max{-4, -4*X}}+max{0, 4*W}+max{0, -1+W}+max{0, W}+max{0, -1+5*W}+max{0, 5*W}+max{0, 7*W+max{-4, -4*X}}+max{0, 7*W}+max{0, -1+W}+max{0, W}+max{0, 5*W+max{-5, -5*X}}+max{0, 5*W}+max{0, -1+8*W}+max{0, 8*W}+max{0, W} [O(n)]
  6: f26->f33, D: max{0, X} [O(n)]
  6: f26->f33, E: W [O(n)]
  6: f26->f33, F: -1 [O(1)]
  6: f26->f33, H: 2*(2*max{0, I}+max{0, I}+max{0, I}) [O(n)]
  6: f26->f33, I: I [O(n)]
  6: f26->f33, J: max{0, J} [O(n)]
  6: f26->f33, O: max{3, O} [O(n)]
  6: f26->f33, P: max{1, P} [O(n)]
  6: f26->f33, Q: max{1, Q} [O(n)]
  6: f26->f33, R: max{10, R} [O(n)]
  6: f26->f33, S: 2*max{0, W}+max{0, W}+max{0, -1+W} [O(n)]
  6: f26->f33, T: max{3, T} [O(n)]
  6: f26->f33, U: 1 [O(1)]
  6: f26->f33, V: Y [O(n)]
  7: f26->f33, A: max{0, Z} [O(n)]
  7: f26->f33, B: 1 [O(1)]
  7: f26->f33, C: 2*2*max{0, W}+2*max{0, W}+2*max{0, 4*W+max{0, -4*X}}+2*max{0, W}+2*max{0, 5*W}+2*max{0, 7*W+max{0, -4*X}}+2*max{0, 5*W+max{0, -5*X}}+2*max{0, 8*W}+max{0, X}+max{0, -1+W}+max{0, -1+W}+max{0, W}+max{0, 4*W+max{-4, -4*X}}+max{0, 4*W}+max{0, -1+W}+max{0, W}+max{0, -1+5*W}+max{0, 5*W}+max{0, 7*W+max{-4, -4*X}}+max{0, 7*W}+max{0, -1+W}+max{0, W}+max{0, 5*W+max{-5, -5*X}}+max{0, 5*W}+max{0, -1+8*W}+max{0, 8*W}+max{0, W} [O(n)]
  7: f26->f33, D: max{0, X} [O(n)]
  7: f26->f33, E: W [O(n)]
  7: f26->f33, H: 2*(2*max{0, I}+max{0, I}+max{0, I}) [O(n)]
  7: f26->f33, I: I [O(n)]
  7: f26->f33, J: max{0, J} [O(n)]
  7: f26->f33, O: max{3, O} [O(n)]
  7: f26->f33, P: max{1, P} [O(n)]
  7: f26->f33, Q: max{1, Q} [O(n)]
  7: f26->f33, R: max{10, R} [O(n)]
  7: f26->f33, S: 2*max{0, W}+max{0, W}+max{0, -1+W} [O(n)]
  7: f26->f33, T: max{3, T} [O(n)]
  7: f26->f33, U: 1 [O(1)]
  7: f26->f33, V: Y [O(n)]
  8: f26->f33, A: max{0, Z} [O(n)]
  8: f26->f33, B: 1 [O(1)]
  8: f26->f33, C: 2*2*max{0, W}+2*max{0, W}+2*max{0, 4*W+max{0, -4*X}}+2*max{0, W}+2*max{0, 5*W}+2*max{0, 7*W+max{0, -4*X}}+2*max{0, 5*W+max{0, -5*X}}+2*max{0, 8*W}+max{0, X}+max{0, -1+W}+max{0, -1+W}+max{0, W}+max{0, 4*W+max{-4, -4*X}}+max{0, 4*W}+max{0, -1+W}+max{0, W}+max{0, -1+5*W}+max{0, 5*W}+max{0, 7*W+max{-4, -4*X}}+max{0, 7*W}+max{0, -1+W}+max{0, W}+max{0, 5*W+max{-5, -5*X}}+max{0, 5*W}+max{0, -1+8*W}+max{0, 8*W}+max{0, W} [O(n)]
  8: f26->f33, D: max{0, X} [O(n)]
  8: f26->f33, E: W [O(n)]
  8: f26->f33, F: 0 [O(1)]
  8: f26->f33, G: 0 [O(1)]
  8: f26->f33, H: 2*(2*max{0, I}+max{0, I}+max{0, I}) [O(n)]
  8: f26->f33, I: I [O(n)]
  8: f26->f33, J: max{0, J} [O(n)]
  8: f26->f33, O: max{3, O} [O(n)]
  8: f26->f33, P: max{1, P} [O(n)]
  8: f26->f33, Q: max{1, Q} [O(n)]
  8: f26->f33, R: max{10, R} [O(n)]
  8: f26->f33, S: 2*max{0, W}+max{0, W}+max{0, -1+W} [O(n)]
  8: f26->f33, T: max{3, T} [O(n)]
  8: f26->f33, U: 1 [O(1)]
  8: f26->f33, V: Y [O(n)]
  25: f26->f26, A: max{0, Z} [O(n)]
  25: f26->f26, B: 1 [O(1)]
  25: f26->f26, C: 2*2*max{0, W}+2*max{0, W}+2*max{0, 4*W+max{0, -4*X}}+2*max{0, W}+2*max{0, 5*W}+2*max{0, 7*W+max{0, -4*X}}+2*max{0, 5*W+max{0, -5*X}}+2*max{0, 8*W}+max{0, X}+max{0, -1+W}+max{0, -1+W}+max{0, W}+max{0, 4*W+max{-4, -4*X}}+max{0, 4*W}+max{0, -1+W}+max{0, W}+max{0, -1+5*W}+max{0, 5*W}+max{0, 7*W+max{-4, -4*X}}+max{0, 7*W}+max{0, -1+W}+max{0, W}+max{0, 5*W+max{-5, -5*X}}+max{0, 5*W}+max{0, -1+8*W}+max{0, 8*W}+max{0, W} [O(n)]
  25: f26->f26, D: max{0, X} [O(n)]
  25: f26->f26, E: W [O(n)]
  25: f26->f26, F: 0 [O(1)]
  25: f26->f26, G: -1 [O(1)]
  25: f26->f26, H: 2*(2*max{0, I}+max{0, I}+max{0, I}) [O(n)]
  25: f26->f26, I: I [O(n)]
  25: f26->f26, J: max{0, J} [O(n)]
  25: f26->f26, O: max{3, O} [O(n)]
  25: f26->f26, P: max{1, P} [O(n)]
  25: f26->f26, Q: max{1, Q} [O(n)]
  25: f26->f26, R: max{10, R} [O(n)]
  25: f26->f26, S: 2*max{0, W}+max{0, W}+max{0, -1+W} [O(n)]
  25: f26->f26, T: max{3, T} [O(n)]
  25: f26->f26, U: 1 [O(1)]
  25: f26->f26, V: Y [O(n)]
  26: f26->f26, A: max{0, Z} [O(n)]
  26: f26->f26, B: 1 [O(1)]
  26: f26->f26, C: 2*2*max{0, W}+2*max{0, W}+2*max{0, 4*W+max{0, -4*X}}+2*max{0, W}+2*max{0, 5*W}+2*max{0, 7*W+max{0, -4*X}}+2*max{0, 5*W+max{0, -5*X}}+2*max{0, 8*W}+max{0, X}+max{0, -1+W}+max{0, -1+W}+max{0, W}+max{0, 4*W+max{-4, -4*X}}+max{0, 4*W}+max{0, -1+W}+max{0, W}+max{0, -1+5*W}+max{0, 5*W}+max{0, 7*W+max{-4, -4*X}}+max{0, 7*W}+max{0, -1+W}+max{0, W}+max{0, 5*W+max{-5, -5*X}}+max{0, 5*W}+max{0, -1+8*W}+max{0, 8*W}+max{0, W} [O(n)]
  26: f26->f26, D: max{0, X} [O(n)]
  26: f26->f26, E: W [O(n)]
  26: f26->f26, F: 0 [O(1)]
  26: f26->f26, H: 2*(2*max{0, I}+max{0, I}+max{0, I}) [O(n)]
  26: f26->f26, I: I [O(n)]
  26: f26->f26, J: max{0, J} [O(n)]
  26: f26->f26, O: max{3, O} [O(n)]
  26: f26->f26, P: max{1, P} [O(n)]
  26: f26->f26, Q: max{1, Q} [O(n)]
  26: f26->f26, R: max{10, R} [O(n)]
  26: f26->f26, S: 2*max{0, W}+max{0, W}+max{0, -1+W} [O(n)]
  26: f26->f26, T: max{3, T} [O(n)]
  26: f26->f26, U: 1 [O(1)]
  26: f26->f26, V: Y [O(n)]
  9: f33->f39, A: max{0, Z} [O(n)]
  9: f33->f39, B: 1 [O(1)]
  9: f33->f39, C: 2*2*max{0, W}+2*max{0, W}+2*max{0, 4*W+max{0, -4*X}}+2*max{0, W}+2*max{0, 5*W}+2*max{0, 7*W+max{0, -4*X}}+2*max{0, 5*W+max{0, -5*X}}+2*max{0, 8*W}+max{0, X}+max{0, -1+W}+max{0, -1+W}+max{0, W}+max{0, 4*W+max{-4, -4*X}}+max{0, 4*W}+max{0, -1+W}+max{0, W}+max{0, -1+5*W}+max{0, 5*W}+max{0, 7*W+max{-4, -4*X}}+max{0, 7*W}+max{0, -1+W}+max{0, W}+max{0, 5*W+max{-5, -5*X}}+max{0, 5*W}+max{0, -1+8*W}+max{0, 8*W}+max{0, W} [O(n)]
  9: f33->f39, D: max{0, X} [O(n)]
  9: f33->f39, E: W [O(n)]
  9: f33->f39, H: 2*(2*max{0, I}+max{0, I}+max{0, I}) [O(n)]
  9: f33->f39, I: I [O(n)]
  9: f33->f39, J: max{0, J} [O(n)]
  9: f33->f39, O: max{3, O} [O(n)]
  9: f33->f39, P: max{1, P} [O(n)]
  9: f33->f39, Q: max{1, Q} [O(n)]
  9: f33->f39, R: max{10, R} [O(n)]
  9: f33->f39, S: 2*max{0, W}+max{0, W}+max{0, -1+W} [O(n)]
  9: f33->f39, T: max{3, T} [O(n)]
  9: f33->f39, U: 1 [O(1)]
  9: f33->f39, V: Y [O(n)]
  10: f33->f39, A: max{0, Z} [O(n)]
  10: f33->f39, B: 1 [O(1)]
  10: f33->f39, C: 2*2*max{0, W}+2*max{0, W}+2*max{0, 4*W+max{0, -4*X}}+2*max{0, W}+2*max{0, 5*W}+2*max{0, 7*W+max{0, -4*X}}+2*max{0, 5*W+max{0, -5*X}}+2*max{0, 8*W}+max{0, X}+max{0, -1+W}+max{0, -1+W}+max{0, W}+max{0, 4*W+max{-4, -4*X}}+max{0, 4*W}+max{0, -1+W}+max{0, W}+max{0, -1+5*W}+max{0, 5*W}+max{0, 7*W+max{-4, -4*X}}+max{0, 7*W}+max{0, -1+W}+max{0, W}+max{0, 5*W+max{-5, -5*X}}+max{0, 5*W}+max{0, -1+8*W}+max{0, 8*W}+max{0, W} [O(n)]
  10: f33->f39, D: max{0, X} [O(n)]
  10: f33->f39, E: W [O(n)]
  10: f33->f39, H: 2*(2*max{0, I}+max{0, I}+max{0, I}) [O(n)]
  10: f33->f39, I: I [O(n)]
  10: f33->f39, J: -1 [O(1)]
  10: f33->f39, O: max{3, O} [O(n)]
  10: f33->f39, P: max{1, P} [O(n)]
  10: f33->f39, Q: max{1, Q} [O(n)]
  10: f33->f39, R: max{10, R} [O(n)]
  10: f33->f39, S: 2*max{0, W}+max{0, W}+max{0, -1+W} [O(n)]
  10: f33->f39, T: max{3, T} [O(n)]
  10: f33->f39, U: 1 [O(1)]
  10: f33->f39, V: Y [O(n)]
  11: f33->f33, A: max{0, Z} [O(n)]
  11: f33->f33, B: 1 [O(1)]
  11: f33->f33, C: 2*2*max{0, W}+2*max{0, W}+2*max{0, 4*W+max{0, -4*X}}+2*max{0, W}+2*max{0, 5*W}+2*max{0, 7*W+max{0, -4*X}}+2*max{0, 5*W+max{0, -5*X}}+2*max{0, 8*W}+max{0, X}+max{0, -1+W}+max{0, -1+W}+max{0, W}+max{0, 4*W+max{-4, -4*X}}+max{0, 4*W}+max{0, -1+W}+max{0, W}+max{0, -1+5*W}+max{0, 5*W}+max{0, 7*W+max{-4, -4*X}}+max{0, 7*W}+max{0, -1+W}+max{0, W}+max{0, 5*W+max{-5, -5*X}}+max{0, 5*W}+max{0, -1+8*W}+max{0, 8*W}+max{0, W} [O(n)]
  11: f33->f33, D: max{0, X} [O(n)]
  11: f33->f33, E: W [O(n)]
  11: f33->f33, H: 2*(2*max{0, I}+max{0, I}+max{0, I}) [O(n)]
  11: f33->f33, I: I [O(n)]
  11: f33->f33, J: -2 [O(1)]
  11: f33->f33, O: max{3, O} [O(n)]
  11: f33->f33, P: max{1, P} [O(n)]
  11: f33->f33, Q: max{1, Q} [O(n)]
  11: f33->f33, R: max{10, R} [O(n)]
  11: f33->f33, S: 2*max{0, W}+max{0, W}+max{0, -1+W} [O(n)]
  11: f33->f33, T: max{3, T} [O(n)]
  11: f33->f33, U: 1 [O(1)]
  11: f33->f33, V: Y [O(n)]
  12: f33->f33, A: max{0, Z} [O(n)]
  12: f33->f33, B: 1 [O(1)]
  12: f33->f33, C: 2*2*max{0, W}+2*max{0, W}+2*max{0, 4*W+max{0, -4*X}}+2*max{0, W}+2*max{0, 5*W}+2*max{0, 7*W+max{0, -4*X}}+2*max{0, 5*W+max{0, -5*X}}+2*max{0, 8*W}+max{0, X}+max{0, -1+W}+max{0, -1+W}+max{0, W}+max{0, 4*W+max{-4, -4*X}}+max{0, 4*W}+max{0, -1+W}+max{0, W}+max{0, -1+5*W}+max{0, 5*W}+max{0, 7*W+max{-4, -4*X}}+max{0, 7*W}+max{0, -1+W}+max{0, W}+max{0, 5*W+max{-5, -5*X}}+max{0, 5*W}+max{0, -1+8*W}+max{0, 8*W}+max{0, W} [O(n)]
  12: f33->f33, D: max{0, X} [O(n)]
  12: f33->f33, E: W [O(n)]
  12: f33->f33, H: 2*(2*max{0, I}+max{0, I}+max{0, I}) [O(n)]
  12: f33->f33, I: I [O(n)]
  12: f33->f33, J: max{0, J} [O(n)]
  12: f33->f33, O: max{3, O} [O(n)]
  12: f33->f33, P: max{1, P} [O(n)]
  12: f33->f33, Q: max{1, Q} [O(n)]
  12: f33->f33, R: max{10, R} [O(n)]
  12: f33->f33, S: 2*max{0, W}+max{0, W}+max{0, -1+W} [O(n)]
  12: f33->f33, T: max{3, T} [O(n)]
  12: f33->f33, U: 1 [O(1)]
  12: f33->f33, V: Y [O(n)]
  13: f39->f69, A: max{0, Z} [O(n)]
  13: f39->f69, B: 1 [O(1)]
  13: f39->f69, C: 2*2*max{0, W}+2*max{0, W}+2*max{0, 4*W+max{0, -4*X}}+2*max{0, W}+2*max{0, 5*W}+2*max{0, 7*W+max{0, -4*X}}+2*max{0, 5*W+max{0, -5*X}}+2*max{0, 8*W}+max{0, X}+max{0, -1+W}+max{0, -1+W}+max{0, W}+max{0, 4*W+max{-4, -4*X}}+max{0, 4*W}+max{0, -1+W}+max{0, W}+max{0, -1+5*W}+max{0, 5*W}+max{0, 7*W+max{-4, -4*X}}+max{0, 7*W}+max{0, -1+W}+max{0, W}+max{0, 5*W+max{-5, -5*X}}+max{0, 5*W}+max{0, -1+8*W}+max{0, 8*W}+max{0, W} [O(n)]
  13: f39->f69, D: max{0, X} [O(n)]
  13: f39->f69, E: W [O(n)]
  13: f39->f69, H: 2*(2*max{0, I}+max{0, I}+max{0, I}) [O(n)]
  13: f39->f69, I: I [O(n)]
  13: f39->f69, J: max{-1, 0, J} [O(n)]
  13: f39->f69, O: max{3, O} [O(n)]
  13: f39->f69, P: max{1, P} [O(n)]
  13: f39->f69, Q: max{1, Q} [O(n)]
  13: f39->f69, R: max{10, R} [O(n)]
  13: f39->f69, S: 2*max{0, W}+max{0, W}+max{0, -1+W} [O(n)]
  13: f39->f69, T: max{3, T} [O(n)]
  13: f39->f69, U: 1 [O(1)]
  13: f39->f69, V: Y [O(n)]
  14: f39->f47, A: max{0, Z} [O(n)]
  14: f39->f47, B: 1 [O(1)]
  14: f39->f47, C: 2*2*max{0, W}+2*max{0, W}+2*max{0, 4*W+max{0, -4*X}}+2*max{0, W}+2*max{0, 5*W}+2*max{0, 7*W+max{0, -4*X}}+2*max{0, 5*W+max{0, -5*X}}+2*max{0, 8*W}+max{0, X}+max{0, -1+W}+max{0, -1+W}+max{0, W}+max{0, 4*W+max{-4, -4*X}}+max{0, 4*W}+max{0, -1+W}+max{0, W}+max{0, -1+5*W}+max{0, 5*W}+max{0, 7*W+max{-4, -4*X}}+max{0, 7*W}+max{0, -1+W}+max{0, W}+max{0, 5*W+max{-5, -5*X}}+max{0, 5*W}+max{0, -1+8*W}+max{0, 8*W}+max{0, W} [O(n)]
  14: f39->f47, D: max{0, X} [O(n)]
  14: f39->f47, E: W [O(n)]
  14: f39->f47, H: 2*(2*max{0, I}+max{0, I}+max{0, I}) [O(n)]
  14: f39->f47, I: I [O(n)]
  14: f39->f47, J: max{0, J} [O(n)]
  14: f39->f47, K: 0 [O(1)]
  14: f39->f47, L: -1 [O(1)]
  14: f39->f47, O: max{3, O} [O(n)]
  14: f39->f47, P: max{1, P} [O(n)]
  14: f39->f47, Q: max{1, Q} [O(n)]
  14: f39->f47, R: max{10, R} [O(n)]
  14: f39->f47, S: 2*max{0, W}+max{0, W}+max{0, -1+W} [O(n)]
  14: f39->f47, T: max{3, T} [O(n)]
  14: f39->f47, U: 1 [O(1)]
  14: f39->f47, V: Y [O(n)]
  15: f39->f47, A: max{0, Z} [O(n)]
  15: f39->f47, B: 1 [O(1)]
  15: f39->f47, C: 2*2*max{0, W}+2*max{0, W}+2*max{0, 4*W+max{0, -4*X}}+2*max{0, W}+2*max{0, 5*W}+2*max{0, 7*W+max{0, -4*X}}+2*max{0, 5*W+max{0, -5*X}}+2*max{0, 8*W}+max{0, X}+max{0, -1+W}+max{0, -1+W}+max{0, W}+max{0, 4*W+max{-4, -4*X}}+max{0, 4*W}+max{0, -1+W}+max{0, W}+max{0, -1+5*W}+max{0, 5*W}+max{0, 7*W+max{-4, -4*X}}+max{0, 7*W}+max{0, -1+W}+max{0, W}+max{0, 5*W+max{-5, -5*X}}+max{0, 5*W}+max{0, -1+8*W}+max{0, 8*W}+max{0, W} [O(n)]
  15: f39->f47, D: max{0, X} [O(n)]
  15: f39->f47, E: W [O(n)]
  15: f39->f47, H: 2*(2*max{0, I}+max{0, I}+max{0, I}) [O(n)]
  15: f39->f47, I: I [O(n)]
  15: f39->f47, J: max{0, J} [O(n)]
  15: f39->f47, K: 0 [O(1)]
  15: f39->f47, O: max{3, O} [O(n)]
  15: f39->f47, P: max{1, P} [O(n)]
  15: f39->f47, Q: max{1, Q} [O(n)]
  15: f39->f47, R: max{10, R} [O(n)]
  15: f39->f47, S: 2*max{0, W}+max{0, W}+max{0, -1+W} [O(n)]
  15: f39->f47, T: max{3, T} [O(n)]
  15: f39->f47, U: 1 [O(1)]
  15: f39->f47, V: Y [O(n)]
  17: f39->f50, A: max{0, Z} [O(n)]
  17: f39->f50, B: 1 [O(1)]
  17: f39->f50, C: 2*2*max{0, W}+2*max{0, W}+2*max{0, 4*W+max{0, -4*X}}+2*max{0, W}+2*max{0, 5*W}+2*max{0, 7*W+max{0, -4*X}}+2*max{0, 5*W+max{0, -5*X}}+2*max{0, 8*W}+max{0, X}+max{0, -1+W}+max{0, -1+W}+max{0, W}+max{0, 4*W+max{-4, -4*X}}+max{0, 4*W}+max{0, -1+W}+max{0, W}+max{0, -1+5*W}+max{0, 5*W}+max{0, 7*W+max{-4, -4*X}}+max{0, 7*W}+max{0, -1+W}+max{0, W}+max{0, 5*W+max{-5, -5*X}}+max{0, 5*W}+max{0, -1+8*W}+max{0, 8*W}+max{0, W} [O(n)]
  17: f39->f50, D: max{0, X} [O(n)]
  17: f39->f50, E: W [O(n)]
  17: f39->f50, H: 2*(2*max{0, I}+max{0, I}+max{0, I}) [O(n)]
  17: f39->f50, I: I [O(n)]
  17: f39->f50, J: max{0, J} [O(n)]
  17: f39->f50, K: 0 [O(1)]
  17: f39->f50, L: 0 [O(1)]
  17: f39->f50, O: max{3, O} [O(n)]
  17: f39->f50, P: max{1, P} [O(n)]
  17: f39->f50, Q: max{1, Q} [O(n)]
  17: f39->f50, R: max{10, R} [O(n)]
  17: f39->f50, S: 2*max{0, W}+max{0, W}+max{0, -1+W} [O(n)]
  17: f39->f50, T: max{3, T} [O(n)]
  17: f39->f50, U: 1 [O(1)]
  17: f39->f50, V: Y [O(n)]
  27: f39->f26, A: max{0, Z} [O(n)]
  27: f39->f26, B: 1 [O(1)]
  27: f39->f26, C: 2*2*max{0, W}+2*max{0, W}+2*max{0, 4*W+max{0, -4*X}}+2*max{0, W}+2*max{0, 5*W}+2*max{0, 7*W+max{0, -4*X}}+2*max{0, 5*W+max{0, -5*X}}+2*max{0, 8*W}+max{0, X}+max{0, -1+W}+max{0, -1+W}+max{0, W}+max{0, 4*W+max{-4, -4*X}}+max{0, 4*W}+max{0, -1+W}+max{0, W}+max{0, -1+5*W}+max{0, 5*W}+max{0, 7*W+max{-4, -4*X}}+max{0, 7*W}+max{0, -1+W}+max{0, W}+max{0, 5*W+max{-5, -5*X}}+max{0, 5*W}+max{0, -1+8*W}+max{0, 8*W}+max{0, W} [O(n)]
  27: f39->f26, D: max{0, X} [O(n)]
  27: f39->f26, E: W [O(n)]
  27: f39->f26, H: 2*(2*max{0, I}+max{0, I}+max{0, I}) [O(n)]
  27: f39->f26, I: I [O(n)]
  27: f39->f26, J: max{0, J} [O(n)]
  27: f39->f26, K: -1 [O(1)]
  27: f39->f26, O: max{3, O} [O(n)]
  27: f39->f26, P: max{1, P} [O(n)]
  27: f39->f26, Q: max{1, Q} [O(n)]
  27: f39->f26, R: max{10, R} [O(n)]
  27: f39->f26, S: 2*max{0, W}+max{0, W}+max{0, -1+W} [O(n)]
  27: f39->f26, T: max{3, T} [O(n)]
  27: f39->f26, U: 1 [O(1)]
  27: f39->f26, V: Y [O(n)]
  28: f39->f26, A: max{0, Z} [O(n)]
  28: f39->f26, B: 1 [O(1)]
  28: f39->f26, C: 2*2*max{0, W}+2*max{0, W}+2*max{0, 4*W+max{0, -4*X}}+2*max{0, W}+2*max{0, 5*W}+2*max{0, 7*W+max{0, -4*X}}+2*max{0, 5*W+max{0, -5*X}}+2*max{0, 8*W}+max{0, X}+max{0, -1+W}+max{0, -1+W}+max{0, W}+max{0, 4*W+max{-4, -4*X}}+max{0, 4*W}+max{0, -1+W}+max{0, W}+max{0, -1+5*W}+max{0, 5*W}+max{0, 7*W+max{-4, -4*X}}+max{0, 7*W}+max{0, -1+W}+max{0, W}+max{0, 5*W+max{-5, -5*X}}+max{0, 5*W}+max{0, -1+8*W}+max{0, 8*W}+max{0, W} [O(n)]
  28: f39->f26, D: max{0, X} [O(n)]
  28: f39->f26, E: W [O(n)]
  28: f39->f26, H: 2*(2*max{0, I}+max{0, I}+max{0, I}) [O(n)]
  28: f39->f26, I: I [O(n)]
  28: f39->f26, J: max{0, J} [O(n)]
  28: f39->f26, O: max{3, O} [O(n)]
  28: f39->f26, P: max{1, P} [O(n)]
  28: f39->f26, Q: max{1, Q} [O(n)]
  28: f39->f26, R: max{10, R} [O(n)]
  28: f39->f26, S: 2*max{0, W}+max{0, W}+max{0, -1+W} [O(n)]
  28: f39->f26, T: max{3, T} [O(n)]
  28: f39->f26, U: 1 [O(1)]
  28: f39->f26, V: Y [O(n)]
  16: f47->f50, A: max{0, Z} [O(n)]
  16: f47->f50, B: 1 [O(1)]
  16: f47->f50, C: 2*2*max{0, W}+2*max{0, W}+2*max{0, 4*W+max{0, -4*X}}+2*max{0, W}+2*max{0, 5*W}+2*max{0, 7*W+max{0, -4*X}}+2*max{0, 5*W+max{0, -5*X}}+2*max{0, 8*W}+max{0, X}+max{0, -1+W}+max{0, -1+W}+max{0, W}+max{0, 4*W+max{-4, -4*X}}+max{0, 4*W}+max{0, -1+W}+max{0, W}+max{0, -1+5*W}+max{0, 5*W}+max{0, 7*W+max{-4, -4*X}}+max{0, 7*W}+max{0, -1+W}+max{0, W}+max{0, 5*W+max{-5, -5*X}}+max{0, 5*W}+max{0, -1+8*W}+max{0, 8*W}+max{0, W} [O(n)]
  16: f47->f50, D: max{0, X} [O(n)]
  16: f47->f50, E: W [O(n)]
  16: f47->f50, H: 2*(2*max{0, I}+max{0, I}+max{0, I}) [O(n)]
  16: f47->f50, I: I [O(n)]
  16: f47->f50, J: max{0, J} [O(n)]
  16: f47->f50, K: 0 [O(1)]
  16: f47->f50, M: 0 [O(1)]
  16: f47->f50, O: max{3, O} [O(n)]
  16: f47->f50, P: max{1, P} [O(n)]
  16: f47->f50, Q: max{1, Q} [O(n)]
  16: f47->f50, R: max{10, R} [O(n)]
  16: f47->f50, S: 2*max{0, W}+max{0, W}+max{0, -1+W} [O(n)]
  16: f47->f50, T: max{3, T} [O(n)]
  16: f47->f50, U: 1 [O(1)]
  16: f47->f50, V: Y [O(n)]
  29: f47->f26, A: max{0, Z} [O(n)]
  29: f47->f26, B: 1 [O(1)]
  29: f47->f26, C: 2*2*max{0, W}+2*max{0, W}+2*max{0, 4*W+max{0, -4*X}}+2*max{0, W}+2*max{0, 5*W}+2*max{0, 7*W+max{0, -4*X}}+2*max{0, 5*W+max{0, -5*X}}+2*max{0, 8*W}+max{0, X}+max{0, -1+W}+max{0, -1+W}+max{0, W}+max{0, 4*W+max{-4, -4*X}}+max{0, 4*W}+max{0, -1+W}+max{0, W}+max{0, -1+5*W}+max{0, 5*W}+max{0, 7*W+max{-4, -4*X}}+max{0, 7*W}+max{0, -1+W}+max{0, W}+max{0, 5*W+max{-5, -5*X}}+max{0, 5*W}+max{0, -1+8*W}+max{0, 8*W}+max{0, W} [O(n)]
  29: f47->f26, D: max{0, X} [O(n)]
  29: f47->f26, E: W [O(n)]
  29: f47->f26, H: 2*(2*max{0, I}+max{0, I}+max{0, I}) [O(n)]
  29: f47->f26, I: I [O(n)]
  29: f47->f26, J: max{0, J} [O(n)]
  29: f47->f26, K: 0 [O(1)]
  29: f47->f26, M: -1 [O(1)]
  29: f47->f26, O: max{3, O} [O(n)]
  29: f47->f26, P: max{1, P} [O(n)]
  29: f47->f26, Q: max{1, Q} [O(n)]
  29: f47->f26, R: max{10, R} [O(n)]
  29: f47->f26, S: 2*max{0, W}+max{0, W}+max{0, -1+W} [O(n)]
  29: f47->f26, T: max{3, T} [O(n)]
  29: f47->f26, U: 1 [O(1)]
  29: f47->f26, V: Y [O(n)]
  30: f47->f26, A: max{0, Z} [O(n)]
  30: f47->f26, B: 1 [O(1)]
  30: f47->f26, C: 2*2*max{0, W}+2*max{0, W}+2*max{0, 4*W+max{0, -4*X}}+2*max{0, W}+2*max{0, 5*W}+2*max{0, 7*W+max{0, -4*X}}+2*max{0, 5*W+max{0, -5*X}}+2*max{0, 8*W}+max{0, X}+max{0, -1+W}+max{0, -1+W}+max{0, W}+max{0, 4*W+max{-4, -4*X}}+max{0, 4*W}+max{0, -1+W}+max{0, W}+max{0, -1+5*W}+max{0, 5*W}+max{0, 7*W+max{-4, -4*X}}+max{0, 7*W}+max{0, -1+W}+max{0, W}+max{0, 5*W+max{-5, -5*X}}+max{0, 5*W}+max{0, -1+8*W}+max{0, 8*W}+max{0, W} [O(n)]
  30: f47->f26, D: max{0, X} [O(n)]
  30: f47->f26, E: W [O(n)]
  30: f47->f26, H: 2*(2*max{0, I}+max{0, I}+max{0, I}) [O(n)]
  30: f47->f26, I: I [O(n)]
  30: f47->f26, J: max{0, J} [O(n)]
  30: f47->f26, K: 0 [O(1)]
  30: f47->f26, O: max{3, O} [O(n)]
  30: f47->f26, P: max{1, P} [O(n)]
  30: f47->f26, Q: max{1, Q} [O(n)]
  30: f47->f26, R: max{10, R} [O(n)]
  30: f47->f26, S: 2*max{0, W}+max{0, W}+max{0, -1+W} [O(n)]
  30: f47->f26, T: max{3, T} [O(n)]
  30: f47->f26, U: 1 [O(1)]
  30: f47->f26, V: Y [O(n)]
  18: f50->f69, A: max{0, Z} [O(n)]
  18: f50->f69, B: 1 [O(1)]
  18: f50->f69, C: 2*2*max{0, W}+2*max{0, W}+2*max{0, 4*W+max{0, -4*X}}+2*max{0, W}+2*max{0, 5*W}+2*max{0, 7*W+max{0, -4*X}}+2*max{0, 5*W+max{0, -5*X}}+2*max{0, 8*W}+max{0, X}+max{0, -1+W}+max{0, -1+W}+max{0, W}+max{0, 4*W+max{-4, -4*X}}+max{0, 4*W}+max{0, -1+W}+max{0, W}+max{0, -1+5*W}+max{0, 5*W}+max{0, 7*W+max{-4, -4*X}}+max{0, 7*W}+max{0, -1+W}+max{0, W}+max{0, 5*W+max{-5, -5*X}}+max{0, 5*W}+max{0, -1+8*W}+max{0, 8*W}+max{0, W} [O(n)]
  18: f50->f69, D: max{0, X} [O(n)]
  18: f50->f69, E: W [O(n)]
  18: f50->f69, H: 2*(2*max{0, I}+max{0, I}+max{0, I}) [O(n)]
  18: f50->f69, I: I [O(n)]
  18: f50->f69, J: max{0, J} [O(n)]
  18: f50->f69, K: 0 [O(1)]
  18: f50->f69, O: 3 [O(1)]
  18: f50->f69, P: 1 [O(1)]
  18: f50->f69, Q: 0 [O(1)]
  18: f50->f69, R: max{10, R} [O(n)]
  18: f50->f69, S: 2*max{0, W}+max{0, W}+max{0, -1+W} [O(n)]
  18: f50->f69, T: max{3, T} [O(n)]
  18: f50->f69, U: 1 [O(1)]
  18: f50->f69, V: Y [O(n)]
  19: f50->f69, A: max{0, Z} [O(n)]
  19: f50->f69, B: 1 [O(1)]
  19: f50->f69, C: 2*2*max{0, W}+2*max{0, W}+2*max{0, 4*W+max{0, -4*X}}+2*max{0, W}+2*max{0, 5*W}+2*max{0, 7*W+max{0, -4*X}}+2*max{0, 5*W+max{0, -5*X}}+2*max{0, 8*W}+max{0, X}+max{0, -1+W}+max{0, -1+W}+max{0, W}+max{0, 4*W+max{-4, -4*X}}+max{0, 4*W}+max{0, -1+W}+max{0, W}+max{0, -1+5*W}+max{0, 5*W}+max{0, 7*W+max{-4, -4*X}}+max{0, 7*W}+max{0, -1+W}+max{0, W}+max{0, 5*W+max{-5, -5*X}}+max{0, 5*W}+max{0, -1+8*W}+max{0, 8*W}+max{0, W} [O(n)]
  19: f50->f69, D: max{0, X} [O(n)]
  19: f50->f69, E: W [O(n)]
  19: f50->f69, H: 2*(2*max{0, I}+max{0, I}+max{0, I}) [O(n)]
  19: f50->f69, I: I [O(n)]
  19: f50->f69, J: max{0, J} [O(n)]
  19: f50->f69, K: 0 [O(1)]
  19: f50->f69, O: 3 [O(1)]
  19: f50->f69, P: 1 [O(1)]
  19: f50->f69, R: max{10, R} [O(n)]
  19: f50->f69, S: 2*max{0, W}+max{0, W}+max{0, -1+W} [O(n)]
  19: f50->f69, T: max{3, T} [O(n)]
  19: f50->f69, U: 1 [O(1)]
  19: f50->f69, V: Y [O(n)]
  20: f50->f59, A: max{0, Z} [O(n)]
  20: f50->f59, B: 1 [O(1)]
  20: f50->f59, C: 2*2*max{0, W}+2*max{0, W}+2*max{0, 4*W+max{0, -4*X}}+2*max{0, W}+2*max{0, 5*W}+2*max{0, 7*W+max{0, -4*X}}+2*max{0, 5*W+max{0, -5*X}}+2*max{0, 8*W}+max{0, X}+max{0, -1+W}+max{0, -1+W}+max{0, W}+max{0, 4*W+max{-4, -4*X}}+max{0, 4*W}+max{0, -1+W}+max{0, W}+max{0, -1+5*W}+max{0, 5*W}+max{0, 7*W+max{-4, -4*X}}+max{0, 7*W}+max{0, -1+W}+max{0, W}+max{0, 5*W+max{-5, -5*X}}+max{0, 5*W}+max{0, -1+8*W}+max{0, 8*W}+max{0, W} [O(n)]
  20: f50->f59, D: max{0, X} [O(n)]
  20: f50->f59, E: W [O(n)]
  20: f50->f59, H: 2*(2*max{0, I}+max{0, I}+max{0, I}) [O(n)]
  20: f50->f59, I: I [O(n)]
  20: f50->f59, J: max{0, J} [O(n)]
  20: f50->f59, K: 0 [O(1)]
  20: f50->f59, O: 2 [O(1)]
  20: f50->f59, P: max{1, P} [O(n)]
  20: f50->f59, Q: max{1, Q} [O(n)]
  20: f50->f59, S: 2*max{0, W}+max{0, W}+max{0, -1+W} [O(n)]
  20: f50->f59, T: max{3, T} [O(n)]
  20: f50->f59, U: 1 [O(1)]
  20: f50->f59, V: Y [O(n)]
  21: f50->f59, A: max{0, Z} [O(n)]
  21: f50->f59, B: 1 [O(1)]
  21: f50->f59, C: 2*2*max{0, W}+2*max{0, W}+2*max{0, 4*W+max{0, -4*X}}+2*max{0, W}+2*max{0, 5*W}+2*max{0, 7*W+max{0, -4*X}}+2*max{0, 5*W+max{0, -5*X}}+2*max{0, 8*W}+max{0, X}+max{0, -1+W}+max{0, -1+W}+max{0, W}+max{0, 4*W+max{-4, -4*X}}+max{0, 4*W}+max{0, -1+W}+max{0, W}+max{0, -1+5*W}+max{0, 5*W}+max{0, 7*W+max{-4, -4*X}}+max{0, 7*W}+max{0, -1+W}+max{0, W}+max{0, 5*W+max{-5, -5*X}}+max{0, 5*W}+max{0, -1+8*W}+max{0, 8*W}+max{0, W} [O(n)]
  21: f50->f59, D: max{0, X} [O(n)]
  21: f50->f59, E: W [O(n)]
  21: f50->f59, H: 2*(2*max{0, I}+max{0, I}+max{0, I}) [O(n)]
  21: f50->f59, I: I [O(n)]
  21: f50->f59, J: max{0, J} [O(n)]
  21: f50->f59, K: 0 [O(1)]
  21: f50->f59, O: max{3, O} [O(n)]
  21: f50->f59, P: max{1, P} [O(n)]
  21: f50->f59, Q: max{1, Q} [O(n)]
  21: f50->f59, S: 2*max{0, W}+max{0, W}+max{0, -1+W} [O(n)]
  21: f50->f59, T: max{3, T} [O(n)]
  21: f50->f59, U: 1 [O(1)]
  21: f50->f59, V: Y [O(n)]
  22: f50->f59, A: max{0, Z} [O(n)]
  22: f50->f59, B: 1 [O(1)]
  22: f50->f59, C: 2*2*max{0, W}+2*max{0, W}+2*max{0, 4*W+max{0, -4*X}}+2*max{0, W}+2*max{0, 5*W}+2*max{0, 7*W+max{0, -4*X}}+2*max{0, 5*W+max{0, -5*X}}+2*max{0, 8*W}+max{0, X}+max{0, -1+W}+max{0, -1+W}+max{0, W}+max{0, 4*W+max{-4, -4*X}}+max{0, 4*W}+max{0, -1+W}+max{0, W}+max{0, -1+5*W}+max{0, 5*W}+max{0, 7*W+max{-4, -4*X}}+max{0, 7*W}+max{0, -1+W}+max{0, W}+max{0, 5*W+max{-5, -5*X}}+max{0, 5*W}+max{0, -1+8*W}+max{0, 8*W}+max{0, W} [O(n)]
  22: f50->f59, D: max{0, X} [O(n)]
  22: f50->f59, E: W [O(n)]
  22: f50->f59, H: 2*(2*max{0, I}+max{0, I}+max{0, I}) [O(n)]
  22: f50->f59, I: I [O(n)]
  22: f50->f59, J: max{0, J} [O(n)]
  22: f50->f59, K: 0 [O(1)]
  22: f50->f59, O: 3 [O(1)]
  22: f50->f59, P: max{1, P} [O(n)]
  22: f50->f59, Q: 1 [O(1)]
  22: f50->f59, S: 2*max{0, W}+max{0, W}+max{0, -1+W} [O(n)]
  22: f50->f59, T: max{3, T} [O(n)]
  22: f50->f59, U: 1 [O(1)]
  22: f50->f59, V: Y [O(n)]
  31: f50->f26, A: max{0, Z} [O(n)]
  31: f50->f26, B: 1 [O(1)]
  31: f50->f26, C: 2*2*max{0, W}+2*max{0, W}+2*max{0, 4*W+max{0, -4*X}}+2*max{0, W}+2*max{0, 5*W}+2*max{0, 7*W+max{0, -4*X}}+2*max{0, 5*W+max{0, -5*X}}+2*max{0, 8*W}+max{0, X}+max{0, -1+W}+max{0, -1+W}+max{0, W}+max{0, 4*W+max{-4, -4*X}}+max{0, 4*W}+max{0, -1+W}+max{0, W}+max{0, -1+5*W}+max{0, 5*W}+max{0, 7*W+max{-4, -4*X}}+max{0, 7*W}+max{0, -1+W}+max{0, W}+max{0, 5*W+max{-5, -5*X}}+max{0, 5*W}+max{0, -1+8*W}+max{0, 8*W}+max{0, W} [O(n)]
  31: f50->f26, D: max{0, X} [O(n)]
  31: f50->f26, E: W [O(n)]
  31: f50->f26, H: 2*(2*max{0, I}+max{0, I}+max{0, I}) [O(n)]
  31: f50->f26, I: I [O(n)]
  31: f50->f26, J: max{0, J} [O(n)]
  31: f50->f26, K: 0 [O(1)]
  31: f50->f26, N: -1 [O(1)]
  31: f50->f26, O: max{3, O} [O(n)]
  31: f50->f26, P: 1 [O(1)]
  31: f50->f26, Q: max{1, Q} [O(n)]
  31: f50->f26, R: max{10, R} [O(n)]
  31: f50->f26, S: 2*max{0, W}+max{0, W}+max{0, -1+W} [O(n)]
  31: f50->f26, T: max{3, T} [O(n)]
  31: f50->f26, U: 1 [O(1)]
  31: f50->f26, V: Y [O(n)]
  23: f59->f62, A: max{0, Z} [O(n)]
  23: f59->f62, B: 1 [O(1)]
  23: f59->f62, C: 2*2*max{0, W}+2*max{0, W}+2*max{0, 4*W+max{0, -4*X}}+2*max{0, W}+2*max{0, 5*W}+2*max{0, 7*W+max{0, -4*X}}+2*max{0, 5*W+max{0, -5*X}}+2*max{0, 8*W}+max{0, X}+max{0, -1+W}+max{0, -1+W}+max{0, W}+max{0, 4*W+max{-4, -4*X}}+max{0, 4*W}+max{0, -1+W}+max{0, W}+max{0, -1+5*W}+max{0, 5*W}+max{0, 7*W+max{-4, -4*X}}+max{0, 7*W}+max{0, -1+W}+max{0, W}+max{0, 5*W+max{-5, -5*X}}+max{0, 5*W}+max{0, -1+8*W}+max{0, 8*W}+max{0, W} [O(n)]
  23: f59->f62, D: max{0, X} [O(n)]
  23: f59->f62, E: W [O(n)]
  23: f59->f62, H: 2*(2*max{0, I}+max{0, I}+max{0, I}) [O(n)]
  23: f59->f62, I: I [O(n)]
  23: f59->f62, J: max{0, J} [O(n)]
  23: f59->f62, K: 0 [O(1)]
  23: f59->f62, O: max{3, O} [O(n)]
  23: f59->f62, P: max{1, P} [O(n)]
  23: f59->f62, Q: max{1, Q} [O(n)]
  23: f59->f62, R: 10 [O(1)]
  23: f59->f62, S: 2*max{0, W}+max{0, W}+max{0, -1+W} [O(n)]
  23: f59->f62, T: max{3, T} [O(n)]
  23: f59->f62, U: 1 [O(1)]
  23: f59->f62, V: Y [O(n)]
  24: f59->f62, A: max{0, Z} [O(n)]
  24: f59->f62, B: 1 [O(1)]
  24: f59->f62, C: 2*2*max{0, W}+2*max{0, W}+2*max{0, 4*W+max{0, -4*X}}+2*max{0, W}+2*max{0, 5*W}+2*max{0, 7*W+max{0, -4*X}}+2*max{0, 5*W+max{0, -5*X}}+2*max{0, 8*W}+max{0, X}+max{0, -1+W}+max{0, -1+W}+max{0, W}+max{0, 4*W+max{-4, -4*X}}+max{0, 4*W}+max{0, -1+W}+max{0, W}+max{0, -1+5*W}+max{0, 5*W}+max{0, 7*W+max{-4, -4*X}}+max{0, 7*W}+max{0, -1+W}+max{0, W}+max{0, 5*W+max{-5, -5*X}}+max{0, 5*W}+max{0, -1+8*W}+max{0, 8*W}+max{0, W} [O(n)]
  24: f59->f62, D: max{0, X} [O(n)]
  24: f59->f62, E: W [O(n)]
  24: f59->f62, H: 2*(2*max{0, I}+max{0, I}+max{0, I}) [O(n)]
  24: f59->f62, I: I [O(n)]
  24: f59->f62, J: max{0, J} [O(n)]
  24: f59->f62, K: 0 [O(1)]
  24: f59->f62, O: max{3, O} [O(n)]
  24: f59->f62, P: max{1, P} [O(n)]
  24: f59->f62, Q: max{1, Q} [O(n)]
  24: f59->f62, R: 10 [O(1)]
  24: f59->f62, S: 2*max{0, W}+max{0, W}+max{0, -1+W} [O(n)]
  24: f59->f62, T: max{3, T} [O(n)]
  24: f59->f62, U: 1 [O(1)]
  24: f59->f62, V: Y [O(n)]
  32: f62->f26, A: max{0, Z} [O(n)]
  32: f62->f26, B: 1 [O(1)]
  32: f62->f26, C: 2*2*max{0, W}+2*max{0, W}+2*max{0, 4*W+max{0, -4*X}}+2*max{0, W}+2*max{0, 5*W}+2*max{0, 7*W+max{0, -4*X}}+2*max{0, 5*W+max{0, -5*X}}+2*max{0, 8*W}+max{0, X}+max{0, -1+W}+max{0, -1+W}+max{0, W}+max{0, 4*W+max{-4, -4*X}}+max{0, 4*W}+max{0, -1+W}+max{0, W}+max{0, -1+5*W}+max{0, 5*W}+max{0, 7*W+max{-4, -4*X}}+max{0, 7*W}+max{0, -1+W}+max{0, W}+max{0, 5*W+max{-5, -5*X}}+max{0, 5*W}+max{0, -1+8*W}+max{0, 8*W}+max{0, W} [O(n)]
  32: f62->f26, D: max{0, X} [O(n)]
  32: f62->f26, E: W [O(n)]
  32: f62->f26, H: 2*(2*max{0, I}+max{0, I}+max{0, I}) [O(n)]
  32: f62->f26, I: I [O(n)]
  32: f62->f26, J: max{0, J} [O(n)]
  32: f62->f26, K: 0 [O(1)]
  32: f62->f26, N: -1 [O(1)]
  32: f62->f26, O: max{3, O} [O(n)]
  32: f62->f26, P: 1 [O(1)]
  32: f62->f26, Q: max{1, Q} [O(n)]
  32: f62->f26, R: 10 [O(1)]
  32: f62->f26, S: 2*max{0, W}+max{0, W}+max{0, -1+W} [O(n)]
  32: f62->f26, T: max{3, T} [O(n)]
  32: f62->f26, U: 1 [O(1)]
  32: f62->f26, V: Y [O(n)]
  33: f62->f26, A: max{0, Z} [O(n)]
  33: f62->f26, B: 1 [O(1)]
  33: f62->f26, C: 2*2*max{0, W}+2*max{0, W}+2*max{0, 4*W+max{0, -4*X}}+2*max{0, W}+2*max{0, 5*W}+2*max{0, 7*W+max{0, -4*X}}+2*max{0, 5*W+max{0, -5*X}}+2*max{0, 8*W}+max{0, X}+max{0, -1+W}+max{0, -1+W}+max{0, W}+max{0, 4*W+max{-4, -4*X}}+max{0, 4*W}+max{0, -1+W}+max{0, W}+max{0, -1+5*W}+max{0, 5*W}+max{0, 7*W+max{-4, -4*X}}+max{0, 7*W}+max{0, -1+W}+max{0, W}+max{0, 5*W+max{-5, -5*X}}+max{0, 5*W}+max{0, -1+8*W}+max{0, 8*W}+max{0, W} [O(n)]
  33: f62->f26, D: max{0, X} [O(n)]
  33: f62->f26, E: W [O(n)]
  33: f62->f26, H: 2*(2*max{0, I}+max{0, I}+max{0, I}) [O(n)]
  33: f62->f26, I: I [O(n)]
  33: f62->f26, J: 0 [O(1)]
  33: f62->f26, K: 0 [O(1)]
  33: f62->f26, O: max{3, O} [O(n)]
  33: f62->f26, P: max{1, P} [O(n)]
  33: f62->f26, Q: max{1, Q} [O(n)]
  33: f62->f26, R: 10 [O(1)]
  33: f62->f26, S: 2*max{0, W}+max{0, W}+max{0, -1+W} [O(n)]
  33: f62->f26, T: max{3, T} [O(n)]
  33: f62->f26, U: 1 [O(1)]
  33: f62->f26, V: Y [O(n)]
  35: f69->f71, A: 0 [O(1)]
  35: f69->f71, B: 1 [O(1)]
  35: f69->f71, C: max{0, X, max{X, X, 2*2*max{0, W}+2*max{0, W}+2*max{0, 4*W+max{0, -4*X}}+2*max{0, W}+2*max{0, 5*W}+2*max{0, 7*W+max{0, -4*X}}+2*max{0, 5*W+max{0, -5*X}}+2*max{0, 8*W}+max{0, X}+max{0, -1+W}+max{0, -1+W}+max{0, W}+max{0, 4*W+max{-4, -4*X}}+max{0, 4*W}+max{0, -1+W}+max{0, W}+max{0, -1+5*W}+max{0, 5*W}+max{0, 7*W+max{-4, -4*X}}+max{0, 7*W}+max{0, -1+W}+max{0, W}+max{0, 5*W+max{-5, -5*X}}+max{0, 5*W}+max{0, -1+8*W}+max{0, 8*W}+max{0, W}}} [O(n)]
  35: f69->f71, D: max{0, X} [O(n)]
  35: f69->f71, E: W [O(n)]
  35: f69->f71, H: max{0, 2*(2*max{0, I}+max{0, I}+max{0, I})} [O(n)]
  35: f69->f71, I: I [O(n)]
  35: f69->f71, J: max{0, -1, J} [O(n)]
  35: f69->f71, O: max{3, 3, O} [O(n)]
  35: f69->f71, P: max{1, 1, P} [O(n)]
  35: f69->f71, R: max{10, R} [O(n)]
  35: f69->f71, S: 0 [O(1)]
  35: f69->f71, T: max{3, T} [O(n)]
  35: f69->f71, U: 1 [O(1)]
  35: f69->f71, V: Y [O(n)]
  39: f69->f74, A: 0 [O(1)]
  39: f69->f74, B: 1 [O(1)]
  39: f69->f74, C: max{0, X, max{X, X, 2*2*max{0, W}+2*max{0, W}+2*max{0, 4*W+max{0, -4*X}}+2*max{0, W}+2*max{0, 5*W}+2*max{0, 7*W+max{0, -4*X}}+2*max{0, 5*W+max{0, -5*X}}+2*max{0, 8*W}+max{0, X}+max{0, -1+W}+max{0, -1+W}+max{0, W}+max{0, 4*W+max{-4, -4*X}}+max{0, 4*W}+max{0, -1+W}+max{0, W}+max{0, -1+5*W}+max{0, 5*W}+max{0, 7*W+max{-4, -4*X}}+max{0, 7*W}+max{0, -1+W}+max{0, W}+max{0, 5*W+max{-5, -5*X}}+max{0, 5*W}+max{0, -1+8*W}+max{0, 8*W}+max{0, W}}} [O(n)]
  39: f69->f74, D: max{0, X} [O(n)]
  39: f69->f74, E: W [O(n)]
  39: f69->f74, H: max{0, 2*(2*max{0, I}+max{0, I}+max{0, I})} [O(n)]
  39: f69->f74, I: I [O(n)]
  39: f69->f74, J: max{0, -1, J} [O(n)]
  39: f69->f74, O: max{3, 3, O} [O(n)]
  39: f69->f74, P: max{1, 1, P} [O(n)]
  39: f69->f74, R: max{10, R} [O(n)]
  39: f69->f74, S: max{0, 2*max{0, W}+max{0, W}+max{0, -1+W}} [O(n)]
  39: f69->f74, T: max{3, T} [O(n)]
  39: f69->f74, U: 1 [O(1)]
  39: f69->f74, V: Y [O(n)]
  34: f71->f71, A: 0 [O(1)]
  34: f71->f71, B: 1 [O(1)]
  34: f71->f71, C: max{0, X, max{X, X, 2*2*max{0, W}+2*max{0, W}+2*max{0, 4*W+max{0, -4*X}}+2*max{0, W}+2*max{0, 5*W}+2*max{0, 7*W+max{0, -4*X}}+2*max{0, 5*W+max{0, -5*X}}+2*max{0, 8*W}+max{0, X}+max{0, -1+W}+max{0, -1+W}+max{0, W}+max{0, 4*W+max{-4, -4*X}}+max{0, 4*W}+max{0, -1+W}+max{0, W}+max{0, -1+5*W}+max{0, 5*W}+max{0, 7*W+max{-4, -4*X}}+max{0, 7*W}+max{0, -1+W}+max{0, W}+max{0, 5*W+max{-5, -5*X}}+max{0, 5*W}+max{0, -1+8*W}+max{0, 8*W}+max{0, W}}} [O(n)]
  34: f71->f71, D: max{0, X} [O(n)]
  34: f71->f71, E: W [O(n)]
  34: f71->f71, H: max{0, 2*(2*max{0, I}+max{0, I}+max{0, I})} [O(n)]
  34: f71->f71, I: I [O(n)]
  34: f71->f71, J: max{0, -1, J} [O(n)]
  34: f71->f71, O: max{3, 3, O} [O(n)]
  34: f71->f71, P: max{1, 1, P} [O(n)]
  34: f71->f71, R: max{10, R} [O(n)]
  34: f71->f71, S: 0 [O(1)]
  34: f71->f71, T: max{3, T} [O(n)]
  34: f71->f71, U: 1 [O(1)]
  34: f71->f71, V: Y [O(n)]
  36: f74->f74, A: 0 [O(1)]
  36: f74->f74, B: 1 [O(1)]
  36: f74->f74, C: max{0, X, max{X, X, 2*2*max{0, W}+2*max{0, W}+2*max{0, 4*W+max{0, -4*X}}+2*max{0, W}+2*max{0, 5*W}+2*max{0, 7*W+max{0, -4*X}}+2*max{0, 5*W+max{0, -5*X}}+2*max{0, 8*W}+max{0, X}+max{0, -1+W}+max{0, -1+W}+max{0, W}+max{0, 4*W+max{-4, -4*X}}+max{0, 4*W}+max{0, -1+W}+max{0, W}+max{0, -1+5*W}+max{0, 5*W}+max{0, 7*W+max{-4, -4*X}}+max{0, 7*W}+max{0, -1+W}+max{0, W}+max{0, 5*W+max{-5, -5*X}}+max{0, 5*W}+max{0, -1+8*W}+max{0, 8*W}+max{0, W}}} [O(n)]
  36: f74->f74, D: max{0, X} [O(n)]
  36: f74->f74, E: W [O(n)]
  36: f74->f74, H: max{0, 2*(2*max{0, I}+max{0, I}+max{0, I})} [O(n)]
  36: f74->f74, I: I [O(n)]
  36: f74->f74, J: max{0, -1, J} [O(n)]
  36: f74->f74, O: max{3, 3, O} [O(n)]
  36: f74->f74, P: max{1, 1, P} [O(n)]
  36: f74->f74, R: max{10, R} [O(n)]
  36: f74->f74, S: max{0, 2*max{0, W}+max{0, W}+max{0, -1+W}} [O(n)]
  36: f74->f74, T: max{3, T} [O(n)]
  36: f74->f74, U: 1 [O(1)]
  36: f74->f74, V: Y [O(n)]
