Timebounds: 
  Overall timebound: inf [Infinity]
  4: f0->f26: 1 [O(1)]
  30: f101->f104: 189 [O(1)]
  50: f101->f98: 63 [O(1)]
  31: f104->f107: inf [Infinity]
  49: f104->f101: inf [Infinity]
  32: f107->f110: inf [Infinity]
  48: f107->f104: inf [Infinity]
  33: f110->f113: inf [Infinity]
  47: f110->f107: inf [Infinity]
  34: f113->f117: 0 [O(1)]
  35: f113->f117: inf [Infinity]
  36: f113->f113: inf [Infinity]
  40: f113->f113: inf [Infinity]
  46: f113->f110: inf [Infinity]
  37: f117->f113: inf [Infinity]
  38: f117->f113: inf [Infinity]
  39: f117->f113: inf [Infinity]
  0: f135->f136: 1 [O(1)]
  1: f135->f136: 1 [O(1)]
  45: f135->f146: 1 [O(1)]
  2: f136->f137: 1 [O(1)]
  3: f136->f137: 1 [O(1)]
  44: f136->f146: 1 [O(1)]
  41: f137->f146: 1 [O(1)]
  42: f137->f146: 1 [O(1)]
  43: f137->f146: 1 [O(1)]
  5: f26->f29: max{0, 1+X} [O(n)]
  63: f26->f38: 1 [O(1)]
  6: f29->f29: max{0, X}+max{0, X*X} [O(n^2)]
  62: f29->f26: max{0, X} [O(n)]
  7: f38->f41: max{0, 1+X} [O(n)]
  61: f38->f56: 1 [O(1)]
  8: f41->f44: 0 [O(1)]
  9: f41->f44: 1+max{0, X}+max{0, X*max{8*-max{-1, -X}, 8*X}}+max{0, 9*-max{-1, -X}, 9*X}+max{0, max{8*-max{-1, -X}, 8*X}*max{9, 9*X}} [O(n^2)]
  12: f41->f41: max{0, X}+max{0, X*max{8*-max{-1, -X}, 8*X}} [O(n^2)]
  60: f41->f38: max{0, 8*-max{-1, -X}, 8*X} [O(n)]
  10: f44->f41: max{0, X}+max{0, X*max{8*-max{-1, -X}, 8*X}} [O(n^2)]
  11: f44->f41: max{0, 9*-max{-1, -X}, 9*X}+max{0, max{8*-max{-1, -X}, 8*X}*max{9, 9*X}} [O(n^2)]
  13: f56->f59: max{0, 1+X} [O(n)]
  59: f56->f77: 1 [O(1)]
  14: f59->f62: inf [Infinity]
  58: f59->f56: max{0, 8*-max{-1, -1, -X}, 8*X} [O(n)]
  15: f62->f65: 0 [O(1)]
  16: f62->f65: inf [Infinity]
  20: f62->f62: inf [Infinity]
  57: f62->f59: inf [Infinity]
  17: f65->f62: inf [Infinity]
  18: f65->f62: inf [Infinity]
  19: f65->f62: inf [Infinity]
  21: f77->f80: max{0, 3+max{3*-max{-1, -1, max{-1, -X}}, 3*X}} [O(n)]
  56: f77->f98: 1 [O(1)]
  22: f80->f83: inf [Infinity]
  55: f80->f77: max{0, X} [O(n)]
  23: f83->f86: 0 [O(1)]
  24: f83->f86: inf [Infinity]
  28: f83->f83: inf [Infinity]
  54: f83->f80: inf [Infinity]
  25: f86->f83: inf [Infinity]
  26: f86->f83: inf [Infinity]
  27: f86->f83: inf [Infinity]
  29: f98->f101: 21 [O(1)]
  51: f98->f135: 1 [O(1)]
  52: f98->f135: 1 [O(1)]
  53: f98->f146: 1 [O(1)]

Costbounds:
  Overall costbound: inf [Infinity]
  4: f0->f26: 1 [O(1)]
  30: f101->f104: 189 [O(1)]
  50: f101->f98: 63 [O(1)]
  31: f104->f107: inf [Infinity]
  49: f104->f101: inf [Infinity]
  32: f107->f110: inf [Infinity]
  48: f107->f104: inf [Infinity]
  33: f110->f113: inf [Infinity]
  47: f110->f107: inf [Infinity]
  34: f113->f117: 0 [O(1)]
  35: f113->f117: inf [Infinity]
  36: f113->f113: inf [Infinity]
  40: f113->f113: inf [Infinity]
  46: f113->f110: inf [Infinity]
  37: f117->f113: inf [Infinity]
  38: f117->f113: inf [Infinity]
  39: f117->f113: inf [Infinity]
  0: f135->f136: 1 [O(1)]
  1: f135->f136: 1 [O(1)]
  45: f135->f146: 1 [O(1)]
  2: f136->f137: 1 [O(1)]
  3: f136->f137: 1 [O(1)]
  44: f136->f146: 1 [O(1)]
  41: f137->f146: 1 [O(1)]
  42: f137->f146: 1 [O(1)]
  43: f137->f146: 1 [O(1)]
  5: f26->f29: max{0, 1+X} [O(n)]
  63: f26->f38: 1 [O(1)]
  6: f29->f29: max{0, X}+max{0, X*X} [O(n^2)]
  62: f29->f26: max{0, X} [O(n)]
  7: f38->f41: max{0, 1+X} [O(n)]
  61: f38->f56: 1 [O(1)]
  8: f41->f44: 0 [O(1)]
  9: f41->f44: 1+max{0, X}+max{0, X*max{8*-max{-1, -X}, 8*X}}+max{0, 9*-max{-1, -X}, 9*X}+max{0, max{8*-max{-1, -X}, 8*X}*max{9, 9*X}} [O(n^2)]
  12: f41->f41: max{0, X}+max{0, X*max{8*-max{-1, -X}, 8*X}} [O(n^2)]
  60: f41->f38: max{0, 8*-max{-1, -X}, 8*X} [O(n)]
  10: f44->f41: max{0, X}+max{0, X*max{8*-max{-1, -X}, 8*X}} [O(n^2)]
  11: f44->f41: max{0, 9*-max{-1, -X}, 9*X}+max{0, max{8*-max{-1, -X}, 8*X}*max{9, 9*X}} [O(n^2)]
  13: f56->f59: max{0, 1+X} [O(n)]
  59: f56->f77: 1 [O(1)]
  14: f59->f62: inf [Infinity]
  58: f59->f56: max{0, 8*-max{-1, -1, -X}, 8*X} [O(n)]
  15: f62->f65: 0 [O(1)]
  16: f62->f65: inf [Infinity]
  20: f62->f62: inf [Infinity]
  57: f62->f59: inf [Infinity]
  17: f65->f62: inf [Infinity]
  18: f65->f62: inf [Infinity]
  19: f65->f62: inf [Infinity]
  21: f77->f80: max{0, 3+max{3*-max{-1, -1, max{-1, -X}}, 3*X}} [O(n)]
  56: f77->f98: 1 [O(1)]
  22: f80->f83: inf [Infinity]
  55: f80->f77: max{0, X} [O(n)]
  23: f83->f86: 0 [O(1)]
  24: f83->f86: inf [Infinity]
  28: f83->f83: inf [Infinity]
  54: f83->f80: inf [Infinity]
  25: f86->f83: inf [Infinity]
  26: f86->f83: inf [Infinity]
  27: f86->f83: inf [Infinity]
  29: f98->f101: 21 [O(1)]
  51: f98->f135: 1 [O(1)]
  52: f98->f135: 1 [O(1)]
  53: f98->f146: 1 [O(1)]

Sizebounds:
`Lower:
  4: f0->f26, A: 1 [O(1)]
  4: f0->f26, B: 1 [O(1)]
  4: f0->f26, C: 3 [O(1)]
  4: f0->f26, D: X [O(n)]
  4: f0->f26, E: 1 [O(1)]
  4: f0->f26, F: 1 [O(1)]
  4: f0->f26, G: Y [O(n)]
  4: f0->f26, H: 0 [O(1)]
  4: f0->f26, I: I [O(n)]
  4: f0->f26, J: J [O(n)]
  4: f0->f26, K: K [O(n)]
  4: f0->f26, L: L [O(n)]
  4: f0->f26, M: M [O(n)]
  4: f0->f26, N: N [O(n)]
  4: f0->f26, O: O [O(n)]
  4: f0->f26, P: P [O(n)]
  4: f0->f26, Q: Q [O(n)]
  4: f0->f26, R: R [O(n)]
  4: f0->f26, S: S [O(n)]
  4: f0->f26, T: T [O(n)]
  4: f0->f26, U: U [O(n)]
  4: f0->f26, V: V [O(n)]
  4: f0->f26, W: W [O(n)]
  30: f101->f104, A: 0 [O(1)]
  30: f101->f104, B: 0 [O(1)]
  30: f101->f104, C: 3 [O(1)]
  30: f101->f104, D: -max{-1, -1, max{-1, -1, -X}} [O(n)]
  30: f101->f104, E: 0 [O(1)]
  30: f101->f104, F: 0 [O(1)]
  30: f101->f104, G: Y [O(n)]
  30: f101->f104, H: 0 [O(1)]
  30: f101->f104, I: 0 [O(1)]
  30: f101->f104, K: -max{0, -K} [O(n)]
  30: f101->f104, L: -max{0, -L} [O(n)]
  30: f101->f104, M: -max{-2, -M} [O(n)]
  30: f101->f104, N: -max{0, -N} [O(n)]
  30: f101->f104, O: -max{0, -O} [O(n)]
  30: f101->f104, P: -max{-2, -P} [O(n)]
  30: f101->f104, Q: -max{0, -Q} [O(n)]
  30: f101->f104, R: 0 [O(1)]
  30: f101->f104, S: -max{-3, -S} [O(n)]
  30: f101->f104, T: -max{-3, -T} [O(n)]
  30: f101->f104, U: -max{-3, -U} [O(n)]
  30: f101->f104, V: -max{0, -V} [O(n)]
  30: f101->f104, W: W [O(n)]
  50: f101->f98, A: 0 [O(1)]
  50: f101->f98, B: 0 [O(1)]
  50: f101->f98, C: 3 [O(1)]
  50: f101->f98, D: -max{-1, -1, max{-1, -1, -X}} [O(n)]
  50: f101->f98, E: 0 [O(1)]
  50: f101->f98, F: 0 [O(1)]
  50: f101->f98, G: Y [O(n)]
  50: f101->f98, H: 1 [O(1)]
  50: f101->f98, I: 3 [O(1)]
  50: f101->f98, K: -max{0, -K} [O(n)]
  50: f101->f98, L: -max{0, -L} [O(n)]
  50: f101->f98, M: -max{-2, -M} [O(n)]
  50: f101->f98, N: -max{0, -N} [O(n)]
  50: f101->f98, O: -max{0, -O} [O(n)]
  50: f101->f98, P: -max{-2, -P} [O(n)]
  50: f101->f98, Q: -max{0, -Q} [O(n)]
  50: f101->f98, R: -max{-3, -R} [O(n)]
  50: f101->f98, S: -max{-3, -S} [O(n)]
  50: f101->f98, T: -max{-3, -T} [O(n)]
  50: f101->f98, U: -max{-3, -U} [O(n)]
  50: f101->f98, V: -max{0, -V} [O(n)]
  50: f101->f98, W: W [O(n)]
  31: f104->f107, A: 0 [O(1)]
  31: f104->f107, B: 0 [O(1)]
  31: f104->f107, C: 3 [O(1)]
  31: f104->f107, D: -max{-1, -1, max{-1, -1, -X}} [O(n)]
  31: f104->f107, E: 0 [O(1)]
  31: f104->f107, F: 0 [O(1)]
  31: f104->f107, G: Y [O(n)]
  31: f104->f107, H: 0 [O(1)]
  31: f104->f107, I: 0 [O(1)]
  31: f104->f107, K: -max{0, -K} [O(n)]
  31: f104->f107, L: -max{0, -L} [O(n)]
  31: f104->f107, M: -max{-2, -M} [O(n)]
  31: f104->f107, N: -max{0, -N} [O(n)]
  31: f104->f107, O: -max{0, -O} [O(n)]
  31: f104->f107, P: -max{-2, -P} [O(n)]
  31: f104->f107, Q: -max{0, -Q} [O(n)]
  31: f104->f107, R: 0 [O(1)]
  31: f104->f107, S: 0 [O(1)]
  31: f104->f107, T: -max{-3, -T} [O(n)]
  31: f104->f107, U: -max{-3, -U} [O(n)]
  31: f104->f107, V: -max{0, -V} [O(n)]
  31: f104->f107, W: W [O(n)]
  49: f104->f101, A: 0 [O(1)]
  49: f104->f101, B: 0 [O(1)]
  49: f104->f101, C: 3 [O(1)]
  49: f104->f101, D: -max{-1, -1, max{-1, -1, -X}} [O(n)]
  49: f104->f101, E: 0 [O(1)]
  49: f104->f101, F: 0 [O(1)]
  49: f104->f101, G: Y [O(n)]
  49: f104->f101, H: 0 [O(1)]
  49: f104->f101, I: 1 [O(1)]
  49: f104->f101, K: -max{0, -K} [O(n)]
  49: f104->f101, L: -max{0, -L} [O(n)]
  49: f104->f101, M: -max{-2, -M} [O(n)]
  49: f104->f101, N: -max{0, -N} [O(n)]
  49: f104->f101, O: -max{0, -O} [O(n)]
  49: f104->f101, P: -max{-2, -P} [O(n)]
  49: f104->f101, Q: -max{0, -Q} [O(n)]
  49: f104->f101, R: 3 [O(1)]
  49: f104->f101, S: -max{-3, -S} [O(n)]
  49: f104->f101, T: -max{-3, -T} [O(n)]
  49: f104->f101, U: -max{-3, -U} [O(n)]
  49: f104->f101, V: -max{0, -V} [O(n)]
  49: f104->f101, W: W [O(n)]
  32: f107->f110, A: 0 [O(1)]
  32: f107->f110, B: 0 [O(1)]
  32: f107->f110, C: 3 [O(1)]
  32: f107->f110, D: -max{-1, -1, max{-1, -1, -X}} [O(n)]
  32: f107->f110, E: 0 [O(1)]
  32: f107->f110, F: 0 [O(1)]
  32: f107->f110, G: Y [O(n)]
  32: f107->f110, H: 0 [O(1)]
  32: f107->f110, I: 0 [O(1)]
  32: f107->f110, K: -max{0, -K} [O(n)]
  32: f107->f110, L: -max{0, -L} [O(n)]
  32: f107->f110, M: -max{-2, -M} [O(n)]
  32: f107->f110, N: -max{0, -N} [O(n)]
  32: f107->f110, O: -max{0, -O} [O(n)]
  32: f107->f110, P: -max{-2, -P} [O(n)]
  32: f107->f110, Q: -max{0, -Q} [O(n)]
  32: f107->f110, R: 0 [O(1)]
  32: f107->f110, S: 0 [O(1)]
  32: f107->f110, T: 0 [O(1)]
  32: f107->f110, U: -max{-3, -U} [O(n)]
  32: f107->f110, V: -max{0, -V} [O(n)]
  32: f107->f110, W: W [O(n)]
  48: f107->f104, A: 0 [O(1)]
  48: f107->f104, B: 0 [O(1)]
  48: f107->f104, C: 3 [O(1)]
  48: f107->f104, D: -max{-1, -1, max{-1, -1, -X}} [O(n)]
  48: f107->f104, E: 0 [O(1)]
  48: f107->f104, F: 0 [O(1)]
  48: f107->f104, G: Y [O(n)]
  48: f107->f104, H: 0 [O(1)]
  48: f107->f104, I: 0 [O(1)]
  48: f107->f104, K: -max{0, -K} [O(n)]
  48: f107->f104, L: -max{0, -L} [O(n)]
  48: f107->f104, M: -max{-2, -M} [O(n)]
  48: f107->f104, N: -max{0, -N} [O(n)]
  48: f107->f104, O: -max{0, -O} [O(n)]
  48: f107->f104, P: -max{-2, -P} [O(n)]
  48: f107->f104, Q: -max{0, -Q} [O(n)]
  48: f107->f104, R: 1 [O(1)]
  48: f107->f104, S: 3 [O(1)]
  48: f107->f104, T: -max{-3, -T} [O(n)]
  48: f107->f104, U: -max{-3, -U} [O(n)]
  48: f107->f104, V: -max{0, -V} [O(n)]
  48: f107->f104, W: W [O(n)]
  33: f110->f113, A: 0 [O(1)]
  33: f110->f113, B: 0 [O(1)]
  33: f110->f113, C: 3 [O(1)]
  33: f110->f113, D: -max{-1, -1, max{-1, -1, -X}} [O(n)]
  33: f110->f113, E: 0 [O(1)]
  33: f110->f113, F: 0 [O(1)]
  33: f110->f113, G: Y [O(n)]
  33: f110->f113, H: 0 [O(1)]
  33: f110->f113, I: 0 [O(1)]
  33: f110->f113, K: -max{0, -K} [O(n)]
  33: f110->f113, L: -max{0, -L} [O(n)]
  33: f110->f113, M: -max{-2, -M} [O(n)]
  33: f110->f113, N: -max{0, -N} [O(n)]
  33: f110->f113, O: -max{0, -O} [O(n)]
  33: f110->f113, P: -max{-2, -P} [O(n)]
  33: f110->f113, Q: -max{0, -Q} [O(n)]
  33: f110->f113, R: 0 [O(1)]
  33: f110->f113, S: 0 [O(1)]
  33: f110->f113, T: 0 [O(1)]
  33: f110->f113, U: 0 [O(1)]
  33: f110->f113, V: -max{0, -V} [O(n)]
  33: f110->f113, W: W [O(n)]
  47: f110->f107, A: 0 [O(1)]
  47: f110->f107, B: 0 [O(1)]
  47: f110->f107, C: 3 [O(1)]
  47: f110->f107, D: -max{-1, -1, max{-1, -1, -X}} [O(n)]
  47: f110->f107, E: 0 [O(1)]
  47: f110->f107, F: 0 [O(1)]
  47: f110->f107, G: Y [O(n)]
  47: f110->f107, H: 0 [O(1)]
  47: f110->f107, I: 0 [O(1)]
  47: f110->f107, K: -max{0, -K} [O(n)]
  47: f110->f107, L: -max{0, -L} [O(n)]
  47: f110->f107, M: -max{-2, -M} [O(n)]
  47: f110->f107, N: -max{0, -N} [O(n)]
  47: f110->f107, O: -max{0, -O} [O(n)]
  47: f110->f107, P: -max{-2, -P} [O(n)]
  47: f110->f107, Q: -max{0, -Q} [O(n)]
  47: f110->f107, R: 0 [O(1)]
  47: f110->f107, S: 1 [O(1)]
  47: f110->f107, T: 3 [O(1)]
  47: f110->f107, U: -max{-3, -U} [O(n)]
  47: f110->f107, V: -max{0, -V} [O(n)]
  47: f110->f107, W: W [O(n)]
  34: f113->f117, A: 0 [O(1)]
  34: f113->f117, B: 0 [O(1)]
  34: f113->f117, C: 3 [O(1)]
  34: f113->f117, D: -max{-1, -1, max{-1, -1, -X}} [O(n)]
  34: f113->f117, E: 0 [O(1)]
  34: f113->f117, F: 0 [O(1)]
  34: f113->f117, G: Y [O(n)]
  34: f113->f117, H: 0 [O(1)]
  34: f113->f117, I: 0 [O(1)]
  34: f113->f117, K: -max{0, -K} [O(n)]
  34: f113->f117, L: -max{0, -L} [O(n)]
  34: f113->f117, M: -max{-2, -M} [O(n)]
  34: f113->f117, N: -max{0, -N} [O(n)]
  34: f113->f117, O: -max{0, -O} [O(n)]
  34: f113->f117, P: -max{-2, -P} [O(n)]
  34: f113->f117, Q: -max{0, -Q} [O(n)]
  34: f113->f117, R: 0 [O(1)]
  34: f113->f117, S: 0 [O(1)]
  34: f113->f117, T: 0 [O(1)]
  34: f113->f117, U: 0 [O(1)]
  34: f113->f117, V: -max{0, -V} [O(n)]
  34: f113->f117, W: W [O(n)]
  35: f113->f117, A: 0 [O(1)]
  35: f113->f117, B: 0 [O(1)]
  35: f113->f117, C: 3 [O(1)]
  35: f113->f117, D: -max{-1, -1, max{-1, -1, -X}} [O(n)]
  35: f113->f117, E: 0 [O(1)]
  35: f113->f117, F: 1 [O(1)]
  35: f113->f117, G: Y [O(n)]
  35: f113->f117, H: 0 [O(1)]
  35: f113->f117, I: 0 [O(1)]
  35: f113->f117, K: -max{0, -K} [O(n)]
  35: f113->f117, L: -max{0, -L} [O(n)]
  35: f113->f117, M: -max{-2, -M} [O(n)]
  35: f113->f117, N: -max{0, -N} [O(n)]
  35: f113->f117, O: -max{0, -O} [O(n)]
  35: f113->f117, P: -max{-2, -P} [O(n)]
  35: f113->f117, Q: -max{0, -Q} [O(n)]
  35: f113->f117, R: 0 [O(1)]
  35: f113->f117, S: 0 [O(1)]
  35: f113->f117, T: 0 [O(1)]
  35: f113->f117, U: 0 [O(1)]
  35: f113->f117, V: -max{0, -V} [O(n)]
  35: f113->f117, W: W [O(n)]
  36: f113->f113, A: 0 [O(1)]
  36: f113->f113, B: 0 [O(1)]
  36: f113->f113, C: 3 [O(1)]
  36: f113->f113, D: -max{-1, -1, max{-1, -1, -X}} [O(n)]
  36: f113->f113, E: 0 [O(1)]
  36: f113->f113, F: 0 [O(1)]
  36: f113->f113, G: Y [O(n)]
  36: f113->f113, H: 0 [O(1)]
  36: f113->f113, I: 0 [O(1)]
  36: f113->f113, K: -max{0, -K} [O(n)]
  36: f113->f113, L: -max{0, -L} [O(n)]
  36: f113->f113, M: -max{-2, -M} [O(n)]
  36: f113->f113, N: -max{0, -N} [O(n)]
  36: f113->f113, O: -max{0, -O} [O(n)]
  36: f113->f113, P: -max{-2, -P} [O(n)]
  36: f113->f113, Q: -max{0, -Q} [O(n)]
  36: f113->f113, R: 0 [O(1)]
  36: f113->f113, S: 0 [O(1)]
  36: f113->f113, T: 0 [O(1)]
  36: f113->f113, U: 1 [O(1)]
  36: f113->f113, V: -max{0, -V} [O(n)]
  36: f113->f113, W: W [O(n)]
  40: f113->f113, A: 0 [O(1)]
  40: f113->f113, B: 0 [O(1)]
  40: f113->f113, C: 3 [O(1)]
  40: f113->f113, D: -max{-1, -1, max{-1, -1, -X}} [O(n)]
  40: f113->f113, E: 0 [O(1)]
  40: f113->f113, F: 0 [O(1)]
  40: f113->f113, G: Y [O(n)]
  40: f113->f113, H: 0 [O(1)]
  40: f113->f113, I: 0 [O(1)]
  40: f113->f113, K: -max{0, -K} [O(n)]
  40: f113->f113, L: -max{0, -L} [O(n)]
  40: f113->f113, M: -max{-2, -M} [O(n)]
  40: f113->f113, N: -max{0, -N} [O(n)]
  40: f113->f113, O: -max{0, -O} [O(n)]
  40: f113->f113, P: -max{-2, -P} [O(n)]
  40: f113->f113, Q: -max{0, -Q} [O(n)]
  40: f113->f113, R: 0 [O(1)]
  40: f113->f113, S: 0 [O(1)]
  40: f113->f113, T: 0 [O(1)]
  40: f113->f113, U: 1 [O(1)]
  40: f113->f113, V: 0 [O(1)]
  40: f113->f113, W: W [O(n)]
  46: f113->f110, A: 0 [O(1)]
  46: f113->f110, B: 0 [O(1)]
  46: f113->f110, C: 3 [O(1)]
  46: f113->f110, D: -max{-1, -1, max{-1, -1, -X}} [O(n)]
  46: f113->f110, E: 0 [O(1)]
  46: f113->f110, F: 0 [O(1)]
  46: f113->f110, G: Y [O(n)]
  46: f113->f110, H: 0 [O(1)]
  46: f113->f110, I: 0 [O(1)]
  46: f113->f110, K: -max{0, -K} [O(n)]
  46: f113->f110, L: -max{0, -L} [O(n)]
  46: f113->f110, M: -max{-2, -M} [O(n)]
  46: f113->f110, N: -max{0, -N} [O(n)]
  46: f113->f110, O: -max{0, -O} [O(n)]
  46: f113->f110, P: -max{-2, -P} [O(n)]
  46: f113->f110, Q: -max{0, -Q} [O(n)]
  46: f113->f110, R: 0 [O(1)]
  46: f113->f110, S: 0 [O(1)]
  46: f113->f110, T: 1 [O(1)]
  46: f113->f110, U: 3 [O(1)]
  46: f113->f110, V: -max{0, -V} [O(n)]
  46: f113->f110, W: W [O(n)]
  37: f117->f113, A: 0 [O(1)]
  37: f117->f113, B: 0 [O(1)]
  37: f117->f113, C: 3 [O(1)]
  37: f117->f113, D: -max{-1, -1, max{-1, -1, -X}} [O(n)]
  37: f117->f113, E: 0 [O(1)]
  37: f117->f113, F: 1 [O(1)]
  37: f117->f113, G: Y [O(n)]
  37: f117->f113, H: 0 [O(1)]
  37: f117->f113, I: 0 [O(1)]
  37: f117->f113, K: -max{0, -K} [O(n)]
  37: f117->f113, L: -max{0, -L} [O(n)]
  37: f117->f113, M: -max{-2, -M} [O(n)]
  37: f117->f113, N: -max{0, -N} [O(n)]
  37: f117->f113, O: -max{0, -O} [O(n)]
  37: f117->f113, P: -max{-2, -P} [O(n)]
  37: f117->f113, Q: -max{0, -Q} [O(n)]
  37: f117->f113, R: 0 [O(1)]
  37: f117->f113, S: 0 [O(1)]
  37: f117->f113, T: 0 [O(1)]
  37: f117->f113, U: 1 [O(1)]
  37: f117->f113, V: 1 [O(1)]
  37: f117->f113, W: W [O(n)]
  38: f117->f113, A: 0 [O(1)]
  38: f117->f113, B: 0 [O(1)]
  38: f117->f113, C: 3 [O(1)]
  38: f117->f113, D: -max{-1, -1, max{-1, -1, -X}} [O(n)]
  38: f117->f113, E: 0 [O(1)]
  38: f117->f113, F: 1 [O(1)]
  38: f117->f113, G: Y [O(n)]
  38: f117->f113, H: 0 [O(1)]
  38: f117->f113, I: 0 [O(1)]
  38: f117->f113, K: -max{0, -K} [O(n)]
  38: f117->f113, L: -max{0, -L} [O(n)]
  38: f117->f113, M: -max{-2, -M} [O(n)]
  38: f117->f113, N: -max{0, -N} [O(n)]
  38: f117->f113, O: -max{0, -O} [O(n)]
  38: f117->f113, P: -max{-2, -P} [O(n)]
  38: f117->f113, Q: -max{0, -Q} [O(n)]
  38: f117->f113, R: 0 [O(1)]
  38: f117->f113, S: 0 [O(1)]
  38: f117->f113, T: 0 [O(1)]
  38: f117->f113, U: 1 [O(1)]
  38: f117->f113, V: 1 [O(1)]
  38: f117->f113, W: W [O(n)]
  39: f117->f113, A: 0 [O(1)]
  39: f117->f113, B: 0 [O(1)]
  39: f117->f113, C: 3 [O(1)]
  39: f117->f113, D: -max{-1, -1, max{-1, -1, -X}} [O(n)]
  39: f117->f113, E: 0 [O(1)]
  39: f117->f113, F: 0 [O(1)]
  39: f117->f113, G: Y [O(n)]
  39: f117->f113, H: 0 [O(1)]
  39: f117->f113, I: 0 [O(1)]
  39: f117->f113, K: -max{0, -K} [O(n)]
  39: f117->f113, L: -max{0, -L} [O(n)]
  39: f117->f113, M: -max{-2, -M} [O(n)]
  39: f117->f113, N: -max{0, -N} [O(n)]
  39: f117->f113, O: -max{0, -O} [O(n)]
  39: f117->f113, P: -max{-2, -P} [O(n)]
  39: f117->f113, Q: -max{0, -Q} [O(n)]
  39: f117->f113, R: 0 [O(1)]
  39: f117->f113, S: 0 [O(1)]
  39: f117->f113, T: 0 [O(1)]
  39: f117->f113, U: 1 [O(1)]
  39: f117->f113, V: 0 [O(1)]
  39: f117->f113, W: W [O(n)]
  0: f135->f136, A: 0 [O(1)]
  0: f135->f136, B: 0 [O(1)]
  0: f135->f136, C: 3 [O(1)]
  0: f135->f136, D: -max{-1, -1, max{-1, -1, -X}} [O(n)]
  0: f135->f136, E: 0 [O(1)]
  0: f135->f136, F: 0 [O(1)]
  0: f135->f136, G: Y [O(n)]
  0: f135->f136, H: 3 [O(1)]
  0: f135->f136, I: 0 [O(1)]
  0: f135->f136, K: -max{0, -K} [O(n)]
  0: f135->f136, L: -max{0, -L} [O(n)]
  0: f135->f136, M: -max{-2, -M} [O(n)]
  0: f135->f136, N: -max{0, -N} [O(n)]
  0: f135->f136, O: -max{0, -O} [O(n)]
  0: f135->f136, P: -max{-2, -P} [O(n)]
  0: f135->f136, Q: -max{0, -Q} [O(n)]
  0: f135->f136, R: -max{-3, -R} [O(n)]
  0: f135->f136, S: -max{-3, -S} [O(n)]
  0: f135->f136, T: -max{-3, -T} [O(n)]
  0: f135->f136, U: -max{-3, -U} [O(n)]
  0: f135->f136, V: -max{0, -V} [O(n)]
  0: f135->f136, W: W [O(n)]
  1: f135->f136, A: 1 [O(1)]
  1: f135->f136, B: 0 [O(1)]
  1: f135->f136, C: 3 [O(1)]
  1: f135->f136, D: -max{-1, -1, max{-1, -1, -X}} [O(n)]
  1: f135->f136, E: 0 [O(1)]
  1: f135->f136, F: 0 [O(1)]
  1: f135->f136, G: Y [O(n)]
  1: f135->f136, H: 3 [O(1)]
  1: f135->f136, I: 0 [O(1)]
  1: f135->f136, K: -max{0, -K} [O(n)]
  1: f135->f136, L: -max{0, -L} [O(n)]
  1: f135->f136, M: -max{-2, -M} [O(n)]
  1: f135->f136, N: -max{0, -N} [O(n)]
  1: f135->f136, O: -max{0, -O} [O(n)]
  1: f135->f136, P: -max{-2, -P} [O(n)]
  1: f135->f136, Q: -max{0, -Q} [O(n)]
  1: f135->f136, R: -max{-3, -R} [O(n)]
  1: f135->f136, S: -max{-3, -S} [O(n)]
  1: f135->f136, T: -max{-3, -T} [O(n)]
  1: f135->f136, U: -max{-3, -U} [O(n)]
  1: f135->f136, V: -max{0, -V} [O(n)]
  1: f135->f136, W: W [O(n)]
  45: f135->f146, A: 0 [O(1)]
  45: f135->f146, B: 0 [O(1)]
  45: f135->f146, C: 3 [O(1)]
  45: f135->f146, D: -max{-1, -1, max{-1, -1, -X}} [O(n)]
  45: f135->f146, E: 0 [O(1)]
  45: f135->f146, F: 0 [O(1)]
  45: f135->f146, G: Y [O(n)]
  45: f135->f146, H: 3 [O(1)]
  45: f135->f146, I: 0 [O(1)]
  45: f135->f146, K: -max{0, -K} [O(n)]
  45: f135->f146, L: -max{0, -L} [O(n)]
  45: f135->f146, M: -max{-2, -M} [O(n)]
  45: f135->f146, N: -max{0, -N} [O(n)]
  45: f135->f146, O: -max{0, -O} [O(n)]
  45: f135->f146, P: -max{-2, -P} [O(n)]
  45: f135->f146, Q: -max{0, -Q} [O(n)]
  45: f135->f146, R: -max{-3, -R} [O(n)]
  45: f135->f146, S: -max{-3, -S} [O(n)]
  45: f135->f146, T: -max{-3, -T} [O(n)]
  45: f135->f146, U: -max{-3, -U} [O(n)]
  45: f135->f146, V: -max{0, -V} [O(n)]
  45: f135->f146, W: 1 [O(1)]
  2: f136->f137, A: 0 [O(1)]
  2: f136->f137, B: 0 [O(1)]
  2: f136->f137, C: 3 [O(1)]
  2: f136->f137, D: -max{-1, -1, max{-1, -1, -X}} [O(n)]
  2: f136->f137, E: 0 [O(1)]
  2: f136->f137, F: 0 [O(1)]
  2: f136->f137, G: Y [O(n)]
  2: f136->f137, H: 3 [O(1)]
  2: f136->f137, I: 0 [O(1)]
  2: f136->f137, K: -max{0, -K} [O(n)]
  2: f136->f137, L: -max{0, -L} [O(n)]
  2: f136->f137, M: -max{-2, -M} [O(n)]
  2: f136->f137, N: -max{0, -N} [O(n)]
  2: f136->f137, O: -max{0, -O} [O(n)]
  2: f136->f137, P: -max{-2, -P} [O(n)]
  2: f136->f137, Q: -max{0, -Q} [O(n)]
  2: f136->f137, R: -max{-3, -R} [O(n)]
  2: f136->f137, S: -max{-3, -S} [O(n)]
  2: f136->f137, T: -max{-3, -T} [O(n)]
  2: f136->f137, U: -max{-3, -U} [O(n)]
  2: f136->f137, V: -max{0, -V} [O(n)]
  2: f136->f137, W: W [O(n)]
  3: f136->f137, A: 0 [O(1)]
  3: f136->f137, B: 1 [O(1)]
  3: f136->f137, C: 3 [O(1)]
  3: f136->f137, D: -max{-1, -1, max{-1, -1, -X}} [O(n)]
  3: f136->f137, E: 0 [O(1)]
  3: f136->f137, F: 0 [O(1)]
  3: f136->f137, G: Y [O(n)]
  3: f136->f137, H: 3 [O(1)]
  3: f136->f137, I: 0 [O(1)]
  3: f136->f137, K: -max{0, -K} [O(n)]
  3: f136->f137, L: -max{0, -L} [O(n)]
  3: f136->f137, M: -max{-2, -M} [O(n)]
  3: f136->f137, N: -max{0, -N} [O(n)]
  3: f136->f137, O: -max{0, -O} [O(n)]
  3: f136->f137, P: -max{-2, -P} [O(n)]
  3: f136->f137, Q: -max{0, -Q} [O(n)]
  3: f136->f137, R: -max{-3, -R} [O(n)]
  3: f136->f137, S: -max{-3, -S} [O(n)]
  3: f136->f137, T: -max{-3, -T} [O(n)]
  3: f136->f137, U: -max{-3, -U} [O(n)]
  3: f136->f137, V: -max{0, -V} [O(n)]
  3: f136->f137, W: W [O(n)]
  44: f136->f146, A: 0 [O(1)]
  44: f136->f146, B: 0 [O(1)]
  44: f136->f146, C: 3 [O(1)]
  44: f136->f146, D: -max{-1, -1, max{-1, -1, -X}} [O(n)]
  44: f136->f146, E: 0 [O(1)]
  44: f136->f146, F: 0 [O(1)]
  44: f136->f146, G: Y [O(n)]
  44: f136->f146, H: 3 [O(1)]
  44: f136->f146, I: 0 [O(1)]
  44: f136->f146, K: -max{0, -K} [O(n)]
  44: f136->f146, L: -max{0, -L} [O(n)]
  44: f136->f146, M: -max{-2, -M} [O(n)]
  44: f136->f146, N: -max{0, -N} [O(n)]
  44: f136->f146, O: -max{0, -O} [O(n)]
  44: f136->f146, P: -max{-2, -P} [O(n)]
  44: f136->f146, Q: -max{0, -Q} [O(n)]
  44: f136->f146, R: -max{-3, -R} [O(n)]
  44: f136->f146, S: -max{-3, -S} [O(n)]
  44: f136->f146, T: -max{-3, -T} [O(n)]
  44: f136->f146, U: -max{-3, -U} [O(n)]
  44: f136->f146, V: -max{0, -V} [O(n)]
  44: f136->f146, W: 1 [O(1)]
  41: f137->f146, A: 0 [O(1)]
  41: f137->f146, B: 0 [O(1)]
  41: f137->f146, C: 3 [O(1)]
  41: f137->f146, D: -max{-1, -1, max{-1, -1, -X}} [O(n)]
  41: f137->f146, E: 0 [O(1)]
  41: f137->f146, F: 0 [O(1)]
  41: f137->f146, G: Y [O(n)]
  41: f137->f146, H: 3 [O(1)]
  41: f137->f146, I: 0 [O(1)]
  41: f137->f146, K: -max{0, -K} [O(n)]
  41: f137->f146, L: -max{0, -L} [O(n)]
  41: f137->f146, M: -max{-2, -M} [O(n)]
  41: f137->f146, N: -max{0, -N} [O(n)]
  41: f137->f146, O: -max{0, -O} [O(n)]
  41: f137->f146, P: -max{-2, -P} [O(n)]
  41: f137->f146, Q: -max{0, -Q} [O(n)]
  41: f137->f146, R: -max{-3, -R} [O(n)]
  41: f137->f146, S: -max{-3, -S} [O(n)]
  41: f137->f146, T: -max{-3, -T} [O(n)]
  41: f137->f146, U: -max{-3, -U} [O(n)]
  41: f137->f146, V: -max{0, -V} [O(n)]
  41: f137->f146, W: 0 [O(1)]
  42: f137->f146, A: 0 [O(1)]
  42: f137->f146, B: 0 [O(1)]
  42: f137->f146, C: 3 [O(1)]
  42: f137->f146, D: -max{-1, -1, max{-1, -1, -X}} [O(n)]
  42: f137->f146, E: 0 [O(1)]
  42: f137->f146, F: 1 [O(1)]
  42: f137->f146, G: Y [O(n)]
  42: f137->f146, H: 3 [O(1)]
  42: f137->f146, I: 0 [O(1)]
  42: f137->f146, K: -max{0, -K} [O(n)]
  42: f137->f146, L: -max{0, -L} [O(n)]
  42: f137->f146, M: -max{-2, -M} [O(n)]
  42: f137->f146, N: -max{0, -N} [O(n)]
  42: f137->f146, O: -max{0, -O} [O(n)]
  42: f137->f146, P: -max{-2, -P} [O(n)]
  42: f137->f146, Q: -max{0, -Q} [O(n)]
  42: f137->f146, R: -max{-3, -R} [O(n)]
  42: f137->f146, S: -max{-3, -S} [O(n)]
  42: f137->f146, T: -max{-3, -T} [O(n)]
  42: f137->f146, U: -max{-3, -U} [O(n)]
  42: f137->f146, V: -max{0, -V} [O(n)]
  42: f137->f146, W: 0 [O(1)]
  43: f137->f146, A: 0 [O(1)]
  43: f137->f146, B: 0 [O(1)]
  43: f137->f146, C: 3 [O(1)]
  43: f137->f146, D: -max{-1, -1, max{-1, -1, -X}} [O(n)]
  43: f137->f146, E: 0 [O(1)]
  43: f137->f146, F: 0 [O(1)]
  43: f137->f146, G: Y [O(n)]
  43: f137->f146, H: 3 [O(1)]
  43: f137->f146, I: 0 [O(1)]
  43: f137->f146, K: -max{0, -K} [O(n)]
  43: f137->f146, L: -max{0, -L} [O(n)]
  43: f137->f146, M: -max{-2, -M} [O(n)]
  43: f137->f146, N: -max{0, -N} [O(n)]
  43: f137->f146, O: -max{0, -O} [O(n)]
  43: f137->f146, P: -max{-2, -P} [O(n)]
  43: f137->f146, Q: -max{0, -Q} [O(n)]
  43: f137->f146, R: -max{-3, -R} [O(n)]
  43: f137->f146, S: -max{-3, -S} [O(n)]
  43: f137->f146, T: -max{-3, -T} [O(n)]
  43: f137->f146, U: -max{-3, -U} [O(n)]
  43: f137->f146, V: -max{0, -V} [O(n)]
  43: f137->f146, W: 1 [O(1)]
  5: f26->f29, A: 1 [O(1)]
  5: f26->f29, B: 1 [O(1)]
  5: f26->f29, C: 3 [O(1)]
  5: f26->f29, D: 1 [O(1)]
  5: f26->f29, E: 1 [O(1)]
  5: f26->f29, F: 1 [O(1)]
  5: f26->f29, G: Y [O(n)]
  5: f26->f29, H: 0 [O(1)]
  5: f26->f29, I: 0 [O(1)]
  5: f26->f29, K: K [O(n)]
  5: f26->f29, L: L [O(n)]
  5: f26->f29, M: M [O(n)]
  5: f26->f29, N: N [O(n)]
  5: f26->f29, O: O [O(n)]
  5: f26->f29, P: P [O(n)]
  5: f26->f29, Q: Q [O(n)]
  5: f26->f29, R: R [O(n)]
  5: f26->f29, S: S [O(n)]
  5: f26->f29, T: T [O(n)]
  5: f26->f29, U: U [O(n)]
  5: f26->f29, V: V [O(n)]
  5: f26->f29, W: W [O(n)]
  63: f26->f38, A: 1 [O(1)]
  63: f26->f38, B: 1 [O(1)]
  63: f26->f38, C: 3 [O(1)]
  63: f26->f38, D: -max{-1, -X} [O(n)]
  63: f26->f38, E: 1 [O(1)]
  63: f26->f38, F: 1 [O(1)]
  63: f26->f38, G: Y [O(n)]
  63: f26->f38, H: 0 [O(1)]
  63: f26->f38, I: -max{-1, -I} [O(n)]
  63: f26->f38, K: K [O(n)]
  63: f26->f38, L: L [O(n)]
  63: f26->f38, M: M [O(n)]
  63: f26->f38, N: N [O(n)]
  63: f26->f38, O: O [O(n)]
  63: f26->f38, P: P [O(n)]
  63: f26->f38, Q: Q [O(n)]
  63: f26->f38, R: R [O(n)]
  63: f26->f38, S: S [O(n)]
  63: f26->f38, T: T [O(n)]
  63: f26->f38, U: U [O(n)]
  63: f26->f38, V: V [O(n)]
  63: f26->f38, W: W [O(n)]
  6: f29->f29, A: 1 [O(1)]
  6: f29->f29, B: 1 [O(1)]
  6: f29->f29, C: 3 [O(1)]
  6: f29->f29, D: 1 [O(1)]
  6: f29->f29, E: 1 [O(1)]
  6: f29->f29, F: 1 [O(1)]
  6: f29->f29, G: Y [O(n)]
  6: f29->f29, H: 0 [O(1)]
  6: f29->f29, I: 1 [O(1)]
  6: f29->f29, K: K [O(n)]
  6: f29->f29, L: L [O(n)]
  6: f29->f29, M: M [O(n)]
  6: f29->f29, N: N [O(n)]
  6: f29->f29, O: O [O(n)]
  6: f29->f29, P: P [O(n)]
  6: f29->f29, Q: Q [O(n)]
  6: f29->f29, R: R [O(n)]
  6: f29->f29, S: S [O(n)]
  6: f29->f29, T: T [O(n)]
  6: f29->f29, U: U [O(n)]
  6: f29->f29, V: V [O(n)]
  6: f29->f29, W: W [O(n)]
  62: f29->f26, A: 1 [O(1)]
  62: f29->f26, B: 1 [O(1)]
  62: f29->f26, C: 3 [O(1)]
  62: f29->f26, D: 1 [O(1)]
  62: f29->f26, E: 1 [O(1)]
  62: f29->f26, F: 1 [O(1)]
  62: f29->f26, G: Y [O(n)]
  62: f29->f26, H: 1 [O(1)]
  62: f29->f26, I: 1 [O(1)]
  62: f29->f26, K: K [O(n)]
  62: f29->f26, L: L [O(n)]
  62: f29->f26, M: M [O(n)]
  62: f29->f26, N: N [O(n)]
  62: f29->f26, O: O [O(n)]
  62: f29->f26, P: P [O(n)]
  62: f29->f26, Q: Q [O(n)]
  62: f29->f26, R: R [O(n)]
  62: f29->f26, S: S [O(n)]
  62: f29->f26, T: T [O(n)]
  62: f29->f26, U: U [O(n)]
  62: f29->f26, V: V [O(n)]
  62: f29->f26, W: W [O(n)]
  7: f38->f41, A: 1 [O(1)]
  7: f38->f41, B: 1 [O(1)]
  7: f38->f41, C: 3 [O(1)]
  7: f38->f41, D: 1 [O(1)]
  7: f38->f41, E: 0 [O(1)]
  7: f38->f41, F: 1 [O(1)]
  7: f38->f41, G: Y [O(n)]
  7: f38->f41, H: 0 [O(1)]
  7: f38->f41, I: 0 [O(1)]
  7: f38->f41, K: -max{0, -K} [O(n)]
  7: f38->f41, L: L [O(n)]
  7: f38->f41, M: M [O(n)]
  7: f38->f41, N: N [O(n)]
  7: f38->f41, O: O [O(n)]
  7: f38->f41, P: P [O(n)]
  7: f38->f41, Q: Q [O(n)]
  7: f38->f41, R: R [O(n)]
  7: f38->f41, S: S [O(n)]
  7: f38->f41, T: T [O(n)]
  7: f38->f41, U: U [O(n)]
  7: f38->f41, V: V [O(n)]
  7: f38->f41, W: W [O(n)]
  61: f38->f56, A: 1 [O(1)]
  61: f38->f56, B: 1 [O(1)]
  61: f38->f56, C: 3 [O(1)]
  61: f38->f56, D: -max{-1, -1, -X} [O(n)]
  61: f38->f56, E: 0 [O(1)]
  61: f38->f56, F: 1 [O(1)]
  61: f38->f56, G: Y [O(n)]
  61: f38->f56, H: 0 [O(1)]
  61: f38->f56, I: -max{-1, -1, -I} [O(n)]
  61: f38->f56, K: -max{0, -K} [O(n)]
  61: f38->f56, L: L [O(n)]
  61: f38->f56, M: M [O(n)]
  61: f38->f56, N: N [O(n)]
  61: f38->f56, O: O [O(n)]
  61: f38->f56, P: P [O(n)]
  61: f38->f56, Q: Q [O(n)]
  61: f38->f56, R: R [O(n)]
  61: f38->f56, S: S [O(n)]
  61: f38->f56, T: T [O(n)]
  61: f38->f56, U: U [O(n)]
  61: f38->f56, V: V [O(n)]
  61: f38->f56, W: W [O(n)]
  8: f41->f44, A: 1 [O(1)]
  8: f41->f44, B: 1 [O(1)]
  8: f41->f44, C: 3 [O(1)]
  8: f41->f44, D: 1 [O(1)]
  8: f41->f44, E: 0 [O(1)]
  8: f41->f44, F: 1 [O(1)]
  8: f41->f44, G: Y [O(n)]
  8: f41->f44, H: 0 [O(1)]
  8: f41->f44, I: 0 [O(1)]
  8: f41->f44, K: -max{0, -K} [O(n)]
  8: f41->f44, L: L [O(n)]
  8: f41->f44, M: M [O(n)]
  8: f41->f44, N: N [O(n)]
  8: f41->f44, O: O [O(n)]
  8: f41->f44, P: P [O(n)]
  8: f41->f44, Q: Q [O(n)]
  8: f41->f44, R: R [O(n)]
  8: f41->f44, S: S [O(n)]
  8: f41->f44, T: T [O(n)]
  8: f41->f44, U: U [O(n)]
  8: f41->f44, V: V [O(n)]
  8: f41->f44, W: W [O(n)]
  9: f41->f44, A: 1 [O(1)]
  9: f41->f44, B: 1 [O(1)]
  9: f41->f44, C: 3 [O(1)]
  9: f41->f44, D: 1 [O(1)]
  9: f41->f44, E: 1 [O(1)]
  9: f41->f44, F: 1 [O(1)]
  9: f41->f44, G: Y [O(n)]
  9: f41->f44, H: 0 [O(1)]
  9: f41->f44, I: 0 [O(1)]
  9: f41->f44, K: -max{0, -K} [O(n)]
  9: f41->f44, L: L [O(n)]
  9: f41->f44, M: M [O(n)]
  9: f41->f44, N: N [O(n)]
  9: f41->f44, O: O [O(n)]
  9: f41->f44, P: P [O(n)]
  9: f41->f44, Q: Q [O(n)]
  9: f41->f44, R: R [O(n)]
  9: f41->f44, S: S [O(n)]
  9: f41->f44, T: T [O(n)]
  9: f41->f44, U: U [O(n)]
  9: f41->f44, V: V [O(n)]
  9: f41->f44, W: W [O(n)]
  12: f41->f41, A: 1 [O(1)]
  12: f41->f41, B: 1 [O(1)]
  12: f41->f41, C: 3 [O(1)]
  12: f41->f41, D: 1 [O(1)]
  12: f41->f41, E: 0 [O(1)]
  12: f41->f41, F: 1 [O(1)]
  12: f41->f41, G: Y [O(n)]
  12: f41->f41, H: 0 [O(1)]
  12: f41->f41, I: 1 [O(1)]
  12: f41->f41, K: 0 [O(1)]
  12: f41->f41, L: L [O(n)]
  12: f41->f41, M: M [O(n)]
  12: f41->f41, N: N [O(n)]
  12: f41->f41, O: O [O(n)]
  12: f41->f41, P: P [O(n)]
  12: f41->f41, Q: Q [O(n)]
  12: f41->f41, R: R [O(n)]
  12: f41->f41, S: S [O(n)]
  12: f41->f41, T: T [O(n)]
  12: f41->f41, U: U [O(n)]
  12: f41->f41, V: V [O(n)]
  12: f41->f41, W: W [O(n)]
  60: f41->f38, A: 1 [O(1)]
  60: f41->f38, B: 1 [O(1)]
  60: f41->f38, C: 3 [O(1)]
  60: f41->f38, D: 1 [O(1)]
  60: f41->f38, E: 0 [O(1)]
  60: f41->f38, F: 1 [O(1)]
  60: f41->f38, G: Y [O(n)]
  60: f41->f38, H: 1 [O(1)]
  60: f41->f38, I: 1 [O(1)]
  60: f41->f38, K: -max{0, -K} [O(n)]
  60: f41->f38, L: L [O(n)]
  60: f41->f38, M: M [O(n)]
  60: f41->f38, N: N [O(n)]
  60: f41->f38, O: O [O(n)]
  60: f41->f38, P: P [O(n)]
  60: f41->f38, Q: Q [O(n)]
  60: f41->f38, R: R [O(n)]
  60: f41->f38, S: S [O(n)]
  60: f41->f38, T: T [O(n)]
  60: f41->f38, U: U [O(n)]
  60: f41->f38, V: V [O(n)]
  60: f41->f38, W: W [O(n)]
  10: f44->f41, A: 1 [O(1)]
  10: f44->f41, B: 1 [O(1)]
  10: f44->f41, C: 3 [O(1)]
  10: f44->f41, D: 1 [O(1)]
  10: f44->f41, E: 1 [O(1)]
  10: f44->f41, F: 1 [O(1)]
  10: f44->f41, G: Y [O(n)]
  10: f44->f41, H: 0 [O(1)]
  10: f44->f41, I: 1 [O(1)]
  10: f44->f41, K: 1 [O(1)]
  10: f44->f41, L: L [O(n)]
  10: f44->f41, M: M [O(n)]
  10: f44->f41, N: N [O(n)]
  10: f44->f41, O: O [O(n)]
  10: f44->f41, P: P [O(n)]
  10: f44->f41, Q: Q [O(n)]
  10: f44->f41, R: R [O(n)]
  10: f44->f41, S: S [O(n)]
  10: f44->f41, T: T [O(n)]
  10: f44->f41, U: U [O(n)]
  10: f44->f41, V: V [O(n)]
  10: f44->f41, W: W [O(n)]
  11: f44->f41, A: 1 [O(1)]
  11: f44->f41, B: 1 [O(1)]
  11: f44->f41, C: 3 [O(1)]
  11: f44->f41, D: 1 [O(1)]
  11: f44->f41, E: 0 [O(1)]
  11: f44->f41, F: 1 [O(1)]
  11: f44->f41, G: Y [O(n)]
  11: f44->f41, H: 0 [O(1)]
  11: f44->f41, I: 1 [O(1)]
  11: f44->f41, K: 0 [O(1)]
  11: f44->f41, L: L [O(n)]
  11: f44->f41, M: M [O(n)]
  11: f44->f41, N: N [O(n)]
  11: f44->f41, O: O [O(n)]
  11: f44->f41, P: P [O(n)]
  11: f44->f41, Q: Q [O(n)]
  11: f44->f41, R: R [O(n)]
  11: f44->f41, S: S [O(n)]
  11: f44->f41, T: T [O(n)]
  11: f44->f41, U: U [O(n)]
  11: f44->f41, V: V [O(n)]
  11: f44->f41, W: W [O(n)]
  13: f56->f59, A: 0 [O(1)]
  13: f56->f59, B: 1 [O(1)]
  13: f56->f59, C: 3 [O(1)]
  13: f56->f59, D: 1 [O(1)]
  13: f56->f59, E: 0 [O(1)]
  13: f56->f59, F: 1 [O(1)]
  13: f56->f59, G: Y [O(n)]
  13: f56->f59, H: 0 [O(1)]
  13: f56->f59, I: -max{-1, -1, -I} [O(n)]
  13: f56->f59, K: -max{0, -K} [O(n)]
  13: f56->f59, L: 0 [O(1)]
  13: f56->f59, M: -max{-2, -M} [O(n)]
  13: f56->f59, N: -max{0, -N} [O(n)]
  13: f56->f59, O: O [O(n)]
  13: f56->f59, P: P [O(n)]
  13: f56->f59, Q: Q [O(n)]
  13: f56->f59, R: R [O(n)]
  13: f56->f59, S: S [O(n)]
  13: f56->f59, T: T [O(n)]
  13: f56->f59, U: U [O(n)]
  13: f56->f59, V: V [O(n)]
  13: f56->f59, W: W [O(n)]
  59: f56->f77, A: 0 [O(1)]
  59: f56->f77, B: 1 [O(1)]
  59: f56->f77, C: 3 [O(1)]
  59: f56->f77, D: -max{-1, -1, max{-1, -X}} [O(n)]
  59: f56->f77, E: 0 [O(1)]
  59: f56->f77, F: 1 [O(1)]
  59: f56->f77, G: Y [O(n)]
  59: f56->f77, H: 0 [O(1)]
  59: f56->f77, I: 0 [O(1)]
  59: f56->f77, K: -max{0, -K} [O(n)]
  59: f56->f77, L: -max{0, -L} [O(n)]
  59: f56->f77, M: -max{-2, -M} [O(n)]
  59: f56->f77, N: -max{0, -N} [O(n)]
  59: f56->f77, O: O [O(n)]
  59: f56->f77, P: P [O(n)]
  59: f56->f77, Q: Q [O(n)]
  59: f56->f77, R: R [O(n)]
  59: f56->f77, S: S [O(n)]
  59: f56->f77, T: T [O(n)]
  59: f56->f77, U: U [O(n)]
  59: f56->f77, V: V [O(n)]
  59: f56->f77, W: W [O(n)]
  14: f59->f62, A: 0 [O(1)]
  14: f59->f62, B: 1 [O(1)]
  14: f59->f62, C: 3 [O(1)]
  14: f59->f62, D: 2 [O(1)]
  14: f59->f62, E: 0 [O(1)]
  14: f59->f62, F: 1 [O(1)]
  14: f59->f62, G: Y [O(n)]
  14: f59->f62, H: 0 [O(1)]
  14: f59->f62, I: -max{-1, -1, -I} [O(n)]
  14: f59->f62, K: -max{0, -K} [O(n)]
  14: f59->f62, L: 0 [O(1)]
  14: f59->f62, M: 1 [O(1)]
  14: f59->f62, N: -max{0, -N} [O(n)]
  14: f59->f62, O: O [O(n)]
  14: f59->f62, P: P [O(n)]
  14: f59->f62, Q: Q [O(n)]
  14: f59->f62, R: R [O(n)]
  14: f59->f62, S: S [O(n)]
  14: f59->f62, T: T [O(n)]
  14: f59->f62, U: U [O(n)]
  14: f59->f62, V: V [O(n)]
  14: f59->f62, W: W [O(n)]
  58: f59->f56, A: 0 [O(1)]
  58: f59->f56, B: 1 [O(1)]
  58: f59->f56, C: 3 [O(1)]
  58: f59->f56, D: 1 [O(1)]
  58: f59->f56, E: 0 [O(1)]
  58: f59->f56, F: 1 [O(1)]
  58: f59->f56, G: Y [O(n)]
  58: f59->f56, H: 1 [O(1)]
  58: f59->f56, I: -max{-1, -1, -I} [O(n)]
  58: f59->f56, K: -max{0, -K} [O(n)]
  58: f59->f56, L: 0 [O(1)]
  58: f59->f56, M: -max{-2, -M} [O(n)]
  58: f59->f56, N: -max{0, -N} [O(n)]
  58: f59->f56, O: O [O(n)]
  58: f59->f56, P: P [O(n)]
  58: f59->f56, Q: Q [O(n)]
  58: f59->f56, R: R [O(n)]
  58: f59->f56, S: S [O(n)]
  58: f59->f56, T: T [O(n)]
  58: f59->f56, U: U [O(n)]
  58: f59->f56, V: V [O(n)]
  58: f59->f56, W: W [O(n)]
  15: f62->f65, A: 0 [O(1)]
  15: f62->f65, B: 1 [O(1)]
  15: f62->f65, C: 3 [O(1)]
  15: f62->f65, D: 2 [O(1)]
  15: f62->f65, E: 0 [O(1)]
  15: f62->f65, F: 1 [O(1)]
  15: f62->f65, G: Y [O(n)]
  15: f62->f65, H: 0 [O(1)]
  15: f62->f65, I: -max{-1, -1, -I} [O(n)]
  15: f62->f65, K: -max{0, -K} [O(n)]
  15: f62->f65, L: 0 [O(1)]
  15: f62->f65, M: 1 [O(1)]
  15: f62->f65, N: -max{0, -N} [O(n)]
  15: f62->f65, O: O [O(n)]
  15: f62->f65, P: P [O(n)]
  15: f62->f65, Q: Q [O(n)]
  15: f62->f65, R: R [O(n)]
  15: f62->f65, S: S [O(n)]
  15: f62->f65, T: T [O(n)]
  15: f62->f65, U: U [O(n)]
  15: f62->f65, V: V [O(n)]
  15: f62->f65, W: W [O(n)]
  16: f62->f65, A: 1 [O(1)]
  16: f62->f65, B: 1 [O(1)]
  16: f62->f65, C: 3 [O(1)]
  16: f62->f65, D: 2 [O(1)]
  16: f62->f65, E: 0 [O(1)]
  16: f62->f65, F: 1 [O(1)]
  16: f62->f65, G: Y [O(n)]
  16: f62->f65, H: 0 [O(1)]
  16: f62->f65, I: -max{-1, -1, -I} [O(n)]
  16: f62->f65, K: -max{0, -K} [O(n)]
  16: f62->f65, L: 0 [O(1)]
  16: f62->f65, M: 1 [O(1)]
  16: f62->f65, N: -max{0, -N} [O(n)]
  16: f62->f65, O: O [O(n)]
  16: f62->f65, P: P [O(n)]
  16: f62->f65, Q: Q [O(n)]
  16: f62->f65, R: R [O(n)]
  16: f62->f65, S: S [O(n)]
  16: f62->f65, T: T [O(n)]
  16: f62->f65, U: U [O(n)]
  16: f62->f65, V: V [O(n)]
  16: f62->f65, W: W [O(n)]
  20: f62->f62, A: 0 [O(1)]
  20: f62->f62, B: 1 [O(1)]
  20: f62->f62, C: 3 [O(1)]
  20: f62->f62, D: 2 [O(1)]
  20: f62->f62, E: 0 [O(1)]
  20: f62->f62, F: 1 [O(1)]
  20: f62->f62, G: Y [O(n)]
  20: f62->f62, H: 0 [O(1)]
  20: f62->f62, I: -max{-1, -1, -I} [O(n)]
  20: f62->f62, K: -max{0, -K} [O(n)]
  20: f62->f62, L: 0 [O(1)]
  20: f62->f62, M: 2 [O(1)]
  20: f62->f62, N: 0 [O(1)]
  20: f62->f62, O: O [O(n)]
  20: f62->f62, P: P [O(n)]
  20: f62->f62, Q: Q [O(n)]
  20: f62->f62, R: R [O(n)]
  20: f62->f62, S: S [O(n)]
  20: f62->f62, T: T [O(n)]
  20: f62->f62, U: U [O(n)]
  20: f62->f62, V: V [O(n)]
  20: f62->f62, W: W [O(n)]
  57: f62->f59, A: 0 [O(1)]
  57: f62->f59, B: 1 [O(1)]
  57: f62->f59, C: 3 [O(1)]
  57: f62->f59, D: 2 [O(1)]
  57: f62->f59, E: 0 [O(1)]
  57: f62->f59, F: 1 [O(1)]
  57: f62->f59, G: Y [O(n)]
  57: f62->f59, H: 0 [O(1)]
  57: f62->f59, I: -max{-1, -1, -I} [O(n)]
  57: f62->f59, K: -max{0, -K} [O(n)]
  57: f62->f59, L: 1 [O(1)]
  57: f62->f59, M: 2 [O(1)]
  57: f62->f59, N: -max{0, -N} [O(n)]
  57: f62->f59, O: O [O(n)]
  57: f62->f59, P: P [O(n)]
  57: f62->f59, Q: Q [O(n)]
  57: f62->f59, R: R [O(n)]
  57: f62->f59, S: S [O(n)]
  57: f62->f59, T: T [O(n)]
  57: f62->f59, U: U [O(n)]
  57: f62->f59, V: V [O(n)]
  57: f62->f59, W: W [O(n)]
  17: f65->f62, A: 1 [O(1)]
  17: f65->f62, B: 1 [O(1)]
  17: f65->f62, C: 3 [O(1)]
  17: f65->f62, D: 2 [O(1)]
  17: f65->f62, E: 0 [O(1)]
  17: f65->f62, F: 1 [O(1)]
  17: f65->f62, G: Y [O(n)]
  17: f65->f62, H: 0 [O(1)]
  17: f65->f62, I: -max{-1, -1, -I} [O(n)]
  17: f65->f62, K: -max{0, -K} [O(n)]
  17: f65->f62, L: 0 [O(1)]
  17: f65->f62, M: 2 [O(1)]
  17: f65->f62, N: 1 [O(1)]
  17: f65->f62, O: O [O(n)]
  17: f65->f62, P: P [O(n)]
  17: f65->f62, Q: Q [O(n)]
  17: f65->f62, R: R [O(n)]
  17: f65->f62, S: S [O(n)]
  17: f65->f62, T: T [O(n)]
  17: f65->f62, U: U [O(n)]
  17: f65->f62, V: V [O(n)]
  17: f65->f62, W: W [O(n)]
  18: f65->f62, A: 1 [O(1)]
  18: f65->f62, B: 1 [O(1)]
  18: f65->f62, C: 3 [O(1)]
  18: f65->f62, D: 2 [O(1)]
  18: f65->f62, E: 0 [O(1)]
  18: f65->f62, F: 1 [O(1)]
  18: f65->f62, G: Y [O(n)]
  18: f65->f62, H: 0 [O(1)]
  18: f65->f62, I: -max{-1, -1, -I} [O(n)]
  18: f65->f62, K: -max{0, -K} [O(n)]
  18: f65->f62, L: 0 [O(1)]
  18: f65->f62, M: 2 [O(1)]
  18: f65->f62, N: 1 [O(1)]
  18: f65->f62, O: O [O(n)]
  18: f65->f62, P: P [O(n)]
  18: f65->f62, Q: Q [O(n)]
  18: f65->f62, R: R [O(n)]
  18: f65->f62, S: S [O(n)]
  18: f65->f62, T: T [O(n)]
  18: f65->f62, U: U [O(n)]
  18: f65->f62, V: V [O(n)]
  18: f65->f62, W: W [O(n)]
  19: f65->f62, A: 0 [O(1)]
  19: f65->f62, B: 1 [O(1)]
  19: f65->f62, C: 3 [O(1)]
  19: f65->f62, D: 2 [O(1)]
  19: f65->f62, E: 0 [O(1)]
  19: f65->f62, F: 1 [O(1)]
  19: f65->f62, G: Y [O(n)]
  19: f65->f62, H: 0 [O(1)]
  19: f65->f62, I: -max{-1, -1, -I} [O(n)]
  19: f65->f62, K: -max{0, -K} [O(n)]
  19: f65->f62, L: 0 [O(1)]
  19: f65->f62, M: 2 [O(1)]
  19: f65->f62, N: 0 [O(1)]
  19: f65->f62, O: O [O(n)]
  19: f65->f62, P: P [O(n)]
  19: f65->f62, Q: Q [O(n)]
  19: f65->f62, R: R [O(n)]
  19: f65->f62, S: S [O(n)]
  19: f65->f62, T: T [O(n)]
  19: f65->f62, U: U [O(n)]
  19: f65->f62, V: V [O(n)]
  19: f65->f62, W: W [O(n)]
  21: f77->f80, A: 0 [O(1)]
  21: f77->f80, B: 0 [O(1)]
  21: f77->f80, C: 3 [O(1)]
  21: f77->f80, D: 1 [O(1)]
  21: f77->f80, E: 0 [O(1)]
  21: f77->f80, F: 1 [O(1)]
  21: f77->f80, G: Y [O(n)]
  21: f77->f80, H: 1 [O(1)]
  21: f77->f80, I: 0 [O(1)]
  21: f77->f80, K: -max{0, -K} [O(n)]
  21: f77->f80, L: -max{0, -L} [O(n)]
  21: f77->f80, M: -max{-2, -M} [O(n)]
  21: f77->f80, N: -max{0, -N} [O(n)]
  21: f77->f80, O: 0 [O(1)]
  21: f77->f80, P: -max{-2, -P} [O(n)]
  21: f77->f80, Q: -max{0, -Q} [O(n)]
  21: f77->f80, R: R [O(n)]
  21: f77->f80, S: S [O(n)]
  21: f77->f80, T: T [O(n)]
  21: f77->f80, U: U [O(n)]
  21: f77->f80, V: V [O(n)]
  21: f77->f80, W: W [O(n)]
  56: f77->f98, A: 0 [O(1)]
  56: f77->f98, B: 0 [O(1)]
  56: f77->f98, C: 3 [O(1)]
  56: f77->f98, D: -max{-1, -1, max{-1, -1, -X}} [O(n)]
  56: f77->f98, E: 0 [O(1)]
  56: f77->f98, F: 1 [O(1)]
  56: f77->f98, G: Y [O(n)]
  56: f77->f98, H: 0 [O(1)]
  56: f77->f98, I: 0 [O(1)]
  56: f77->f98, K: -max{0, -K} [O(n)]
  56: f77->f98, L: -max{0, -L} [O(n)]
  56: f77->f98, M: -max{-2, -M} [O(n)]
  56: f77->f98, N: -max{0, -N} [O(n)]
  56: f77->f98, O: -max{0, -O} [O(n)]
  56: f77->f98, P: -max{-2, -P} [O(n)]
  56: f77->f98, Q: -max{0, -Q} [O(n)]
  56: f77->f98, R: R [O(n)]
  56: f77->f98, S: S [O(n)]
  56: f77->f98, T: T [O(n)]
  56: f77->f98, U: U [O(n)]
  56: f77->f98, V: V [O(n)]
  56: f77->f98, W: W [O(n)]
  22: f80->f83, A: 0 [O(1)]
  22: f80->f83, B: 0 [O(1)]
  22: f80->f83, C: 3 [O(1)]
  22: f80->f83, D: 2 [O(1)]
  22: f80->f83, E: 0 [O(1)]
  22: f80->f83, F: 1 [O(1)]
  22: f80->f83, G: Y [O(n)]
  22: f80->f83, H: 2 [O(1)]
  22: f80->f83, I: 0 [O(1)]
  22: f80->f83, K: -max{0, -K} [O(n)]
  22: f80->f83, L: -max{0, -L} [O(n)]
  22: f80->f83, M: -max{-2, -M} [O(n)]
  22: f80->f83, N: -max{0, -N} [O(n)]
  22: f80->f83, O: 0 [O(1)]
  22: f80->f83, P: 1 [O(1)]
  22: f80->f83, Q: -max{0, -Q} [O(n)]
  22: f80->f83, R: R [O(n)]
  22: f80->f83, S: S [O(n)]
  22: f80->f83, T: T [O(n)]
  22: f80->f83, U: U [O(n)]
  22: f80->f83, V: V [O(n)]
  22: f80->f83, W: W [O(n)]
  55: f80->f77, A: 0 [O(1)]
  55: f80->f77, B: 0 [O(1)]
  55: f80->f77, C: 3 [O(1)]
  55: f80->f77, D: 1 [O(1)]
  55: f80->f77, E: 0 [O(1)]
  55: f80->f77, F: 1 [O(1)]
  55: f80->f77, G: Y [O(n)]
  55: f80->f77, H: 1 [O(1)]
  55: f80->f77, I: 1 [O(1)]
  55: f80->f77, K: -max{0, -K} [O(n)]
  55: f80->f77, L: -max{0, -L} [O(n)]
  55: f80->f77, M: -max{-2, -M} [O(n)]
  55: f80->f77, N: -max{0, -N} [O(n)]
  55: f80->f77, O: 0 [O(1)]
  55: f80->f77, P: -max{-2, -P} [O(n)]
  55: f80->f77, Q: -max{0, -Q} [O(n)]
  55: f80->f77, R: R [O(n)]
  55: f80->f77, S: S [O(n)]
  55: f80->f77, T: T [O(n)]
  55: f80->f77, U: U [O(n)]
  55: f80->f77, V: V [O(n)]
  55: f80->f77, W: W [O(n)]
  23: f83->f86, A: 0 [O(1)]
  23: f83->f86, B: 0 [O(1)]
  23: f83->f86, C: 3 [O(1)]
  23: f83->f86, D: 2 [O(1)]
  23: f83->f86, E: 0 [O(1)]
  23: f83->f86, F: 1 [O(1)]
  23: f83->f86, G: Y [O(n)]
  23: f83->f86, H: 2 [O(1)]
  23: f83->f86, I: 0 [O(1)]
  23: f83->f86, K: -max{0, -K} [O(n)]
  23: f83->f86, L: -max{0, -L} [O(n)]
  23: f83->f86, M: -max{-2, -M} [O(n)]
  23: f83->f86, N: -max{0, -N} [O(n)]
  23: f83->f86, O: 0 [O(1)]
  23: f83->f86, P: 1 [O(1)]
  23: f83->f86, Q: -max{0, -Q} [O(n)]
  23: f83->f86, R: R [O(n)]
  23: f83->f86, S: S [O(n)]
  23: f83->f86, T: T [O(n)]
  23: f83->f86, U: U [O(n)]
  23: f83->f86, V: V [O(n)]
  23: f83->f86, W: W [O(n)]
  24: f83->f86, A: 0 [O(1)]
  24: f83->f86, B: 1 [O(1)]
  24: f83->f86, C: 3 [O(1)]
  24: f83->f86, D: 2 [O(1)]
  24: f83->f86, E: 0 [O(1)]
  24: f83->f86, F: 1 [O(1)]
  24: f83->f86, G: Y [O(n)]
  24: f83->f86, H: 2 [O(1)]
  24: f83->f86, I: 0 [O(1)]
  24: f83->f86, K: -max{0, -K} [O(n)]
  24: f83->f86, L: -max{0, -L} [O(n)]
  24: f83->f86, M: -max{-2, -M} [O(n)]
  24: f83->f86, N: -max{0, -N} [O(n)]
  24: f83->f86, O: 0 [O(1)]
  24: f83->f86, P: 1 [O(1)]
  24: f83->f86, Q: -max{0, -Q} [O(n)]
  24: f83->f86, R: R [O(n)]
  24: f83->f86, S: S [O(n)]
  24: f83->f86, T: T [O(n)]
  24: f83->f86, U: U [O(n)]
  24: f83->f86, V: V [O(n)]
  24: f83->f86, W: W [O(n)]
  28: f83->f83, A: 0 [O(1)]
  28: f83->f83, B: 0 [O(1)]
  28: f83->f83, C: 3 [O(1)]
  28: f83->f83, D: 2 [O(1)]
  28: f83->f83, E: 0 [O(1)]
  28: f83->f83, F: 1 [O(1)]
  28: f83->f83, G: Y [O(n)]
  28: f83->f83, H: 2 [O(1)]
  28: f83->f83, I: 0 [O(1)]
  28: f83->f83, K: -max{0, -K} [O(n)]
  28: f83->f83, L: -max{0, -L} [O(n)]
  28: f83->f83, M: -max{-2, -M} [O(n)]
  28: f83->f83, N: -max{0, -N} [O(n)]
  28: f83->f83, O: 0 [O(1)]
  28: f83->f83, P: 2 [O(1)]
  28: f83->f83, Q: 0 [O(1)]
  28: f83->f83, R: R [O(n)]
  28: f83->f83, S: S [O(n)]
  28: f83->f83, T: T [O(n)]
  28: f83->f83, U: U [O(n)]
  28: f83->f83, V: V [O(n)]
  28: f83->f83, W: W [O(n)]
  54: f83->f80, A: 0 [O(1)]
  54: f83->f80, B: 0 [O(1)]
  54: f83->f80, C: 3 [O(1)]
  54: f83->f80, D: 2 [O(1)]
  54: f83->f80, E: 0 [O(1)]
  54: f83->f80, F: 1 [O(1)]
  54: f83->f80, G: Y [O(n)]
  54: f83->f80, H: 2 [O(1)]
  54: f83->f80, I: 0 [O(1)]
  54: f83->f80, K: -max{0, -K} [O(n)]
  54: f83->f80, L: -max{0, -L} [O(n)]
  54: f83->f80, M: -max{-2, -M} [O(n)]
  54: f83->f80, N: -max{0, -N} [O(n)]
  54: f83->f80, O: 1 [O(1)]
  54: f83->f80, P: 2 [O(1)]
  54: f83->f80, Q: -max{0, -Q} [O(n)]
  54: f83->f80, R: R [O(n)]
  54: f83->f80, S: S [O(n)]
  54: f83->f80, T: T [O(n)]
  54: f83->f80, U: U [O(n)]
  54: f83->f80, V: V [O(n)]
  54: f83->f80, W: W [O(n)]
  25: f86->f83, A: 0 [O(1)]
  25: f86->f83, B: 1 [O(1)]
  25: f86->f83, C: 3 [O(1)]
  25: f86->f83, D: 2 [O(1)]
  25: f86->f83, E: 0 [O(1)]
  25: f86->f83, F: 1 [O(1)]
  25: f86->f83, G: Y [O(n)]
  25: f86->f83, H: 2 [O(1)]
  25: f86->f83, I: 0 [O(1)]
  25: f86->f83, K: -max{0, -K} [O(n)]
  25: f86->f83, L: -max{0, -L} [O(n)]
  25: f86->f83, M: -max{-2, -M} [O(n)]
  25: f86->f83, N: -max{0, -N} [O(n)]
  25: f86->f83, O: 0 [O(1)]
  25: f86->f83, P: 2 [O(1)]
  25: f86->f83, Q: 1 [O(1)]
  25: f86->f83, R: R [O(n)]
  25: f86->f83, S: S [O(n)]
  25: f86->f83, T: T [O(n)]
  25: f86->f83, U: U [O(n)]
  25: f86->f83, V: V [O(n)]
  25: f86->f83, W: W [O(n)]
  26: f86->f83, A: 0 [O(1)]
  26: f86->f83, B: 1 [O(1)]
  26: f86->f83, C: 3 [O(1)]
  26: f86->f83, D: 2 [O(1)]
  26: f86->f83, E: 0 [O(1)]
  26: f86->f83, F: 1 [O(1)]
  26: f86->f83, G: Y [O(n)]
  26: f86->f83, H: 2 [O(1)]
  26: f86->f83, I: 0 [O(1)]
  26: f86->f83, K: -max{0, -K} [O(n)]
  26: f86->f83, L: -max{0, -L} [O(n)]
  26: f86->f83, M: -max{-2, -M} [O(n)]
  26: f86->f83, N: -max{0, -N} [O(n)]
  26: f86->f83, O: 0 [O(1)]
  26: f86->f83, P: 2 [O(1)]
  26: f86->f83, Q: 1 [O(1)]
  26: f86->f83, R: R [O(n)]
  26: f86->f83, S: S [O(n)]
  26: f86->f83, T: T [O(n)]
  26: f86->f83, U: U [O(n)]
  26: f86->f83, V: V [O(n)]
  26: f86->f83, W: W [O(n)]
  27: f86->f83, A: 0 [O(1)]
  27: f86->f83, B: 0 [O(1)]
  27: f86->f83, C: 3 [O(1)]
  27: f86->f83, D: 2 [O(1)]
  27: f86->f83, E: 0 [O(1)]
  27: f86->f83, F: 1 [O(1)]
  27: f86->f83, G: Y [O(n)]
  27: f86->f83, H: 2 [O(1)]
  27: f86->f83, I: 0 [O(1)]
  27: f86->f83, K: -max{0, -K} [O(n)]
  27: f86->f83, L: -max{0, -L} [O(n)]
  27: f86->f83, M: -max{-2, -M} [O(n)]
  27: f86->f83, N: -max{0, -N} [O(n)]
  27: f86->f83, O: 0 [O(1)]
  27: f86->f83, P: 2 [O(1)]
  27: f86->f83, Q: 0 [O(1)]
  27: f86->f83, R: R [O(n)]
  27: f86->f83, S: S [O(n)]
  27: f86->f83, T: T [O(n)]
  27: f86->f83, U: U [O(n)]
  27: f86->f83, V: V [O(n)]
  27: f86->f83, W: W [O(n)]
  29: f98->f101, A: 0 [O(1)]
  29: f98->f101, B: 0 [O(1)]
  29: f98->f101, C: 3 [O(1)]
  29: f98->f101, D: -max{-1, -1, max{-1, -1, -X}} [O(n)]
  29: f98->f101, E: 0 [O(1)]
  29: f98->f101, F: 0 [O(1)]
  29: f98->f101, G: Y [O(n)]
  29: f98->f101, H: 0 [O(1)]
  29: f98->f101, I: 0 [O(1)]
  29: f98->f101, K: -max{0, -K} [O(n)]
  29: f98->f101, L: -max{0, -L} [O(n)]
  29: f98->f101, M: -max{-2, -M} [O(n)]
  29: f98->f101, N: -max{0, -N} [O(n)]
  29: f98->f101, O: -max{0, -O} [O(n)]
  29: f98->f101, P: -max{-2, -P} [O(n)]
  29: f98->f101, Q: -max{0, -Q} [O(n)]
  29: f98->f101, R: -max{-3, -R} [O(n)]
  29: f98->f101, S: -max{-3, -S} [O(n)]
  29: f98->f101, T: -max{-3, -T} [O(n)]
  29: f98->f101, U: -max{-3, -U} [O(n)]
  29: f98->f101, V: -max{0, -V} [O(n)]
  29: f98->f101, W: W [O(n)]
  51: f98->f135, A: 0 [O(1)]
  51: f98->f135, B: 0 [O(1)]
  51: f98->f135, C: 3 [O(1)]
  51: f98->f135, D: -max{-1, -1, max{-1, -1, -X}} [O(n)]
  51: f98->f135, E: 0 [O(1)]
  51: f98->f135, F: 0 [O(1)]
  51: f98->f135, G: Y [O(n)]
  51: f98->f135, H: 3 [O(1)]
  51: f98->f135, I: 0 [O(1)]
  51: f98->f135, K: -max{0, -K} [O(n)]
  51: f98->f135, L: -max{0, -L} [O(n)]
  51: f98->f135, M: -max{-2, -M} [O(n)]
  51: f98->f135, N: -max{0, -N} [O(n)]
  51: f98->f135, O: -max{0, -O} [O(n)]
  51: f98->f135, P: -max{-2, -P} [O(n)]
  51: f98->f135, Q: -max{0, -Q} [O(n)]
  51: f98->f135, R: -max{-3, -R} [O(n)]
  51: f98->f135, S: -max{-3, -S} [O(n)]
  51: f98->f135, T: -max{-3, -T} [O(n)]
  51: f98->f135, U: -max{-3, -U} [O(n)]
  51: f98->f135, V: -max{0, -V} [O(n)]
  51: f98->f135, W: W [O(n)]
  52: f98->f135, A: 0 [O(1)]
  52: f98->f135, B: 0 [O(1)]
  52: f98->f135, C: 3 [O(1)]
  52: f98->f135, D: -max{-1, -1, max{-1, -1, -X}} [O(n)]
  52: f98->f135, E: 1 [O(1)]
  52: f98->f135, F: 0 [O(1)]
  52: f98->f135, G: Y [O(n)]
  52: f98->f135, H: 3 [O(1)]
  52: f98->f135, I: 0 [O(1)]
  52: f98->f135, K: -max{0, -K} [O(n)]
  52: f98->f135, L: -max{0, -L} [O(n)]
  52: f98->f135, M: -max{-2, -M} [O(n)]
  52: f98->f135, N: -max{0, -N} [O(n)]
  52: f98->f135, O: -max{0, -O} [O(n)]
  52: f98->f135, P: -max{-2, -P} [O(n)]
  52: f98->f135, Q: -max{0, -Q} [O(n)]
  52: f98->f135, R: -max{-3, -R} [O(n)]
  52: f98->f135, S: -max{-3, -S} [O(n)]
  52: f98->f135, T: -max{-3, -T} [O(n)]
  52: f98->f135, U: -max{-3, -U} [O(n)]
  52: f98->f135, V: -max{0, -V} [O(n)]
  52: f98->f135, W: W [O(n)]
  53: f98->f146, A: 0 [O(1)]
  53: f98->f146, B: 0 [O(1)]
  53: f98->f146, C: 3 [O(1)]
  53: f98->f146, D: -max{-1, -1, max{-1, -1, -X}} [O(n)]
  53: f98->f146, E: 0 [O(1)]
  53: f98->f146, F: 0 [O(1)]
  53: f98->f146, G: Y [O(n)]
  53: f98->f146, H: 3 [O(1)]
  53: f98->f146, I: 0 [O(1)]
  53: f98->f146, K: -max{0, -K} [O(n)]
  53: f98->f146, L: -max{0, -L} [O(n)]
  53: f98->f146, M: -max{-2, -M} [O(n)]
  53: f98->f146, N: -max{0, -N} [O(n)]
  53: f98->f146, O: -max{0, -O} [O(n)]
  53: f98->f146, P: -max{-2, -P} [O(n)]
  53: f98->f146, Q: -max{0, -Q} [O(n)]
  53: f98->f146, R: -max{-3, -R} [O(n)]
  53: f98->f146, S: -max{-3, -S} [O(n)]
  53: f98->f146, T: -max{-3, -T} [O(n)]
  53: f98->f146, U: -max{-3, -U} [O(n)]
  53: f98->f146, V: -max{0, -V} [O(n)]
  53: f98->f146, W: 1 [O(1)]
`Upper:
  4: f0->f26, A: 1 [O(1)]
  4: f0->f26, B: 1 [O(1)]
  4: f0->f26, C: 3 [O(1)]
  4: f0->f26, D: X [O(n)]
  4: f0->f26, E: 1 [O(1)]
  4: f0->f26, F: 1 [O(1)]
  4: f0->f26, G: Y [O(n)]
  4: f0->f26, H: 0 [O(1)]
  4: f0->f26, I: I [O(n)]
  4: f0->f26, J: J [O(n)]
  4: f0->f26, K: K [O(n)]
  4: f0->f26, L: L [O(n)]
  4: f0->f26, M: M [O(n)]
  4: f0->f26, N: N [O(n)]
  4: f0->f26, O: O [O(n)]
  4: f0->f26, P: P [O(n)]
  4: f0->f26, Q: Q [O(n)]
  4: f0->f26, R: R [O(n)]
  4: f0->f26, S: S [O(n)]
  4: f0->f26, T: T [O(n)]
  4: f0->f26, U: U [O(n)]
  4: f0->f26, V: V [O(n)]
  4: f0->f26, W: W [O(n)]
  30: f101->f104, A: 1 [O(1)]
  30: f101->f104, B: 1 [O(1)]
  30: f101->f104, C: 3 [O(1)]
  30: f101->f104, D: X [O(n)]
  30: f101->f104, E: 1 [O(1)]
  30: f101->f104, F: 1 [O(1)]
  30: f101->f104, G: Y [O(n)]
  30: f101->f104, H: 2 [O(1)]
  30: f101->f104, I: 2 [O(1)]
  30: f101->f104, K: max{1, K} [O(n)]
  30: f101->f104, N: max{1, N} [O(n)]
  30: f101->f104, Q: max{1, Q} [O(n)]
  30: f101->f104, R: 0 [O(1)]
  30: f101->f104, S: max{3, S} [O(n)]
  30: f101->f104, T: max{3, T} [O(n)]
  30: f101->f104, U: max{3, U} [O(n)]
  30: f101->f104, V: max{1, V} [O(n)]
  30: f101->f104, W: W [O(n)]
  50: f101->f98, A: 1 [O(1)]
  50: f101->f98, B: 1 [O(1)]
  50: f101->f98, C: 3 [O(1)]
  50: f101->f98, D: X [O(n)]
  50: f101->f98, E: 1 [O(1)]
  50: f101->f98, F: 1 [O(1)]
  50: f101->f98, G: Y [O(n)]
  50: f101->f98, H: 3 [O(1)]
  50: f101->f98, I: 3 [O(1)]
  50: f101->f98, K: max{1, K} [O(n)]
  50: f101->f98, N: max{1, N} [O(n)]
  50: f101->f98, Q: max{1, Q} [O(n)]
  50: f101->f98, R: max{3, R} [O(n)]
  50: f101->f98, S: max{3, S} [O(n)]
  50: f101->f98, T: max{3, T} [O(n)]
  50: f101->f98, U: max{3, U} [O(n)]
  50: f101->f98, V: max{1, V} [O(n)]
  50: f101->f98, W: W [O(n)]
  31: f104->f107, A: 1 [O(1)]
  31: f104->f107, B: 1 [O(1)]
  31: f104->f107, C: 3 [O(1)]
  31: f104->f107, D: X [O(n)]
  31: f104->f107, E: 1 [O(1)]
  31: f104->f107, F: 1 [O(1)]
  31: f104->f107, G: Y [O(n)]
  31: f104->f107, H: 2 [O(1)]
  31: f104->f107, I: 2 [O(1)]
  31: f104->f107, K: max{1, K} [O(n)]
  31: f104->f107, N: max{1, N} [O(n)]
  31: f104->f107, Q: max{1, Q} [O(n)]
  31: f104->f107, R: 2 [O(1)]
  31: f104->f107, S: 0 [O(1)]
  31: f104->f107, T: max{3, T} [O(n)]
  31: f104->f107, U: max{3, U} [O(n)]
  31: f104->f107, V: max{1, V} [O(n)]
  31: f104->f107, W: W [O(n)]
  49: f104->f101, A: 1 [O(1)]
  49: f104->f101, B: 1 [O(1)]
  49: f104->f101, C: 3 [O(1)]
  49: f104->f101, D: X [O(n)]
  49: f104->f101, E: 1 [O(1)]
  49: f104->f101, F: 1 [O(1)]
  49: f104->f101, G: Y [O(n)]
  49: f104->f101, H: 2 [O(1)]
  49: f104->f101, I: 3 [O(1)]
  49: f104->f101, K: max{1, K} [O(n)]
  49: f104->f101, N: max{1, N} [O(n)]
  49: f104->f101, Q: max{1, Q} [O(n)]
  49: f104->f101, R: 3 [O(1)]
  49: f104->f101, S: max{3, S} [O(n)]
  49: f104->f101, T: max{3, T} [O(n)]
  49: f104->f101, U: max{3, U} [O(n)]
  49: f104->f101, V: max{1, V} [O(n)]
  49: f104->f101, W: W [O(n)]
  32: f107->f110, A: 1 [O(1)]
  32: f107->f110, B: 1 [O(1)]
  32: f107->f110, C: 3 [O(1)]
  32: f107->f110, D: X [O(n)]
  32: f107->f110, E: 1 [O(1)]
  32: f107->f110, F: 1 [O(1)]
  32: f107->f110, G: Y [O(n)]
  32: f107->f110, H: 2 [O(1)]
  32: f107->f110, I: 2 [O(1)]
  32: f107->f110, K: max{1, K} [O(n)]
  32: f107->f110, N: max{1, N} [O(n)]
  32: f107->f110, Q: max{1, Q} [O(n)]
  32: f107->f110, R: 2 [O(1)]
  32: f107->f110, S: 2 [O(1)]
  32: f107->f110, T: 0 [O(1)]
  32: f107->f110, U: max{3, U} [O(n)]
  32: f107->f110, V: max{1, V} [O(n)]
  32: f107->f110, W: W [O(n)]
  48: f107->f104, A: 1 [O(1)]
  48: f107->f104, B: 1 [O(1)]
  48: f107->f104, C: 3 [O(1)]
  48: f107->f104, D: X [O(n)]
  48: f107->f104, E: 1 [O(1)]
  48: f107->f104, F: 1 [O(1)]
  48: f107->f104, G: Y [O(n)]
  48: f107->f104, H: 2 [O(1)]
  48: f107->f104, I: 2 [O(1)]
  48: f107->f104, K: max{1, K} [O(n)]
  48: f107->f104, N: max{1, N} [O(n)]
  48: f107->f104, Q: max{1, Q} [O(n)]
  48: f107->f104, R: 3 [O(1)]
  48: f107->f104, S: 3 [O(1)]
  48: f107->f104, T: max{3, T} [O(n)]
  48: f107->f104, U: max{3, U} [O(n)]
  48: f107->f104, V: max{1, V} [O(n)]
  48: f107->f104, W: W [O(n)]
  33: f110->f113, A: 1 [O(1)]
  33: f110->f113, B: 1 [O(1)]
  33: f110->f113, C: 3 [O(1)]
  33: f110->f113, D: X [O(n)]
  33: f110->f113, E: 1 [O(1)]
  33: f110->f113, F: 1 [O(1)]
  33: f110->f113, G: Y [O(n)]
  33: f110->f113, H: 2 [O(1)]
  33: f110->f113, I: 2 [O(1)]
  33: f110->f113, K: max{1, K} [O(n)]
  33: f110->f113, N: max{1, N} [O(n)]
  33: f110->f113, Q: max{1, Q} [O(n)]
  33: f110->f113, R: 2 [O(1)]
  33: f110->f113, S: 2 [O(1)]
  33: f110->f113, T: 2 [O(1)]
  33: f110->f113, U: 0 [O(1)]
  33: f110->f113, V: max{1, V} [O(n)]
  33: f110->f113, W: W [O(n)]
  47: f110->f107, A: 1 [O(1)]
  47: f110->f107, B: 1 [O(1)]
  47: f110->f107, C: 3 [O(1)]
  47: f110->f107, D: X [O(n)]
  47: f110->f107, E: 1 [O(1)]
  47: f110->f107, F: 1 [O(1)]
  47: f110->f107, G: Y [O(n)]
  47: f110->f107, H: 2 [O(1)]
  47: f110->f107, I: 2 [O(1)]
  47: f110->f107, K: max{1, K} [O(n)]
  47: f110->f107, N: max{1, N} [O(n)]
  47: f110->f107, Q: max{1, Q} [O(n)]
  47: f110->f107, R: 2 [O(1)]
  47: f110->f107, S: 3 [O(1)]
  47: f110->f107, T: 3 [O(1)]
  47: f110->f107, U: max{3, U} [O(n)]
  47: f110->f107, V: max{1, V} [O(n)]
  47: f110->f107, W: W [O(n)]
  34: f113->f117, A: 1 [O(1)]
  34: f113->f117, B: 1 [O(1)]
  34: f113->f117, C: 3 [O(1)]
  34: f113->f117, D: X [O(n)]
  34: f113->f117, E: 1 [O(1)]
  34: f113->f117, F: -1 [O(1)]
  34: f113->f117, G: Y [O(n)]
  34: f113->f117, H: 2 [O(1)]
  34: f113->f117, I: 2 [O(1)]
  34: f113->f117, K: max{1, K} [O(n)]
  34: f113->f117, N: max{1, N} [O(n)]
  34: f113->f117, Q: max{1, Q} [O(n)]
  34: f113->f117, R: 2 [O(1)]
  34: f113->f117, S: 2 [O(1)]
  34: f113->f117, T: 2 [O(1)]
  34: f113->f117, U: 2 [O(1)]
  34: f113->f117, V: max{1, 1, V} [O(n)]
  34: f113->f117, W: W [O(n)]
  35: f113->f117, A: 1 [O(1)]
  35: f113->f117, B: 1 [O(1)]
  35: f113->f117, C: 3 [O(1)]
  35: f113->f117, D: X [O(n)]
  35: f113->f117, E: 1 [O(1)]
  35: f113->f117, F: 1 [O(1)]
  35: f113->f117, G: Y [O(n)]
  35: f113->f117, H: 2 [O(1)]
  35: f113->f117, I: 2 [O(1)]
  35: f113->f117, K: max{1, K} [O(n)]
  35: f113->f117, N: max{1, N} [O(n)]
  35: f113->f117, Q: max{1, Q} [O(n)]
  35: f113->f117, R: 2 [O(1)]
  35: f113->f117, S: 2 [O(1)]
  35: f113->f117, T: 2 [O(1)]
  35: f113->f117, U: 2 [O(1)]
  35: f113->f117, V: max{1, 1, V} [O(n)]
  35: f113->f117, W: W [O(n)]
  36: f113->f113, A: 1 [O(1)]
  36: f113->f113, B: 1 [O(1)]
  36: f113->f113, C: 3 [O(1)]
  36: f113->f113, D: X [O(n)]
  36: f113->f113, E: 1 [O(1)]
  36: f113->f113, F: 1 [O(1)]
  36: f113->f113, G: Y [O(n)]
  36: f113->f113, H: 2 [O(1)]
  36: f113->f113, I: 2 [O(1)]
  36: f113->f113, K: max{1, K} [O(n)]
  36: f113->f113, N: max{1, N} [O(n)]
  36: f113->f113, Q: max{1, Q} [O(n)]
  36: f113->f113, R: 2 [O(1)]
  36: f113->f113, S: 2 [O(1)]
  36: f113->f113, T: 2 [O(1)]
  36: f113->f113, U: 3 [O(1)]
  36: f113->f113, V: max{1, V} [O(n)]
  36: f113->f113, W: W [O(n)]
  40: f113->f113, A: 1 [O(1)]
  40: f113->f113, B: 1 [O(1)]
  40: f113->f113, C: 3 [O(1)]
  40: f113->f113, D: X [O(n)]
  40: f113->f113, E: 1 [O(1)]
  40: f113->f113, F: 0 [O(1)]
  40: f113->f113, G: Y [O(n)]
  40: f113->f113, H: 2 [O(1)]
  40: f113->f113, I: 2 [O(1)]
  40: f113->f113, K: max{1, K} [O(n)]
  40: f113->f113, N: max{1, N} [O(n)]
  40: f113->f113, Q: max{1, Q} [O(n)]
  40: f113->f113, R: 2 [O(1)]
  40: f113->f113, S: 2 [O(1)]
  40: f113->f113, T: 2 [O(1)]
  40: f113->f113, U: 3 [O(1)]
  40: f113->f113, V: 0 [O(1)]
  40: f113->f113, W: W [O(n)]
  46: f113->f110, A: 1 [O(1)]
  46: f113->f110, B: 1 [O(1)]
  46: f113->f110, C: 3 [O(1)]
  46: f113->f110, D: X [O(n)]
  46: f113->f110, E: 1 [O(1)]
  46: f113->f110, F: 1 [O(1)]
  46: f113->f110, G: Y [O(n)]
  46: f113->f110, H: 2 [O(1)]
  46: f113->f110, I: 2 [O(1)]
  46: f113->f110, K: max{1, K} [O(n)]
  46: f113->f110, N: max{1, N} [O(n)]
  46: f113->f110, Q: max{1, Q} [O(n)]
  46: f113->f110, R: 2 [O(1)]
  46: f113->f110, S: 2 [O(1)]
  46: f113->f110, T: 3 [O(1)]
  46: f113->f110, U: 3 [O(1)]
  46: f113->f110, V: max{1, V} [O(n)]
  46: f113->f110, W: W [O(n)]
  37: f117->f113, A: 1 [O(1)]
  37: f117->f113, B: 1 [O(1)]
  37: f117->f113, C: 3 [O(1)]
  37: f117->f113, D: X [O(n)]
  37: f117->f113, E: 1 [O(1)]
  37: f117->f113, F: 1 [O(1)]
  37: f117->f113, G: Y [O(n)]
  37: f117->f113, H: 2 [O(1)]
  37: f117->f113, I: 2 [O(1)]
  37: f117->f113, K: max{1, K} [O(n)]
  37: f117->f113, N: max{1, N} [O(n)]
  37: f117->f113, Q: max{1, Q} [O(n)]
  37: f117->f113, R: 2 [O(1)]
  37: f117->f113, S: 2 [O(1)]
  37: f117->f113, T: 2 [O(1)]
  37: f117->f113, U: 3 [O(1)]
  37: f117->f113, V: 1 [O(1)]
  37: f117->f113, W: W [O(n)]
  38: f117->f113, A: 1 [O(1)]
  38: f117->f113, B: 1 [O(1)]
  38: f117->f113, C: 3 [O(1)]
  38: f117->f113, D: X [O(n)]
  38: f117->f113, E: 1 [O(1)]
  38: f117->f113, F: 1 [O(1)]
  38: f117->f113, G: Y [O(n)]
  38: f117->f113, H: 2 [O(1)]
  38: f117->f113, I: 2 [O(1)]
  38: f117->f113, K: max{1, K} [O(n)]
  38: f117->f113, N: max{1, N} [O(n)]
  38: f117->f113, Q: max{1, Q} [O(n)]
  38: f117->f113, R: 2 [O(1)]
  38: f117->f113, S: 2 [O(1)]
  38: f117->f113, T: 2 [O(1)]
  38: f117->f113, U: 3 [O(1)]
  38: f117->f113, V: 1 [O(1)]
  38: f117->f113, W: W [O(n)]
  39: f117->f113, A: 1 [O(1)]
  39: f117->f113, B: 1 [O(1)]
  39: f117->f113, C: 3 [O(1)]
  39: f117->f113, D: X [O(n)]
  39: f117->f113, E: 1 [O(1)]
  39: f117->f113, F: 0 [O(1)]
  39: f117->f113, G: Y [O(n)]
  39: f117->f113, H: 2 [O(1)]
  39: f117->f113, I: 2 [O(1)]
  39: f117->f113, K: max{1, K} [O(n)]
  39: f117->f113, N: max{1, N} [O(n)]
  39: f117->f113, Q: max{1, Q} [O(n)]
  39: f117->f113, R: 2 [O(1)]
  39: f117->f113, S: 2 [O(1)]
  39: f117->f113, T: 2 [O(1)]
  39: f117->f113, U: 3 [O(1)]
  39: f117->f113, V: 0 [O(1)]
  39: f117->f113, W: W [O(n)]
  0: f135->f136, A: -1 [O(1)]
  0: f135->f136, B: 1 [O(1)]
  0: f135->f136, C: 3 [O(1)]
  0: f135->f136, D: X [O(n)]
  0: f135->f136, E: 1 [O(1)]
  0: f135->f136, F: 1 [O(1)]
  0: f135->f136, G: Y [O(n)]
  0: f135->f136, H: 3 [O(1)]
  0: f135->f136, I: max{3, X} [O(n)]
  0: f135->f136, K: max{1, K} [O(n)]
  0: f135->f136, N: max{1, N} [O(n)]
  0: f135->f136, Q: max{1, Q} [O(n)]
  0: f135->f136, R: max{3, R} [O(n)]
  0: f135->f136, S: max{3, S} [O(n)]
  0: f135->f136, T: max{3, T} [O(n)]
  0: f135->f136, U: max{3, U} [O(n)]
  0: f135->f136, V: max{1, V} [O(n)]
  0: f135->f136, W: W [O(n)]
  1: f135->f136, A: 1 [O(1)]
  1: f135->f136, B: 1 [O(1)]
  1: f135->f136, C: 3 [O(1)]
  1: f135->f136, D: X [O(n)]
  1: f135->f136, E: 1 [O(1)]
  1: f135->f136, F: 1 [O(1)]
  1: f135->f136, G: Y [O(n)]
  1: f135->f136, H: 3 [O(1)]
  1: f135->f136, I: max{3, X} [O(n)]
  1: f135->f136, K: max{1, K} [O(n)]
  1: f135->f136, N: max{1, N} [O(n)]
  1: f135->f136, Q: max{1, Q} [O(n)]
  1: f135->f136, R: max{3, R} [O(n)]
  1: f135->f136, S: max{3, S} [O(n)]
  1: f135->f136, T: max{3, T} [O(n)]
  1: f135->f136, U: max{3, U} [O(n)]
  1: f135->f136, V: max{1, V} [O(n)]
  1: f135->f136, W: W [O(n)]
  45: f135->f146, A: 0 [O(1)]
  45: f135->f146, B: 1 [O(1)]
  45: f135->f146, C: 3 [O(1)]
  45: f135->f146, D: X [O(n)]
  45: f135->f146, E: 1 [O(1)]
  45: f135->f146, F: 1 [O(1)]
  45: f135->f146, G: Y [O(n)]
  45: f135->f146, H: 3 [O(1)]
  45: f135->f146, I: max{3, X} [O(n)]
  45: f135->f146, K: max{1, K} [O(n)]
  45: f135->f146, N: max{1, N} [O(n)]
  45: f135->f146, Q: max{1, Q} [O(n)]
  45: f135->f146, R: max{3, R} [O(n)]
  45: f135->f146, S: max{3, S} [O(n)]
  45: f135->f146, T: max{3, T} [O(n)]
  45: f135->f146, U: max{3, U} [O(n)]
  45: f135->f146, V: max{1, V} [O(n)]
  45: f135->f146, W: 1 [O(1)]
  2: f136->f137, A: 1 [O(1)]
  2: f136->f137, B: -1 [O(1)]
  2: f136->f137, C: 3 [O(1)]
  2: f136->f137, D: X [O(n)]
  2: f136->f137, E: 1 [O(1)]
  2: f136->f137, F: 1 [O(1)]
  2: f136->f137, G: Y [O(n)]
  2: f136->f137, H: 3 [O(1)]
  2: f136->f137, I: max{3, X} [O(n)]
  2: f136->f137, K: max{1, K} [O(n)]
  2: f136->f137, N: max{1, N} [O(n)]
  2: f136->f137, Q: max{1, Q} [O(n)]
  2: f136->f137, R: max{3, R} [O(n)]
  2: f136->f137, S: max{3, S} [O(n)]
  2: f136->f137, T: max{3, T} [O(n)]
  2: f136->f137, U: max{3, U} [O(n)]
  2: f136->f137, V: max{1, V} [O(n)]
  2: f136->f137, W: W [O(n)]
  3: f136->f137, A: 1 [O(1)]
  3: f136->f137, B: 1 [O(1)]
  3: f136->f137, C: 3 [O(1)]
  3: f136->f137, D: X [O(n)]
  3: f136->f137, E: 1 [O(1)]
  3: f136->f137, F: 1 [O(1)]
  3: f136->f137, G: Y [O(n)]
  3: f136->f137, H: 3 [O(1)]
  3: f136->f137, I: max{3, X} [O(n)]
  3: f136->f137, K: max{1, K} [O(n)]
  3: f136->f137, N: max{1, N} [O(n)]
  3: f136->f137, Q: max{1, Q} [O(n)]
  3: f136->f137, R: max{3, R} [O(n)]
  3: f136->f137, S: max{3, S} [O(n)]
  3: f136->f137, T: max{3, T} [O(n)]
  3: f136->f137, U: max{3, U} [O(n)]
  3: f136->f137, V: max{1, V} [O(n)]
  3: f136->f137, W: W [O(n)]
  44: f136->f146, A: 1 [O(1)]
  44: f136->f146, B: 0 [O(1)]
  44: f136->f146, C: 3 [O(1)]
  44: f136->f146, D: X [O(n)]
  44: f136->f146, E: 1 [O(1)]
  44: f136->f146, F: 1 [O(1)]
  44: f136->f146, G: Y [O(n)]
  44: f136->f146, H: 3 [O(1)]
  44: f136->f146, I: max{3, X} [O(n)]
  44: f136->f146, K: max{1, K} [O(n)]
  44: f136->f146, N: max{1, N} [O(n)]
  44: f136->f146, Q: max{1, Q} [O(n)]
  44: f136->f146, R: max{3, R} [O(n)]
  44: f136->f146, S: max{3, S} [O(n)]
  44: f136->f146, T: max{3, T} [O(n)]
  44: f136->f146, U: max{3, U} [O(n)]
  44: f136->f146, V: max{1, V} [O(n)]
  44: f136->f146, W: 1 [O(1)]
  41: f137->f146, A: 1 [O(1)]
  41: f137->f146, B: 1 [O(1)]
  41: f137->f146, C: 3 [O(1)]
  41: f137->f146, D: X [O(n)]
  41: f137->f146, E: 1 [O(1)]
  41: f137->f146, F: -1 [O(1)]
  41: f137->f146, G: Y [O(n)]
  41: f137->f146, H: 3 [O(1)]
  41: f137->f146, I: max{3, X} [O(n)]
  41: f137->f146, K: max{1, K} [O(n)]
  41: f137->f146, N: max{1, N} [O(n)]
  41: f137->f146, Q: max{1, Q} [O(n)]
  41: f137->f146, R: max{3, R} [O(n)]
  41: f137->f146, S: max{3, S} [O(n)]
  41: f137->f146, T: max{3, T} [O(n)]
  41: f137->f146, U: max{3, U} [O(n)]
  41: f137->f146, V: max{1, V} [O(n)]
  41: f137->f146, W: 0 [O(1)]
  42: f137->f146, A: 1 [O(1)]
  42: f137->f146, B: 1 [O(1)]
  42: f137->f146, C: 3 [O(1)]
  42: f137->f146, D: X [O(n)]
  42: f137->f146, E: 1 [O(1)]
  42: f137->f146, F: 1 [O(1)]
  42: f137->f146, G: Y [O(n)]
  42: f137->f146, H: 3 [O(1)]
  42: f137->f146, I: max{3, X} [O(n)]
  42: f137->f146, K: max{1, K} [O(n)]
  42: f137->f146, N: max{1, N} [O(n)]
  42: f137->f146, Q: max{1, Q} [O(n)]
  42: f137->f146, R: max{3, R} [O(n)]
  42: f137->f146, S: max{3, S} [O(n)]
  42: f137->f146, T: max{3, T} [O(n)]
  42: f137->f146, U: max{3, U} [O(n)]
  42: f137->f146, V: max{1, V} [O(n)]
  42: f137->f146, W: 0 [O(1)]
  43: f137->f146, A: 1 [O(1)]
  43: f137->f146, B: 1 [O(1)]
  43: f137->f146, C: 3 [O(1)]
  43: f137->f146, D: X [O(n)]
  43: f137->f146, E: 1 [O(1)]
  43: f137->f146, F: 0 [O(1)]
  43: f137->f146, G: Y [O(n)]
  43: f137->f146, H: 3 [O(1)]
  43: f137->f146, I: max{3, X} [O(n)]
  43: f137->f146, K: max{1, K} [O(n)]
  43: f137->f146, N: max{1, N} [O(n)]
  43: f137->f146, Q: max{1, Q} [O(n)]
  43: f137->f146, R: max{3, R} [O(n)]
  43: f137->f146, S: max{3, S} [O(n)]
  43: f137->f146, T: max{3, T} [O(n)]
  43: f137->f146, U: max{3, U} [O(n)]
  43: f137->f146, V: max{1, V} [O(n)]
  43: f137->f146, W: 1 [O(1)]
  5: f26->f29, A: 1 [O(1)]
  5: f26->f29, B: 1 [O(1)]
  5: f26->f29, C: 3 [O(1)]
  5: f26->f29, D: X [O(n)]
  5: f26->f29, E: 1 [O(1)]
  5: f26->f29, F: 1 [O(1)]
  5: f26->f29, G: Y [O(n)]
  5: f26->f29, H: max{0, X} [O(n)]
  5: f26->f29, I: 0 [O(1)]
  5: f26->f29, K: K [O(n)]
  5: f26->f29, L: L [O(n)]
  5: f26->f29, M: M [O(n)]
  5: f26->f29, N: N [O(n)]
  5: f26->f29, O: O [O(n)]
  5: f26->f29, P: P [O(n)]
  5: f26->f29, Q: Q [O(n)]
  5: f26->f29, R: R [O(n)]
  5: f26->f29, S: S [O(n)]
  5: f26->f29, T: T [O(n)]
  5: f26->f29, U: U [O(n)]
  5: f26->f29, V: V [O(n)]
  5: f26->f29, W: W [O(n)]
  63: f26->f38, A: 1 [O(1)]
  63: f26->f38, B: 1 [O(1)]
  63: f26->f38, C: 3 [O(1)]
  63: f26->f38, D: X [O(n)]
  63: f26->f38, E: 1 [O(1)]
  63: f26->f38, F: 1 [O(1)]
  63: f26->f38, G: Y [O(n)]
  63: f26->f38, H: 0 [O(1)]
  63: f26->f38, I: max{0, I, max{0, X}+max{0, X*X}} [O(n^2)]
  63: f26->f38, K: K [O(n)]
  63: f26->f38, L: L [O(n)]
  63: f26->f38, M: M [O(n)]
  63: f26->f38, N: N [O(n)]
  63: f26->f38, O: O [O(n)]
  63: f26->f38, P: P [O(n)]
  63: f26->f38, Q: Q [O(n)]
  63: f26->f38, R: R [O(n)]
  63: f26->f38, S: S [O(n)]
  63: f26->f38, T: T [O(n)]
  63: f26->f38, U: U [O(n)]
  63: f26->f38, V: V [O(n)]
  63: f26->f38, W: W [O(n)]
  6: f29->f29, A: 1 [O(1)]
  6: f29->f29, B: 1 [O(1)]
  6: f29->f29, C: 3 [O(1)]
  6: f29->f29, D: X [O(n)]
  6: f29->f29, E: 1 [O(1)]
  6: f29->f29, F: 1 [O(1)]
  6: f29->f29, G: Y [O(n)]
  6: f29->f29, H: max{0, X} [O(n)]
  6: f29->f29, I: max{0, X}+max{0, X*X} [O(n^2)]
  6: f29->f29, K: K [O(n)]
  6: f29->f29, L: L [O(n)]
  6: f29->f29, M: M [O(n)]
  6: f29->f29, N: N [O(n)]
  6: f29->f29, O: O [O(n)]
  6: f29->f29, P: P [O(n)]
  6: f29->f29, Q: Q [O(n)]
  6: f29->f29, R: R [O(n)]
  6: f29->f29, S: S [O(n)]
  6: f29->f29, T: T [O(n)]
  6: f29->f29, U: U [O(n)]
  6: f29->f29, V: V [O(n)]
  6: f29->f29, W: W [O(n)]
  62: f29->f26, A: 1 [O(1)]
  62: f29->f26, B: 1 [O(1)]
  62: f29->f26, C: 3 [O(1)]
  62: f29->f26, D: X [O(n)]
  62: f29->f26, E: 1 [O(1)]
  62: f29->f26, F: 1 [O(1)]
  62: f29->f26, G: Y [O(n)]
  62: f29->f26, H: max{0, X} [O(n)]
  62: f29->f26, I: max{0, max{0, X}+max{0, X*X}} [O(n^2)]
  62: f29->f26, K: K [O(n)]
  62: f29->f26, L: L [O(n)]
  62: f29->f26, M: M [O(n)]
  62: f29->f26, N: N [O(n)]
  62: f29->f26, O: O [O(n)]
  62: f29->f26, P: P [O(n)]
  62: f29->f26, Q: Q [O(n)]
  62: f29->f26, R: R [O(n)]
  62: f29->f26, S: S [O(n)]
  62: f29->f26, T: T [O(n)]
  62: f29->f26, U: U [O(n)]
  62: f29->f26, V: V [O(n)]
  62: f29->f26, W: W [O(n)]
  7: f38->f41, A: 1 [O(1)]
  7: f38->f41, B: 1 [O(1)]
  7: f38->f41, C: 3 [O(1)]
  7: f38->f41, D: X [O(n)]
  7: f38->f41, E: 1 [O(1)]
  7: f38->f41, F: 1 [O(1)]
  7: f38->f41, G: Y [O(n)]
  7: f38->f41, H: max{0, 8*-max{-1, -X}, 8*X} [O(n)]
  7: f38->f41, I: 0 [O(1)]
  7: f38->f41, K: max{1, K} [O(n)]
  7: f38->f41, L: L [O(n)]
  7: f38->f41, M: M [O(n)]
  7: f38->f41, N: N [O(n)]
  7: f38->f41, O: O [O(n)]
  7: f38->f41, P: P [O(n)]
  7: f38->f41, Q: Q [O(n)]
  7: f38->f41, R: R [O(n)]
  7: f38->f41, S: S [O(n)]
  7: f38->f41, T: T [O(n)]
  7: f38->f41, U: U [O(n)]
  7: f38->f41, V: V [O(n)]
  7: f38->f41, W: W [O(n)]
  61: f38->f56, A: 1 [O(1)]
  61: f38->f56, B: 1 [O(1)]
  61: f38->f56, C: 3 [O(1)]
  61: f38->f56, D: X [O(n)]
  61: f38->f56, E: 1 [O(1)]
  61: f38->f56, F: 1 [O(1)]
  61: f38->f56, G: Y [O(n)]
  61: f38->f56, H: 0 [O(1)]
  61: f38->f56, I: max{0, I, max{max{0, X}+max{0, X*X}, 2*(max{0, X}+max{0, X*max{8*-max{-1, -X}, 8*X}})+max{0, 9*-max{-1, -X}, 9*X}+max{0, max{8*-max{-1, -X}, 8*X}*max{9, 9*X}}}} [O(n^2)]
  61: f38->f56, K: max{1, K} [O(n)]
  61: f38->f56, L: L [O(n)]
  61: f38->f56, M: M [O(n)]
  61: f38->f56, N: N [O(n)]
  61: f38->f56, O: O [O(n)]
  61: f38->f56, P: P [O(n)]
  61: f38->f56, Q: Q [O(n)]
  61: f38->f56, R: R [O(n)]
  61: f38->f56, S: S [O(n)]
  61: f38->f56, T: T [O(n)]
  61: f38->f56, U: U [O(n)]
  61: f38->f56, V: V [O(n)]
  61: f38->f56, W: W [O(n)]
  8: f41->f44, A: 1 [O(1)]
  8: f41->f44, B: 1 [O(1)]
  8: f41->f44, C: 3 [O(1)]
  8: f41->f44, D: X [O(n)]
  8: f41->f44, E: -1 [O(1)]
  8: f41->f44, F: 1 [O(1)]
  8: f41->f44, G: Y [O(n)]
  8: f41->f44, H: max{0, 8*-max{-1, -X}, 8*X} [O(n)]
  8: f41->f44, I: 2*(max{0, X}+max{0, X*max{8*-max{-1, -X}, 8*X}})+max{0, 9*-max{-1, -X}, 9*X}+max{0, max{8*-max{-1, -X}, 8*X}*max{9, 9*X}} [O(n^2)]
  8: f41->f44, K: max{1, 1, K} [O(n)]
  8: f41->f44, L: L [O(n)]
  8: f41->f44, M: M [O(n)]
  8: f41->f44, N: N [O(n)]
  8: f41->f44, O: O [O(n)]
  8: f41->f44, P: P [O(n)]
  8: f41->f44, Q: Q [O(n)]
  8: f41->f44, R: R [O(n)]
  8: f41->f44, S: S [O(n)]
  8: f41->f44, T: T [O(n)]
  8: f41->f44, U: U [O(n)]
  8: f41->f44, V: V [O(n)]
  8: f41->f44, W: W [O(n)]
  9: f41->f44, A: 1 [O(1)]
  9: f41->f44, B: 1 [O(1)]
  9: f41->f44, C: 3 [O(1)]
  9: f41->f44, D: X [O(n)]
  9: f41->f44, E: 1 [O(1)]
  9: f41->f44, F: 1 [O(1)]
  9: f41->f44, G: Y [O(n)]
  9: f41->f44, H: max{0, 8*-max{-1, -X}, 8*X} [O(n)]
  9: f41->f44, I: 2*(max{0, X}+max{0, X*max{8*-max{-1, -X}, 8*X}})+max{0, 9*-max{-1, -X}, 9*X}+max{0, max{8*-max{-1, -X}, 8*X}*max{9, 9*X}} [O(n^2)]
  9: f41->f44, K: max{1, 1, K} [O(n)]
  9: f41->f44, L: L [O(n)]
  9: f41->f44, M: M [O(n)]
  9: f41->f44, N: N [O(n)]
  9: f41->f44, O: O [O(n)]
  9: f41->f44, P: P [O(n)]
  9: f41->f44, Q: Q [O(n)]
  9: f41->f44, R: R [O(n)]
  9: f41->f44, S: S [O(n)]
  9: f41->f44, T: T [O(n)]
  9: f41->f44, U: U [O(n)]
  9: f41->f44, V: V [O(n)]
  9: f41->f44, W: W [O(n)]
  12: f41->f41, A: 1 [O(1)]
  12: f41->f41, B: 1 [O(1)]
  12: f41->f41, C: 3 [O(1)]
  12: f41->f41, D: X [O(n)]
  12: f41->f41, E: 0 [O(1)]
  12: f41->f41, F: 1 [O(1)]
  12: f41->f41, G: Y [O(n)]
  12: f41->f41, H: max{0, 8*-max{-1, -X}, 8*X} [O(n)]
  12: f41->f41, I: 2*(max{0, X}+max{0, X*max{8*-max{-1, -X}, 8*X}})+max{0, 9*-max{-1, -X}, 9*X}+max{0, max{8*-max{-1, -X}, 8*X}*max{9, 9*X}} [O(n^2)]
  12: f41->f41, K: 0 [O(1)]
  12: f41->f41, L: L [O(n)]
  12: f41->f41, M: M [O(n)]
  12: f41->f41, N: N [O(n)]
  12: f41->f41, O: O [O(n)]
  12: f41->f41, P: P [O(n)]
  12: f41->f41, Q: Q [O(n)]
  12: f41->f41, R: R [O(n)]
  12: f41->f41, S: S [O(n)]
  12: f41->f41, T: T [O(n)]
  12: f41->f41, U: U [O(n)]
  12: f41->f41, V: V [O(n)]
  12: f41->f41, W: W [O(n)]
  60: f41->f38, A: 1 [O(1)]
  60: f41->f38, B: 1 [O(1)]
  60: f41->f38, C: 3 [O(1)]
  60: f41->f38, D: X [O(n)]
  60: f41->f38, E: 1 [O(1)]
  60: f41->f38, F: 1 [O(1)]
  60: f41->f38, G: Y [O(n)]
  60: f41->f38, H: max{0, 8*-max{-1, -X}, 8*X} [O(n)]
  60: f41->f38, I: max{0, 2*(max{0, X}+max{0, X*max{8*-max{-1, -X}, 8*X}})+max{0, 9*-max{-1, -X}, 9*X}+max{0, max{8*-max{-1, -X}, 8*X}*max{9, 9*X}}} [O(n^2)]
  60: f41->f38, K: max{1, K} [O(n)]
  60: f41->f38, L: L [O(n)]
  60: f41->f38, M: M [O(n)]
  60: f41->f38, N: N [O(n)]
  60: f41->f38, O: O [O(n)]
  60: f41->f38, P: P [O(n)]
  60: f41->f38, Q: Q [O(n)]
  60: f41->f38, R: R [O(n)]
  60: f41->f38, S: S [O(n)]
  60: f41->f38, T: T [O(n)]
  60: f41->f38, U: U [O(n)]
  60: f41->f38, V: V [O(n)]
  60: f41->f38, W: W [O(n)]
  10: f44->f41, A: 1 [O(1)]
  10: f44->f41, B: 1 [O(1)]
  10: f44->f41, C: 3 [O(1)]
  10: f44->f41, D: X [O(n)]
  10: f44->f41, E: 1 [O(1)]
  10: f44->f41, F: 1 [O(1)]
  10: f44->f41, G: Y [O(n)]
  10: f44->f41, H: max{0, 8*-max{-1, -X}, 8*X} [O(n)]
  10: f44->f41, I: 2*(max{0, X}+max{0, X*max{8*-max{-1, -X}, 8*X}})+max{0, 9*-max{-1, -X}, 9*X}+max{0, max{8*-max{-1, -X}, 8*X}*max{9, 9*X}} [O(n^2)]
  10: f44->f41, K: 1 [O(1)]
  10: f44->f41, L: L [O(n)]
  10: f44->f41, M: M [O(n)]
  10: f44->f41, N: N [O(n)]
  10: f44->f41, O: O [O(n)]
  10: f44->f41, P: P [O(n)]
  10: f44->f41, Q: Q [O(n)]
  10: f44->f41, R: R [O(n)]
  10: f44->f41, S: S [O(n)]
  10: f44->f41, T: T [O(n)]
  10: f44->f41, U: U [O(n)]
  10: f44->f41, V: V [O(n)]
  10: f44->f41, W: W [O(n)]
  11: f44->f41, A: 1 [O(1)]
  11: f44->f41, B: 1 [O(1)]
  11: f44->f41, C: 3 [O(1)]
  11: f44->f41, D: X [O(n)]
  11: f44->f41, E: 0 [O(1)]
  11: f44->f41, F: 1 [O(1)]
  11: f44->f41, G: Y [O(n)]
  11: f44->f41, H: max{0, 8*-max{-1, -X}, 8*X} [O(n)]
  11: f44->f41, I: 2*(max{0, X}+max{0, X*max{8*-max{-1, -X}, 8*X}})+max{0, 9*-max{-1, -X}, 9*X}+max{0, max{8*-max{-1, -X}, 8*X}*max{9, 9*X}} [O(n^2)]
  11: f44->f41, K: 0 [O(1)]
  11: f44->f41, L: L [O(n)]
  11: f44->f41, M: M [O(n)]
  11: f44->f41, N: N [O(n)]
  11: f44->f41, O: O [O(n)]
  11: f44->f41, P: P [O(n)]
  11: f44->f41, Q: Q [O(n)]
  11: f44->f41, R: R [O(n)]
  11: f44->f41, S: S [O(n)]
  11: f44->f41, T: T [O(n)]
  11: f44->f41, U: U [O(n)]
  11: f44->f41, V: V [O(n)]
  11: f44->f41, W: W [O(n)]
  13: f56->f59, A: 1 [O(1)]
  13: f56->f59, B: 1 [O(1)]
  13: f56->f59, C: 3 [O(1)]
  13: f56->f59, D: X [O(n)]
  13: f56->f59, E: 1 [O(1)]
  13: f56->f59, F: 1 [O(1)]
  13: f56->f59, G: Y [O(n)]
  13: f56->f59, H: max{0, 8*-max{-1, -1, -X}, 8*X} [O(n)]
  13: f56->f59, I: max{0, I, max{max{0, X}+max{0, X*X}, 2*(max{0, X}+max{0, X*max{8*-max{-1, -X}, 8*X}})+max{0, 9*-max{-1, -X}, 9*X}+max{0, max{8*-max{-1, -X}, 8*X}*max{9, 9*X}}}} [O(n^2)]
  13: f56->f59, K: max{1, K} [O(n)]
  13: f56->f59, L: 0 [O(1)]
  13: f56->f59, N: max{1, N} [O(n)]
  13: f56->f59, O: O [O(n)]
  13: f56->f59, P: P [O(n)]
  13: f56->f59, Q: Q [O(n)]
  13: f56->f59, R: R [O(n)]
  13: f56->f59, S: S [O(n)]
  13: f56->f59, T: T [O(n)]
  13: f56->f59, U: U [O(n)]
  13: f56->f59, V: V [O(n)]
  13: f56->f59, W: W [O(n)]
  59: f56->f77, A: 1 [O(1)]
  59: f56->f77, B: 1 [O(1)]
  59: f56->f77, C: 3 [O(1)]
  59: f56->f77, D: X [O(n)]
  59: f56->f77, E: 1 [O(1)]
  59: f56->f77, F: 1 [O(1)]
  59: f56->f77, G: Y [O(n)]
  59: f56->f77, H: max{0, 8*-max{-1, -1, -X}, 8*X} [O(n)]
  59: f56->f77, I: 0 [O(1)]
  59: f56->f77, K: max{1, K} [O(n)]
  59: f56->f77, N: max{1, N} [O(n)]
  59: f56->f77, O: O [O(n)]
  59: f56->f77, P: P [O(n)]
  59: f56->f77, Q: Q [O(n)]
  59: f56->f77, R: R [O(n)]
  59: f56->f77, S: S [O(n)]
  59: f56->f77, T: T [O(n)]
  59: f56->f77, U: U [O(n)]
  59: f56->f77, V: V [O(n)]
  59: f56->f77, W: W [O(n)]
  14: f59->f62, A: 1 [O(1)]
  14: f59->f62, B: 1 [O(1)]
  14: f59->f62, C: 3 [O(1)]
  14: f59->f62, D: X [O(n)]
  14: f59->f62, E: 1 [O(1)]
  14: f59->f62, F: 1 [O(1)]
  14: f59->f62, G: Y [O(n)]
  14: f59->f62, H: max{0, 8*-max{-1, -1, -X}, 8*X} [O(n)]
  14: f59->f62, I: max{0, I, max{max{0, X}+max{0, X*X}, 2*(max{0, X}+max{0, X*max{8*-max{-1, -X}, 8*X}})+max{0, 9*-max{-1, -X}, 9*X}+max{0, max{8*-max{-1, -X}, 8*X}*max{9, 9*X}}}} [O(n^2)]
  14: f59->f62, K: max{1, K} [O(n)]
  14: f59->f62, N: max{1, N} [O(n)]
  14: f59->f62, O: O [O(n)]
  14: f59->f62, P: P [O(n)]
  14: f59->f62, Q: Q [O(n)]
  14: f59->f62, R: R [O(n)]
  14: f59->f62, S: S [O(n)]
  14: f59->f62, T: T [O(n)]
  14: f59->f62, U: U [O(n)]
  14: f59->f62, V: V [O(n)]
  14: f59->f62, W: W [O(n)]
  58: f59->f56, A: 1 [O(1)]
  58: f59->f56, B: 1 [O(1)]
  58: f59->f56, C: 3 [O(1)]
  58: f59->f56, D: X [O(n)]
  58: f59->f56, E: 1 [O(1)]
  58: f59->f56, F: 1 [O(1)]
  58: f59->f56, G: Y [O(n)]
  58: f59->f56, H: max{0, 8*-max{-1, -1, -X}, 8*X} [O(n)]
  58: f59->f56, I: max{0, I, max{max{0, X}+max{0, X*X}, 2*(max{0, X}+max{0, X*max{8*-max{-1, -X}, 8*X}})+max{0, 9*-max{-1, -X}, 9*X}+max{0, max{8*-max{-1, -X}, 8*X}*max{9, 9*X}}}} [O(n^2)]
  58: f59->f56, K: max{1, K} [O(n)]
  58: f59->f56, N: max{1, N} [O(n)]
  58: f59->f56, O: O [O(n)]
  58: f59->f56, P: P [O(n)]
  58: f59->f56, Q: Q [O(n)]
  58: f59->f56, R: R [O(n)]
  58: f59->f56, S: S [O(n)]
  58: f59->f56, T: T [O(n)]
  58: f59->f56, U: U [O(n)]
  58: f59->f56, V: V [O(n)]
  58: f59->f56, W: W [O(n)]
  15: f62->f65, A: -1 [O(1)]
  15: f62->f65, B: 1 [O(1)]
  15: f62->f65, C: 3 [O(1)]
  15: f62->f65, D: X [O(n)]
  15: f62->f65, E: 1 [O(1)]
  15: f62->f65, F: 1 [O(1)]
  15: f62->f65, G: Y [O(n)]
  15: f62->f65, H: max{0, 8*-max{-1, -1, -X}, 8*X} [O(n)]
  15: f62->f65, I: max{0, I, max{max{0, X}+max{0, X*X}, 2*(max{0, X}+max{0, X*max{8*-max{-1, -X}, 8*X}})+max{0, 9*-max{-1, -X}, 9*X}+max{0, max{8*-max{-1, -X}, 8*X}*max{9, 9*X}}}} [O(n^2)]
  15: f62->f65, K: max{1, K} [O(n)]
  15: f62->f65, N: max{1, 1, N} [O(n)]
  15: f62->f65, O: O [O(n)]
  15: f62->f65, P: P [O(n)]
  15: f62->f65, Q: Q [O(n)]
  15: f62->f65, R: R [O(n)]
  15: f62->f65, S: S [O(n)]
  15: f62->f65, T: T [O(n)]
  15: f62->f65, U: U [O(n)]
  15: f62->f65, V: V [O(n)]
  15: f62->f65, W: W [O(n)]
  16: f62->f65, A: 1 [O(1)]
  16: f62->f65, B: 1 [O(1)]
  16: f62->f65, C: 3 [O(1)]
  16: f62->f65, D: X [O(n)]
  16: f62->f65, E: 1 [O(1)]
  16: f62->f65, F: 1 [O(1)]
  16: f62->f65, G: Y [O(n)]
  16: f62->f65, H: max{0, 8*-max{-1, -1, -X}, 8*X} [O(n)]
  16: f62->f65, I: max{0, I, max{max{0, X}+max{0, X*X}, 2*(max{0, X}+max{0, X*max{8*-max{-1, -X}, 8*X}})+max{0, 9*-max{-1, -X}, 9*X}+max{0, max{8*-max{-1, -X}, 8*X}*max{9, 9*X}}}} [O(n^2)]
  16: f62->f65, K: max{1, K} [O(n)]
  16: f62->f65, N: max{1, 1, N} [O(n)]
  16: f62->f65, O: O [O(n)]
  16: f62->f65, P: P [O(n)]
  16: f62->f65, Q: Q [O(n)]
  16: f62->f65, R: R [O(n)]
  16: f62->f65, S: S [O(n)]
  16: f62->f65, T: T [O(n)]
  16: f62->f65, U: U [O(n)]
  16: f62->f65, V: V [O(n)]
  16: f62->f65, W: W [O(n)]
  20: f62->f62, A: 0 [O(1)]
  20: f62->f62, B: 1 [O(1)]
  20: f62->f62, C: 3 [O(1)]
  20: f62->f62, D: X [O(n)]
  20: f62->f62, E: 1 [O(1)]
  20: f62->f62, F: 1 [O(1)]
  20: f62->f62, G: Y [O(n)]
  20: f62->f62, H: max{0, 8*-max{-1, -1, -X}, 8*X} [O(n)]
  20: f62->f62, I: max{0, I, max{max{0, X}+max{0, X*X}, 2*(max{0, X}+max{0, X*max{8*-max{-1, -X}, 8*X}})+max{0, 9*-max{-1, -X}, 9*X}+max{0, max{8*-max{-1, -X}, 8*X}*max{9, 9*X}}}} [O(n^2)]
  20: f62->f62, K: max{1, K} [O(n)]
  20: f62->f62, N: 0 [O(1)]
  20: f62->f62, O: O [O(n)]
  20: f62->f62, P: P [O(n)]
  20: f62->f62, Q: Q [O(n)]
  20: f62->f62, R: R [O(n)]
  20: f62->f62, S: S [O(n)]
  20: f62->f62, T: T [O(n)]
  20: f62->f62, U: U [O(n)]
  20: f62->f62, V: V [O(n)]
  20: f62->f62, W: W [O(n)]
  57: f62->f59, A: 1 [O(1)]
  57: f62->f59, B: 1 [O(1)]
  57: f62->f59, C: 3 [O(1)]
  57: f62->f59, D: X [O(n)]
  57: f62->f59, E: 1 [O(1)]
  57: f62->f59, F: 1 [O(1)]
  57: f62->f59, G: Y [O(n)]
  57: f62->f59, H: max{0, 8*-max{-1, -1, -X}, 8*X} [O(n)]
  57: f62->f59, I: max{0, I, max{max{0, X}+max{0, X*X}, 2*(max{0, X}+max{0, X*max{8*-max{-1, -X}, 8*X}})+max{0, 9*-max{-1, -X}, 9*X}+max{0, max{8*-max{-1, -X}, 8*X}*max{9, 9*X}}}} [O(n^2)]
  57: f62->f59, K: max{1, K} [O(n)]
  57: f62->f59, N: max{1, N} [O(n)]
  57: f62->f59, O: O [O(n)]
  57: f62->f59, P: P [O(n)]
  57: f62->f59, Q: Q [O(n)]
  57: f62->f59, R: R [O(n)]
  57: f62->f59, S: S [O(n)]
  57: f62->f59, T: T [O(n)]
  57: f62->f59, U: U [O(n)]
  57: f62->f59, V: V [O(n)]
  57: f62->f59, W: W [O(n)]
  17: f65->f62, A: 1 [O(1)]
  17: f65->f62, B: 1 [O(1)]
  17: f65->f62, C: 3 [O(1)]
  17: f65->f62, D: X [O(n)]
  17: f65->f62, E: 1 [O(1)]
  17: f65->f62, F: 1 [O(1)]
  17: f65->f62, G: Y [O(n)]
  17: f65->f62, H: max{0, 8*-max{-1, -1, -X}, 8*X} [O(n)]
  17: f65->f62, I: max{0, I, max{max{0, X}+max{0, X*X}, 2*(max{0, X}+max{0, X*max{8*-max{-1, -X}, 8*X}})+max{0, 9*-max{-1, -X}, 9*X}+max{0, max{8*-max{-1, -X}, 8*X}*max{9, 9*X}}}} [O(n^2)]
  17: f65->f62, K: max{1, K} [O(n)]
  17: f65->f62, N: 1 [O(1)]
  17: f65->f62, O: O [O(n)]
  17: f65->f62, P: P [O(n)]
  17: f65->f62, Q: Q [O(n)]
  17: f65->f62, R: R [O(n)]
  17: f65->f62, S: S [O(n)]
  17: f65->f62, T: T [O(n)]
  17: f65->f62, U: U [O(n)]
  17: f65->f62, V: V [O(n)]
  17: f65->f62, W: W [O(n)]
  18: f65->f62, A: 1 [O(1)]
  18: f65->f62, B: 1 [O(1)]
  18: f65->f62, C: 3 [O(1)]
  18: f65->f62, D: X [O(n)]
  18: f65->f62, E: 1 [O(1)]
  18: f65->f62, F: 1 [O(1)]
  18: f65->f62, G: Y [O(n)]
  18: f65->f62, H: max{0, 8*-max{-1, -1, -X}, 8*X} [O(n)]
  18: f65->f62, I: max{0, I, max{max{0, X}+max{0, X*X}, 2*(max{0, X}+max{0, X*max{8*-max{-1, -X}, 8*X}})+max{0, 9*-max{-1, -X}, 9*X}+max{0, max{8*-max{-1, -X}, 8*X}*max{9, 9*X}}}} [O(n^2)]
  18: f65->f62, K: max{1, K} [O(n)]
  18: f65->f62, N: 1 [O(1)]
  18: f65->f62, O: O [O(n)]
  18: f65->f62, P: P [O(n)]
  18: f65->f62, Q: Q [O(n)]
  18: f65->f62, R: R [O(n)]
  18: f65->f62, S: S [O(n)]
  18: f65->f62, T: T [O(n)]
  18: f65->f62, U: U [O(n)]
  18: f65->f62, V: V [O(n)]
  18: f65->f62, W: W [O(n)]
  19: f65->f62, A: 0 [O(1)]
  19: f65->f62, B: 1 [O(1)]
  19: f65->f62, C: 3 [O(1)]
  19: f65->f62, D: X [O(n)]
  19: f65->f62, E: 1 [O(1)]
  19: f65->f62, F: 1 [O(1)]
  19: f65->f62, G: Y [O(n)]
  19: f65->f62, H: max{0, 8*-max{-1, -1, -X}, 8*X} [O(n)]
  19: f65->f62, I: max{0, I, max{max{0, X}+max{0, X*X}, 2*(max{0, X}+max{0, X*max{8*-max{-1, -X}, 8*X}})+max{0, 9*-max{-1, -X}, 9*X}+max{0, max{8*-max{-1, -X}, 8*X}*max{9, 9*X}}}} [O(n^2)]
  19: f65->f62, K: max{1, K} [O(n)]
  19: f65->f62, N: 0 [O(1)]
  19: f65->f62, O: O [O(n)]
  19: f65->f62, P: P [O(n)]
  19: f65->f62, Q: Q [O(n)]
  19: f65->f62, R: R [O(n)]
  19: f65->f62, S: S [O(n)]
  19: f65->f62, T: T [O(n)]
  19: f65->f62, U: U [O(n)]
  19: f65->f62, V: V [O(n)]
  19: f65->f62, W: W [O(n)]
  21: f77->f80, A: 1 [O(1)]
  21: f77->f80, B: 1 [O(1)]
  21: f77->f80, C: 3 [O(1)]
  21: f77->f80, D: X [O(n)]
  21: f77->f80, E: 1 [O(1)]
  21: f77->f80, F: 1 [O(1)]
  21: f77->f80, G: Y [O(n)]
  21: f77->f80, H: max{0, 8*-max{-1, -1, -X}, 8*X} [O(n)]
  21: f77->f80, I: max{0, X} [O(n)]
  21: f77->f80, K: max{1, K} [O(n)]
  21: f77->f80, N: max{1, N} [O(n)]
  21: f77->f80, O: 0 [O(1)]
  21: f77->f80, Q: max{1, Q} [O(n)]
  21: f77->f80, R: R [O(n)]
  21: f77->f80, S: S [O(n)]
  21: f77->f80, T: T [O(n)]
  21: f77->f80, U: U [O(n)]
  21: f77->f80, V: V [O(n)]
  21: f77->f80, W: W [O(n)]
  56: f77->f98, A: 1 [O(1)]
  56: f77->f98, B: 1 [O(1)]
  56: f77->f98, C: 3 [O(1)]
  56: f77->f98, D: X [O(n)]
  56: f77->f98, E: 1 [O(1)]
  56: f77->f98, F: 1 [O(1)]
  56: f77->f98, G: Y [O(n)]
  56: f77->f98, H: 0 [O(1)]
  56: f77->f98, I: max{0, X} [O(n)]
  56: f77->f98, K: max{1, K} [O(n)]
  56: f77->f98, N: max{1, N} [O(n)]
  56: f77->f98, Q: max{1, Q} [O(n)]
  56: f77->f98, R: R [O(n)]
  56: f77->f98, S: S [O(n)]
  56: f77->f98, T: T [O(n)]
  56: f77->f98, U: U [O(n)]
  56: f77->f98, V: V [O(n)]
  56: f77->f98, W: W [O(n)]
  22: f80->f83, A: 1 [O(1)]
  22: f80->f83, B: 1 [O(1)]
  22: f80->f83, C: 3 [O(1)]
  22: f80->f83, D: X [O(n)]
  22: f80->f83, E: 1 [O(1)]
  22: f80->f83, F: 1 [O(1)]
  22: f80->f83, G: Y [O(n)]
  22: f80->f83, H: max{0, 8*-max{-1, -1, -X}, 8*X} [O(n)]
  22: f80->f83, I: max{0, X} [O(n)]
  22: f80->f83, K: max{1, K} [O(n)]
  22: f80->f83, N: max{1, N} [O(n)]
  22: f80->f83, Q: max{1, Q} [O(n)]
  22: f80->f83, R: R [O(n)]
  22: f80->f83, S: S [O(n)]
  22: f80->f83, T: T [O(n)]
  22: f80->f83, U: U [O(n)]
  22: f80->f83, V: V [O(n)]
  22: f80->f83, W: W [O(n)]
  55: f80->f77, A: 1 [O(1)]
  55: f80->f77, B: 1 [O(1)]
  55: f80->f77, C: 3 [O(1)]
  55: f80->f77, D: X [O(n)]
  55: f80->f77, E: 1 [O(1)]
  55: f80->f77, F: 1 [O(1)]
  55: f80->f77, G: Y [O(n)]
  55: f80->f77, H: max{0, 8*-max{-1, -1, -X}, 8*X} [O(n)]
  55: f80->f77, I: max{0, X} [O(n)]
  55: f80->f77, K: max{1, K} [O(n)]
  55: f80->f77, N: max{1, N} [O(n)]
  55: f80->f77, Q: max{1, Q} [O(n)]
  55: f80->f77, R: R [O(n)]
  55: f80->f77, S: S [O(n)]
  55: f80->f77, T: T [O(n)]
  55: f80->f77, U: U [O(n)]
  55: f80->f77, V: V [O(n)]
  55: f80->f77, W: W [O(n)]
  23: f83->f86, A: 1 [O(1)]
  23: f83->f86, B: -1 [O(1)]
  23: f83->f86, C: 3 [O(1)]
  23: f83->f86, D: X [O(n)]
  23: f83->f86, E: 1 [O(1)]
  23: f83->f86, F: 1 [O(1)]
  23: f83->f86, G: Y [O(n)]
  23: f83->f86, H: max{0, 8*-max{-1, -1, -X}, 8*X} [O(n)]
  23: f83->f86, I: max{0, X} [O(n)]
  23: f83->f86, K: max{1, K} [O(n)]
  23: f83->f86, N: max{1, N} [O(n)]
  23: f83->f86, Q: max{1, 1, Q} [O(n)]
  23: f83->f86, R: R [O(n)]
  23: f83->f86, S: S [O(n)]
  23: f83->f86, T: T [O(n)]
  23: f83->f86, U: U [O(n)]
  23: f83->f86, V: V [O(n)]
  23: f83->f86, W: W [O(n)]
  24: f83->f86, A: 1 [O(1)]
  24: f83->f86, B: 1 [O(1)]
  24: f83->f86, C: 3 [O(1)]
  24: f83->f86, D: X [O(n)]
  24: f83->f86, E: 1 [O(1)]
  24: f83->f86, F: 1 [O(1)]
  24: f83->f86, G: Y [O(n)]
  24: f83->f86, H: max{0, 8*-max{-1, -1, -X}, 8*X} [O(n)]
  24: f83->f86, I: max{0, X} [O(n)]
  24: f83->f86, K: max{1, K} [O(n)]
  24: f83->f86, N: max{1, N} [O(n)]
  24: f83->f86, Q: max{1, 1, Q} [O(n)]
  24: f83->f86, R: R [O(n)]
  24: f83->f86, S: S [O(n)]
  24: f83->f86, T: T [O(n)]
  24: f83->f86, U: U [O(n)]
  24: f83->f86, V: V [O(n)]
  24: f83->f86, W: W [O(n)]
  28: f83->f83, A: 1 [O(1)]
  28: f83->f83, B: 0 [O(1)]
  28: f83->f83, C: 3 [O(1)]
  28: f83->f83, D: X [O(n)]
  28: f83->f83, E: 1 [O(1)]
  28: f83->f83, F: 1 [O(1)]
  28: f83->f83, G: Y [O(n)]
  28: f83->f83, H: max{0, 8*-max{-1, -1, -X}, 8*X} [O(n)]
  28: f83->f83, I: max{0, X} [O(n)]
  28: f83->f83, K: max{1, K} [O(n)]
  28: f83->f83, N: max{1, N} [O(n)]
  28: f83->f83, Q: 0 [O(1)]
  28: f83->f83, R: R [O(n)]
  28: f83->f83, S: S [O(n)]
  28: f83->f83, T: T [O(n)]
  28: f83->f83, U: U [O(n)]
  28: f83->f83, V: V [O(n)]
  28: f83->f83, W: W [O(n)]
  54: f83->f80, A: 1 [O(1)]
  54: f83->f80, B: 1 [O(1)]
  54: f83->f80, C: 3 [O(1)]
  54: f83->f80, D: X [O(n)]
  54: f83->f80, E: 1 [O(1)]
  54: f83->f80, F: 1 [O(1)]
  54: f83->f80, G: Y [O(n)]
  54: f83->f80, H: max{0, 8*-max{-1, -1, -X}, 8*X} [O(n)]
  54: f83->f80, I: max{0, X} [O(n)]
  54: f83->f80, K: max{1, K} [O(n)]
  54: f83->f80, N: max{1, N} [O(n)]
  54: f83->f80, Q: max{1, Q} [O(n)]
  54: f83->f80, R: R [O(n)]
  54: f83->f80, S: S [O(n)]
  54: f83->f80, T: T [O(n)]
  54: f83->f80, U: U [O(n)]
  54: f83->f80, V: V [O(n)]
  54: f83->f80, W: W [O(n)]
  25: f86->f83, A: 1 [O(1)]
  25: f86->f83, B: 1 [O(1)]
  25: f86->f83, C: 3 [O(1)]
  25: f86->f83, D: X [O(n)]
  25: f86->f83, E: 1 [O(1)]
  25: f86->f83, F: 1 [O(1)]
  25: f86->f83, G: Y [O(n)]
  25: f86->f83, H: max{0, 8*-max{-1, -1, -X}, 8*X} [O(n)]
  25: f86->f83, I: max{0, X} [O(n)]
  25: f86->f83, K: max{1, K} [O(n)]
  25: f86->f83, N: max{1, N} [O(n)]
  25: f86->f83, Q: 1 [O(1)]
  25: f86->f83, R: R [O(n)]
  25: f86->f83, S: S [O(n)]
  25: f86->f83, T: T [O(n)]
  25: f86->f83, U: U [O(n)]
  25: f86->f83, V: V [O(n)]
  25: f86->f83, W: W [O(n)]
  26: f86->f83, A: 1 [O(1)]
  26: f86->f83, B: 1 [O(1)]
  26: f86->f83, C: 3 [O(1)]
  26: f86->f83, D: X [O(n)]
  26: f86->f83, E: 1 [O(1)]
  26: f86->f83, F: 1 [O(1)]
  26: f86->f83, G: Y [O(n)]
  26: f86->f83, H: max{0, 8*-max{-1, -1, -X}, 8*X} [O(n)]
  26: f86->f83, I: max{0, X} [O(n)]
  26: f86->f83, K: max{1, K} [O(n)]
  26: f86->f83, N: max{1, N} [O(n)]
  26: f86->f83, Q: 1 [O(1)]
  26: f86->f83, R: R [O(n)]
  26: f86->f83, S: S [O(n)]
  26: f86->f83, T: T [O(n)]
  26: f86->f83, U: U [O(n)]
  26: f86->f83, V: V [O(n)]
  26: f86->f83, W: W [O(n)]
  27: f86->f83, A: 1 [O(1)]
  27: f86->f83, B: 0 [O(1)]
  27: f86->f83, C: 3 [O(1)]
  27: f86->f83, D: X [O(n)]
  27: f86->f83, E: 1 [O(1)]
  27: f86->f83, F: 1 [O(1)]
  27: f86->f83, G: Y [O(n)]
  27: f86->f83, H: max{0, 8*-max{-1, -1, -X}, 8*X} [O(n)]
  27: f86->f83, I: max{0, X} [O(n)]
  27: f86->f83, K: max{1, K} [O(n)]
  27: f86->f83, N: max{1, N} [O(n)]
  27: f86->f83, Q: 0 [O(1)]
  27: f86->f83, R: R [O(n)]
  27: f86->f83, S: S [O(n)]
  27: f86->f83, T: T [O(n)]
  27: f86->f83, U: U [O(n)]
  27: f86->f83, V: V [O(n)]
  27: f86->f83, W: W [O(n)]
  29: f98->f101, A: 1 [O(1)]
  29: f98->f101, B: 1 [O(1)]
  29: f98->f101, C: 3 [O(1)]
  29: f98->f101, D: X [O(n)]
  29: f98->f101, E: 1 [O(1)]
  29: f98->f101, F: 1 [O(1)]
  29: f98->f101, G: Y [O(n)]
  29: f98->f101, H: 2 [O(1)]
  29: f98->f101, I: 0 [O(1)]
  29: f98->f101, K: max{1, K} [O(n)]
  29: f98->f101, N: max{1, N} [O(n)]
  29: f98->f101, Q: max{1, Q} [O(n)]
  29: f98->f101, R: max{3, R} [O(n)]
  29: f98->f101, S: max{3, S} [O(n)]
  29: f98->f101, T: max{3, T} [O(n)]
  29: f98->f101, U: max{3, U} [O(n)]
  29: f98->f101, V: max{1, V} [O(n)]
  29: f98->f101, W: W [O(n)]
  51: f98->f135, A: 1 [O(1)]
  51: f98->f135, B: 1 [O(1)]
  51: f98->f135, C: 3 [O(1)]
  51: f98->f135, D: X [O(n)]
  51: f98->f135, E: -1 [O(1)]
  51: f98->f135, F: 1 [O(1)]
  51: f98->f135, G: Y [O(n)]
  51: f98->f135, H: 3 [O(1)]
  51: f98->f135, I: max{3, X} [O(n)]
  51: f98->f135, K: max{1, K} [O(n)]
  51: f98->f135, N: max{1, N} [O(n)]
  51: f98->f135, Q: max{1, Q} [O(n)]
  51: f98->f135, R: max{3, R} [O(n)]
  51: f98->f135, S: max{3, S} [O(n)]
  51: f98->f135, T: max{3, T} [O(n)]
  51: f98->f135, U: max{3, U} [O(n)]
  51: f98->f135, V: max{1, V} [O(n)]
  51: f98->f135, W: W [O(n)]
  52: f98->f135, A: 1 [O(1)]
  52: f98->f135, B: 1 [O(1)]
  52: f98->f135, C: 3 [O(1)]
  52: f98->f135, D: X [O(n)]
  52: f98->f135, E: 1 [O(1)]
  52: f98->f135, F: 1 [O(1)]
  52: f98->f135, G: Y [O(n)]
  52: f98->f135, H: 3 [O(1)]
  52: f98->f135, I: max{3, X} [O(n)]
  52: f98->f135, K: max{1, K} [O(n)]
  52: f98->f135, N: max{1, N} [O(n)]
  52: f98->f135, Q: max{1, Q} [O(n)]
  52: f98->f135, R: max{3, R} [O(n)]
  52: f98->f135, S: max{3, S} [O(n)]
  52: f98->f135, T: max{3, T} [O(n)]
  52: f98->f135, U: max{3, U} [O(n)]
  52: f98->f135, V: max{1, V} [O(n)]
  52: f98->f135, W: W [O(n)]
  53: f98->f146, A: 1 [O(1)]
  53: f98->f146, B: 1 [O(1)]
  53: f98->f146, C: 3 [O(1)]
  53: f98->f146, D: X [O(n)]
  53: f98->f146, E: 0 [O(1)]
  53: f98->f146, F: 1 [O(1)]
  53: f98->f146, G: Y [O(n)]
  53: f98->f146, H: 3 [O(1)]
  53: f98->f146, I: max{3, X} [O(n)]
  53: f98->f146, K: max{1, K} [O(n)]
  53: f98->f146, N: max{1, N} [O(n)]
  53: f98->f146, Q: max{1, Q} [O(n)]
  53: f98->f146, R: max{3, R} [O(n)]
  53: f98->f146, S: max{3, S} [O(n)]
  53: f98->f146, T: max{3, T} [O(n)]
  53: f98->f146, U: max{3, U} [O(n)]
  53: f98->f146, V: max{1, V} [O(n)]
  53: f98->f146, W: 1 [O(1)]
