Timebounds: 
  Overall timebound: inf [Infinity]
  2: f0->f4: 1 [O(1)]
  3: f4->f6: inf [Infinity]
  4: f4->f6: inf [Infinity]
  8: f4->f14: 1 [O(1)]
  0: f6->f7: inf [Infinity]
  1: f6->f7: inf [Infinity]
  7: f6->f14: 1 [O(1)]
  5: f7->f4: inf [Infinity]
  6: f7->f4: inf [Infinity]

Costbounds:
  Overall costbound: inf [Infinity]
  2: f0->f4: 1 [O(1)]
  3: f4->f6: inf [Infinity]
  4: f4->f6: inf [Infinity]
  8: f4->f14: 1 [O(1)]
  0: f6->f7: inf [Infinity]
  1: f6->f7: inf [Infinity]
  7: f6->f14: 1 [O(1)]
  5: f7->f4: inf [Infinity]
  6: f7->f4: inf [Infinity]

Sizebounds:
`Lower:
  2: f0->f4, A: A [O(n)]
  2: f0->f4, B: 0 [O(1)]
  2: f0->f4, C: 0 [O(1)]
  2: f0->f4, D: 1 [O(1)]
  2: f0->f4, E: -inf [Infinity]
  3: f4->f6, A: -inf [Infinity]
  3: f4->f6, B: 0 [O(1)]
  3: f4->f6, C: 0 [O(1)]
  3: f4->f6, D: -inf [Infinity]
  3: f4->f6, E: -inf [Infinity]
  4: f4->f6, A: -inf [Infinity]
  4: f4->f6, B: 0 [O(1)]
  4: f4->f6, C: 0 [O(1)]
  4: f4->f6, D: 1 [O(1)]
  4: f4->f6, E: -inf [Infinity]
  8: f4->f14, A: -inf [Infinity]
  8: f4->f14, B: 0 [O(1)]
  8: f4->f14, C: 0 [O(1)]
  8: f4->f14, D: 0 [O(1)]
  8: f4->f14, E: -inf [Infinity]
  0: f6->f7, A: -inf [Infinity]
  0: f6->f7, B: 0 [O(1)]
  0: f6->f7, C: 0 [O(1)]
  0: f6->f7, D: -inf [Infinity]
  0: f6->f7, E: -inf [Infinity]
  1: f6->f7, A: -inf [Infinity]
  1: f6->f7, B: 0 [O(1)]
  1: f6->f7, C: 0 [O(1)]
  1: f6->f7, D: -inf [Infinity]
  1: f6->f7, E: -inf [Infinity]
  7: f6->f14, A: 0 [O(1)]
  7: f6->f14, B: 0 [O(1)]
  7: f6->f14, C: 0 [O(1)]
  7: f6->f14, D: -inf [Infinity]
  7: f6->f14, E: -inf [Infinity]
  5: f7->f4, A: -inf [Infinity]
  5: f7->f4, B: 0 [O(1)]
  5: f7->f4, C: 0 [O(1)]
  5: f7->f4, D: -inf [Infinity]
  5: f7->f4, E: -inf [Infinity]
  6: f7->f4, A: -inf [Infinity]
  6: f7->f4, B: 0 [O(1)]
  6: f7->f4, C: 0 [O(1)]
  6: f7->f4, D: 0 [O(1)]
  6: f7->f4, E: -inf [Infinity]
`Upper:
  2: f0->f4, A: A [O(n)]
  2: f0->f4, B: B [O(n)]
  2: f0->f4, C: C [O(n)]
  2: f0->f4, D: 1+B [O(n)]
  2: f0->f4, E: inf [Infinity]
  3: f4->f6, A: inf [Infinity]
  3: f4->f6, B: B [O(n)]
  3: f4->f6, C: C [O(n)]
  3: f4->f6, D: -1+B [O(n)]
  3: f4->f6, E: inf [Infinity]
  4: f4->f6, A: inf [Infinity]
  4: f4->f6, B: B [O(n)]
  4: f4->f6, C: C [O(n)]
  4: f4->f6, D: 1+C [O(n)]
  4: f4->f6, E: inf [Infinity]
  8: f4->f14, A: inf [Infinity]
  8: f4->f14, B: B [O(n)]
  8: f4->f14, C: C [O(n)]
  8: f4->f14, D: B [O(n)]
  8: f4->f14, E: inf [Infinity]
  0: f6->f7, A: -1 [O(1)]
  0: f6->f7, B: B [O(n)]
  0: f6->f7, C: C [O(n)]
  0: f6->f7, D: 1+C [O(n)]
  0: f6->f7, E: inf [Infinity]
  1: f6->f7, A: inf [Infinity]
  1: f6->f7, B: B [O(n)]
  1: f6->f7, C: C [O(n)]
  1: f6->f7, D: 1+C [O(n)]
  1: f6->f7, E: inf [Infinity]
  7: f6->f14, A: 0 [O(1)]
  7: f6->f14, B: B [O(n)]
  7: f6->f14, C: C [O(n)]
  7: f6->f14, D: 1+C [O(n)]
  7: f6->f14, E: inf [Infinity]
  5: f7->f4, A: inf [Infinity]
  5: f7->f4, B: B [O(n)]
  5: f7->f4, C: C [O(n)]
  5: f7->f4, D: 1+C [O(n)]
  5: f7->f4, E: inf [Infinity]
  6: f7->f4, A: inf [Infinity]
  6: f7->f4, B: B [O(n)]
  6: f7->f4, C: C [O(n)]
  6: f7->f4, D: 0 [O(1)]
  6: f7->f4, E: inf [Infinity]
