Timebounds: 
  Overall timebound: inf [Infinity]
  3: f13->f20: max{0, -1, -1+8*A}+max{15, -1+8*A} [O(n)]
  16: f13->f1: 1 [O(1)]
  0: f2->f1: 1 [O(1)]
  1: f2->f13: 1 [O(1)]
  2: f2->f13: 1 [O(1)]
  4: f20->f20: (max{0, -1, -1+2*A}+max{3, -1+2*A})*max{0, 2*-max{-2, -A}, 2*max{0, A}}+(max{0, -7, -7+8*A}+max{9, -7+8*A})*max{0, 2*-max{-2, -A}, 2*max{0, A}}+(max{0, -1, -1+8*A}+max{15, -1+8*A})*max{0, 2*-max{-2, -A}, 2*max{0, A}}+max{0, 2*A}+max{4, 2*A} [O(n^2)]
  13: f20->f31: max{0, -1, -1+2*A}+max{3, -1+2*A} [O(n)]
  14: f20->f31: max{0, -7, -7+8*A}+max{9, -7+8*A} [O(n)]
  15: f20->f31: max{0, -1, -1+8*A}+max{15, -1+8*A} [O(n)]
  5: f31->f31: (max{0, -1, -1+4*A}+max{7, -1+4*A})*max{0, 2*-max{-2, -A}, 2*max{0, A}}+(max{0, -3, -3+4*A}+max{5, -3+4*A})*max{0, 2*-max{-2, -A}, 2*max{0, A}}+max{0, 2*A}+max{4, 2*A} [O(n^2)]
  10: f31->f1: 1 [O(1)]
  11: f31->f45: max{0, -1, -1+4*A}+max{7, -1+4*A} [O(n)]
  12: f31->f45: max{0, -3, -3+4*A}+max{5, -3+4*A} [O(n)]
  6: f45->f45: inf [Infinity]
  9: f45->f60: inf [Infinity]
  7: f60->f60: inf [Infinity]
  8: f60->f13: inf [Infinity]

Costbounds:
  Overall costbound: inf [Infinity]
  3: f13->f20: max{0, -1, -1+8*A}+max{15, -1+8*A} [O(n)]
  16: f13->f1: 1 [O(1)]
  0: f2->f1: 1 [O(1)]
  1: f2->f13: 1 [O(1)]
  2: f2->f13: 1 [O(1)]
  4: f20->f20: (max{0, -1, -1+2*A}+max{3, -1+2*A})*max{0, 2*-max{-2, -A}, 2*max{0, A}}+(max{0, -7, -7+8*A}+max{9, -7+8*A})*max{0, 2*-max{-2, -A}, 2*max{0, A}}+(max{0, -1, -1+8*A}+max{15, -1+8*A})*max{0, 2*-max{-2, -A}, 2*max{0, A}}+max{0, 2*A}+max{4, 2*A} [O(n^2)]
  13: f20->f31: max{0, -1, -1+2*A}+max{3, -1+2*A} [O(n)]
  14: f20->f31: max{0, -7, -7+8*A}+max{9, -7+8*A} [O(n)]
  15: f20->f31: max{0, -1, -1+8*A}+max{15, -1+8*A} [O(n)]
  5: f31->f31: (max{0, -1, -1+4*A}+max{7, -1+4*A})*max{0, 2*-max{-2, -A}, 2*max{0, A}}+(max{0, -3, -3+4*A}+max{5, -3+4*A})*max{0, 2*-max{-2, -A}, 2*max{0, A}}+max{0, 2*A}+max{4, 2*A} [O(n^2)]
  10: f31->f1: 1 [O(1)]
  11: f31->f45: max{0, -1, -1+4*A}+max{7, -1+4*A} [O(n)]
  12: f31->f45: max{0, -3, -3+4*A}+max{5, -3+4*A} [O(n)]
  6: f45->f45: inf [Infinity]
  9: f45->f60: inf [Infinity]
  7: f60->f60: inf [Infinity]
  8: f60->f13: inf [Infinity]

Sizebounds:
`Lower:
  3: f13->f20, A: -max{-2, -A} [O(n)]
  3: f13->f20, B: 1 [O(1)]
  3: f13->f20, C: 2 [O(1)]
  3: f13->f20, D: -inf [Infinity]
  3: f13->f20, E: -inf [Infinity]
  3: f13->f20, F: 1 [O(1)]
  3: f13->f20, G: -inf [Infinity]
  3: f13->f20, H: -inf [Infinity]
  3: f13->f20, I: -inf [Infinity]
  3: f13->f20, J: -inf [Infinity]
  3: f13->f20, K: -inf [Infinity]
  3: f13->f20, L: -inf [Infinity]
  3: f13->f20, M: -inf [Infinity]
  3: f13->f20, N: -inf [Infinity]
  3: f13->f20, O: -inf [Infinity]
  3: f13->f20, P: -inf [Infinity]
  3: f13->f20, Q: -inf [Infinity]
  3: f13->f20, R: -inf [Infinity]
  3: f13->f20, S: -inf [Infinity]
  3: f13->f20, T: -inf [Infinity]
  3: f13->f20, U: -inf [Infinity]
  3: f13->f20, V: -inf [Infinity]
  16: f13->f1, A: -max{-2, -A} [O(n)]
  16: f13->f1, B: 1 [O(1)]
  16: f13->f1, C: -max{-2, -C} [O(n)]
  16: f13->f1, D: -inf [Infinity]
  16: f13->f1, E: -inf [Infinity]
  16: f13->f1, F: -max{-1, -F} [O(n)]
  16: f13->f1, G: -inf [Infinity]
  16: f13->f1, H: -inf [Infinity]
  16: f13->f1, I: -inf [Infinity]
  16: f13->f1, J: -inf [Infinity]
  16: f13->f1, K: -inf [Infinity]
  16: f13->f1, L: -inf [Infinity]
  16: f13->f1, M: -inf [Infinity]
  16: f13->f1, N: -inf [Infinity]
  16: f13->f1, O: -inf [Infinity]
  16: f13->f1, P: -inf [Infinity]
  16: f13->f1, Q: -inf [Infinity]
  16: f13->f1, R: -inf [Infinity]
  16: f13->f1, S: -inf [Infinity]
  16: f13->f1, T: -inf [Infinity]
  16: f13->f1, U: -inf [Infinity]
  16: f13->f1, V: -inf [Infinity]
  0: f2->f1, A: 1 [O(1)]
  0: f2->f1, B: B [O(n)]
  0: f2->f1, C: C [O(n)]
  0: f2->f1, D: D [O(n)]
  0: f2->f1, E: E [O(n)]
  0: f2->f1, F: F [O(n)]
  0: f2->f1, G: G [O(n)]
  0: f2->f1, H: H [O(n)]
  0: f2->f1, I: I [O(n)]
  0: f2->f1, J: J [O(n)]
  0: f2->f1, K: K [O(n)]
  0: f2->f1, L: L [O(n)]
  0: f2->f1, M: M [O(n)]
  0: f2->f1, N: N [O(n)]
  0: f2->f1, O: O [O(n)]
  0: f2->f1, P: P [O(n)]
  0: f2->f1, Q: Q [O(n)]
  0: f2->f1, R: R [O(n)]
  0: f2->f1, S: -inf [Infinity]
  0: f2->f1, T: -inf [Infinity]
  0: f2->f1, U: -inf [Infinity]
  0: f2->f1, V: -inf [Infinity]
  1: f2->f13, A: A [O(n)]
  1: f2->f13, B: 1 [O(1)]
  1: f2->f13, C: C [O(n)]
  1: f2->f13, D: D [O(n)]
  1: f2->f13, E: E [O(n)]
  1: f2->f13, F: F [O(n)]
  1: f2->f13, G: G [O(n)]
  1: f2->f13, H: H [O(n)]
  1: f2->f13, I: I [O(n)]
  1: f2->f13, J: J [O(n)]
  1: f2->f13, K: K [O(n)]
  1: f2->f13, L: L [O(n)]
  1: f2->f13, M: M [O(n)]
  1: f2->f13, N: N [O(n)]
  1: f2->f13, O: O [O(n)]
  1: f2->f13, P: P [O(n)]
  1: f2->f13, Q: Q [O(n)]
  1: f2->f13, R: R [O(n)]
  1: f2->f13, S: -inf [Infinity]
  1: f2->f13, T: -inf [Infinity]
  1: f2->f13, U: -inf [Infinity]
  1: f2->f13, V: -inf [Infinity]
  2: f2->f13, A: 2 [O(1)]
  2: f2->f13, B: 1 [O(1)]
  2: f2->f13, C: C [O(n)]
  2: f2->f13, D: D [O(n)]
  2: f2->f13, E: E [O(n)]
  2: f2->f13, F: F [O(n)]
  2: f2->f13, G: G [O(n)]
  2: f2->f13, H: H [O(n)]
  2: f2->f13, I: I [O(n)]
  2: f2->f13, J: J [O(n)]
  2: f2->f13, K: K [O(n)]
  2: f2->f13, L: L [O(n)]
  2: f2->f13, M: M [O(n)]
  2: f2->f13, N: N [O(n)]
  2: f2->f13, O: O [O(n)]
  2: f2->f13, P: P [O(n)]
  2: f2->f13, Q: Q [O(n)]
  2: f2->f13, R: R [O(n)]
  2: f2->f13, S: -inf [Infinity]
  2: f2->f13, T: -inf [Infinity]
  2: f2->f13, U: -inf [Infinity]
  2: f2->f13, V: -inf [Infinity]
  4: f20->f20, A: -max{-2, -A} [O(n)]
  4: f20->f20, B: 1 [O(1)]
  4: f20->f20, C: 2 [O(1)]
  4: f20->f20, D: -inf [Infinity]
  4: f20->f20, E: -inf [Infinity]
  4: f20->f20, F: 2 [O(1)]
  4: f20->f20, G: -inf [Infinity]
  4: f20->f20, H: -inf [Infinity]
  4: f20->f20, I: -inf [Infinity]
  4: f20->f20, J: -inf [Infinity]
  4: f20->f20, K: -inf [Infinity]
  4: f20->f20, L: -inf [Infinity]
  4: f20->f20, M: -inf [Infinity]
  4: f20->f20, N: -inf [Infinity]
  4: f20->f20, O: -inf [Infinity]
  4: f20->f20, P: -inf [Infinity]
  4: f20->f20, Q: -inf [Infinity]
  4: f20->f20, R: -inf [Infinity]
  4: f20->f20, S: -inf [Infinity]
  4: f20->f20, T: -inf [Infinity]
  4: f20->f20, U: -inf [Infinity]
  4: f20->f20, V: -inf [Infinity]
  13: f20->f31, A: -max{-2, -A} [O(n)]
  13: f20->f31, B: 1 [O(1)]
  13: f20->f31, C: 2 [O(1)]
  13: f20->f31, D: -inf [Infinity]
  13: f20->f31, E: -inf [Infinity]
  13: f20->f31, F: 1 [O(1)]
  13: f20->f31, G: -inf [Infinity]
  13: f20->f31, H: -inf [Infinity]
  13: f20->f31, I: -inf [Infinity]
  13: f20->f31, J: -inf [Infinity]
  13: f20->f31, K: -inf [Infinity]
  13: f20->f31, L: -inf [Infinity]
  13: f20->f31, M: -inf [Infinity]
  13: f20->f31, N: -inf [Infinity]
  13: f20->f31, O: -inf [Infinity]
  13: f20->f31, P: -inf [Infinity]
  13: f20->f31, Q: -inf [Infinity]
  13: f20->f31, R: -inf [Infinity]
  13: f20->f31, S: -inf [Infinity]
  13: f20->f31, T: -inf [Infinity]
  13: f20->f31, U: -inf [Infinity]
  13: f20->f31, V: -inf [Infinity]
  14: f20->f31, A: -max{-2, -A} [O(n)]
  14: f20->f31, B: 1 [O(1)]
  14: f20->f31, C: 2 [O(1)]
  14: f20->f31, D: -inf [Infinity]
  14: f20->f31, E: -inf [Infinity]
  14: f20->f31, F: 1 [O(1)]
  14: f20->f31, G: -inf [Infinity]
  14: f20->f31, H: -inf [Infinity]
  14: f20->f31, I: -inf [Infinity]
  14: f20->f31, J: -inf [Infinity]
  14: f20->f31, K: -inf [Infinity]
  14: f20->f31, L: -inf [Infinity]
  14: f20->f31, M: -inf [Infinity]
  14: f20->f31, N: -inf [Infinity]
  14: f20->f31, O: -inf [Infinity]
  14: f20->f31, P: -inf [Infinity]
  14: f20->f31, Q: -inf [Infinity]
  14: f20->f31, R: -inf [Infinity]
  14: f20->f31, S: -inf [Infinity]
  14: f20->f31, T: -inf [Infinity]
  14: f20->f31, U: -inf [Infinity]
  14: f20->f31, V: -inf [Infinity]
  15: f20->f31, A: -max{-2, -A} [O(n)]
  15: f20->f31, B: 1 [O(1)]
  15: f20->f31, C: 2 [O(1)]
  15: f20->f31, D: -inf [Infinity]
  15: f20->f31, E: 0 [O(1)]
  15: f20->f31, F: 1 [O(1)]
  15: f20->f31, G: -inf [Infinity]
  15: f20->f31, H: -inf [Infinity]
  15: f20->f31, I: -inf [Infinity]
  15: f20->f31, J: -inf [Infinity]
  15: f20->f31, K: -inf [Infinity]
  15: f20->f31, L: -inf [Infinity]
  15: f20->f31, M: -inf [Infinity]
  15: f20->f31, N: -inf [Infinity]
  15: f20->f31, O: -inf [Infinity]
  15: f20->f31, P: -inf [Infinity]
  15: f20->f31, Q: -inf [Infinity]
  15: f20->f31, R: -inf [Infinity]
  15: f20->f31, S: -inf [Infinity]
  15: f20->f31, T: -inf [Infinity]
  15: f20->f31, U: -inf [Infinity]
  15: f20->f31, V: -inf [Infinity]
  5: f31->f31, A: -max{-2, -A} [O(n)]
  5: f31->f31, B: 1 [O(1)]
  5: f31->f31, C: 2 [O(1)]
  5: f31->f31, D: -inf [Infinity]
  5: f31->f31, E: -inf [Infinity]
  5: f31->f31, F: 2 [O(1)]
  5: f31->f31, G: -inf [Infinity]
  5: f31->f31, H: -inf [Infinity]
  5: f31->f31, I: -inf [Infinity]
  5: f31->f31, J: -inf [Infinity]
  5: f31->f31, K: -inf [Infinity]
  5: f31->f31, L: -inf [Infinity]
  5: f31->f31, M: -inf [Infinity]
  5: f31->f31, N: -inf [Infinity]
  5: f31->f31, O: -inf [Infinity]
  5: f31->f31, P: -inf [Infinity]
  5: f31->f31, Q: -inf [Infinity]
  5: f31->f31, R: -inf [Infinity]
  5: f31->f31, S: -inf [Infinity]
  5: f31->f31, T: -inf [Infinity]
  5: f31->f31, U: -inf [Infinity]
  5: f31->f31, V: -inf [Infinity]
  10: f31->f1, A: 2 [O(1)]
  10: f31->f1, B: 1 [O(1)]
  10: f31->f1, C: 2 [O(1)]
  10: f31->f1, D: -inf [Infinity]
  10: f31->f1, E: -inf [Infinity]
  10: f31->f1, F: 2 [O(1)]
  10: f31->f1, G: -inf [Infinity]
  10: f31->f1, H: -inf [Infinity]
  10: f31->f1, I: -inf [Infinity]
  10: f31->f1, J: -inf [Infinity]
  10: f31->f1, K: -inf [Infinity]
  10: f31->f1, L: -inf [Infinity]
  10: f31->f1, M: -inf [Infinity]
  10: f31->f1, N: -inf [Infinity]
  10: f31->f1, O: -inf [Infinity]
  10: f31->f1, P: -inf [Infinity]
  10: f31->f1, Q: -inf [Infinity]
  10: f31->f1, R: -inf [Infinity]
  10: f31->f1, S: -inf [Infinity]
  10: f31->f1, T: -inf [Infinity]
  10: f31->f1, U: -inf [Infinity]
  10: f31->f1, V: -inf [Infinity]
  11: f31->f45, A: -max{-2, -A} [O(n)]
  11: f31->f45, B: 1 [O(1)]
  11: f31->f45, C: 2 [O(1)]
  11: f31->f45, D: -inf [Infinity]
  11: f31->f45, E: -inf [Infinity]
  11: f31->f45, F: 1 [O(1)]
  11: f31->f45, G: -inf [Infinity]
  11: f31->f45, H: -inf [Infinity]
  11: f31->f45, I: -inf [Infinity]
  11: f31->f45, J: -inf [Infinity]
  11: f31->f45, K: -inf [Infinity]
  11: f31->f45, L: -inf [Infinity]
  11: f31->f45, M: -inf [Infinity]
  11: f31->f45, N: -inf [Infinity]
  11: f31->f45, O: -inf [Infinity]
  11: f31->f45, P: -inf [Infinity]
  11: f31->f45, Q: -inf [Infinity]
  11: f31->f45, R: -inf [Infinity]
  11: f31->f45, S: -inf [Infinity]
  11: f31->f45, T: -inf [Infinity]
  11: f31->f45, U: -inf [Infinity]
  11: f31->f45, V: -inf [Infinity]
  12: f31->f45, A: -max{-2, -A} [O(n)]
  12: f31->f45, B: 1 [O(1)]
  12: f31->f45, C: 2 [O(1)]
  12: f31->f45, D: -inf [Infinity]
  12: f31->f45, E: -inf [Infinity]
  12: f31->f45, F: 1 [O(1)]
  12: f31->f45, G: -inf [Infinity]
  12: f31->f45, H: -inf [Infinity]
  12: f31->f45, I: -inf [Infinity]
  12: f31->f45, J: -inf [Infinity]
  12: f31->f45, K: -inf [Infinity]
  12: f31->f45, L: -inf [Infinity]
  12: f31->f45, M: -inf [Infinity]
  12: f31->f45, N: -inf [Infinity]
  12: f31->f45, O: -inf [Infinity]
  12: f31->f45, P: -inf [Infinity]
  12: f31->f45, Q: -inf [Infinity]
  12: f31->f45, R: -inf [Infinity]
  12: f31->f45, S: -inf [Infinity]
  12: f31->f45, T: -inf [Infinity]
  12: f31->f45, U: -inf [Infinity]
  12: f31->f45, V: -inf [Infinity]
  6: f45->f45, A: -max{-2, -A} [O(n)]
  6: f45->f45, B: 1 [O(1)]
  6: f45->f45, C: 2 [O(1)]
  6: f45->f45, D: -inf [Infinity]
  6: f45->f45, E: -inf [Infinity]
  6: f45->f45, F: 2 [O(1)]
  6: f45->f45, G: -inf [Infinity]
  6: f45->f45, H: -inf [Infinity]
  6: f45->f45, I: -inf [Infinity]
  6: f45->f45, J: -inf [Infinity]
  6: f45->f45, K: -inf [Infinity]
  6: f45->f45, L: -inf [Infinity]
  6: f45->f45, M: -inf [Infinity]
  6: f45->f45, N: -inf [Infinity]
  6: f45->f45, O: -inf [Infinity]
  6: f45->f45, P: -inf [Infinity]
  6: f45->f45, Q: -inf [Infinity]
  6: f45->f45, R: -inf [Infinity]
  6: f45->f45, S: -inf [Infinity]
  6: f45->f45, T: -inf [Infinity]
  6: f45->f45, U: -inf [Infinity]
  6: f45->f45, V: -inf [Infinity]
  9: f45->f60, A: -max{-2, -A} [O(n)]
  9: f45->f60, B: 1 [O(1)]
  9: f45->f60, C: 2 [O(1)]
  9: f45->f60, D: -inf [Infinity]
  9: f45->f60, E: -inf [Infinity]
  9: f45->f60, F: 1 [O(1)]
  9: f45->f60, G: -inf [Infinity]
  9: f45->f60, H: -inf [Infinity]
  9: f45->f60, I: -inf [Infinity]
  9: f45->f60, J: -inf [Infinity]
  9: f45->f60, K: 1 [O(1)]
  9: f45->f60, L: -inf [Infinity]
  9: f45->f60, M: -inf [Infinity]
  9: f45->f60, N: -inf [Infinity]
  9: f45->f60, O: -inf [Infinity]
  9: f45->f60, P: -inf [Infinity]
  9: f45->f60, Q: -inf [Infinity]
  9: f45->f60, R: -inf [Infinity]
  9: f45->f60, S: -inf [Infinity]
  9: f45->f60, T: -inf [Infinity]
  9: f45->f60, U: -inf [Infinity]
  9: f45->f60, V: -inf [Infinity]
  7: f60->f60, A: -max{-2, -A} [O(n)]
  7: f60->f60, B: 1 [O(1)]
  7: f60->f60, C: 2 [O(1)]
  7: f60->f60, D: -inf [Infinity]
  7: f60->f60, E: -inf [Infinity]
  7: f60->f60, F: 1 [O(1)]
  7: f60->f60, G: -inf [Infinity]
  7: f60->f60, H: -inf [Infinity]
  7: f60->f60, I: -inf [Infinity]
  7: f60->f60, J: -inf [Infinity]
  7: f60->f60, K: -inf [Infinity]
  7: f60->f60, L: -inf [Infinity]
  7: f60->f60, M: -inf [Infinity]
  7: f60->f60, N: -inf [Infinity]
  7: f60->f60, O: -inf [Infinity]
  7: f60->f60, P: -inf [Infinity]
  7: f60->f60, Q: -inf [Infinity]
  7: f60->f60, R: -inf [Infinity]
  7: f60->f60, S: -inf [Infinity]
  7: f60->f60, T: -inf [Infinity]
  7: f60->f60, U: -inf [Infinity]
  7: f60->f60, V: -inf [Infinity]
  8: f60->f13, A: -max{-2, -A} [O(n)]
  8: f60->f13, B: 2 [O(1)]
  8: f60->f13, C: 2 [O(1)]
  8: f60->f13, D: -inf [Infinity]
  8: f60->f13, E: -inf [Infinity]
  8: f60->f13, F: 1 [O(1)]
  8: f60->f13, G: -inf [Infinity]
  8: f60->f13, H: -inf [Infinity]
  8: f60->f13, I: -inf [Infinity]
  8: f60->f13, J: -inf [Infinity]
  8: f60->f13, K: -inf [Infinity]
  8: f60->f13, L: -inf [Infinity]
  8: f60->f13, M: -inf [Infinity]
  8: f60->f13, N: -inf [Infinity]
  8: f60->f13, O: -inf [Infinity]
  8: f60->f13, P: -inf [Infinity]
  8: f60->f13, Q: -inf [Infinity]
  8: f60->f13, R: -inf [Infinity]
  8: f60->f13, S: -inf [Infinity]
  8: f60->f13, T: -inf [Infinity]
  8: f60->f13, U: -inf [Infinity]
  8: f60->f13, V: -inf [Infinity]
`Upper:
  3: f13->f20, A: max{0, A} [O(n)]
  3: f13->f20, B: max{0, A} [O(n)]
  3: f13->f20, C: max{1, 1+A} [O(n)]
  3: f13->f20, D: inf [Infinity]
  3: f13->f20, E: inf [Infinity]
  3: f13->f20, F: 1 [O(1)]
  3: f13->f20, G: inf [Infinity]
  3: f13->f20, H: inf [Infinity]
  3: f13->f20, I: inf [Infinity]
  3: f13->f20, J: inf [Infinity]
  3: f13->f20, K: max{-2, -2, max{0, A, max{A, K, max{K, -2+A}}}} [O(n)]
  3: f13->f20, L: inf [Infinity]
  3: f13->f20, M: inf [Infinity]
  3: f13->f20, N: inf [Infinity]
  3: f13->f20, O: inf [Infinity]
  3: f13->f20, P: max{-2, -2, max{0, A, max{A, P, max{P, -2+A}}}} [O(n)]
  3: f13->f20, Q: inf [Infinity]
  3: f13->f20, R: inf [Infinity]
  3: f13->f20, S: inf [Infinity]
  3: f13->f20, T: inf [Infinity]
  3: f13->f20, U: inf [Infinity]
  3: f13->f20, V: inf [Infinity]
  16: f13->f1, A: max{0, A} [O(n)]
  16: f13->f1, B: max{1, 1, max{-1, 1+max{A, A, -2+A}}} [O(n)]
  16: f13->f1, C: max{-1, -1, max{1, C, max{C, 1+max{A, A, -2+A}}}} [O(n)]
  16: f13->f1, D: inf [Infinity]
  16: f13->f1, E: inf [Infinity]
  16: f13->f1, F: inf [Infinity]
  16: f13->f1, G: inf [Infinity]
  16: f13->f1, H: inf [Infinity]
  16: f13->f1, I: inf [Infinity]
  16: f13->f1, J: inf [Infinity]
  16: f13->f1, K: max{-2, -2, max{0, A, max{A, K, max{K, -2+A}}}} [O(n)]
  16: f13->f1, L: inf [Infinity]
  16: f13->f1, M: inf [Infinity]
  16: f13->f1, N: inf [Infinity]
  16: f13->f1, O: inf [Infinity]
  16: f13->f1, P: max{0, -2, max{-2, A, max{A, P, max{P, P, max{P, -2+A}}}}} [O(n)]
  16: f13->f1, Q: inf [Infinity]
  16: f13->f1, R: inf [Infinity]
  16: f13->f1, S: inf [Infinity]
  16: f13->f1, T: inf [Infinity]
  16: f13->f1, U: inf [Infinity]
  16: f13->f1, V: inf [Infinity]
  0: f2->f1, A: 1 [O(1)]
  0: f2->f1, B: B [O(n)]
  0: f2->f1, C: C [O(n)]
  0: f2->f1, D: D [O(n)]
  0: f2->f1, E: E [O(n)]
  0: f2->f1, F: F [O(n)]
  0: f2->f1, G: G [O(n)]
  0: f2->f1, H: H [O(n)]
  0: f2->f1, I: I [O(n)]
  0: f2->f1, J: J [O(n)]
  0: f2->f1, K: K [O(n)]
  0: f2->f1, L: L [O(n)]
  0: f2->f1, M: M [O(n)]
  0: f2->f1, N: N [O(n)]
  0: f2->f1, O: O [O(n)]
  0: f2->f1, P: P [O(n)]
  0: f2->f1, Q: Q [O(n)]
  0: f2->f1, R: R [O(n)]
  0: f2->f1, S: inf [Infinity]
  0: f2->f1, T: inf [Infinity]
  0: f2->f1, U: inf [Infinity]
  0: f2->f1, V: inf [Infinity]
  1: f2->f13, A: 0 [O(1)]
  1: f2->f13, B: 1 [O(1)]
  1: f2->f13, C: C [O(n)]
  1: f2->f13, D: D [O(n)]
  1: f2->f13, E: E [O(n)]
  1: f2->f13, F: F [O(n)]
  1: f2->f13, G: G [O(n)]
  1: f2->f13, H: H [O(n)]
  1: f2->f13, I: I [O(n)]
  1: f2->f13, J: J [O(n)]
  1: f2->f13, K: K [O(n)]
  1: f2->f13, L: L [O(n)]
  1: f2->f13, M: M [O(n)]
  1: f2->f13, N: N [O(n)]
  1: f2->f13, O: O [O(n)]
  1: f2->f13, P: P [O(n)]
  1: f2->f13, Q: Q [O(n)]
  1: f2->f13, R: R [O(n)]
  1: f2->f13, S: inf [Infinity]
  1: f2->f13, T: inf [Infinity]
  1: f2->f13, U: inf [Infinity]
  1: f2->f13, V: inf [Infinity]
  2: f2->f13, A: A [O(n)]
  2: f2->f13, B: 1 [O(1)]
  2: f2->f13, C: C [O(n)]
  2: f2->f13, D: D [O(n)]
  2: f2->f13, E: E [O(n)]
  2: f2->f13, F: F [O(n)]
  2: f2->f13, G: G [O(n)]
  2: f2->f13, H: H [O(n)]
  2: f2->f13, I: I [O(n)]
  2: f2->f13, J: J [O(n)]
  2: f2->f13, K: K [O(n)]
  2: f2->f13, L: L [O(n)]
  2: f2->f13, M: M [O(n)]
  2: f2->f13, N: N [O(n)]
  2: f2->f13, O: O [O(n)]
  2: f2->f13, P: P [O(n)]
  2: f2->f13, Q: Q [O(n)]
  2: f2->f13, R: R [O(n)]
  2: f2->f13, S: inf [Infinity]
  2: f2->f13, T: inf [Infinity]
  2: f2->f13, U: inf [Infinity]
  2: f2->f13, V: inf [Infinity]
  4: f20->f20, A: max{0, A} [O(n)]
  4: f20->f20, B: max{0, A} [O(n)]
  4: f20->f20, C: max{1, 1+A} [O(n)]
  4: f20->f20, D: inf [Infinity]
  4: f20->f20, E: inf [Infinity]
  4: f20->f20, F: max{1, 1+A} [O(n)]
  4: f20->f20, G: inf [Infinity]
  4: f20->f20, H: inf [Infinity]
  4: f20->f20, I: inf [Infinity]
  4: f20->f20, J: inf [Infinity]
  4: f20->f20, K: max{-2, -2, max{0, A, max{A, K, max{K, -2+A}}}} [O(n)]
  4: f20->f20, L: inf [Infinity]
  4: f20->f20, M: inf [Infinity]
  4: f20->f20, N: inf [Infinity]
  4: f20->f20, O: inf [Infinity]
  4: f20->f20, P: max{-2, -2, max{0, A, max{A, P, max{P, -2+A}}}} [O(n)]
  4: f20->f20, Q: inf [Infinity]
  4: f20->f20, R: inf [Infinity]
  4: f20->f20, S: inf [Infinity]
  4: f20->f20, T: inf [Infinity]
  4: f20->f20, U: inf [Infinity]
  4: f20->f20, V: inf [Infinity]
  13: f20->f31, A: max{0, A} [O(n)]
  13: f20->f31, B: max{0, A} [O(n)]
  13: f20->f31, C: max{1, 1+A} [O(n)]
  13: f20->f31, D: inf [Infinity]
  13: f20->f31, E: -1 [O(1)]
  13: f20->f31, F: 1 [O(1)]
  13: f20->f31, G: inf [Infinity]
  13: f20->f31, H: inf [Infinity]
  13: f20->f31, I: inf [Infinity]
  13: f20->f31, J: inf [Infinity]
  13: f20->f31, K: max{-2, -2, max{0, A, max{A, K, max{K, -2+A}}}} [O(n)]
  13: f20->f31, L: inf [Infinity]
  13: f20->f31, M: inf [Infinity]
  13: f20->f31, N: inf [Infinity]
  13: f20->f31, O: inf [Infinity]
  13: f20->f31, P: max{-2, -2, max{0, A, max{A, P, max{P, -2+A}}}} [O(n)]
  13: f20->f31, Q: inf [Infinity]
  13: f20->f31, R: inf [Infinity]
  13: f20->f31, S: inf [Infinity]
  13: f20->f31, T: inf [Infinity]
  13: f20->f31, U: inf [Infinity]
  13: f20->f31, V: inf [Infinity]
  14: f20->f31, A: max{0, A} [O(n)]
  14: f20->f31, B: max{0, A} [O(n)]
  14: f20->f31, C: max{1, 1+A} [O(n)]
  14: f20->f31, D: inf [Infinity]
  14: f20->f31, E: inf [Infinity]
  14: f20->f31, F: 1 [O(1)]
  14: f20->f31, G: inf [Infinity]
  14: f20->f31, H: inf [Infinity]
  14: f20->f31, I: inf [Infinity]
  14: f20->f31, J: inf [Infinity]
  14: f20->f31, K: max{-2, -2, max{0, A, max{A, K, max{K, -2+A}}}} [O(n)]
  14: f20->f31, L: inf [Infinity]
  14: f20->f31, M: inf [Infinity]
  14: f20->f31, N: inf [Infinity]
  14: f20->f31, O: inf [Infinity]
  14: f20->f31, P: max{-2, -2, max{0, A, max{A, P, max{P, -2+A}}}} [O(n)]
  14: f20->f31, Q: inf [Infinity]
  14: f20->f31, R: inf [Infinity]
  14: f20->f31, S: inf [Infinity]
  14: f20->f31, T: inf [Infinity]
  14: f20->f31, U: inf [Infinity]
  14: f20->f31, V: inf [Infinity]
  15: f20->f31, A: max{0, A} [O(n)]
  15: f20->f31, B: max{0, A} [O(n)]
  15: f20->f31, C: max{1, 1+A} [O(n)]
  15: f20->f31, D: inf [Infinity]
  15: f20->f31, E: 0 [O(1)]
  15: f20->f31, F: 1 [O(1)]
  15: f20->f31, G: inf [Infinity]
  15: f20->f31, H: inf [Infinity]
  15: f20->f31, I: inf [Infinity]
  15: f20->f31, J: inf [Infinity]
  15: f20->f31, K: max{-2, -2, max{0, A, max{A, K, max{K, -2+A}}}} [O(n)]
  15: f20->f31, L: inf [Infinity]
  15: f20->f31, M: inf [Infinity]
  15: f20->f31, N: inf [Infinity]
  15: f20->f31, O: inf [Infinity]
  15: f20->f31, P: max{-2, -2, max{0, A, max{A, P, max{P, -2+A}}}} [O(n)]
  15: f20->f31, Q: inf [Infinity]
  15: f20->f31, R: inf [Infinity]
  15: f20->f31, S: inf [Infinity]
  15: f20->f31, T: inf [Infinity]
  15: f20->f31, U: inf [Infinity]
  15: f20->f31, V: inf [Infinity]
  5: f31->f31, A: max{0, A} [O(n)]
  5: f31->f31, B: max{0, A} [O(n)]
  5: f31->f31, C: max{1, 1+A} [O(n)]
  5: f31->f31, D: inf [Infinity]
  5: f31->f31, E: inf [Infinity]
  5: f31->f31, F: max{1, 1+A} [O(n)]
  5: f31->f31, G: inf [Infinity]
  5: f31->f31, H: inf [Infinity]
  5: f31->f31, I: inf [Infinity]
  5: f31->f31, J: inf [Infinity]
  5: f31->f31, K: max{-2, -2, max{0, A, max{A, K, max{K, -2+A}}}} [O(n)]
  5: f31->f31, L: inf [Infinity]
  5: f31->f31, M: inf [Infinity]
  5: f31->f31, N: inf [Infinity]
  5: f31->f31, O: inf [Infinity]
  5: f31->f31, P: max{-2, -2, max{0, A, max{A, P, max{P, -2+A}}}} [O(n)]
  5: f31->f31, Q: inf [Infinity]
  5: f31->f31, R: inf [Infinity]
  5: f31->f31, S: inf [Infinity]
  5: f31->f31, T: inf [Infinity]
  5: f31->f31, U: inf [Infinity]
  5: f31->f31, V: inf [Infinity]
  10: f31->f1, A: max{0, A} [O(n)]
  10: f31->f1, B: max{-1, -1+A} [O(n)]
  10: f31->f1, C: max{0, A} [O(n)]
  10: f31->f1, D: inf [Infinity]
  10: f31->f1, E: inf [Infinity]
  10: f31->f1, F: max{1, 1+A} [O(n)]
  10: f31->f1, G: inf [Infinity]
  10: f31->f1, H: inf [Infinity]
  10: f31->f1, I: inf [Infinity]
  10: f31->f1, J: inf [Infinity]
  10: f31->f1, K: max{-2, -2, max{0, A, max{A, K, max{K, -2+A}}}} [O(n)]
  10: f31->f1, L: inf [Infinity]
  10: f31->f1, M: inf [Infinity]
  10: f31->f1, N: inf [Infinity]
  10: f31->f1, O: inf [Infinity]
  10: f31->f1, P: max{-2, -2, max{0, A, max{A, P, max{P, -2+A}}}} [O(n)]
  10: f31->f1, Q: inf [Infinity]
  10: f31->f1, R: inf [Infinity]
  10: f31->f1, S: inf [Infinity]
  10: f31->f1, T: inf [Infinity]
  10: f31->f1, U: inf [Infinity]
  10: f31->f1, V: inf [Infinity]
  11: f31->f45, A: max{0, A} [O(n)]
  11: f31->f45, B: max{-2, -2+A} [O(n)]
  11: f31->f45, C: max{-1, -1+A} [O(n)]
  11: f31->f45, D: inf [Infinity]
  11: f31->f45, E: inf [Infinity]
  11: f31->f45, F: 1 [O(1)]
  11: f31->f45, G: inf [Infinity]
  11: f31->f45, H: inf [Infinity]
  11: f31->f45, I: inf [Infinity]
  11: f31->f45, J: inf [Infinity]
  11: f31->f45, K: max{-2, -2, max{0, A, max{A, K, max{K, -2+A}}}} [O(n)]
  11: f31->f45, L: inf [Infinity]
  11: f31->f45, M: inf [Infinity]
  11: f31->f45, N: inf [Infinity]
  11: f31->f45, O: inf [Infinity]
  11: f31->f45, P: max{-2, -2, max{0, A, max{A, P, max{P, -2+A}}}} [O(n)]
  11: f31->f45, Q: inf [Infinity]
  11: f31->f45, R: inf [Infinity]
  11: f31->f45, S: inf [Infinity]
  11: f31->f45, T: inf [Infinity]
  11: f31->f45, U: inf [Infinity]
  11: f31->f45, V: inf [Infinity]
  12: f31->f45, A: max{0, A} [O(n)]
  12: f31->f45, B: max{0, A} [O(n)]
  12: f31->f45, C: max{1, 1+A} [O(n)]
  12: f31->f45, D: inf [Infinity]
  12: f31->f45, E: inf [Infinity]
  12: f31->f45, F: 1 [O(1)]
  12: f31->f45, G: inf [Infinity]
  12: f31->f45, H: inf [Infinity]
  12: f31->f45, I: inf [Infinity]
  12: f31->f45, J: inf [Infinity]
  12: f31->f45, K: max{-2, -2, max{0, A, max{A, K, max{K, -2+A}}}} [O(n)]
  12: f31->f45, L: inf [Infinity]
  12: f31->f45, M: inf [Infinity]
  12: f31->f45, N: inf [Infinity]
  12: f31->f45, O: inf [Infinity]
  12: f31->f45, P: max{-2, -2, max{0, A, max{A, P, max{P, -2+A}}}} [O(n)]
  12: f31->f45, Q: inf [Infinity]
  12: f31->f45, R: inf [Infinity]
  12: f31->f45, S: inf [Infinity]
  12: f31->f45, T: inf [Infinity]
  12: f31->f45, U: inf [Infinity]
  12: f31->f45, V: inf [Infinity]
  6: f45->f45, A: max{0, A} [O(n)]
  6: f45->f45, B: max{0, -2, max{A, -2+A}} [O(n)]
  6: f45->f45, C: max{-1, -1, max{1, 1, max{1+max{A, -2+A}, 1+A, -1+A}}} [O(n)]
  6: f45->f45, D: inf [Infinity]
  6: f45->f45, E: inf [Infinity]
  6: f45->f45, F: max{-1, -1, max{1, 1, max{1+max{A, -2+A}, 1+A, -1+A}}} [O(n)]
  6: f45->f45, G: inf [Infinity]
  6: f45->f45, H: inf [Infinity]
  6: f45->f45, I: inf [Infinity]
  6: f45->f45, J: inf [Infinity]
  6: f45->f45, K: max{-2, -2, max{0, A, max{A, K, max{K, -2+A}}}} [O(n)]
  6: f45->f45, L: inf [Infinity]
  6: f45->f45, M: inf [Infinity]
  6: f45->f45, N: inf [Infinity]
  6: f45->f45, O: inf [Infinity]
  6: f45->f45, P: max{-2, -2, max{0, A, max{A, P, max{P, -2+A}}}} [O(n)]
  6: f45->f45, Q: inf [Infinity]
  6: f45->f45, R: inf [Infinity]
  6: f45->f45, S: inf [Infinity]
  6: f45->f45, T: inf [Infinity]
  6: f45->f45, U: inf [Infinity]
  6: f45->f45, V: inf [Infinity]
  9: f45->f60, A: max{0, A} [O(n)]
  9: f45->f60, B: max{-2, 0, max{-2, A, max{A, -2+A}}} [O(n)]
  9: f45->f60, C: max{-1, -1, max{1, 1, max{1+max{A, -2+A}, 1+A, -1+A}}} [O(n)]
  9: f45->f60, D: inf [Infinity]
  9: f45->f60, E: inf [Infinity]
  9: f45->f60, F: 1 [O(1)]
  9: f45->f60, G: inf [Infinity]
  9: f45->f60, H: inf [Infinity]
  9: f45->f60, I: inf [Infinity]
  9: f45->f60, J: inf [Infinity]
  9: f45->f60, K: max{-2, 0, max{-2, A, max{A, -2+A}}} [O(n)]
  9: f45->f60, L: inf [Infinity]
  9: f45->f60, M: inf [Infinity]
  9: f45->f60, N: inf [Infinity]
  9: f45->f60, O: inf [Infinity]
  9: f45->f60, P: max{-2, -2, max{0, A, max{A, P, max{P, -2+A}}}} [O(n)]
  9: f45->f60, Q: inf [Infinity]
  9: f45->f60, R: inf [Infinity]
  9: f45->f60, S: inf [Infinity]
  9: f45->f60, T: inf [Infinity]
  9: f45->f60, U: inf [Infinity]
  9: f45->f60, V: inf [Infinity]
  7: f60->f60, A: max{0, A} [O(n)]
  7: f60->f60, B: max{-2, 0, max{-2, A, max{A, -2+A}}} [O(n)]
  7: f60->f60, C: max{-1, 1, max{-1, 1+max{A, A, -2+A}}} [O(n)]
  7: f60->f60, D: inf [Infinity]
  7: f60->f60, E: inf [Infinity]
  7: f60->f60, F: inf [Infinity]
  7: f60->f60, G: inf [Infinity]
  7: f60->f60, H: inf [Infinity]
  7: f60->f60, I: inf [Infinity]
  7: f60->f60, J: inf [Infinity]
  7: f60->f60, K: max{-3, -1, max{-3, -1+max{A, A, -2+A}}} [O(n)]
  7: f60->f60, L: inf [Infinity]
  7: f60->f60, M: inf [Infinity]
  7: f60->f60, N: inf [Infinity]
  7: f60->f60, O: inf [Infinity]
  7: f60->f60, P: max{-2, 0, max{-2, A, max{A, -2+A}}} [O(n)]
  7: f60->f60, Q: inf [Infinity]
  7: f60->f60, R: inf [Infinity]
  7: f60->f60, S: inf [Infinity]
  7: f60->f60, T: inf [Infinity]
  7: f60->f60, U: inf [Infinity]
  7: f60->f60, V: inf [Infinity]
  8: f60->f13, A: max{0, A} [O(n)]
  8: f60->f13, B: max{-1, 1, max{-1, 1+max{A, A, -2+A}}} [O(n)]
  8: f60->f13, C: max{-1, 1, max{-1, 1+max{A, A, -2+A}}} [O(n)]
  8: f60->f13, D: inf [Infinity]
  8: f60->f13, E: inf [Infinity]
  8: f60->f13, F: inf [Infinity]
  8: f60->f13, G: inf [Infinity]
  8: f60->f13, H: inf [Infinity]
  8: f60->f13, I: inf [Infinity]
  8: f60->f13, J: inf [Infinity]
  8: f60->f13, K: max{-2, 0, max{-2, A, max{A, -2+A}}} [O(n)]
  8: f60->f13, L: inf [Infinity]
  8: f60->f13, M: inf [Infinity]
  8: f60->f13, N: inf [Infinity]
  8: f60->f13, O: inf [Infinity]
  8: f60->f13, P: max{-2, -2, max{0, A, max{A, P, max{P, -2+A}}}} [O(n)]
  8: f60->f13, Q: inf [Infinity]
  8: f60->f13, R: inf [Infinity]
  8: f60->f13, S: inf [Infinity]
  8: f60->f13, T: inf [Infinity]
  8: f60->f13, U: inf [Infinity]
  8: f60->f13, V: inf [Infinity]
