Timebounds: 
  Overall timebound: inf [Infinity]
  0: f0->f13: 1 [O(1)]
  1: f0->f17: 1 [O(1)]
  2: f0->f17: 1 [O(1)]
  3: f17->f23: max{0, -1, -1+2*A}+max{3, -1+2*A} [O(n)]
  16: f17->f13: 1 [O(1)]
  4: f23->f23: inf [Infinity]
  13: f23->f33: inf [Infinity]
  14: f23->f33: inf [Infinity]
  15: f23->f33: inf [Infinity]
  5: f33->f33: inf [Infinity]
  10: f33->f13: 1 [O(1)]
  11: f33->f46: max{0, -1+A} [O(n)]
  12: f33->f46: inf [Infinity]
  6: f46->f46: inf [Infinity]
  9: f46->f60: inf [Infinity]
  7: f60->f60: inf [Infinity]
  8: f60->f17: inf [Infinity]

Costbounds:
  Overall costbound: inf [Infinity]
  0: f0->f13: 1 [O(1)]
  1: f0->f17: 1 [O(1)]
  2: f0->f17: 1 [O(1)]
  3: f17->f23: max{0, -1, -1+2*A}+max{3, -1+2*A} [O(n)]
  16: f17->f13: 1 [O(1)]
  4: f23->f23: inf [Infinity]
  13: f23->f33: inf [Infinity]
  14: f23->f33: inf [Infinity]
  15: f23->f33: inf [Infinity]
  5: f33->f33: inf [Infinity]
  10: f33->f13: 1 [O(1)]
  11: f33->f46: max{0, -1+A} [O(n)]
  12: f33->f46: inf [Infinity]
  6: f46->f46: inf [Infinity]
  9: f46->f60: inf [Infinity]
  7: f60->f60: inf [Infinity]
  8: f60->f17: inf [Infinity]

Sizebounds:
`Lower:
  0: f0->f13, A: 1 [O(1)]
  0: f0->f13, B: B [O(n)]
  0: f0->f13, C: C [O(n)]
  0: f0->f13, D: D [O(n)]
  0: f0->f13, E: E [O(n)]
  0: f0->f13, F: F [O(n)]
  0: f0->f13, G: G [O(n)]
  0: f0->f13, H: H [O(n)]
  0: f0->f13, I: I [O(n)]
  0: f0->f13, J: J [O(n)]
  0: f0->f13, K: K [O(n)]
  0: f0->f13, L: L [O(n)]
  0: f0->f13, M: M [O(n)]
  0: f0->f13, N: N [O(n)]
  0: f0->f13, O: O [O(n)]
  0: f0->f13, P: P [O(n)]
  0: f0->f13, Q: Q [O(n)]
  0: f0->f13, R: R [O(n)]
  0: f0->f13, S: -inf [Infinity]
  0: f0->f13, T: -inf [Infinity]
  0: f0->f13, U: -inf [Infinity]
  0: f0->f13, V: -inf [Infinity]
  1: f0->f17, A: A [O(n)]
  1: f0->f17, B: 1 [O(1)]
  1: f0->f17, C: C [O(n)]
  1: f0->f17, D: D [O(n)]
  1: f0->f17, E: E [O(n)]
  1: f0->f17, F: F [O(n)]
  1: f0->f17, G: G [O(n)]
  1: f0->f17, H: H [O(n)]
  1: f0->f17, I: I [O(n)]
  1: f0->f17, J: J [O(n)]
  1: f0->f17, K: K [O(n)]
  1: f0->f17, L: L [O(n)]
  1: f0->f17, M: M [O(n)]
  1: f0->f17, N: N [O(n)]
  1: f0->f17, O: O [O(n)]
  1: f0->f17, P: P [O(n)]
  1: f0->f17, Q: Q [O(n)]
  1: f0->f17, R: R [O(n)]
  1: f0->f17, S: -inf [Infinity]
  1: f0->f17, T: -inf [Infinity]
  1: f0->f17, U: -inf [Infinity]
  1: f0->f17, V: -inf [Infinity]
  2: f0->f17, A: 2 [O(1)]
  2: f0->f17, B: 1 [O(1)]
  2: f0->f17, C: C [O(n)]
  2: f0->f17, D: D [O(n)]
  2: f0->f17, E: E [O(n)]
  2: f0->f17, F: F [O(n)]
  2: f0->f17, G: G [O(n)]
  2: f0->f17, H: H [O(n)]
  2: f0->f17, I: I [O(n)]
  2: f0->f17, J: J [O(n)]
  2: f0->f17, K: K [O(n)]
  2: f0->f17, L: L [O(n)]
  2: f0->f17, M: M [O(n)]
  2: f0->f17, N: N [O(n)]
  2: f0->f17, O: O [O(n)]
  2: f0->f17, P: P [O(n)]
  2: f0->f17, Q: Q [O(n)]
  2: f0->f17, R: R [O(n)]
  2: f0->f17, S: -inf [Infinity]
  2: f0->f17, T: -inf [Infinity]
  2: f0->f17, U: -inf [Infinity]
  2: f0->f17, V: -inf [Infinity]
  3: f17->f23, A: -max{-2, -A} [O(n)]
  3: f17->f23, B: 1 [O(1)]
  3: f17->f23, C: 2 [O(1)]
  3: f17->f23, D: -inf [Infinity]
  3: f17->f23, E: -inf [Infinity]
  3: f17->f23, F: 1 [O(1)]
  3: f17->f23, G: -inf [Infinity]
  3: f17->f23, H: -inf [Infinity]
  3: f17->f23, I: -inf [Infinity]
  3: f17->f23, J: -inf [Infinity]
  3: f17->f23, K: -inf [Infinity]
  3: f17->f23, L: -inf [Infinity]
  3: f17->f23, M: -inf [Infinity]
  3: f17->f23, N: -inf [Infinity]
  3: f17->f23, O: -inf [Infinity]
  3: f17->f23, P: -inf [Infinity]
  3: f17->f23, Q: -inf [Infinity]
  3: f17->f23, R: -inf [Infinity]
  3: f17->f23, S: -inf [Infinity]
  3: f17->f23, T: -inf [Infinity]
  3: f17->f23, U: -inf [Infinity]
  3: f17->f23, V: -inf [Infinity]
  16: f17->f13, A: -max{-2, -A} [O(n)]
  16: f17->f13, B: 1 [O(1)]
  16: f17->f13, C: -max{-2, -C} [O(n)]
  16: f17->f13, D: -inf [Infinity]
  16: f17->f13, E: -inf [Infinity]
  16: f17->f13, F: -max{-1, -F} [O(n)]
  16: f17->f13, G: -inf [Infinity]
  16: f17->f13, H: -inf [Infinity]
  16: f17->f13, I: -inf [Infinity]
  16: f17->f13, J: -inf [Infinity]
  16: f17->f13, K: -inf [Infinity]
  16: f17->f13, L: -inf [Infinity]
  16: f17->f13, M: -inf [Infinity]
  16: f17->f13, N: -inf [Infinity]
  16: f17->f13, O: -inf [Infinity]
  16: f17->f13, P: -inf [Infinity]
  16: f17->f13, Q: -inf [Infinity]
  16: f17->f13, R: -inf [Infinity]
  16: f17->f13, S: -inf [Infinity]
  16: f17->f13, T: -inf [Infinity]
  16: f17->f13, U: -inf [Infinity]
  16: f17->f13, V: -inf [Infinity]
  4: f23->f23, A: -max{-2, -A} [O(n)]
  4: f23->f23, B: 1 [O(1)]
  4: f23->f23, C: 2 [O(1)]
  4: f23->f23, D: -inf [Infinity]
  4: f23->f23, E: -inf [Infinity]
  4: f23->f23, F: 2 [O(1)]
  4: f23->f23, G: -inf [Infinity]
  4: f23->f23, H: -inf [Infinity]
  4: f23->f23, I: -inf [Infinity]
  4: f23->f23, J: -inf [Infinity]
  4: f23->f23, K: -inf [Infinity]
  4: f23->f23, L: -inf [Infinity]
  4: f23->f23, M: -inf [Infinity]
  4: f23->f23, N: -inf [Infinity]
  4: f23->f23, O: -inf [Infinity]
  4: f23->f23, P: -inf [Infinity]
  4: f23->f23, Q: -inf [Infinity]
  4: f23->f23, R: -inf [Infinity]
  4: f23->f23, S: -inf [Infinity]
  4: f23->f23, T: -inf [Infinity]
  4: f23->f23, U: -inf [Infinity]
  4: f23->f23, V: -inf [Infinity]
  13: f23->f33, A: -max{-2, -A} [O(n)]
  13: f23->f33, B: 1 [O(1)]
  13: f23->f33, C: 2 [O(1)]
  13: f23->f33, D: -inf [Infinity]
  13: f23->f33, E: -inf [Infinity]
  13: f23->f33, F: 1 [O(1)]
  13: f23->f33, G: -inf [Infinity]
  13: f23->f33, H: -inf [Infinity]
  13: f23->f33, I: -inf [Infinity]
  13: f23->f33, J: -inf [Infinity]
  13: f23->f33, K: -inf [Infinity]
  13: f23->f33, L: -inf [Infinity]
  13: f23->f33, M: -inf [Infinity]
  13: f23->f33, N: -inf [Infinity]
  13: f23->f33, O: -inf [Infinity]
  13: f23->f33, P: -inf [Infinity]
  13: f23->f33, Q: -inf [Infinity]
  13: f23->f33, R: -inf [Infinity]
  13: f23->f33, S: -inf [Infinity]
  13: f23->f33, T: -inf [Infinity]
  13: f23->f33, U: -inf [Infinity]
  13: f23->f33, V: -inf [Infinity]
  14: f23->f33, A: -max{-2, -A} [O(n)]
  14: f23->f33, B: 1 [O(1)]
  14: f23->f33, C: 2 [O(1)]
  14: f23->f33, D: -inf [Infinity]
  14: f23->f33, E: -inf [Infinity]
  14: f23->f33, F: 1 [O(1)]
  14: f23->f33, G: -inf [Infinity]
  14: f23->f33, H: -inf [Infinity]
  14: f23->f33, I: -inf [Infinity]
  14: f23->f33, J: -inf [Infinity]
  14: f23->f33, K: -inf [Infinity]
  14: f23->f33, L: -inf [Infinity]
  14: f23->f33, M: -inf [Infinity]
  14: f23->f33, N: -inf [Infinity]
  14: f23->f33, O: -inf [Infinity]
  14: f23->f33, P: -inf [Infinity]
  14: f23->f33, Q: -inf [Infinity]
  14: f23->f33, R: -inf [Infinity]
  14: f23->f33, S: -inf [Infinity]
  14: f23->f33, T: -inf [Infinity]
  14: f23->f33, U: -inf [Infinity]
  14: f23->f33, V: -inf [Infinity]
  15: f23->f33, A: -max{-2, -A} [O(n)]
  15: f23->f33, B: 1 [O(1)]
  15: f23->f33, C: 2 [O(1)]
  15: f23->f33, D: -inf [Infinity]
  15: f23->f33, E: 0 [O(1)]
  15: f23->f33, F: 1 [O(1)]
  15: f23->f33, G: -inf [Infinity]
  15: f23->f33, H: -inf [Infinity]
  15: f23->f33, I: -inf [Infinity]
  15: f23->f33, J: -inf [Infinity]
  15: f23->f33, K: -inf [Infinity]
  15: f23->f33, L: -inf [Infinity]
  15: f23->f33, M: -inf [Infinity]
  15: f23->f33, N: -inf [Infinity]
  15: f23->f33, O: -inf [Infinity]
  15: f23->f33, P: -inf [Infinity]
  15: f23->f33, Q: -inf [Infinity]
  15: f23->f33, R: -inf [Infinity]
  15: f23->f33, S: -inf [Infinity]
  15: f23->f33, T: -inf [Infinity]
  15: f23->f33, U: -inf [Infinity]
  15: f23->f33, V: -inf [Infinity]
  5: f33->f33, A: -max{-2, -A} [O(n)]
  5: f33->f33, B: 1 [O(1)]
  5: f33->f33, C: 2 [O(1)]
  5: f33->f33, D: -inf [Infinity]
  5: f33->f33, E: -inf [Infinity]
  5: f33->f33, F: 2 [O(1)]
  5: f33->f33, G: -inf [Infinity]
  5: f33->f33, H: -inf [Infinity]
  5: f33->f33, I: -inf [Infinity]
  5: f33->f33, J: -inf [Infinity]
  5: f33->f33, K: -inf [Infinity]
  5: f33->f33, L: -inf [Infinity]
  5: f33->f33, M: -inf [Infinity]
  5: f33->f33, N: -inf [Infinity]
  5: f33->f33, O: -inf [Infinity]
  5: f33->f33, P: -inf [Infinity]
  5: f33->f33, Q: -inf [Infinity]
  5: f33->f33, R: -inf [Infinity]
  5: f33->f33, S: -inf [Infinity]
  5: f33->f33, T: -inf [Infinity]
  5: f33->f33, U: -inf [Infinity]
  5: f33->f33, V: -inf [Infinity]
  10: f33->f13, A: 2 [O(1)]
  10: f33->f13, B: 1 [O(1)]
  10: f33->f13, C: 2 [O(1)]
  10: f33->f13, D: -inf [Infinity]
  10: f33->f13, E: -inf [Infinity]
  10: f33->f13, F: 2 [O(1)]
  10: f33->f13, G: -inf [Infinity]
  10: f33->f13, H: -inf [Infinity]
  10: f33->f13, I: -inf [Infinity]
  10: f33->f13, J: -inf [Infinity]
  10: f33->f13, K: -inf [Infinity]
  10: f33->f13, L: -inf [Infinity]
  10: f33->f13, M: -inf [Infinity]
  10: f33->f13, N: -inf [Infinity]
  10: f33->f13, O: -inf [Infinity]
  10: f33->f13, P: -inf [Infinity]
  10: f33->f13, Q: -inf [Infinity]
  10: f33->f13, R: -inf [Infinity]
  10: f33->f13, S: -inf [Infinity]
  10: f33->f13, T: -inf [Infinity]
  10: f33->f13, U: -inf [Infinity]
  10: f33->f13, V: -inf [Infinity]
  11: f33->f46, A: -max{-2, -A} [O(n)]
  11: f33->f46, B: 1 [O(1)]
  11: f33->f46, C: 2 [O(1)]
  11: f33->f46, D: -inf [Infinity]
  11: f33->f46, E: -inf [Infinity]
  11: f33->f46, F: 1 [O(1)]
  11: f33->f46, G: -inf [Infinity]
  11: f33->f46, H: -inf [Infinity]
  11: f33->f46, I: -inf [Infinity]
  11: f33->f46, J: -inf [Infinity]
  11: f33->f46, K: -inf [Infinity]
  11: f33->f46, L: -inf [Infinity]
  11: f33->f46, M: -inf [Infinity]
  11: f33->f46, N: -inf [Infinity]
  11: f33->f46, O: -inf [Infinity]
  11: f33->f46, P: -inf [Infinity]
  11: f33->f46, Q: -inf [Infinity]
  11: f33->f46, R: -inf [Infinity]
  11: f33->f46, S: -inf [Infinity]
  11: f33->f46, T: -inf [Infinity]
  11: f33->f46, U: -inf [Infinity]
  11: f33->f46, V: -inf [Infinity]
  12: f33->f46, A: -max{-2, -A} [O(n)]
  12: f33->f46, B: 1 [O(1)]
  12: f33->f46, C: 2 [O(1)]
  12: f33->f46, D: -inf [Infinity]
  12: f33->f46, E: -inf [Infinity]
  12: f33->f46, F: 1 [O(1)]
  12: f33->f46, G: -inf [Infinity]
  12: f33->f46, H: -inf [Infinity]
  12: f33->f46, I: -inf [Infinity]
  12: f33->f46, J: -inf [Infinity]
  12: f33->f46, K: -inf [Infinity]
  12: f33->f46, L: -inf [Infinity]
  12: f33->f46, M: -inf [Infinity]
  12: f33->f46, N: -inf [Infinity]
  12: f33->f46, O: -inf [Infinity]
  12: f33->f46, P: -inf [Infinity]
  12: f33->f46, Q: -inf [Infinity]
  12: f33->f46, R: -inf [Infinity]
  12: f33->f46, S: -inf [Infinity]
  12: f33->f46, T: -inf [Infinity]
  12: f33->f46, U: -inf [Infinity]
  12: f33->f46, V: -inf [Infinity]
  6: f46->f46, A: -max{-2, -A} [O(n)]
  6: f46->f46, B: 1 [O(1)]
  6: f46->f46, C: 2 [O(1)]
  6: f46->f46, D: -inf [Infinity]
  6: f46->f46, E: -inf [Infinity]
  6: f46->f46, F: 2 [O(1)]
  6: f46->f46, G: -inf [Infinity]
  6: f46->f46, H: -inf [Infinity]
  6: f46->f46, I: -inf [Infinity]
  6: f46->f46, J: -inf [Infinity]
  6: f46->f46, K: -inf [Infinity]
  6: f46->f46, L: -inf [Infinity]
  6: f46->f46, M: -inf [Infinity]
  6: f46->f46, N: -inf [Infinity]
  6: f46->f46, O: -inf [Infinity]
  6: f46->f46, P: -inf [Infinity]
  6: f46->f46, Q: -inf [Infinity]
  6: f46->f46, R: -inf [Infinity]
  6: f46->f46, S: -inf [Infinity]
  6: f46->f46, T: -inf [Infinity]
  6: f46->f46, U: -inf [Infinity]
  6: f46->f46, V: -inf [Infinity]
  9: f46->f60, A: -max{-2, -A} [O(n)]
  9: f46->f60, B: 1 [O(1)]
  9: f46->f60, C: 2 [O(1)]
  9: f46->f60, D: -inf [Infinity]
  9: f46->f60, E: -inf [Infinity]
  9: f46->f60, F: 1 [O(1)]
  9: f46->f60, G: -inf [Infinity]
  9: f46->f60, H: -inf [Infinity]
  9: f46->f60, I: -inf [Infinity]
  9: f46->f60, J: -inf [Infinity]
  9: f46->f60, K: 1 [O(1)]
  9: f46->f60, L: -inf [Infinity]
  9: f46->f60, M: -inf [Infinity]
  9: f46->f60, N: -inf [Infinity]
  9: f46->f60, O: -inf [Infinity]
  9: f46->f60, P: -inf [Infinity]
  9: f46->f60, Q: -inf [Infinity]
  9: f46->f60, R: -inf [Infinity]
  9: f46->f60, S: -inf [Infinity]
  9: f46->f60, T: -inf [Infinity]
  9: f46->f60, U: -inf [Infinity]
  9: f46->f60, V: -inf [Infinity]
  7: f60->f60, A: -max{-2, -A} [O(n)]
  7: f60->f60, B: 1 [O(1)]
  7: f60->f60, C: 2 [O(1)]
  7: f60->f60, D: -inf [Infinity]
  7: f60->f60, E: -inf [Infinity]
  7: f60->f60, F: 1 [O(1)]
  7: f60->f60, G: -inf [Infinity]
  7: f60->f60, H: -inf [Infinity]
  7: f60->f60, I: -inf [Infinity]
  7: f60->f60, J: -inf [Infinity]
  7: f60->f60, K: -inf [Infinity]
  7: f60->f60, L: -inf [Infinity]
  7: f60->f60, M: -inf [Infinity]
  7: f60->f60, N: -inf [Infinity]
  7: f60->f60, O: -inf [Infinity]
  7: f60->f60, P: -inf [Infinity]
  7: f60->f60, Q: -inf [Infinity]
  7: f60->f60, R: -inf [Infinity]
  7: f60->f60, S: -inf [Infinity]
  7: f60->f60, T: -inf [Infinity]
  7: f60->f60, U: -inf [Infinity]
  7: f60->f60, V: -inf [Infinity]
  8: f60->f17, A: -max{-2, -A} [O(n)]
  8: f60->f17, B: 2 [O(1)]
  8: f60->f17, C: 2 [O(1)]
  8: f60->f17, D: -inf [Infinity]
  8: f60->f17, E: -inf [Infinity]
  8: f60->f17, F: 1 [O(1)]
  8: f60->f17, G: -inf [Infinity]
  8: f60->f17, H: -inf [Infinity]
  8: f60->f17, I: -inf [Infinity]
  8: f60->f17, J: -inf [Infinity]
  8: f60->f17, K: -inf [Infinity]
  8: f60->f17, L: -inf [Infinity]
  8: f60->f17, M: -inf [Infinity]
  8: f60->f17, N: -inf [Infinity]
  8: f60->f17, O: -inf [Infinity]
  8: f60->f17, P: -inf [Infinity]
  8: f60->f17, Q: -inf [Infinity]
  8: f60->f17, R: -inf [Infinity]
  8: f60->f17, S: -inf [Infinity]
  8: f60->f17, T: -inf [Infinity]
  8: f60->f17, U: -inf [Infinity]
  8: f60->f17, V: -inf [Infinity]
`Upper:
  0: f0->f13, A: 1 [O(1)]
  0: f0->f13, B: B [O(n)]
  0: f0->f13, C: C [O(n)]
  0: f0->f13, D: D [O(n)]
  0: f0->f13, E: E [O(n)]
  0: f0->f13, F: F [O(n)]
  0: f0->f13, G: G [O(n)]
  0: f0->f13, H: H [O(n)]
  0: f0->f13, I: I [O(n)]
  0: f0->f13, J: J [O(n)]
  0: f0->f13, K: K [O(n)]
  0: f0->f13, L: L [O(n)]
  0: f0->f13, M: M [O(n)]
  0: f0->f13, N: N [O(n)]
  0: f0->f13, O: O [O(n)]
  0: f0->f13, P: P [O(n)]
  0: f0->f13, Q: Q [O(n)]
  0: f0->f13, R: R [O(n)]
  0: f0->f13, S: inf [Infinity]
  0: f0->f13, T: inf [Infinity]
  0: f0->f13, U: inf [Infinity]
  0: f0->f13, V: inf [Infinity]
  1: f0->f17, A: 0 [O(1)]
  1: f0->f17, B: 1 [O(1)]
  1: f0->f17, C: C [O(n)]
  1: f0->f17, D: D [O(n)]
  1: f0->f17, E: E [O(n)]
  1: f0->f17, F: F [O(n)]
  1: f0->f17, G: G [O(n)]
  1: f0->f17, H: H [O(n)]
  1: f0->f17, I: I [O(n)]
  1: f0->f17, J: J [O(n)]
  1: f0->f17, K: K [O(n)]
  1: f0->f17, L: L [O(n)]
  1: f0->f17, M: M [O(n)]
  1: f0->f17, N: N [O(n)]
  1: f0->f17, O: O [O(n)]
  1: f0->f17, P: P [O(n)]
  1: f0->f17, Q: Q [O(n)]
  1: f0->f17, R: R [O(n)]
  1: f0->f17, S: inf [Infinity]
  1: f0->f17, T: inf [Infinity]
  1: f0->f17, U: inf [Infinity]
  1: f0->f17, V: inf [Infinity]
  2: f0->f17, A: A [O(n)]
  2: f0->f17, B: 1 [O(1)]
  2: f0->f17, C: C [O(n)]
  2: f0->f17, D: D [O(n)]
  2: f0->f17, E: E [O(n)]
  2: f0->f17, F: F [O(n)]
  2: f0->f17, G: G [O(n)]
  2: f0->f17, H: H [O(n)]
  2: f0->f17, I: I [O(n)]
  2: f0->f17, J: J [O(n)]
  2: f0->f17, K: K [O(n)]
  2: f0->f17, L: L [O(n)]
  2: f0->f17, M: M [O(n)]
  2: f0->f17, N: N [O(n)]
  2: f0->f17, O: O [O(n)]
  2: f0->f17, P: P [O(n)]
  2: f0->f17, Q: Q [O(n)]
  2: f0->f17, R: R [O(n)]
  2: f0->f17, S: inf [Infinity]
  2: f0->f17, T: inf [Infinity]
  2: f0->f17, U: inf [Infinity]
  2: f0->f17, V: inf [Infinity]
  3: f17->f23, A: max{0, A} [O(n)]
  3: f17->f23, B: max{0, A} [O(n)]
  3: f17->f23, C: max{1, 1+A} [O(n)]
  3: f17->f23, D: inf [Infinity]
  3: f17->f23, E: inf [Infinity]
  3: f17->f23, F: 1 [O(1)]
  3: f17->f23, G: inf [Infinity]
  3: f17->f23, H: inf [Infinity]
  3: f17->f23, I: inf [Infinity]
  3: f17->f23, J: inf [Infinity]
  3: f17->f23, K: max{-2, -2, max{0, A, max{A, K, max{K, -2+A}}}} [O(n)]
  3: f17->f23, L: inf [Infinity]
  3: f17->f23, M: inf [Infinity]
  3: f17->f23, N: inf [Infinity]
  3: f17->f23, O: inf [Infinity]
  3: f17->f23, P: max{-2, -2, max{0, A, max{A, P, max{P, -2+A}}}} [O(n)]
  3: f17->f23, Q: inf [Infinity]
  3: f17->f23, R: inf [Infinity]
  3: f17->f23, S: inf [Infinity]
  3: f17->f23, T: inf [Infinity]
  3: f17->f23, U: inf [Infinity]
  3: f17->f23, V: inf [Infinity]
  16: f17->f13, A: max{0, A} [O(n)]
  16: f17->f13, B: max{1, 1, max{-1, 1+max{A, A, -2+A}}} [O(n)]
  16: f17->f13, C: max{-1, -1, max{1, C, max{C, 1+max{A, A, -2+A}}}} [O(n)]
  16: f17->f13, D: inf [Infinity]
  16: f17->f13, E: inf [Infinity]
  16: f17->f13, F: inf [Infinity]
  16: f17->f13, G: inf [Infinity]
  16: f17->f13, H: inf [Infinity]
  16: f17->f13, I: inf [Infinity]
  16: f17->f13, J: inf [Infinity]
  16: f17->f13, K: max{-2, -2, max{0, A, max{A, K, max{K, -2+A}}}} [O(n)]
  16: f17->f13, L: inf [Infinity]
  16: f17->f13, M: inf [Infinity]
  16: f17->f13, N: inf [Infinity]
  16: f17->f13, O: inf [Infinity]
  16: f17->f13, P: max{0, -2, max{-2, A, max{A, P, max{P, P, max{P, -2+A}}}}} [O(n)]
  16: f17->f13, Q: inf [Infinity]
  16: f17->f13, R: inf [Infinity]
  16: f17->f13, S: inf [Infinity]
  16: f17->f13, T: inf [Infinity]
  16: f17->f13, U: inf [Infinity]
  16: f17->f13, V: inf [Infinity]
  4: f23->f23, A: max{0, A} [O(n)]
  4: f23->f23, B: max{0, A} [O(n)]
  4: f23->f23, C: max{1, 1+A} [O(n)]
  4: f23->f23, D: inf [Infinity]
  4: f23->f23, E: inf [Infinity]
  4: f23->f23, F: max{1, 1+A} [O(n)]
  4: f23->f23, G: inf [Infinity]
  4: f23->f23, H: inf [Infinity]
  4: f23->f23, I: inf [Infinity]
  4: f23->f23, J: inf [Infinity]
  4: f23->f23, K: max{-2, -2, max{0, A, max{A, K, max{K, -2+A}}}} [O(n)]
  4: f23->f23, L: inf [Infinity]
  4: f23->f23, M: inf [Infinity]
  4: f23->f23, N: inf [Infinity]
  4: f23->f23, O: inf [Infinity]
  4: f23->f23, P: max{-2, -2, max{0, A, max{A, P, max{P, -2+A}}}} [O(n)]
  4: f23->f23, Q: inf [Infinity]
  4: f23->f23, R: inf [Infinity]
  4: f23->f23, S: inf [Infinity]
  4: f23->f23, T: inf [Infinity]
  4: f23->f23, U: inf [Infinity]
  4: f23->f23, V: inf [Infinity]
  13: f23->f33, A: max{0, A} [O(n)]
  13: f23->f33, B: max{0, A} [O(n)]
  13: f23->f33, C: max{1, 1+A} [O(n)]
  13: f23->f33, D: inf [Infinity]
  13: f23->f33, E: -1 [O(1)]
  13: f23->f33, F: 1 [O(1)]
  13: f23->f33, G: inf [Infinity]
  13: f23->f33, H: inf [Infinity]
  13: f23->f33, I: inf [Infinity]
  13: f23->f33, J: inf [Infinity]
  13: f23->f33, K: max{-2, -2, max{0, A, max{A, K, max{K, -2+A}}}} [O(n)]
  13: f23->f33, L: inf [Infinity]
  13: f23->f33, M: inf [Infinity]
  13: f23->f33, N: inf [Infinity]
  13: f23->f33, O: inf [Infinity]
  13: f23->f33, P: max{-2, -2, max{0, A, max{A, P, max{P, -2+A}}}} [O(n)]
  13: f23->f33, Q: inf [Infinity]
  13: f23->f33, R: inf [Infinity]
  13: f23->f33, S: inf [Infinity]
  13: f23->f33, T: inf [Infinity]
  13: f23->f33, U: inf [Infinity]
  13: f23->f33, V: inf [Infinity]
  14: f23->f33, A: max{0, A} [O(n)]
  14: f23->f33, B: max{0, A} [O(n)]
  14: f23->f33, C: max{1, 1+A} [O(n)]
  14: f23->f33, D: inf [Infinity]
  14: f23->f33, E: inf [Infinity]
  14: f23->f33, F: 1 [O(1)]
  14: f23->f33, G: inf [Infinity]
  14: f23->f33, H: inf [Infinity]
  14: f23->f33, I: inf [Infinity]
  14: f23->f33, J: inf [Infinity]
  14: f23->f33, K: max{-2, -2, max{0, A, max{A, K, max{K, -2+A}}}} [O(n)]
  14: f23->f33, L: inf [Infinity]
  14: f23->f33, M: inf [Infinity]
  14: f23->f33, N: inf [Infinity]
  14: f23->f33, O: inf [Infinity]
  14: f23->f33, P: max{-2, -2, max{0, A, max{A, P, max{P, -2+A}}}} [O(n)]
  14: f23->f33, Q: inf [Infinity]
  14: f23->f33, R: inf [Infinity]
  14: f23->f33, S: inf [Infinity]
  14: f23->f33, T: inf [Infinity]
  14: f23->f33, U: inf [Infinity]
  14: f23->f33, V: inf [Infinity]
  15: f23->f33, A: max{0, A} [O(n)]
  15: f23->f33, B: max{0, A} [O(n)]
  15: f23->f33, C: max{1, 1+A} [O(n)]
  15: f23->f33, D: inf [Infinity]
  15: f23->f33, E: 0 [O(1)]
  15: f23->f33, F: 1 [O(1)]
  15: f23->f33, G: inf [Infinity]
  15: f23->f33, H: inf [Infinity]
  15: f23->f33, I: inf [Infinity]
  15: f23->f33, J: inf [Infinity]
  15: f23->f33, K: max{-2, -2, max{0, A, max{A, K, max{K, -2+A}}}} [O(n)]
  15: f23->f33, L: inf [Infinity]
  15: f23->f33, M: inf [Infinity]
  15: f23->f33, N: inf [Infinity]
  15: f23->f33, O: inf [Infinity]
  15: f23->f33, P: max{-2, -2, max{0, A, max{A, P, max{P, -2+A}}}} [O(n)]
  15: f23->f33, Q: inf [Infinity]
  15: f23->f33, R: inf [Infinity]
  15: f23->f33, S: inf [Infinity]
  15: f23->f33, T: inf [Infinity]
  15: f23->f33, U: inf [Infinity]
  15: f23->f33, V: inf [Infinity]
  5: f33->f33, A: max{0, A} [O(n)]
  5: f33->f33, B: max{0, A} [O(n)]
  5: f33->f33, C: max{1, 1+A} [O(n)]
  5: f33->f33, D: inf [Infinity]
  5: f33->f33, E: inf [Infinity]
  5: f33->f33, F: max{1, 1+A} [O(n)]
  5: f33->f33, G: inf [Infinity]
  5: f33->f33, H: inf [Infinity]
  5: f33->f33, I: inf [Infinity]
  5: f33->f33, J: inf [Infinity]
  5: f33->f33, K: max{-2, -2, max{0, A, max{A, K, max{K, -2+A}}}} [O(n)]
  5: f33->f33, L: inf [Infinity]
  5: f33->f33, M: inf [Infinity]
  5: f33->f33, N: inf [Infinity]
  5: f33->f33, O: inf [Infinity]
  5: f33->f33, P: max{-2, -2, max{0, A, max{A, P, max{P, -2+A}}}} [O(n)]
  5: f33->f33, Q: inf [Infinity]
  5: f33->f33, R: inf [Infinity]
  5: f33->f33, S: inf [Infinity]
  5: f33->f33, T: inf [Infinity]
  5: f33->f33, U: inf [Infinity]
  5: f33->f33, V: inf [Infinity]
  10: f33->f13, A: max{0, A} [O(n)]
  10: f33->f13, B: max{-1, -1+A} [O(n)]
  10: f33->f13, C: max{0, A} [O(n)]
  10: f33->f13, D: inf [Infinity]
  10: f33->f13, E: inf [Infinity]
  10: f33->f13, F: max{1, 1+A} [O(n)]
  10: f33->f13, G: inf [Infinity]
  10: f33->f13, H: inf [Infinity]
  10: f33->f13, I: inf [Infinity]
  10: f33->f13, J: inf [Infinity]
  10: f33->f13, K: max{-2, -2, max{0, A, max{A, K, max{K, -2+A}}}} [O(n)]
  10: f33->f13, L: inf [Infinity]
  10: f33->f13, M: inf [Infinity]
  10: f33->f13, N: inf [Infinity]
  10: f33->f13, O: inf [Infinity]
  10: f33->f13, P: max{-2, -2, max{0, A, max{A, P, max{P, -2+A}}}} [O(n)]
  10: f33->f13, Q: inf [Infinity]
  10: f33->f13, R: inf [Infinity]
  10: f33->f13, S: inf [Infinity]
  10: f33->f13, T: inf [Infinity]
  10: f33->f13, U: inf [Infinity]
  10: f33->f13, V: inf [Infinity]
  11: f33->f46, A: max{0, A} [O(n)]
  11: f33->f46, B: max{-2, -2+A} [O(n)]
  11: f33->f46, C: max{-1, -1+A} [O(n)]
  11: f33->f46, D: inf [Infinity]
  11: f33->f46, E: inf [Infinity]
  11: f33->f46, F: 1 [O(1)]
  11: f33->f46, G: inf [Infinity]
  11: f33->f46, H: inf [Infinity]
  11: f33->f46, I: inf [Infinity]
  11: f33->f46, J: inf [Infinity]
  11: f33->f46, K: max{-2, -2, max{0, A, max{A, K, max{K, -2+A}}}} [O(n)]
  11: f33->f46, L: inf [Infinity]
  11: f33->f46, M: inf [Infinity]
  11: f33->f46, N: inf [Infinity]
  11: f33->f46, O: inf [Infinity]
  11: f33->f46, P: max{-2, -2, max{0, A, max{A, P, max{P, -2+A}}}} [O(n)]
  11: f33->f46, Q: inf [Infinity]
  11: f33->f46, R: inf [Infinity]
  11: f33->f46, S: inf [Infinity]
  11: f33->f46, T: inf [Infinity]
  11: f33->f46, U: inf [Infinity]
  11: f33->f46, V: inf [Infinity]
  12: f33->f46, A: max{0, A} [O(n)]
  12: f33->f46, B: max{0, A} [O(n)]
  12: f33->f46, C: max{1, 1+A} [O(n)]
  12: f33->f46, D: inf [Infinity]
  12: f33->f46, E: inf [Infinity]
  12: f33->f46, F: 1 [O(1)]
  12: f33->f46, G: inf [Infinity]
  12: f33->f46, H: inf [Infinity]
  12: f33->f46, I: inf [Infinity]
  12: f33->f46, J: inf [Infinity]
  12: f33->f46, K: max{-2, -2, max{0, A, max{A, K, max{K, -2+A}}}} [O(n)]
  12: f33->f46, L: inf [Infinity]
  12: f33->f46, M: inf [Infinity]
  12: f33->f46, N: inf [Infinity]
  12: f33->f46, O: inf [Infinity]
  12: f33->f46, P: max{-2, -2, max{0, A, max{A, P, max{P, -2+A}}}} [O(n)]
  12: f33->f46, Q: inf [Infinity]
  12: f33->f46, R: inf [Infinity]
  12: f33->f46, S: inf [Infinity]
  12: f33->f46, T: inf [Infinity]
  12: f33->f46, U: inf [Infinity]
  12: f33->f46, V: inf [Infinity]
  6: f46->f46, A: max{0, A} [O(n)]
  6: f46->f46, B: max{0, -2, max{A, -2+A}} [O(n)]
  6: f46->f46, C: max{-1, -1, max{1, 1, max{1+max{A, -2+A}, 1+A, -1+A}}} [O(n)]
  6: f46->f46, D: inf [Infinity]
  6: f46->f46, E: inf [Infinity]
  6: f46->f46, F: max{-1, -1, max{1, 1, max{1+max{A, -2+A}, 1+A, -1+A}}} [O(n)]
  6: f46->f46, G: inf [Infinity]
  6: f46->f46, H: inf [Infinity]
  6: f46->f46, I: inf [Infinity]
  6: f46->f46, J: inf [Infinity]
  6: f46->f46, K: max{-2, -2, max{0, A, max{A, K, max{K, -2+A}}}} [O(n)]
  6: f46->f46, L: inf [Infinity]
  6: f46->f46, M: inf [Infinity]
  6: f46->f46, N: inf [Infinity]
  6: f46->f46, O: inf [Infinity]
  6: f46->f46, P: max{-2, -2, max{0, A, max{A, P, max{P, -2+A}}}} [O(n)]
  6: f46->f46, Q: inf [Infinity]
  6: f46->f46, R: inf [Infinity]
  6: f46->f46, S: inf [Infinity]
  6: f46->f46, T: inf [Infinity]
  6: f46->f46, U: inf [Infinity]
  6: f46->f46, V: inf [Infinity]
  9: f46->f60, A: max{0, A} [O(n)]
  9: f46->f60, B: max{-2, 0, max{-2, A, max{A, -2+A}}} [O(n)]
  9: f46->f60, C: max{-1, -1, max{1, 1, max{1+max{A, -2+A}, 1+A, -1+A}}} [O(n)]
  9: f46->f60, D: inf [Infinity]
  9: f46->f60, E: inf [Infinity]
  9: f46->f60, F: 1 [O(1)]
  9: f46->f60, G: inf [Infinity]
  9: f46->f60, H: inf [Infinity]
  9: f46->f60, I: inf [Infinity]
  9: f46->f60, J: inf [Infinity]
  9: f46->f60, K: max{-2, 0, max{-2, A, max{A, -2+A}}} [O(n)]
  9: f46->f60, L: inf [Infinity]
  9: f46->f60, M: inf [Infinity]
  9: f46->f60, N: inf [Infinity]
  9: f46->f60, O: inf [Infinity]
  9: f46->f60, P: max{-2, -2, max{0, A, max{A, P, max{P, -2+A}}}} [O(n)]
  9: f46->f60, Q: inf [Infinity]
  9: f46->f60, R: inf [Infinity]
  9: f46->f60, S: inf [Infinity]
  9: f46->f60, T: inf [Infinity]
  9: f46->f60, U: inf [Infinity]
  9: f46->f60, V: inf [Infinity]
  7: f60->f60, A: max{0, A} [O(n)]
  7: f60->f60, B: max{-2, 0, max{-2, A, max{A, -2+A}}} [O(n)]
  7: f60->f60, C: max{-1, 1, max{-1, 1+max{A, A, -2+A}}} [O(n)]
  7: f60->f60, D: inf [Infinity]
  7: f60->f60, E: inf [Infinity]
  7: f60->f60, F: inf [Infinity]
  7: f60->f60, G: inf [Infinity]
  7: f60->f60, H: inf [Infinity]
  7: f60->f60, I: inf [Infinity]
  7: f60->f60, J: inf [Infinity]
  7: f60->f60, K: max{-3, -1, max{-3, -1+max{A, A, -2+A}}} [O(n)]
  7: f60->f60, L: inf [Infinity]
  7: f60->f60, M: inf [Infinity]
  7: f60->f60, N: inf [Infinity]
  7: f60->f60, O: inf [Infinity]
  7: f60->f60, P: max{-2, 0, max{-2, A, max{A, -2+A}}} [O(n)]
  7: f60->f60, Q: inf [Infinity]
  7: f60->f60, R: inf [Infinity]
  7: f60->f60, S: inf [Infinity]
  7: f60->f60, T: inf [Infinity]
  7: f60->f60, U: inf [Infinity]
  7: f60->f60, V: inf [Infinity]
  8: f60->f17, A: max{0, A} [O(n)]
  8: f60->f17, B: max{-1, 1, max{-1, 1+max{A, A, -2+A}}} [O(n)]
  8: f60->f17, C: max{-1, 1, max{-1, 1+max{A, A, -2+A}}} [O(n)]
  8: f60->f17, D: inf [Infinity]
  8: f60->f17, E: inf [Infinity]
  8: f60->f17, F: inf [Infinity]
  8: f60->f17, G: inf [Infinity]
  8: f60->f17, H: inf [Infinity]
  8: f60->f17, I: inf [Infinity]
  8: f60->f17, J: inf [Infinity]
  8: f60->f17, K: max{-2, 0, max{-2, A, max{A, -2+A}}} [O(n)]
  8: f60->f17, L: inf [Infinity]
  8: f60->f17, M: inf [Infinity]
  8: f60->f17, N: inf [Infinity]
  8: f60->f17, O: inf [Infinity]
  8: f60->f17, P: max{-2, -2, max{0, A, max{A, P, max{P, -2+A}}}} [O(n)]
  8: f60->f17, Q: inf [Infinity]
  8: f60->f17, R: inf [Infinity]
  8: f60->f17, S: inf [Infinity]
  8: f60->f17, T: inf [Infinity]
  8: f60->f17, U: inf [Infinity]
  8: f60->f17, V: inf [Infinity]
