Timebounds: 
  Overall timebound: inf [Infinity]
  3: f10->f15: max{0, 1+A-C} [O(n)]
  27: f10->f1: 1 [O(1)]
  4: f15->f24: inf [Infinity]
  5: f15->f24: inf [Infinity]
  6: f15->f15: max{0, A-D} [O(n)]
  7: f15->f15: max{0, A-D} [O(n)]
  0: f2->f2: max{0, 1+A-B} [O(n)]
  28: f2->f10: 1 [O(1)]
  8: f24->f75: inf [Infinity]
  9: f24->f28: inf [Infinity]
  10: f24->f28: inf [Infinity]
  11: f28->f32: max{30, 30+30*(1+2*A+-2*C)} [O(n)]
  12: f28->f32: inf [Infinity]
  13: f28->f32: max{31, 31+31*(1+2*A+-2*C)} [O(n)]
  14: f32->f42: inf [Infinity]
  15: f32->f42: inf [Infinity]
  16: f42->f68: inf [Infinity]
  17: f42->f68: inf [Infinity]
  18: f42->f60: max{0, 1+-C+max{B, B+max{0, 1+A-B}}} [O(n)]
  19: f42->f60: max{0, 1+-C+max{B, B+max{0, 1+A-B}}} [O(n)]
  20: f60->f60: max{0, 1+A-U} [O(n)]
  26: f60->f42: 2*max{0, 1+-C+max{B, B+max{0, 1+A-B}}} [O(n)]
  21: f68->f75: inf [Infinity]
  22: f68->f75: inf [Infinity]
  23: f68->f75: inf [Infinity]
  24: f68->f75: inf [Infinity]
  1: f75->f15: inf [Infinity]
  2: f75->f15: inf [Infinity]
  25: f75->f10: max{0, 1+2*A+-2*C} [O(n)]
  29: start->f2: 1 [O(1)]

Costbounds:
  Overall costbound: inf [Infinity]
  3: f10->f15: max{0, 1+A-C} [O(n)]
  27: f10->f1: 1 [O(1)]
  4: f15->f24: inf [Infinity]
  5: f15->f24: inf [Infinity]
  6: f15->f15: max{0, A-D} [O(n)]
  7: f15->f15: max{0, A-D} [O(n)]
  0: f2->f2: max{0, 1+A-B} [O(n)]
  28: f2->f10: 1 [O(1)]
  8: f24->f75: inf [Infinity]
  9: f24->f28: inf [Infinity]
  10: f24->f28: inf [Infinity]
  11: f28->f32: max{30, 30+30*(1+2*A+-2*C)} [O(n)]
  12: f28->f32: inf [Infinity]
  13: f28->f32: max{31, 31+31*(1+2*A+-2*C)} [O(n)]
  14: f32->f42: inf [Infinity]
  15: f32->f42: inf [Infinity]
  16: f42->f68: inf [Infinity]
  17: f42->f68: inf [Infinity]
  18: f42->f60: max{0, 1+-C+max{B, B+max{0, 1+A-B}}} [O(n)]
  19: f42->f60: max{0, 1+-C+max{B, B+max{0, 1+A-B}}} [O(n)]
  20: f60->f60: max{0, 1+A-U} [O(n)]
  26: f60->f42: 2*max{0, 1+-C+max{B, B+max{0, 1+A-B}}} [O(n)]
  21: f68->f75: inf [Infinity]
  22: f68->f75: inf [Infinity]
  23: f68->f75: inf [Infinity]
  24: f68->f75: inf [Infinity]
  1: f75->f15: inf [Infinity]
  2: f75->f15: inf [Infinity]
  25: f75->f10: max{0, 1+2*A+-2*C} [O(n)]
  29: start->f2: 1 [O(1)]

Sizebounds:
`Lower:
  3: f10->f15, A: A [O(n)]
  3: f10->f15, B: B+-2*max{0, 1+-C+max{B, B+max{0, 1+A-B}}} [O(n)]
  3: f10->f15, C: C [O(n)]
  3: f10->f15, D: -max{-C, -D} [O(n)]
  3: f10->f15, E: 0 [O(1)]
  3: f10->f15, J: -max{0, -J} [O(n)]
  3: f10->f15, U: U [O(n)]
  27: f10->f1, A: A [O(n)]
  27: f10->f1, B: -max{-B, -B+2*max{0, 1+-C+max{B, B+max{0, 1+A-B}}}} [O(n)]
  27: f10->f1, C: C [O(n)]
  27: f10->f1, D: -max{-C, -D} [O(n)]
  27: f10->f1, E: -max{0, -E} [O(n)]
  27: f10->f1, J: -max{0, -J} [O(n)]
  27: f10->f1, U: U [O(n)]
  4: f15->f24, A: A [O(n)]
  4: f15->f24, B: B+-2*max{0, 1+-C+max{B, B+max{0, 1+A-B}}} [O(n)]
  4: f15->f24, C: C [O(n)]
  4: f15->f24, D: -max{-C, -C, -D} [O(n)]
  4: f15->f24, E: 0 [O(1)]
  4: f15->f24, J: -max{0, -J} [O(n)]
  4: f15->f24, U: U [O(n)]
  5: f15->f24, A: A [O(n)]
  5: f15->f24, B: B+-2*max{0, 1+-C+max{B, B+max{0, 1+A-B}}} [O(n)]
  5: f15->f24, C: C [O(n)]
  5: f15->f24, D: -max{-C, -C, -D} [O(n)]
  5: f15->f24, E: 0 [O(1)]
  5: f15->f24, I: 0 [O(1)]
  5: f15->f24, J: -max{0, -J} [O(n)]
  5: f15->f24, U: U [O(n)]
  6: f15->f15, A: A [O(n)]
  6: f15->f15, B: B+-2*max{0, 1+-C+max{B, B+max{0, 1+A-B}}} [O(n)]
  6: f15->f15, C: C [O(n)]
  6: f15->f15, D: -max{-C, -C, -D} [O(n)]
  6: f15->f15, E: 0 [O(1)]
  6: f15->f15, J: -max{0, -J} [O(n)]
  6: f15->f15, U: U [O(n)]
  7: f15->f15, A: A [O(n)]
  7: f15->f15, B: B+-2*max{0, 1+-C+max{B, B+max{0, 1+A-B}}} [O(n)]
  7: f15->f15, C: C [O(n)]
  7: f15->f15, D: -max{-C, -C, -D} [O(n)]
  7: f15->f15, E: 0 [O(1)]
  7: f15->f15, I: 1 [O(1)]
  7: f15->f15, J: -max{0, -J} [O(n)]
  7: f15->f15, U: U [O(n)]
  0: f2->f2, A: A [O(n)]
  0: f2->f2, B: B [O(n)]
  0: f2->f2, C: C [O(n)]
  0: f2->f2, D: D [O(n)]
  0: f2->f2, E: E [O(n)]
  0: f2->f2, F: F [O(n)]
  0: f2->f2, G: G [O(n)]
  0: f2->f2, H: H [O(n)]
  0: f2->f2, I: I [O(n)]
  0: f2->f2, J: J [O(n)]
  0: f2->f2, K: K [O(n)]
  0: f2->f2, L: L [O(n)]
  0: f2->f2, M: M [O(n)]
  0: f2->f2, N: N [O(n)]
  0: f2->f2, O: O [O(n)]
  0: f2->f2, P: P [O(n)]
  0: f2->f2, Q: Q [O(n)]
  0: f2->f2, R: R [O(n)]
  0: f2->f2, S: S [O(n)]
  0: f2->f2, T: T [O(n)]
  0: f2->f2, U: U [O(n)]
  28: f2->f10, A: A [O(n)]
  28: f2->f10, B: B [O(n)]
  28: f2->f10, C: C [O(n)]
  28: f2->f10, D: D [O(n)]
  28: f2->f10, E: E [O(n)]
  28: f2->f10, F: F [O(n)]
  28: f2->f10, G: G [O(n)]
  28: f2->f10, H: H [O(n)]
  28: f2->f10, I: I [O(n)]
  28: f2->f10, J: J [O(n)]
  28: f2->f10, K: K [O(n)]
  28: f2->f10, L: L [O(n)]
  28: f2->f10, M: M [O(n)]
  28: f2->f10, N: N [O(n)]
  28: f2->f10, O: O [O(n)]
  28: f2->f10, P: P [O(n)]
  28: f2->f10, Q: Q [O(n)]
  28: f2->f10, R: R [O(n)]
  28: f2->f10, S: S [O(n)]
  28: f2->f10, T: T [O(n)]
  28: f2->f10, U: U [O(n)]
  8: f24->f75, A: A [O(n)]
  8: f24->f75, B: B+-2*max{0, 1+-C+max{B, B+max{0, 1+A-B}}} [O(n)]
  8: f24->f75, C: C [O(n)]
  8: f24->f75, D: C [O(n)]
  8: f24->f75, E: 0 [O(1)]
  8: f24->f75, J: -max{0, -J} [O(n)]
  8: f24->f75, U: U [O(n)]
  9: f24->f28, A: A [O(n)]
  9: f24->f28, B: B+-2*max{0, 1+-C+max{B, B+max{0, 1+A-B}}} [O(n)]
  9: f24->f28, C: C [O(n)]
  9: f24->f28, D: -max{-C, -C, -D} [O(n)]
  9: f24->f28, E: 0 [O(1)]
  9: f24->f28, J: 0 [O(1)]
  9: f24->f28, U: U [O(n)]
  10: f24->f28, A: A [O(n)]
  10: f24->f28, B: B+-2*max{0, 1+-C+max{B, B+max{0, 1+A-B}}} [O(n)]
  10: f24->f28, C: C [O(n)]
  10: f24->f28, D: -max{-C, -C, -D} [O(n)]
  10: f24->f28, E: 0 [O(1)]
  10: f24->f28, J: 0 [O(1)]
  10: f24->f28, U: U [O(n)]
  11: f28->f32, A: A [O(n)]
  11: f28->f32, B: B+-2*max{0, 1+-C+max{B, B+max{0, 1+A-B}}} [O(n)]
  11: f28->f32, C: C [O(n)]
  11: f28->f32, D: -max{-C, -C, -D} [O(n)]
  11: f28->f32, E: 0 [O(1)]
  11: f28->f32, J: 0 [O(1)]
  11: f28->f32, U: U [O(n)]
  12: f28->f32, A: A [O(n)]
  12: f28->f32, B: B+-2*max{0, 1+-C+max{B, B+max{0, 1+A-B}}} [O(n)]
  12: f28->f32, C: C [O(n)]
  12: f28->f32, D: -max{-C, -C, -D} [O(n)]
  12: f28->f32, E: 32 [O(1)]
  12: f28->f32, J: 31 [O(1)]
  12: f28->f32, U: U [O(n)]
  13: f28->f32, A: A [O(n)]
  13: f28->f32, B: B+-2*max{0, 1+-C+max{B, B+max{0, 1+A-B}}} [O(n)]
  13: f28->f32, C: C [O(n)]
  13: f28->f32, D: -max{-C, -C, -D} [O(n)]
  13: f28->f32, E: 31 [O(1)]
  13: f28->f32, J: 30 [O(1)]
  13: f28->f32, U: U [O(n)]
  14: f32->f42, A: A [O(n)]
  14: f32->f42, B: B+-2*max{0, 1+-C+max{B, B+max{0, 1+A-B}}} [O(n)]
  14: f32->f42, C: C [O(n)]
  14: f32->f42, D: -max{-C, -C, -D} [O(n)]
  14: f32->f42, E: 0 [O(1)]
  14: f32->f42, J: 0 [O(1)]
  14: f32->f42, O: 1 [O(1)]
  14: f32->f42, P: 1 [O(1)]
  14: f32->f42, Q: 0 [O(1)]
  14: f32->f42, U: U [O(n)]
  15: f32->f42, A: A [O(n)]
  15: f32->f42, B: B+-2*max{0, 1+-C+max{B, B+max{0, 1+A-B}}} [O(n)]
  15: f32->f42, C: C [O(n)]
  15: f32->f42, D: -max{-C, -C, -D} [O(n)]
  15: f32->f42, E: 0 [O(1)]
  15: f32->f42, J: 0 [O(1)]
  15: f32->f42, O: 1 [O(1)]
  15: f32->f42, P: 1 [O(1)]
  15: f32->f42, Q: 0 [O(1)]
  15: f32->f42, U: U [O(n)]
  16: f42->f68, A: A [O(n)]
  16: f42->f68, B: B+-2*max{0, 1+-C+max{B, B+max{0, 1+A-B}}} [O(n)]
  16: f42->f68, C: C [O(n)]
  16: f42->f68, D: -max{-C, -C, -D} [O(n)]
  16: f42->f68, E: 0 [O(1)]
  16: f42->f68, J: 0 [O(1)]
  16: f42->f68, U: U [O(n)]
  17: f42->f68, A: A [O(n)]
  17: f42->f68, B: B+-2*max{0, 1+-C+max{B, B+max{0, 1+A-B}}} [O(n)]
  17: f42->f68, C: C [O(n)]
  17: f42->f68, D: -max{-C, -C, -D} [O(n)]
  17: f42->f68, E: 0 [O(1)]
  17: f42->f68, J: 0 [O(1)]
  17: f42->f68, L: 0 [O(1)]
  17: f42->f68, U: U [O(n)]
  18: f42->f60, A: A [O(n)]
  18: f42->f60, B: B+-2*max{0, 1+-C+max{B, B+max{0, 1+A-B}}} [O(n)]
  18: f42->f60, C: C [O(n)]
  18: f42->f60, D: -max{-C, -C, -D} [O(n)]
  18: f42->f60, E: 0 [O(1)]
  18: f42->f60, J: 0 [O(1)]
  18: f42->f60, U: U [O(n)]
  19: f42->f60, A: A [O(n)]
  19: f42->f60, B: B+-2*max{0, 1+-C+max{B, B+max{0, 1+A-B}}} [O(n)]
  19: f42->f60, C: C [O(n)]
  19: f42->f60, D: -max{-C, -C, -D} [O(n)]
  19: f42->f60, E: 0 [O(1)]
  19: f42->f60, J: 0 [O(1)]
  19: f42->f60, U: U [O(n)]
  20: f60->f60, A: A [O(n)]
  20: f60->f60, B: B+-2*max{0, 1+-C+max{B, B+max{0, 1+A-B}}} [O(n)]
  20: f60->f60, C: C [O(n)]
  20: f60->f60, D: -max{-C, -C, -D} [O(n)]
  20: f60->f60, E: 0 [O(1)]
  20: f60->f60, J: 0 [O(1)]
  20: f60->f60, U: U [O(n)]
  26: f60->f42, A: A [O(n)]
  26: f60->f42, B: B+-2*max{0, 1+-C+max{B, B+max{0, 1+A-B}}} [O(n)]
  26: f60->f42, C: C [O(n)]
  26: f60->f42, D: -max{-C, -C, -D} [O(n)]
  26: f60->f42, E: 0 [O(1)]
  26: f60->f42, J: 0 [O(1)]
  26: f60->f42, U: U [O(n)]
  21: f68->f75, A: A [O(n)]
  21: f68->f75, B: B+-2*max{0, 1+-C+max{B, B+max{0, 1+A-B}}} [O(n)]
  21: f68->f75, C: C [O(n)]
  21: f68->f75, D: -max{-C, -C, -D} [O(n)]
  21: f68->f75, E: 0 [O(1)]
  21: f68->f75, J: 0 [O(1)]
  21: f68->f75, L: 0 [O(1)]
  21: f68->f75, U: U [O(n)]
  22: f68->f75, A: A [O(n)]
  22: f68->f75, B: B+-2*max{0, 1+-C+max{B, B+max{0, 1+A-B}}} [O(n)]
  22: f68->f75, C: C [O(n)]
  22: f68->f75, D: -max{-C, -C, -D} [O(n)]
  22: f68->f75, E: 0 [O(1)]
  22: f68->f75, J: 0 [O(1)]
  22: f68->f75, U: U [O(n)]
  23: f68->f75, A: A [O(n)]
  23: f68->f75, B: B+-2*max{0, 1+-C+max{B, B+max{0, 1+A-B}}} [O(n)]
  23: f68->f75, C: C [O(n)]
  23: f68->f75, D: -max{-C, -C, -D} [O(n)]
  23: f68->f75, E: 0 [O(1)]
  23: f68->f75, J: 0 [O(1)]
  23: f68->f75, L: 1 [O(1)]
  23: f68->f75, U: U [O(n)]
  24: f68->f75, A: A [O(n)]
  24: f68->f75, B: B+-2*max{0, 1+-C+max{B, B+max{0, 1+A-B}}} [O(n)]
  24: f68->f75, C: C [O(n)]
  24: f68->f75, D: -max{-C, -C, -D} [O(n)]
  24: f68->f75, E: 0 [O(1)]
  24: f68->f75, J: 0 [O(1)]
  24: f68->f75, L: 0 [O(1)]
  24: f68->f75, U: U [O(n)]
  1: f75->f15, A: A [O(n)]
  1: f75->f15, B: B+-2*max{0, 1+-C+max{B, B+max{0, 1+A-B}}} [O(n)]
  1: f75->f15, C: C [O(n)]
  1: f75->f15, D: -max{-C, -C, -D} [O(n)]
  1: f75->f15, E: 0 [O(1)]
  1: f75->f15, J: -max{0, -J} [O(n)]
  1: f75->f15, U: U [O(n)]
  2: f75->f15, A: A [O(n)]
  2: f75->f15, B: B+-2*max{0, 1+-C+max{B, B+max{0, 1+A-B}}} [O(n)]
  2: f75->f15, C: C [O(n)]
  2: f75->f15, D: -max{-C, -C, -D} [O(n)]
  2: f75->f15, E: 0 [O(1)]
  2: f75->f15, J: -max{0, -J} [O(n)]
  2: f75->f15, U: U [O(n)]
  25: f75->f10, A: A [O(n)]
  25: f75->f10, B: B+-2*max{0, 1+-C+max{B, B+max{0, 1+A-B}}} [O(n)]
  25: f75->f10, C: C [O(n)]
  25: f75->f10, D: C [O(n)]
  25: f75->f10, E: 0 [O(1)]
  25: f75->f10, J: -max{0, -J} [O(n)]
  25: f75->f10, U: U [O(n)]
  29: start->f2, A: A [O(n)]
  29: start->f2, B: B [O(n)]
  29: start->f2, C: C [O(n)]
  29: start->f2, D: D [O(n)]
  29: start->f2, E: E [O(n)]
  29: start->f2, F: F [O(n)]
  29: start->f2, G: G [O(n)]
  29: start->f2, H: H [O(n)]
  29: start->f2, I: I [O(n)]
  29: start->f2, J: J [O(n)]
  29: start->f2, K: K [O(n)]
  29: start->f2, L: L [O(n)]
  29: start->f2, M: M [O(n)]
  29: start->f2, N: N [O(n)]
  29: start->f2, O: O [O(n)]
  29: start->f2, P: P [O(n)]
  29: start->f2, Q: Q [O(n)]
  29: start->f2, R: R [O(n)]
  29: start->f2, S: S [O(n)]
  29: start->f2, T: T [O(n)]
  29: start->f2, U: U [O(n)]
`Upper:
  3: f10->f15, A: A [O(n)]
  3: f10->f15, B: max{B, B+max{0, 1+A-B}} [O(n)]
  3: f10->f15, C: C+max{0, 1+2*A+-2*C} [O(n)]
  3: f10->f15, D: max{D, C+max{0, 1+2*A+-2*C}} [O(n)]
  3: f10->f15, E: 0 [O(1)]
  3: f10->f15, U: U+max{0, 1+A-U} [O(n)]
  27: f10->f1, A: A [O(n)]
  27: f10->f1, B: max{B, B+max{0, 1+A-B}} [O(n)]
  27: f10->f1, C: max{C, C+max{0, 1+2*A+-2*C}} [O(n)]
  27: f10->f1, D: max{D, C+max{0, 1+2*A+-2*C}} [O(n)]
  27: f10->f1, U: max{U, U+max{0, 1+A-U}} [O(n)]
  4: f15->f24, A: A [O(n)]
  4: f15->f24, B: max{B, B+max{0, 1+A-B}} [O(n)]
  4: f15->f24, C: C+max{0, 1+2*A+-2*C} [O(n)]
  4: f15->f24, D: 2*max{0, A-D}+max{D, C+max{0, 1+2*A+-2*C}} [O(n)]
  4: f15->f24, U: U+max{0, 1+A-U} [O(n)]
  5: f15->f24, A: A [O(n)]
  5: f15->f24, B: max{B, B+max{0, 1+A-B}} [O(n)]
  5: f15->f24, C: C+max{0, 1+2*A+-2*C} [O(n)]
  5: f15->f24, D: 2*max{0, A-D}+max{D, C+max{0, 1+2*A+-2*C}} [O(n)]
  5: f15->f24, I: 0 [O(1)]
  5: f15->f24, U: U+max{0, 1+A-U} [O(n)]
  6: f15->f15, A: A [O(n)]
  6: f15->f15, B: max{B, B+max{0, 1+A-B}} [O(n)]
  6: f15->f15, C: C+max{0, 1+2*A+-2*C} [O(n)]
  6: f15->f15, D: 2*max{0, A-D}+max{D, C+max{0, 1+2*A+-2*C}} [O(n)]
  6: f15->f15, I: -1 [O(1)]
  6: f15->f15, U: U+max{0, 1+A-U} [O(n)]
  7: f15->f15, A: A [O(n)]
  7: f15->f15, B: max{B, B+max{0, 1+A-B}} [O(n)]
  7: f15->f15, C: C+max{0, 1+2*A+-2*C} [O(n)]
  7: f15->f15, D: 2*max{0, A-D}+max{D, C+max{0, 1+2*A+-2*C}} [O(n)]
  7: f15->f15, U: U+max{0, 1+A-U} [O(n)]
  0: f2->f2, A: A [O(n)]
  0: f2->f2, B: B+max{0, 1+A-B} [O(n)]
  0: f2->f2, C: C [O(n)]
  0: f2->f2, D: D [O(n)]
  0: f2->f2, E: E [O(n)]
  0: f2->f2, F: F [O(n)]
  0: f2->f2, G: G [O(n)]
  0: f2->f2, H: H [O(n)]
  0: f2->f2, I: I [O(n)]
  0: f2->f2, J: J [O(n)]
  0: f2->f2, K: K [O(n)]
  0: f2->f2, L: L [O(n)]
  0: f2->f2, M: M [O(n)]
  0: f2->f2, N: N [O(n)]
  0: f2->f2, O: O [O(n)]
  0: f2->f2, P: P [O(n)]
  0: f2->f2, Q: Q [O(n)]
  0: f2->f2, R: R [O(n)]
  0: f2->f2, S: S [O(n)]
  0: f2->f2, T: T [O(n)]
  0: f2->f2, U: U [O(n)]
  28: f2->f10, A: A [O(n)]
  28: f2->f10, B: max{B, B+max{0, 1+A-B}} [O(n)]
  28: f2->f10, C: C [O(n)]
  28: f2->f10, D: D [O(n)]
  28: f2->f10, E: E [O(n)]
  28: f2->f10, F: F [O(n)]
  28: f2->f10, G: G [O(n)]
  28: f2->f10, H: H [O(n)]
  28: f2->f10, I: I [O(n)]
  28: f2->f10, J: J [O(n)]
  28: f2->f10, K: K [O(n)]
  28: f2->f10, L: L [O(n)]
  28: f2->f10, M: M [O(n)]
  28: f2->f10, N: N [O(n)]
  28: f2->f10, O: O [O(n)]
  28: f2->f10, P: P [O(n)]
  28: f2->f10, Q: Q [O(n)]
  28: f2->f10, R: R [O(n)]
  28: f2->f10, S: S [O(n)]
  28: f2->f10, T: T [O(n)]
  28: f2->f10, U: U [O(n)]
  8: f24->f75, A: A [O(n)]
  8: f24->f75, B: max{B, B+max{0, 1+A-B}} [O(n)]
  8: f24->f75, C: C+max{0, 1+2*A+-2*C} [O(n)]
  8: f24->f75, D: C+max{0, 1+2*A+-2*C} [O(n)]
  8: f24->f75, U: U+max{0, 1+A-U} [O(n)]
  9: f24->f28, A: A [O(n)]
  9: f24->f28, B: max{B, B+max{0, 1+A-B}} [O(n)]
  9: f24->f28, C: C+max{0, 1+2*A+-2*C} [O(n)]
  9: f24->f28, D: 2*max{0, A-D}+max{D, C+max{0, 1+2*A+-2*C}} [O(n)]
  9: f24->f28, U: U+max{0, 1+A-U} [O(n)]
  10: f24->f28, A: A [O(n)]
  10: f24->f28, B: max{B, B+max{0, 1+A-B}} [O(n)]
  10: f24->f28, C: C+max{0, 1+2*A+-2*C} [O(n)]
  10: f24->f28, D: 2*max{0, A-D}+max{D, C+max{0, 1+2*A+-2*C}} [O(n)]
  10: f24->f28, U: U+max{0, 1+A-U} [O(n)]
  11: f28->f32, A: A [O(n)]
  11: f28->f32, B: max{B, B+max{0, 1+A-B}} [O(n)]
  11: f28->f32, C: C+max{0, 1+2*A+-2*C} [O(n)]
  11: f28->f32, D: 2*max{0, A-D}+max{D, C+max{0, 1+2*A+-2*C}} [O(n)]
  11: f28->f32, E: 30 [O(1)]
  11: f28->f32, J: 29 [O(1)]
  11: f28->f32, U: U+max{0, 1+A-U} [O(n)]
  12: f28->f32, A: A [O(n)]
  12: f28->f32, B: max{B, B+max{0, 1+A-B}} [O(n)]
  12: f28->f32, C: C+max{0, 1+2*A+-2*C} [O(n)]
  12: f28->f32, D: 2*max{0, A-D}+max{D, C+max{0, 1+2*A+-2*C}} [O(n)]
  12: f28->f32, U: U+max{0, 1+A-U} [O(n)]
  13: f28->f32, A: A [O(n)]
  13: f28->f32, B: max{B, B+max{0, 1+A-B}} [O(n)]
  13: f28->f32, C: C+max{0, 1+2*A+-2*C} [O(n)]
  13: f28->f32, D: 2*max{0, A-D}+max{D, C+max{0, 1+2*A+-2*C}} [O(n)]
  13: f28->f32, E: 31 [O(1)]
  13: f28->f32, J: 30 [O(1)]
  13: f28->f32, U: U+max{0, 1+A-U} [O(n)]
  14: f32->f42, A: A [O(n)]
  14: f32->f42, B: max{B, B+max{0, 1+A-B}} [O(n)]
  14: f32->f42, C: C+max{0, 1+2*A+-2*C} [O(n)]
  14: f32->f42, D: 2*max{0, A-D}+max{D, C+max{0, 1+2*A+-2*C}} [O(n)]
  14: f32->f42, O: 1 [O(1)]
  14: f32->f42, P: 1 [O(1)]
  14: f32->f42, Q: 0 [O(1)]
  14: f32->f42, U: U+max{0, 1+A-U} [O(n)]
  15: f32->f42, A: A [O(n)]
  15: f32->f42, B: max{B, B+max{0, 1+A-B}} [O(n)]
  15: f32->f42, C: C+max{0, 1+2*A+-2*C} [O(n)]
  15: f32->f42, D: 2*max{0, A-D}+max{D, C+max{0, 1+2*A+-2*C}} [O(n)]
  15: f32->f42, O: 1 [O(1)]
  15: f32->f42, P: 1 [O(1)]
  15: f32->f42, Q: 0 [O(1)]
  15: f32->f42, U: U+max{0, 1+A-U} [O(n)]
  16: f42->f68, A: A [O(n)]
  16: f42->f68, B: max{B, B+max{0, 1+A-B}} [O(n)]
  16: f42->f68, C: C+max{0, 1+2*A+-2*C} [O(n)]
  16: f42->f68, D: 2*max{0, A-D}+max{D, C+max{0, 1+2*A+-2*C}} [O(n)]
  16: f42->f68, U: U+max{0, 1+A-U} [O(n)]
  17: f42->f68, A: A [O(n)]
  17: f42->f68, B: max{B, B+max{0, 1+A-B}} [O(n)]
  17: f42->f68, C: C+max{0, 1+2*A+-2*C} [O(n)]
  17: f42->f68, D: 2*max{0, A-D}+max{D, C+max{0, 1+2*A+-2*C}} [O(n)]
  17: f42->f68, L: 0 [O(1)]
  17: f42->f68, U: U+max{0, 1+A-U} [O(n)]
  18: f42->f60, A: A [O(n)]
  18: f42->f60, B: max{B, B+max{0, 1+A-B}} [O(n)]
  18: f42->f60, C: C+max{0, 1+2*A+-2*C} [O(n)]
  18: f42->f60, D: 2*max{0, A-D}+max{D, C+max{0, 1+2*A+-2*C}} [O(n)]
  18: f42->f60, U: U+max{0, 1+A-U} [O(n)]
  19: f42->f60, A: A [O(n)]
  19: f42->f60, B: max{B, B+max{0, 1+A-B}} [O(n)]
  19: f42->f60, C: C+max{0, 1+2*A+-2*C} [O(n)]
  19: f42->f60, D: 2*max{0, A-D}+max{D, C+max{0, 1+2*A+-2*C}} [O(n)]
  19: f42->f60, U: U+max{0, 1+A-U} [O(n)]
  20: f60->f60, A: A [O(n)]
  20: f60->f60, B: max{B, B+max{0, 1+A-B}} [O(n)]
  20: f60->f60, C: C+max{0, 1+2*A+-2*C} [O(n)]
  20: f60->f60, D: 2*max{0, A-D}+max{D, C+max{0, 1+2*A+-2*C}} [O(n)]
  20: f60->f60, U: U+max{0, 1+A-U} [O(n)]
  26: f60->f42, A: A [O(n)]
  26: f60->f42, B: max{B, B+max{0, 1+A-B}} [O(n)]
  26: f60->f42, C: C+max{0, 1+2*A+-2*C} [O(n)]
  26: f60->f42, D: 2*max{0, A-D}+max{D, C+max{0, 1+2*A+-2*C}} [O(n)]
  26: f60->f42, U: U+max{0, 1+A-U} [O(n)]
  21: f68->f75, A: A [O(n)]
  21: f68->f75, B: max{B, B+max{0, 1+A-B}} [O(n)]
  21: f68->f75, C: C+max{0, 1+2*A+-2*C} [O(n)]
  21: f68->f75, D: 2*max{0, A-D}+max{D, C+max{0, 1+2*A+-2*C}} [O(n)]
  21: f68->f75, L: 0 [O(1)]
  21: f68->f75, U: U+max{0, 1+A-U} [O(n)]
  22: f68->f75, A: A [O(n)]
  22: f68->f75, B: max{B, B+max{0, 1+A-B}} [O(n)]
  22: f68->f75, C: C+max{0, 1+2*A+-2*C} [O(n)]
  22: f68->f75, D: 2*max{0, A-D}+max{D, C+max{0, 1+2*A+-2*C}} [O(n)]
  22: f68->f75, L: -1 [O(1)]
  22: f68->f75, U: U+max{0, 1+A-U} [O(n)]
  23: f68->f75, A: A [O(n)]
  23: f68->f75, B: max{B, B+max{0, 1+A-B}} [O(n)]
  23: f68->f75, C: C+max{0, 1+2*A+-2*C} [O(n)]
  23: f68->f75, D: 2*max{0, A-D}+max{D, C+max{0, 1+2*A+-2*C}} [O(n)]
  23: f68->f75, U: U+max{0, 1+A-U} [O(n)]
  24: f68->f75, A: A [O(n)]
  24: f68->f75, B: max{B, B+max{0, 1+A-B}} [O(n)]
  24: f68->f75, C: C+max{0, 1+2*A+-2*C} [O(n)]
  24: f68->f75, D: 2*max{0, A-D}+max{D, C+max{0, 1+2*A+-2*C}} [O(n)]
  24: f68->f75, L: 0 [O(1)]
  24: f68->f75, U: U+max{0, 1+A-U} [O(n)]
  1: f75->f15, A: A [O(n)]
  1: f75->f15, B: max{B, B+max{0, 1+A-B}} [O(n)]
  1: f75->f15, C: C+max{0, 1+2*A+-2*C} [O(n)]
  1: f75->f15, D: 2*max{0, A-D}+max{D, C+max{0, 1+2*A+-2*C}} [O(n)]
  1: f75->f15, U: U+max{0, 1+A-U} [O(n)]
  2: f75->f15, A: A [O(n)]
  2: f75->f15, B: max{B, B+max{0, 1+A-B}} [O(n)]
  2: f75->f15, C: C+max{0, 1+2*A+-2*C} [O(n)]
  2: f75->f15, D: 2*max{0, A-D}+max{D, C+max{0, 1+2*A+-2*C}} [O(n)]
  2: f75->f15, U: U+max{0, 1+A-U} [O(n)]
  25: f75->f10, A: A [O(n)]
  25: f75->f10, B: max{B, B+max{0, 1+A-B}} [O(n)]
  25: f75->f10, C: C+max{0, 1+2*A+-2*C} [O(n)]
  25: f75->f10, D: C+max{0, 1+2*A+-2*C} [O(n)]
  25: f75->f10, U: U+max{0, 1+A-U} [O(n)]
  29: start->f2, A: A [O(n)]
  29: start->f2, B: B [O(n)]
  29: start->f2, C: C [O(n)]
  29: start->f2, D: D [O(n)]
  29: start->f2, E: E [O(n)]
  29: start->f2, F: F [O(n)]
  29: start->f2, G: G [O(n)]
  29: start->f2, H: H [O(n)]
  29: start->f2, I: I [O(n)]
  29: start->f2, J: J [O(n)]
  29: start->f2, K: K [O(n)]
  29: start->f2, L: L [O(n)]
  29: start->f2, M: M [O(n)]
  29: start->f2, N: N [O(n)]
  29: start->f2, O: O [O(n)]
  29: start->f2, P: P [O(n)]
  29: start->f2, Q: Q [O(n)]
  29: start->f2, R: R [O(n)]
  29: start->f2, S: S [O(n)]
  29: start->f2, T: T [O(n)]
  29: start->f2, U: U [O(n)]
