Timebounds: 
  Overall timebound: inf [Infinity]
  0: f0->f0: max{0, 1+A-B} [O(n)]
  28: f0->f13: 1 [O(1)]
  3: f13->f16: max{0, 1+A-C} [O(n)]
  27: f13->f80: 1 [O(1)]
  4: f16->f26: inf [Infinity]
  5: f16->f26: inf [Infinity]
  6: f16->f16: max{0, A-D} [O(n)]
  7: f16->f16: max{0, A-D} [O(n)]
  8: f26->f74: inf [Infinity]
  9: f26->f29: inf [Infinity]
  10: f26->f29: inf [Infinity]
  11: f29->f33: max{30, 30+30*(1+A-C)} [O(n)]
  12: f29->f33: inf [Infinity]
  13: f29->f33: max{31, 31+31*(1+A-C)} [O(n)]
  14: f33->f42: inf [Infinity]
  15: f33->f42: inf [Infinity]
  16: f42->f68: inf [Infinity]
  17: f42->f68: inf [Infinity]
  18: f42->f59: max{0, 1+-C+max{B, B+max{0, 1+A-B}}} [O(n)]
  19: f42->f59: max{0, 1+-C+max{B, B+max{0, 1+A-B}}} [O(n)]
  20: f59->f59: max{0, 1+A-U} [O(n)]
  26: f59->f42: 2*max{0, 1+-C+max{B, B+max{0, 1+A-B}}} [O(n)]
  21: f68->f74: inf [Infinity]
  22: f68->f74: inf [Infinity]
  23: f68->f74: inf [Infinity]
  24: f68->f74: inf [Infinity]
  1: f74->f16: inf [Infinity]
  2: f74->f16: inf [Infinity]
  25: f74->f13: max{0, 1+A-C} [O(n)]
  29: start->f0: 1 [O(1)]

Costbounds:
  Overall costbound: inf [Infinity]
  0: f0->f0: max{0, 1+A-B} [O(n)]
  28: f0->f13: 1 [O(1)]
  3: f13->f16: max{0, 1+A-C} [O(n)]
  27: f13->f80: 1 [O(1)]
  4: f16->f26: inf [Infinity]
  5: f16->f26: inf [Infinity]
  6: f16->f16: max{0, A-D} [O(n)]
  7: f16->f16: max{0, A-D} [O(n)]
  8: f26->f74: inf [Infinity]
  9: f26->f29: inf [Infinity]
  10: f26->f29: inf [Infinity]
  11: f29->f33: max{30, 30+30*(1+A-C)} [O(n)]
  12: f29->f33: inf [Infinity]
  13: f29->f33: max{31, 31+31*(1+A-C)} [O(n)]
  14: f33->f42: inf [Infinity]
  15: f33->f42: inf [Infinity]
  16: f42->f68: inf [Infinity]
  17: f42->f68: inf [Infinity]
  18: f42->f59: max{0, 1+-C+max{B, B+max{0, 1+A-B}}} [O(n)]
  19: f42->f59: max{0, 1+-C+max{B, B+max{0, 1+A-B}}} [O(n)]
  20: f59->f59: max{0, 1+A-U} [O(n)]
  26: f59->f42: 2*max{0, 1+-C+max{B, B+max{0, 1+A-B}}} [O(n)]
  21: f68->f74: inf [Infinity]
  22: f68->f74: inf [Infinity]
  23: f68->f74: inf [Infinity]
  24: f68->f74: inf [Infinity]
  1: f74->f16: inf [Infinity]
  2: f74->f16: inf [Infinity]
  25: f74->f13: max{0, 1+A-C} [O(n)]
  29: start->f0: 1 [O(1)]

Sizebounds:
`Lower:
  0: f0->f0, A: A [O(n)]
  0: f0->f0, B: B [O(n)]
  0: f0->f0, C: C [O(n)]
  0: f0->f0, D: D [O(n)]
  0: f0->f0, E: E [O(n)]
  0: f0->f0, F: F [O(n)]
  0: f0->f0, G: G [O(n)]
  0: f0->f0, H: H [O(n)]
  0: f0->f0, I: I [O(n)]
  0: f0->f0, J: J [O(n)]
  0: f0->f0, K: K [O(n)]
  0: f0->f0, L: L [O(n)]
  0: f0->f0, M: M [O(n)]
  0: f0->f0, N: N [O(n)]
  0: f0->f0, O: O [O(n)]
  0: f0->f0, P: P [O(n)]
  0: f0->f0, Q: Q [O(n)]
  0: f0->f0, R: R [O(n)]
  0: f0->f0, S: S [O(n)]
  0: f0->f0, T: T [O(n)]
  0: f0->f0, U: U [O(n)]
  28: f0->f13, A: A [O(n)]
  28: f0->f13, B: B [O(n)]
  28: f0->f13, C: C [O(n)]
  28: f0->f13, D: D [O(n)]
  28: f0->f13, E: E [O(n)]
  28: f0->f13, F: F [O(n)]
  28: f0->f13, G: G [O(n)]
  28: f0->f13, H: H [O(n)]
  28: f0->f13, I: I [O(n)]
  28: f0->f13, J: J [O(n)]
  28: f0->f13, K: K [O(n)]
  28: f0->f13, L: L [O(n)]
  28: f0->f13, M: M [O(n)]
  28: f0->f13, N: N [O(n)]
  28: f0->f13, O: O [O(n)]
  28: f0->f13, P: P [O(n)]
  28: f0->f13, Q: Q [O(n)]
  28: f0->f13, R: R [O(n)]
  28: f0->f13, S: S [O(n)]
  28: f0->f13, T: T [O(n)]
  28: f0->f13, U: U [O(n)]
  3: f13->f16, A: A [O(n)]
  3: f13->f16, B: B+-2*max{0, 1+-C+max{B, B+max{0, 1+A-B}}} [O(n)]
  3: f13->f16, C: C [O(n)]
  3: f13->f16, D: -max{-C, -D} [O(n)]
  3: f13->f16, E: 0 [O(1)]
  3: f13->f16, J: -max{0, -J} [O(n)]
  3: f13->f16, U: U [O(n)]
  27: f13->f80, A: A [O(n)]
  27: f13->f80, B: -max{-B, -B+2*max{0, 1+-C+max{B, B+max{0, 1+A-B}}}} [O(n)]
  27: f13->f80, C: C [O(n)]
  27: f13->f80, D: -max{-C, -D} [O(n)]
  27: f13->f80, E: -max{0, -E} [O(n)]
  27: f13->f80, J: -max{0, -J} [O(n)]
  27: f13->f80, U: U [O(n)]
  4: f16->f26, A: A [O(n)]
  4: f16->f26, B: B+-2*max{0, 1+-C+max{B, B+max{0, 1+A-B}}} [O(n)]
  4: f16->f26, C: C [O(n)]
  4: f16->f26, D: -max{-C, -C, -D} [O(n)]
  4: f16->f26, E: 0 [O(1)]
  4: f16->f26, J: -max{0, -J} [O(n)]
  4: f16->f26, U: U [O(n)]
  5: f16->f26, A: A [O(n)]
  5: f16->f26, B: B+-2*max{0, 1+-C+max{B, B+max{0, 1+A-B}}} [O(n)]
  5: f16->f26, C: C [O(n)]
  5: f16->f26, D: -max{-C, -C, -D} [O(n)]
  5: f16->f26, E: 0 [O(1)]
  5: f16->f26, I: 0 [O(1)]
  5: f16->f26, J: -max{0, -J} [O(n)]
  5: f16->f26, U: U [O(n)]
  6: f16->f16, A: A [O(n)]
  6: f16->f16, B: B+-2*max{0, 1+-C+max{B, B+max{0, 1+A-B}}} [O(n)]
  6: f16->f16, C: C [O(n)]
  6: f16->f16, D: -max{-C, -C, -D} [O(n)]
  6: f16->f16, E: 0 [O(1)]
  6: f16->f16, J: -max{0, -J} [O(n)]
  6: f16->f16, U: U [O(n)]
  7: f16->f16, A: A [O(n)]
  7: f16->f16, B: B+-2*max{0, 1+-C+max{B, B+max{0, 1+A-B}}} [O(n)]
  7: f16->f16, C: C [O(n)]
  7: f16->f16, D: -max{-C, -C, -D} [O(n)]
  7: f16->f16, E: 0 [O(1)]
  7: f16->f16, I: 1 [O(1)]
  7: f16->f16, J: -max{0, -J} [O(n)]
  7: f16->f16, U: U [O(n)]
  8: f26->f74, A: A [O(n)]
  8: f26->f74, B: B+-2*max{0, 1+-C+max{B, B+max{0, 1+A-B}}} [O(n)]
  8: f26->f74, C: C [O(n)]
  8: f26->f74, D: C [O(n)]
  8: f26->f74, E: 0 [O(1)]
  8: f26->f74, J: -max{0, -J} [O(n)]
  8: f26->f74, U: U [O(n)]
  9: f26->f29, A: A [O(n)]
  9: f26->f29, B: B+-2*max{0, 1+-C+max{B, B+max{0, 1+A-B}}} [O(n)]
  9: f26->f29, C: C [O(n)]
  9: f26->f29, D: -max{-C, -C, -D} [O(n)]
  9: f26->f29, E: 0 [O(1)]
  9: f26->f29, J: 0 [O(1)]
  9: f26->f29, U: U [O(n)]
  10: f26->f29, A: A [O(n)]
  10: f26->f29, B: B+-2*max{0, 1+-C+max{B, B+max{0, 1+A-B}}} [O(n)]
  10: f26->f29, C: C [O(n)]
  10: f26->f29, D: -max{-C, -C, -D} [O(n)]
  10: f26->f29, E: 0 [O(1)]
  10: f26->f29, J: 0 [O(1)]
  10: f26->f29, U: U [O(n)]
  11: f29->f33, A: A [O(n)]
  11: f29->f33, B: B+-2*max{0, 1+-C+max{B, B+max{0, 1+A-B}}} [O(n)]
  11: f29->f33, C: C [O(n)]
  11: f29->f33, D: -max{-C, -C, -D} [O(n)]
  11: f29->f33, E: 0 [O(1)]
  11: f29->f33, J: 0 [O(1)]
  11: f29->f33, U: U [O(n)]
  12: f29->f33, A: A [O(n)]
  12: f29->f33, B: B+-2*max{0, 1+-C+max{B, B+max{0, 1+A-B}}} [O(n)]
  12: f29->f33, C: C [O(n)]
  12: f29->f33, D: -max{-C, -C, -D} [O(n)]
  12: f29->f33, E: 32 [O(1)]
  12: f29->f33, J: 31 [O(1)]
  12: f29->f33, U: U [O(n)]
  13: f29->f33, A: A [O(n)]
  13: f29->f33, B: B+-2*max{0, 1+-C+max{B, B+max{0, 1+A-B}}} [O(n)]
  13: f29->f33, C: C [O(n)]
  13: f29->f33, D: -max{-C, -C, -D} [O(n)]
  13: f29->f33, E: 31 [O(1)]
  13: f29->f33, J: 30 [O(1)]
  13: f29->f33, U: U [O(n)]
  14: f33->f42, A: A [O(n)]
  14: f33->f42, B: B+-2*max{0, 1+-C+max{B, B+max{0, 1+A-B}}} [O(n)]
  14: f33->f42, C: C [O(n)]
  14: f33->f42, D: -max{-C, -C, -D} [O(n)]
  14: f33->f42, E: 0 [O(1)]
  14: f33->f42, J: 0 [O(1)]
  14: f33->f42, O: 1 [O(1)]
  14: f33->f42, P: 1 [O(1)]
  14: f33->f42, Q: 0 [O(1)]
  14: f33->f42, U: U [O(n)]
  15: f33->f42, A: A [O(n)]
  15: f33->f42, B: B+-2*max{0, 1+-C+max{B, B+max{0, 1+A-B}}} [O(n)]
  15: f33->f42, C: C [O(n)]
  15: f33->f42, D: -max{-C, -C, -D} [O(n)]
  15: f33->f42, E: 0 [O(1)]
  15: f33->f42, J: 0 [O(1)]
  15: f33->f42, O: 1 [O(1)]
  15: f33->f42, P: 1 [O(1)]
  15: f33->f42, Q: 0 [O(1)]
  15: f33->f42, U: U [O(n)]
  16: f42->f68, A: A [O(n)]
  16: f42->f68, B: B+-2*max{0, 1+-C+max{B, B+max{0, 1+A-B}}} [O(n)]
  16: f42->f68, C: C [O(n)]
  16: f42->f68, D: -max{-C, -C, -D} [O(n)]
  16: f42->f68, E: 0 [O(1)]
  16: f42->f68, J: 0 [O(1)]
  16: f42->f68, U: U [O(n)]
  17: f42->f68, A: A [O(n)]
  17: f42->f68, B: B+-2*max{0, 1+-C+max{B, B+max{0, 1+A-B}}} [O(n)]
  17: f42->f68, C: C [O(n)]
  17: f42->f68, D: -max{-C, -C, -D} [O(n)]
  17: f42->f68, E: 0 [O(1)]
  17: f42->f68, J: 0 [O(1)]
  17: f42->f68, L: 0 [O(1)]
  17: f42->f68, U: U [O(n)]
  18: f42->f59, A: A [O(n)]
  18: f42->f59, B: B+-2*max{0, 1+-C+max{B, B+max{0, 1+A-B}}} [O(n)]
  18: f42->f59, C: C [O(n)]
  18: f42->f59, D: -max{-C, -C, -D} [O(n)]
  18: f42->f59, E: 0 [O(1)]
  18: f42->f59, J: 0 [O(1)]
  18: f42->f59, U: U [O(n)]
  19: f42->f59, A: A [O(n)]
  19: f42->f59, B: B+-2*max{0, 1+-C+max{B, B+max{0, 1+A-B}}} [O(n)]
  19: f42->f59, C: C [O(n)]
  19: f42->f59, D: -max{-C, -C, -D} [O(n)]
  19: f42->f59, E: 0 [O(1)]
  19: f42->f59, J: 0 [O(1)]
  19: f42->f59, U: U [O(n)]
  20: f59->f59, A: A [O(n)]
  20: f59->f59, B: B+-2*max{0, 1+-C+max{B, B+max{0, 1+A-B}}} [O(n)]
  20: f59->f59, C: C [O(n)]
  20: f59->f59, D: -max{-C, -C, -D} [O(n)]
  20: f59->f59, E: 0 [O(1)]
  20: f59->f59, J: 0 [O(1)]
  20: f59->f59, U: U [O(n)]
  26: f59->f42, A: A [O(n)]
  26: f59->f42, B: B+-2*max{0, 1+-C+max{B, B+max{0, 1+A-B}}} [O(n)]
  26: f59->f42, C: C [O(n)]
  26: f59->f42, D: -max{-C, -C, -D} [O(n)]
  26: f59->f42, E: 0 [O(1)]
  26: f59->f42, J: 0 [O(1)]
  26: f59->f42, U: U [O(n)]
  21: f68->f74, A: A [O(n)]
  21: f68->f74, B: B+-2*max{0, 1+-C+max{B, B+max{0, 1+A-B}}} [O(n)]
  21: f68->f74, C: C [O(n)]
  21: f68->f74, D: -max{-C, -C, -D} [O(n)]
  21: f68->f74, E: 0 [O(1)]
  21: f68->f74, J: 0 [O(1)]
  21: f68->f74, L: 0 [O(1)]
  21: f68->f74, U: U [O(n)]
  22: f68->f74, A: A [O(n)]
  22: f68->f74, B: B+-2*max{0, 1+-C+max{B, B+max{0, 1+A-B}}} [O(n)]
  22: f68->f74, C: C [O(n)]
  22: f68->f74, D: -max{-C, -C, -D} [O(n)]
  22: f68->f74, E: 0 [O(1)]
  22: f68->f74, J: 0 [O(1)]
  22: f68->f74, U: U [O(n)]
  23: f68->f74, A: A [O(n)]
  23: f68->f74, B: B+-2*max{0, 1+-C+max{B, B+max{0, 1+A-B}}} [O(n)]
  23: f68->f74, C: C [O(n)]
  23: f68->f74, D: -max{-C, -C, -D} [O(n)]
  23: f68->f74, E: 0 [O(1)]
  23: f68->f74, J: 0 [O(1)]
  23: f68->f74, L: 1 [O(1)]
  23: f68->f74, U: U [O(n)]
  24: f68->f74, A: A [O(n)]
  24: f68->f74, B: B+-2*max{0, 1+-C+max{B, B+max{0, 1+A-B}}} [O(n)]
  24: f68->f74, C: C [O(n)]
  24: f68->f74, D: -max{-C, -C, -D} [O(n)]
  24: f68->f74, E: 0 [O(1)]
  24: f68->f74, J: 0 [O(1)]
  24: f68->f74, L: 0 [O(1)]
  24: f68->f74, U: U [O(n)]
  1: f74->f16, A: A [O(n)]
  1: f74->f16, B: B+-2*max{0, 1+-C+max{B, B+max{0, 1+A-B}}} [O(n)]
  1: f74->f16, C: C [O(n)]
  1: f74->f16, D: -max{-C, -C, -D} [O(n)]
  1: f74->f16, E: 0 [O(1)]
  1: f74->f16, J: -max{0, -J} [O(n)]
  1: f74->f16, U: U [O(n)]
  2: f74->f16, A: A [O(n)]
  2: f74->f16, B: B+-2*max{0, 1+-C+max{B, B+max{0, 1+A-B}}} [O(n)]
  2: f74->f16, C: C [O(n)]
  2: f74->f16, D: -max{-C, -C, -D} [O(n)]
  2: f74->f16, E: 0 [O(1)]
  2: f74->f16, J: -max{0, -J} [O(n)]
  2: f74->f16, U: U [O(n)]
  25: f74->f13, A: A [O(n)]
  25: f74->f13, B: B+-2*max{0, 1+-C+max{B, B+max{0, 1+A-B}}} [O(n)]
  25: f74->f13, C: C [O(n)]
  25: f74->f13, D: C [O(n)]
  25: f74->f13, E: 0 [O(1)]
  25: f74->f13, J: -max{0, -J} [O(n)]
  25: f74->f13, U: U [O(n)]
  29: start->f0, A: A [O(n)]
  29: start->f0, B: B [O(n)]
  29: start->f0, C: C [O(n)]
  29: start->f0, D: D [O(n)]
  29: start->f0, E: E [O(n)]
  29: start->f0, F: F [O(n)]
  29: start->f0, G: G [O(n)]
  29: start->f0, H: H [O(n)]
  29: start->f0, I: I [O(n)]
  29: start->f0, J: J [O(n)]
  29: start->f0, K: K [O(n)]
  29: start->f0, L: L [O(n)]
  29: start->f0, M: M [O(n)]
  29: start->f0, N: N [O(n)]
  29: start->f0, O: O [O(n)]
  29: start->f0, P: P [O(n)]
  29: start->f0, Q: Q [O(n)]
  29: start->f0, R: R [O(n)]
  29: start->f0, S: S [O(n)]
  29: start->f0, T: T [O(n)]
  29: start->f0, U: U [O(n)]
`Upper:
  0: f0->f0, A: A [O(n)]
  0: f0->f0, B: B+max{0, 1+A-B} [O(n)]
  0: f0->f0, C: C [O(n)]
  0: f0->f0, D: D [O(n)]
  0: f0->f0, E: E [O(n)]
  0: f0->f0, F: F [O(n)]
  0: f0->f0, G: G [O(n)]
  0: f0->f0, H: H [O(n)]
  0: f0->f0, I: I [O(n)]
  0: f0->f0, J: J [O(n)]
  0: f0->f0, K: K [O(n)]
  0: f0->f0, L: L [O(n)]
  0: f0->f0, M: M [O(n)]
  0: f0->f0, N: N [O(n)]
  0: f0->f0, O: O [O(n)]
  0: f0->f0, P: P [O(n)]
  0: f0->f0, Q: Q [O(n)]
  0: f0->f0, R: R [O(n)]
  0: f0->f0, S: S [O(n)]
  0: f0->f0, T: T [O(n)]
  0: f0->f0, U: U [O(n)]
  28: f0->f13, A: A [O(n)]
  28: f0->f13, B: max{B, B+max{0, 1+A-B}} [O(n)]
  28: f0->f13, C: C [O(n)]
  28: f0->f13, D: D [O(n)]
  28: f0->f13, E: E [O(n)]
  28: f0->f13, F: F [O(n)]
  28: f0->f13, G: G [O(n)]
  28: f0->f13, H: H [O(n)]
  28: f0->f13, I: I [O(n)]
  28: f0->f13, J: J [O(n)]
  28: f0->f13, K: K [O(n)]
  28: f0->f13, L: L [O(n)]
  28: f0->f13, M: M [O(n)]
  28: f0->f13, N: N [O(n)]
  28: f0->f13, O: O [O(n)]
  28: f0->f13, P: P [O(n)]
  28: f0->f13, Q: Q [O(n)]
  28: f0->f13, R: R [O(n)]
  28: f0->f13, S: S [O(n)]
  28: f0->f13, T: T [O(n)]
  28: f0->f13, U: U [O(n)]
  3: f13->f16, A: A [O(n)]
  3: f13->f16, B: max{B, B+max{0, 1+A-B}} [O(n)]
  3: f13->f16, C: C+max{0, 1+A-C} [O(n)]
  3: f13->f16, D: max{D, C+max{0, 1+A-C}} [O(n)]
  3: f13->f16, E: 0 [O(1)]
  3: f13->f16, U: U+max{0, 1+A-U} [O(n)]
  27: f13->f80, A: A [O(n)]
  27: f13->f80, B: max{B, B+max{0, 1+A-B}} [O(n)]
  27: f13->f80, C: max{C, C+max{0, 1+A-C}} [O(n)]
  27: f13->f80, D: max{D, C+max{0, 1+A-C}} [O(n)]
  27: f13->f80, U: max{U, U+max{0, 1+A-U}} [O(n)]
  4: f16->f26, A: A [O(n)]
  4: f16->f26, B: max{B, B+max{0, 1+A-B}} [O(n)]
  4: f16->f26, C: C+max{0, 1+A-C} [O(n)]
  4: f16->f26, D: 2*max{0, A-D}+max{D, C+max{0, 1+A-C}} [O(n)]
  4: f16->f26, U: U+max{0, 1+A-U} [O(n)]
  5: f16->f26, A: A [O(n)]
  5: f16->f26, B: max{B, B+max{0, 1+A-B}} [O(n)]
  5: f16->f26, C: C+max{0, 1+A-C} [O(n)]
  5: f16->f26, D: 2*max{0, A-D}+max{D, C+max{0, 1+A-C}} [O(n)]
  5: f16->f26, I: 0 [O(1)]
  5: f16->f26, U: U+max{0, 1+A-U} [O(n)]
  6: f16->f16, A: A [O(n)]
  6: f16->f16, B: max{B, B+max{0, 1+A-B}} [O(n)]
  6: f16->f16, C: C+max{0, 1+A-C} [O(n)]
  6: f16->f16, D: 2*max{0, A-D}+max{D, C+max{0, 1+A-C}} [O(n)]
  6: f16->f16, I: -1 [O(1)]
  6: f16->f16, U: U+max{0, 1+A-U} [O(n)]
  7: f16->f16, A: A [O(n)]
  7: f16->f16, B: max{B, B+max{0, 1+A-B}} [O(n)]
  7: f16->f16, C: C+max{0, 1+A-C} [O(n)]
  7: f16->f16, D: 2*max{0, A-D}+max{D, C+max{0, 1+A-C}} [O(n)]
  7: f16->f16, U: U+max{0, 1+A-U} [O(n)]
  8: f26->f74, A: A [O(n)]
  8: f26->f74, B: max{B, B+max{0, 1+A-B}} [O(n)]
  8: f26->f74, C: C+max{0, 1+A-C} [O(n)]
  8: f26->f74, D: C+max{0, 1+A-C} [O(n)]
  8: f26->f74, U: U+max{0, 1+A-U} [O(n)]
  9: f26->f29, A: A [O(n)]
  9: f26->f29, B: max{B, B+max{0, 1+A-B}} [O(n)]
  9: f26->f29, C: C+max{0, 1+A-C} [O(n)]
  9: f26->f29, D: 2*max{0, A-D}+max{D, C+max{0, 1+A-C}} [O(n)]
  9: f26->f29, U: U+max{0, 1+A-U} [O(n)]
  10: f26->f29, A: A [O(n)]
  10: f26->f29, B: max{B, B+max{0, 1+A-B}} [O(n)]
  10: f26->f29, C: C+max{0, 1+A-C} [O(n)]
  10: f26->f29, D: 2*max{0, A-D}+max{D, C+max{0, 1+A-C}} [O(n)]
  10: f26->f29, U: U+max{0, 1+A-U} [O(n)]
  11: f29->f33, A: A [O(n)]
  11: f29->f33, B: max{B, B+max{0, 1+A-B}} [O(n)]
  11: f29->f33, C: C+max{0, 1+A-C} [O(n)]
  11: f29->f33, D: 2*max{0, A-D}+max{D, C+max{0, 1+A-C}} [O(n)]
  11: f29->f33, E: 30 [O(1)]
  11: f29->f33, J: 29 [O(1)]
  11: f29->f33, U: U+max{0, 1+A-U} [O(n)]
  12: f29->f33, A: A [O(n)]
  12: f29->f33, B: max{B, B+max{0, 1+A-B}} [O(n)]
  12: f29->f33, C: C+max{0, 1+A-C} [O(n)]
  12: f29->f33, D: 2*max{0, A-D}+max{D, C+max{0, 1+A-C}} [O(n)]
  12: f29->f33, U: U+max{0, 1+A-U} [O(n)]
  13: f29->f33, A: A [O(n)]
  13: f29->f33, B: max{B, B+max{0, 1+A-B}} [O(n)]
  13: f29->f33, C: C+max{0, 1+A-C} [O(n)]
  13: f29->f33, D: 2*max{0, A-D}+max{D, C+max{0, 1+A-C}} [O(n)]
  13: f29->f33, E: 31 [O(1)]
  13: f29->f33, J: 30 [O(1)]
  13: f29->f33, U: U+max{0, 1+A-U} [O(n)]
  14: f33->f42, A: A [O(n)]
  14: f33->f42, B: max{B, B+max{0, 1+A-B}} [O(n)]
  14: f33->f42, C: C+max{0, 1+A-C} [O(n)]
  14: f33->f42, D: 2*max{0, A-D}+max{D, C+max{0, 1+A-C}} [O(n)]
  14: f33->f42, O: 1 [O(1)]
  14: f33->f42, P: 1 [O(1)]
  14: f33->f42, Q: 0 [O(1)]
  14: f33->f42, U: U+max{0, 1+A-U} [O(n)]
  15: f33->f42, A: A [O(n)]
  15: f33->f42, B: max{B, B+max{0, 1+A-B}} [O(n)]
  15: f33->f42, C: C+max{0, 1+A-C} [O(n)]
  15: f33->f42, D: 2*max{0, A-D}+max{D, C+max{0, 1+A-C}} [O(n)]
  15: f33->f42, O: 1 [O(1)]
  15: f33->f42, P: 1 [O(1)]
  15: f33->f42, Q: 0 [O(1)]
  15: f33->f42, U: U+max{0, 1+A-U} [O(n)]
  16: f42->f68, A: A [O(n)]
  16: f42->f68, B: max{B, B+max{0, 1+A-B}} [O(n)]
  16: f42->f68, C: C+max{0, 1+A-C} [O(n)]
  16: f42->f68, D: 2*max{0, A-D}+max{D, C+max{0, 1+A-C}} [O(n)]
  16: f42->f68, U: U+max{0, 1+A-U} [O(n)]
  17: f42->f68, A: A [O(n)]
  17: f42->f68, B: max{B, B+max{0, 1+A-B}} [O(n)]
  17: f42->f68, C: C+max{0, 1+A-C} [O(n)]
  17: f42->f68, D: 2*max{0, A-D}+max{D, C+max{0, 1+A-C}} [O(n)]
  17: f42->f68, L: 0 [O(1)]
  17: f42->f68, U: U+max{0, 1+A-U} [O(n)]
  18: f42->f59, A: A [O(n)]
  18: f42->f59, B: max{B, B+max{0, 1+A-B}} [O(n)]
  18: f42->f59, C: C+max{0, 1+A-C} [O(n)]
  18: f42->f59, D: 2*max{0, A-D}+max{D, C+max{0, 1+A-C}} [O(n)]
  18: f42->f59, U: U+max{0, 1+A-U} [O(n)]
  19: f42->f59, A: A [O(n)]
  19: f42->f59, B: max{B, B+max{0, 1+A-B}} [O(n)]
  19: f42->f59, C: C+max{0, 1+A-C} [O(n)]
  19: f42->f59, D: 2*max{0, A-D}+max{D, C+max{0, 1+A-C}} [O(n)]
  19: f42->f59, U: U+max{0, 1+A-U} [O(n)]
  20: f59->f59, A: A [O(n)]
  20: f59->f59, B: max{B, B+max{0, 1+A-B}} [O(n)]
  20: f59->f59, C: C+max{0, 1+A-C} [O(n)]
  20: f59->f59, D: 2*max{0, A-D}+max{D, C+max{0, 1+A-C}} [O(n)]
  20: f59->f59, U: U+max{0, 1+A-U} [O(n)]
  26: f59->f42, A: A [O(n)]
  26: f59->f42, B: max{B, B+max{0, 1+A-B}} [O(n)]
  26: f59->f42, C: C+max{0, 1+A-C} [O(n)]
  26: f59->f42, D: 2*max{0, A-D}+max{D, C+max{0, 1+A-C}} [O(n)]
  26: f59->f42, U: U+max{0, 1+A-U} [O(n)]
  21: f68->f74, A: A [O(n)]
  21: f68->f74, B: max{B, B+max{0, 1+A-B}} [O(n)]
  21: f68->f74, C: C+max{0, 1+A-C} [O(n)]
  21: f68->f74, D: 2*max{0, A-D}+max{D, C+max{0, 1+A-C}} [O(n)]
  21: f68->f74, L: 0 [O(1)]
  21: f68->f74, U: U+max{0, 1+A-U} [O(n)]
  22: f68->f74, A: A [O(n)]
  22: f68->f74, B: max{B, B+max{0, 1+A-B}} [O(n)]
  22: f68->f74, C: C+max{0, 1+A-C} [O(n)]
  22: f68->f74, D: 2*max{0, A-D}+max{D, C+max{0, 1+A-C}} [O(n)]
  22: f68->f74, L: -1 [O(1)]
  22: f68->f74, U: U+max{0, 1+A-U} [O(n)]
  23: f68->f74, A: A [O(n)]
  23: f68->f74, B: max{B, B+max{0, 1+A-B}} [O(n)]
  23: f68->f74, C: C+max{0, 1+A-C} [O(n)]
  23: f68->f74, D: 2*max{0, A-D}+max{D, C+max{0, 1+A-C}} [O(n)]
  23: f68->f74, U: U+max{0, 1+A-U} [O(n)]
  24: f68->f74, A: A [O(n)]
  24: f68->f74, B: max{B, B+max{0, 1+A-B}} [O(n)]
  24: f68->f74, C: C+max{0, 1+A-C} [O(n)]
  24: f68->f74, D: 2*max{0, A-D}+max{D, C+max{0, 1+A-C}} [O(n)]
  24: f68->f74, L: 0 [O(1)]
  24: f68->f74, U: U+max{0, 1+A-U} [O(n)]
  1: f74->f16, A: A [O(n)]
  1: f74->f16, B: max{B, B+max{0, 1+A-B}} [O(n)]
  1: f74->f16, C: C+max{0, 1+A-C} [O(n)]
  1: f74->f16, D: 2*max{0, A-D}+max{D, C+max{0, 1+A-C}} [O(n)]
  1: f74->f16, U: U+max{0, 1+A-U} [O(n)]
  2: f74->f16, A: A [O(n)]
  2: f74->f16, B: max{B, B+max{0, 1+A-B}} [O(n)]
  2: f74->f16, C: C+max{0, 1+A-C} [O(n)]
  2: f74->f16, D: 2*max{0, A-D}+max{D, C+max{0, 1+A-C}} [O(n)]
  2: f74->f16, U: U+max{0, 1+A-U} [O(n)]
  25: f74->f13, A: A [O(n)]
  25: f74->f13, B: max{B, B+max{0, 1+A-B}} [O(n)]
  25: f74->f13, C: C+max{0, 1+A-C} [O(n)]
  25: f74->f13, D: C+max{0, 1+A-C} [O(n)]
  25: f74->f13, U: U+max{0, 1+A-U} [O(n)]
  29: start->f0, A: A [O(n)]
  29: start->f0, B: B [O(n)]
  29: start->f0, C: C [O(n)]
  29: start->f0, D: D [O(n)]
  29: start->f0, E: E [O(n)]
  29: start->f0, F: F [O(n)]
  29: start->f0, G: G [O(n)]
  29: start->f0, H: H [O(n)]
  29: start->f0, I: I [O(n)]
  29: start->f0, J: J [O(n)]
  29: start->f0, K: K [O(n)]
  29: start->f0, L: L [O(n)]
  29: start->f0, M: M [O(n)]
  29: start->f0, N: N [O(n)]
  29: start->f0, O: O [O(n)]
  29: start->f0, P: P [O(n)]
  29: start->f0, Q: Q [O(n)]
  29: start->f0, R: R [O(n)]
  29: start->f0, S: S [O(n)]
  29: start->f0, T: T [O(n)]
  29: start->f0, U: U [O(n)]
