Timebounds: 
  Overall timebound: 409 [O(1)]
  0: f0->f17: 1 [O(1)]
  1: f17->f17: 50 [O(1)]
  16: f17->f27: 1 [O(1)]
  2: f27->f27: 50 [O(1)]
  15: f27->f37: 1 [O(1)]
  3: f37->f37: 50 [O(1)]
  14: f37->f45: 1 [O(1)]
  4: f45->f45: 50 [O(1)]
  13: f45->f55: 1 [O(1)]
  5: f55->f55: 50 [O(1)]
  12: f55->f65: 1 [O(1)]
  6: f65->f65: 50 [O(1)]
  11: f65->f75: 1 [O(1)]
  7: f75->f75: 50 [O(1)]
  10: f75->f83: 1 [O(1)]
  8: f83->f83: 50 [O(1)]
  9: f83->f93: 1 [O(1)]

Costbounds:
  Overall costbound: 409 [O(1)]
  0: f0->f17: 1 [O(1)]
  1: f17->f17: 50 [O(1)]
  16: f17->f27: 1 [O(1)]
  2: f27->f27: 50 [O(1)]
  15: f27->f37: 1 [O(1)]
  3: f37->f37: 50 [O(1)]
  14: f37->f45: 1 [O(1)]
  4: f45->f45: 50 [O(1)]
  13: f45->f55: 1 [O(1)]
  5: f55->f55: 50 [O(1)]
  12: f55->f65: 1 [O(1)]
  6: f65->f65: 50 [O(1)]
  11: f65->f75: 1 [O(1)]
  7: f75->f75: 50 [O(1)]
  10: f75->f83: 1 [O(1)]
  8: f83->f83: 50 [O(1)]
  9: f83->f93: 1 [O(1)]

Sizebounds:
`Lower:
  0: f0->f17, A: 0 [O(1)]
  0: f0->f17, B: J [O(n)]
  0: f0->f17, C: K [O(n)]
  0: f0->f17, D: 0 [O(1)]
  0: f0->f17, E: E [O(n)]
  0: f0->f17, F: F [O(n)]
  0: f0->f17, G: G [O(n)]
  0: f0->f17, H: H [O(n)]
  0: f0->f17, I: I [O(n)]
  1: f17->f17, A: 0 [O(1)]
  1: f17->f17, B: -max{0, -J} [O(n)]
  1: f17->f17, C: -max{0, -K} [O(n)]
  1: f17->f17, D: 1 [O(1)]
  1: f17->f17, E: -max{0, -E} [O(n)]
  1: f17->f17, F: -max{0, -F} [O(n)]
  1: f17->f17, G: -max{0, -G} [O(n)]
  1: f17->f17, H: -max{0, -H} [O(n)]
  1: f17->f17, I: -max{0, -I} [O(n)]
  16: f17->f27, A: 0 [O(1)]
  16: f17->f27, B: -max{0, -J} [O(n)]
  16: f17->f27, C: -max{0, -K} [O(n)]
  16: f17->f27, D: 50 [O(1)]
  16: f17->f27, E: 0 [O(1)]
  16: f17->f27, F: -max{0, -F} [O(n)]
  16: f17->f27, G: -max{0, -G} [O(n)]
  16: f17->f27, H: -max{0, -H} [O(n)]
  16: f17->f27, I: -max{0, -I} [O(n)]
  2: f27->f27, A: 0 [O(1)]
  2: f27->f27, B: -max{0, -J} [O(n)]
  2: f27->f27, C: -max{0, -K} [O(n)]
  2: f27->f27, D: 0 [O(1)]
  2: f27->f27, E: 1 [O(1)]
  2: f27->f27, F: -max{0, -F} [O(n)]
  2: f27->f27, G: -max{0, -G} [O(n)]
  2: f27->f27, H: -max{0, -H} [O(n)]
  2: f27->f27, I: -max{0, -I} [O(n)]
  15: f27->f37, A: 0 [O(1)]
  15: f27->f37, B: -max{0, -J} [O(n)]
  15: f27->f37, C: -max{0, -K} [O(n)]
  15: f27->f37, D: 50 [O(1)]
  15: f27->f37, E: 50 [O(1)]
  15: f27->f37, F: 0 [O(1)]
  15: f27->f37, G: -max{0, -G} [O(n)]
  15: f27->f37, H: -max{0, -H} [O(n)]
  15: f27->f37, I: -max{0, -I} [O(n)]
  3: f37->f37, A: 0 [O(1)]
  3: f37->f37, B: -max{0, -J} [O(n)]
  3: f37->f37, C: -max{0, -K} [O(n)]
  3: f37->f37, D: 0 [O(1)]
  3: f37->f37, E: 0 [O(1)]
  3: f37->f37, F: 1 [O(1)]
  3: f37->f37, G: -max{0, -G} [O(n)]
  3: f37->f37, H: -max{0, -H} [O(n)]
  3: f37->f37, I: -max{0, -I} [O(n)]
  14: f37->f45, A: 0 [O(1)]
  14: f37->f45, B: -max{0, -J} [O(n)]
  14: f37->f45, C: -max{0, -K} [O(n)]
  14: f37->f45, D: 50 [O(1)]
  14: f37->f45, E: 50 [O(1)]
  14: f37->f45, F: 50 [O(1)]
  14: f37->f45, G: -max{0, -G} [O(n)]
  14: f37->f45, H: -max{0, -H} [O(n)]
  14: f37->f45, I: -max{0, -I} [O(n)]
  4: f45->f45, A: 1 [O(1)]
  4: f45->f45, B: -max{0, -J} [O(n)]
  4: f45->f45, C: -max{0, -K} [O(n)]
  4: f45->f45, D: 0 [O(1)]
  4: f45->f45, E: 0 [O(1)]
  4: f45->f45, F: 0 [O(1)]
  4: f45->f45, G: -max{0, -G} [O(n)]
  4: f45->f45, H: -max{0, -H} [O(n)]
  4: f45->f45, I: -max{0, -I} [O(n)]
  13: f45->f55, A: 50 [O(1)]
  13: f45->f55, B: -max{0, -J} [O(n)]
  13: f45->f55, C: -max{0, -K} [O(n)]
  13: f45->f55, D: 50 [O(1)]
  13: f45->f55, E: 50 [O(1)]
  13: f45->f55, F: 50 [O(1)]
  13: f45->f55, G: 0 [O(1)]
  13: f45->f55, H: -max{0, -H} [O(n)]
  13: f45->f55, I: -max{0, -I} [O(n)]
  5: f55->f55, A: 0 [O(1)]
  5: f55->f55, B: -max{0, -J} [O(n)]
  5: f55->f55, C: -max{0, -K} [O(n)]
  5: f55->f55, D: 0 [O(1)]
  5: f55->f55, E: 0 [O(1)]
  5: f55->f55, F: 0 [O(1)]
  5: f55->f55, G: 1 [O(1)]
  5: f55->f55, H: -max{0, -H} [O(n)]
  5: f55->f55, I: -max{0, -I} [O(n)]
  12: f55->f65, A: 50 [O(1)]
  12: f55->f65, B: -max{0, -J} [O(n)]
  12: f55->f65, C: -max{0, -K} [O(n)]
  12: f55->f65, D: 50 [O(1)]
  12: f55->f65, E: 50 [O(1)]
  12: f55->f65, F: 50 [O(1)]
  12: f55->f65, G: 50 [O(1)]
  12: f55->f65, H: 0 [O(1)]
  12: f55->f65, I: -max{0, -I} [O(n)]
  6: f65->f65, A: 0 [O(1)]
  6: f65->f65, B: -max{0, -J} [O(n)]
  6: f65->f65, C: -max{0, -K} [O(n)]
  6: f65->f65, D: 0 [O(1)]
  6: f65->f65, E: 0 [O(1)]
  6: f65->f65, F: 0 [O(1)]
  6: f65->f65, G: 0 [O(1)]
  6: f65->f65, H: 1 [O(1)]
  6: f65->f65, I: -max{0, -I} [O(n)]
  11: f65->f75, A: 50 [O(1)]
  11: f65->f75, B: -max{0, -J} [O(n)]
  11: f65->f75, C: -max{0, -K} [O(n)]
  11: f65->f75, D: 50 [O(1)]
  11: f65->f75, E: 50 [O(1)]
  11: f65->f75, F: 50 [O(1)]
  11: f65->f75, G: 50 [O(1)]
  11: f65->f75, H: 50 [O(1)]
  11: f65->f75, I: 0 [O(1)]
  7: f75->f75, A: 0 [O(1)]
  7: f75->f75, B: -max{0, -J} [O(n)]
  7: f75->f75, C: -max{0, -K} [O(n)]
  7: f75->f75, D: 0 [O(1)]
  7: f75->f75, E: 0 [O(1)]
  7: f75->f75, F: 0 [O(1)]
  7: f75->f75, G: 0 [O(1)]
  7: f75->f75, H: 0 [O(1)]
  7: f75->f75, I: 1 [O(1)]
  10: f75->f83, A: 0 [O(1)]
  10: f75->f83, B: -max{0, -J} [O(n)]
  10: f75->f83, C: -max{0, -K} [O(n)]
  10: f75->f83, D: 50 [O(1)]
  10: f75->f83, E: 50 [O(1)]
  10: f75->f83, F: 50 [O(1)]
  10: f75->f83, G: 50 [O(1)]
  10: f75->f83, H: 50 [O(1)]
  10: f75->f83, I: 50 [O(1)]
  8: f83->f83, A: 1 [O(1)]
  8: f83->f83, B: -max{0, -J} [O(n)]
  8: f83->f83, C: -max{0, -K} [O(n)]
  8: f83->f83, D: 0 [O(1)]
  8: f83->f83, E: 0 [O(1)]
  8: f83->f83, F: 0 [O(1)]
  8: f83->f83, G: 0 [O(1)]
  8: f83->f83, H: 0 [O(1)]
  8: f83->f83, I: 0 [O(1)]
  9: f83->f93, A: 50 [O(1)]
  9: f83->f93, B: -max{0, -J} [O(n)]
  9: f83->f93, C: -max{0, -K} [O(n)]
  9: f83->f93, D: 50 [O(1)]
  9: f83->f93, E: 50 [O(1)]
  9: f83->f93, F: 50 [O(1)]
  9: f83->f93, G: 50 [O(1)]
  9: f83->f93, H: 50 [O(1)]
  9: f83->f93, I: 50 [O(1)]
`Upper:
  0: f0->f17, A: 0 [O(1)]
  0: f0->f17, B: J [O(n)]
  0: f0->f17, C: K [O(n)]
  0: f0->f17, D: 0 [O(1)]
  0: f0->f17, E: E [O(n)]
  0: f0->f17, F: F [O(n)]
  0: f0->f17, G: G [O(n)]
  0: f0->f17, H: H [O(n)]
  0: f0->f17, I: I [O(n)]
  1: f17->f17, A: 0 [O(1)]
  1: f17->f17, B: max{0, J} [O(n)]
  1: f17->f17, C: max{0, K} [O(n)]
  1: f17->f17, D: 50 [O(1)]
  1: f17->f17, E: max{0, E} [O(n)]
  1: f17->f17, F: max{0, F} [O(n)]
  1: f17->f17, G: max{0, G} [O(n)]
  1: f17->f17, H: max{0, H} [O(n)]
  1: f17->f17, I: max{0, I} [O(n)]
  16: f17->f27, A: 0 [O(1)]
  16: f17->f27, B: max{0, J} [O(n)]
  16: f17->f27, C: max{0, K} [O(n)]
  16: f17->f27, D: 50 [O(1)]
  16: f17->f27, E: 0 [O(1)]
  16: f17->f27, F: max{0, F} [O(n)]
  16: f17->f27, G: max{0, G} [O(n)]
  16: f17->f27, H: max{0, H} [O(n)]
  16: f17->f27, I: max{0, I} [O(n)]
  2: f27->f27, A: 0 [O(1)]
  2: f27->f27, B: max{0, J} [O(n)]
  2: f27->f27, C: max{0, K} [O(n)]
  2: f27->f27, D: 50 [O(1)]
  2: f27->f27, E: 50 [O(1)]
  2: f27->f27, F: max{0, F} [O(n)]
  2: f27->f27, G: max{0, G} [O(n)]
  2: f27->f27, H: max{0, H} [O(n)]
  2: f27->f27, I: max{0, I} [O(n)]
  15: f27->f37, A: 0 [O(1)]
  15: f27->f37, B: max{0, J} [O(n)]
  15: f27->f37, C: max{0, K} [O(n)]
  15: f27->f37, D: 50 [O(1)]
  15: f27->f37, E: 50 [O(1)]
  15: f27->f37, F: 0 [O(1)]
  15: f27->f37, G: max{0, G} [O(n)]
  15: f27->f37, H: max{0, H} [O(n)]
  15: f27->f37, I: max{0, I} [O(n)]
  3: f37->f37, A: 0 [O(1)]
  3: f37->f37, B: max{0, J} [O(n)]
  3: f37->f37, C: max{0, K} [O(n)]
  3: f37->f37, D: 50 [O(1)]
  3: f37->f37, E: 50 [O(1)]
  3: f37->f37, F: 50 [O(1)]
  3: f37->f37, G: max{0, G} [O(n)]
  3: f37->f37, H: max{0, H} [O(n)]
  3: f37->f37, I: max{0, I} [O(n)]
  14: f37->f45, A: 0 [O(1)]
  14: f37->f45, B: max{0, J} [O(n)]
  14: f37->f45, C: max{0, K} [O(n)]
  14: f37->f45, D: 50 [O(1)]
  14: f37->f45, E: 50 [O(1)]
  14: f37->f45, F: 50 [O(1)]
  14: f37->f45, G: max{0, G} [O(n)]
  14: f37->f45, H: max{0, H} [O(n)]
  14: f37->f45, I: max{0, I} [O(n)]
  4: f45->f45, A: 50 [O(1)]
  4: f45->f45, B: max{0, J} [O(n)]
  4: f45->f45, C: max{0, K} [O(n)]
  4: f45->f45, D: 50 [O(1)]
  4: f45->f45, E: 50 [O(1)]
  4: f45->f45, F: 50 [O(1)]
  4: f45->f45, G: max{0, G} [O(n)]
  4: f45->f45, H: max{0, H} [O(n)]
  4: f45->f45, I: max{0, I} [O(n)]
  13: f45->f55, A: 50 [O(1)]
  13: f45->f55, B: max{0, J} [O(n)]
  13: f45->f55, C: max{0, K} [O(n)]
  13: f45->f55, D: 50 [O(1)]
  13: f45->f55, E: 50 [O(1)]
  13: f45->f55, F: 50 [O(1)]
  13: f45->f55, G: 0 [O(1)]
  13: f45->f55, H: max{0, H} [O(n)]
  13: f45->f55, I: max{0, I} [O(n)]
  5: f55->f55, A: 50 [O(1)]
  5: f55->f55, B: max{0, J} [O(n)]
  5: f55->f55, C: max{0, K} [O(n)]
  5: f55->f55, D: 50 [O(1)]
  5: f55->f55, E: 50 [O(1)]
  5: f55->f55, F: 50 [O(1)]
  5: f55->f55, G: 50 [O(1)]
  5: f55->f55, H: max{0, H} [O(n)]
  5: f55->f55, I: max{0, I} [O(n)]
  12: f55->f65, A: 50 [O(1)]
  12: f55->f65, B: max{0, J} [O(n)]
  12: f55->f65, C: max{0, K} [O(n)]
  12: f55->f65, D: 50 [O(1)]
  12: f55->f65, E: 50 [O(1)]
  12: f55->f65, F: 50 [O(1)]
  12: f55->f65, G: 50 [O(1)]
  12: f55->f65, H: 0 [O(1)]
  12: f55->f65, I: max{0, I} [O(n)]
  6: f65->f65, A: 50 [O(1)]
  6: f65->f65, B: max{0, J} [O(n)]
  6: f65->f65, C: max{0, K} [O(n)]
  6: f65->f65, D: 50 [O(1)]
  6: f65->f65, E: 50 [O(1)]
  6: f65->f65, F: 50 [O(1)]
  6: f65->f65, G: 50 [O(1)]
  6: f65->f65, H: 50 [O(1)]
  6: f65->f65, I: max{0, I} [O(n)]
  11: f65->f75, A: 50 [O(1)]
  11: f65->f75, B: max{0, J} [O(n)]
  11: f65->f75, C: max{0, K} [O(n)]
  11: f65->f75, D: 50 [O(1)]
  11: f65->f75, E: 50 [O(1)]
  11: f65->f75, F: 50 [O(1)]
  11: f65->f75, G: 50 [O(1)]
  11: f65->f75, H: 50 [O(1)]
  11: f65->f75, I: 0 [O(1)]
  7: f75->f75, A: 50 [O(1)]
  7: f75->f75, B: max{0, J} [O(n)]
  7: f75->f75, C: max{0, K} [O(n)]
  7: f75->f75, D: 50 [O(1)]
  7: f75->f75, E: 50 [O(1)]
  7: f75->f75, F: 50 [O(1)]
  7: f75->f75, G: 50 [O(1)]
  7: f75->f75, H: 50 [O(1)]
  7: f75->f75, I: 50 [O(1)]
  10: f75->f83, A: 0 [O(1)]
  10: f75->f83, B: max{0, J} [O(n)]
  10: f75->f83, C: max{0, K} [O(n)]
  10: f75->f83, D: 50 [O(1)]
  10: f75->f83, E: 50 [O(1)]
  10: f75->f83, F: 50 [O(1)]
  10: f75->f83, G: 50 [O(1)]
  10: f75->f83, H: 50 [O(1)]
  10: f75->f83, I: 50 [O(1)]
  8: f83->f83, A: 50 [O(1)]
  8: f83->f83, B: max{0, J} [O(n)]
  8: f83->f83, C: max{0, K} [O(n)]
  8: f83->f83, D: 50 [O(1)]
  8: f83->f83, E: 50 [O(1)]
  8: f83->f83, F: 50 [O(1)]
  8: f83->f83, G: 50 [O(1)]
  8: f83->f83, H: 50 [O(1)]
  8: f83->f83, I: 50 [O(1)]
  9: f83->f93, A: 50 [O(1)]
  9: f83->f93, B: max{0, J} [O(n)]
  9: f83->f93, C: max{0, K} [O(n)]
  9: f83->f93, D: 50 [O(1)]
  9: f83->f93, E: 50 [O(1)]
  9: f83->f93, F: 50 [O(1)]
  9: f83->f93, G: 50 [O(1)]
  9: f83->f93, H: 50 [O(1)]
  9: f83->f93, I: 50 [O(1)]
