Timebounds: 
  Overall timebound: 307 [O(1)]
  0: f0->f15: 1 [O(1)]
  1: f15->f15: 50 [O(1)]
  12: f15->f25: 1 [O(1)]
  2: f25->f25: 50 [O(1)]
  11: f25->f33: 1 [O(1)]
  3: f33->f33: 50 [O(1)]
  10: f33->f42: 1 [O(1)]
  4: f42->f42: 50 [O(1)]
  9: f42->f52: 1 [O(1)]
  5: f52->f52: 50 [O(1)]
  8: f52->f60: 1 [O(1)]
  6: f60->f60: 50 [O(1)]
  7: f60->f69: 1 [O(1)]

Costbounds:
  Overall costbound: 307 [O(1)]
  0: f0->f15: 1 [O(1)]
  1: f15->f15: 50 [O(1)]
  12: f15->f25: 1 [O(1)]
  2: f25->f25: 50 [O(1)]
  11: f25->f33: 1 [O(1)]
  3: f33->f33: 50 [O(1)]
  10: f33->f42: 1 [O(1)]
  4: f42->f42: 50 [O(1)]
  9: f42->f52: 1 [O(1)]
  5: f52->f52: 50 [O(1)]
  8: f52->f60: 1 [O(1)]
  6: f60->f60: 50 [O(1)]
  7: f60->f69: 1 [O(1)]

Sizebounds:
`Lower:
  0: f0->f15, A: 0 [O(1)]
  0: f0->f15, B: H [O(n)]
  0: f0->f15, C: I [O(n)]
  0: f0->f15, D: 0 [O(1)]
  0: f0->f15, E: E [O(n)]
  0: f0->f15, F: F [O(n)]
  0: f0->f15, G: G [O(n)]
  1: f15->f15, A: 0 [O(1)]
  1: f15->f15, B: -max{0, -H} [O(n)]
  1: f15->f15, C: -max{0, -I} [O(n)]
  1: f15->f15, D: 1 [O(1)]
  1: f15->f15, E: -max{0, -E} [O(n)]
  1: f15->f15, F: -max{0, -F} [O(n)]
  1: f15->f15, G: -max{0, -G} [O(n)]
  12: f15->f25, A: 0 [O(1)]
  12: f15->f25, B: -max{0, -H} [O(n)]
  12: f15->f25, C: -max{0, -I} [O(n)]
  12: f15->f25, D: 50 [O(1)]
  12: f15->f25, E: 0 [O(1)]
  12: f15->f25, F: -max{0, -F} [O(n)]
  12: f15->f25, G: -max{0, -G} [O(n)]
  2: f25->f25, A: 0 [O(1)]
  2: f25->f25, B: -max{0, -H} [O(n)]
  2: f25->f25, C: -max{0, -I} [O(n)]
  2: f25->f25, D: 0 [O(1)]
  2: f25->f25, E: 1 [O(1)]
  2: f25->f25, F: -max{0, -F} [O(n)]
  2: f25->f25, G: -max{0, -G} [O(n)]
  11: f25->f33, A: 0 [O(1)]
  11: f25->f33, B: -max{0, -H} [O(n)]
  11: f25->f33, C: -max{0, -I} [O(n)]
  11: f25->f33, D: 50 [O(1)]
  11: f25->f33, E: 50 [O(1)]
  11: f25->f33, F: -max{0, -F} [O(n)]
  11: f25->f33, G: -max{0, -G} [O(n)]
  3: f33->f33, A: 1 [O(1)]
  3: f33->f33, B: -max{0, -H} [O(n)]
  3: f33->f33, C: -max{0, -I} [O(n)]
  3: f33->f33, D: 0 [O(1)]
  3: f33->f33, E: 0 [O(1)]
  3: f33->f33, F: -max{0, -F} [O(n)]
  3: f33->f33, G: -max{0, -G} [O(n)]
  10: f33->f42, A: 50 [O(1)]
  10: f33->f42, B: -max{0, -H} [O(n)]
  10: f33->f42, C: -max{0, -I} [O(n)]
  10: f33->f42, D: 50 [O(1)]
  10: f33->f42, E: 50 [O(1)]
  10: f33->f42, F: 0 [O(1)]
  10: f33->f42, G: -max{0, -G} [O(n)]
  4: f42->f42, A: 0 [O(1)]
  4: f42->f42, B: -max{0, -H} [O(n)]
  4: f42->f42, C: -max{0, -I} [O(n)]
  4: f42->f42, D: 0 [O(1)]
  4: f42->f42, E: 0 [O(1)]
  4: f42->f42, F: 1 [O(1)]
  4: f42->f42, G: -max{0, -G} [O(n)]
  9: f42->f52, A: 50 [O(1)]
  9: f42->f52, B: -max{0, -H} [O(n)]
  9: f42->f52, C: -max{0, -I} [O(n)]
  9: f42->f52, D: 50 [O(1)]
  9: f42->f52, E: 50 [O(1)]
  9: f42->f52, F: 50 [O(1)]
  9: f42->f52, G: 0 [O(1)]
  5: f52->f52, A: 0 [O(1)]
  5: f52->f52, B: -max{0, -H} [O(n)]
  5: f52->f52, C: -max{0, -I} [O(n)]
  5: f52->f52, D: 0 [O(1)]
  5: f52->f52, E: 0 [O(1)]
  5: f52->f52, F: 0 [O(1)]
  5: f52->f52, G: 1 [O(1)]
  8: f52->f60, A: 0 [O(1)]
  8: f52->f60, B: -max{0, -H} [O(n)]
  8: f52->f60, C: -max{0, -I} [O(n)]
  8: f52->f60, D: 50 [O(1)]
  8: f52->f60, E: 50 [O(1)]
  8: f52->f60, F: 50 [O(1)]
  8: f52->f60, G: 50 [O(1)]
  6: f60->f60, A: 1 [O(1)]
  6: f60->f60, B: -max{0, -H} [O(n)]
  6: f60->f60, C: -max{0, -I} [O(n)]
  6: f60->f60, D: 0 [O(1)]
  6: f60->f60, E: 0 [O(1)]
  6: f60->f60, F: 0 [O(1)]
  6: f60->f60, G: 0 [O(1)]
  7: f60->f69, A: 50 [O(1)]
  7: f60->f69, B: -max{0, -H} [O(n)]
  7: f60->f69, C: -max{0, -I} [O(n)]
  7: f60->f69, D: 50 [O(1)]
  7: f60->f69, E: 50 [O(1)]
  7: f60->f69, F: 50 [O(1)]
  7: f60->f69, G: 50 [O(1)]
`Upper:
  0: f0->f15, A: 0 [O(1)]
  0: f0->f15, B: H [O(n)]
  0: f0->f15, C: I [O(n)]
  0: f0->f15, D: 0 [O(1)]
  0: f0->f15, E: E [O(n)]
  0: f0->f15, F: F [O(n)]
  0: f0->f15, G: G [O(n)]
  1: f15->f15, A: 0 [O(1)]
  1: f15->f15, B: max{0, H} [O(n)]
  1: f15->f15, C: max{0, I} [O(n)]
  1: f15->f15, D: 50 [O(1)]
  1: f15->f15, E: max{0, E} [O(n)]
  1: f15->f15, F: max{0, F} [O(n)]
  1: f15->f15, G: max{0, G} [O(n)]
  12: f15->f25, A: 0 [O(1)]
  12: f15->f25, B: max{0, H} [O(n)]
  12: f15->f25, C: max{0, I} [O(n)]
  12: f15->f25, D: 50 [O(1)]
  12: f15->f25, E: 0 [O(1)]
  12: f15->f25, F: max{0, F} [O(n)]
  12: f15->f25, G: max{0, G} [O(n)]
  2: f25->f25, A: 0 [O(1)]
  2: f25->f25, B: max{0, H} [O(n)]
  2: f25->f25, C: max{0, I} [O(n)]
  2: f25->f25, D: 50 [O(1)]
  2: f25->f25, E: 50 [O(1)]
  2: f25->f25, F: max{0, F} [O(n)]
  2: f25->f25, G: max{0, G} [O(n)]
  11: f25->f33, A: 0 [O(1)]
  11: f25->f33, B: max{0, H} [O(n)]
  11: f25->f33, C: max{0, I} [O(n)]
  11: f25->f33, D: 50 [O(1)]
  11: f25->f33, E: 50 [O(1)]
  11: f25->f33, F: max{0, F} [O(n)]
  11: f25->f33, G: max{0, G} [O(n)]
  3: f33->f33, A: 50 [O(1)]
  3: f33->f33, B: max{0, H} [O(n)]
  3: f33->f33, C: max{0, I} [O(n)]
  3: f33->f33, D: 50 [O(1)]
  3: f33->f33, E: 50 [O(1)]
  3: f33->f33, F: max{0, F} [O(n)]
  3: f33->f33, G: max{0, G} [O(n)]
  10: f33->f42, A: 50 [O(1)]
  10: f33->f42, B: max{0, H} [O(n)]
  10: f33->f42, C: max{0, I} [O(n)]
  10: f33->f42, D: 50 [O(1)]
  10: f33->f42, E: 50 [O(1)]
  10: f33->f42, F: 0 [O(1)]
  10: f33->f42, G: max{0, G} [O(n)]
  4: f42->f42, A: 50 [O(1)]
  4: f42->f42, B: max{0, H} [O(n)]
  4: f42->f42, C: max{0, I} [O(n)]
  4: f42->f42, D: 50 [O(1)]
  4: f42->f42, E: 50 [O(1)]
  4: f42->f42, F: 50 [O(1)]
  4: f42->f42, G: max{0, G} [O(n)]
  9: f42->f52, A: 50 [O(1)]
  9: f42->f52, B: max{0, H} [O(n)]
  9: f42->f52, C: max{0, I} [O(n)]
  9: f42->f52, D: 50 [O(1)]
  9: f42->f52, E: 50 [O(1)]
  9: f42->f52, F: 50 [O(1)]
  9: f42->f52, G: 0 [O(1)]
  5: f52->f52, A: 50 [O(1)]
  5: f52->f52, B: max{0, H} [O(n)]
  5: f52->f52, C: max{0, I} [O(n)]
  5: f52->f52, D: 50 [O(1)]
  5: f52->f52, E: 50 [O(1)]
  5: f52->f52, F: 50 [O(1)]
  5: f52->f52, G: 50 [O(1)]
  8: f52->f60, A: 0 [O(1)]
  8: f52->f60, B: max{0, H} [O(n)]
  8: f52->f60, C: max{0, I} [O(n)]
  8: f52->f60, D: 50 [O(1)]
  8: f52->f60, E: 50 [O(1)]
  8: f52->f60, F: 50 [O(1)]
  8: f52->f60, G: 50 [O(1)]
  6: f60->f60, A: 50 [O(1)]
  6: f60->f60, B: max{0, H} [O(n)]
  6: f60->f60, C: max{0, I} [O(n)]
  6: f60->f60, D: 50 [O(1)]
  6: f60->f60, E: 50 [O(1)]
  6: f60->f60, F: 50 [O(1)]
  6: f60->f60, G: 50 [O(1)]
  7: f60->f69, A: 50 [O(1)]
  7: f60->f69, B: max{0, H} [O(n)]
  7: f60->f69, C: max{0, I} [O(n)]
  7: f60->f69, D: 50 [O(1)]
  7: f60->f69, E: 50 [O(1)]
  7: f60->f69, F: 50 [O(1)]
  7: f60->f69, G: 50 [O(1)]
