Timebounds: 
  Overall timebound: 7+2*max{0, max{0, E}+max{-1, -1+E}}+max{0, max{-1, -1+E}+max{0, E}}+max{0, E}+max{0, E}+max{0, 3*max{0, E}}+max{0, E}+max{2, 2+E} [O(n)]
  0: f0->f17: 1 [O(1)]
  1: f17->f17: max{0, E} [O(n)]
  16: f17->f27: 1 [O(1)]
  2: f27->f27: max{0, max{0, E}+max{-1, -1+E}} [O(n)]
  15: f27->f37: 1 [O(1)]
  3: f37->f37: max{0, 3*max{0, E}} [O(n)]
  14: f37->f45: 1 [O(1)]
  4: f45->f45: max{0, E} [O(n)]
  13: f45->f55: 1 [O(1)]
  5: f55->f55: max{0, E} [O(n)]
  12: f55->f65: 1 [O(1)]
  6: f65->f65: max{0, max{0, E}+max{-1, -1+E}} [O(n)]
  11: f65->f75: 1 [O(1)]
  7: f75->f75: max{0, E} [O(n)]
  10: f75->f83: 1 [O(1)]
  8: f83->f83: max{0, max{-1, -1+E}+max{0, E}} [O(n)]
  9: f83->f93: 1 [O(1)]

Costbounds:
  Overall costbound: 7+2*max{0, max{0, E}+max{-1, -1+E}}+max{0, max{-1, -1+E}+max{0, E}}+max{0, E}+max{0, E}+max{0, 3*max{0, E}}+max{0, E}+max{2, 2+E} [O(n)]
  0: f0->f17: 1 [O(1)]
  1: f17->f17: max{0, E} [O(n)]
  16: f17->f27: 1 [O(1)]
  2: f27->f27: max{0, max{0, E}+max{-1, -1+E}} [O(n)]
  15: f27->f37: 1 [O(1)]
  3: f37->f37: max{0, 3*max{0, E}} [O(n)]
  14: f37->f45: 1 [O(1)]
  4: f45->f45: max{0, E} [O(n)]
  13: f45->f55: 1 [O(1)]
  5: f55->f55: max{0, E} [O(n)]
  12: f55->f65: 1 [O(1)]
  6: f65->f65: max{0, max{0, E}+max{-1, -1+E}} [O(n)]
  11: f65->f75: 1 [O(1)]
  7: f75->f75: max{0, E} [O(n)]
  10: f75->f83: 1 [O(1)]
  8: f83->f83: max{0, max{-1, -1+E}+max{0, E}} [O(n)]
  9: f83->f93: 1 [O(1)]

Sizebounds:
`Lower:
  0: f0->f17, A: 0 [O(1)]
  0: f0->f17, B: K [O(n)]
  0: f0->f17, C: L [O(n)]
  0: f0->f17, D: 0 [O(1)]
  0: f0->f17, E: E [O(n)]
  0: f0->f17, F: F [O(n)]
  0: f0->f17, G: G [O(n)]
  0: f0->f17, H: H [O(n)]
  0: f0->f17, I: I [O(n)]
  0: f0->f17, J: J [O(n)]
  0: f0->f17, K: -inf [Infinity]
  0: f0->f17, L: -inf [Infinity]
  1: f17->f17, A: 0 [O(1)]
  1: f17->f17, B: K [O(n)]
  1: f17->f17, C: L [O(n)]
  1: f17->f17, D: 0 [O(1)]
  1: f17->f17, E: E [O(n)]
  1: f17->f17, F: F [O(n)]
  1: f17->f17, G: G [O(n)]
  1: f17->f17, H: H [O(n)]
  1: f17->f17, I: I [O(n)]
  1: f17->f17, J: J [O(n)]
  1: f17->f17, K: -inf [Infinity]
  1: f17->f17, L: -inf [Infinity]
  16: f17->f27, A: 0 [O(1)]
  16: f17->f27, B: K [O(n)]
  16: f17->f27, C: L [O(n)]
  16: f17->f27, D: 0 [O(1)]
  16: f17->f27, E: E [O(n)]
  16: f17->f27, F: -1+E [O(n)]
  16: f17->f27, G: G [O(n)]
  16: f17->f27, H: H [O(n)]
  16: f17->f27, I: I [O(n)]
  16: f17->f27, J: J [O(n)]
  16: f17->f27, K: -inf [Infinity]
  16: f17->f27, L: -inf [Infinity]
  2: f27->f27, A: 0 [O(1)]
  2: f27->f27, B: K [O(n)]
  2: f27->f27, C: L [O(n)]
  2: f27->f27, D: 0 [O(1)]
  2: f27->f27, E: 1 [O(1)]
  2: f27->f27, F: -1 [O(1)]
  2: f27->f27, G: G [O(n)]
  2: f27->f27, H: H [O(n)]
  2: f27->f27, I: I [O(n)]
  2: f27->f27, J: J [O(n)]
  2: f27->f27, K: -inf [Infinity]
  2: f27->f27, L: -inf [Infinity]
  15: f27->f37, A: 0 [O(1)]
  15: f27->f37, B: K [O(n)]
  15: f27->f37, C: L [O(n)]
  15: f27->f37, D: 0 [O(1)]
  15: f27->f37, E: -max{-1, -E} [O(n)]
  15: f27->f37, F: -max{1, 1-E} [O(n)]
  15: f27->f37, G: 0 [O(1)]
  15: f27->f37, H: H [O(n)]
  15: f27->f37, I: I [O(n)]
  15: f27->f37, J: J [O(n)]
  15: f27->f37, K: -inf [Infinity]
  15: f27->f37, L: -inf [Infinity]
  3: f37->f37, A: 0 [O(1)]
  3: f37->f37, B: K [O(n)]
  3: f37->f37, C: L [O(n)]
  3: f37->f37, D: 0 [O(1)]
  3: f37->f37, E: 1 [O(1)]
  3: f37->f37, F: -inf [Infinity]
  3: f37->f37, G: 1 [O(1)]
  3: f37->f37, H: H [O(n)]
  3: f37->f37, I: I [O(n)]
  3: f37->f37, J: J [O(n)]
  3: f37->f37, K: -inf [Infinity]
  3: f37->f37, L: -inf [Infinity]
  14: f37->f45, A: 0 [O(1)]
  14: f37->f45, B: K [O(n)]
  14: f37->f45, C: L [O(n)]
  14: f37->f45, D: 0 [O(1)]
  14: f37->f45, E: -max{-1, -1, -E} [O(n)]
  14: f37->f45, F: -inf [Infinity]
  14: f37->f45, G: 0 [O(1)]
  14: f37->f45, H: H [O(n)]
  14: f37->f45, I: I [O(n)]
  14: f37->f45, J: J [O(n)]
  14: f37->f45, K: -inf [Infinity]
  14: f37->f45, L: -inf [Infinity]
  4: f45->f45, A: 0 [O(1)]
  4: f45->f45, B: K [O(n)]
  4: f45->f45, C: L [O(n)]
  4: f45->f45, D: 0 [O(1)]
  4: f45->f45, E: 1 [O(1)]
  4: f45->f45, F: -inf [Infinity]
  4: f45->f45, G: 1 [O(1)]
  4: f45->f45, H: H [O(n)]
  4: f45->f45, I: I [O(n)]
  4: f45->f45, J: J [O(n)]
  4: f45->f45, K: -inf [Infinity]
  4: f45->f45, L: -inf [Infinity]
  13: f45->f55, A: 0 [O(1)]
  13: f45->f55, B: K [O(n)]
  13: f45->f55, C: L [O(n)]
  13: f45->f55, D: 0 [O(1)]
  13: f45->f55, E: -max{-1, -1, max{-1, -E}} [O(n)]
  13: f45->f55, F: -inf [Infinity]
  13: f45->f55, G: 0 [O(1)]
  13: f45->f55, H: 0 [O(1)]
  13: f45->f55, I: I [O(n)]
  13: f45->f55, J: J [O(n)]
  13: f45->f55, K: -inf [Infinity]
  13: f45->f55, L: -inf [Infinity]
  5: f55->f55, A: 0 [O(1)]
  5: f55->f55, B: K [O(n)]
  5: f55->f55, C: L [O(n)]
  5: f55->f55, D: 0 [O(1)]
  5: f55->f55, E: 1 [O(1)]
  5: f55->f55, F: -inf [Infinity]
  5: f55->f55, G: 1 [O(1)]
  5: f55->f55, H: 1 [O(1)]
  5: f55->f55, I: I [O(n)]
  5: f55->f55, J: J [O(n)]
  5: f55->f55, K: -inf [Infinity]
  5: f55->f55, L: -inf [Infinity]
  12: f55->f65, A: 0 [O(1)]
  12: f55->f65, B: K [O(n)]
  12: f55->f65, C: L [O(n)]
  12: f55->f65, D: 0 [O(1)]
  12: f55->f65, E: -inf [Infinity]
  12: f55->f65, F: -inf [Infinity]
  12: f55->f65, G: 0 [O(1)]
  12: f55->f65, H: 0 [O(1)]
  12: f55->f65, I: -inf [Infinity]
  12: f55->f65, J: J [O(n)]
  12: f55->f65, K: -inf [Infinity]
  12: f55->f65, L: -inf [Infinity]
  6: f65->f65, A: 0 [O(1)]
  6: f65->f65, B: K [O(n)]
  6: f65->f65, C: L [O(n)]
  6: f65->f65, D: 0 [O(1)]
  6: f65->f65, E: 1 [O(1)]
  6: f65->f65, F: -inf [Infinity]
  6: f65->f65, G: 1 [O(1)]
  6: f65->f65, H: 1 [O(1)]
  6: f65->f65, I: -1 [O(1)]
  6: f65->f65, J: J [O(n)]
  6: f65->f65, K: -inf [Infinity]
  6: f65->f65, L: -inf [Infinity]
  11: f65->f75, A: 0 [O(1)]
  11: f65->f75, B: K [O(n)]
  11: f65->f75, C: L [O(n)]
  11: f65->f75, D: 0 [O(1)]
  11: f65->f75, E: -inf [Infinity]
  11: f65->f75, F: -inf [Infinity]
  11: f65->f75, G: 0 [O(1)]
  11: f65->f75, H: 0 [O(1)]
  11: f65->f75, I: -inf [Infinity]
  11: f65->f75, J: 0 [O(1)]
  11: f65->f75, K: -inf [Infinity]
  11: f65->f75, L: -inf [Infinity]
  7: f75->f75, A: 0 [O(1)]
  7: f75->f75, B: K [O(n)]
  7: f75->f75, C: L [O(n)]
  7: f75->f75, D: 0 [O(1)]
  7: f75->f75, E: 1 [O(1)]
  7: f75->f75, F: -inf [Infinity]
  7: f75->f75, G: 1 [O(1)]
  7: f75->f75, H: 1 [O(1)]
  7: f75->f75, I: -inf [Infinity]
  7: f75->f75, J: 1 [O(1)]
  7: f75->f75, K: -inf [Infinity]
  7: f75->f75, L: -inf [Infinity]
  10: f75->f83, A: -inf [Infinity]
  10: f75->f83, B: K [O(n)]
  10: f75->f83, C: L [O(n)]
  10: f75->f83, D: 0 [O(1)]
  10: f75->f83, E: -inf [Infinity]
  10: f75->f83, F: -inf [Infinity]
  10: f75->f83, G: 0 [O(1)]
  10: f75->f83, H: 0 [O(1)]
  10: f75->f83, I: -inf [Infinity]
  10: f75->f83, J: 0 [O(1)]
  10: f75->f83, K: -inf [Infinity]
  10: f75->f83, L: -inf [Infinity]
  8: f83->f83, A: -inf [Infinity]
  8: f83->f83, B: K [O(n)]
  8: f83->f83, C: L [O(n)]
  8: f83->f83, D: 0 [O(1)]
  8: f83->f83, E: 1 [O(1)]
  8: f83->f83, F: -inf [Infinity]
  8: f83->f83, G: 1 [O(1)]
  8: f83->f83, H: 1 [O(1)]
  8: f83->f83, I: -inf [Infinity]
  8: f83->f83, J: 1 [O(1)]
  8: f83->f83, K: -inf [Infinity]
  8: f83->f83, L: -inf [Infinity]
  9: f83->f93, A: -inf [Infinity]
  9: f83->f93, B: K [O(n)]
  9: f83->f93, C: L [O(n)]
  9: f83->f93, D: 0 [O(1)]
  9: f83->f93, E: -inf [Infinity]
  9: f83->f93, F: -inf [Infinity]
  9: f83->f93, G: 0 [O(1)]
  9: f83->f93, H: 0 [O(1)]
  9: f83->f93, I: -inf [Infinity]
  9: f83->f93, J: 0 [O(1)]
  9: f83->f93, K: -inf [Infinity]
  9: f83->f93, L: -inf [Infinity]
`Upper:
  0: f0->f17, A: 0 [O(1)]
  0: f0->f17, B: K [O(n)]
  0: f0->f17, C: L [O(n)]
  0: f0->f17, D: 0 [O(1)]
  0: f0->f17, E: E [O(n)]
  0: f0->f17, F: F [O(n)]
  0: f0->f17, G: G [O(n)]
  0: f0->f17, H: H [O(n)]
  0: f0->f17, I: I [O(n)]
  0: f0->f17, J: J [O(n)]
  0: f0->f17, K: inf [Infinity]
  0: f0->f17, L: inf [Infinity]
  1: f17->f17, A: 0 [O(1)]
  1: f17->f17, B: K [O(n)]
  1: f17->f17, C: L [O(n)]
  1: f17->f17, D: max{0, E} [O(n)]
  1: f17->f17, E: E [O(n)]
  1: f17->f17, F: F [O(n)]
  1: f17->f17, G: G [O(n)]
  1: f17->f17, H: H [O(n)]
  1: f17->f17, I: I [O(n)]
  1: f17->f17, J: J [O(n)]
  1: f17->f17, K: inf [Infinity]
  1: f17->f17, L: inf [Infinity]
  16: f17->f27, A: 0 [O(1)]
  16: f17->f27, B: K [O(n)]
  16: f17->f27, C: L [O(n)]
  16: f17->f27, D: max{0, E} [O(n)]
  16: f17->f27, E: max{0, E} [O(n)]
  16: f17->f27, F: max{-1, -1+E} [O(n)]
  16: f17->f27, G: G [O(n)]
  16: f17->f27, H: H [O(n)]
  16: f17->f27, I: I [O(n)]
  16: f17->f27, J: J [O(n)]
  16: f17->f27, K: inf [Infinity]
  16: f17->f27, L: inf [Infinity]
  2: f27->f27, A: 0 [O(1)]
  2: f27->f27, B: K [O(n)]
  2: f27->f27, C: L [O(n)]
  2: f27->f27, D: max{0, E} [O(n)]
  2: f27->f27, E: max{0, E} [O(n)]
  2: f27->f27, F: max{-2, -2+E} [O(n)]
  2: f27->f27, G: G [O(n)]
  2: f27->f27, H: H [O(n)]
  2: f27->f27, I: I [O(n)]
  2: f27->f27, J: J [O(n)]
  2: f27->f27, K: inf [Infinity]
  2: f27->f27, L: inf [Infinity]
  15: f27->f37, A: 0 [O(1)]
  15: f27->f37, B: K [O(n)]
  15: f27->f37, C: L [O(n)]
  15: f27->f37, D: max{0, E} [O(n)]
  15: f27->f37, E: max{0, E} [O(n)]
  15: f27->f37, F: -1 [O(1)]
  15: f27->f37, G: 0 [O(1)]
  15: f27->f37, H: H [O(n)]
  15: f27->f37, I: I [O(n)]
  15: f27->f37, J: J [O(n)]
  15: f27->f37, K: inf [Infinity]
  15: f27->f37, L: inf [Infinity]
  3: f37->f37, A: 0 [O(1)]
  3: f37->f37, B: K [O(n)]
  3: f37->f37, C: L [O(n)]
  3: f37->f37, D: max{0, E} [O(n)]
  3: f37->f37, E: max{0, E} [O(n)]
  3: f37->f37, F: -1 [O(1)]
  3: f37->f37, G: max{0, E} [O(n)]
  3: f37->f37, H: H [O(n)]
  3: f37->f37, I: I [O(n)]
  3: f37->f37, J: J [O(n)]
  3: f37->f37, K: inf [Infinity]
  3: f37->f37, L: inf [Infinity]
  14: f37->f45, A: 0 [O(1)]
  14: f37->f45, B: K [O(n)]
  14: f37->f45, C: L [O(n)]
  14: f37->f45, D: max{0, E} [O(n)]
  14: f37->f45, E: max{0, E} [O(n)]
  14: f37->f45, F: -1 [O(1)]
  14: f37->f45, G: max{0, E} [O(n)]
  14: f37->f45, H: H [O(n)]
  14: f37->f45, I: I [O(n)]
  14: f37->f45, J: J [O(n)]
  14: f37->f45, K: inf [Infinity]
  14: f37->f45, L: inf [Infinity]
  4: f45->f45, A: max{0, E} [O(n)]
  4: f45->f45, B: K [O(n)]
  4: f45->f45, C: L [O(n)]
  4: f45->f45, D: max{0, E} [O(n)]
  4: f45->f45, E: max{0, E} [O(n)]
  4: f45->f45, F: -1 [O(1)]
  4: f45->f45, G: max{0, E} [O(n)]
  4: f45->f45, H: H [O(n)]
  4: f45->f45, I: I [O(n)]
  4: f45->f45, J: J [O(n)]
  4: f45->f45, K: inf [Infinity]
  4: f45->f45, L: inf [Infinity]
  13: f45->f55, A: max{0, E} [O(n)]
  13: f45->f55, B: K [O(n)]
  13: f45->f55, C: L [O(n)]
  13: f45->f55, D: max{0, E} [O(n)]
  13: f45->f55, E: max{0, E} [O(n)]
  13: f45->f55, F: -1 [O(1)]
  13: f45->f55, G: max{0, E} [O(n)]
  13: f45->f55, H: 0 [O(1)]
  13: f45->f55, I: I [O(n)]
  13: f45->f55, J: J [O(n)]
  13: f45->f55, K: inf [Infinity]
  13: f45->f55, L: inf [Infinity]
  5: f55->f55, A: max{0, E} [O(n)]
  5: f55->f55, B: K [O(n)]
  5: f55->f55, C: L [O(n)]
  5: f55->f55, D: max{0, E} [O(n)]
  5: f55->f55, E: max{0, E} [O(n)]
  5: f55->f55, F: -1 [O(1)]
  5: f55->f55, G: max{0, E} [O(n)]
  5: f55->f55, H: max{0, E} [O(n)]
  5: f55->f55, I: I [O(n)]
  5: f55->f55, J: J [O(n)]
  5: f55->f55, K: inf [Infinity]
  5: f55->f55, L: inf [Infinity]
  12: f55->f65, A: max{0, E} [O(n)]
  12: f55->f65, B: K [O(n)]
  12: f55->f65, C: L [O(n)]
  12: f55->f65, D: max{0, E} [O(n)]
  12: f55->f65, E: max{0, E} [O(n)]
  12: f55->f65, F: -1 [O(1)]
  12: f55->f65, G: max{0, E} [O(n)]
  12: f55->f65, H: max{0, E} [O(n)]
  12: f55->f65, I: max{-1, -1+E} [O(n)]
  12: f55->f65, J: J [O(n)]
  12: f55->f65, K: inf [Infinity]
  12: f55->f65, L: inf [Infinity]
  6: f65->f65, A: max{0, E} [O(n)]
  6: f65->f65, B: K [O(n)]
  6: f65->f65, C: L [O(n)]
  6: f65->f65, D: max{0, E} [O(n)]
  6: f65->f65, E: max{0, E} [O(n)]
  6: f65->f65, F: -1 [O(1)]
  6: f65->f65, G: max{0, E} [O(n)]
  6: f65->f65, H: max{0, E} [O(n)]
  6: f65->f65, I: max{-2, -2+E} [O(n)]
  6: f65->f65, J: J [O(n)]
  6: f65->f65, K: inf [Infinity]
  6: f65->f65, L: inf [Infinity]
  11: f65->f75, A: max{0, E} [O(n)]
  11: f65->f75, B: K [O(n)]
  11: f65->f75, C: L [O(n)]
  11: f65->f75, D: max{0, E} [O(n)]
  11: f65->f75, E: max{0, E} [O(n)]
  11: f65->f75, F: -1 [O(1)]
  11: f65->f75, G: max{0, E} [O(n)]
  11: f65->f75, H: max{0, E} [O(n)]
  11: f65->f75, I: -1 [O(1)]
  11: f65->f75, J: 0 [O(1)]
  11: f65->f75, K: inf [Infinity]
  11: f65->f75, L: inf [Infinity]
  7: f75->f75, A: max{0, E} [O(n)]
  7: f75->f75, B: K [O(n)]
  7: f75->f75, C: L [O(n)]
  7: f75->f75, D: max{0, E} [O(n)]
  7: f75->f75, E: max{0, E} [O(n)]
  7: f75->f75, F: -1 [O(1)]
  7: f75->f75, G: max{0, E} [O(n)]
  7: f75->f75, H: max{0, E} [O(n)]
  7: f75->f75, I: -1 [O(1)]
  7: f75->f75, J: max{0, E} [O(n)]
  7: f75->f75, K: inf [Infinity]
  7: f75->f75, L: inf [Infinity]
  10: f75->f83, A: max{-1, -1+E} [O(n)]
  10: f75->f83, B: K [O(n)]
  10: f75->f83, C: L [O(n)]
  10: f75->f83, D: max{0, E} [O(n)]
  10: f75->f83, E: max{0, E} [O(n)]
  10: f75->f83, F: -1 [O(1)]
  10: f75->f83, G: max{0, E} [O(n)]
  10: f75->f83, H: max{0, E} [O(n)]
  10: f75->f83, I: -1 [O(1)]
  10: f75->f83, J: max{0, E} [O(n)]
  10: f75->f83, K: inf [Infinity]
  10: f75->f83, L: inf [Infinity]
  8: f83->f83, A: max{-1, -1+E} [O(n)]
  8: f83->f83, B: K [O(n)]
  8: f83->f83, C: L [O(n)]
  8: f83->f83, D: max{0, E} [O(n)]
  8: f83->f83, E: max{0, E} [O(n)]
  8: f83->f83, F: -1 [O(1)]
  8: f83->f83, G: max{0, E} [O(n)]
  8: f83->f83, H: max{0, E} [O(n)]
  8: f83->f83, I: -1 [O(1)]
  8: f83->f83, J: max{0, E} [O(n)]
  8: f83->f83, K: inf [Infinity]
  8: f83->f83, L: inf [Infinity]
  9: f83->f93, A: -1 [O(1)]
  9: f83->f93, B: K [O(n)]
  9: f83->f93, C: L [O(n)]
  9: f83->f93, D: max{0, E} [O(n)]
  9: f83->f93, E: max{0, E} [O(n)]
  9: f83->f93, F: -1 [O(1)]
  9: f83->f93, G: max{0, E} [O(n)]
  9: f83->f93, H: max{0, E} [O(n)]
  9: f83->f93, I: -1 [O(1)]
  9: f83->f93, J: max{0, E} [O(n)]
  9: f83->f93, K: inf [Infinity]
  9: f83->f93, L: inf [Infinity]
