Timebounds: 
  Overall timebound: inf [Infinity]
  2: f2->f2: 4 [O(1)]
  3: f2->f2: 4 [O(1)]
  6: f2->f8: 1 [O(1)]
  7: f2->f8: 1 [O(1)]
  4: f23->f2: 1 [O(1)]
  5: f23->f2: 1 [O(1)]
  0: f8->f8: inf [Infinity]
  1: f8->f8: inf [Infinity]

Costbounds:
  Overall costbound: inf [Infinity]
  2: f2->f2: 4 [O(1)]
  3: f2->f2: 4 [O(1)]
  6: f2->f8: 1 [O(1)]
  7: f2->f8: 1 [O(1)]
  4: f23->f2: 1 [O(1)]
  5: f23->f2: 1 [O(1)]
  0: f8->f8: inf [Infinity]
  1: f8->f8: inf [Infinity]

Sizebounds:
`Lower:
  2: f2->f2, A: A [O(n)]
  2: f2->f2, A1: A1 [O(n)]
  2: f2->f2, B: B [O(n)]
  2: f2->f2, C: C [O(n)]
  2: f2->f2, D: D [O(n)]
  2: f2->f2, E: E [O(n)]
  2: f2->f2, G: 0 [O(1)]
  2: f2->f2, H: 2 [O(1)]
  2: f2->f2, I: 2 [O(1)]
  2: f2->f2, J: 0 [O(1)]
  2: f2->f2, M: 0 [O(1)]
  2: f2->f2, N: 2 [O(1)]
  2: f2->f2, O: C1 [O(n)]
  2: f2->f2, P: D1 [O(n)]
  2: f2->f2, Q: F1 [O(n)]
  2: f2->f2, R: G1 [O(n)]
  2: f2->f2, S: G1 [O(n)]
  2: f2->f2, T: G1 [O(n)]
  2: f2->f2, U: G1 [O(n)]
  2: f2->f2, V: H1 [O(n)]
  2: f2->f2, W: I1 [O(n)]
  2: f2->f2, X: 2 [O(1)]
  2: f2->f2, Y: J1 [O(n)]
  2: f2->f2, Z: 0 [O(1)]
  3: f2->f2, A: A [O(n)]
  3: f2->f2, A1: A1 [O(n)]
  3: f2->f2, B: B [O(n)]
  3: f2->f2, C: C [O(n)]
  3: f2->f2, D: D [O(n)]
  3: f2->f2, E: E [O(n)]
  3: f2->f2, G: 0 [O(1)]
  3: f2->f2, H: 2 [O(1)]
  3: f2->f2, I: 2 [O(1)]
  3: f2->f2, J: 0 [O(1)]
  3: f2->f2, M: 0 [O(1)]
  3: f2->f2, N: 2 [O(1)]
  3: f2->f2, O: C1 [O(n)]
  3: f2->f2, P: D1 [O(n)]
  3: f2->f2, Q: F1 [O(n)]
  3: f2->f2, R: G1 [O(n)]
  3: f2->f2, S: G1 [O(n)]
  3: f2->f2, T: G1 [O(n)]
  3: f2->f2, U: G1 [O(n)]
  3: f2->f2, V: H1 [O(n)]
  3: f2->f2, W: I1 [O(n)]
  3: f2->f2, X: 2 [O(1)]
  3: f2->f2, Y: J1 [O(n)]
  3: f2->f2, Z: 0 [O(1)]
  6: f2->f8, A: A [O(n)]
  6: f2->f8, G: 1 [O(1)]
  6: f2->f8, H: 1 [O(1)]
  6: f2->f8, I: 1 [O(1)]
  6: f2->f8, J: 1 [O(1)]
  6: f2->f8, M: -max{0, -M} [O(n)]
  6: f2->f8, N: 2 [O(1)]
  6: f2->f8, O: C1 [O(n)]
  6: f2->f8, P: D1 [O(n)]
  6: f2->f8, R: G1 [O(n)]
  6: f2->f8, S: G1 [O(n)]
  6: f2->f8, T: G1 [O(n)]
  6: f2->f8, V: H1 [O(n)]
  6: f2->f8, W: I1 [O(n)]
  6: f2->f8, X: 2 [O(1)]
  6: f2->f8, Y: J1 [O(n)]
  6: f2->f8, Z: 0 [O(1)]
  7: f2->f8, A: A [O(n)]
  7: f2->f8, G: 1 [O(1)]
  7: f2->f8, H: 1 [O(1)]
  7: f2->f8, I: 1 [O(1)]
  7: f2->f8, J: 1 [O(1)]
  7: f2->f8, M: -max{0, -M} [O(n)]
  7: f2->f8, N: 2 [O(1)]
  7: f2->f8, O: C1 [O(n)]
  7: f2->f8, P: D1 [O(n)]
  7: f2->f8, R: G1 [O(n)]
  7: f2->f8, S: G1 [O(n)]
  7: f2->f8, T: G1 [O(n)]
  7: f2->f8, V: H1 [O(n)]
  7: f2->f8, W: I1 [O(n)]
  7: f2->f8, X: 2 [O(1)]
  7: f2->f8, Y: J1 [O(n)]
  7: f2->f8, Z: 0 [O(1)]
  4: f23->f2, A: A [O(n)]
  4: f23->f2, A1: A1 [O(n)]
  4: f23->f2, B: B [O(n)]
  4: f23->f2, C: C [O(n)]
  4: f23->f2, D: D [O(n)]
  4: f23->f2, E: E [O(n)]
  4: f23->f2, F: B1 [O(n)]
  4: f23->f2, G: 2 [O(1)]
  4: f23->f2, H: 1 [O(1)]
  4: f23->f2, I: 1 [O(1)]
  4: f23->f2, J: 2 [O(1)]
  4: f23->f2, K: K [O(n)]
  4: f23->f2, L: L [O(n)]
  4: f23->f2, M: M [O(n)]
  4: f23->f2, N: 2 [O(1)]
  4: f23->f2, O: C1 [O(n)]
  4: f23->f2, P: D1 [O(n)]
  4: f23->f2, Q: F1 [O(n)]
  4: f23->f2, R: G1 [O(n)]
  4: f23->f2, S: G1 [O(n)]
  4: f23->f2, T: G1 [O(n)]
  4: f23->f2, U: G1 [O(n)]
  4: f23->f2, V: H1 [O(n)]
  4: f23->f2, W: I1 [O(n)]
  4: f23->f2, X: 2 [O(1)]
  4: f23->f2, Y: J1 [O(n)]
  4: f23->f2, Z: 0 [O(1)]
  5: f23->f2, A: A [O(n)]
  5: f23->f2, A1: A1 [O(n)]
  5: f23->f2, B: B [O(n)]
  5: f23->f2, C: C [O(n)]
  5: f23->f2, D: D [O(n)]
  5: f23->f2, E: E [O(n)]
  5: f23->f2, F: B1 [O(n)]
  5: f23->f2, G: 2 [O(1)]
  5: f23->f2, H: 1 [O(1)]
  5: f23->f2, I: 1 [O(1)]
  5: f23->f2, J: 2 [O(1)]
  5: f23->f2, K: K [O(n)]
  5: f23->f2, L: L [O(n)]
  5: f23->f2, M: M [O(n)]
  5: f23->f2, N: 2 [O(1)]
  5: f23->f2, O: C1 [O(n)]
  5: f23->f2, P: D1 [O(n)]
  5: f23->f2, Q: F1 [O(n)]
  5: f23->f2, R: G1 [O(n)]
  5: f23->f2, S: G1 [O(n)]
  5: f23->f2, T: G1 [O(n)]
  5: f23->f2, U: G1 [O(n)]
  5: f23->f2, V: H1 [O(n)]
  5: f23->f2, W: I1 [O(n)]
  5: f23->f2, X: 2 [O(1)]
  5: f23->f2, Y: J1 [O(n)]
  5: f23->f2, Z: 0 [O(1)]
  0: f8->f8, A: A [O(n)]
  0: f8->f8, G: 1 [O(1)]
  0: f8->f8, H: 1 [O(1)]
  0: f8->f8, I: 1 [O(1)]
  0: f8->f8, J: 1 [O(1)]
  0: f8->f8, M: -max{0, -M} [O(n)]
  0: f8->f8, N: 2 [O(1)]
  0: f8->f8, O: C1 [O(n)]
  0: f8->f8, P: D1 [O(n)]
  0: f8->f8, R: G1 [O(n)]
  0: f8->f8, S: G1 [O(n)]
  0: f8->f8, T: G1 [O(n)]
  0: f8->f8, V: H1 [O(n)]
  0: f8->f8, W: I1 [O(n)]
  0: f8->f8, X: 2 [O(1)]
  0: f8->f8, Y: J1 [O(n)]
  0: f8->f8, Z: 0 [O(1)]
  1: f8->f8, A: A [O(n)]
  1: f8->f8, G: 1 [O(1)]
  1: f8->f8, H: 1 [O(1)]
  1: f8->f8, I: 1 [O(1)]
  1: f8->f8, J: 1 [O(1)]
  1: f8->f8, M: -max{0, -M} [O(n)]
  1: f8->f8, N: 2 [O(1)]
  1: f8->f8, O: C1 [O(n)]
  1: f8->f8, P: D1 [O(n)]
  1: f8->f8, R: G1 [O(n)]
  1: f8->f8, S: G1 [O(n)]
  1: f8->f8, T: G1 [O(n)]
  1: f8->f8, V: H1 [O(n)]
  1: f8->f8, W: I1 [O(n)]
  1: f8->f8, X: 2 [O(1)]
  1: f8->f8, Y: J1 [O(n)]
  1: f8->f8, Z: 0 [O(1)]
`Upper:
  2: f2->f2, A: A [O(n)]
  2: f2->f2, A1: A1 [O(n)]
  2: f2->f2, B: B [O(n)]
  2: f2->f2, C: C [O(n)]
  2: f2->f2, D: D [O(n)]
  2: f2->f2, E: E [O(n)]
  2: f2->f2, G: 1 [O(1)]
  2: f2->f2, H: 3 [O(1)]
  2: f2->f2, I: 3 [O(1)]
  2: f2->f2, J: 1 [O(1)]
  2: f2->f2, M: 1 [O(1)]
  2: f2->f2, N: 2 [O(1)]
  2: f2->f2, O: C1 [O(n)]
  2: f2->f2, P: D1 [O(n)]
  2: f2->f2, Q: F1 [O(n)]
  2: f2->f2, R: G1 [O(n)]
  2: f2->f2, S: G1 [O(n)]
  2: f2->f2, T: G1 [O(n)]
  2: f2->f2, U: G1 [O(n)]
  2: f2->f2, V: H1 [O(n)]
  2: f2->f2, W: I1 [O(n)]
  2: f2->f2, X: 2 [O(1)]
  2: f2->f2, Y: J1 [O(n)]
  2: f2->f2, Z: 0 [O(1)]
  3: f2->f2, A: A [O(n)]
  3: f2->f2, A1: A1 [O(n)]
  3: f2->f2, B: B [O(n)]
  3: f2->f2, C: C [O(n)]
  3: f2->f2, D: D [O(n)]
  3: f2->f2, E: E [O(n)]
  3: f2->f2, G: 1 [O(1)]
  3: f2->f2, H: 3 [O(1)]
  3: f2->f2, I: 3 [O(1)]
  3: f2->f2, J: 1 [O(1)]
  3: f2->f2, M: 1 [O(1)]
  3: f2->f2, N: 2 [O(1)]
  3: f2->f2, O: C1 [O(n)]
  3: f2->f2, P: D1 [O(n)]
  3: f2->f2, Q: F1 [O(n)]
  3: f2->f2, R: G1 [O(n)]
  3: f2->f2, S: G1 [O(n)]
  3: f2->f2, T: G1 [O(n)]
  3: f2->f2, U: G1 [O(n)]
  3: f2->f2, V: H1 [O(n)]
  3: f2->f2, W: I1 [O(n)]
  3: f2->f2, X: 2 [O(1)]
  3: f2->f2, Y: J1 [O(n)]
  3: f2->f2, Z: 0 [O(1)]
  6: f2->f8, A: A [O(n)]
  6: f2->f8, G: 2 [O(1)]
  6: f2->f8, H: 2 [O(1)]
  6: f2->f8, I: 2 [O(1)]
  6: f2->f8, J: 2 [O(1)]
  6: f2->f8, M: max{1, M} [O(n)]
  6: f2->f8, N: 2 [O(1)]
  6: f2->f8, O: C1 [O(n)]
  6: f2->f8, P: D1 [O(n)]
  6: f2->f8, R: G1 [O(n)]
  6: f2->f8, S: G1 [O(n)]
  6: f2->f8, T: G1 [O(n)]
  6: f2->f8, V: H1 [O(n)]
  6: f2->f8, W: I1 [O(n)]
  6: f2->f8, X: 2 [O(1)]
  6: f2->f8, Y: J1 [O(n)]
  6: f2->f8, Z: 0 [O(1)]
  7: f2->f8, A: A [O(n)]
  7: f2->f8, G: 2 [O(1)]
  7: f2->f8, H: 2 [O(1)]
  7: f2->f8, I: 2 [O(1)]
  7: f2->f8, J: 2 [O(1)]
  7: f2->f8, M: max{1, M} [O(n)]
  7: f2->f8, N: 2 [O(1)]
  7: f2->f8, O: C1 [O(n)]
  7: f2->f8, P: D1 [O(n)]
  7: f2->f8, R: G1 [O(n)]
  7: f2->f8, S: G1 [O(n)]
  7: f2->f8, T: G1 [O(n)]
  7: f2->f8, V: H1 [O(n)]
  7: f2->f8, W: I1 [O(n)]
  7: f2->f8, X: 2 [O(1)]
  7: f2->f8, Y: J1 [O(n)]
  7: f2->f8, Z: 0 [O(1)]
  4: f23->f2, A: A [O(n)]
  4: f23->f2, A1: A1 [O(n)]
  4: f23->f2, B: B [O(n)]
  4: f23->f2, C: C [O(n)]
  4: f23->f2, D: D [O(n)]
  4: f23->f2, E: E [O(n)]
  4: f23->f2, F: B1 [O(n)]
  4: f23->f2, G: 2 [O(1)]
  4: f23->f2, H: 1 [O(1)]
  4: f23->f2, I: 1 [O(1)]
  4: f23->f2, J: 2 [O(1)]
  4: f23->f2, K: K [O(n)]
  4: f23->f2, L: L [O(n)]
  4: f23->f2, M: M [O(n)]
  4: f23->f2, N: 2 [O(1)]
  4: f23->f2, O: C1 [O(n)]
  4: f23->f2, P: D1 [O(n)]
  4: f23->f2, Q: F1 [O(n)]
  4: f23->f2, R: G1 [O(n)]
  4: f23->f2, S: G1 [O(n)]
  4: f23->f2, T: G1 [O(n)]
  4: f23->f2, U: G1 [O(n)]
  4: f23->f2, V: H1 [O(n)]
  4: f23->f2, W: I1 [O(n)]
  4: f23->f2, X: 2 [O(1)]
  4: f23->f2, Y: J1 [O(n)]
  4: f23->f2, Z: 0 [O(1)]
  5: f23->f2, A: A [O(n)]
  5: f23->f2, A1: A1 [O(n)]
  5: f23->f2, B: B [O(n)]
  5: f23->f2, C: C [O(n)]
  5: f23->f2, D: D [O(n)]
  5: f23->f2, E: E [O(n)]
  5: f23->f2, F: B1 [O(n)]
  5: f23->f2, G: 2 [O(1)]
  5: f23->f2, H: 1 [O(1)]
  5: f23->f2, I: 1 [O(1)]
  5: f23->f2, J: 2 [O(1)]
  5: f23->f2, K: K [O(n)]
  5: f23->f2, L: L [O(n)]
  5: f23->f2, M: M [O(n)]
  5: f23->f2, N: 2 [O(1)]
  5: f23->f2, O: C1 [O(n)]
  5: f23->f2, P: D1 [O(n)]
  5: f23->f2, Q: F1 [O(n)]
  5: f23->f2, R: G1 [O(n)]
  5: f23->f2, S: G1 [O(n)]
  5: f23->f2, T: G1 [O(n)]
  5: f23->f2, U: G1 [O(n)]
  5: f23->f2, V: H1 [O(n)]
  5: f23->f2, W: I1 [O(n)]
  5: f23->f2, X: 2 [O(1)]
  5: f23->f2, Y: J1 [O(n)]
  5: f23->f2, Z: 0 [O(1)]
  0: f8->f8, A: A [O(n)]
  0: f8->f8, G: 2 [O(1)]
  0: f8->f8, H: 2 [O(1)]
  0: f8->f8, I: 2 [O(1)]
  0: f8->f8, J: 2 [O(1)]
  0: f8->f8, M: max{1, M} [O(n)]
  0: f8->f8, N: 2 [O(1)]
  0: f8->f8, O: C1 [O(n)]
  0: f8->f8, P: D1 [O(n)]
  0: f8->f8, R: G1 [O(n)]
  0: f8->f8, S: G1 [O(n)]
  0: f8->f8, T: G1 [O(n)]
  0: f8->f8, V: H1 [O(n)]
  0: f8->f8, W: I1 [O(n)]
  0: f8->f8, X: 2 [O(1)]
  0: f8->f8, Y: J1 [O(n)]
  0: f8->f8, Z: 0 [O(1)]
  1: f8->f8, A: A [O(n)]
  1: f8->f8, G: 2 [O(1)]
  1: f8->f8, H: 2 [O(1)]
  1: f8->f8, I: 2 [O(1)]
  1: f8->f8, J: 2 [O(1)]
  1: f8->f8, M: max{1, M} [O(n)]
  1: f8->f8, N: 2 [O(1)]
  1: f8->f8, O: C1 [O(n)]
  1: f8->f8, P: D1 [O(n)]
  1: f8->f8, R: G1 [O(n)]
  1: f8->f8, S: G1 [O(n)]
  1: f8->f8, T: G1 [O(n)]
  1: f8->f8, V: H1 [O(n)]
  1: f8->f8, W: I1 [O(n)]
  1: f8->f8, X: 2 [O(1)]
  1: f8->f8, Y: J1 [O(n)]
  1: f8->f8, Z: 0 [O(1)]
