Timebounds: 
  Overall timebound: inf [Infinity]
  0: f17->f17: inf [Infinity]
  1: f17->f17: inf [Infinity]
  4: f17->f20: 1 [O(1)]
  2: f18->f17: 1 [O(1)]
  3: f18->f17: 1 [O(1)]
  5: f22->f18: 1 [O(1)]
  6: f22->f18: 1 [O(1)]

Costbounds:
  Overall costbound: inf [Infinity]
  0: f17->f17: inf [Infinity]
  1: f17->f17: inf [Infinity]
  4: f17->f20: 1 [O(1)]
  2: f18->f17: 1 [O(1)]
  3: f18->f17: 1 [O(1)]
  5: f22->f18: 1 [O(1)]
  6: f22->f18: 1 [O(1)]

Sizebounds:
`Lower:
  0: f17->f17, A: A [O(n)]
  0: f17->f17, B: -inf [Infinity]
  0: f17->f17, C: C [O(n)]
  0: f17->f17, D: 1 [O(1)]
  0: f17->f17, E: -inf [Infinity]
  0: f17->f17, F: 0 [O(1)]
  0: f17->f17, G: Q [O(n)]
  0: f17->f17, H: -max{-H, -1-A} [O(n)]
  0: f17->f17, I: 2 [O(1)]
  0: f17->f17, J: P [O(n)]
  0: f17->f17, K: P [O(n)]
  0: f17->f17, L: P [O(n)]
  0: f17->f17, M: P [O(n)]
  0: f17->f17, N: 3 [O(1)]
  0: f17->f17, O: 0 [O(1)]
  0: f17->f17, P: -inf [Infinity]
  0: f17->f17, Q: -inf [Infinity]
  1: f17->f17, A: A [O(n)]
  1: f17->f17, B: -inf [Infinity]
  1: f17->f17, C: C [O(n)]
  1: f17->f17, D: 1 [O(1)]
  1: f17->f17, E: -inf [Infinity]
  1: f17->f17, F: 0 [O(1)]
  1: f17->f17, G: Q [O(n)]
  1: f17->f17, H: -max{-H, -1-A} [O(n)]
  1: f17->f17, I: 2 [O(1)]
  1: f17->f17, J: P [O(n)]
  1: f17->f17, K: P [O(n)]
  1: f17->f17, L: P [O(n)]
  1: f17->f17, M: P [O(n)]
  1: f17->f17, N: 3 [O(1)]
  1: f17->f17, O: 0 [O(1)]
  1: f17->f17, P: -inf [Infinity]
  1: f17->f17, Q: -inf [Infinity]
  4: f17->f20, A: A [O(n)]
  4: f17->f20, B: A [O(n)]
  4: f17->f20, C: 0 [O(1)]
  4: f17->f20, D: 1 [O(1)]
  4: f17->f20, E: -inf [Infinity]
  4: f17->f20, F: 0 [O(1)]
  4: f17->f20, G: -inf [Infinity]
  4: f17->f20, H: -max{-H, -1-A} [O(n)]
  4: f17->f20, I: 2 [O(1)]
  4: f17->f20, J: P [O(n)]
  4: f17->f20, K: P [O(n)]
  4: f17->f20, L: P [O(n)]
  4: f17->f20, M: P [O(n)]
  4: f17->f20, N: 3 [O(1)]
  4: f17->f20, O: 0 [O(1)]
  4: f17->f20, P: -inf [Infinity]
  4: f17->f20, Q: -inf [Infinity]
  2: f18->f17, A: A [O(n)]
  2: f18->f17, B: -inf [Infinity]
  2: f18->f17, C: C [O(n)]
  2: f18->f17, D: 1 [O(1)]
  2: f18->f17, E: -inf [Infinity]
  2: f18->f17, F: 0 [O(1)]
  2: f18->f17, G: Q [O(n)]
  2: f18->f17, H: -max{-H, -1-A} [O(n)]
  2: f18->f17, I: 2 [O(1)]
  2: f18->f17, J: P [O(n)]
  2: f18->f17, K: P [O(n)]
  2: f18->f17, L: P [O(n)]
  2: f18->f17, M: P [O(n)]
  2: f18->f17, N: 3 [O(1)]
  2: f18->f17, O: 0 [O(1)]
  2: f18->f17, P: -inf [Infinity]
  2: f18->f17, Q: -inf [Infinity]
  3: f18->f17, A: A [O(n)]
  3: f18->f17, B: -inf [Infinity]
  3: f18->f17, C: C [O(n)]
  3: f18->f17, D: 1 [O(1)]
  3: f18->f17, E: -inf [Infinity]
  3: f18->f17, F: 0 [O(1)]
  3: f18->f17, G: Q [O(n)]
  3: f18->f17, H: 1+A [O(n)]
  3: f18->f17, I: 2 [O(1)]
  3: f18->f17, J: P [O(n)]
  3: f18->f17, K: P [O(n)]
  3: f18->f17, L: P [O(n)]
  3: f18->f17, M: P [O(n)]
  3: f18->f17, N: 3 [O(1)]
  3: f18->f17, O: 0 [O(1)]
  3: f18->f17, P: -inf [Infinity]
  3: f18->f17, Q: -inf [Infinity]
  5: f22->f18, A: A [O(n)]
  5: f22->f18, B: H [O(n)]
  5: f22->f18, C: C [O(n)]
  5: f22->f18, D: D [O(n)]
  5: f22->f18, E: E [O(n)]
  5: f22->f18, F: 0 [O(1)]
  5: f22->f18, G: Q [O(n)]
  5: f22->f18, H: H [O(n)]
  5: f22->f18, I: 2 [O(1)]
  5: f22->f18, J: P [O(n)]
  5: f22->f18, K: P [O(n)]
  5: f22->f18, L: P [O(n)]
  5: f22->f18, M: P [O(n)]
  5: f22->f18, N: 3 [O(1)]
  5: f22->f18, O: 0 [O(1)]
  5: f22->f18, P: -inf [Infinity]
  5: f22->f18, Q: -inf [Infinity]
  6: f22->f18, A: A [O(n)]
  6: f22->f18, B: 1+A [O(n)]
  6: f22->f18, C: C [O(n)]
  6: f22->f18, D: D [O(n)]
  6: f22->f18, E: E [O(n)]
  6: f22->f18, F: 0 [O(1)]
  6: f22->f18, G: Q [O(n)]
  6: f22->f18, H: 1+A [O(n)]
  6: f22->f18, I: 2 [O(1)]
  6: f22->f18, J: P [O(n)]
  6: f22->f18, K: P [O(n)]
  6: f22->f18, L: P [O(n)]
  6: f22->f18, M: P [O(n)]
  6: f22->f18, N: 3 [O(1)]
  6: f22->f18, O: 0 [O(1)]
  6: f22->f18, P: -inf [Infinity]
  6: f22->f18, Q: -inf [Infinity]
`Upper:
  0: f17->f17, A: A [O(n)]
  0: f17->f17, B: inf [Infinity]
  0: f17->f17, C: C [O(n)]
  0: f17->f17, D: inf [Infinity]
  0: f17->f17, E: inf [Infinity]
  0: f17->f17, F: F [O(n)]
  0: f17->f17, G: Q [O(n)]
  0: f17->f17, H: max{H, -1+A} [O(n)]
  0: f17->f17, I: 2 [O(1)]
  0: f17->f17, J: P [O(n)]
  0: f17->f17, K: P [O(n)]
  0: f17->f17, L: P [O(n)]
  0: f17->f17, M: P [O(n)]
  0: f17->f17, N: 3 [O(1)]
  0: f17->f17, O: 0 [O(1)]
  0: f17->f17, P: inf [Infinity]
  0: f17->f17, Q: inf [Infinity]
  1: f17->f17, A: A [O(n)]
  1: f17->f17, B: inf [Infinity]
  1: f17->f17, C: C [O(n)]
  1: f17->f17, D: inf [Infinity]
  1: f17->f17, E: inf [Infinity]
  1: f17->f17, F: F [O(n)]
  1: f17->f17, G: Q [O(n)]
  1: f17->f17, H: max{H, -1+A} [O(n)]
  1: f17->f17, I: 2 [O(1)]
  1: f17->f17, J: P [O(n)]
  1: f17->f17, K: P [O(n)]
  1: f17->f17, L: P [O(n)]
  1: f17->f17, M: P [O(n)]
  1: f17->f17, N: 3 [O(1)]
  1: f17->f17, O: 0 [O(1)]
  1: f17->f17, P: inf [Infinity]
  1: f17->f17, Q: inf [Infinity]
  4: f17->f20, A: A [O(n)]
  4: f17->f20, B: A [O(n)]
  4: f17->f20, C: C [O(n)]
  4: f17->f20, D: inf [Infinity]
  4: f17->f20, E: inf [Infinity]
  4: f17->f20, F: F [O(n)]
  4: f17->f20, G: inf [Infinity]
  4: f17->f20, H: max{H, -1+A} [O(n)]
  4: f17->f20, I: 2 [O(1)]
  4: f17->f20, J: P [O(n)]
  4: f17->f20, K: P [O(n)]
  4: f17->f20, L: P [O(n)]
  4: f17->f20, M: P [O(n)]
  4: f17->f20, N: 3 [O(1)]
  4: f17->f20, O: 0 [O(1)]
  4: f17->f20, P: inf [Infinity]
  4: f17->f20, Q: inf [Infinity]
  2: f18->f17, A: A [O(n)]
  2: f18->f17, B: inf [Infinity]
  2: f18->f17, C: C [O(n)]
  2: f18->f17, D: 1 [O(1)]
  2: f18->f17, E: inf [Infinity]
  2: f18->f17, F: F [O(n)]
  2: f18->f17, G: Q [O(n)]
  2: f18->f17, H: -1+A [O(n)]
  2: f18->f17, I: 2 [O(1)]
  2: f18->f17, J: P [O(n)]
  2: f18->f17, K: P [O(n)]
  2: f18->f17, L: P [O(n)]
  2: f18->f17, M: P [O(n)]
  2: f18->f17, N: 3 [O(1)]
  2: f18->f17, O: 0 [O(1)]
  2: f18->f17, P: inf [Infinity]
  2: f18->f17, Q: inf [Infinity]
  3: f18->f17, A: A [O(n)]
  3: f18->f17, B: inf [Infinity]
  3: f18->f17, C: C [O(n)]
  3: f18->f17, D: 1 [O(1)]
  3: f18->f17, E: inf [Infinity]
  3: f18->f17, F: F [O(n)]
  3: f18->f17, G: Q [O(n)]
  3: f18->f17, H: max{H, -1+A} [O(n)]
  3: f18->f17, I: 2 [O(1)]
  3: f18->f17, J: P [O(n)]
  3: f18->f17, K: P [O(n)]
  3: f18->f17, L: P [O(n)]
  3: f18->f17, M: P [O(n)]
  3: f18->f17, N: 3 [O(1)]
  3: f18->f17, O: 0 [O(1)]
  3: f18->f17, P: inf [Infinity]
  3: f18->f17, Q: inf [Infinity]
  5: f22->f18, A: A [O(n)]
  5: f22->f18, B: -1+A [O(n)]
  5: f22->f18, C: C [O(n)]
  5: f22->f18, D: D [O(n)]
  5: f22->f18, E: E [O(n)]
  5: f22->f18, F: F [O(n)]
  5: f22->f18, G: Q [O(n)]
  5: f22->f18, H: -1+A [O(n)]
  5: f22->f18, I: 2 [O(1)]
  5: f22->f18, J: P [O(n)]
  5: f22->f18, K: P [O(n)]
  5: f22->f18, L: P [O(n)]
  5: f22->f18, M: P [O(n)]
  5: f22->f18, N: 3 [O(1)]
  5: f22->f18, O: 0 [O(1)]
  5: f22->f18, P: inf [Infinity]
  5: f22->f18, Q: inf [Infinity]
  6: f22->f18, A: A [O(n)]
  6: f22->f18, B: H [O(n)]
  6: f22->f18, C: C [O(n)]
  6: f22->f18, D: D [O(n)]
  6: f22->f18, E: E [O(n)]
  6: f22->f18, F: F [O(n)]
  6: f22->f18, G: Q [O(n)]
  6: f22->f18, H: H [O(n)]
  6: f22->f18, I: 2 [O(1)]
  6: f22->f18, J: P [O(n)]
  6: f22->f18, K: P [O(n)]
  6: f22->f18, L: P [O(n)]
  6: f22->f18, M: P [O(n)]
  6: f22->f18, N: 3 [O(1)]
  6: f22->f18, O: 0 [O(1)]
  6: f22->f18, P: inf [Infinity]
  6: f22->f18, Q: inf [Infinity]
