Timebounds: 
  Overall timebound: inf [Infinity]
  0: f0->f3: 1 [O(1)]
  4: f3->f12: 1 [O(1)]

Costbounds:
  Overall costbound: inf [Infinity]
  0: f0->f3: 1 [O(1)]
  1: f3->f3: inf [Infinity]
  2: f3->f3: inf [Infinity]
  3: f3->f3: inf [Infinity]
  4: f3->f12: 1 [O(1)]

Sizebounds:
`Lower:
  0: f0->f3, A: 0 [O(1)]
  0: f0->f3, B: B [O(n)]
  3: f3->f3, A: 7 [O(1)]
  3: f3->f3, B: 6 [O(1)]
  4: f3->f12, A: 10 [O(1)]
`Upper:
  0: f0->f3, A: 0 [O(1)]
  0: f0->f3, B: B [O(n)]
  1: f3->f3, B: max{9, B} [O(n)]
  2: f3->f3, A: 5 [O(1)]
  2: f3->f3, B: 4 [O(1)]
  3: f3->f3, A: 10 [O(1)]
  3: f3->f3, B: 9 [O(1)]
  4: f3->f12, B: max{9, B} [O(n)]
