Timebounds: 
  Overall timebound: inf [Infinity]
  0: f0->f15: 1 [O(1)]
  1: f15->f36: inf [Infinity]
  2: f15->f36: inf [Infinity]
  3: f15->f36: max{0, 2+L} [O(n)]
  4: f15->f36: inf [Infinity]
  20: f15->f83: 1 [O(1)]
  5: f36->f78: inf [Infinity]
  6: f36->f78: inf [Infinity]
  7: f36->f48: inf [Infinity]
  8: f36->f48: inf [Infinity]
  9: f36->f48: inf [Infinity]
  10: f36->f48: inf [Infinity]
  11: f48->f36: inf [Infinity]
  12: f48->f36: inf [Infinity]
  13: f48->f36: inf [Infinity]
  14: f48->f36: inf [Infinity]
  15: f48->f36: max{0, -1, -1+2*L} [O(n)]
  16: f48->f36: inf [Infinity]
  17: f78->f15: inf [Infinity]
  18: f78->f15: 1 [O(1)]

Costbounds:
  Overall costbound: inf [Infinity]
  0: f0->f15: 1 [O(1)]
  1: f15->f36: inf [Infinity]
  2: f15->f36: inf [Infinity]
  3: f15->f36: max{0, 2+L} [O(n)]
  4: f15->f36: inf [Infinity]
  20: f15->f83: 1 [O(1)]
  5: f36->f78: inf [Infinity]
  6: f36->f78: inf [Infinity]
  7: f36->f48: inf [Infinity]
  8: f36->f48: inf [Infinity]
  9: f36->f48: inf [Infinity]
  10: f36->f48: inf [Infinity]
  11: f48->f36: inf [Infinity]
  12: f48->f36: inf [Infinity]
  13: f48->f36: inf [Infinity]
  14: f48->f36: inf [Infinity]
  15: f48->f36: max{0, -1, -1+2*L} [O(n)]
  16: f48->f36: inf [Infinity]
  17: f78->f15: inf [Infinity]
  18: f78->f15: 1 [O(1)]

Sizebounds:
`Lower:
  0: f0->f15, A: 1 [O(1)]
  0: f0->f15, B: 4 [O(1)]
  0: f0->f15, C: 0 [O(1)]
  0: f0->f15, D: 0 [O(1)]
  0: f0->f15, E: 0 [O(1)]
  0: f0->f15, F: 0 [O(1)]
  0: f0->f15, G: 0 [O(1)]
  0: f0->f15, H: 0 [O(1)]
  0: f0->f15, I: 0 [O(1)]
  0: f0->f15, J: 0 [O(1)]
  0: f0->f15, K: -inf [Infinity]
  0: f0->f15, L: -inf [Infinity]
  1: f15->f36, A: 1 [O(1)]
  1: f15->f36, B: 4 [O(1)]
  1: f15->f36, C: 0 [O(1)]
  1: f15->f36, D: -inf [Infinity]
  1: f15->f36, E: 0 [O(1)]
  1: f15->f36, F: 0 [O(1)]
  1: f15->f36, G: 0 [O(1)]
  1: f15->f36, H: 0 [O(1)]
  1: f15->f36, I: 0 [O(1)]
  1: f15->f36, J: 0 [O(1)]
  1: f15->f36, K: -inf [Infinity]
  1: f15->f36, L: -inf [Infinity]
  2: f15->f36, A: 1 [O(1)]
  2: f15->f36, B: 4 [O(1)]
  2: f15->f36, C: 0 [O(1)]
  2: f15->f36, D: 0 [O(1)]
  2: f15->f36, E: 0 [O(1)]
  2: f15->f36, F: 0 [O(1)]
  2: f15->f36, G: 0 [O(1)]
  2: f15->f36, H: 0 [O(1)]
  2: f15->f36, I: 0 [O(1)]
  2: f15->f36, J: 0 [O(1)]
  2: f15->f36, K: -inf [Infinity]
  2: f15->f36, L: -inf [Infinity]
  3: f15->f36, A: 1 [O(1)]
  3: f15->f36, B: 5 [O(1)]
  3: f15->f36, C: -inf [Infinity]
  3: f15->f36, D: 0 [O(1)]
  3: f15->f36, E: 0 [O(1)]
  3: f15->f36, F: 0 [O(1)]
  3: f15->f36, G: 0 [O(1)]
  3: f15->f36, H: 0 [O(1)]
  3: f15->f36, I: 0 [O(1)]
  3: f15->f36, J: 0 [O(1)]
  3: f15->f36, K: -inf [Infinity]
  3: f15->f36, L: -inf [Infinity]
  4: f15->f36, A: 1 [O(1)]
  4: f15->f36, B: 4 [O(1)]
  4: f15->f36, C: -inf [Infinity]
  4: f15->f36, D: -inf [Infinity]
  4: f15->f36, E: 0 [O(1)]
  4: f15->f36, F: 0 [O(1)]
  4: f15->f36, G: 0 [O(1)]
  4: f15->f36, H: 0 [O(1)]
  4: f15->f36, I: 0 [O(1)]
  4: f15->f36, J: 0 [O(1)]
  4: f15->f36, K: -inf [Infinity]
  4: f15->f36, L: -inf [Infinity]
  20: f15->f83, A: 1 [O(1)]
  20: f15->f83, B: 4 [O(1)]
  20: f15->f83, C: 0 [O(1)]
  20: f15->f83, D: -inf [Infinity]
  20: f15->f83, E: 0 [O(1)]
  20: f15->f83, F: 0 [O(1)]
  20: f15->f83, G: 0 [O(1)]
  20: f15->f83, H: 0 [O(1)]
  20: f15->f83, I: 1 [O(1)]
  20: f15->f83, J: 1 [O(1)]
  20: f15->f83, K: -inf [Infinity]
  20: f15->f83, L: -inf [Infinity]
  5: f36->f78, A: 1 [O(1)]
  5: f36->f78, B: 4 [O(1)]
  5: f36->f78, C: -inf [Infinity]
  5: f36->f78, D: -inf [Infinity]
  5: f36->f78, E: 0 [O(1)]
  5: f36->f78, F: 0 [O(1)]
  5: f36->f78, G: 0 [O(1)]
  5: f36->f78, H: 0 [O(1)]
  5: f36->f78, I: 0 [O(1)]
  5: f36->f78, J: 1 [O(1)]
  5: f36->f78, K: -inf [Infinity]
  5: f36->f78, L: -inf [Infinity]
  6: f36->f78, A: 1 [O(1)]
  6: f36->f78, B: 4 [O(1)]
  6: f36->f78, C: -inf [Infinity]
  6: f36->f78, D: -inf [Infinity]
  6: f36->f78, E: 0 [O(1)]
  6: f36->f78, F: 0 [O(1)]
  6: f36->f78, G: 1 [O(1)]
  6: f36->f78, H: 1 [O(1)]
  6: f36->f78, I: 0 [O(1)]
  6: f36->f78, J: 1 [O(1)]
  6: f36->f78, K: -inf [Infinity]
  6: f36->f78, L: -inf [Infinity]
  7: f36->f48, A: 1 [O(1)]
  7: f36->f48, B: 4 [O(1)]
  7: f36->f48, C: 0 [O(1)]
  7: f36->f48, D: -inf [Infinity]
  7: f36->f48, E: 0 [O(1)]
  7: f36->f48, F: 0 [O(1)]
  7: f36->f48, G: 0 [O(1)]
  7: f36->f48, H: 0 [O(1)]
  7: f36->f48, I: 0 [O(1)]
  7: f36->f48, J: 0 [O(1)]
  7: f36->f48, K: -inf [Infinity]
  7: f36->f48, L: -inf [Infinity]
  8: f36->f48, A: 1 [O(1)]
  8: f36->f48, B: 4 [O(1)]
  8: f36->f48, C: 0 [O(1)]
  8: f36->f48, D: 0 [O(1)]
  8: f36->f48, E: 0 [O(1)]
  8: f36->f48, F: 0 [O(1)]
  8: f36->f48, G: 0 [O(1)]
  8: f36->f48, H: 0 [O(1)]
  8: f36->f48, I: 0 [O(1)]
  8: f36->f48, J: 0 [O(1)]
  8: f36->f48, K: -inf [Infinity]
  8: f36->f48, L: -inf [Infinity]
  9: f36->f48, A: 1 [O(1)]
  9: f36->f48, B: 5 [O(1)]
  9: f36->f48, C: -inf [Infinity]
  9: f36->f48, D: 0 [O(1)]
  9: f36->f48, E: 0 [O(1)]
  9: f36->f48, F: 0 [O(1)]
  9: f36->f48, G: 0 [O(1)]
  9: f36->f48, H: 0 [O(1)]
  9: f36->f48, I: 0 [O(1)]
  9: f36->f48, J: 0 [O(1)]
  9: f36->f48, K: -inf [Infinity]
  9: f36->f48, L: -inf [Infinity]
  10: f36->f48, A: 1 [O(1)]
  10: f36->f48, B: 4 [O(1)]
  10: f36->f48, C: -inf [Infinity]
  10: f36->f48, D: -inf [Infinity]
  10: f36->f48, E: 0 [O(1)]
  10: f36->f48, F: 0 [O(1)]
  10: f36->f48, G: 0 [O(1)]
  10: f36->f48, H: 0 [O(1)]
  10: f36->f48, I: 0 [O(1)]
  10: f36->f48, J: 0 [O(1)]
  10: f36->f48, K: -inf [Infinity]
  10: f36->f48, L: -inf [Infinity]
  11: f48->f36, A: 1 [O(1)]
  11: f48->f36, B: 4 [O(1)]
  11: f48->f36, C: -inf [Infinity]
  11: f48->f36, D: -inf [Infinity]
  11: f48->f36, E: 0 [O(1)]
  11: f48->f36, F: 0 [O(1)]
  11: f48->f36, G: 0 [O(1)]
  11: f48->f36, H: 0 [O(1)]
  11: f48->f36, I: 0 [O(1)]
  11: f48->f36, J: 1 [O(1)]
  11: f48->f36, K: -inf [Infinity]
  11: f48->f36, L: -inf [Infinity]
  12: f48->f36, A: 1 [O(1)]
  12: f48->f36, B: 4 [O(1)]
  12: f48->f36, C: -inf [Infinity]
  12: f48->f36, D: -inf [Infinity]
  12: f48->f36, E: 0 [O(1)]
  12: f48->f36, F: 0 [O(1)]
  12: f48->f36, G: 1 [O(1)]
  12: f48->f36, H: 0 [O(1)]
  12: f48->f36, I: 0 [O(1)]
  12: f48->f36, J: 1 [O(1)]
  12: f48->f36, K: -inf [Infinity]
  12: f48->f36, L: -inf [Infinity]
  13: f48->f36, A: 1 [O(1)]
  13: f48->f36, B: 4 [O(1)]
  13: f48->f36, C: 0 [O(1)]
  13: f48->f36, D: -inf [Infinity]
  13: f48->f36, E: 0 [O(1)]
  13: f48->f36, F: 0 [O(1)]
  13: f48->f36, G: 1 [O(1)]
  13: f48->f36, H: 0 [O(1)]
  13: f48->f36, I: 0 [O(1)]
  13: f48->f36, J: 1 [O(1)]
  13: f48->f36, K: -inf [Infinity]
  13: f48->f36, L: -inf [Infinity]
  14: f48->f36, A: 1 [O(1)]
  14: f48->f36, B: 4 [O(1)]
  14: f48->f36, C: 0 [O(1)]
  14: f48->f36, D: 0 [O(1)]
  14: f48->f36, E: 0 [O(1)]
  14: f48->f36, F: 0 [O(1)]
  14: f48->f36, G: 1 [O(1)]
  14: f48->f36, H: 0 [O(1)]
  14: f48->f36, I: 0 [O(1)]
  14: f48->f36, J: 1 [O(1)]
  14: f48->f36, K: -inf [Infinity]
  14: f48->f36, L: -inf [Infinity]
  15: f48->f36, A: 1 [O(1)]
  15: f48->f36, B: 5 [O(1)]
  15: f48->f36, C: -inf [Infinity]
  15: f48->f36, D: 0 [O(1)]
  15: f48->f36, E: 0 [O(1)]
  15: f48->f36, F: 0 [O(1)]
  15: f48->f36, G: 1 [O(1)]
  15: f48->f36, H: 0 [O(1)]
  15: f48->f36, I: 0 [O(1)]
  15: f48->f36, J: 1 [O(1)]
  15: f48->f36, K: -inf [Infinity]
  15: f48->f36, L: -inf [Infinity]
  16: f48->f36, A: 1 [O(1)]
  16: f48->f36, B: 4 [O(1)]
  16: f48->f36, C: -inf [Infinity]
  16: f48->f36, D: -inf [Infinity]
  16: f48->f36, E: 0 [O(1)]
  16: f48->f36, F: 0 [O(1)]
  16: f48->f36, G: 1 [O(1)]
  16: f48->f36, H: 0 [O(1)]
  16: f48->f36, I: 0 [O(1)]
  16: f48->f36, J: 1 [O(1)]
  16: f48->f36, K: -inf [Infinity]
  16: f48->f36, L: -inf [Infinity]
  17: f78->f15, A: 1 [O(1)]
  17: f78->f15, B: 4 [O(1)]
  17: f78->f15, C: -inf [Infinity]
  17: f78->f15, D: -inf [Infinity]
  17: f78->f15, E: 0 [O(1)]
  17: f78->f15, F: 0 [O(1)]
  17: f78->f15, G: 1 [O(1)]
  17: f78->f15, H: 1 [O(1)]
  17: f78->f15, I: 0 [O(1)]
  17: f78->f15, J: 1 [O(1)]
  17: f78->f15, K: -inf [Infinity]
  17: f78->f15, L: -inf [Infinity]
  18: f78->f15, A: 1 [O(1)]
  18: f78->f15, B: 4 [O(1)]
  18: f78->f15, C: -inf [Infinity]
  18: f78->f15, D: -inf [Infinity]
  18: f78->f15, E: 0 [O(1)]
  18: f78->f15, F: 0 [O(1)]
  18: f78->f15, G: 0 [O(1)]
  18: f78->f15, H: 0 [O(1)]
  18: f78->f15, I: 1 [O(1)]
  18: f78->f15, J: 1 [O(1)]
  18: f78->f15, K: -inf [Infinity]
  18: f78->f15, L: -inf [Infinity]
`Upper:
  0: f0->f15, A: 1 [O(1)]
  0: f0->f15, B: 4 [O(1)]
  0: f0->f15, C: K [O(n)]
  0: f0->f15, D: 0 [O(1)]
  0: f0->f15, E: L [O(n)]
  0: f0->f15, F: 0 [O(1)]
  0: f0->f15, G: 0 [O(1)]
  0: f0->f15, H: 0 [O(1)]
  0: f0->f15, I: 0 [O(1)]
  0: f0->f15, J: 0 [O(1)]
  0: f0->f15, K: inf [Infinity]
  0: f0->f15, L: inf [Infinity]
  1: f15->f36, A: inf [Infinity]
  1: f15->f36, B: inf [Infinity]
  1: f15->f36, C: 0 [O(1)]
  1: f15->f36, D: 1 [O(1)]
  1: f15->f36, E: L [O(n)]
  1: f15->f36, F: 0 [O(1)]
  1: f15->f36, G: 0 [O(1)]
  1: f15->f36, H: 0 [O(1)]
  1: f15->f36, I: 0 [O(1)]
  1: f15->f36, J: 0 [O(1)]
  1: f15->f36, K: inf [Infinity]
  1: f15->f36, L: inf [Infinity]
  2: f15->f36, A: inf [Infinity]
  2: f15->f36, B: inf [Infinity]
  2: f15->f36, C: 0 [O(1)]
  2: f15->f36, D: 0 [O(1)]
  2: f15->f36, E: L [O(n)]
  2: f15->f36, F: 1 [O(1)]
  2: f15->f36, G: 0 [O(1)]
  2: f15->f36, H: 0 [O(1)]
  2: f15->f36, I: 0 [O(1)]
  2: f15->f36, J: 0 [O(1)]
  2: f15->f36, K: inf [Infinity]
  2: f15->f36, L: inf [Infinity]
  3: f15->f36, A: inf [Infinity]
  3: f15->f36, B: inf [Infinity]
  3: f15->f36, C: inf [Infinity]
  3: f15->f36, D: 0 [O(1)]
  3: f15->f36, E: L [O(n)]
  3: f15->f36, F: 1 [O(1)]
  3: f15->f36, G: 0 [O(1)]
  3: f15->f36, H: 0 [O(1)]
  3: f15->f36, I: 0 [O(1)]
  3: f15->f36, J: 0 [O(1)]
  3: f15->f36, K: inf [Infinity]
  3: f15->f36, L: inf [Infinity]
  4: f15->f36, A: inf [Infinity]
  4: f15->f36, B: inf [Infinity]
  4: f15->f36, C: inf [Infinity]
  4: f15->f36, D: 1 [O(1)]
  4: f15->f36, E: L [O(n)]
  4: f15->f36, F: 1 [O(1)]
  4: f15->f36, G: 0 [O(1)]
  4: f15->f36, H: 0 [O(1)]
  4: f15->f36, I: 0 [O(1)]
  4: f15->f36, J: 0 [O(1)]
  4: f15->f36, K: inf [Infinity]
  4: f15->f36, L: inf [Infinity]
  20: f15->f83, A: inf [Infinity]
  20: f15->f83, B: inf [Infinity]
  20: f15->f83, C: inf [Infinity]
  20: f15->f83, D: 1 [O(1)]
  20: f15->f83, E: L [O(n)]
  20: f15->f83, F: 1 [O(1)]
  20: f15->f83, G: 1 [O(1)]
  20: f15->f83, H: 1 [O(1)]
  20: f15->f83, I: 1 [O(1)]
  20: f15->f83, J: max{0, 1+L} [O(n)]
  20: f15->f83, K: inf [Infinity]
  20: f15->f83, L: inf [Infinity]
  5: f36->f78, A: inf [Infinity]
  5: f36->f78, B: inf [Infinity]
  5: f36->f78, C: inf [Infinity]
  5: f36->f78, D: 1 [O(1)]
  5: f36->f78, E: L [O(n)]
  5: f36->f78, F: 1 [O(1)]
  5: f36->f78, G: 1 [O(1)]
  5: f36->f78, H: 0 [O(1)]
  5: f36->f78, I: 0 [O(1)]
  5: f36->f78, J: max{0, 1+L} [O(n)]
  5: f36->f78, K: inf [Infinity]
  5: f36->f78, L: inf [Infinity]
  6: f36->f78, A: inf [Infinity]
  6: f36->f78, B: inf [Infinity]
  6: f36->f78, C: inf [Infinity]
  6: f36->f78, D: 1 [O(1)]
  6: f36->f78, E: L [O(n)]
  6: f36->f78, F: 1 [O(1)]
  6: f36->f78, G: 1 [O(1)]
  6: f36->f78, H: 1 [O(1)]
  6: f36->f78, I: 0 [O(1)]
  6: f36->f78, J: max{0, 1+L} [O(n)]
  6: f36->f78, K: inf [Infinity]
  6: f36->f78, L: inf [Infinity]
  7: f36->f48, A: inf [Infinity]
  7: f36->f48, B: inf [Infinity]
  7: f36->f48, C: 0 [O(1)]
  7: f36->f48, D: 1 [O(1)]
  7: f36->f48, E: L [O(n)]
  7: f36->f48, F: 1 [O(1)]
  7: f36->f48, G: 0 [O(1)]
  7: f36->f48, H: 0 [O(1)]
  7: f36->f48, I: 0 [O(1)]
  7: f36->f48, J: L [O(n)]
  7: f36->f48, K: inf [Infinity]
  7: f36->f48, L: inf [Infinity]
  8: f36->f48, A: inf [Infinity]
  8: f36->f48, B: inf [Infinity]
  8: f36->f48, C: 0 [O(1)]
  8: f36->f48, D: 0 [O(1)]
  8: f36->f48, E: L [O(n)]
  8: f36->f48, F: 1 [O(1)]
  8: f36->f48, G: 1 [O(1)]
  8: f36->f48, H: 0 [O(1)]
  8: f36->f48, I: 0 [O(1)]
  8: f36->f48, J: L [O(n)]
  8: f36->f48, K: inf [Infinity]
  8: f36->f48, L: inf [Infinity]
  9: f36->f48, A: inf [Infinity]
  9: f36->f48, B: inf [Infinity]
  9: f36->f48, C: inf [Infinity]
  9: f36->f48, D: 0 [O(1)]
  9: f36->f48, E: L [O(n)]
  9: f36->f48, F: 1 [O(1)]
  9: f36->f48, G: 1 [O(1)]
  9: f36->f48, H: 0 [O(1)]
  9: f36->f48, I: 0 [O(1)]
  9: f36->f48, J: L [O(n)]
  9: f36->f48, K: inf [Infinity]
  9: f36->f48, L: inf [Infinity]
  10: f36->f48, A: inf [Infinity]
  10: f36->f48, B: inf [Infinity]
  10: f36->f48, C: inf [Infinity]
  10: f36->f48, D: 1 [O(1)]
  10: f36->f48, E: L [O(n)]
  10: f36->f48, F: 1 [O(1)]
  10: f36->f48, G: 1 [O(1)]
  10: f36->f48, H: 0 [O(1)]
  10: f36->f48, I: 0 [O(1)]
  10: f36->f48, J: L [O(n)]
  10: f36->f48, K: inf [Infinity]
  10: f36->f48, L: inf [Infinity]
  11: f48->f36, A: inf [Infinity]
  11: f48->f36, B: inf [Infinity]
  11: f48->f36, C: inf [Infinity]
  11: f48->f36, D: 1 [O(1)]
  11: f48->f36, E: L [O(n)]
  11: f48->f36, F: 1 [O(1)]
  11: f48->f36, G: 0 [O(1)]
  11: f48->f36, H: 0 [O(1)]
  11: f48->f36, I: 0 [O(1)]
  11: f48->f36, J: 1+L [O(n)]
  11: f48->f36, K: inf [Infinity]
  11: f48->f36, L: inf [Infinity]
  12: f48->f36, A: inf [Infinity]
  12: f48->f36, B: inf [Infinity]
  12: f48->f36, C: inf [Infinity]
  12: f48->f36, D: 1 [O(1)]
  12: f48->f36, E: L [O(n)]
  12: f48->f36, F: 1 [O(1)]
  12: f48->f36, G: 1 [O(1)]
  12: f48->f36, H: 0 [O(1)]
  12: f48->f36, I: 0 [O(1)]
  12: f48->f36, J: 1+L [O(n)]
  12: f48->f36, K: inf [Infinity]
  12: f48->f36, L: inf [Infinity]
  13: f48->f36, A: inf [Infinity]
  13: f48->f36, B: inf [Infinity]
  13: f48->f36, C: 0 [O(1)]
  13: f48->f36, D: 1 [O(1)]
  13: f48->f36, E: L [O(n)]
  13: f48->f36, F: 0 [O(1)]
  13: f48->f36, G: 1 [O(1)]
  13: f48->f36, H: 0 [O(1)]
  13: f48->f36, I: 0 [O(1)]
  13: f48->f36, J: 1+L [O(n)]
  13: f48->f36, K: inf [Infinity]
  13: f48->f36, L: inf [Infinity]
  14: f48->f36, A: inf [Infinity]
  14: f48->f36, B: inf [Infinity]
  14: f48->f36, C: 0 [O(1)]
  14: f48->f36, D: 0 [O(1)]
  14: f48->f36, E: L [O(n)]
  14: f48->f36, F: 0 [O(1)]
  14: f48->f36, G: 1 [O(1)]
  14: f48->f36, H: 1 [O(1)]
  14: f48->f36, I: 0 [O(1)]
  14: f48->f36, J: 1+L [O(n)]
  14: f48->f36, K: inf [Infinity]
  14: f48->f36, L: inf [Infinity]
  15: f48->f36, A: inf [Infinity]
  15: f48->f36, B: inf [Infinity]
  15: f48->f36, C: inf [Infinity]
  15: f48->f36, D: 0 [O(1)]
  15: f48->f36, E: L [O(n)]
  15: f48->f36, F: 0 [O(1)]
  15: f48->f36, G: 1 [O(1)]
  15: f48->f36, H: 1 [O(1)]
  15: f48->f36, I: 0 [O(1)]
  15: f48->f36, J: 1+L [O(n)]
  15: f48->f36, K: inf [Infinity]
  15: f48->f36, L: inf [Infinity]
  16: f48->f36, A: inf [Infinity]
  16: f48->f36, B: inf [Infinity]
  16: f48->f36, C: inf [Infinity]
  16: f48->f36, D: 1 [O(1)]
  16: f48->f36, E: L [O(n)]
  16: f48->f36, F: 0 [O(1)]
  16: f48->f36, G: 1 [O(1)]
  16: f48->f36, H: 1 [O(1)]
  16: f48->f36, I: 0 [O(1)]
  16: f48->f36, J: 1+L [O(n)]
  16: f48->f36, K: inf [Infinity]
  16: f48->f36, L: inf [Infinity]
  17: f78->f15, A: inf [Infinity]
  17: f78->f15, B: inf [Infinity]
  17: f78->f15, C: inf [Infinity]
  17: f78->f15, D: 1 [O(1)]
  17: f78->f15, E: L [O(n)]
  17: f78->f15, F: 1 [O(1)]
  17: f78->f15, G: 1 [O(1)]
  17: f78->f15, H: 1 [O(1)]
  17: f78->f15, I: 0 [O(1)]
  17: f78->f15, J: max{0, 1+L} [O(n)]
  17: f78->f15, K: inf [Infinity]
  17: f78->f15, L: inf [Infinity]
  18: f78->f15, A: inf [Infinity]
  18: f78->f15, B: inf [Infinity]
  18: f78->f15, C: inf [Infinity]
  18: f78->f15, D: 1 [O(1)]
  18: f78->f15, E: L [O(n)]
  18: f78->f15, F: 1 [O(1)]
  18: f78->f15, G: 1 [O(1)]
  18: f78->f15, H: 0 [O(1)]
  18: f78->f15, I: 1 [O(1)]
  18: f78->f15, J: max{0, 1+L} [O(n)]
  18: f78->f15, K: inf [Infinity]
  18: f78->f15, L: inf [Infinity]
