Timebounds: 
  Overall timebound: inf [Infinity]
  0: f0->f15: 1 [O(1)]
  1: f15->f36: inf [Infinity]
  2: f15->f36: inf [Infinity]
  3: f15->f36: inf [Infinity]
  4: f15->f36: inf [Infinity]
  20: f15->f81: 1 [O(1)]
  5: f36->f77: inf [Infinity]
  6: f36->f77: inf [Infinity]
  7: f36->f48: inf [Infinity]
  8: f36->f48: inf [Infinity]
  9: f36->f48: inf [Infinity]
  10: f36->f48: inf [Infinity]
  11: f48->f36: inf [Infinity]
  12: f48->f36: inf [Infinity]
  13: f48->f36: inf [Infinity]
  14: f48->f36: inf [Infinity]
  15: f48->f36: max{0, -1, -1+2*L} [O(n)]
  16: f48->f36: inf [Infinity]
  17: f77->f15: inf [Infinity]
  18: f77->f15: 1 [O(1)]

Costbounds:
  Overall costbound: inf [Infinity]
  0: f0->f15: 1 [O(1)]
  1: f15->f36: inf [Infinity]
  2: f15->f36: inf [Infinity]
  3: f15->f36: inf [Infinity]
  4: f15->f36: inf [Infinity]
  20: f15->f81: 1 [O(1)]
  5: f36->f77: inf [Infinity]
  6: f36->f77: inf [Infinity]
  7: f36->f48: inf [Infinity]
  8: f36->f48: inf [Infinity]
  9: f36->f48: inf [Infinity]
  10: f36->f48: inf [Infinity]
  11: f48->f36: inf [Infinity]
  12: f48->f36: inf [Infinity]
  13: f48->f36: inf [Infinity]
  14: f48->f36: inf [Infinity]
  15: f48->f36: max{0, -1, -1+2*L} [O(n)]
  16: f48->f36: inf [Infinity]
  17: f77->f15: inf [Infinity]
  18: f77->f15: 1 [O(1)]

Sizebounds:
`Lower:
  0: f0->f15, A: 1 [O(1)]
  0: f0->f15, B: 4 [O(1)]
  0: f0->f15, C: 0 [O(1)]
  0: f0->f15, D: 0 [O(1)]
  0: f0->f15, E: 0 [O(1)]
  0: f0->f15, F: 0 [O(1)]
  0: f0->f15, G: 0 [O(1)]
  0: f0->f15, H: 0 [O(1)]
  0: f0->f15, I: 0 [O(1)]
  0: f0->f15, J: 0 [O(1)]
  1: f15->f36, A: 1 [O(1)]
  1: f15->f36, B: 1 [O(1)]
  1: f15->f36, C: 0 [O(1)]
  1: f15->f36, D: 0 [O(1)]
  1: f15->f36, E: 0 [O(1)]
  1: f15->f36, F: 0 [O(1)]
  1: f15->f36, G: 0 [O(1)]
  1: f15->f36, H: 0 [O(1)]
  1: f15->f36, I: 0 [O(1)]
  1: f15->f36, J: 0 [O(1)]
  2: f15->f36, A: 1 [O(1)]
  2: f15->f36, B: 0 [O(1)]
  2: f15->f36, C: 0 [O(1)]
  2: f15->f36, D: 0 [O(1)]
  2: f15->f36, E: 0 [O(1)]
  2: f15->f36, F: 0 [O(1)]
  2: f15->f36, G: 0 [O(1)]
  2: f15->f36, H: 0 [O(1)]
  2: f15->f36, I: 0 [O(1)]
  2: f15->f36, J: 0 [O(1)]
  3: f15->f36, A: 2 [O(1)]
  3: f15->f36, B: 5 [O(1)]
  3: f15->f36, C: 0 [O(1)]
  3: f15->f36, D: 0 [O(1)]
  3: f15->f36, E: 0 [O(1)]
  3: f15->f36, F: 0 [O(1)]
  3: f15->f36, G: 0 [O(1)]
  3: f15->f36, H: 0 [O(1)]
  3: f15->f36, I: 0 [O(1)]
  3: f15->f36, J: 0 [O(1)]
  4: f15->f36, A: 1 [O(1)]
  4: f15->f36, B: 0 [O(1)]
  4: f15->f36, C: 0 [O(1)]
  4: f15->f36, D: 0 [O(1)]
  4: f15->f36, E: 0 [O(1)]
  4: f15->f36, F: 0 [O(1)]
  4: f15->f36, G: 0 [O(1)]
  4: f15->f36, H: 0 [O(1)]
  4: f15->f36, I: 0 [O(1)]
  4: f15->f36, J: 0 [O(1)]
  20: f15->f81, A: 1 [O(1)]
  20: f15->f81, B: 0 [O(1)]
  20: f15->f81, C: 0 [O(1)]
  20: f15->f81, D: 0 [O(1)]
  20: f15->f81, E: 0 [O(1)]
  20: f15->f81, F: 0 [O(1)]
  20: f15->f81, G: 0 [O(1)]
  20: f15->f81, H: 0 [O(1)]
  20: f15->f81, I: 1 [O(1)]
  20: f15->f81, J: 1 [O(1)]
  5: f36->f77, A: 1 [O(1)]
  5: f36->f77, B: 0 [O(1)]
  5: f36->f77, C: 0 [O(1)]
  5: f36->f77, D: 0 [O(1)]
  5: f36->f77, E: 0 [O(1)]
  5: f36->f77, F: 0 [O(1)]
  5: f36->f77, G: 0 [O(1)]
  5: f36->f77, H: 0 [O(1)]
  5: f36->f77, I: 0 [O(1)]
  5: f36->f77, J: 1 [O(1)]
  6: f36->f77, A: 1 [O(1)]
  6: f36->f77, B: 0 [O(1)]
  6: f36->f77, C: 0 [O(1)]
  6: f36->f77, D: 0 [O(1)]
  6: f36->f77, E: 0 [O(1)]
  6: f36->f77, F: 0 [O(1)]
  6: f36->f77, G: 1 [O(1)]
  6: f36->f77, H: 1 [O(1)]
  6: f36->f77, I: 0 [O(1)]
  6: f36->f77, J: 1 [O(1)]
  7: f36->f48, A: 1 [O(1)]
  7: f36->f48, B: 1 [O(1)]
  7: f36->f48, C: 0 [O(1)]
  7: f36->f48, D: 0 [O(1)]
  7: f36->f48, E: 0 [O(1)]
  7: f36->f48, F: 0 [O(1)]
  7: f36->f48, G: 0 [O(1)]
  7: f36->f48, H: 0 [O(1)]
  7: f36->f48, I: 0 [O(1)]
  7: f36->f48, J: 0 [O(1)]
  8: f36->f48, A: 1 [O(1)]
  8: f36->f48, B: 0 [O(1)]
  8: f36->f48, C: 0 [O(1)]
  8: f36->f48, D: 0 [O(1)]
  8: f36->f48, E: 0 [O(1)]
  8: f36->f48, F: 0 [O(1)]
  8: f36->f48, G: 0 [O(1)]
  8: f36->f48, H: 0 [O(1)]
  8: f36->f48, I: 0 [O(1)]
  8: f36->f48, J: 0 [O(1)]
  9: f36->f48, A: 2 [O(1)]
  9: f36->f48, B: 5 [O(1)]
  9: f36->f48, C: 0 [O(1)]
  9: f36->f48, D: 0 [O(1)]
  9: f36->f48, E: 0 [O(1)]
  9: f36->f48, F: 0 [O(1)]
  9: f36->f48, G: 0 [O(1)]
  9: f36->f48, H: 0 [O(1)]
  9: f36->f48, I: 0 [O(1)]
  9: f36->f48, J: 0 [O(1)]
  10: f36->f48, A: 1 [O(1)]
  10: f36->f48, B: 0 [O(1)]
  10: f36->f48, C: 0 [O(1)]
  10: f36->f48, D: 0 [O(1)]
  10: f36->f48, E: 0 [O(1)]
  10: f36->f48, F: 0 [O(1)]
  10: f36->f48, G: 0 [O(1)]
  10: f36->f48, H: 0 [O(1)]
  10: f36->f48, I: 0 [O(1)]
  10: f36->f48, J: 0 [O(1)]
  11: f48->f36, A: 1 [O(1)]
  11: f48->f36, B: 0 [O(1)]
  11: f48->f36, C: 0 [O(1)]
  11: f48->f36, D: 0 [O(1)]
  11: f48->f36, E: 0 [O(1)]
  11: f48->f36, F: 0 [O(1)]
  11: f48->f36, G: 0 [O(1)]
  11: f48->f36, H: 0 [O(1)]
  11: f48->f36, I: 0 [O(1)]
  11: f48->f36, J: 1 [O(1)]
  12: f48->f36, A: 1 [O(1)]
  12: f48->f36, B: 0 [O(1)]
  12: f48->f36, C: 0 [O(1)]
  12: f48->f36, D: 0 [O(1)]
  12: f48->f36, E: 0 [O(1)]
  12: f48->f36, F: 1 [O(1)]
  12: f48->f36, G: 1 [O(1)]
  12: f48->f36, H: 0 [O(1)]
  12: f48->f36, I: 0 [O(1)]
  12: f48->f36, J: 1 [O(1)]
  13: f48->f36, A: 1 [O(1)]
  13: f48->f36, B: 1 [O(1)]
  13: f48->f36, C: 0 [O(1)]
  13: f48->f36, D: 0 [O(1)]
  13: f48->f36, E: 0 [O(1)]
  13: f48->f36, F: 0 [O(1)]
  13: f48->f36, G: 1 [O(1)]
  13: f48->f36, H: 0 [O(1)]
  13: f48->f36, I: 0 [O(1)]
  13: f48->f36, J: 1 [O(1)]
  14: f48->f36, A: 1 [O(1)]
  14: f48->f36, B: 0 [O(1)]
  14: f48->f36, C: 0 [O(1)]
  14: f48->f36, D: 0 [O(1)]
  14: f48->f36, E: 0 [O(1)]
  14: f48->f36, F: 0 [O(1)]
  14: f48->f36, G: 1 [O(1)]
  14: f48->f36, H: 0 [O(1)]
  14: f48->f36, I: 0 [O(1)]
  14: f48->f36, J: 1 [O(1)]
  15: f48->f36, A: 2 [O(1)]
  15: f48->f36, B: 5 [O(1)]
  15: f48->f36, C: 0 [O(1)]
  15: f48->f36, D: 0 [O(1)]
  15: f48->f36, E: 1 [O(1)]
  15: f48->f36, F: 0 [O(1)]
  15: f48->f36, G: 1 [O(1)]
  15: f48->f36, H: 0 [O(1)]
  15: f48->f36, I: 0 [O(1)]
  15: f48->f36, J: 1 [O(1)]
  16: f48->f36, A: 1 [O(1)]
  16: f48->f36, B: 0 [O(1)]
  16: f48->f36, C: 0 [O(1)]
  16: f48->f36, D: 0 [O(1)]
  16: f48->f36, E: 0 [O(1)]
  16: f48->f36, F: 0 [O(1)]
  16: f48->f36, G: 1 [O(1)]
  16: f48->f36, H: 0 [O(1)]
  16: f48->f36, I: 0 [O(1)]
  16: f48->f36, J: 1 [O(1)]
  17: f77->f15, A: 1 [O(1)]
  17: f77->f15, B: 0 [O(1)]
  17: f77->f15, C: 0 [O(1)]
  17: f77->f15, D: 0 [O(1)]
  17: f77->f15, E: 0 [O(1)]
  17: f77->f15, F: 0 [O(1)]
  17: f77->f15, G: 1 [O(1)]
  17: f77->f15, H: 1 [O(1)]
  17: f77->f15, I: 0 [O(1)]
  17: f77->f15, J: 1 [O(1)]
  18: f77->f15, A: 1 [O(1)]
  18: f77->f15, B: 0 [O(1)]
  18: f77->f15, C: 0 [O(1)]
  18: f77->f15, D: 0 [O(1)]
  18: f77->f15, E: 0 [O(1)]
  18: f77->f15, F: 0 [O(1)]
  18: f77->f15, G: 0 [O(1)]
  18: f77->f15, H: 0 [O(1)]
  18: f77->f15, I: 1 [O(1)]
  18: f77->f15, J: 1 [O(1)]
`Upper:
  0: f0->f15, A: 1 [O(1)]
  0: f0->f15, B: 4 [O(1)]
  0: f0->f15, C: K [O(n)]
  0: f0->f15, D: 0 [O(1)]
  0: f0->f15, E: L [O(n)]
  0: f0->f15, F: 0 [O(1)]
  0: f0->f15, G: 0 [O(1)]
  0: f0->f15, H: 0 [O(1)]
  0: f0->f15, I: 0 [O(1)]
  0: f0->f15, J: 0 [O(1)]
  1: f15->f36, C: 0 [O(1)]
  1: f15->f36, D: 1 [O(1)]
  1: f15->f36, E: L [O(n)]
  1: f15->f36, F: 0 [O(1)]
  1: f15->f36, G: 0 [O(1)]
  1: f15->f36, H: 0 [O(1)]
  1: f15->f36, I: 0 [O(1)]
  1: f15->f36, J: 0 [O(1)]
  2: f15->f36, C: 0 [O(1)]
  2: f15->f36, D: 0 [O(1)]
  2: f15->f36, E: L [O(n)]
  2: f15->f36, F: 1 [O(1)]
  2: f15->f36, G: 0 [O(1)]
  2: f15->f36, H: 0 [O(1)]
  2: f15->f36, I: 0 [O(1)]
  2: f15->f36, J: 0 [O(1)]
  3: f15->f36, D: 0 [O(1)]
  3: f15->f36, E: L [O(n)]
  3: f15->f36, F: 1 [O(1)]
  3: f15->f36, G: 0 [O(1)]
  3: f15->f36, H: 0 [O(1)]
  3: f15->f36, I: 0 [O(1)]
  3: f15->f36, J: 0 [O(1)]
  4: f15->f36, D: 1 [O(1)]
  4: f15->f36, E: L [O(n)]
  4: f15->f36, F: 1 [O(1)]
  4: f15->f36, G: 0 [O(1)]
  4: f15->f36, H: 0 [O(1)]
  4: f15->f36, I: 0 [O(1)]
  4: f15->f36, J: 0 [O(1)]
  20: f15->f81, D: 1 [O(1)]
  20: f15->f81, E: L [O(n)]
  20: f15->f81, F: 1 [O(1)]
  20: f15->f81, G: 1 [O(1)]
  20: f15->f81, H: 1 [O(1)]
  20: f15->f81, I: 1 [O(1)]
  5: f36->f77, D: 1 [O(1)]
  5: f36->f77, E: L [O(n)]
  5: f36->f77, F: 1 [O(1)]
  5: f36->f77, G: 1 [O(1)]
  5: f36->f77, H: 0 [O(1)]
  5: f36->f77, I: 0 [O(1)]
  6: f36->f77, D: 1 [O(1)]
  6: f36->f77, E: L [O(n)]
  6: f36->f77, F: 1 [O(1)]
  6: f36->f77, G: 1 [O(1)]
  6: f36->f77, H: 1 [O(1)]
  6: f36->f77, I: 0 [O(1)]
  7: f36->f48, C: 0 [O(1)]
  7: f36->f48, D: 1 [O(1)]
  7: f36->f48, E: L [O(n)]
  7: f36->f48, F: 1 [O(1)]
  7: f36->f48, G: 0 [O(1)]
  7: f36->f48, H: 0 [O(1)]
  7: f36->f48, I: 0 [O(1)]
  8: f36->f48, C: 0 [O(1)]
  8: f36->f48, D: 0 [O(1)]
  8: f36->f48, E: L [O(n)]
  8: f36->f48, F: 1 [O(1)]
  8: f36->f48, G: 1 [O(1)]
  8: f36->f48, H: 0 [O(1)]
  8: f36->f48, I: 0 [O(1)]
  9: f36->f48, D: 0 [O(1)]
  9: f36->f48, E: L [O(n)]
  9: f36->f48, F: 1 [O(1)]
  9: f36->f48, G: 1 [O(1)]
  9: f36->f48, H: 0 [O(1)]
  9: f36->f48, I: 0 [O(1)]
  10: f36->f48, D: 1 [O(1)]
  10: f36->f48, E: L [O(n)]
  10: f36->f48, F: 1 [O(1)]
  10: f36->f48, G: 1 [O(1)]
  10: f36->f48, H: 0 [O(1)]
  10: f36->f48, I: 0 [O(1)]
  11: f48->f36, D: 1 [O(1)]
  11: f48->f36, E: L [O(n)]
  11: f48->f36, F: 1 [O(1)]
  11: f48->f36, G: 0 [O(1)]
  11: f48->f36, H: 0 [O(1)]
  11: f48->f36, I: 0 [O(1)]
  12: f48->f36, D: 1 [O(1)]
  12: f48->f36, E: L [O(n)]
  12: f48->f36, F: 1 [O(1)]
  12: f48->f36, G: 1 [O(1)]
  12: f48->f36, H: 0 [O(1)]
  12: f48->f36, I: 0 [O(1)]
  13: f48->f36, C: 0 [O(1)]
  13: f48->f36, D: 1 [O(1)]
  13: f48->f36, E: L [O(n)]
  13: f48->f36, F: 0 [O(1)]
  13: f48->f36, G: 1 [O(1)]
  13: f48->f36, H: 0 [O(1)]
  13: f48->f36, I: 0 [O(1)]
  14: f48->f36, C: 0 [O(1)]
  14: f48->f36, D: 0 [O(1)]
  14: f48->f36, E: L [O(n)]
  14: f48->f36, F: 0 [O(1)]
  14: f48->f36, G: 1 [O(1)]
  14: f48->f36, H: 1 [O(1)]
  14: f48->f36, I: 0 [O(1)]
  15: f48->f36, D: 0 [O(1)]
  15: f48->f36, E: L [O(n)]
  15: f48->f36, F: 0 [O(1)]
  15: f48->f36, G: 1 [O(1)]
  15: f48->f36, H: 1 [O(1)]
  15: f48->f36, I: 0 [O(1)]
  16: f48->f36, D: 1 [O(1)]
  16: f48->f36, E: L [O(n)]
  16: f48->f36, F: 0 [O(1)]
  16: f48->f36, G: 1 [O(1)]
  16: f48->f36, H: 1 [O(1)]
  16: f48->f36, I: 0 [O(1)]
  17: f77->f15, D: 1 [O(1)]
  17: f77->f15, E: L [O(n)]
  17: f77->f15, F: 1 [O(1)]
  17: f77->f15, G: 1 [O(1)]
  17: f77->f15, H: 1 [O(1)]
  17: f77->f15, I: 0 [O(1)]
  18: f77->f15, D: 1 [O(1)]
  18: f77->f15, E: L [O(n)]
  18: f77->f15, F: 1 [O(1)]
  18: f77->f15, G: 1 [O(1)]
  18: f77->f15, H: 0 [O(1)]
  18: f77->f15, I: 1 [O(1)]
