Timebounds: 
  Overall timebound: 1+max{0, B}+max{0, A} [O(n)]
  0: eval->eval: max{0, A} [O(n)]
  3: eval->eval: max{0, B} [O(n)]
  4: start->eval: 1 [O(1)]

Costbounds:
  Overall costbound: 1+max{0, B}+max{0, A} [O(n)]
  0: eval->eval: max{0, A} [O(n)]
  3: eval->eval: max{0, B} [O(n)]
  4: start->eval: 1 [O(1)]

Sizebounds:
`Lower:
  0: eval->eval, A: 1 [O(1)]
  0: eval->eval, B: 1 [O(1)]
  3: eval->eval, A: 1 [O(1)]
  3: eval->eval, B: 1 [O(1)]
  4: start->eval, A: A [O(n)]
  4: start->eval, B: B [O(n)]
`Upper:
  0: eval->eval, A: A [O(n)]
  0: eval->eval, B: B [O(n)]
  3: eval->eval, A: A [O(n)]
  3: eval->eval, B: B [O(n)]
  4: start->eval, A: A [O(n)]
  4: start->eval, B: B [O(n)]
