Timebounds: 
  Overall timebound: max{1, 1+A} [O(n)]
  2: start->zip3: 1 [O(1)]
  0: zip3->zip3: max{0, A} [O(n)]

Costbounds:
  Overall costbound: max{1, 1+A} [O(n)]
  2: start->zip3: 1 [O(1)]
  0: zip3->zip3: max{0, A} [O(n)]

Sizebounds:
`Lower:
  2: start->zip3, A: A [O(n)]
  2: start->zip3, B: B [O(n)]
  2: start->zip3, C: C [O(n)]
  0: zip3->zip3, A: -max{0, -A} [O(n)]
  0: zip3->zip3, B: -max{0, -B} [O(n)]
  0: zip3->zip3, C: -max{0, -C} [O(n)]
`Upper:
  2: start->zip3, A: A [O(n)]
  2: start->zip3, B: B [O(n)]
  2: start->zip3, C: C [O(n)]
  0: zip3->zip3, A: max{0, A} [O(n)]
  0: zip3->zip3, B: max{0, B} [O(n)]
  0: zip3->zip3, C: max{0, C} [O(n)]
