Timebounds: 
  Overall timebound: max{0, 2*C}+max{1, 1+A-B} [O(n)]
  0: eval0->eval1: 1 [O(1)]
  1: eval1->eval1: max{0, A-B} [O(n)]
  2: eval1->eval1: max{0, 2*C} [O(n)]

Costbounds:
  Overall costbound: max{0, 2*C}+max{1, 1+A-B} [O(n)]
  0: eval0->eval1: 1 [O(1)]
  1: eval1->eval1: max{0, A-B} [O(n)]
  2: eval1->eval1: max{0, 2*C} [O(n)]

Sizebounds:
`Lower:
  0: eval0->eval1, A: 1 [O(1)]
  0: eval0->eval1, B: B [O(n)]
  0: eval0->eval1, C: C [O(n)]
  1: eval1->eval1, A: 1 [O(1)]
  1: eval1->eval1, B: B [O(n)]
  1: eval1->eval1, C: 2 [O(1)]
  2: eval1->eval1, A: 1 [O(1)]
  2: eval1->eval1, B: B [O(n)]
  2: eval1->eval1, C: B-A [O(n)]
`Upper:
  0: eval0->eval1, A: A [O(n)]
  0: eval0->eval1, B: B [O(n)]
  0: eval0->eval1, C: C [O(n)]
  1: eval1->eval1, A: A [O(n)]
  1: eval1->eval1, B: 2*A [O(n)]
  1: eval1->eval1, C: C [O(n)]
  2: eval1->eval1, A: A [O(n)]
  2: eval1->eval1, B: max{B, 2*A} [O(n)]
  2: eval1->eval1, C: -1 [O(1)]
