Timebounds: 
  Overall timebound: 1+2*max{0, A+-C-B} [O(n)]
  0: f->f: max{0, A+-C-B} [O(n)]
  1: f->f: max{0, A+-C-B} [O(n)]
  2: start->f: 1 [O(1)]

Costbounds:
  Overall costbound: 1+2*max{0, A+-C-B} [O(n)]
  0: f->f: max{0, A+-C-B} [O(n)]
  1: f->f: max{0, A+-C-B} [O(n)]
  2: start->f: 1 [O(1)]

Sizebounds:
`Lower:
  0: f->f, A: -max{0, -A} [O(n)]
  0: f->f, B: -max{0, -B} [O(n)]
  0: f->f, C: -max{0, -C} [O(n)]
  1: f->f, A: -max{0, -A} [O(n)]
  1: f->f, B: -max{0, -B} [O(n)]
  1: f->f, C: -max{0, -C} [O(n)]
  2: start->f, A: A [O(n)]
  2: start->f, B: B [O(n)]
  2: start->f, C: C [O(n)]
`Upper:
  0: f->f, A: max{0, A} [O(n)]
  0: f->f, B: max{0, B}+max{0, A+-C-B} [O(n)]
  0: f->f, C: max{0, C}+max{0, A+-C-B} [O(n)]
  1: f->f, A: max{0, A} [O(n)]
  1: f->f, B: max{0, B}+max{0, A+-C-B} [O(n)]
  1: f->f, C: max{0, C}+max{0, A+-C-B} [O(n)]
  2: start->f, A: A [O(n)]
  2: start->f, B: B [O(n)]
  2: start->f, C: C [O(n)]
