Timebounds: 
  Overall timebound: 1+max{0, A-C}+max{0, A-B} [O(n)]
  0: f->f: max{0, A-B} [O(n)]
  1: f->f: max{0, A-C} [O(n)]
  2: start->f: 1 [O(1)]

Costbounds:
  Overall costbound: 1+max{0, A-C}+max{0, A-B} [O(n)]
  0: f->f: max{0, A-B} [O(n)]
  1: f->f: max{0, A-C} [O(n)]
  2: start->f: 1 [O(1)]

Sizebounds:
`Lower:
  0: f->f, A: A [O(n)]
  0: f->f, B: -inf [Infinity]
  0: f->f, C: -inf [Infinity]
  1: f->f, A: A [O(n)]
  1: f->f, B: -inf [Infinity]
  1: f->f, C: -inf [Infinity]
  2: start->f, A: A [O(n)]
  2: start->f, B: B [O(n)]
  2: start->f, C: C [O(n)]
`Upper:
  0: f->f, A: A [O(n)]
  0: f->f, B: A [O(n)]
  0: f->f, C: -1+A [O(n)]
  1: f->f, A: A [O(n)]
  1: f->f, B: -1+A [O(n)]
  1: f->f, C: A [O(n)]
  2: start->f, A: A [O(n)]
  2: start->f, B: B [O(n)]
  2: start->f, C: C [O(n)]
