Timebounds: 
  Overall timebound: max{2, 2+D} [O(n)]
  1: f->f: max{0, D} [O(n)]
  2: f->end: 1 [O(1)]
  0: sqrt->f: 1 [O(1)]

Costbounds:
  Overall costbound: max{2, 2+D} [O(n)]
  1: f->f: max{0, D} [O(n)]
  2: f->end: 1 [O(1)]
  0: sqrt->f: 1 [O(1)]

Sizebounds:
`Lower:
  1: f->f, A: 1 [O(1)]
  1: f->f, B: 3 [O(1)]
  1: f->f, C: 4 [O(1)]
  1: f->f, D: 1 [O(1)]
  2: f->end, A: 0 [O(1)]
  2: f->end, B: 1 [O(1)]
  2: f->end, C: 1 [O(1)]
  2: f->end, D: -max{-1, -D} [O(n)]
  0: sqrt->f, A: 0 [O(1)]
  0: sqrt->f, B: 1 [O(1)]
  0: sqrt->f, C: 1 [O(1)]
  0: sqrt->f, D: D [O(n)]
`Upper:
  1: f->f, A: max{0, D} [O(n)]
  1: f->f, B: max{1, 1+2*D} [O(n)]
  1: f->f, C: max{1, 2^(D)}*max{1, 1+D} [O(2^n)]
  1: f->f, D: D [O(n)]
  2: f->end, A: max{0, D} [O(n)]
  2: f->end, B: max{1, 1, 1+2*D} [O(n)]
  2: f->end, C: max{1, max{1, 2^(D)}*max{1, 1+D}} [O(2^n)]
  2: f->end, D: D [O(n)]
  0: sqrt->f, A: 0 [O(1)]
  0: sqrt->f, B: 1 [O(1)]
  0: sqrt->f, C: 1 [O(1)]
  0: sqrt->f, D: D [O(n)]
