Timebounds: 
  Overall timebound: inf [Infinity]
  0: ack->ack: max{0, A} [O(n)]
  1: ack->ack: inf [Infinity]
  2: start->ack: 1 [O(1)]

Costbounds:
  Overall costbound: inf [Infinity]
  0: ack->ack: max{0, A} [O(n)]
  1: ack->ack: inf [Infinity]
  2: start->ack: 1 [O(1)]

Sizebounds:
`Lower:
  0: ack->ack, A: A [O(n)]
  0: ack->ack, B: -inf [Infinity]
  0: ack->ack, C: -inf [Infinity]
  1: ack->ack, A: A [O(n)]
  1: ack->ack, B: -inf [Infinity]
  1: ack->ack, C: -inf [Infinity]
  2: start->ack, A: A [O(n)]
  2: start->ack, B: B [O(n)]
  2: start->ack, C: -inf [Infinity]
`Upper:
  0: ack->ack, A: A [O(n)]
  0: ack->ack, B: inf [Infinity]
  0: ack->ack, C: inf [Infinity]
  1: ack->ack, A: A [O(n)]
  1: ack->ack, B: inf [Infinity]
  1: ack->ack, C: inf [Infinity]
  2: start->ack, A: A [O(n)]
  2: start->ack, B: B [O(n)]
  2: start->ack, C: inf [Infinity]
