Timebounds: 
  Overall timebound: 3+2*(max{2, 2*A}+max{4, 2*A}+max{8, 2*A}) [O(n)]
  3: a->a: max{2, 2*A}+max{4, 2*A}+max{8, 2*A} [O(n)]
  4: a->a: max{2, 2*A}+max{4, 2*A}+max{8, 2*A} [O(n)]
  0: start->a: 1 [O(1)]
  1: start->a: 1 [O(1)]
  2: start->a: 1 [O(1)]

Costbounds:
  Overall costbound: 3+2*(max{2, 2*A}+max{4, 2*A}+max{8, 2*A}) [O(n)]
  3: a->a: max{2, 2*A}+max{4, 2*A}+max{8, 2*A} [O(n)]
  4: a->a: max{2, 2*A}+max{4, 2*A}+max{8, 2*A} [O(n)]
  0: start->a: 1 [O(1)]
  1: start->a: 1 [O(1)]
  2: start->a: 1 [O(1)]

Sizebounds:
`Lower:
  3: a->a, A: 1 [O(1)]
  3: a->a, B: -inf [Infinity]
  4: a->a, A: 1 [O(1)]
  4: a->a, B: -inf [Infinity]
  0: start->a, A: 1 [O(1)]
  0: start->a, B: -inf [Infinity]
  1: start->a, A: 2 [O(1)]
  1: start->a, B: -inf [Infinity]
  2: start->a, A: 4 [O(1)]
  2: start->a, B: -inf [Infinity]
`Upper:
  3: a->a, A: A [O(n)]
  3: a->a, B: inf [Infinity]
  4: a->a, A: A [O(n)]
  4: a->a, B: inf [Infinity]
  0: start->a, A: A [O(n)]
  0: start->a, B: inf [Infinity]
  1: start->a, A: A [O(n)]
  1: start->a, B: inf [Infinity]
  2: start->a, A: A [O(n)]
  2: start->a, B: inf [Infinity]
