Timebounds: 
  Overall timebound: 1+max{0, B}+max{0, A} [O(n)]
  0: merge->merge: max{0, A} [O(n)]
  1: merge->merge: max{0, B} [O(n)]
  2: start->merge: 1 [O(1)]

Costbounds:
  Overall costbound: 1+max{0, B}+max{0, A} [O(n)]
  0: merge->merge: max{0, A} [O(n)]
  1: merge->merge: max{0, B} [O(n)]
  2: start->merge: 1 [O(1)]

Sizebounds:
`Lower:
  0: merge->merge, A: 0 [O(1)]
  0: merge->merge, B: 1 [O(1)]
  1: merge->merge, A: 1 [O(1)]
  1: merge->merge, B: 0 [O(1)]
  2: start->merge, A: A [O(n)]
  2: start->merge, B: B [O(n)]
`Upper:
  0: merge->merge, A: A [O(n)]
  0: merge->merge, B: B [O(n)]
  1: merge->merge, A: A [O(n)]
  1: merge->merge, B: B [O(n)]
  2: start->merge, A: A [O(n)]
  2: start->merge, B: B [O(n)]
