Timebounds: 
  Overall timebound: 1+2*max{2, 2*B}+max{7, 7*B}+max{1, -1+2*B} [O(n)]
  1: m1->m1: max{2, 2*B} [O(n)]
  2: m1->m1: max{2, 2*B} [O(n)]
  3: m1->m1: max{1, -1+2*B} [O(n)]
  4: m1->m1: max{7, 7*B} [O(n)]
  0: start->m1: 1 [O(1)]

Costbounds:
  Overall costbound: 1+2*max{2, 2*B}+max{7, 7*B}+max{1, -1+2*B} [O(n)]
  1: m1->m1: max{2, 2*B} [O(n)]
  2: m1->m1: max{2, 2*B} [O(n)]
  3: m1->m1: max{1, -1+2*B} [O(n)]
  4: m1->m1: max{7, 7*B} [O(n)]
  0: start->m1: 1 [O(1)]

Sizebounds:
`Lower:
  1: m1->m1, A: 0 [O(1)]
  1: m1->m1, B: 1 [O(1)]
  1: m1->m1, C: 1 [O(1)]
  1: m1->m1, D: 0 [O(1)]
  1: m1->m1, E: 0 [O(1)]
  1: m1->m1, F: 2 [O(1)]
  1: m1->m1, G: -inf [Infinity]
  1: m1->m1, H: -inf [Infinity]
  2: m1->m1, A: 0 [O(1)]
  2: m1->m1, B: 1 [O(1)]
  2: m1->m1, C: 1 [O(1)]
  2: m1->m1, D: 0 [O(1)]
  2: m1->m1, E: 0 [O(1)]
  2: m1->m1, F: 1 [O(1)]
  2: m1->m1, G: -inf [Infinity]
  2: m1->m1, H: -inf [Infinity]
  3: m1->m1, A: 0 [O(1)]
  3: m1->m1, B: 1 [O(1)]
  3: m1->m1, C: 2 [O(1)]
  3: m1->m1, D: 0 [O(1)]
  3: m1->m1, E: 0 [O(1)]
  3: m1->m1, F: 1 [O(1)]
  3: m1->m1, G: -inf [Infinity]
  3: m1->m1, H: -inf [Infinity]
  4: m1->m1, A: 0 [O(1)]
  4: m1->m1, B: 1 [O(1)]
  4: m1->m1, C: 1 [O(1)]
  4: m1->m1, D: 0 [O(1)]
  4: m1->m1, E: 0 [O(1)]
  4: m1->m1, F: 1 [O(1)]
  4: m1->m1, G: -inf [Infinity]
  4: m1->m1, H: -inf [Infinity]
  0: start->m1, A: 0 [O(1)]
  0: start->m1, B: 1 [O(1)]
  0: start->m1, C: 1 [O(1)]
  0: start->m1, D: 0 [O(1)]
  0: start->m1, E: 0 [O(1)]
  0: start->m1, F: 0 [O(1)]
  0: start->m1, G: -inf [Infinity]
  0: start->m1, H: -inf [Infinity]
`Upper:
  1: m1->m1, A: A+max{7, 7*B}+max{2, 2*B} [O(n)]
  1: m1->m1, B: B [O(n)]
  1: m1->m1, C: max{B, 1+B}+max{2, 2*B} [O(n)]
  1: m1->m1, D: D [O(n)]
  1: m1->m1, E: max{-1+A+max{7, 7*B}+max{2, 2*B}, -1+A, -1+A+max{7, 7*B}+max{2, 2*B}} [O(n)]
  1: m1->m1, F: 1+B [O(n)]
  1: m1->m1, G: inf [Infinity]
  1: m1->m1, H: inf [Infinity]
  2: m1->m1, A: A+max{7, 7*B}+max{2, 2*B} [O(n)]
  2: m1->m1, B: B [O(n)]
  2: m1->m1, C: max{B, 1+B}+max{2, 2*B} [O(n)]
  2: m1->m1, D: D [O(n)]
  2: m1->m1, E: max{B, -1+max{B, 1+B}+max{2, 2*B}, max{-1+B, -1+max{B, 1+B}+max{2, 2*B}}} [O(n)]
  2: m1->m1, F: 1+B [O(n)]
  2: m1->m1, G: inf [Infinity]
  2: m1->m1, H: inf [Infinity]
  3: m1->m1, A: A+max{7, 7*B}+max{2, 2*B} [O(n)]
  3: m1->m1, B: B [O(n)]
  3: m1->m1, C: 1+B [O(n)]
  3: m1->m1, D: D [O(n)]
  3: m1->m1, E: -1+B [O(n)]
  3: m1->m1, F: 1+B [O(n)]
  3: m1->m1, G: inf [Infinity]
  3: m1->m1, H: inf [Infinity]
  4: m1->m1, A: A+max{7, 7*B}+max{2, 2*B} [O(n)]
  4: m1->m1, B: B [O(n)]
  4: m1->m1, C: B [O(n)]
  4: m1->m1, D: D [O(n)]
  4: m1->m1, E: -1+B [O(n)]
  4: m1->m1, F: 1+B [O(n)]
  4: m1->m1, G: inf [Infinity]
  4: m1->m1, H: inf [Infinity]
  0: start->m1, A: A [O(n)]
  0: start->m1, B: B [O(n)]
  0: start->m1, C: B [O(n)]
  0: start->m1, D: D [O(n)]
  0: start->m1, E: -1+B [O(n)]
  0: start->m1, F: A [O(n)]
  0: start->m1, G: inf [Infinity]
  0: start->m1, H: inf [Infinity]
