Timebounds: 
  Overall timebound: inf [Infinity]
  0: eval->eval: inf [Infinity]
  1: eval->eval: max{0, 4*B} [O(n)]
  2: start->eval: 1 [O(1)]

Costbounds:
  Overall costbound: inf [Infinity]
  0: eval->eval: inf [Infinity]
  1: eval->eval: max{0, 4*B} [O(n)]
  2: start->eval: 1 [O(1)]

Sizebounds:
`Lower:
  0: eval->eval, A: 2 [O(1)]
  0: eval->eval, B: B [O(n)]
  0: eval->eval, C: -inf [Infinity]
  0: eval->eval, D: -inf [Infinity]
  0: eval->eval, E: -inf [Infinity]
  1: eval->eval, A: -max{-2, -A} [O(n)]
  1: eval->eval, B: B [O(n)]
  1: eval->eval, C: -inf [Infinity]
  1: eval->eval, D: -inf [Infinity]
  1: eval->eval, E: -inf [Infinity]
  2: start->eval, A: A [O(n)]
  2: start->eval, B: B [O(n)]
  2: start->eval, C: -inf [Infinity]
  2: start->eval, D: -inf [Infinity]
  2: start->eval, E: -inf [Infinity]
`Upper:
  0: eval->eval, A: B [O(n)]
  0: eval->eval, B: B [O(n)]
  0: eval->eval, C: inf [Infinity]
  0: eval->eval, D: inf [Infinity]
  0: eval->eval, E: inf [Infinity]
  1: eval->eval, A: max{B, A} [O(n)]
  1: eval->eval, B: B [O(n)]
  1: eval->eval, C: inf [Infinity]
  1: eval->eval, D: inf [Infinity]
  1: eval->eval, E: inf [Infinity]
  2: start->eval, A: A [O(n)]
  2: start->eval, B: B [O(n)]
  2: start->eval, C: inf [Infinity]
  2: start->eval, D: inf [Infinity]
  2: start->eval, E: inf [Infinity]
