Timebounds: 
  Overall timebound: inf [Infinity]
  0: eval1->eval2: 1 [O(1)]
  1: eval1->eval2: 1 [O(1)]
  9: eval4->eval2: max{0, -2+A} [O(n)]
  10: eval4->eval2: max{0, -1+B}+max{0, -2+B} [O(n)]

Costbounds:
  Overall costbound: inf [Infinity]
  0: eval1->eval2: 1 [O(1)]
  1: eval1->eval2: 1 [O(1)]
  2: eval2->eval3: inf [Infinity]
  3: eval3->eval4: inf [Infinity]
  4: eval3->eval4: inf [Infinity]
  5: eval3->eval3: inf [Infinity]
  6: eval3->eval3: inf [Infinity]
  7: eval3->eval4: inf [Infinity]
  8: eval3->eval3: inf [Infinity]
  9: eval4->eval2: max{0, -2+A} [O(n)]
  10: eval4->eval2: max{0, -1+B}+max{0, -2+B} [O(n)]

Sizebounds:
`Lower:
  0: eval1->eval2, A: 1 [O(1)]
  0: eval1->eval2, B: B [O(n)]
  0: eval1->eval2, C: C [O(n)]
  0: eval1->eval2, D: D [O(n)]
  1: eval1->eval2, A: A [O(n)]
  1: eval1->eval2, B: -1+B [O(n)]
  1: eval1->eval2, C: C [O(n)]
  1: eval1->eval2, D: D [O(n)]
  2: eval2->eval3, A: -max{0, -1, -A} [O(n)]
  2: eval2->eval3, B: -max{0, -B, 1-B} [O(n)]
  2: eval2->eval3, C: -max{0, -1, -A} [O(n)]
  2: eval2->eval3, D: -max{-2*(3-max{0, B, -1+B}), -2*(2+-max{0, -1, -A}-max{0, B, -1+B}), max{-2*(3+A-B), -2*(3-B)}} [O(n)]
  3: eval3->eval4, A: -max{0, -1, -A} [O(n)]
  3: eval3->eval4, B: -max{0, -B, 1-B} [O(n)]
  3: eval3->eval4, C: -max{-1, 0, max{-1, -A}} [O(n)]
  3: eval3->eval4, D: -max{0, -B, max{-B, -B, max{-B, -B, max{-B, -B, max{-B, -B, max{-B, -B, max{-B, 1-B, max{1-B, 1-B, max{1-B, 1-B, max{1-B, 1-B, max{1-B, 1-B, max{1-B, 1-B, max{1-B, -2*(3-max{0, B, -1+B}), max{-2*(2+-max{0, -1, -A}-max{0, B, -1+B}), -2*(3+A-B), max{-2*(3-max{0, B, -1+B}), -2*(2+-max{0, -1, -A}-max{0, B, -1+B}), max{-2*(3+A-B), -2*(3-max{0, B, -1+B}), max{-2*(2+-max{0, -1, -A}-max{0, B, -1+B}), -2*(3+A-B), max{-2*(3-max{0, B, -1+B}), -2*(2+-max{0, -1, -A}-max{0, B, -1+B}), max{-2*(3+A-B), -2*(3-B)}}}}}}}}}}}}}}}}}}} [O(n)]
  4: eval3->eval4, A: -max{0, -1, -A} [O(n)]
  4: eval3->eval4, B: -max{0, -B, 1-B} [O(n)]
  4: eval3->eval4, C: -max{-1, 0, max{-1, -A}} [O(n)]
  4: eval3->eval4, D: -max{-1, -1+max{-2*(3-max{0, B, -1+B}), -2*(2+-max{0, -1, -A}-max{0, B, -1+B}), max{-2*(3+A-B), -2*(3-B)}}, -1+max{-B, -B, max{-B, -B, max{-B, -B, max{-B, -B, max{-B, -B, max{-B, -B, max{1-B, 1-B, max{1-B, 1-B, max{1-B, 1-B, max{1-B, 1-B, max{1-B, 1-B, max{1-B, 1-B, max{-2*(3-max{0, B, -1+B}), -2*(2+-max{0, -1, -A}-max{0, B, -1+B}), max{-2*(3+A-B), -2*(3-max{0, B, -1+B}), max{-2*(2+-max{0, -1, -A}-max{0, B, -1+B}), -2*(3+A-B), max{-2*(3-max{0, B, -1+B}), -2*(2+-max{0, -1, -A}-max{0, B, -1+B}), max{-2*(3+A-B), -2*(3-B)}}}}}}}}}}}}}}}}}} [O(n)]
  5: eval3->eval3, A: -max{0, -1, -A} [O(n)]
  5: eval3->eval3, B: -max{0, -B, 1-B} [O(n)]
  5: eval3->eval3, C: 1 [O(1)]
  5: eval3->eval3, D: -max{0, -B, max{-B, -B, max{-B, -B, max{-B, -B, max{-B, -B, max{-B, -B, max{-B, 1-B, max{1-B, 1-B, max{1-B, 1-B, max{1-B, 1-B, max{1-B, 1-B, max{1-B, 1-B, max{1-B, -2*(3-max{0, B, -1+B}), max{-2*(2+-max{0, -1, -A}-max{0, B, -1+B}), -2*(3+A-B), max{-2*(3-max{0, B, -1+B}), -2*(2+-max{0, -1, -A}-max{0, B, -1+B}), max{-2*(3+A-B), -2*(3-max{0, B, -1+B}), max{-2*(2+-max{0, -1, -A}-max{0, B, -1+B}), -2*(3+A-B), -2*(3-B)}}}}}}}}}}}}}}}}} [O(n)]
  6: eval3->eval3, A: -max{0, -1, -A} [O(n)]
  6: eval3->eval3, B: -max{0, -B, 1-B} [O(n)]
  6: eval3->eval3, C: 2 [O(1)]
  6: eval3->eval3, D: -max{0, -B, max{-B, -B, max{-B, -B, max{-B, -B, max{-B, -B, max{-B, -B, max{-B, 1-B, max{1-B, 1-B, max{1-B, 1-B, max{1-B, 1-B, max{1-B, 1-B, max{1-B, 1-B, max{1-B, -2*(3-max{0, B, -1+B}), max{-2*(2+-max{0, -1, -A}-max{0, B, -1+B}), -2*(3+A-B), max{-2*(3-max{0, B, -1+B}), -2*(2+-max{0, -1, -A}-max{0, B, -1+B}), max{-2*(3+A-B), -2*(3-max{0, B, -1+B}), max{-2*(2+-max{0, -1, -A}-max{0, B, -1+B}), -2*(3+A-B), -2*(3-B)}}}}}}}}}}}}}}}}} [O(n)]
  7: eval3->eval4, A: -max{0, -1, -A} [O(n)]
  7: eval3->eval4, B: -max{0, -B, 1-B} [O(n)]
  7: eval3->eval4, C: -max{-1, 0, max{-1, -A}} [O(n)]
  7: eval3->eval4, D: 2 [O(1)]
  8: eval3->eval3, A: -max{0, -1, -A} [O(n)]
  8: eval3->eval3, B: -max{0, -B, 1-B} [O(n)]
  8: eval3->eval3, C: 2 [O(1)]
  8: eval3->eval3, D: -max{0, -B, max{-B, -B, max{-B, -B, max{-B, -B, max{-B, -B, max{-B, -B, max{-B, 1-B, max{1-B, 1-B, max{1-B, 1-B, max{1-B, 1-B, max{1-B, 1-B, max{1-B, 1-B, max{1-B, -2*(3-max{0, B, -1+B}), max{-2*(2+-max{0, -1, -A}-max{0, B, -1+B}), -2*(3+A-B), max{-2*(3-max{0, B, -1+B}), -2*(2+-max{0, -1, -A}-max{0, B, -1+B}), max{-2*(3+A-B), -2*(3-max{0, B, -1+B}), max{-2*(2+-max{0, -1, -A}-max{0, B, -1+B}), -2*(3+A-B), -2*(3-B)}}}}}}}}}}}}}}}}} [O(n)]
  9: eval4->eval2, A: -max{0, -1, -A} [O(n)]
  9: eval4->eval2, B: -max{0, -B, 1-B} [O(n)]
  9: eval4->eval2, C: -max{-1, 0, max{-1, -A}} [O(n)]
  9: eval4->eval2, D: -max{0, -1, max{-2, -B, max{-B, -B, max{-B, -B, max{-B, -B, max{-B, -B, max{-B, -B, max{-B, 1-B, max{1-B, 1-B, max{1-B, 1-B, max{1-B, 1-B, max{1-B, 1-B, max{1-B, 1-B, max{1-B, -1+max{-2*(3-max{0, B, -1+B}), -2*(2+-max{0, -1, -A}-max{0, B, -1+B}), max{-2*(3+A-B), -2*(3-B)}}, max{-1+max{-B, -B, max{-B, -B, max{-B, -B, max{-B, -B, max{-B, -B, max{-B, -B, max{1-B, 1-B, max{1-B, 1-B, max{1-B, 1-B, max{1-B, 1-B, max{1-B, 1-B, max{1-B, 1-B, max{-2*(3-max{0, B, -1+B}), -2*(2+-max{0, -1, -A}-max{0, B, -1+B}), max{-2*(3+A-B), -2*(3-max{0, B, -1+B}), max{-2*(2+-max{0, -1, -A}-max{0, B, -1+B}), -2*(3+A-B), max{-2*(3-max{0, B, -1+B}), -2*(2+-max{0, -1, -A}-max{0, B, -1+B}), max{-2*(3+A-B), -2*(3-B)}}}}}}}}}}}}}}}}}, -2*(3-max{0, B, -1+B}), max{-2*(2+-max{0, -1, -A}-max{0, B, -1+B}), -2*(3+A-B), max{-2*(3-max{0, B, -1+B}), -2*(2+-max{0, -1, -A}-max{0, B, -1+B}), max{-2*(3+A-B), -2*(3-max{0, B, -1+B}), max{-2*(2+-max{0, -1, -A}-max{0, B, -1+B}), -2*(3+A-B), max{-2*(3-max{0, B, -1+B}), -2*(2+-max{0, -1, -A}-max{0, B, -1+B}), max{-2*(3+A-B), -2*(3-B)}}}}}}}}}}}}}}}}}}}}} [O(n)]
  10: eval4->eval2, A: 1 [O(1)]
  10: eval4->eval2, B: -max{0, -B, 1-B} [O(n)]
  10: eval4->eval2, C: -max{-1, 0, max{-1, -A}} [O(n)]
  10: eval4->eval2, D: -max{0, -1, max{-2, -B, max{-B, -B, max{-B, -B, max{-B, -B, max{-B, -B, max{-B, -B, max{-B, 1-B, max{1-B, 1-B, max{1-B, 1-B, max{1-B, 1-B, max{1-B, 1-B, max{1-B, 1-B, max{1-B, -1+max{-2*(3-max{0, B, -1+B}), -2*(2+-max{0, -1, -A}-max{0, B, -1+B}), max{-2*(3+A-B), -2*(3-B)}}, max{-1+max{-B, -B, max{-B, -B, max{-B, -B, max{-B, -B, max{-B, -B, max{-B, -B, max{1-B, 1-B, max{1-B, 1-B, max{1-B, 1-B, max{1-B, 1-B, max{1-B, 1-B, max{1-B, 1-B, max{-2*(3-max{0, B, -1+B}), -2*(2+-max{0, -1, -A}-max{0, B, -1+B}), max{-2*(3+A-B), -2*(3-max{0, B, -1+B}), max{-2*(2+-max{0, -1, -A}-max{0, B, -1+B}), -2*(3+A-B), max{-2*(3-max{0, B, -1+B}), -2*(2+-max{0, -1, -A}-max{0, B, -1+B}), max{-2*(3+A-B), -2*(3-B)}}}}}}}}}}}}}}}}}, -2*(3-max{0, B, -1+B}), max{-2*(2+-max{0, -1, -A}-max{0, B, -1+B}), -2*(3+A-B), max{-2*(3-max{0, B, -1+B}), -2*(2+-max{0, -1, -A}-max{0, B, -1+B}), max{-2*(3+A-B), -2*(3-max{0, B, -1+B}), max{-2*(2+-max{0, -1, -A}-max{0, B, -1+B}), -2*(3+A-B), max{-2*(3-max{0, B, -1+B}), -2*(2+-max{0, -1, -A}-max{0, B, -1+B}), max{-2*(3+A-B), -2*(3-B)}}}}}}}}}}}}}}}}}}}}} [O(n)]
`Upper:
  0: eval1->eval2, A: -1+A [O(n)]
  0: eval1->eval2, B: B [O(n)]
  0: eval1->eval2, C: C [O(n)]
  0: eval1->eval2, D: D [O(n)]
  1: eval1->eval2, A: 1 [O(1)]
  1: eval1->eval2, B: -1+B [O(n)]
  1: eval1->eval2, C: C [O(n)]
  1: eval1->eval2, D: D [O(n)]
  2: eval2->eval3, A: max{1, -1+A} [O(n)]
  2: eval2->eval3, B: max{0, B, -1+B} [O(n)]
  2: eval2->eval3, C: max{1, -1+A} [O(n)]
  2: eval2->eval3, D: max{2*max{-1, -1+max{B, -1+B}}, 2*(-2+max{1, -1+A}+max{0, B, -1+B}), max{2*(-2+B), 2*(-3+B+A)}} [O(n)]
  3: eval3->eval4, A: max{1, -1+A} [O(n)]
  3: eval3->eval4, B: max{0, B, -1+B} [O(n)]
  3: eval3->eval4, C: max{1, 0, max{-1, B, max{-1+B, -1+max{B, -1+B}, -1+A}}} [O(n)]
  3: eval3->eval4, D: max{-1, -1+max{B, -1+B}} [O(n)]
  4: eval3->eval4, A: max{1, -1+A} [O(n)]
  4: eval3->eval4, B: max{0, B, -1+B} [O(n)]
  4: eval3->eval4, C: max{1, 0, max{-1, B, max{-1+B, -1+max{B, -1+B}, -1+A}}} [O(n)]
  4: eval3->eval4, D: max{0, B, -1+B} [O(n)]
  5: eval3->eval3, A: max{1, -1+A} [O(n)]
  5: eval3->eval3, B: max{0, B, -1+B} [O(n)]
  5: eval3->eval3, C: max{-1, -1+max{B, -1+B}} [O(n)]
  6: eval3->eval3, A: max{1, -1+A} [O(n)]
  6: eval3->eval3, B: max{0, B, -1+B} [O(n)]
  6: eval3->eval3, C: max{0, B, -1+B} [O(n)]
  7: eval3->eval4, A: max{1, -1+A} [O(n)]
  7: eval3->eval4, B: max{0, B, -1+B} [O(n)]
  7: eval3->eval4, C: max{1, 0, max{-1, B, max{-1+B, -1+max{B, -1+B}, -1+A}}} [O(n)]
  7: eval3->eval4, D: max{0, B, -1+B} [O(n)]
  8: eval3->eval3, A: max{1, -1+A} [O(n)]
  8: eval3->eval3, B: max{0, B, -1+B} [O(n)]
  8: eval3->eval3, C: max{0, B, -1+B} [O(n)]
  9: eval4->eval2, A: max{1, -1+A} [O(n)]
  9: eval4->eval2, B: max{0, B, -1+B} [O(n)]
  9: eval4->eval2, C: max{1, 0, max{-1, B, max{-1+B, -1+max{B, -1+B}, -1+A}}} [O(n)]
  9: eval4->eval2, D: max{-1, 0, max{B, -1+B, -1+max{B, -1+B}}} [O(n)]
  10: eval4->eval2, A: 1 [O(1)]
  10: eval4->eval2, B: max{0, B, -1+B} [O(n)]
  10: eval4->eval2, C: max{1, 0, max{-1, B, max{-1+B, -1+max{B, -1+B}, -1+A}}} [O(n)]
  10: eval4->eval2, D: max{-1, 0, max{B, -1+B, -1+max{B, -1+B}}} [O(n)]
