Timebounds: 
  Overall timebound: 8 [O(1)]
  1: h->i: 1 [O(1)]
  2: i->j: 1 [O(1)]
  3: j->k: 1 [O(1)]
  4: k->l: 1 [O(1)]
  5: l->m: 1 [O(1)]
  6: m->n: 1 [O(1)]
  7: n->end: 1 [O(1)]
  0: start->h: 1 [O(1)]

Costbounds:
  Overall costbound: g+f+e+d+c+b+a [O(n)]
  1: h->i: a [O(n)]
  2: i->j: b [O(n)]
  3: j->k: c [O(n)]
  4: k->l: d [O(n)]
  5: l->m: e [O(n)]
  6: m->n: f [O(n)]
  7: n->end: g [O(n)]
  0: start->h: 0 [O(1)]

Sizebounds:
`Lower:
  1: h->i, a: a [O(n)]
  1: h->i, b: b [O(n)]
  1: h->i, c: c [O(n)]
  1: h->i, d: d [O(n)]
  1: h->i, e: e [O(n)]
  1: h->i, f: f [O(n)]
  1: h->i, g: g [O(n)]
  2: i->j, a: a [O(n)]
  2: i->j, b: b [O(n)]
  2: i->j, c: c [O(n)]
  2: i->j, d: d [O(n)]
  2: i->j, e: e [O(n)]
  2: i->j, f: f [O(n)]
  2: i->j, g: g [O(n)]
  3: j->k, a: a [O(n)]
  3: j->k, b: b [O(n)]
  3: j->k, c: c [O(n)]
  3: j->k, d: d [O(n)]
  3: j->k, e: e [O(n)]
  3: j->k, f: f [O(n)]
  3: j->k, g: g [O(n)]
  4: k->l, a: a [O(n)]
  4: k->l, b: b [O(n)]
  4: k->l, c: c [O(n)]
  4: k->l, d: d [O(n)]
  4: k->l, e: e [O(n)]
  4: k->l, f: f [O(n)]
  4: k->l, g: g [O(n)]
  5: l->m, a: a [O(n)]
  5: l->m, b: b [O(n)]
  5: l->m, c: c [O(n)]
  5: l->m, d: d [O(n)]
  5: l->m, e: e [O(n)]
  5: l->m, f: f [O(n)]
  5: l->m, g: g [O(n)]
  6: m->n, a: a [O(n)]
  6: m->n, b: b [O(n)]
  6: m->n, c: c [O(n)]
  6: m->n, d: d [O(n)]
  6: m->n, e: e [O(n)]
  6: m->n, f: f [O(n)]
  6: m->n, g: g [O(n)]
  7: n->end, a: a [O(n)]
  7: n->end, b: b [O(n)]
  7: n->end, c: c [O(n)]
  7: n->end, d: d [O(n)]
  7: n->end, e: e [O(n)]
  7: n->end, f: f [O(n)]
  7: n->end, g: g [O(n)]
  0: start->h, a: a [O(n)]
  0: start->h, b: b [O(n)]
  0: start->h, c: c [O(n)]
  0: start->h, d: d [O(n)]
  0: start->h, e: e [O(n)]
  0: start->h, f: f [O(n)]
  0: start->h, g: g [O(n)]
`Upper:
  1: h->i, a: a [O(n)]
  1: h->i, b: b [O(n)]
  1: h->i, c: c [O(n)]
  1: h->i, d: d [O(n)]
  1: h->i, e: e [O(n)]
  1: h->i, f: f [O(n)]
  1: h->i, g: g [O(n)]
  2: i->j, a: a [O(n)]
  2: i->j, b: b [O(n)]
  2: i->j, c: c [O(n)]
  2: i->j, d: d [O(n)]
  2: i->j, e: e [O(n)]
  2: i->j, f: f [O(n)]
  2: i->j, g: g [O(n)]
  3: j->k, a: a [O(n)]
  3: j->k, b: b [O(n)]
  3: j->k, c: c [O(n)]
  3: j->k, d: d [O(n)]
  3: j->k, e: e [O(n)]
  3: j->k, f: f [O(n)]
  3: j->k, g: g [O(n)]
  4: k->l, a: a [O(n)]
  4: k->l, b: b [O(n)]
  4: k->l, c: c [O(n)]
  4: k->l, d: d [O(n)]
  4: k->l, e: e [O(n)]
  4: k->l, f: f [O(n)]
  4: k->l, g: g [O(n)]
  5: l->m, a: a [O(n)]
  5: l->m, b: b [O(n)]
  5: l->m, c: c [O(n)]
  5: l->m, d: d [O(n)]
  5: l->m, e: e [O(n)]
  5: l->m, f: f [O(n)]
  5: l->m, g: g [O(n)]
  6: m->n, a: a [O(n)]
  6: m->n, b: b [O(n)]
  6: m->n, c: c [O(n)]
  6: m->n, d: d [O(n)]
  6: m->n, e: e [O(n)]
  6: m->n, f: f [O(n)]
  6: m->n, g: g [O(n)]
  7: n->end, a: a [O(n)]
  7: n->end, b: b [O(n)]
  7: n->end, c: c [O(n)]
  7: n->end, d: d [O(n)]
  7: n->end, e: e [O(n)]
  7: n->end, f: f [O(n)]
  7: n->end, g: g [O(n)]
  0: start->h, a: a [O(n)]
  0: start->h, b: b [O(n)]
  0: start->h, c: c [O(n)]
  0: start->h, d: d [O(n)]
  0: start->h, e: e [O(n)]
  0: start->h, f: f [O(n)]
  0: start->h, g: g [O(n)]
