Timebounds: 
  Overall timebound: 2+max{0, x}+max{0, x*y}+max{0, x} [O(n^2)]
  2: inner->inner: max{0, x*y} [O(n^2)]
  3: inner->outer: max{0, x} [O(n)]
  1: outer->inner: max{0, x} [O(n)]
  4: outer->exit: 1 [O(1)]
  0: start->outer: 1 [O(1)]

Costbounds:
  Overall costbound: 2+z*max{0, x*y}+max{0, x}+max{0, x*y} [O(n^3)]
  2: inner->inner: z*max{0, x*y} [O(n^3)]
  3: inner->outer: max{0, x*y} [O(n^2)]
  1: outer->inner: max{0, x} [O(n)]
  4: outer->exit: 1 [O(1)]
  0: start->outer: 1 [O(1)]

Sizebounds:
`Lower:
  2: inner->inner, x: x [O(n)]
  2: inner->inner, y: y [O(n)]
  2: inner->inner, z: y [O(n)]
  3: inner->outer, x: x [O(n)]
  3: inner->outer, y: y [O(n)]
  3: inner->outer, z: 0 [O(1)]
  1: outer->inner, x: x [O(n)]
  1: outer->inner, y: y [O(n)]
  1: outer->inner, z: y [O(n)]
  4: outer->exit, x: 0 [O(1)]
  4: outer->exit, y: y [O(n)]
  4: outer->exit, z: y [O(n)]
  0: start->outer, x: x [O(n)]
  0: start->outer, y: y [O(n)]
  0: start->outer, z: y [O(n)]
`Upper:
  2: inner->inner, x: x [O(n)]
  2: inner->inner, y: y [O(n)]
  2: inner->inner, z: y [O(n)]
  3: inner->outer, x: x [O(n)]
  3: inner->outer, y: y [O(n)]
  3: inner->outer, z: y [O(n)]
  1: outer->inner, x: x [O(n)]
  1: outer->inner, y: y [O(n)]
  1: outer->inner, z: y [O(n)]
  4: outer->exit, x: 0 [O(1)]
  4: outer->exit, y: y [O(n)]
  4: outer->exit, z: y [O(n)]
  0: start->outer, x: x [O(n)]
  0: start->outer, y: y [O(n)]
  0: start->outer, z: y [O(n)]
