Timebounds: 
  Overall timebound: 3 [O(1)]
  2: f->h: 1 [O(1)]
  1: g->f: 1 [O(1)]
  0: start->g: 1 [O(1)]

Costbounds:
  Overall costbound: x+y [O(n)]
  2: f->h: y [O(n)]
  1: g->f: x [O(n)]
  0: start->g: 0 [O(1)]

Sizebounds:
`Lower:
  2: f->h, x: 0 [O(1)]
  2: f->h, y: 0 [O(1)]
  1: g->f, x: 0 [O(1)]
  1: g->f, y: y [O(n)]
  0: start->g, x: x [O(n)]
  0: start->g, y: y [O(n)]
`Upper:
  2: f->h, x: 0 [O(1)]
  2: f->h, y: 0 [O(1)]
  1: g->f, x: 0 [O(1)]
  1: g->f, y: y [O(n)]
  0: start->g, x: x [O(n)]
  0: start->g, y: y [O(n)]
