Timebounds: 
  Overall timebound: max{2, 1+1+B} [O(n)]
  0: l0->l1: 1 [O(1)]
  1: l1->l1: max{0, B} [O(n)]
  2: l1->l2: 1 [O(1)]

Costbounds:
  Overall costbound: max{2, 1+1+B} [O(n)]
  0: l0->l1: 1 [O(1)]
  1: l1->l1: max{0, B} [O(n)]
  2: l1->l2: 1 [O(1)]

Sizebounds:
`Lower:
  0: l0->l1, A: 0 [O(1)]
  0: l0->l1, B: B [O(n)]
  1: l1->l1, A: 0 [O(1)]
  1: l1->l1, B: -max{0, -B} [O(n)]
  2: l1->l2, A: 0 [O(1)]
  2: l1->l2, B: -max{0, -B} [O(n)]
`Upper:
  0: l0->l1, A: 0 [O(1)]
  0: l0->l1, B: B [O(n)]
  1: l1->l1, A: max{0, B} [O(n)]
  1: l1->l1, B: max{0, B} [O(n)]
  2: l1->l2, A: max{0, B} [O(n)]
  2: l1->l2, B: 0 [O(1)]
