Timebounds: 
  Overall timebound: max{0, B, max{A, A, B}+max{0, A*A}}+max{2, 2+A} [O(n^2)]
  0: l0->l1: 1 [O(1)]
  1: l1->l1: max{0, A} [O(n)]
  2: l1->l2: 1 [O(1)]
  3: l2->l2: max{0, B, max{A, A, B}+max{0, A*A}} [O(n^2)]

Costbounds:
  Overall costbound: max{0, B, max{A, A, B}+max{0, A*A}}+max{2, 2+A} [O(n^2)]
  0: l0->l1: 1 [O(1)]
  1: l1->l1: max{0, A} [O(n)]
  2: l1->l2: 1 [O(1)]
  3: l2->l2: max{0, B, max{A, A, B}+max{0, A*A}} [O(n^2)]

Sizebounds:
`Lower:
  0: l0->l1, A: A [O(n)]
  0: l0->l1, B: B [O(n)]
  1: l1->l1, A: 0 [O(1)]
  1: l1->l1, B: B [O(n)]
  2: l1->l2, A: -max{0, -A} [O(n)]
  2: l1->l2, B: B [O(n)]
  3: l2->l2, A: -max{0, -A} [O(n)]
  3: l2->l2, B: 0 [O(1)]
`Upper:
  0: l0->l1, A: A [O(n)]
  0: l0->l1, B: B [O(n)]
  1: l1->l1, A: A [O(n)]
  1: l1->l1, B: max{A, A, B}+max{0, A*A} [O(n^2)]
  2: l1->l2, A: 0 [O(1)]
  2: l1->l2, B: max{B, max{A, A, B}+max{0, A*A}} [O(n^2)]
  3: l2->l2, A: 0 [O(1)]
  3: l2->l2, B: max{B, max{A, A, B}+max{0, A*A}} [O(n^2)]
