Timebounds: 
  Overall timebound: max{0, B}+max{1, 2+B}+max{0, B*B}+max{0, B} [O(n^2)]
  0: l0->l1: 1 [O(1)]
  1: l1->l2: max{0, 1+B} [O(n)]
  2: l2->l2: max{0, B*B}+max{0, B} [O(n^2)]
  3: l2->l1: max{0, B} [O(n)]

Costbounds:
  Overall costbound: max{0, B}+max{1, 2+B}+max{0, B*B}+max{0, B} [O(n^2)]
  0: l0->l1: 1 [O(1)]
  1: l1->l2: max{0, 1+B} [O(n)]
  2: l2->l2: max{0, B*B}+max{0, B} [O(n^2)]
  3: l2->l1: max{0, B} [O(n)]

Sizebounds:
`Lower:
  0: l0->l1, A: 0 [O(1)]
  0: l0->l1, B: B [O(n)]
  0: l0->l1, C: C [O(n)]
  0: l0->l1, D: D [O(n)]
  1: l1->l2, A: 0 [O(1)]
  1: l1->l2, B: 1 [O(1)]
  1: l1->l2, C: 0 [O(1)]
  1: l1->l2, D: 0 [O(1)]
  2: l2->l2, A: 0 [O(1)]
  2: l2->l2, B: 1 [O(1)]
  2: l2->l2, C: 1 [O(1)]
  2: l2->l2, D: 0 [O(1)]
  3: l2->l1, A: 0 [O(1)]
  3: l2->l1, B: 0 [O(1)]
  3: l2->l1, C: 1 [O(1)]
  3: l2->l1, D: 0 [O(1)]
`Upper:
  0: l0->l1, A: 0 [O(1)]
  0: l0->l1, B: B [O(n)]
  0: l0->l1, C: C [O(n)]
  0: l0->l1, D: D [O(n)]
  1: l1->l2, A: max{0, (max{0, B*B}+max{0, B})*max{0, max{0, B*B}+max{0, B}}+max{0, max{0, B*B}+max{0, B}}}+max{0, B*((max{0, B*B}+max{0, B})*max{0, max{0, B*B}+max{0, B}}+max{0, max{0, B*B}+max{0, B}})} [O(n^5)]
  1: l1->l2, B: B [O(n)]
  1: l1->l2, C: 0 [O(1)]
  1: l1->l2, D: 0 [O(1)]
  2: l2->l2, A: max{0, (max{0, B*B}+max{0, B})*max{0, max{0, B*B}+max{0, B}}+max{0, max{0, B*B}+max{0, B}}}+max{0, B*((max{0, B*B}+max{0, B})*max{0, max{0, B*B}+max{0, B}}+max{0, max{0, B*B}+max{0, B}})} [O(n^5)]
  2: l2->l2, B: B [O(n)]
  2: l2->l2, C: max{0, B*B}+max{0, B} [O(n^2)]
  2: l2->l2, D: (max{0, B*B}+max{0, B})*max{0, max{0, B*B}+max{0, B}}+max{0, max{0, B*B}+max{0, B}} [O(n^4)]
  3: l2->l1, A: max{0, (max{0, B*B}+max{0, B})*max{0, max{0, B*B}+max{0, B}}+max{0, max{0, B*B}+max{0, B}}}+max{0, B*((max{0, B*B}+max{0, B})*max{0, max{0, B*B}+max{0, B}}+max{0, max{0, B*B}+max{0, B}})} [O(n^5)]
  3: l2->l1, B: B [O(n)]
  3: l2->l1, C: max{0, B*B}+max{0, B} [O(n^2)]
  3: l2->l1, D: (max{0, B*B}+max{0, B})*max{0, max{0, B*B}+max{0, B}}+max{0, max{0, B*B}+max{0, B}} [O(n^4)]
