Timebounds: 
  Overall timebound: max{0, B*B}+max{0, B}+max{0, B}+max{2, 2+B} [O(n^2)]
  0: l0->l1: 1 [O(1)]
  1: l1->l1: max{0, B} [O(n)]
  2: l1->l2: 1 [O(1)]
  3: l2->l3: max{0, B} [O(n)]
  4: l3->l3: max{0, B*B} [O(n^2)]
  5: l3->l2: max{0, B} [O(n)]

Costbounds:
  Overall costbound: max{0, B*B}+max{0, B}+max{0, B}+max{2, 2+B} [O(n^2)]
  0: l0->l1: 1 [O(1)]
  1: l1->l1: max{0, B} [O(n)]
  2: l1->l2: 1 [O(1)]
  3: l2->l3: max{0, B} [O(n)]
  4: l3->l3: max{0, B*B} [O(n^2)]
  5: l3->l2: max{0, B} [O(n)]

Sizebounds:
`Lower:
  0: l0->l1, A: 0 [O(1)]
  0: l0->l1, B: B [O(n)]
  0: l0->l1, C: C [O(n)]
  0: l0->l1, D: D [O(n)]
  1: l1->l1, A: 0 [O(1)]
  1: l1->l1, B: -max{0, -B} [O(n)]
  1: l1->l1, C: -max{0, -C} [O(n)]
  1: l1->l1, D: -max{0, -D} [O(n)]
  2: l1->l2, A: 0 [O(1)]
  2: l1->l2, B: -max{0, -B} [O(n)]
  2: l1->l2, C: 0 [O(1)]
  2: l1->l2, D: -max{0, -D} [O(n)]
  3: l2->l3, A: 0 [O(1)]
  3: l2->l3, C: 1 [O(1)]
  3: l2->l3, D: 1 [O(1)]
  4: l3->l3, A: 0 [O(1)]
  4: l3->l3, C: 1 [O(1)]
  4: l3->l3, D: 0 [O(1)]
  5: l3->l2, A: 0 [O(1)]
  5: l3->l2, C: 0 [O(1)]
  5: l3->l2, D: 0 [O(1)]
`Upper:
  0: l0->l1, A: 0 [O(1)]
  0: l0->l1, B: B [O(n)]
  0: l0->l1, C: C [O(n)]
  0: l0->l1, D: D [O(n)]
  1: l1->l1, A: max{0, B} [O(n)]
  1: l1->l1, B: max{0, B} [O(n)]
  1: l1->l1, C: max{0, C} [O(n)]
  1: l1->l1, D: max{0, D} [O(n)]
  2: l1->l2, A: max{0, B} [O(n)]
  2: l1->l2, B: 0 [O(1)]
  2: l1->l2, C: max{0, B} [O(n)]
  2: l1->l2, D: max{0, D} [O(n)]
  3: l2->l3, A: max{0, B} [O(n)]
  3: l2->l3, B: 0 [O(1)]
  3: l2->l3, C: max{0, B} [O(n)]
  3: l2->l3, D: max{0, B} [O(n)]
  4: l3->l3, A: max{0, B} [O(n)]
  4: l3->l3, B: 0 [O(1)]
  4: l3->l3, C: max{0, B} [O(n)]
  4: l3->l3, D: max{-1, -1+B} [O(n)]
  5: l3->l2, A: max{0, B} [O(n)]
  5: l3->l2, B: 0 [O(1)]
  5: l3->l2, C: max{-1, -1+B} [O(n)]
  5: l3->l2, D: 0 [O(1)]
