Timebounds: 
  Overall timebound: 4+2*max{0, (1+A)*max{-1, -1+A}}+2*max{0, A}+max{0, 1+A}+max{0, A}+max{0, 2+2*A}+max{0, 4*A} [O(n^2)]
  7: evalEx1bb1in->evalEx1bb4in: max{0, A} [O(n)]
  9: evalEx1bb1in->evalEx1bb4in: max{0, A} [O(n)]
  14: evalEx1bb1in->evalEx1bb4in: max{0, (1+A)*max{-1, -1+A}} [O(n^2)]
  5: evalEx1bb4in->evalEx1bb1in: max{0, (1+A)*max{-1, -1+A}} [O(n^2)]
  6: evalEx1bb4in->evalEx1bb5in: max{0, 4*A} [O(n)]
  15: evalEx1bb5in->evalEx1bb6in: max{0, A} [O(n)]
  2: evalEx1bb6in->evalEx1bbin: max{0, 2+2*A} [O(n)]
  3: evalEx1bb6in->evalEx1returnin: 1 [O(1)]
  4: evalEx1bbin->evalEx1bb4in: max{0, 1+A} [O(n)]
  1: evalEx1entryin->evalEx1bb6in: 1 [O(1)]
  16: evalEx1returnin->evalEx1stop: 1 [O(1)]
  0: evalEx1start->evalEx1entryin: 1 [O(1)]

Costbounds:
  Overall costbound: 4+2*max{0, (1+A)*max{-1, -1+A}}+2*max{0, A}+max{0, 1+A}+max{0, A}+max{0, 2+2*A}+max{0, 4*A} [O(n^2)]
  7: evalEx1bb1in->evalEx1bb4in: max{0, A} [O(n)]
  9: evalEx1bb1in->evalEx1bb4in: max{0, A} [O(n)]
  14: evalEx1bb1in->evalEx1bb4in: max{0, (1+A)*max{-1, -1+A}} [O(n^2)]
  5: evalEx1bb4in->evalEx1bb1in: max{0, (1+A)*max{-1, -1+A}} [O(n^2)]
  6: evalEx1bb4in->evalEx1bb5in: max{0, 4*A} [O(n)]
  15: evalEx1bb5in->evalEx1bb6in: max{0, A} [O(n)]
  2: evalEx1bb6in->evalEx1bbin: max{0, 2+2*A} [O(n)]
  3: evalEx1bb6in->evalEx1returnin: 1 [O(1)]
  4: evalEx1bbin->evalEx1bb4in: max{0, 1+A} [O(n)]
  1: evalEx1entryin->evalEx1bb6in: 1 [O(1)]
  16: evalEx1returnin->evalEx1stop: 1 [O(1)]
  0: evalEx1start->evalEx1entryin: 1 [O(1)]

Sizebounds:
`Lower:
  7: evalEx1bb1in->evalEx1bb4in, A: 0 [O(1)]
  7: evalEx1bb1in->evalEx1bb4in, B: -max{0, -A} [O(n)]
  7: evalEx1bb1in->evalEx1bb4in, C: 1 [O(1)]
  7: evalEx1bb1in->evalEx1bb4in, D: 1 [O(1)]
  9: evalEx1bb1in->evalEx1bb4in, A: 0 [O(1)]
  9: evalEx1bb1in->evalEx1bb4in, B: -max{0, -A} [O(n)]
  9: evalEx1bb1in->evalEx1bb4in, C: 1 [O(1)]
  9: evalEx1bb1in->evalEx1bb4in, D: 1 [O(1)]
  14: evalEx1bb1in->evalEx1bb4in, A: 0 [O(1)]
  14: evalEx1bb1in->evalEx1bb4in, B: -max{0, -A} [O(n)]
  14: evalEx1bb1in->evalEx1bb4in, C: 2 [O(1)]
  14: evalEx1bb1in->evalEx1bb4in, D: 2 [O(1)]
  5: evalEx1bb4in->evalEx1bb1in, A: 0 [O(1)]
  5: evalEx1bb4in->evalEx1bb1in, B: -max{0, -A} [O(n)]
  5: evalEx1bb4in->evalEx1bb1in, C: 1 [O(1)]
  5: evalEx1bb4in->evalEx1bb1in, D: 2 [O(1)]
  6: evalEx1bb4in->evalEx1bb5in, A: 0 [O(1)]
  6: evalEx1bb4in->evalEx1bb5in, B: -max{0, -A} [O(n)]
  6: evalEx1bb4in->evalEx1bb5in, C: 1 [O(1)]
  6: evalEx1bb4in->evalEx1bb5in, D: 1 [O(1)]
  15: evalEx1bb5in->evalEx1bb6in, A: 0 [O(1)]
  15: evalEx1bb5in->evalEx1bb6in, B: -max{0, -A} [O(n)]
  15: evalEx1bb5in->evalEx1bb6in, C: 1 [O(1)]
  15: evalEx1bb5in->evalEx1bb6in, D: 1 [O(1)]
  2: evalEx1bb6in->evalEx1bbin, A: 0 [O(1)]
  2: evalEx1bb6in->evalEx1bbin, B: -max{0, -A} [O(n)]
  2: evalEx1bb6in->evalEx1bbin, C: -max{-1, -C} [O(n)]
  2: evalEx1bb6in->evalEx1bbin, D: -max{-1, -D} [O(n)]
  3: evalEx1bb6in->evalEx1returnin, A: 0 [O(1)]
  3: evalEx1bb6in->evalEx1returnin, B: -max{0, -A} [O(n)]
  3: evalEx1bb6in->evalEx1returnin, C: -max{-1, -C} [O(n)]
  3: evalEx1bb6in->evalEx1returnin, D: -max{-1, -D} [O(n)]
  4: evalEx1bbin->evalEx1bb4in, A: 0 [O(1)]
  4: evalEx1bbin->evalEx1bb4in, B: -max{0, -A} [O(n)]
  4: evalEx1bbin->evalEx1bb4in, C: 1 [O(1)]
  4: evalEx1bbin->evalEx1bb4in, D: 1 [O(1)]
  1: evalEx1entryin->evalEx1bb6in, A: 0 [O(1)]
  1: evalEx1entryin->evalEx1bb6in, B: A [O(n)]
  1: evalEx1entryin->evalEx1bb6in, C: C [O(n)]
  1: evalEx1entryin->evalEx1bb6in, D: D [O(n)]
  16: evalEx1returnin->evalEx1stop, A: 0 [O(1)]
  16: evalEx1returnin->evalEx1stop, B: -max{0, -A} [O(n)]
  16: evalEx1returnin->evalEx1stop, C: -max{-1, -C} [O(n)]
  16: evalEx1returnin->evalEx1stop, D: -max{-1, -D} [O(n)]
  0: evalEx1start->evalEx1entryin, A: A [O(n)]
  0: evalEx1start->evalEx1entryin, B: B [O(n)]
  0: evalEx1start->evalEx1entryin, C: C [O(n)]
  0: evalEx1start->evalEx1entryin, D: D [O(n)]
`Upper:
  7: evalEx1bb1in->evalEx1bb4in, A: max{0, A} [O(n)]
  7: evalEx1bb1in->evalEx1bb4in, B: max{0, A} [O(n)]
  7: evalEx1bb1in->evalEx1bb4in, C: max{-1, -1+A} [O(n)]
  7: evalEx1bb1in->evalEx1bb4in, D: max{-1, -1+A} [O(n)]
  9: evalEx1bb1in->evalEx1bb4in, A: max{0, A} [O(n)]
  9: evalEx1bb1in->evalEx1bb4in, B: max{0, A} [O(n)]
  9: evalEx1bb1in->evalEx1bb4in, C: max{-1, -1+A} [O(n)]
  9: evalEx1bb1in->evalEx1bb4in, D: max{-1, -1+A} [O(n)]
  14: evalEx1bb1in->evalEx1bb4in, A: max{0, A} [O(n)]
  14: evalEx1bb1in->evalEx1bb4in, B: max{0, A} [O(n)]
  14: evalEx1bb1in->evalEx1bb4in, C: max{0, A} [O(n)]
  14: evalEx1bb1in->evalEx1bb4in, D: max{0, A} [O(n)]
  5: evalEx1bb4in->evalEx1bb1in, A: max{0, A} [O(n)]
  5: evalEx1bb4in->evalEx1bb1in, B: max{0, A} [O(n)]
  5: evalEx1bb4in->evalEx1bb1in, C: max{-1, -1+A} [O(n)]
  5: evalEx1bb4in->evalEx1bb1in, D: max{0, A} [O(n)]
  6: evalEx1bb4in->evalEx1bb5in, A: max{0, A} [O(n)]
  6: evalEx1bb4in->evalEx1bb5in, B: max{0, A} [O(n)]
  6: evalEx1bb4in->evalEx1bb5in, C: max{0, A} [O(n)]
  6: evalEx1bb4in->evalEx1bb5in, D: max{0, A} [O(n)]
  15: evalEx1bb5in->evalEx1bb6in, A: max{0, A} [O(n)]
  15: evalEx1bb5in->evalEx1bb6in, B: max{0, A} [O(n)]
  15: evalEx1bb5in->evalEx1bb6in, C: max{0, A} [O(n)]
  15: evalEx1bb5in->evalEx1bb6in, D: max{0, A} [O(n)]
  2: evalEx1bb6in->evalEx1bbin, A: max{0, A} [O(n)]
  2: evalEx1bb6in->evalEx1bbin, B: max{0, A} [O(n)]
  2: evalEx1bb6in->evalEx1bbin, C: max{0, C, A} [O(n)]
  2: evalEx1bb6in->evalEx1bbin, D: max{0, D, A} [O(n)]
  3: evalEx1bb6in->evalEx1returnin, A: max{0, A} [O(n)]
  3: evalEx1bb6in->evalEx1returnin, B: max{0, A} [O(n)]
  3: evalEx1bb6in->evalEx1returnin, C: max{0, C, A} [O(n)]
  3: evalEx1bb6in->evalEx1returnin, D: max{0, D, A} [O(n)]
  4: evalEx1bbin->evalEx1bb4in, A: max{0, A} [O(n)]
  4: evalEx1bbin->evalEx1bb4in, B: max{0, A} [O(n)]
  4: evalEx1bbin->evalEx1bb4in, C: max{1, 1+A} [O(n)]
  4: evalEx1bbin->evalEx1bb4in, D: max{0, A} [O(n)]
  1: evalEx1entryin->evalEx1bb6in, A: 0 [O(1)]
  1: evalEx1entryin->evalEx1bb6in, B: A [O(n)]
  1: evalEx1entryin->evalEx1bb6in, C: C [O(n)]
  1: evalEx1entryin->evalEx1bb6in, D: D [O(n)]
  16: evalEx1returnin->evalEx1stop, A: max{0, A} [O(n)]
  16: evalEx1returnin->evalEx1stop, B: max{0, A} [O(n)]
  16: evalEx1returnin->evalEx1stop, C: max{0, C, A} [O(n)]
  16: evalEx1returnin->evalEx1stop, D: max{0, D, A} [O(n)]
  0: evalEx1start->evalEx1entryin, A: A [O(n)]
  0: evalEx1start->evalEx1entryin, B: B [O(n)]
  0: evalEx1start->evalEx1entryin, C: C [O(n)]
  0: evalEx1start->evalEx1entryin, D: D [O(n)]
