Timebounds: 
  Overall timebound: inf [Infinity]
  9: evalEx2bb1in->evalEx2bb2in: inf [Infinity]
  6: evalEx2bb2in->evalEx2bb1in: inf [Infinity]
  7: evalEx2bb2in->evalEx2bb1in: inf [Infinity]
  8: evalEx2bb2in->evalEx2bb3in: max{0, 2*A} [O(n)]
  2: evalEx2bb3in->evalEx2bbin: max{0, 1+3*A} [O(n)]
  3: evalEx2bb3in->evalEx2returnin: 1 [O(1)]
  4: evalEx2bb3in->evalEx2returnin: 1 [O(1)]
  5: evalEx2bbin->evalEx2bb2in: max{0, A} [O(n)]
  1: evalEx2entryin->evalEx2bb3in: 1 [O(1)]
  10: evalEx2returnin->evalEx2stop: 1 [O(1)]
  0: evalEx2start->evalEx2entryin: 1 [O(1)]

Costbounds:
  Overall costbound: inf [Infinity]
  9: evalEx2bb1in->evalEx2bb2in: inf [Infinity]
  6: evalEx2bb2in->evalEx2bb1in: inf [Infinity]
  7: evalEx2bb2in->evalEx2bb1in: inf [Infinity]
  8: evalEx2bb2in->evalEx2bb3in: max{0, 2*A} [O(n)]
  2: evalEx2bb3in->evalEx2bbin: max{0, 1+3*A} [O(n)]
  3: evalEx2bb3in->evalEx2returnin: 1 [O(1)]
  4: evalEx2bb3in->evalEx2returnin: 1 [O(1)]
  5: evalEx2bbin->evalEx2bb2in: max{0, A} [O(n)]
  1: evalEx2entryin->evalEx2bb3in: 1 [O(1)]
  10: evalEx2returnin->evalEx2stop: 1 [O(1)]
  0: evalEx2start->evalEx2entryin: 1 [O(1)]

Sizebounds:
`Lower:
  9: evalEx2bb1in->evalEx2bb2in, A: 1 [O(1)]
  9: evalEx2bb1in->evalEx2bb2in, B: A [O(n)]
  9: evalEx2bb1in->evalEx2bb2in, C: B [O(n)]
  9: evalEx2bb1in->evalEx2bb2in, D: -inf [Infinity]
  9: evalEx2bb1in->evalEx2bb2in, E: -inf [Infinity]
  6: evalEx2bb2in->evalEx2bb1in, A: 1 [O(1)]
  6: evalEx2bb2in->evalEx2bb1in, B: A [O(n)]
  6: evalEx2bb2in->evalEx2bb1in, C: B [O(n)]
  6: evalEx2bb2in->evalEx2bb1in, D: -inf [Infinity]
  6: evalEx2bb2in->evalEx2bb1in, E: -inf [Infinity]
  7: evalEx2bb2in->evalEx2bb1in, A: 1 [O(1)]
  7: evalEx2bb2in->evalEx2bb1in, B: A [O(n)]
  7: evalEx2bb2in->evalEx2bb1in, C: B [O(n)]
  7: evalEx2bb2in->evalEx2bb1in, D: -inf [Infinity]
  7: evalEx2bb2in->evalEx2bb1in, E: -inf [Infinity]
  8: evalEx2bb2in->evalEx2bb3in, A: B [O(n)]
  8: evalEx2bb2in->evalEx2bb3in, B: A [O(n)]
  8: evalEx2bb2in->evalEx2bb3in, C: 0 [O(1)]
  8: evalEx2bb2in->evalEx2bb3in, D: -inf [Infinity]
  8: evalEx2bb2in->evalEx2bb3in, E: -inf [Infinity]
  2: evalEx2bb3in->evalEx2bbin, A: B [O(n)]
  2: evalEx2bb3in->evalEx2bbin, B: A [O(n)]
  2: evalEx2bb3in->evalEx2bbin, C: -max{0, -C} [O(n)]
  2: evalEx2bb3in->evalEx2bbin, D: -inf [Infinity]
  2: evalEx2bb3in->evalEx2bbin, E: -inf [Infinity]
  3: evalEx2bb3in->evalEx2returnin, A: B [O(n)]
  3: evalEx2bb3in->evalEx2returnin, B: A [O(n)]
  3: evalEx2bb3in->evalEx2returnin, C: -max{0, -C} [O(n)]
  3: evalEx2bb3in->evalEx2returnin, D: -inf [Infinity]
  3: evalEx2bb3in->evalEx2returnin, E: -inf [Infinity]
  4: evalEx2bb3in->evalEx2returnin, A: B [O(n)]
  4: evalEx2bb3in->evalEx2returnin, B: A [O(n)]
  4: evalEx2bb3in->evalEx2returnin, C: -max{0, -C} [O(n)]
  4: evalEx2bb3in->evalEx2returnin, D: -inf [Infinity]
  4: evalEx2bb3in->evalEx2returnin, E: -inf [Infinity]
  5: evalEx2bbin->evalEx2bb2in, A: 1 [O(1)]
  5: evalEx2bbin->evalEx2bb2in, B: A [O(n)]
  5: evalEx2bbin->evalEx2bb2in, C: B [O(n)]
  5: evalEx2bbin->evalEx2bb2in, D: 0 [O(1)]
  5: evalEx2bbin->evalEx2bb2in, E: -inf [Infinity]
  1: evalEx2entryin->evalEx2bb3in, A: B [O(n)]
  1: evalEx2entryin->evalEx2bb3in, B: A [O(n)]
  1: evalEx2entryin->evalEx2bb3in, C: C [O(n)]
  1: evalEx2entryin->evalEx2bb3in, D: D [O(n)]
  1: evalEx2entryin->evalEx2bb3in, E: -inf [Infinity]
  10: evalEx2returnin->evalEx2stop, A: B [O(n)]
  10: evalEx2returnin->evalEx2stop, B: A [O(n)]
  10: evalEx2returnin->evalEx2stop, C: -max{0, -C} [O(n)]
  10: evalEx2returnin->evalEx2stop, D: -inf [Infinity]
  10: evalEx2returnin->evalEx2stop, E: -inf [Infinity]
  0: evalEx2start->evalEx2entryin, A: A [O(n)]
  0: evalEx2start->evalEx2entryin, B: B [O(n)]
  0: evalEx2start->evalEx2entryin, C: C [O(n)]
  0: evalEx2start->evalEx2entryin, D: D [O(n)]
  0: evalEx2start->evalEx2entryin, E: -inf [Infinity]
`Upper:
  9: evalEx2bb1in->evalEx2bb2in, A: inf [Infinity]
  9: evalEx2bb1in->evalEx2bb2in, B: A [O(n)]
  9: evalEx2bb1in->evalEx2bb2in, C: inf [Infinity]
  9: evalEx2bb1in->evalEx2bb2in, D: -2+A [O(n)]
  9: evalEx2bb1in->evalEx2bb2in, E: inf [Infinity]
  6: evalEx2bb2in->evalEx2bb1in, A: inf [Infinity]
  6: evalEx2bb2in->evalEx2bb1in, B: A [O(n)]
  6: evalEx2bb2in->evalEx2bb1in, C: inf [Infinity]
  6: evalEx2bb2in->evalEx2bb1in, D: -1+A [O(n)]
  6: evalEx2bb2in->evalEx2bb1in, E: inf [Infinity]
  7: evalEx2bb2in->evalEx2bb1in, A: inf [Infinity]
  7: evalEx2bb2in->evalEx2bb1in, B: A [O(n)]
  7: evalEx2bb2in->evalEx2bb1in, C: inf [Infinity]
  7: evalEx2bb2in->evalEx2bb1in, D: -1+A [O(n)]
  7: evalEx2bb2in->evalEx2bb1in, E: inf [Infinity]
  8: evalEx2bb2in->evalEx2bb3in, A: inf [Infinity]
  8: evalEx2bb2in->evalEx2bb3in, B: A [O(n)]
  8: evalEx2bb2in->evalEx2bb3in, C: inf [Infinity]
  8: evalEx2bb2in->evalEx2bb3in, D: -1+A [O(n)]
  8: evalEx2bb2in->evalEx2bb3in, E: inf [Infinity]
  2: evalEx2bb3in->evalEx2bbin, A: inf [Infinity]
  2: evalEx2bb3in->evalEx2bbin, B: A [O(n)]
  2: evalEx2bb3in->evalEx2bbin, C: inf [Infinity]
  2: evalEx2bb3in->evalEx2bbin, D: max{D, -1+A} [O(n)]
  2: evalEx2bb3in->evalEx2bbin, E: inf [Infinity]
  3: evalEx2bb3in->evalEx2returnin, A: inf [Infinity]
  3: evalEx2bb3in->evalEx2returnin, B: 0 [O(1)]
  3: evalEx2bb3in->evalEx2returnin, C: inf [Infinity]
  3: evalEx2bb3in->evalEx2returnin, D: max{D, -1+A} [O(n)]
  3: evalEx2bb3in->evalEx2returnin, E: inf [Infinity]
  4: evalEx2bb3in->evalEx2returnin, A: 0 [O(1)]
  4: evalEx2bb3in->evalEx2returnin, B: A [O(n)]
  4: evalEx2bb3in->evalEx2returnin, C: inf [Infinity]
  4: evalEx2bb3in->evalEx2returnin, D: max{D, -1+A} [O(n)]
  4: evalEx2bb3in->evalEx2returnin, E: inf [Infinity]
  5: evalEx2bbin->evalEx2bb2in, A: inf [Infinity]
  5: evalEx2bbin->evalEx2bb2in, B: A [O(n)]
  5: evalEx2bbin->evalEx2bb2in, C: inf [Infinity]
  5: evalEx2bbin->evalEx2bb2in, D: -1+A [O(n)]
  5: evalEx2bbin->evalEx2bb2in, E: inf [Infinity]
  1: evalEx2entryin->evalEx2bb3in, A: B [O(n)]
  1: evalEx2entryin->evalEx2bb3in, B: A [O(n)]
  1: evalEx2entryin->evalEx2bb3in, C: C [O(n)]
  1: evalEx2entryin->evalEx2bb3in, D: D [O(n)]
  1: evalEx2entryin->evalEx2bb3in, E: inf [Infinity]
  10: evalEx2returnin->evalEx2stop, A: inf [Infinity]
  10: evalEx2returnin->evalEx2stop, B: max{0, A} [O(n)]
  10: evalEx2returnin->evalEx2stop, C: inf [Infinity]
  10: evalEx2returnin->evalEx2stop, D: max{D, -1+A} [O(n)]
  10: evalEx2returnin->evalEx2stop, E: inf [Infinity]
  0: evalEx2start->evalEx2entryin, A: A [O(n)]
  0: evalEx2start->evalEx2entryin, B: B [O(n)]
  0: evalEx2start->evalEx2entryin, C: C [O(n)]
  0: evalEx2start->evalEx2entryin, D: D [O(n)]
  0: evalEx2start->evalEx2entryin, E: inf [Infinity]
