Timebounds: 
  Overall timebound: inf [Infinity]
  10: evalEx3bb1in->evalEx3bb2in: max{0, 3*A} [O(n)]
  5: evalEx3bb2in->evalEx3bb4in: max{0, A} [O(n)]
  7: evalEx3bb3in->evalEx3bb1in: max{0, 3*A} [O(n)]
  3: evalEx3bb4in->evalEx3returnin: 1 [O(1)]
  1: evalEx3entryin->evalEx3bb4in: 1 [O(1)]
  11: evalEx3returnin->evalEx3stop: 1 [O(1)]
  0: evalEx3start->evalEx3entryin: 1 [O(1)]

Costbounds:
  Overall costbound: inf [Infinity]
  10: evalEx3bb1in->evalEx3bb2in: max{0, 3*A} [O(n)]
  5: evalEx3bb2in->evalEx3bb4in: max{0, A} [O(n)]
  6: evalEx3bb2in->evalEx3bb3in: inf [Infinity]
  7: evalEx3bb3in->evalEx3bb1in: max{0, 3*A} [O(n)]
  8: evalEx3bb3in->evalEx3bb4in: inf [Infinity]
  9: evalEx3bb3in->evalEx3bb4in: inf [Infinity]
  2: evalEx3bb4in->evalEx3bbin: inf [Infinity]
  3: evalEx3bb4in->evalEx3returnin: 1 [O(1)]
  4: evalEx3bbin->evalEx3bb2in: inf [Infinity]
  1: evalEx3entryin->evalEx3bb4in: 1 [O(1)]
  11: evalEx3returnin->evalEx3stop: 1 [O(1)]
  0: evalEx3start->evalEx3entryin: 1 [O(1)]

Sizebounds:
`Lower:
  10: evalEx3bb1in->evalEx3bb2in, A: -max{0, -A} [O(n)]
  10: evalEx3bb1in->evalEx3bb2in, C: 0 [O(1)]
  5: evalEx3bb2in->evalEx3bb4in, A: 0 [O(1)]
  5: evalEx3bb2in->evalEx3bb4in, C: 0 [O(1)]
  6: evalEx3bb2in->evalEx3bb3in, A: -max{0, -A} [O(n)]
  6: evalEx3bb2in->evalEx3bb3in, C: 1 [O(1)]
  7: evalEx3bb3in->evalEx3bb1in, A: -max{0, -A} [O(n)]
  7: evalEx3bb3in->evalEx3bb1in, C: 1 [O(1)]
  8: evalEx3bb3in->evalEx3bb4in, A: -max{0, -A} [O(n)]
  8: evalEx3bb3in->evalEx3bb4in, C: 1 [O(1)]
  9: evalEx3bb3in->evalEx3bb4in, A: -max{0, -A} [O(n)]
  9: evalEx3bb3in->evalEx3bb4in, C: 1 [O(1)]
  2: evalEx3bb4in->evalEx3bbin, A: -max{0, -A} [O(n)]
  2: evalEx3bb4in->evalEx3bbin, C: -max{0, -C} [O(n)]
  3: evalEx3bb4in->evalEx3returnin, C: -max{0, -C} [O(n)]
  4: evalEx3bbin->evalEx3bb2in, A: -max{0, -A} [O(n)]
  4: evalEx3bbin->evalEx3bb2in, C: 1 [O(1)]
  1: evalEx3entryin->evalEx3bb4in, A: A [O(n)]
  1: evalEx3entryin->evalEx3bb4in, B: B [O(n)]
  1: evalEx3entryin->evalEx3bb4in, C: C [O(n)]
  11: evalEx3returnin->evalEx3stop, C: -max{0, -C} [O(n)]
  0: evalEx3start->evalEx3entryin, A: A [O(n)]
  0: evalEx3start->evalEx3entryin, B: B [O(n)]
  0: evalEx3start->evalEx3entryin, C: C [O(n)]
`Upper:
  10: evalEx3bb1in->evalEx3bb2in, A: max{0, A} [O(n)]
  10: evalEx3bb1in->evalEx3bb2in, C: max{-1, -1+A} [O(n)]
  5: evalEx3bb2in->evalEx3bb4in, A: 0 [O(1)]
  5: evalEx3bb2in->evalEx3bb4in, C: 0 [O(1)]
  6: evalEx3bb2in->evalEx3bb3in, A: max{0, A} [O(n)]
  6: evalEx3bb2in->evalEx3bb3in, C: max{0, A} [O(n)]
  7: evalEx3bb3in->evalEx3bb1in, A: max{0, A} [O(n)]
  7: evalEx3bb3in->evalEx3bb1in, C: max{0, A} [O(n)]
  8: evalEx3bb3in->evalEx3bb4in, A: max{0, A} [O(n)]
  8: evalEx3bb3in->evalEx3bb4in, C: max{0, A} [O(n)]
  9: evalEx3bb3in->evalEx3bb4in, A: max{0, A} [O(n)]
  9: evalEx3bb3in->evalEx3bb4in, C: max{0, A} [O(n)]
  2: evalEx3bb4in->evalEx3bbin, A: max{0, A} [O(n)]
  2: evalEx3bb4in->evalEx3bbin, C: max{0, C, A} [O(n)]
  3: evalEx3bb4in->evalEx3returnin, A: 0 [O(1)]
  3: evalEx3bb4in->evalEx3returnin, C: max{0, C, A} [O(n)]
  4: evalEx3bbin->evalEx3bb2in, A: max{0, A} [O(n)]
  4: evalEx3bbin->evalEx3bb2in, C: max{0, A} [O(n)]
  1: evalEx3entryin->evalEx3bb4in, A: A [O(n)]
  1: evalEx3entryin->evalEx3bb4in, B: B [O(n)]
  1: evalEx3entryin->evalEx3bb4in, C: C [O(n)]
  11: evalEx3returnin->evalEx3stop, A: 0 [O(1)]
  11: evalEx3returnin->evalEx3stop, C: max{0, C, A} [O(n)]
  0: evalEx3start->evalEx3entryin, A: A [O(n)]
  0: evalEx3start->evalEx3entryin, B: B [O(n)]
  0: evalEx3start->evalEx3entryin, C: C [O(n)]
