Timebounds: 
  Overall timebound: 5+max{1, 1+A}+max{1, 1+2*A}+max{0, A}+max{0, 2*A}+max{0, 1+A}+max{0, A}+max{0, A} [O(n)]
  10: evalEx4bb1in->evalEx4bb2in: max{0, A} [O(n)]
  5: evalEx4bb2in->evalEx4bb4in: max{1, 1+2*A} [O(n)]
  6: evalEx4bb2in->evalEx4bb3in: max{0, 2*A} [O(n)]
  7: evalEx4bb3in->evalEx4bb1in: max{0, A} [O(n)]
  8: evalEx4bb3in->evalEx4bb1in: max{0, 1+A} [O(n)]
  9: evalEx4bb3in->evalEx4bb4in: max{0, A} [O(n)]
  2: evalEx4bb4in->evalEx4bb2in: max{1, 1+A} [O(n)]
  3: evalEx4bb4in->evalEx4returnin: 1 [O(1)]
  4: evalEx4bb4in->evalEx4returnin: 1 [O(1)]
  1: evalEx4entryin->evalEx4bb4in: 1 [O(1)]
  11: evalEx4returnin->evalEx4stop: 1 [O(1)]
  0: evalEx4start->evalEx4entryin: 1 [O(1)]

Costbounds:
  Overall costbound: 5+max{1, 1+A}+max{1, 1+2*A}+max{0, A}+max{0, 2*A}+max{0, 1+A}+max{0, A}+max{0, A} [O(n)]
  10: evalEx4bb1in->evalEx4bb2in: max{0, A} [O(n)]
  5: evalEx4bb2in->evalEx4bb4in: max{1, 1+2*A} [O(n)]
  6: evalEx4bb2in->evalEx4bb3in: max{0, 2*A} [O(n)]
  7: evalEx4bb3in->evalEx4bb1in: max{0, A} [O(n)]
  8: evalEx4bb3in->evalEx4bb1in: max{0, 1+A} [O(n)]
  9: evalEx4bb3in->evalEx4bb4in: max{0, A} [O(n)]
  2: evalEx4bb4in->evalEx4bb2in: max{1, 1+A} [O(n)]
  3: evalEx4bb4in->evalEx4returnin: 1 [O(1)]
  4: evalEx4bb4in->evalEx4returnin: 1 [O(1)]
  1: evalEx4entryin->evalEx4bb4in: 1 [O(1)]
  11: evalEx4returnin->evalEx4stop: 1 [O(1)]
  0: evalEx4start->evalEx4entryin: 1 [O(1)]

Sizebounds:
`Lower:
  10: evalEx4bb1in->evalEx4bb2in, A: 1 [O(1)]
  10: evalEx4bb1in->evalEx4bb2in, C: 1 [O(1)]
  10: evalEx4bb1in->evalEx4bb2in, D: 0 [O(1)]
  5: evalEx4bb2in->evalEx4bb4in, A: 0 [O(1)]
  5: evalEx4bb2in->evalEx4bb4in, C: 0 [O(1)]
  6: evalEx4bb2in->evalEx4bb3in, A: 1 [O(1)]
  6: evalEx4bb2in->evalEx4bb3in, C: 0 [O(1)]
  6: evalEx4bb2in->evalEx4bb3in, D: 1 [O(1)]
  7: evalEx4bb3in->evalEx4bb1in, A: 1 [O(1)]
  7: evalEx4bb3in->evalEx4bb1in, C: 0 [O(1)]
  7: evalEx4bb3in->evalEx4bb1in, D: 1 [O(1)]
  8: evalEx4bb3in->evalEx4bb1in, A: 1 [O(1)]
  8: evalEx4bb3in->evalEx4bb1in, C: 0 [O(1)]
  8: evalEx4bb3in->evalEx4bb1in, D: 1 [O(1)]
  9: evalEx4bb3in->evalEx4bb4in, A: 0 [O(1)]
  9: evalEx4bb3in->evalEx4bb4in, C: 0 [O(1)]
  9: evalEx4bb3in->evalEx4bb4in, D: 1 [O(1)]
  2: evalEx4bb4in->evalEx4bb2in, A: 1 [O(1)]
  2: evalEx4bb4in->evalEx4bb2in, C: 0 [O(1)]
  3: evalEx4bb4in->evalEx4returnin, A: 0 [O(1)]
  3: evalEx4bb4in->evalEx4returnin, C: -max{0, -C} [O(n)]
  4: evalEx4bb4in->evalEx4returnin, A: 2 [O(1)]
  4: evalEx4bb4in->evalEx4returnin, C: -max{0, -C} [O(n)]
  1: evalEx4entryin->evalEx4bb4in, A: 1 [O(1)]
  1: evalEx4entryin->evalEx4bb4in, B: A [O(n)]
  1: evalEx4entryin->evalEx4bb4in, C: C [O(n)]
  1: evalEx4entryin->evalEx4bb4in, D: D [O(n)]
  11: evalEx4returnin->evalEx4stop, A: 0 [O(1)]
  11: evalEx4returnin->evalEx4stop, C: -max{0, -C} [O(n)]
  0: evalEx4start->evalEx4entryin, A: A [O(n)]
  0: evalEx4start->evalEx4entryin, B: B [O(n)]
  0: evalEx4start->evalEx4entryin, C: C [O(n)]
  0: evalEx4start->evalEx4entryin, D: D [O(n)]
`Upper:
  10: evalEx4bb1in->evalEx4bb2in, A: 1 [O(1)]
  10: evalEx4bb1in->evalEx4bb2in, B: max{0, A} [O(n)]
  10: evalEx4bb1in->evalEx4bb2in, C: 1 [O(1)]
  10: evalEx4bb1in->evalEx4bb2in, D: max{-1, -1+A} [O(n)]
  5: evalEx4bb2in->evalEx4bb4in, A: 1 [O(1)]
  5: evalEx4bb2in->evalEx4bb4in, B: 0 [O(1)]
  5: evalEx4bb2in->evalEx4bb4in, C: 1 [O(1)]
  5: evalEx4bb2in->evalEx4bb4in, D: 0 [O(1)]
  6: evalEx4bb2in->evalEx4bb3in, A: 1 [O(1)]
  6: evalEx4bb2in->evalEx4bb3in, B: max{0, A} [O(n)]
  6: evalEx4bb2in->evalEx4bb3in, C: 1 [O(1)]
  6: evalEx4bb2in->evalEx4bb3in, D: max{0, A} [O(n)]
  7: evalEx4bb3in->evalEx4bb1in, A: 1 [O(1)]
  7: evalEx4bb3in->evalEx4bb1in, B: max{0, A} [O(n)]
  7: evalEx4bb3in->evalEx4bb1in, C: 1 [O(1)]
  7: evalEx4bb3in->evalEx4bb1in, D: max{0, A} [O(n)]
  8: evalEx4bb3in->evalEx4bb1in, A: 1 [O(1)]
  8: evalEx4bb3in->evalEx4bb1in, B: max{0, A} [O(n)]
  8: evalEx4bb3in->evalEx4bb1in, C: 1 [O(1)]
  8: evalEx4bb3in->evalEx4bb1in, D: max{0, A} [O(n)]
  9: evalEx4bb3in->evalEx4bb4in, A: 1 [O(1)]
  9: evalEx4bb3in->evalEx4bb4in, B: max{0, A} [O(n)]
  9: evalEx4bb3in->evalEx4bb4in, C: 1 [O(1)]
  9: evalEx4bb3in->evalEx4bb4in, D: max{0, A} [O(n)]
  2: evalEx4bb4in->evalEx4bb2in, A: 1 [O(1)]
  2: evalEx4bb4in->evalEx4bb2in, B: max{0, A} [O(n)]
  2: evalEx4bb4in->evalEx4bb2in, C: 0 [O(1)]
  2: evalEx4bb4in->evalEx4bb2in, D: max{0, A} [O(n)]
  3: evalEx4bb4in->evalEx4returnin, A: 0 [O(1)]
  3: evalEx4bb4in->evalEx4returnin, B: max{0, A} [O(n)]
  3: evalEx4bb4in->evalEx4returnin, C: max{1, C} [O(n)]
  3: evalEx4bb4in->evalEx4returnin, D: max{0, D, A} [O(n)]
  4: evalEx4bb4in->evalEx4returnin, A: 1 [O(1)]
  4: evalEx4bb4in->evalEx4returnin, B: max{0, A} [O(n)]
  4: evalEx4bb4in->evalEx4returnin, C: max{1, C} [O(n)]
  4: evalEx4bb4in->evalEx4returnin, D: max{0, D, A} [O(n)]
  1: evalEx4entryin->evalEx4bb4in, A: 1 [O(1)]
  1: evalEx4entryin->evalEx4bb4in, B: A [O(n)]
  1: evalEx4entryin->evalEx4bb4in, C: C [O(n)]
  1: evalEx4entryin->evalEx4bb4in, D: D [O(n)]
  11: evalEx4returnin->evalEx4stop, A: 1 [O(1)]
  11: evalEx4returnin->evalEx4stop, B: max{0, A} [O(n)]
  11: evalEx4returnin->evalEx4stop, C: max{1, C} [O(n)]
  11: evalEx4returnin->evalEx4stop, D: max{0, D, A} [O(n)]
  0: evalEx4start->evalEx4entryin, A: A [O(n)]
  0: evalEx4start->evalEx4entryin, B: B [O(n)]
  0: evalEx4start->evalEx4entryin, C: C [O(n)]
  0: evalEx4start->evalEx4entryin, D: D [O(n)]
