Timebounds: 
  Overall timebound: inf [Infinity]
  7: evalEx5bb1in->evalEx5bb2in: inf [Infinity]
  9: evalEx5bb1in->evalEx5bb2in: inf [Infinity]
  14: evalEx5bb1in->evalEx5bb3in: inf [Infinity]
  15: evalEx5bb2in->evalEx5bb3in: inf [Infinity]
  4: evalEx5bb3in->evalEx5bb1in: inf [Infinity]
  5: evalEx5bb3in->evalEx5bb1in: inf [Infinity]
  6: evalEx5bb3in->evalEx5bb4in: max{0, A*(1+A)} [O(n^2)]
  16: evalEx5bb4in->evalEx5bb6in: max{0, 2*A} [O(n)]
  18: evalEx5bb4in->evalEx5bb6in: max{0, A*(1+A)} [O(n^2)]
  2: evalEx5bb6in->evalEx5bb3in: max{0, 1+A} [O(n)]
  3: evalEx5bb6in->evalEx5returnin: 1 [O(1)]
  1: evalEx5entryin->evalEx5bb6in: 1 [O(1)]
  19: evalEx5returnin->evalEx5stop: 1 [O(1)]
  0: evalEx5start->evalEx5entryin: 1 [O(1)]

Costbounds:
  Overall costbound: inf [Infinity]
  7: evalEx5bb1in->evalEx5bb2in: inf [Infinity]
  9: evalEx5bb1in->evalEx5bb2in: inf [Infinity]
  14: evalEx5bb1in->evalEx5bb3in: inf [Infinity]
  15: evalEx5bb2in->evalEx5bb3in: inf [Infinity]
  4: evalEx5bb3in->evalEx5bb1in: inf [Infinity]
  5: evalEx5bb3in->evalEx5bb1in: inf [Infinity]
  6: evalEx5bb3in->evalEx5bb4in: max{0, A*(1+A)} [O(n^2)]
  16: evalEx5bb4in->evalEx5bb6in: max{0, 2*A} [O(n)]
  18: evalEx5bb4in->evalEx5bb6in: max{0, A*(1+A)} [O(n^2)]
  2: evalEx5bb6in->evalEx5bb3in: max{0, 1+A} [O(n)]
  3: evalEx5bb6in->evalEx5returnin: 1 [O(1)]
  1: evalEx5entryin->evalEx5bb6in: 1 [O(1)]
  19: evalEx5returnin->evalEx5stop: 1 [O(1)]
  0: evalEx5start->evalEx5entryin: 1 [O(1)]

Sizebounds:
`Lower:
  7: evalEx5bb1in->evalEx5bb2in, A: 0 [O(1)]
  7: evalEx5bb1in->evalEx5bb2in, B: A [O(n)]
  7: evalEx5bb1in->evalEx5bb2in, C: 0 [O(1)]
  7: evalEx5bb1in->evalEx5bb2in, D: -inf [Infinity]
  7: evalEx5bb1in->evalEx5bb2in, E: -inf [Infinity]
  7: evalEx5bb1in->evalEx5bb2in, F: -inf [Infinity]
  9: evalEx5bb1in->evalEx5bb2in, A: 0 [O(1)]
  9: evalEx5bb1in->evalEx5bb2in, B: A [O(n)]
  9: evalEx5bb1in->evalEx5bb2in, C: 0 [O(1)]
  9: evalEx5bb1in->evalEx5bb2in, D: -inf [Infinity]
  9: evalEx5bb1in->evalEx5bb2in, E: -inf [Infinity]
  9: evalEx5bb1in->evalEx5bb2in, F: -inf [Infinity]
  14: evalEx5bb1in->evalEx5bb3in, A: 0 [O(1)]
  14: evalEx5bb1in->evalEx5bb3in, B: A [O(n)]
  14: evalEx5bb1in->evalEx5bb3in, C: 0 [O(1)]
  14: evalEx5bb1in->evalEx5bb3in, D: -inf [Infinity]
  14: evalEx5bb1in->evalEx5bb3in, E: -inf [Infinity]
  14: evalEx5bb1in->evalEx5bb3in, F: -inf [Infinity]
  15: evalEx5bb2in->evalEx5bb3in, A: 0 [O(1)]
  15: evalEx5bb2in->evalEx5bb3in, B: A [O(n)]
  15: evalEx5bb2in->evalEx5bb3in, C: 1 [O(1)]
  15: evalEx5bb2in->evalEx5bb3in, D: -inf [Infinity]
  15: evalEx5bb2in->evalEx5bb3in, E: -inf [Infinity]
  15: evalEx5bb2in->evalEx5bb3in, F: -inf [Infinity]
  4: evalEx5bb3in->evalEx5bb1in, A: 0 [O(1)]
  4: evalEx5bb3in->evalEx5bb1in, B: A [O(n)]
  4: evalEx5bb3in->evalEx5bb1in, C: 0 [O(1)]
  4: evalEx5bb3in->evalEx5bb1in, D: -inf [Infinity]
  4: evalEx5bb3in->evalEx5bb1in, E: -inf [Infinity]
  4: evalEx5bb3in->evalEx5bb1in, F: -inf [Infinity]
  5: evalEx5bb3in->evalEx5bb1in, A: 0 [O(1)]
  5: evalEx5bb3in->evalEx5bb1in, B: A [O(n)]
  5: evalEx5bb3in->evalEx5bb1in, C: 0 [O(1)]
  5: evalEx5bb3in->evalEx5bb1in, D: -inf [Infinity]
  5: evalEx5bb3in->evalEx5bb1in, E: -inf [Infinity]
  5: evalEx5bb3in->evalEx5bb1in, F: -inf [Infinity]
  6: evalEx5bb3in->evalEx5bb4in, A: 0 [O(1)]
  6: evalEx5bb3in->evalEx5bb4in, B: A [O(n)]
  6: evalEx5bb3in->evalEx5bb4in, C: 0 [O(1)]
  6: evalEx5bb3in->evalEx5bb4in, D: -inf [Infinity]
  6: evalEx5bb3in->evalEx5bb4in, E: -inf [Infinity]
  6: evalEx5bb3in->evalEx5bb4in, F: -inf [Infinity]
  16: evalEx5bb4in->evalEx5bb6in, A: 0 [O(1)]
  16: evalEx5bb4in->evalEx5bb6in, B: A [O(n)]
  16: evalEx5bb4in->evalEx5bb6in, C: 0 [O(1)]
  16: evalEx5bb4in->evalEx5bb6in, D: -inf [Infinity]
  16: evalEx5bb4in->evalEx5bb6in, E: -inf [Infinity]
  16: evalEx5bb4in->evalEx5bb6in, F: -inf [Infinity]
  18: evalEx5bb4in->evalEx5bb6in, A: 0 [O(1)]
  18: evalEx5bb4in->evalEx5bb6in, B: A [O(n)]
  18: evalEx5bb4in->evalEx5bb6in, C: 1 [O(1)]
  18: evalEx5bb4in->evalEx5bb6in, D: -inf [Infinity]
  18: evalEx5bb4in->evalEx5bb6in, E: -inf [Infinity]
  18: evalEx5bb4in->evalEx5bb6in, F: -inf [Infinity]
  2: evalEx5bb6in->evalEx5bb3in, A: 0 [O(1)]
  2: evalEx5bb6in->evalEx5bb3in, B: A [O(n)]
  2: evalEx5bb6in->evalEx5bb3in, C: 0 [O(1)]
  2: evalEx5bb6in->evalEx5bb3in, D: 1 [O(1)]
  2: evalEx5bb6in->evalEx5bb3in, E: -inf [Infinity]
  2: evalEx5bb6in->evalEx5bb3in, F: -inf [Infinity]
  3: evalEx5bb6in->evalEx5returnin, A: 0 [O(1)]
  3: evalEx5bb6in->evalEx5returnin, B: A [O(n)]
  3: evalEx5bb6in->evalEx5returnin, C: -max{0, -C} [O(n)]
  3: evalEx5bb6in->evalEx5returnin, D: -inf [Infinity]
  3: evalEx5bb6in->evalEx5returnin, E: -inf [Infinity]
  3: evalEx5bb6in->evalEx5returnin, F: -inf [Infinity]
  1: evalEx5entryin->evalEx5bb6in, A: 0 [O(1)]
  1: evalEx5entryin->evalEx5bb6in, B: A [O(n)]
  1: evalEx5entryin->evalEx5bb6in, C: C [O(n)]
  1: evalEx5entryin->evalEx5bb6in, D: D [O(n)]
  1: evalEx5entryin->evalEx5bb6in, E: E [O(n)]
  1: evalEx5entryin->evalEx5bb6in, F: -inf [Infinity]
  19: evalEx5returnin->evalEx5stop, A: 0 [O(1)]
  19: evalEx5returnin->evalEx5stop, B: A [O(n)]
  19: evalEx5returnin->evalEx5stop, C: -max{0, -C} [O(n)]
  19: evalEx5returnin->evalEx5stop, D: -inf [Infinity]
  19: evalEx5returnin->evalEx5stop, E: -inf [Infinity]
  19: evalEx5returnin->evalEx5stop, F: -inf [Infinity]
  0: evalEx5start->evalEx5entryin, A: A [O(n)]
  0: evalEx5start->evalEx5entryin, B: B [O(n)]
  0: evalEx5start->evalEx5entryin, C: C [O(n)]
  0: evalEx5start->evalEx5entryin, D: D [O(n)]
  0: evalEx5start->evalEx5entryin, E: E [O(n)]
  0: evalEx5start->evalEx5entryin, F: -inf [Infinity]
`Upper:
  7: evalEx5bb1in->evalEx5bb2in, A: max{0, 2*A} [O(n)]
  7: evalEx5bb1in->evalEx5bb2in, B: A [O(n)]
  7: evalEx5bb1in->evalEx5bb2in, C: 1 [O(1)]
  7: evalEx5bb1in->evalEx5bb2in, D: A [O(n)]
  7: evalEx5bb1in->evalEx5bb2in, E: -1+A [O(n)]
  7: evalEx5bb1in->evalEx5bb2in, F: inf [Infinity]
  9: evalEx5bb1in->evalEx5bb2in, A: max{0, 2*A} [O(n)]
  9: evalEx5bb1in->evalEx5bb2in, B: A [O(n)]
  9: evalEx5bb1in->evalEx5bb2in, C: 1 [O(1)]
  9: evalEx5bb1in->evalEx5bb2in, D: A [O(n)]
  9: evalEx5bb1in->evalEx5bb2in, E: -1+A [O(n)]
  9: evalEx5bb1in->evalEx5bb2in, F: inf [Infinity]
  14: evalEx5bb1in->evalEx5bb3in, A: max{0, 2*A} [O(n)]
  14: evalEx5bb1in->evalEx5bb3in, B: A [O(n)]
  14: evalEx5bb1in->evalEx5bb3in, C: 1 [O(1)]
  14: evalEx5bb1in->evalEx5bb3in, D: A [O(n)]
  14: evalEx5bb1in->evalEx5bb3in, E: max{E, -1+A} [O(n)]
  14: evalEx5bb1in->evalEx5bb3in, F: inf [Infinity]
  15: evalEx5bb2in->evalEx5bb3in, A: max{0, 2*A} [O(n)]
  15: evalEx5bb2in->evalEx5bb3in, B: A [O(n)]
  15: evalEx5bb2in->evalEx5bb3in, C: 1 [O(1)]
  15: evalEx5bb2in->evalEx5bb3in, D: -1+A [O(n)]
  15: evalEx5bb2in->evalEx5bb3in, E: -1+A [O(n)]
  15: evalEx5bb2in->evalEx5bb3in, F: inf [Infinity]
  4: evalEx5bb3in->evalEx5bb1in, A: max{0, 2*A} [O(n)]
  4: evalEx5bb3in->evalEx5bb1in, B: A [O(n)]
  4: evalEx5bb3in->evalEx5bb1in, C: 1 [O(1)]
  4: evalEx5bb3in->evalEx5bb1in, D: A [O(n)]
  4: evalEx5bb3in->evalEx5bb1in, E: max{E, -1+A} [O(n)]
  4: evalEx5bb3in->evalEx5bb1in, F: inf [Infinity]
  5: evalEx5bb3in->evalEx5bb1in, A: max{0, 2*A} [O(n)]
  5: evalEx5bb3in->evalEx5bb1in, B: A [O(n)]
  5: evalEx5bb3in->evalEx5bb1in, C: 1 [O(1)]
  5: evalEx5bb3in->evalEx5bb1in, D: A [O(n)]
  5: evalEx5bb3in->evalEx5bb1in, E: max{E, -1+A} [O(n)]
  5: evalEx5bb3in->evalEx5bb1in, F: inf [Infinity]
  6: evalEx5bb3in->evalEx5bb4in, A: max{0, 2*A} [O(n)]
  6: evalEx5bb3in->evalEx5bb4in, B: A [O(n)]
  6: evalEx5bb3in->evalEx5bb4in, C: 1 [O(1)]
  6: evalEx5bb3in->evalEx5bb4in, D: A [O(n)]
  6: evalEx5bb3in->evalEx5bb4in, E: max{E, -1+A} [O(n)]
  6: evalEx5bb3in->evalEx5bb4in, F: inf [Infinity]
  16: evalEx5bb4in->evalEx5bb6in, A: max{0, 2*A} [O(n)]
  16: evalEx5bb4in->evalEx5bb6in, B: A [O(n)]
  16: evalEx5bb4in->evalEx5bb6in, C: 0 [O(1)]
  16: evalEx5bb4in->evalEx5bb6in, D: A [O(n)]
  16: evalEx5bb4in->evalEx5bb6in, E: max{E, -1+A} [O(n)]
  16: evalEx5bb4in->evalEx5bb6in, F: inf [Infinity]
  18: evalEx5bb4in->evalEx5bb6in, A: max{0, 2*A} [O(n)]
  18: evalEx5bb4in->evalEx5bb6in, B: A [O(n)]
  18: evalEx5bb4in->evalEx5bb6in, C: 1 [O(1)]
  18: evalEx5bb4in->evalEx5bb6in, D: A [O(n)]
  18: evalEx5bb4in->evalEx5bb6in, E: max{E, -1+A} [O(n)]
  18: evalEx5bb4in->evalEx5bb6in, F: inf [Infinity]
  2: evalEx5bb6in->evalEx5bb3in, A: max{0, 2*A} [O(n)]
  2: evalEx5bb6in->evalEx5bb3in, B: A [O(n)]
  2: evalEx5bb6in->evalEx5bb3in, C: 0 [O(1)]
  2: evalEx5bb6in->evalEx5bb3in, D: A [O(n)]
  2: evalEx5bb6in->evalEx5bb3in, E: max{E, -1+A} [O(n)]
  2: evalEx5bb6in->evalEx5bb3in, F: inf [Infinity]
  3: evalEx5bb6in->evalEx5returnin, A: max{0, 2*A} [O(n)]
  3: evalEx5bb6in->evalEx5returnin, B: max{0, 2*A} [O(n)]
  3: evalEx5bb6in->evalEx5returnin, C: max{1, C} [O(n)]
  3: evalEx5bb6in->evalEx5returnin, D: max{A, D, A} [O(n)]
  3: evalEx5bb6in->evalEx5returnin, E: max{E, E, -1+A} [O(n)]
  3: evalEx5bb6in->evalEx5returnin, F: inf [Infinity]
  1: evalEx5entryin->evalEx5bb6in, A: 0 [O(1)]
  1: evalEx5entryin->evalEx5bb6in, B: A [O(n)]
  1: evalEx5entryin->evalEx5bb6in, C: C [O(n)]
  1: evalEx5entryin->evalEx5bb6in, D: D [O(n)]
  1: evalEx5entryin->evalEx5bb6in, E: E [O(n)]
  1: evalEx5entryin->evalEx5bb6in, F: inf [Infinity]
  19: evalEx5returnin->evalEx5stop, A: max{0, 2*A} [O(n)]
  19: evalEx5returnin->evalEx5stop, B: max{0, 2*A} [O(n)]
  19: evalEx5returnin->evalEx5stop, C: max{1, C} [O(n)]
  19: evalEx5returnin->evalEx5stop, D: max{A, D, A} [O(n)]
  19: evalEx5returnin->evalEx5stop, E: max{E, E, -1+A} [O(n)]
  19: evalEx5returnin->evalEx5stop, F: inf [Infinity]
  0: evalEx5start->evalEx5entryin, A: A [O(n)]
  0: evalEx5start->evalEx5entryin, B: B [O(n)]
  0: evalEx5start->evalEx5entryin, C: C [O(n)]
  0: evalEx5start->evalEx5entryin, D: D [O(n)]
  0: evalEx5start->evalEx5entryin, E: E [O(n)]
  0: evalEx5start->evalEx5entryin, F: inf [Infinity]
