Timebounds: 
  Overall timebound: inf [Infinity]
  6: evalEx6bb1in->evalEx6bb3in: max{0, C-A} [O(n)]
  7: evalEx6bb2in->evalEx6bb3in: max{0, C-B} [O(n)]
  3: evalEx6bb3in->evalEx6returnin: 1 [O(1)]
  4: evalEx6bbin->evalEx6bb1in: max{0, C-A} [O(n)]
  5: evalEx6bbin->evalEx6bb2in: max{0, C-B} [O(n)]
  1: evalEx6entryin->evalEx6bb3in: 1 [O(1)]
  8: evalEx6returnin->evalEx6stop: 1 [O(1)]
  0: evalEx6start->evalEx6entryin: 1 [O(1)]

Costbounds:
  Overall costbound: inf [Infinity]
  6: evalEx6bb1in->evalEx6bb3in: max{0, C-A} [O(n)]
  7: evalEx6bb2in->evalEx6bb3in: max{0, C-B} [O(n)]
  2: evalEx6bb3in->evalEx6bbin: inf [Infinity]
  3: evalEx6bb3in->evalEx6returnin: 1 [O(1)]
  4: evalEx6bbin->evalEx6bb1in: max{0, C-A} [O(n)]
  5: evalEx6bbin->evalEx6bb2in: max{0, C-B} [O(n)]
  1: evalEx6entryin->evalEx6bb3in: 1 [O(1)]
  8: evalEx6returnin->evalEx6stop: 1 [O(1)]
  0: evalEx6start->evalEx6entryin: 1 [O(1)]

Sizebounds:
`Lower:
  6: evalEx6bb1in->evalEx6bb3in, A: -max{0, -B} [O(n)]
  6: evalEx6bb1in->evalEx6bb3in, C: -max{0, -C} [O(n)]
  7: evalEx6bb2in->evalEx6bb3in, A: -max{0, -B} [O(n)]
  7: evalEx6bb2in->evalEx6bb3in, C: -max{0, -C} [O(n)]
  2: evalEx6bb3in->evalEx6bbin, A: -max{0, -B} [O(n)]
  2: evalEx6bb3in->evalEx6bbin, C: -max{0, -C} [O(n)]
  3: evalEx6bb3in->evalEx6returnin, A: -max{0, -B} [O(n)]
  3: evalEx6bb3in->evalEx6returnin, C: -max{0, -C} [O(n)]
  4: evalEx6bbin->evalEx6bb1in, A: -max{0, -B} [O(n)]
  4: evalEx6bbin->evalEx6bb1in, C: -max{0, -C} [O(n)]
  5: evalEx6bbin->evalEx6bb2in, A: -max{0, -B} [O(n)]
  5: evalEx6bbin->evalEx6bb2in, C: -max{0, -C} [O(n)]
  1: evalEx6entryin->evalEx6bb3in, A: B [O(n)]
  1: evalEx6entryin->evalEx6bb3in, B: A [O(n)]
  1: evalEx6entryin->evalEx6bb3in, C: C [O(n)]
  8: evalEx6returnin->evalEx6stop, A: -max{0, -B} [O(n)]
  8: evalEx6returnin->evalEx6stop, C: -max{0, -C} [O(n)]
  0: evalEx6start->evalEx6entryin, A: A [O(n)]
  0: evalEx6start->evalEx6entryin, B: B [O(n)]
  0: evalEx6start->evalEx6entryin, C: C [O(n)]
`Upper:
  6: evalEx6bb1in->evalEx6bb3in, A: max{0, B}+max{0, C-B} [O(n)]
  6: evalEx6bb1in->evalEx6bb3in, B: max{0, B}+max{0, C-B} [O(n)]
  6: evalEx6bb1in->evalEx6bb3in, C: max{0, C} [O(n)]
  7: evalEx6bb2in->evalEx6bb3in, A: max{0, B}+max{0, C-B} [O(n)]
  7: evalEx6bb2in->evalEx6bb3in, B: max{0, A, max{0, B}+max{0, C-B}} [O(n)]
  7: evalEx6bb2in->evalEx6bb3in, C: max{0, C} [O(n)]
  2: evalEx6bb3in->evalEx6bbin, A: max{0, B}+max{0, C-B} [O(n)]
  2: evalEx6bb3in->evalEx6bbin, B: max{0, A, max{0, B}+max{0, C-B}} [O(n)]
  2: evalEx6bb3in->evalEx6bbin, C: max{0, C} [O(n)]
  3: evalEx6bb3in->evalEx6returnin, A: max{B, max{0, B}+max{0, C-B}} [O(n)]
  3: evalEx6bb3in->evalEx6returnin, B: max{0, A, max{A, max{0, B}+max{0, C-B}}} [O(n)]
  3: evalEx6bb3in->evalEx6returnin, C: max{0, A, max{A, max{0, B}+max{0, C-B}}} [O(n)]
  4: evalEx6bbin->evalEx6bb1in, A: max{0, B}+max{0, C-B} [O(n)]
  4: evalEx6bbin->evalEx6bb1in, B: -1+max{0, B}+max{0, C-B} [O(n)]
  4: evalEx6bbin->evalEx6bb1in, C: max{0, C} [O(n)]
  5: evalEx6bbin->evalEx6bb2in, A: max{0, B}+max{0, C-B} [O(n)]
  5: evalEx6bbin->evalEx6bb2in, B: max{0, A, max{0, B}+max{0, C-B}} [O(n)]
  5: evalEx6bbin->evalEx6bb2in, C: max{0, C} [O(n)]
  1: evalEx6entryin->evalEx6bb3in, A: B [O(n)]
  1: evalEx6entryin->evalEx6bb3in, B: A [O(n)]
  1: evalEx6entryin->evalEx6bb3in, C: C [O(n)]
  8: evalEx6returnin->evalEx6stop, A: max{B, max{0, B}+max{0, C-B}} [O(n)]
  8: evalEx6returnin->evalEx6stop, B: max{0, A, max{A, max{0, B}+max{0, C-B}}} [O(n)]
  8: evalEx6returnin->evalEx6stop, C: max{0, A, max{A, max{0, B}+max{0, C-B}}} [O(n)]
  0: evalEx6start->evalEx6entryin, A: A [O(n)]
  0: evalEx6start->evalEx6entryin, B: B [O(n)]
  0: evalEx6start->evalEx6entryin, C: C [O(n)]
