Timebounds: 
  Overall timebound: inf [Infinity]
  2: evalEx7bb3in->evalEx7bbin: inf [Infinity]
  3: evalEx7bb3in->evalEx7bbin: inf [Infinity]
  4: evalEx7bb3in->evalEx7returnin: 1 [O(1)]
  5: evalEx7bbin->evalEx7bb3in: inf [Infinity]
  6: evalEx7bbin->evalEx7bb3in: inf [Infinity]
  1: evalEx7entryin->evalEx7bb3in: 1 [O(1)]
  7: evalEx7returnin->evalEx7stop: 1 [O(1)]
  0: evalEx7start->evalEx7entryin: 1 [O(1)]

Costbounds:
  Overall costbound: inf [Infinity]
  2: evalEx7bb3in->evalEx7bbin: inf [Infinity]
  3: evalEx7bb3in->evalEx7bbin: inf [Infinity]
  4: evalEx7bb3in->evalEx7returnin: 1 [O(1)]
  5: evalEx7bbin->evalEx7bb3in: inf [Infinity]
  6: evalEx7bbin->evalEx7bb3in: inf [Infinity]
  1: evalEx7entryin->evalEx7bb3in: 1 [O(1)]
  7: evalEx7returnin->evalEx7stop: 1 [O(1)]
  0: evalEx7start->evalEx7entryin: 1 [O(1)]

Sizebounds:
`Lower:
  2: evalEx7bb3in->evalEx7bbin, A: 1 [O(1)]
  2: evalEx7bb3in->evalEx7bbin, B: 2 [O(1)]
  2: evalEx7bb3in->evalEx7bbin, C: 0 [O(1)]
  3: evalEx7bb3in->evalEx7bbin, A: 1 [O(1)]
  3: evalEx7bb3in->evalEx7bbin, B: 2 [O(1)]
  3: evalEx7bb3in->evalEx7bbin, C: 2 [O(1)]
  4: evalEx7bb3in->evalEx7returnin, A: 1 [O(1)]
  4: evalEx7bb3in->evalEx7returnin, B: 2 [O(1)]
  4: evalEx7bb3in->evalEx7returnin, C: 1 [O(1)]
  5: evalEx7bbin->evalEx7bb3in, A: 1 [O(1)]
  5: evalEx7bbin->evalEx7bb3in, B: 2 [O(1)]
  5: evalEx7bbin->evalEx7bb3in, C: 0 [O(1)]
  6: evalEx7bbin->evalEx7bb3in, A: 1 [O(1)]
  6: evalEx7bbin->evalEx7bb3in, B: 2 [O(1)]
  6: evalEx7bbin->evalEx7bb3in, C: 0 [O(1)]
  1: evalEx7entryin->evalEx7bb3in, A: 1 [O(1)]
  1: evalEx7entryin->evalEx7bb3in, B: 2 [O(1)]
  1: evalEx7entryin->evalEx7bb3in, C: 2 [O(1)]
  7: evalEx7returnin->evalEx7stop, A: 1 [O(1)]
  7: evalEx7returnin->evalEx7stop, B: 2 [O(1)]
  7: evalEx7returnin->evalEx7stop, C: 1 [O(1)]
  0: evalEx7start->evalEx7entryin, A: A [O(n)]
  0: evalEx7start->evalEx7entryin, B: B [O(n)]
  0: evalEx7start->evalEx7entryin, C: C [O(n)]
`Upper:
  2: evalEx7bb3in->evalEx7bbin, A: A [O(n)]
  2: evalEx7bb3in->evalEx7bbin, B: B [O(n)]
  3: evalEx7bb3in->evalEx7bbin, A: A [O(n)]
  3: evalEx7bb3in->evalEx7bbin, B: B [O(n)]
  4: evalEx7bb3in->evalEx7returnin, A: A [O(n)]
  4: evalEx7bb3in->evalEx7returnin, B: B [O(n)]
  5: evalEx7bbin->evalEx7bb3in, A: A [O(n)]
  5: evalEx7bbin->evalEx7bb3in, B: B [O(n)]
  5: evalEx7bbin->evalEx7bb3in, C: 0 [O(1)]
  6: evalEx7bbin->evalEx7bb3in, A: A [O(n)]
  6: evalEx7bbin->evalEx7bb3in, B: B [O(n)]
  1: evalEx7entryin->evalEx7bb3in, A: A [O(n)]
  1: evalEx7entryin->evalEx7bb3in, B: B [O(n)]
  1: evalEx7entryin->evalEx7bb3in, C: 1+A [O(n)]
  7: evalEx7returnin->evalEx7stop, A: A [O(n)]
  7: evalEx7returnin->evalEx7stop, B: B [O(n)]
  0: evalEx7start->evalEx7entryin, A: A [O(n)]
  0: evalEx7start->evalEx7entryin, B: B [O(n)]
  0: evalEx7start->evalEx7entryin, C: C [O(n)]
