Timebounds: 
  Overall timebound: inf [Infinity]
  6: evalDis2bb1in->evalDis2bb3in: max{0, 2*B+-2*A} [O(n)]
  7: evalDis2bb2in->evalDis2bb3in: max{0, B-C} [O(n)]
  2: evalDis2bb3in->evalDis2bbin: inf [Infinity]
  3: evalDis2bb3in->evalDis2returnin: 1 [O(1)]
  4: evalDis2bbin->evalDis2bb1in: max{0, 2*B+-2*A} [O(n)]
  5: evalDis2bbin->evalDis2bb2in: max{0, B-C} [O(n)]
  1: evalDis2entryin->evalDis2bb3in: 1 [O(1)]
  8: evalDis2returnin->evalDis2stop: 1 [O(1)]
  0: evalDis2start->evalDis2entryin: 1 [O(1)]

Costbounds:
  Overall costbound: inf [Infinity]
  6: evalDis2bb1in->evalDis2bb3in: max{0, 2*B+-2*A} [O(n)]
  7: evalDis2bb2in->evalDis2bb3in: max{0, B-C} [O(n)]
  2: evalDis2bb3in->evalDis2bbin: inf [Infinity]
  3: evalDis2bb3in->evalDis2returnin: 1 [O(1)]
  4: evalDis2bbin->evalDis2bb1in: max{0, 2*B+-2*A} [O(n)]
  5: evalDis2bbin->evalDis2bb2in: max{0, B-C} [O(n)]
  1: evalDis2entryin->evalDis2bb3in: 1 [O(1)]
  8: evalDis2returnin->evalDis2stop: 1 [O(1)]
  0: evalDis2start->evalDis2entryin: 1 [O(1)]

Sizebounds:
`Lower:
  6: evalDis2bb1in->evalDis2bb3in, A: B [O(n)]
  6: evalDis2bb1in->evalDis2bb3in, B: -inf [Infinity]
  6: evalDis2bb1in->evalDis2bb3in, C: -inf [Infinity]
  7: evalDis2bb2in->evalDis2bb3in, A: B [O(n)]
  7: evalDis2bb2in->evalDis2bb3in, B: -inf [Infinity]
  7: evalDis2bb2in->evalDis2bb3in, C: -inf [Infinity]
  2: evalDis2bb3in->evalDis2bbin, A: B [O(n)]
  2: evalDis2bb3in->evalDis2bbin, B: -inf [Infinity]
  2: evalDis2bb3in->evalDis2bbin, C: -inf [Infinity]
  3: evalDis2bb3in->evalDis2returnin, A: B [O(n)]
  3: evalDis2bb3in->evalDis2returnin, B: -inf [Infinity]
  3: evalDis2bb3in->evalDis2returnin, C: B [O(n)]
  4: evalDis2bbin->evalDis2bb1in, A: B [O(n)]
  4: evalDis2bbin->evalDis2bb1in, B: -inf [Infinity]
  4: evalDis2bbin->evalDis2bb1in, C: -inf [Infinity]
  5: evalDis2bbin->evalDis2bb2in, A: B [O(n)]
  5: evalDis2bbin->evalDis2bb2in, B: -inf [Infinity]
  5: evalDis2bbin->evalDis2bb2in, C: -inf [Infinity]
  1: evalDis2entryin->evalDis2bb3in, A: B [O(n)]
  1: evalDis2entryin->evalDis2bb3in, B: C [O(n)]
  1: evalDis2entryin->evalDis2bb3in, C: A [O(n)]
  8: evalDis2returnin->evalDis2stop, A: B [O(n)]
  8: evalDis2returnin->evalDis2stop, B: -inf [Infinity]
  8: evalDis2returnin->evalDis2stop, C: B [O(n)]
  0: evalDis2start->evalDis2entryin, A: A [O(n)]
  0: evalDis2start->evalDis2entryin, B: B [O(n)]
  0: evalDis2start->evalDis2entryin, C: C [O(n)]
`Upper:
  6: evalDis2bb1in->evalDis2bb3in, A: B [O(n)]
  6: evalDis2bb1in->evalDis2bb3in, B: max{B, C} [O(n)]
  6: evalDis2bb1in->evalDis2bb3in, C: B [O(n)]
  7: evalDis2bb2in->evalDis2bb3in, A: B [O(n)]
  7: evalDis2bb2in->evalDis2bb3in, B: B [O(n)]
  7: evalDis2bb2in->evalDis2bb3in, C: -1+B [O(n)]
  2: evalDis2bb3in->evalDis2bbin, A: B [O(n)]
  2: evalDis2bb3in->evalDis2bbin, B: max{B, C} [O(n)]
  2: evalDis2bb3in->evalDis2bbin, C: -1+B [O(n)]
  3: evalDis2bb3in->evalDis2returnin, A: B [O(n)]
  3: evalDis2bb3in->evalDis2returnin, B: max{B, C, max{C, B}} [O(n)]
  3: evalDis2bb3in->evalDis2returnin, C: max{A, B, -1+B} [O(n)]
  4: evalDis2bbin->evalDis2bb1in, A: B [O(n)]
  4: evalDis2bbin->evalDis2bb1in, B: max{B, C} [O(n)]
  4: evalDis2bbin->evalDis2bb1in, C: -1+B [O(n)]
  5: evalDis2bbin->evalDis2bb2in, A: B [O(n)]
  5: evalDis2bbin->evalDis2bb2in, B: -1+B [O(n)]
  5: evalDis2bbin->evalDis2bb2in, C: -1+B [O(n)]
  1: evalDis2entryin->evalDis2bb3in, A: B [O(n)]
  1: evalDis2entryin->evalDis2bb3in, B: C [O(n)]
  1: evalDis2entryin->evalDis2bb3in, C: A [O(n)]
  8: evalDis2returnin->evalDis2stop, A: B [O(n)]
  8: evalDis2returnin->evalDis2stop, B: max{B, C, max{C, B}} [O(n)]
  8: evalDis2returnin->evalDis2stop, C: max{A, B, -1+B} [O(n)]
  0: evalDis2start->evalDis2entryin, A: A [O(n)]
  0: evalDis2start->evalDis2entryin, B: B [O(n)]
  0: evalDis2start->evalDis2entryin, C: C [O(n)]
