Timebounds: 
  Overall timebound: 4+2*max{0, D-C}+2*max{0, B-A}+max{0, 1+B-A}+max{0, D-C}+max{0, B-A}+max{0, -1+B+D+-A-C} [O(n)]
  9: evalNestedMultiplebb1in->evalNestedMultiplebb2in: max{0, D-C} [O(n)]
  4: evalNestedMultiplebb2in->evalNestedMultiplebb4in: max{0, B-A} [O(n)]
  5: evalNestedMultiplebb2in->evalNestedMultiplebb3in: max{0, -1+B+D+-A-C} [O(n)]
  6: evalNestedMultiplebb3in->evalNestedMultiplebb1in: max{0, D-C} [O(n)]
  7: evalNestedMultiplebb3in->evalNestedMultiplebb1in: max{0, D-C} [O(n)]
  8: evalNestedMultiplebb3in->evalNestedMultiplebb4in: max{0, B-A} [O(n)]
  10: evalNestedMultiplebb4in->evalNestedMultiplebb5in: max{0, B-A} [O(n)]
  2: evalNestedMultiplebb5in->evalNestedMultiplebb2in: max{0, 1+B-A} [O(n)]
  3: evalNestedMultiplebb5in->evalNestedMultiplereturnin: 1 [O(1)]
  1: evalNestedMultipleentryin->evalNestedMultiplebb5in: 1 [O(1)]
  11: evalNestedMultiplereturnin->evalNestedMultiplestop: 1 [O(1)]
  0: evalNestedMultiplestart->evalNestedMultipleentryin: 1 [O(1)]

Costbounds:
  Overall costbound: 4+2*max{0, D-C}+2*max{0, B-A}+max{0, 1+B-A}+max{0, D-C}+max{0, B-A}+max{0, -1+B+D+-A-C} [O(n)]
  9: evalNestedMultiplebb1in->evalNestedMultiplebb2in: max{0, D-C} [O(n)]
  4: evalNestedMultiplebb2in->evalNestedMultiplebb4in: max{0, B-A} [O(n)]
  5: evalNestedMultiplebb2in->evalNestedMultiplebb3in: max{0, -1+B+D+-A-C} [O(n)]
  6: evalNestedMultiplebb3in->evalNestedMultiplebb1in: max{0, D-C} [O(n)]
  7: evalNestedMultiplebb3in->evalNestedMultiplebb1in: max{0, D-C} [O(n)]
  8: evalNestedMultiplebb3in->evalNestedMultiplebb4in: max{0, B-A} [O(n)]
  10: evalNestedMultiplebb4in->evalNestedMultiplebb5in: max{0, B-A} [O(n)]
  2: evalNestedMultiplebb5in->evalNestedMultiplebb2in: max{0, 1+B-A} [O(n)]
  3: evalNestedMultiplebb5in->evalNestedMultiplereturnin: 1 [O(1)]
  1: evalNestedMultipleentryin->evalNestedMultiplebb5in: 1 [O(1)]
  11: evalNestedMultiplereturnin->evalNestedMultiplestop: 1 [O(1)]
  0: evalNestedMultiplestart->evalNestedMultipleentryin: 1 [O(1)]

Sizebounds:
`Lower:
  9: evalNestedMultiplebb1in->evalNestedMultiplebb2in, A: -max{0, -B} [O(n)]
  9: evalNestedMultiplebb1in->evalNestedMultiplebb2in, C: -max{0, -D} [O(n)]
  4: evalNestedMultiplebb2in->evalNestedMultiplebb4in, A: -max{0, -B} [O(n)]
  4: evalNestedMultiplebb2in->evalNestedMultiplebb4in, C: -max{0, -D} [O(n)]
  5: evalNestedMultiplebb2in->evalNestedMultiplebb3in, A: -max{0, -B} [O(n)]
  5: evalNestedMultiplebb2in->evalNestedMultiplebb3in, C: -max{0, -D} [O(n)]
  6: evalNestedMultiplebb3in->evalNestedMultiplebb1in, A: -max{0, -B} [O(n)]
  6: evalNestedMultiplebb3in->evalNestedMultiplebb1in, C: -max{0, -D} [O(n)]
  7: evalNestedMultiplebb3in->evalNestedMultiplebb1in, A: -max{0, -B} [O(n)]
  7: evalNestedMultiplebb3in->evalNestedMultiplebb1in, C: -max{0, -D} [O(n)]
  8: evalNestedMultiplebb3in->evalNestedMultiplebb4in, A: -max{0, -B} [O(n)]
  8: evalNestedMultiplebb3in->evalNestedMultiplebb4in, C: -max{0, -D} [O(n)]
  10: evalNestedMultiplebb4in->evalNestedMultiplebb5in, A: -max{0, -B} [O(n)]
  10: evalNestedMultiplebb4in->evalNestedMultiplebb5in, C: -max{0, -D} [O(n)]
  2: evalNestedMultiplebb5in->evalNestedMultiplebb2in, A: -max{0, -B} [O(n)]
  2: evalNestedMultiplebb5in->evalNestedMultiplebb2in, C: -max{0, -D} [O(n)]
  3: evalNestedMultiplebb5in->evalNestedMultiplereturnin, A: -max{0, -B} [O(n)]
  3: evalNestedMultiplebb5in->evalNestedMultiplereturnin, B: -max{0, -B} [O(n)]
  3: evalNestedMultiplebb5in->evalNestedMultiplereturnin, C: -max{0, -D} [O(n)]
  1: evalNestedMultipleentryin->evalNestedMultiplebb5in, A: B [O(n)]
  1: evalNestedMultipleentryin->evalNestedMultiplebb5in, B: A [O(n)]
  1: evalNestedMultipleentryin->evalNestedMultiplebb5in, C: D [O(n)]
  1: evalNestedMultipleentryin->evalNestedMultiplebb5in, D: C [O(n)]
  1: evalNestedMultipleentryin->evalNestedMultiplebb5in, E: E [O(n)]
  11: evalNestedMultiplereturnin->evalNestedMultiplestop, A: -max{0, -B} [O(n)]
  11: evalNestedMultiplereturnin->evalNestedMultiplestop, B: -max{0, -B} [O(n)]
  11: evalNestedMultiplereturnin->evalNestedMultiplestop, C: -max{0, -D} [O(n)]
  0: evalNestedMultiplestart->evalNestedMultipleentryin, A: A [O(n)]
  0: evalNestedMultiplestart->evalNestedMultipleentryin, B: B [O(n)]
  0: evalNestedMultiplestart->evalNestedMultipleentryin, C: C [O(n)]
  0: evalNestedMultiplestart->evalNestedMultipleentryin, D: D [O(n)]
  0: evalNestedMultiplestart->evalNestedMultipleentryin, E: E [O(n)]
`Upper:
  9: evalNestedMultiplebb1in->evalNestedMultiplebb2in, A: max{0, B} [O(n)]
  9: evalNestedMultiplebb1in->evalNestedMultiplebb2in, B: max{-1, -1+B} [O(n)]
  9: evalNestedMultiplebb1in->evalNestedMultiplebb2in, C: max{0, D} [O(n)]
  9: evalNestedMultiplebb1in->evalNestedMultiplebb2in, D: max{-1, -1+D} [O(n)]
  9: evalNestedMultiplebb1in->evalNestedMultiplebb2in, E: max{0, D} [O(n)]
  4: evalNestedMultiplebb2in->evalNestedMultiplebb4in, A: max{0, B} [O(n)]
  4: evalNestedMultiplebb2in->evalNestedMultiplebb4in, B: max{-1, -1+B} [O(n)]
  4: evalNestedMultiplebb2in->evalNestedMultiplebb4in, C: max{0, D} [O(n)]
  4: evalNestedMultiplebb2in->evalNestedMultiplebb4in, D: max{-1, -1, max{0, C, max{C, D, -1+D}}} [O(n)]
  4: evalNestedMultiplebb2in->evalNestedMultiplebb4in, E: max{0, -1, max{C, D, -1+D}} [O(n)]
  5: evalNestedMultiplebb2in->evalNestedMultiplebb3in, A: max{0, B} [O(n)]
  5: evalNestedMultiplebb2in->evalNestedMultiplebb3in, B: max{-1, -1+B} [O(n)]
  5: evalNestedMultiplebb2in->evalNestedMultiplebb3in, C: max{0, D} [O(n)]
  5: evalNestedMultiplebb2in->evalNestedMultiplebb3in, D: max{-1, -1+D} [O(n)]
  5: evalNestedMultiplebb2in->evalNestedMultiplebb3in, E: max{-1, -1+D} [O(n)]
  6: evalNestedMultiplebb3in->evalNestedMultiplebb1in, A: max{0, B} [O(n)]
  6: evalNestedMultiplebb3in->evalNestedMultiplebb1in, B: max{-1, -1+B} [O(n)]
  6: evalNestedMultiplebb3in->evalNestedMultiplebb1in, C: max{0, D} [O(n)]
  6: evalNestedMultiplebb3in->evalNestedMultiplebb1in, D: max{-1, -1+D} [O(n)]
  6: evalNestedMultiplebb3in->evalNestedMultiplebb1in, E: max{-1, -1+D} [O(n)]
  7: evalNestedMultiplebb3in->evalNestedMultiplebb1in, A: max{0, B} [O(n)]
  7: evalNestedMultiplebb3in->evalNestedMultiplebb1in, B: max{-1, -1+B} [O(n)]
  7: evalNestedMultiplebb3in->evalNestedMultiplebb1in, C: max{0, D} [O(n)]
  7: evalNestedMultiplebb3in->evalNestedMultiplebb1in, D: max{-1, -1+D} [O(n)]
  7: evalNestedMultiplebb3in->evalNestedMultiplebb1in, E: max{-1, -1+D} [O(n)]
  8: evalNestedMultiplebb3in->evalNestedMultiplebb4in, A: max{0, B} [O(n)]
  8: evalNestedMultiplebb3in->evalNestedMultiplebb4in, B: max{-1, -1+B} [O(n)]
  8: evalNestedMultiplebb3in->evalNestedMultiplebb4in, C: max{0, D} [O(n)]
  8: evalNestedMultiplebb3in->evalNestedMultiplebb4in, D: max{-1, -1+D} [O(n)]
  8: evalNestedMultiplebb3in->evalNestedMultiplebb4in, E: max{-1, -1+D} [O(n)]
  10: evalNestedMultiplebb4in->evalNestedMultiplebb5in, A: max{0, B} [O(n)]
  10: evalNestedMultiplebb4in->evalNestedMultiplebb5in, B: max{0, B} [O(n)]
  10: evalNestedMultiplebb4in->evalNestedMultiplebb5in, C: max{0, D} [O(n)]
  10: evalNestedMultiplebb4in->evalNestedMultiplebb5in, D: max{0, -1, max{C, D, -1+D}} [O(n)]
  10: evalNestedMultiplebb4in->evalNestedMultiplebb5in, E: max{0, -1, max{-1, C, max{D, -1+D}}} [O(n)]
  2: evalNestedMultiplebb5in->evalNestedMultiplebb2in, A: max{0, B} [O(n)]
  2: evalNestedMultiplebb5in->evalNestedMultiplebb2in, B: max{-1, -1+B} [O(n)]
  2: evalNestedMultiplebb5in->evalNestedMultiplebb2in, C: max{0, D} [O(n)]
  2: evalNestedMultiplebb5in->evalNestedMultiplebb2in, D: max{0, -1, max{C, C, max{D, -1+D}}} [O(n)]
  2: evalNestedMultiplebb5in->evalNestedMultiplebb2in, E: max{0, -1, max{C, D, -1+D}} [O(n)]
  3: evalNestedMultiplebb5in->evalNestedMultiplereturnin, A: max{0, B} [O(n)]
  3: evalNestedMultiplebb5in->evalNestedMultiplereturnin, B: max{0, A, B} [O(n)]
  3: evalNestedMultiplebb5in->evalNestedMultiplereturnin, C: max{0, D} [O(n)]
  3: evalNestedMultiplebb5in->evalNestedMultiplereturnin, D: max{0, -1, max{C, C, max{D, -1+D}}} [O(n)]
  3: evalNestedMultiplebb5in->evalNestedMultiplereturnin, E: max{0, -1, max{-1, E, max{C, D, -1+D}}} [O(n)]
  1: evalNestedMultipleentryin->evalNestedMultiplebb5in, A: B [O(n)]
  1: evalNestedMultipleentryin->evalNestedMultiplebb5in, B: A [O(n)]
  1: evalNestedMultipleentryin->evalNestedMultiplebb5in, C: D [O(n)]
  1: evalNestedMultipleentryin->evalNestedMultiplebb5in, D: C [O(n)]
  1: evalNestedMultipleentryin->evalNestedMultiplebb5in, E: E [O(n)]
  11: evalNestedMultiplereturnin->evalNestedMultiplestop, A: max{0, B} [O(n)]
  11: evalNestedMultiplereturnin->evalNestedMultiplestop, B: max{0, A, B} [O(n)]
  11: evalNestedMultiplereturnin->evalNestedMultiplestop, C: max{0, D} [O(n)]
  11: evalNestedMultiplereturnin->evalNestedMultiplestop, D: max{0, -1, max{C, C, max{D, -1+D}}} [O(n)]
  11: evalNestedMultiplereturnin->evalNestedMultiplestop, E: max{0, -1, max{-1, E, max{C, D, -1+D}}} [O(n)]
  0: evalNestedMultiplestart->evalNestedMultipleentryin, A: A [O(n)]
  0: evalNestedMultiplestart->evalNestedMultipleentryin, B: B [O(n)]
  0: evalNestedMultiplestart->evalNestedMultipleentryin, C: C [O(n)]
  0: evalNestedMultiplestart->evalNestedMultipleentryin, D: D [O(n)]
  0: evalNestedMultiplestart->evalNestedMultipleentryin, E: E [O(n)]
