Timebounds: 
  Overall timebound: 4+max{0, B}+max{0, -3*D+3*E}+max{0, 1+B}+max{0, B*max{4*-max{-1, -E}, 4*E}}+max{0, B}+max{0, -4*D+4*E}+max{0, B*max{3*-max{-1, -E}, 3*E}} [O(n^2)]
  7: evalNestedMultipleDepbb1in->evalNestedMultipleDepbb2in: max{0, B*max{3*-max{-1, -E}, 3*E}}+max{0, -3*D+3*E} [O(n^2)]
  5: evalNestedMultipleDepbb2in->evalNestedMultipleDepbb1in: max{0, B*max{4*-max{-1, -E}, 4*E}}+max{0, -4*D+4*E} [O(n^2)]
  6: evalNestedMultipleDepbb2in->evalNestedMultipleDepbb3in: max{0, B} [O(n)]
  2: evalNestedMultipleDepbb3in->evalNestedMultipleDepbbin: max{0, 1+B} [O(n)]
  3: evalNestedMultipleDepbb3in->evalNestedMultipleDepreturnin: 1 [O(1)]
  4: evalNestedMultipleDepbbin->evalNestedMultipleDepbb2in: max{0, B} [O(n)]
  1: evalNestedMultipleDepentryin->evalNestedMultipleDepbb3in: 1 [O(1)]
  8: evalNestedMultipleDepreturnin->evalNestedMultipleDepstop: 1 [O(1)]
  0: evalNestedMultipleDepstart->evalNestedMultipleDepentryin: 1 [O(1)]

Costbounds:
  Overall costbound: 4+max{0, B}+max{0, -3*D+3*E}+max{0, 1+B}+max{0, B*max{4*-max{-1, -E}, 4*E}}+max{0, B}+max{0, -4*D+4*E}+max{0, B*max{3*-max{-1, -E}, 3*E}} [O(n^2)]
  7: evalNestedMultipleDepbb1in->evalNestedMultipleDepbb2in: max{0, B*max{3*-max{-1, -E}, 3*E}}+max{0, -3*D+3*E} [O(n^2)]
  5: evalNestedMultipleDepbb2in->evalNestedMultipleDepbb1in: max{0, B*max{4*-max{-1, -E}, 4*E}}+max{0, -4*D+4*E} [O(n^2)]
  6: evalNestedMultipleDepbb2in->evalNestedMultipleDepbb3in: max{0, B} [O(n)]
  2: evalNestedMultipleDepbb3in->evalNestedMultipleDepbbin: max{0, 1+B} [O(n)]
  3: evalNestedMultipleDepbb3in->evalNestedMultipleDepreturnin: 1 [O(1)]
  4: evalNestedMultipleDepbbin->evalNestedMultipleDepbb2in: max{0, B} [O(n)]
  1: evalNestedMultipleDepentryin->evalNestedMultipleDepbb3in: 1 [O(1)]
  8: evalNestedMultipleDepreturnin->evalNestedMultipleDepstop: 1 [O(1)]
  0: evalNestedMultipleDepstart->evalNestedMultipleDepentryin: 1 [O(1)]

Sizebounds:
`Lower:
  7: evalNestedMultipleDepbb1in->evalNestedMultipleDepbb2in, A: 0 [O(1)]
  7: evalNestedMultipleDepbb1in->evalNestedMultipleDepbb2in, B: 1 [O(1)]
  7: evalNestedMultipleDepbb1in->evalNestedMultipleDepbb2in, C: 1 [O(1)]
  7: evalNestedMultipleDepbb1in->evalNestedMultipleDepbb2in, D: 1 [O(1)]
  7: evalNestedMultipleDepbb1in->evalNestedMultipleDepbb2in, E: 1 [O(1)]
  5: evalNestedMultipleDepbb2in->evalNestedMultipleDepbb1in, A: 0 [O(1)]
  5: evalNestedMultipleDepbb2in->evalNestedMultipleDepbb1in, B: 1 [O(1)]
  5: evalNestedMultipleDepbb2in->evalNestedMultipleDepbb1in, C: 1 [O(1)]
  5: evalNestedMultipleDepbb2in->evalNestedMultipleDepbb1in, D: 0 [O(1)]
  5: evalNestedMultipleDepbb2in->evalNestedMultipleDepbb1in, E: 1 [O(1)]
  6: evalNestedMultipleDepbb2in->evalNestedMultipleDepbb3in, A: 1 [O(1)]
  6: evalNestedMultipleDepbb2in->evalNestedMultipleDepbb3in, B: 1 [O(1)]
  6: evalNestedMultipleDepbb2in->evalNestedMultipleDepbb3in, C: 1 [O(1)]
  6: evalNestedMultipleDepbb2in->evalNestedMultipleDepbb3in, D: 0 [O(1)]
  6: evalNestedMultipleDepbb2in->evalNestedMultipleDepbb3in, E: -max{-1, -E} [O(n)]
  2: evalNestedMultipleDepbb3in->evalNestedMultipleDepbbin, A: 0 [O(1)]
  2: evalNestedMultipleDepbb3in->evalNestedMultipleDepbbin, B: 1 [O(1)]
  2: evalNestedMultipleDepbb3in->evalNestedMultipleDepbbin, C: -max{-1, -C} [O(n)]
  2: evalNestedMultipleDepbb3in->evalNestedMultipleDepbbin, D: -max{0, -D} [O(n)]
  2: evalNestedMultipleDepbb3in->evalNestedMultipleDepbbin, E: -max{-1, -E} [O(n)]
  3: evalNestedMultipleDepbb3in->evalNestedMultipleDepreturnin, A: 0 [O(1)]
  3: evalNestedMultipleDepbb3in->evalNestedMultipleDepreturnin, B: -max{-1, -B} [O(n)]
  3: evalNestedMultipleDepbb3in->evalNestedMultipleDepreturnin, C: -max{-1, -C} [O(n)]
  3: evalNestedMultipleDepbb3in->evalNestedMultipleDepreturnin, D: -max{0, -D} [O(n)]
  3: evalNestedMultipleDepbb3in->evalNestedMultipleDepreturnin, E: -max{-1, -E} [O(n)]
  4: evalNestedMultipleDepbbin->evalNestedMultipleDepbb2in, A: 0 [O(1)]
  4: evalNestedMultipleDepbbin->evalNestedMultipleDepbb2in, B: 1 [O(1)]
  4: evalNestedMultipleDepbbin->evalNestedMultipleDepbb2in, C: 1 [O(1)]
  4: evalNestedMultipleDepbbin->evalNestedMultipleDepbb2in, D: 0 [O(1)]
  4: evalNestedMultipleDepbbin->evalNestedMultipleDepbb2in, E: -max{-1, -E} [O(n)]
  1: evalNestedMultipleDepentryin->evalNestedMultipleDepbb3in, A: 0 [O(1)]
  1: evalNestedMultipleDepentryin->evalNestedMultipleDepbb3in, B: B [O(n)]
  1: evalNestedMultipleDepentryin->evalNestedMultipleDepbb3in, C: C [O(n)]
  1: evalNestedMultipleDepentryin->evalNestedMultipleDepbb3in, D: D [O(n)]
  1: evalNestedMultipleDepentryin->evalNestedMultipleDepbb3in, E: E [O(n)]
  8: evalNestedMultipleDepreturnin->evalNestedMultipleDepstop, A: 0 [O(1)]
  8: evalNestedMultipleDepreturnin->evalNestedMultipleDepstop, B: -max{-1, -B} [O(n)]
  8: evalNestedMultipleDepreturnin->evalNestedMultipleDepstop, C: -max{-1, -C} [O(n)]
  8: evalNestedMultipleDepreturnin->evalNestedMultipleDepstop, D: -max{0, -D} [O(n)]
  8: evalNestedMultipleDepreturnin->evalNestedMultipleDepstop, E: -max{-1, -E} [O(n)]
  0: evalNestedMultipleDepstart->evalNestedMultipleDepentryin, A: A [O(n)]
  0: evalNestedMultipleDepstart->evalNestedMultipleDepentryin, B: B [O(n)]
  0: evalNestedMultipleDepstart->evalNestedMultipleDepentryin, C: C [O(n)]
  0: evalNestedMultipleDepstart->evalNestedMultipleDepentryin, D: D [O(n)]
  0: evalNestedMultipleDepstart->evalNestedMultipleDepentryin, E: E [O(n)]
`Upper:
  7: evalNestedMultipleDepbb1in->evalNestedMultipleDepbb2in, A: max{0, B} [O(n)]
  7: evalNestedMultipleDepbb1in->evalNestedMultipleDepbb2in, B: B [O(n)]
  7: evalNestedMultipleDepbb1in->evalNestedMultipleDepbb2in, C: max{0, B} [O(n)]
  7: evalNestedMultipleDepbb1in->evalNestedMultipleDepbb2in, D: max{0, B*max{3*-max{-1, -E}, 3*E}}+max{0, -3*D+3*E} [O(n^2)]
  7: evalNestedMultipleDepbb1in->evalNestedMultipleDepbb2in, E: E [O(n)]
  5: evalNestedMultipleDepbb2in->evalNestedMultipleDepbb1in, A: max{0, B} [O(n)]
  5: evalNestedMultipleDepbb2in->evalNestedMultipleDepbb1in, B: B [O(n)]
  5: evalNestedMultipleDepbb2in->evalNestedMultipleDepbb1in, C: max{0, B} [O(n)]
  5: evalNestedMultipleDepbb2in->evalNestedMultipleDepbb1in, D: max{0, B*max{3*-max{-1, -E}, 3*E}}+max{0, -3*D+3*E} [O(n^2)]
  5: evalNestedMultipleDepbb2in->evalNestedMultipleDepbb1in, E: E [O(n)]
  6: evalNestedMultipleDepbb2in->evalNestedMultipleDepbb3in, A: max{0, B} [O(n)]
  6: evalNestedMultipleDepbb2in->evalNestedMultipleDepbb3in, B: B [O(n)]
  6: evalNestedMultipleDepbb2in->evalNestedMultipleDepbb3in, C: max{0, B} [O(n)]
  6: evalNestedMultipleDepbb2in->evalNestedMultipleDepbb3in, D: max{0, max{0, B*max{3*-max{-1, -E}, 3*E}}+max{0, -3*D+3*E}} [O(n^2)]
  6: evalNestedMultipleDepbb2in->evalNestedMultipleDepbb3in, E: E [O(n)]
  2: evalNestedMultipleDepbb3in->evalNestedMultipleDepbbin, A: max{0, B} [O(n)]
  2: evalNestedMultipleDepbb3in->evalNestedMultipleDepbbin, B: B [O(n)]
  2: evalNestedMultipleDepbb3in->evalNestedMultipleDepbbin, C: max{0, C, B} [O(n)]
  2: evalNestedMultipleDepbb3in->evalNestedMultipleDepbbin, D: max{0, D, max{0, B*max{3*-max{-1, -E}, 3*E}}+max{0, -3*D+3*E}} [O(n^2)]
  2: evalNestedMultipleDepbb3in->evalNestedMultipleDepbbin, E: E [O(n)]
  3: evalNestedMultipleDepbb3in->evalNestedMultipleDepreturnin, A: max{0, B} [O(n)]
  3: evalNestedMultipleDepbb3in->evalNestedMultipleDepreturnin, B: B [O(n)]
  3: evalNestedMultipleDepbb3in->evalNestedMultipleDepreturnin, C: max{0, C, B} [O(n)]
  3: evalNestedMultipleDepbb3in->evalNestedMultipleDepreturnin, D: max{0, D, max{0, B*max{3*-max{-1, -E}, 3*E}}+max{0, -3*D+3*E}} [O(n^2)]
  3: evalNestedMultipleDepbb3in->evalNestedMultipleDepreturnin, E: E [O(n)]
  4: evalNestedMultipleDepbbin->evalNestedMultipleDepbb2in, A: max{0, B} [O(n)]
  4: evalNestedMultipleDepbbin->evalNestedMultipleDepbb2in, B: B [O(n)]
  4: evalNestedMultipleDepbbin->evalNestedMultipleDepbb2in, C: max{0, B} [O(n)]
  4: evalNestedMultipleDepbbin->evalNestedMultipleDepbb2in, D: 0 [O(1)]
  4: evalNestedMultipleDepbbin->evalNestedMultipleDepbb2in, E: E [O(n)]
  1: evalNestedMultipleDepentryin->evalNestedMultipleDepbb3in, A: 0 [O(1)]
  1: evalNestedMultipleDepentryin->evalNestedMultipleDepbb3in, B: B [O(n)]
  1: evalNestedMultipleDepentryin->evalNestedMultipleDepbb3in, C: C [O(n)]
  1: evalNestedMultipleDepentryin->evalNestedMultipleDepbb3in, D: D [O(n)]
  1: evalNestedMultipleDepentryin->evalNestedMultipleDepbb3in, E: E [O(n)]
  8: evalNestedMultipleDepreturnin->evalNestedMultipleDepstop, A: max{0, B} [O(n)]
  8: evalNestedMultipleDepreturnin->evalNestedMultipleDepstop, B: B [O(n)]
  8: evalNestedMultipleDepreturnin->evalNestedMultipleDepstop, C: max{0, C, B} [O(n)]
  8: evalNestedMultipleDepreturnin->evalNestedMultipleDepstop, D: max{0, D, max{0, B*max{3*-max{-1, -E}, 3*E}}+max{0, -3*D+3*E}} [O(n^2)]
  8: evalNestedMultipleDepreturnin->evalNestedMultipleDepstop, E: E [O(n)]
  0: evalNestedMultipleDepstart->evalNestedMultipleDepentryin, A: A [O(n)]
  0: evalNestedMultipleDepstart->evalNestedMultipleDepentryin, B: B [O(n)]
  0: evalNestedMultipleDepstart->evalNestedMultipleDepentryin, C: C [O(n)]
  0: evalNestedMultipleDepstart->evalNestedMultipleDepentryin, D: D [O(n)]
  0: evalNestedMultipleDepstart->evalNestedMultipleDepentryin, E: E [O(n)]
