Timebounds: 
  Overall timebound: 4+max{0, 1+4*B}+max{0, 2*B}+max{0, 2*B}+max{0, B}+max{0, 3*B}+max{0, 1+4*B}+max{0, B}+max{0, 4*B} [O(n)]
  9: evalNestedSinglebb1in->evalNestedSinglebb2in: max{0, 4*B} [O(n)]
  4: evalNestedSinglebb2in->evalNestedSinglebb4in: max{0, B} [O(n)]
  5: evalNestedSinglebb2in->evalNestedSinglebb3in: max{0, 1+4*B} [O(n)]
  6: evalNestedSinglebb3in->evalNestedSinglebb1in: max{0, 2*B} [O(n)]
  7: evalNestedSinglebb3in->evalNestedSinglebb1in: max{0, B} [O(n)]
  8: evalNestedSinglebb3in->evalNestedSinglebb4in: max{0, 3*B} [O(n)]
  10: evalNestedSinglebb4in->evalNestedSinglebb5in: max{0, 2*B} [O(n)]
  2: evalNestedSinglebb5in->evalNestedSinglebb2in: max{0, 1+4*B} [O(n)]
  3: evalNestedSinglebb5in->evalNestedSinglereturnin: 1 [O(1)]
  1: evalNestedSingleentryin->evalNestedSinglebb5in: 1 [O(1)]
  11: evalNestedSinglereturnin->evalNestedSinglestop: 1 [O(1)]
  0: evalNestedSinglestart->evalNestedSingleentryin: 1 [O(1)]

Costbounds:
  Overall costbound: 4+max{0, 1+4*B}+max{0, 2*B}+max{0, 2*B}+max{0, B}+max{0, 3*B}+max{0, 1+4*B}+max{0, B}+max{0, 4*B} [O(n)]
  9: evalNestedSinglebb1in->evalNestedSinglebb2in: max{0, 4*B} [O(n)]
  4: evalNestedSinglebb2in->evalNestedSinglebb4in: max{0, B} [O(n)]
  5: evalNestedSinglebb2in->evalNestedSinglebb3in: max{0, 1+4*B} [O(n)]
  6: evalNestedSinglebb3in->evalNestedSinglebb1in: max{0, 2*B} [O(n)]
  7: evalNestedSinglebb3in->evalNestedSinglebb1in: max{0, B} [O(n)]
  8: evalNestedSinglebb3in->evalNestedSinglebb4in: max{0, 3*B} [O(n)]
  10: evalNestedSinglebb4in->evalNestedSinglebb5in: max{0, 2*B} [O(n)]
  2: evalNestedSinglebb5in->evalNestedSinglebb2in: max{0, 1+4*B} [O(n)]
  3: evalNestedSinglebb5in->evalNestedSinglereturnin: 1 [O(1)]
  1: evalNestedSingleentryin->evalNestedSinglebb5in: 1 [O(1)]
  11: evalNestedSinglereturnin->evalNestedSinglestop: 1 [O(1)]
  0: evalNestedSinglestart->evalNestedSingleentryin: 1 [O(1)]

Sizebounds:
`Lower:
  9: evalNestedSinglebb1in->evalNestedSinglebb2in, A: 0 [O(1)]
  9: evalNestedSinglebb1in->evalNestedSinglebb2in, B: -max{0, -B} [O(n)]
  9: evalNestedSinglebb1in->evalNestedSinglebb2in, C: 1 [O(1)]
  4: evalNestedSinglebb2in->evalNestedSinglebb4in, A: 0 [O(1)]
  4: evalNestedSinglebb2in->evalNestedSinglebb4in, B: -max{0, -B} [O(n)]
  4: evalNestedSinglebb2in->evalNestedSinglebb4in, C: 0 [O(1)]
  5: evalNestedSinglebb2in->evalNestedSinglebb3in, A: 0 [O(1)]
  5: evalNestedSinglebb2in->evalNestedSinglebb3in, B: -max{0, -B} [O(n)]
  5: evalNestedSinglebb2in->evalNestedSinglebb3in, C: 0 [O(1)]
  6: evalNestedSinglebb3in->evalNestedSinglebb1in, A: 0 [O(1)]
  6: evalNestedSinglebb3in->evalNestedSinglebb1in, B: -max{0, -B} [O(n)]
  6: evalNestedSinglebb3in->evalNestedSinglebb1in, C: 0 [O(1)]
  7: evalNestedSinglebb3in->evalNestedSinglebb1in, A: 0 [O(1)]
  7: evalNestedSinglebb3in->evalNestedSinglebb1in, B: -max{0, -B} [O(n)]
  7: evalNestedSinglebb3in->evalNestedSinglebb1in, C: 0 [O(1)]
  8: evalNestedSinglebb3in->evalNestedSinglebb4in, A: 0 [O(1)]
  8: evalNestedSinglebb3in->evalNestedSinglebb4in, B: -max{0, -B} [O(n)]
  8: evalNestedSinglebb3in->evalNestedSinglebb4in, C: 0 [O(1)]
  10: evalNestedSinglebb4in->evalNestedSinglebb5in, A: 0 [O(1)]
  10: evalNestedSinglebb4in->evalNestedSinglebb5in, B: -max{0, -B} [O(n)]
  10: evalNestedSinglebb4in->evalNestedSinglebb5in, C: 0 [O(1)]
  2: evalNestedSinglebb5in->evalNestedSinglebb2in, A: 0 [O(1)]
  2: evalNestedSinglebb5in->evalNestedSinglebb2in, B: -max{0, -B} [O(n)]
  2: evalNestedSinglebb5in->evalNestedSinglebb2in, C: 0 [O(1)]
  3: evalNestedSinglebb5in->evalNestedSinglereturnin, A: 0 [O(1)]
  3: evalNestedSinglebb5in->evalNestedSinglereturnin, B: -max{0, -B} [O(n)]
  3: evalNestedSinglebb5in->evalNestedSinglereturnin, C: -max{0, -C} [O(n)]
  1: evalNestedSingleentryin->evalNestedSinglebb5in, A: 0 [O(1)]
  1: evalNestedSingleentryin->evalNestedSinglebb5in, B: B [O(n)]
  1: evalNestedSingleentryin->evalNestedSinglebb5in, C: C [O(n)]
  11: evalNestedSinglereturnin->evalNestedSinglestop, A: 0 [O(1)]
  11: evalNestedSinglereturnin->evalNestedSinglestop, B: -max{0, -B} [O(n)]
  11: evalNestedSinglereturnin->evalNestedSinglestop, C: -max{0, -C} [O(n)]
  0: evalNestedSinglestart->evalNestedSingleentryin, A: A [O(n)]
  0: evalNestedSinglestart->evalNestedSingleentryin, B: B [O(n)]
  0: evalNestedSinglestart->evalNestedSingleentryin, C: C [O(n)]
`Upper:
  9: evalNestedSinglebb1in->evalNestedSinglebb2in, A: max{0, max{-1, 0, max{B, -1+B}}+max{0, 2*B}} [O(n)]
  9: evalNestedSinglebb1in->evalNestedSinglebb2in, B: max{0, B} [O(n)]
  9: evalNestedSinglebb1in->evalNestedSinglebb2in, C: max{0, B} [O(n)]
  4: evalNestedSinglebb2in->evalNestedSinglebb4in, A: max{0, max{-1, 0, max{B, -1+B}}+max{0, 2*B}} [O(n)]
  4: evalNestedSinglebb2in->evalNestedSinglebb4in, B: max{0, B} [O(n)]
  4: evalNestedSinglebb2in->evalNestedSinglebb4in, C: max{-1, 0, max{B, -1+B}}+max{0, 2*B} [O(n)]
  5: evalNestedSinglebb2in->evalNestedSinglebb3in, A: max{0, max{-1, 0, max{B, -1+B}}+max{0, 2*B}} [O(n)]
  5: evalNestedSinglebb2in->evalNestedSinglebb3in, B: max{0, B} [O(n)]
  5: evalNestedSinglebb2in->evalNestedSinglebb3in, C: max{-1, -1+B} [O(n)]
  6: evalNestedSinglebb3in->evalNestedSinglebb1in, A: max{0, max{-1, 0, max{B, -1+B}}+max{0, 2*B}} [O(n)]
  6: evalNestedSinglebb3in->evalNestedSinglebb1in, B: max{0, B} [O(n)]
  6: evalNestedSinglebb3in->evalNestedSinglebb1in, C: max{-1, -1+B} [O(n)]
  7: evalNestedSinglebb3in->evalNestedSinglebb1in, A: max{0, max{-1, 0, max{B, -1+B}}+max{0, 2*B}} [O(n)]
  7: evalNestedSinglebb3in->evalNestedSinglebb1in, B: max{0, B} [O(n)]
  7: evalNestedSinglebb3in->evalNestedSinglebb1in, C: max{-1, -1+B} [O(n)]
  8: evalNestedSinglebb3in->evalNestedSinglebb4in, A: max{0, max{-1, 0, max{B, -1+B}}+max{0, 2*B}} [O(n)]
  8: evalNestedSinglebb3in->evalNestedSinglebb4in, B: max{0, B} [O(n)]
  8: evalNestedSinglebb3in->evalNestedSinglebb4in, C: max{-1, -1+B} [O(n)]
  10: evalNestedSinglebb4in->evalNestedSinglebb5in, A: max{-1, 0, max{B, -1+B}}+max{0, 2*B} [O(n)]
  10: evalNestedSinglebb4in->evalNestedSinglebb5in, B: max{0, B} [O(n)]
  10: evalNestedSinglebb4in->evalNestedSinglebb5in, C: max{-1, max{-1, 0, max{B, -1+B}}+max{0, 2*B}, -1+B} [O(n)]
  2: evalNestedSinglebb5in->evalNestedSinglebb2in, A: max{0, max{-1, 0, max{B, -1+B}}+max{0, 2*B}} [O(n)]
  2: evalNestedSinglebb5in->evalNestedSinglebb2in, B: max{0, B} [O(n)]
  2: evalNestedSinglebb5in->evalNestedSinglebb2in, C: max{-1, 0, max{B, -1+B}}+max{0, 2*B} [O(n)]
  3: evalNestedSinglebb5in->evalNestedSinglereturnin, A: max{0, max{-1, 0, max{B, -1+B}}+max{0, 2*B}} [O(n)]
  3: evalNestedSinglebb5in->evalNestedSinglereturnin, B: max{0, max{-1, 0, max{B, -1+B}}+max{0, 2*B}} [O(n)]
  3: evalNestedSinglebb5in->evalNestedSinglereturnin, C: max{-1, C, max{max{-1, 0, max{B, -1+B}}+max{0, 2*B}, -1+B}} [O(n)]
  1: evalNestedSingleentryin->evalNestedSinglebb5in, A: 0 [O(1)]
  1: evalNestedSingleentryin->evalNestedSinglebb5in, B: B [O(n)]
  1: evalNestedSingleentryin->evalNestedSinglebb5in, C: C [O(n)]
  11: evalNestedSinglereturnin->evalNestedSinglestop, A: max{0, max{-1, 0, max{B, -1+B}}+max{0, 2*B}} [O(n)]
  11: evalNestedSinglereturnin->evalNestedSinglestop, B: max{0, max{-1, 0, max{B, -1+B}}+max{0, 2*B}} [O(n)]
  11: evalNestedSinglereturnin->evalNestedSinglestop, C: max{-1, C, max{max{-1, 0, max{B, -1+B}}+max{0, 2*B}, -1+B}} [O(n)]
  0: evalNestedSinglestart->evalNestedSingleentryin, A: A [O(n)]
  0: evalNestedSinglestart->evalNestedSingleentryin, B: B [O(n)]
  0: evalNestedSinglestart->evalNestedSingleentryin, C: C [O(n)]
