Timebounds: 
  Overall timebound: 4+max{0, 3*B}+max{2, 2*max{0, B}}+max{0, 2*-max{0, -B}, 2*max{0, 3*B}}+max{2, 2*max{0, B}}+max{0, 2*-max{0, -B}, 2*max{0, 3*B}}+max{0, B}+max{0, B}+max{2, 3+B} [O(n)]
  2: evalSequentialSinglebb1in->evalSequentialSinglebb5in: 1 [O(1)]
  3: evalSequentialSinglebb1in->evalSequentialSinglebb2in: max{0, 1+B} [O(n)]
  4: evalSequentialSinglebb2in->evalSequentialSinglebbin: max{0, B} [O(n)]
  5: evalSequentialSinglebb2in->evalSequentialSinglebbin: max{0, B} [O(n)]
  6: evalSequentialSinglebb2in->evalSequentialSinglebb5in: 1 [O(1)]
  10: evalSequentialSinglebb4in->evalSequentialSinglebb5in: max{0, 2*-max{0, -B}, 2*max{0, 3*B}}+max{2, 2*max{0, B}} [O(n)]
  8: evalSequentialSinglebb5in->evalSequentialSinglebb4in: max{0, 2*-max{0, -B}, 2*max{0, 3*B}}+max{2, 2*max{0, B}} [O(n)]
  9: evalSequentialSinglebb5in->evalSequentialSinglereturnin: 1 [O(1)]
  7: evalSequentialSinglebbin->evalSequentialSinglebb1in: max{0, 3*B} [O(n)]
  1: evalSequentialSingleentryin->evalSequentialSinglebb1in: 1 [O(1)]
  11: evalSequentialSinglereturnin->evalSequentialSinglestop: 1 [O(1)]
  0: evalSequentialSinglestart->evalSequentialSingleentryin: 1 [O(1)]

Costbounds:
  Overall costbound: 4+max{0, 3*B}+max{2, 2*max{0, B}}+max{0, 2*-max{0, -B}, 2*max{0, 3*B}}+max{2, 2*max{0, B}}+max{0, 2*-max{0, -B}, 2*max{0, 3*B}}+max{0, B}+max{0, B}+max{2, 3+B} [O(n)]
  2: evalSequentialSinglebb1in->evalSequentialSinglebb5in: 1 [O(1)]
  3: evalSequentialSinglebb1in->evalSequentialSinglebb2in: max{0, 1+B} [O(n)]
  4: evalSequentialSinglebb2in->evalSequentialSinglebbin: max{0, B} [O(n)]
  5: evalSequentialSinglebb2in->evalSequentialSinglebbin: max{0, B} [O(n)]
  6: evalSequentialSinglebb2in->evalSequentialSinglebb5in: 1 [O(1)]
  10: evalSequentialSinglebb4in->evalSequentialSinglebb5in: max{0, 2*-max{0, -B}, 2*max{0, 3*B}}+max{2, 2*max{0, B}} [O(n)]
  8: evalSequentialSinglebb5in->evalSequentialSinglebb4in: max{0, 2*-max{0, -B}, 2*max{0, 3*B}}+max{2, 2*max{0, B}} [O(n)]
  9: evalSequentialSinglebb5in->evalSequentialSinglereturnin: 1 [O(1)]
  7: evalSequentialSinglebbin->evalSequentialSinglebb1in: max{0, 3*B} [O(n)]
  1: evalSequentialSingleentryin->evalSequentialSinglebb1in: 1 [O(1)]
  11: evalSequentialSinglereturnin->evalSequentialSinglestop: 1 [O(1)]
  0: evalSequentialSinglestart->evalSequentialSingleentryin: 1 [O(1)]

Sizebounds:
`Lower:
  2: evalSequentialSinglebb1in->evalSequentialSinglebb5in, A: 0 [O(1)]
  2: evalSequentialSinglebb1in->evalSequentialSinglebb5in, B: -max{0, -B} [O(n)]
  3: evalSequentialSinglebb1in->evalSequentialSinglebb2in, A: 0 [O(1)]
  3: evalSequentialSinglebb1in->evalSequentialSinglebb2in, B: -max{0, -B} [O(n)]
  4: evalSequentialSinglebb2in->evalSequentialSinglebbin, A: 0 [O(1)]
  4: evalSequentialSinglebb2in->evalSequentialSinglebbin, B: -max{0, -B} [O(n)]
  5: evalSequentialSinglebb2in->evalSequentialSinglebbin, A: 0 [O(1)]
  5: evalSequentialSinglebb2in->evalSequentialSinglebbin, B: -max{0, -B} [O(n)]
  6: evalSequentialSinglebb2in->evalSequentialSinglebb5in, A: 0 [O(1)]
  6: evalSequentialSinglebb2in->evalSequentialSinglebb5in, B: 1 [O(1)]
  10: evalSequentialSinglebb4in->evalSequentialSinglebb5in, A: 0 [O(1)]
  10: evalSequentialSinglebb4in->evalSequentialSinglebb5in, B: -max{0, -B} [O(n)]
  8: evalSequentialSinglebb5in->evalSequentialSinglebb4in, A: 0 [O(1)]
  8: evalSequentialSinglebb5in->evalSequentialSinglebb4in, B: -max{0, -B} [O(n)]
  9: evalSequentialSinglebb5in->evalSequentialSinglereturnin, A: 0 [O(1)]
  9: evalSequentialSinglebb5in->evalSequentialSinglereturnin, B: -max{0, -B} [O(n)]
  7: evalSequentialSinglebbin->evalSequentialSinglebb1in, A: 0 [O(1)]
  7: evalSequentialSinglebbin->evalSequentialSinglebb1in, B: -max{0, -B} [O(n)]
  1: evalSequentialSingleentryin->evalSequentialSinglebb1in, A: 0 [O(1)]
  1: evalSequentialSingleentryin->evalSequentialSinglebb1in, B: B [O(n)]
  11: evalSequentialSinglereturnin->evalSequentialSinglestop, A: 0 [O(1)]
  11: evalSequentialSinglereturnin->evalSequentialSinglestop, B: -max{0, -B} [O(n)]
  0: evalSequentialSinglestart->evalSequentialSingleentryin, A: A [O(n)]
  0: evalSequentialSinglestart->evalSequentialSingleentryin, B: B [O(n)]
`Upper:
  2: evalSequentialSinglebb1in->evalSequentialSinglebb5in, A: max{0, 3*B} [O(n)]
  2: evalSequentialSinglebb1in->evalSequentialSinglebb5in, B: max{0, 3*B} [O(n)]
  3: evalSequentialSinglebb1in->evalSequentialSinglebb2in, A: max{0, 3*B} [O(n)]
  3: evalSequentialSinglebb1in->evalSequentialSinglebb2in, B: max{0, B} [O(n)]
  4: evalSequentialSinglebb2in->evalSequentialSinglebbin, A: max{0, 3*B} [O(n)]
  4: evalSequentialSinglebb2in->evalSequentialSinglebbin, B: max{0, B} [O(n)]
  5: evalSequentialSinglebb2in->evalSequentialSinglebbin, A: max{0, 3*B} [O(n)]
  5: evalSequentialSinglebb2in->evalSequentialSinglebbin, B: max{0, B} [O(n)]
  6: evalSequentialSinglebb2in->evalSequentialSinglebb5in, A: max{0, 3*B} [O(n)]
  6: evalSequentialSinglebb2in->evalSequentialSinglebb5in, B: max{0, B} [O(n)]
  10: evalSequentialSinglebb4in->evalSequentialSinglebb5in, A: max{0, 2*-max{0, -B}, 2*max{0, 3*B}}+max{2, 2*max{0, B}}+max{0, 3*B} [O(n)]
  10: evalSequentialSinglebb4in->evalSequentialSinglebb5in, B: max{0, B, 3*B} [O(n)]
  8: evalSequentialSinglebb5in->evalSequentialSinglebb4in, A: max{0, 2*-max{0, -B}, 2*max{0, 3*B}}+max{2, 2*max{0, B}}+max{0, 3*B} [O(n)]
  8: evalSequentialSinglebb5in->evalSequentialSinglebb4in, B: max{0, B, 3*B} [O(n)]
  9: evalSequentialSinglebb5in->evalSequentialSinglereturnin, A: max{0, max{0, 2*-max{0, -B}, 2*max{0, 3*B}}+max{2, 2*max{0, B}}+max{0, 3*B}, 3*B} [O(n)]
  9: evalSequentialSinglebb5in->evalSequentialSinglereturnin, B: max{0, max{0, 2*-max{0, -B}, 2*max{0, 3*B}}+max{2, 2*max{0, B}}+max{0, 3*B}, 3*B} [O(n)]
  7: evalSequentialSinglebbin->evalSequentialSinglebb1in, A: max{0, 3*B} [O(n)]
  7: evalSequentialSinglebbin->evalSequentialSinglebb1in, B: max{0, B} [O(n)]
  1: evalSequentialSingleentryin->evalSequentialSinglebb1in, A: 0 [O(1)]
  1: evalSequentialSingleentryin->evalSequentialSinglebb1in, B: B [O(n)]
  11: evalSequentialSinglereturnin->evalSequentialSinglestop, A: max{0, max{0, 2*-max{0, -B}, 2*max{0, 3*B}}+max{2, 2*max{0, B}}+max{0, 3*B}, 3*B} [O(n)]
  11: evalSequentialSinglereturnin->evalSequentialSinglestop, B: max{0, max{0, 2*-max{0, -B}, 2*max{0, 3*B}}+max{2, 2*max{0, B}}+max{0, 3*B}, 3*B} [O(n)]
  0: evalSequentialSinglestart->evalSequentialSingleentryin, A: A [O(n)]
  0: evalSequentialSinglestart->evalSequentialSingleentryin, B: B [O(n)]
