Timebounds: 
  Overall timebound: inf [Infinity]
  6: evalSimpleMultipleDepbb1in->evalSimpleMultipleDepbb3in: inf [Infinity]
  7: evalSimpleMultipleDepbb2in->evalSimpleMultipleDepbb3in: max{0, C} [O(n)]
  2: evalSimpleMultipleDepbb3in->evalSimpleMultipleDepbbin: inf [Infinity]
  3: evalSimpleMultipleDepbb3in->evalSimpleMultipleDepreturnin: 1 [O(1)]
  4: evalSimpleMultipleDepbbin->evalSimpleMultipleDepbb1in: inf [Infinity]
  5: evalSimpleMultipleDepbbin->evalSimpleMultipleDepbb2in: max{0, C} [O(n)]
  1: evalSimpleMultipleDepentryin->evalSimpleMultipleDepbb3in: 1 [O(1)]
  8: evalSimpleMultipleDepreturnin->evalSimpleMultipleDepstop: 1 [O(1)]
  0: evalSimpleMultipleDepstart->evalSimpleMultipleDepentryin: 1 [O(1)]

Costbounds:
  Overall costbound: inf [Infinity]
  6: evalSimpleMultipleDepbb1in->evalSimpleMultipleDepbb3in: inf [Infinity]
  7: evalSimpleMultipleDepbb2in->evalSimpleMultipleDepbb3in: max{0, C} [O(n)]
  2: evalSimpleMultipleDepbb3in->evalSimpleMultipleDepbbin: inf [Infinity]
  3: evalSimpleMultipleDepbb3in->evalSimpleMultipleDepreturnin: 1 [O(1)]
  4: evalSimpleMultipleDepbbin->evalSimpleMultipleDepbb1in: inf [Infinity]
  5: evalSimpleMultipleDepbbin->evalSimpleMultipleDepbb2in: max{0, C} [O(n)]
  1: evalSimpleMultipleDepentryin->evalSimpleMultipleDepbb3in: 1 [O(1)]
  8: evalSimpleMultipleDepreturnin->evalSimpleMultipleDepstop: 1 [O(1)]
  0: evalSimpleMultipleDepstart->evalSimpleMultipleDepentryin: 1 [O(1)]

Sizebounds:
`Lower:
  6: evalSimpleMultipleDepbb1in->evalSimpleMultipleDepbb3in, A: 1 [O(1)]
  6: evalSimpleMultipleDepbb1in->evalSimpleMultipleDepbb3in, B: 0 [O(1)]
  6: evalSimpleMultipleDepbb1in->evalSimpleMultipleDepbb3in, C: 1 [O(1)]
  6: evalSimpleMultipleDepbb1in->evalSimpleMultipleDepbb3in, D: 1 [O(1)]
  7: evalSimpleMultipleDepbb2in->evalSimpleMultipleDepbb3in, A: 0 [O(1)]
  7: evalSimpleMultipleDepbb2in->evalSimpleMultipleDepbb3in, B: 1 [O(1)]
  7: evalSimpleMultipleDepbb2in->evalSimpleMultipleDepbb3in, C: 1 [O(1)]
  7: evalSimpleMultipleDepbb2in->evalSimpleMultipleDepbb3in, D: -max{-1, -D} [O(n)]
  2: evalSimpleMultipleDepbb3in->evalSimpleMultipleDepbbin, A: 0 [O(1)]
  2: evalSimpleMultipleDepbb3in->evalSimpleMultipleDepbbin, B: 0 [O(1)]
  2: evalSimpleMultipleDepbb3in->evalSimpleMultipleDepbbin, C: 1 [O(1)]
  2: evalSimpleMultipleDepbb3in->evalSimpleMultipleDepbbin, D: -max{-1, -D} [O(n)]
  3: evalSimpleMultipleDepbb3in->evalSimpleMultipleDepreturnin, A: 0 [O(1)]
  3: evalSimpleMultipleDepbb3in->evalSimpleMultipleDepreturnin, B: 0 [O(1)]
  3: evalSimpleMultipleDepbb3in->evalSimpleMultipleDepreturnin, C: -max{-1, -C} [O(n)]
  3: evalSimpleMultipleDepbb3in->evalSimpleMultipleDepreturnin, D: -max{-1, -D} [O(n)]
  4: evalSimpleMultipleDepbbin->evalSimpleMultipleDepbb1in, A: 0 [O(1)]
  4: evalSimpleMultipleDepbbin->evalSimpleMultipleDepbb1in, B: 0 [O(1)]
  4: evalSimpleMultipleDepbbin->evalSimpleMultipleDepbb1in, C: 1 [O(1)]
  4: evalSimpleMultipleDepbbin->evalSimpleMultipleDepbb1in, D: 1 [O(1)]
  5: evalSimpleMultipleDepbbin->evalSimpleMultipleDepbb2in, A: 0 [O(1)]
  5: evalSimpleMultipleDepbbin->evalSimpleMultipleDepbb2in, B: 0 [O(1)]
  5: evalSimpleMultipleDepbbin->evalSimpleMultipleDepbb2in, C: 1 [O(1)]
  5: evalSimpleMultipleDepbbin->evalSimpleMultipleDepbb2in, D: -max{-1, -D} [O(n)]
  1: evalSimpleMultipleDepentryin->evalSimpleMultipleDepbb3in, A: 0 [O(1)]
  1: evalSimpleMultipleDepentryin->evalSimpleMultipleDepbb3in, B: 0 [O(1)]
  1: evalSimpleMultipleDepentryin->evalSimpleMultipleDepbb3in, C: C [O(n)]
  1: evalSimpleMultipleDepentryin->evalSimpleMultipleDepbb3in, D: D [O(n)]
  8: evalSimpleMultipleDepreturnin->evalSimpleMultipleDepstop, A: 0 [O(1)]
  8: evalSimpleMultipleDepreturnin->evalSimpleMultipleDepstop, B: 0 [O(1)]
  8: evalSimpleMultipleDepreturnin->evalSimpleMultipleDepstop, C: -max{-1, -C} [O(n)]
  8: evalSimpleMultipleDepreturnin->evalSimpleMultipleDepstop, D: -max{-1, -D} [O(n)]
  0: evalSimpleMultipleDepstart->evalSimpleMultipleDepentryin, A: A [O(n)]
  0: evalSimpleMultipleDepstart->evalSimpleMultipleDepentryin, B: B [O(n)]
  0: evalSimpleMultipleDepstart->evalSimpleMultipleDepentryin, C: C [O(n)]
  0: evalSimpleMultipleDepstart->evalSimpleMultipleDepentryin, D: D [O(n)]
`Upper:
  6: evalSimpleMultipleDepbb1in->evalSimpleMultipleDepbb3in, B: max{0, C} [O(n)]
  6: evalSimpleMultipleDepbb1in->evalSimpleMultipleDepbb3in, C: C [O(n)]
  6: evalSimpleMultipleDepbb1in->evalSimpleMultipleDepbb3in, D: D [O(n)]
  7: evalSimpleMultipleDepbb2in->evalSimpleMultipleDepbb3in, A: 0 [O(1)]
  7: evalSimpleMultipleDepbb2in->evalSimpleMultipleDepbb3in, B: max{0, C} [O(n)]
  7: evalSimpleMultipleDepbb2in->evalSimpleMultipleDepbb3in, C: C [O(n)]
  7: evalSimpleMultipleDepbb2in->evalSimpleMultipleDepbb3in, D: D [O(n)]
  2: evalSimpleMultipleDepbb3in->evalSimpleMultipleDepbbin, B: max{0, C} [O(n)]
  2: evalSimpleMultipleDepbb3in->evalSimpleMultipleDepbbin, C: C [O(n)]
  2: evalSimpleMultipleDepbb3in->evalSimpleMultipleDepbbin, D: D [O(n)]
  3: evalSimpleMultipleDepbb3in->evalSimpleMultipleDepreturnin, B: max{0, C} [O(n)]
  3: evalSimpleMultipleDepbb3in->evalSimpleMultipleDepreturnin, C: C [O(n)]
  3: evalSimpleMultipleDepbb3in->evalSimpleMultipleDepreturnin, D: D [O(n)]
  4: evalSimpleMultipleDepbbin->evalSimpleMultipleDepbb1in, B: max{0, C} [O(n)]
  4: evalSimpleMultipleDepbbin->evalSimpleMultipleDepbb1in, C: C [O(n)]
  4: evalSimpleMultipleDepbbin->evalSimpleMultipleDepbb1in, D: D [O(n)]
  5: evalSimpleMultipleDepbbin->evalSimpleMultipleDepbb2in, B: max{0, C} [O(n)]
  5: evalSimpleMultipleDepbbin->evalSimpleMultipleDepbb2in, C: C [O(n)]
  5: evalSimpleMultipleDepbbin->evalSimpleMultipleDepbb2in, D: D [O(n)]
  1: evalSimpleMultipleDepentryin->evalSimpleMultipleDepbb3in, A: 0 [O(1)]
  1: evalSimpleMultipleDepentryin->evalSimpleMultipleDepbb3in, B: 0 [O(1)]
  1: evalSimpleMultipleDepentryin->evalSimpleMultipleDepbb3in, C: C [O(n)]
  1: evalSimpleMultipleDepentryin->evalSimpleMultipleDepbb3in, D: D [O(n)]
  8: evalSimpleMultipleDepreturnin->evalSimpleMultipleDepstop, B: max{0, C} [O(n)]
  8: evalSimpleMultipleDepreturnin->evalSimpleMultipleDepstop, C: C [O(n)]
  8: evalSimpleMultipleDepreturnin->evalSimpleMultipleDepstop, D: D [O(n)]
  0: evalSimpleMultipleDepstart->evalSimpleMultipleDepentryin, A: A [O(n)]
  0: evalSimpleMultipleDepstart->evalSimpleMultipleDepentryin, B: B [O(n)]
  0: evalSimpleMultipleDepstart->evalSimpleMultipleDepentryin, C: C [O(n)]
  0: evalSimpleMultipleDepstart->evalSimpleMultipleDepentryin, D: D [O(n)]
