Timebounds: 
  Overall timebound: inf [Infinity]
  7: evalSimpleSingle2bb1in->evalSimpleSingle2bb4in: max{0, 4*C} [O(n)]
  8: evalSimpleSingle2bb2in->evalSimpleSingle2bb3in: max{0, D} [O(n)]
  9: evalSimpleSingle2bb2in->evalSimpleSingle2returnin: 1 [O(1)]
  10: evalSimpleSingle2bb3in->evalSimpleSingle2bb4in: max{0, 4*D} [O(n)]
  2: evalSimpleSingle2bb4in->evalSimpleSingle2bbin: inf [Infinity]
  3: evalSimpleSingle2bb4in->evalSimpleSingle2bbin: inf [Infinity]
  4: evalSimpleSingle2bb4in->evalSimpleSingle2returnin: 1 [O(1)]
  5: evalSimpleSingle2bbin->evalSimpleSingle2bb1in: max{0, 3*C} [O(n)]
  6: evalSimpleSingle2bbin->evalSimpleSingle2bb2in: inf [Infinity]
  1: evalSimpleSingle2entryin->evalSimpleSingle2bb4in: 1 [O(1)]
  11: evalSimpleSingle2returnin->evalSimpleSingle2stop: 1 [O(1)]
  0: evalSimpleSingle2start->evalSimpleSingle2entryin: 1 [O(1)]

Costbounds:
  Overall costbound: inf [Infinity]
  7: evalSimpleSingle2bb1in->evalSimpleSingle2bb4in: max{0, 4*C} [O(n)]
  8: evalSimpleSingle2bb2in->evalSimpleSingle2bb3in: max{0, D} [O(n)]
  9: evalSimpleSingle2bb2in->evalSimpleSingle2returnin: 1 [O(1)]
  10: evalSimpleSingle2bb3in->evalSimpleSingle2bb4in: max{0, 4*D} [O(n)]
  2: evalSimpleSingle2bb4in->evalSimpleSingle2bbin: inf [Infinity]
  3: evalSimpleSingle2bb4in->evalSimpleSingle2bbin: inf [Infinity]
  4: evalSimpleSingle2bb4in->evalSimpleSingle2returnin: 1 [O(1)]
  5: evalSimpleSingle2bbin->evalSimpleSingle2bb1in: max{0, 3*C} [O(n)]
  6: evalSimpleSingle2bbin->evalSimpleSingle2bb2in: inf [Infinity]
  1: evalSimpleSingle2entryin->evalSimpleSingle2bb4in: 1 [O(1)]
  11: evalSimpleSingle2returnin->evalSimpleSingle2stop: 1 [O(1)]
  0: evalSimpleSingle2start->evalSimpleSingle2entryin: 1 [O(1)]

Sizebounds:
`Lower:
  7: evalSimpleSingle2bb1in->evalSimpleSingle2bb4in, A: 0 [O(1)]
  7: evalSimpleSingle2bb1in->evalSimpleSingle2bb4in, B: 1 [O(1)]
  7: evalSimpleSingle2bb1in->evalSimpleSingle2bb4in, C: -inf [Infinity]
  7: evalSimpleSingle2bb1in->evalSimpleSingle2bb4in, D: D [O(n)]
  7: evalSimpleSingle2bb1in->evalSimpleSingle2bb4in, E: -inf [Infinity]
  8: evalSimpleSingle2bb2in->evalSimpleSingle2bb3in, A: 0 [O(1)]
  8: evalSimpleSingle2bb2in->evalSimpleSingle2bb3in, B: 0 [O(1)]
  8: evalSimpleSingle2bb2in->evalSimpleSingle2bb3in, C: -inf [Infinity]
  8: evalSimpleSingle2bb2in->evalSimpleSingle2bb3in, D: D [O(n)]
  8: evalSimpleSingle2bb2in->evalSimpleSingle2bb3in, E: -inf [Infinity]
  9: evalSimpleSingle2bb2in->evalSimpleSingle2returnin, A: 0 [O(1)]
  9: evalSimpleSingle2bb2in->evalSimpleSingle2returnin, B: 0 [O(1)]
  9: evalSimpleSingle2bb2in->evalSimpleSingle2returnin, C: -inf [Infinity]
  9: evalSimpleSingle2bb2in->evalSimpleSingle2returnin, D: D [O(n)]
  9: evalSimpleSingle2bb2in->evalSimpleSingle2returnin, E: -inf [Infinity]
  10: evalSimpleSingle2bb3in->evalSimpleSingle2bb4in, A: 0 [O(1)]
  10: evalSimpleSingle2bb3in->evalSimpleSingle2bb4in, B: 1 [O(1)]
  10: evalSimpleSingle2bb3in->evalSimpleSingle2bb4in, C: -inf [Infinity]
  10: evalSimpleSingle2bb3in->evalSimpleSingle2bb4in, D: D [O(n)]
  10: evalSimpleSingle2bb3in->evalSimpleSingle2bb4in, E: -inf [Infinity]
  2: evalSimpleSingle2bb4in->evalSimpleSingle2bbin, A: 0 [O(1)]
  2: evalSimpleSingle2bb4in->evalSimpleSingle2bbin, B: 0 [O(1)]
  2: evalSimpleSingle2bb4in->evalSimpleSingle2bbin, C: -inf [Infinity]
  2: evalSimpleSingle2bb4in->evalSimpleSingle2bbin, D: D [O(n)]
  2: evalSimpleSingle2bb4in->evalSimpleSingle2bbin, E: -inf [Infinity]
  3: evalSimpleSingle2bb4in->evalSimpleSingle2bbin, A: 0 [O(1)]
  3: evalSimpleSingle2bb4in->evalSimpleSingle2bbin, B: 0 [O(1)]
  3: evalSimpleSingle2bb4in->evalSimpleSingle2bbin, C: -inf [Infinity]
  3: evalSimpleSingle2bb4in->evalSimpleSingle2bbin, D: D [O(n)]
  3: evalSimpleSingle2bb4in->evalSimpleSingle2bbin, E: -inf [Infinity]
  4: evalSimpleSingle2bb4in->evalSimpleSingle2returnin, A: 0 [O(1)]
  4: evalSimpleSingle2bb4in->evalSimpleSingle2returnin, B: 0 [O(1)]
  4: evalSimpleSingle2bb4in->evalSimpleSingle2returnin, C: -inf [Infinity]
  4: evalSimpleSingle2bb4in->evalSimpleSingle2returnin, D: D [O(n)]
  4: evalSimpleSingle2bb4in->evalSimpleSingle2returnin, E: -inf [Infinity]
  5: evalSimpleSingle2bbin->evalSimpleSingle2bb1in, A: 0 [O(1)]
  5: evalSimpleSingle2bbin->evalSimpleSingle2bb1in, B: 0 [O(1)]
  5: evalSimpleSingle2bbin->evalSimpleSingle2bb1in, C: -inf [Infinity]
  5: evalSimpleSingle2bbin->evalSimpleSingle2bb1in, D: D [O(n)]
  5: evalSimpleSingle2bbin->evalSimpleSingle2bb1in, E: -inf [Infinity]
  6: evalSimpleSingle2bbin->evalSimpleSingle2bb2in, A: 0 [O(1)]
  6: evalSimpleSingle2bbin->evalSimpleSingle2bb2in, B: 0 [O(1)]
  6: evalSimpleSingle2bbin->evalSimpleSingle2bb2in, C: -inf [Infinity]
  6: evalSimpleSingle2bbin->evalSimpleSingle2bb2in, D: D [O(n)]
  6: evalSimpleSingle2bbin->evalSimpleSingle2bb2in, E: -inf [Infinity]
  1: evalSimpleSingle2entryin->evalSimpleSingle2bb4in, A: 0 [O(1)]
  1: evalSimpleSingle2entryin->evalSimpleSingle2bb4in, B: 0 [O(1)]
  1: evalSimpleSingle2entryin->evalSimpleSingle2bb4in, C: C [O(n)]
  1: evalSimpleSingle2entryin->evalSimpleSingle2bb4in, D: D [O(n)]
  1: evalSimpleSingle2entryin->evalSimpleSingle2bb4in, E: -inf [Infinity]
  11: evalSimpleSingle2returnin->evalSimpleSingle2stop, A: 0 [O(1)]
  11: evalSimpleSingle2returnin->evalSimpleSingle2stop, B: 0 [O(1)]
  11: evalSimpleSingle2returnin->evalSimpleSingle2stop, C: -inf [Infinity]
  11: evalSimpleSingle2returnin->evalSimpleSingle2stop, D: D [O(n)]
  11: evalSimpleSingle2returnin->evalSimpleSingle2stop, E: -inf [Infinity]
  0: evalSimpleSingle2start->evalSimpleSingle2entryin, A: A [O(n)]
  0: evalSimpleSingle2start->evalSimpleSingle2entryin, B: B [O(n)]
  0: evalSimpleSingle2start->evalSimpleSingle2entryin, C: C [O(n)]
  0: evalSimpleSingle2start->evalSimpleSingle2entryin, D: D [O(n)]
  0: evalSimpleSingle2start->evalSimpleSingle2entryin, E: -inf [Infinity]
`Upper:
  7: evalSimpleSingle2bb1in->evalSimpleSingle2bb4in, A: max{0, 4*D}+max{0, 4*C} [O(n)]
  7: evalSimpleSingle2bb1in->evalSimpleSingle2bb4in, B: 1+max{0, 4*D}+max{0, 4*C} [O(n)]
  7: evalSimpleSingle2bb1in->evalSimpleSingle2bb4in, C: max{C, max{0, 4*D}+max{0, 4*C}} [O(n)]
  7: evalSimpleSingle2bb1in->evalSimpleSingle2bb4in, D: D [O(n)]
  7: evalSimpleSingle2bb1in->evalSimpleSingle2bb4in, E: inf [Infinity]
  8: evalSimpleSingle2bb2in->evalSimpleSingle2bb3in, A: max{0, 4*D}+max{0, 4*C} [O(n)]
  8: evalSimpleSingle2bb2in->evalSimpleSingle2bb3in, B: max{0, 4*D}+max{0, 4*C} [O(n)]
  8: evalSimpleSingle2bb2in->evalSimpleSingle2bb3in, C: max{0, 4*D}+max{0, 4*C} [O(n)]
  8: evalSimpleSingle2bb2in->evalSimpleSingle2bb3in, D: D [O(n)]
  8: evalSimpleSingle2bb2in->evalSimpleSingle2bb3in, E: inf [Infinity]
  9: evalSimpleSingle2bb2in->evalSimpleSingle2returnin, A: max{0, 4*D}+max{0, 4*C} [O(n)]
  9: evalSimpleSingle2bb2in->evalSimpleSingle2returnin, B: max{0, 4*D}+max{0, 4*C} [O(n)]
  9: evalSimpleSingle2bb2in->evalSimpleSingle2returnin, C: max{0, 4*D}+max{0, 4*C} [O(n)]
  9: evalSimpleSingle2bb2in->evalSimpleSingle2returnin, D: max{0, 4*D}+max{0, 4*C} [O(n)]
  9: evalSimpleSingle2bb2in->evalSimpleSingle2returnin, E: inf [Infinity]
  10: evalSimpleSingle2bb3in->evalSimpleSingle2bb4in, A: max{0, 4*D}+max{0, 4*C} [O(n)]
  10: evalSimpleSingle2bb3in->evalSimpleSingle2bb4in, B: 1+max{0, 4*D}+max{0, 4*C} [O(n)]
  10: evalSimpleSingle2bb3in->evalSimpleSingle2bb4in, C: max{0, 4*D}+max{0, 4*C} [O(n)]
  10: evalSimpleSingle2bb3in->evalSimpleSingle2bb4in, D: D [O(n)]
  10: evalSimpleSingle2bb3in->evalSimpleSingle2bb4in, E: inf [Infinity]
  2: evalSimpleSingle2bb4in->evalSimpleSingle2bbin, A: max{0, 4*D}+max{0, 4*C} [O(n)]
  2: evalSimpleSingle2bb4in->evalSimpleSingle2bbin, B: max{0, max{0, 4*D}+max{0, 4*C}} [O(n)]
  2: evalSimpleSingle2bb4in->evalSimpleSingle2bbin, C: max{C, max{0, 4*D}+max{0, 4*C}} [O(n)]
  2: evalSimpleSingle2bb4in->evalSimpleSingle2bbin, D: D [O(n)]
  2: evalSimpleSingle2bb4in->evalSimpleSingle2bbin, E: inf [Infinity]
  3: evalSimpleSingle2bb4in->evalSimpleSingle2bbin, A: max{0, 4*D}+max{0, 4*C} [O(n)]
  3: evalSimpleSingle2bb4in->evalSimpleSingle2bbin, B: max{0, max{0, 4*D}+max{0, 4*C}} [O(n)]
  3: evalSimpleSingle2bb4in->evalSimpleSingle2bbin, C: max{C, max{0, 4*D}+max{0, 4*C}} [O(n)]
  3: evalSimpleSingle2bb4in->evalSimpleSingle2bbin, D: D [O(n)]
  3: evalSimpleSingle2bb4in->evalSimpleSingle2bbin, E: inf [Infinity]
  4: evalSimpleSingle2bb4in->evalSimpleSingle2returnin, A: max{0, max{0, 4*D}+max{0, 4*C}} [O(n)]
  4: evalSimpleSingle2bb4in->evalSimpleSingle2returnin, B: max{0, max{0, 4*D}+max{0, 4*C}} [O(n)]
  4: evalSimpleSingle2bb4in->evalSimpleSingle2returnin, C: max{C, max{0, 4*D}+max{0, 4*C}} [O(n)]
  4: evalSimpleSingle2bb4in->evalSimpleSingle2returnin, D: D [O(n)]
  4: evalSimpleSingle2bb4in->evalSimpleSingle2returnin, E: inf [Infinity]
  5: evalSimpleSingle2bbin->evalSimpleSingle2bb1in, A: max{0, 4*D}+max{0, 4*C} [O(n)]
  5: evalSimpleSingle2bbin->evalSimpleSingle2bb1in, B: max{0, 4*D}+max{0, 4*C} [O(n)]
  5: evalSimpleSingle2bbin->evalSimpleSingle2bb1in, C: max{C, max{0, 4*D}+max{0, 4*C}} [O(n)]
  5: evalSimpleSingle2bbin->evalSimpleSingle2bb1in, D: D [O(n)]
  5: evalSimpleSingle2bbin->evalSimpleSingle2bb1in, E: inf [Infinity]
  6: evalSimpleSingle2bbin->evalSimpleSingle2bb2in, A: max{0, 4*D}+max{0, 4*C} [O(n)]
  6: evalSimpleSingle2bbin->evalSimpleSingle2bb2in, B: max{0, 4*D}+max{0, 4*C} [O(n)]
  6: evalSimpleSingle2bbin->evalSimpleSingle2bb2in, C: max{0, 4*D}+max{0, 4*C} [O(n)]
  6: evalSimpleSingle2bbin->evalSimpleSingle2bb2in, D: D [O(n)]
  6: evalSimpleSingle2bbin->evalSimpleSingle2bb2in, E: inf [Infinity]
  1: evalSimpleSingle2entryin->evalSimpleSingle2bb4in, A: 0 [O(1)]
  1: evalSimpleSingle2entryin->evalSimpleSingle2bb4in, B: 0 [O(1)]
  1: evalSimpleSingle2entryin->evalSimpleSingle2bb4in, C: C [O(n)]
  1: evalSimpleSingle2entryin->evalSimpleSingle2bb4in, D: D [O(n)]
  1: evalSimpleSingle2entryin->evalSimpleSingle2bb4in, E: inf [Infinity]
  11: evalSimpleSingle2returnin->evalSimpleSingle2stop, A: max{0, max{0, 4*D}+max{0, 4*C}} [O(n)]
  11: evalSimpleSingle2returnin->evalSimpleSingle2stop, B: max{0, max{0, 4*D}+max{0, 4*C}} [O(n)]
  11: evalSimpleSingle2returnin->evalSimpleSingle2stop, C: max{C, max{0, 4*D}+max{0, 4*C}} [O(n)]
  11: evalSimpleSingle2returnin->evalSimpleSingle2stop, D: max{D, max{0, 4*D}+max{0, 4*C}} [O(n)]
  11: evalSimpleSingle2returnin->evalSimpleSingle2stop, E: inf [Infinity]
  0: evalSimpleSingle2start->evalSimpleSingle2entryin, A: A [O(n)]
  0: evalSimpleSingle2start->evalSimpleSingle2entryin, B: B [O(n)]
  0: evalSimpleSingle2start->evalSimpleSingle2entryin, C: C [O(n)]
  0: evalSimpleSingle2start->evalSimpleSingle2entryin, D: D [O(n)]
  0: evalSimpleSingle2start->evalSimpleSingle2entryin, E: inf [Infinity]
