Timebounds: 
  Overall timebound: max{2, 1+1+x} [O(n)]
  1: g->f: 1 [O(1)]
  2: g->g: max{0, x} [O(n)]
  0: start->g: 1 [O(1)]

Costbounds:
  Overall costbound: 0 [O(1)]
  1: g->f: 0 [O(1)]
  2: g->g: 0 [O(1)]
  0: start->g: 0 [O(1)]

Sizebounds:
`Lower:
  1: g->f, x: 0 [O(1)]
  1: g->f, y: 0 [O(1)]
  2: g->g, x: -max{0, -x} [O(n)]
  2: g->g, y: -max{0, -x} [O(n)]
  0: start->g, x: x [O(n)]
  0: start->g, y: 0 [O(1)]
`Upper:
  1: g->f, x: 0 [O(1)]
  1: g->f, y: max{0, max{0, x}+max{0, x*x}} [O(n^2)]
  2: g->g, x: max{0, x} [O(n)]
  2: g->g, y: max{0, x}+max{0, x*x} [O(n^2)]
  0: start->g, x: x [O(n)]
  0: start->g, y: 0 [O(1)]
