Timebounds: 
  Overall timebound: inf [Infinity]
  9: evalfbb1in->evalfbb3in: inf [Infinity]
  10: evalfbb2in->evalfbb3in: inf [Infinity]
  2: evalfbb3in->evalfreturnin: 1 [O(1)]
  3: evalfbb3in->evalfbb4in: inf [Infinity]
  4: evalfbb4in->evalfbbin: inf [Infinity]
  5: evalfbb4in->evalfbbin: inf [Infinity]
  6: evalfbb4in->evalfreturnin: 1 [O(1)]
  7: evalfbbin->evalfbb1in: inf [Infinity]
  8: evalfbbin->evalfbb2in: inf [Infinity]
  1: evalfentryin->evalfbb3in: 1 [O(1)]
  11: evalfreturnin->evalfstop: 1 [O(1)]
  0: evalfstart->evalfentryin: 1 [O(1)]

Costbounds:
  Overall costbound: inf [Infinity]
  9: evalfbb1in->evalfbb3in: inf [Infinity]
  10: evalfbb2in->evalfbb3in: inf [Infinity]
  2: evalfbb3in->evalfreturnin: 1 [O(1)]
  3: evalfbb3in->evalfbb4in: inf [Infinity]
  4: evalfbb4in->evalfbbin: inf [Infinity]
  5: evalfbb4in->evalfbbin: inf [Infinity]
  6: evalfbb4in->evalfreturnin: 1 [O(1)]
  7: evalfbbin->evalfbb1in: inf [Infinity]
  8: evalfbbin->evalfbb2in: inf [Infinity]
  1: evalfentryin->evalfbb3in: 1 [O(1)]
  11: evalfreturnin->evalfstop: 1 [O(1)]
  0: evalfstart->evalfentryin: 1 [O(1)]

Sizebounds:
`Lower:
  9: evalfbb1in->evalfbb3in, A: 2 [O(1)]
  9: evalfbb1in->evalfbb3in, B: 1 [O(1)]
  9: evalfbb1in->evalfbb3in, C: -inf [Infinity]
  10: evalfbb2in->evalfbb3in, A: 2 [O(1)]
  10: evalfbb2in->evalfbb3in, B: 1 [O(1)]
  10: evalfbb2in->evalfbb3in, C: -inf [Infinity]
  2: evalfbb3in->evalfreturnin, A: -inf [Infinity]
  2: evalfbb3in->evalfreturnin, B: 1 [O(1)]
  2: evalfbb3in->evalfreturnin, C: -inf [Infinity]
  3: evalfbb3in->evalfbb4in, A: 2 [O(1)]
  3: evalfbb3in->evalfbb4in, B: 1 [O(1)]
  3: evalfbb3in->evalfbb4in, C: -inf [Infinity]
  4: evalfbb4in->evalfbbin, A: 2 [O(1)]
  4: evalfbb4in->evalfbbin, B: 1 [O(1)]
  4: evalfbb4in->evalfbbin, C: -inf [Infinity]
  5: evalfbb4in->evalfbbin, A: 2 [O(1)]
  5: evalfbb4in->evalfbbin, B: 1 [O(1)]
  5: evalfbb4in->evalfbbin, C: -inf [Infinity]
  6: evalfbb4in->evalfreturnin, A: 2 [O(1)]
  6: evalfbb4in->evalfreturnin, B: 1 [O(1)]
  6: evalfbb4in->evalfreturnin, C: -inf [Infinity]
  7: evalfbbin->evalfbb1in, A: 2 [O(1)]
  7: evalfbbin->evalfbb1in, B: 1 [O(1)]
  7: evalfbbin->evalfbb1in, C: -inf [Infinity]
  8: evalfbbin->evalfbb2in, A: 2 [O(1)]
  8: evalfbbin->evalfbb2in, B: 1 [O(1)]
  8: evalfbbin->evalfbb2in, C: -inf [Infinity]
  1: evalfentryin->evalfbb3in, A: 2 [O(1)]
  1: evalfentryin->evalfbb3in, B: 1 [O(1)]
  1: evalfentryin->evalfbb3in, C: -inf [Infinity]
  11: evalfreturnin->evalfstop, A: -inf [Infinity]
  11: evalfreturnin->evalfstop, B: 1 [O(1)]
  11: evalfreturnin->evalfstop, C: -inf [Infinity]
  0: evalfstart->evalfentryin, A: A [O(n)]
  0: evalfstart->evalfentryin, B: B [O(n)]
  0: evalfstart->evalfentryin, C: -inf [Infinity]
`Upper:
  9: evalfbb1in->evalfbb3in, A: inf [Infinity]
  9: evalfbb1in->evalfbb3in, B: inf [Infinity]
  9: evalfbb1in->evalfbb3in, C: inf [Infinity]
  10: evalfbb2in->evalfbb3in, A: inf [Infinity]
  10: evalfbb2in->evalfbb3in, B: inf [Infinity]
  10: evalfbb2in->evalfbb3in, C: inf [Infinity]
  2: evalfbb3in->evalfreturnin, A: 0 [O(1)]
  2: evalfbb3in->evalfreturnin, B: inf [Infinity]
  2: evalfbb3in->evalfreturnin, C: inf [Infinity]
  3: evalfbb3in->evalfbb4in, A: inf [Infinity]
  3: evalfbb3in->evalfbb4in, B: inf [Infinity]
  3: evalfbb3in->evalfbb4in, C: inf [Infinity]
  4: evalfbb4in->evalfbbin, A: inf [Infinity]
  4: evalfbb4in->evalfbbin, B: inf [Infinity]
  4: evalfbb4in->evalfbbin, C: inf [Infinity]
  5: evalfbb4in->evalfbbin, A: inf [Infinity]
  5: evalfbb4in->evalfbbin, B: inf [Infinity]
  5: evalfbb4in->evalfbbin, C: inf [Infinity]
  6: evalfbb4in->evalfreturnin, A: inf [Infinity]
  6: evalfbb4in->evalfreturnin, B: inf [Infinity]
  6: evalfbb4in->evalfreturnin, C: inf [Infinity]
  7: evalfbbin->evalfbb1in, A: inf [Infinity]
  7: evalfbbin->evalfbb1in, B: inf [Infinity]
  7: evalfbbin->evalfbb1in, C: inf [Infinity]
  8: evalfbbin->evalfbb2in, A: inf [Infinity]
  8: evalfbbin->evalfbb2in, B: inf [Infinity]
  8: evalfbbin->evalfbb2in, C: inf [Infinity]
  1: evalfentryin->evalfbb3in, A: B [O(n)]
  1: evalfentryin->evalfbb3in, B: A [O(n)]
  1: evalfentryin->evalfbb3in, C: inf [Infinity]
  11: evalfreturnin->evalfstop, A: inf [Infinity]
  11: evalfreturnin->evalfstop, B: inf [Infinity]
  11: evalfreturnin->evalfstop, C: inf [Infinity]
  0: evalfstart->evalfentryin, A: A [O(n)]
  0: evalfstart->evalfentryin, B: B [O(n)]
  0: evalfstart->evalfentryin, C: inf [Infinity]
