Timebounds: 
  Overall timebound: 4+2*(max{0, D}+max{0, G})+max{0, D}+max{0, 5*D}+max{0, 3*D}+max{0, 4*D} [O(n)]
  7: evalfbb1in->evalfbb5in: max{0, 4*D} [O(n)]
  8: evalfbb1in->evalfbb1in: max{0, G} [O(n)]
  9: evalfbb3in->evalfbb5in: max{0, D} [O(n)]
  10: evalfbb3in->evalfbb3in: max{0, G} [O(n)]
  2: evalfbb5in->evalfreturnin: 1 [O(1)]
  3: evalfbb5in->evalfbbin: max{0, D} [O(n)]
  4: evalfbbin->evalfbb1in: max{0, 5*D} [O(n)]
  5: evalfbbin->evalfbb1in: max{0, 3*D} [O(n)]
  6: evalfbbin->evalfbb3in: max{0, D} [O(n)]
  1: evalfentryin->evalfbb5in: 1 [O(1)]
  11: evalfreturnin->evalfstop: 1 [O(1)]
  0: evalfstart->evalfentryin: 1 [O(1)]

Costbounds:
  Overall costbound: 4+2*(max{0, D}+max{0, G})+max{0, D}+max{0, 5*D}+max{0, 3*D}+max{0, 4*D} [O(n)]
  7: evalfbb1in->evalfbb5in: max{0, 4*D} [O(n)]
  8: evalfbb1in->evalfbb1in: max{0, G} [O(n)]
  9: evalfbb3in->evalfbb5in: max{0, D} [O(n)]
  10: evalfbb3in->evalfbb3in: max{0, G} [O(n)]
  2: evalfbb5in->evalfreturnin: 1 [O(1)]
  3: evalfbb5in->evalfbbin: max{0, D} [O(n)]
  4: evalfbbin->evalfbb1in: max{0, 5*D} [O(n)]
  5: evalfbbin->evalfbb1in: max{0, 3*D} [O(n)]
  6: evalfbbin->evalfbb3in: max{0, D} [O(n)]
  1: evalfentryin->evalfbb5in: 1 [O(1)]
  11: evalfreturnin->evalfstop: 1 [O(1)]
  0: evalfstart->evalfentryin: 1 [O(1)]

Sizebounds:
`Lower:
  7: evalfbb1in->evalfbb5in, A: 0 [O(1)]
  7: evalfbb1in->evalfbb5in, B: 1 [O(1)]
  7: evalfbb1in->evalfbb5in, C: 1 [O(1)]
  7: evalfbb1in->evalfbb5in, D: 1 [O(1)]
  7: evalfbb1in->evalfbb5in, E: 1 [O(1)]
  7: evalfbb1in->evalfbb5in, F: 0 [O(1)]
  7: evalfbb1in->evalfbb5in, G: -max{-1, -G} [O(n)]
  8: evalfbb1in->evalfbb1in, A: 0 [O(1)]
  8: evalfbb1in->evalfbb1in, B: 0 [O(1)]
  8: evalfbb1in->evalfbb1in, C: 0 [O(1)]
  8: evalfbb1in->evalfbb1in, D: 1 [O(1)]
  8: evalfbb1in->evalfbb1in, E: 1 [O(1)]
  8: evalfbb1in->evalfbb1in, F: 1 [O(1)]
  8: evalfbb1in->evalfbb1in, G: 1 [O(1)]
  9: evalfbb3in->evalfbb5in, A: 1 [O(1)]
  9: evalfbb3in->evalfbb5in, B: 0 [O(1)]
  9: evalfbb3in->evalfbb5in, C: 1 [O(1)]
  9: evalfbb3in->evalfbb5in, D: 1 [O(1)]
  9: evalfbb3in->evalfbb5in, E: 1 [O(1)]
  9: evalfbb3in->evalfbb5in, F: 0 [O(1)]
  9: evalfbb3in->evalfbb5in, G: -max{-1, -G} [O(n)]
  10: evalfbb3in->evalfbb3in, A: 0 [O(1)]
  10: evalfbb3in->evalfbb3in, B: 0 [O(1)]
  10: evalfbb3in->evalfbb3in, C: 0 [O(1)]
  10: evalfbb3in->evalfbb3in, D: 1 [O(1)]
  10: evalfbb3in->evalfbb3in, E: 1 [O(1)]
  10: evalfbb3in->evalfbb3in, F: 1 [O(1)]
  10: evalfbb3in->evalfbb3in, G: 1 [O(1)]
  2: evalfbb5in->evalfreturnin, A: 0 [O(1)]
  2: evalfbb5in->evalfreturnin, B: 0 [O(1)]
  2: evalfbb5in->evalfreturnin, C: 0 [O(1)]
  2: evalfbb5in->evalfreturnin, D: -max{-1, -D} [O(n)]
  2: evalfbb5in->evalfreturnin, E: -max{-1, -E} [O(n)]
  2: evalfbb5in->evalfreturnin, F: -max{0, -F} [O(n)]
  2: evalfbb5in->evalfreturnin, G: -max{-1, -G} [O(n)]
  3: evalfbb5in->evalfbbin, A: 0 [O(1)]
  3: evalfbb5in->evalfbbin, B: 0 [O(1)]
  3: evalfbb5in->evalfbbin, C: 0 [O(1)]
  3: evalfbb5in->evalfbbin, D: 1 [O(1)]
  3: evalfbb5in->evalfbbin, E: 1 [O(1)]
  3: evalfbb5in->evalfbbin, F: -max{0, -F} [O(n)]
  3: evalfbb5in->evalfbbin, G: -max{-1, -G} [O(n)]
  4: evalfbbin->evalfbb1in, A: 0 [O(1)]
  4: evalfbbin->evalfbb1in, B: 0 [O(1)]
  4: evalfbbin->evalfbb1in, C: 0 [O(1)]
  4: evalfbbin->evalfbb1in, D: 1 [O(1)]
  4: evalfbbin->evalfbb1in, E: 1 [O(1)]
  4: evalfbbin->evalfbb1in, F: 0 [O(1)]
  4: evalfbbin->evalfbb1in, G: -max{-1, -G} [O(n)]
  5: evalfbbin->evalfbb1in, A: 0 [O(1)]
  5: evalfbbin->evalfbb1in, B: 0 [O(1)]
  5: evalfbbin->evalfbb1in, C: 0 [O(1)]
  5: evalfbbin->evalfbb1in, D: 1 [O(1)]
  5: evalfbbin->evalfbb1in, E: 1 [O(1)]
  5: evalfbbin->evalfbb1in, F: 0 [O(1)]
  5: evalfbbin->evalfbb1in, G: -max{-1, -G} [O(n)]
  6: evalfbbin->evalfbb3in, A: 0 [O(1)]
  6: evalfbbin->evalfbb3in, B: 0 [O(1)]
  6: evalfbbin->evalfbb3in, C: 0 [O(1)]
  6: evalfbbin->evalfbb3in, D: 1 [O(1)]
  6: evalfbbin->evalfbb3in, E: 1 [O(1)]
  6: evalfbbin->evalfbb3in, F: 0 [O(1)]
  6: evalfbbin->evalfbb3in, G: -max{-1, -G} [O(n)]
  1: evalfentryin->evalfbb5in, A: 0 [O(1)]
  1: evalfentryin->evalfbb5in, B: 0 [O(1)]
  1: evalfentryin->evalfbb5in, C: 0 [O(1)]
  1: evalfentryin->evalfbb5in, D: D [O(n)]
  1: evalfentryin->evalfbb5in, E: E [O(n)]
  1: evalfentryin->evalfbb5in, F: F [O(n)]
  1: evalfentryin->evalfbb5in, G: G [O(n)]
  11: evalfreturnin->evalfstop, A: 0 [O(1)]
  11: evalfreturnin->evalfstop, B: 0 [O(1)]
  11: evalfreturnin->evalfstop, C: 0 [O(1)]
  11: evalfreturnin->evalfstop, D: -max{-1, -D} [O(n)]
  11: evalfreturnin->evalfstop, E: -max{-1, -E} [O(n)]
  11: evalfreturnin->evalfstop, F: -max{0, -F} [O(n)]
  11: evalfreturnin->evalfstop, G: -max{-1, -G} [O(n)]
  0: evalfstart->evalfentryin, A: A [O(n)]
  0: evalfstart->evalfentryin, B: B [O(n)]
  0: evalfstart->evalfentryin, C: C [O(n)]
  0: evalfstart->evalfentryin, D: D [O(n)]
  0: evalfstart->evalfentryin, E: E [O(n)]
  0: evalfstart->evalfentryin, F: F [O(n)]
  0: evalfstart->evalfentryin, G: G [O(n)]
`Upper:
  7: evalfbb1in->evalfbb5in, A: max{0, G}+max{0, D} [O(n)]
  7: evalfbb1in->evalfbb5in, B: max{0, G}+max{0, 4*D} [O(n)]
  7: evalfbb1in->evalfbb5in, C: max{0, D} [O(n)]
  7: evalfbb1in->evalfbb5in, D: D [O(n)]
  7: evalfbb1in->evalfbb5in, E: max{0, D} [O(n)]
  7: evalfbb1in->evalfbb5in, F: max{0, G}+max{0, 4*D} [O(n)]
  7: evalfbb1in->evalfbb5in, G: G [O(n)]
  8: evalfbb1in->evalfbb1in, A: max{0, G}+max{0, D} [O(n)]
  8: evalfbb1in->evalfbb1in, B: max{0, G}+max{0, 4*D} [O(n)]
  8: evalfbb1in->evalfbb1in, C: max{0, D} [O(n)]
  8: evalfbb1in->evalfbb1in, D: D [O(n)]
  8: evalfbb1in->evalfbb1in, E: max{0, D} [O(n)]
  8: evalfbb1in->evalfbb1in, F: max{0, G}+max{0, 4*D} [O(n)]
  8: evalfbb1in->evalfbb1in, G: G [O(n)]
  9: evalfbb3in->evalfbb5in, A: max{0, G}+max{0, D} [O(n)]
  9: evalfbb3in->evalfbb5in, B: max{0, G}+max{0, 4*D} [O(n)]
  9: evalfbb3in->evalfbb5in, C: max{0, D} [O(n)]
  9: evalfbb3in->evalfbb5in, D: D [O(n)]
  9: evalfbb3in->evalfbb5in, E: max{0, D} [O(n)]
  9: evalfbb3in->evalfbb5in, F: max{0, G}+max{0, D} [O(n)]
  9: evalfbb3in->evalfbb5in, G: G [O(n)]
  10: evalfbb3in->evalfbb3in, A: max{0, G}+max{0, D} [O(n)]
  10: evalfbb3in->evalfbb3in, B: max{0, G}+max{0, 4*D} [O(n)]
  10: evalfbb3in->evalfbb3in, C: max{0, D} [O(n)]
  10: evalfbb3in->evalfbb3in, D: D [O(n)]
  10: evalfbb3in->evalfbb3in, E: max{0, D} [O(n)]
  10: evalfbb3in->evalfbb3in, F: max{0, G}+max{0, D} [O(n)]
  10: evalfbb3in->evalfbb3in, G: G [O(n)]
  2: evalfbb5in->evalfreturnin, A: max{0, max{0, G}+max{0, D}} [O(n)]
  2: evalfbb5in->evalfreturnin, B: max{0, max{0, G}+max{0, 4*D}} [O(n)]
  2: evalfbb5in->evalfreturnin, C: max{0, D} [O(n)]
  2: evalfbb5in->evalfreturnin, D: D [O(n)]
  2: evalfbb5in->evalfreturnin, E: max{0, E, D} [O(n)]
  2: evalfbb5in->evalfreturnin, F: max{F, max{0, G}+max{0, 4*D}, max{0, G}+max{0, D}} [O(n)]
  2: evalfbb5in->evalfreturnin, G: G [O(n)]
  3: evalfbb5in->evalfbbin, A: max{0, G}+max{0, D} [O(n)]
  3: evalfbb5in->evalfbbin, B: max{0, G}+max{0, 4*D} [O(n)]
  3: evalfbb5in->evalfbbin, C: max{0, D} [O(n)]
  3: evalfbb5in->evalfbbin, D: D [O(n)]
  3: evalfbb5in->evalfbbin, E: max{0, D} [O(n)]
  3: evalfbb5in->evalfbbin, F: max{F, max{0, G}+max{0, 4*D}, max{0, G}+max{0, D}} [O(n)]
  3: evalfbb5in->evalfbbin, G: G [O(n)]
  4: evalfbbin->evalfbb1in, A: max{0, G}+max{0, D} [O(n)]
  4: evalfbbin->evalfbb1in, B: max{0, G}+max{0, 4*D} [O(n)]
  4: evalfbbin->evalfbb1in, C: max{0, D} [O(n)]
  4: evalfbbin->evalfbb1in, D: D [O(n)]
  4: evalfbbin->evalfbb1in, E: max{0, D} [O(n)]
  4: evalfbbin->evalfbb1in, F: max{0, G}+max{0, 4*D} [O(n)]
  4: evalfbbin->evalfbb1in, G: G [O(n)]
  5: evalfbbin->evalfbb1in, A: max{0, G}+max{0, D} [O(n)]
  5: evalfbbin->evalfbb1in, B: max{0, G}+max{0, 4*D} [O(n)]
  5: evalfbbin->evalfbb1in, C: max{0, D} [O(n)]
  5: evalfbbin->evalfbb1in, D: D [O(n)]
  5: evalfbbin->evalfbb1in, E: max{0, D} [O(n)]
  5: evalfbbin->evalfbb1in, F: max{0, G}+max{0, 4*D} [O(n)]
  5: evalfbbin->evalfbb1in, G: G [O(n)]
  6: evalfbbin->evalfbb3in, A: max{0, G}+max{0, D} [O(n)]
  6: evalfbbin->evalfbb3in, B: max{0, G}+max{0, 4*D} [O(n)]
  6: evalfbbin->evalfbb3in, C: max{0, D} [O(n)]
  6: evalfbbin->evalfbb3in, D: D [O(n)]
  6: evalfbbin->evalfbb3in, E: max{0, D} [O(n)]
  6: evalfbbin->evalfbb3in, F: max{0, G}+max{0, D} [O(n)]
  6: evalfbbin->evalfbb3in, G: G [O(n)]
  1: evalfentryin->evalfbb5in, A: 0 [O(1)]
  1: evalfentryin->evalfbb5in, B: 0 [O(1)]
  1: evalfentryin->evalfbb5in, C: 0 [O(1)]
  1: evalfentryin->evalfbb5in, D: D [O(n)]
  1: evalfentryin->evalfbb5in, E: E [O(n)]
  1: evalfentryin->evalfbb5in, F: F [O(n)]
  1: evalfentryin->evalfbb5in, G: G [O(n)]
  11: evalfreturnin->evalfstop, A: max{0, max{0, G}+max{0, D}} [O(n)]
  11: evalfreturnin->evalfstop, B: max{0, max{0, G}+max{0, 4*D}} [O(n)]
  11: evalfreturnin->evalfstop, C: max{0, D} [O(n)]
  11: evalfreturnin->evalfstop, D: D [O(n)]
  11: evalfreturnin->evalfstop, E: max{0, E, D} [O(n)]
  11: evalfreturnin->evalfstop, F: max{F, max{0, G}+max{0, 4*D}, max{0, G}+max{0, D}} [O(n)]
  11: evalfreturnin->evalfstop, G: G [O(n)]
  0: evalfstart->evalfentryin, A: A [O(n)]
  0: evalfstart->evalfentryin, B: B [O(n)]
  0: evalfstart->evalfentryin, C: C [O(n)]
  0: evalfstart->evalfentryin, D: D [O(n)]
  0: evalfstart->evalfentryin, E: E [O(n)]
  0: evalfstart->evalfentryin, F: F [O(n)]
  0: evalfstart->evalfentryin, G: G [O(n)]
