Timebounds: 
  Overall timebound: inf [Infinity]
  7: evalfbb1in->evalfbb3in: inf [Infinity]
  8: evalfbb2in->evalfbb3in: inf [Infinity]
  2: evalfbb3in->evalfbbin: inf [Infinity]
  3: evalfbb3in->evalfreturnin: 1 [O(1)]
  4: evalfbb3in->evalfreturnin: 1 [O(1)]
  5: evalfbbin->evalfbb1in: inf [Infinity]
  6: evalfbbin->evalfbb2in: inf [Infinity]
  1: evalfentryin->evalfbb3in: 1 [O(1)]
  9: evalfreturnin->evalfstop: 1 [O(1)]
  0: evalfstart->evalfentryin: 1 [O(1)]

Costbounds:
  Overall costbound: inf [Infinity]
  7: evalfbb1in->evalfbb3in: inf [Infinity]
  8: evalfbb2in->evalfbb3in: inf [Infinity]
  2: evalfbb3in->evalfbbin: inf [Infinity]
  3: evalfbb3in->evalfreturnin: 1 [O(1)]
  4: evalfbb3in->evalfreturnin: 1 [O(1)]
  5: evalfbbin->evalfbb1in: inf [Infinity]
  6: evalfbbin->evalfbb2in: inf [Infinity]
  1: evalfentryin->evalfbb3in: 1 [O(1)]
  9: evalfreturnin->evalfstop: 1 [O(1)]
  0: evalfstart->evalfentryin: 1 [O(1)]

Sizebounds:
`Lower:
  7: evalfbb1in->evalfbb3in, A: 1 [O(1)]
  7: evalfbb1in->evalfbb3in, B: 2 [O(1)]
  7: evalfbb1in->evalfbb3in, C: 2 [O(1)]
  8: evalfbb2in->evalfbb3in, A: -max{-1, -C} [O(n)]
  8: evalfbb2in->evalfbb3in, B: 2 [O(1)]
  8: evalfbb2in->evalfbb3in, C: 0 [O(1)]
  2: evalfbb3in->evalfbbin, A: -max{-1, -C} [O(n)]
  2: evalfbb3in->evalfbbin, B: 2 [O(1)]
  2: evalfbb3in->evalfbbin, C: 1 [O(1)]
  3: evalfbb3in->evalfreturnin, A: -max{-1, -C} [O(n)]
  3: evalfbb3in->evalfreturnin, B: 2 [O(1)]
  3: evalfbb3in->evalfreturnin, C: 0 [O(1)]
  4: evalfbb3in->evalfreturnin, A: -max{-1, -C} [O(n)]
  4: evalfbb3in->evalfreturnin, B: 2 [O(1)]
  4: evalfbb3in->evalfreturnin, C: 2 [O(1)]
  5: evalfbbin->evalfbb1in, A: 1 [O(1)]
  5: evalfbbin->evalfbb1in, B: 2 [O(1)]
  5: evalfbbin->evalfbb1in, C: 1 [O(1)]
  6: evalfbbin->evalfbb2in, A: -max{-1, -C} [O(n)]
  6: evalfbbin->evalfbb2in, B: 2 [O(1)]
  6: evalfbbin->evalfbb2in, C: 1 [O(1)]
  1: evalfentryin->evalfbb3in, A: C [O(n)]
  1: evalfentryin->evalfbb3in, B: 2 [O(1)]
  1: evalfentryin->evalfbb3in, C: 1 [O(1)]
  9: evalfreturnin->evalfstop, A: -max{-1, -C} [O(n)]
  9: evalfreturnin->evalfstop, B: 2 [O(1)]
  9: evalfreturnin->evalfstop, C: 0 [O(1)]
  0: evalfstart->evalfentryin, A: A [O(n)]
  0: evalfstart->evalfentryin, B: B [O(n)]
  0: evalfstart->evalfentryin, C: C [O(n)]
`Upper:
  7: evalfbb1in->evalfbb3in, A: max{0, C} [O(n)]
  7: evalfbb1in->evalfbb3in, B: B [O(n)]
  8: evalfbb2in->evalfbb3in, A: 0 [O(1)]
  8: evalfbb2in->evalfbb3in, B: B [O(n)]
  2: evalfbb3in->evalfbbin, A: max{0, C} [O(n)]
  2: evalfbb3in->evalfbbin, B: B [O(n)]
  3: evalfbb3in->evalfreturnin, A: max{0, C} [O(n)]
  3: evalfbb3in->evalfreturnin, B: B [O(n)]
  3: evalfbb3in->evalfreturnin, C: 0 [O(1)]
  4: evalfbb3in->evalfreturnin, A: max{0, C} [O(n)]
  4: evalfbb3in->evalfreturnin, B: B [O(n)]
  5: evalfbbin->evalfbb1in, A: max{0, C} [O(n)]
  5: evalfbbin->evalfbb1in, B: B [O(n)]
  6: evalfbbin->evalfbb2in, A: 0 [O(1)]
  6: evalfbbin->evalfbb2in, B: B [O(n)]
  1: evalfentryin->evalfbb3in, A: C [O(n)]
  1: evalfentryin->evalfbb3in, B: B [O(n)]
  1: evalfentryin->evalfbb3in, C: A [O(n)]
  9: evalfreturnin->evalfstop, A: max{0, C} [O(n)]
  9: evalfreturnin->evalfstop, B: B [O(n)]
  0: evalfstart->evalfentryin, A: A [O(n)]
  0: evalfstart->evalfentryin, B: B [O(n)]
  0: evalfstart->evalfentryin, C: C [O(n)]
