Timebounds: 
  Overall timebound: 5+2*max{2, 2*A}+max{2, 2*A}+max{3, 1+2*A}+max{3, 3*A}+max{0, A} [O(n)]
  9: evalfbb1in->evalfbb3in: max{0, A} [O(n)]
  2: evalfbb3in->evalfreturnin: 1 [O(1)]
  3: evalfbb3in->evalfbb4in: max{3, 1+2*A} [O(n)]
  4: evalfbb4in->evalfbbin: max{2, 2*A} [O(n)]
  5: evalfbb4in->evalfbbin: max{2, 2*A} [O(n)]
  6: evalfbb4in->evalfreturnin: 1 [O(1)]
  7: evalfbbin->evalfbb1in: max{3, 3*A} [O(n)]
  8: evalfbbin->evalfbb3in: max{2, 2*A} [O(n)]
  1: evalfentryin->evalfbb3in: 1 [O(1)]
  10: evalfreturnin->evalfstop: 1 [O(1)]
  0: evalfstart->evalfentryin: 1 [O(1)]

Costbounds:
  Overall costbound: 5+2*max{2, 2*A}+max{2, 2*A}+max{3, 1+2*A}+max{3, 3*A}+max{0, A} [O(n)]
  9: evalfbb1in->evalfbb3in: max{0, A} [O(n)]
  2: evalfbb3in->evalfreturnin: 1 [O(1)]
  3: evalfbb3in->evalfbb4in: max{3, 1+2*A} [O(n)]
  4: evalfbb4in->evalfbbin: max{2, 2*A} [O(n)]
  5: evalfbb4in->evalfbbin: max{2, 2*A} [O(n)]
  6: evalfbb4in->evalfreturnin: 1 [O(1)]
  7: evalfbbin->evalfbb1in: max{3, 3*A} [O(n)]
  8: evalfbbin->evalfbb3in: max{2, 2*A} [O(n)]
  1: evalfentryin->evalfbb3in: 1 [O(1)]
  10: evalfreturnin->evalfstop: 1 [O(1)]
  0: evalfstart->evalfentryin: 1 [O(1)]

Sizebounds:
`Lower:
  9: evalfbb1in->evalfbb3in, A: 1 [O(1)]
  9: evalfbb1in->evalfbb3in, B: 0 [O(1)]
  9: evalfbb1in->evalfbb3in, C: 1 [O(1)]
  2: evalfbb3in->evalfreturnin, A: 1 [O(1)]
  2: evalfbb3in->evalfreturnin, B: 0 [O(1)]
  2: evalfbb3in->evalfreturnin, C: 1 [O(1)]
  3: evalfbb3in->evalfbb4in, A: 1 [O(1)]
  3: evalfbb3in->evalfbb4in, B: 1 [O(1)]
  3: evalfbb3in->evalfbb4in, C: 0 [O(1)]
  4: evalfbb4in->evalfbbin, A: 1 [O(1)]
  4: evalfbb4in->evalfbbin, B: 1 [O(1)]
  4: evalfbb4in->evalfbbin, C: 0 [O(1)]
  5: evalfbb4in->evalfbbin, A: 1 [O(1)]
  5: evalfbb4in->evalfbbin, B: 1 [O(1)]
  5: evalfbb4in->evalfbbin, C: 0 [O(1)]
  6: evalfbb4in->evalfreturnin, A: 1 [O(1)]
  6: evalfbb4in->evalfreturnin, B: 1 [O(1)]
  6: evalfbb4in->evalfreturnin, C: 0 [O(1)]
  7: evalfbbin->evalfbb1in, A: 1 [O(1)]
  7: evalfbbin->evalfbb1in, B: 1 [O(1)]
  7: evalfbbin->evalfbb1in, C: 0 [O(1)]
  8: evalfbbin->evalfbb3in, A: 1 [O(1)]
  8: evalfbbin->evalfbb3in, B: 1 [O(1)]
  8: evalfbbin->evalfbb3in, C: 0 [O(1)]
  1: evalfentryin->evalfbb3in, A: 1 [O(1)]
  1: evalfentryin->evalfbb3in, B: 1 [O(1)]
  1: evalfentryin->evalfbb3in, C: 0 [O(1)]
  10: evalfreturnin->evalfstop, A: 1 [O(1)]
  10: evalfreturnin->evalfstop, B: 0 [O(1)]
  10: evalfreturnin->evalfstop, C: 0 [O(1)]
  0: evalfstart->evalfentryin, A: A [O(n)]
  0: evalfstart->evalfentryin, B: B [O(n)]
  0: evalfstart->evalfentryin, C: C [O(n)]
`Upper:
  9: evalfbb1in->evalfbb3in, A: B [O(n)]
  9: evalfbb1in->evalfbb3in, B: A [O(n)]
  9: evalfbb1in->evalfbb3in, C: max{0, A} [O(n)]
  2: evalfbb3in->evalfreturnin, A: B [O(n)]
  2: evalfbb3in->evalfreturnin, B: 0 [O(1)]
  2: evalfbb3in->evalfreturnin, C: max{0, A} [O(n)]
  3: evalfbb3in->evalfbb4in, A: B [O(n)]
  3: evalfbb3in->evalfbb4in, B: A [O(n)]
  3: evalfbb3in->evalfbb4in, C: max{0, A} [O(n)]
  4: evalfbb4in->evalfbbin, A: B [O(n)]
  4: evalfbb4in->evalfbbin, B: A [O(n)]
  4: evalfbb4in->evalfbbin, C: max{0, A} [O(n)]
  5: evalfbb4in->evalfbbin, A: B [O(n)]
  5: evalfbb4in->evalfbbin, B: A [O(n)]
  5: evalfbb4in->evalfbbin, C: max{0, A} [O(n)]
  6: evalfbb4in->evalfreturnin, A: B [O(n)]
  6: evalfbb4in->evalfreturnin, B: A [O(n)]
  6: evalfbb4in->evalfreturnin, C: max{0, A} [O(n)]
  7: evalfbbin->evalfbb1in, A: B [O(n)]
  7: evalfbbin->evalfbb1in, B: A [O(n)]
  7: evalfbbin->evalfbb1in, C: max{0, A} [O(n)]
  8: evalfbbin->evalfbb3in, A: B [O(n)]
  8: evalfbbin->evalfbb3in, B: A [O(n)]
  8: evalfbbin->evalfbb3in, C: 0 [O(1)]
  1: evalfentryin->evalfbb3in, A: B [O(n)]
  1: evalfentryin->evalfbb3in, B: A [O(n)]
  1: evalfentryin->evalfbb3in, C: 0 [O(1)]
  10: evalfreturnin->evalfstop, A: B [O(n)]
  10: evalfreturnin->evalfstop, B: max{0, A} [O(n)]
  10: evalfreturnin->evalfstop, C: max{0, A} [O(n)]
  0: evalfstart->evalfentryin, A: A [O(n)]
  0: evalfstart->evalfentryin, B: B [O(n)]
  0: evalfstart->evalfentryin, C: C [O(n)]
