Timebounds: 
  Overall timebound: 5+max{1, 1+3*A}*max{0, 5*B}+max{1, 1+3*A}*max{0, 4*B}+max{1, 1+3*A}*max{0, A+max{0, 4*B}}+max{1, 1+3*A}*max{0, 3*B}+max{1, 1+3*A}*max{0, 4*B}+max{1, 1+3*A}*max{0, max{0, 4*B}+max{0, 3*C}}+max{1, 1+3*A}*max{0, 2*B}+max{1, 1+3*A}+max{0, 4*C}+max{0, 4*A}+max{0, 3*C}+max{0, 4*A}+max{1, 1+3*A}+max{0, C}+max{0, 1+A}+max{0, A} [O(n^2)]
  4: evalNestedLoopbb10in->evalNestedLoopbb6in: max{1, 1+3*A} [O(n)]
  5: evalNestedLoopbb10in->evalNestedLoopbb6in: max{0, 1+A} [O(n)]
  6: evalNestedLoopbb10in->evalNestedLoopreturnin: 1 [O(1)]
  12: evalNestedLoopbb1in->evalNestedLoopbb3in: max{1, 1+3*A}*max{0, 2*B} [O(n^2)]
  18: evalNestedLoopbb2in->evalNestedLoopbb3in: max{0, 3*C} [O(n)]
  13: evalNestedLoopbb3in->evalNestedLoopbb6in: max{1, 1+3*A}*max{0, 4*B} [O(n^2)]
  14: evalNestedLoopbb3in->evalNestedLoopbb4in: max{1, 1+3*A}*max{0, max{0, 4*B}+max{0, 3*C}} [O(n^2)]
  15: evalNestedLoopbb4in->evalNestedLoopbb2in: max{0, 4*C} [O(n)]
  16: evalNestedLoopbb4in->evalNestedLoopbb2in: max{0, C} [O(n)]
  17: evalNestedLoopbb4in->evalNestedLoopbb6in: max{1, 1+3*A}*max{0, 3*B} [O(n^2)]
  7: evalNestedLoopbb6in->evalNestedLoopbb8in: max{0, A} [O(n)]
  8: evalNestedLoopbb6in->evalNestedLoopbb7in: max{1, 1+3*A}*max{0, A+max{0, 4*B}} [O(n^2)]
  9: evalNestedLoopbb7in->evalNestedLoopbb1in: max{1, 1+3*A}*max{0, 4*B} [O(n^2)]
  10: evalNestedLoopbb7in->evalNestedLoopbb1in: max{1, 1+3*A}*max{0, 5*B} [O(n^2)]
  11: evalNestedLoopbb7in->evalNestedLoopbb8in: max{0, 4*A} [O(n)]
  19: evalNestedLoopbb8in->evalNestedLoopbb9in: max{0, 4*A} [O(n)]
  2: evalNestedLoopbb9in->evalNestedLoopreturnin: 1 [O(1)]
  3: evalNestedLoopbb9in->evalNestedLoopbb10in: max{1, 1+3*A} [O(n)]
  1: evalNestedLoopentryin->evalNestedLoopbb9in: 1 [O(1)]
  20: evalNestedLoopreturnin->evalNestedLoopstop: 1 [O(1)]
  0: evalNestedLoopstart->evalNestedLoopentryin: 1 [O(1)]

Costbounds:
  Overall costbound: 5+max{1, 1+3*A}*max{0, 5*B}+max{1, 1+3*A}*max{0, 4*B}+max{1, 1+3*A}*max{0, A+max{0, 4*B}}+max{1, 1+3*A}*max{0, 3*B}+max{1, 1+3*A}*max{0, 4*B}+max{1, 1+3*A}*max{0, max{0, 4*B}+max{0, 3*C}}+max{1, 1+3*A}*max{0, 2*B}+max{1, 1+3*A}+max{0, 4*C}+max{0, 4*A}+max{0, 3*C}+max{0, 4*A}+max{1, 1+3*A}+max{0, C}+max{0, 1+A}+max{0, A} [O(n^2)]
  4: evalNestedLoopbb10in->evalNestedLoopbb6in: max{1, 1+3*A} [O(n)]
  5: evalNestedLoopbb10in->evalNestedLoopbb6in: max{0, 1+A} [O(n)]
  6: evalNestedLoopbb10in->evalNestedLoopreturnin: 1 [O(1)]
  12: evalNestedLoopbb1in->evalNestedLoopbb3in: max{1, 1+3*A}*max{0, 2*B} [O(n^2)]
  18: evalNestedLoopbb2in->evalNestedLoopbb3in: max{0, 3*C} [O(n)]
  13: evalNestedLoopbb3in->evalNestedLoopbb6in: max{1, 1+3*A}*max{0, 4*B} [O(n^2)]
  14: evalNestedLoopbb3in->evalNestedLoopbb4in: max{1, 1+3*A}*max{0, max{0, 4*B}+max{0, 3*C}} [O(n^2)]
  15: evalNestedLoopbb4in->evalNestedLoopbb2in: max{0, 4*C} [O(n)]
  16: evalNestedLoopbb4in->evalNestedLoopbb2in: max{0, C} [O(n)]
  17: evalNestedLoopbb4in->evalNestedLoopbb6in: max{1, 1+3*A}*max{0, 3*B} [O(n^2)]
  7: evalNestedLoopbb6in->evalNestedLoopbb8in: max{0, A} [O(n)]
  8: evalNestedLoopbb6in->evalNestedLoopbb7in: max{1, 1+3*A}*max{0, A+max{0, 4*B}} [O(n^2)]
  9: evalNestedLoopbb7in->evalNestedLoopbb1in: max{1, 1+3*A}*max{0, 4*B} [O(n^2)]
  10: evalNestedLoopbb7in->evalNestedLoopbb1in: max{1, 1+3*A}*max{0, 5*B} [O(n^2)]
  11: evalNestedLoopbb7in->evalNestedLoopbb8in: max{0, 4*A} [O(n)]
  19: evalNestedLoopbb8in->evalNestedLoopbb9in: max{0, 4*A} [O(n)]
  2: evalNestedLoopbb9in->evalNestedLoopreturnin: 1 [O(1)]
  3: evalNestedLoopbb9in->evalNestedLoopbb10in: max{1, 1+3*A} [O(n)]
  1: evalNestedLoopentryin->evalNestedLoopbb9in: 1 [O(1)]
  20: evalNestedLoopreturnin->evalNestedLoopstop: 1 [O(1)]
  0: evalNestedLoopstart->evalNestedLoopentryin: 1 [O(1)]

Sizebounds:
`Lower:
  4: evalNestedLoopbb10in->evalNestedLoopbb6in, A: 1 [O(1)]
  4: evalNestedLoopbb10in->evalNestedLoopbb6in, B: 0 [O(1)]
  4: evalNestedLoopbb10in->evalNestedLoopbb6in, C: 0 [O(1)]
  4: evalNestedLoopbb10in->evalNestedLoopbb6in, D: 0 [O(1)]
  4: evalNestedLoopbb10in->evalNestedLoopbb6in, E: 0 [O(1)]
  4: evalNestedLoopbb10in->evalNestedLoopbb6in, F: 0 [O(1)]
  4: evalNestedLoopbb10in->evalNestedLoopbb6in, G: -max{-1, -G} [O(n)]
  4: evalNestedLoopbb10in->evalNestedLoopbb6in, H: -max{0, -H} [O(n)]
  5: evalNestedLoopbb10in->evalNestedLoopbb6in, A: 1 [O(1)]
  5: evalNestedLoopbb10in->evalNestedLoopbb6in, B: 0 [O(1)]
  5: evalNestedLoopbb10in->evalNestedLoopbb6in, C: 0 [O(1)]
  5: evalNestedLoopbb10in->evalNestedLoopbb6in, D: 0 [O(1)]
  5: evalNestedLoopbb10in->evalNestedLoopbb6in, E: 0 [O(1)]
  5: evalNestedLoopbb10in->evalNestedLoopbb6in, F: 0 [O(1)]
  5: evalNestedLoopbb10in->evalNestedLoopbb6in, G: -max{-1, -G} [O(n)]
  5: evalNestedLoopbb10in->evalNestedLoopbb6in, H: -max{0, -H} [O(n)]
  6: evalNestedLoopbb10in->evalNestedLoopreturnin, A: 1 [O(1)]
  6: evalNestedLoopbb10in->evalNestedLoopreturnin, B: 0 [O(1)]
  6: evalNestedLoopbb10in->evalNestedLoopreturnin, C: 0 [O(1)]
  6: evalNestedLoopbb10in->evalNestedLoopreturnin, D: 0 [O(1)]
  6: evalNestedLoopbb10in->evalNestedLoopreturnin, E: -max{0, -E} [O(n)]
  6: evalNestedLoopbb10in->evalNestedLoopreturnin, F: -max{0, -F} [O(n)]
  6: evalNestedLoopbb10in->evalNestedLoopreturnin, G: -max{-1, -G} [O(n)]
  6: evalNestedLoopbb10in->evalNestedLoopreturnin, H: -max{0, -H} [O(n)]
  12: evalNestedLoopbb1in->evalNestedLoopbb3in, A: 1 [O(1)]
  12: evalNestedLoopbb1in->evalNestedLoopbb3in, B: 1 [O(1)]
  12: evalNestedLoopbb1in->evalNestedLoopbb3in, C: 0 [O(1)]
  12: evalNestedLoopbb1in->evalNestedLoopbb3in, D: 0 [O(1)]
  12: evalNestedLoopbb1in->evalNestedLoopbb3in, E: 0 [O(1)]
  12: evalNestedLoopbb1in->evalNestedLoopbb3in, F: 0 [O(1)]
  12: evalNestedLoopbb1in->evalNestedLoopbb3in, G: 1 [O(1)]
  12: evalNestedLoopbb1in->evalNestedLoopbb3in, H: 0 [O(1)]
  18: evalNestedLoopbb2in->evalNestedLoopbb3in, A: 1 [O(1)]
  18: evalNestedLoopbb2in->evalNestedLoopbb3in, B: 1 [O(1)]
  18: evalNestedLoopbb2in->evalNestedLoopbb3in, C: 1 [O(1)]
  18: evalNestedLoopbb2in->evalNestedLoopbb3in, D: 0 [O(1)]
  18: evalNestedLoopbb2in->evalNestedLoopbb3in, E: 0 [O(1)]
  18: evalNestedLoopbb2in->evalNestedLoopbb3in, F: 0 [O(1)]
  18: evalNestedLoopbb2in->evalNestedLoopbb3in, G: 1 [O(1)]
  18: evalNestedLoopbb2in->evalNestedLoopbb3in, H: 1 [O(1)]
  13: evalNestedLoopbb3in->evalNestedLoopbb6in, A: 1 [O(1)]
  13: evalNestedLoopbb3in->evalNestedLoopbb6in, B: 1 [O(1)]
  13: evalNestedLoopbb3in->evalNestedLoopbb6in, C: 0 [O(1)]
  13: evalNestedLoopbb3in->evalNestedLoopbb6in, D: 0 [O(1)]
  13: evalNestedLoopbb3in->evalNestedLoopbb6in, E: 1 [O(1)]
  13: evalNestedLoopbb3in->evalNestedLoopbb6in, F: 0 [O(1)]
  13: evalNestedLoopbb3in->evalNestedLoopbb6in, G: 1 [O(1)]
  13: evalNestedLoopbb3in->evalNestedLoopbb6in, H: 0 [O(1)]
  14: evalNestedLoopbb3in->evalNestedLoopbb4in, A: 1 [O(1)]
  14: evalNestedLoopbb3in->evalNestedLoopbb4in, B: 1 [O(1)]
  14: evalNestedLoopbb3in->evalNestedLoopbb4in, C: 1 [O(1)]
  14: evalNestedLoopbb3in->evalNestedLoopbb4in, D: 0 [O(1)]
  14: evalNestedLoopbb3in->evalNestedLoopbb4in, E: 0 [O(1)]
  14: evalNestedLoopbb3in->evalNestedLoopbb4in, F: 0 [O(1)]
  14: evalNestedLoopbb3in->evalNestedLoopbb4in, G: 1 [O(1)]
  14: evalNestedLoopbb3in->evalNestedLoopbb4in, H: 0 [O(1)]
  15: evalNestedLoopbb4in->evalNestedLoopbb2in, A: 1 [O(1)]
  15: evalNestedLoopbb4in->evalNestedLoopbb2in, B: 1 [O(1)]
  15: evalNestedLoopbb4in->evalNestedLoopbb2in, C: 1 [O(1)]
  15: evalNestedLoopbb4in->evalNestedLoopbb2in, D: 0 [O(1)]
  15: evalNestedLoopbb4in->evalNestedLoopbb2in, E: 0 [O(1)]
  15: evalNestedLoopbb4in->evalNestedLoopbb2in, F: 0 [O(1)]
  15: evalNestedLoopbb4in->evalNestedLoopbb2in, G: 1 [O(1)]
  15: evalNestedLoopbb4in->evalNestedLoopbb2in, H: 0 [O(1)]
  16: evalNestedLoopbb4in->evalNestedLoopbb2in, A: 1 [O(1)]
  16: evalNestedLoopbb4in->evalNestedLoopbb2in, B: 1 [O(1)]
  16: evalNestedLoopbb4in->evalNestedLoopbb2in, C: 1 [O(1)]
  16: evalNestedLoopbb4in->evalNestedLoopbb2in, D: 0 [O(1)]
  16: evalNestedLoopbb4in->evalNestedLoopbb2in, E: 0 [O(1)]
  16: evalNestedLoopbb4in->evalNestedLoopbb2in, F: 0 [O(1)]
  16: evalNestedLoopbb4in->evalNestedLoopbb2in, G: 1 [O(1)]
  16: evalNestedLoopbb4in->evalNestedLoopbb2in, H: 0 [O(1)]
  17: evalNestedLoopbb4in->evalNestedLoopbb6in, A: 1 [O(1)]
  17: evalNestedLoopbb4in->evalNestedLoopbb6in, B: 1 [O(1)]
  17: evalNestedLoopbb4in->evalNestedLoopbb6in, C: 1 [O(1)]
  17: evalNestedLoopbb4in->evalNestedLoopbb6in, D: 0 [O(1)]
  17: evalNestedLoopbb4in->evalNestedLoopbb6in, E: 1 [O(1)]
  17: evalNestedLoopbb4in->evalNestedLoopbb6in, F: 0 [O(1)]
  17: evalNestedLoopbb4in->evalNestedLoopbb6in, G: 1 [O(1)]
  17: evalNestedLoopbb4in->evalNestedLoopbb6in, H: 0 [O(1)]
  7: evalNestedLoopbb6in->evalNestedLoopbb8in, A: 1 [O(1)]
  7: evalNestedLoopbb6in->evalNestedLoopbb8in, B: 0 [O(1)]
  7: evalNestedLoopbb6in->evalNestedLoopbb8in, C: 0 [O(1)]
  7: evalNestedLoopbb6in->evalNestedLoopbb8in, D: 0 [O(1)]
  7: evalNestedLoopbb6in->evalNestedLoopbb8in, E: 0 [O(1)]
  7: evalNestedLoopbb6in->evalNestedLoopbb8in, F: 0 [O(1)]
  7: evalNestedLoopbb6in->evalNestedLoopbb8in, G: -max{-1, -G} [O(n)]
  7: evalNestedLoopbb6in->evalNestedLoopbb8in, H: -max{0, -H} [O(n)]
  8: evalNestedLoopbb6in->evalNestedLoopbb7in, A: 1 [O(1)]
  8: evalNestedLoopbb6in->evalNestedLoopbb7in, B: 1 [O(1)]
  8: evalNestedLoopbb6in->evalNestedLoopbb7in, C: 0 [O(1)]
  8: evalNestedLoopbb6in->evalNestedLoopbb7in, D: 0 [O(1)]
  8: evalNestedLoopbb6in->evalNestedLoopbb7in, E: 0 [O(1)]
  8: evalNestedLoopbb6in->evalNestedLoopbb7in, F: 0 [O(1)]
  8: evalNestedLoopbb6in->evalNestedLoopbb7in, G: -max{-1, -G} [O(n)]
  8: evalNestedLoopbb6in->evalNestedLoopbb7in, H: -max{0, -H} [O(n)]
  9: evalNestedLoopbb7in->evalNestedLoopbb1in, A: 1 [O(1)]
  9: evalNestedLoopbb7in->evalNestedLoopbb1in, B: 1 [O(1)]
  9: evalNestedLoopbb7in->evalNestedLoopbb1in, C: 0 [O(1)]
  9: evalNestedLoopbb7in->evalNestedLoopbb1in, D: 0 [O(1)]
  9: evalNestedLoopbb7in->evalNestedLoopbb1in, E: 0 [O(1)]
  9: evalNestedLoopbb7in->evalNestedLoopbb1in, F: 0 [O(1)]
  9: evalNestedLoopbb7in->evalNestedLoopbb1in, G: -max{-1, -G} [O(n)]
  9: evalNestedLoopbb7in->evalNestedLoopbb1in, H: -max{0, -H} [O(n)]
  10: evalNestedLoopbb7in->evalNestedLoopbb1in, A: 1 [O(1)]
  10: evalNestedLoopbb7in->evalNestedLoopbb1in, B: 1 [O(1)]
  10: evalNestedLoopbb7in->evalNestedLoopbb1in, C: 0 [O(1)]
  10: evalNestedLoopbb7in->evalNestedLoopbb1in, D: 0 [O(1)]
  10: evalNestedLoopbb7in->evalNestedLoopbb1in, E: 0 [O(1)]
  10: evalNestedLoopbb7in->evalNestedLoopbb1in, F: 0 [O(1)]
  10: evalNestedLoopbb7in->evalNestedLoopbb1in, G: -max{-1, -G} [O(n)]
  10: evalNestedLoopbb7in->evalNestedLoopbb1in, H: -max{0, -H} [O(n)]
  11: evalNestedLoopbb7in->evalNestedLoopbb8in, A: 1 [O(1)]
  11: evalNestedLoopbb7in->evalNestedLoopbb8in, B: 1 [O(1)]
  11: evalNestedLoopbb7in->evalNestedLoopbb8in, C: 0 [O(1)]
  11: evalNestedLoopbb7in->evalNestedLoopbb8in, D: 0 [O(1)]
  11: evalNestedLoopbb7in->evalNestedLoopbb8in, E: 0 [O(1)]
  11: evalNestedLoopbb7in->evalNestedLoopbb8in, F: 0 [O(1)]
  11: evalNestedLoopbb7in->evalNestedLoopbb8in, G: -max{-1, -G} [O(n)]
  11: evalNestedLoopbb7in->evalNestedLoopbb8in, H: -max{0, -H} [O(n)]
  19: evalNestedLoopbb8in->evalNestedLoopbb9in, A: 1 [O(1)]
  19: evalNestedLoopbb8in->evalNestedLoopbb9in, B: 0 [O(1)]
  19: evalNestedLoopbb8in->evalNestedLoopbb9in, C: 0 [O(1)]
  19: evalNestedLoopbb8in->evalNestedLoopbb9in, D: 1 [O(1)]
  19: evalNestedLoopbb8in->evalNestedLoopbb9in, E: 0 [O(1)]
  19: evalNestedLoopbb8in->evalNestedLoopbb9in, F: 0 [O(1)]
  19: evalNestedLoopbb8in->evalNestedLoopbb9in, G: -max{-1, -G} [O(n)]
  19: evalNestedLoopbb8in->evalNestedLoopbb9in, H: -max{0, -H} [O(n)]
  2: evalNestedLoopbb9in->evalNestedLoopreturnin, A: 0 [O(1)]
  2: evalNestedLoopbb9in->evalNestedLoopreturnin, B: 0 [O(1)]
  2: evalNestedLoopbb9in->evalNestedLoopreturnin, C: 0 [O(1)]
  2: evalNestedLoopbb9in->evalNestedLoopreturnin, D: 0 [O(1)]
  2: evalNestedLoopbb9in->evalNestedLoopreturnin, E: -max{0, -E} [O(n)]
  2: evalNestedLoopbb9in->evalNestedLoopreturnin, F: -max{0, -F} [O(n)]
  2: evalNestedLoopbb9in->evalNestedLoopreturnin, G: -max{-1, -G} [O(n)]
  2: evalNestedLoopbb9in->evalNestedLoopreturnin, H: -max{0, -H} [O(n)]
  3: evalNestedLoopbb9in->evalNestedLoopbb10in, A: 1 [O(1)]
  3: evalNestedLoopbb9in->evalNestedLoopbb10in, B: 0 [O(1)]
  3: evalNestedLoopbb9in->evalNestedLoopbb10in, C: 0 [O(1)]
  3: evalNestedLoopbb9in->evalNestedLoopbb10in, D: 0 [O(1)]
  3: evalNestedLoopbb9in->evalNestedLoopbb10in, E: -max{0, -E} [O(n)]
  3: evalNestedLoopbb9in->evalNestedLoopbb10in, F: -max{0, -F} [O(n)]
  3: evalNestedLoopbb9in->evalNestedLoopbb10in, G: -max{-1, -G} [O(n)]
  3: evalNestedLoopbb9in->evalNestedLoopbb10in, H: -max{0, -H} [O(n)]
  1: evalNestedLoopentryin->evalNestedLoopbb9in, A: 0 [O(1)]
  1: evalNestedLoopentryin->evalNestedLoopbb9in, B: 0 [O(1)]
  1: evalNestedLoopentryin->evalNestedLoopbb9in, C: 0 [O(1)]
  1: evalNestedLoopentryin->evalNestedLoopbb9in, D: 0 [O(1)]
  1: evalNestedLoopentryin->evalNestedLoopbb9in, E: E [O(n)]
  1: evalNestedLoopentryin->evalNestedLoopbb9in, F: F [O(n)]
  1: evalNestedLoopentryin->evalNestedLoopbb9in, G: G [O(n)]
  1: evalNestedLoopentryin->evalNestedLoopbb9in, H: H [O(n)]
  20: evalNestedLoopreturnin->evalNestedLoopstop, A: 0 [O(1)]
  20: evalNestedLoopreturnin->evalNestedLoopstop, B: 0 [O(1)]
  20: evalNestedLoopreturnin->evalNestedLoopstop, C: 0 [O(1)]
  20: evalNestedLoopreturnin->evalNestedLoopstop, D: 0 [O(1)]
  20: evalNestedLoopreturnin->evalNestedLoopstop, E: -max{0, -E} [O(n)]
  20: evalNestedLoopreturnin->evalNestedLoopstop, F: -max{0, -F} [O(n)]
  20: evalNestedLoopreturnin->evalNestedLoopstop, G: -max{-1, -G} [O(n)]
  20: evalNestedLoopreturnin->evalNestedLoopstop, H: -max{0, -H} [O(n)]
  0: evalNestedLoopstart->evalNestedLoopentryin, A: A [O(n)]
  0: evalNestedLoopstart->evalNestedLoopentryin, B: B [O(n)]
  0: evalNestedLoopstart->evalNestedLoopentryin, C: C [O(n)]
  0: evalNestedLoopstart->evalNestedLoopentryin, D: D [O(n)]
  0: evalNestedLoopstart->evalNestedLoopentryin, E: E [O(n)]
  0: evalNestedLoopstart->evalNestedLoopentryin, F: F [O(n)]
  0: evalNestedLoopstart->evalNestedLoopentryin, G: G [O(n)]
  0: evalNestedLoopstart->evalNestedLoopentryin, H: H [O(n)]
`Upper:
  4: evalNestedLoopbb10in->evalNestedLoopbb6in, A: A [O(n)]
  4: evalNestedLoopbb10in->evalNestedLoopbb6in, B: B [O(n)]
  4: evalNestedLoopbb10in->evalNestedLoopbb6in, C: C [O(n)]
  4: evalNestedLoopbb10in->evalNestedLoopbb6in, D: max{0, 4*A}+max{0, 3*C} [O(n)]
  4: evalNestedLoopbb10in->evalNestedLoopbb6in, E: 0 [O(1)]
  4: evalNestedLoopbb10in->evalNestedLoopbb6in, F: max{0, 4*A}+max{0, 3*C} [O(n)]
  4: evalNestedLoopbb10in->evalNestedLoopbb6in, G: max{G, max{1, 1+3*A}*max{0, 2*B}} [O(n^2)]
  4: evalNestedLoopbb10in->evalNestedLoopbb6in, H: max{H, max{0, 4*A}+max{0, 3*C}} [O(n)]
  5: evalNestedLoopbb10in->evalNestedLoopbb6in, A: A [O(n)]
  5: evalNestedLoopbb10in->evalNestedLoopbb6in, B: B [O(n)]
  5: evalNestedLoopbb10in->evalNestedLoopbb6in, C: C [O(n)]
  5: evalNestedLoopbb10in->evalNestedLoopbb6in, D: max{0, 4*A}+max{0, 3*C} [O(n)]
  5: evalNestedLoopbb10in->evalNestedLoopbb6in, E: 0 [O(1)]
  5: evalNestedLoopbb10in->evalNestedLoopbb6in, F: max{0, 4*A}+max{0, 3*C} [O(n)]
  5: evalNestedLoopbb10in->evalNestedLoopbb6in, G: max{G, max{1, 1+3*A}*max{0, 2*B}} [O(n^2)]
  5: evalNestedLoopbb10in->evalNestedLoopbb6in, H: max{H, max{0, 4*A}+max{0, 3*C}} [O(n)]
  6: evalNestedLoopbb10in->evalNestedLoopreturnin, A: A [O(n)]
  6: evalNestedLoopbb10in->evalNestedLoopreturnin, B: B [O(n)]
  6: evalNestedLoopbb10in->evalNestedLoopreturnin, C: C [O(n)]
  6: evalNestedLoopbb10in->evalNestedLoopreturnin, D: max{0, 4*A}+max{0, 3*C} [O(n)]
  6: evalNestedLoopbb10in->evalNestedLoopreturnin, E: max{0, E, max{1, 1+3*A}*max{0, 2*B}} [O(n^2)]
  6: evalNestedLoopbb10in->evalNestedLoopreturnin, F: max{F, max{0, 4*A}+max{0, 3*C}} [O(n)]
  6: evalNestedLoopbb10in->evalNestedLoopreturnin, G: max{G, max{1, 1+3*A}*max{0, 2*B}} [O(n^2)]
  6: evalNestedLoopbb10in->evalNestedLoopreturnin, H: max{H, max{0, 4*A}+max{0, 3*C}} [O(n)]
  12: evalNestedLoopbb1in->evalNestedLoopbb3in, A: A [O(n)]
  12: evalNestedLoopbb1in->evalNestedLoopbb3in, B: B [O(n)]
  12: evalNestedLoopbb1in->evalNestedLoopbb3in, C: C [O(n)]
  12: evalNestedLoopbb1in->evalNestedLoopbb3in, D: max{0, 4*A}+max{0, 3*C} [O(n)]
  12: evalNestedLoopbb1in->evalNestedLoopbb3in, E: max{1, 1+3*A}*max{0, 2*B} [O(n^2)]
  12: evalNestedLoopbb1in->evalNestedLoopbb3in, F: max{0, 4*A}+max{0, 3*C} [O(n)]
  12: evalNestedLoopbb1in->evalNestedLoopbb3in, G: max{1, 1+3*A}*max{0, 2*B} [O(n^2)]
  12: evalNestedLoopbb1in->evalNestedLoopbb3in, H: max{0, 4*A}+max{0, 3*C} [O(n)]
  18: evalNestedLoopbb2in->evalNestedLoopbb3in, A: A [O(n)]
  18: evalNestedLoopbb2in->evalNestedLoopbb3in, B: B [O(n)]
  18: evalNestedLoopbb2in->evalNestedLoopbb3in, C: C [O(n)]
  18: evalNestedLoopbb2in->evalNestedLoopbb3in, D: max{0, 4*A}+max{0, 3*C} [O(n)]
  18: evalNestedLoopbb2in->evalNestedLoopbb3in, E: max{1, 1+3*A}*max{0, 2*B} [O(n^2)]
  18: evalNestedLoopbb2in->evalNestedLoopbb3in, F: max{0, 4*A}+max{0, 3*C} [O(n)]
  18: evalNestedLoopbb2in->evalNestedLoopbb3in, G: max{1, 1+3*A}*max{0, 2*B} [O(n^2)]
  18: evalNestedLoopbb2in->evalNestedLoopbb3in, H: max{0, 4*A}+max{0, 3*C} [O(n)]
  13: evalNestedLoopbb3in->evalNestedLoopbb6in, A: A [O(n)]
  13: evalNestedLoopbb3in->evalNestedLoopbb6in, B: B [O(n)]
  13: evalNestedLoopbb3in->evalNestedLoopbb6in, C: C [O(n)]
  13: evalNestedLoopbb3in->evalNestedLoopbb6in, D: max{0, 4*A}+max{0, 3*C} [O(n)]
  13: evalNestedLoopbb3in->evalNestedLoopbb6in, E: max{1, 1+3*A}*max{0, 2*B} [O(n^2)]
  13: evalNestedLoopbb3in->evalNestedLoopbb6in, F: max{0, 4*A}+max{0, 3*C} [O(n)]
  13: evalNestedLoopbb3in->evalNestedLoopbb6in, G: max{1, 1+3*A}*max{0, 2*B} [O(n^2)]
  13: evalNestedLoopbb3in->evalNestedLoopbb6in, H: max{0, 4*A}+max{0, 3*C} [O(n)]
  14: evalNestedLoopbb3in->evalNestedLoopbb4in, A: A [O(n)]
  14: evalNestedLoopbb3in->evalNestedLoopbb4in, B: B [O(n)]
  14: evalNestedLoopbb3in->evalNestedLoopbb4in, C: C [O(n)]
  14: evalNestedLoopbb3in->evalNestedLoopbb4in, D: max{0, 4*A}+max{0, 3*C} [O(n)]
  14: evalNestedLoopbb3in->evalNestedLoopbb4in, E: max{1, 1+3*A}*max{0, 2*B} [O(n^2)]
  14: evalNestedLoopbb3in->evalNestedLoopbb4in, F: max{0, 4*A}+max{0, 3*C} [O(n)]
  14: evalNestedLoopbb3in->evalNestedLoopbb4in, G: max{1, 1+3*A}*max{0, 2*B} [O(n^2)]
  14: evalNestedLoopbb3in->evalNestedLoopbb4in, H: max{0, 4*A}+max{0, 3*C} [O(n)]
  15: evalNestedLoopbb4in->evalNestedLoopbb2in, A: A [O(n)]
  15: evalNestedLoopbb4in->evalNestedLoopbb2in, B: B [O(n)]
  15: evalNestedLoopbb4in->evalNestedLoopbb2in, C: C [O(n)]
  15: evalNestedLoopbb4in->evalNestedLoopbb2in, D: max{0, 4*A}+max{0, 3*C} [O(n)]
  15: evalNestedLoopbb4in->evalNestedLoopbb2in, E: max{1, 1+3*A}*max{0, 2*B} [O(n^2)]
  15: evalNestedLoopbb4in->evalNestedLoopbb2in, F: max{0, 4*A}+max{0, 3*C} [O(n)]
  15: evalNestedLoopbb4in->evalNestedLoopbb2in, G: max{1, 1+3*A}*max{0, 2*B} [O(n^2)]
  15: evalNestedLoopbb4in->evalNestedLoopbb2in, H: max{0, 4*A}+max{0, 3*C} [O(n)]
  16: evalNestedLoopbb4in->evalNestedLoopbb2in, A: A [O(n)]
  16: evalNestedLoopbb4in->evalNestedLoopbb2in, B: B [O(n)]
  16: evalNestedLoopbb4in->evalNestedLoopbb2in, C: C [O(n)]
  16: evalNestedLoopbb4in->evalNestedLoopbb2in, D: max{0, 4*A}+max{0, 3*C} [O(n)]
  16: evalNestedLoopbb4in->evalNestedLoopbb2in, E: max{1, 1+3*A}*max{0, 2*B} [O(n^2)]
  16: evalNestedLoopbb4in->evalNestedLoopbb2in, F: max{0, 4*A}+max{0, 3*C} [O(n)]
  16: evalNestedLoopbb4in->evalNestedLoopbb2in, G: max{1, 1+3*A}*max{0, 2*B} [O(n^2)]
  16: evalNestedLoopbb4in->evalNestedLoopbb2in, H: max{0, 4*A}+max{0, 3*C} [O(n)]
  17: evalNestedLoopbb4in->evalNestedLoopbb6in, A: A [O(n)]
  17: evalNestedLoopbb4in->evalNestedLoopbb6in, B: B [O(n)]
  17: evalNestedLoopbb4in->evalNestedLoopbb6in, C: C [O(n)]
  17: evalNestedLoopbb4in->evalNestedLoopbb6in, D: max{0, 4*A}+max{0, 3*C} [O(n)]
  17: evalNestedLoopbb4in->evalNestedLoopbb6in, E: max{1, 1+3*A}*max{0, 2*B} [O(n^2)]
  17: evalNestedLoopbb4in->evalNestedLoopbb6in, F: max{0, 4*A}+max{0, 3*C} [O(n)]
  17: evalNestedLoopbb4in->evalNestedLoopbb6in, G: max{1, 1+3*A}*max{0, 2*B} [O(n^2)]
  17: evalNestedLoopbb4in->evalNestedLoopbb6in, H: max{0, 4*A}+max{0, 3*C} [O(n)]
  7: evalNestedLoopbb6in->evalNestedLoopbb8in, A: A [O(n)]
  7: evalNestedLoopbb6in->evalNestedLoopbb8in, B: B [O(n)]
  7: evalNestedLoopbb6in->evalNestedLoopbb8in, C: C [O(n)]
  7: evalNestedLoopbb6in->evalNestedLoopbb8in, D: max{0, 4*A}+max{0, 3*C} [O(n)]
  7: evalNestedLoopbb6in->evalNestedLoopbb8in, E: max{0, max{1, 1+3*A}*max{0, 2*B}} [O(n^2)]
  7: evalNestedLoopbb6in->evalNestedLoopbb8in, F: max{0, 4*A}+max{0, 3*C} [O(n)]
  7: evalNestedLoopbb6in->evalNestedLoopbb8in, G: max{G, max{1, 1+3*A}*max{0, 2*B}} [O(n^2)]
  7: evalNestedLoopbb6in->evalNestedLoopbb8in, H: max{H, max{0, 4*A}+max{0, 3*C}} [O(n)]
  8: evalNestedLoopbb6in->evalNestedLoopbb7in, A: A [O(n)]
  8: evalNestedLoopbb6in->evalNestedLoopbb7in, B: B [O(n)]
  8: evalNestedLoopbb6in->evalNestedLoopbb7in, C: C [O(n)]
  8: evalNestedLoopbb6in->evalNestedLoopbb7in, D: max{0, 4*A}+max{0, 3*C} [O(n)]
  8: evalNestedLoopbb6in->evalNestedLoopbb7in, E: max{1, 1+3*A}*max{0, 2*B} [O(n^2)]
  8: evalNestedLoopbb6in->evalNestedLoopbb7in, F: max{0, 4*A}+max{0, 3*C} [O(n)]
  8: evalNestedLoopbb6in->evalNestedLoopbb7in, G: max{G, max{1, 1+3*A}*max{0, 2*B}} [O(n^2)]
  8: evalNestedLoopbb6in->evalNestedLoopbb7in, H: max{H, max{0, 4*A}+max{0, 3*C}} [O(n)]
  9: evalNestedLoopbb7in->evalNestedLoopbb1in, A: A [O(n)]
  9: evalNestedLoopbb7in->evalNestedLoopbb1in, B: B [O(n)]
  9: evalNestedLoopbb7in->evalNestedLoopbb1in, C: C [O(n)]
  9: evalNestedLoopbb7in->evalNestedLoopbb1in, D: max{0, 4*A}+max{0, 3*C} [O(n)]
  9: evalNestedLoopbb7in->evalNestedLoopbb1in, E: max{1, 1+3*A}*max{0, 2*B} [O(n^2)]
  9: evalNestedLoopbb7in->evalNestedLoopbb1in, F: max{0, 4*A}+max{0, 3*C} [O(n)]
  9: evalNestedLoopbb7in->evalNestedLoopbb1in, G: max{G, max{1, 1+3*A}*max{0, 2*B}} [O(n^2)]
  9: evalNestedLoopbb7in->evalNestedLoopbb1in, H: max{H, max{0, 4*A}+max{0, 3*C}} [O(n)]
  10: evalNestedLoopbb7in->evalNestedLoopbb1in, A: A [O(n)]
  10: evalNestedLoopbb7in->evalNestedLoopbb1in, B: B [O(n)]
  10: evalNestedLoopbb7in->evalNestedLoopbb1in, C: C [O(n)]
  10: evalNestedLoopbb7in->evalNestedLoopbb1in, D: max{0, 4*A}+max{0, 3*C} [O(n)]
  10: evalNestedLoopbb7in->evalNestedLoopbb1in, E: max{1, 1+3*A}*max{0, 2*B} [O(n^2)]
  10: evalNestedLoopbb7in->evalNestedLoopbb1in, F: max{0, 4*A}+max{0, 3*C} [O(n)]
  10: evalNestedLoopbb7in->evalNestedLoopbb1in, G: max{G, max{1, 1+3*A}*max{0, 2*B}} [O(n^2)]
  10: evalNestedLoopbb7in->evalNestedLoopbb1in, H: max{H, max{0, 4*A}+max{0, 3*C}} [O(n)]
  11: evalNestedLoopbb7in->evalNestedLoopbb8in, A: A [O(n)]
  11: evalNestedLoopbb7in->evalNestedLoopbb8in, B: B [O(n)]
  11: evalNestedLoopbb7in->evalNestedLoopbb8in, C: C [O(n)]
  11: evalNestedLoopbb7in->evalNestedLoopbb8in, D: max{0, 4*A}+max{0, 3*C} [O(n)]
  11: evalNestedLoopbb7in->evalNestedLoopbb8in, E: max{1, 1+3*A}*max{0, 2*B} [O(n^2)]
  11: evalNestedLoopbb7in->evalNestedLoopbb8in, F: max{0, 4*A}+max{0, 3*C} [O(n)]
  11: evalNestedLoopbb7in->evalNestedLoopbb8in, G: max{G, max{1, 1+3*A}*max{0, 2*B}} [O(n^2)]
  11: evalNestedLoopbb7in->evalNestedLoopbb8in, H: max{H, max{0, 4*A}+max{0, 3*C}} [O(n)]
  19: evalNestedLoopbb8in->evalNestedLoopbb9in, A: A [O(n)]
  19: evalNestedLoopbb8in->evalNestedLoopbb9in, B: B [O(n)]
  19: evalNestedLoopbb8in->evalNestedLoopbb9in, C: C [O(n)]
  19: evalNestedLoopbb8in->evalNestedLoopbb9in, D: max{0, 4*A}+max{0, 3*C} [O(n)]
  19: evalNestedLoopbb8in->evalNestedLoopbb9in, E: max{0, max{1, 1+3*A}*max{0, 2*B}} [O(n^2)]
  19: evalNestedLoopbb8in->evalNestedLoopbb9in, F: max{0, 4*A}+max{0, 3*C} [O(n)]
  19: evalNestedLoopbb8in->evalNestedLoopbb9in, G: max{G, max{1, 1+3*A}*max{0, 2*B}} [O(n^2)]
  19: evalNestedLoopbb8in->evalNestedLoopbb9in, H: max{H, max{0, 4*A}+max{0, 3*C}} [O(n)]
  2: evalNestedLoopbb9in->evalNestedLoopreturnin, A: A [O(n)]
  2: evalNestedLoopbb9in->evalNestedLoopreturnin, B: B [O(n)]
  2: evalNestedLoopbb9in->evalNestedLoopreturnin, C: C [O(n)]
  2: evalNestedLoopbb9in->evalNestedLoopreturnin, D: max{0, max{0, 4*A}+max{0, 3*C}} [O(n)]
  2: evalNestedLoopbb9in->evalNestedLoopreturnin, E: max{0, E, max{1, 1+3*A}*max{0, 2*B}} [O(n^2)]
  2: evalNestedLoopbb9in->evalNestedLoopreturnin, F: max{F, max{0, 4*A}+max{0, 3*C}} [O(n)]
  2: evalNestedLoopbb9in->evalNestedLoopreturnin, G: max{G, G, max{1, 1+3*A}*max{0, 2*B}} [O(n^2)]
  2: evalNestedLoopbb9in->evalNestedLoopreturnin, H: max{H, H, max{0, 4*A}+max{0, 3*C}} [O(n)]
  3: evalNestedLoopbb9in->evalNestedLoopbb10in, A: A [O(n)]
  3: evalNestedLoopbb9in->evalNestedLoopbb10in, B: B [O(n)]
  3: evalNestedLoopbb9in->evalNestedLoopbb10in, C: C [O(n)]
  3: evalNestedLoopbb9in->evalNestedLoopbb10in, D: max{0, 4*A}+max{0, 3*C} [O(n)]
  3: evalNestedLoopbb9in->evalNestedLoopbb10in, E: max{0, E, max{1, 1+3*A}*max{0, 2*B}} [O(n^2)]
  3: evalNestedLoopbb9in->evalNestedLoopbb10in, F: max{F, max{0, 4*A}+max{0, 3*C}} [O(n)]
  3: evalNestedLoopbb9in->evalNestedLoopbb10in, G: max{G, max{1, 1+3*A}*max{0, 2*B}} [O(n^2)]
  3: evalNestedLoopbb9in->evalNestedLoopbb10in, H: max{H, max{0, 4*A}+max{0, 3*C}} [O(n)]
  1: evalNestedLoopentryin->evalNestedLoopbb9in, A: A [O(n)]
  1: evalNestedLoopentryin->evalNestedLoopbb9in, B: B [O(n)]
  1: evalNestedLoopentryin->evalNestedLoopbb9in, C: C [O(n)]
  1: evalNestedLoopentryin->evalNestedLoopbb9in, D: 0 [O(1)]
  1: evalNestedLoopentryin->evalNestedLoopbb9in, E: E [O(n)]
  1: evalNestedLoopentryin->evalNestedLoopbb9in, F: F [O(n)]
  1: evalNestedLoopentryin->evalNestedLoopbb9in, G: G [O(n)]
  1: evalNestedLoopentryin->evalNestedLoopbb9in, H: H [O(n)]
  20: evalNestedLoopreturnin->evalNestedLoopstop, A: A [O(n)]
  20: evalNestedLoopreturnin->evalNestedLoopstop, B: B [O(n)]
  20: evalNestedLoopreturnin->evalNestedLoopstop, C: C [O(n)]
  20: evalNestedLoopreturnin->evalNestedLoopstop, D: max{0, max{0, 4*A}+max{0, 3*C}} [O(n)]
  20: evalNestedLoopreturnin->evalNestedLoopstop, E: max{0, E, max{1, 1+3*A}*max{0, 2*B}} [O(n^2)]
  20: evalNestedLoopreturnin->evalNestedLoopstop, F: max{F, max{0, 4*A}+max{0, 3*C}} [O(n)]
  20: evalNestedLoopreturnin->evalNestedLoopstop, G: max{G, G, max{1, 1+3*A}*max{0, 2*B}} [O(n^2)]
  20: evalNestedLoopreturnin->evalNestedLoopstop, H: max{H, H, max{0, 4*A}+max{0, 3*C}} [O(n)]
  0: evalNestedLoopstart->evalNestedLoopentryin, A: A [O(n)]
  0: evalNestedLoopstart->evalNestedLoopentryin, B: B [O(n)]
  0: evalNestedLoopstart->evalNestedLoopentryin, C: C [O(n)]
  0: evalNestedLoopstart->evalNestedLoopentryin, D: D [O(n)]
  0: evalNestedLoopstart->evalNestedLoopentryin, E: E [O(n)]
  0: evalNestedLoopstart->evalNestedLoopentryin, F: F [O(n)]
  0: evalNestedLoopstart->evalNestedLoopentryin, G: G [O(n)]
  0: evalNestedLoopstart->evalNestedLoopentryin, H: H [O(n)]
