Timebounds: 
  Overall timebound: 1+max{0, 1+A}+max{0, 2+A}+max{0, 1+2*A}+max{0, (1+A)*max{-1, 1+2*(A+max{0, 2+A})}} [O(n^2)]
  0: eval1->eval2: max{0, 2+A} [O(n)]
  1: eval2->eval2: max{0, 1+2*A}+max{0, (1+A)*max{-1, 1+2*(A+max{0, 2+A})}} [O(n^2)]
  2: eval2->eval1: max{0, 1+A} [O(n)]
  3: start->eval1: 1 [O(1)]

Costbounds:
  Overall costbound: 1+max{0, 1+A}+max{0, 2+A}+max{0, 1+2*A}+max{0, (1+A)*max{-1, 1+2*(A+max{0, 2+A})}} [O(n^2)]
  0: eval1->eval2: max{0, 2+A} [O(n)]
  1: eval2->eval2: max{0, 1+2*A}+max{0, (1+A)*max{-1, 1+2*(A+max{0, 2+A})}} [O(n^2)]
  2: eval2->eval1: max{0, 1+A} [O(n)]
  3: start->eval1: 1 [O(1)]

Sizebounds:
`Lower:
  0: eval1->eval2, A: 1 [O(1)]
  0: eval1->eval2, B: 1 [O(1)]
  1: eval2->eval2, A: 1 [O(1)]
  1: eval2->eval2, B: 2 [O(1)]
  2: eval2->eval1, A: -1 [O(1)]
  2: eval2->eval1, B: 2 [O(1)]
  3: start->eval1, A: A [O(n)]
  3: start->eval1, B: B [O(n)]
`Upper:
  0: eval1->eval2, A: A+max{0, 2+A} [O(n)]
  0: eval1->eval2, B: 1 [O(1)]
  1: eval2->eval2, A: A+max{0, 2+A} [O(n)]
  1: eval2->eval2, B: 1+max{0, 1+2*A}+max{0, (1+A)*max{-1, 1+2*(A+max{0, 2+A})}} [O(n^2)]
  2: eval2->eval1, A: A+max{0, 2+A} [O(n)]
  2: eval2->eval1, B: 1+max{0, 1+2*A}+max{0, (1+A)*max{-1, 1+2*(A+max{0, 2+A})}} [O(n^2)]
  3: start->eval1, A: A [O(n)]
  3: start->eval1, B: B [O(n)]
